000 (11451992.062.000) 01/28 14:31:49 Job submitted from host: <188.185.114.121:9618?addrs=188.185.114.121-9618+[2001-1458-d00-a--100-273]-9618&alias=bigbird19.cern.ch&noUDP&sock=schedd_2045_4743>
...
040 (11451992.062.000) 01/28 14:36:15 Started transferring input files
	Transferring to host: <188.185.195.81:9618?addrs=188.185.195.81-9618+[2001-1458-303-22--100-4d]-9618&alias=b9p17p7812.cern.ch&noUDP&sock=slot1_35_2792263_a224_59517>
...
040 (11451992.062.000) 01/28 14:36:15 Finished transferring input files
...
001 (11451992.062.000) 01/28 14:36:16 Job executing on host: <188.185.195.81:9618?addrs=188.185.195.81-9618+[2001-1458-303-22--100-4d]-9618&alias=b9p17p7812.cern.ch&noUDP&sock=startd_8376_d15a>
	SlotName: slot1_35@b9p17p7812.cern.ch
	CondorScratchDir = "/pool/condor/dir_1048754"
	Cpus = 1
	Disk = 3816
	GPUs = 0
	Memory = 3000
...
006 (11451992.062.000) 01/28 14:36:24 Image size of job updated: 11860
	12  -  MemoryUsage of job (MB)
	11860  -  ResidentSetSize of job (KB)
...
006 (11451992.062.000) 01/28 14:41:24 Image size of job updated: 156792
	154  -  MemoryUsage of job (MB)
	156792  -  ResidentSetSize of job (KB)
...
006 (11451992.062.000) 01/28 14:46:25 Image size of job updated: 159792
	157  -  MemoryUsage of job (MB)
	159792  -  ResidentSetSize of job (KB)
...
006 (11451992.062.000) 01/28 14:51:26 Image size of job updated: 162640
	159  -  MemoryUsage of job (MB)
	162640  -  ResidentSetSize of job (KB)
...
006 (11451992.062.000) 01/28 14:56:26 Image size of job updated: 165804
	162  -  MemoryUsage of job (MB)
	165804  -  ResidentSetSize of job (KB)
...
006 (11451992.062.000) 01/28 15:01:27 Image size of job updated: 169040
	166  -  MemoryUsage of job (MB)
	169040  -  ResidentSetSize of job (KB)
...
006 (11451992.062.000) 01/28 15:06:28 Image size of job updated: 172044
	169  -  MemoryUsage of job (MB)
	172044  -  ResidentSetSize of job (KB)
...
006 (11451992.062.000) 01/28 15:11:28 Image size of job updated: 175436
	172  -  MemoryUsage of job (MB)
	175436  -  ResidentSetSize of job (KB)
...
006 (11451992.062.000) 01/28 15:16:28 Image size of job updated: 178108
	174  -  MemoryUsage of job (MB)
	178108  -  ResidentSetSize of job (KB)
...
006 (11451992.062.000) 01/28 15:21:29 Image size of job updated: 181060
	177  -  MemoryUsage of job (MB)
	181060  -  ResidentSetSize of job (KB)
...
006 (11451992.062.000) 01/28 15:26:29 Image size of job updated: 183580
	180  -  MemoryUsage of job (MB)
	183580  -  ResidentSetSize of job (KB)
...
006 (11451992.062.000) 01/28 15:31:29 Image size of job updated: 187216
	183  -  MemoryUsage of job (MB)
	187216  -  ResidentSetSize of job (KB)
...
006 (11451992.062.000) 01/28 15:36:30 Image size of job updated: 191424
	187  -  MemoryUsage of job (MB)
	191424  -  ResidentSetSize of job (KB)
...
006 (11451992.062.000) 01/28 15:41:31 Image size of job updated: 193760
	190  -  MemoryUsage of job (MB)
	193760  -  ResidentSetSize of job (KB)
...
006 (11451992.062.000) 01/28 15:46:31 Image size of job updated: 199464
	195  -  MemoryUsage of job (MB)
	199464  -  ResidentSetSize of job (KB)
...
006 (11451992.062.000) 01/28 15:51:31 Image size of job updated: 208228
	204  -  MemoryUsage of job (MB)
	208228  -  ResidentSetSize of job (KB)
...
006 (11451992.062.000) 01/28 15:56:32 Image size of job updated: 214400
	210  -  MemoryUsage of job (MB)
	214400  -  ResidentSetSize of job (KB)
...
006 (11451992.062.000) 01/28 16:01:32 Image size of job updated: 218972
	214  -  MemoryUsage of job (MB)
	218972  -  ResidentSetSize of job (KB)
...
006 (11451992.062.000) 01/28 16:06:32 Image size of job updated: 223152
	218  -  MemoryUsage of job (MB)
	223152  -  ResidentSetSize of job (KB)
...
006 (11451992.062.000) 01/28 16:11:33 Image size of job updated: 226152
	221  -  MemoryUsage of job (MB)
	226152  -  ResidentSetSize of job (KB)
...
006 (11451992.062.000) 01/28 16:16:34 Image size of job updated: 227700
	223  -  MemoryUsage of job (MB)
	227700  -  ResidentSetSize of job (KB)
...
006 (11451992.062.000) 01/28 16:21:34 Image size of job updated: 229544
	225  -  MemoryUsage of job (MB)
	229544  -  ResidentSetSize of job (KB)
...
006 (11451992.062.000) 01/28 16:26:35 Image size of job updated: 232700
	228  -  MemoryUsage of job (MB)
	232700  -  ResidentSetSize of job (KB)
...
006 (11451992.062.000) 01/28 16:31:36 Image size of job updated: 239960
	235  -  MemoryUsage of job (MB)
	239960  -  ResidentSetSize of job (KB)
...
006 (11451992.062.000) 01/28 16:36:36 Image size of job updated: 243480
	238  -  MemoryUsage of job (MB)
	243480  -  ResidentSetSize of job (KB)
...
006 (11451992.062.000) 01/28 16:41:36 Image size of job updated: 246320
	241  -  MemoryUsage of job (MB)
	246320  -  ResidentSetSize of job (KB)
...
006 (11451992.062.000) 01/28 16:46:37 Image size of job updated: 249144
	244  -  MemoryUsage of job (MB)
	249144  -  ResidentSetSize of job (KB)
...
006 (11451992.062.000) 01/28 16:51:38 Image size of job updated: 251728
	246  -  MemoryUsage of job (MB)
	251728  -  ResidentSetSize of job (KB)
...
006 (11451992.062.000) 01/28 16:56:38 Image size of job updated: 254040
	249  -  MemoryUsage of job (MB)
	254040  -  ResidentSetSize of job (KB)
...
006 (11451992.062.000) 01/28 17:01:39 Image size of job updated: 261776
	256  -  MemoryUsage of job (MB)
	261776  -  ResidentSetSize of job (KB)
...
006 (11451992.062.000) 01/28 17:06:40 Image size of job updated: 265748
	260  -  MemoryUsage of job (MB)
	265748  -  ResidentSetSize of job (KB)
...
006 (11451992.062.000) 01/28 17:11:40 Image size of job updated: 269668
	264  -  MemoryUsage of job (MB)
	269668  -  ResidentSetSize of job (KB)
...
040 (11451992.062.000) 01/28 17:15:45 Started transferring output files
...
040 (11451992.062.000) 01/28 17:15:45 Finished transferring output files
...
005 (11451992.062.000) 01/28 17:15:45 Job terminated.
	(1) Normal termination (return value 0)
		Usr 0 02:28:09, Sys 0 00:00:08  -  Run Remote Usage
		Usr 0 00:00:00, Sys 0 00:00:00  -  Run Local Usage
		Usr 0 02:28:09, Sys 0 00:00:08  -  Total Remote Usage
		Usr 0 00:00:00, Sys 0 00:00:00  -  Total Local Usage
	40692  -  Run Bytes Sent By Job
	5797  -  Run Bytes Received By Job
	40692  -  Total Bytes Sent By Job
	5797  -  Total Bytes Received By Job
	Partitionable Resources :    Usage  Request Allocated 
	   Cpus                 :     0.99        1         1 
	   Disk (KB)            :    67          10      3816 
	   GPUs                 :                           0 
	   Memory (MB)          :   264        3000      3000 

	Job terminated of its own accord at 2025-01-28T16:15:45Z with exit-code 0.
...
