CHANNEL_0_1
           cbragg  cbragg_err   credchi  ...  cdelta_n            cL     timestamp
0     1544.612856    0.000251  0.000047  ...  0.000012  7.675791e+06  1.735394e+09
1     1544.621142    0.000154  0.000058  ...  0.000012  7.674606e+06  1.735394e+09
2     1544.612838    0.000105  0.000047  ...  0.000012  7.675716e+06  1.735394e+09
3     1544.621036    0.000343  0.000056  ...  0.000012  7.676041e+06  1.735394e+09
4     1544.612883    0.000119  0.000047  ...  0.000012  7.676207e+06  1.735394e+09
...           ...         ...       ...  ...       ...           ...           ...
1587  1544.620933    0.000145  0.000058  ...  0.000012  7.666183e+06  1.735410e+09
1588  1544.612783    0.000103  0.000047  ...  0.000012  7.671547e+06  1.735410e+09
1589  1544.621040    0.000140  0.000057  ...  0.000012  7.675330e+06  1.735410e+09
1590  1544.612805    0.000104  0.000048  ...  0.000012  7.665561e+06  1.735410e+09
1591  1544.621074    0.000103  0.000057  ...  0.000012  7.667001e+06  1.735410e+09

[1592 rows x 13 columns]
CHANNEL_0_2
           cbragg  cbragg_err   credchi  ...  cdelta_n            cL     timestamp
0     1545.448660    0.000093  0.000019  ...  0.000012  7.608074e+06  1.735394e+09
1     1545.449919    0.000093  0.000020  ...  0.000012  7.616509e+06  1.735394e+09
2     1545.448855    0.000090  0.000017  ...  0.000012  7.612373e+06  1.735394e+09
3     1545.450038    0.000092  0.000019  ...  0.000012  7.612629e+06  1.735394e+09
4     1545.448793    0.000091  0.000018  ...  0.000012  7.601936e+06  1.735394e+09
...           ...         ...       ...  ...       ...           ...           ...
1587  1545.449642    0.000093  0.000020  ...  0.000012  7.618199e+06  1.735410e+09
1588  1545.448398    0.000093  0.000019  ...  0.000012  7.620646e+06  1.735410e+09
1589  1545.449745    0.000093  0.000020  ...  0.000012  7.606327e+06  1.735410e+09
1590  1545.448392    0.000093  0.000019  ...  0.000012  7.608754e+06  1.735410e+09
1591  1545.449630    0.000097  0.000022  ...  0.000012  7.616696e+06  1.735410e+09

[1592 rows x 13 columns]
CHANNEL_0_3
           cbragg  cbragg_err   credchi  ...  cdelta_n            cL     timestamp
0     1546.154880    0.000105  0.000037  ...  0.000012  7.662083e+06  1.735394e+09
1     1546.163148    0.000106  0.000050  ...  0.000012  7.644075e+06  1.735394e+09
2     1546.154920    0.000107  0.000038  ...  0.000012  7.620110e+06  1.735394e+09
3     1546.163230    0.000105  0.000048  ...  0.000012  7.641369e+06  1.735394e+09
4     1546.155067    0.000109  0.000039  ...  0.000012  7.659170e+06  1.735394e+09
...           ...         ...       ...  ...       ...           ...           ...
1587  1546.162058    0.000110  0.000053  ...  0.000012  7.634761e+06  1.735410e+09
1588  1546.153706    0.000162  0.000086  ...  0.000012  7.877995e+06  1.735410e+09
1589  1546.161983    0.000105  0.000048  ...  0.000012  7.631875e+06  1.735410e+09
1590  1546.153909    0.000109  0.000039  ...  0.000012  7.647657e+06  1.735410e+09
1591  1546.162309    0.000108  0.000051  ...  0.000012  7.625703e+06  1.735410e+09

[1592 rows x 13 columns]
CHANNEL_0_4
           cbragg  cbragg_err   credchi  ...  cdelta_n            cL     timestamp
0     1547.114022    0.000115  0.000048  ...  0.000012  7.846923e+06  1.735394e+09
1     1547.114966    0.000115  0.000051  ...  0.000012  7.869464e+06  1.735394e+09
2     1547.114105    0.000116  0.000048  ...  0.000012  7.852855e+06  1.735394e+09
3     1547.115061    0.000114  0.000050  ...  0.000012  7.859346e+06  1.735394e+09
4     1547.114069    0.000115  0.000048  ...  0.000012  7.852686e+06  1.735394e+09
...           ...         ...       ...  ...       ...           ...           ...
1587  1547.115180    0.000113  0.000049  ...  0.000012  7.872273e+06  1.735410e+09
1588  1547.114073    0.000116  0.000049  ...  0.000012  7.855255e+06  1.735410e+09
1589  1547.115176    0.000114  0.000051  ...  0.000012  7.864700e+06  1.735410e+09
1590  1547.114095    0.000117  0.000049  ...  0.000012  7.857714e+06  1.735410e+09
1591  1547.115168    0.000114  0.000051  ...  0.000012  7.866376e+06  1.735410e+09

[1592 rows x 13 columns]
CHANNEL_0_5
           cbragg  cbragg_err   credchi  ...  cdelta_n            cL     timestamp
0     1548.087785    0.000091  0.000041  ...  0.000012  7.682284e+06  1.735394e+09
1     1548.092379    0.000113  0.000051  ...  0.000012  7.740188e+06  1.735394e+09
2     1548.087863    0.000090  0.000040  ...  0.000012  7.687887e+06  1.735394e+09
3     1548.092175    0.000091  0.000035  ...  0.000012  7.693681e+06  1.735394e+09
4     1548.087767    0.000103  0.000054  ...  0.000012  7.845715e+06  1.735394e+09
...           ...         ...       ...  ...       ...           ...           ...
1587  1548.092350    0.000096  0.000038  ...  0.000012  7.696490e+06  1.735410e+09
1588  1548.087911    0.000092  0.000041  ...  0.000012  7.692930e+06  1.735410e+09
1589  1548.092466    0.000095  0.000038  ...  0.000012  7.692784e+06  1.735410e+09
1590  1548.087898    0.000092  0.000042  ...  0.000012  7.692687e+06  1.735410e+09
1591  1548.092435    0.000102  0.000043  ...  0.000012  7.744338e+06  1.735410e+09

[1592 rows x 13 columns]
CHANNEL_0_6
           cbragg  cbragg_err   credchi  ...  cdelta_n            cL     timestamp
0     1549.065803    0.000078  0.000023  ...  0.000012  7.572648e+06  1.735394e+09
1     1549.074891    0.000083  0.000044  ...  0.000012  7.461321e+06  1.735394e+09
2     1549.065746    0.000158  0.000100  ...  0.000012  7.896774e+06  1.735394e+09
3     1549.074780    0.000082  0.000043  ...  0.000012  7.471309e+06  1.735394e+09
4     1549.065758    0.000081  0.000025  ...  0.000012  7.591518e+06  1.735394e+09
...           ...         ...       ...  ...       ...           ...           ...
1587  1549.075090    0.000082  0.000044  ...  0.000012  7.462342e+06  1.735410e+09
1588  1549.065822    0.000122  0.000061  ...  0.000012  7.860878e+06  1.735410e+09
1589  1549.075074    0.000081  0.000043  ...  0.000012  7.484970e+06  1.735410e+09
1590  1549.065940    0.000079  0.000024  ...  0.000012  7.614061e+06  1.735410e+09
1591  1549.075076    0.000081  0.000043  ...  0.000012  7.466568e+06  1.735410e+09

[1592 rows x 13 columns]
CHANNEL_0_7
           cbragg  cbragg_err   credchi  ...  cdelta_n            cL     timestamp
0     1550.070925    0.000126  0.000047  ...  0.000012  7.593145e+06  1.735394e+09
1     1550.072583    0.000137  0.000059  ...  0.000012  7.792230e+06  1.735394e+09
2     1550.070848    0.000127  0.000048  ...  0.000012  7.653874e+06  1.735394e+09
3     1550.072490    0.000125  0.000048  ...  0.000012  7.612849e+06  1.735394e+09
4     1550.070972    0.000125  0.000047  ...  0.000012  7.581768e+06  1.735394e+09
...           ...         ...       ...  ...       ...           ...           ...
1587  1550.072733    0.000126  0.000049  ...  0.000012  7.644787e+06  1.735410e+09
1588  1550.071041    0.000125  0.000047  ...  0.000012  7.575872e+06  1.735410e+09
1589  1550.072810    0.000132  0.000054  ...  0.000012  7.732516e+06  1.735410e+09
1590  1550.071216    0.000125  0.000046  ...  0.000012  7.594086e+06  1.735410e+09
1591  1550.072978    0.000125  0.000048  ...  0.000012  7.628420e+06  1.735410e+09

[1592 rows x 13 columns]
CHANNEL_0_8
           cbragg  cbragg_err   credchi  ...  cdelta_n            cL     timestamp
0     1551.045879    0.000072  0.000015  ...  0.000012  7.608660e+06  1.735394e+09
1     1551.052367    0.000073  0.000018  ...  0.000012  7.624165e+06  1.735394e+09
2     1551.045975    0.000073  0.000016  ...  0.000012  7.608610e+06  1.735394e+09
3     1551.052429    0.000074  0.000018  ...  0.000012  7.626783e+06  1.735394e+09
4     1551.045952    0.000073  0.000016  ...  0.000012  7.604948e+06  1.735394e+09
...           ...         ...       ...  ...       ...           ...           ...
1587  1551.053158    0.000074  0.000018  ...  0.000012  7.622001e+06  1.735410e+09
1588  1551.046535    0.000073  0.000015  ...  0.000012  7.614607e+06  1.735410e+09
1589  1551.053110    0.000073  0.000018  ...  0.000012  7.623789e+06  1.735410e+09
1590  1551.046515    0.000073  0.000016  ...  0.000012  7.606779e+06  1.735410e+09
1591  1551.053241    0.000074  0.000018  ...  0.000012  7.622580e+06  1.735410e+09

[1592 rows x 13 columns]
CHANNEL_0_9
           cbragg  cbragg_err   credchi  ...  cdelta_n            cL     timestamp
0     1552.027358    0.000092  0.000016  ...  0.000012  7.709221e+06  1.735394e+09
1     1552.036436    0.000090  0.000029  ...  0.000012  7.665859e+06  1.735394e+09
2     1552.027296    0.000090  0.000016  ...  0.000012  7.730702e+06  1.735394e+09
3     1552.036413    0.000090  0.000029  ...  0.000012  7.668910e+06  1.735394e+09
4     1552.027354    0.000093  0.000017  ...  0.000012  7.718371e+06  1.735394e+09
...           ...         ...       ...  ...       ...           ...           ...
1587  1552.037019    0.000089  0.000029  ...  0.000012  7.666967e+06  1.735410e+09
1588  1552.027844    0.000091  0.000016  ...  0.000012  7.719185e+06  1.735410e+09
1589  1552.037035    0.000089  0.000029  ...  0.000012  7.673385e+06  1.735410e+09
1590  1552.027887    0.000092  0.000017  ...  0.000012  7.714002e+06  1.735410e+09
1591  1552.037082    0.000089  0.000029  ...  0.000012  7.668244e+06  1.735410e+09

[1592 rows x 13 columns]
CHANNEL_0_10
           cbragg  cbragg_err   credchi  ...  cdelta_n            cL     timestamp
0     1553.037301    0.000091  0.000021  ...  0.000012  7.633431e+06  1.735394e+09
1     1553.037231    0.000092  0.000016  ...  0.000012  7.740512e+06  1.735394e+09
2     1553.037311    0.000091  0.000020  ...  0.000012  7.678955e+06  1.735394e+09
3     1553.037328    0.000110  0.000023  ...  0.000012  7.519768e+06  1.735394e+09
4     1553.037307    0.000107  0.000028  ...  0.000012  7.546227e+06  1.735394e+09
...           ...         ...       ...  ...       ...           ...           ...
1587  1553.037945    0.000092  0.000016  ...  0.000012  7.729116e+06  1.735410e+09
1588  1553.037911    0.000094  0.000022  ...  0.000012  7.690246e+06  1.735410e+09
1589  1553.038016    0.000154  0.000042  ...  0.000012  7.326343e+06  1.735410e+09
1590  1553.037997    0.000093  0.000021  ...  0.000012  7.672165e+06  1.735410e+09
1591  1553.038017    0.000095  0.000017  ...  0.000012  7.723112e+06  1.735410e+09

[1592 rows x 13 columns]
CHANNEL_0_11
           cbragg  cbragg_err   credchi  ...  cdelta_n            cL     timestamp
0     1554.042170    0.000073  0.000008  ...  0.000012  7.702296e+06  1.735394e+09
1     1554.050803    0.000072  0.000014  ...  0.000012  7.652568e+06  1.735394e+09
2     1554.042130    0.000070  0.000008  ...  0.000012  7.694383e+06  1.735394e+09
3     1554.050845    0.000070  0.000014  ...  0.000012  7.643048e+06  1.735394e+09
4     1554.042223    0.000116  0.000020  ...  0.000012  7.398454e+06  1.735394e+09
...           ...         ...       ...  ...       ...           ...           ...
1587  1554.051624    0.000069  0.000013  ...  0.000012  7.645312e+06  1.735410e+09
1588  1554.042846    0.000073  0.000008  ...  0.000012  7.656073e+06  1.735410e+09
1589  1554.051592    0.000071  0.000014  ...  0.000012  7.648303e+06  1.735410e+09
1590  1554.042829    0.000075  0.000009  ...  0.000012  7.696174e+06  1.735410e+09
1591  1554.051741    0.000069  0.000013  ...  0.000012  7.649522e+06  1.735410e+09

[1592 rows x 13 columns]
CHANNEL_0_12
           cbragg  cbragg_err   credchi  ...  cdelta_n            cL     timestamp
0     1555.070595    0.000118  0.000048  ...  0.000012  7.497704e+06  1.735394e+09
1     1555.071483    0.000117  0.000046  ...  0.000012  7.522836e+06  1.735394e+09
2     1555.070601    0.000121  0.000051  ...  0.000012  7.557642e+06  1.735394e+09
3     1555.071533    0.000118  0.000046  ...  0.000012  7.514897e+06  1.735394e+09
4     1555.070604    0.000122  0.000054  ...  0.000012  7.609275e+06  1.735394e+09
...           ...         ...       ...  ...       ...           ...           ...
1587  1555.072196    0.000119  0.000047  ...  0.000012  7.516112e+06  1.735410e+09
1588  1555.071178    0.000162  0.000093  ...  0.000012  7.738405e+06  1.735410e+09
1589  1555.072270    0.000118  0.000046  ...  0.000012  7.504745e+06  1.735410e+09
1590  1555.071228    0.000120  0.000050  ...  0.000012  7.552523e+06  1.735410e+09
1591  1555.072319    0.000118  0.000046  ...  0.000012  7.501069e+06  1.735410e+09

[1592 rows x 13 columns]
CHANNEL_0_13
           cbragg  cbragg_err   credchi  ...  cdelta_n            cL     timestamp
0     1556.042878    0.000140  0.000036  ...  0.000012  7.667672e+06  1.735394e+09
1     1556.050082    0.000141  0.000047  ...  0.000012  7.695731e+06  1.735394e+09
2     1556.042814    0.000141  0.000037  ...  0.000012  7.672423e+06  1.735394e+09
3     1556.050109    0.000140  0.000047  ...  0.000012  7.687208e+06  1.735394e+09
4     1556.042716    0.000142  0.000037  ...  0.000012  7.677692e+06  1.735394e+09
...           ...         ...       ...  ...       ...           ...           ...
1587  1556.050835    0.000137  0.000045  ...  0.000012  7.691244e+06  1.735410e+09
1588  1556.043525    0.000143  0.000038  ...  0.000012  7.660009e+06  1.735410e+09
1589  1556.050880    0.000136  0.000044  ...  0.000012  7.690569e+06  1.735410e+09
1590  1556.043556    0.000143  0.000038  ...  0.000012  7.669844e+06  1.735410e+09
1591  1556.050943    0.000137  0.000045  ...  0.000012  7.637144e+06  1.735410e+09

[1592 rows x 13 columns]
CHANNEL_0_14
           cbragg  cbragg_err   credchi  ...  cdelta_n            cL     timestamp
0     1557.015416    0.000100  0.000028  ...  0.000012  7.645603e+06  1.735394e+09
1     1557.018870    0.000102  0.000038  ...  0.000012  7.608539e+06  1.735394e+09
2     1557.015384    0.000099  0.000028  ...  0.000012  7.650390e+06  1.735394e+09
3     1557.018930    0.000103  0.000039  ...  0.000012  7.656978e+06  1.735394e+09
4     1557.015359    0.000100  0.000028  ...  0.000012  7.651653e+06  1.735394e+09
...           ...         ...       ...  ...       ...           ...           ...
1587  1557.019514    0.000143  0.000076  ...  0.000012  7.853809e+06  1.735410e+09
1588  1557.015930    0.000100  0.000028  ...  0.000012  7.646753e+06  1.735410e+09
1589  1557.019497    0.000102  0.000038  ...  0.000012  7.629571e+06  1.735410e+09
1590  1557.015992    0.000100  0.000028  ...  0.000012  7.647005e+06  1.735410e+09
1591  1557.019658    0.000103  0.000039  ...  0.000012  7.658128e+06  1.735410e+09

[1592 rows x 13 columns]
CHANNEL_1_1
           cbragg  cbragg_err   credchi  ...  cdelta_n            cL     timestamp
0     1556.175196    0.000828  0.000413  ...  0.000012  2.302331e+06  1.735394e+09
1     1556.174231    0.000474  0.000279  ...  0.000012  2.970878e+06  1.735394e+09
2     1556.173288    0.000883  0.001148  ...  0.000012  3.185864e+06  1.735394e+09
3     1556.174218    0.000941  0.001299  ...  0.000012  3.229466e+06  1.735394e+09
4     1556.172584    0.001282  0.003465  ...  0.000012  3.628113e+06  1.735394e+09
...           ...         ...       ...  ...       ...           ...           ...
1587  1556.173975    0.000204  0.000043  ...  0.000012  2.786233e+06  1.735410e+09
1588  1556.173667    0.000579  0.000469  ...  0.000012  3.046911e+06  1.735410e+09
1589  1556.174025    0.000485  0.000157  ...  0.000012  2.423917e+06  1.735410e+09
1590  1556.174271    0.000070  0.000005  ...  0.000012  2.686999e+06  1.735410e+09
1591  1556.174038    0.000489  0.000296  ...  0.000012  2.967611e+06  1.735410e+09

[1592 rows x 13 columns]
CHANNEL_1_2
           cbragg  cbragg_err   credchi  ...  cdelta_n            cL     timestamp
0     1558.198935    0.001210  0.003902  ...  0.000012  3.641983e+06  1.735394e+09
1     1558.202201    0.000194  0.000062  ...  0.000012  2.913914e+06  1.735394e+09
2     1558.199835    0.000124  0.000022  ...  0.000012  2.806741e+06  1.735394e+09
3     1558.202640    0.000137  0.000026  ...  0.000012  2.748217e+06  1.735394e+09
4     1558.199875    0.000131  0.000024  ...  0.000012  2.796551e+06  1.735394e+09
...           ...         ...       ...  ...       ...           ...           ...
1587  1558.203098    0.000160  0.000037  ...  0.000012  2.765536e+06  1.735410e+09
1588  1558.200220    0.000125  0.000022  ...  0.000012  2.803289e+06  1.735410e+09
1589  1558.203117    0.000176  0.000045  ...  0.000012  2.779095e+06  1.735410e+09
1590  1558.200413    0.000123  0.000022  ...  0.000012  2.796692e+06  1.735410e+09
1591  1558.203395    0.000260  0.000088  ...  0.000012  2.672242e+06  1.735410e+09

[1592 rows x 13 columns]
CHANNEL_1_3
           cbragg  cbragg_err   credchi  ...  cdelta_n            cL     timestamp
0     1561.016238    0.000643  0.000937  ...  0.000012  3.360207e+06  1.735394e+09
1     1561.012810    0.000075  0.000009  ...  0.000012  2.928382e+06  1.735394e+09
2     1561.016644    0.000119  0.000024  ...  0.000012  2.996932e+06  1.735394e+09
3     1561.012853    0.000260  0.000096  ...  0.000012  2.779745e+06  1.735394e+09
4     1561.016598    0.000998  0.002848  ...  0.000012  3.694758e+06  1.735394e+09
...           ...         ...       ...  ...       ...           ...           ...
1587  1561.013623    0.000077  0.000010  ...  0.000012  2.928501e+06  1.735410e+09
1588  1561.017243    0.000079  0.000010  ...  0.000012  2.885394e+06  1.735410e+09
1589  1561.013725    0.000382  0.000303  ...  0.000012  3.195258e+06  1.735410e+09
1590  1561.017526    0.000067  0.000007  ...  0.000012  2.914470e+06  1.735410e+09
1591  1561.013904    0.000048  0.000004  ...  0.000012  2.925028e+06  1.735410e+09

[1592 rows x 13 columns]
CHANNEL_2_1
           cbragg  cbragg_err   credchi  ...  cdelta_n            cL     timestamp
0     1543.595136    0.000083  0.000007  ...  0.000012  2.767882e+06  1.735394e+09
1     1543.594171    0.000079  0.000006  ...  0.000012  2.769191e+06  1.735394e+09
2     1543.594879    0.000090  0.000007  ...  0.000012  2.766985e+06  1.735394e+09
3     1543.593894    0.000076  0.000006  ...  0.000012  2.769563e+06  1.735394e+09
4     1543.595096    0.000092  0.000006  ...  0.000012  2.767737e+06  1.735394e+09
...           ...         ...       ...  ...       ...           ...           ...
1587  1543.593822    0.000076  0.000006  ...  0.000012  2.770097e+06  1.735410e+09
1588  1543.594751    0.000088  0.000006  ...  0.000012  2.768567e+06  1.735410e+09
1589  1543.593712    0.000077  0.000006  ...  0.000012  2.770184e+06  1.735410e+09
1590  1543.594451    0.000081  0.000006  ...  0.000012  2.769541e+06  1.735410e+09
1591  1543.593464    0.000088  0.000006  ...  0.000012  2.770411e+06  1.735410e+09

[1592 rows x 13 columns]
CHANNEL_2_2
           cbragg  cbragg_err   credchi  ...  cdelta_n            cL     timestamp
0     1545.920307    0.001146  0.002173  ...  0.000012  3.540886e+06  1.735394e+09
1     1545.923866    0.000791  0.000728  ...  0.000012  3.129342e+06  1.735394e+09
2     1545.923267    0.000131  0.000013  ...  0.000012  2.661766e+06  1.735394e+09
3     1545.924879    0.000119  0.000011  ...  0.000012  2.688091e+06  1.735394e+09
4     1545.923598    0.000158  0.000018  ...  0.000012  2.624589e+06  1.735394e+09
...           ...         ...       ...  ...       ...           ...           ...
1587  1545.923682    0.001155  0.001693  ...  0.000012  3.305198e+06  1.735410e+09
1588  1545.921684    0.000864  0.001044  ...  0.000012  3.290413e+06  1.735410e+09
1589  1545.925377    0.000125  0.000012  ...  0.000012  2.683168e+06  1.735410e+09
1590  1545.923845    0.000126  0.000012  ...  0.000012  2.680547e+06  1.735410e+09
1591  1545.925399    0.000119  0.000011  ...  0.000012  2.694698e+06  1.735410e+09

[1592 rows x 13 columns]
CHANNEL_2_3
           cbragg  cbragg_err   credchi  ...  cdelta_n            cL     timestamp
0     1548.519860    0.000102  0.000011  ...  0.000012  2.915055e+06  1.735394e+09
1     1548.521672    0.000614  0.000579  ...  0.000012  3.319009e+06  1.735394e+09
2     1548.520117    0.000096  0.000010  ...  0.000012  2.889172e+06  1.735394e+09
3     1548.521455    0.000136  0.000021  ...  0.000012  2.961566e+06  1.735394e+09
4     1548.520505    0.000163  0.000029  ...  0.000012  2.882931e+06  1.735394e+09
...           ...         ...       ...  ...       ...           ...           ...
1587  1548.522216    0.000102  0.000011  ...  0.000012  2.880533e+06  1.735410e+09
1588  1548.521010    0.000105  0.000012  ...  0.000012  2.873601e+06  1.735410e+09
1589  1548.522150    0.001140  0.002431  ...  0.000012  3.701070e+06  1.735410e+09
1590  1548.521135    0.000192  0.000010  ...  0.000012  2.880500e+06  1.735410e+09
1591  1548.522971    0.000259  0.000083  ...  0.000012  3.053464e+06  1.735410e+09

[1592 rows x 13 columns]
CHANNEL_3_1
           cbragg  cbragg_err   credchi  ...  cdelta_n            cL     timestamp
0     1544.136913    0.000113  0.000028  ...  0.000012  7.763912e+06  1.735394e+09
1     1544.133336    0.000119  0.000020  ...  0.000012  7.805124e+06  1.735394e+09
2     1544.136860    0.000117  0.000028  ...  0.000012  7.773430e+06  1.735394e+09
3     1544.133281    0.000118  0.000020  ...  0.000012  7.815860e+06  1.735394e+09
4     1544.136967    0.000112  0.000028  ...  0.000012  7.754884e+06  1.735394e+09
...           ...         ...       ...  ...       ...           ...           ...
1587  1544.133110    0.000118  0.000019  ...  0.000012  7.813543e+06  1.735410e+09
1588  1544.136706    0.000183  0.000026  ...  0.000012  7.769841e+06  1.735410e+09
1589  1544.133295    0.000204  0.000019  ...  0.000012  7.813147e+06  1.735410e+09
1590  1544.136715    0.000228  0.000028  ...  0.000012  7.766010e+06  1.735410e+09
1591  1544.133187    0.000124  0.000020  ...  0.000012  7.819999e+06  1.735410e+09

[1592 rows x 13 columns]
CHANNEL_3_2
           cbragg  cbragg_err   credchi  ...  cdelta_n            cL     timestamp
0     1545.033712    0.000139  0.000023  ...  0.000012  7.895532e+06  1.735394e+09
1     1545.043702    0.000112  0.000040  ...  0.000012  7.808723e+06  1.735394e+09
2     1545.033803    0.000116  0.000023  ...  0.000012  7.886019e+06  1.735394e+09
3     1545.043882    0.000111  0.000039  ...  0.000012  7.809143e+06  1.735394e+09
4     1545.033884    0.000115  0.000023  ...  0.000012  7.899959e+06  1.735394e+09
...           ...         ...       ...  ...       ...           ...           ...
1587  1545.043274    0.000230  0.000040  ...  0.000012  7.812678e+06  1.735410e+09
1588  1545.033203    0.000218  0.000022  ...  0.000012  7.891537e+06  1.735410e+09
1589  1545.043299    0.000115  0.000040  ...  0.000012  7.817233e+06  1.735410e+09
1590  1545.033231    0.000125  0.000022  ...  0.000012  7.871079e+06  1.735410e+09
1591  1545.043381    0.000109  0.000038  ...  0.000012  7.817828e+06  1.735410e+09

[1592 rows x 13 columns]
CHANNEL_3_3
           cbragg  cbragg_err   credchi  ...  cdelta_n            cL     timestamp
0     1545.760630    0.000106  0.000032  ...  0.000012  7.573615e+06  1.735394e+09
1     1545.761050    0.000112  0.000025  ...  0.000012  7.607242e+06  1.735394e+09
2     1545.760681    0.000107  0.000033  ...  0.000012  7.603412e+06  1.735394e+09
3     1545.761043    0.000116  0.000026  ...  0.000012  7.582833e+06  1.735394e+09
4     1545.760895    0.000108  0.000033  ...  0.000012  7.549658e+06  1.735394e+09
...           ...         ...       ...  ...       ...           ...           ...
1587  1545.759790    0.000115  0.000026  ...  0.000012  7.595490e+06  1.735410e+09
1588  1545.759149    0.000106  0.000032  ...  0.000012  7.560823e+06  1.735410e+09
1589  1545.759759    0.000111  0.000024  ...  0.000012  7.581630e+06  1.735410e+09
1590  1545.759509    0.000119  0.000041  ...  0.000012  7.707425e+06  1.735410e+09
1591  1545.759878    0.000113  0.000025  ...  0.000012  7.578259e+06  1.735410e+09

[1592 rows x 13 columns]
CHANNEL_3_4
           cbragg  cbragg_err   credchi  ...  cdelta_n            cL     timestamp
0     1546.682507    0.000100  0.000018  ...  0.000012  7.788687e+06  1.735394e+09
1     1546.689474    0.000099  0.000027  ...  0.000012  7.725475e+06  1.735394e+09
2     1546.682618    0.000099  0.000017  ...  0.000012  7.789889e+06  1.735394e+09
3     1546.689489    0.000098  0.000027  ...  0.000012  7.733335e+06  1.735394e+09
4     1546.682597    0.000116  0.000025  ...  0.000012  7.955686e+06  1.735394e+09
...           ...         ...       ...  ...       ...           ...           ...
1587  1546.689636    0.000099  0.000028  ...  0.000012  7.760272e+06  1.735410e+09
1588  1546.682787    0.000098  0.000017  ...  0.000012  7.737484e+06  1.735410e+09
1589  1546.689635    0.000098  0.000027  ...  0.000012  7.726927e+06  1.735410e+09
1590  1546.682776    0.000098  0.000017  ...  0.000012  7.788648e+06  1.735410e+09
1591  1546.689649    0.000098  0.000027  ...  0.000012  7.730909e+06  1.735410e+09

[1592 rows x 13 columns]
CHANNEL_3_5
           cbragg  cbragg_err   credchi  ...  cdelta_n            cL     timestamp
0     1547.703098    0.000078  0.000015  ...  0.000012  7.583886e+06  1.735394e+09
1     1547.708645    0.000080  0.000013  ...  0.000012  7.609268e+06  1.735394e+09
2     1547.703170    0.000077  0.000015  ...  0.000012  7.581008e+06  1.735394e+09
3     1547.708661    0.000077  0.000013  ...  0.000012  7.624037e+06  1.735394e+09
4     1547.703196    0.000077  0.000015  ...  0.000012  7.582888e+06  1.735394e+09
...           ...         ...       ...  ...       ...           ...           ...
1587  1547.708852    0.000081  0.000014  ...  0.000012  7.614873e+06  1.735410e+09
1588  1547.703160    0.000076  0.000015  ...  0.000012  7.592356e+06  1.735410e+09
1589  1547.708868    0.000079  0.000013  ...  0.000012  7.624258e+06  1.735410e+09
1590  1547.703139    0.000076  0.000014  ...  0.000012  7.589656e+06  1.735410e+09
1591  1547.708862    0.000079  0.000013  ...  0.000012  7.625083e+06  1.735410e+09

[1592 rows x 13 columns]
CHANNEL_3_6
           cbragg  cbragg_err   credchi  ...  cdelta_n            cL     timestamp
0     1548.691788    0.000081  0.000015  ...  0.000012  7.760685e+06  1.735394e+09
1     1548.692993    0.000082  0.000016  ...  0.000012  7.759320e+06  1.735394e+09
2     1548.691792    0.000081  0.000015  ...  0.000012  7.756554e+06  1.735394e+09
3     1548.693011    0.000081  0.000016  ...  0.000012  7.766893e+06  1.735394e+09
4     1548.691779    0.000082  0.000016  ...  0.000012  7.757539e+06  1.735394e+09
...           ...         ...       ...  ...       ...           ...           ...
1587  1548.693129    0.000081  0.000016  ...  0.000012  7.758643e+06  1.735410e+09
1588  1548.691839    0.000080  0.000015  ...  0.000012  7.759890e+06  1.735410e+09
1589  1548.693093    0.000081  0.000016  ...  0.000012  7.764761e+06  1.735410e+09
1590  1548.691873    0.000082  0.000015  ...  0.000012  7.673924e+06  1.735410e+09
1591  1548.693156    0.000082  0.000016  ...  0.000012  7.766801e+06  1.735410e+09

[1592 rows x 13 columns]
CHANNEL_3_7
           cbragg  cbragg_err   credchi  ...  cdelta_n            cL     timestamp
0     1549.706707    0.000087  0.000014  ...  0.000012  7.583629e+06  1.735394e+09
1     1549.716088    0.000087  0.000020  ...  0.000012  7.576687e+06  1.735394e+09
2     1549.706686    0.000088  0.000015  ...  0.000012  7.585386e+06  1.735394e+09
3     1549.715957    0.000088  0.000021  ...  0.000012  7.592106e+06  1.735394e+09
4     1549.706618    0.000087  0.000014  ...  0.000012  7.602009e+06  1.735394e+09
...           ...         ...       ...  ...       ...           ...           ...
1587  1549.716242    0.000088  0.000021  ...  0.000012  7.591560e+06  1.735410e+09
1588  1549.706637    0.000088  0.000015  ...  0.000012  7.594603e+06  1.735410e+09
1589  1549.716264    0.000088  0.000021  ...  0.000012  7.532936e+06  1.735410e+09
1590  1549.706657    0.000087  0.000014  ...  0.000012  7.607804e+06  1.735410e+09
1591  1549.716258    0.000089  0.000021  ...  0.000012  7.584604e+06  1.735410e+09

[1592 rows x 13 columns]
CHANNEL_3_8
           cbragg  cbragg_err   credchi  ...  cdelta_n            cL     timestamp
0     1550.669362    0.000091  0.000017  ...  0.000012  7.630249e+06  1.735394e+09
1     1550.664996    0.000095  0.000014  ...  0.000012  7.666163e+06  1.735394e+09
2     1550.669554    0.000123  0.000030  ...  0.000012  7.348899e+06  1.735394e+09
3     1550.665036    0.000094  0.000014  ...  0.000012  7.652897e+06  1.735394e+09
4     1550.669466    0.000089  0.000017  ...  0.000012  7.633509e+06  1.735394e+09
...           ...         ...       ...  ...       ...           ...           ...
1587  1550.665762    0.000096  0.000015  ...  0.000012  7.653679e+06  1.735410e+09
1588  1550.669994    0.000090  0.000017  ...  0.000012  7.628138e+06  1.735410e+09
1589  1550.665749    0.000096  0.000014  ...  0.000012  7.660393e+06  1.735410e+09
1590  1550.670029    0.000090  0.000017  ...  0.000012  7.631070e+06  1.735410e+09
1591  1550.665906    0.000093  0.000014  ...  0.000012  7.601082e+06  1.735410e+09

[1592 rows x 13 columns]
CHANNEL_3_9
           cbragg  cbragg_err   credchi  ...  cdelta_n            cL     timestamp
0     1551.659307    0.000094  0.000011  ...  0.000012  7.686284e+06  1.735394e+09
1     1551.667476    0.000090  0.000018  ...  0.000012  7.627414e+06  1.735394e+09
2     1551.659363    0.000094  0.000011  ...  0.000012  7.747687e+06  1.735394e+09
3     1551.667559    0.000091  0.000018  ...  0.000012  7.665666e+06  1.735394e+09
4     1551.659449    0.000095  0.000011  ...  0.000012  7.733869e+06  1.735394e+09
...           ...         ...       ...  ...       ...           ...           ...
1587  1551.668286    0.000091  0.000019  ...  0.000012  7.672978e+06  1.735410e+09
1588  1551.660080    0.000245  0.000067  ...  0.000012  7.095881e+06  1.735410e+09
1589  1551.668337    0.000092  0.000019  ...  0.000012  7.681133e+06  1.735410e+09
1590  1551.660220    0.000236  0.000062  ...  0.000012  7.110105e+06  1.735410e+09
1591  1551.668422    0.000090  0.000018  ...  0.000012  7.677305e+06  1.735410e+09

[1592 rows x 13 columns]
CHANNEL_3_10
           cbragg  cbragg_err   credchi  ...  cdelta_n            cL     timestamp
0     1552.673343    0.000101  0.000020  ...  0.000012  7.736067e+06  1.735394e+09
1     1552.668007    0.000113  0.000014  ...  0.000012  7.760604e+06  1.735394e+09
2     1552.673377    0.000102  0.000021  ...  0.000012  7.701376e+06  1.735394e+09
3     1552.668018    0.000113  0.000014  ...  0.000012  7.745974e+06  1.735394e+09
4     1552.673415    0.000102  0.000021  ...  0.000012  7.713606e+06  1.735394e+09
...           ...         ...       ...  ...       ...           ...           ...
1587  1552.668821    0.000111  0.000013  ...  0.000012  7.774970e+06  1.735410e+09
1588  1552.674107    0.000103  0.000021  ...  0.000012  7.715961e+06  1.735410e+09
1589  1552.668790    0.000113  0.000014  ...  0.000012  7.759694e+06  1.735410e+09
1590  1552.674182    0.000102  0.000021  ...  0.000012  7.715296e+06  1.735410e+09
1591  1552.668849    0.000112  0.000014  ...  0.000012  7.780005e+06  1.735410e+09

[1592 rows x 13 columns]
CHANNEL_3_11
           cbragg  cbragg_err   credchi  ...  cdelta_n            cL     timestamp
0     1553.635936    0.000130  0.000025  ...  0.000012  7.931948e+06  1.735394e+09
1     1553.639384    0.000132  0.000040  ...  0.000012  7.848294e+06  1.735394e+09
2     1553.635852    0.000133  0.000027  ...  0.000012  7.924563e+06  1.735394e+09
3     1553.639206    0.000132  0.000039  ...  0.000012  7.853216e+06  1.735394e+09
4     1553.636007    0.000133  0.000027  ...  0.000012  7.918100e+06  1.735394e+09
...           ...         ...       ...  ...       ...           ...           ...
1587  1553.640000    0.000133  0.000040  ...  0.000012  7.843074e+06  1.735410e+09
1588  1553.636614    0.000131  0.000026  ...  0.000012  7.919899e+06  1.735410e+09
1589  1553.639958    0.000131  0.000039  ...  0.000012  7.846828e+06  1.735410e+09
1590  1553.636733    0.000135  0.000027  ...  0.000012  7.922586e+06  1.735410e+09
1591  1553.640098    0.000131  0.000039  ...  0.000012  7.857828e+06  1.735410e+09

[1592 rows x 13 columns]
CHANNEL_3_12
           cbragg  cbragg_err   credchi  ...  cdelta_n            cL     timestamp
0     1554.615630    0.000098  0.000020  ...  0.000012  7.727995e+06  1.735394e+09
1     1554.612405    0.000104  0.000014  ...  0.000012  7.821901e+06  1.735394e+09
2     1554.615682    0.000095  0.000019  ...  0.000012  7.776031e+06  1.735394e+09
3     1554.612521    0.000105  0.000014  ...  0.000012  7.828708e+06  1.735394e+09
4     1554.615650    0.000096  0.000020  ...  0.000012  7.773466e+06  1.735394e+09
...           ...         ...       ...  ...       ...           ...           ...
1587  1554.613148    0.000106  0.000015  ...  0.000012  7.820512e+06  1.735410e+09
1588  1554.616382    0.000097  0.000020  ...  0.000012  7.763349e+06  1.735410e+09
1589  1554.613291    0.000104  0.000014  ...  0.000012  7.821829e+06  1.735410e+09
1590  1554.616397    0.000096  0.000019  ...  0.000012  7.772693e+06  1.735410e+09
1591  1554.613387    0.000105  0.000014  ...  0.000012  7.823087e+06  1.735410e+09

[1592 rows x 13 columns]
CHANNEL_3_13
           cbragg  cbragg_err   credchi  ...  cdelta_n            cL     timestamp
0     1555.617801    0.000087  0.000009  ...  0.000012  7.651518e+06  1.735394e+09
1     1555.624799    0.000087  0.000016  ...  0.000012  7.566883e+06  1.735394e+09
2     1555.617711    0.000091  0.000010  ...  0.000012  7.623380e+06  1.735394e+09
3     1555.624836    0.000088  0.000016  ...  0.000012  7.567960e+06  1.735394e+09
4     1555.617685    0.000090  0.000010  ...  0.000012  7.628302e+06  1.735394e+09
...           ...         ...       ...  ...       ...           ...           ...
1587  1555.625650    0.000091  0.000018  ...  0.000012  7.579307e+06  1.735410e+09
1588  1555.618499    0.000088  0.000009  ...  0.000012  7.634903e+06  1.735410e+09
1589  1555.625546    0.000089  0.000017  ...  0.000012  7.569784e+06  1.735410e+09
1590  1555.618475    0.000089  0.000010  ...  0.000012  7.629030e+06  1.735410e+09
1591  1555.625558    0.000085  0.000016  ...  0.000012  7.578996e+06  1.735410e+09

[1592 rows x 13 columns]
CHANNEL_3_14
           cbragg  cbragg_err   credchi  ...  cdelta_n            cL     timestamp
0     1556.578510    0.000198  0.000084  ...  0.000012  7.508003e+06  1.735394e+09
1     1556.573151    0.000185  0.000046  ...  0.000012  7.768085e+06  1.735394e+09
2     1556.578384    0.000189  0.000079  ...  0.000012  7.699330e+06  1.735394e+09
3     1556.573203    0.000188  0.000048  ...  0.000012  7.757992e+06  1.735394e+09
4     1556.578426    0.000187  0.000077  ...  0.000012  7.694397e+06  1.735394e+09
...           ...         ...       ...  ...       ...           ...           ...
1587  1556.573975    0.000186  0.000047  ...  0.000012  7.758423e+06  1.735410e+09
1588  1556.579136    0.000189  0.000079  ...  0.000012  7.696453e+06  1.735410e+09
1589  1556.573979    0.000188  0.000048  ...  0.000012  7.771695e+06  1.735410e+09
1590  1556.579189    0.000187  0.000077  ...  0.000012  7.698455e+06  1.735410e+09
1591  1556.574029    0.000183  0.000045  ...  0.000012  7.764150e+06  1.735410e+09

[1592 rows x 13 columns]
