CHANNEL_0_1
           cbragg  cbragg_err   credchi  ...  cdelta_n            cL     timestamp
0     1544.481804    0.000337  0.000062  ...  0.000012  7.652857e+06  1.736823e+09
1     1544.476611    0.000128  0.000041  ...  0.000012  7.674205e+06  1.736823e+09
2     1544.481896    0.000109  0.000060  ...  0.000012  7.653402e+06  1.736823e+09
3     1544.476697    0.000131  0.000041  ...  0.000012  7.676816e+06  1.736823e+09
4     1544.481816    0.000104  0.000061  ...  0.000012  7.645307e+06  1.736823e+09
...           ...         ...       ...  ...       ...           ...           ...
1587  1544.471916    0.000117  0.000045  ...  0.000012  7.672348e+06  1.736839e+09
1588  1544.476761    0.000231  0.000064  ...  0.000012  7.647319e+06  1.736839e+09
1589  1544.471942    0.000138  0.000044  ...  0.000012  7.674842e+06  1.736839e+09
1590  1544.476871    0.000129  0.000063  ...  0.000012  7.652341e+06  1.736839e+09
1591  1544.471888    0.000153  0.000044  ...  0.000012  7.672108e+06  1.736839e+09

[1592 rows x 13 columns]
CHANNEL_0_2
           cbragg  cbragg_err   credchi  ...  cdelta_n            cL     timestamp
0     1545.180763    0.000097  0.000016  ...  0.000012  7.680843e+06  1.736823e+09
1     1545.186056    0.000086  0.000019  ...  0.000012  7.659133e+06  1.736823e+09
2     1545.180717    0.000106  0.000016  ...  0.000012  7.675122e+06  1.736823e+09
3     1545.185968    0.000087  0.000020  ...  0.000012  7.651603e+06  1.736823e+09
4     1545.180672    0.000094  0.000016  ...  0.000012  7.672568e+06  1.736823e+09
...           ...         ...       ...  ...       ...           ...           ...
1587  1545.144057    0.000180  0.000018  ...  0.000012  7.687784e+06  1.736839e+09
1588  1545.138463    0.000091  0.000015  ...  0.000012  7.709014e+06  1.736839e+09
1589  1545.143949    0.000082  0.000018  ...  0.000012  7.691952e+06  1.736839e+09
1590  1545.138599    0.000089  0.000014  ...  0.000012  7.689153e+06  1.736839e+09
1591  1545.144029    0.000083  0.000018  ...  0.000012  7.677119e+06  1.736839e+09

[1592 rows x 13 columns]
CHANNEL_0_3
           cbragg  cbragg_err   credchi  ...  cdelta_n            cL     timestamp
0     1546.137045    0.000123  0.000071  ...  0.000012  7.723746e+06  1.736823e+09
1     1546.133172    0.000120  0.000042  ...  0.000012  7.677927e+06  1.736823e+09
2     1546.137120    0.000114  0.000060  ...  0.000012  7.652424e+06  1.736823e+09
3     1546.133251    0.000120  0.000041  ...  0.000012  7.602081e+06  1.736823e+09
4     1546.136929    0.000113  0.000059  ...  0.000012  7.610716e+06  1.736823e+09
...           ...         ...       ...  ...       ...           ...           ...
1587  1546.130087    0.000120  0.000041  ...  0.000012  7.629011e+06  1.736839e+09
1588  1546.133471    0.000114  0.000060  ...  0.000012  7.623255e+06  1.736839e+09
1589  1546.130059    0.000119  0.000040  ...  0.000012  7.629169e+06  1.736839e+09
1590  1546.133552    0.000116  0.000062  ...  0.000012  7.615337e+06  1.736839e+09
1591  1546.130001    0.000121  0.000042  ...  0.000012  7.616178e+06  1.736839e+09

[1592 rows x 13 columns]
CHANNEL_0_4
           cbragg  cbragg_err   credchi  ...  cdelta_n            cL     timestamp
0     1547.126083    0.000119  0.000044  ...  0.000012  7.857778e+06  1.736823e+09
1     1547.131271    0.000119  0.000062  ...  0.000012  7.830383e+06  1.736823e+09
2     1547.126009    0.000245  0.000196  ...  0.000012  8.432863e+06  1.736823e+09
3     1547.131390    0.000119  0.000062  ...  0.000012  7.835027e+06  1.736823e+09
4     1547.126042    0.000118  0.000044  ...  0.000012  7.875451e+06  1.736823e+09
...           ...         ...       ...  ...       ...           ...           ...
1587  1547.128211    0.000118  0.000060  ...  0.000012  7.847734e+06  1.736839e+09
1588  1547.122551    0.000120  0.000045  ...  0.000012  7.870372e+06  1.736839e+09
1589  1547.128178    0.000117  0.000059  ...  0.000012  7.851828e+06  1.736839e+09
1590  1547.122641    0.000118  0.000043  ...  0.000012  7.877455e+06  1.736839e+09
1591  1547.128111    0.000119  0.000061  ...  0.000012  7.845424e+06  1.736839e+09

[1592 rows x 13 columns]
CHANNEL_0_5
           cbragg  cbragg_err   credchi  ...  cdelta_n            cL     timestamp
0     1548.106084    0.000106  0.000055  ...  0.000012  7.800981e+06  1.736823e+09
1     1548.102502    0.000187  0.000143  ...  0.000012  8.048206e+06  1.736823e+09
2     1548.106040    0.000094  0.000043  ...  0.000012  7.657131e+06  1.736823e+09
3     1548.102543    0.000094  0.000035  ...  0.000012  7.653652e+06  1.736823e+09
4     1548.106061    0.000096  0.000044  ...  0.000012  7.652526e+06  1.736823e+09
...           ...         ...       ...  ...       ...           ...           ...
1587  1548.099343    0.000149  0.000089  ...  0.000012  7.935138e+06  1.736839e+09
1588  1548.102666    0.000094  0.000043  ...  0.000012  7.659361e+06  1.736839e+09
1589  1548.099437    0.000095  0.000036  ...  0.000012  7.646589e+06  1.736839e+09
1590  1548.102783    0.000095  0.000044  ...  0.000012  7.666900e+06  1.736839e+09
1591  1548.099552    0.000093  0.000034  ...  0.000012  7.656172e+06  1.736839e+09

[1592 rows x 13 columns]
CHANNEL_0_6
           cbragg  cbragg_err   credchi  ...  cdelta_n            cL     timestamp
0     1549.085644    0.000086  0.000040  ...  0.000012  7.437003e+06  1.736823e+09
1     1549.085426    0.000084  0.000031  ...  0.000012  7.478770e+06  1.736823e+09
2     1549.085638    0.000085  0.000038  ...  0.000012  7.437416e+06  1.736823e+09
3     1549.085482    0.000082  0.000029  ...  0.000012  7.480853e+06  1.736823e+09
4     1549.085515    0.000085  0.000039  ...  0.000012  7.439439e+06  1.736823e+09
...           ...         ...       ...  ...       ...           ...           ...
1587  1549.082185    0.000085  0.000032  ...  0.000012  7.484693e+06  1.736839e+09
1588  1549.082097    0.000084  0.000038  ...  0.000012  7.444884e+06  1.736839e+09
1589  1549.082220    0.000083  0.000030  ...  0.000012  7.480434e+06  1.736839e+09
1590  1549.082232    0.000085  0.000039  ...  0.000012  7.433592e+06  1.736839e+09
1591  1549.082304    0.000083  0.000030  ...  0.000012  7.484886e+06  1.736839e+09

[1592 rows x 13 columns]
CHANNEL_0_7
           cbragg  cbragg_err   credchi  ...  cdelta_n            cL     timestamp
0     1550.086427    0.000123  0.000041  ...  0.000012  7.641915e+06  1.736823e+09
1     1550.086388    0.000137  0.000064  ...  0.000012  7.829291e+06  1.736823e+09
2     1550.086515    0.000122  0.000041  ...  0.000012  7.651165e+06  1.736823e+09
3     1550.086387    0.000120  0.000048  ...  0.000012  7.619109e+06  1.736823e+09
4     1550.086403    0.000123  0.000041  ...  0.000012  7.653272e+06  1.736823e+09
...           ...         ...       ...  ...       ...           ...           ...
1587  1550.083229    0.000134  0.000060  ...  0.000012  7.743948e+06  1.736839e+09
1588  1550.083050    0.000124  0.000041  ...  0.000012  7.654947e+06  1.736839e+09
1589  1550.083153    0.000128  0.000054  ...  0.000012  7.681103e+06  1.736839e+09
1590  1550.083225    0.000128  0.000043  ...  0.000012  7.638437e+06  1.736839e+09
1591  1550.083287    0.000121  0.000048  ...  0.000012  7.625943e+06  1.736839e+09

[1592 rows x 13 columns]
CHANNEL_0_8
           cbragg  cbragg_err   credchi  ...  cdelta_n            cL     timestamp
0     1551.065308    0.000073  0.000019  ...  0.000012  7.608442e+06  1.736823e+09
1     1551.061733    0.000077  0.000016  ...  0.000012  7.581970e+06  1.736823e+09
2     1551.065162    0.000072  0.000019  ...  0.000012  7.614290e+06  1.736823e+09
3     1551.061560    0.000076  0.000015  ...  0.000012  7.569988e+06  1.736823e+09
4     1551.065147    0.000074  0.000019  ...  0.000012  7.617410e+06  1.736823e+09
...           ...         ...       ...  ...       ...           ...           ...
1587  1551.057031    0.000093  0.000016  ...  0.000012  7.619033e+06  1.736839e+09
1588  1551.060381    0.000073  0.000019  ...  0.000012  7.617531e+06  1.736839e+09
1589  1551.057039    0.000078  0.000016  ...  0.000012  7.589291e+06  1.736839e+09
1590  1551.060427    0.000083  0.000025  ...  0.000012  7.724346e+06  1.736839e+09
1591  1551.057097    0.000078  0.000016  ...  0.000012  7.623385e+06  1.736839e+09

[1592 rows x 13 columns]
CHANNEL_0_9
           cbragg  cbragg_err   credchi  ...  cdelta_n            cL     timestamp
0     1552.048565    0.000091  0.000026  ...  0.000012  7.648978e+06  1.736823e+09
1     1552.044822    0.000094  0.000019  ...  0.000012  7.653714e+06  1.736823e+09
2     1552.048435    0.000091  0.000026  ...  0.000012  7.664940e+06  1.736823e+09
3     1552.044738    0.000094  0.000019  ...  0.000012  7.660146e+06  1.736823e+09
4     1552.048332    0.000090  0.000026  ...  0.000012  7.692375e+06  1.736823e+09
...           ...         ...       ...  ...       ...           ...           ...
1587  1552.040155    0.000095  0.000019  ...  0.000012  7.700586e+06  1.736839e+09
1588  1552.043636    0.000089  0.000025  ...  0.000012  7.658533e+06  1.736839e+09
1589  1552.040172    0.000096  0.000020  ...  0.000012  7.702728e+06  1.736839e+09
1590  1552.043710    0.000092  0.000027  ...  0.000012  7.661187e+06  1.736839e+09
1591  1552.040229    0.000097  0.000020  ...  0.000012  7.692988e+06  1.736839e+09

[1592 rows x 13 columns]
CHANNEL_0_10
           cbragg  cbragg_err   credchi  ...  cdelta_n            cL     timestamp
0     1553.051134    0.000102  0.000018  ...  0.000012  7.688987e+06  1.736823e+09
1     1553.052612    0.000094  0.000023  ...  0.000012  7.669407e+06  1.736823e+09
2     1553.050939    0.000103  0.000018  ...  0.000012  7.693078e+06  1.736823e+09
3     1553.052366    0.000096  0.000024  ...  0.000012  7.670477e+06  1.736823e+09
4     1553.050926    0.000100  0.000017  ...  0.000012  7.689489e+06  1.736823e+09
...           ...         ...       ...  ...       ...           ...           ...
1587  1553.047781    0.000096  0.000024  ...  0.000012  7.677448e+06  1.736839e+09
1588  1553.046234    0.000100  0.000017  ...  0.000012  7.698358e+06  1.736839e+09
1589  1553.047892    0.000095  0.000024  ...  0.000012  7.674681e+06  1.736839e+09
1590  1553.046179    0.000103  0.000018  ...  0.000012  7.700475e+06  1.736839e+09
1591  1553.047795    0.000098  0.000025  ...  0.000012  7.650665e+06  1.736839e+09

[1592 rows x 13 columns]
CHANNEL_0_11
           cbragg  cbragg_err   credchi  ...  cdelta_n            cL     timestamp
0     1554.062834    0.000076  0.000015  ...  0.000012  7.601900e+06  1.736823e+09
1     1554.060436    0.000080  0.000010  ...  0.000012  7.619170e+06  1.736823e+09
2     1554.062745    0.000076  0.000015  ...  0.000012  7.603291e+06  1.736823e+09
3     1554.060390    0.000077  0.000010  ...  0.000012  7.631439e+06  1.736823e+09
4     1554.062657    0.000076  0.000015  ...  0.000012  7.595873e+06  1.736823e+09
...           ...         ...       ...  ...       ...           ...           ...
1587  1554.055765    0.000080  0.000010  ...  0.000012  7.624676e+06  1.736839e+09
1588  1554.057967    0.000075  0.000014  ...  0.000012  7.596088e+06  1.736839e+09
1589  1554.055739    0.000079  0.000010  ...  0.000012  7.611234e+06  1.736839e+09
1590  1554.058020    0.000077  0.000015  ...  0.000012  7.595537e+06  1.736839e+09
1591  1554.055845    0.000081  0.000011  ...  0.000012  7.627918e+06  1.736839e+09

[1592 rows x 13 columns]
CHANNEL_0_12
           cbragg  cbragg_err   credchi  ...  cdelta_n            cL     timestamp
0     1555.084313    0.000116  0.000040  ...  0.000012  7.565323e+06  1.736823e+09
1     1555.087308    0.000114  0.000052  ...  0.000012  7.561931e+06  1.736823e+09
2     1555.084172    0.000117  0.000041  ...  0.000012  7.498675e+06  1.736823e+09
3     1555.087173    0.000114  0.000052  ...  0.000012  7.520785e+06  1.736823e+09
4     1555.084167    0.000117  0.000041  ...  0.000012  7.548294e+06  1.736823e+09
...           ...         ...       ...  ...       ...           ...           ...
1587  1555.082651    0.000113  0.000051  ...  0.000012  7.541180e+06  1.736839e+09
1588  1555.079339    0.000117  0.000040  ...  0.000012  7.558177e+06  1.736839e+09
1589  1555.082665    0.000116  0.000054  ...  0.000012  7.531503e+06  1.736839e+09
1590  1555.079436    0.000115  0.000039  ...  0.000012  7.570616e+06  1.736839e+09
1591  1555.082605    0.000116  0.000054  ...  0.000012  7.538903e+06  1.736839e+09

[1592 rows x 13 columns]
CHANNEL_0_13
           cbragg  cbragg_err   credchi  ...  cdelta_n            cL     timestamp
0     1556.063837    0.000136  0.000051  ...  0.000012  7.686934e+06  1.736823e+09
1     1556.057195    0.000149  0.000033  ...  0.000012  7.675597e+06  1.736823e+09
2     1556.063737    0.000138  0.000052  ...  0.000012  7.686820e+06  1.736823e+09
3     1556.057117    0.000151  0.000034  ...  0.000012  7.678290e+06  1.736823e+09
4     1556.063831    0.000137  0.000052  ...  0.000012  7.685056e+06  1.736823e+09
...           ...         ...       ...  ...       ...           ...           ...
1587  1556.052495    0.000148  0.000033  ...  0.000012  7.678864e+06  1.736839e+09
1588  1556.059039    0.000136  0.000051  ...  0.000012  7.681370e+06  1.736839e+09
1589  1556.052527    0.000150  0.000034  ...  0.000012  7.633266e+06  1.736839e+09
1590  1556.058992    0.000139  0.000053  ...  0.000012  7.679549e+06  1.736839e+09
1591  1556.052574    0.000154  0.000035  ...  0.000012  7.674047e+06  1.736839e+09

[1592 rows x 13 columns]
CHANNEL_0_14
           cbragg  cbragg_err   credchi  ...  cdelta_n            cL     timestamp
0     1557.031150    0.000096  0.000030  ...  0.000012  7.658347e+06  1.736823e+09
1     1557.033169    0.000097  0.000031  ...  0.000012  7.672791e+06  1.736823e+09
2     1557.031078    0.000096  0.000029  ...  0.000012  7.654919e+06  1.736823e+09
3     1557.033069    0.000118  0.000047  ...  0.000012  7.854138e+06  1.736823e+09
4     1557.031054    0.000097  0.000030  ...  0.000012  7.651819e+06  1.736823e+09
...           ...         ...       ...  ...       ...           ...           ...
1587  1557.028400    0.000097  0.000031  ...  0.000012  7.667941e+06  1.736839e+09
1588  1557.026261    0.000097  0.000030  ...  0.000012  7.644681e+06  1.736839e+09
1589  1557.028502    0.000098  0.000031  ...  0.000012  7.662753e+06  1.736839e+09
1590  1557.026245    0.000098  0.000030  ...  0.000012  7.653782e+06  1.736839e+09
1591  1557.028473    0.000098  0.000032  ...  0.000012  7.666618e+06  1.736839e+09

[1592 rows x 13 columns]
CHANNEL_1_1
           cbragg  cbragg_err   credchi  ...  cdelta_n            cL     timestamp
0     1555.897543    0.000221  0.000050  ...  0.000012  2.782286e+06  1.736823e+09
1     1555.897815    0.000179  0.000025  ...  0.000012  2.584154e+06  1.736823e+09
2     1555.897901    0.000084  0.000007  ...  0.000012  2.674560e+06  1.736823e+09
3     1555.897569    0.000072  0.000005  ...  0.000012  2.668997e+06  1.736823e+09
4     1555.896532    0.001132  0.002388  ...  0.000012  3.478325e+06  1.736823e+09
...           ...         ...       ...  ...       ...           ...           ...
1587  1555.891843    0.000970  0.001521  ...  0.000012  3.327854e+06  1.736839e+09
1588  1555.892521    0.000089  0.000007  ...  0.000012  2.661486e+06  1.736839e+09
1589  1555.892365    0.000074  0.000005  ...  0.000012  2.659657e+06  1.736839e+09
1590  1555.891013    0.000986  0.001683  ...  0.000012  3.365573e+06  1.736839e+09
1591  1555.890896    0.001017  0.001754  ...  0.000012  3.390370e+06  1.736839e+09

[1592 rows x 13 columns]
CHANNEL_1_2
           cbragg  cbragg_err   credchi  ...  cdelta_n            cL     timestamp
0     1558.249061    0.000832  0.000571  ...  0.000012  2.417356e+06  1.736823e+09
1     1558.250481    0.000111  0.000019  ...  0.000012  2.802876e+06  1.736823e+09
2     1558.247397    0.000182  0.000043  ...  0.000012  2.730481e+06  1.736823e+09
3     1558.250505    0.000121  0.000023  ...  0.000012  2.845032e+06  1.736823e+09
4     1558.244730    0.001197  0.004207  ...  0.000012  3.745726e+06  1.736823e+09
...           ...         ...       ...  ...       ...           ...           ...
1587  1558.247811    0.000313  0.000150  ...  0.000012  2.892432e+06  1.736839e+09
1588  1558.245016    0.000111  0.000017  ...  0.000012  2.814696e+06  1.736839e+09
1589  1558.247948    0.000107  0.000017  ...  0.000012  2.797541e+06  1.736839e+09
1590  1558.245136    0.000118  0.000020  ...  0.000012  2.832875e+06  1.736839e+09
1591  1558.248841    0.000800  0.000635  ...  0.000012  2.458884e+06  1.736839e+09

[1592 rows x 13 columns]
CHANNEL_1_3
           cbragg  cbragg_err   credchi  ...  cdelta_n            cL     timestamp
0     1561.060722    0.000732  0.001319  ...  0.000012  3.450729e+06  1.736823e+09
1     1561.056980    0.000047  0.000004  ...  0.000012  2.928237e+06  1.736823e+09
2     1561.060700    0.000039  0.000002  ...  0.000012  2.922554e+06  1.736823e+09
3     1561.056626    0.000044  0.000003  ...  0.000012  2.943334e+06  1.736823e+09
4     1561.060738    0.000040  0.000003  ...  0.000012  2.921924e+06  1.736823e+09
...           ...         ...       ...  ...       ...           ...           ...
1587  1561.054007    0.000042  0.000003  ...  0.000012  2.933579e+06  1.736839e+09
1588  1561.057695    0.000048  0.000004  ...  0.000012  2.962080e+06  1.736839e+09
1589  1561.053991    0.000042  0.000003  ...  0.000012  2.935459e+06  1.736839e+09
1590  1561.057686    0.000040  0.000003  ...  0.000012  2.928403e+06  1.736839e+09
1591  1561.053843    0.000039  0.000002  ...  0.000012  2.929047e+06  1.736839e+09

[1592 rows x 13 columns]
CHANNEL_2_1
           cbragg  cbragg_err   credchi  ...  cdelta_n            cL     timestamp
0     1543.288139    0.015542  0.004323  ...  0.000012  1.091786e+06  1.736823e+09
1     1543.312093    0.000188  0.000004  ...  0.000012  2.773843e+06  1.736823e+09
2     1543.288715    0.015382  0.004324  ...  0.000012  1.091607e+06  1.736823e+09
3     1543.312166    0.000064  0.000004  ...  0.000012  2.774055e+06  1.736823e+09
4     1543.287449    0.015619  0.004319  ...  0.000012  1.092029e+06  1.736823e+09
...           ...         ...       ...  ...       ...           ...           ...
1587  1543.306566    0.000064  0.000004  ...  0.000012  2.776451e+06  1.736839e+09
1588  1543.309015    0.000068  0.000004  ...  0.000012  2.772654e+06  1.736839e+09
1589  1543.306365    0.000062  0.000004  ...  0.000012  2.776208e+06  1.736839e+09
1590  1543.308979    0.000066  0.000004  ...  0.000012  2.771760e+06  1.736839e+09
1591  1543.306447    0.000063  0.000004  ...  0.000012  2.776091e+06  1.736839e+09

[1592 rows x 13 columns]
CHANNEL_2_2
           cbragg  cbragg_err   credchi  ...  cdelta_n            cL     timestamp
0     1545.977124    0.000651  0.000479  ...  0.000012  3.070060e+06  1.736823e+09
1     1545.977986    0.000247  0.000049  ...  0.000012  2.634078e+06  1.736823e+09
2     1545.977465    0.000411  0.000160  ...  0.000012  2.888169e+06  1.736823e+09
3     1545.977668    0.000701  0.000598  ...  0.000012  3.109261e+06  1.736823e+09
4     1545.977126    0.000470  0.000227  ...  0.000012  2.950348e+06  1.736823e+09
...           ...         ...       ...  ...       ...           ...           ...
1587  1545.975440    0.000197  0.000029  ...  0.000012  2.595298e+06  1.736839e+09
1588  1545.974590    0.000150  0.000017  ...  0.000012  2.647103e+06  1.736839e+09
1589  1545.975651    0.000176  0.000026  ...  0.000012  2.722527e+06  1.736839e+09
1590  1545.975305    0.000768  0.000733  ...  0.000012  3.171553e+06  1.736839e+09
1591  1545.975677    0.000202  0.000035  ...  0.000012  2.749329e+06  1.736839e+09

[1592 rows x 13 columns]
CHANNEL_2_3
           cbragg  cbragg_err   credchi  ...  cdelta_n            cL     timestamp
0     1548.573292    0.000362  0.000165  ...  0.000012  3.106065e+06  1.736823e+09
1     1548.569110    0.000117  0.000014  ...  0.000012  2.846021e+06  1.736823e+09
2     1548.571972    0.000359  0.000124  ...  0.000012  2.773687e+06  1.736823e+09
3     1548.569098    0.000090  0.000009  ...  0.000012  2.885800e+06  1.736823e+09
4     1548.571625    0.000114  0.000013  ...  0.000012  2.865366e+06  1.736823e+09
...           ...         ...       ...  ...       ...           ...           ...
1587  1548.566009    0.000102  0.000011  ...  0.000012  2.891248e+06  1.736839e+09
1588  1548.568580    0.000103  0.000011  ...  0.000012  2.911354e+06  1.736839e+09
1589  1548.565923    0.000291  0.000105  ...  0.000012  3.076331e+06  1.736839e+09
1590  1548.568727    0.000094  0.000009  ...  0.000012  2.886534e+06  1.736839e+09
1591  1548.566130    0.000095  0.000009  ...  0.000012  2.885956e+06  1.736839e+09

[1592 rows x 13 columns]
CHANNEL_3_1
           cbragg  cbragg_err   credchi  ...  cdelta_n            cL     timestamp
0     1543.979864    0.000111  0.000027  ...  0.000012  7.825283e+06  1.736823e+09
1     1543.970338    0.000232  0.000020  ...  0.000012  7.842084e+06  1.736823e+09
2     1543.980019    0.000113  0.000027  ...  0.000012  7.834046e+06  1.736823e+09
3     1543.970367    0.000480  0.000021  ...  0.000012  7.860328e+06  1.736823e+09
4     1543.979974    0.000157  0.000028  ...  0.000012  7.824222e+06  1.736823e+09
...           ...         ...       ...  ...       ...           ...           ...
1587  1543.965572    0.000178  0.000018  ...  0.000012  7.820550e+06  1.736839e+09
1588  1543.975632    0.000107  0.000026  ...  0.000012  7.813223e+06  1.736839e+09
1589  1543.965289    0.000122  0.000017  ...  0.000012  7.830609e+06  1.736839e+09
1590  1543.975754    0.000110  0.000025  ...  0.000012  7.801557e+06  1.736839e+09
1591  1543.965587    0.000236  0.000018  ...  0.000012  7.815781e+06  1.736839e+09

[1592 rows x 13 columns]
CHANNEL_3_2
           cbragg  cbragg_err   credchi  ...  cdelta_n            cL     timestamp
0     1544.755193    0.000116  0.000031  ...  0.000012  7.845206e+06  1.736823e+09
1     1544.746623    0.000115  0.000032  ...  0.000012  7.826702e+06  1.736823e+09
2     1544.755200    0.000156  0.000031  ...  0.000012  7.845717e+06  1.736823e+09
3     1544.746595    0.000117  0.000032  ...  0.000012  7.826996e+06  1.736823e+09
4     1544.755169    0.000142  0.000031  ...  0.000012  7.852120e+06  1.736823e+09
...           ...         ...       ...  ...       ...           ...           ...
1587  1544.700661    0.000419  0.000037  ...  0.000012  7.840022e+06  1.736839e+09
1588  1544.708389    0.000144  0.000034  ...  0.000012  7.866230e+06  1.736839e+09
1589  1544.700605    0.000129  0.000034  ...  0.000012  7.842284e+06  1.736839e+09
1590  1544.708467    0.000122  0.000032  ...  0.000012  7.882236e+06  1.736839e+09
1591  1544.700654    0.000125  0.000039  ...  0.000012  7.843548e+06  1.736839e+09

[1592 rows x 13 columns]
CHANNEL_3_3
           cbragg  cbragg_err   credchi  ...  cdelta_n            cL     timestamp
0     1545.711708    0.000115  0.000034  ...  0.000012  7.590587e+06  1.736823e+09
1     1545.706793    0.000117  0.000030  ...  0.000012  7.583463e+06  1.736823e+09
2     1545.711694    0.000116  0.000035  ...  0.000012  7.592783e+06  1.736823e+09
3     1545.706806    0.000116  0.000029  ...  0.000012  7.583965e+06  1.736823e+09
4     1545.711664    0.000117  0.000035  ...  0.000012  7.566660e+06  1.736823e+09
...           ...         ...       ...  ...       ...           ...           ...
1587  1545.703678    0.000114  0.000027  ...  0.000012  7.580256e+06  1.736839e+09
1588  1545.708651    0.000113  0.000033  ...  0.000012  7.581891e+06  1.736839e+09
1589  1545.703522    0.000118  0.000030  ...  0.000012  7.561161e+06  1.736839e+09
1590  1545.708703    0.000117  0.000036  ...  0.000012  7.584125e+06  1.736839e+09
1591  1545.703650    0.000116  0.000028  ...  0.000012  7.577631e+06  1.736839e+09

[1592 rows x 13 columns]
CHANNEL_3_4
           cbragg  cbragg_err   credchi  ...  cdelta_n            cL     timestamp
0     1546.687569    0.000102  0.000027  ...  0.000012  7.738971e+06  1.736823e+09
1     1546.675469    0.000100  0.000020  ...  0.000012  7.817511e+06  1.736823e+09
2     1546.687483    0.000101  0.000027  ...  0.000012  7.753250e+06  1.736823e+09
3     1546.675457    0.000099  0.000019  ...  0.000012  7.821245e+06  1.736823e+09
4     1546.687523    0.000100  0.000026  ...  0.000012  7.759263e+06  1.736823e+09
...           ...         ...       ...  ...       ...           ...           ...
1587  1546.672835    0.000101  0.000020  ...  0.000012  7.812873e+06  1.736839e+09
1588  1546.684326    0.000102  0.000027  ...  0.000012  7.778514e+06  1.736839e+09
1589  1546.672764    0.000099  0.000020  ...  0.000012  7.808006e+06  1.736839e+09
1590  1546.684334    0.000099  0.000025  ...  0.000012  7.774160e+06  1.736839e+09
1591  1546.672855    0.000100  0.000020  ...  0.000012  7.809328e+06  1.736839e+09

[1592 rows x 13 columns]
CHANNEL_3_5
           cbragg  cbragg_err   credchi  ...  cdelta_n            cL     timestamp
0     1547.701595    0.000087  0.000014  ...  0.000012  7.590876e+06  1.736823e+09
1     1547.700668    0.000079  0.000017  ...  0.000012  7.570951e+06  1.736823e+09
2     1547.701558    0.000085  0.000014  ...  0.000012  7.592348e+06  1.736823e+09
3     1547.700623    0.000079  0.000017  ...  0.000012  7.561101e+06  1.736823e+09
4     1547.701615    0.000086  0.000014  ...  0.000012  7.592405e+06  1.736823e+09
...           ...         ...       ...  ...       ...           ...           ...
1587  1547.697827    0.000079  0.000017  ...  0.000012  7.579553e+06  1.736839e+09
1588  1547.698342    0.000087  0.000014  ...  0.000012  7.590414e+06  1.736839e+09
1589  1547.697840    0.000079  0.000017  ...  0.000012  7.572289e+06  1.736839e+09
1590  1547.698422    0.000087  0.000014  ...  0.000012  7.593755e+06  1.736839e+09
1591  1547.697890    0.000079  0.000017  ...  0.000012  7.582767e+06  1.736839e+09

[1592 rows x 13 columns]
CHANNEL_3_6
           cbragg  cbragg_err   credchi  ...  cdelta_n            cL     timestamp
0     1548.692263    0.000081  0.000021  ...  0.000012  7.799304e+06  1.736823e+09
1     1548.681598    0.000083  0.000012  ...  0.000012  7.868469e+06  1.736823e+09
2     1548.692188    0.000083  0.000021  ...  0.000012  7.776468e+06  1.736823e+09
3     1548.681639    0.000082  0.000012  ...  0.000012  7.864905e+06  1.736823e+09
4     1548.692207    0.000081  0.000021  ...  0.000012  7.780290e+06  1.736823e+09
...           ...         ...       ...  ...       ...           ...           ...
1587  1548.678526    0.000083  0.000012  ...  0.000012  7.870733e+06  1.736839e+09
1588  1548.689173    0.000082  0.000021  ...  0.000012  7.775706e+06  1.736839e+09
1589  1548.678490    0.000081  0.000012  ...  0.000012  7.860450e+06  1.736839e+09
1590  1548.689207    0.000082  0.000021  ...  0.000012  7.779566e+06  1.736839e+09
1591  1548.678588    0.000082  0.000012  ...  0.000012  7.865125e+06  1.736839e+09

[1592 rows x 13 columns]
CHANNEL_3_7
           cbragg  cbragg_err   credchi  ...  cdelta_n            cL     timestamp
0     1549.707414    0.000097  0.000017  ...  0.000012  7.566866e+06  1.736823e+09
1     1549.706505    0.000095  0.000024  ...  0.000012  7.493977e+06  1.736823e+09
2     1549.707440    0.000097  0.000017  ...  0.000012  7.558743e+06  1.736823e+09
3     1549.706271    0.000120  0.000039  ...  0.000012  7.728269e+06  1.736823e+09
4     1549.707376    0.000095  0.000016  ...  0.000012  7.560740e+06  1.736823e+09
...           ...         ...       ...  ...       ...           ...           ...
1587  1549.703776    0.000095  0.000024  ...  0.000012  7.512552e+06  1.736839e+09
1588  1549.703963    0.000096  0.000016  ...  0.000012  7.569589e+06  1.736839e+09
1589  1549.703743    0.000096  0.000024  ...  0.000012  7.516352e+06  1.736839e+09
1590  1549.704145    0.000095  0.000016  ...  0.000012  7.571396e+06  1.736839e+09
1591  1549.703937    0.000093  0.000023  ...  0.000012  7.525235e+06  1.736839e+09

[1592 rows x 13 columns]
CHANNEL_3_8
           cbragg  cbragg_err   credchi  ...  cdelta_n            cL     timestamp
0     1550.664347    0.000096  0.000021  ...  0.000012  7.618209e+06  1.736823e+09
1     1550.659745    0.000100  0.000014  ...  0.000012  7.658890e+06  1.736823e+09
2     1550.664283    0.000094  0.000019  ...  0.000012  7.618412e+06  1.736823e+09
3     1550.659709    0.000097  0.000013  ...  0.000012  7.661065e+06  1.736823e+09
4     1550.664283    0.000095  0.000020  ...  0.000012  7.625286e+06  1.736823e+09
...           ...         ...       ...  ...       ...           ...           ...
1587  1550.654786    0.000099  0.000013  ...  0.000012  7.664761e+06  1.736839e+09
1588  1550.659840    0.000094  0.000020  ...  0.000012  7.624428e+06  1.736839e+09
1589  1550.654793    0.000099  0.000013  ...  0.000012  7.665333e+06  1.736839e+09
1590  1550.659794    0.000095  0.000020  ...  0.000012  7.624821e+06  1.736839e+09
1591  1550.654784    0.000099  0.000014  ...  0.000012  7.672314e+06  1.736839e+09

[1592 rows x 13 columns]
CHANNEL_3_9
           cbragg  cbragg_err   credchi  ...  cdelta_n            cL     timestamp
0     1551.661624    0.000152  0.000035  ...  0.000012  7.315679e+06  1.736823e+09
1     1551.656351    0.000100  0.000017  ...  0.000012  7.673879e+06  1.736823e+09
2     1551.661538    0.000100  0.000016  ...  0.000012  7.680688e+06  1.736823e+09
3     1551.656256    0.000100  0.000017  ...  0.000012  7.664388e+06  1.736823e+09
4     1551.661456    0.000100  0.000016  ...  0.000012  7.675038e+06  1.736823e+09
...           ...         ...       ...  ...       ...           ...           ...
1587  1551.651884    0.000100  0.000017  ...  0.000012  7.673061e+06  1.736839e+09
1588  1551.656424    0.000098  0.000015  ...  0.000012  7.689699e+06  1.736839e+09
1589  1551.652013    0.000145  0.000034  ...  0.000012  7.319235e+06  1.736839e+09
1590  1551.656503    0.000099  0.000016  ...  0.000012  7.678503e+06  1.736839e+09
1591  1551.652031    0.000099  0.000017  ...  0.000012  7.669604e+06  1.736839e+09

[1592 rows x 13 columns]
CHANNEL_3_10
           cbragg  cbragg_err   credchi  ...  cdelta_n            cL     timestamp
0     1552.667299    0.000117  0.000019  ...  0.000012  7.715401e+06  1.736823e+09
1     1552.665051    0.000115  0.000021  ...  0.000012  7.716492e+06  1.736823e+09
2     1552.667319    0.000114  0.000018  ...  0.000012  7.717554e+06  1.736823e+09
3     1552.665079    0.000111  0.000020  ...  0.000012  7.723087e+06  1.736823e+09
4     1552.667296    0.000116  0.000018  ...  0.000012  7.713908e+06  1.736823e+09
...           ...         ...       ...  ...       ...           ...           ...
1587  1552.660045    0.000112  0.000019  ...  0.000012  7.725916e+06  1.736839e+09
1588  1552.662745    0.000113  0.000018  ...  0.000012  7.733129e+06  1.736839e+09
1589  1552.660142    0.000111  0.000019  ...  0.000012  7.732868e+06  1.736839e+09
1590  1552.662900    0.000113  0.000018  ...  0.000012  7.715992e+06  1.736839e+09
1591  1552.660133    0.000112  0.000020  ...  0.000012  7.724672e+06  1.736839e+09

[1592 rows x 13 columns]
CHANNEL_3_11
           cbragg  cbragg_err   credchi  ...  cdelta_n            cL     timestamp
0     1553.638905    0.000131  0.000041  ...  0.000012  7.930970e+06  1.736823e+09
1     1553.626078    0.000136  0.000028  ...  0.000012  8.055642e+06  1.736823e+09
2     1553.638824    0.000131  0.000041  ...  0.000012  7.922776e+06  1.736823e+09
3     1553.626032    0.000131  0.000026  ...  0.000012  7.993421e+06  1.736823e+09
4     1553.638795    0.000131  0.000041  ...  0.000012  7.928717e+06  1.736823e+09
...           ...         ...       ...  ...       ...           ...           ...
1587  1553.621413    0.000132  0.000027  ...  0.000012  7.987781e+06  1.736839e+09
1588  1553.634091    0.000133  0.000042  ...  0.000012  7.877293e+06  1.736839e+09
1589  1553.621431    0.000132  0.000027  ...  0.000012  7.948660e+06  1.736839e+09
1590  1553.634098    0.000133  0.000041  ...  0.000012  7.923174e+06  1.736839e+09
1591  1553.621719    0.000286  0.000108  ...  0.000012  7.225369e+06  1.736839e+09

[1592 rows x 13 columns]
CHANNEL_3_12
           cbragg  cbragg_err   credchi  ...  cdelta_n            cL     timestamp
0     1554.610589    0.000105  0.000018  ...  0.000012  7.736339e+06  1.736823e+09
1     1554.609130    0.000177  0.000050  ...  0.000012  7.330445e+06  1.736823e+09
2     1554.610517    0.000107  0.000018  ...  0.000012  7.796177e+06  1.736823e+09
3     1554.609032    0.000109  0.000020  ...  0.000012  7.640667e+06  1.736823e+09
4     1554.610470    0.000108  0.000019  ...  0.000012  7.788534e+06  1.736823e+09
...           ...         ...       ...  ...       ...           ...           ...
1587  1554.604079    0.000104  0.000018  ...  0.000012  7.793776e+06  1.736839e+09
1588  1554.605866    0.000105  0.000018  ...  0.000012  7.792344e+06  1.736839e+09
1589  1554.604162    0.000104  0.000018  ...  0.000012  7.791024e+06  1.736839e+09
1590  1554.605913    0.000107  0.000018  ...  0.000012  7.790253e+06  1.736839e+09
1591  1554.604274    0.000169  0.000045  ...  0.000012  7.384705e+06  1.736839e+09

[1592 rows x 13 columns]
CHANNEL_3_13
           cbragg  cbragg_err   credchi  ...  cdelta_n            cL     timestamp
0     1555.621891    0.000089  0.000015  ...  0.000012  7.631877e+06  1.736823e+09
1     1555.611859    0.000094  0.000013  ...  0.000012  7.598267e+06  1.736823e+09
2     1555.621761    0.000090  0.000015  ...  0.000012  7.570337e+06  1.736823e+09
3     1555.611707    0.000092  0.000012  ...  0.000012  7.546750e+06  1.736823e+09
4     1555.621837    0.000091  0.000016  ...  0.000012  7.618960e+06  1.736823e+09
...           ...         ...       ...  ...       ...           ...           ...
1587  1555.607249    0.000092  0.000013  ...  0.000012  7.550619e+06  1.736839e+09
1588  1555.616982    0.000090  0.000015  ...  0.000012  7.617311e+06  1.736839e+09
1589  1555.607360    0.000090  0.000012  ...  0.000012  7.606684e+06  1.736839e+09
1590  1555.616910    0.000090  0.000015  ...  0.000012  7.620491e+06  1.736839e+09
1591  1555.607307    0.000092  0.000012  ...  0.000012  7.593672e+06  1.736839e+09

[1592 rows x 13 columns]
CHANNEL_3_14
           cbragg  cbragg_err   credchi  ...  cdelta_n            cL     timestamp
0     1556.572948    0.000191  0.000068  ...  0.000012  7.701619e+06  1.736823e+09
1     1556.570094    0.000192  0.000059  ...  0.000012  7.710750e+06  1.736823e+09
2     1556.572909    0.000186  0.000065  ...  0.000012  7.705703e+06  1.736823e+09
3     1556.570016    0.000188  0.000057  ...  0.000012  7.703008e+06  1.736823e+09
4     1556.572909    0.000187  0.000066  ...  0.000012  7.705018e+06  1.736823e+09
...           ...         ...       ...  ...       ...           ...           ...
1587  1556.565027    0.000191  0.000057  ...  0.000012  7.722374e+06  1.736839e+09
1588  1556.568355    0.000188  0.000067  ...  0.000012  7.705078e+06  1.736839e+09
1589  1556.565091    0.000189  0.000056  ...  0.000012  7.722884e+06  1.736839e+09
1590  1556.568291    0.000187  0.000067  ...  0.000012  7.704660e+06  1.736839e+09
1591  1556.565079    0.000193  0.000058  ...  0.000012  7.719627e+06  1.736839e+09

[1592 rows x 13 columns]
