CHANNEL_0_1
           cbragg  cbragg_err   credchi  ...  cdelta_n            cL     timestamp
0     1544.608938    0.000107  0.000047  ...  0.000012  7.708033e+06  1.736172e+09
1     1544.617483    0.000150  0.000058  ...  0.000012  7.704491e+06  1.736172e+09
2     1544.609083    0.000099  0.000047  ...  0.000012  7.720168e+06  1.736172e+09
3     1544.617503    0.000142  0.000058  ...  0.000012  7.706138e+06  1.736172e+09
4     1544.608997    0.000099  0.000046  ...  0.000012  7.715451e+06  1.736172e+09
...           ...         ...       ...  ...       ...           ...           ...
1587  1544.620016    0.000208  0.000057  ...  0.000012  7.700449e+06  1.736188e+09
1588  1544.611570    0.000124  0.000049  ...  0.000012  7.712096e+06  1.736188e+09
1589  1544.620039    0.000249  0.000059  ...  0.000012  7.693793e+06  1.736188e+09
1590  1544.611625    0.000233  0.000047  ...  0.000012  7.712289e+06  1.736188e+09
1591  1544.620119    0.000109  0.000058  ...  0.000012  7.707944e+06  1.736188e+09

[1592 rows x 13 columns]
CHANNEL_0_2
           cbragg  cbragg_err   credchi  ...  cdelta_n            cL     timestamp
0     1545.428374    0.000086  0.000017  ...  0.000012  7.686027e+06  1.736172e+09
1     1545.430730    0.000087  0.000020  ...  0.000012  7.660942e+06  1.736172e+09
2     1545.428461    0.000086  0.000017  ...  0.000012  7.683798e+06  1.736172e+09
3     1545.430731    0.000086  0.000019  ...  0.000012  7.694925e+06  1.736172e+09
4     1545.428372    0.000085  0.000017  ...  0.000012  7.666985e+06  1.736172e+09
...           ...         ...       ...  ...       ...           ...           ...
1587  1545.432812    0.000087  0.000019  ...  0.000012  7.674160e+06  1.736188e+09
1588  1545.430618    0.000089  0.000018  ...  0.000012  7.666913e+06  1.736188e+09
1589  1545.433021    0.000085  0.000019  ...  0.000012  7.668527e+06  1.736188e+09
1590  1545.430759    0.000085  0.000017  ...  0.000012  7.658769e+06  1.736188e+09
1591  1545.433027    0.000087  0.000020  ...  0.000012  7.681013e+06  1.736188e+09

[1592 rows x 13 columns]
CHANNEL_0_3
           cbragg  cbragg_err   credchi  ...  cdelta_n            cL     timestamp
0     1546.124027    0.000107  0.000039  ...  0.000012  7.689018e+06  1.736172e+09
1     1546.133221    0.000112  0.000058  ...  0.000012  7.679802e+06  1.736172e+09
2     1546.123813    0.000108  0.000039  ...  0.000012  7.692221e+06  1.736172e+09
3     1546.133198    0.000108  0.000054  ...  0.000012  7.713634e+06  1.736172e+09
4     1546.123932    0.000107  0.000039  ...  0.000012  7.711300e+06  1.736172e+09
...           ...         ...       ...  ...       ...           ...           ...
1587  1546.134738    0.000111  0.000057  ...  0.000012  7.661644e+06  1.736188e+09
1588  1546.125579    0.000110  0.000041  ...  0.000012  7.773412e+06  1.736188e+09
1589  1546.134820    0.000112  0.000058  ...  0.000012  7.664881e+06  1.736188e+09
1590  1546.125537    0.000109  0.000040  ...  0.000012  7.664433e+06  1.736188e+09
1591  1546.134811    0.000112  0.000058  ...  0.000012  7.673288e+06  1.736188e+09

[1592 rows x 13 columns]
CHANNEL_0_4
           cbragg  cbragg_err   credchi  ...  cdelta_n            cL     timestamp
0     1547.120855    0.000113  0.000046  ...  0.000012  7.868977e+06  1.736172e+09
1     1547.123538    0.000128  0.000072  ...  0.000012  8.099710e+06  1.736172e+09
2     1547.120914    0.000113  0.000047  ...  0.000012  7.869154e+06  1.736172e+09
3     1547.123644    0.000108  0.000049  ...  0.000012  7.878418e+06  1.736172e+09
4     1547.120845    0.000114  0.000047  ...  0.000012  7.846282e+06  1.736172e+09
...           ...         ...       ...  ...       ...           ...           ...
1587  1547.125189    0.000140  0.000085  ...  0.000012  8.118229e+06  1.736188e+09
1588  1547.122613    0.000115  0.000048  ...  0.000012  7.868113e+06  1.736188e+09
1589  1547.125151    0.000111  0.000052  ...  0.000012  7.847299e+06  1.736188e+09
1590  1547.122571    0.000113  0.000047  ...  0.000012  7.866734e+06  1.736188e+09
1591  1547.125207    0.000111  0.000052  ...  0.000012  7.866993e+06  1.736188e+09

[1592 rows x 13 columns]
CHANNEL_0_5
           cbragg  cbragg_err   credchi  ...  cdelta_n            cL     timestamp
0     1548.094995    0.000086  0.000038  ...  0.000012  7.727822e+06  1.736172e+09
1     1548.100107    0.000092  0.000037  ...  0.000012  7.729944e+06  1.736172e+09
2     1548.094947    0.000087  0.000039  ...  0.000012  7.734295e+06  1.736172e+09
3     1548.100134    0.000092  0.000037  ...  0.000012  7.733215e+06  1.736172e+09
4     1548.094864    0.000086  0.000038  ...  0.000012  7.725149e+06  1.736172e+09
...           ...         ...       ...  ...       ...           ...           ...
1587  1548.101770    0.000094  0.000039  ...  0.000012  7.732597e+06  1.736188e+09
1588  1548.096687    0.000086  0.000038  ...  0.000012  7.717285e+06  1.736188e+09
1589  1548.101777    0.000093  0.000038  ...  0.000012  7.731351e+06  1.736188e+09
1590  1548.096581    0.000088  0.000039  ...  0.000012  7.722006e+06  1.736188e+09
1591  1548.101773    0.000094  0.000039  ...  0.000012  7.725130e+06  1.736188e+09

[1592 rows x 13 columns]
CHANNEL_0_6
           cbragg  cbragg_err   credchi  ...  cdelta_n            cL     timestamp
0     1549.072652    0.000073  0.000022  ...  0.000012  7.603352e+06  1.736172e+09
1     1549.083135    0.000080  0.000044  ...  0.000012  7.493087e+06  1.736172e+09
2     1549.072693    0.000084  0.000029  ...  0.000012  7.723227e+06  1.736172e+09
3     1549.083165    0.000083  0.000047  ...  0.000012  7.491048e+06  1.736172e+09
4     1549.072680    0.000073  0.000022  ...  0.000012  7.604718e+06  1.736172e+09
...           ...         ...       ...  ...       ...           ...           ...
1587  1549.085234    0.000191  0.000261  ...  0.000012  7.929443e+06  1.736188e+09
1588  1549.074358    0.000074  0.000022  ...  0.000012  7.587664e+06  1.736188e+09
1589  1549.084672    0.000079  0.000042  ...  0.000012  7.484741e+06  1.736188e+09
1590  1549.074415    0.000073  0.000022  ...  0.000012  7.605665e+06  1.736188e+09
1591  1549.085740    0.000206  0.000315  ...  0.000012  8.013958e+06  1.736188e+09

[1592 rows x 13 columns]
CHANNEL_0_7
           cbragg  cbragg_err   credchi  ...  cdelta_n            cL     timestamp
0     1550.078201    0.000128  0.000049  ...  0.000012  7.582033e+06  1.736172e+09
1     1550.080702    0.000127  0.000053  ...  0.000012  7.613156e+06  1.736172e+09
2     1550.078206    0.000127  0.000049  ...  0.000012  7.582548e+06  1.736172e+09
3     1550.080652    0.000130  0.000054  ...  0.000012  7.621424e+06  1.736172e+09
4     1550.078126    0.000128  0.000049  ...  0.000012  7.588696e+06  1.736172e+09
...           ...         ...       ...  ...       ...           ...           ...
1587  1550.082428    0.000179  0.000106  ...  0.000012  7.864768e+06  1.736188e+09
1588  1550.079896    0.000128  0.000049  ...  0.000012  7.576879e+06  1.736188e+09
1589  1550.082313    0.000166  0.000089  ...  0.000012  7.802085e+06  1.736188e+09
1590  1550.079745    0.000128  0.000049  ...  0.000012  7.578638e+06  1.736188e+09
1591  1550.082348    0.000132  0.000057  ...  0.000012  7.703905e+06  1.736188e+09

[1592 rows x 13 columns]
CHANNEL_0_8
           cbragg  cbragg_err   credchi  ...  cdelta_n            cL     timestamp
0     1551.053882    0.000074  0.000017  ...  0.000012  7.607160e+06  1.736172e+09
1     1551.061120    0.000076  0.000020  ...  0.000012  7.609018e+06  1.736172e+09
2     1551.053824    0.000075  0.000017  ...  0.000012  7.596836e+06  1.736172e+09
3     1551.061052    0.000085  0.000026  ...  0.000012  7.721167e+06  1.736172e+09
4     1551.053731    0.000073  0.000017  ...  0.000012  7.606603e+06  1.736172e+09
...           ...         ...       ...  ...       ...           ...           ...
1587  1551.062653    0.000072  0.000018  ...  0.000012  7.616567e+06  1.736188e+09
1588  1551.055445    0.000076  0.000018  ...  0.000012  7.593641e+06  1.736188e+09
1589  1551.062658    0.000073  0.000019  ...  0.000012  7.618878e+06  1.736188e+09
1590  1551.055464    0.000075  0.000017  ...  0.000012  7.603844e+06  1.736188e+09
1591  1551.062676    0.000106  0.000042  ...  0.000012  7.845334e+06  1.736188e+09

[1592 rows x 13 columns]
CHANNEL_0_9
           cbragg  cbragg_err   credchi  ...  cdelta_n            cL     timestamp
0     1552.035242    0.000093  0.000018  ...  0.000012  7.707277e+06  1.736172e+09
1     1552.044979    0.000094  0.000033  ...  0.000012  7.652244e+06  1.736172e+09
2     1552.035178    0.000095  0.000018  ...  0.000012  7.708402e+06  1.736172e+09
3     1552.045059    0.000090  0.000031  ...  0.000012  7.651660e+06  1.736172e+09
4     1552.035177    0.000095  0.000018  ...  0.000012  7.705130e+06  1.736172e+09
...           ...         ...       ...  ...       ...           ...           ...
1587  1552.046611    0.000091  0.000032  ...  0.000012  7.654828e+06  1.736188e+09
1588  1552.036852    0.000094  0.000018  ...  0.000012  7.712126e+06  1.736188e+09
1589  1552.046601    0.000089  0.000030  ...  0.000012  7.655839e+06  1.736188e+09
1590  1552.036735    0.000094  0.000018  ...  0.000012  7.712737e+06  1.736188e+09
1591  1552.046473    0.000091  0.000032  ...  0.000012  7.657154e+06  1.736188e+09

[1592 rows x 13 columns]
CHANNEL_0_10
           cbragg  cbragg_err   credchi  ...  cdelta_n            cL     timestamp
0     1553.045745    0.000088  0.000020  ...  0.000012  7.701128e+06  1.736172e+09
1     1553.046571    0.000089  0.000017  ...  0.000012  7.690218e+06  1.736172e+09
2     1553.045675    0.000088  0.000020  ...  0.000012  7.698090e+06  1.736172e+09
3     1553.046561    0.000089  0.000017  ...  0.000012  7.722908e+06  1.736172e+09
4     1553.045783    0.000088  0.000020  ...  0.000012  7.703705e+06  1.736172e+09
...           ...         ...       ...  ...       ...           ...           ...
1587  1553.048226    0.000090  0.000017  ...  0.000012  7.696817e+06  1.736188e+09
1588  1553.047374    0.000090  0.000021  ...  0.000012  7.678534e+06  1.736188e+09
1589  1553.048198    0.000087  0.000016  ...  0.000012  7.722217e+06  1.736188e+09
1590  1553.047407    0.000088  0.000020  ...  0.000012  7.688465e+06  1.736188e+09
1591  1553.048100    0.000089  0.000017  ...  0.000012  7.676818e+06  1.736188e+09

[1592 rows x 13 columns]
CHANNEL_0_11
           cbragg  cbragg_err   credchi  ...  cdelta_n            cL     timestamp
0     1554.050576    0.000072  0.000009  ...  0.000012  7.719376e+06  1.736172e+09
1     1554.059819    0.000073  0.000016  ...  0.000012  7.673807e+06  1.736172e+09
2     1554.050469    0.000072  0.000009  ...  0.000012  7.721947e+06  1.736172e+09
3     1554.059989    0.000067  0.000014  ...  0.000012  7.676449e+06  1.736172e+09
4     1554.050498    0.000072  0.000009  ...  0.000012  7.706992e+06  1.736172e+09
...           ...         ...       ...  ...       ...           ...           ...
1587  1554.061504    0.000068  0.000014  ...  0.000012  7.665543e+06  1.736188e+09
1588  1554.052112    0.000074  0.000009  ...  0.000012  7.687096e+06  1.736188e+09
1589  1554.061485    0.000070  0.000015  ...  0.000012  7.672974e+06  1.736188e+09
1590  1554.052179    0.000072  0.000009  ...  0.000012  7.662517e+06  1.736188e+09
1591  1554.061590    0.000068  0.000014  ...  0.000012  7.657453e+06  1.736188e+09

[1592 rows x 13 columns]
CHANNEL_0_12
           cbragg  cbragg_err   credchi  ...  cdelta_n            cL     timestamp
0     1555.078661    0.000123  0.000055  ...  0.000012  7.462439e+06  1.736172e+09
1     1555.080927    0.000123  0.000055  ...  0.000012  7.498028e+06  1.736172e+09
2     1555.078592    0.000122  0.000054  ...  0.000012  7.472110e+06  1.736172e+09
3     1555.081012    0.000122  0.000054  ...  0.000012  7.496829e+06  1.736172e+09
4     1555.078625    0.000121  0.000054  ...  0.000012  7.477051e+06  1.736172e+09
...           ...         ...       ...  ...       ...           ...           ...
1587  1555.082666    0.000123  0.000055  ...  0.000012  7.491724e+06  1.736188e+09
1588  1555.080392    0.000173  0.000054  ...  0.000012  7.471487e+06  1.736188e+09
1589  1555.082564    0.000121  0.000053  ...  0.000012  7.525202e+06  1.736188e+09
1590  1555.080256    0.000120  0.000053  ...  0.000012  7.476387e+06  1.736188e+09
1591  1555.082486    0.000120  0.000053  ...  0.000012  7.510248e+06  1.736188e+09

[1592 rows x 13 columns]
CHANNEL_0_13
           cbragg  cbragg_err   credchi  ...  cdelta_n            cL     timestamp
0     1556.050219    0.000143  0.000038  ...  0.000012  7.666667e+06  1.736172e+09
1     1556.058967    0.000138  0.000048  ...  0.000012  7.681741e+06  1.736172e+09
2     1556.050216    0.000143  0.000038  ...  0.000012  7.654492e+06  1.736172e+09
3     1556.058931    0.000137  0.000047  ...  0.000012  7.683039e+06  1.736172e+09
4     1556.050217    0.000140  0.000036  ...  0.000012  7.618586e+06  1.736172e+09
...           ...         ...       ...  ...       ...           ...           ...
1587  1556.060592    0.000138  0.000048  ...  0.000012  7.695614e+06  1.736188e+09
1588  1556.052033    0.000142  0.000038  ...  0.000012  7.668738e+06  1.736188e+09
1589  1556.060635    0.000136  0.000046  ...  0.000012  7.689124e+06  1.736188e+09
1590  1556.051857    0.000139  0.000036  ...  0.000012  7.682576e+06  1.736188e+09
1591  1556.060472    0.000137  0.000047  ...  0.000012  7.693068e+06  1.736188e+09

[1592 rows x 13 columns]
CHANNEL_0_14
           cbragg  cbragg_err   credchi  ...  cdelta_n            cL     timestamp
0     1557.023188    0.000190  0.000110  ...  0.000012  7.954169e+06  1.736172e+09
1     1557.027959    0.000104  0.000042  ...  0.000012  7.618316e+06  1.736172e+09
2     1557.022949    0.000100  0.000031  ...  0.000012  7.685728e+06  1.736172e+09
3     1557.027929    0.000105  0.000043  ...  0.000012  7.613264e+06  1.736172e+09
4     1557.022965    0.000101  0.000031  ...  0.000012  7.671272e+06  1.736172e+09
...           ...         ...       ...  ...       ...           ...           ...
1587  1557.029599    0.000103  0.000041  ...  0.000012  7.614967e+06  1.736188e+09
1588  1557.024688    0.000101  0.000031  ...  0.000012  7.662349e+06  1.736188e+09
1589  1557.029536    0.000104  0.000041  ...  0.000012  7.614731e+06  1.736188e+09
1590  1557.024672    0.000099  0.000030  ...  0.000012  7.667181e+06  1.736188e+09
1591  1557.029527    0.000103  0.000041  ...  0.000012  7.614814e+06  1.736188e+09

[1592 rows x 13 columns]
CHANNEL_1_1
           cbragg  cbragg_err   credchi  ...  cdelta_n            cL     timestamp
0     1556.149963    0.000224  0.000043  ...  0.000012  2.554839e+06  1.736172e+09
1     1556.149251    0.000071  0.000004  ...  0.000012  2.666641e+06  1.736172e+09
2     1556.149922    0.000243  0.000050  ...  0.000012  2.548659e+06  1.736172e+09
3     1556.149362    0.000080  0.000006  ...  0.000012  2.669752e+06  1.736172e+09
4     1556.149888    0.001277  0.003341  ...  0.000012  3.583874e+06  1.736172e+09
...           ...         ...       ...  ...       ...           ...           ...
1587  1556.151951    0.000168  0.000023  ...  0.000012  2.582650e+06  1.736188e+09
1588  1556.152552    0.000082  0.000007  ...  0.000012  2.676055e+06  1.736188e+09
1589  1556.151821    0.000074  0.000005  ...  0.000012  2.678588e+06  1.736188e+09
1590  1556.152489    0.000088  0.000008  ...  0.000012  2.670442e+06  1.736188e+09
1591  1556.151872    0.000076  0.000005  ...  0.000012  2.679290e+06  1.736188e+09

[1592 rows x 13 columns]
CHANNEL_1_2
           cbragg  cbragg_err   credchi  ...  cdelta_n            cL     timestamp
0     1558.205962    0.000235  0.000073  ...  0.000012  2.702157e+06  1.736172e+09
1     1558.208595    0.000121  0.000022  ...  0.000012  2.798927e+06  1.736172e+09
2     1558.205521    0.001007  0.002556  ...  0.000012  3.501523e+06  1.736172e+09
3     1558.208511    0.000116  0.000020  ...  0.000012  2.792637e+06  1.736172e+09
4     1558.206058    0.000135  0.000025  ...  0.000012  2.772993e+06  1.736172e+09
...           ...         ...       ...  ...       ...           ...           ...
1587  1558.210461    0.000126  0.000024  ...  0.000012  2.788716e+06  1.736188e+09
1588  1558.207589    0.000984  0.002426  ...  0.000012  3.489951e+06  1.736188e+09
1589  1558.210489    0.000117  0.000020  ...  0.000012  2.787151e+06  1.736188e+09
1590  1558.208091    0.000125  0.000022  ...  0.000012  2.796474e+06  1.736188e+09
1591  1558.210810    0.000782  0.000571  ...  0.000012  2.413650e+06  1.736188e+09

[1592 rows x 13 columns]
CHANNEL_1_3
           cbragg  cbragg_err   credchi  ...  cdelta_n            cL     timestamp
0     1561.023736    0.000046  0.000003  ...  0.000012  2.922256e+06  1.736172e+09
1     1561.020169    0.000118  0.000021  ...  0.000012  2.854453e+06  1.736172e+09
2     1561.023863    0.000967  0.002248  ...  0.000012  3.527947e+06  1.736172e+09
3     1561.019577    0.001174  0.004280  ...  0.000012  3.849196e+06  1.736172e+09
4     1561.023535    0.000041  0.000003  ...  0.000012  2.932067e+06  1.736172e+09
...           ...         ...       ...  ...       ...           ...           ...
1587  1561.021790    0.000199  0.000067  ...  0.000012  2.996866e+06  1.736188e+09
1588  1561.025161    0.000043  0.000003  ...  0.000012  2.929891e+06  1.736188e+09
1589  1561.021647    0.000048  0.000004  ...  0.000012  2.927101e+06  1.736188e+09
1590  1561.025615    0.000837  0.001829  ...  0.000012  3.550382e+06  1.736188e+09
1591  1561.021710    0.000289  0.000158  ...  0.000012  3.109294e+06  1.736188e+09

[1592 rows x 13 columns]
CHANNEL_2_1
           cbragg  cbragg_err   credchi  ...  cdelta_n            cL     timestamp
0     1543.576363         NaN  0.003154  ...  0.000012  1.568523e+06  1.736172e+09
1     1543.573218         NaN  0.002269  ...  0.000012  1.799177e+06  1.736172e+09
2     1543.570469    0.000066  0.000005  ...  0.000012  2.778929e+06  1.736172e+09
3     1543.569975    0.000064  0.000004  ...  0.000012  2.779197e+06  1.736172e+09
4     1543.576925         NaN  0.002720  ...  0.000012  1.677934e+06  1.736172e+09
...           ...         ...       ...  ...       ...           ...           ...
1587  1543.578924    0.011926  0.004783  ...  0.000012  1.120352e+06  1.736188e+09
1588  1543.581308    0.012034  0.004785  ...  0.000012  1.120515e+06  1.736188e+09
1589  1543.574380    0.011495  0.004784  ...  0.000012  1.118698e+06  1.736188e+09
1590  1543.576579    0.011625  0.004805  ...  0.000012  1.119683e+06  1.736188e+09
1591  1543.572410    0.000061  0.000004  ...  0.000012  2.780180e+06  1.736188e+09

[1592 rows x 13 columns]
CHANNEL_2_2
           cbragg  cbragg_err   credchi  ...  cdelta_n            cL     timestamp
0     1545.933508    0.000187  0.000029  ...  0.000012  2.635535e+06  1.736172e+09
1     1545.934899    0.000132  0.000015  ...  0.000012  2.680924e+06  1.736172e+09
2     1545.933791    0.000295  0.000063  ...  0.000012  2.537533e+06  1.736172e+09
3     1545.934922    0.000132  0.000015  ...  0.000012  2.669804e+06  1.736172e+09
4     1545.932505    0.000711  0.000607  ...  0.000012  3.071336e+06  1.736172e+09
...           ...         ...       ...  ...       ...           ...           ...
1587  1545.937165    0.000468  0.000156  ...  0.000012  2.504729e+06  1.736188e+09
1588  1545.935302    0.000131  0.000014  ...  0.000012  2.680288e+06  1.736188e+09
1589  1545.936734    0.000129  0.000014  ...  0.000012  2.682528e+06  1.736188e+09
1590  1545.934289    0.000958  0.001460  ...  0.000012  3.357315e+06  1.736188e+09
1591  1545.935976    0.000686  0.000561  ...  0.000012  3.063278e+06  1.736188e+09

[1592 rows x 13 columns]
CHANNEL_2_3
           cbragg  cbragg_err   credchi  ...  cdelta_n            cL     timestamp
0     1548.532853    0.000083  0.000008  ...  0.000012  2.900593e+06  1.736172e+09
1     1548.534327    0.000086  0.000008  ...  0.000012  2.905769e+06  1.736172e+09
2     1548.534668    0.001280  0.003591  ...  0.000012  3.868187e+06  1.736172e+09
3     1548.535228    0.000287  0.000106  ...  0.000012  3.055071e+06  1.736172e+09
4     1548.532793    0.000081  0.000007  ...  0.000012  2.900347e+06  1.736172e+09
...           ...         ...       ...  ...       ...           ...           ...
1587  1548.535967    0.000380  0.000202  ...  0.000012  3.138816e+06  1.736188e+09
1588  1548.534487    0.001161  0.002861  ...  0.000012  3.777877e+06  1.736188e+09
1589  1548.535680    0.000161  0.000027  ...  0.000012  2.808986e+06  1.736188e+09
1590  1548.534292    0.000096  0.000011  ...  0.000012  2.891968e+06  1.736188e+09
1591  1548.535716    0.000088  0.000009  ...  0.000012  2.903146e+06  1.736188e+09

[1592 rows x 13 columns]
CHANNEL_3_1
           cbragg  cbragg_err   credchi  ...  cdelta_n            cL     timestamp
0     1544.120085    0.000147  0.000029  ...  0.000012  7.741132e+06  1.736172e+09
1     1544.118776    0.000122  0.000020  ...  0.000012  7.779208e+06  1.736172e+09
2     1544.120157    0.000112  0.000028  ...  0.000012  7.755663e+06  1.736172e+09
3     1544.118918    0.000130  0.000021  ...  0.000012  7.789293e+06  1.736172e+09
4     1544.120191    0.000109  0.000027  ...  0.000012  7.758655e+06  1.736172e+09
...           ...         ...       ...  ...       ...           ...           ...
1587  1544.121131    0.000159  0.000021  ...  0.000012  7.802097e+06  1.736188e+09
1588  1544.122660    0.000257  0.000028  ...  0.000012  7.756992e+06  1.736188e+09
1589  1544.121256    0.000126  0.000020  ...  0.000012  7.789203e+06  1.736188e+09
1590  1544.122698    0.000145  0.000028  ...  0.000012  7.748580e+06  1.736188e+09
1591  1544.121198    0.000136  0.000020  ...  0.000012  7.796493e+06  1.736188e+09

[1592 rows x 13 columns]
CHANNEL_3_2
           cbragg  cbragg_err   credchi  ...  cdelta_n            cL     timestamp
0     1545.001217    0.000171  0.000022  ...  0.000012  7.917153e+06  1.736172e+09
1     1545.011598    0.000108  0.000038  ...  0.000012  7.843160e+06  1.736172e+09
2     1545.001250    0.000120  0.000022  ...  0.000012  7.921375e+06  1.736172e+09
3     1545.011701    0.000125  0.000038  ...  0.000012  7.845012e+06  1.736172e+09
4     1545.001225    0.000112  0.000023  ...  0.000012  7.934744e+06  1.736172e+09
...           ...         ...       ...  ...       ...           ...           ...
1587  1545.013530    0.000113  0.000037  ...  0.000012  7.850303e+06  1.736188e+09
1588  1545.003272    0.000252  0.000022  ...  0.000012  7.931209e+06  1.736188e+09
1589  1545.013618    0.000133  0.000038  ...  0.000012  7.847907e+06  1.736188e+09
1590  1545.003304    0.000221  0.000022  ...  0.000012  7.937583e+06  1.736188e+09
1591  1545.013602    0.000109  0.000039  ...  0.000012  7.842472e+06  1.736188e+09

[1592 rows x 13 columns]
CHANNEL_3_3
           cbragg  cbragg_err   credchi  ...  cdelta_n            cL     timestamp
0     1545.709719    0.000107  0.000032  ...  0.000012  7.595986e+06  1.736172e+09
1     1545.713839    0.000115  0.000029  ...  0.000012  7.621306e+06  1.736172e+09
2     1545.709733    0.000108  0.000032  ...  0.000012  7.580067e+06  1.736172e+09
3     1545.713997    0.000115  0.000029  ...  0.000012  7.616540e+06  1.736172e+09
4     1545.709622    0.000112  0.000035  ...  0.000012  7.615028e+06  1.736172e+09
...           ...         ...       ...  ...       ...           ...           ...
1587  1545.715523    0.000116  0.000030  ...  0.000012  7.613154e+06  1.736188e+09
1588  1545.711501    0.000109  0.000033  ...  0.000012  7.582773e+06  1.736188e+09
1589  1545.715564    0.000114  0.000029  ...  0.000012  7.611406e+06  1.736188e+09
1590  1545.711472    0.000107  0.000032  ...  0.000012  7.589417e+06  1.736188e+09
1591  1545.715548    0.000110  0.000027  ...  0.000012  7.630633e+06  1.736188e+09

[1592 rows x 13 columns]
CHANNEL_3_4
           cbragg  cbragg_err   credchi  ...  cdelta_n            cL     timestamp
0     1546.680672    0.000094  0.000018  ...  0.000012  7.796091e+06  1.736172e+09
1     1546.687996    0.000094  0.000025  ...  0.000012  7.752667e+06  1.736172e+09
2     1546.680735    0.000094  0.000017  ...  0.000012  7.802291e+06  1.736172e+09
3     1546.688036    0.000095  0.000026  ...  0.000012  7.755740e+06  1.736172e+09
4     1546.680765    0.000096  0.000018  ...  0.000012  7.793226e+06  1.736172e+09
...           ...         ...       ...  ...       ...           ...           ...
1587  1546.689759    0.000093  0.000025  ...  0.000012  7.755313e+06  1.736188e+09
1588  1546.682557    0.000095  0.000018  ...  0.000012  7.780958e+06  1.736188e+09
1589  1546.689693    0.000095  0.000026  ...  0.000012  7.754698e+06  1.736188e+09
1590  1546.682551    0.000093  0.000017  ...  0.000012  7.797933e+06  1.736188e+09
1591  1546.689699    0.000095  0.000026  ...  0.000012  7.755064e+06  1.736188e+09

[1592 rows x 13 columns]
CHANNEL_3_5
           cbragg  cbragg_err   credchi  ...  cdelta_n            cL     timestamp
0     1547.698658    0.000079  0.000015  ...  0.000012  7.613478e+06  1.736172e+09
1     1547.707828    0.000079  0.000015  ...  0.000012  7.609106e+06  1.736172e+09
2     1547.698661    0.000078  0.000014  ...  0.000012  7.612449e+06  1.736172e+09
3     1547.707817    0.000079  0.000015  ...  0.000012  7.636067e+06  1.736172e+09
4     1547.698548    0.000078  0.000015  ...  0.000012  7.619890e+06  1.736172e+09
...           ...         ...       ...  ...       ...           ...           ...
1587  1547.709594    0.000079  0.000015  ...  0.000012  7.630260e+06  1.736188e+09
1588  1547.700595    0.000079  0.000015  ...  0.000012  7.609197e+06  1.736188e+09
1589  1547.709706    0.000078  0.000014  ...  0.000012  7.621216e+06  1.736188e+09
1590  1547.700511    0.000080  0.000015  ...  0.000012  7.564414e+06  1.736188e+09
1591  1547.709543    0.000079  0.000015  ...  0.000012  7.629313e+06  1.736188e+09

[1592 rows x 13 columns]
CHANNEL_3_6
           cbragg  cbragg_err   credchi  ...  cdelta_n            cL     timestamp
0     1548.687710    0.000085  0.000017  ...  0.000012  7.751071e+06  1.736172e+09
1     1548.691885    0.000083  0.000017  ...  0.000012  7.754835e+06  1.736172e+09
2     1548.687721    0.000085  0.000017  ...  0.000012  7.752663e+06  1.736172e+09
3     1548.691894    0.000085  0.000018  ...  0.000012  7.745964e+06  1.736172e+09
4     1548.687664    0.000087  0.000018  ...  0.000012  7.739426e+06  1.736172e+09
...           ...         ...       ...  ...       ...           ...           ...
1587  1548.693531    0.000084  0.000018  ...  0.000012  7.749999e+06  1.736188e+09
1588  1548.689663    0.000084  0.000017  ...  0.000012  7.740480e+06  1.736188e+09
1589  1548.693523    0.000081  0.000017  ...  0.000012  7.742622e+06  1.736188e+09
1590  1548.689714    0.000086  0.000018  ...  0.000012  7.738839e+06  1.736188e+09
1591  1548.693620    0.000082  0.000017  ...  0.000012  7.759579e+06  1.736188e+09

[1592 rows x 13 columns]
CHANNEL_3_7
           cbragg  cbragg_err   credchi  ...  cdelta_n            cL     timestamp
0     1549.702961    0.000082  0.000013  ...  0.000012  7.639277e+06  1.736172e+09
1     1549.714922    0.000097  0.000028  ...  0.000012  7.768827e+06  1.736172e+09
2     1549.702946    0.000083  0.000014  ...  0.000012  7.648209e+06  1.736172e+09
3     1549.714906    0.000087  0.000022  ...  0.000012  7.618168e+06  1.736172e+09
4     1549.702847    0.000082  0.000013  ...  0.000012  7.657736e+06  1.736172e+09
...           ...         ...       ...  ...       ...           ...           ...
1587  1549.716617    0.000085  0.000021  ...  0.000012  7.618176e+06  1.736188e+09
1588  1549.704842    0.000083  0.000014  ...  0.000012  7.654569e+06  1.736188e+09
1589  1549.716704    0.000083  0.000020  ...  0.000012  7.617231e+06  1.736188e+09
1590  1549.704652    0.000082  0.000013  ...  0.000012  7.661370e+06  1.736188e+09
1591  1549.716521    0.000084  0.000020  ...  0.000012  7.621082e+06  1.736188e+09

[1592 rows x 13 columns]
CHANNEL_3_8
           cbragg  cbragg_err   credchi  ...  cdelta_n            cL     timestamp
0     1550.664890    0.000090  0.000017  ...  0.000012  7.603649e+06  1.736172e+09
1     1550.663935    0.000094  0.000014  ...  0.000012  7.646131e+06  1.736172e+09
2     1550.664841    0.000089  0.000016  ...  0.000012  7.569804e+06  1.736172e+09
3     1550.664023    0.000093  0.000014  ...  0.000012  7.594039e+06  1.736172e+09
4     1550.664842    0.000089  0.000016  ...  0.000012  7.616697e+06  1.736172e+09
...           ...         ...       ...  ...       ...           ...           ...
1587  1550.665467    0.000093  0.000014  ...  0.000012  7.592986e+06  1.736188e+09
1588  1550.666635    0.000087  0.000016  ...  0.000012  7.617599e+06  1.736188e+09
1589  1550.665514    0.000091  0.000014  ...  0.000012  7.639611e+06  1.736188e+09
1590  1550.666458    0.000089  0.000016  ...  0.000012  7.621360e+06  1.736188e+09
1591  1550.665485    0.000092  0.000014  ...  0.000012  7.650948e+06  1.736188e+09

[1592 rows x 13 columns]
CHANNEL_3_9
           cbragg  cbragg_err   credchi  ...  cdelta_n            cL     timestamp
0     1551.655303    0.000087  0.000010  ...  0.000012  7.790950e+06  1.736172e+09
1     1551.665822    0.000086  0.000018  ...  0.000012  7.717070e+06  1.736172e+09
2     1551.655368    0.000089  0.000011  ...  0.000012  7.790982e+06  1.736172e+09
3     1551.665799    0.000086  0.000018  ...  0.000012  7.698683e+06  1.736172e+09
4     1551.655360    0.000086  0.000010  ...  0.000012  7.785308e+06  1.736172e+09
...           ...         ...       ...  ...       ...           ...           ...
1587  1551.667388    0.000086  0.000018  ...  0.000012  7.696306e+06  1.736188e+09
1588  1551.657091    0.000087  0.000010  ...  0.000012  7.770423e+06  1.736188e+09
1589  1551.667345    0.000087  0.000018  ...  0.000012  7.716392e+06  1.736188e+09
1590  1551.656945    0.000088  0.000010  ...  0.000012  7.790216e+06  1.736188e+09
1591  1551.667329    0.000087  0.000018  ...  0.000012  7.706740e+06  1.736188e+09

[1592 rows x 13 columns]
CHANNEL_3_10
           cbragg  cbragg_err   credchi  ...  cdelta_n            cL     timestamp
0     1552.669679    0.000103  0.000022  ...  0.000012  7.707679e+06  1.736172e+09
1     1552.667107    0.000110  0.000014  ...  0.000012  7.774682e+06  1.736172e+09
2     1552.669576    0.000102  0.000022  ...  0.000012  7.721238e+06  1.736172e+09
3     1552.667174    0.000112  0.000014  ...  0.000012  7.766416e+06  1.736172e+09
4     1552.669582    0.000102  0.000022  ...  0.000012  7.717583e+06  1.736172e+09
...           ...         ...       ...  ...       ...           ...           ...
1587  1552.668557    0.000114  0.000015  ...  0.000012  7.762623e+06  1.736188e+09
1588  1552.671108    0.000101  0.000021  ...  0.000012  7.717209e+06  1.736188e+09
1589  1552.668513    0.000111  0.000014  ...  0.000012  7.785783e+06  1.736188e+09
1590  1552.671254    0.000103  0.000022  ...  0.000012  7.707100e+06  1.736188e+09
1591  1552.668704    0.000112  0.000014  ...  0.000012  7.765617e+06  1.736188e+09

[1592 rows x 13 columns]
CHANNEL_3_11
           cbragg  cbragg_err   credchi  ...  cdelta_n            cL     timestamp
0     1553.633031    0.000269  0.000099  ...  0.000012  7.222317e+06  1.736172e+09
1     1553.636853    0.000129  0.000039  ...  0.000012  7.886567e+06  1.736172e+09
2     1553.632833    0.000133  0.000029  ...  0.000012  7.903814e+06  1.736172e+09
3     1553.636865    0.000129  0.000039  ...  0.000012  7.888604e+06  1.736172e+09
4     1553.632903    0.000132  0.000028  ...  0.000012  7.942201e+06  1.736172e+09
...           ...         ...       ...  ...       ...           ...           ...
1587  1553.638307    0.000133  0.000041  ...  0.000012  7.871739e+06  1.736188e+09
1588  1553.634689    0.000132  0.000028  ...  0.000012  7.933890e+06  1.736188e+09
1589  1553.638410    0.000132  0.000040  ...  0.000012  7.874499e+06  1.736188e+09
1590  1553.634412    0.000133  0.000028  ...  0.000012  7.935196e+06  1.736188e+09
1591  1553.638411    0.000129  0.000039  ...  0.000012  7.885449e+06  1.736188e+09

[1592 rows x 13 columns]
CHANNEL_3_12
           cbragg  cbragg_err   credchi  ...  cdelta_n            cL     timestamp
0     1554.612081    0.000096  0.000020  ...  0.000012  7.770422e+06  1.736172e+09
1     1554.612489    0.000102  0.000015  ...  0.000012  7.818958e+06  1.736172e+09
2     1554.612021    0.000098  0.000021  ...  0.000012  7.769022e+06  1.736172e+09
3     1554.612538    0.000104  0.000016  ...  0.000012  7.818261e+06  1.736172e+09
4     1554.612044    0.000097  0.000021  ...  0.000012  7.787780e+06  1.736172e+09
...           ...         ...       ...  ...       ...           ...           ...
1587  1554.614024    0.000105  0.000016  ...  0.000012  7.820599e+06  1.736188e+09
1588  1554.613821    0.000098  0.000021  ...  0.000012  7.770080e+06  1.736188e+09
1589  1554.614030    0.000103  0.000016  ...  0.000012  7.840232e+06  1.736188e+09
1590  1554.613649    0.000097  0.000021  ...  0.000012  7.795906e+06  1.736188e+09
1591  1554.613914    0.000102  0.000015  ...  0.000012  7.834350e+06  1.736188e+09

[1592 rows x 13 columns]
CHANNEL_3_13
           cbragg  cbragg_err   credchi  ...  cdelta_n            cL     timestamp
0     1555.614897    0.000088  0.000010  ...  0.000012  7.618352e+06  1.736172e+09
1     1555.622765    0.000088  0.000017  ...  0.000012  7.575855e+06  1.736172e+09
2     1555.614898    0.000089  0.000010  ...  0.000012  7.606307e+06  1.736172e+09
3     1555.622776    0.000090  0.000018  ...  0.000012  7.564632e+06  1.736172e+09
4     1555.614933    0.000092  0.000011  ...  0.000012  7.598319e+06  1.736172e+09
...           ...         ...       ...  ...       ...           ...           ...
1587  1555.624306    0.000089  0.000017  ...  0.000012  7.562562e+06  1.736188e+09
1588  1555.616492    0.000090  0.000010  ...  0.000012  7.620308e+06  1.736188e+09
1589  1555.624273    0.000087  0.000017  ...  0.000012  7.582348e+06  1.736188e+09
1590  1555.616473    0.000088  0.000010  ...  0.000012  7.616829e+06  1.736188e+09
1591  1555.624288    0.000085  0.000016  ...  0.000012  7.568460e+06  1.736188e+09

[1592 rows x 13 columns]
CHANNEL_3_14
           cbragg  cbragg_err   credchi  ...  cdelta_n            cL     timestamp
0     1556.574630    0.000193  0.000086  ...  0.000012  7.689237e+06  1.736172e+09
1     1556.572882    0.000190  0.000053  ...  0.000012  7.755349e+06  1.736172e+09
2     1556.574596    0.000190  0.000084  ...  0.000012  7.690520e+06  1.736172e+09
3     1556.572889    0.000193  0.000055  ...  0.000012  7.747605e+06  1.736172e+09
4     1556.574623    0.000193  0.000086  ...  0.000012  7.692343e+06  1.736172e+09
...           ...         ...       ...  ...       ...           ...           ...
1587  1556.574481    0.000192  0.000053  ...  0.000012  7.754209e+06  1.736188e+09
1588  1556.576390    0.000193  0.000086  ...  0.000012  7.679571e+06  1.736188e+09
1589  1556.574413    0.000189  0.000052  ...  0.000012  7.746053e+06  1.736188e+09
1590  1556.576300    0.000194  0.000087  ...  0.000012  7.719033e+06  1.736188e+09
1591  1556.574398    0.000191  0.000053  ...  0.000012  7.749207e+06  1.736188e+09

[1592 rows x 13 columns]
