CHANNEL_0_1
           cbragg  cbragg_err   credchi  ...  cdelta_n            cL     timestamp
0     1544.228787    0.000243  0.000040  ...  0.000012  7.703492e+06  1.737993e+09
1     1544.230576    0.000105  0.000055  ...  0.000012  7.641770e+06  1.737993e+09
2     1544.228769    0.000100  0.000041  ...  0.000012  7.703896e+06  1.737993e+09
3     1544.230523    0.000135  0.000055  ...  0.000012  7.644412e+06  1.737993e+09
4     1544.228746    0.000118  0.000041  ...  0.000012  7.705374e+06  1.737993e+09
...           ...         ...       ...  ...       ...           ...           ...
1587  1544.230552    0.000218  0.000055  ...  0.000012  7.644180e+06  1.738009e+09
1588  1544.228758    0.000099  0.000041  ...  0.000012  7.717452e+06  1.738009e+09
1589  1544.230610    0.000133  0.000055  ...  0.000012  7.631426e+06  1.738009e+09
1590  1544.228748    0.000099  0.000041  ...  0.000012  7.704036e+06  1.738009e+09
1591  1544.230529    0.000110  0.000055  ...  0.000012  7.644956e+06  1.738009e+09

[1592 rows x 13 columns]
CHANNEL_0_2
           cbragg  cbragg_err   credchi  ...  cdelta_n            cL     timestamp
0     1545.183195    0.000089  0.000018  ...  0.000012  7.687417e+06  1.737993e+09
1     1545.184046    0.000084  0.000014  ...  0.000012  7.680091e+06  1.737993e+09
2     1545.183237    0.000079  0.000016  ...  0.000012  7.683345e+06  1.737993e+09
3     1545.184230    0.000084  0.000014  ...  0.000012  7.689273e+06  1.737993e+09
4     1545.183240    0.000081  0.000016  ...  0.000012  7.677288e+06  1.737993e+09
...           ...         ...       ...  ...       ...           ...           ...
1587  1545.184143    0.000084  0.000014  ...  0.000012  7.685742e+06  1.738009e+09
1588  1545.183153    0.000243  0.000018  ...  0.000012  7.659892e+06  1.738009e+09
1589  1545.184135    0.000201  0.000014  ...  0.000012  7.673655e+06  1.738009e+09
1590  1545.183205    0.000121  0.000018  ...  0.000012  7.682556e+06  1.738009e+09
1591  1545.184153    0.000085  0.000014  ...  0.000012  7.682589e+06  1.738009e+09

[1592 rows x 13 columns]
CHANNEL_0_3
           cbragg  cbragg_err   credchi  ...  cdelta_n            cL     timestamp
0     1546.168982    0.000112  0.000049  ...  0.000012  7.648991e+06  1.737993e+09
1     1546.167302    0.000109  0.000046  ...  0.000012  7.630767e+06  1.737993e+09
2     1546.168992    0.000112  0.000049  ...  0.000012  7.650413e+06  1.737993e+09
3     1546.167363    0.000111  0.000047  ...  0.000012  7.610669e+06  1.737993e+09
4     1546.169039    0.000111  0.000048  ...  0.000012  7.609099e+06  1.737993e+09
...           ...         ...       ...  ...       ...           ...           ...
1587  1546.167153    0.000148  0.000087  ...  0.000012  7.882613e+06  1.738009e+09
1588  1546.169028    0.000111  0.000048  ...  0.000012  7.651773e+06  1.738009e+09
1589  1546.167230    0.000111  0.000047  ...  0.000012  7.621423e+06  1.738009e+09
1590  1546.169021    0.000109  0.000046  ...  0.000012  7.648028e+06  1.738009e+09
1591  1546.167296    0.000109  0.000045  ...  0.000012  7.622145e+06  1.738009e+09

[1592 rows x 13 columns]
CHANNEL_0_4
           cbragg  cbragg_err   credchi  ...  cdelta_n            cL     timestamp
0     1547.161023    0.000113  0.000054  ...  0.000012  7.841986e+06  1.737993e+09
1     1547.162532    0.000119  0.000048  ...  0.000012  7.850389e+06  1.737993e+09
2     1547.160982    0.000115  0.000056  ...  0.000012  7.842742e+06  1.737993e+09
3     1547.162461    0.000118  0.000049  ...  0.000012  7.921795e+06  1.737993e+09
4     1547.161092    0.000112  0.000054  ...  0.000012  7.841646e+06  1.737993e+09
...           ...         ...       ...  ...       ...           ...           ...
1587  1547.162541    0.000117  0.000047  ...  0.000012  7.862387e+06  1.738009e+09
1588  1547.160889    0.000116  0.000056  ...  0.000012  7.834376e+06  1.738009e+09
1589  1547.162441    0.000118  0.000048  ...  0.000012  7.852366e+06  1.738009e+09
1590  1547.160931    0.000113  0.000054  ...  0.000012  7.831917e+06  1.738009e+09
1591  1547.162478    0.000117  0.000047  ...  0.000012  7.855865e+06  1.738009e+09

[1592 rows x 13 columns]
CHANNEL_0_5
           cbragg  cbragg_err   credchi  ...  cdelta_n            cL     timestamp
0     1548.135533    0.000092  0.000032  ...  0.000012  7.700557e+06  1.737993e+09
1     1548.139009    0.000092  0.000048  ...  0.000012  7.651116e+06  1.737993e+09
2     1548.135384    0.000126  0.000062  ...  0.000012  7.941114e+06  1.737993e+09
3     1548.139024    0.000093  0.000049  ...  0.000012  7.643959e+06  1.737993e+09
4     1548.135545    0.000092  0.000032  ...  0.000012  7.704736e+06  1.737993e+09
...           ...         ...       ...  ...       ...           ...           ...
1587  1548.139040    0.000092  0.000048  ...  0.000012  7.668575e+06  1.738009e+09
1588  1548.135411    0.000097  0.000035  ...  0.000012  7.699059e+06  1.738009e+09
1589  1548.138880    0.000093  0.000048  ...  0.000012  7.623120e+06  1.738009e+09
1590  1548.135409    0.000092  0.000032  ...  0.000012  7.695230e+06  1.738009e+09
1591  1548.138973    0.000092  0.000048  ...  0.000012  7.637612e+06  1.738009e+09

[1592 rows x 13 columns]
CHANNEL_0_6
           cbragg  cbragg_err   credchi  ...  cdelta_n            cL     timestamp
0     1549.122427    0.000192  0.000256  ...  0.000012  7.866116e+06  1.737993e+09
1     1549.114223    0.000078  0.000024  ...  0.000012  7.517230e+06  1.737993e+09
2     1549.122379    0.000181  0.000230  ...  0.000012  7.875455e+06  1.737993e+09
3     1549.114235    0.000079  0.000025  ...  0.000012  7.553789e+06  1.737993e+09
4     1549.122571    0.000184  0.000238  ...  0.000012  7.885292e+06  1.737993e+09
...           ...         ...       ...  ...       ...           ...           ...
1587  1549.114194    0.000078  0.000024  ...  0.000012  7.524497e+06  1.738009e+09
1588  1549.121940    0.000083  0.000046  ...  0.000012  7.452900e+06  1.738009e+09
1589  1549.114128    0.000078  0.000024  ...  0.000012  7.530805e+06  1.738009e+09
1590  1549.122057    0.000083  0.000046  ...  0.000012  7.460198e+06  1.738009e+09
1591  1549.114316    0.000104  0.000044  ...  0.000012  7.693190e+06  1.738009e+09

[1592 rows x 13 columns]
CHANNEL_0_7
           cbragg  cbragg_err   credchi  ...  cdelta_n            cL     timestamp
0     1550.117407    0.000118  0.000042  ...  0.000012  7.638526e+06  1.737993e+09
1     1550.122196    0.000116  0.000047  ...  0.000012  7.649813e+06  1.737993e+09
2     1550.117415    0.000119  0.000043  ...  0.000012  7.641234e+06  1.737993e+09
3     1550.122219    0.000116  0.000047  ...  0.000012  7.646694e+06  1.737993e+09
4     1550.117407    0.000120  0.000043  ...  0.000012  7.628754e+06  1.737993e+09
...           ...         ...       ...  ...       ...           ...           ...
1587  1550.122079    0.000117  0.000048  ...  0.000012  7.639815e+06  1.738009e+09
1588  1550.117295    0.000120  0.000043  ...  0.000012  7.612965e+06  1.738009e+09
1589  1550.121944    0.000117  0.000048  ...  0.000012  7.656787e+06  1.738009e+09
1590  1550.117422    0.000120  0.000043  ...  0.000012  7.630440e+06  1.738009e+09
1591  1550.122181    0.000118  0.000049  ...  0.000012  7.645804e+06  1.738009e+09

[1592 rows x 13 columns]
CHANNEL_0_8
           cbragg  cbragg_err   credchi  ...  cdelta_n            cL     timestamp
0     1551.092335    0.000073  0.000016  ...  0.000012  7.607190e+06  1.737993e+09
1     1551.092587    0.000072  0.000019  ...  0.000012  7.594525e+06  1.737993e+09
2     1551.092344    0.000073  0.000016  ...  0.000012  7.611545e+06  1.737993e+09
3     1551.092664    0.000072  0.000019  ...  0.000012  7.590828e+06  1.737993e+09
4     1551.092377    0.000072  0.000016  ...  0.000012  7.615796e+06  1.737993e+09
...           ...         ...       ...  ...       ...           ...           ...
1587  1551.093047    0.000072  0.000019  ...  0.000012  7.590906e+06  1.738009e+09
1588  1551.092877    0.000074  0.000017  ...  0.000012  7.615372e+06  1.738009e+09
1589  1551.093171    0.000072  0.000019  ...  0.000012  7.597486e+06  1.738009e+09
1590  1551.092955    0.000071  0.000015  ...  0.000012  7.610445e+06  1.738009e+09
1591  1551.093257    0.000072  0.000019  ...  0.000012  7.589718e+06  1.738009e+09

[1592 rows x 13 columns]
CHANNEL_0_9
           cbragg  cbragg_err   credchi  ...  cdelta_n            cL     timestamp
0     1552.077673    0.000087  0.000026  ...  0.000012  7.677642e+06  1.737993e+09
1     1552.073268    0.000088  0.000018  ...  0.000012  7.688392e+06  1.737993e+09
2     1552.077688    0.000086  0.000025  ...  0.000012  7.663563e+06  1.737993e+09
3     1552.073255    0.000090  0.000019  ...  0.000012  7.693183e+06  1.737993e+09
4     1552.077817    0.000110  0.000043  ...  0.000012  7.879076e+06  1.737993e+09
...           ...         ...       ...  ...       ...           ...           ...
1587  1552.073718    0.000090  0.000019  ...  0.000012  7.693872e+06  1.738009e+09
1588  1552.078258    0.000090  0.000027  ...  0.000012  7.691600e+06  1.738009e+09
1589  1552.073861    0.000090  0.000019  ...  0.000012  7.682449e+06  1.738009e+09
1590  1552.078316    0.000088  0.000026  ...  0.000012  7.671729e+06  1.738009e+09
1591  1552.073840    0.000090  0.000019  ...  0.000012  7.692687e+06  1.738009e+09

[1592 rows x 13 columns]
CHANNEL_0_10
           cbragg  cbragg_err   credchi  ...  cdelta_n            cL     timestamp
0     1553.078460    0.000090  0.000018  ...  0.000012  7.721126e+06  1.737993e+09
1     1553.081943    0.000090  0.000020  ...  0.000012  7.718749e+06  1.737993e+09
2     1553.078490    0.000091  0.000018  ...  0.000012  7.716493e+06  1.737993e+09
3     1553.082007    0.000090  0.000021  ...  0.000012  7.711575e+06  1.737993e+09
4     1553.078503    0.000088  0.000017  ...  0.000012  7.697166e+06  1.737993e+09
...           ...         ...       ...  ...       ...           ...           ...
1587  1553.082451    0.000091  0.000021  ...  0.000012  7.689836e+06  1.738009e+09
1588  1553.079108    0.000092  0.000018  ...  0.000012  7.654752e+06  1.738009e+09
1589  1553.082618    0.000091  0.000021  ...  0.000012  7.666647e+06  1.738009e+09
1590  1553.079122    0.000089  0.000017  ...  0.000012  7.723863e+06  1.738009e+09
1591  1553.082531    0.000093  0.000022  ...  0.000012  7.704151e+06  1.738009e+09

[1592 rows x 13 columns]
CHANNEL_0_11
           cbragg  cbragg_err   credchi  ...  cdelta_n            cL     timestamp
0     1554.092846    0.000073  0.000013  ...  0.000012  7.643273e+06  1.737993e+09
1     1554.086349    0.000073  0.000010  ...  0.000012  7.656776e+06  1.737993e+09
2     1554.092851    0.000071  0.000013  ...  0.000012  7.639735e+06  1.737993e+09
3     1554.086456    0.000069  0.000009  ...  0.000012  7.661048e+06  1.737993e+09
4     1554.092969    0.000070  0.000012  ...  0.000012  7.634455e+06  1.737993e+09
...           ...         ...       ...  ...       ...           ...           ...
1587  1554.086923    0.000076  0.000011  ...  0.000012  7.579409e+06  1.738009e+09
1588  1554.093589    0.000070  0.000012  ...  0.000012  7.642304e+06  1.738009e+09
1589  1554.086960    0.000075  0.000010  ...  0.000012  7.655481e+06  1.738009e+09
1590  1554.093630    0.000072  0.000013  ...  0.000012  7.635488e+06  1.738009e+09
1591  1554.086928    0.000073  0.000010  ...  0.000012  7.595054e+06  1.738009e+09

[1592 rows x 13 columns]
CHANNEL_0_12
           cbragg  cbragg_err   credchi  ...  cdelta_n            cL     timestamp
0     1555.114206    0.000110  0.000049  ...  0.000012  7.518983e+06  1.737993e+09
1     1555.112822    0.000114  0.000042  ...  0.000012  7.518022e+06  1.737993e+09
2     1555.114287    0.000113  0.000052  ...  0.000012  7.512662e+06  1.737993e+09
3     1555.112835    0.000113  0.000041  ...  0.000012  7.542362e+06  1.737993e+09
4     1555.114351    0.000111  0.000050  ...  0.000012  7.512811e+06  1.737993e+09
...           ...         ...       ...  ...       ...           ...           ...
1587  1555.113472    0.000116  0.000043  ...  0.000012  7.535231e+06  1.738009e+09
1588  1555.114986    0.000110  0.000049  ...  0.000012  7.520908e+06  1.738009e+09
1589  1555.113507    0.000123  0.000050  ...  0.000012  7.661602e+06  1.738009e+09
1590  1555.114899    0.000111  0.000049  ...  0.000012  7.534347e+06  1.738009e+09
1591  1555.113482    0.000115  0.000043  ...  0.000012  7.559015e+06  1.738009e+09

[1592 rows x 13 columns]
CHANNEL_0_13
           cbragg  cbragg_err   credchi  ...  cdelta_n            cL     timestamp
0     1556.087979    0.000143  0.000037  ...  0.000012  7.675096e+06  1.737993e+09
1     1556.088595    0.000136  0.000044  ...  0.000012  7.657152e+06  1.737993e+09
2     1556.087993    0.000140  0.000035  ...  0.000012  7.671518e+06  1.737993e+09
3     1556.088735    0.000139  0.000046  ...  0.000012  7.644159e+06  1.737993e+09
4     1556.088082    0.000143  0.000037  ...  0.000012  7.678540e+06  1.737993e+09
...           ...         ...       ...  ...       ...           ...           ...
1587  1556.089309    0.000138  0.000045  ...  0.000012  7.637178e+06  1.738009e+09
1588  1556.088686    0.000143  0.000037  ...  0.000012  7.671778e+06  1.738009e+09
1589  1556.089342    0.000139  0.000046  ...  0.000012  7.652720e+06  1.738009e+09
1590  1556.088656    0.000139  0.000035  ...  0.000012  7.683728e+06  1.738009e+09
1591  1556.089332    0.000135  0.000044  ...  0.000012  7.654359e+06  1.738009e+09

[1592 rows x 13 columns]
CHANNEL_0_14
           cbragg  cbragg_err   credchi  ...  cdelta_n            cL     timestamp
0     1557.062625    0.000100  0.000047  ...  0.000012  7.708720e+06  1.737993e+09
1     1557.055754    0.000094  0.000022  ...  0.000012  7.703345e+06  1.737993e+09
2     1557.062601    0.000114  0.000061  ...  0.000012  7.822780e+06  1.737993e+09
3     1557.055815    0.000093  0.000022  ...  0.000012  7.699462e+06  1.737993e+09
4     1557.062702    0.000137  0.000090  ...  0.000012  7.913021e+06  1.737993e+09
...           ...         ...       ...  ...       ...           ...           ...
1587  1557.056322    0.000093  0.000021  ...  0.000012  7.706947e+06  1.738009e+09
1588  1557.063332    0.000153  0.000105  ...  0.000012  7.820222e+06  1.738009e+09
1589  1557.056367    0.000093  0.000021  ...  0.000012  7.709777e+06  1.738009e+09
1590  1557.063234    0.000158  0.000115  ...  0.000012  7.877644e+06  1.738009e+09
1591  1557.056417    0.000095  0.000022  ...  0.000012  7.694882e+06  1.738009e+09

[1592 rows x 13 columns]
CHANNEL_1_1
           cbragg  cbragg_err   credchi  ...  cdelta_n            cL     timestamp
0     1555.125633    0.000666  0.000532  ...  0.000012  3.064427e+06  1.737993e+09
1     1555.130067    0.000091  0.000007  ...  0.000012  2.613829e+06  1.737993e+09
2     1555.126502    0.000342  0.000109  ...  0.000012  2.812044e+06  1.737993e+09
3     1555.130092    0.000104  0.000008  ...  0.000012  2.587337e+06  1.737993e+09
4     1555.126949    0.000208  0.000029  ...  0.000012  2.527932e+06  1.737993e+09
...           ...         ...       ...  ...       ...           ...           ...
1587  1555.130142    0.000138  0.000015  ...  0.000012  2.565228e+06  1.738009e+09
1588  1555.126950    0.000247  0.000040  ...  0.000012  2.492031e+06  1.738009e+09
1589  1555.130162    0.000214  0.000033  ...  0.000012  2.525645e+06  1.738009e+09
1590  1555.126459    0.001379  0.002966  ...  0.000012  3.517058e+06  1.738009e+09
1591  1555.130180    0.000171  0.000022  ...  0.000012  2.548419e+06  1.738009e+09

[1592 rows x 13 columns]
CHANNEL_1_2
           cbragg  cbragg_err   credchi  ...  cdelta_n            cL     timestamp
0     1558.275683    0.000112  0.000018  ...  0.000012  2.808727e+06  1.737993e+09
1     1558.278716    0.000110  0.000017  ...  0.000012  2.809470e+06  1.737993e+09
2     1558.275238    0.000531  0.000563  ...  0.000012  3.137889e+06  1.737993e+09
3     1558.277740    0.001268  0.004318  ...  0.000012  3.697108e+06  1.737993e+09
4     1558.274445    0.000978  0.002480  ...  0.000012  3.506176e+06  1.737993e+09
...           ...         ...       ...  ...       ...           ...           ...
1587  1558.278837    0.000160  0.000034  ...  0.000012  2.734659e+06  1.738009e+09
1588  1558.275538    0.000113  0.000018  ...  0.000012  2.796027e+06  1.738009e+09
1589  1558.278567    0.000110  0.000017  ...  0.000012  2.818298e+06  1.738009e+09
1590  1558.275976    0.000220  0.000060  ...  0.000012  2.700990e+06  1.738009e+09
1591  1558.278619    0.000465  0.000302  ...  0.000012  2.716968e+06  1.738009e+09

[1592 rows x 13 columns]
CHANNEL_1_3
           cbragg  cbragg_err   credchi  ...  cdelta_n            cL     timestamp
0     1561.090700    0.000168  0.000043  ...  0.000012  2.829513e+06  1.737993e+09
1     1561.087198    0.000040  0.000002  ...  0.000012  2.932762e+06  1.737993e+09
2     1561.090562    0.000088  0.000012  ...  0.000012  2.875521e+06  1.737993e+09
3     1561.087242    0.000052  0.000004  ...  0.000012  2.921203e+06  1.737993e+09
4     1561.090626    0.000039  0.000003  ...  0.000012  2.937558e+06  1.737993e+09
...           ...         ...       ...  ...       ...           ...           ...
1587  1561.087358    0.000752  0.001341  ...  0.000012  3.488611e+06  1.738009e+09
1588  1561.090873    0.000534  0.000638  ...  0.000012  3.285018e+06  1.738009e+09
1589  1561.087989    0.000130  0.000024  ...  0.000012  2.858906e+06  1.738009e+09
1590  1561.091185    0.000043  0.000003  ...  0.000012  2.933727e+06  1.738009e+09
1591  1561.088263    0.000146  0.000030  ...  0.000012  2.853023e+06  1.738009e+09

[1592 rows x 13 columns]
CHANNEL_2_1
           cbragg  cbragg_err   credchi  ...  cdelta_n            cL     timestamp
0     1542.577937    0.000106  0.000004  ...  0.000012  2.745576e+06  1.737993e+09
1     1542.577421         NaN  0.000063  ...  0.000012  2.600988e+06  1.737993e+09
2     1542.581332         NaN  0.003584  ...  0.000012  1.232529e+06  1.737993e+09
3     1542.577431    0.000086  0.000005  ...  0.000012  2.745706e+06  1.737993e+09
4     1542.585538    0.010489  0.003733  ...  0.000012  1.177498e+06  1.737993e+09
...           ...         ...       ...  ...       ...           ...           ...
1587  1542.578089         NaN  0.000096  ...  0.000012  2.558778e+06  1.738009e+09
1588  1542.592754         NaN  0.003739  ...  0.000012  1.171473e+06  1.738009e+09
1589  1542.577522    0.000066  0.000004  ...  0.000012  2.747101e+06  1.738009e+09
1590  1542.577960    0.000066  0.000004  ...  0.000012  2.745487e+06  1.738009e+09
1591  1542.577524    0.000090  0.000005  ...  0.000012  2.743566e+06  1.738009e+09

[1592 rows x 13 columns]
CHANNEL_2_2
           cbragg  cbragg_err   credchi  ...  cdelta_n            cL     timestamp
0     1546.012625    0.000149  0.000017  ...  0.000012  2.675440e+06  1.737993e+09
1     1546.013137    0.000144  0.000018  ...  0.000012  2.667755e+06  1.737993e+09
2     1546.012835    0.000757  0.000734  ...  0.000012  3.172354e+06  1.737993e+09
3     1546.013469    0.000487  0.000274  ...  0.000012  2.957948e+06  1.737993e+09
4     1546.012758    0.000224  0.000045  ...  0.000012  2.786645e+06  1.737993e+09
...           ...         ...       ...  ...       ...           ...           ...
1587  1546.013334    0.000155  0.000020  ...  0.000012  2.638191e+06  1.738009e+09
1588  1546.012945    0.000715  0.000559  ...  0.000012  3.050077e+06  1.738009e+09
1589  1546.013921    0.000829  0.000866  ...  0.000012  3.126678e+06  1.738009e+09
1590  1546.013126    0.000533  0.000276  ...  0.000012  2.920361e+06  1.738009e+09
1591  1546.013959    0.000659  0.000510  ...  0.000012  3.025202e+06  1.738009e+09

[1592 rows x 13 columns]
CHANNEL_2_3
           cbragg  cbragg_err   credchi  ...  cdelta_n            cL     timestamp
0     1548.604006    0.000121  0.000015  ...  0.000012  2.862014e+06  1.737993e+09
1     1548.605839    0.000648  0.000646  ...  0.000012  3.299142e+06  1.737993e+09
2     1548.603993    0.000103  0.000011  ...  0.000012  2.894105e+06  1.737993e+09
3     1548.604711    0.000884  0.001291  ...  0.000012  3.450551e+06  1.737993e+09
4     1548.604217    0.000096  0.000010  ...  0.000012  2.895832e+06  1.737993e+09
...           ...         ...       ...  ...       ...           ...           ...
1587  1548.606712    0.000107  0.000013  ...  0.000012  2.890641e+06  1.738009e+09
1588  1548.604534    0.000109  0.000012  ...  0.000012  2.883803e+06  1.738009e+09
1589  1548.606877    0.000256  0.000063  ...  0.000012  2.751742e+06  1.738009e+09
1590  1548.604690    0.000130  0.000017  ...  0.000012  2.837802e+06  1.738009e+09
1591  1548.606607    0.000108  0.000013  ...  0.000012  2.888543e+06  1.738009e+09

[1592 rows x 13 columns]
CHANNEL_3_1
           cbragg  cbragg_err   credchi  ...  cdelta_n            cL     timestamp
0     1543.638077    0.000102  0.000023  ...  0.000012  7.840436e+06  1.737993e+09
1     1543.625096    0.000105  0.000015  ...  0.000012  7.904943e+06  1.737993e+09
2     1543.638061    0.000121  0.000024  ...  0.000012  7.841761e+06  1.737993e+09
3     1543.625171    0.000105  0.000014  ...  0.000012  7.910535e+06  1.737993e+09
4     1543.638124    0.000102  0.000023  ...  0.000012  7.852962e+06  1.737993e+09
...           ...         ...       ...  ...       ...           ...           ...
1587  1543.625187    0.000104  0.000015  ...  0.000012  7.889603e+06  1.738009e+09
1588  1543.638188    0.000101  0.000022  ...  0.000012  7.855246e+06  1.738009e+09
1589  1543.625119    0.000122  0.000014  ...  0.000012  7.890543e+06  1.738009e+09
1590  1543.638043    0.000102  0.000023  ...  0.000012  7.844656e+06  1.738009e+09
1591  1543.625144    0.000106  0.000014  ...  0.000012  7.899261e+06  1.738009e+09

[1592 rows x 13 columns]
CHANNEL_3_2
           cbragg  cbragg_err   credchi  ...  cdelta_n            cL     timestamp
0     1544.663654    0.000132  0.000029  ...  0.000012  7.879006e+06  1.737993e+09
1     1544.656678    0.000129  0.000033  ...  0.000012  7.837312e+06  1.737993e+09
2     1544.663675    0.000115  0.000030  ...  0.000012  7.875486e+06  1.737993e+09
3     1544.656717    0.000116  0.000034  ...  0.000012  7.835335e+06  1.737993e+09
4     1544.663657    0.000115  0.000030  ...  0.000012  7.872396e+06  1.737993e+09
...           ...         ...       ...  ...       ...           ...           ...
1587  1544.656651    0.000212  0.000034  ...  0.000012  7.833037e+06  1.738009e+09
1588  1544.663713    0.000115  0.000030  ...  0.000012  7.875104e+06  1.738009e+09
1589  1544.656610    0.000118  0.000034  ...  0.000012  7.829739e+06  1.738009e+09
1590  1544.663730    0.000270  0.000028  ...  0.000012  7.875273e+06  1.738009e+09
1591  1544.656620    0.000112  0.000034  ...  0.000012  7.830298e+06  1.738009e+09

[1592 rows x 13 columns]
CHANNEL_3_3
           cbragg  cbragg_err   credchi  ...  cdelta_n            cL     timestamp
0     1545.662272    0.000107  0.000034  ...  0.000012  7.620231e+06  1.737993e+09
1     1545.653535    0.000108  0.000023  ...  0.000012  7.621462e+06  1.737993e+09
2     1545.662147    0.000107  0.000035  ...  0.000012  7.599243e+06  1.737993e+09
3     1545.653631    0.000107  0.000023  ...  0.000012  7.626316e+06  1.737993e+09
4     1545.662294    0.000108  0.000035  ...  0.000012  7.601685e+06  1.737993e+09
...           ...         ...       ...  ...       ...           ...           ...
1587  1545.653575    0.000111  0.000025  ...  0.000012  7.621958e+06  1.738009e+09
1588  1545.662248    0.000108  0.000035  ...  0.000012  7.615168e+06  1.738009e+09
1589  1545.653597    0.000106  0.000023  ...  0.000012  7.618673e+06  1.738009e+09
1590  1545.662288    0.000125  0.000048  ...  0.000012  7.770108e+06  1.738009e+09
1591  1545.653527    0.000103  0.000021  ...  0.000012  7.631886e+06  1.738009e+09

[1592 rows x 13 columns]
CHANNEL_3_4
           cbragg  cbragg_err   credchi  ...  cdelta_n            cL     timestamp
0     1546.635859    0.000097  0.000023  ...  0.000012  7.770270e+06  1.737993e+09
1     1546.625455    0.000095  0.000020  ...  0.000012  7.769295e+06  1.737993e+09
2     1546.635759    0.000096  0.000023  ...  0.000012  7.773554e+06  1.737993e+09
3     1546.625477    0.000094  0.000020  ...  0.000012  7.779205e+06  1.737993e+09
4     1546.635930    0.000096  0.000023  ...  0.000012  7.774411e+06  1.737993e+09
...           ...         ...       ...  ...       ...           ...           ...
1587  1546.625520    0.000093  0.000019  ...  0.000012  7.780817e+06  1.738009e+09
1588  1546.635820    0.000096  0.000023  ...  0.000012  7.777412e+06  1.738009e+09
1589  1546.625456    0.000093  0.000019  ...  0.000012  7.777921e+06  1.738009e+09
1590  1546.635848    0.000096  0.000023  ...  0.000012  7.779186e+06  1.738009e+09
1591  1546.625409    0.000094  0.000020  ...  0.000012  7.780020e+06  1.738009e+09

[1592 rows x 13 columns]
CHANNEL_3_5
           cbragg  cbragg_err   credchi  ...  cdelta_n            cL     timestamp
0     1547.650983    0.000079  0.000014  ...  0.000012  7.611130e+06  1.737993e+09
1     1547.649025    0.000075  0.000014  ...  0.000012  7.592867e+06  1.737993e+09
2     1547.650914    0.000080  0.000014  ...  0.000012  7.603208e+06  1.737993e+09
3     1547.648952    0.000075  0.000014  ...  0.000012  7.589721e+06  1.737993e+09
4     1547.650959    0.000079  0.000014  ...  0.000012  7.608197e+06  1.737993e+09
...           ...         ...       ...  ...       ...           ...           ...
1587  1547.649253    0.000076  0.000014  ...  0.000012  7.592964e+06  1.738009e+09
1588  1547.651091    0.000080  0.000014  ...  0.000012  7.608375e+06  1.738009e+09
1589  1547.649019    0.000078  0.000015  ...  0.000012  7.595093e+06  1.738009e+09
1590  1547.651138    0.000079  0.000014  ...  0.000012  7.607719e+06  1.738009e+09
1591  1547.649128    0.000078  0.000015  ...  0.000012  7.582665e+06  1.738009e+09

[1592 rows x 13 columns]
CHANNEL_3_6
           cbragg  cbragg_err   credchi  ...  cdelta_n            cL     timestamp
0     1548.641278    0.000077  0.000019  ...  0.000012  7.797135e+06  1.737993e+09
1     1548.629596    0.000073  0.000010  ...  0.000012  7.904609e+06  1.737993e+09
2     1548.641437    0.000136  0.000059  ...  0.000012  7.972047e+06  1.737993e+09
3     1548.629678    0.000074  0.000010  ...  0.000012  7.905786e+06  1.737993e+09
4     1548.641422    0.000078  0.000020  ...  0.000012  7.813746e+06  1.737993e+09
...           ...         ...       ...  ...       ...           ...           ...
1587  1548.629805    0.000076  0.000011  ...  0.000012  7.867013e+06  1.738009e+09
1588  1548.641420    0.000077  0.000020  ...  0.000012  7.801159e+06  1.738009e+09
1589  1548.629686    0.000074  0.000010  ...  0.000012  7.914353e+06  1.738009e+09
1590  1548.641532    0.000080  0.000021  ...  0.000012  7.848564e+06  1.738009e+09
1591  1548.629805    0.000073  0.000010  ...  0.000012  7.898257e+06  1.738009e+09

[1592 rows x 13 columns]
CHANNEL_3_7
           cbragg  cbragg_err   credchi  ...  cdelta_n            cL     timestamp
0     1549.655145    0.000086  0.000013  ...  0.000012  7.574850e+06  1.737993e+09
1     1549.656641    0.000087  0.000022  ...  0.000012  7.506325e+06  1.737993e+09
2     1549.655236    0.000088  0.000014  ...  0.000012  7.561563e+06  1.737993e+09
3     1549.656577    0.000086  0.000021  ...  0.000012  7.535882e+06  1.737993e+09
4     1549.655240    0.000088  0.000014  ...  0.000012  7.566763e+06  1.737993e+09
...           ...         ...       ...  ...       ...           ...           ...
1587  1549.656650    0.000085  0.000021  ...  0.000012  7.522538e+06  1.738009e+09
1588  1549.655286    0.000132  0.000029  ...  0.000012  7.256052e+06  1.738009e+09
1589  1549.656571    0.000087  0.000021  ...  0.000012  7.523148e+06  1.738009e+09
1590  1549.655402    0.000088  0.000014  ...  0.000012  7.576194e+06  1.738009e+09
1591  1549.656690    0.000085  0.000020  ...  0.000012  7.510998e+06  1.738009e+09

[1592 rows x 13 columns]
CHANNEL_3_8
           cbragg  cbragg_err   credchi  ...  cdelta_n            cL     timestamp
0     1550.611986    0.000086  0.000018  ...  0.000012  7.636700e+06  1.737993e+09
1     1550.603068    0.000090  0.000011  ...  0.000012  7.714667e+06  1.737993e+09
2     1550.611993    0.000090  0.000019  ...  0.000012  7.635590e+06  1.737993e+09
3     1550.603025    0.000088  0.000011  ...  0.000012  7.716278e+06  1.737993e+09
4     1550.612100    0.000088  0.000019  ...  0.000012  7.637734e+06  1.737993e+09
...           ...         ...       ...  ...       ...           ...           ...
1587  1550.603410    0.000090  0.000011  ...  0.000012  7.710366e+06  1.738009e+09
1588  1550.612558    0.000089  0.000019  ...  0.000012  7.630482e+06  1.738009e+09
1589  1550.603484    0.000089  0.000011  ...  0.000012  7.707087e+06  1.738009e+09
1590  1550.612532    0.000090  0.000019  ...  0.000012  7.634174e+06  1.738009e+09
1591  1550.603546    0.000090  0.000011  ...  0.000012  7.704935e+06  1.738009e+09

[1592 rows x 13 columns]
CHANNEL_3_9
           cbragg  cbragg_err   credchi  ...  cdelta_n            cL     timestamp
0     1551.606528    0.000094  0.000013  ...  0.000012  7.702834e+06  1.737993e+09
1     1551.604166    0.000088  0.000016  ...  0.000012  7.663482e+06  1.737993e+09
2     1551.606554    0.000109  0.000018  ...  0.000012  7.546536e+06  1.737993e+09
3     1551.604167    0.000089  0.000016  ...  0.000012  7.672500e+06  1.737993e+09
4     1551.606607    0.000170  0.000040  ...  0.000012  7.280524e+06  1.737993e+09
...           ...         ...       ...  ...       ...           ...           ...
1587  1551.604580    0.000090  0.000017  ...  0.000012  7.655664e+06  1.738009e+09
1588  1551.607163    0.000093  0.000013  ...  0.000012  7.689571e+06  1.738009e+09
1589  1551.604684    0.000092  0.000017  ...  0.000012  7.662693e+06  1.738009e+09
1590  1551.607096    0.000094  0.000013  ...  0.000012  7.692866e+06  1.738009e+09
1591  1551.604731    0.000089  0.000016  ...  0.000012  7.666781e+06  1.738009e+09

[1592 rows x 13 columns]
CHANNEL_3_10
           cbragg  cbragg_err   credchi  ...  cdelta_n            cL     timestamp
0     1552.615053    0.000101  0.000018  ...  0.000012  7.707422e+06  1.737993e+09
1     1552.608671    0.000104  0.000015  ...  0.000012  7.778246e+06  1.737993e+09
2     1552.615169    0.000102  0.000018  ...  0.000012  7.757982e+06  1.737993e+09
3     1552.608699    0.000103  0.000015  ...  0.000012  7.800278e+06  1.737993e+09
4     1552.615114    0.000102  0.000018  ...  0.000012  7.767796e+06  1.737993e+09
...           ...         ...       ...  ...       ...           ...           ...
1587  1552.609078    0.000104  0.000015  ...  0.000012  7.790985e+06  1.738009e+09
1588  1552.615649    0.000102  0.000018  ...  0.000012  7.767720e+06  1.738009e+09
1589  1552.609175    0.000104  0.000015  ...  0.000012  7.795941e+06  1.738009e+09
1590  1552.615612    0.000101  0.000017  ...  0.000012  7.769922e+06  1.738009e+09
1591  1552.609108    0.000103  0.000015  ...  0.000012  7.802272e+06  1.738009e+09

[1592 rows x 13 columns]
CHANNEL_3_11
           cbragg  cbragg_err   credchi  ...  cdelta_n            cL     timestamp
0     1553.584260    0.000124  0.000035  ...  0.000012  7.946420e+06  1.737993e+09
1     1553.573577    0.000126  0.000028  ...  0.000012  7.935215e+06  1.737993e+09
2     1553.584411    0.000123  0.000034  ...  0.000012  7.960156e+06  1.737993e+09
3     1553.573734    0.000125  0.000028  ...  0.000012  7.940581e+06  1.737993e+09
4     1553.584497    0.000126  0.000036  ...  0.000012  7.947611e+06  1.737993e+09
...           ...         ...       ...  ...       ...           ...           ...
1587  1553.574209    0.000123  0.000027  ...  0.000012  7.958533e+06  1.738009e+09
1588  1553.584994    0.000123  0.000034  ...  0.000012  7.966782e+06  1.738009e+09
1589  1553.574221    0.000123  0.000027  ...  0.000012  7.949203e+06  1.738009e+09
1590  1553.584980    0.000123  0.000034  ...  0.000012  7.959526e+06  1.738009e+09
1591  1553.574282    0.000124  0.000027  ...  0.000012  7.938997e+06  1.738009e+09

[1592 rows x 13 columns]
CHANNEL_3_12
           cbragg  cbragg_err   credchi  ...  cdelta_n            cL     timestamp
0     1554.557590    0.000097  0.000019  ...  0.000012  7.735729e+06  1.737993e+09
1     1554.553280    0.000096  0.000014  ...  0.000012  7.834182e+06  1.737993e+09
2     1554.557639    0.000095  0.000018  ...  0.000012  7.812224e+06  1.737993e+09
3     1554.553384    0.000096  0.000014  ...  0.000012  7.827713e+06  1.737993e+09
4     1554.557652    0.000094  0.000017  ...  0.000012  7.821900e+06  1.737993e+09
...           ...         ...       ...  ...       ...           ...           ...
1587  1554.553815    0.000097  0.000015  ...  0.000012  7.838898e+06  1.738009e+09
1588  1554.558248    0.000095  0.000018  ...  0.000012  7.815058e+06  1.738009e+09
1589  1554.553898    0.000096  0.000014  ...  0.000012  7.836424e+06  1.738009e+09
1590  1554.558226    0.000096  0.000018  ...  0.000012  7.725793e+06  1.738009e+09
1591  1554.553783    0.000094  0.000014  ...  0.000012  7.843219e+06  1.738009e+09

[1592 rows x 13 columns]
CHANNEL_3_13
           cbragg  cbragg_err   credchi  ...  cdelta_n            cL     timestamp
0     1555.565618    0.000086  0.000012  ...  0.000012  7.622883e+06  1.737993e+09
1     1555.559710    0.000086  0.000013  ...  0.000012  7.602913e+06  1.737993e+09
2     1555.565612    0.000088  0.000013  ...  0.000012  7.588716e+06  1.737993e+09
3     1555.559808    0.000087  0.000013  ...  0.000012  7.591040e+06  1.737993e+09
4     1555.565641    0.000085  0.000012  ...  0.000012  7.643631e+06  1.737993e+09
...           ...         ...       ...  ...       ...           ...           ...
1587  1555.560315    0.000084  0.000012  ...  0.000012  7.592480e+06  1.738009e+09
1588  1555.566239    0.000087  0.000012  ...  0.000012  7.585835e+06  1.738009e+09
1589  1555.560372    0.000085  0.000013  ...  0.000012  7.599147e+06  1.738009e+09
1590  1555.566210    0.000088  0.000013  ...  0.000012  7.629370e+06  1.738009e+09
1591  1555.560325    0.000085  0.000013  ...  0.000012  7.586626e+06  1.738009e+09

[1592 rows x 13 columns]
CHANNEL_3_14
           cbragg  cbragg_err   credchi  ...  cdelta_n            cL     timestamp
0     1556.519735    0.000177  0.000070  ...  0.000012  7.735369e+06  1.737993e+09
1     1556.513538    0.000181  0.000047  ...  0.000012  7.788003e+06  1.737993e+09
2     1556.519781    0.000183  0.000074  ...  0.000012  7.704321e+06  1.737993e+09
3     1556.513557    0.000185  0.000049  ...  0.000012  7.791766e+06  1.737993e+09
4     1556.519809    0.000185  0.000076  ...  0.000012  7.737557e+06  1.737993e+09
...           ...         ...       ...  ...       ...           ...           ...
1587  1556.514031    0.000188  0.000050  ...  0.000012  7.799957e+06  1.738009e+09
1588  1556.520347    0.000186  0.000077  ...  0.000012  7.697003e+06  1.738009e+09
1589  1556.514037    0.000184  0.000048  ...  0.000012  7.786281e+06  1.738009e+09
1590  1556.520306    0.000185  0.000075  ...  0.000012  7.676263e+06  1.738009e+09
1591  1556.514007    0.000183  0.000048  ...  0.000012  7.788502e+06  1.738009e+09

[1592 rows x 13 columns]
