CHANNEL_0_1
           cbragg  cbragg_err   credchi  ...  cdelta_n            cL     timestamp
0     1544.228010    0.000098  0.000042  ...  0.000012  7.684121e+06  1.737819e+09
1     1544.229694    0.000116  0.000053  ...  0.000012  7.649677e+06  1.737819e+09
2     1544.228010    0.000098  0.000041  ...  0.000012  7.694083e+06  1.737819e+09
3     1544.229795    0.000224  0.000054  ...  0.000012  7.638857e+06  1.737819e+09
4     1544.228014    0.000130  0.000041  ...  0.000012  7.698143e+06  1.737819e+09
...           ...         ...       ...  ...       ...           ...           ...
1587  1544.230248    0.000305  0.000054  ...  0.000012  7.651584e+06  1.737834e+09
1588  1544.228228    0.000101  0.000041  ...  0.000012  7.704992e+06  1.737834e+09
1589  1544.230187    0.000116  0.000056  ...  0.000012  7.643399e+06  1.737834e+09
1590  1544.228418    0.000097  0.000041  ...  0.000012  7.702470e+06  1.737834e+09
1591  1544.230328    0.000186  0.000054  ...  0.000012  7.646735e+06  1.737834e+09

[1592 rows x 13 columns]
CHANNEL_0_2
           cbragg  cbragg_err   credchi  ...  cdelta_n            cL     timestamp
0     1545.182193    0.000149  0.000017  ...  0.000012  7.633440e+06  1.737819e+09
1     1545.183508    0.000085  0.000015  ...  0.000012  7.654502e+06  1.737819e+09
2     1545.182172    0.000081  0.000016  ...  0.000012  7.656058e+06  1.737819e+09
3     1545.183557    0.000083  0.000014  ...  0.000012  7.665224e+06  1.737819e+09
4     1545.182212    0.000082  0.000017  ...  0.000012  7.651167e+06  1.737819e+09
...           ...         ...       ...  ...       ...           ...           ...
1587  1545.184056    0.000085  0.000014  ...  0.000012  7.660667e+06  1.737834e+09
1588  1545.182523    0.000084  0.000018  ...  0.000012  7.643105e+06  1.737834e+09
1589  1545.184021    0.000085  0.000014  ...  0.000012  7.666524e+06  1.737834e+09
1590  1545.182645    0.000084  0.000018  ...  0.000012  7.657538e+06  1.737834e+09
1591  1545.184047    0.000139  0.000015  ...  0.000012  7.660278e+06  1.737834e+09

[1592 rows x 13 columns]
CHANNEL_0_3
           cbragg  cbragg_err   credchi  ...  cdelta_n            cL     timestamp
0     1546.168437    0.000110  0.000048  ...  0.000012  7.654840e+06  1.737819e+09
1     1546.166657    0.000110  0.000047  ...  0.000012  7.609535e+06  1.737819e+09
2     1546.168412    0.000109  0.000047  ...  0.000012  7.608220e+06  1.737819e+09
3     1546.166698    0.000110  0.000047  ...  0.000012  7.629458e+06  1.737819e+09
4     1546.168425    0.000109  0.000047  ...  0.000012  7.649942e+06  1.737819e+09
...           ...         ...       ...  ...       ...           ...           ...
1587  1546.167162    0.000110  0.000047  ...  0.000012  7.625467e+06  1.737834e+09
1588  1546.168774    0.000111  0.000049  ...  0.000012  7.665236e+06  1.737834e+09
1589  1546.167147    0.000111  0.000048  ...  0.000012  7.626234e+06  1.737834e+09
1590  1546.168896    0.000109  0.000047  ...  0.000012  7.652379e+06  1.737834e+09
1591  1546.167238    0.000110  0.000047  ...  0.000012  7.602165e+06  1.737834e+09

[1592 rows x 13 columns]
CHANNEL_0_4
           cbragg  cbragg_err   credchi  ...  cdelta_n            cL     timestamp
0     1547.160104    0.000114  0.000055  ...  0.000012  7.845896e+06  1.737819e+09
1     1547.162086    0.000117  0.000049  ...  0.000012  7.863027e+06  1.737819e+09
2     1547.160170    0.000113  0.000054  ...  0.000012  7.859288e+06  1.737819e+09
3     1547.162100    0.000116  0.000048  ...  0.000012  7.859333e+06  1.737819e+09
4     1547.160104    0.000114  0.000055  ...  0.000012  7.857123e+06  1.737819e+09
...           ...         ...       ...  ...       ...           ...           ...
1587  1547.162427    0.000115  0.000048  ...  0.000012  7.862421e+06  1.737834e+09
1588  1547.160517    0.000112  0.000053  ...  0.000012  7.858677e+06  1.737834e+09
1589  1547.162542    0.000117  0.000049  ...  0.000012  7.867679e+06  1.737834e+09
1590  1547.160604    0.000111  0.000052  ...  0.000012  7.854213e+06  1.737834e+09
1591  1547.162592    0.000116  0.000048  ...  0.000012  7.871689e+06  1.737834e+09

[1592 rows x 13 columns]
CHANNEL_0_5
           cbragg  cbragg_err   credchi  ...  cdelta_n            cL     timestamp
0     1548.134517    0.000095  0.000035  ...  0.000012  7.724260e+06  1.737819e+09
1     1548.137727    0.000093  0.000050  ...  0.000012  7.721814e+06  1.737819e+09
2     1548.134518    0.000091  0.000032  ...  0.000012  7.722744e+06  1.737819e+09
3     1548.137727    0.000093  0.000049  ...  0.000012  7.661070e+06  1.737819e+09
4     1548.134577    0.000096  0.000036  ...  0.000012  7.727514e+06  1.737819e+09
...           ...         ...       ...  ...       ...           ...           ...
1587  1548.138183    0.000094  0.000050  ...  0.000012  7.637627e+06  1.737834e+09
1588  1548.134758    0.000116  0.000053  ...  0.000012  7.928619e+06  1.737834e+09
1589  1548.138262    0.000110  0.000072  ...  0.000012  7.856593e+06  1.737834e+09
1590  1548.134858    0.000135  0.000072  ...  0.000012  7.987016e+06  1.737834e+09
1591  1548.138231    0.000092  0.000048  ...  0.000012  7.665495e+06  1.737834e+09

[1592 rows x 13 columns]
CHANNEL_0_6
           cbragg  cbragg_err   credchi  ...  cdelta_n            cL     timestamp
0     1549.120846    0.000083  0.000046  ...  0.000012  7.451615e+06  1.737819e+09
1     1549.113150    0.000079  0.000025  ...  0.000012  7.544499e+06  1.737819e+09
2     1549.120848    0.000083  0.000046  ...  0.000012  7.475230e+06  1.737819e+09
3     1549.113120    0.000078  0.000024  ...  0.000012  7.532000e+06  1.737819e+09
4     1549.121442    0.000206  0.000300  ...  0.000012  7.906226e+06  1.737819e+09
...           ...         ...       ...  ...       ...           ...           ...
1587  1549.113420    0.000079  0.000025  ...  0.000012  7.540241e+06  1.737834e+09
1588  1549.121141    0.000082  0.000046  ...  0.000012  7.470143e+06  1.737834e+09
1589  1549.113439    0.000076  0.000023  ...  0.000012  7.547925e+06  1.737834e+09
1590  1549.121459    0.000148  0.000160  ...  0.000012  7.833424e+06  1.737834e+09
1591  1549.113489    0.000078  0.000024  ...  0.000012  7.524892e+06  1.737834e+09

[1592 rows x 13 columns]
CHANNEL_0_7
           cbragg  cbragg_err   credchi  ...  cdelta_n            cL     timestamp
0     1550.116079    0.000123  0.000045  ...  0.000012  7.609803e+06  1.737819e+09
1     1550.120538    0.000121  0.000052  ...  0.000012  7.615930e+06  1.737819e+09
2     1550.115978    0.000123  0.000045  ...  0.000012  7.601093e+06  1.737819e+09
3     1550.120491    0.000122  0.000053  ...  0.000012  7.616063e+06  1.737819e+09
4     1550.115953    0.000124  0.000046  ...  0.000012  7.601011e+06  1.737819e+09
...           ...         ...       ...  ...       ...           ...           ...
1587  1550.120836    0.000121  0.000051  ...  0.000012  7.619409e+06  1.737834e+09
1588  1550.116292    0.000124  0.000046  ...  0.000012  7.606822e+06  1.737834e+09
1589  1550.120850    0.000120  0.000051  ...  0.000012  7.624212e+06  1.737834e+09
1590  1550.116395    0.000123  0.000045  ...  0.000012  7.590070e+06  1.737834e+09
1591  1550.120888    0.000123  0.000054  ...  0.000012  7.612160e+06  1.737834e+09

[1592 rows x 13 columns]
CHANNEL_0_8
           cbragg  cbragg_err   credchi  ...  cdelta_n            cL     timestamp
0     1551.091409    0.000075  0.000017  ...  0.000012  7.599599e+06  1.737819e+09
1     1551.091202    0.000075  0.000020  ...  0.000012  7.582018e+06  1.737819e+09
2     1551.091384    0.000075  0.000017  ...  0.000012  7.598995e+06  1.737819e+09
3     1551.091258    0.000073  0.000019  ...  0.000012  7.580824e+06  1.737819e+09
4     1551.091348    0.000076  0.000018  ...  0.000012  7.598678e+06  1.737819e+09
...           ...         ...       ...  ...       ...           ...           ...
1587  1551.093926    0.000073  0.000019  ...  0.000012  7.586748e+06  1.737834e+09
1588  1551.093988    0.000075  0.000017  ...  0.000012  7.597038e+06  1.737834e+09
1589  1551.093948    0.000073  0.000019  ...  0.000012  7.583769e+06  1.737834e+09
1590  1551.094080    0.000075  0.000017  ...  0.000012  7.605445e+06  1.737834e+09
1591  1551.093983    0.000074  0.000019  ...  0.000012  7.575317e+06  1.737834e+09

[1592 rows x 13 columns]
CHANNEL_0_9
           cbragg  cbragg_err   credchi  ...  cdelta_n            cL     timestamp
0     1552.076633    0.000091  0.000028  ...  0.000012  7.649932e+06  1.737819e+09
1     1552.071759    0.000091  0.000019  ...  0.000012  7.665856e+06  1.737819e+09
2     1552.076697    0.000089  0.000027  ...  0.000012  7.644641e+06  1.737819e+09
3     1552.071839    0.000090  0.000018  ...  0.000012  7.670756e+06  1.737819e+09
4     1552.076643    0.000090  0.000027  ...  0.000012  7.649129e+06  1.737819e+09
...           ...         ...       ...  ...       ...           ...           ...
1587  1552.074530    0.000091  0.000019  ...  0.000012  7.682046e+06  1.737834e+09
1588  1552.079361    0.000087  0.000026  ...  0.000012  7.670324e+06  1.737834e+09
1589  1552.074502    0.000091  0.000019  ...  0.000012  7.678333e+06  1.737834e+09
1590  1552.079381    0.000089  0.000027  ...  0.000012  7.657521e+06  1.737834e+09
1591  1552.074548    0.000092  0.000019  ...  0.000012  7.669657e+06  1.737834e+09

[1592 rows x 13 columns]
CHANNEL_0_10
           cbragg  cbragg_err   credchi  ...  cdelta_n            cL     timestamp
0     1553.077434    0.000086  0.000016  ...  0.000012  7.726118e+06  1.737819e+09
1     1553.080871    0.000084  0.000018  ...  0.000012  7.682220e+06  1.737819e+09
2     1553.077440    0.000084  0.000015  ...  0.000012  7.702402e+06  1.737819e+09
3     1553.080884    0.000085  0.000019  ...  0.000012  7.721859e+06  1.737819e+09
4     1553.077341    0.000087  0.000017  ...  0.000012  7.719671e+06  1.737819e+09
...           ...         ...       ...  ...       ...           ...           ...
1587  1553.083446    0.000087  0.000019  ...  0.000012  7.704678e+06  1.737834e+09
1588  1553.080017    0.000085  0.000016  ...  0.000012  7.723440e+06  1.737834e+09
1589  1553.083497    0.000087  0.000019  ...  0.000012  7.714142e+06  1.737834e+09
1590  1553.080142    0.000088  0.000017  ...  0.000012  7.729956e+06  1.737834e+09
1591  1553.083598    0.000087  0.000019  ...  0.000012  7.682657e+06  1.737834e+09

[1592 rows x 13 columns]
CHANNEL_0_11
           cbragg  cbragg_err   credchi  ...  cdelta_n            cL     timestamp
0     1554.091896    0.000069  0.000012  ...  0.000012  7.651910e+06  1.737819e+09
1     1554.085211    0.000076  0.000011  ...  0.000012  7.655758e+06  1.737819e+09
2     1554.091893    0.000071  0.000013  ...  0.000012  7.630671e+06  1.737819e+09
3     1554.085247    0.000074  0.000010  ...  0.000012  7.649302e+06  1.737819e+09
4     1554.091880    0.000070  0.000013  ...  0.000012  7.658260e+06  1.737819e+09
...           ...         ...       ...  ...       ...           ...           ...
1587  1554.087835    0.000074  0.000010  ...  0.000012  7.665919e+06  1.737834e+09
1588  1554.094570    0.000069  0.000012  ...  0.000012  7.655938e+06  1.737834e+09
1589  1554.088064    0.000069  0.000009  ...  0.000012  7.664731e+06  1.737834e+09
1590  1554.094591    0.000073  0.000013  ...  0.000012  7.655013e+06  1.737834e+09
1591  1554.087985    0.000072  0.000010  ...  0.000012  7.604032e+06  1.737834e+09

[1592 rows x 13 columns]
CHANNEL_0_12
           cbragg  cbragg_err   credchi  ...  cdelta_n            cL     timestamp
0     1555.113151    0.000117  0.000053  ...  0.000012  7.484457e+06  1.737819e+09
1     1555.111842    0.000118  0.000044  ...  0.000012  7.505525e+06  1.737819e+09
2     1555.113103    0.000129  0.000067  ...  0.000012  7.670804e+06  1.737819e+09
3     1555.111837    0.000118  0.000045  ...  0.000012  7.514427e+06  1.737819e+09
4     1555.112983    0.000124  0.000063  ...  0.000012  7.639984e+06  1.737819e+09
...           ...         ...       ...  ...       ...           ...           ...
1587  1555.114428    0.000119  0.000045  ...  0.000012  7.483325e+06  1.737834e+09
1588  1555.115742    0.000116  0.000053  ...  0.000012  7.489162e+06  1.737834e+09
1589  1555.114562    0.000118  0.000044  ...  0.000012  7.508896e+06  1.737834e+09
1590  1555.115826    0.000116  0.000053  ...  0.000012  7.490606e+06  1.737834e+09
1591  1555.114578    0.000117  0.000043  ...  0.000012  7.496780e+06  1.737834e+09

[1592 rows x 13 columns]
CHANNEL_0_13
           cbragg  cbragg_err   credchi  ...  cdelta_n            cL     timestamp
0     1556.087500    0.000140  0.000036  ...  0.000012  7.659193e+06  1.737819e+09
1     1556.088082    0.000139  0.000046  ...  0.000012  7.625204e+06  1.737819e+09
2     1556.087558    0.000142  0.000037  ...  0.000012  7.649130e+06  1.737819e+09
3     1556.088126    0.000139  0.000047  ...  0.000012  7.630733e+06  1.737819e+09
4     1556.087418    0.000142  0.000038  ...  0.000012  7.669310e+06  1.737819e+09
...           ...         ...       ...  ...       ...           ...           ...
1587  1556.090770    0.000135  0.000044  ...  0.000012  7.643380e+06  1.737834e+09
1588  1556.090097    0.000137  0.000035  ...  0.000012  7.661869e+06  1.737834e+09
1589  1556.090803    0.000136  0.000045  ...  0.000012  7.637248e+06  1.737834e+09
1590  1556.090115    0.000143  0.000038  ...  0.000012  7.670164e+06  1.737834e+09
1591  1556.090913    0.000136  0.000045  ...  0.000012  7.633479e+06  1.737834e+09

[1592 rows x 13 columns]
CHANNEL_0_14
           cbragg  cbragg_err   credchi  ...  cdelta_n            cL     timestamp
0     1557.061628    0.000100  0.000046  ...  0.000012  7.618018e+06  1.737819e+09
1     1557.055069    0.000095  0.000022  ...  0.000012  7.682032e+06  1.737819e+09
2     1557.061591    0.000105  0.000051  ...  0.000012  7.714176e+06  1.737819e+09
3     1557.055114    0.000095  0.000022  ...  0.000012  7.650325e+06  1.737819e+09
4     1557.061564    0.000103  0.000049  ...  0.000012  7.690743e+06  1.737819e+09
...           ...         ...       ...  ...       ...           ...           ...
1587  1557.057753    0.000096  0.000023  ...  0.000012  7.691297e+06  1.737834e+09
1588  1557.064304    0.000101  0.000047  ...  0.000012  7.611748e+06  1.737834e+09
1589  1557.057842    0.000096  0.000023  ...  0.000012  7.689732e+06  1.737834e+09
1590  1557.064372    0.000104  0.000050  ...  0.000012  7.692290e+06  1.737834e+09
1591  1557.057830    0.000096  0.000023  ...  0.000012  7.686671e+06  1.737834e+09

[1592 rows x 13 columns]
CHANNEL_1_1
           cbragg  cbragg_err   credchi  ...  cdelta_n            cL     timestamp
0     1555.124191    0.000751  0.000699  ...  0.000012  3.109637e+06  1.737819e+09
1     1555.129699    0.000645  0.000221  ...  0.000012  2.322160e+06  1.737819e+09
2     1555.125964    0.000347  0.000076  ...  0.000012  2.476822e+06  1.737819e+09
3     1555.128966    0.000089  0.000006  ...  0.000012  2.609174e+06  1.737819e+09
4     1555.125677    0.000141  0.000014  ...  0.000012  2.563568e+06  1.737819e+09
...           ...         ...       ...  ...       ...           ...           ...
1587  1555.129688    0.000353  0.000082  ...  0.000012  2.450574e+06  1.737834e+09
1588  1555.125966    0.000087  0.000006  ...  0.000012  2.627975e+06  1.737834e+09
1589  1555.128409    0.001109  0.001953  ...  0.000012  3.387115e+06  1.737834e+09
1590  1555.126028    0.000091  0.000006  ...  0.000012  2.605096e+06  1.737834e+09
1591  1555.129482    0.000110  0.000009  ...  0.000012  2.580435e+06  1.737834e+09

[1592 rows x 13 columns]
CHANNEL_1_2
           cbragg  cbragg_err   credchi  ...  cdelta_n            cL     timestamp
0     1558.274482    0.000621  0.000721  ...  0.000012  3.122197e+06  1.737819e+09
1     1558.278082    0.000112  0.000018  ...  0.000012  2.785044e+06  1.737819e+09
2     1558.274846    0.000118  0.000020  ...  0.000012  2.829419e+06  1.737819e+09
3     1558.277466    0.000407  0.000289  ...  0.000012  3.036106e+06  1.737819e+09
4     1558.274826    0.000115  0.000019  ...  0.000012  2.791482e+06  1.737819e+09
...           ...         ...       ...  ...       ...           ...           ...
1587  1558.278315    0.000110  0.000017  ...  0.000012  2.796847e+06  1.737834e+09
1588  1558.275386    0.000117  0.000019  ...  0.000012  2.780701e+06  1.737834e+09
1589  1558.277685    0.000902  0.000793  ...  0.000012  2.446511e+06  1.737834e+09
1590  1558.275544    0.000259  0.000083  ...  0.000012  2.680342e+06  1.737834e+09
1591  1558.278451    0.000109  0.000017  ...  0.000012  2.799606e+06  1.737834e+09

[1592 rows x 13 columns]
CHANNEL_1_3
           cbragg  cbragg_err   credchi  ...  cdelta_n            cL     timestamp
0     1561.091652    0.000063  0.000007  ...  0.000012  2.950095e+06  1.737819e+09
1     1561.088303    0.000050  0.000004  ...  0.000012  2.924547e+06  1.737819e+09
2     1561.091740    0.000074  0.000009  ...  0.000012  2.883201e+06  1.737819e+09
3     1561.088353    0.000172  0.000041  ...  0.000012  2.827486e+06  1.737819e+09
4     1561.091749    0.001184  0.004261  ...  0.000012  3.799314e+06  1.737819e+09
...           ...         ...       ...  ...       ...           ...           ...
1587  1561.090878    0.000039  0.000002  ...  0.000012  2.942859e+06  1.737834e+09
1588  1561.094323    0.000041  0.000003  ...  0.000012  2.929665e+06  1.737834e+09
1589  1561.091253    0.000164  0.000036  ...  0.000012  2.830366e+06  1.737834e+09
1590  1561.094468    0.000064  0.000007  ...  0.000012  2.931838e+06  1.737834e+09
1591  1561.091290    0.000801  0.001584  ...  0.000012  3.532664e+06  1.737834e+09

[1592 rows x 13 columns]
CHANNEL_2_1
           cbragg  cbragg_err   credchi  ...  cdelta_n            cL     timestamp
0     1542.585160    0.012900  0.004054  ...  0.000012  1.078394e+06  1.737819e+09
1     1542.576458    0.000070  0.000004  ...  0.000012  2.745899e+06  1.737819e+09
2     1542.576827    0.000065  0.000004  ...  0.000012  2.748014e+06  1.737819e+09
3     1542.576436    0.000071  0.000005  ...  0.000012  2.746177e+06  1.737819e+09
4     1542.576869    0.000064  0.000004  ...  0.000012  2.749289e+06  1.737819e+09
...           ...         ...       ...  ...       ...           ...           ...
1587  1542.576789    0.000072  0.000005  ...  0.000012  2.745657e+06  1.737834e+09
1588  1542.577409    0.000065  0.000004  ...  0.000012  2.747105e+06  1.737834e+09
1589  1542.581173    0.012476  0.004053  ...  0.000012  1.077090e+06  1.737834e+09
1590  1542.577345    0.000071  0.000005  ...  0.000012  2.745931e+06  1.737834e+09
1591  1542.576953    0.000069  0.000004  ...  0.000012  2.746037e+06  1.737834e+09

[1592 rows x 13 columns]
CHANNEL_2_2
           cbragg  cbragg_err   credchi  ...  cdelta_n            cL     timestamp
0     1546.011523    0.000413  0.000107  ...  0.000012  2.474453e+06  1.737819e+09
1     1546.012558    0.000150  0.000019  ...  0.000012  2.654222e+06  1.737819e+09
2     1546.011955    0.000762  0.000701  ...  0.000012  3.132573e+06  1.737819e+09
3     1546.013176    0.000814  0.000945  ...  0.000012  3.201149e+06  1.737819e+09
4     1546.011728    0.000159  0.000020  ...  0.000012  2.650439e+06  1.737819e+09
...           ...         ...       ...  ...       ...           ...           ...
1587  1546.012137    0.000722  0.000290  ...  0.000012  2.335553e+06  1.737834e+09
1588  1546.012596    0.001194  0.002356  ...  0.000012  3.539410e+06  1.737834e+09
1589  1546.012977    0.000155  0.000021  ...  0.000012  2.699651e+06  1.737834e+09
1590  1546.012216    0.000146  0.000017  ...  0.000012  2.679264e+06  1.737834e+09
1591  1546.012928    0.000148  0.000019  ...  0.000012  2.684325e+06  1.737834e+09

[1592 rows x 13 columns]
CHANNEL_2_3
           cbragg  cbragg_err   credchi  ...  cdelta_n            cL     timestamp
0     1548.604981    0.000109  0.000013  ...  0.000012  2.883292e+06  1.737819e+09
1     1548.606987    0.000110  0.000014  ...  0.000012  2.873648e+06  1.737819e+09
2     1548.605020    0.000193  0.000036  ...  0.000012  2.786863e+06  1.737819e+09
3     1548.606956    0.000130  0.000019  ...  0.000012  2.865317e+06  1.737819e+09
4     1548.604882    0.000107  0.000012  ...  0.000012  2.900464e+06  1.737819e+09
...           ...         ...       ...  ...       ...           ...           ...
1587  1548.609478    0.000120  0.000016  ...  0.000012  2.872228e+06  1.737834e+09
1588  1548.607500    0.000121  0.000016  ...  0.000012  2.882892e+06  1.737834e+09
1589  1548.609731    0.000113  0.000014  ...  0.000012  2.885431e+06  1.737834e+09
1590  1548.607223    0.000651  0.000629  ...  0.000012  3.301269e+06  1.737834e+09
1591  1548.609692    0.000110  0.000014  ...  0.000012  2.885693e+06  1.737834e+09

[1592 rows x 13 columns]
CHANNEL_3_1
           cbragg  cbragg_err   credchi  ...  cdelta_n            cL     timestamp
0     1543.636951    0.000103  0.000023  ...  0.000012  7.847980e+06  1.737819e+09
1     1543.624132    0.000342  0.000014  ...  0.000012  7.900313e+06  1.737819e+09
2     1543.636961    0.000102  0.000023  ...  0.000012  7.840750e+06  1.737819e+09
3     1543.624233    0.000199  0.000014  ...  0.000012  7.889852e+06  1.737819e+09
4     1543.636922    0.000101  0.000022  ...  0.000012  7.846572e+06  1.737819e+09
...           ...         ...       ...  ...       ...           ...           ...
1587  1543.624653    0.000102  0.000014  ...  0.000012  7.884803e+06  1.737834e+09
1588  1543.637339    0.000104  0.000024  ...  0.000012  7.832511e+06  1.737834e+09
1589  1543.624678    0.000101  0.000014  ...  0.000012  7.899561e+06  1.737834e+09
1590  1543.637439    0.000120  0.000023  ...  0.000012  7.835435e+06  1.737834e+09
1591  1543.624718    0.000154  0.000015  ...  0.000012  7.883673e+06  1.737834e+09

[1592 rows x 13 columns]
CHANNEL_3_2
           cbragg  cbragg_err   credchi  ...  cdelta_n            cL     timestamp
0     1544.662832    0.000126  0.000030  ...  0.000012  7.879682e+06  1.737819e+09
1     1544.655022    0.000120  0.000032  ...  0.000012  7.846626e+06  1.737819e+09
2     1544.662830    0.000147  0.000028  ...  0.000012  7.878852e+06  1.737819e+09
3     1544.655077    0.000135  0.000031  ...  0.000012  7.844278e+06  1.737819e+09
4     1544.662837    0.000115  0.000028  ...  0.000012  7.895994e+06  1.737819e+09
...           ...         ...       ...  ...       ...           ...           ...
1587  1544.655434    0.000148  0.000032  ...  0.000012  7.851014e+06  1.737834e+09
1588  1544.663207    0.000114  0.000029  ...  0.000012  7.880779e+06  1.737834e+09
1589  1544.655489    0.000154  0.000032  ...  0.000012  7.842816e+06  1.737834e+09
1590  1544.663296    0.000125  0.000029  ...  0.000012  7.888214e+06  1.737834e+09
1591  1544.655583    0.000187  0.000032  ...  0.000012  7.852017e+06  1.737834e+09

[1592 rows x 13 columns]
CHANNEL_3_3
           cbragg  cbragg_err   credchi  ...  cdelta_n            cL     timestamp
0     1545.661245    0.000107  0.000035  ...  0.000012  7.624115e+06  1.737819e+09
1     1545.652369    0.000178  0.000059  ...  0.000012  7.239994e+06  1.737819e+09
2     1545.661157    0.000135  0.000058  ...  0.000012  7.866324e+06  1.737819e+09
3     1545.652298    0.000108  0.000024  ...  0.000012  7.608375e+06  1.737819e+09
4     1545.661336    0.000106  0.000034  ...  0.000012  7.636222e+06  1.737819e+09
...           ...         ...       ...  ...       ...           ...           ...
1587  1545.652736    0.000109  0.000024  ...  0.000012  7.630610e+06  1.737834e+09
1588  1545.661695    0.000108  0.000035  ...  0.000012  7.601411e+06  1.737834e+09
1589  1545.652734    0.000108  0.000024  ...  0.000012  7.631812e+06  1.737834e+09
1590  1545.661691    0.000111  0.000037  ...  0.000012  7.596237e+06  1.737834e+09
1591  1545.652849    0.000109  0.000024  ...  0.000012  7.635642e+06  1.737834e+09

[1592 rows x 13 columns]
CHANNEL_3_4
           cbragg  cbragg_err   credchi  ...  cdelta_n            cL     timestamp
0     1546.635046    0.000095  0.000023  ...  0.000012  7.778897e+06  1.737819e+09
1     1546.624200    0.000094  0.000020  ...  0.000012  7.783051e+06  1.737819e+09
2     1546.634988    0.000094  0.000023  ...  0.000012  7.780660e+06  1.737819e+09
3     1546.624246    0.000094  0.000020  ...  0.000012  7.789823e+06  1.737819e+09
4     1546.635005    0.000105  0.000023  ...  0.000012  7.755974e+06  1.737819e+09
...           ...         ...       ...  ...       ...           ...           ...
1587  1546.624572    0.000094  0.000020  ...  0.000012  7.789283e+06  1.737834e+09
1588  1546.635408    0.000095  0.000023  ...  0.000012  7.780574e+06  1.737834e+09
1589  1546.624677    0.000092  0.000019  ...  0.000012  7.791160e+06  1.737834e+09
1590  1546.635370    0.000096  0.000023  ...  0.000012  7.755092e+06  1.737834e+09
1591  1546.624687    0.000093  0.000019  ...  0.000012  7.784307e+06  1.737834e+09

[1592 rows x 13 columns]
CHANNEL_3_5
           cbragg  cbragg_err   credchi  ...  cdelta_n            cL     timestamp
0     1547.650059    0.000078  0.000014  ...  0.000012  7.606516e+06  1.737819e+09
1     1547.647767    0.000075  0.000014  ...  0.000012  7.588884e+06  1.737819e+09
2     1547.649969    0.000078  0.000014  ...  0.000012  7.610021e+06  1.737819e+09
3     1547.647825    0.000075  0.000014  ...  0.000012  7.593215e+06  1.737819e+09
4     1547.650031    0.000078  0.000014  ...  0.000012  7.617511e+06  1.737819e+09
...           ...         ...       ...  ...       ...           ...           ...
1587  1547.648320    0.000075  0.000014  ...  0.000012  7.599343e+06  1.737834e+09
1588  1547.650394    0.000078  0.000014  ...  0.000012  7.611622e+06  1.737834e+09
1589  1547.648287    0.000076  0.000015  ...  0.000012  7.597314e+06  1.737834e+09
1590  1547.650538    0.000077  0.000013  ...  0.000012  7.604401e+06  1.737834e+09
1591  1547.648354    0.000077  0.000015  ...  0.000012  7.593837e+06  1.737834e+09

[1592 rows x 13 columns]
CHANNEL_3_6
           cbragg  cbragg_err   credchi  ...  cdelta_n            cL     timestamp
0     1548.640392    0.000116  0.000046  ...  0.000012  8.058280e+06  1.737819e+09
1     1548.628566    0.000072  0.000010  ...  0.000012  7.890563e+06  1.737819e+09
2     1548.640339    0.000088  0.000026  ...  0.000012  7.927860e+06  1.737819e+09
3     1548.628527    0.000072  0.000010  ...  0.000012  7.900259e+06  1.737819e+09
4     1548.640282    0.000076  0.000019  ...  0.000012  7.770834e+06  1.737819e+09
...           ...         ...       ...  ...       ...           ...           ...
1587  1548.629114    0.000074  0.000010  ...  0.000012  7.850003e+06  1.737834e+09
1588  1548.640950    0.000078  0.000020  ...  0.000012  7.805798e+06  1.737834e+09
1589  1548.629166    0.000074  0.000010  ...  0.000012  7.835492e+06  1.737834e+09
1590  1548.640967    0.000077  0.000020  ...  0.000012  7.812431e+06  1.737834e+09
1591  1548.629270    0.000073  0.000010  ...  0.000012  7.899959e+06  1.737834e+09

[1592 rows x 13 columns]
CHANNEL_3_7
           cbragg  cbragg_err   credchi  ...  cdelta_n            cL     timestamp
0     1549.654349    0.000089  0.000014  ...  0.000012  7.571320e+06  1.737819e+09
1     1549.655530    0.000088  0.000022  ...  0.000012  7.524681e+06  1.737819e+09
2     1549.654234    0.000088  0.000014  ...  0.000012  7.565628e+06  1.737819e+09
3     1549.655466    0.000088  0.000022  ...  0.000012  7.521688e+06  1.737819e+09
4     1549.654257    0.000088  0.000014  ...  0.000012  7.591197e+06  1.737819e+09
...           ...         ...       ...  ...       ...           ...           ...
1587  1549.656223    0.000087  0.000022  ...  0.000012  7.512842e+06  1.737834e+09
1588  1549.654808    0.000091  0.000015  ...  0.000012  7.563393e+06  1.737834e+09
1589  1549.656177    0.000092  0.000024  ...  0.000012  7.576714e+06  1.737834e+09
1590  1549.654955    0.000087  0.000014  ...  0.000012  7.563338e+06  1.737834e+09
1591  1549.656181    0.000128  0.000047  ...  0.000012  7.661018e+06  1.737834e+09

[1592 rows x 13 columns]
CHANNEL_3_8
           cbragg  cbragg_err   credchi  ...  cdelta_n            cL     timestamp
0     1550.610706    0.000090  0.000019  ...  0.000012  7.632483e+06  1.737819e+09
1     1550.602117    0.000091  0.000011  ...  0.000012  7.696050e+06  1.737819e+09
2     1550.610660    0.000090  0.000019  ...  0.000012  7.639362e+06  1.737819e+09
3     1550.602079    0.000089  0.000011  ...  0.000012  7.704807e+06  1.737819e+09
4     1550.610640    0.000089  0.000019  ...  0.000012  7.638278e+06  1.737819e+09
...           ...         ...       ...  ...       ...           ...           ...
1587  1550.604536    0.000093  0.000012  ...  0.000012  7.702698e+06  1.737834e+09
1588  1550.613126    0.000090  0.000019  ...  0.000012  7.627756e+06  1.737834e+09
1589  1550.604630    0.000089  0.000011  ...  0.000012  7.699801e+06  1.737834e+09
1590  1550.613255    0.000090  0.000019  ...  0.000012  7.632912e+06  1.737834e+09
1591  1550.604688    0.000091  0.000012  ...  0.000012  7.699123e+06  1.737834e+09

[1592 rows x 13 columns]
CHANNEL_3_9
           cbragg  cbragg_err   credchi  ...  cdelta_n            cL     timestamp
0     1551.605746    0.000228  0.000069  ...  0.000012  7.086630e+06  1.737819e+09
1     1551.603182    0.000090  0.000017  ...  0.000012  7.641908e+06  1.737819e+09
2     1551.605718    0.000093  0.000013  ...  0.000012  7.692118e+06  1.737819e+09
3     1551.603190    0.000090  0.000017  ...  0.000012  7.605586e+06  1.737819e+09
4     1551.605737    0.000094  0.000013  ...  0.000012  7.688442e+06  1.737819e+09
...           ...         ...       ...  ...       ...           ...           ...
1587  1551.605653    0.000090  0.000017  ...  0.000012  7.656679e+06  1.737834e+09
1588  1551.608207    0.000093  0.000013  ...  0.000012  7.680458e+06  1.737834e+09
1589  1551.605882    0.000123  0.000030  ...  0.000012  7.379197e+06  1.737834e+09
1590  1551.608271    0.000094  0.000013  ...  0.000012  7.647706e+06  1.737834e+09
1591  1551.605872    0.000091  0.000017  ...  0.000012  7.653380e+06  1.737834e+09

[1592 rows x 13 columns]
CHANNEL_3_10
           cbragg  cbragg_err   credchi  ...  cdelta_n            cL     timestamp
0     1552.613936    0.000103  0.000018  ...  0.000012  7.759910e+06  1.737819e+09
1     1552.607833    0.000103  0.000015  ...  0.000012  7.787226e+06  1.737819e+09
2     1552.613872    0.000101  0.000017  ...  0.000012  7.744273e+06  1.737819e+09
3     1552.607931    0.000103  0.000015  ...  0.000012  7.778504e+06  1.737819e+09
4     1552.613832    0.000100  0.000017  ...  0.000012  7.775591e+06  1.737819e+09
...           ...         ...       ...  ...       ...           ...           ...
1587  1552.610515    0.000217  0.000058  ...  0.000012  7.193086e+06  1.737834e+09
1588  1552.616440    0.000101  0.000017  ...  0.000012  7.759216e+06  1.737834e+09
1589  1552.610502    0.000104  0.000015  ...  0.000012  7.778372e+06  1.737834e+09
1590  1552.616610    0.000102  0.000017  ...  0.000012  7.760714e+06  1.737834e+09
1591  1552.610668    0.000100  0.000014  ...  0.000012  7.769570e+06  1.737834e+09

[1592 rows x 13 columns]
CHANNEL_3_11
           cbragg  cbragg_err   credchi  ...  cdelta_n            cL     timestamp
0     1553.583371    0.000124  0.000036  ...  0.000012  7.954904e+06  1.737819e+09
1     1553.572260    0.000122  0.000026  ...  0.000012  7.963276e+06  1.737819e+09
2     1553.583408    0.000124  0.000035  ...  0.000012  7.966679e+06  1.737819e+09
3     1553.572285    0.000124  0.000027  ...  0.000012  7.946184e+06  1.737819e+09
4     1553.583315    0.000122  0.000035  ...  0.000012  7.959407e+06  1.737819e+09
...           ...         ...       ...  ...       ...           ...           ...
1587  1553.574830    0.000125  0.000027  ...  0.000012  7.938391e+06  1.737834e+09
1588  1553.585932    0.000123  0.000035  ...  0.000012  7.962671e+06  1.737834e+09
1589  1553.574893    0.000122  0.000026  ...  0.000012  7.963907e+06  1.737834e+09
1590  1553.585917    0.000125  0.000036  ...  0.000012  7.961395e+06  1.737834e+09
1591  1553.574940    0.000125  0.000028  ...  0.000012  7.939128e+06  1.737834e+09

[1592 rows x 13 columns]
CHANNEL_3_12
           cbragg  cbragg_err   credchi  ...  cdelta_n            cL     timestamp
0     1554.556478    0.000095  0.000018  ...  0.000012  7.761442e+06  1.737819e+09
1     1554.552561    0.000096  0.000015  ...  0.000012  7.826323e+06  1.737819e+09
2     1554.556537    0.000094  0.000017  ...  0.000012  7.810871e+06  1.737819e+09
3     1554.552600    0.000097  0.000015  ...  0.000012  7.821724e+06  1.737819e+09
4     1554.556554    0.000095  0.000018  ...  0.000012  7.810268e+06  1.737819e+09
...           ...         ...       ...  ...       ...           ...           ...
1587  1554.555058    0.000098  0.000015  ...  0.000012  7.831414e+06  1.737834e+09
1588  1554.559046    0.000095  0.000017  ...  0.000012  7.818222e+06  1.737834e+09
1589  1554.555200    0.000097  0.000015  ...  0.000012  7.827472e+06  1.737834e+09
1590  1554.559152    0.000184  0.000059  ...  0.000012  7.308461e+06  1.737834e+09
1591  1554.555265    0.000095  0.000014  ...  0.000012  7.822377e+06  1.737834e+09

[1592 rows x 13 columns]
CHANNEL_3_13
           cbragg  cbragg_err   credchi  ...  cdelta_n            cL     timestamp
0     1555.564553    0.000086  0.000012  ...  0.000012  7.643199e+06  1.737819e+09
1     1555.558062    0.000087  0.000013  ...  0.000012  7.595416e+06  1.737819e+09
2     1555.564534    0.000089  0.000013  ...  0.000012  7.626313e+06  1.737819e+09
3     1555.558090    0.000087  0.000013  ...  0.000012  7.594047e+06  1.737819e+09
4     1555.564574    0.000088  0.000013  ...  0.000012  7.625830e+06  1.737819e+09
...           ...         ...       ...  ...       ...           ...           ...
1587  1555.560552    0.000086  0.000013  ...  0.000012  7.597117e+06  1.737834e+09
1588  1555.567167    0.000086  0.000012  ...  0.000012  7.642933e+06  1.737834e+09
1589  1555.560654    0.000088  0.000013  ...  0.000012  7.597697e+06  1.737834e+09
1590  1555.567125    0.000087  0.000012  ...  0.000012  7.633237e+06  1.737834e+09
1591  1555.560780    0.000087  0.000013  ...  0.000012  7.594922e+06  1.737834e+09

[1592 rows x 13 columns]
CHANNEL_3_14
           cbragg  cbragg_err   credchi  ...  cdelta_n            cL     timestamp
0     1556.518594    0.000178  0.000070  ...  0.000012  7.722580e+06  1.737819e+09
1     1556.512422    0.000181  0.000048  ...  0.000012  7.779997e+06  1.737819e+09
2     1556.518550    0.000183  0.000074  ...  0.000012  7.732658e+06  1.737819e+09
3     1556.512480    0.000183  0.000049  ...  0.000012  7.787185e+06  1.737819e+09
4     1556.518543    0.000184  0.000075  ...  0.000012  7.727722e+06  1.737819e+09
...           ...         ...       ...  ...       ...           ...           ...
1587  1556.514943    0.000184  0.000049  ...  0.000012  7.783175e+06  1.737834e+09
1588  1556.521099    0.000180  0.000072  ...  0.000012  7.727948e+06  1.737834e+09
1589  1556.514999    0.000182  0.000049  ...  0.000012  7.788576e+06  1.737834e+09
1590  1556.521126    0.000179  0.000071  ...  0.000012  7.729208e+06  1.737834e+09
1591  1556.515036    0.000186  0.000051  ...  0.000012  7.782691e+06  1.737834e+09

[1592 rows x 13 columns]
