CHANNEL_0_1
        cbragg  cbragg_err   credchi  ...  cdelta_n            cL     timestamp
0  1544.651482    0.000137  0.000066  ...  0.000012  7.661060e+06  1.734575e+09
1  1544.643061    0.000100  0.000037  ...  0.000012  7.706640e+06  1.734575e+09

[2 rows x 13 columns]
CHANNEL_0_2
        cbragg  cbragg_err   credchi  ...  cdelta_n            cL     timestamp
0  1545.484308    0.000093  0.000017  ...  0.000012  7.638294e+06  1.734575e+09
1  1545.481471    0.000092  0.000023  ...  0.000012  7.600148e+06  1.734575e+09

[2 rows x 13 columns]
CHANNEL_0_3
        cbragg  cbragg_err   credchi  ...  cdelta_n            cL     timestamp
0  1546.238967    0.000104  0.000053  ...  0.000012  7.669639e+06  1.734575e+09
1  1546.233050    0.000109  0.000035  ...  0.000012  7.658192e+06  1.734575e+09

[2 rows x 13 columns]
CHANNEL_0_4
        cbragg  cbragg_err   credchi  ...  cdelta_n            cL     timestamp
0  1547.112713    0.000112  0.000042  ...  0.000012  7.867256e+06  1.734575e+09
1  1547.110502    0.000111  0.000052  ...  0.000012  7.844885e+06  1.734575e+09

[2 rows x 13 columns]
CHANNEL_0_5
        cbragg  cbragg_err   credchi  ...  cdelta_n            cL     timestamp
0  1548.089849    0.000084  0.000041  ...  0.000012  7.735884e+06  1.734575e+09
1  1548.081299    0.000079  0.000023  ...  0.000012  7.819311e+06  1.734575e+09

[2 rows x 13 columns]
CHANNEL_0_6
        cbragg  cbragg_err   credchi  ...  cdelta_n            cL     timestamp
0  1549.064767    0.000080  0.000026  ...  0.000012  7.495105e+06  1.734575e+09
1  1549.068026    0.000081  0.000038  ...  0.000012  7.475886e+06  1.734575e+09

[2 rows x 13 columns]
CHANNEL_0_7
        cbragg  cbragg_err   credchi  ...  cdelta_n            cL     timestamp
0  1550.070914    0.000125  0.000050  ...  0.000012  7.625629e+06  1.734575e+09
1  1550.063213    0.000125  0.000046  ...  0.000012  7.639950e+06  1.734575e+09

[2 rows x 13 columns]
CHANNEL_0_8
        cbragg  cbragg_err   credchi  ...  cdelta_n            cL     timestamp
0  1551.042430    0.000075  0.000021  ...  0.000012  7.579530e+06  1.734575e+09
1  1551.036046    0.000076  0.000015  ...  0.000012  7.613412e+06  1.734575e+09

[2 rows x 13 columns]
CHANNEL_0_9
        cbragg  cbragg_err   credchi  ...  cdelta_n            cL     timestamp
0  1552.023902    0.000096  0.000023  ...  0.000012  7.622919e+06  1.734575e+09
1  1552.021840    0.000097  0.000026  ...  0.000012  7.636174e+06  1.734575e+09

[2 rows x 13 columns]
CHANNEL_0_10
        cbragg  cbragg_err   credchi  ...  cdelta_n            cL     timestamp
0  1553.031245    0.000085  0.000016  ...  0.000012  7.727924e+06  1.734575e+09
1  1553.024839    0.000082  0.000015  ...  0.000012  7.691941e+06  1.734575e+09

[2 rows x 13 columns]
CHANNEL_0_11
        cbragg  cbragg_err   credchi  ...  cdelta_n            cL     timestamp
0  1554.038388    0.000075  0.000013  ...  0.000012  7.625617e+06  1.734575e+09
1  1554.037890    0.000088  0.000015  ...  0.000012  7.459988e+06  1.734575e+09

[2 rows x 13 columns]
CHANNEL_0_12
        cbragg  cbragg_err   credchi  ...  cdelta_n            cL     timestamp
0  1555.063189    0.000126  0.000050  ...  0.000012  7.498186e+06  1.734575e+09
1  1555.060025    0.000126  0.000059  ...  0.000012  7.478729e+06  1.734575e+09

[2 rows x 13 columns]
CHANNEL_0_13
        cbragg  cbragg_err   credchi  ...  cdelta_n            cL     timestamp
0  1556.040527    0.000136  0.000049  ...  0.000012  7.645793e+06  1.734575e+09
1  1556.033414    0.000148  0.000034  ...  0.000012  7.687073e+06  1.734575e+09

[2 rows x 13 columns]
CHANNEL_0_14
        cbragg  cbragg_err   credchi  ...  cdelta_n            cL     timestamp
0  1557.006788    0.000103  0.000026  ...  0.000012  7.680032e+06  1.734575e+09
1  1557.008778    0.000138  0.000083  ...  0.000012  7.800593e+06  1.734575e+09

[2 rows x 13 columns]
CHANNEL_1_1
        cbragg  cbragg_err   credchi  ...  cdelta_n            cL     timestamp
0  1556.229700    0.000062  0.000004  ...  0.000012  2.678551e+06  1.734575e+09
1  1556.227491    0.000109  0.000011  ...  0.000012  2.651871e+06  1.734575e+09

[2 rows x 13 columns]
CHANNEL_1_2
        cbragg  cbragg_err  credchi  ...  cdelta_n            cL     timestamp
0  1558.188573    0.000233  0.00007  ...  0.000012  2.685224e+06  1.734575e+09
1  1558.184725    0.000538  0.00032  ...  0.000012  2.540454e+06  1.734575e+09

[2 rows x 13 columns]
CHANNEL_1_3
        cbragg  cbragg_err   credchi  ...  cdelta_n            cL     timestamp
0  1560.999423    0.000181  0.000048  ...  0.000012  2.848074e+06  1.734575e+09
1  1561.004153    0.000043  0.000003  ...  0.000012  2.930961e+06  1.734575e+09

[2 rows x 13 columns]
CHANNEL_2_1
        cbragg  cbragg_err   credchi  ...  cdelta_n            cL     timestamp
0  1543.641372    0.000077  0.000006  ...  0.000012  2.773511e+06  1.734575e+09
1  1543.640045    0.000091  0.000007  ...  0.000012  2.772188e+06  1.734575e+09

[2 rows x 13 columns]
CHANNEL_2_2
        cbragg  cbragg_err  credchi  ...  cdelta_n            cL     timestamp
0  1545.903912    0.001244  0.00257  ...  0.000012  3.571834e+06  1.734575e+09
1  1545.907658    0.000156  0.00002  ...  0.000012  2.631483e+06  1.734575e+09

[2 rows x 13 columns]
CHANNEL_2_3
        cbragg  cbragg_err   credchi  ...  cdelta_n            cL     timestamp
0  1548.503505    0.000385  0.000201  ...  0.000012  3.138316e+06  1.734575e+09
1  1548.501971    0.000089  0.000009  ...  0.000012  2.933302e+06  1.734575e+09

[2 rows x 13 columns]
CHANNEL_3_1
        cbragg  cbragg_err   credchi  ...  cdelta_n            cL     timestamp
0  1544.159585    0.000138  0.000021  ...  0.000012  7.858470e+06  1.734575e+09
1  1544.168629    0.000113  0.000028  ...  0.000012  7.802652e+06  1.734575e+09

[2 rows x 13 columns]
CHANNEL_3_2
        cbragg  cbragg_err   credchi  ...  cdelta_n            cL     timestamp
0  1545.067957    0.000114  0.000038  ...  0.000012  7.829802e+06  1.734575e+09
1  1545.075650    0.000125  0.000035  ...  0.000012  7.869519e+06  1.734575e+09

[2 rows x 13 columns]
CHANNEL_3_3
        cbragg  cbragg_err   credchi  ...  cdelta_n            cL     timestamp
0  1545.833216    0.000108  0.000028  ...  0.000012  7.614304e+06  1.734575e+09
1  1545.838986    0.000108  0.000036  ...  0.000012  7.602831e+06  1.734575e+09

[2 rows x 13 columns]
CHANNEL_3_4
        cbragg  cbragg_err   credchi  ...  cdelta_n            cL     timestamp
0  1546.680865    0.000094  0.000022  ...  0.000012  7.786240e+06  1.734575e+09
1  1546.690806    0.000097  0.000027  ...  0.000012  7.788322e+06  1.734575e+09

[2 rows x 13 columns]
CHANNEL_3_5
        cbragg  cbragg_err   credchi  ...  cdelta_n            cL     timestamp
0  1547.705482    0.000080  0.000018  ...  0.000012  7.564578e+06  1.734575e+09
1  1547.704742    0.000079  0.000014  ...  0.000012  7.593238e+06  1.734575e+09

[2 rows x 13 columns]
CHANNEL_3_6
        cbragg  cbragg_err   credchi  ...  cdelta_n            cL     timestamp
0  1548.685797    0.000078  0.000012  ...  0.000012  7.849207e+06  1.734575e+09
1  1548.695622    0.000079  0.000023  ...  0.000012  7.776036e+06  1.734575e+09

[2 rows x 13 columns]
CHANNEL_3_7
        cbragg  cbragg_err   credchi  ...  cdelta_n            cL     timestamp
0  1549.712309    0.000088  0.000025  ...  0.000012  7.542829e+06  1.734575e+09
1  1549.708952    0.000090  0.000016  ...  0.000012  7.602618e+06  1.734575e+09

[2 rows x 13 columns]
CHANNEL_3_8
        cbragg  cbragg_err   credchi  ...  cdelta_n            cL     timestamp
0  1550.658253    0.000092  0.000013  ...  0.000012  7.704654e+06  1.734575e+09
1  1550.664415    0.000087  0.000020  ...  0.000012  7.619009e+06  1.734575e+09

[2 rows x 13 columns]
CHANNEL_3_9
        cbragg  cbragg_err   credchi  ...  cdelta_n            cL     timestamp
0  1551.658037    0.000090  0.000019  ...  0.000012  7.618634e+06  1.734575e+09
1  1551.658465    0.000097  0.000015  ...  0.000012  7.674208e+06  1.734575e+09

[2 rows x 13 columns]
CHANNEL_3_10
        cbragg  cbragg_err   credchi  ...  cdelta_n            cL     timestamp
0  1552.662874    0.000107  0.000018  ...  0.000012  7.744411e+06  1.734575e+09
1  1552.667283    0.000107  0.000021  ...  0.000012  7.698247e+06  1.734575e+09

[2 rows x 13 columns]
CHANNEL_3_11
        cbragg  cbragg_err   credchi  ...  cdelta_n            cL     timestamp
0  1553.627266    0.000127  0.000032  ...  0.000012  7.923442e+06  1.734575e+09
1  1553.636707    0.000128  0.000040  ...  0.000012  7.923733e+06  1.734575e+09

[2 rows x 13 columns]
CHANNEL_3_12
        cbragg  cbragg_err   credchi  ...  cdelta_n            cL     timestamp
0  1554.607167    0.000099  0.000017  ...  0.000012  7.821528e+06  1.734575e+09
1  1554.609014    0.000142  0.000040  ...  0.000012  7.440845e+06  1.734575e+09

[2 rows x 13 columns]
CHANNEL_3_13
        cbragg  cbragg_err   credchi  ...  cdelta_n            cL     timestamp
0  1555.615436    0.000085  0.000015  ...  0.000012  7.572383e+06  1.734575e+09
1  1555.618711    0.000089  0.000014  ...  0.000012  7.596223e+06  1.734575e+09

[2 rows x 13 columns]
CHANNEL_3_14
        cbragg  cbragg_err   credchi  ...  cdelta_n            cL     timestamp
0  1556.568209    0.000189  0.000057  ...  0.000012  7.758789e+06  1.734575e+09
1  1556.571958    0.000189  0.000089  ...  0.000012  7.699199e+06  1.734575e+09

[2 rows x 13 columns]
