000 (11451992.432.000) 01/28 14:31:49 Job submitted from host: <188.185.114.121:9618?addrs=188.185.114.121-9618+[2001-1458-d00-a--100-273]-9618&alias=bigbird19.cern.ch&noUDP&sock=schedd_2045_4743>
...
040 (11451992.432.000) 01/28 16:19:36 Started transferring input files
	Transferring to host: <188.185.193.115:9618?addrs=188.185.193.115-9618+[2001-1458-303-20--100-6f]-9618&alias=b9p19p4659.cern.ch&noUDP&sock=slot1_35_1023850_b25c_61958>
...
040 (11451992.432.000) 01/28 16:19:36 Finished transferring input files
...
001 (11451992.432.000) 01/28 16:19:37 Job executing on host: <188.185.193.115:9618?addrs=188.185.193.115-9618+[2001-1458-303-20--100-6f]-9618&alias=b9p19p4659.cern.ch&noUDP&sock=startd_6087_c112>
	SlotName: slot1_35@b9p19p4659.cern.ch
	CondorScratchDir = "/pool/condor/dir_2818500"
	Cpus = 1
	Disk = 3850
	GPUs = 0
	Memory = 3000
...
006 (11451992.432.000) 01/28 16:19:46 Image size of job updated: 65284
	64  -  MemoryUsage of job (MB)
	65284  -  ResidentSetSize of job (KB)
...
006 (11451992.432.000) 01/28 16:20:14 Image size of job updated: 79488
	78  -  MemoryUsage of job (MB)
	79488  -  ResidentSetSize of job (KB)
...
040 (11451992.432.000) 01/28 16:20:14 Started transferring output files
...
040 (11451992.432.000) 01/28 16:20:14 Finished transferring output files
...
005 (11451992.432.000) 01/28 16:20:14 Job terminated.
	(1) Normal termination (return value 0)
		Usr 0 00:00:11, Sys 0 00:00:01  -  Run Remote Usage
		Usr 0 00:00:00, Sys 0 00:00:00  -  Run Local Usage
		Usr 0 00:00:11, Sys 0 00:00:01  -  Total Remote Usage
		Usr 0 00:00:00, Sys 0 00:00:00  -  Total Local Usage
	14877  -  Run Bytes Sent By Job
	5797  -  Run Bytes Received By Job
	14877  -  Total Bytes Sent By Job
	5797  -  Total Bytes Received By Job
	Partitionable Resources :    Usage  Request Allocated 
	   Cpus                 :        0        1         1 
	   Disk (KB)            :       43       10      3850 
	   GPUs                 :                           0 
	   Memory (MB)          :       78     3000      3000 

	Job terminated of its own accord at 2025-01-28T15:20:14Z with exit-code 0.
...
