CHANNEL_0_1
           cbragg  cbragg_err   credchi  ...  cdelta_n            cL     timestamp
0     1544.608560    0.000109  0.000048  ...  0.000012  7.691674e+06  1.735839e+09
1     1544.616955    0.000204  0.000059  ...  0.000012  7.685101e+06  1.735839e+09
2     1544.608441    0.000113  0.000048  ...  0.000012  7.688977e+06  1.735839e+09
3     1544.616829    0.000106  0.000058  ...  0.000012  7.677807e+06  1.735839e+09
4     1544.608521    0.000104  0.000048  ...  0.000012  7.681378e+06  1.735839e+09
...           ...         ...       ...  ...       ...           ...           ...
1587  1544.618000    0.000106  0.000057  ...  0.000012  7.684912e+06  1.735855e+09
1588  1544.609282    0.000108  0.000047  ...  0.000012  7.682826e+06  1.735855e+09
1589  1544.617880    0.000105  0.000058  ...  0.000012  7.679178e+06  1.735855e+09
1590  1544.609138    0.000104  0.000048  ...  0.000012  7.682127e+06  1.735855e+09
1591  1544.617880    0.000245  0.000058  ...  0.000012  7.678208e+06  1.735855e+09

[1592 rows x 13 columns]
CHANNEL_0_2
           cbragg  cbragg_err   credchi  ...  cdelta_n            cL     timestamp
0     1545.435157    0.000098  0.000021  ...  0.000012  7.653231e+06  1.735839e+09
1     1545.437370    0.000094  0.000022  ...  0.000012  7.645415e+06  1.735839e+09
2     1545.435177    0.000099  0.000022  ...  0.000012  7.657564e+06  1.735839e+09
3     1545.437222    0.000097  0.000023  ...  0.000012  7.670439e+06  1.735839e+09
4     1545.435233    0.000095  0.000020  ...  0.000012  7.646736e+06  1.735839e+09
...           ...         ...       ...  ...       ...           ...           ...
1587  1545.438007    0.000093  0.000021  ...  0.000012  7.659114e+06  1.735855e+09
1588  1545.435798    0.000096  0.000020  ...  0.000012  7.662752e+06  1.735855e+09
1589  1545.437994    0.000093  0.000021  ...  0.000012  7.635683e+06  1.735855e+09
1590  1545.435864    0.000093  0.000019  ...  0.000012  7.630767e+06  1.735855e+09
1591  1545.438141    0.000092  0.000021  ...  0.000012  7.669840e+06  1.735855e+09

[1592 rows x 13 columns]
CHANNEL_0_3
           cbragg  cbragg_err   credchi  ...  cdelta_n            cL     timestamp
0     1546.115992    0.000109  0.000039  ...  0.000012  7.682322e+06  1.735839e+09
1     1546.124913    0.000109  0.000054  ...  0.000012  7.659121e+06  1.735839e+09
2     1546.115938    0.000109  0.000039  ...  0.000012  7.686858e+06  1.735839e+09
3     1546.124908    0.000108  0.000053  ...  0.000012  7.693450e+06  1.735839e+09
4     1546.115974    0.000108  0.000039  ...  0.000012  7.684899e+06  1.735839e+09
...           ...         ...       ...  ...       ...           ...           ...
1587  1546.126083    0.000109  0.000054  ...  0.000012  7.670215e+06  1.735855e+09
1588  1546.117024    0.000108  0.000039  ...  0.000012  7.695549e+06  1.735855e+09
1589  1546.126123    0.000110  0.000055  ...  0.000012  7.690991e+06  1.735855e+09
1590  1546.117012    0.000110  0.000040  ...  0.000012  7.672511e+06  1.735855e+09
1591  1546.126158    0.000110  0.000055  ...  0.000012  7.678572e+06  1.735855e+09

[1592 rows x 13 columns]
CHANNEL_0_4
           cbragg  cbragg_err   credchi  ...  cdelta_n            cL     timestamp
0     1547.115771    0.000117  0.000050  ...  0.000012  7.929956e+06  1.735839e+09
1     1547.118030    0.000113  0.000051  ...  0.000012  7.871940e+06  1.735839e+09
2     1547.115636    0.000115  0.000048  ...  0.000012  7.864888e+06  1.735839e+09
3     1547.117770    0.000117  0.000056  ...  0.000012  7.943065e+06  1.735839e+09
4     1547.115781    0.000114  0.000047  ...  0.000012  7.860297e+06  1.735839e+09
...           ...         ...       ...  ...       ...           ...           ...
1587  1547.119026    0.000112  0.000051  ...  0.000012  7.890213e+06  1.735855e+09
1588  1547.116698    0.000115  0.000048  ...  0.000012  7.864925e+06  1.735855e+09
1589  1547.119058    0.000113  0.000052  ...  0.000012  7.848592e+06  1.735855e+09
1590  1547.116783    0.000115  0.000048  ...  0.000012  7.855387e+06  1.735855e+09
1591  1547.119120    0.000113  0.000051  ...  0.000012  7.858246e+06  1.735855e+09

[1592 rows x 13 columns]
CHANNEL_0_5
           cbragg  cbragg_err   credchi  ...  cdelta_n            cL     timestamp
0     1548.089284    0.000087  0.000038  ...  0.000012  7.710822e+06  1.735839e+09
1     1548.094403    0.000099  0.000042  ...  0.000012  7.724609e+06  1.735839e+09
2     1548.089296    0.000102  0.000053  ...  0.000012  7.855448e+06  1.735839e+09
3     1548.094386    0.000113  0.000055  ...  0.000012  7.858735e+06  1.735839e+09
4     1548.089787    0.000104  0.000055  ...  0.000012  7.868163e+06  1.735839e+09
...           ...         ...       ...  ...       ...           ...           ...
1587  1548.095819    0.000097  0.000040  ...  0.000012  7.722931e+06  1.735855e+09
1588  1548.090801    0.000104  0.000055  ...  0.000012  7.878886e+06  1.735855e+09
1589  1548.095819    0.000095  0.000039  ...  0.000012  7.712256e+06  1.735855e+09
1590  1548.090379    0.000101  0.000052  ...  0.000012  7.846136e+06  1.735855e+09
1591  1548.095881    0.000144  0.000089  ...  0.000012  7.915480e+06  1.735855e+09

[1592 rows x 13 columns]
CHANNEL_0_6
           cbragg  cbragg_err   credchi  ...  cdelta_n            cL     timestamp
0     1549.066892    0.000099  0.000038  ...  0.000012  7.700602e+06  1.735839e+09
1     1549.076630    0.000257  0.000459  ...  0.000012  8.087034e+06  1.735839e+09
2     1549.067055    0.000076  0.000023  ...  0.000012  7.566472e+06  1.735839e+09
3     1549.077001    0.000135  0.000126  ...  0.000012  7.782704e+06  1.735839e+09
4     1549.066981    0.000098  0.000038  ...  0.000012  7.717848e+06  1.735839e+09
...           ...         ...       ...  ...       ...           ...           ...
1587  1549.078399    0.000082  0.000044  ...  0.000012  7.484671e+06  1.735855e+09
1588  1549.068243    0.000076  0.000023  ...  0.000012  7.579569e+06  1.735855e+09
1589  1549.078325    0.000107  0.000077  ...  0.000012  7.672634e+06  1.735855e+09
1590  1549.068311    0.000075  0.000022  ...  0.000012  7.581171e+06  1.735855e+09
1591  1549.078426    0.000083  0.000045  ...  0.000012  7.492588e+06  1.735855e+09

[1592 rows x 13 columns]
CHANNEL_0_7
           cbragg  cbragg_err   credchi  ...  cdelta_n            cL     timestamp
0     1550.072137    0.000128  0.000048  ...  0.000012  7.561366e+06  1.735839e+09
1     1550.074865    0.000126  0.000050  ...  0.000012  7.592760e+06  1.735839e+09
2     1550.072039    0.000127  0.000047  ...  0.000012  7.581666e+06  1.735839e+09
3     1550.074619    0.000142  0.000065  ...  0.000012  7.801284e+06  1.735839e+09
4     1550.071984    0.000128  0.000048  ...  0.000012  7.581247e+06  1.735839e+09
...           ...         ...       ...  ...       ...           ...           ...
1587  1550.076165    0.000128  0.000053  ...  0.000012  7.713661e+06  1.735855e+09
1588  1550.073281    0.000141  0.000059  ...  0.000012  7.763326e+06  1.735855e+09
1589  1550.076208    0.000125  0.000049  ...  0.000012  7.608838e+06  1.735855e+09
1590  1550.073320    0.000127  0.000047  ...  0.000012  7.592875e+06  1.735855e+09
1591  1550.076284    0.000132  0.000056  ...  0.000012  7.714300e+06  1.735855e+09

[1592 rows x 13 columns]
CHANNEL_0_8
           cbragg  cbragg_err   credchi  ...  cdelta_n            cL     timestamp
0     1551.047141    0.000073  0.000016  ...  0.000012  7.610507e+06  1.735839e+09
1     1551.054583    0.000080  0.000023  ...  0.000012  7.696868e+06  1.735839e+09
2     1551.046970    0.000076  0.000017  ...  0.000012  7.603978e+06  1.735839e+09
3     1551.054482    0.000076  0.000020  ...  0.000012  7.641318e+06  1.735839e+09
4     1551.047188    0.000073  0.000016  ...  0.000012  7.609204e+06  1.735839e+09
...           ...         ...       ...  ...       ...           ...           ...
1587  1551.055922    0.000074  0.000019  ...  0.000012  7.621471e+06  1.735855e+09
1588  1551.048124    0.000075  0.000017  ...  0.000012  7.611240e+06  1.735855e+09
1589  1551.055836    0.000076  0.000020  ...  0.000012  7.642999e+06  1.735855e+09
1590  1551.048139    0.000074  0.000016  ...  0.000012  7.614656e+06  1.735855e+09
1591  1551.055917    0.000072  0.000018  ...  0.000012  7.615397e+06  1.735855e+09

[1592 rows x 13 columns]
CHANNEL_0_9
           cbragg  cbragg_err   credchi  ...  cdelta_n            cL     timestamp
0     1552.028521    0.000093  0.000017  ...  0.000012  7.715913e+06  1.735839e+09
1     1552.038442    0.000090  0.000030  ...  0.000012  7.661912e+06  1.735839e+09
2     1552.028460    0.000096  0.000018  ...  0.000012  7.715623e+06  1.735839e+09
3     1552.038373    0.000091  0.000030  ...  0.000012  7.663583e+06  1.735839e+09
4     1552.028535    0.000091  0.000016  ...  0.000012  7.722309e+06  1.735839e+09
...           ...         ...       ...  ...       ...           ...           ...
1587  1552.039817    0.000090  0.000030  ...  0.000012  7.659369e+06  1.735855e+09
1588  1552.029616    0.000091  0.000016  ...  0.000012  7.693800e+06  1.735855e+09
1589  1552.039732    0.000090  0.000030  ...  0.000012  7.706885e+06  1.735855e+09
1590  1552.029581    0.000153  0.000042  ...  0.000012  7.337927e+06  1.735855e+09
1591  1552.039831    0.000091  0.000031  ...  0.000012  7.662146e+06  1.735855e+09

[1592 rows x 13 columns]
CHANNEL_0_10
           cbragg  cbragg_err   credchi  ...  cdelta_n            cL     timestamp
0     1553.038863    0.000090  0.000020  ...  0.000012  7.689642e+06  1.735839e+09
1     1553.039692    0.000088  0.000015  ...  0.000012  7.726752e+06  1.735839e+09
2     1553.038941    0.000089  0.000020  ...  0.000012  7.696321e+06  1.735839e+09
3     1553.039710    0.000092  0.000017  ...  0.000012  7.686540e+06  1.735839e+09
4     1553.038981    0.000088  0.000019  ...  0.000012  7.691722e+06  1.735839e+09
...           ...         ...       ...  ...       ...           ...           ...
1587  1553.041007    0.000090  0.000016  ...  0.000012  7.733462e+06  1.735855e+09
1588  1553.039927    0.000091  0.000021  ...  0.000012  7.714749e+06  1.735855e+09
1589  1553.040978    0.000092  0.000017  ...  0.000012  7.728827e+06  1.735855e+09
1590  1553.040234    0.000135  0.000042  ...  0.000012  7.368198e+06  1.735855e+09
1591  1553.041140    0.000089  0.000016  ...  0.000012  7.732366e+06  1.735855e+09

[1592 rows x 13 columns]
CHANNEL_0_11
           cbragg  cbragg_err   credchi  ...  cdelta_n            cL     timestamp
0     1554.043867    0.000070  0.000008  ...  0.000012  7.657199e+06  1.735839e+09
1     1554.053137    0.000070  0.000015  ...  0.000012  7.668207e+06  1.735839e+09
2     1554.043782    0.000071  0.000008  ...  0.000012  7.694348e+06  1.735839e+09
3     1554.053366    0.000068  0.000013  ...  0.000012  7.656979e+06  1.735839e+09
4     1554.043775    0.000075  0.000009  ...  0.000012  7.654230e+06  1.735839e+09
...           ...         ...       ...  ...       ...           ...           ...
1587  1554.054433    0.000075  0.000016  ...  0.000012  7.630455e+06  1.735855e+09
1588  1554.044862    0.000074  0.000009  ...  0.000012  7.701888e+06  1.735855e+09
1589  1554.054499    0.000074  0.000016  ...  0.000012  7.653680e+06  1.735855e+09
1590  1554.044833    0.000072  0.000008  ...  0.000012  7.711652e+06  1.735855e+09
1591  1554.054467    0.000073  0.000016  ...  0.000012  7.656653e+06  1.735855e+09

[1592 rows x 13 columns]
CHANNEL_0_12
           cbragg  cbragg_err   credchi  ...  cdelta_n            cL     timestamp
0     1555.072205    0.000118  0.000049  ...  0.000012  7.482121e+06  1.735839e+09
1     1555.074232    0.000120  0.000050  ...  0.000012  7.497523e+06  1.735839e+09
2     1555.072118    0.000121  0.000051  ...  0.000012  7.475704e+06  1.735839e+09
3     1555.074277    0.000117  0.000047  ...  0.000012  7.508052e+06  1.735839e+09
4     1555.072122    0.000121  0.000051  ...  0.000012  7.480193e+06  1.735839e+09
...           ...         ...       ...  ...       ...           ...           ...
1587  1555.075523    0.000120  0.000050  ...  0.000012  7.503001e+06  1.735855e+09
1588  1555.073163    0.000120  0.000050  ...  0.000012  7.479479e+06  1.735855e+09
1589  1555.075442    0.000119  0.000049  ...  0.000012  7.500947e+06  1.735855e+09
1590  1555.073106    0.000119  0.000050  ...  0.000012  7.470450e+06  1.735855e+09
1591  1555.075506    0.000118  0.000049  ...  0.000012  7.508189e+06  1.735855e+09

[1592 rows x 13 columns]
CHANNEL_0_13
           cbragg  cbragg_err   credchi  ...  cdelta_n            cL     timestamp
0     1556.044174    0.000142  0.000038  ...  0.000012  7.673381e+06  1.735839e+09
1     1556.052420    0.000135  0.000044  ...  0.000012  7.679539e+06  1.735839e+09
2     1556.044247    0.000143  0.000038  ...  0.000012  7.669349e+06  1.735839e+09
3     1556.052411    0.000136  0.000045  ...  0.000012  7.683735e+06  1.735839e+09
4     1556.044141    0.000142  0.000037  ...  0.000012  7.662452e+06  1.735839e+09
...           ...         ...       ...  ...       ...           ...           ...
1587  1556.053681    0.000139  0.000048  ...  0.000012  7.691752e+06  1.735855e+09
1588  1556.045219    0.000141  0.000037  ...  0.000012  7.622421e+06  1.735855e+09
1589  1556.053619    0.000136  0.000045  ...  0.000012  7.687894e+06  1.735855e+09
1590  1556.045269    0.000142  0.000037  ...  0.000012  7.680844e+06  1.735855e+09
1591  1556.053736    0.000136  0.000046  ...  0.000012  7.687140e+06  1.735855e+09

[1592 rows x 13 columns]
CHANNEL_0_14
           cbragg  cbragg_err   credchi  ...  cdelta_n            cL     timestamp
0     1557.016841    0.000100  0.000029  ...  0.000012  7.662410e+06  1.735839e+09
1     1557.021310    0.000104  0.000040  ...  0.000012  7.612365e+06  1.735839e+09
2     1557.016770    0.000100  0.000029  ...  0.000012  7.663491e+06  1.735839e+09
3     1557.021225    0.000104  0.000040  ...  0.000012  7.604824e+06  1.735839e+09
4     1557.016755    0.000101  0.000030  ...  0.000012  7.655157e+06  1.735839e+09
...           ...         ...       ...  ...       ...           ...           ...
1587  1557.022555    0.000103  0.000039  ...  0.000012  7.608688e+06  1.735855e+09
1588  1557.017962    0.000100  0.000029  ...  0.000012  7.661383e+06  1.735855e+09
1589  1557.022471    0.000125  0.000060  ...  0.000012  7.815982e+06  1.735855e+09
1590  1557.017974    0.000100  0.000030  ...  0.000012  7.634588e+06  1.735855e+09
1591  1557.022594    0.000108  0.000044  ...  0.000012  7.700188e+06  1.735855e+09

[1592 rows x 13 columns]
CHANNEL_1_1
           cbragg  cbragg_err   credchi  ...  cdelta_n            cL     timestamp
0     1556.156356    0.000085  0.000007  ...  0.000012  2.665993e+06  1.735839e+09
1     1556.155063    0.001005  0.001800  ...  0.000012  3.412241e+06  1.735839e+09
2     1556.156328    0.000097  0.000009  ...  0.000012  2.646279e+06  1.735839e+09
3     1556.155452    0.000727  0.000770  ...  0.000012  3.162425e+06  1.735839e+09
4     1556.156621    0.000084  0.000007  ...  0.000012  2.681305e+06  1.735839e+09
...           ...         ...       ...  ...       ...           ...           ...
1587  1556.157382    0.000247  0.000049  ...  0.000012  2.570387e+06  1.735855e+09
1588  1556.158228    0.000805  0.001041  ...  0.000012  3.205998e+06  1.735855e+09
1589  1556.157282    0.000088  0.000007  ...  0.000012  2.673499e+06  1.735855e+09
1590  1556.157706    0.000083  0.000007  ...  0.000012  2.655093e+06  1.735855e+09
1591  1556.157043    0.000079  0.000006  ...  0.000012  2.687392e+06  1.735855e+09

[1592 rows x 13 columns]
CHANNEL_1_2
           cbragg  cbragg_err   credchi  ...  cdelta_n            cL     timestamp
0     1558.200052    0.000978  0.002472  ...  0.000012  3.514302e+06  1.735839e+09
1     1558.202795    0.000614  0.000772  ...  0.000012  3.171668e+06  1.735839e+09
2     1558.200299    0.000726  0.000505  ...  0.000012  2.450065e+06  1.735839e+09
3     1558.203137    0.000152  0.000034  ...  0.000012  2.765670e+06  1.735839e+09
4     1558.200528    0.000135  0.000026  ...  0.000012  2.772639e+06  1.735839e+09
...           ...         ...       ...  ...       ...           ...           ...
1587  1558.203984    0.000305  0.000165  ...  0.000012  2.980601e+06  1.735855e+09
1588  1558.201812    0.000352  0.000144  ...  0.000012  2.611720e+06  1.735855e+09
1589  1558.204271    0.000124  0.000023  ...  0.000012  2.783095e+06  1.735855e+09
1590  1558.202095    0.000658  0.000419  ...  0.000012  2.478667e+06  1.735855e+09
1591  1558.204248    0.001270  0.004620  ...  0.000012  3.704150e+06  1.735855e+09

[1592 rows x 13 columns]
CHANNEL_1_3
           cbragg  cbragg_err   credchi  ...  cdelta_n            cL     timestamp
0     1561.018212    0.000047  0.000004  ...  0.000012  2.933333e+06  1.735839e+09
1     1561.014668    0.000043  0.000003  ...  0.000012  2.911368e+06  1.735839e+09
2     1561.018450    0.000050  0.000004  ...  0.000012  2.931748e+06  1.735839e+09
3     1561.014969    0.000047  0.000004  ...  0.000012  2.926603e+06  1.735839e+09
4     1561.018351    0.000048  0.000004  ...  0.000012  2.925820e+06  1.735839e+09
...           ...         ...       ...  ...       ...           ...           ...
1587  1561.016058    0.000053  0.000005  ...  0.000012  2.911182e+06  1.735855e+09
1588  1561.019503    0.000048  0.000004  ...  0.000012  2.923898e+06  1.735855e+09
1589  1561.016108    0.000052  0.000004  ...  0.000012  2.909099e+06  1.735855e+09
1590  1561.019573    0.000051  0.000004  ...  0.000012  2.927252e+06  1.735855e+09
1591  1561.016791    0.000116  0.000023  ...  0.000012  2.987480e+06  1.735855e+09

[1592 rows x 13 columns]
CHANNEL_2_1
           cbragg  cbragg_err   credchi  ...  cdelta_n            cL     timestamp
0     1543.576484    0.000197  0.000005  ...  0.000012  2.775674e+06  1.735839e+09
1     1543.575742    0.000068  0.000005  ...  0.000012  2.781635e+06  1.735839e+09
2     1543.576336    0.000071  0.000005  ...  0.000012  2.780937e+06  1.735839e+09
3     1543.575715    0.000068  0.000005  ...  0.000012  2.776976e+06  1.735839e+09
4     1543.576309    0.000071  0.000005  ...  0.000012  2.777333e+06  1.735839e+09
...           ...         ...       ...  ...       ...           ...           ...
1587  1543.576908    0.000068  0.000005  ...  0.000012  2.776053e+06  1.735855e+09
1588  1543.555622    0.014337  0.004614  ...  0.000012  1.110782e+06  1.735855e+09
1589  1543.576789    0.000067  0.000005  ...  0.000012  2.775974e+06  1.735855e+09
1590  1543.577596    0.000075  0.000005  ...  0.000012  2.776383e+06  1.735855e+09
1591  1543.576934    0.000068  0.000005  ...  0.000012  2.777699e+06  1.735855e+09

[1592 rows x 13 columns]
CHANNEL_2_2
           cbragg  cbragg_err   credchi  ...  cdelta_n            cL     timestamp
0     1545.925525    0.000129  0.000013  ...  0.000012  2.667816e+06  1.735839e+09
1     1545.926935    0.000127  0.000013  ...  0.000012  2.698462e+06  1.735839e+09
2     1545.926107    0.000195  0.000027  ...  0.000012  2.599320e+06  1.735839e+09
3     1545.927197    0.000126  0.000013  ...  0.000012  2.689079e+06  1.735839e+09
4     1545.925599    0.000136  0.000014  ...  0.000012  2.674675e+06  1.735839e+09
...           ...         ...       ...  ...       ...           ...           ...
1587  1545.928237    0.000123  0.000012  ...  0.000012  2.689969e+06  1.735855e+09
1588  1545.924276    0.001212  0.002403  ...  0.000012  3.530986e+06  1.735855e+09
1589  1545.927092    0.000524  0.000280  ...  0.000012  2.949831e+06  1.735855e+09
1590  1545.927208    0.000200  0.000029  ...  0.000012  2.595870e+06  1.735855e+09
1591  1545.928380    0.000126  0.000013  ...  0.000012  2.685866e+06  1.735855e+09

[1592 rows x 13 columns]
CHANNEL_2_3
           cbragg  cbragg_err   credchi  ...  cdelta_n            cL     timestamp
0     1548.525672    0.000094  0.000010  ...  0.000012  2.923774e+06  1.735839e+09
1     1548.527108    0.000448  0.000288  ...  0.000012  3.198508e+06  1.735839e+09
2     1548.525526    0.000112  0.000014  ...  0.000012  2.942595e+06  1.735839e+09
3     1548.526661    0.000097  0.000010  ...  0.000012  2.923602e+06  1.735839e+09
4     1548.525495    0.000097  0.000010  ...  0.000012  2.881563e+06  1.735839e+09
...           ...         ...       ...  ...       ...           ...           ...
1587  1548.527984    0.000099  0.000010  ...  0.000012  2.864090e+06  1.735855e+09
1588  1548.527389    0.000282  0.000097  ...  0.000012  3.041400e+06  1.735855e+09
1589  1548.528502    0.000453  0.000289  ...  0.000012  3.193353e+06  1.735855e+09
1590  1548.526850    0.000093  0.000009  ...  0.000012  2.907107e+06  1.735855e+09
1591  1548.528096    0.000095  0.000010  ...  0.000012  2.887626e+06  1.735855e+09

[1592 rows x 13 columns]
CHANNEL_3_1
           cbragg  cbragg_err   credchi  ...  cdelta_n            cL     timestamp
0     1544.125715    0.000133  0.000028  ...  0.000012  7.764235e+06  1.735839e+09
1     1544.123912    0.000120  0.000020  ...  0.000012  7.803941e+06  1.735839e+09
2     1544.125714    0.000296  0.000027  ...  0.000012  7.767962e+06  1.735839e+09
3     1544.123830    0.000135  0.000020  ...  0.000012  7.803237e+06  1.735839e+09
4     1544.125761    0.000111  0.000028  ...  0.000012  7.775035e+06  1.735839e+09
...           ...         ...       ...  ...       ...           ...           ...
1587  1544.124851    0.000120  0.000020  ...  0.000012  7.806563e+06  1.735855e+09
1588  1544.126446    0.000141  0.000028  ...  0.000012  7.772217e+06  1.735855e+09
1589  1544.124680    0.000189  0.000020  ...  0.000012  7.809375e+06  1.735855e+09
1590  1544.126495    0.000187  0.000027  ...  0.000012  7.765985e+06  1.735855e+09
1591  1544.124657    0.000204  0.000020  ...  0.000012  7.805528e+06  1.735855e+09

[1592 rows x 13 columns]
CHANNEL_3_2
           cbragg  cbragg_err   credchi  ...  cdelta_n            cL     timestamp
0     1545.013844    0.000163  0.000023  ...  0.000012  7.913840e+06  1.735839e+09
1     1545.024288    0.000111  0.000038  ...  0.000012  7.834208e+06  1.735839e+09
2     1545.013820    0.000114  0.000022  ...  0.000012  7.911373e+06  1.735839e+09
3     1545.024366    0.000120  0.000038  ...  0.000012  7.831746e+06  1.735839e+09
4     1545.013739    0.000123  0.000023  ...  0.000012  7.913585e+06  1.735839e+09
...           ...         ...       ...  ...       ...           ...           ...
1587  1545.025067    0.000224  0.000039  ...  0.000012  7.840815e+06  1.735855e+09
1588  1545.014429    0.000110  0.000022  ...  0.000012  7.904432e+06  1.735855e+09
1589  1545.025071    0.000154  0.000041  ...  0.000012  7.821534e+06  1.735855e+09
1590  1545.014416    0.000108  0.000022  ...  0.000012  7.924779e+06  1.735855e+09
1591  1545.025013    0.000128  0.000039  ...  0.000012  7.844039e+06  1.735855e+09

[1592 rows x 13 columns]
CHANNEL_3_3
           cbragg  cbragg_err   credchi  ...  cdelta_n            cL     timestamp
0     1545.706443    0.000109  0.000033  ...  0.000012  7.556451e+06  1.735839e+09
1     1545.709489    0.000111  0.000026  ...  0.000012  7.608729e+06  1.735839e+09
2     1545.706472    0.000108  0.000032  ...  0.000012  7.597633e+06  1.735839e+09
3     1545.709613    0.000116  0.000028  ...  0.000012  7.593738e+06  1.735839e+09
4     1545.706466    0.000109  0.000033  ...  0.000012  7.584725e+06  1.735839e+09
...           ...         ...       ...  ...       ...           ...           ...
1587  1545.710716    0.000111  0.000026  ...  0.000012  7.617996e+06  1.735855e+09
1588  1545.707562    0.000111  0.000034  ...  0.000012  7.660551e+06  1.735855e+09
1589  1545.710647    0.000115  0.000028  ...  0.000012  7.609880e+06  1.735855e+09
1590  1545.707553    0.000106  0.000031  ...  0.000012  7.582317e+06  1.735855e+09
1591  1545.710720    0.000115  0.000028  ...  0.000012  7.625811e+06  1.735855e+09

[1592 rows x 13 columns]
CHANNEL_3_4
           cbragg  cbragg_err   credchi  ...  cdelta_n            cL     timestamp
0     1546.678322    0.000096  0.000017  ...  0.000012  7.806421e+06  1.735839e+09
1     1546.685517    0.000096  0.000026  ...  0.000012  7.748590e+06  1.735839e+09
2     1546.678184    0.000097  0.000018  ...  0.000012  7.791405e+06  1.735839e+09
3     1546.685338    0.000096  0.000026  ...  0.000012  7.749955e+06  1.735839e+09
4     1546.678333    0.000097  0.000018  ...  0.000012  7.801164e+06  1.735839e+09
...           ...         ...       ...  ...       ...           ...           ...
1587  1546.686838    0.000108  0.000032  ...  0.000012  7.770500e+06  1.735855e+09
1588  1546.679481    0.000097  0.000018  ...  0.000012  7.801420e+06  1.735855e+09
1589  1546.686824    0.000097  0.000027  ...  0.000012  7.756852e+06  1.735855e+09
1590  1546.679563    0.000098  0.000018  ...  0.000012  7.747130e+06  1.735855e+09
1591  1546.686865    0.000096  0.000026  ...  0.000012  7.747217e+06  1.735855e+09

[1592 rows x 13 columns]
CHANNEL_3_5
           cbragg  cbragg_err   credchi  ...  cdelta_n            cL     timestamp
0     1547.697317    0.000078  0.000015  ...  0.000012  7.586237e+06  1.735839e+09
1     1547.705367    0.000078  0.000014  ...  0.000012  7.621587e+06  1.735839e+09
2     1547.697175    0.000079  0.000015  ...  0.000012  7.589511e+06  1.735839e+09
3     1547.705347    0.000078  0.000014  ...  0.000012  7.618654e+06  1.735839e+09
4     1547.697303    0.000078  0.000014  ...  0.000012  7.592247e+06  1.735839e+09
...           ...         ...       ...  ...       ...           ...           ...
1587  1547.706696    0.000078  0.000014  ...  0.000012  7.623934e+06  1.735855e+09
1588  1547.698594    0.000079  0.000015  ...  0.000012  7.586069e+06  1.735855e+09
1589  1547.706610    0.000078  0.000014  ...  0.000012  7.628293e+06  1.735855e+09
1590  1547.698639    0.000077  0.000014  ...  0.000012  7.595722e+06  1.735855e+09
1591  1547.706689    0.000089  0.000018  ...  0.000012  7.480297e+06  1.735855e+09

[1592 rows x 13 columns]
CHANNEL_3_6
           cbragg  cbragg_err   credchi  ...  cdelta_n            cL     timestamp
0     1548.686188    0.000083  0.000016  ...  0.000012  7.734418e+06  1.735839e+09
1     1548.689269    0.000082  0.000017  ...  0.000012  7.759656e+06  1.735839e+09
2     1548.686317    0.000084  0.000017  ...  0.000012  7.733098e+06  1.735839e+09
3     1548.689444    0.000081  0.000016  ...  0.000012  7.763894e+06  1.735839e+09
4     1548.686274    0.000084  0.000017  ...  0.000012  7.731355e+06  1.735839e+09
...           ...         ...       ...  ...       ...           ...           ...
1587  1548.690724    0.000082  0.000017  ...  0.000012  7.761402e+06  1.735855e+09
1588  1548.687499    0.000084  0.000017  ...  0.000012  7.748128e+06  1.735855e+09
1589  1548.690695    0.000081  0.000016  ...  0.000012  7.756690e+06  1.735855e+09
1590  1548.687566    0.000084  0.000017  ...  0.000012  7.746755e+06  1.735855e+09
1591  1548.690767    0.000082  0.000017  ...  0.000012  7.759988e+06  1.735855e+09

[1592 rows x 13 columns]
CHANNEL_3_7
           cbragg  cbragg_err   credchi  ...  cdelta_n            cL     timestamp
0     1549.700856    0.000086  0.000014  ...  0.000012  7.650599e+06  1.735839e+09
1     1549.712328    0.000087  0.000021  ...  0.000012  7.607250e+06  1.735839e+09
2     1549.700816    0.000085  0.000014  ...  0.000012  7.648908e+06  1.735839e+09
3     1549.712226    0.000086  0.000020  ...  0.000012  7.605562e+06  1.735839e+09
4     1549.700740    0.000087  0.000014  ...  0.000012  7.636163e+06  1.735839e+09
...           ...         ...       ...  ...       ...           ...           ...
1587  1549.713579    0.000086  0.000020  ...  0.000012  7.609008e+06  1.735855e+09
1588  1549.702135    0.000086  0.000014  ...  0.000012  7.639295e+06  1.735855e+09
1589  1549.713544    0.000088  0.000021  ...  0.000012  7.611455e+06  1.735855e+09
1590  1549.702178    0.000084  0.000014  ...  0.000012  7.635273e+06  1.735855e+09
1591  1549.713642    0.000086  0.000020  ...  0.000012  7.605558e+06  1.735855e+09

[1592 rows x 13 columns]
CHANNEL_3_8
           cbragg  cbragg_err   credchi  ...  cdelta_n            cL     timestamp
0     1550.662947    0.000089  0.000016  ...  0.000012  7.585711e+06  1.735839e+09
1     1550.661330    0.000094  0.000014  ...  0.000012  7.625758e+06  1.735839e+09
2     1550.662889    0.000090  0.000017  ...  0.000012  7.632037e+06  1.735839e+09
3     1550.661278    0.000146  0.000031  ...  0.000012  7.288641e+06  1.735839e+09
4     1550.662961    0.000089  0.000016  ...  0.000012  7.636523e+06  1.735839e+09
...           ...         ...       ...  ...       ...           ...           ...
1587  1550.662615    0.000132  0.000026  ...  0.000012  7.349772e+06  1.735855e+09
1588  1550.664232    0.000090  0.000017  ...  0.000012  7.626693e+06  1.735855e+09
1589  1550.662509    0.000094  0.000014  ...  0.000012  7.651464e+06  1.735855e+09
1590  1550.664217    0.000101  0.000020  ...  0.000012  7.438681e+06  1.735855e+09
1591  1550.662620    0.000092  0.000014  ...  0.000012  7.658736e+06  1.735855e+09

[1592 rows x 13 columns]
CHANNEL_3_9
           cbragg  cbragg_err   credchi  ...  cdelta_n            cL     timestamp
0     1551.653089    0.000089  0.000010  ...  0.000012  7.786434e+06  1.735839e+09
1     1551.663238    0.000091  0.000019  ...  0.000012  7.666439e+06  1.735839e+09
2     1551.653048    0.000091  0.000011  ...  0.000012  7.782984e+06  1.735839e+09
3     1551.663233    0.000090  0.000019  ...  0.000012  7.705557e+06  1.735839e+09
4     1551.653165    0.000089  0.000010  ...  0.000012  7.779658e+06  1.735839e+09
...           ...         ...       ...  ...       ...           ...           ...
1587  1551.664520    0.000091  0.000019  ...  0.000012  7.702812e+06  1.735855e+09
1588  1551.654385    0.000089  0.000010  ...  0.000012  7.786355e+06  1.735855e+09
1589  1551.664473    0.000089  0.000018  ...  0.000012  7.706691e+06  1.735855e+09
1590  1551.654354    0.000090  0.000010  ...  0.000012  7.774315e+06  1.735855e+09
1591  1551.664488    0.000090  0.000019  ...  0.000012  7.647900e+06  1.735855e+09

[1592 rows x 13 columns]
CHANNEL_3_10
           cbragg  cbragg_err   credchi  ...  cdelta_n            cL     timestamp
0     1552.667360    0.000103  0.000021  ...  0.000012  7.710905e+06  1.735839e+09
1     1552.664051    0.000110  0.000014  ...  0.000012  7.781348e+06  1.735839e+09
2     1552.667392    0.000107  0.000023  ...  0.000012  7.586918e+06  1.735839e+09
3     1552.664196    0.000113  0.000014  ...  0.000012  7.763058e+06  1.735839e+09
4     1552.667345    0.000111  0.000025  ...  0.000012  7.574876e+06  1.735839e+09
...           ...         ...       ...  ...       ...           ...           ...
1587  1552.665405    0.000111  0.000014  ...  0.000012  7.771702e+06  1.735855e+09
1588  1552.668565    0.000104  0.000022  ...  0.000012  7.710996e+06  1.735855e+09
1589  1552.665401    0.000112  0.000014  ...  0.000012  7.778054e+06  1.735855e+09
1590  1552.668560    0.000104  0.000022  ...  0.000012  7.714866e+06  1.735855e+09
1591  1552.665424    0.000114  0.000014  ...  0.000012  7.772327e+06  1.735855e+09

[1592 rows x 13 columns]
CHANNEL_3_11
           cbragg  cbragg_err   credchi  ...  cdelta_n            cL     timestamp
0     1553.630295    0.000135  0.000028  ...  0.000012  7.922813e+06  1.735839e+09
1     1553.634411    0.000132  0.000040  ...  0.000012  7.865923e+06  1.735839e+09
2     1553.630301    0.000133  0.000027  ...  0.000012  7.927278e+06  1.735839e+09
3     1553.634452    0.000177  0.000067  ...  0.000012  7.479058e+06  1.735839e+09
4     1553.630267    0.000133  0.000027  ...  0.000012  7.911186e+06  1.735839e+09
...           ...         ...       ...  ...       ...           ...           ...
1587  1553.635698    0.000133  0.000041  ...  0.000012  7.847561e+06  1.735855e+09
1588  1553.631459    0.000133  0.000027  ...  0.000012  7.926370e+06  1.735855e+09
1589  1553.635603    0.000133  0.000040  ...  0.000012  7.857376e+06  1.735855e+09
1590  1553.631678    0.000134  0.000027  ...  0.000012  7.923473e+06  1.735855e+09
1591  1553.635851    0.000133  0.000040  ...  0.000012  7.852059e+06  1.735855e+09

[1592 rows x 13 columns]
CHANNEL_3_12
           cbragg  cbragg_err   credchi  ...  cdelta_n            cL     timestamp
0     1554.609721    0.000097  0.000020  ...  0.000012  7.758437e+06  1.735839e+09
1     1554.609295    0.000105  0.000015  ...  0.000012  7.768778e+06  1.735839e+09
2     1554.609749    0.000097  0.000020  ...  0.000012  7.771654e+06  1.735839e+09
3     1554.609176    0.000111  0.000017  ...  0.000012  7.794041e+06  1.735839e+09
4     1554.609731    0.000098  0.000020  ...  0.000012  7.754535e+06  1.735839e+09
...           ...         ...       ...  ...       ...           ...           ...
1587  1554.610372    0.000106  0.000016  ...  0.000012  7.825017e+06  1.735855e+09
1588  1554.610885    0.000098  0.000020  ...  0.000012  7.777776e+06  1.735855e+09
1589  1554.610316    0.000104  0.000015  ...  0.000012  7.820186e+06  1.735855e+09
1590  1554.610885    0.000098  0.000020  ...  0.000012  7.766904e+06  1.735855e+09
1591  1554.610380    0.000219  0.000059  ...  0.000012  7.234037e+06  1.735855e+09

[1592 rows x 13 columns]
CHANNEL_3_13
           cbragg  cbragg_err   credchi  ...  cdelta_n            cL     timestamp
0     1555.612235    0.000088  0.000009  ...  0.000012  7.620292e+06  1.735839e+09
1     1555.620204    0.000090  0.000017  ...  0.000012  7.573212e+06  1.735839e+09
2     1555.612372    0.000089  0.000010  ...  0.000012  7.620949e+06  1.735839e+09
3     1555.620192    0.000089  0.000017  ...  0.000012  7.558484e+06  1.735839e+09
4     1555.612139    0.000089  0.000010  ...  0.000012  7.638094e+06  1.735839e+09
...           ...         ...       ...  ...       ...           ...           ...
1587  1555.621522    0.000089  0.000017  ...  0.000012  7.556613e+06  1.735855e+09
1588  1555.613469    0.000087  0.000009  ...  0.000012  7.618552e+06  1.735855e+09
1589  1555.621375    0.000090  0.000017  ...  0.000012  7.556445e+06  1.735855e+09
1590  1555.613404    0.000088  0.000009  ...  0.000012  7.645647e+06  1.735855e+09
1591  1555.621459    0.000088  0.000017  ...  0.000012  7.564977e+06  1.735855e+09

[1592 rows x 13 columns]
CHANNEL_3_14
           cbragg  cbragg_err   credchi  ...  cdelta_n            cL     timestamp
0     1556.572721    0.000188  0.000079  ...  0.000012  7.682452e+06  1.735839e+09
1     1556.569827    0.000186  0.000048  ...  0.000012  7.747754e+06  1.735839e+09
2     1556.572574    0.000189  0.000080  ...  0.000012  7.685072e+06  1.735839e+09
3     1556.569784    0.000193  0.000052  ...  0.000012  7.749978e+06  1.735839e+09
4     1556.572606    0.000186  0.000077  ...  0.000012  7.686208e+06  1.735839e+09
...           ...         ...       ...  ...       ...           ...           ...
1587  1556.570985    0.000189  0.000050  ...  0.000012  7.733448e+06  1.735855e+09
1588  1556.573794    0.000192  0.000082  ...  0.000012  7.691454e+06  1.735855e+09
1589  1556.570956    0.000191  0.000051  ...  0.000012  7.742556e+06  1.735855e+09
1590  1556.573954    0.000189  0.000080  ...  0.000012  7.689774e+06  1.735855e+09
1591  1556.571176    0.000190  0.000051  ...  0.000012  7.739336e+06  1.735855e+09

[1592 rows x 13 columns]
