CHANNEL_0_1
           cbragg  cbragg_err   credchi  ...  cdelta_n            cL     timestamp
0     1544.202471    0.000156  0.000038  ...  0.000012  7.748627e+06  1.737215e+09
1     1544.212668    0.000244  0.000050  ...  0.000012  7.728557e+06  1.737215e+09
2     1544.202454    0.000097  0.000039  ...  0.000012  7.732165e+06  1.737215e+09
3     1544.212591    0.000130  0.000049  ...  0.000012  7.729875e+06  1.737215e+09
4     1544.202587    0.000098  0.000039  ...  0.000012  7.725533e+06  1.737215e+09
...           ...         ...       ...  ...       ...           ...           ...
1587  1544.213751    0.000096  0.000050  ...  0.000012  7.724132e+06  1.737231e+09
1588  1544.203303    0.000158  0.000037  ...  0.000012  7.749644e+06  1.737231e+09
1589  1544.213659    0.000099  0.000051  ...  0.000012  7.732470e+06  1.737231e+09
1590  1544.203418    0.000101  0.000037  ...  0.000012  7.740056e+06  1.737231e+09
1591  1544.213799    0.000137  0.000053  ...  0.000012  7.715435e+06  1.737231e+09

[1592 rows x 13 columns]
CHANNEL_0_2
           cbragg  cbragg_err   credchi  ...  cdelta_n            cL     timestamp
0     1545.160495    0.000082  0.000015  ...  0.000012  7.684769e+06  1.737215e+09
1     1545.162392    0.000087  0.000015  ...  0.000012  7.680272e+06  1.737215e+09
2     1545.160478    0.000096  0.000016  ...  0.000012  7.669578e+06  1.737215e+09
3     1545.162425    0.000098  0.000015  ...  0.000012  7.676184e+06  1.737215e+09
4     1545.160605    0.000082  0.000015  ...  0.000012  7.673966e+06  1.737215e+09
...           ...         ...       ...  ...       ...           ...           ...
1587  1545.163161    0.000112  0.000014  ...  0.000012  7.694440e+06  1.737231e+09
1588  1545.162102    0.000091  0.000016  ...  0.000012  7.683650e+06  1.737231e+09
1589  1545.163259    0.000084  0.000014  ...  0.000012  7.706783e+06  1.737231e+09
1590  1545.162103    0.000082  0.000016  ...  0.000012  7.689273e+06  1.737231e+09
1591  1545.163182    0.000122  0.000014  ...  0.000012  7.697461e+06  1.737231e+09

[1592 rows x 13 columns]
CHANNEL_0_3
           cbragg  cbragg_err   credchi  ...  cdelta_n            cL     timestamp
0     1546.140353    0.000105  0.000033  ...  0.000012  7.730787e+06  1.737215e+09
1     1546.150783    0.000108  0.000054  ...  0.000012  7.675351e+06  1.737215e+09
2     1546.140381    0.000107  0.000034  ...  0.000012  7.731866e+06  1.737215e+09
3     1546.150960    0.000139  0.000089  ...  0.000012  7.812400e+06  1.737215e+09
4     1546.140454    0.000105  0.000033  ...  0.000012  7.719297e+06  1.737215e+09
...           ...         ...       ...  ...       ...           ...           ...
1587  1546.151804    0.000106  0.000053  ...  0.000012  7.671707e+06  1.737231e+09
1588  1546.141680    0.000108  0.000034  ...  0.000012  7.714691e+06  1.737231e+09
1589  1546.151742    0.000110  0.000057  ...  0.000012  7.638315e+06  1.737231e+09
1590  1546.141731    0.000109  0.000034  ...  0.000012  7.729135e+06  1.737231e+09
1591  1546.151817    0.000108  0.000055  ...  0.000012  7.654347e+06  1.737231e+09

[1592 rows x 13 columns]
CHANNEL_0_4
           cbragg  cbragg_err   credchi  ...  cdelta_n            cL     timestamp
0     1547.138849    0.000118  0.000052  ...  0.000012  7.837076e+06  1.737215e+09
1     1547.141004    0.000136  0.000068  ...  0.000012  8.075589e+06  1.737215e+09
2     1547.138821    0.000119  0.000053  ...  0.000012  7.841570e+06  1.737215e+09
3     1547.141106    0.000115  0.000047  ...  0.000012  7.852531e+06  1.737215e+09
4     1547.138875    0.000116  0.000051  ...  0.000012  7.843335e+06  1.737215e+09
...           ...         ...       ...  ...       ...           ...           ...
1587  1547.141874    0.000132  0.000061  ...  0.000012  8.034104e+06  1.737231e+09
1588  1547.140447    0.000117  0.000053  ...  0.000012  7.869070e+06  1.737231e+09
1589  1547.141802    0.000116  0.000046  ...  0.000012  7.845174e+06  1.737231e+09
1590  1547.140430    0.000115  0.000051  ...  0.000012  7.844019e+06  1.737231e+09
1591  1547.141710    0.000116  0.000047  ...  0.000012  7.856611e+06  1.737231e+09

[1592 rows x 13 columns]
CHANNEL_0_5
           cbragg  cbragg_err   credchi  ...  cdelta_n            cL     timestamp
0     1548.111709    0.000090  0.000036  ...  0.000012  7.712186e+06  1.737215e+09
1     1548.119354    0.000092  0.000037  ...  0.000012  7.675686e+06  1.737215e+09
2     1548.111878    0.000091  0.000037  ...  0.000012  7.703912e+06  1.737215e+09
3     1548.119461    0.000092  0.000037  ...  0.000012  7.684660e+06  1.737215e+09
4     1548.111785    0.000090  0.000037  ...  0.000012  7.701956e+06  1.737215e+09
...           ...         ...       ...  ...       ...           ...           ...
1587  1548.120810    0.000094  0.000039  ...  0.000012  7.680197e+06  1.737231e+09
1588  1548.113005    0.000093  0.000037  ...  0.000012  7.694058e+06  1.737231e+09
1589  1548.120864    0.000092  0.000038  ...  0.000012  7.679778e+06  1.737231e+09
1590  1548.112927    0.000092  0.000037  ...  0.000012  7.697407e+06  1.737231e+09
1591  1548.120776    0.000092  0.000038  ...  0.000012  7.684881e+06  1.737231e+09

[1592 rows x 13 columns]
CHANNEL_0_6
           cbragg  cbragg_err   credchi  ...  cdelta_n            cL     timestamp
0     1549.092057    0.000078  0.000025  ...  0.000012  7.532865e+06  1.737215e+09
1     1549.101000    0.000082  0.000039  ...  0.000012  7.474234e+06  1.737215e+09
2     1549.092005    0.000078  0.000026  ...  0.000012  7.543559e+06  1.737215e+09
3     1549.101028    0.000083  0.000040  ...  0.000012  7.470682e+06  1.737215e+09
4     1549.092039    0.000077  0.000025  ...  0.000012  7.544352e+06  1.737215e+09
...           ...         ...       ...  ...       ...           ...           ...
1587  1549.101763    0.000082  0.000038  ...  0.000012  7.466997e+06  1.737231e+09
1588  1549.094172    0.000078  0.000026  ...  0.000012  7.525945e+06  1.737231e+09
1589  1549.101667    0.000136  0.000111  ...  0.000012  7.774406e+06  1.737231e+09
1590  1549.094095    0.000079  0.000027  ...  0.000012  7.527264e+06  1.737231e+09
1591  1549.101636    0.000082  0.000038  ...  0.000012  7.464333e+06  1.737231e+09

[1592 rows x 13 columns]
CHANNEL_0_7
           cbragg  cbragg_err   credchi  ...  cdelta_n            cL     timestamp
0     1550.095811    0.000121  0.000045  ...  0.000012  7.634913e+06  1.737215e+09
1     1550.100510    0.000120  0.000045  ...  0.000012  7.693984e+06  1.737215e+09
2     1550.095813    0.000121  0.000045  ...  0.000012  7.617491e+06  1.737215e+09
3     1550.100474    0.000118  0.000044  ...  0.000012  7.650198e+06  1.737215e+09
4     1550.095812    0.000121  0.000045  ...  0.000012  7.603841e+06  1.737215e+09
...           ...         ...       ...  ...       ...           ...           ...
1587  1550.101792    0.000118  0.000042  ...  0.000012  7.646773e+06  1.737231e+09
1588  1550.097097    0.000119  0.000044  ...  0.000012  7.637410e+06  1.737231e+09
1589  1550.101731    0.000119  0.000043  ...  0.000012  7.660103e+06  1.737231e+09
1590  1550.097042    0.000119  0.000044  ...  0.000012  7.625774e+06  1.737231e+09
1591  1550.101740    0.000118  0.000043  ...  0.000012  7.656802e+06  1.737231e+09

[1592 rows x 13 columns]
CHANNEL_0_8
           cbragg  cbragg_err   credchi  ...  cdelta_n            cL     timestamp
0     1551.071196    0.000072  0.000015  ...  0.000012  7.641913e+06  1.737215e+09
1     1551.080032    0.000073  0.000019  ...  0.000012  7.649929e+06  1.737215e+09
2     1551.071155    0.000072  0.000015  ...  0.000012  7.634891e+06  1.737215e+09
3     1551.080116    0.000071  0.000018  ...  0.000012  7.639503e+06  1.737215e+09
4     1551.071173    0.000071  0.000015  ...  0.000012  7.636007e+06  1.737215e+09
...           ...         ...       ...  ...       ...           ...           ...
1587  1551.081474    0.000071  0.000018  ...  0.000012  7.663948e+06  1.737231e+09
1588  1551.072622    0.000083  0.000019  ...  0.000012  7.711422e+06  1.737231e+09
1589  1551.081485    0.000071  0.000018  ...  0.000012  7.648426e+06  1.737231e+09
1590  1551.072481    0.000111  0.000035  ...  0.000012  7.772214e+06  1.737231e+09
1591  1551.081310    0.000069  0.000017  ...  0.000012  7.635627e+06  1.737231e+09

[1592 rows x 13 columns]
CHANNEL_0_9
           cbragg  cbragg_err   credchi  ...  cdelta_n            cL     timestamp
0     1552.053066    0.000088  0.000016  ...  0.000012  7.748089e+06  1.737215e+09
1     1552.063621    0.000085  0.000025  ...  0.000012  7.757300e+06  1.737215e+09
2     1552.053024    0.000087  0.000015  ...  0.000012  7.751761e+06  1.737215e+09
3     1552.063748    0.000083  0.000024  ...  0.000012  7.714329e+06  1.737215e+09
4     1552.053022    0.000084  0.000014  ...  0.000012  7.762534e+06  1.737215e+09
...           ...         ...       ...  ...       ...           ...           ...
1587  1552.064975    0.000084  0.000024  ...  0.000012  7.692549e+06  1.737231e+09
1588  1552.054884    0.000086  0.000016  ...  0.000012  7.758285e+06  1.737231e+09
1589  1552.064883    0.000085  0.000024  ...  0.000012  7.713204e+06  1.737231e+09
1590  1552.054909    0.000087  0.000016  ...  0.000012  7.752187e+06  1.737231e+09
1591  1552.064857    0.000116  0.000048  ...  0.000012  7.962299e+06  1.737231e+09

[1592 rows x 13 columns]
CHANNEL_0_10
           cbragg  cbragg_err   credchi  ...  cdelta_n            cL     timestamp
0     1553.062731    0.000102  0.000026  ...  0.000012  7.712834e+06  1.737215e+09
1     1553.065375    0.000093  0.000017  ...  0.000012  7.707122e+06  1.737215e+09
2     1553.062661    0.000091  0.000021  ...  0.000012  7.692559e+06  1.737215e+09
3     1553.065430    0.000094  0.000017  ...  0.000012  7.680279e+06  1.737215e+09
4     1553.062769    0.000093  0.000022  ...  0.000012  7.674001e+06  1.737215e+09
...           ...         ...       ...  ...       ...           ...           ...
1587  1553.067044    0.000093  0.000016  ...  0.000012  7.722938e+06  1.737231e+09
1588  1553.064174    0.000093  0.000022  ...  0.000012  7.657935e+06  1.737231e+09
1589  1553.066930    0.000094  0.000017  ...  0.000012  7.724907e+06  1.737231e+09
1590  1553.064087    0.000093  0.000022  ...  0.000012  7.675767e+06  1.737231e+09
1591  1553.066946    0.000187  0.000059  ...  0.000012  7.229906e+06  1.737231e+09

[1592 rows x 13 columns]
CHANNEL_0_11
           cbragg  cbragg_err   credchi  ...  cdelta_n            cL     timestamp
0     1554.067193    0.000073  0.000009  ...  0.000012  7.717256e+06  1.737215e+09
1     1554.078039    0.000071  0.000014  ...  0.000012  7.640393e+06  1.737215e+09
2     1554.067184    0.000072  0.000008  ...  0.000012  7.716697e+06  1.737215e+09
3     1554.078142    0.000079  0.000018  ...  0.000012  7.757705e+06  1.737215e+09
4     1554.067271    0.000070  0.000008  ...  0.000012  7.720620e+06  1.737215e+09
...           ...         ...       ...  ...       ...           ...           ...
1587  1554.079282    0.000073  0.000014  ...  0.000012  7.655222e+06  1.737231e+09
1588  1554.069189    0.000073  0.000008  ...  0.000012  7.703486e+06  1.737231e+09
1589  1554.079172    0.000071  0.000014  ...  0.000012  7.650252e+06  1.737231e+09
1590  1554.069177    0.000071  0.000008  ...  0.000012  7.701480e+06  1.737231e+09
1591  1554.079180    0.000083  0.000019  ...  0.000012  7.774714e+06  1.737231e+09

[1592 rows x 13 columns]
CHANNEL_0_12
           cbragg  cbragg_err   credchi  ...  cdelta_n            cL     timestamp
0     1555.094809    0.000113  0.000044  ...  0.000012  7.544791e+06  1.737215e+09
1     1555.099445    0.000110  0.000041  ...  0.000012  7.559222e+06  1.737215e+09
2     1555.094751    0.000117  0.000047  ...  0.000012  7.537030e+06  1.737215e+09
3     1555.099394    0.000111  0.000041  ...  0.000012  7.543718e+06  1.737215e+09
4     1555.094884    0.000115  0.000045  ...  0.000012  7.540141e+06  1.737215e+09
...           ...         ...       ...  ...       ...           ...           ...
1587  1555.100578    0.000111  0.000041  ...  0.000012  7.592965e+06  1.737231e+09
1588  1555.096704    0.000141  0.000070  ...  0.000012  7.676632e+06  1.737231e+09
1589  1555.100426    0.000113  0.000042  ...  0.000012  7.560120e+06  1.737231e+09
1590  1555.096693    0.000115  0.000047  ...  0.000012  7.556231e+06  1.737231e+09
1591  1555.100380    0.000122  0.000049  ...  0.000012  7.643893e+06  1.737231e+09

[1592 rows x 13 columns]
CHANNEL_0_13
           cbragg  cbragg_err   credchi  ...  cdelta_n            cL     timestamp
0     1556.067440    0.000136  0.000035  ...  0.000012  7.713712e+06  1.737215e+09
1     1556.076585    0.000138  0.000042  ...  0.000012  7.714501e+06  1.737215e+09
2     1556.067373    0.000138  0.000037  ...  0.000012  7.709569e+06  1.737215e+09
3     1556.076700    0.000135  0.000041  ...  0.000012  7.710612e+06  1.737215e+09
4     1556.067384    0.000137  0.000036  ...  0.000012  7.698182e+06  1.737215e+09
...           ...         ...       ...  ...       ...           ...           ...
1587  1556.078266    0.000135  0.000042  ...  0.000012  7.701477e+06  1.737231e+09
1588  1556.068563    0.000134  0.000033  ...  0.000012  7.654019e+06  1.737231e+09
1589  1556.078193    0.000135  0.000043  ...  0.000012  7.660925e+06  1.737231e+09
1590  1556.068486    0.000137  0.000034  ...  0.000012  7.709859e+06  1.737231e+09
1591  1556.078099    0.000133  0.000041  ...  0.000012  7.713312e+06  1.737231e+09

[1592 rows x 13 columns]
CHANNEL_0_14
           cbragg  cbragg_err   credchi  ...  cdelta_n            cL     timestamp
0     1557.038871    0.000093  0.000025  ...  0.000012  7.712854e+06  1.737215e+09
1     1557.046794    0.000096  0.000034  ...  0.000012  7.648548e+06  1.737215e+09
2     1557.038836    0.000092  0.000025  ...  0.000012  7.718431e+06  1.737215e+09
3     1557.046879    0.000095  0.000033  ...  0.000012  7.653452e+06  1.737215e+09
4     1557.038836    0.000092  0.000025  ...  0.000012  7.715044e+06  1.737215e+09
...           ...         ...       ...  ...       ...           ...           ...
1587  1557.047799    0.000093  0.000030  ...  0.000012  7.653313e+06  1.737231e+09
1588  1557.040974    0.000092  0.000025  ...  0.000012  7.701474e+06  1.737231e+09
1589  1557.047713    0.000093  0.000030  ...  0.000012  7.664207e+06  1.737231e+09
1590  1557.040951    0.000091  0.000025  ...  0.000012  7.702955e+06  1.737231e+09
1591  1557.047672    0.000108  0.000042  ...  0.000012  7.823797e+06  1.737231e+09

[1592 rows x 13 columns]
CHANNEL_1_1
           cbragg  cbragg_err   credchi  ...  cdelta_n            cL     timestamp
0     1555.121995    0.000103  0.000008  ...  0.000012  2.612746e+06  1.737215e+09
1     1555.124315    0.000763  0.000282  ...  0.000012  2.269523e+06  1.737215e+09
2     1555.121986    0.000189  0.000025  ...  0.000012  2.519645e+06  1.737215e+09
3     1555.124704    0.000119  0.000011  ...  0.000012  2.585922e+06  1.737215e+09
4     1555.121914    0.000103  0.000008  ...  0.000012  2.612028e+06  1.737215e+09
...           ...         ...       ...  ...       ...           ...           ...
1587  1555.125173    0.000236  0.000038  ...  0.000012  2.504025e+06  1.737231e+09
1588  1555.122987    0.000730  0.000681  ...  0.000012  3.103674e+06  1.737231e+09
1589  1555.125319    0.000240  0.000040  ...  0.000012  2.510645e+06  1.737231e+09
1590  1555.122662    0.000111  0.000009  ...  0.000012  2.602412e+06  1.737231e+09
1591  1555.125309    0.000120  0.000011  ...  0.000012  2.589049e+06  1.737231e+09

[1592 rows x 13 columns]
CHANNEL_1_2
           cbragg  cbragg_err   credchi  ...  cdelta_n            cL     timestamp
0     1558.271761    0.000116  0.000019  ...  0.000012  2.788404e+06  1.737215e+09
1     1558.271803    0.000672  0.000963  ...  0.000012  3.242606e+06  1.737215e+09
2     1558.271785    0.001286  0.004000  ...  0.000012  3.592147e+06  1.737215e+09
3     1558.272336    0.000601  0.000580  ...  0.000012  2.989230e+06  1.737215e+09
4     1558.271709    0.000130  0.000024  ...  0.000012  2.818977e+06  1.737215e+09
...           ...         ...       ...  ...       ...           ...           ...
1587  1558.272877    0.000113  0.000018  ...  0.000012  2.796690e+06  1.737231e+09
1588  1558.272280    0.000121  0.000021  ...  0.000012  2.782658e+06  1.737231e+09
1589  1558.272512    0.000846  0.001784  ...  0.000012  3.410629e+06  1.737231e+09
1590  1558.272146    0.000206  0.000059  ...  0.000012  2.824939e+06  1.737231e+09
1591  1558.272769    0.000122  0.000022  ...  0.000012  2.777260e+06  1.737231e+09

[1592 rows x 13 columns]
CHANNEL_1_3
           cbragg  cbragg_err   credchi  ...  cdelta_n            cL     timestamp
0     1561.087443    0.000894  0.002005  ...  0.000012  3.555986e+06  1.737215e+09
1     1561.087231    0.000065  0.000007  ...  0.000012  2.897335e+06  1.737215e+09
2     1561.087137    0.000147  0.000032  ...  0.000012  2.844366e+06  1.737215e+09
3     1561.087281    0.000035  0.000002  ...  0.000012  2.923538e+06  1.737215e+09
4     1561.087034    0.000239  0.000082  ...  0.000012  2.807788e+06  1.737215e+09
...           ...         ...       ...  ...       ...           ...           ...
1587  1561.085306    0.000058  0.000005  ...  0.000012  2.920472e+06  1.737231e+09
1588  1561.085175    0.000041  0.000003  ...  0.000012  2.944389e+06  1.737231e+09
1589  1561.085411    0.000183  0.000048  ...  0.000012  2.817033e+06  1.737231e+09
1590  1561.084874    0.000737  0.001270  ...  0.000012  3.435137e+06  1.737231e+09
1591  1561.085106    0.000062  0.000006  ...  0.000012  2.976544e+06  1.737231e+09

[1592 rows x 13 columns]
CHANNEL_2_1
           cbragg  cbragg_err   credchi  ...  cdelta_n            cL     timestamp
0     1542.570564    0.000062  0.000003  ...  0.000012  2.754536e+06  1.737215e+09
1     1542.572806    0.000057  0.000003  ...  0.000012  2.751852e+06  1.737215e+09
2     1542.570444    0.000056  0.000003  ...  0.000012  2.756916e+06  1.737215e+09
3     1542.572711    0.000055  0.000003  ...  0.000012  2.753152e+06  1.737215e+09
4     1542.570414    0.000060  0.000003  ...  0.000012  2.752939e+06  1.737215e+09
...           ...         ...       ...  ...       ...           ...           ...
1587  1542.572873    0.000052  0.000002  ...  0.000012  2.752939e+06  1.737231e+09
1588  1542.570908    0.000055  0.000003  ...  0.000012  2.756284e+06  1.737231e+09
1589  1542.572957    0.000052  0.000002  ...  0.000012  2.753062e+06  1.737231e+09
1590  1542.570800    0.000055  0.000003  ...  0.000012  2.756728e+06  1.737231e+09
1591  1542.573011    0.000049  0.000002  ...  0.000012  2.754509e+06  1.737231e+09

[1592 rows x 13 columns]
CHANNEL_2_2
           cbragg  cbragg_err   credchi  ...  cdelta_n            cL     timestamp
0     1546.007308    0.000152  0.000018  ...  0.000012  2.651038e+06  1.737215e+09
1     1546.006006    0.000453  0.000204  ...  0.000012  2.913740e+06  1.737215e+09
2     1546.007444    0.000392  0.000100  ...  0.000012  2.490309e+06  1.737215e+09
3     1546.006243    0.000164  0.000021  ...  0.000012  2.682860e+06  1.737215e+09
4     1546.007319    0.000147  0.000017  ...  0.000012  2.667139e+06  1.737215e+09
...           ...         ...       ...  ...       ...           ...           ...
1587  1546.005351    0.000858  0.001004  ...  0.000012  3.262874e+06  1.737231e+09
1588  1546.007561    0.000284  0.000073  ...  0.000012  2.811611e+06  1.737231e+09
1589  1546.006740    0.000842  0.000753  ...  0.000012  3.056438e+06  1.737231e+09
1590  1546.007572    0.000145  0.000016  ...  0.000012  2.652127e+06  1.737231e+09
1591  1546.006615    0.000811  0.000335  ...  0.000012  2.322354e+06  1.737231e+09

[1592 rows x 13 columns]
CHANNEL_2_3
           cbragg  cbragg_err   credchi  ...  cdelta_n            cL     timestamp
0     1548.598136    0.000427  0.000216  ...  0.000012  3.116725e+06  1.737215e+09
1     1548.601291    0.000249  0.000075  ...  0.000012  3.029781e+06  1.737215e+09
2     1548.598421    0.000101  0.000011  ...  0.000012  2.907999e+06  1.737215e+09
3     1548.601091    0.000243  0.000068  ...  0.000012  2.992673e+06  1.737215e+09
4     1548.598287    0.000117  0.000013  ...  0.000012  2.858653e+06  1.737215e+09
...           ...         ...       ...  ...       ...           ...           ...
1587  1548.599421    0.000108  0.000013  ...  0.000012  2.943280e+06  1.737231e+09
1588  1548.596398    0.000091  0.000008  ...  0.000012  2.907415e+06  1.737231e+09
1589  1548.599359    0.000108  0.000013  ...  0.000012  2.906577e+06  1.737231e+09
1590  1548.596234    0.000095  0.000009  ...  0.000012  2.891533e+06  1.737231e+09
1591  1548.599188    0.000119  0.000015  ...  0.000012  2.863004e+06  1.737231e+09

[1592 rows x 13 columns]
CHANNEL_3_1
           cbragg  cbragg_err   credchi  ...  cdelta_n            cL     timestamp
0     1543.618094    0.000109  0.000015  ...  0.000012  7.847788e+06  1.737215e+09
1     1543.626785    0.000104  0.000023  ...  0.000012  7.822229e+06  1.737215e+09
2     1543.618061    0.000112  0.000016  ...  0.000012  7.845564e+06  1.737215e+09
3     1543.626653    0.000101  0.000022  ...  0.000012  7.815167e+06  1.737215e+09
4     1543.618140    0.000255  0.000016  ...  0.000012  7.843470e+06  1.737215e+09
...           ...         ...       ...  ...       ...           ...           ...
1587  1543.625802    0.000228  0.000022  ...  0.000012  7.810218e+06  1.737231e+09
1588  1543.618719    0.000259  0.000017  ...  0.000012  7.815316e+06  1.737231e+09
1589  1543.625750    0.000256  0.000023  ...  0.000012  7.808408e+06  1.737231e+09
1590  1543.618697    0.000112  0.000017  ...  0.000012  7.825134e+06  1.737231e+09
1591  1543.625860    0.000106  0.000023  ...  0.000012  7.814003e+06  1.737231e+09

[1592 rows x 13 columns]
CHANNEL_3_2
           cbragg  cbragg_err   credchi  ...  cdelta_n            cL     timestamp
0     1544.647723    0.000121  0.000033  ...  0.000012  7.826318e+06  1.737215e+09
1     1544.653413    0.000117  0.000027  ...  0.000012  7.849759e+06  1.737215e+09
2     1544.647724    0.000130  0.000033  ...  0.000012  7.826728e+06  1.737215e+09
3     1544.653485    0.000116  0.000028  ...  0.000012  7.849652e+06  1.737215e+09
4     1544.647728    0.000281  0.000033  ...  0.000012  7.826051e+06  1.737215e+09
...           ...         ...       ...  ...       ...           ...           ...
1587  1544.653827    0.000114  0.000029  ...  0.000012  7.849861e+06  1.737231e+09
1588  1544.646655    0.000131  0.000031  ...  0.000012  7.842804e+06  1.737231e+09
1589  1544.653803    0.000207  0.000028  ...  0.000012  7.862929e+06  1.737231e+09
1590  1544.646633    0.000307  0.000032  ...  0.000012  7.838201e+06  1.737231e+09
1591  1544.653859    0.000196  0.000029  ...  0.000012  7.860758e+06  1.737231e+09

[1592 rows x 13 columns]
CHANNEL_3_3
           cbragg  cbragg_err   credchi  ...  cdelta_n            cL     timestamp
0     1545.648091    0.000109  0.000027  ...  0.000012  7.581600e+06  1.737215e+09
1     1545.650601    0.000107  0.000029  ...  0.000012  7.578990e+06  1.737215e+09
2     1545.648261    0.000108  0.000027  ...  0.000012  7.584459e+06  1.737215e+09
3     1545.650616    0.000108  0.000030  ...  0.000012  7.580182e+06  1.737215e+09
4     1545.648197    0.000112  0.000028  ...  0.000012  7.573333e+06  1.737215e+09
...           ...         ...       ...  ...       ...           ...           ...
1587  1545.649815    0.000109  0.000028  ...  0.000012  7.582986e+06  1.737231e+09
1588  1545.648066    0.000109  0.000029  ...  0.000012  7.589166e+06  1.737231e+09
1589  1545.649781    0.000107  0.000028  ...  0.000012  7.579985e+06  1.737231e+09
1590  1545.648180    0.000107  0.000028  ...  0.000012  7.578876e+06  1.737231e+09
1591  1545.649858    0.000109  0.000029  ...  0.000012  7.567765e+06  1.737231e+09

[1592 rows x 13 columns]
CHANNEL_3_4
           cbragg  cbragg_err   credchi  ...  cdelta_n            cL     timestamp
0     1546.617053    0.000146  0.000044  ...  0.000012  7.443577e+06  1.737215e+09
1     1546.626526    0.000095  0.000022  ...  0.000012  7.768023e+06  1.737215e+09
2     1546.617166    0.000096  0.000020  ...  0.000012  7.777680e+06  1.737215e+09
3     1546.626624    0.000096  0.000023  ...  0.000012  7.762922e+06  1.737215e+09
4     1546.617122    0.000097  0.000020  ...  0.000012  7.769040e+06  1.737215e+09
...           ...         ...       ...  ...       ...           ...           ...
1587  1546.626480    0.000096  0.000024  ...  0.000012  7.771967e+06  1.737231e+09
1588  1546.616052    0.000136  0.000037  ...  0.000012  7.524433e+06  1.737231e+09
1589  1546.626568    0.000094  0.000023  ...  0.000012  7.765491e+06  1.737231e+09
1590  1546.616035    0.000094  0.000018  ...  0.000012  7.790985e+06  1.737231e+09
1591  1546.626445    0.000093  0.000023  ...  0.000012  7.721204e+06  1.737231e+09

[1592 rows x 13 columns]
CHANNEL_3_5
           cbragg  cbragg_err   credchi  ...  cdelta_n            cL     timestamp
0     1547.642408    0.000081  0.000019  ...  0.000012  7.582360e+06  1.737215e+09
1     1547.639671    0.000079  0.000012  ...  0.000012  7.620993e+06  1.737215e+09
2     1547.642558    0.000079  0.000018  ...  0.000012  7.566128e+06  1.737215e+09
3     1547.639771    0.000080  0.000012  ...  0.000012  7.613688e+06  1.737215e+09
4     1547.642459    0.000078  0.000018  ...  0.000012  7.589684e+06  1.737215e+09
...           ...         ...       ...  ...       ...           ...           ...
1587  1547.639349    0.000082  0.000012  ...  0.000012  7.608620e+06  1.737231e+09
1588  1547.641726    0.000080  0.000019  ...  0.000012  7.573728e+06  1.737231e+09
1589  1547.639369    0.000083  0.000012  ...  0.000012  7.602821e+06  1.737231e+09
1590  1547.641554    0.000080  0.000019  ...  0.000012  7.573879e+06  1.737231e+09
1591  1547.639286    0.000083  0.000012  ...  0.000012  7.611611e+06  1.737231e+09

[1592 rows x 13 columns]
CHANNEL_3_6
           cbragg  cbragg_err   credchi  ...  cdelta_n            cL     timestamp
0     1548.623143    0.000082  0.000012  ...  0.000012  7.781339e+06  1.737215e+09
1     1548.631240    0.000080  0.000020  ...  0.000012  7.766159e+06  1.737215e+09
2     1548.623164    0.000082  0.000012  ...  0.000012  7.845116e+06  1.737215e+09
3     1548.631220    0.000082  0.000021  ...  0.000012  7.762880e+06  1.737215e+09
4     1548.623138    0.000082  0.000012  ...  0.000012  7.837499e+06  1.737215e+09
...           ...         ...       ...  ...       ...           ...           ...
1587  1548.630757    0.000080  0.000020  ...  0.000012  7.759862e+06  1.737231e+09
1588  1548.622599    0.000082  0.000012  ...  0.000012  7.840240e+06  1.737231e+09
1589  1548.630661    0.000081  0.000020  ...  0.000012  7.758229e+06  1.737231e+09
1590  1548.622594    0.000081  0.000012  ...  0.000012  7.841084e+06  1.737231e+09
1591  1548.630665    0.000080  0.000020  ...  0.000012  7.769066e+06  1.737231e+09

[1592 rows x 13 columns]
CHANNEL_3_7
           cbragg  cbragg_err   credchi  ...  cdelta_n            cL     timestamp
0     1549.649511    0.000087  0.000022  ...  0.000012  7.524009e+06  1.737215e+09
1     1549.644902    0.000085  0.000012  ...  0.000012  7.608921e+06  1.737215e+09
2     1549.649450    0.000098  0.000029  ...  0.000012  7.679057e+06  1.737215e+09
3     1549.645002    0.000086  0.000012  ...  0.000012  7.596112e+06  1.737215e+09
4     1549.649440    0.000102  0.000032  ...  0.000012  7.694433e+06  1.737215e+09
...           ...         ...       ...  ...       ...           ...           ...
1587  1549.645280    0.000085  0.000013  ...  0.000012  7.582351e+06  1.737231e+09
1588  1549.648298    0.000088  0.000022  ...  0.000012  7.560981e+06  1.737231e+09
1589  1549.645225    0.000128  0.000027  ...  0.000012  7.280197e+06  1.737231e+09
1590  1549.648256    0.000087  0.000022  ...  0.000012  7.537104e+06  1.737231e+09
1591  1549.645307    0.000084  0.000012  ...  0.000012  7.603146e+06  1.737231e+09

[1592 rows x 13 columns]
CHANNEL_3_8
           cbragg  cbragg_err   credchi  ...  cdelta_n            cL     timestamp
0     1550.599908    0.000094  0.000012  ...  0.000012  7.638250e+06  1.737215e+09
1     1550.603844    0.000086  0.000017  ...  0.000012  7.611340e+06  1.737215e+09
2     1550.599939    0.000097  0.000013  ...  0.000012  7.591288e+06  1.737215e+09
3     1550.603882    0.000090  0.000018  ...  0.000012  7.613738e+06  1.737215e+09
4     1550.599939    0.000096  0.000012  ...  0.000012  7.641357e+06  1.737215e+09
...           ...         ...       ...  ...       ...           ...           ...
1587  1550.601635    0.000087  0.000017  ...  0.000012  7.608433e+06  1.737231e+09
1588  1550.598804    0.000097  0.000013  ...  0.000012  7.641330e+06  1.737231e+09
1589  1550.601590    0.000089  0.000018  ...  0.000012  7.619783e+06  1.737231e+09
1590  1550.598847    0.000097  0.000013  ...  0.000012  7.627671e+06  1.737231e+09
1591  1550.601538    0.000089  0.000018  ...  0.000012  7.614464e+06  1.737231e+09

[1592 rows x 13 columns]
CHANNEL_3_9
           cbragg  cbragg_err   credchi  ...  cdelta_n            cL     timestamp
0     1551.599315    0.000089  0.000016  ...  0.000012  7.620312e+06  1.737215e+09
1     1551.598510    0.000090  0.000012  ...  0.000012  7.666904e+06  1.737215e+09
2     1551.599228    0.000090  0.000016  ...  0.000012  7.666095e+06  1.737215e+09
3     1551.598562    0.000092  0.000012  ...  0.000012  7.692354e+06  1.737215e+09
4     1551.599298    0.000091  0.000016  ...  0.000012  7.652740e+06  1.737215e+09
...           ...         ...       ...  ...       ...           ...           ...
1587  1551.597595    0.000216  0.000062  ...  0.000012  7.128013e+06  1.737231e+09
1588  1551.596805    0.000091  0.000016  ...  0.000012  7.679571e+06  1.737231e+09
1589  1551.597426    0.000093  0.000013  ...  0.000012  7.717245e+06  1.737231e+09
1590  1551.596859    0.000093  0.000016  ...  0.000012  7.671106e+06  1.737231e+09
1591  1551.597432    0.000094  0.000013  ...  0.000012  7.713049e+06  1.737231e+09

[1592 rows x 13 columns]
CHANNEL_3_10
           cbragg  cbragg_err   credchi  ...  cdelta_n            cL     timestamp
0     1552.604105    0.000105  0.000016  ...  0.000012  7.759195e+06  1.737215e+09
1     1552.606987    0.000102  0.000016  ...  0.000012  7.684606e+06  1.737215e+09
2     1552.604068    0.000108  0.000016  ...  0.000012  7.763338e+06  1.737215e+09
3     1552.607013    0.000103  0.000017  ...  0.000012  7.720758e+06  1.737215e+09
4     1552.604243    0.000107  0.000016  ...  0.000012  7.763436e+06  1.737215e+09
...           ...         ...       ...  ...       ...           ...           ...
1587  1552.604433    0.000105  0.000016  ...  0.000012  7.764869e+06  1.737231e+09
1588  1552.603015    0.000106  0.000017  ...  0.000012  7.750564e+06  1.737231e+09
1589  1552.604597    0.000107  0.000017  ...  0.000012  7.735313e+06  1.737231e+09
1590  1552.602917    0.000105  0.000016  ...  0.000012  7.760648e+06  1.737231e+09
1591  1552.604630    0.000105  0.000016  ...  0.000012  7.740164e+06  1.737231e+09

[1592 rows x 13 columns]
CHANNEL_3_11
           cbragg  cbragg_err   credchi  ...  cdelta_n            cL     timestamp
0     1553.567675    0.000224  0.000080  ...  0.000012  7.404458e+06  1.737215e+09
1     1553.576621    0.000124  0.000032  ...  0.000012  7.960122e+06  1.737215e+09
2     1553.567702    0.000126  0.000028  ...  0.000012  7.936413e+06  1.737215e+09
3     1553.576773    0.000127  0.000033  ...  0.000012  7.949593e+06  1.737215e+09
4     1553.567576    0.000125  0.000027  ...  0.000012  7.984151e+06  1.737215e+09
...           ...         ...       ...  ...       ...           ...           ...
1587  1553.575181    0.000124  0.000034  ...  0.000012  7.957275e+06  1.737231e+09
1588  1553.565070    0.000126  0.000026  ...  0.000012  7.916727e+06  1.737231e+09
1589  1553.575244    0.000123  0.000033  ...  0.000012  7.956215e+06  1.737231e+09
1590  1553.564976    0.000125  0.000026  ...  0.000012  7.992527e+06  1.737231e+09
1591  1553.575106    0.000124  0.000034  ...  0.000012  7.962923e+06  1.737231e+09

[1592 rows x 13 columns]
CHANNEL_3_12
           cbragg  cbragg_err   credchi  ...  cdelta_n            cL     timestamp
0     1554.547986    0.000190  0.000051  ...  0.000012  7.315171e+06  1.737215e+09
1     1554.549101    0.000096  0.000017  ...  0.000012  7.780500e+06  1.737215e+09
2     1554.547932    0.000218  0.000066  ...  0.000012  7.232563e+06  1.737215e+09
3     1554.549137    0.000096  0.000017  ...  0.000012  7.797473e+06  1.737215e+09
4     1554.547761    0.000100  0.000016  ...  0.000012  7.777836e+06  1.737215e+09
...           ...         ...       ...  ...       ...           ...           ...
1587  1554.546952    0.000151  0.000036  ...  0.000012  7.438679e+06  1.737231e+09
1588  1554.546300    0.000101  0.000017  ...  0.000012  7.832382e+06  1.737231e+09
1589  1554.546748    0.000104  0.000018  ...  0.000012  7.907719e+06  1.737231e+09
1590  1554.546352    0.000149  0.000035  ...  0.000012  7.872126e+06  1.737231e+09
1591  1554.546889    0.000229  0.000077  ...  0.000012  7.180913e+06  1.737231e+09

[1592 rows x 13 columns]
CHANNEL_3_13
           cbragg  cbragg_err   credchi  ...  cdelta_n            cL     timestamp
0     1555.553548    0.000085  0.000012  ...  0.000012  7.581398e+06  1.737215e+09
1     1555.557240    0.000090  0.000012  ...  0.000012  7.597348e+06  1.737215e+09
2     1555.553535    0.000088  0.000013  ...  0.000012  7.582829e+06  1.737215e+09
3     1555.557192    0.000089  0.000011  ...  0.000012  7.619998e+06  1.737215e+09
4     1555.553479    0.000086  0.000013  ...  0.000012  7.597459e+06  1.737215e+09
...           ...         ...       ...  ...       ...           ...           ...
1587  1555.556243    0.000088  0.000012  ...  0.000012  7.604286e+06  1.737231e+09
1588  1555.550700    0.000087  0.000012  ...  0.000012  7.587050e+06  1.737231e+09
1589  1555.556208    0.000087  0.000012  ...  0.000012  7.619744e+06  1.737231e+09
1590  1555.550759    0.000088  0.000013  ...  0.000012  7.584395e+06  1.737231e+09
1591  1555.556193    0.000086  0.000011  ...  0.000012  7.599497e+06  1.737231e+09

[1592 rows x 13 columns]
CHANNEL_3_14
           cbragg  cbragg_err   credchi  ...  cdelta_n            cL     timestamp
0     1556.507517    0.000185  0.000048  ...  0.000012  7.787839e+06  1.737215e+09
1     1556.512076    0.000183  0.000072  ...  0.000012  7.716343e+06  1.737215e+09
2     1556.507478    0.000186  0.000049  ...  0.000012  7.781352e+06  1.737215e+09
3     1556.512087    0.000186  0.000074  ...  0.000012  7.715394e+06  1.737215e+09
4     1556.507445    0.000187  0.000049  ...  0.000012  7.780143e+06  1.737215e+09
...           ...         ...       ...  ...       ...           ...           ...
1587  1556.509805    0.000185  0.000070  ...  0.000012  7.716565e+06  1.737231e+09
1588  1556.505958    0.000189  0.000052  ...  0.000012  7.781841e+06  1.737231e+09
1589  1556.509719    0.000182  0.000068  ...  0.000012  7.715450e+06  1.737231e+09
1590  1556.505936    0.000186  0.000051  ...  0.000012  7.779905e+06  1.737231e+09
1591  1556.509714    0.000187  0.000071  ...  0.000012  7.713769e+06  1.737231e+09

[1592 rows x 13 columns]
