000 (11451992.319.000) 01/28 14:31:49 Job submitted from host: <188.185.114.121:9618?addrs=188.185.114.121-9618+[2001-1458-d00-a--100-273]-9618&alias=bigbird19.cern.ch&noUDP&sock=schedd_2045_4743>
...
040 (11451992.319.000) 01/28 15:00:07 Started transferring input files
	Transferring to host: <188.185.193.57:9618?addrs=188.185.193.57-9618+[2001-1458-303-20--100-35]-9618&alias=b9p19p6242.cern.ch&noUDP&sock=slot1_21_3807995_b6fc_55316>
...
040 (11451992.319.000) 01/28 15:00:07 Finished transferring input files
...
001 (11451992.319.000) 01/28 15:00:08 Job executing on host: <188.185.193.57:9618?addrs=188.185.193.57-9618+[2001-1458-303-20--100-35]-9618&alias=b9p19p6242.cern.ch&noUDP&sock=startd_4462_23ab>
	SlotName: slot1_21@b9p19p6242.cern.ch
	CondorScratchDir = "/pool/condor/dir_80506"
	Cpus = 1
	Disk = 3912
	GPUs = 0
	Memory = 3000
...
006 (11451992.319.000) 01/28 15:00:17 Image size of job updated: 80836
	79  -  MemoryUsage of job (MB)
	80836  -  ResidentSetSize of job (KB)
...
040 (11451992.319.000) 01/28 15:00:20 Started transferring output files
...
040 (11451992.319.000) 01/28 15:00:20 Finished transferring output files
...
005 (11451992.319.000) 01/28 15:00:20 Job terminated.
	(1) Normal termination (return value 0)
		Usr 0 00:00:11, Sys 0 00:00:00  -  Run Remote Usage
		Usr 0 00:00:00, Sys 0 00:00:00  -  Run Local Usage
		Usr 0 00:00:11, Sys 0 00:00:00  -  Total Remote Usage
		Usr 0 00:00:00, Sys 0 00:00:00  -  Total Local Usage
	14886  -  Run Bytes Sent By Job
	5797  -  Run Bytes Received By Job
	14886  -  Total Bytes Sent By Job
	5797  -  Total Bytes Received By Job
	Partitionable Resources :    Usage  Request Allocated 
	   Cpus                 :        0        1         1 
	   Disk (KB)            :       44       10      3912 
	   GPUs                 :                           0 
	   Memory (MB)          :       79     3000      3000 

	Job terminated of its own accord at 2025-01-28T14:00:20Z with exit-code 0.
...
