000 (11451992.075.000) 01/28 14:31:49 Job submitted from host: <188.185.114.121:9618?addrs=188.185.114.121-9618+[2001-1458-d00-a--100-273]-9618&alias=bigbird19.cern.ch&noUDP&sock=schedd_2045_4743>
...
040 (11451992.075.000) 01/28 14:36:19 Started transferring input files
	Transferring to host: <188.185.194.171:9618?addrs=188.185.194.171-9618+[2001-1458-303-21--100-a7]-9618&alias=b9p20p2583.cern.ch&noUDP&sock=slot1_33_3560010_d938_3360>
...
040 (11451992.075.000) 01/28 14:36:19 Finished transferring input files
...
001 (11451992.075.000) 01/28 14:36:20 Job executing on host: <188.185.194.171:9618?addrs=188.185.194.171-9618+[2001-1458-303-21--100-a7]-9618&alias=b9p20p2583.cern.ch&noUDP&sock=startd_4832_edb6>
	SlotName: slot1_33@b9p20p2583.cern.ch
	CondorScratchDir = "/pool/condor/dir_1390651"
	Cpus = 1
	Disk = 3965
	GPUs = 0
	Memory = 3000
...
006 (11451992.075.000) 01/28 14:36:28 Image size of job updated: 11388
	12  -  MemoryUsage of job (MB)
	11388  -  ResidentSetSize of job (KB)
...
006 (11451992.075.000) 01/28 14:40:41 Image size of job updated: 74864
	74  -  MemoryUsage of job (MB)
	74864  -  ResidentSetSize of job (KB)
...
040 (11451992.075.000) 01/28 14:40:41 Started transferring output files
...
040 (11451992.075.000) 01/28 14:40:41 Finished transferring output files
...
005 (11451992.075.000) 01/28 14:40:41 Job terminated.
	(1) Normal termination (return value 0)
		Usr 0 00:00:15, Sys 0 00:00:01  -  Run Remote Usage
		Usr 0 00:00:00, Sys 0 00:00:00  -  Run Local Usage
		Usr 0 00:00:15, Sys 0 00:00:01  -  Total Remote Usage
		Usr 0 00:00:00, Sys 0 00:00:00  -  Total Local Usage
	14877  -  Run Bytes Sent By Job
	5797  -  Run Bytes Received By Job
	14877  -  Total Bytes Sent By Job
	5797  -  Total Bytes Received By Job
	Partitionable Resources :    Usage  Request Allocated 
	   Cpus                 :        0        1         1 
	   Disk (KB)            :       42       10      3965 
	   GPUs                 :                           0 
	   Memory (MB)          :       74     3000      3000 

	Job terminated of its own accord at 2025-01-28T13:40:41Z with exit-code 0.
...
