CHANNEL_0_1
        cbragg  cbragg_err   credchi  ...  cdelta_n            cL     timestamp
0  1544.541742    0.000106  0.000056  ...  0.000012  7.670545e+06  1.736775e+09
1  1544.536096    0.000109  0.000046  ...  0.000012  7.658952e+06  1.736775e+09

[2 rows x 13 columns]
CHANNEL_0_2
        cbragg  cbragg_err   credchi  ...  cdelta_n            cL     timestamp
0  1545.264819    0.000089  0.000017  ...  0.000012  7.673414e+06  1.736775e+09
1  1545.267675    0.000125  0.000017  ...  0.000012  7.670027e+06  1.736775e+09

[2 rows x 13 columns]
CHANNEL_0_3
        cbragg  cbragg_err   credchi  ...  cdelta_n            cL     timestamp
0  1546.142131    0.000112  0.000059  ...  0.000012  7.648774e+06  1.736775e+09
1  1546.136122    0.000118  0.000042  ...  0.000012  7.650855e+06  1.736775e+09

[2 rows x 13 columns]
CHANNEL_0_4
        cbragg  cbragg_err   credchi  ...  cdelta_n            cL     timestamp
0  1547.131433    0.000120  0.000052  ...  0.000012  7.857642e+06  1.736775e+09
1  1547.134190    0.000119  0.000056  ...  0.000012  7.844458e+06  1.736775e+09

[2 rows x 13 columns]
CHANNEL_0_5
        cbragg  cbragg_err   credchi  ...  cdelta_n            cL     timestamp
0  1548.109972    0.000100  0.000046  ...  0.000012  7.757052e+06  1.736775e+09
1  1548.106258    0.000093  0.000039  ...  0.000012  7.670769e+06  1.736775e+09

[2 rows x 13 columns]
CHANNEL_0_6
        cbragg  cbragg_err   credchi  ...  cdelta_n            cL     timestamp
0  1549.091642    0.000084  0.000043  ...  0.000012  7.451237e+06  1.736775e+09
1  1549.086307    0.000116  0.000055  ...  0.000012  7.694604e+06  1.736775e+09

[2 rows x 13 columns]
CHANNEL_0_7
        cbragg  cbragg_err   credchi  ...  cdelta_n            cL     timestamp
0  1550.090260    0.000125  0.000045  ...  0.000012  7.622783e+06  1.736775e+09
1  1550.090099    0.000123  0.000049  ...  0.000012  7.611923e+06  1.736775e+09

[2 rows x 13 columns]
CHANNEL_0_8
        cbragg  cbragg_err   credchi  ...  cdelta_n            cL     timestamp
0  1551.068293    0.000075  0.000020  ...  0.000012  7.610623e+06  1.736775e+09
1  1551.063523    0.000075  0.000016  ...  0.000012  7.612115e+06  1.736775e+09

[2 rows x 13 columns]
CHANNEL_0_9
        cbragg  cbragg_err   credchi  ...  cdelta_n            cL     timestamp
0  1552.052281    0.000142  0.000072  ...  0.000012  7.936386e+06  1.736775e+09
1  1552.045626    0.000096  0.000019  ...  0.000012  7.707224e+06  1.736775e+09

[2 rows x 13 columns]
CHANNEL_0_10
        cbragg  cbragg_err   credchi  ...  cdelta_n            cL     timestamp
0  1553.053703    0.000097  0.000017  ...  0.000012  7.712187e+06  1.736775e+09
1  1553.054914    0.000095  0.000024  ...  0.000012  7.682153e+06  1.736775e+09

[2 rows x 13 columns]
CHANNEL_0_11
        cbragg  cbragg_err   credchi  ...  cdelta_n            cL     timestamp
0  1554.066901    0.000105  0.000032  ...  0.000012  7.838040e+06  1.736775e+09
1  1554.060886    0.000079  0.000010  ...  0.000012  7.660241e+06  1.736775e+09

[2 rows x 13 columns]
CHANNEL_0_12
        cbragg  cbragg_err   credchi  ...  cdelta_n            cL     timestamp
0  1555.088051    0.000118  0.000046  ...  0.000012  7.541625e+06  1.736775e+09
1  1555.088841    0.000115  0.000051  ...  0.000012  7.508966e+06  1.736775e+09

[2 rows x 13 columns]
CHANNEL_0_13
        cbragg  cbragg_err   credchi  ...  cdelta_n            cL     timestamp
0  1556.066899    0.000137  0.000050  ...  0.000012  7.687903e+06  1.736775e+09
1  1556.059201    0.000144  0.000034  ...  0.000012  7.676223e+06  1.736775e+09

[2 rows x 13 columns]
CHANNEL_0_14
        cbragg  cbragg_err   credchi  ...  cdelta_n            cL     timestamp
0  1557.035301    0.000100  0.000036  ...  0.000012  7.626498e+06  1.736775e+09
1  1557.033728    0.000098  0.000030  ...  0.000012  7.660360e+06  1.736775e+09

[2 rows x 13 columns]
CHANNEL_1_1
        cbragg  cbragg_err   credchi  ...  cdelta_n            cL     timestamp
0  1556.006382    0.001128  0.002420  ...  0.000012  3.466124e+06  1.736775e+09
1  1556.005632    0.000078  0.000005  ...  0.000012  2.638429e+06  1.736775e+09

[2 rows x 13 columns]
CHANNEL_1_2
        cbragg  cbragg_err   credchi  ...  cdelta_n            cL     timestamp
0  1558.240361    0.000206  0.000058  ...  0.000012  2.760917e+06  1.736775e+09
1  1558.243150    0.001039  0.001033  ...  0.000012  2.406496e+06  1.736775e+09

[2 rows x 13 columns]
CHANNEL_1_3
        cbragg  cbragg_err   credchi  ...  cdelta_n            cL     timestamp
0  1561.055912    0.000046  0.000003  ...  0.000012  2.941050e+06  1.736775e+09
1  1561.052094    0.000560  0.000596  ...  0.000012  3.193350e+06  1.736775e+09

[2 rows x 13 columns]
CHANNEL_2_1
        cbragg  cbragg_err   credchi  ...  cdelta_n            cL     timestamp
0  1543.427295    0.000062  0.000004  ...  0.000012  2.776630e+06  1.736775e+09
1  1543.425808    0.000063  0.000004  ...  0.000012  2.777865e+06  1.736775e+09

[2 rows x 13 columns]
CHANNEL_2_2
        cbragg  cbragg_err   credchi  ...  cdelta_n            cL     timestamp
0  1545.971378    0.000857  0.001005  ...  0.000012  3.254439e+06  1.736775e+09
1  1545.971459    0.001256  0.002650  ...  0.000012  3.552630e+06  1.736775e+09

[2 rows x 13 columns]
CHANNEL_2_3
        cbragg  cbragg_err   credchi  ...  cdelta_n            cL     timestamp
0  1548.567465    0.000095  0.000010  ...  0.000012  2.898795e+06  1.736775e+09
1  1548.564831    0.000108  0.000013  ...  0.000012  2.882689e+06  1.736775e+09

[2 rows x 13 columns]
CHANNEL_3_1
        cbragg  cbragg_err   credchi  ...  cdelta_n            cL     timestamp
0  1544.040510    0.000122  0.000025  ...  0.000012  7.796665e+06  1.736775e+09
1  1544.034269    0.000118  0.000025  ...  0.000012  7.791931e+06  1.736775e+09

[2 rows x 13 columns]
CHANNEL_3_2
        cbragg  cbragg_err   credchi  ...  cdelta_n            cL     timestamp
0  1544.841582    0.000326  0.000037  ...  0.000012  7.900043e+06  1.736775e+09
1  1544.828233    0.000116  0.000027  ...  0.000012  7.948779e+06  1.736775e+09

[2 rows x 13 columns]
CHANNEL_3_3
        cbragg  cbragg_err   credchi  ...  cdelta_n            cL     timestamp
0  1545.719073    0.000114  0.000032  ...  0.000012  7.616208e+06  1.736775e+09
1  1545.711735    0.000113  0.000031  ...  0.000012  7.595702e+06  1.736775e+09

[2 rows x 13 columns]
CHANNEL_3_4
        cbragg  cbragg_err   credchi  ...  cdelta_n            cL     timestamp
0  1546.694230    0.000099  0.000028  ...  0.000012  7.780906e+06  1.736775e+09
1  1546.680711    0.000096  0.000017  ...  0.000012  7.872421e+06  1.736775e+09

[2 rows x 13 columns]
CHANNEL_3_5
        cbragg  cbragg_err   credchi  ...  cdelta_n            cL     timestamp
0  1547.711144    0.000085  0.000015  ...  0.000012  7.614827e+06  1.736775e+09
1  1547.703607    0.000080  0.000017  ...  0.000012  7.593134e+06  1.736775e+09

[2 rows x 13 columns]
CHANNEL_3_6
        cbragg  cbragg_err   credchi  ...  cdelta_n            cL     timestamp
0  1548.698875    0.000079  0.000019  ...  0.000012  7.799239e+06  1.736775e+09
1  1548.687841    0.000083  0.000014  ...  0.000012  7.842172e+06  1.736775e+09

[2 rows x 13 columns]
CHANNEL_3_7
        cbragg  cbragg_err   credchi  ...  cdelta_n            cL     timestamp
0  1549.717766    0.000092  0.000019  ...  0.000012  7.602081e+06  1.736775e+09
1  1549.708733    0.000093  0.000020  ...  0.000012  7.578958e+06  1.736775e+09

[2 rows x 13 columns]
CHANNEL_3_8
        cbragg  cbragg_err   credchi  ...  cdelta_n            cL     timestamp
0  1550.669553    0.000098  0.000019  ...  0.000012  7.628902e+06  1.736775e+09
1  1550.664737    0.000096  0.000015  ...  0.000012  7.653183e+06  1.736775e+09

[2 rows x 13 columns]
CHANNEL_3_9
        cbragg  cbragg_err   credchi  ...  cdelta_n            cL     timestamp
0  1551.669327    0.000095  0.000018  ...  0.000012  7.713221e+06  1.736775e+09
1  1551.658049    0.000100  0.000015  ...  0.000012  7.735614e+06  1.736775e+09

[2 rows x 13 columns]
CHANNEL_3_10
        cbragg  cbragg_err   credchi  ...  cdelta_n            cL     timestamp
0  1552.672578    0.000118  0.000017  ...  0.000012  7.735784e+06  1.736775e+09
1  1552.670323    0.000109  0.000022  ...  0.000012  7.711721e+06  1.736775e+09

[2 rows x 13 columns]
CHANNEL_3_11
        cbragg  cbragg_err   credchi  ...  cdelta_n            cL     timestamp
0  1553.643566     0.00013  0.000042  ...  0.000012  7.909503e+06  1.736775e+09
1  1553.631059     0.00013  0.000025  ...  0.000012  8.021520e+06  1.736775e+09

[2 rows x 13 columns]
CHANNEL_3_12
        cbragg  cbragg_err   credchi  ...  cdelta_n            cL     timestamp
0  1554.617473    0.000107  0.000018  ...  0.000012  7.805267e+06  1.736775e+09
1  1554.613095    0.000104  0.000021  ...  0.000012  7.777901e+06  1.736775e+09

[2 rows x 13 columns]
CHANNEL_3_13
        cbragg  cbragg_err   credchi  ...  cdelta_n            cL     timestamp
0  1555.627949    0.000089  0.000017  ...  0.000012  7.623827e+06  1.736775e+09
1  1555.614517    0.000090  0.000011  ...  0.000012  7.682934e+06  1.736775e+09

[2 rows x 13 columns]
CHANNEL_3_14
        cbragg  cbragg_err   credchi  ...  cdelta_n            cL     timestamp
0  1556.578914    0.000193  0.000063  ...  0.000012  7.721303e+06  1.736775e+09
1  1556.574940    0.000217  0.000087  ...  0.000012  7.401270e+06  1.736775e+09

[2 rows x 13 columns]
