CHANNEL_0_1
           cbragg  cbragg_err   credchi  ...  cdelta_n            cL     timestamp
0     1544.203847    0.000102  0.000056  ...  0.000012  7.650316e+06  1.737104e+09
1     1544.202661    0.000119  0.000037  ...  0.000012  7.704206e+06  1.737104e+09
2     1544.203688    0.000138  0.000056  ...  0.000012  7.656878e+06  1.737104e+09
3     1544.202697    0.000159  0.000038  ...  0.000012  7.694353e+06  1.737104e+09
4     1544.203593    0.000106  0.000056  ...  0.000012  7.645993e+06  1.737104e+09
...           ...         ...       ...  ...       ...           ...           ...
1587  1544.204701    0.000098  0.000046  ...  0.000012  7.712798e+06  1.737120e+09
1588  1544.196602    0.000199  0.000041  ...  0.000012  7.714863e+06  1.737120e+09
1589  1544.204661    0.000136  0.000046  ...  0.000012  7.698152e+06  1.737120e+09
1590  1544.196530    0.000163  0.000041  ...  0.000012  7.721264e+06  1.737120e+09
1591  1544.204646    0.000384  0.000047  ...  0.000012  7.708670e+06  1.737120e+09

[1592 rows x 13 columns]
CHANNEL_0_2
           cbragg  cbragg_err   credchi  ...  cdelta_n            cL     timestamp
0     1545.153625    0.000087  0.000013  ...  0.000012  7.726769e+06  1.737104e+09
1     1545.159320    0.000093  0.000019  ...  0.000012  7.692323e+06  1.737104e+09
2     1545.153433    0.000098  0.000013  ...  0.000012  7.718433e+06  1.737104e+09
3     1545.159332    0.000084  0.000018  ...  0.000012  7.696101e+06  1.737104e+09
4     1545.153463    0.000291  0.000013  ...  0.000012  7.726789e+06  1.737104e+09
...           ...         ...       ...  ...       ...           ...           ...
1587  1545.154829    0.000088  0.000016  ...  0.000012  7.668377e+06  1.737120e+09
1588  1545.153738    0.000085  0.000016  ...  0.000012  7.681674e+06  1.737120e+09
1589  1545.154912    0.000088  0.000016  ...  0.000012  7.669797e+06  1.737120e+09
1590  1545.153583    0.000084  0.000016  ...  0.000012  7.682909e+06  1.737120e+09
1591  1545.154898    0.000087  0.000015  ...  0.000012  7.670246e+06  1.737120e+09

[1592 rows x 13 columns]
CHANNEL_0_3
           cbragg  cbragg_err   credchi  ...  cdelta_n            cL     timestamp
0     1546.140219    0.000114  0.000055  ...  0.000012  7.699905e+06  1.737104e+09
1     1546.142954    0.000115  0.000041  ...  0.000012  7.640874e+06  1.737104e+09
2     1546.140166    0.000118  0.000060  ...  0.000012  7.735722e+06  1.737104e+09
3     1546.142901    0.000117  0.000043  ...  0.000012  7.655147e+06  1.737104e+09
4     1546.140223    0.000112  0.000052  ...  0.000012  7.611375e+06  1.737104e+09
...           ...         ...       ...  ...       ...           ...           ...
1587  1546.143457    0.000110  0.000052  ...  0.000012  7.654805e+06  1.737120e+09
1588  1546.134185    0.000105  0.000035  ...  0.000012  7.692267e+06  1.737120e+09
1589  1546.143492    0.000107  0.000050  ...  0.000012  7.662935e+06  1.737120e+09
1590  1546.134119    0.000105  0.000034  ...  0.000012  7.700998e+06  1.737120e+09
1591  1546.143482    0.000108  0.000050  ...  0.000012  7.655804e+06  1.737120e+09

[1592 rows x 13 columns]
CHANNEL_0_4
           cbragg  cbragg_err   credchi  ...  cdelta_n            cL     timestamp
0     1547.131307    0.000116  0.000039  ...  0.000012  7.835222e+06  1.737104e+09
1     1547.137280    0.000115  0.000057  ...  0.000012  7.809672e+06  1.737104e+09
2     1547.131264    0.000119  0.000041  ...  0.000012  7.882372e+06  1.737104e+09
3     1547.137250    0.000115  0.000057  ...  0.000012  7.827687e+06  1.737104e+09
4     1547.131276    0.000118  0.000040  ...  0.000012  7.888709e+06  1.737104e+09
...           ...         ...       ...  ...       ...           ...           ...
1587  1547.133725    0.000115  0.000046  ...  0.000012  7.857150e+06  1.737120e+09
1588  1547.132122    0.000115  0.000049  ...  0.000012  7.849489e+06  1.737120e+09
1589  1547.133642    0.000117  0.000049  ...  0.000012  7.907758e+06  1.737120e+09
1590  1547.132079    0.000117  0.000051  ...  0.000012  7.848823e+06  1.737120e+09
1591  1547.133808    0.000133  0.000063  ...  0.000012  8.007514e+06  1.737120e+09

[1592 rows x 13 columns]
CHANNEL_0_5
           cbragg  cbragg_err   credchi  ...  cdelta_n            cL     timestamp
0     1548.111068    0.000093  0.000044  ...  0.000012  7.627252e+06  1.737104e+09
1     1548.109204    0.000123  0.000056  ...  0.000012  7.911735e+06  1.737104e+09
2     1548.110864    0.000151  0.000123  ...  0.000012  7.970494e+06  1.737104e+09
3     1548.109202    0.000093  0.000031  ...  0.000012  7.686602e+06  1.737104e+09
4     1548.110870    0.000093  0.000044  ...  0.000012  7.624600e+06  1.737104e+09
...           ...         ...       ...  ...       ...           ...           ...
1587  1548.111737    0.000095  0.000036  ...  0.000012  7.673203e+06  1.737120e+09
1588  1548.105928    0.000091  0.000040  ...  0.000012  7.684239e+06  1.737120e+09
1589  1548.111765    0.000093  0.000035  ...  0.000012  7.726769e+06  1.737120e+09
1590  1548.105834    0.000103  0.000052  ...  0.000012  7.838093e+06  1.737120e+09
1591  1548.111587    0.000107  0.000047  ...  0.000012  7.825262e+06  1.737120e+09

[1592 rows x 13 columns]
CHANNEL_0_6
           cbragg  cbragg_err   credchi  ...  cdelta_n            cL     timestamp
0     1549.086190    0.000077  0.000024  ...  0.000012  7.525858e+06  1.737104e+09
1     1549.095831    0.000080  0.000036  ...  0.000012  7.490348e+06  1.737104e+09
2     1549.085997    0.000077  0.000024  ...  0.000012  7.535844e+06  1.737104e+09
3     1549.095750    0.000080  0.000036  ...  0.000012  7.491804e+06  1.737104e+09
4     1549.086114    0.000079  0.000026  ...  0.000012  7.585941e+06  1.737104e+09
...           ...         ...       ...  ...       ...           ...           ...
1587  1549.094501    0.000082  0.000040  ...  0.000012  7.475483e+06  1.737120e+09
1588  1549.084653    0.000078  0.000024  ...  0.000012  7.553489e+06  1.737120e+09
1589  1549.094438    0.000082  0.000041  ...  0.000012  7.474821e+06  1.737120e+09
1590  1549.084650    0.000189  0.000151  ...  0.000012  8.000056e+06  1.737120e+09
1591  1549.094435    0.000082  0.000040  ...  0.000012  7.475600e+06  1.737120e+09

[1592 rows x 13 columns]
CHANNEL_0_7
           cbragg  cbragg_err   credchi  ...  cdelta_n            cL     timestamp
0     1550.092483    0.000117  0.000040  ...  0.000012  7.656737e+06  1.737104e+09
1     1550.092881    0.000118  0.000043  ...  0.000012  7.640884e+06  1.737104e+09
2     1550.092359    0.000120  0.000042  ...  0.000012  7.650703e+06  1.737104e+09
3     1550.092789    0.000119  0.000043  ...  0.000012  7.630415e+06  1.737104e+09
4     1550.092339    0.000118  0.000041  ...  0.000012  7.647764e+06  1.737104e+09
...           ...         ...       ...  ...       ...           ...           ...
1587  1550.093013    0.000119  0.000043  ...  0.000012  7.644911e+06  1.737120e+09
1588  1550.089831    0.000120  0.000044  ...  0.000012  7.622461e+06  1.737120e+09
1589  1550.093076    0.000118  0.000042  ...  0.000012  7.630779e+06  1.737120e+09
1590  1550.089771    0.000121  0.000045  ...  0.000012  7.623311e+06  1.737120e+09
1591  1550.093111    0.000124  0.000047  ...  0.000012  7.723337e+06  1.737120e+09

[1592 rows x 13 columns]
CHANNEL_0_8
           cbragg  cbragg_err   credchi  ...  cdelta_n            cL     timestamp
0     1551.069218    0.000073  0.000018  ...  0.000012  7.600327e+06  1.737104e+09
1     1551.070935    0.000073  0.000015  ...  0.000012  7.623477e+06  1.737104e+09
2     1551.069196    0.000072  0.000017  ...  0.000012  7.593870e+06  1.737104e+09
3     1551.070758    0.000129  0.000046  ...  0.000012  7.714497e+06  1.737104e+09
4     1551.069158    0.000073  0.000018  ...  0.000012  7.603274e+06  1.737104e+09
...           ...         ...       ...  ...       ...           ...           ...
1587  1551.073645    0.000074  0.000018  ...  0.000012  7.665731e+06  1.737120e+09
1588  1551.065660    0.000070  0.000015  ...  0.000012  7.636081e+06  1.737120e+09
1589  1551.073624    0.000070  0.000016  ...  0.000012  7.649653e+06  1.737120e+09
1590  1551.065571    0.000071  0.000015  ...  0.000012  7.631456e+06  1.737120e+09
1591  1551.073549    0.000072  0.000017  ...  0.000012  7.692555e+06  1.737120e+09

[1592 rows x 13 columns]
CHANNEL_0_9
           cbragg  cbragg_err   credchi  ...  cdelta_n            cL     timestamp
0     1552.050987    0.000089  0.000020  ...  0.000012  7.675424e+06  1.737104e+09
1     1552.055730    0.000086  0.000020  ...  0.000012  7.700579e+06  1.737104e+09
2     1552.050988    0.000090  0.000020  ...  0.000012  7.686047e+06  1.737104e+09
3     1552.055742    0.000088  0.000021  ...  0.000012  7.703433e+06  1.737104e+09
4     1552.051071    0.000088  0.000019  ...  0.000012  7.691156e+06  1.737104e+09
...           ...         ...       ...  ...       ...           ...           ...
1587  1552.057432    0.000083  0.000024  ...  0.000012  7.709530e+06  1.737120e+09
1588  1552.046959    0.000087  0.000015  ...  0.000012  7.750474e+06  1.737120e+09
1589  1552.057417    0.000080  0.000023  ...  0.000012  7.717491e+06  1.737120e+09
1590  1552.046846    0.000090  0.000016  ...  0.000012  7.738580e+06  1.737120e+09
1591  1552.057372    0.000093  0.000031  ...  0.000012  7.845419e+06  1.737120e+09

[1592 rows x 13 columns]
CHANNEL_0_10
           cbragg  cbragg_err   credchi  ...  cdelta_n            cL     timestamp
0     1553.057655    0.000096  0.000019  ...  0.000012  7.712088e+06  1.737104e+09
1     1553.059337    0.000092  0.000020  ...  0.000012  7.626438e+06  1.737104e+09
2     1553.057584    0.000097  0.000019  ...  0.000012  7.651355e+06  1.737104e+09
3     1553.059130    0.000104  0.000024  ...  0.000012  7.495979e+06  1.737104e+09
4     1553.057614    0.000097  0.000019  ...  0.000012  7.701987e+06  1.737104e+09
...           ...         ...       ...  ...       ...           ...           ...
1587  1553.058869    0.000093  0.000016  ...  0.000012  7.724397e+06  1.737120e+09
1588  1553.056807    0.000092  0.000021  ...  0.000012  7.643497e+06  1.737120e+09
1589  1553.058752    0.000096  0.000018  ...  0.000012  7.731789e+06  1.737120e+09
1590  1553.056819    0.000093  0.000021  ...  0.000012  7.674347e+06  1.737120e+09
1591  1553.058795    0.000091  0.000016  ...  0.000012  7.707022e+06  1.737120e+09

[1592 rows x 13 columns]
CHANNEL_0_11
           cbragg  cbragg_err   credchi  ...  cdelta_n            cL     timestamp
0     1554.065544    0.000071  0.000011  ...  0.000012  7.607124e+06  1.737104e+09
1     1554.071779    0.000072  0.000011  ...  0.000012  7.597216e+06  1.737104e+09
2     1554.065608    0.000070  0.000010  ...  0.000012  7.613626e+06  1.737104e+09
3     1554.071712    0.000068  0.000010  ...  0.000012  7.667577e+06  1.737104e+09
4     1554.065422    0.000075  0.000012  ...  0.000012  7.599888e+06  1.737104e+09
...           ...         ...       ...  ...       ...           ...           ...
1587  1554.072130    0.000071  0.000013  ...  0.000012  7.646982e+06  1.737120e+09
1588  1554.060847    0.000072  0.000008  ...  0.000012  7.721746e+06  1.737120e+09
1589  1554.072118    0.000071  0.000014  ...  0.000012  7.648852e+06  1.737120e+09
1590  1554.060936    0.000072  0.000008  ...  0.000012  7.726346e+06  1.737120e+09
1591  1554.072191    0.000070  0.000013  ...  0.000012  7.643089e+06  1.737120e+09

[1592 rows x 13 columns]
CHANNEL_0_12
           cbragg  cbragg_err   credchi  ...  cdelta_n            cL     timestamp
0     1555.088961    0.000116  0.000039  ...  0.000012  7.588137e+06  1.737104e+09
1     1555.094816    0.000113  0.000051  ...  0.000012  7.549776e+06  1.737104e+09
2     1555.088907    0.000114  0.000038  ...  0.000012  7.543954e+06  1.737104e+09
3     1555.094794    0.000113  0.000052  ...  0.000012  7.563366e+06  1.737104e+09
4     1555.088937    0.000114  0.000038  ...  0.000012  7.603833e+06  1.737104e+09
...           ...         ...       ...  ...       ...           ...           ...
1587  1555.093142    0.000112  0.000043  ...  0.000012  7.547260e+06  1.737120e+09
1588  1555.088430    0.000112  0.000042  ...  0.000012  7.554717e+06  1.737120e+09
1589  1555.093218    0.000111  0.000042  ...  0.000012  7.554059e+06  1.737120e+09
1590  1555.088440    0.000113  0.000043  ...  0.000012  7.569868e+06  1.737120e+09
1591  1555.093212    0.000112  0.000043  ...  0.000012  7.556519e+06  1.737120e+09

[1592 rows x 13 columns]
CHANNEL_0_13
           cbragg  cbragg_err   credchi  ...  cdelta_n            cL     timestamp
0     1556.068041    0.000136  0.000048  ...  0.000012  7.671112e+06  1.737104e+09
1     1556.065991    0.000143  0.000031  ...  0.000012  7.700569e+06  1.737104e+09
2     1556.067998    0.000138  0.000049  ...  0.000012  7.659014e+06  1.737104e+09
3     1556.066073    0.000148  0.000033  ...  0.000012  7.694136e+06  1.737104e+09
4     1556.067894    0.000135  0.000048  ...  0.000012  7.670786e+06  1.737104e+09
...           ...         ...       ...  ...       ...           ...           ...
1587  1556.070089    0.000137  0.000039  ...  0.000012  7.709015e+06  1.737120e+09
1588  1556.061819    0.000135  0.000037  ...  0.000012  7.697845e+06  1.737120e+09
1589  1556.070155    0.000138  0.000039  ...  0.000012  7.692418e+06  1.737120e+09
1590  1556.061837    0.000135  0.000037  ...  0.000012  7.687835e+06  1.737120e+09
1591  1556.070067    0.000137  0.000039  ...  0.000012  7.713913e+06  1.737120e+09

[1592 rows x 13 columns]
CHANNEL_0_14
           cbragg  cbragg_err   credchi  ...  cdelta_n            cL     timestamp
0     1557.033609    0.000091  0.000021  ...  0.000012  7.720780e+06  1.737104e+09
1     1557.041428    0.000091  0.000034  ...  0.000012  7.691583e+06  1.737104e+09
2     1557.033599    0.000091  0.000021  ...  0.000012  7.717751e+06  1.737104e+09
3     1557.041422    0.000092  0.000035  ...  0.000012  7.693865e+06  1.737104e+09
4     1557.033571    0.000092  0.000022  ...  0.000012  7.728555e+06  1.737104e+09
...           ...         ...       ...  ...       ...           ...           ...
1587  1557.040960    0.000113  0.000050  ...  0.000012  7.830456e+06  1.737120e+09
1588  1557.031997    0.000092  0.000024  ...  0.000012  7.725263e+06  1.737120e+09
1589  1557.040933    0.000096  0.000035  ...  0.000012  7.653676e+06  1.737120e+09
1590  1557.032073    0.000098  0.000027  ...  0.000012  7.791743e+06  1.737120e+09
1591  1557.040949    0.000098  0.000037  ...  0.000012  7.735581e+06  1.737120e+09

[1592 rows x 13 columns]
CHANNEL_1_1
           cbragg  cbragg_err   credchi  ...  cdelta_n            cL     timestamp
0     1555.128285    0.000107  0.000009  ...  0.000012  2.596903e+06  1.737104e+09
1     1555.129911    0.000120  0.000011  ...  0.000012  2.616236e+06  1.737104e+09
2     1555.128361    0.000256  0.000044  ...  0.000012  2.480518e+06  1.737104e+09
3     1555.130197    0.000161  0.000018  ...  0.000012  2.551857e+06  1.737104e+09
4     1555.128253    0.000275  0.000052  ...  0.000012  2.481447e+06  1.737104e+09
...           ...         ...       ...  ...       ...           ...           ...
1587  1555.126097    0.000733  0.000664  ...  0.000012  3.104158e+06  1.737120e+09
1588  1555.125537    0.000947  0.001273  ...  0.000012  3.232982e+06  1.737120e+09
1589  1555.126481    0.000194  0.000029  ...  0.000012  2.649953e+06  1.737120e+09
1590  1555.125023    0.000188  0.000026  ...  0.000012  2.545597e+06  1.737120e+09
1591  1555.126604    0.000118  0.000010  ...  0.000012  2.612106e+06  1.737120e+09

[1592 rows x 13 columns]
CHANNEL_1_2
           cbragg  cbragg_err   credchi  ...  cdelta_n            cL     timestamp
0     1558.278007    0.000140  0.000027  ...  0.000012  2.741598e+06  1.737104e+09
1     1558.279119    0.001075  0.002467  ...  0.000012  3.391655e+06  1.737104e+09
2     1558.277905    0.000419  0.000222  ...  0.000012  2.633537e+06  1.737104e+09
3     1558.278827    0.000119  0.000020  ...  0.000012  2.785795e+06  1.737104e+09
4     1558.278057    0.000500  0.000284  ...  0.000012  2.562681e+06  1.737104e+09
...           ...         ...       ...  ...       ...           ...           ...
1587  1558.275037    0.000322  0.000177  ...  0.000012  2.991546e+06  1.737120e+09
1588  1558.274602    0.001188  0.003631  ...  0.000012  3.592549e+06  1.737120e+09
1589  1558.275163    0.000448  0.000376  ...  0.000012  3.086898e+06  1.737120e+09
1590  1558.275446    0.000116  0.000019  ...  0.000012  2.791438e+06  1.737120e+09
1591  1558.275137    0.000124  0.000022  ...  0.000012  2.773527e+06  1.737120e+09

[1592 rows x 13 columns]
CHANNEL_1_3
           cbragg  cbragg_err   credchi  ...  cdelta_n            cL     timestamp
0     1561.089401    0.000041  0.000003  ...  0.000012  2.931884e+06  1.737104e+09
1     1561.089524    0.000042  0.000003  ...  0.000012  2.938643e+06  1.737104e+09
2     1561.089318    0.000040  0.000003  ...  0.000012  2.921881e+06  1.737104e+09
3     1561.090064    0.000632  0.000916  ...  0.000012  3.381383e+06  1.737104e+09
4     1561.089328    0.000038  0.000002  ...  0.000012  2.923714e+06  1.737104e+09
...           ...         ...       ...  ...       ...           ...           ...
1587  1561.088723    0.000245  0.000086  ...  0.000012  2.799947e+06  1.737120e+09
1588  1561.086850    0.000203  0.000059  ...  0.000012  2.814764e+06  1.737120e+09
1589  1561.088434    0.000047  0.000004  ...  0.000012  2.940160e+06  1.737120e+09
1590  1561.087063    0.000134  0.000027  ...  0.000012  2.853907e+06  1.737120e+09
1591  1561.088548    0.000343  0.000217  ...  0.000012  3.120562e+06  1.737120e+09

[1592 rows x 13 columns]
CHANNEL_2_1
           cbragg  cbragg_err   credchi  ...  cdelta_n            cL     timestamp
0     1542.573994    0.000046  0.000002  ...  0.000012  2.759776e+06  1.737104e+09
1     1542.577296    0.000055  0.000003  ...  0.000012  2.753949e+06  1.737104e+09
2     1542.573845    0.000053  0.000002  ...  0.000012  2.757319e+06  1.737104e+09
3     1542.577028    0.000053  0.000002  ...  0.000012  2.754646e+06  1.737104e+09
4     1542.573831    0.000050  0.000002  ...  0.000012  2.780939e+06  1.737104e+09
...           ...         ...       ...  ...       ...           ...           ...
1587  1542.573776    0.000143  0.000002  ...  0.000012  2.754823e+06  1.737120e+09
1588  1542.571685    0.012059  0.003800  ...  0.000012  1.083957e+06  1.737120e+09
1589  1542.573507    0.000067  0.000003  ...  0.000012  2.753997e+06  1.737120e+09
1590  1542.571212    0.000053  0.000002  ...  0.000012  2.756459e+06  1.737120e+09
1591  1542.561862    0.012772  0.003807  ...  0.000012  1.107659e+06  1.737120e+09

[1592 rows x 13 columns]
CHANNEL_2_2
           cbragg  cbragg_err   credchi  ...  cdelta_n            cL     timestamp
0     1546.011420    0.000213  0.000031  ...  0.000012  2.580623e+06  1.737104e+09
1     1546.009283    0.000141  0.000015  ...  0.000012  2.654085e+06  1.737104e+09
2     1546.011152    0.000138  0.000015  ...  0.000012  2.666179e+06  1.737104e+09
3     1546.009135    0.000141  0.000014  ...  0.000012  2.659565e+06  1.737104e+09
4     1546.011180    0.000142  0.000015  ...  0.000012  2.661300e+06  1.737104e+09
...           ...         ...       ...  ...       ...           ...           ...
1587  1546.006611    0.000262  0.000045  ...  0.000012  2.542154e+06  1.737120e+09
1588  1546.007909    0.000154  0.000018  ...  0.000012  2.644868e+06  1.737120e+09
1589  1546.006011    0.000242  0.000051  ...  0.000012  2.792834e+06  1.737120e+09
1590  1546.007906    0.000142  0.000016  ...  0.000012  2.671641e+06  1.737120e+09
1591  1546.006787    0.000599  0.000193  ...  0.000012  2.378744e+06  1.737120e+09

[1592 rows x 13 columns]
CHANNEL_2_3
           cbragg  cbragg_err   credchi  ...  cdelta_n            cL     timestamp
0     1548.600353    0.001170  0.002367  ...  0.000012  3.745880e+06  1.737104e+09
1     1548.602293    0.000110  0.000013  ...  0.000012  2.913439e+06  1.737104e+09
2     1548.598545    0.000107  0.000011  ...  0.000012  2.900264e+06  1.737104e+09
3     1548.601714    0.000111  0.000014  ...  0.000012  2.920125e+06  1.737104e+09
4     1548.598890    0.000128  0.000015  ...  0.000012  2.876686e+06  1.737104e+09
...           ...         ...       ...  ...       ...           ...           ...
1587  1548.600286    0.000121  0.000016  ...  0.000012  2.932379e+06  1.737120e+09
1588  1548.597101    0.000793  0.000902  ...  0.000012  3.389170e+06  1.737120e+09
1589  1548.600251    0.000337  0.000105  ...  0.000012  2.720330e+06  1.737120e+09
1590  1548.597222    0.000176  0.000031  ...  0.000012  2.939759e+06  1.737120e+09
1591  1548.600343    0.000107  0.000012  ...  0.000012  2.913998e+06  1.737120e+09

[1592 rows x 13 columns]
CHANNEL_3_1
           cbragg  cbragg_err   credchi  ...  cdelta_n            cL     timestamp
0     1543.629491    0.000110  0.000020  ...  0.000012  7.796175e+06  1.737104e+09
1     1543.625182    0.000117  0.000019  ...  0.000012  7.800544e+06  1.737104e+09
2     1543.629357    0.000113  0.000019  ...  0.000012  7.805248e+06  1.737104e+09
3     1543.625124    0.000111  0.000020  ...  0.000012  7.797592e+06  1.737104e+09
4     1543.629278    0.000109  0.000020  ...  0.000012  7.801922e+06  1.737104e+09
...           ...         ...       ...  ...       ...           ...           ...
1587  1543.627252    0.000103  0.000023  ...  0.000012  7.824109e+06  1.737120e+09
1588  1543.617897    0.000317  0.000014  ...  0.000012  7.865837e+06  1.737120e+09
1589  1543.627168    0.000102  0.000023  ...  0.000012  7.819303e+06  1.737120e+09
1590  1543.617967    0.000293  0.000014  ...  0.000012  7.873211e+06  1.737120e+09
1591  1543.627178    0.000171  0.000023  ...  0.000012  7.818699e+06  1.737120e+09

[1592 rows x 13 columns]
CHANNEL_3_2
           cbragg  cbragg_err   credchi  ...  cdelta_n            cL     timestamp
0     1544.661437    0.000371  0.000035  ...  0.000012  7.885171e+06  1.737104e+09
1     1544.648109    0.000181  0.000023  ...  0.000012  7.940551e+06  1.737104e+09
2     1544.661320    0.000122  0.000035  ...  0.000012  7.885912e+06  1.737104e+09
3     1544.647988    0.000299  0.000024  ...  0.000012  7.943437e+06  1.737104e+09
4     1544.661360    0.000110  0.000035  ...  0.000012  7.882820e+06  1.737104e+09
...           ...         ...       ...  ...       ...           ...           ...
1587  1544.650617    0.000166  0.000024  ...  0.000012  7.838105e+06  1.737120e+09
1588  1544.651054    0.000372  0.000037  ...  0.000012  7.797438e+06  1.737120e+09
1589  1544.650741    0.000134  0.000024  ...  0.000012  7.854151e+06  1.737120e+09
1590  1544.650954    0.000113  0.000036  ...  0.000012  7.800271e+06  1.737120e+09
1591  1544.650600    0.000113  0.000024  ...  0.000012  7.857045e+06  1.737120e+09

[1592 rows x 13 columns]
CHANNEL_3_3
           cbragg  cbragg_err   credchi  ...  cdelta_n            cL     timestamp
0     1545.656639    0.000109  0.000026  ...  0.000012  7.611086e+06  1.737104e+09
1     1545.651674    0.000103  0.000026  ...  0.000012  7.593934e+06  1.737104e+09
2     1545.656601    0.000107  0.000026  ...  0.000012  7.610265e+06  1.737104e+09
3     1545.651650    0.000108  0.000028  ...  0.000012  7.591117e+06  1.737104e+09
4     1545.656592    0.000106  0.000025  ...  0.000012  7.612198e+06  1.737104e+09
...           ...         ...       ...  ...       ...           ...           ...
1587  1545.650554    0.000105  0.000031  ...  0.000012  7.577332e+06  1.737120e+09
1588  1545.648649    0.000108  0.000024  ...  0.000012  7.593968e+06  1.737120e+09
1589  1545.650667    0.000105  0.000031  ...  0.000012  7.583439e+06  1.737120e+09
1590  1545.648585    0.000108  0.000023  ...  0.000012  7.588732e+06  1.737120e+09
1591  1545.650480    0.000108  0.000033  ...  0.000012  7.567306e+06  1.737120e+09

[1592 rows x 13 columns]
CHANNEL_3_4
           cbragg  cbragg_err   credchi  ...  cdelta_n            cL     timestamp
0     1546.632898    0.000091  0.000025  ...  0.000012  7.799809e+06  1.737104e+09
1     1546.619855    0.000135  0.000031  ...  0.000012  7.525894e+06  1.737104e+09
2     1546.632827    0.000092  0.000025  ...  0.000012  7.789628e+06  1.737104e+09
3     1546.619792    0.000090  0.000015  ...  0.000012  7.874991e+06  1.737104e+09
4     1546.632842    0.000092  0.000025  ...  0.000012  7.769836e+06  1.737104e+09
...           ...         ...       ...  ...       ...           ...           ...
1587  1546.624218    0.000097  0.000020  ...  0.000012  7.746889e+06  1.737120e+09
1588  1546.620087    0.000097  0.000022  ...  0.000012  7.725310e+06  1.737120e+09
1589  1546.624273    0.000097  0.000020  ...  0.000012  7.746272e+06  1.737120e+09
1590  1546.620073    0.000096  0.000022  ...  0.000012  7.716451e+06  1.737120e+09
1591  1546.624234    0.000096  0.000020  ...  0.000012  7.745802e+06  1.737120e+09

[1592 rows x 13 columns]
CHANNEL_3_5
           cbragg  cbragg_err   credchi  ...  cdelta_n            cL     timestamp
0     1547.649207    0.000083  0.000013  ...  0.000012  7.621303e+06  1.737104e+09
1     1547.644511    0.000082  0.000018  ...  0.000012  7.561577e+06  1.737104e+09
2     1547.649058    0.000084  0.000014  ...  0.000012  7.616191e+06  1.737104e+09
3     1547.644379    0.000081  0.000018  ...  0.000012  7.564614e+06  1.737104e+09
4     1547.649094    0.000082  0.000013  ...  0.000012  7.619694e+06  1.737104e+09
...           ...         ...       ...  ...       ...           ...           ...
1587  1547.638746    0.000080  0.000013  ...  0.000012  7.555496e+06  1.737120e+09
1588  1547.643734    0.000079  0.000016  ...  0.000012  7.595886e+06  1.737120e+09
1589  1547.638803    0.000080  0.000013  ...  0.000012  7.605892e+06  1.737120e+09
1590  1547.643558    0.000081  0.000017  ...  0.000012  7.592671e+06  1.737120e+09
1591  1547.638643    0.000081  0.000014  ...  0.000012  7.594969e+06  1.737120e+09

[1592 rows x 13 columns]
CHANNEL_3_6
           cbragg  cbragg_err   credchi  ...  cdelta_n            cL     timestamp
0     1548.636892    0.000081  0.000019  ...  0.000012  7.777465e+06  1.737104e+09
1     1548.628304    0.000081  0.000013  ...  0.000012  7.828802e+06  1.737104e+09
2     1548.636762    0.000083  0.000019  ...  0.000012  7.769672e+06  1.737104e+09
3     1548.628218    0.000079  0.000012  ...  0.000012  7.828978e+06  1.737104e+09
4     1548.636765    0.000082  0.000019  ...  0.000012  7.764599e+06  1.737104e+09
...           ...         ...       ...  ...       ...           ...           ...
1587  1548.630469    0.000082  0.000019  ...  0.000012  7.747758e+06  1.737120e+09
1588  1548.624830    0.000082  0.000013  ...  0.000012  7.805384e+06  1.737120e+09
1589  1548.630503    0.000083  0.000019  ...  0.000012  7.753869e+06  1.737120e+09
1590  1548.624727    0.000083  0.000014  ...  0.000012  7.801177e+06  1.737120e+09
1591  1548.630388    0.000083  0.000020  ...  0.000012  7.748429e+06  1.737120e+09

[1592 rows x 13 columns]
CHANNEL_3_7
           cbragg  cbragg_err   credchi  ...  cdelta_n            cL     timestamp
0     1549.656066    0.000085  0.000015  ...  0.000012  7.571587e+06  1.737104e+09
1     1549.650323    0.000082  0.000017  ...  0.000012  7.565630e+06  1.737104e+09
2     1549.656048    0.000084  0.000015  ...  0.000012  7.566896e+06  1.737104e+09
3     1549.650124    0.000084  0.000017  ...  0.000012  7.567622e+06  1.737104e+09
4     1549.656089    0.000085  0.000015  ...  0.000012  7.564298e+06  1.737104e+09
...           ...         ...       ...  ...       ...           ...           ...
1587  1549.642981    0.000084  0.000012  ...  0.000012  7.622803e+06  1.737120e+09
1588  1549.651185    0.000085  0.000022  ...  0.000012  7.651083e+06  1.737120e+09
1589  1549.643005    0.000082  0.000011  ...  0.000012  7.634202e+06  1.737120e+09
1590  1549.651054    0.000083  0.000021  ...  0.000012  7.576083e+06  1.737120e+09
1591  1549.642935    0.000081  0.000011  ...  0.000012  7.633369e+06  1.737120e+09

[1592 rows x 13 columns]
CHANNEL_3_8
           cbragg  cbragg_err   credchi  ...  cdelta_n            cL     timestamp
0     1550.608306    0.000090  0.000015  ...  0.000012  7.616644e+06  1.737104e+09
1     1550.607324    0.000089  0.000013  ...  0.000012  7.648169e+06  1.737104e+09
2     1550.608350    0.000090  0.000015  ...  0.000012  7.620762e+06  1.737104e+09
3     1550.607358    0.000092  0.000014  ...  0.000012  7.636023e+06  1.737104e+09
4     1550.608259    0.000091  0.000016  ...  0.000012  7.610432e+06  1.737104e+09
...           ...         ...       ...  ...       ...           ...           ...
1587  1550.604732    0.000087  0.000017  ...  0.000012  7.632520e+06  1.737120e+09
1588  1550.599662    0.000095  0.000012  ...  0.000012  7.658673e+06  1.737120e+09
1589  1550.604730    0.000088  0.000018  ...  0.000012  7.621127e+06  1.737120e+09
1590  1550.599652    0.000096  0.000012  ...  0.000012  7.641514e+06  1.737120e+09
1591  1550.604739    0.000087  0.000017  ...  0.000012  7.618789e+06  1.737120e+09

[1592 rows x 13 columns]
CHANNEL_3_9
           cbragg  cbragg_err   credchi  ...  cdelta_n            cL     timestamp
0     1551.608087    0.000088  0.000015  ...  0.000012  7.732697e+06  1.737104e+09
1     1551.600198    0.000088  0.000011  ...  0.000012  7.732677e+06  1.737104e+09
2     1551.608028    0.000090  0.000015  ...  0.000012  7.726767e+06  1.737104e+09
3     1551.600155    0.000089  0.000012  ...  0.000012  7.736494e+06  1.737104e+09
4     1551.608190    0.000087  0.000014  ...  0.000012  7.733748e+06  1.737104e+09
...           ...         ...       ...  ...       ...           ...           ...
1587  1551.596626    0.000094  0.000011  ...  0.000012  7.735223e+06  1.737120e+09
1588  1551.601144    0.000090  0.000017  ...  0.000012  7.676524e+06  1.737120e+09
1589  1551.596621    0.000093  0.000011  ...  0.000012  7.741897e+06  1.737120e+09
1590  1551.601098    0.000089  0.000017  ...  0.000012  7.636517e+06  1.737120e+09
1591  1551.596570    0.000092  0.000011  ...  0.000012  7.735136e+06  1.737120e+09

[1592 rows x 13 columns]
CHANNEL_3_10
           cbragg  cbragg_err   credchi  ...  cdelta_n            cL     timestamp
0     1552.610949    0.000108  0.000015  ...  0.000012  7.771346e+06  1.737104e+09
1     1552.611577    0.000102  0.000018  ...  0.000012  7.726066e+06  1.737104e+09
2     1552.610927    0.000106  0.000014  ...  0.000012  7.766173e+06  1.737104e+09
3     1552.611507    0.000103  0.000019  ...  0.000012  7.690607e+06  1.737104e+09
4     1552.611013    0.000109  0.000015  ...  0.000012  7.744154e+06  1.737104e+09
...           ...         ...       ...  ...       ...           ...           ...
1587  1552.607920    0.000101  0.000018  ...  0.000012  7.727981e+06  1.737120e+09
1588  1552.603436    0.000106  0.000014  ...  0.000012  7.789847e+06  1.737120e+09
1589  1552.607806    0.000102  0.000019  ...  0.000012  7.745269e+06  1.737120e+09
1590  1552.603335    0.000108  0.000014  ...  0.000012  7.794453e+06  1.737120e+09
1591  1552.607861    0.000193  0.000061  ...  0.000012  7.255376e+06  1.737120e+09

[1592 rows x 13 columns]
CHANNEL_3_11
           cbragg  cbragg_err   credchi  ...  cdelta_n            cL     timestamp
0     1553.582965    0.000125  0.000039  ...  0.000012  7.934690e+06  1.737104e+09
1     1553.571046    0.000124  0.000021  ...  0.000012  8.025128e+06  1.737104e+09
2     1553.582979    0.000122  0.000037  ...  0.000012  7.950469e+06  1.737104e+09
3     1553.570975    0.000122  0.000021  ...  0.000012  8.039845e+06  1.737104e+09
4     1553.582933    0.000123  0.000038  ...  0.000012  7.958077e+06  1.737104e+09
...           ...         ...       ...  ...       ...           ...           ...
1587  1553.574895    0.000130  0.000030  ...  0.000012  7.933947e+06  1.737120e+09
1588  1553.570333    0.000128  0.000032  ...  0.000012  7.904436e+06  1.737120e+09
1589  1553.574908    0.000129  0.000030  ...  0.000012  7.933420e+06  1.737120e+09
1590  1553.570301    0.000127  0.000032  ...  0.000012  7.895948e+06  1.737120e+09
1591  1553.574870    0.000129  0.000030  ...  0.000012  7.934427e+06  1.737120e+09

[1592 rows x 13 columns]
CHANNEL_3_12
           cbragg  cbragg_err   credchi  ...  cdelta_n            cL     timestamp
0     1554.554022    0.000100  0.000015  ...  0.000012  7.825604e+06  1.737104e+09
1     1554.554011    0.000180  0.000055  ...  0.000012  7.358275e+06  1.737104e+09
2     1554.554030    0.000258  0.000085  ...  0.000012  7.143182e+06  1.737104e+09
3     1554.553936    0.000097  0.000017  ...  0.000012  7.788243e+06  1.737104e+09
4     1554.553911    0.000100  0.000015  ...  0.000012  7.829347e+06  1.737104e+09
...           ...         ...       ...  ...       ...           ...           ...
1587  1554.549588    0.000097  0.000018  ...  0.000012  7.779279e+06  1.737120e+09
1588  1554.547548    0.000103  0.000014  ...  0.000012  7.847124e+06  1.737120e+09
1589  1554.549591    0.000096  0.000018  ...  0.000012  7.791223e+06  1.737120e+09
1590  1554.547554    0.000102  0.000014  ...  0.000012  7.769159e+06  1.737120e+09
1591  1554.549489    0.000096  0.000018  ...  0.000012  7.792957e+06  1.737120e+09

[1592 rows x 13 columns]
CHANNEL_3_13
           cbragg  cbragg_err   credchi  ...  cdelta_n            cL     timestamp
0     1555.565948    0.000097  0.000018  ...  0.000012  7.448343e+06  1.737104e+09
1     1555.555011    0.000084  0.000009  ...  0.000012  7.661815e+06  1.737104e+09
2     1555.566056    0.000086  0.000015  ...  0.000012  7.607863e+06  1.737104e+09
3     1555.555054    0.000087  0.000009  ...  0.000012  7.642632e+06  1.737104e+09
4     1555.565957    0.000086  0.000015  ...  0.000012  7.621263e+06  1.737104e+09
...           ...         ...       ...  ...       ...           ...           ...
1587  1555.554609    0.000089  0.000010  ...  0.000012  7.614739e+06  1.737120e+09
1588  1555.556082    0.000089  0.000015  ...  0.000012  7.563624e+06  1.737120e+09
1589  1555.554747    0.000091  0.000010  ...  0.000012  7.601674e+06  1.737120e+09
1590  1555.556167    0.000089  0.000015  ...  0.000012  7.570586e+06  1.737120e+09
1591  1555.554694    0.000090  0.000010  ...  0.000012  7.615145e+06  1.737120e+09

[1592 rows x 13 columns]
CHANNEL_3_14
           cbragg  cbragg_err   credchi  ...  cdelta_n            cL     timestamp
0     1556.515385    0.000189  0.000059  ...  0.000012  7.721929e+06  1.737104e+09
1     1556.514801    0.000191  0.000060  ...  0.000012  7.726458e+06  1.737104e+09
2     1556.515386    0.000188  0.000058  ...  0.000012  7.719273e+06  1.737104e+09
3     1556.514741    0.000193  0.000062  ...  0.000012  7.717572e+06  1.737104e+09
4     1556.515356    0.000186  0.000057  ...  0.000012  7.727511e+06  1.737104e+09
...           ...         ...       ...  ...       ...           ...           ...
1587  1556.512304    0.000186  0.000076  ...  0.000012  7.707362e+06  1.737120e+09
1588  1556.507151    0.000182  0.000043  ...  0.000012  7.797194e+06  1.737120e+09
1589  1556.512364    0.000189  0.000078  ...  0.000012  7.651641e+06  1.737120e+09
1590  1556.507098    0.000188  0.000046  ...  0.000012  7.797355e+06  1.737120e+09
1591  1556.512289    0.000187  0.000076  ...  0.000012  7.707292e+06  1.737120e+09

[1592 rows x 13 columns]
