CHANNEL_0_1
        cbragg  cbragg_err   credchi  ...  cdelta_n            cL     timestamp
0  1544.432250    0.000179  0.000061  ...  0.000012  7.660297e+06  1.736870e+09
1  1544.427784    0.000123  0.000041  ...  0.000012  7.683046e+06  1.736870e+09

[2 rows x 13 columns]
CHANNEL_0_2
        cbragg  cbragg_err   credchi  ...  cdelta_n            cL     timestamp
0  1545.151118    0.000092  0.000015  ...  0.000012  7.678407e+06  1.736870e+09
1  1545.157539    0.000082  0.000019  ...  0.000012  7.681073e+06  1.736870e+09

[2 rows x 13 columns]
CHANNEL_0_3
        cbragg  cbragg_err  credchi  ...  cdelta_n            cL     timestamp
0  1546.140900    0.000113  0.00006  ...  0.000012  7.627144e+06  1.736870e+09
1  1546.139003    0.000116  0.00004  ...  0.000012  7.649485e+06  1.736870e+09

[2 rows x 13 columns]
CHANNEL_0_4
        cbragg  cbragg_err   credchi  ...  cdelta_n            cL     timestamp
0  1547.129961    0.000118  0.000042  ...  0.000012  7.908031e+06  1.736870e+09
1  1547.136226    0.000116  0.000062  ...  0.000012  7.843566e+06  1.736870e+09

[2 rows x 13 columns]
CHANNEL_0_5
        cbragg  cbragg_err   credchi  ...  cdelta_n            cL     timestamp
0  1548.110180    0.000096  0.000048  ...  0.000012  7.650013e+06  1.736870e+09
1  1548.107008    0.000095  0.000034  ...  0.000012  7.659999e+06  1.736870e+09

[2 rows x 13 columns]
CHANNEL_0_6
        cbragg  cbragg_err   credchi  ...  cdelta_n            cL     timestamp
0  1549.088022    0.000084  0.000036  ...  0.000012  7.457838e+06  1.736870e+09
1  1549.091457    0.000085  0.000035  ...  0.000012  7.481326e+06  1.736870e+09

[2 rows x 13 columns]
CHANNEL_0_7
        cbragg  cbragg_err   credchi  ...  cdelta_n            cL     timestamp
0  1550.090858    0.000127  0.000043  ...  0.000012  7.618364e+06  1.736870e+09
1  1550.091231    0.000129  0.000058  ...  0.000012  7.710074e+06  1.736870e+09

[2 rows x 13 columns]
CHANNEL_0_8
        cbragg  cbragg_err   credchi  ...  cdelta_n            cL     timestamp
0  1551.068945    0.000075  0.000021  ...  0.000012  7.579741e+06  1.736870e+09
1  1551.067362    0.000079  0.000017  ...  0.000012  7.585494e+06  1.736870e+09

[2 rows x 13 columns]
CHANNEL_0_9
        cbragg  cbragg_err   credchi  ...  cdelta_n            cL     timestamp
0  1552.051781    0.000093  0.000026  ...  0.000012  7.642385e+06  1.736870e+09
1  1552.051342    0.000096  0.000022  ...  0.000012  7.661443e+06  1.736870e+09

[2 rows x 13 columns]
CHANNEL_0_10
        cbragg  cbragg_err   credchi  ...  cdelta_n            cL     timestamp
0  1553.055770    0.000098  0.000018  ...  0.000012  7.711913e+06  1.736870e+09
1  1553.057519    0.000093  0.000024  ...  0.000012  7.697862e+06  1.736870e+09

[2 rows x 13 columns]
CHANNEL_0_11
        cbragg  cbragg_err   credchi  ...  cdelta_n            cL     timestamp
0  1554.065866    0.000081  0.000016  ...  0.000012  7.599178e+06  1.736870e+09
1  1554.067420    0.000078  0.000011  ...  0.000012  7.578735e+06  1.736870e+09

[2 rows x 13 columns]
CHANNEL_0_12
        cbragg  cbragg_err   credchi  ...  cdelta_n            cL     timestamp
0  1555.088168    0.000121  0.000043  ...  0.000012  7.594399e+06  1.736870e+09
1  1555.092599    0.000114  0.000055  ...  0.000012  7.519276e+06  1.736870e+09

[2 rows x 13 columns]
CHANNEL_0_13
        cbragg  cbragg_err   credchi  ...  cdelta_n            cL     timestamp
0  1556.067756    0.000139  0.000054  ...  0.000012  7.674683e+06  1.736870e+09
1  1556.062667    0.000151  0.000034  ...  0.000012  7.673418e+06  1.736870e+09

[2 rows x 13 columns]
CHANNEL_0_14
        cbragg  cbragg_err   credchi  ...  cdelta_n            cL     timestamp
0  1557.034019    0.000099  0.000030  ...  0.000012  7.607618e+06  1.736870e+09
1  1557.038663    0.000100  0.000037  ...  0.000012  7.646279e+06  1.736870e+09

[2 rows x 13 columns]
CHANNEL_1_1
        cbragg  cbragg_err   credchi  ...  cdelta_n            cL     timestamp
0  1555.797954    0.000080  0.000006  ...  0.000012  2.634266e+06  1.736870e+09
1  1555.798166    0.000089  0.000007  ...  0.000012  2.654665e+06  1.736870e+09

[2 rows x 13 columns]
CHANNEL_1_2
        cbragg  cbragg_err   credchi  ...  cdelta_n            cL     timestamp
0  1558.255978    0.000116  0.000019  ...  0.000012  2.799225e+06  1.736870e+09
1  1558.259419    0.000126  0.000024  ...  0.000012  2.782665e+06  1.736870e+09

[2 rows x 13 columns]
CHANNEL_1_3
        cbragg  cbragg_err   credchi  ...  cdelta_n            cL     timestamp
0  1561.071719    0.000203  0.000075  ...  0.000012  3.070617e+06  1.736870e+09
1  1561.066911    0.001056  0.003280  ...  0.000012  3.769240e+06  1.736870e+09

[2 rows x 13 columns]
CHANNEL_2_1
        cbragg  cbragg_err   credchi  ...  cdelta_n            cL     timestamp
0  1543.207007    0.000061  0.000004  ...  0.000012  2.768145e+06  1.736870e+09
1  1543.203993    0.000085  0.000003  ...  0.000012  2.774311e+06  1.736870e+09

[2 rows x 13 columns]
CHANNEL_2_2
        cbragg  cbragg_err   credchi  ...  cdelta_n            cL     timestamp
0  1545.984386    0.000796  0.000296  ...  0.000012  2.298033e+06  1.736870e+09
1  1545.986496    0.000146  0.000018  ...  0.000012  2.691029e+06  1.736870e+09

[2 rows x 13 columns]
CHANNEL_2_3
        cbragg  cbragg_err   credchi  ...  cdelta_n            cL     timestamp
0  1548.583006    0.000094  0.000009  ...  0.000012  2.891854e+06  1.736870e+09
1  1548.580729    0.000110  0.000013  ...  0.000012  2.858743e+06  1.736870e+09

[2 rows x 13 columns]
CHANNEL_3_1
       cbragg  cbragg_err   credchi  ...  cdelta_n            cL     timestamp
0  1543.92713    0.000152  0.000028  ...  0.000012  7.849428e+06  1.736870e+09
1  1543.91390    0.000195  0.000018  ...  0.000012  7.929249e+06  1.736870e+09

[2 rows x 13 columns]
CHANNEL_3_2
        cbragg  cbragg_err   credchi  ...  cdelta_n            cL     timestamp
0  1544.714399    0.000125  0.000031  ...  0.000012  7.862898e+06  1.736870e+09
1  1544.707193    0.000132  0.000037  ...  0.000012  7.830130e+06  1.736870e+09

[2 rows x 13 columns]
CHANNEL_3_3
        cbragg  cbragg_err   credchi  ...  cdelta_n            cL     timestamp
0  1545.714293    0.000110  0.000038  ...  0.000012  7.624304e+06  1.736870e+09
1  1545.703922    0.000112  0.000025  ...  0.000012  7.660819e+06  1.736870e+09

[2 rows x 13 columns]
CHANNEL_3_4
        cbragg  cbragg_err   credchi  ...  cdelta_n            cL     timestamp
0  1546.687410      0.0001  0.000025  ...  0.000012  7.797007e+06  1.736870e+09
1  1546.676552      0.0001  0.000023  ...  0.000012  7.794676e+06  1.736870e+09

[2 rows x 13 columns]
CHANNEL_3_5
        cbragg  cbragg_err   credchi  ...  cdelta_n            cL     timestamp
0  1547.703328    0.000086  0.000017  ...  0.000012  7.581286e+06  1.736870e+09
1  1547.699046    0.000081  0.000016  ...  0.000012  7.574187e+06  1.736870e+09

[2 rows x 13 columns]
CHANNEL_3_6
        cbragg  cbragg_err   credchi  ...  cdelta_n            cL     timestamp
0  1548.693392     0.00008  0.000021  ...  0.000012  7.804433e+06  1.736870e+09
1  1548.680269     0.00008  0.000012  ...  0.000012  7.868024e+06  1.736870e+09

[2 rows x 13 columns]
CHANNEL_3_7
        cbragg  cbragg_err   credchi  ...  cdelta_n            cL     timestamp
0  1549.708033    0.000095  0.000017  ...  0.000012  7.567054e+06  1.736870e+09
1  1549.706206    0.000093  0.000024  ...  0.000012  7.538503e+06  1.736870e+09

[2 rows x 13 columns]
CHANNEL_3_8
        cbragg  cbragg_err   credchi  ...  cdelta_n            cL     timestamp
0  1550.665752    0.000091  0.000020  ...  0.000012  7.657322e+06  1.736870e+09
1  1550.655535    0.000094  0.000012  ...  0.000012  7.725687e+06  1.736870e+09

[2 rows x 13 columns]
CHANNEL_3_9
        cbragg  cbragg_err   credchi  ...  cdelta_n            cL     timestamp
0  1551.661257    0.000099  0.000016  ...  0.000012  7.688792e+06  1.736870e+09
1  1551.655526    0.000097  0.000017  ...  0.000012  7.678677e+06  1.736870e+09

[2 rows x 13 columns]
CHANNEL_3_10
        cbragg  cbragg_err   credchi  ...  cdelta_n            cL     timestamp
0  1552.668846    0.000111  0.000019  ...  0.000012  7.740549e+06  1.736870e+09
1  1552.661811    0.000171  0.000039  ...  0.000012  7.346745e+06  1.736870e+09

[2 rows x 13 columns]
CHANNEL_3_11
        cbragg  cbragg_err   credchi  ...  cdelta_n            cL     timestamp
0  1553.638468    0.000132  0.000040  ...  0.000012  7.937958e+06  1.736870e+09
1  1553.625440    0.000129  0.000028  ...  0.000012  7.986282e+06  1.736870e+09

[2 rows x 13 columns]
CHANNEL_3_12
        cbragg  cbragg_err   credchi  ...  cdelta_n            cL     timestamp
0  1554.611973    0.000105  0.000021  ...  0.000012  7.801961e+06  1.736870e+09
1  1554.605988    0.000108  0.000018  ...  0.000012  7.799338e+06  1.736870e+09

[2 rows x 13 columns]
CHANNEL_3_13
        cbragg  cbragg_err   credchi  ...  cdelta_n            cL     timestamp
0  1555.621059    0.000091  0.000014  ...  0.000012  7.626335e+06  1.736870e+09
1  1555.611157    0.000094  0.000014  ...  0.000012  7.588976e+06  1.736870e+09

[2 rows x 13 columns]
CHANNEL_3_14
        cbragg  cbragg_err   credchi  ...  cdelta_n            cL     timestamp
0  1556.574064    0.000190  0.000075  ...  0.000012  7.718026e+06  1.736870e+09
1  1556.566746    0.000195  0.000055  ...  0.000012  7.749306e+06  1.736870e+09

[2 rows x 13 columns]
