CHANNEL_0_1
        cbragg  cbragg_err   credchi  ...  cdelta_n            cL     timestamp
0  1544.625214    0.000162  0.000049  ...  0.000012  7.647853e+06  1.735029e+09
1  1544.631335    0.000150  0.000056  ...  0.000012  7.661561e+06  1.735029e+09

[2 rows x 13 columns]
CHANNEL_0_2
        cbragg  cbragg_err   credchi  ...  cdelta_n            cL     timestamp
0  1545.466676    0.000091  0.000019  ...  0.000012  7.596402e+06  1.735029e+09
1  1545.465535    0.000094  0.000020  ...  0.000012  7.598315e+06  1.735029e+09

[2 rows x 13 columns]
CHANNEL_0_3
        cbragg  cbragg_err   credchi  ...  cdelta_n            cL     timestamp
0  1546.197757    0.000106  0.000039  ...  0.000012  7.618094e+06  1.735029e+09
1  1546.203709    0.000105  0.000047  ...  0.000012  7.620625e+06  1.735029e+09

[2 rows x 13 columns]
CHANNEL_0_4
        cbragg  cbragg_err   credchi  ...  cdelta_n            cL     timestamp
0  1547.119654    0.000116  0.000050  ...  0.000012  7.858917e+06  1.735029e+09
1  1547.118149    0.000114  0.000049  ...  0.000012  7.849474e+06  1.735029e+09

[2 rows x 13 columns]
CHANNEL_0_5
        cbragg  cbragg_err   credchi  ...  cdelta_n            cL     timestamp
0  1548.093881    0.000128  0.000089  ...  0.000012  7.922193e+06  1.735029e+09
1  1548.094761    0.000143  0.000084  ...  0.000012  7.972359e+06  1.735029e+09

[2 rows x 13 columns]
CHANNEL_0_6
        cbragg  cbragg_err   credchi  ...  cdelta_n            cL     timestamp
0  1549.070711    0.000079  0.000024  ...  0.000012  7.535840e+06  1.735029e+09
1  1549.078157    0.000084  0.000046  ...  0.000012  7.472953e+06  1.735029e+09

[2 rows x 13 columns]
CHANNEL_0_7
        cbragg  cbragg_err   credchi  ...  cdelta_n            cL     timestamp
0  1550.076413    0.000125  0.000049  ...  0.000012  7.590211e+06  1.735029e+09
1  1550.075009    0.000152  0.000066  ...  0.000012  7.752437e+06  1.735029e+09

[2 rows x 13 columns]
CHANNEL_0_8
        cbragg  cbragg_err   credchi  ...  cdelta_n            cL     timestamp
0  1551.049616    0.000074  0.000017  ...  0.000012  7.605941e+06  1.735029e+09
1  1551.053298    0.000075  0.000018  ...  0.000012  7.609910e+06  1.735029e+09

[2 rows x 13 columns]
CHANNEL_0_9
        cbragg  cbragg_err   credchi  ...  cdelta_n            cL     timestamp
0  1552.030885    0.000094  0.000017  ...  0.000012  7.691048e+06  1.735029e+09
1  1552.037571    0.000092  0.000030  ...  0.000012  7.644645e+06  1.735029e+09

[2 rows x 13 columns]
CHANNEL_0_10
        cbragg  cbragg_err   credchi  ...  cdelta_n            cL     timestamp
0  1553.040891    0.000090  0.000021  ...  0.000012  7.693912e+06  1.735029e+09
1  1553.037785    0.000092  0.000016  ...  0.000012  7.750495e+06  1.735029e+09

[2 rows x 13 columns]
CHANNEL_0_11
        cbragg  cbragg_err   credchi  ...  cdelta_n            cL     timestamp
0  1554.045883    0.000074  0.000009  ...  0.000012  7.664896e+06  1.735029e+09
1  1554.052093    0.000072  0.000014  ...  0.000012  7.642674e+06  1.735029e+09

[2 rows x 13 columns]
CHANNEL_0_12
        cbragg  cbragg_err   credchi  ...  cdelta_n            cL     timestamp
0  1555.074251     0.00012  0.000052  ...  0.000012  7.480548e+06  1.735029e+09
1  1555.072254     0.00012  0.000046  ...  0.000012  7.503480e+06  1.735029e+09

[2 rows x 13 columns]
CHANNEL_0_13
        cbragg  cbragg_err   credchi  ...  cdelta_n            cL     timestamp
0  1556.046577    0.000144  0.000040  ...  0.000012  7.591022e+06  1.735029e+09
1  1556.051204    0.000138  0.000043  ...  0.000012  7.661442e+06  1.735029e+09

[2 rows x 13 columns]
CHANNEL_0_14
        cbragg  cbragg_err   credchi  ...  cdelta_n            cL     timestamp
0  1557.018739    0.000100  0.000028  ...  0.000012  7.661557e+06  1.735029e+09
1  1557.020256    0.000103  0.000039  ...  0.000012  7.598190e+06  1.735029e+09

[2 rows x 13 columns]
CHANNEL_1_1
        cbragg  cbragg_err   credchi  ...  cdelta_n            cL     timestamp
0  1556.188842     0.00007  0.000005  ...  0.000012  2.671445e+06  1.735029e+09
1  1556.188264     0.00050  0.000300  ...  0.000012  2.967357e+06  1.735029e+09

[2 rows x 13 columns]
CHANNEL_1_2
        cbragg  cbragg_err   credchi  ...  cdelta_n            cL     timestamp
0  1558.196293    0.001044  0.002716  ...  0.000012  3.504939e+06  1.735029e+09
1  1558.200114    0.000118  0.000021  ...  0.000012  2.806139e+06  1.735029e+09

[2 rows x 13 columns]
CHANNEL_1_3
        cbragg  cbragg_err   credchi  ...  cdelta_n            cL     timestamp
0  1561.016254    0.000058  0.000006  ...  0.000012  2.917915e+06  1.735029e+09
1  1561.012129    0.000046  0.000003  ...  0.000012  2.918986e+06  1.735029e+09

[2 rows x 13 columns]
CHANNEL_2_1
        cbragg  cbragg_err   credchi  ...  cdelta_n            cL     timestamp
0  1543.608318    0.000086  0.000007  ...  0.000012  2.767926e+06  1.735029e+09
1  1543.606755    0.000082  0.000006  ...  0.000012  2.768747e+06  1.735029e+09

[2 rows x 13 columns]
CHANNEL_2_2
        cbragg  cbragg_err   credchi  ...  cdelta_n            cL     timestamp
0  1545.920930    0.000257  0.000045  ...  0.000012  2.564714e+06  1.735029e+09
1  1545.922488    0.000143  0.000016  ...  0.000012  2.665738e+06  1.735029e+09

[2 rows x 13 columns]
CHANNEL_2_3
        cbragg  cbragg_err   credchi  ...  cdelta_n            cL     timestamp
0  1548.520837    0.001025  0.002023  ...  0.000012  3.664979e+06  1.735029e+09
1  1548.520661    0.000095  0.000010  ...  0.000012  2.884456e+06  1.735029e+09

[2 rows x 13 columns]
CHANNEL_3_1
        cbragg  cbragg_err   credchi  ...  cdelta_n            cL     timestamp
0  1544.147884    0.000114  0.000027  ...  0.000012  7.771193e+06  1.735029e+09
1  1544.142224    0.000138  0.000019  ...  0.000012  7.826625e+06  1.735029e+09

[2 rows x 13 columns]
CHANNEL_3_2
        cbragg  cbragg_err   credchi  ...  cdelta_n            cL     timestamp
0  1545.049697    0.000128  0.000024  ...  0.000012  7.887141e+06  1.735029e+09
1  1545.058809    0.000111  0.000040  ...  0.000012  7.818280e+06  1.735029e+09

[2 rows x 13 columns]
CHANNEL_3_3
        cbragg  cbragg_err   credchi  ...  cdelta_n            cL     timestamp
0  1545.802165    0.000105  0.000033  ...  0.000012  7.594504e+06  1.735029e+09
1  1545.799173    0.000111  0.000024  ...  0.000012  7.630749e+06  1.735029e+09

[2 rows x 13 columns]
CHANNEL_3_4
        cbragg  cbragg_err   credchi  ...  cdelta_n            cL     timestamp
0  1546.685645    0.000099  0.000017  ...  0.000012  7.784952e+06  1.735029e+09
1  1546.692397    0.000109  0.000035  ...  0.000012  7.787296e+06  1.735029e+09

[2 rows x 13 columns]
CHANNEL_3_5
        cbragg  cbragg_err   credchi  ...  cdelta_n            cL     timestamp
0  1547.708094    0.000077  0.000016  ...  0.000012  7.575167e+06  1.735029e+09
1  1547.709904    0.000113  0.000023  ...  0.000012  7.339094e+06  1.735029e+09

[2 rows x 13 columns]
CHANNEL_3_6
        cbragg  cbragg_err   credchi  ...  cdelta_n            cL     timestamp
0  1548.695791    0.000081  0.000015  ...  0.000012  7.765593e+06  1.735029e+09
1  1548.695293    0.000081  0.000016  ...  0.000012  7.743574e+06  1.735029e+09

[2 rows x 13 columns]
CHANNEL_3_7
        cbragg  cbragg_err   credchi  ...  cdelta_n            cL     timestamp
0  1549.711764    0.000089  0.000016  ...  0.000012  7.558937e+06  1.735029e+09
1  1549.717650    0.000090  0.000020  ...  0.000012  7.565269e+06  1.735029e+09

[2 rows x 13 columns]
CHANNEL_3_8
        cbragg  cbragg_err   credchi  ...  cdelta_n            cL     timestamp
0  1550.672985    0.000088  0.000016  ...  0.000012  7.650653e+06  1.735029e+09
1  1550.665895    0.000092  0.000014  ...  0.000012  7.677024e+06  1.735029e+09

[2 rows x 13 columns]
CHANNEL_3_9
        cbragg  cbragg_err   credchi  ...  cdelta_n            cL     timestamp
0  1551.663494    0.000094  0.000011  ...  0.000012  7.702470e+06  1.735029e+09
1  1551.668500    0.000093  0.000019  ...  0.000012  7.660797e+06  1.735029e+09

[2 rows x 13 columns]
CHANNEL_3_10
        cbragg  cbragg_err   credchi  ...  cdelta_n            cL     timestamp
0  1552.676850    0.000101  0.000020  ...  0.000012  7.741623e+06  1.735029e+09
1  1552.668896    0.000111  0.000014  ...  0.000012  7.800198e+06  1.735029e+09

[2 rows x 13 columns]
CHANNEL_3_11
        cbragg  cbragg_err   credchi  ...  cdelta_n            cL     timestamp
0  1553.638294    0.000134  0.000026  ...  0.000012  7.926978e+06  1.735029e+09
1  1553.641328    0.000132  0.000040  ...  0.000012  7.847377e+06  1.735029e+09

[2 rows x 13 columns]
CHANNEL_3_12
        cbragg  cbragg_err   credchi  ...  cdelta_n            cL     timestamp
0  1554.619431    0.000097  0.000021  ...  0.000012  7.780810e+06  1.735029e+09
1  1554.612478    0.000105  0.000014  ...  0.000012  7.950437e+06  1.735029e+09

[2 rows x 13 columns]
CHANNEL_3_13
        cbragg  cbragg_err   credchi  ...  cdelta_n            cL     timestamp
0  1555.621285    0.000092  0.000010  ...  0.000012  7.593971e+06  1.735029e+09
1  1555.626664    0.000087  0.000016  ...  0.000012  7.573458e+06  1.735029e+09

[2 rows x 13 columns]
CHANNEL_3_14
        cbragg  cbragg_err   credchi  ...  cdelta_n            cL     timestamp
0  1556.582046    0.000188  0.000077  ...  0.000012  7.718111e+06  1.735029e+09
1  1556.574117    0.000183  0.000047  ...  0.000012  7.775954e+06  1.735029e+09

[2 rows x 13 columns]
