CHANNEL_0_1
        cbragg  cbragg_err   credchi  ...  cdelta_n            cL     timestamp
0  1544.566926    0.000116  0.000056  ...  0.000012  7.694869e+06  1.736616e+09
1  1544.560412    0.000104  0.000046  ...  0.000012  7.682880e+06  1.736616e+09

[2 rows x 13 columns]
CHANNEL_0_2
        cbragg  cbragg_err   credchi  ...  cdelta_n            cL     timestamp
0  1545.326236    0.000090  0.000018  ...  0.000012  7.649544e+06  1.736616e+09
1  1545.328405    0.000091  0.000021  ...  0.000012  7.633252e+06  1.736616e+09

[2 rows x 13 columns]
CHANNEL_0_3
        cbragg  cbragg_err   credchi  ...  cdelta_n            cL     timestamp
0  1546.142837    0.000112  0.000061  ...  0.000012  7.654839e+06  1.736616e+09
1  1546.136308    0.000116  0.000041  ...  0.000012  7.631790e+06  1.736616e+09

[2 rows x 13 columns]
CHANNEL_0_4
        cbragg  cbragg_err   credchi  ...  cdelta_n            cL     timestamp
0  1547.132029    0.000117  0.000050  ...  0.000012  7.872465e+06  1.736616e+09
1  1547.134384    0.000123  0.000062  ...  0.000012  7.966868e+06  1.736616e+09

[2 rows x 13 columns]
CHANNEL_0_5
        cbragg  cbragg_err   credchi  ...  cdelta_n            cL     timestamp
0  1548.110356    0.000096  0.000042  ...  0.000012  7.693078e+06  1.736616e+09
1  1548.106533    0.000103  0.000051  ...  0.000012  7.838384e+06  1.736616e+09

[2 rows x 13 columns]
CHANNEL_0_6
        cbragg  cbragg_err   credchi  ...  cdelta_n            cL     timestamp
0  1549.091943    0.000085  0.000045  ...  0.000012  7.450272e+06  1.736616e+09
1  1549.086592    0.000081  0.000027  ...  0.000012  7.517781e+06  1.736616e+09

[2 rows x 13 columns]
CHANNEL_0_7
        cbragg  cbragg_err   credchi  ...  cdelta_n            cL     timestamp
0  1550.090761    0.000126  0.000046  ...  0.000012  7.603596e+06  1.736616e+09
1  1550.090719    0.000126  0.000052  ...  0.000012  7.577936e+06  1.736616e+09

[2 rows x 13 columns]
CHANNEL_0_8
        cbragg  cbragg_err   credchi  ...  cdelta_n            cL     timestamp
0  1551.071580    0.000075  0.000021  ...  0.000012  7.577867e+06  1.736616e+09
1  1551.066829    0.000078  0.000018  ...  0.000012  7.587367e+06  1.736616e+09

[2 rows x 13 columns]
CHANNEL_0_9
        cbragg  cbragg_err   credchi  ...  cdelta_n            cL     timestamp
0  1552.055427    0.000090  0.000028  ...  0.000012  7.651637e+06  1.736616e+09
1  1552.049078    0.000096  0.000019  ...  0.000012  7.680553e+06  1.736616e+09

[2 rows x 13 columns]
CHANNEL_0_10
        cbragg  cbragg_err   credchi  ...  cdelta_n            cL     timestamp
0  1553.057145    0.000096  0.000017  ...  0.000012  7.673516e+06  1.736616e+09
1  1553.058344    0.000092  0.000023  ...  0.000012  7.687044e+06  1.736616e+09

[2 rows x 13 columns]
CHANNEL_0_11
        cbragg  cbragg_err   credchi  ...  cdelta_n            cL     timestamp
0  1554.070040    0.000074  0.000016  ...  0.000012  7.585232e+06  1.736616e+09
1  1554.064613    0.000077  0.000010  ...  0.000012  7.658436e+06  1.736616e+09

[2 rows x 13 columns]
CHANNEL_0_12
        cbragg  cbragg_err   credchi  ...  cdelta_n            cL     timestamp
0  1555.091198    0.000120  0.000048  ...  0.000012  7.512357e+06  1.736616e+09
1  1555.092169    0.000118  0.000054  ...  0.000012  7.492662e+06  1.736616e+09

[2 rows x 13 columns]
CHANNEL_0_13
        cbragg  cbragg_err   credchi  ...  cdelta_n            cL     timestamp
0  1556.070045    0.000136  0.000050  ...  0.000012  7.683075e+06  1.736616e+09
1  1556.062300    0.000147  0.000035  ...  0.000012  7.680419e+06  1.736616e+09

[2 rows x 13 columns]
CHANNEL_0_14
        cbragg  cbragg_err   credchi  ...  cdelta_n            cL     timestamp
0  1557.038202    0.000102  0.000037  ...  0.000012  7.615782e+06  1.736616e+09
1  1557.036835    0.000101  0.000033  ...  0.000012  7.634480e+06  1.736616e+09

[2 rows x 13 columns]
CHANNEL_1_1
        cbragg  cbragg_err   credchi  ...  cdelta_n            cL     timestamp
0  1556.046125    0.000081  0.000006  ...  0.000012  2.660276e+06  1.736616e+09
1  1556.046044    0.000213  0.000036  ...  0.000012  2.568659e+06  1.736616e+09

[2 rows x 13 columns]
CHANNEL_1_2
        cbragg  cbragg_err   credchi  ...  cdelta_n            cL     timestamp
0  1558.240837    0.000431  0.000200  ...  0.000012  2.577637e+06  1.736616e+09
1  1558.242194    0.000583  0.000707  ...  0.000012  3.179322e+06  1.736616e+09

[2 rows x 13 columns]
CHANNEL_1_3
        cbragg  cbragg_err   credchi  ...  cdelta_n            cL     timestamp
0  1561.054155    0.000189  0.000052  ...  0.000012  2.817103e+06  1.736616e+09
1  1561.050423    0.000071  0.000008  ...  0.000012  2.882137e+06  1.736616e+09

[2 rows x 13 columns]
CHANNEL_2_1
        cbragg  cbragg_err   credchi  ...  cdelta_n            cL     timestamp
0  1543.464757    0.000065  0.000004  ...  0.000012  2.776206e+06  1.736616e+09
1  1543.463766    0.000065  0.000004  ...  0.000012  2.777236e+06  1.736616e+09

[2 rows x 13 columns]
CHANNEL_2_2
        cbragg  cbragg_err   credchi  ...  cdelta_n            cL     timestamp
0  1545.967977    0.000661  0.000559  ...  0.000012  3.123509e+06  1.736616e+09
1  1545.967951    0.000117  0.000012  ...  0.000012  2.728019e+06  1.736616e+09

[2 rows x 13 columns]
CHANNEL_2_3
        cbragg  cbragg_err   credchi  ...  cdelta_n            cL     timestamp
0  1548.566272    0.000109  0.000013  ...  0.000012  2.888853e+06  1.736616e+09
1  1548.564194    0.000377  0.000189  ...  0.000012  3.117909e+06  1.736616e+09

[2 rows x 13 columns]
CHANNEL_3_1
        cbragg  cbragg_err   credchi  ...  cdelta_n            cL     timestamp
0  1544.067302    0.000120  0.000024  ...  0.000012  7.737105e+06  1.736616e+09
1  1544.064240    0.000113  0.000025  ...  0.000012  7.755802e+06  1.736616e+09

[2 rows x 13 columns]
CHANNEL_3_2
        cbragg  cbragg_err   credchi  ...  cdelta_n            cL     timestamp
0  1544.906248    0.000119  0.000039  ...  0.000012  7.882606e+06  1.736616e+09
1  1544.892835    0.000120  0.000026  ...  0.000012  7.932344e+06  1.736616e+09

[2 rows x 13 columns]
CHANNEL_3_3
        cbragg  cbragg_err   credchi  ...  cdelta_n            cL     timestamp
0  1545.722868    0.000118  0.000033  ...  0.000012  7.612601e+06  1.736616e+09
1  1545.716833    0.000116  0.000035  ...  0.000012  7.593211e+06  1.736616e+09

[2 rows x 13 columns]
CHANNEL_3_4
        cbragg  cbragg_err   credchi  ...  cdelta_n            cL     timestamp
0  1546.698074    0.000098  0.000029  ...  0.000012  7.784052e+06  1.736616e+09
1  1546.685869    0.000094  0.000017  ...  0.000012  7.858947e+06  1.736616e+09

[2 rows x 13 columns]
CHANNEL_3_5
        cbragg  cbragg_err   credchi  ...  cdelta_n            cL     timestamp
0  1547.715642    0.000085  0.000015  ...  0.000012  7.625636e+06  1.736616e+09
1  1547.707507    0.000082  0.000017  ...  0.000012  7.623885e+06  1.736616e+09

[2 rows x 13 columns]
CHANNEL_3_6
        cbragg  cbragg_err   credchi  ...  cdelta_n            cL     timestamp
0  1548.702203    0.000081  0.000019  ...  0.000012  7.746468e+06  1.736616e+09
1  1548.693353    0.000084  0.000015  ...  0.000012  7.798386e+06  1.736616e+09

[2 rows x 13 columns]
CHANNEL_3_7
        cbragg  cbragg_err   credchi  ...  cdelta_n            cL     timestamp
0  1549.722599    0.000092  0.000021  ...  0.000012  7.601636e+06  1.736616e+09
1  1549.712303    0.000090  0.000018  ...  0.000012  7.610647e+06  1.736616e+09

[2 rows x 13 columns]
CHANNEL_3_8
        cbragg  cbragg_err   credchi  ...  cdelta_n            cL     timestamp
0  1550.674519    0.000098  0.000018  ...  0.000012  7.642156e+06  1.736616e+09
1  1550.672114    0.000097  0.000017  ...  0.000012  7.626276e+06  1.736616e+09

[2 rows x 13 columns]
CHANNEL_3_9
        cbragg  cbragg_err   credchi  ...  cdelta_n            cL     timestamp
0  1551.675469    0.000091  0.000018  ...  0.000012  7.703755e+06  1.736616e+09
1  1551.664147    0.000095  0.000013  ...  0.000012  7.772597e+06  1.736616e+09

[2 rows x 13 columns]
CHANNEL_3_10
        cbragg  cbragg_err   credchi  ...  cdelta_n            cL     timestamp
0  1552.677730    0.000278  0.000076  ...  0.000012  7.012715e+06  1.736616e+09
1  1552.677494    0.000109  0.000024  ...  0.000012  7.710374e+06  1.736616e+09

[2 rows x 13 columns]
CHANNEL_3_11
        cbragg  cbragg_err   credchi  ...  cdelta_n            cL     timestamp
0  1553.648628    0.000135  0.000045  ...  0.000012  7.864792e+06  1.736616e+09
1  1553.638735    0.000137  0.000028  ...  0.000012  7.958503e+06  1.736616e+09

[2 rows x 13 columns]
CHANNEL_3_12
        cbragg  cbragg_err   credchi  ...  cdelta_n            cL     timestamp
0  1554.622757    0.000109  0.000018  ...  0.000012  7.813437e+06  1.736616e+09
1  1554.620222    0.000104  0.000022  ...  0.000012  7.763976e+06  1.736616e+09

[2 rows x 13 columns]
CHANNEL_3_13
        cbragg  cbragg_err   credchi  ...  cdelta_n            cL     timestamp
0  1555.633610    0.000091  0.000018  ...  0.000012  7.608907e+06  1.736616e+09
1  1555.621508    0.000092  0.000011  ...  0.000012  7.666415e+06  1.736616e+09

[2 rows x 13 columns]
CHANNEL_3_14
        cbragg  cbragg_err   credchi  ...  cdelta_n            cL     timestamp
0  1556.584005    0.000194  0.000060  ...  0.000012  7.717472e+06  1.736616e+09
1  1556.582158    0.000197  0.000082  ...  0.000012  7.672696e+06  1.736616e+09

[2 rows x 13 columns]
