CHANNEL_0_1
        cbragg  cbragg_err   credchi  ...  cdelta_n            cL     timestamp
0  1544.631610    0.000188  0.000063  ...  0.000012  7.689392e+06  1.736458e+09
1  1544.623266    0.000161  0.000051  ...  0.000012  7.691282e+06  1.736458e+09

[2 rows x 13 columns]
CHANNEL_0_2
        cbragg  cbragg_err   credchi  ...  cdelta_n            cL     timestamp
0  1545.436676    0.000089  0.000020  ...  0.000012  7.690711e+06  1.736458e+09
1  1545.434695    0.000091  0.000019  ...  0.000012  7.689028e+06  1.736458e+09

[2 rows x 13 columns]
CHANNEL_0_3
        cbragg  cbragg_err   credchi  ...  cdelta_n            cL     timestamp
0  1546.143507    0.000112  0.000058  ...  0.000012  7.666528e+06  1.736458e+09
1  1546.134598    0.000109  0.000040  ...  0.000012  7.697234e+06  1.736458e+09

[2 rows x 13 columns]
CHANNEL_0_4
        cbragg  cbragg_err   credchi  ...  cdelta_n            cL     timestamp
0  1547.133733    0.000112  0.000052  ...  0.000012  7.893904e+06  1.736458e+09
1  1547.131676    0.000115  0.000049  ...  0.000012  7.863838e+06  1.736458e+09

[2 rows x 13 columns]
CHANNEL_0_5
        cbragg  cbragg_err   credchi  ...  cdelta_n            cL     timestamp
0  1548.110532    0.000098  0.000041  ...  0.000012  7.714788e+06  1.736458e+09
1  1548.105620    0.000091  0.000042  ...  0.000012  7.693709e+06  1.736458e+09

[2 rows x 13 columns]
CHANNEL_0_6
        cbragg  cbragg_err   credchi  ...  cdelta_n            cL     timestamp
0  1549.093530    0.000085  0.000048  ...  0.000012  7.486265e+06  1.736458e+09
1  1549.083593    0.000077  0.000024  ...  0.000012  7.633441e+06  1.736458e+09

[2 rows x 13 columns]
CHANNEL_0_7
        cbragg  cbragg_err   credchi  ...  cdelta_n            cL     timestamp
0  1550.091263    0.000128  0.000051  ...  0.000012  7.599488e+06  1.736458e+09
1  1550.089127    0.000130  0.000051  ...  0.000012  7.580219e+06  1.736458e+09

[2 rows x 13 columns]
CHANNEL_0_8
        cbragg  cbragg_err   credchi  ...  cdelta_n            cL     timestamp
0  1551.072483    0.000109  0.000044  ...  0.000012  7.858267e+06  1.736458e+09
1  1551.065645    0.000076  0.000018  ...  0.000012  7.597395e+06  1.736458e+09

[2 rows x 13 columns]
CHANNEL_0_9
        cbragg  cbragg_err   credchi  ...  cdelta_n            cL     timestamp
0  1552.056547    0.000090  0.000031  ...  0.000012  7.656242e+06  1.736458e+09
1  1552.047164    0.000094  0.000018  ...  0.000012  7.658410e+06  1.736458e+09

[2 rows x 13 columns]
CHANNEL_0_10
        cbragg  cbragg_err   credchi  ...  cdelta_n            cL     timestamp
0  1553.057786    0.000094  0.000018  ...  0.000012  7.733125e+06  1.736458e+09
1  1553.057546    0.000093  0.000022  ...  0.000012  7.685133e+06  1.736458e+09

[2 rows x 13 columns]
CHANNEL_0_11
        cbragg  cbragg_err   credchi  ...  cdelta_n            cL     timestamp
0  1554.071245    0.000073  0.000016  ...  0.000012  7.646026e+06  1.736458e+09
1  1554.062464    0.000077  0.000010  ...  0.000012  7.702013e+06  1.736458e+09

[2 rows x 13 columns]
CHANNEL_0_12
        cbragg  cbragg_err   credchi  ...  cdelta_n            cL     timestamp
0  1555.092266    0.000120  0.000051  ...  0.000012  7.499674e+06  1.736458e+09
1  1555.090804    0.000122  0.000054  ...  0.000012  7.487227e+06  1.736458e+09

[2 rows x 13 columns]
CHANNEL_0_13
        cbragg  cbragg_err   credchi  ...  cdelta_n            cL     timestamp
0  1556.070402    0.000139  0.000048  ...  0.000012  7.683586e+06  1.736458e+09
1  1556.062260    0.000142  0.000038  ...  0.000012  7.665897e+06  1.736458e+09

[2 rows x 13 columns]
CHANNEL_0_14
        cbragg  cbragg_err   credchi  ...  cdelta_n            cL     timestamp
0  1557.039437    0.000104  0.000041  ...  0.000012  7.608152e+06  1.736458e+09
1  1557.035222    0.000102  0.000032  ...  0.000012  7.647440e+06  1.736458e+09

[2 rows x 13 columns]
CHANNEL_1_1
        cbragg  cbragg_err   credchi  ...  cdelta_n            cL     timestamp
0  1556.167112    0.000091  0.000008  ...  0.000012  2.676229e+06  1.736458e+09
1  1556.165544    0.001439  0.004173  ...  0.000012  3.717288e+06  1.736458e+09

[2 rows x 13 columns]
CHANNEL_1_2
        cbragg  cbragg_err   credchi  ...  cdelta_n            cL     timestamp
0  1558.219036    0.000892  0.001938  ...  0.000012  3.421491e+06  1.736458e+09
1  1558.221554    0.000126  0.000023  ...  0.000012  2.757360e+06  1.736458e+09

[2 rows x 13 columns]
CHANNEL_1_3
        cbragg  cbragg_err  credchi  ...  cdelta_n            cL     timestamp
0  1561.036206    0.000242  0.00011  ...  0.000012  3.093430e+06  1.736458e+09
1  1561.032626    0.001129  0.00345  ...  0.000012  3.693455e+06  1.736458e+09

[2 rows x 13 columns]
CHANNEL_2_1
        cbragg  cbragg_err   credchi  ...  cdelta_n            cL     timestamp
0  1543.590468    0.000081  0.000005  ...  0.000012  2.776655e+06  1.736458e+09
1  1543.590954    0.000071  0.000005  ...  0.000012  2.774197e+06  1.736458e+09

[2 rows x 13 columns]
CHANNEL_2_2
        cbragg  cbragg_err   credchi  ...  cdelta_n            cL     timestamp
0  1545.948460    0.000261  0.000048  ...  0.000012  2.560919e+06  1.736458e+09
1  1545.946842    0.000274  0.000053  ...  0.000012  2.567833e+06  1.736458e+09

[2 rows x 13 columns]
CHANNEL_2_3
        cbragg  cbragg_err   credchi  ...  cdelta_n            cL     timestamp
0  1548.546176    0.000100  0.000011  ...  0.000012  2.857919e+06  1.736458e+09
1  1548.544940    0.000092  0.000009  ...  0.000012  2.876645e+06  1.736458e+09

[2 rows x 13 columns]
CHANNEL_3_1
        cbragg  cbragg_err   credchi  ...  cdelta_n            cL     timestamp
0  1544.131248    0.000125  0.000023  ...  0.000012  7.809775e+06  1.736458e+09
1  1544.134028    0.000113  0.000029  ...  0.000012  7.755786e+06  1.736458e+09

[2 rows x 13 columns]
CHANNEL_3_2
        cbragg  cbragg_err   credchi  ...  cdelta_n            cL     timestamp
0  1545.016607    0.000117  0.000044  ...  0.000012  7.823025e+06  1.736458e+09
1  1545.006769    0.000204  0.000025  ...  0.000012  7.900607e+06  1.736458e+09

[2 rows x 13 columns]
CHANNEL_3_3
        cbragg  cbragg_err   credchi  ...  cdelta_n            cL     timestamp
0  1545.724201    0.000123  0.000033  ...  0.000012  7.626021e+06  1.736458e+09
1  1545.721379    0.000117  0.000039  ...  0.000012  7.569349e+06  1.736458e+09

[2 rows x 13 columns]
CHANNEL_3_4
        cbragg  cbragg_err   credchi  ...  cdelta_n            cL     timestamp
0  1546.698370    0.000101  0.000029  ...  0.000012  7.729427e+06  1.736458e+09
1  1546.691912    0.000104  0.000021  ...  0.000012  7.777325e+06  1.736458e+09

[2 rows x 13 columns]
CHANNEL_3_5
        cbragg  cbragg_err   credchi  ...  cdelta_n            cL     timestamp
0  1547.718412    0.000083  0.000016  ...  0.000012  7.615918e+06  1.736458e+09
1  1547.710109    0.000081  0.000016  ...  0.000012  7.598348e+06  1.736458e+09

[2 rows x 13 columns]
CHANNEL_3_6
        cbragg  cbragg_err   credchi  ...  cdelta_n            cL     timestamp
0  1548.702186    0.000086  0.000018  ...  0.000012  7.746628e+06  1.736458e+09
1  1548.699500    0.000088  0.000019  ...  0.000012  7.730485e+06  1.736458e+09

[2 rows x 13 columns]
CHANNEL_3_7
        cbragg  cbragg_err   credchi  ...  cdelta_n            cL     timestamp
0  1549.725378    0.000093  0.000024  ...  0.000012  7.584451e+06  1.736458e+09
1  1549.714195    0.000091  0.000016  ...  0.000012  7.590205e+06  1.736458e+09

[2 rows x 13 columns]
CHANNEL_3_8
        cbragg  cbragg_err   credchi  ...  cdelta_n            cL     timestamp
0  1550.674883    0.000229  0.000073  ...  0.000012  7.041680e+06  1.736458e+09
1  1550.677050    0.000094  0.000019  ...  0.000012  7.623810e+06  1.736458e+09

[2 rows x 13 columns]
CHANNEL_3_9
        cbragg  cbragg_err   credchi  ...  cdelta_n            cL     timestamp
0  1551.677017    0.000094  0.000021  ...  0.000012  7.688431e+06  1.736458e+09
1  1551.667434    0.000097  0.000012  ...  0.000012  7.758641e+06  1.736458e+09

[2 rows x 13 columns]
CHANNEL_3_10
        cbragg  cbragg_err   credchi  ...  cdelta_n            cL     timestamp
0  1552.677994    0.000121  0.000017  ...  0.000012  7.761170e+06  1.736458e+09
1  1552.681771    0.000109  0.000025  ...  0.000012  7.700117e+06  1.736458e+09

[2 rows x 13 columns]
CHANNEL_3_11
        cbragg  cbragg_err   credchi  ...  cdelta_n            cL     timestamp
0  1553.648062    0.000138  0.000044  ...  0.000012  7.848880e+06  1.736458e+09
1  1553.645105    0.000141  0.000031  ...  0.000012  7.891660e+06  1.736458e+09

[2 rows x 13 columns]
CHANNEL_3_12
        cbragg  cbragg_err   credchi  ...  cdelta_n            cL     timestamp
0  1554.623517    0.000111  0.000018  ...  0.000012  7.814601e+06  1.736458e+09
1  1554.624417    0.000104  0.000024  ...  0.000012  7.757012e+06  1.736458e+09

[2 rows x 13 columns]
CHANNEL_3_13
        cbragg  cbragg_err   credchi  ...  cdelta_n            cL     timestamp
0  1555.633933    0.000095  0.000020  ...  0.000012  7.558674e+06  1.736458e+09
1  1555.627082    0.000095  0.000011  ...  0.000012  7.601673e+06  1.736458e+09

[2 rows x 13 columns]
CHANNEL_3_14
        cbragg  cbragg_err   credchi  ...  cdelta_n            cL     timestamp
0  1556.583962    0.000195  0.000054  ...  0.000012  7.727956e+06  1.736458e+09
1  1556.587149    0.000193  0.000087  ...  0.000012  7.652389e+06  1.736458e+09

[2 rows x 13 columns]
