CHANNEL_0_1
        cbragg  cbragg_err   credchi  ...  cdelta_n            cL     timestamp
0  1544.563899    0.000251  0.000056  ...  0.000012  7.699302e+06  1.736743e+09
1  1544.557674    0.000110  0.000047  ...  0.000012  7.686318e+06  1.736743e+09

[2 rows x 13 columns]
CHANNEL_0_2
        cbragg  cbragg_err   credchi  ...  cdelta_n            cL     timestamp
0  1545.298130    0.000094  0.000020  ...  0.000012  7.682624e+06  1.736743e+09
1  1545.299914    0.000088  0.000018  ...  0.000012  7.664888e+06  1.736743e+09

[2 rows x 13 columns]
CHANNEL_0_3
        cbragg  cbragg_err   credchi  ...  cdelta_n            cL     timestamp
0  1546.145748    0.000112  0.000059  ...  0.000012  7.642425e+06  1.736743e+09
1  1546.139082    0.000116  0.000041  ...  0.000012  7.634275e+06  1.736743e+09

[2 rows x 13 columns]
CHANNEL_0_4
        cbragg  cbragg_err   credchi  ...  cdelta_n            cL     timestamp
0  1547.135403    0.000119  0.000052  ...  0.000012  7.826796e+06  1.736743e+09
1  1547.137201    0.000120  0.000055  ...  0.000012  7.833333e+06  1.736743e+09

[2 rows x 13 columns]
CHANNEL_0_5
        cbragg  cbragg_err   credchi  ...  cdelta_n            cL     timestamp
0  1548.113918    0.000094  0.000039  ...  0.000012  7.648170e+06  1.736743e+09
1  1548.109694    0.000093  0.000039  ...  0.000012  7.663438e+06  1.736743e+09

[2 rows x 13 columns]
CHANNEL_0_6
        cbragg  cbragg_err   credchi  ...  cdelta_n            cL     timestamp
0  1549.095638    0.000086  0.000045  ...  0.000012  7.448916e+06  1.736743e+09
1  1549.089279    0.000085  0.000029  ...  0.000012  7.577770e+06  1.736743e+09

[2 rows x 13 columns]
CHANNEL_0_7
        cbragg  cbragg_err   credchi  ...  cdelta_n            cL     timestamp
0  1550.094306    0.000122  0.000044  ...  0.000012  7.643173e+06  1.736743e+09
1  1550.093269    0.000122  0.000047  ...  0.000012  7.632596e+06  1.736743e+09

[2 rows x 13 columns]
CHANNEL_0_8
        cbragg  cbragg_err   credchi  ...  cdelta_n            cL     timestamp
0  1551.071808    0.000099  0.000035  ...  0.000012  7.733160e+06  1.736743e+09
1  1551.066071    0.000075  0.000016  ...  0.000012  7.626769e+06  1.736743e+09

[2 rows x 13 columns]
CHANNEL_0_9
        cbragg  cbragg_err   credchi  ...  cdelta_n            cL     timestamp
0  1552.055767    0.000089  0.000028  ...  0.000012  7.670814e+06  1.736743e+09
1  1552.048070    0.000093  0.000017  ...  0.000012  7.733833e+06  1.736743e+09

[2 rows x 13 columns]
CHANNEL_0_10
        cbragg  cbragg_err   credchi  ...  cdelta_n            cL     timestamp
0  1553.057197    0.000101  0.000019  ...  0.000012  7.678737e+06  1.736743e+09
1  1553.057626    0.000096  0.000024  ...  0.000012  7.627017e+06  1.736743e+09

[2 rows x 13 columns]
CHANNEL_0_11
        cbragg  cbragg_err   credchi  ...  cdelta_n            cL     timestamp
0  1554.070406    0.000071  0.000014  ...  0.000012  7.615715e+06  1.736743e+09
1  1554.063276    0.000077  0.000009  ...  0.000012  7.646426e+06  1.736743e+09

[2 rows x 13 columns]
CHANNEL_0_12
        cbragg  cbragg_err   credchi  ...  cdelta_n            cL     timestamp
0  1555.091568    0.000116  0.000045  ...  0.000012  7.547073e+06  1.736743e+09
1  1555.091404    0.000116  0.000050  ...  0.000012  7.529574e+06  1.736743e+09

[2 rows x 13 columns]
CHANNEL_0_13
        cbragg  cbragg_err   credchi  ...  cdelta_n            cL     timestamp
0  1556.070203    0.000142  0.000053  ...  0.000012  7.689394e+06  1.736743e+09
1  1556.062132    0.000147  0.000036  ...  0.000012  7.691742e+06  1.736743e+09

[2 rows x 13 columns]
CHANNEL_0_14
        cbragg  cbragg_err   credchi  ...  cdelta_n            cL     timestamp
0  1557.038863    0.000097  0.000034  ...  0.000012  7.662386e+06  1.736743e+09
1  1557.036443    0.000096  0.000028  ...  0.000012  7.678066e+06  1.736743e+09

[2 rows x 13 columns]
CHANNEL_1_1
        cbragg  cbragg_err   credchi  ...  cdelta_n            cL     timestamp
0  1556.035715    0.001448  0.004525  ...  0.000012  3.727064e+06  1.736743e+09
1  1556.036952    0.001103  0.001997  ...  0.000012  3.397520e+06  1.736743e+09

[2 rows x 13 columns]
CHANNEL_1_2
        cbragg  cbragg_err   credchi  ...  cdelta_n            cL     timestamp
0  1558.240194    0.000117  0.000018  ...  0.000012  2.794287e+06  1.736743e+09
1  1558.242696    0.000124  0.000023  ...  0.000012  2.851242e+06  1.736743e+09

[2 rows x 13 columns]
CHANNEL_1_3
        cbragg  cbragg_err   credchi  ...  cdelta_n            cL     timestamp
0  1561.054011    0.000457  0.000421  ...  0.000012  3.217996e+06  1.736743e+09
1  1561.050699    0.000043  0.000003  ...  0.000012  2.935818e+06  1.736743e+09

[2 rows x 13 columns]
CHANNEL_2_1
        cbragg  cbragg_err   credchi  ...  cdelta_n            cL     timestamp
0  1543.461392    0.000078  0.000005  ...  0.000012  2.768623e+06  1.736743e+09
1  1543.460312    0.000085  0.000005  ...  0.000012  2.769044e+06  1.736743e+09

[2 rows x 13 columns]
CHANNEL_2_2
        cbragg  cbragg_err   credchi  ...  cdelta_n            cL     timestamp
0  1545.970983    0.000153  0.000018  ...  0.000012  2.651421e+06  1.736743e+09
1  1545.970700    0.000144  0.000017  ...  0.000012  2.660534e+06  1.736743e+09

[2 rows x 13 columns]
CHANNEL_2_3
        cbragg  cbragg_err   credchi  ...  cdelta_n            cL     timestamp
0  1548.566280    0.000115  0.000014  ...  0.000012  2.887638e+06  1.736743e+09
1  1548.563305    0.000093  0.000009  ...  0.000012  2.885016e+06  1.736743e+09

[2 rows x 13 columns]
CHANNEL_3_1
        cbragg  cbragg_err   credchi  ...  cdelta_n            cL     timestamp
0  1544.061121    0.000219  0.000023  ...  0.000012  7.765332e+06  1.736743e+09
1  1544.056077    0.000194  0.000024  ...  0.000012  7.759183e+06  1.736743e+09

[2 rows x 13 columns]
CHANNEL_3_2
        cbragg  cbragg_err   credchi  ...  cdelta_n            cL     timestamp
0  1544.874096    0.000195  0.000037  ...  0.000012  7.891682e+06  1.736743e+09
1  1544.860424    0.000109  0.000025  ...  0.000012  7.950886e+06  1.736743e+09

[2 rows x 13 columns]
CHANNEL_3_3
        cbragg  cbragg_err   credchi  ...  cdelta_n            cL     timestamp
0  1545.722931    0.000113  0.000030  ...  0.000012  7.618490e+06  1.736743e+09
1  1545.715639    0.000112  0.000031  ...  0.000012  7.594960e+06  1.736743e+09

[2 rows x 13 columns]
CHANNEL_3_4
        cbragg  cbragg_err   credchi  ...  cdelta_n            cL     timestamp
0  1546.697832    0.000100  0.000029  ...  0.000012  7.786465e+06  1.736743e+09
1  1546.684986    0.000096  0.000017  ...  0.000012  7.841612e+06  1.736743e+09

[2 rows x 13 columns]
CHANNEL_3_5
        cbragg  cbragg_err   credchi  ...  cdelta_n            cL     timestamp
0  1547.715477    0.000083  0.000015  ...  0.000012  7.636894e+06  1.736743e+09
1  1547.706783    0.000080  0.000016  ...  0.000012  7.624829e+06  1.736743e+09

[2 rows x 13 columns]
CHANNEL_3_6
        cbragg  cbragg_err   credchi  ...  cdelta_n            cL     timestamp
0  1548.702371    0.000081  0.000019  ...  0.000012  7.775300e+06  1.736743e+09
1  1548.692302    0.000082  0.000014  ...  0.000012  7.832922e+06  1.736743e+09

[2 rows x 13 columns]
CHANNEL_3_7
        cbragg  cbragg_err   credchi  ...  cdelta_n            cL     timestamp
0  1549.722232    0.000090  0.000019  ...  0.000012  7.611430e+06  1.736743e+09
1  1549.711540    0.000089  0.000017  ...  0.000012  7.599330e+06  1.736743e+09

[2 rows x 13 columns]
CHANNEL_3_8
        cbragg  cbragg_err   credchi  ...  cdelta_n            cL     timestamp
0  1550.672227    0.000099  0.000019  ...  0.000012  7.662558e+06  1.736743e+09
1  1550.667807    0.000095  0.000015  ...  0.000012  7.633300e+06  1.736743e+09

[2 rows x 13 columns]
CHANNEL_3_9
        cbragg  cbragg_err   credchi  ...  cdelta_n            cL     timestamp
0  1551.672436    0.000095  0.000019  ...  0.000012  7.728023e+06  1.736743e+09
1  1551.660401    0.000092  0.000012  ...  0.000012  7.721592e+06  1.736743e+09

[2 rows x 13 columns]
CHANNEL_3_10
        cbragg  cbragg_err   credchi  ...  cdelta_n            cL     timestamp
0  1552.675389    0.000118  0.000016  ...  0.000012  7.714188e+06  1.736743e+09
1  1552.673320    0.000108  0.000022  ...  0.000012  7.710516e+06  1.736743e+09

[2 rows x 13 columns]
CHANNEL_3_11
        cbragg  cbragg_err   credchi  ...  cdelta_n            cL     timestamp
0  1553.645964    0.000133  0.000043  ...  0.000012  7.912818e+06  1.736743e+09
1  1553.634499    0.000129  0.000025  ...  0.000012  8.006893e+06  1.736743e+09

[2 rows x 13 columns]
CHANNEL_3_12
        cbragg  cbragg_err   credchi  ...  cdelta_n            cL     timestamp
0  1554.620286    0.000107  0.000018  ...  0.000012  7.824206e+06  1.736743e+09
1  1554.615837    0.000173  0.000053  ...  0.000012  7.351718e+06  1.736743e+09

[2 rows x 13 columns]
CHANNEL_3_13
        cbragg  cbragg_err   credchi  ...  cdelta_n            cL     timestamp
0  1555.630471    0.000086  0.000016  ...  0.000012  7.630107e+06  1.736743e+09
1  1555.617572    0.000089  0.000010  ...  0.000012  7.682965e+06  1.736743e+09

[2 rows x 13 columns]
CHANNEL_3_14
        cbragg  cbragg_err   credchi  ...  cdelta_n            cL     timestamp
0  1556.581599     0.00019  0.000058  ...  0.000012  7.729217e+06  1.736743e+09
1  1556.577954     0.00019  0.000071  ...  0.000012  7.702021e+06  1.736743e+09

[2 rows x 13 columns]
