CHANNEL_0_1
        cbragg  cbragg_err   credchi  ...  cdelta_n            cL     timestamp
0  1544.608398    0.000406  0.000047  ...  0.000012  7.708030e+06  1.736156e+09
1  1544.616955    0.000142  0.000057  ...  0.000012  7.694905e+06  1.736156e+09

[2 rows x 13 columns]
CHANNEL_0_2
       cbragg  cbragg_err   credchi  ...  cdelta_n            cL     timestamp
0  1545.42845    0.000085  0.000017  ...  0.000012  7.706590e+06  1.736156e+09
1  1545.43081    0.000086  0.000019  ...  0.000012  7.651296e+06  1.736156e+09

[2 rows x 13 columns]
CHANNEL_0_3
        cbragg  cbragg_err   credchi  ...  cdelta_n            cL     timestamp
0  1546.123002    0.000110  0.000040  ...  0.000012  7.697506e+06  1.736156e+09
1  1546.132327    0.000107  0.000053  ...  0.000012  7.684470e+06  1.736156e+09

[2 rows x 13 columns]
CHANNEL_0_4
        cbragg  cbragg_err   credchi  ...  cdelta_n            cL     timestamp
0  1547.120168    0.000114  0.000047  ...  0.000012  7.864499e+06  1.736156e+09
1  1547.122798    0.000109  0.000050  ...  0.000012  7.871882e+06  1.736156e+09

[2 rows x 13 columns]
CHANNEL_0_5
        cbragg  cbragg_err   credchi  ...  cdelta_n            cL     timestamp
0  1548.094110    0.000086  0.000038  ...  0.000012  7.728678e+06  1.736156e+09
1  1548.099342    0.000095  0.000039  ...  0.000012  7.738707e+06  1.736156e+09

[2 rows x 13 columns]
CHANNEL_0_6
        cbragg  cbragg_err   credchi  ...  cdelta_n            cL     timestamp
0  1549.071864    0.000087  0.000032  ...  0.000012  7.728938e+06  1.736156e+09
1  1549.082242    0.000081  0.000044  ...  0.000012  7.497140e+06  1.736156e+09

[2 rows x 13 columns]
CHANNEL_0_7
        cbragg  cbragg_err   credchi  ...  cdelta_n            cL     timestamp
0  1550.077237    0.000140  0.000059  ...  0.000012  7.709288e+06  1.736156e+09
1  1550.079925    0.000128  0.000052  ...  0.000012  7.603442e+06  1.736156e+09

[2 rows x 13 columns]
CHANNEL_0_8
        cbragg  cbragg_err   credchi  ...  cdelta_n            cL     timestamp
0  1551.052613    0.000073  0.000017  ...  0.000012  7.602956e+06  1.736156e+09
1  1551.059952    0.000075  0.000020  ...  0.000012  7.610252e+06  1.736156e+09

[2 rows x 13 columns]
CHANNEL_0_9
        cbragg  cbragg_err   credchi  ...  cdelta_n            cL     timestamp
0  1552.034025    0.000092  0.000017  ...  0.000012  7.721331e+06  1.736156e+09
1  1552.043930    0.000092  0.000032  ...  0.000012  7.656074e+06  1.736156e+09

[2 rows x 13 columns]
CHANNEL_0_10
        cbragg  cbragg_err   credchi  ...  cdelta_n            cL     timestamp
0  1553.044545    0.000088  0.000020  ...  0.000012  7.686254e+06  1.736156e+09
1  1553.045415    0.000087  0.000016  ...  0.000012  7.731754e+06  1.736156e+09

[2 rows x 13 columns]
CHANNEL_0_11
        cbragg  cbragg_err   credchi  ...  cdelta_n            cL     timestamp
0  1554.049233    0.000072  0.000009  ...  0.000012  7.713688e+06  1.736156e+09
1  1554.058698    0.000070  0.000015  ...  0.000012  7.672688e+06  1.736156e+09

[2 rows x 13 columns]
CHANNEL_0_12
        cbragg  cbragg_err   credchi  ...  cdelta_n            cL     timestamp
0  1555.077505    0.000124  0.000055  ...  0.000012  7.455595e+06  1.736156e+09
1  1555.079830    0.000122  0.000054  ...  0.000012  7.498003e+06  1.736156e+09

[2 rows x 13 columns]
CHANNEL_0_13
        cbragg  cbragg_err   credchi  ...  cdelta_n            cL     timestamp
0  1556.049155    0.000142  0.000037  ...  0.000012  7.677820e+06  1.736156e+09
1  1556.057893    0.000138  0.000047  ...  0.000012  7.668517e+06  1.736156e+09

[2 rows x 13 columns]
CHANNEL_0_14
        cbragg  cbragg_err   credchi  ...  cdelta_n            cL     timestamp
0  1557.022063    0.000130  0.000053  ...  0.000012  7.864381e+06  1.736156e+09
1  1557.026831    0.000104  0.000042  ...  0.000012  7.614896e+06  1.736156e+09

[2 rows x 13 columns]
CHANNEL_1_1
        cbragg  cbragg_err   credchi  ...  cdelta_n            cL     timestamp
0  1556.149552    0.001177  0.002875  ...  0.000012  3.543745e+06  1.736156e+09
1  1556.149192    0.000567  0.000204  ...  0.000012  2.394660e+06  1.736156e+09

[2 rows x 13 columns]
CHANNEL_1_2
        cbragg  cbragg_err   credchi  ...  cdelta_n            cL     timestamp
0  1558.204733    0.000130  0.000024  ...  0.000012  2.773621e+06  1.736156e+09
1  1558.207385    0.000181  0.000045  ...  0.000012  2.713484e+06  1.736156e+09

[2 rows x 13 columns]
CHANNEL_1_3
        cbragg  cbragg_err   credchi  ...  cdelta_n            cL     timestamp
0  1561.022404    0.000043  0.000003  ...  0.000012  2.935672e+06  1.736156e+09
1  1561.018838    0.000053  0.000005  ...  0.000012  2.937821e+06  1.736156e+09

[2 rows x 13 columns]
CHANNEL_2_1
        cbragg  cbragg_err   credchi  ...  cdelta_n            cL     timestamp
0  1543.585302    0.013320  0.004766  ...  0.000012  1.120078e+06  1.736156e+09
1  1543.569156    0.000065  0.000005  ...  0.000012  2.779379e+06  1.736156e+09

[2 rows x 13 columns]
CHANNEL_2_2
        cbragg  cbragg_err   credchi  ...  cdelta_n            cL     timestamp
0  1545.931264    0.000621  0.000470  ...  0.000012  3.061940e+06  1.736156e+09
1  1545.933756    0.000134  0.000015  ...  0.000012  2.655487e+06  1.736156e+09

[2 rows x 13 columns]
CHANNEL_2_3
        cbragg  cbragg_err   credchi  ...  cdelta_n            cL     timestamp
0  1548.533119    0.000941  0.001679  ...  0.000012  3.583509e+06  1.736156e+09
1  1548.535098    0.000946  0.001768  ...  0.000012  3.631220e+06  1.736156e+09

[2 rows x 13 columns]
CHANNEL_3_1
        cbragg  cbragg_err   credchi  ...  cdelta_n            cL     timestamp
0  1544.119617    0.000111  0.000028  ...  0.000012  7.765313e+06  1.736156e+09
1  1544.118321    0.000122  0.000021  ...  0.000012  7.790342e+06  1.736156e+09

[2 rows x 13 columns]
CHANNEL_3_2
        cbragg  cbragg_err   credchi  ...  cdelta_n            cL     timestamp
0  1545.001067    0.000109  0.000022  ...  0.000012  7.924466e+06  1.736156e+09
1  1545.011648    0.000110  0.000038  ...  0.000012  7.847640e+06  1.736156e+09

[2 rows x 13 columns]
CHANNEL_3_3
        cbragg  cbragg_err   credchi  ...  cdelta_n            cL     timestamp
0  1545.708848    0.000110  0.000034  ...  0.000012  7.584810e+06  1.736156e+09
1  1545.713081    0.000113  0.000028  ...  0.000012  7.626884e+06  1.736156e+09

[2 rows x 13 columns]
CHANNEL_3_4
        cbragg  cbragg_err   credchi  ...  cdelta_n            cL     timestamp
0  1546.679820    0.000093  0.000017  ...  0.000012  7.799280e+06  1.736156e+09
1  1546.687152    0.000093  0.000025  ...  0.000012  7.732737e+06  1.736156e+09

[2 rows x 13 columns]
CHANNEL_3_5
        cbragg  cbragg_err   credchi  ...  cdelta_n            cL     timestamp
0  1547.697816    0.000078  0.000014  ...  0.000012  7.610331e+06  1.736156e+09
1  1547.706829    0.000081  0.000015  ...  0.000012  7.622483e+06  1.736156e+09

[2 rows x 13 columns]
CHANNEL_3_6
        cbragg  cbragg_err   credchi  ...  cdelta_n            cL     timestamp
0  1548.686798    0.000086  0.000018  ...  0.000012  7.738577e+06  1.736156e+09
1  1548.690829    0.000084  0.000017  ...  0.000012  7.747869e+06  1.736156e+09

[2 rows x 13 columns]
CHANNEL_3_7
        cbragg  cbragg_err   credchi  ...  cdelta_n            cL     timestamp
0  1549.701957    0.000082  0.000013  ...  0.000012  7.655955e+06  1.736156e+09
1  1549.713891    0.000084  0.000020  ...  0.000012  7.610400e+06  1.736156e+09

[2 rows x 13 columns]
CHANNEL_3_8
        cbragg  cbragg_err   credchi  ...  cdelta_n            cL     timestamp
0  1550.663727    0.000089  0.000016  ...  0.000012  7.618516e+06  1.736156e+09
1  1550.662882    0.000094  0.000015  ...  0.000012  7.644750e+06  1.736156e+09

[2 rows x 13 columns]
CHANNEL_3_9
        cbragg  cbragg_err   credchi  ...  cdelta_n            cL     timestamp
0  1551.654250    0.000088  0.000010  ...  0.000012  7.790792e+06  1.736156e+09
1  1551.664913    0.000105  0.000025  ...  0.000012  7.528749e+06  1.736156e+09

[2 rows x 13 columns]
CHANNEL_3_10
        cbragg  cbragg_err   credchi  ...  cdelta_n            cL     timestamp
0  1552.668321    0.000103  0.000022  ...  0.000012  7.682104e+06  1.736156e+09
1  1552.665959    0.000112  0.000014  ...  0.000012  7.762483e+06  1.736156e+09

[2 rows x 13 columns]
CHANNEL_3_11
        cbragg  cbragg_err   credchi  ...  cdelta_n            cL     timestamp
0  1553.631583    0.000134  0.000029  ...  0.000012  7.941663e+06  1.736156e+09
1  1553.635718    0.000130  0.000040  ...  0.000012  7.880322e+06  1.736156e+09

[2 rows x 13 columns]
CHANNEL_3_12
        cbragg  cbragg_err   credchi  ...  cdelta_n            cL     timestamp
0  1554.610946    0.000099  0.000021  ...  0.000012  7.753135e+06  1.736156e+09
1  1554.611339    0.000102  0.000015  ...  0.000012  7.827191e+06  1.736156e+09

[2 rows x 13 columns]
CHANNEL_3_13
        cbragg  cbragg_err   credchi  ...  cdelta_n            cL     timestamp
0  1555.613522    0.000090  0.000010  ...  0.000012  7.620107e+06  1.736156e+09
1  1555.621636    0.000092  0.000019  ...  0.000012  7.553223e+06  1.736156e+09

[2 rows x 13 columns]
CHANNEL_3_14
        cbragg  cbragg_err   credchi  ...  cdelta_n            cL     timestamp
0  1556.573518    0.000193  0.000086  ...  0.000012  7.691953e+06  1.736156e+09
1  1556.571756    0.000191  0.000053  ...  0.000012  7.748040e+06  1.736156e+09

[2 rows x 13 columns]
