000 (11451992.278.000) 01/28 14:31:49 Job submitted from host: <188.185.114.121:9618?addrs=188.185.114.121-9618+[2001-1458-d00-a--100-273]-9618&alias=bigbird19.cern.ch&noUDP&sock=schedd_2045_4743>
...
040 (11451992.278.000) 01/28 14:41:07 Started transferring input files
	Transferring to host: <188.185.198.8:9618?addrs=188.185.198.8-9618+[2001-1458-303-25--100-4]-9618&alias=b9p15p0417.cern.ch&noUDP&sock=slot1_42_1986952_2e98_25309>
...
040 (11451992.278.000) 01/28 14:41:07 Finished transferring input files
...
001 (11451992.278.000) 01/28 14:41:08 Job executing on host: <188.185.198.8:9618?addrs=188.185.198.8-9618+[2001-1458-303-25--100-4]-9618&alias=b9p15p0417.cern.ch&noUDP&sock=startd_9684_ff3b>
	SlotName: slot1_42@b9p15p0417.cern.ch
	CondorScratchDir = "/pool/condor/dir_2847550"
	Cpus = 1
	Disk = 3898
	GPUs = 0
	Memory = 3000
...
006 (11451992.278.000) 01/28 14:41:16 Image size of job updated: 79280
	78  -  MemoryUsage of job (MB)
	79280  -  ResidentSetSize of job (KB)
...
006 (11451992.278.000) 01/28 14:46:16 Image size of job updated: 86480
	85  -  MemoryUsage of job (MB)
	86480  -  ResidentSetSize of job (KB)
...
006 (11451992.278.000) 01/28 14:51:16 Image size of job updated: 89412
	88  -  MemoryUsage of job (MB)
	89412  -  ResidentSetSize of job (KB)
...
006 (11451992.278.000) 01/28 14:56:17 Image size of job updated: 91928
	90  -  MemoryUsage of job (MB)
	91928  -  ResidentSetSize of job (KB)
...
006 (11451992.278.000) 01/28 15:01:18 Image size of job updated: 94396
	93  -  MemoryUsage of job (MB)
	94396  -  ResidentSetSize of job (KB)
...
006 (11451992.278.000) 01/28 15:06:18 Image size of job updated: 97524
	96  -  MemoryUsage of job (MB)
	97524  -  ResidentSetSize of job (KB)
...
006 (11451992.278.000) 01/28 15:11:19 Image size of job updated: 100164
	98  -  MemoryUsage of job (MB)
	100164  -  ResidentSetSize of job (KB)
...
006 (11451992.278.000) 01/28 15:16:20 Image size of job updated: 103880
	102  -  MemoryUsage of job (MB)
	103880  -  ResidentSetSize of job (KB)
...
006 (11451992.278.000) 01/28 15:21:20 Image size of job updated: 106852
	105  -  MemoryUsage of job (MB)
	106852  -  ResidentSetSize of job (KB)
...
006 (11451992.278.000) 01/28 15:26:20 Image size of job updated: 110144
	108  -  MemoryUsage of job (MB)
	110144  -  ResidentSetSize of job (KB)
...
006 (11451992.278.000) 01/28 15:31:21 Image size of job updated: 112844
	111  -  MemoryUsage of job (MB)
	112844  -  ResidentSetSize of job (KB)
...
006 (11451992.278.000) 01/28 15:36:21 Image size of job updated: 115760
	114  -  MemoryUsage of job (MB)
	115760  -  ResidentSetSize of job (KB)
...
006 (11451992.278.000) 01/28 15:41:21 Image size of job updated: 119084
	117  -  MemoryUsage of job (MB)
	119084  -  ResidentSetSize of job (KB)
...
006 (11451992.278.000) 01/28 15:46:22 Image size of job updated: 122444
	120  -  MemoryUsage of job (MB)
	122444  -  ResidentSetSize of job (KB)
...
006 (11451992.278.000) 01/28 15:51:23 Image size of job updated: 129036
	127  -  MemoryUsage of job (MB)
	129036  -  ResidentSetSize of job (KB)
...
006 (11451992.278.000) 01/28 15:56:23 Image size of job updated: 136480
	134  -  MemoryUsage of job (MB)
	136480  -  ResidentSetSize of job (KB)
...
006 (11451992.278.000) 01/28 16:01:24 Image size of job updated: 140924
	138  -  MemoryUsage of job (MB)
	140924  -  ResidentSetSize of job (KB)
...
006 (11451992.278.000) 01/28 16:06:25 Image size of job updated: 142128
	139  -  MemoryUsage of job (MB)
	142128  -  ResidentSetSize of job (KB)
...
006 (11451992.278.000) 01/28 16:11:25 Image size of job updated: 144788
	142  -  MemoryUsage of job (MB)
	144788  -  ResidentSetSize of job (KB)
...
006 (11451992.278.000) 01/28 16:16:25 Image size of job updated: 146936
	144  -  MemoryUsage of job (MB)
	146936  -  ResidentSetSize of job (KB)
...
006 (11451992.278.000) 01/28 16:21:26 Image size of job updated: 151544
	148  -  MemoryUsage of job (MB)
	151544  -  ResidentSetSize of job (KB)
...
006 (11451992.278.000) 01/28 16:26:26 Image size of job updated: 155700
	153  -  MemoryUsage of job (MB)
	155700  -  ResidentSetSize of job (KB)
...
006 (11451992.278.000) 01/28 16:31:26 Image size of job updated: 158960
	156  -  MemoryUsage of job (MB)
	158960  -  ResidentSetSize of job (KB)
...
006 (11451992.278.000) 01/28 16:36:27 Image size of job updated: 161676
	158  -  MemoryUsage of job (MB)
	161676  -  ResidentSetSize of job (KB)
...
006 (11451992.278.000) 01/28 17:11:32 Image size of job updated: 162020
	159  -  MemoryUsage of job (MB)
	162020  -  ResidentSetSize of job (KB)
...
006 (11451992.278.000) 01/28 17:16:32 Image size of job updated: 167104
	164  -  MemoryUsage of job (MB)
	167104  -  ResidentSetSize of job (KB)
...
006 (11451992.278.000) 01/28 17:21:32 Image size of job updated: 171448
	168  -  MemoryUsage of job (MB)
	171448  -  ResidentSetSize of job (KB)
...
006 (11451992.278.000) 01/28 17:26:33 Image size of job updated: 175232
	172  -  MemoryUsage of job (MB)
	175232  -  ResidentSetSize of job (KB)
...
006 (11451992.278.000) 01/28 17:31:33 Image size of job updated: 180752
	177  -  MemoryUsage of job (MB)
	180752  -  ResidentSetSize of job (KB)
...
006 (11451992.278.000) 01/28 17:36:33 Image size of job updated: 184436
	181  -  MemoryUsage of job (MB)
	184436  -  ResidentSetSize of job (KB)
...
040 (11451992.278.000) 01/28 17:40:28 Started transferring output files
...
040 (11451992.278.000) 01/28 17:40:28 Finished transferring output files
...
005 (11451992.278.000) 01/28 17:40:28 Job terminated.
	(1) Normal termination (return value 0)
		Usr 0 02:39:09, Sys 0 00:00:27  -  Run Remote Usage
		Usr 0 00:00:00, Sys 0 00:00:00  -  Run Local Usage
		Usr 0 02:39:09, Sys 0 00:00:27  -  Total Remote Usage
		Usr 0 00:00:00, Sys 0 00:00:00  -  Total Local Usage
	40692  -  Run Bytes Sent By Job
	5797  -  Run Bytes Received By Job
	40692  -  Total Bytes Sent By Job
	5797  -  Total Bytes Received By Job
	Partitionable Resources :    Usage  Request Allocated 
	   Cpus                 :     0.98        1         1 
	   Disk (KB)            :    68          10      3898 
	   GPUs                 :                           0 
	   Memory (MB)          :   181        3000      3000 

	Job terminated of its own accord at 2025-01-28T16:40:28Z with exit-code 0.
...
