CHANNEL_0_1
           cbragg  cbragg_err   credchi  ...  cdelta_n            cL     timestamp
0     1544.608277    0.000114  0.000045  ...  0.000012  7.710692e+06  1.736141e+09
1     1544.616700    0.000103  0.000058  ...  0.000012  7.703933e+06  1.736141e+09
2     1544.608297    0.000145  0.000048  ...  0.000012  7.708428e+06  1.736141e+09
3     1544.616730    0.000122  0.000058  ...  0.000012  7.699367e+06  1.736141e+09
4     1544.608326    0.000106  0.000048  ...  0.000012  7.705886e+06  1.736141e+09
...           ...         ...       ...  ...       ...           ...           ...
1587  1544.616981    0.000350  0.000056  ...  0.000012  7.703036e+06  1.736156e+09
1588  1544.608513    0.000101  0.000048  ...  0.000012  7.712840e+06  1.736156e+09
1589  1544.616980    0.000102  0.000056  ...  0.000012  7.701554e+06  1.736156e+09
1590  1544.608445    0.000106  0.000048  ...  0.000012  7.704587e+06  1.736156e+09
1591  1544.616823    0.000127  0.000057  ...  0.000012  7.696640e+06  1.736156e+09

[1592 rows x 13 columns]
CHANNEL_0_2
           cbragg  cbragg_err   credchi  ...  cdelta_n            cL     timestamp
0     1545.428193    0.000086  0.000017  ...  0.000012  7.709069e+06  1.736141e+09
1     1545.430485    0.000085  0.000018  ...  0.000012  7.701064e+06  1.736141e+09
2     1545.428288    0.000086  0.000017  ...  0.000012  7.642878e+06  1.736141e+09
3     1545.430600    0.000085  0.000019  ...  0.000012  7.651824e+06  1.736141e+09
4     1545.428307    0.000089  0.000018  ...  0.000012  7.688722e+06  1.736141e+09
...           ...         ...       ...  ...       ...           ...           ...
1587  1545.430619    0.000088  0.000020  ...  0.000012  7.643796e+06  1.736156e+09
1588  1545.428369    0.000088  0.000018  ...  0.000012  7.698259e+06  1.736156e+09
1589  1545.430613    0.000087  0.000020  ...  0.000012  7.686201e+06  1.736156e+09
1590  1545.428169    0.000087  0.000017  ...  0.000012  7.675133e+06  1.736156e+09
1591  1545.430655    0.000086  0.000019  ...  0.000012  7.661196e+06  1.736156e+09

[1592 rows x 13 columns]
CHANNEL_0_3
           cbragg  cbragg_err   credchi  ...  cdelta_n            cL     timestamp
0     1546.122433    0.000106  0.000037  ...  0.000012  7.696667e+06  1.736141e+09
1     1546.131696    0.000113  0.000059  ...  0.000012  7.741702e+06  1.736141e+09
2     1546.122652    0.000110  0.000041  ...  0.000012  7.684468e+06  1.736141e+09
3     1546.131692    0.000109  0.000055  ...  0.000012  7.666920e+06  1.736141e+09
4     1546.122385    0.000123  0.000052  ...  0.000012  7.866988e+06  1.736141e+09
...           ...         ...       ...  ...       ...           ...           ...
1587  1546.132298    0.000108  0.000054  ...  0.000012  7.681048e+06  1.736156e+09
1588  1546.123020    0.000108  0.000039  ...  0.000012  7.674886e+06  1.736156e+09
1589  1546.131968    0.000110  0.000056  ...  0.000012  7.682334e+06  1.736156e+09
1590  1546.123117    0.000111  0.000041  ...  0.000012  7.700344e+06  1.736156e+09
1591  1546.132355    0.000109  0.000055  ...  0.000012  7.674594e+06  1.736156e+09

[1592 rows x 13 columns]
CHANNEL_0_4
           cbragg  cbragg_err   credchi  ...  cdelta_n            cL     timestamp
0     1547.119593    0.000113  0.000046  ...  0.000012  7.873760e+06  1.736141e+09
1     1547.122155    0.000116  0.000056  ...  0.000012  7.956012e+06  1.736141e+09
2     1547.119631    0.000114  0.000047  ...  0.000012  7.867203e+06  1.736141e+09
3     1547.122255    0.000109  0.000050  ...  0.000012  7.869135e+06  1.736141e+09
4     1547.119647    0.000114  0.000047  ...  0.000012  7.854537e+06  1.736141e+09
...           ...         ...       ...  ...       ...           ...           ...
1587  1547.122711    0.000111  0.000051  ...  0.000012  7.869000e+06  1.736156e+09
1588  1547.119970    0.000115  0.000048  ...  0.000012  7.861312e+06  1.736156e+09
1589  1547.122715    0.000110  0.000051  ...  0.000012  7.870759e+06  1.736156e+09
1590  1547.120227    0.000113  0.000046  ...  0.000012  7.864708e+06  1.736156e+09
1591  1547.122845    0.000111  0.000051  ...  0.000012  7.858494e+06  1.736156e+09

[1592 rows x 13 columns]
CHANNEL_0_5
           cbragg  cbragg_err   credchi  ...  cdelta_n            cL     timestamp
0     1548.093560    0.000095  0.000047  ...  0.000012  7.847088e+06  1.736141e+09
1     1548.098737    0.000092  0.000037  ...  0.000012  7.741525e+06  1.736141e+09
2     1548.093846    0.000109  0.000062  ...  0.000012  7.905027e+06  1.736141e+09
3     1548.098815    0.000092  0.000037  ...  0.000012  7.727056e+06  1.736141e+09
4     1548.093551    0.000086  0.000038  ...  0.000012  7.736352e+06  1.736141e+09
...           ...         ...       ...  ...       ...           ...           ...
1587  1548.099246    0.000092  0.000037  ...  0.000012  7.733539e+06  1.736156e+09
1588  1548.094081    0.000088  0.000039  ...  0.000012  7.728301e+06  1.736156e+09
1589  1548.099305    0.000094  0.000039  ...  0.000012  7.726295e+06  1.736156e+09
1590  1548.094239    0.000086  0.000038  ...  0.000012  7.723026e+06  1.736156e+09
1591  1548.099446    0.000090  0.000036  ...  0.000012  7.732392e+06  1.736156e+09

[1592 rows x 13 columns]
CHANNEL_0_6
           cbragg  cbragg_err   credchi  ...  cdelta_n            cL     timestamp
0     1549.071317    0.000073  0.000021  ...  0.000012  7.596616e+06  1.736141e+09
1     1549.081756    0.000080  0.000044  ...  0.000012  7.494660e+06  1.736141e+09
2     1549.071365    0.000075  0.000023  ...  0.000012  7.590607e+06  1.736141e+09
3     1549.081783    0.000082  0.000045  ...  0.000012  7.491788e+06  1.736141e+09
4     1549.071230    0.000075  0.000023  ...  0.000012  7.589351e+06  1.736141e+09
...           ...         ...       ...  ...       ...           ...           ...
1587  1549.082218    0.000083  0.000048  ...  0.000012  7.546872e+06  1.736156e+09
1588  1549.071986    0.000074  0.000022  ...  0.000012  7.595532e+06  1.736156e+09
1589  1549.082415    0.000081  0.000045  ...  0.000012  7.496293e+06  1.736156e+09
1590  1549.072000    0.000073  0.000022  ...  0.000012  7.588463e+06  1.736156e+09
1591  1549.082422    0.000151  0.000150  ...  0.000012  7.626202e+06  1.736156e+09

[1592 rows x 13 columns]
CHANNEL_0_7
           cbragg  cbragg_err   credchi  ...  cdelta_n            cL     timestamp
0     1550.076531    0.000128  0.000049  ...  0.000012  7.575115e+06  1.736141e+09
1     1550.079292    0.000126  0.000051  ...  0.000012  7.612575e+06  1.736141e+09
2     1550.076509    0.000129  0.000050  ...  0.000012  7.558390e+06  1.736141e+09
3     1550.079172    0.000130  0.000055  ...  0.000012  7.646685e+06  1.736141e+09
4     1550.076416    0.000128  0.000049  ...  0.000012  7.571382e+06  1.736141e+09
...           ...         ...       ...  ...       ...           ...           ...
1587  1550.079905    0.000126  0.000051  ...  0.000012  7.595124e+06  1.736156e+09
1588  1550.077302    0.000130  0.000051  ...  0.000012  7.576612e+06  1.736156e+09
1589  1550.079943    0.000128  0.000053  ...  0.000012  7.631605e+06  1.736156e+09
1590  1550.077293    0.000130  0.000050  ...  0.000012  7.568975e+06  1.736156e+09
1591  1550.079908    0.000126  0.000051  ...  0.000012  7.612540e+06  1.736156e+09

[1592 rows x 13 columns]
CHANNEL_0_8
           cbragg  cbragg_err   credchi  ...  cdelta_n            cL     timestamp
0     1551.051109    0.000074  0.000017  ...  0.000012  7.600956e+06  1.736141e+09
1     1551.058412    0.000073  0.000019  ...  0.000012  7.612122e+06  1.736141e+09
2     1551.050824    0.000075  0.000017  ...  0.000012  7.603864e+06  1.736141e+09
3     1551.058249    0.000074  0.000019  ...  0.000012  7.614604e+06  1.736141e+09
4     1551.050860    0.000074  0.000017  ...  0.000012  7.605566e+06  1.736141e+09
...           ...         ...       ...  ...       ...           ...           ...
1587  1551.059961    0.000075  0.000020  ...  0.000012  7.615496e+06  1.736156e+09
1588  1551.052566    0.000076  0.000018  ...  0.000012  7.593541e+06  1.736156e+09
1589  1551.059941    0.000074  0.000020  ...  0.000012  7.599375e+06  1.736156e+09
1590  1551.052503    0.000075  0.000017  ...  0.000012  7.593106e+06  1.736156e+09
1591  1551.059886    0.000073  0.000019  ...  0.000012  7.613714e+06  1.736156e+09

[1592 rows x 13 columns]
CHANNEL_0_9
           cbragg  cbragg_err   credchi  ...  cdelta_n            cL     timestamp
0     1552.032461    0.000092  0.000017  ...  0.000012  7.717559e+06  1.736141e+09
1     1552.042356    0.000092  0.000032  ...  0.000012  7.662571e+06  1.736141e+09
2     1552.032339    0.000093  0.000017  ...  0.000012  7.711037e+06  1.736141e+09
3     1552.042204    0.000141  0.000080  ...  0.000012  7.991815e+06  1.736141e+09
4     1552.032292    0.000095  0.000018  ...  0.000012  7.678381e+06  1.736141e+09
...           ...         ...       ...  ...       ...           ...           ...
1587  1552.043811    0.000093  0.000033  ...  0.000012  7.657134e+06  1.736156e+09
1588  1552.033987    0.000092  0.000017  ...  0.000012  7.714254e+06  1.736156e+09
1589  1552.043823    0.000092  0.000032  ...  0.000012  7.645972e+06  1.736156e+09
1590  1552.033940    0.000093  0.000017  ...  0.000012  7.704305e+06  1.736156e+09
1591  1552.043872    0.000090  0.000030  ...  0.000012  7.645113e+06  1.736156e+09

[1592 rows x 13 columns]
CHANNEL_0_10
           cbragg  cbragg_err   credchi  ...  cdelta_n            cL     timestamp
0     1553.042966    0.000087  0.000020  ...  0.000012  7.708248e+06  1.736141e+09
1     1553.043873    0.000089  0.000016  ...  0.000012  7.714850e+06  1.736141e+09
2     1553.043075    0.000087  0.000019  ...  0.000012  7.709434e+06  1.736141e+09
3     1553.043936    0.000087  0.000015  ...  0.000012  7.722672e+06  1.736141e+09
4     1553.042975    0.000088  0.000020  ...  0.000012  7.701389e+06  1.736141e+09
...           ...         ...       ...  ...       ...           ...           ...
1587  1553.045332    0.000089  0.000016  ...  0.000012  7.715132e+06  1.736156e+09
1588  1553.044522    0.000087  0.000019  ...  0.000012  7.672481e+06  1.736156e+09
1589  1553.045368    0.000091  0.000017  ...  0.000012  7.726419e+06  1.736156e+09
1590  1553.044550    0.000090  0.000021  ...  0.000012  7.694849e+06  1.736156e+09
1591  1553.045436    0.000089  0.000016  ...  0.000012  7.730491e+06  1.736156e+09

[1592 rows x 13 columns]
CHANNEL_0_11
           cbragg  cbragg_err   credchi  ...  cdelta_n            cL     timestamp
0     1554.047743    0.000071  0.000008  ...  0.000012  7.718820e+06  1.736141e+09
1     1554.057108    0.000071  0.000015  ...  0.000012  7.663010e+06  1.736141e+09
2     1554.047750    0.000070  0.000008  ...  0.000012  7.716887e+06  1.736141e+09
3     1554.057118    0.000070  0.000015  ...  0.000012  7.675505e+06  1.736141e+09
4     1554.047623    0.000074  0.000009  ...  0.000012  7.690633e+06  1.736141e+09
...           ...         ...       ...  ...       ...           ...           ...
1587  1554.058586    0.000155  0.000075  ...  0.000012  7.989264e+06  1.736156e+09
1588  1554.049239    0.000073  0.000009  ...  0.000012  7.713844e+06  1.736156e+09
1589  1554.058722    0.000070  0.000015  ...  0.000012  7.675479e+06  1.736156e+09
1590  1554.049281    0.000073  0.000009  ...  0.000012  7.711637e+06  1.736156e+09
1591  1554.058683    0.000067  0.000014  ...  0.000012  7.678482e+06  1.736156e+09

[1592 rows x 13 columns]
CHANNEL_0_12
           cbragg  cbragg_err   credchi  ...  cdelta_n            cL     timestamp
0     1555.075934    0.000140  0.000072  ...  0.000012  7.635849e+06  1.736141e+09
1     1555.078304    0.000118  0.000050  ...  0.000012  7.496679e+06  1.736141e+09
2     1555.075885    0.000125  0.000056  ...  0.000012  7.472522e+06  1.736141e+09
3     1555.078253    0.000128  0.000060  ...  0.000012  7.608111e+06  1.736141e+09
4     1555.075927    0.000122  0.000054  ...  0.000012  7.474402e+06  1.736141e+09
...           ...         ...       ...  ...       ...           ...           ...
1587  1555.079829    0.000120  0.000052  ...  0.000012  7.495932e+06  1.736156e+09
1588  1555.077390    0.000144  0.000078  ...  0.000012  7.710499e+06  1.736156e+09
1589  1555.079845    0.000121  0.000053  ...  0.000012  7.494736e+06  1.736156e+09
1590  1555.077413    0.000163  0.000096  ...  0.000012  7.666474e+06  1.736156e+09
1591  1555.079452    0.000184  0.000122  ...  0.000012  7.702837e+06  1.736156e+09

[1592 rows x 13 columns]
CHANNEL_0_13
           cbragg  cbragg_err   credchi  ...  cdelta_n            cL     timestamp
0     1556.047706    0.000142  0.000038  ...  0.000012  7.676850e+06  1.736141e+09
1     1556.056275    0.000137  0.000047  ...  0.000012  7.688116e+06  1.736141e+09
2     1556.047613    0.000143  0.000038  ...  0.000012  7.671502e+06  1.736141e+09
3     1556.056327    0.000137  0.000047  ...  0.000012  7.690659e+06  1.736141e+09
4     1556.047543    0.000140  0.000036  ...  0.000012  7.681389e+06  1.736141e+09
...           ...         ...       ...  ...       ...           ...           ...
1587  1556.057856    0.000140  0.000049  ...  0.000012  7.690753e+06  1.736156e+09
1588  1556.049125    0.000143  0.000038  ...  0.000012  7.677805e+06  1.736156e+09
1589  1556.057910    0.000138  0.000048  ...  0.000012  7.680773e+06  1.736156e+09
1590  1556.049167    0.000143  0.000038  ...  0.000012  7.676972e+06  1.736156e+09
1591  1556.057857    0.000137  0.000047  ...  0.000012  7.686224e+06  1.736156e+09

[1592 rows x 13 columns]
CHANNEL_0_14
           cbragg  cbragg_err   credchi  ...  cdelta_n            cL     timestamp
0     1557.020356    0.000101  0.000031  ...  0.000012  7.664437e+06  1.736141e+09
1     1557.025224    0.000110  0.000047  ...  0.000012  7.708426e+06  1.736141e+09
2     1557.020304    0.000101  0.000031  ...  0.000012  7.665395e+06  1.736141e+09
3     1557.025201    0.000104  0.000041  ...  0.000012  7.617304e+06  1.736141e+09
4     1557.020237    0.000102  0.000032  ...  0.000012  7.667401e+06  1.736141e+09
...           ...         ...       ...  ...       ...           ...           ...
1587  1557.026736    0.000140  0.000080  ...  0.000012  7.893492e+06  1.736156e+09
1588  1557.021853    0.000102  0.000032  ...  0.000012  7.665727e+06  1.736156e+09
1589  1557.026749    0.000104  0.000042  ...  0.000012  7.618176e+06  1.736156e+09
1590  1557.021850    0.000101  0.000031  ...  0.000012  7.657937e+06  1.736156e+09
1591  1557.026869    0.000103  0.000041  ...  0.000012  7.619341e+06  1.736156e+09

[1592 rows x 13 columns]
CHANNEL_1_1
           cbragg  cbragg_err   credchi  ...  cdelta_n            cL     timestamp
0     1556.149325    0.000099  0.000009  ...  0.000012  2.637781e+06  1.736141e+09
1     1556.148749    0.000258  0.000051  ...  0.000012  2.535803e+06  1.736141e+09
2     1556.149119    0.000084  0.000007  ...  0.000012  2.673969e+06  1.736141e+09
3     1556.147151    0.000758  0.000825  ...  0.000012  3.176064e+06  1.736141e+09
4     1556.149217    0.000084  0.000007  ...  0.000012  2.667297e+06  1.736141e+09
...           ...         ...       ...  ...       ...           ...           ...
1587  1556.148931    0.000076  0.000005  ...  0.000012  2.670307e+06  1.736156e+09
1588  1556.149405    0.001115  0.002425  ...  0.000012  3.472192e+06  1.736156e+09
1589  1556.148787    0.000108  0.000010  ...  0.000012  2.637192e+06  1.736156e+09
1590  1556.149495    0.000081  0.000006  ...  0.000012  2.684582e+06  1.736156e+09
1591  1556.148865    0.000228  0.000041  ...  0.000012  2.551386e+06  1.736156e+09

[1592 rows x 13 columns]
CHANNEL_1_2
           cbragg  cbragg_err   credchi  ...  cdelta_n            cL     timestamp
0     1558.203796    0.000142  0.000028  ...  0.000012  2.778580e+06  1.736141e+09
1     1558.206365    0.000120  0.000021  ...  0.000012  2.797760e+06  1.736141e+09
2     1558.203820    0.000343  0.000137  ...  0.000012  2.615371e+06  1.736141e+09
3     1558.206442    0.000151  0.000032  ...  0.000012  2.736937e+06  1.736141e+09
4     1558.203215    0.000700  0.001032  ...  0.000012  3.249164e+06  1.736141e+09
...           ...         ...       ...  ...       ...           ...           ...
1587  1558.207242    0.000119  0.000021  ...  0.000012  2.790529e+06  1.736156e+09
1588  1558.204844    0.000129  0.000024  ...  0.000012  2.797222e+06  1.736156e+09
1589  1558.207342    0.000119  0.000021  ...  0.000012  2.804132e+06  1.736156e+09
1590  1558.204855    0.000141  0.000029  ...  0.000012  2.785513e+06  1.736156e+09
1591  1558.206628    0.001023  0.002715  ...  0.000012  3.495901e+06  1.736156e+09

[1592 rows x 13 columns]
CHANNEL_1_3
           cbragg  cbragg_err   credchi  ...  cdelta_n            cL     timestamp
0     1561.021032    0.000046  0.000003  ...  0.000012  2.942664e+06  1.736141e+09
1     1561.017530    0.000060  0.000006  ...  0.000012  2.899448e+06  1.736141e+09
2     1561.020999    0.001016  0.002877  ...  0.000012  3.686220e+06  1.736141e+09
3     1561.017462    0.000057  0.000005  ...  0.000012  2.904748e+06  1.736141e+09
4     1561.021110    0.000043  0.000003  ...  0.000012  2.922720e+06  1.736141e+09
...           ...         ...       ...  ...       ...           ...           ...
1587  1561.019030    0.000070  0.000008  ...  0.000012  2.923087e+06  1.736156e+09
1588  1561.022321    0.000046  0.000003  ...  0.000012  2.915711e+06  1.736156e+09
1589  1561.018876    0.000046  0.000003  ...  0.000012  2.915704e+06  1.736156e+09
1590  1561.022446    0.000077  0.000009  ...  0.000012  2.891294e+06  1.736156e+09
1591  1561.018562    0.000047  0.000004  ...  0.000012  2.941421e+06  1.736156e+09

[1592 rows x 13 columns]
CHANNEL_2_1
           cbragg  cbragg_err   credchi  ...  cdelta_n            cL     timestamp
0     1543.576006    0.011867  0.004774  ...  0.000012  1.117504e+06  1.736141e+09
1     1543.586355    0.013425  0.004741  ...  0.000012  1.118782e+06  1.736141e+09
2     1543.569592    0.000065  0.000005  ...  0.000012  2.778150e+06  1.736141e+09
3     1543.562490    0.012411  0.004788  ...  0.000012  1.116998e+06  1.736141e+09
4     1543.554787    0.013228  0.004781  ...  0.000012  1.119375e+06  1.736141e+09
...           ...         ...       ...  ...       ...           ...           ...
1587  1543.569876         NaN  0.001070  ...  0.000012  2.147777e+06  1.736156e+09
1588  1543.577590    0.012172  0.004779  ...  0.000012  1.119526e+06  1.736156e+09
1589  1543.569324    0.000065  0.000005  ...  0.000012  2.779671e+06  1.736156e+09
1590  1543.582830    0.012857  0.004773  ...  0.000012  1.120431e+06  1.736156e+09
1591  1543.569500    0.000068  0.000005  ...  0.000012  2.777838e+06  1.736156e+09

[1592 rows x 13 columns]
CHANNEL_2_2
           cbragg  cbragg_err   credchi  ...  cdelta_n            cL     timestamp
0     1545.931363    0.000133  0.000015  ...  0.000012  2.681266e+06  1.736141e+09
1     1545.931997    0.000553  0.000341  ...  0.000012  2.975128e+06  1.736141e+09
2     1545.930888    0.000207  0.000037  ...  0.000012  2.742810e+06  1.736141e+09
3     1545.931503    0.000804  0.000888  ...  0.000012  3.205845e+06  1.736141e+09
4     1545.930620    0.000469  0.000236  ...  0.000012  2.932921e+06  1.736141e+09
...           ...         ...       ...  ...       ...           ...           ...
1587  1545.932376    0.001282  0.002496  ...  0.000012  3.446593e+06  1.736156e+09
1588  1545.932394    0.000154  0.000019  ...  0.000012  2.626787e+06  1.736156e+09
1589  1545.933756    0.000144  0.000017  ...  0.000012  2.640774e+06  1.736156e+09
1590  1545.931506    0.000873  0.000947  ...  0.000012  3.150074e+06  1.736156e+09
1591  1545.932367    0.000797  0.000880  ...  0.000012  3.205653e+06  1.736156e+09

[1592 rows x 13 columns]
CHANNEL_2_3
           cbragg  cbragg_err   credchi  ...  cdelta_n            cL     timestamp
0     1548.530237    0.000092  0.000009  ...  0.000012  2.898941e+06  1.736141e+09
1     1548.532073    0.000843  0.001299  ...  0.000012  3.508639e+06  1.736141e+09
2     1548.530119    0.000083  0.000008  ...  0.000012  2.905202e+06  1.736141e+09
3     1548.533139    0.000256  0.000086  ...  0.000012  3.055614e+06  1.736141e+09
4     1548.531244    0.000862  0.001306  ...  0.000012  3.480681e+06  1.736141e+09
...           ...         ...       ...  ...       ...           ...           ...
1587  1548.534274    0.001140  0.002346  ...  0.000012  3.619827e+06  1.736156e+09
1588  1548.531547    0.000102  0.000011  ...  0.000012  2.859664e+06  1.736156e+09
1589  1548.534042    0.001086  0.002110  ...  0.000012  3.593679e+06  1.736156e+09
1590  1548.531559    0.000081  0.000007  ...  0.000012  2.905880e+06  1.736156e+09
1591  1548.533281    0.000257  0.000081  ...  0.000012  3.026765e+06  1.736156e+09

[1592 rows x 13 columns]
CHANNEL_3_1
           cbragg  cbragg_err   credchi  ...  cdelta_n            cL     timestamp
0     1544.119523    0.000109  0.000027  ...  0.000012  7.756209e+06  1.736141e+09
1     1544.118171    0.000120  0.000021  ...  0.000012  7.790561e+06  1.736141e+09
2     1544.119483    0.000137  0.000029  ...  0.000012  7.740467e+06  1.736141e+09
3     1544.118142    0.000119  0.000021  ...  0.000012  7.782406e+06  1.736141e+09
4     1544.119576    0.000376  0.000027  ...  0.000012  7.765350e+06  1.736141e+09
...           ...         ...       ...  ...       ...           ...           ...
1587  1544.118358    0.000192  0.000020  ...  0.000012  7.785906e+06  1.736156e+09
1588  1544.119609    0.000135  0.000028  ...  0.000012  7.749026e+06  1.736156e+09
1589  1544.118295    0.000120  0.000021  ...  0.000012  7.789398e+06  1.736156e+09
1590  1544.119696    0.000116  0.000028  ...  0.000012  7.752102e+06  1.736156e+09
1591  1544.118321    0.000127  0.000020  ...  0.000012  7.796118e+06  1.736156e+09

[1592 rows x 13 columns]
CHANNEL_3_2
           cbragg  cbragg_err   credchi  ...  cdelta_n            cL     timestamp
0     1545.000943    0.000106  0.000021  ...  0.000012  7.936882e+06  1.736141e+09
1     1545.011525    0.000116  0.000037  ...  0.000012  7.847437e+06  1.736141e+09
2     1545.001130    0.000148  0.000021  ...  0.000012  7.925324e+06  1.736141e+09
3     1545.011606    0.000119  0.000038  ...  0.000012  7.843675e+06  1.736141e+09
4     1545.001011    0.000174  0.000023  ...  0.000012  7.928340e+06  1.736141e+09
...           ...         ...       ...  ...       ...           ...           ...
1587  1545.011477    0.000255  0.000038  ...  0.000012  7.852890e+06  1.736156e+09
1588  1545.000976    0.000181  0.000022  ...  0.000012  7.927687e+06  1.736156e+09
1589  1545.011589    0.000128  0.000038  ...  0.000012  7.838698e+06  1.736156e+09
1590  1545.001024    0.000207  0.000022  ...  0.000012  7.941173e+06  1.736156e+09
1591  1545.011552    0.000120  0.000039  ...  0.000012  7.842219e+06  1.736156e+09

[1592 rows x 13 columns]
CHANNEL_3_3
           cbragg  cbragg_err   credchi  ...  cdelta_n            cL     timestamp
0     1545.708014    0.000108  0.000032  ...  0.000012  7.590945e+06  1.736141e+09
1     1545.711985    0.000115  0.000029  ...  0.000012  7.632961e+06  1.736141e+09
2     1545.708160    0.000114  0.000036  ...  0.000012  7.664226e+06  1.736141e+09
3     1545.712067    0.000112  0.000028  ...  0.000012  7.636359e+06  1.736141e+09
4     1545.707990    0.000112  0.000035  ...  0.000012  7.664176e+06  1.736141e+09
...           ...         ...       ...  ...       ...           ...           ...
1587  1545.712935    0.000114  0.000029  ...  0.000012  7.621380e+06  1.736156e+09
1588  1545.708744    0.000108  0.000032  ...  0.000012  7.590253e+06  1.736156e+09
1589  1545.712889    0.000113  0.000028  ...  0.000012  7.616807e+06  1.736156e+09
1590  1545.708976    0.000123  0.000043  ...  0.000012  7.721057e+06  1.736156e+09
1591  1545.713032    0.000113  0.000028  ...  0.000012  7.616830e+06  1.736156e+09

[1592 rows x 13 columns]
CHANNEL_3_4
           cbragg  cbragg_err   credchi  ...  cdelta_n            cL     timestamp
0     1546.678962    0.000094  0.000017  ...  0.000012  7.747559e+06  1.736141e+09
1     1546.686268    0.000095  0.000026  ...  0.000012  7.757903e+06  1.736141e+09
2     1546.679018    0.000092  0.000016  ...  0.000012  7.803469e+06  1.736141e+09
3     1546.686399    0.000095  0.000026  ...  0.000012  7.761022e+06  1.736141e+09
4     1546.679049    0.000095  0.000018  ...  0.000012  7.797219e+06  1.736141e+09
...           ...         ...       ...  ...       ...           ...           ...
1587  1546.687042    0.000094  0.000025  ...  0.000012  7.747072e+06  1.736156e+09
1588  1546.679639    0.000095  0.000018  ...  0.000012  7.793537e+06  1.736156e+09
1589  1546.686961    0.000093  0.000025  ...  0.000012  7.748858e+06  1.736156e+09
1590  1546.679777    0.000095  0.000018  ...  0.000012  7.796913e+06  1.736156e+09
1591  1546.687104    0.000094  0.000025  ...  0.000012  7.737373e+06  1.736156e+09

[1592 rows x 13 columns]
CHANNEL_3_5
           cbragg  cbragg_err   credchi  ...  cdelta_n            cL     timestamp
0     1547.697099    0.000079  0.000015  ...  0.000012  7.613989e+06  1.736141e+09
1     1547.706144    0.000076  0.000014  ...  0.000012  7.620794e+06  1.736141e+09
2     1547.697217    0.000079  0.000015  ...  0.000012  7.602949e+06  1.736141e+09
3     1547.706237    0.000078  0.000014  ...  0.000012  7.632082e+06  1.736141e+09
4     1547.697197    0.000079  0.000015  ...  0.000012  7.611604e+06  1.736141e+09
...           ...         ...       ...  ...       ...           ...           ...
1587  1547.706786    0.000081  0.000015  ...  0.000012  7.637338e+06  1.736156e+09
1588  1547.697773    0.000080  0.000015  ...  0.000012  7.604270e+06  1.736156e+09
1589  1547.706800    0.000078  0.000014  ...  0.000012  7.641012e+06  1.736156e+09
1590  1547.697905    0.000078  0.000014  ...  0.000012  7.622909e+06  1.736156e+09
1591  1547.706903    0.000081  0.000015  ...  0.000012  7.577503e+06  1.736156e+09

[1592 rows x 13 columns]
CHANNEL_3_6
           cbragg  cbragg_err   credchi  ...  cdelta_n            cL     timestamp
0     1548.686192    0.000085  0.000017  ...  0.000012  7.745681e+06  1.736141e+09
1     1548.690235    0.000084  0.000017  ...  0.000012  7.748578e+06  1.736141e+09
2     1548.686322    0.000086  0.000018  ...  0.000012  7.726446e+06  1.736141e+09
3     1548.690333    0.000084  0.000018  ...  0.000012  7.756378e+06  1.736141e+09
4     1548.686178    0.000086  0.000018  ...  0.000012  7.740113e+06  1.736141e+09
...           ...         ...       ...  ...       ...           ...           ...
1587  1548.690853    0.000084  0.000018  ...  0.000012  7.750124e+06  1.736156e+09
1588  1548.686839    0.000087  0.000018  ...  0.000012  7.739940e+06  1.736156e+09
1589  1548.690901    0.000084  0.000018  ...  0.000012  7.756300e+06  1.736156e+09
1590  1548.686985    0.000086  0.000018  ...  0.000012  7.739607e+06  1.736156e+09
1591  1548.691035    0.000085  0.000018  ...  0.000012  7.746881e+06  1.736156e+09

[1592 rows x 13 columns]
CHANNEL_3_7
           cbragg  cbragg_err   credchi  ...  cdelta_n            cL     timestamp
0     1549.701243    0.000083  0.000014  ...  0.000012  7.656807e+06  1.736141e+09
1     1549.713094    0.000085  0.000021  ...  0.000012  7.621541e+06  1.736141e+09
2     1549.701246    0.000082  0.000013  ...  0.000012  7.661695e+06  1.736141e+09
3     1549.713112    0.000087  0.000021  ...  0.000012  7.610113e+06  1.736141e+09
4     1549.701191    0.000083  0.000014  ...  0.000012  7.646859e+06  1.736141e+09
...           ...         ...       ...  ...       ...           ...           ...
1587  1549.713933    0.000084  0.000020  ...  0.000012  7.610012e+06  1.736156e+09
1588  1549.702055    0.000083  0.000014  ...  0.000012  7.660580e+06  1.736156e+09
1589  1549.713954    0.000084  0.000020  ...  0.000012  7.619326e+06  1.736156e+09
1590  1549.702041    0.000083  0.000014  ...  0.000012  7.657551e+06  1.736156e+09
1591  1549.713996    0.000085  0.000021  ...  0.000012  7.613944e+06  1.736156e+09

[1592 rows x 13 columns]
CHANNEL_3_8
           cbragg  cbragg_err   credchi  ...  cdelta_n            cL     timestamp
0     1550.662281    0.000089  0.000016  ...  0.000012  7.630176e+06  1.736141e+09
1     1550.661437    0.000093  0.000014  ...  0.000012  7.647468e+06  1.736141e+09
2     1550.662178    0.000090  0.000017  ...  0.000012  7.586545e+06  1.736141e+09
3     1550.661253    0.000093  0.000014  ...  0.000012  7.643811e+06  1.736141e+09
4     1550.662140    0.000091  0.000017  ...  0.000012  7.574917e+06  1.736141e+09
...           ...         ...       ...  ...       ...           ...           ...
1587  1550.662802    0.000092  0.000014  ...  0.000012  7.591981e+06  1.736156e+09
1588  1550.663698    0.000091  0.000017  ...  0.000012  7.570059e+06  1.736156e+09
1589  1550.662924    0.000093  0.000014  ...  0.000012  7.635292e+06  1.736156e+09
1590  1550.663773    0.000087  0.000016  ...  0.000012  7.607305e+06  1.736156e+09
1591  1550.662883    0.000093  0.000014  ...  0.000012  7.644223e+06  1.736156e+09

[1592 rows x 13 columns]
CHANNEL_3_9
           cbragg  cbragg_err   credchi  ...  cdelta_n            cL     timestamp
0     1551.652806    0.000088  0.000010  ...  0.000012  7.790100e+06  1.736141e+09
1     1551.663179    0.000087  0.000018  ...  0.000012  7.713488e+06  1.736141e+09
2     1551.652675    0.000088  0.000010  ...  0.000012  7.783515e+06  1.736141e+09
3     1551.663085    0.000094  0.000020  ...  0.000012  7.704532e+06  1.736141e+09
4     1551.652711    0.000088  0.000010  ...  0.000012  7.793570e+06  1.736141e+09
...           ...         ...       ...  ...       ...           ...           ...
1587  1551.664651    0.000088  0.000018  ...  0.000012  7.713405e+06  1.736156e+09
1588  1551.654174    0.000088  0.000010  ...  0.000012  7.789692e+06  1.736156e+09
1589  1551.664719    0.000087  0.000018  ...  0.000012  7.713576e+06  1.736156e+09
1590  1551.654269    0.000086  0.000010  ...  0.000012  7.778102e+06  1.736156e+09
1591  1551.664811    0.000098  0.000022  ...  0.000012  7.537800e+06  1.736156e+09

[1592 rows x 13 columns]
CHANNEL_3_10
           cbragg  cbragg_err   credchi  ...  cdelta_n            cL     timestamp
0     1552.666900    0.000105  0.000023  ...  0.000012  7.691688e+06  1.736141e+09
1     1552.664354    0.000112  0.000014  ...  0.000012  7.772294e+06  1.736141e+09
2     1552.666933    0.000137  0.000037  ...  0.000012  7.413639e+06  1.736141e+09
3     1552.664250    0.000115  0.000015  ...  0.000012  7.767565e+06  1.736141e+09
4     1552.666881    0.000120  0.000029  ...  0.000012  7.486288e+06  1.736141e+09
...           ...         ...       ...  ...       ...           ...           ...
1587  1552.665865    0.000110  0.000014  ...  0.000012  7.788679e+06  1.736156e+09
1588  1552.668415    0.000104  0.000022  ...  0.000012  7.714319e+06  1.736156e+09
1589  1552.665866    0.000114  0.000015  ...  0.000012  7.763934e+06  1.736156e+09
1590  1552.668490    0.000105  0.000022  ...  0.000012  7.696528e+06  1.736156e+09
1591  1552.666011    0.000111  0.000014  ...  0.000012  7.778487e+06  1.736156e+09

[1592 rows x 13 columns]
CHANNEL_3_11
           cbragg  cbragg_err   credchi  ...  cdelta_n            cL     timestamp
0     1553.630084    0.000133  0.000028  ...  0.000012  7.935707e+06  1.736141e+09
1     1553.634260    0.000176  0.000070  ...  0.000012  7.544799e+06  1.736141e+09
2     1553.630052    0.000132  0.000027  ...  0.000012  7.940207e+06  1.736141e+09
3     1553.634103    0.000130  0.000039  ...  0.000012  7.886007e+06  1.736141e+09
4     1553.630017    0.000132  0.000028  ...  0.000012  7.938164e+06  1.736141e+09
...           ...         ...       ...  ...       ...           ...           ...
1587  1553.635569    0.000131  0.000040  ...  0.000012  7.889182e+06  1.736156e+09
1588  1553.631529    0.000130  0.000027  ...  0.000012  7.943620e+06  1.736156e+09
1589  1553.635644    0.000130  0.000040  ...  0.000012  7.878603e+06  1.736156e+09
1590  1553.631552    0.000133  0.000028  ...  0.000012  7.932560e+06  1.736156e+09
1591  1553.635760    0.000130  0.000039  ...  0.000012  7.889586e+06  1.736156e+09

[1592 rows x 13 columns]
CHANNEL_3_12
           cbragg  cbragg_err   credchi  ...  cdelta_n            cL     timestamp
0     1554.609417    0.000097  0.000020  ...  0.000012  7.776441e+06  1.736141e+09
1     1554.609732    0.000101  0.000015  ...  0.000012  7.812165e+06  1.736141e+09
2     1554.609304    0.000099  0.000021  ...  0.000012  7.775484e+06  1.736141e+09
3     1554.609620    0.000105  0.000016  ...  0.000012  7.822051e+06  1.736141e+09
4     1554.609333    0.000098  0.000021  ...  0.000012  7.765369e+06  1.736141e+09
...           ...         ...       ...  ...       ...           ...           ...
1587  1554.611148    0.000100  0.000015  ...  0.000012  7.828035e+06  1.736156e+09
1588  1554.610763    0.000097  0.000020  ...  0.000012  7.785396e+06  1.736156e+09
1589  1554.611189    0.000104  0.000016  ...  0.000012  7.827342e+06  1.736156e+09
1590  1554.610939    0.000098  0.000021  ...  0.000012  7.777036e+06  1.736156e+09
1591  1554.611385    0.000103  0.000016  ...  0.000012  7.806794e+06  1.736156e+09

[1592 rows x 13 columns]
CHANNEL_3_13
           cbragg  cbragg_err   credchi  ...  cdelta_n            cL     timestamp
0     1555.612081    0.000232  0.000059  ...  0.000012  7.002697e+06  1.736141e+09
1     1555.620149    0.000089  0.000018  ...  0.000012  7.564082e+06  1.736141e+09
2     1555.612035    0.000089  0.000010  ...  0.000012  7.622750e+06  1.736141e+09
3     1555.620095    0.000088  0.000017  ...  0.000012  7.556476e+06  1.736141e+09
4     1555.612019    0.000091  0.000010  ...  0.000012  7.610025e+06  1.736141e+09
...           ...         ...       ...  ...       ...           ...           ...
1587  1555.621467    0.000087  0.000017  ...  0.000012  7.584916e+06  1.736156e+09
1588  1555.613652    0.000091  0.000010  ...  0.000012  7.598112e+06  1.736156e+09
1589  1555.621470    0.000091  0.000018  ...  0.000012  7.558658e+06  1.736156e+09
1590  1555.613643    0.000091  0.000010  ...  0.000012  7.613204e+06  1.736156e+09
1591  1555.621555    0.000089  0.000018  ...  0.000012  7.575176e+06  1.736156e+09

[1592 rows x 13 columns]
CHANNEL_3_14
           cbragg  cbragg_err   credchi  ...  cdelta_n            cL     timestamp
0     1556.572112    0.000207  0.000096  ...  0.000012  7.436412e+06  1.736141e+09
1     1556.570167    0.000191  0.000053  ...  0.000012  7.748067e+06  1.736141e+09
2     1556.571997    0.000193  0.000085  ...  0.000012  7.686828e+06  1.736141e+09
3     1556.570100    0.000194  0.000054  ...  0.000012  7.748710e+06  1.736141e+09
4     1556.572048    0.000203  0.000091  ...  0.000012  7.452190e+06  1.736141e+09
...           ...         ...       ...  ...       ...           ...           ...
1587  1556.571625    0.000194  0.000055  ...  0.000012  7.747813e+06  1.736156e+09
1588  1556.573467    0.000194  0.000086  ...  0.000012  7.633560e+06  1.736156e+09
1589  1556.571690    0.000194  0.000055  ...  0.000012  7.749195e+06  1.736156e+09
1590  1556.573625    0.000193  0.000086  ...  0.000012  7.693537e+06  1.736156e+09
1591  1556.571852    0.000190  0.000053  ...  0.000012  7.750833e+06  1.736156e+09

[1592 rows x 13 columns]
