CHANNEL_0_1
           cbragg  cbragg_err   credchi  ...  cdelta_n            cL     timestamp
0     1544.604376    0.000347  0.000049  ...  0.000012  7.687010e+06  1.736029e+09
1     1544.613012    0.000108  0.000060  ...  0.000012  7.669517e+06  1.736029e+09
2     1544.604336    0.000304  0.000047  ...  0.000012  7.682309e+06  1.736029e+09
3     1544.613009    0.000104  0.000059  ...  0.000012  7.679435e+06  1.736029e+09
4     1544.604402    0.000123  0.000049  ...  0.000012  7.675175e+06  1.736030e+09
...           ...         ...       ...  ...       ...           ...           ...
1587  1544.612824    0.000104  0.000057  ...  0.000012  7.678245e+06  1.736045e+09
1588  1544.604319    0.000115  0.000048  ...  0.000012  7.682462e+06  1.736045e+09
1589  1544.612781    0.000102  0.000056  ...  0.000012  7.672590e+06  1.736045e+09
1590  1544.604252    0.000103  0.000048  ...  0.000012  7.679058e+06  1.736045e+09
1591  1544.612764    0.000223  0.000057  ...  0.000012  7.675858e+06  1.736045e+09

[1592 rows x 13 columns]
CHANNEL_0_2
           cbragg  cbragg_err   credchi  ...  cdelta_n            cL     timestamp
0     1545.426546    0.000093  0.000019  ...  0.000012  7.663122e+06  1.736029e+09
1     1545.428653    0.000094  0.000021  ...  0.000012  7.597475e+06  1.736029e+09
2     1545.426576    0.000094  0.000019  ...  0.000012  7.673147e+06  1.736029e+09
3     1545.428815    0.000092  0.000020  ...  0.000012  7.666152e+06  1.736029e+09
4     1545.426516    0.000095  0.000019  ...  0.000012  7.668058e+06  1.736030e+09
...           ...         ...       ...  ...       ...           ...           ...
1587  1545.428249    0.000089  0.000019  ...  0.000012  7.676178e+06  1.736045e+09
1588  1545.426371    0.000091  0.000018  ...  0.000012  7.663700e+06  1.736045e+09
1589  1545.428302    0.000094  0.000022  ...  0.000012  7.677905e+06  1.736045e+09
1590  1545.426371    0.000091  0.000018  ...  0.000012  7.657213e+06  1.736045e+09
1591  1545.428349    0.000096  0.000022  ...  0.000012  7.681411e+06  1.736045e+09

[1592 rows x 13 columns]
CHANNEL_0_3
           cbragg  cbragg_err   credchi  ...  cdelta_n            cL     timestamp
0     1546.115262    0.000115  0.000043  ...  0.000012  7.694060e+06  1.736029e+09
1     1546.124383    0.000114  0.000059  ...  0.000012  7.676883e+06  1.736029e+09
2     1546.115112    0.000113  0.000042  ...  0.000012  7.674539e+06  1.736029e+09
3     1546.124289    0.000115  0.000059  ...  0.000012  7.665176e+06  1.736029e+09
4     1546.115091    0.000115  0.000043  ...  0.000012  7.681580e+06  1.736030e+09
...           ...         ...       ...  ...       ...           ...           ...
1587  1546.123734    0.000112  0.000057  ...  0.000012  7.677463e+06  1.736045e+09
1588  1546.114683    0.000112  0.000041  ...  0.000012  7.653768e+06  1.736045e+09
1589  1546.123606    0.000112  0.000056  ...  0.000012  7.674448e+06  1.736045e+09
1590  1546.114671    0.000113  0.000042  ...  0.000012  7.681627e+06  1.736045e+09
1591  1546.123590    0.000111  0.000055  ...  0.000012  7.667271e+06  1.736045e+09

[1592 rows x 13 columns]
CHANNEL_0_4
           cbragg  cbragg_err   credchi  ...  cdelta_n            cL     timestamp
0     1547.113613    0.000116  0.000048  ...  0.000012  7.869521e+06  1.736029e+09
1     1547.115639    0.000113  0.000051  ...  0.000012  7.872474e+06  1.736029e+09
2     1547.113411    0.000116  0.000048  ...  0.000012  7.857494e+06  1.736029e+09
3     1547.115564    0.000114  0.000052  ...  0.000012  7.867626e+06  1.736029e+09
4     1547.113481    0.000116  0.000048  ...  0.000012  7.859595e+06  1.736030e+09
...           ...         ...       ...  ...       ...           ...           ...
1587  1547.114431    0.000112  0.000051  ...  0.000012  7.864952e+06  1.736045e+09
1588  1547.112480    0.000116  0.000048  ...  0.000012  7.859134e+06  1.736045e+09
1589  1547.114517    0.000112  0.000051  ...  0.000012  7.884572e+06  1.736045e+09
1590  1547.112377    0.000115  0.000047  ...  0.000012  7.853658e+06  1.736045e+09
1591  1547.114411    0.000112  0.000051  ...  0.000012  7.871366e+06  1.736045e+09

[1592 rows x 13 columns]
CHANNEL_0_5
           cbragg  cbragg_err   credchi  ...  cdelta_n            cL     timestamp
0     1548.087310    0.000091  0.000040  ...  0.000012  7.702623e+06  1.736029e+09
1     1548.092910    0.000094  0.000037  ...  0.000012  7.699068e+06  1.736029e+09
2     1548.087297    0.000089  0.000039  ...  0.000012  7.709140e+06  1.736029e+09
3     1548.093147    0.000118  0.000059  ...  0.000012  7.770286e+06  1.736029e+09
4     1548.087269    0.000140  0.000102  ...  0.000012  8.030904e+06  1.736030e+09
...           ...         ...       ...  ...       ...           ...           ...
1587  1548.091419    0.000098  0.000041  ...  0.000012  7.733241e+06  1.736045e+09
1588  1548.086240    0.000091  0.000040  ...  0.000012  7.701960e+06  1.736045e+09
1589  1548.091496    0.000105  0.000049  ...  0.000012  7.861914e+06  1.736045e+09
1590  1548.086160    0.000089  0.000039  ...  0.000012  7.705132e+06  1.736045e+09
1591  1548.091496    0.000093  0.000037  ...  0.000012  7.711797e+06  1.736045e+09

[1592 rows x 13 columns]
CHANNEL_0_6
           cbragg  cbragg_err   credchi  ...  cdelta_n            cL     timestamp
0     1549.065499    0.000078  0.000024  ...  0.000012  7.573018e+06  1.736029e+09
1     1549.075343    0.000084  0.000045  ...  0.000012  7.514722e+06  1.736029e+09
2     1549.065504    0.000078  0.000024  ...  0.000012  7.564347e+06  1.736029e+09
3     1549.075340    0.000083  0.000045  ...  0.000012  7.468226e+06  1.736029e+09
4     1549.065455    0.000207  0.000174  ...  0.000012  8.027275e+06  1.736030e+09
...           ...         ...       ...  ...       ...           ...           ...
1587  1549.074309    0.000081  0.000043  ...  0.000012  7.483834e+06  1.736045e+09
1588  1549.064281    0.000076  0.000022  ...  0.000012  7.575354e+06  1.736045e+09
1589  1549.074912    0.000216  0.000336  ...  0.000012  8.059226e+06  1.736045e+09
1590  1549.064322    0.000076  0.000023  ...  0.000012  7.572236e+06  1.736045e+09
1591  1549.074202    0.000153  0.000159  ...  0.000012  7.814032e+06  1.736045e+09

[1592 rows x 13 columns]
CHANNEL_0_7
           cbragg  cbragg_err   credchi  ...  cdelta_n            cL     timestamp
0     1550.070371    0.000124  0.000045  ...  0.000012  7.599651e+06  1.736029e+09
1     1550.073408    0.000125  0.000050  ...  0.000012  7.676749e+06  1.736029e+09
2     1550.070255    0.000126  0.000047  ...  0.000012  7.593209e+06  1.736029e+09
3     1550.073248    0.000126  0.000051  ...  0.000012  7.681262e+06  1.736029e+09
4     1550.070350    0.000126  0.000046  ...  0.000012  7.594362e+06  1.736030e+09
...           ...         ...       ...  ...       ...           ...           ...
1587  1550.072137    0.000126  0.000050  ...  0.000012  7.602468e+06  1.736045e+09
1588  1550.069306    0.000126  0.000047  ...  0.000012  7.582993e+06  1.736045e+09
1589  1550.072151    0.000125  0.000049  ...  0.000012  7.591343e+06  1.736045e+09
1590  1550.069366    0.000125  0.000046  ...  0.000012  7.592860e+06  1.736045e+09
1591  1550.072163    0.000124  0.000048  ...  0.000012  7.600865e+06  1.736045e+09

[1592 rows x 13 columns]
CHANNEL_0_8
           cbragg  cbragg_err   credchi  ...  cdelta_n            cL     timestamp
0     1551.042684    0.000073  0.000015  ...  0.000012  7.617507e+06  1.736029e+09
1     1551.050551    0.000073  0.000018  ...  0.000012  7.627848e+06  1.736029e+09
2     1551.042720    0.000073  0.000015  ...  0.000012  7.620700e+06  1.736029e+09
3     1551.050550    0.000072  0.000018  ...  0.000012  7.630073e+06  1.736029e+09
4     1551.042648    0.000072  0.000015  ...  0.000012  7.620256e+06  1.736030e+09
...           ...         ...       ...  ...       ...           ...           ...
1587  1551.050996    0.000074  0.000019  ...  0.000012  7.617136e+06  1.736045e+09
1588  1551.043427    0.000074  0.000016  ...  0.000012  7.611643e+06  1.736045e+09
1589  1551.050955    0.000074  0.000019  ...  0.000012  7.621874e+06  1.736045e+09
1590  1551.043387    0.000073  0.000015  ...  0.000012  7.615566e+06  1.736045e+09
1591  1551.051051    0.000072  0.000018  ...  0.000012  7.624470e+06  1.736045e+09

[1592 rows x 13 columns]
CHANNEL_0_9
           cbragg  cbragg_err   credchi  ...  cdelta_n            cL     timestamp
0     1552.024228    0.000091  0.000016  ...  0.000012  7.726738e+06  1.736029e+09
1     1552.034342    0.000090  0.000030  ...  0.000012  7.667075e+06  1.736029e+09
2     1552.024228    0.000088  0.000015  ...  0.000012  7.738825e+06  1.736029e+09
3     1552.034335    0.000088  0.000028  ...  0.000012  7.678814e+06  1.736029e+09
4     1552.024105    0.000090  0.000016  ...  0.000012  7.736030e+06  1.736030e+09
...           ...         ...       ...  ...       ...           ...           ...
1587  1552.034861    0.000089  0.000029  ...  0.000012  7.668680e+06  1.736045e+09
1588  1552.024898    0.000089  0.000016  ...  0.000012  7.712442e+06  1.736045e+09
1589  1552.034801    0.000092  0.000031  ...  0.000012  7.661300e+06  1.736045e+09
1590  1552.024845    0.000089  0.000016  ...  0.000012  7.739524e+06  1.736045e+09
1591  1552.034897    0.000089  0.000029  ...  0.000012  7.673571e+06  1.736045e+09

[1592 rows x 13 columns]
CHANNEL_0_10
           cbragg  cbragg_err   credchi  ...  cdelta_n            cL     timestamp
0     1553.034092    0.000093  0.000021  ...  0.000012  7.696219e+06  1.736029e+09
1     1553.035603    0.000091  0.000017  ...  0.000012  7.743420e+06  1.736029e+09
2     1553.034127    0.000092  0.000021  ...  0.000012  7.686968e+06  1.736029e+09
3     1553.035685    0.000093  0.000017  ...  0.000012  7.727767e+06  1.736029e+09
4     1553.034026    0.000092  0.000021  ...  0.000012  7.701152e+06  1.736030e+09
...           ...         ...       ...  ...       ...           ...           ...
1587  1553.036206    0.000089  0.000016  ...  0.000012  7.723198e+06  1.736045e+09
1588  1553.034832    0.000092  0.000021  ...  0.000012  7.689191e+06  1.736045e+09
1589  1553.035986    0.000092  0.000017  ...  0.000012  7.739072e+06  1.736045e+09
1590  1553.034983    0.000090  0.000020  ...  0.000012  7.664612e+06  1.736045e+09
1591  1553.036139    0.000088  0.000015  ...  0.000012  7.731228e+06  1.736045e+09

[1592 rows x 13 columns]
CHANNEL_0_11
           cbragg  cbragg_err   credchi  ...  cdelta_n            cL     timestamp
0     1554.039010    0.000075  0.000009  ...  0.000012  7.720795e+06  1.736029e+09
1     1554.048871    0.000071  0.000014  ...  0.000012  7.655697e+06  1.736029e+09
2     1554.039036    0.000071  0.000008  ...  0.000012  7.727118e+06  1.736029e+09
3     1554.048839    0.000071  0.000014  ...  0.000012  7.642706e+06  1.736029e+09
4     1554.038980    0.000073  0.000008  ...  0.000012  7.726615e+06  1.736030e+09
...           ...         ...       ...  ...       ...           ...           ...
1587  1554.049532    0.000075  0.000016  ...  0.000012  7.629309e+06  1.736045e+09
1588  1554.039898    0.000072  0.000008  ...  0.000012  7.712626e+06  1.736045e+09
1589  1554.049440    0.000072  0.000015  ...  0.000012  7.641228e+06  1.736045e+09
1590  1554.039806    0.000070  0.000008  ...  0.000012  7.662102e+06  1.736045e+09
1591  1554.049440    0.000069  0.000014  ...  0.000012  7.650957e+06  1.736045e+09

[1592 rows x 13 columns]
CHANNEL_0_12
           cbragg  cbragg_err   credchi  ...  cdelta_n            cL     timestamp
0     1555.067273    0.000120  0.000049  ...  0.000012  7.491020e+06  1.736029e+09
1     1555.069869    0.000117  0.000046  ...  0.000012  7.506227e+06  1.736029e+09
2     1555.067385    0.000120  0.000049  ...  0.000012  7.455336e+06  1.736029e+09
3     1555.069888    0.000123  0.000053  ...  0.000012  7.633412e+06  1.736029e+09
4     1555.067264    0.000119  0.000048  ...  0.000012  7.491056e+06  1.736030e+09
...           ...         ...       ...  ...       ...           ...           ...
1587  1555.070437    0.000150  0.000077  ...  0.000012  7.660631e+06  1.736045e+09
1588  1555.068147    0.000119  0.000049  ...  0.000012  7.481061e+06  1.736045e+09
1589  1555.070454    0.000118  0.000048  ...  0.000012  7.505411e+06  1.736045e+09
1590  1555.068116    0.000118  0.000048  ...  0.000012  7.473015e+06  1.736045e+09
1591  1555.070380    0.000116  0.000046  ...  0.000012  7.507084e+06  1.736045e+09

[1592 rows x 13 columns]
CHANNEL_0_13
           cbragg  cbragg_err   credchi  ...  cdelta_n            cL     timestamp
0     1556.039410    0.000143  0.000037  ...  0.000012  7.681006e+06  1.736029e+09
1     1556.048163    0.000136  0.000045  ...  0.000012  7.689706e+06  1.736029e+09
2     1556.039543    0.000140  0.000036  ...  0.000012  7.672890e+06  1.736029e+09
3     1556.048081    0.000136  0.000046  ...  0.000012  7.701290e+06  1.736029e+09
4     1556.039441    0.000143  0.000037  ...  0.000012  7.659834e+06  1.736030e+09
...           ...         ...       ...  ...       ...           ...           ...
1587  1556.048729    0.000135  0.000045  ...  0.000012  7.671939e+06  1.736045e+09
1588  1556.040166    0.000143  0.000037  ...  0.000012  7.674717e+06  1.736045e+09
1589  1556.048704    0.000137  0.000046  ...  0.000012  7.688500e+06  1.736045e+09
1590  1556.040266    0.000141  0.000036  ...  0.000012  7.631783e+06  1.736045e+09
1591  1556.048767    0.000137  0.000046  ...  0.000012  7.682357e+06  1.736045e+09

[1592 rows x 13 columns]
CHANNEL_0_14
           cbragg  cbragg_err   credchi  ...  cdelta_n            cL     timestamp
0     1557.012284    0.000101  0.000029  ...  0.000012  7.661752e+06  1.736029e+09
1     1557.016875    0.000103  0.000039  ...  0.000012  7.618682e+06  1.736029e+09
2     1557.012271    0.000100  0.000029  ...  0.000012  7.642419e+06  1.736029e+09
3     1557.016837    0.000114  0.000048  ...  0.000012  7.745964e+06  1.736029e+09
4     1557.012226    0.000113  0.000038  ...  0.000012  7.817966e+06  1.736030e+09
...           ...         ...       ...  ...       ...           ...           ...
1587  1557.017477    0.000103  0.000038  ...  0.000012  7.612368e+06  1.736045e+09
1588  1557.012923    0.000100  0.000029  ...  0.000012  7.650524e+06  1.736045e+09
1589  1557.017388    0.000103  0.000039  ...  0.000012  7.614456e+06  1.736045e+09
1590  1557.012992    0.000099  0.000029  ...  0.000012  7.659942e+06  1.736045e+09
1591  1557.017457    0.000103  0.000039  ...  0.000012  7.607125e+06  1.736045e+09

[1592 rows x 13 columns]
CHANNEL_1_1
           cbragg  cbragg_err   credchi  ...  cdelta_n            cL     timestamp
0     1556.151321    0.000218  0.000041  ...  0.000012  2.563979e+06  1.736029e+09
1     1556.150759    0.000114  0.000012  ...  0.000012  2.647366e+06  1.736029e+09
2     1556.151172    0.000084  0.000007  ...  0.000012  2.669379e+06  1.736029e+09
3     1556.151364    0.000093  0.000008  ...  0.000012  2.681608e+06  1.736029e+09
4     1556.151342    0.000085  0.000007  ...  0.000012  2.669128e+06  1.736030e+09
...           ...         ...       ...  ...       ...           ...           ...
1587  1556.149287    0.000079  0.000006  ...  0.000012  2.687365e+06  1.736045e+09
1588  1556.149952    0.000086  0.000007  ...  0.000012  2.663067e+06  1.736045e+09
1589  1556.149349    0.000084  0.000006  ...  0.000012  2.669668e+06  1.736045e+09
1590  1556.150031    0.000078  0.000006  ...  0.000012  2.671261e+06  1.736045e+09
1591  1556.148457    0.001541  0.004355  ...  0.000012  3.668817e+06  1.736045e+09

[1592 rows x 13 columns]
CHANNEL_1_2
           cbragg  cbragg_err   credchi  ...  cdelta_n            cL     timestamp
0     1558.200878    0.000517  0.000280  ...  0.000012  2.533250e+06  1.736029e+09
1     1558.203197    0.000185  0.000047  ...  0.000012  2.728831e+06  1.736029e+09
2     1558.200159    0.000654  0.000944  ...  0.000012  3.258897e+06  1.736029e+09
3     1558.203302    0.000279  0.000099  ...  0.000012  2.663405e+06  1.736029e+09
4     1558.200407    0.000126  0.000023  ...  0.000012  2.787458e+06  1.736030e+09
...           ...         ...       ...  ...       ...           ...           ...
1587  1558.204949    0.000502  0.000433  ...  0.000012  3.016759e+06  1.736045e+09
1588  1558.200184    0.000147  0.000029  ...  0.000012  2.746513e+06  1.736045e+09
1589  1558.202688    0.000208  0.000062  ...  0.000012  2.748040e+06  1.736045e+09
1590  1558.199466    0.000664  0.000901  ...  0.000012  3.224966e+06  1.736045e+09
1591  1558.203333    0.000588  0.000357  ...  0.000012  2.509608e+06  1.736045e+09

[1592 rows x 13 columns]
CHANNEL_1_3
           cbragg  cbragg_err   credchi  ...  cdelta_n            cL     timestamp
0     1561.015462    0.000069  0.000008  ...  0.000012  2.894964e+06  1.736029e+09
1     1561.011940    0.000047  0.000004  ...  0.000012  2.916092e+06  1.736029e+09
2     1561.015269    0.000051  0.000004  ...  0.000012  2.928477e+06  1.736029e+09
3     1561.011893    0.000172  0.000046  ...  0.000012  2.866651e+06  1.736029e+09
4     1561.015579    0.000274  0.000143  ...  0.000012  3.108611e+06  1.736030e+09
...           ...         ...       ...  ...       ...           ...           ...
1587  1561.011761    0.000464  0.000446  ...  0.000012  3.228208e+06  1.736045e+09
1588  1561.015157    0.000050  0.000004  ...  0.000012  2.927449e+06  1.736045e+09
1589  1561.011865    0.000052  0.000004  ...  0.000012  2.924503e+06  1.736045e+09
1590  1561.015348    0.000267  0.000132  ...  0.000012  3.100046e+06  1.736045e+09
1591  1561.012255    0.000193  0.000067  ...  0.000012  3.054867e+06  1.736045e+09

[1592 rows x 13 columns]
CHANNEL_2_1
           cbragg  cbragg_err   credchi  ...  cdelta_n            cL     timestamp
0     1543.571605    0.000076  0.000005  ...  0.000012  2.775493e+06  1.736029e+09
1     1543.570997    0.000069  0.000005  ...  0.000012  2.796754e+06  1.736029e+09
2     1543.571439    0.000071  0.000005  ...  0.000012  2.773968e+06  1.736029e+09
3     1543.570905    0.000069  0.000005  ...  0.000012  2.775384e+06  1.736029e+09
4     1543.571581    0.000073  0.000005  ...  0.000012  2.773573e+06  1.736030e+09
...           ...         ...       ...  ...       ...           ...           ...
1587  1543.569271    0.000068  0.000005  ...  0.000012  2.776793e+06  1.736045e+09
1588  1543.570339    0.000070  0.000005  ...  0.000012  2.776604e+06  1.736045e+09
1589  1543.569703    0.000070  0.000005  ...  0.000012  2.776619e+06  1.736045e+09
1590  1543.570134    0.000071  0.000005  ...  0.000012  2.775300e+06  1.736045e+09
1591  1543.569518    0.000067  0.000005  ...  0.000012  2.776155e+06  1.736045e+09

[1592 rows x 13 columns]
CHANNEL_2_2
           cbragg  cbragg_err   credchi  ...  cdelta_n            cL     timestamp
0     1545.926106    0.000174  0.000022  ...  0.000012  2.621297e+06  1.736029e+09
1     1545.927203    0.000118  0.000011  ...  0.000012  2.680790e+06  1.736029e+09
2     1545.923558    0.001061  0.001642  ...  0.000012  3.392613e+06  1.736029e+09
3     1545.925057    0.000931  0.001305  ...  0.000012  3.360556e+06  1.736029e+09
4     1545.923495    0.000784  0.000794  ...  0.000012  3.208580e+06  1.736030e+09
...           ...         ...       ...  ...       ...           ...           ...
1587  1545.927288    0.000150  0.000016  ...  0.000012  2.631130e+06  1.736045e+09
1588  1545.925862    0.000165  0.000020  ...  0.000012  2.621013e+06  1.736045e+09
1589  1545.927399    0.000128  0.000013  ...  0.000012  2.694733e+06  1.736045e+09
1590  1545.923767    0.000668  0.000541  ...  0.000012  3.121636e+06  1.736045e+09
1591  1545.926927    0.000120  0.000011  ...  0.000012  2.688568e+06  1.736045e+09

[1592 rows x 13 columns]
CHANNEL_2_3
           cbragg  cbragg_err   credchi  ...  cdelta_n            cL     timestamp
0     1548.522433    0.000096  0.000010  ...  0.000012  2.886940e+06  1.736029e+09
1     1548.523940    0.000096  0.000010  ...  0.000012  2.887174e+06  1.736029e+09
2     1548.522206    0.000094  0.000009  ...  0.000012  2.898106e+06  1.736029e+09
3     1548.523791    0.000702  0.000772  ...  0.000012  3.360202e+06  1.736029e+09
4     1548.522215    0.000101  0.000011  ...  0.000012  2.874324e+06  1.736030e+09
...           ...         ...       ...  ...       ...           ...           ...
1587  1548.525222    0.000746  0.000898  ...  0.000012  3.406262e+06  1.736045e+09
1588  1548.522895    0.000090  0.000009  ...  0.000012  2.885809e+06  1.736045e+09
1589  1548.525353    0.000564  0.000445  ...  0.000012  3.247356e+06  1.736045e+09
1590  1548.522875    0.000096  0.000010  ...  0.000012  2.904610e+06  1.736045e+09
1591  1548.525070    0.000964  0.001696  ...  0.000012  3.593264e+06  1.736045e+09

[1592 rows x 13 columns]
CHANNEL_3_1
           cbragg  cbragg_err   credchi  ...  cdelta_n            cL     timestamp
0     1544.118606    0.000115  0.000028  ...  0.000012  7.754859e+06  1.736029e+09
1     1544.117319    0.000167  0.000020  ...  0.000012  7.805663e+06  1.736029e+09
2     1544.118497    0.000145  0.000028  ...  0.000012  7.766676e+06  1.736029e+09
3     1544.117188    0.000118  0.000020  ...  0.000012  7.815125e+06  1.736029e+09
4     1544.118612    0.000115  0.000028  ...  0.000012  7.783454e+06  1.736030e+09
...           ...         ...       ...  ...       ...           ...           ...
1587  1544.116187    0.000161  0.000020  ...  0.000012  7.799764e+06  1.736045e+09
1588  1544.117680    0.000113  0.000028  ...  0.000012  7.758675e+06  1.736045e+09
1589  1544.116153    0.000120  0.000020  ...  0.000012  7.809174e+06  1.736045e+09
1590  1544.117602    0.000628  0.000028  ...  0.000012  7.760331e+06  1.736045e+09
1591  1544.116169    0.000305  0.000020  ...  0.000012  7.810533e+06  1.736045e+09

[1592 rows x 13 columns]
CHANNEL_3_2
           cbragg  cbragg_err   credchi  ...  cdelta_n            cL     timestamp
0     1545.002215    0.000115  0.000023  ...  0.000012  7.921569e+06  1.736029e+09
1     1545.013343    0.000114  0.000038  ...  0.000012  7.842749e+06  1.736029e+09
2     1545.002270    0.000110  0.000023  ...  0.000012  7.911616e+06  1.736029e+09
3     1545.013250    0.000113  0.000040  ...  0.000012  7.826803e+06  1.736029e+09
4     1545.002337    0.000134  0.000022  ...  0.000012  7.926746e+06  1.736030e+09
...           ...         ...       ...  ...       ...           ...           ...
1587  1545.012123    0.000119  0.000039  ...  0.000012  7.829643e+06  1.736045e+09
1588  1545.001385    0.000463  0.000023  ...  0.000012  7.927176e+06  1.736045e+09
1589  1545.012177    0.000167  0.000039  ...  0.000012  7.826999e+06  1.736045e+09
1590  1545.001333    0.000111  0.000023  ...  0.000012  7.910883e+06  1.736045e+09
1591  1545.012136    0.000113  0.000039  ...  0.000012  7.834551e+06  1.736045e+09

[1592 rows x 13 columns]
CHANNEL_3_3
           cbragg  cbragg_err   credchi  ...  cdelta_n            cL     timestamp
0     1545.702971    0.000110  0.000033  ...  0.000012  7.575376e+06  1.736029e+09
1     1545.706582    0.000113  0.000027  ...  0.000012  7.627541e+06  1.736029e+09
2     1545.703031    0.000111  0.000033  ...  0.000012  7.569952e+06  1.736029e+09
3     1545.706444    0.000112  0.000026  ...  0.000012  7.572304e+06  1.736029e+09
4     1545.702917    0.000116  0.000037  ...  0.000012  7.681421e+06  1.736030e+09
...           ...         ...       ...  ...       ...           ...           ...
1587  1545.706173    0.000111  0.000026  ...  0.000012  7.561681e+06  1.736045e+09
1588  1545.702553    0.000108  0.000032  ...  0.000012  7.585304e+06  1.736045e+09
1589  1545.706190    0.000115  0.000028  ...  0.000012  7.601161e+06  1.736045e+09
1590  1545.702594    0.000109  0.000032  ...  0.000012  7.580093e+06  1.736045e+09
1591  1545.706139    0.000111  0.000026  ...  0.000012  7.604957e+06  1.736045e+09

[1592 rows x 13 columns]
CHANNEL_3_4
           cbragg  cbragg_err   credchi  ...  cdelta_n            cL     timestamp
0     1546.675151    0.000097  0.000018  ...  0.000012  7.805454e+06  1.736029e+09
1     1546.682885    0.000097  0.000026  ...  0.000012  7.741787e+06  1.736029e+09
2     1546.675069    0.000095  0.000017  ...  0.000012  7.799573e+06  1.736029e+09
3     1546.682835    0.000097  0.000026  ...  0.000012  7.719849e+06  1.736029e+09
4     1546.675085    0.000096  0.000017  ...  0.000012  7.800952e+06  1.736030e+09
...           ...         ...       ...  ...       ...           ...           ...
1587  1546.682332    0.000098  0.000027  ...  0.000012  7.746902e+06  1.736045e+09
1588  1546.674905    0.000099  0.000018  ...  0.000012  7.794762e+06  1.736045e+09
1589  1546.682456    0.000096  0.000026  ...  0.000012  7.700135e+06  1.736045e+09
1590  1546.674774    0.000096  0.000017  ...  0.000012  7.798197e+06  1.736045e+09
1591  1546.682272    0.000095  0.000026  ...  0.000012  7.746704e+06  1.736045e+09

[1592 rows x 13 columns]
CHANNEL_3_5
           cbragg  cbragg_err   credchi  ...  cdelta_n            cL     timestamp
0     1547.694709    0.000077  0.000014  ...  0.000012  7.601272e+06  1.736029e+09
1     1547.702861    0.000076  0.000013  ...  0.000012  7.642051e+06  1.736029e+09
2     1547.694698    0.000077  0.000014  ...  0.000012  7.596889e+06  1.736029e+09
3     1547.702728    0.000076  0.000013  ...  0.000012  7.606579e+06  1.736029e+09
4     1547.694619    0.000077  0.000014  ...  0.000012  7.601385e+06  1.736030e+09
...           ...         ...       ...  ...       ...           ...           ...
1587  1547.702284    0.000076  0.000013  ...  0.000012  7.635312e+06  1.736045e+09
1588  1547.693938    0.000078  0.000014  ...  0.000012  7.602777e+06  1.736045e+09
1589  1547.702306    0.000078  0.000014  ...  0.000012  7.623402e+06  1.736045e+09
1590  1547.693909    0.000078  0.000015  ...  0.000012  7.595347e+06  1.736045e+09
1591  1547.702254    0.000077  0.000014  ...  0.000012  7.631560e+06  1.736045e+09

[1592 rows x 13 columns]
CHANNEL_3_6
           cbragg  cbragg_err   credchi  ...  cdelta_n            cL     timestamp
0     1548.683546    0.000082  0.000016  ...  0.000012  7.754196e+06  1.736029e+09
1     1548.686983    0.000081  0.000016  ...  0.000012  7.758749e+06  1.736029e+09
2     1548.683524    0.000083  0.000016  ...  0.000012  7.753879e+06  1.736029e+09
3     1548.686930    0.000081  0.000016  ...  0.000012  7.765914e+06  1.736029e+09
4     1548.683455    0.000082  0.000015  ...  0.000012  7.748574e+06  1.736030e+09
...           ...         ...       ...  ...       ...           ...           ...
1587  1548.686360    0.000083  0.000017  ...  0.000012  7.740109e+06  1.736045e+09
1588  1548.682901    0.000100  0.000023  ...  0.000012  7.546013e+06  1.736045e+09
1589  1548.686359    0.000081  0.000016  ...  0.000012  7.769388e+06  1.736045e+09
1590  1548.682864    0.000083  0.000016  ...  0.000012  7.751407e+06  1.736045e+09
1591  1548.686374    0.000082  0.000016  ...  0.000012  7.765473e+06  1.736045e+09

[1592 rows x 13 columns]
CHANNEL_3_7
           cbragg  cbragg_err   credchi  ...  cdelta_n            cL     timestamp
0     1549.698340    0.000086  0.000014  ...  0.000012  7.569889e+06  1.736029e+09
1     1549.709799    0.000086  0.000020  ...  0.000012  7.605523e+06  1.736029e+09
2     1549.698274    0.000087  0.000014  ...  0.000012  7.626562e+06  1.736029e+09
3     1549.709774    0.000087  0.000021  ...  0.000012  7.597890e+06  1.736029e+09
4     1549.698284    0.000083  0.000013  ...  0.000012  7.640271e+06  1.736030e+09
...           ...         ...       ...  ...       ...           ...           ...
1587  1549.709273    0.000088  0.000021  ...  0.000012  7.611987e+06  1.736045e+09
1588  1549.697695    0.000085  0.000014  ...  0.000012  7.631906e+06  1.736045e+09
1589  1549.709384    0.000088  0.000021  ...  0.000012  7.598046e+06  1.736045e+09
1590  1549.697680    0.000086  0.000014  ...  0.000012  7.635936e+06  1.736045e+09
1591  1549.709375    0.000086  0.000020  ...  0.000012  7.607440e+06  1.736045e+09

[1592 rows x 13 columns]
CHANNEL_3_8
           cbragg  cbragg_err   credchi  ...  cdelta_n            cL     timestamp
0     1550.659774    0.000091  0.000017  ...  0.000012  7.582055e+06  1.736029e+09
1     1550.658461    0.000144  0.000031  ...  0.000012  7.294613e+06  1.736029e+09
2     1550.659751    0.000089  0.000016  ...  0.000012  7.616249e+06  1.736029e+09
3     1550.658393    0.000092  0.000014  ...  0.000012  7.630397e+06  1.736029e+09
4     1550.659723    0.000090  0.000016  ...  0.000012  7.633491e+06  1.736030e+09
...           ...         ...       ...  ...       ...           ...           ...
1587  1550.658527    0.000094  0.000014  ...  0.000012  7.652335e+06  1.736045e+09
1588  1550.659754    0.000090  0.000017  ...  0.000012  7.631861e+06  1.736045e+09
1589  1550.658438    0.000093  0.000014  ...  0.000012  7.647400e+06  1.736045e+09
1590  1550.659712    0.000091  0.000017  ...  0.000012  7.631273e+06  1.736045e+09
1591  1550.658472    0.000096  0.000015  ...  0.000012  7.659359e+06  1.736045e+09

[1592 rows x 13 columns]
CHANNEL_3_9
           cbragg  cbragg_err   credchi  ...  cdelta_n            cL     timestamp
0     1551.649966    0.000090  0.000010  ...  0.000012  7.779282e+06  1.736029e+09
1     1551.660222    0.000090  0.000018  ...  0.000012  7.657116e+06  1.736029e+09
2     1551.649816    0.000090  0.000011  ...  0.000012  7.773640e+06  1.736029e+09
3     1551.660188    0.000090  0.000018  ...  0.000012  7.675340e+06  1.736029e+09
4     1551.649852    0.000090  0.000010  ...  0.000012  7.774121e+06  1.736030e+09
...           ...         ...       ...  ...       ...           ...           ...
1587  1551.660241    0.000092  0.000019  ...  0.000012  7.701101e+06  1.736045e+09
1588  1551.649897    0.000289  0.000090  ...  0.000012  6.981086e+06  1.736045e+09
1589  1551.660208    0.000091  0.000019  ...  0.000012  7.702976e+06  1.736045e+09
1590  1551.649880    0.000091  0.000011  ...  0.000012  7.786638e+06  1.736045e+09
1591  1551.660151    0.000092  0.000019  ...  0.000012  7.701193e+06  1.736045e+09

[1592 rows x 13 columns]
CHANNEL_3_10
           cbragg  cbragg_err   credchi  ...  cdelta_n            cL     timestamp
0     1552.664068    0.000149  0.000041  ...  0.000012  7.354452e+06  1.736029e+09
1     1552.661244    0.000115  0.000014  ...  0.000012  7.752413e+06  1.736029e+09
2     1552.663960    0.000104  0.000021  ...  0.000012  7.704587e+06  1.736029e+09
3     1552.661150    0.000114  0.000014  ...  0.000012  7.755835e+06  1.736029e+09
4     1552.663943    0.000102  0.000021  ...  0.000012  7.726441e+06  1.736030e+09
...           ...         ...       ...  ...       ...           ...           ...
1587  1552.661355    0.000113  0.000014  ...  0.000012  7.757054e+06  1.736045e+09
1588  1552.664012    0.000142  0.000038  ...  0.000012  7.379948e+06  1.736045e+09
1589  1552.661222    0.000116  0.000015  ...  0.000012  7.747284e+06  1.736045e+09
1590  1552.663942    0.000100  0.000020  ...  0.000012  7.741995e+06  1.736045e+09
1591  1552.661319    0.000153  0.000025  ...  0.000012  7.829851e+06  1.736045e+09

[1592 rows x 13 columns]
CHANNEL_3_11
           cbragg  cbragg_err   credchi  ...  cdelta_n            cL     timestamp
0     1553.626946    0.000134  0.000027  ...  0.000012  7.927519e+06  1.736029e+09
1     1553.631701    0.000132  0.000040  ...  0.000012  7.855260e+06  1.736029e+09
2     1553.626891    0.000132  0.000027  ...  0.000012  7.927955e+06  1.736029e+09
3     1553.631579    0.000129  0.000038  ...  0.000012  7.864016e+06  1.736029e+09
4     1553.626931    0.000134  0.000027  ...  0.000012  7.920018e+06  1.736030e+09
...           ...         ...       ...  ...       ...           ...           ...
1587  1553.631462    0.000133  0.000040  ...  0.000012  7.848596e+06  1.736045e+09
1588  1553.627045    0.000134  0.000027  ...  0.000012  7.919912e+06  1.736045e+09
1589  1553.631454    0.000131  0.000039  ...  0.000012  7.869117e+06  1.736045e+09
1590  1553.627136    0.000132  0.000027  ...  0.000012  7.919760e+06  1.736045e+09
1591  1553.631625    0.000134  0.000041  ...  0.000012  7.857643e+06  1.736045e+09

[1592 rows x 13 columns]
CHANNEL_3_12
           cbragg  cbragg_err   credchi  ...  cdelta_n            cL     timestamp
0     1554.606145    0.000097  0.000020  ...  0.000012  7.773349e+06  1.736029e+09
1     1554.606196    0.000102  0.000014  ...  0.000012  7.800800e+06  1.736029e+09
2     1554.606061    0.000098  0.000020  ...  0.000012  7.763152e+06  1.736029e+09
3     1554.606107    0.000103  0.000015  ...  0.000012  7.820925e+06  1.736029e+09
4     1554.606068    0.000098  0.000020  ...  0.000012  7.777499e+06  1.736030e+09
...           ...         ...       ...  ...       ...           ...           ...
1587  1554.606242    0.000103  0.000015  ...  0.000012  7.823181e+06  1.736045e+09
1588  1554.606251    0.000098  0.000020  ...  0.000012  7.769371e+06  1.736045e+09
1589  1554.606275    0.000256  0.000078  ...  0.000012  7.124556e+06  1.736045e+09
1590  1554.606239    0.000098  0.000020  ...  0.000012  7.773722e+06  1.736045e+09
1591  1554.606203    0.000103  0.000015  ...  0.000012  7.831118e+06  1.736045e+09

[1592 rows x 13 columns]
CHANNEL_3_13
           cbragg  cbragg_err   credchi  ...  cdelta_n            cL     timestamp
0     1555.608550    0.000087  0.000009  ...  0.000012  7.637140e+06  1.736029e+09
1     1555.617078    0.000088  0.000017  ...  0.000012  7.580532e+06  1.736029e+09
2     1555.608533    0.000088  0.000009  ...  0.000012  7.637097e+06  1.736029e+09
3     1555.617112    0.000088  0.000017  ...  0.000012  7.575926e+06  1.736029e+09
4     1555.608572    0.000088  0.000010  ...  0.000012  7.636221e+06  1.736030e+09
...           ...         ...       ...  ...       ...           ...           ...
1587  1555.617173    0.000086  0.000016  ...  0.000012  7.571581e+06  1.736045e+09
1588  1555.608670    0.000089  0.000010  ...  0.000012  7.644940e+06  1.736045e+09
1589  1555.617169    0.000089  0.000017  ...  0.000012  7.561392e+06  1.736045e+09
1590  1555.608720    0.000088  0.000009  ...  0.000012  7.635520e+06  1.736045e+09
1591  1555.617188    0.000089  0.000017  ...  0.000012  7.558067e+06  1.736045e+09

[1592 rows x 13 columns]
CHANNEL_3_14
           cbragg  cbragg_err   credchi  ...  cdelta_n            cL     timestamp
0     1556.569049    0.000187  0.000076  ...  0.000012  7.679571e+06  1.736029e+09
1     1556.566695    0.000184  0.000047  ...  0.000012  7.746730e+06  1.736029e+09
2     1556.568965    0.000188  0.000077  ...  0.000012  7.690501e+06  1.736029e+09
3     1556.566670    0.000187  0.000049  ...  0.000012  7.741816e+06  1.736029e+09
4     1556.568978    0.000188  0.000077  ...  0.000012  7.688913e+06  1.736030e+09
...           ...         ...       ...  ...       ...           ...           ...
1587  1556.566831    0.000184  0.000047  ...  0.000012  7.747305e+06  1.736045e+09
1588  1556.569110    0.000187  0.000077  ...  0.000012  7.640495e+06  1.736045e+09
1589  1556.566710    0.000193  0.000052  ...  0.000012  7.744701e+06  1.736045e+09
1590  1556.569154    0.000189  0.000078  ...  0.000012  7.683194e+06  1.736045e+09
1591  1556.566808    0.000191  0.000051  ...  0.000012  7.746585e+06  1.736045e+09

[1592 rows x 13 columns]
