000 (11451992.022.000) 01/28 14:31:48 Job submitted from host: <188.185.114.121:9618?addrs=188.185.114.121-9618+[2001-1458-d00-a--100-273]-9618&alias=bigbird19.cern.ch&noUDP&sock=schedd_2045_4743>
...
040 (11451992.022.000) 01/28 14:36:01 Started transferring input files
	Transferring to host: <188.185.192.35:9618?addrs=188.185.192.35-9618+[2001-1458-303-1f--100-1f]-9618&alias=b9p13p2801.cern.ch&noUDP&sock=slot1_16_2047639_a9dc_7556>
...
040 (11451992.022.000) 01/28 14:36:01 Finished transferring input files
...
001 (11451992.022.000) 01/28 14:36:02 Job executing on host: <188.185.192.35:9618?addrs=188.185.192.35-9618+[2001-1458-303-1f--100-1f]-9618&alias=b9p13p2801.cern.ch&noUDP&sock=startd_6253_9dca>
	SlotName: slot1_16@b9p13p2801.cern.ch
	CondorScratchDir = "/pool/condor/dir_876187"
	Cpus = 1
	Disk = 2963664
	Memory = 3000
...
006 (11451992.022.000) 01/28 14:36:10 Image size of job updated: 29504
	29  -  MemoryUsage of job (MB)
	29500  -  ResidentSetSize of job (KB)
...
006 (11451992.022.000) 01/28 14:40:04 Image size of job updated: 181560
	99  -  MemoryUsage of job (MB)
	100784  -  ResidentSetSize of job (KB)
...
040 (11451992.022.000) 01/28 14:40:04 Started transferring output files
...
040 (11451992.022.000) 01/28 14:40:04 Finished transferring output files
...
005 (11451992.022.000) 01/28 14:40:04 Job terminated.
	(1) Normal termination (return value 0)
		Usr 0 00:00:15, Sys 0 00:00:01  -  Run Remote Usage
		Usr 0 00:00:00, Sys 0 00:00:00  -  Run Local Usage
		Usr 0 00:00:15, Sys 0 00:00:01  -  Total Remote Usage
		Usr 0 00:00:00, Sys 0 00:00:00  -  Total Local Usage
	14883  -  Run Bytes Sent By Job
	5797  -  Run Bytes Received By Job
	14883  -  Total Bytes Sent By Job
	5797  -  Total Bytes Received By Job
	Partitionable Resources :    Usage  Request Allocated 
	   Cpus                 :        0        1         1 
	   Disk (KB)            :       41       10   2963664 
	   Memory (MB)          :       99     3000      3000 

	Job terminated of its own accord at 2025-01-28T13:40:04Z with exit-code 0.
...
