CHANNEL_0_1
           cbragg  cbragg_err   credchi  ...  cdelta_n            cL     timestamp
0     1545.543309    0.000110  0.000301  ...  0.000012  7.949921e+06  1.733563e+09
1     1545.553191    0.000088  0.000278  ...  0.000012  7.726696e+06  1.733563e+09
2     1545.542891    0.000090  0.000202  ...  0.000012  7.859725e+06  1.733563e+09
3     1545.553268    0.000089  0.000284  ...  0.000012  7.746034e+06  1.733563e+09
4     1545.543321    0.000093  0.000213  ...  0.000012  7.814086e+06  1.733563e+09
...           ...         ...       ...  ...       ...           ...           ...
1587  1545.438739    0.000329  0.004645  ...  0.000012  8.750192e+06  1.733579e+09
1588  1545.423975    0.000084  0.000165  ...  0.000012  7.816035e+06  1.733579e+09
1589  1545.436753    0.000093  0.000325  ...  0.000012  7.802836e+06  1.733579e+09
1590  1545.424812    0.000084  0.000166  ...  0.000012  7.841287e+06  1.733579e+09
1591  1545.436841    0.000383  0.006591  ...  0.000012  9.001624e+06  1.733579e+09

[1592 rows x 13 columns]
CHANNEL_0_2
           cbragg  cbragg_err   credchi  ...  cdelta_n            cL     timestamp
0     1546.462160    0.000317  0.001346  ...  0.000012  6.929100e+06  1.733563e+09
1     1546.469669    0.000078  0.000083  ...  0.000012  7.686614e+06  1.733563e+09
2     1546.462422    0.000075  0.000083  ...  0.000012  7.667553e+06  1.733563e+09
3     1546.470560    0.000218  0.000670  ...  0.000012  8.181264e+06  1.733563e+09
4     1546.461409    0.000079  0.000091  ...  0.000012  7.673582e+06  1.733563e+09
...           ...         ...       ...  ...       ...           ...           ...
1587  1546.350038    0.000075  0.000074  ...  0.000012  7.677158e+06  1.733579e+09
1588  1546.341253    0.000080  0.000094  ...  0.000012  7.641497e+06  1.733579e+09
1589  1546.348626    0.000077  0.000077  ...  0.000012  7.669025e+06  1.733579e+09
1590  1546.344693    0.000084  0.000104  ...  0.000012  7.731535e+06  1.733579e+09
1591  1546.352049    0.000182  0.000403  ...  0.000012  7.191114e+06  1.733579e+09

[1592 rows x 13 columns]
CHANNEL_0_3
           cbragg  cbragg_err   credchi  ...  cdelta_n            cL     timestamp
0     1547.393860    0.000264  0.001287  ...  0.000012  8.423413e+06  1.733563e+09
1     1547.405570    0.000109  0.000367  ...  0.000012  7.795318e+06  1.733563e+09
2     1547.392780    0.000099  0.000175  ...  0.000012  7.850249e+06  1.733563e+09
3     1547.405332    0.000126  0.000507  ...  0.000012  7.905558e+06  1.733563e+09
4     1547.392213    0.000093  0.000153  ...  0.000012  7.743536e+06  1.733563e+09
...           ...         ...       ...  ...       ...           ...           ...
1587  1547.285448    0.000106  0.000331  ...  0.000012  7.730176e+06  1.733579e+09
1588  1547.272158    0.000094  0.000161  ...  0.000012  7.726935e+06  1.733579e+09
1589  1547.285595    0.000099  0.000290  ...  0.000012  7.687711e+06  1.733579e+09
1590  1547.273391    0.000317  0.002083  ...  0.000012  8.772925e+06  1.733579e+09
1591  1547.286244    0.000101  0.000304  ...  0.000012  7.685494e+06  1.733579e+09

[1592 rows x 13 columns]
CHANNEL_0_4
           cbragg  cbragg_err   credchi  ...  cdelta_n            cL     timestamp
0     1548.359254    0.000112  0.000253  ...  0.000012  7.880397e+06  1.733563e+09
1     1548.366224    0.000115  0.000374  ...  0.000012  7.999117e+06  1.733563e+09
2     1548.358854    0.000112  0.000254  ...  0.000012  7.870338e+06  1.733563e+09
3     1548.366878    0.000138  0.000517  ...  0.000012  7.978076e+06  1.733563e+09
4     1548.357543    0.000116  0.000276  ...  0.000012  7.982851e+06  1.733563e+09
...           ...         ...       ...  ...       ...           ...           ...
1587  1548.246143    0.000111  0.000348  ...  0.000012  7.801029e+06  1.733579e+09
1588  1548.237489    0.000111  0.000238  ...  0.000012  7.925401e+06  1.733579e+09
1589  1548.248034    0.000219  0.001418  ...  0.000012  8.351456e+06  1.733579e+09
1590  1548.238311    0.000112  0.000242  ...  0.000012  7.877670e+06  1.733579e+09
1591  1548.247258    0.000121  0.000411  ...  0.000012  7.947133e+06  1.733579e+09

[1592 rows x 13 columns]
CHANNEL_0_5
           cbragg  cbragg_err   credchi  ...  cdelta_n            cL     timestamp
0     1549.307174    0.000077  0.000186  ...  0.000012  7.698631e+06  1.733563e+09
1     1549.311936    0.000272  0.002141  ...  0.000012  8.483219e+06  1.733563e+09
2     1549.307773    0.000079  0.000195  ...  0.000012  7.707255e+06  1.733563e+09
3     1549.312831    0.000133  0.000490  ...  0.000012  8.045158e+06  1.733563e+09
4     1549.307335    0.000099  0.000202  ...  0.000012  7.693076e+06  1.733563e+09
...           ...         ...       ...  ...       ...           ...           ...
1587  1549.194242    0.000082  0.000176  ...  0.000012  7.766108e+06  1.733579e+09
1588  1549.189414    0.000104  0.000327  ...  0.000012  7.701272e+06  1.733579e+09
1589  1549.195335    0.000117  0.000351  ...  0.000012  7.829090e+06  1.733579e+09
1590  1549.187769    0.000078  0.000190  ...  0.000012  7.685046e+06  1.733579e+09
1591  1549.193300    0.000133  0.000466  ...  0.000012  7.907687e+06  1.733579e+09

[1592 rows x 13 columns]
CHANNEL_0_6
           cbragg  cbragg_err   credchi  ...  cdelta_n            cL     timestamp
0     1550.266214    0.000074  0.000175  ...  0.000012  7.641956e+06  1.733563e+09
1     1550.275464    0.000159  0.000893  ...  0.000012  7.969396e+06  1.733563e+09
2     1550.265410    0.000066  0.000134  ...  0.000012  7.562878e+06  1.733563e+09
3     1550.274995    0.000189  0.001288  ...  0.000012  8.073596e+06  1.733563e+09
4     1550.265479    0.000110  0.000376  ...  0.000012  7.727404e+06  1.733563e+09
...           ...         ...       ...  ...       ...           ...           ...
1587  1550.158503    0.000131  0.000588  ...  0.000012  7.885055e+06  1.733579e+09
1588  1550.148932    0.000209  0.001509  ...  0.000012  8.165657e+06  1.733579e+09
1589  1550.158382    0.000076  0.000189  ...  0.000012  7.660685e+06  1.733579e+09
1590  1550.148219    0.000067  0.000138  ...  0.000012  7.514456e+06  1.733579e+09
1591  1550.158104    0.000181  0.001145  ...  0.000012  8.050942e+06  1.733579e+09

[1592 rows x 13 columns]
CHANNEL_0_7
           cbragg  cbragg_err   credchi  ...  cdelta_n            cL     timestamp
0     1551.249856    0.000106  0.000175  ...  0.000012  7.757441e+06  1.733563e+09
1     1551.260522    0.000134  0.000472  ...  0.000012  7.818741e+06  1.733563e+09
2     1551.249825    0.000105  0.000173  ...  0.000012  7.744378e+06  1.733563e+09
3     1551.260792    0.000122  0.000410  ...  0.000012  7.888562e+06  1.733563e+09
4     1551.248741    0.000105  0.000171  ...  0.000012  7.757537e+06  1.733563e+09
...           ...         ...       ...  ...       ...           ...           ...
1587  1551.144283    0.000156  0.000642  ...  0.000012  7.901323e+06  1.733579e+09
1588  1551.133637    0.000106  0.000174  ...  0.000012  7.741432e+06  1.733579e+09
1589  1551.145054    0.000119  0.000368  ...  0.000012  7.730384e+06  1.733579e+09
1590  1551.131229    0.000105  0.000171  ...  0.000012  7.763284e+06  1.733579e+09
1591  1551.141594    0.000428  0.005242  ...  0.000012  8.817193e+06  1.733579e+09

[1592 rows x 13 columns]
CHANNEL_0_8
           cbragg  cbragg_err   credchi  ...  cdelta_n            cL     timestamp
0     1552.205146    0.000068  0.000074  ...  0.000012  7.754387e+06  1.733563e+09
1     1552.214810    0.000065  0.000111  ...  0.000012  7.627703e+06  1.733563e+09
2     1552.204363    0.000063  0.000063  ...  0.000012  7.673327e+06  1.733563e+09
3     1552.213881    0.000085  0.000194  ...  0.000012  7.805827e+06  1.733563e+09
4     1552.201901    0.000064  0.000064  ...  0.000012  7.642165e+06  1.733563e+09
...           ...         ...       ...  ...       ...           ...           ...
1587  1552.099716    0.000064  0.000107  ...  0.000012  7.664961e+06  1.733579e+09
1588  1552.089851    0.000381  0.002917  ...  0.000012  9.079793e+06  1.733579e+09
1589  1552.099495    0.000064  0.000106  ...  0.000012  7.643816e+06  1.733579e+09
1590  1552.089640    0.000066  0.000069  ...  0.000012  7.752176e+06  1.733579e+09
1591  1552.098996    0.000075  0.000150  ...  0.000012  7.790830e+06  1.733579e+09

[1592 rows x 13 columns]
CHANNEL_0_9
           cbragg  cbragg_err   credchi  ...  cdelta_n            cL     timestamp
0     1553.177380    0.000080  0.000096  ...  0.000012  7.725329e+06  1.733563e+09
1     1553.185605    0.000093  0.000169  ...  0.000012  7.763666e+06  1.733563e+09
2     1553.175850    0.000082  0.000100  ...  0.000012  7.733065e+06  1.733563e+09
3     1553.183274    0.000086  0.000143  ...  0.000012  7.719396e+06  1.733563e+09
4     1553.176290    0.000082  0.000100  ...  0.000012  7.742141e+06  1.733563e+09
...           ...         ...       ...  ...       ...           ...           ...
1587  1553.070966    0.000080  0.000124  ...  0.000012  7.707814e+06  1.733579e+09
1588  1553.063884    0.000080  0.000101  ...  0.000012  7.727512e+06  1.733579e+09
1589  1553.071024    0.000081  0.000126  ...  0.000012  7.731388e+06  1.733579e+09
1590  1553.063177    0.000081  0.000104  ...  0.000012  7.736458e+06  1.733579e+09
1591  1553.070531    0.000130  0.000333  ...  0.000012  8.001899e+06  1.733579e+09

[1592 rows x 13 columns]
CHANNEL_0_10
           cbragg  cbragg_err   credchi  ...  cdelta_n            cL     timestamp
0     1554.169772    0.000436  0.003828  ...  0.000012  9.178583e+06  1.733563e+09
1     1554.175311    0.000083  0.000086  ...  0.000012  7.796929e+06  1.733563e+09
2     1554.168253    0.000077  0.000096  ...  0.000012  7.713380e+06  1.733563e+09
3     1554.172756    0.000076  0.000071  ...  0.000012  7.751904e+06  1.733563e+09
4     1554.167610    0.000077  0.000096  ...  0.000012  7.707477e+06  1.733563e+09
...           ...         ...       ...  ...       ...           ...           ...
1587  1554.060186    0.000081  0.000085  ...  0.000012  7.745429e+06  1.733579e+09
1588  1554.054636    0.000079  0.000098  ...  0.000012  7.659149e+06  1.733579e+09
1589  1554.060100    0.000278  0.001145  ...  0.000012  8.621240e+06  1.733579e+09
1590  1554.054850    0.000079  0.000099  ...  0.000012  7.692331e+06  1.733579e+09
1591  1554.060956    0.000079  0.000082  ...  0.000012  7.742809e+06  1.733579e+09

[1592 rows x 13 columns]
CHANNEL_0_11
           cbragg  cbragg_err   credchi  ...  cdelta_n            cL     timestamp
0     1555.156637    0.000062  0.000041  ...  0.000012  7.803925e+06  1.733563e+09
1     1555.168437    0.000065  0.000073  ...  0.000012  7.704020e+06  1.733563e+09
2     1555.154941    0.000064  0.000043  ...  0.000012  7.740502e+06  1.733563e+09
3     1555.165999    0.000064  0.000070  ...  0.000012  7.706396e+06  1.733563e+09
4     1555.154928    0.000065  0.000045  ...  0.000012  7.792111e+06  1.733563e+09
...           ...         ...       ...  ...       ...           ...           ...
1587  1555.051101    0.000069  0.000081  ...  0.000012  7.716394e+06  1.733579e+09
1588  1555.041316    0.000066  0.000045  ...  0.000012  7.778060e+06  1.733579e+09
1589  1555.051535    0.000070  0.000084  ...  0.000012  7.693175e+06  1.733579e+09
1590  1555.040724    0.000064  0.000042  ...  0.000012  7.753372e+06  1.733579e+09
1591  1555.051613    0.000069  0.000082  ...  0.000012  7.683995e+06  1.733579e+09

[1592 rows x 13 columns]
CHANNEL_0_12
           cbragg  cbragg_err   credchi  ...  cdelta_n            cL     timestamp
0     1556.153669    0.000124  0.000302  ...  0.000012  7.736987e+06  1.733563e+09
1     1556.160641    0.000117  0.000351  ...  0.000012  7.611384e+06  1.733563e+09
2     1556.152290    0.000116  0.000257  ...  0.000012  7.482358e+06  1.733563e+09
3     1556.158397    0.000114  0.000325  ...  0.000012  7.536589e+06  1.733563e+09
4     1556.153667    0.000112  0.000240  ...  0.000012  7.566669e+06  1.733563e+09
...           ...         ...       ...  ...       ...           ...           ...
1587  1556.040507    0.000206  0.000946  ...  0.000012  7.784287e+06  1.733579e+09
1588  1556.035816    0.000186  0.000691  ...  0.000012  7.192339e+06  1.733579e+09
1589  1556.040428    0.000155  0.000550  ...  0.000012  7.733641e+06  1.733579e+09
1590  1556.035857    0.000116  0.000274  ...  0.000012  7.506893e+06  1.733579e+09
1591  1556.041100    0.000121  0.000337  ...  0.000012  7.593107e+06  1.733579e+09

[1592 rows x 13 columns]
CHANNEL_0_13
           cbragg  cbragg_err   credchi  ...  cdelta_n            cL     timestamp
0     1557.028062    0.000206  0.000665  ...  0.000012  7.678100e+06  1.733563e+09
1     1557.030767    0.000211  0.000432  ...  0.000012  7.456819e+06  1.733563e+09
2     1557.018171    0.000180  0.000502  ...  0.000012  7.480770e+06  1.733563e+09
3     1557.018709    0.000217  0.000481  ...  0.000012  7.651646e+06  1.733563e+09
4     1557.016709    0.000180  0.000503  ...  0.000012  7.536224e+06  1.733563e+09
...           ...         ...       ...  ...       ...           ...           ...
1587  1556.844479    0.000203  0.000428  ...  0.000012  7.543140e+06  1.733579e+09
1588  1556.857176    0.000170  0.000436  ...  0.000012  7.570546e+06  1.733579e+09
1589  1556.855271    0.000200  0.000405  ...  0.000012  7.493759e+06  1.733579e+09
1590  1556.846909    0.000164  0.000408  ...  0.000012  7.579667e+06  1.733579e+09
1591  1556.850769    0.000199  0.000416  ...  0.000012  7.569610e+06  1.733579e+09

[1592 rows x 13 columns]
CHANNEL_0_14
           cbragg  cbragg_err   credchi  ...  cdelta_n            cL     timestamp
0     1557.167216    0.041862  0.093851  ...  0.000012  1.773049e+06  1.733563e+09
1     1557.346277    0.000106  0.000269  ...  0.000012  7.691172e+06  1.733563e+09
2     1557.344947    0.000101  0.000169  ...  0.000012  7.736901e+06  1.733563e+09
3     1557.362733    0.000089  0.000189  ...  0.000012  7.730036e+06  1.733563e+09
4     1557.342970    0.000108  0.000195  ...  0.000012  7.734417e+06  1.733563e+09
...           ...         ...       ...  ...       ...           ...           ...
1587  1557.177354    0.000178  0.000781  ...  0.000012  7.910649e+06  1.733579e+09
1588  1557.169715    0.000208  0.000716  ...  0.000012  8.200405e+06  1.733579e+09
1589  1557.181827    0.000105  0.000271  ...  0.000012  7.636804e+06  1.733579e+09
1590  1557.167799    0.000128  0.000242  ...  0.000012  7.712001e+06  1.733579e+09
1591  1557.180527    0.000107  0.000281  ...  0.000012  7.675022e+06  1.733579e+09

[1592 rows x 13 columns]
CHANNEL_0_15
           cbragg  cbragg_err   credchi  ...  cdelta_n            cL     timestamp
0     1557.334378    0.000150  0.000380  ...  0.000012  7.765943e+06  1.733563e+09
22    1557.318959    0.000170  0.000485  ...  0.000012  7.765642e+06  1.733564e+09
23    1557.325983    0.000142  0.000481  ...  0.000012  7.859380e+06  1.733564e+09
27    1557.331935    0.000128  0.000401  ...  0.000012  7.835274e+06  1.733564e+09
31    1557.321528    0.000204  0.001029  ...  0.000012  8.096641e+06  1.733564e+09
...           ...         ...       ...  ...       ...           ...           ...
1546  1557.157600    0.000149  0.000340  ...  0.000012  7.746657e+06  1.733579e+09
1565  1557.160970    0.000128  0.000401  ...  0.000012  7.620974e+06  1.733579e+09
1574  1557.159475    0.000169  0.000418  ...  0.000012  7.723506e+06  1.733579e+09
1575  1557.170417    0.000134  0.000449  ...  0.000012  7.791179e+06  1.733579e+09
1581  1557.164848    0.000223  0.001212  ...  0.000012  7.949873e+06  1.733579e+09

[245 rows x 13 columns]
CHANNEL_1_1
           cbragg  cbragg_err   credchi  ...  cdelta_n            cL     timestamp
0     1558.193295    0.000958  0.003115  ...  0.000012  2.279525e+06  1.733563e+09
1     1558.193835    0.002185  0.009468  ...  0.000012  1.929414e+06  1.733563e+09
2     1558.193700    0.000102  0.000062  ...  0.000012  2.680805e+06  1.733563e+09
3     1558.192254    0.000094  0.000057  ...  0.000012  2.704447e+06  1.733563e+09
4     1558.192878    0.001232  0.004418  ...  0.000012  2.180209e+06  1.733563e+09
...           ...         ...       ...  ...       ...           ...           ...
1587  1558.039406    0.000600  0.003380  ...  0.000012  3.124748e+06  1.733579e+09
1588  1558.035363    0.000078  0.000035  ...  0.000012  2.704668e+06  1.733579e+09
1589  1558.038064    0.001643  0.006429  ...  0.000012  2.084188e+06  1.733579e+09
1590  1558.041660    0.002078  0.008088  ...  0.000012  1.973612e+06  1.733579e+09
1591  1558.041988    0.000832  0.002521  ...  0.000012  2.341165e+06  1.733579e+09

[1592 rows x 13 columns]
CHANNEL_1_2
           cbragg  cbragg_err   credchi  ...  cdelta_n            cL     timestamp
0     1560.896594    0.001867  0.069792  ...  0.000012  4.102122e+06  1.733563e+09
1     1560.896985    0.002306  0.124281  ...  0.000012  4.652254e+06  1.733563e+09
2     1560.895783    0.001996  0.107799  ...  0.000012  4.626586e+06  1.733563e+09
3     1560.898480    0.000201  0.000349  ...  0.000012  2.710837e+06  1.733563e+09
4     1560.897762    0.001864  0.082888  ...  0.000012  4.338577e+06  1.733563e+09
...           ...         ...       ...  ...       ...           ...           ...
1587  1560.743362    0.001571  0.049435  ...  0.000012  3.979346e+06  1.733579e+09
1588  1560.742524    0.001439  0.042018  ...  0.000012  3.909475e+06  1.733579e+09
1589  1560.742600    0.002474  0.154102  ...  0.000012  4.959322e+06  1.733579e+09
1590  1560.742167    0.001289  0.030287  ...  0.000012  3.726146e+06  1.733579e+09
1591  1560.743293    0.001921  0.085413  ...  0.000012  4.381105e+06  1.733579e+09

[1592 rows x 13 columns]
CHANNEL_1_3
           cbragg  cbragg_err   credchi  ...  cdelta_n            cL     timestamp
0     1563.629946    0.000108  0.000111  ...  0.000012  2.842757e+06  1.733563e+09
1     1563.629671    0.000720  0.003521  ...  0.000012  2.567364e+06  1.733563e+09
2     1563.627520    0.001538  0.045602  ...  0.000012  4.011524e+06  1.733563e+09
3     1563.626070    0.000097  0.000089  ...  0.000012  2.891006e+06  1.733563e+09
4     1563.617922    0.002805  0.209512  ...  0.000012  5.592712e+06  1.733563e+09
...           ...         ...       ...  ...       ...           ...           ...
1587  1563.471621    0.000126  0.000143  ...  0.000012  2.838049e+06  1.733579e+09
1588  1563.464263    0.002734  0.225871  ...  0.000012  5.896614e+06  1.733579e+09
1589  1563.470453    0.000150  0.000192  ...  0.000012  2.820209e+06  1.733579e+09
1590  1563.479104    0.002585  0.169722  ...  0.000012  5.240682e+06  1.733579e+09
1591  1563.472287    0.000043  0.000017  ...  0.000012  2.909612e+06  1.733579e+09

[1592 rows x 13 columns]
CHANNEL_2_1
           cbragg  cbragg_err   credchi  ...  cdelta_n            cL     timestamp
0     1545.626987    0.000732  0.000994  ...  0.000012  3.275399e+06  1.733563e+09
1     1545.626647    0.000499  0.000405  ...  0.000012  3.090623e+06  1.733563e+09
2     1545.625251    0.000096  0.000011  ...  0.000012  2.760107e+06  1.733563e+09
3     1545.622141    0.000263  0.000101  ...  0.000012  2.965929e+06  1.733563e+09
4     1545.624832    0.000279  0.000115  ...  0.000012  2.977325e+06  1.733563e+09
...           ...         ...       ...  ...       ...           ...           ...
1587  1545.476728    0.000066  0.000005  ...  0.000012  2.785055e+06  1.733579e+09
1588  1545.472064    0.000071  0.000006  ...  0.000012  2.781757e+06  1.733579e+09
1589  1545.471544    0.000251  0.000068  ...  0.000012  2.653273e+06  1.733579e+09
1590  1545.474922    0.000071  0.000006  ...  0.000012  2.777470e+06  1.733579e+09
1591  1545.473739    0.000068  0.000006  ...  0.000012  2.793259e+06  1.733579e+09

[1592 rows x 13 columns]
CHANNEL_2_2
           cbragg  cbragg_err   credchi  ...  cdelta_n            cL     timestamp
0     1548.591441    0.000115  0.000012  ...  0.000012  2.701636e+06  1.733563e+09
1     1548.590678    0.001306  0.003564  ...  0.000012  3.619090e+06  1.733563e+09
2     1548.592191    0.000502  0.000309  ...  0.000012  3.005639e+06  1.733563e+09
3     1548.593241    0.000111  0.000013  ...  0.000012  2.753700e+06  1.733563e+09
4     1548.591847    0.000517  0.000347  ...  0.000012  3.048541e+06  1.733563e+09
...           ...         ...       ...  ...       ...           ...           ...
1587  1548.441209    0.000248  0.000058  ...  0.000012  2.588529e+06  1.733579e+09
1588  1548.439761    0.000135  0.000017  ...  0.000012  2.675971e+06  1.733579e+09
1589  1548.441295    0.000121  0.000016  ...  0.000012  2.722725e+06  1.733579e+09
1590  1548.439979    0.000127  0.000015  ...  0.000012  2.692555e+06  1.733579e+09
1591  1548.440884    0.000118  0.000015  ...  0.000012  2.708585e+06  1.733579e+09

[1592 rows x 13 columns]
CHANNEL_2_3
           cbragg  cbragg_err   credchi  ...  cdelta_n            cL     timestamp
0     1551.155954    0.000095  0.000010  ...  0.000012  2.906262e+06  1.733563e+09
1     1551.153183    0.000274  0.000108  ...  0.000012  3.067512e+06  1.733563e+09
2     1551.151848    0.000155  0.000030  ...  0.000012  2.992240e+06  1.733563e+09
3     1551.149994    0.000173  0.000034  ...  0.000012  2.807278e+06  1.733563e+09
4     1551.150570    0.000318  0.000144  ...  0.000012  3.116956e+06  1.733563e+09
...           ...         ...       ...  ...       ...           ...           ...
1587  1550.988710    0.000120  0.000017  ...  0.000012  2.856773e+06  1.733579e+09
1588  1550.989419    0.000087  0.000009  ...  0.000012  2.898476e+06  1.733579e+09
1589  1550.988415    0.000737  0.001054  ...  0.000012  3.429202e+06  1.733579e+09
1590  1550.990706    0.000285  0.000082  ...  0.000012  2.744282e+06  1.733579e+09
1591  1550.989983    0.000135  0.000022  ...  0.000012  2.846404e+06  1.733579e+09

[1592 rows x 13 columns]
CHANNEL_3_1
           cbragg  cbragg_err   credchi  ...  cdelta_n            cL     timestamp
0     1545.166035    0.000164  0.000026  ...  0.000012  7.807652e+06  1.733563e+09
1     1545.157117    0.000299  0.000025  ...  0.000012  7.799133e+06  1.733563e+09
2     1545.166585    0.000149  0.000028  ...  0.000012  7.798088e+06  1.733563e+09
3     1545.156761    0.000110  0.000026  ...  0.000012  7.813661e+06  1.733563e+09
4     1545.166527    0.000112  0.000029  ...  0.000012  7.799848e+06  1.733563e+09
...           ...         ...       ...  ...       ...           ...           ...
1587  1545.142729    0.000106  0.000023  ...  0.000012  7.833093e+06  1.733579e+09
1588  1545.150476    0.000110  0.000027  ...  0.000012  7.813250e+06  1.733579e+09
1589  1545.140697    0.000111  0.000023  ...  0.000012  7.835793e+06  1.733579e+09
1590  1545.150591    0.000109  0.000028  ...  0.000012  7.824910e+06  1.733579e+09
1591  1545.141630    0.000106  0.000023  ...  0.000012  7.833036e+06  1.733579e+09

[1592 rows x 13 columns]
CHANNEL_3_2
           cbragg  cbragg_err   credchi  ...  cdelta_n            cL     timestamp
0     1546.149421    0.000134  0.000063  ...  0.000012  8.036378e+06  1.733563e+09
1     1546.144488    0.000110  0.000033  ...  0.000012  7.820309e+06  1.733563e+09
2     1546.150556    0.000111  0.000041  ...  0.000012  7.799901e+06  1.733563e+09
3     1546.144834    0.000111  0.000033  ...  0.000012  7.810163e+06  1.733563e+09
4     1546.149011    0.000111  0.000041  ...  0.000012  7.794215e+06  1.733563e+09
...           ...         ...       ...  ...       ...           ...           ...
1587  1546.126872    0.000114  0.000036  ...  0.000012  7.798318e+06  1.733579e+09
1588  1546.129998    0.000114  0.000041  ...  0.000012  7.780131e+06  1.733579e+09
1589  1546.125795    0.000113  0.000036  ...  0.000012  7.800391e+06  1.733579e+09
1590  1546.132489    0.000115  0.000042  ...  0.000012  7.885234e+06  1.733579e+09
1591  1546.129540    0.000113  0.000035  ...  0.000012  7.795689e+06  1.733579e+09

[1592 rows x 13 columns]
CHANNEL_3_3
           cbragg  cbragg_err   credchi  ...  cdelta_n            cL     timestamp
0     1547.095599    0.000111  0.000036  ...  0.000012  7.599345e+06  1.733563e+09
1     1547.087814    0.000108  0.000037  ...  0.000012  7.586978e+06  1.733563e+09
2     1547.095514    0.000106  0.000033  ...  0.000012  7.605092e+06  1.733563e+09
3     1547.087083    0.000106  0.000035  ...  0.000012  7.601060e+06  1.733563e+09
4     1547.094527    0.000156  0.000074  ...  0.000012  7.854240e+06  1.733563e+09
...           ...         ...       ...  ...       ...           ...           ...
1587  1547.068590    0.000107  0.000035  ...  0.000012  7.614340e+06  1.733579e+09
1588  1547.077310    0.000104  0.000033  ...  0.000012  7.635210e+06  1.733579e+09
1589  1547.068584    0.000105  0.000034  ...  0.000012  7.624584e+06  1.733579e+09
1590  1547.077314    0.000110  0.000038  ...  0.000012  7.703200e+06  1.733579e+09
1591  1547.069668    0.000105  0.000034  ...  0.000012  7.621126e+06  1.733579e+09

[1592 rows x 13 columns]
CHANNEL_3_4
           cbragg  cbragg_err   credchi  ...  cdelta_n            cL     timestamp
0     1548.038808    0.000098  0.000035  ...  0.000012  7.729061e+06  1.733563e+09
1     1548.027480    0.000096  0.000020  ...  0.000012  7.817266e+06  1.733563e+09
2     1548.039200    0.000097  0.000034  ...  0.000012  7.737624e+06  1.733563e+09
3     1548.027652    0.000095  0.000019  ...  0.000012  7.815588e+06  1.733563e+09
4     1548.037638    0.000098  0.000035  ...  0.000012  7.735717e+06  1.733563e+09
...           ...         ...       ...  ...       ...           ...           ...
1587  1548.009030    0.000098  0.000021  ...  0.000012  7.789889e+06  1.733579e+09
1588  1548.019404    0.000093  0.000031  ...  0.000012  7.726249e+06  1.733579e+09
1589  1548.009835    0.000096  0.000020  ...  0.000012  7.785377e+06  1.733579e+09
1590  1548.019151    0.000097  0.000034  ...  0.000012  7.713659e+06  1.733579e+09
1591  1548.010873    0.000096  0.000020  ...  0.000012  7.810105e+06  1.733579e+09

[1592 rows x 13 columns]
CHANNEL_3_5
           cbragg  cbragg_err   credchi  ...  cdelta_n            cL     timestamp
0     1549.021595    0.000081  0.000016  ...  0.000012  7.586629e+06  1.733563e+09
1     1549.017163    0.000085  0.000025  ...  0.000012  7.555985e+06  1.733563e+09
2     1549.023119    0.000084  0.000017  ...  0.000012  7.563829e+06  1.733563e+09
3     1549.018567    0.000127  0.000057  ...  0.000012  7.790293e+06  1.733563e+09
4     1549.022749    0.000084  0.000017  ...  0.000012  7.573967e+06  1.733563e+09
...           ...         ...       ...  ...       ...           ...           ...
1587  1548.999964    0.000081  0.000022  ...  0.000012  7.569810e+06  1.733579e+09
1588  1549.006579    0.000083  0.000017  ...  0.000012  7.606209e+06  1.733579e+09
1589  1549.001694    0.000081  0.000022  ...  0.000012  7.565605e+06  1.733579e+09
1590  1549.004032    0.000079  0.000016  ...  0.000012  7.628114e+06  1.733579e+09
1591  1548.999902    0.000078  0.000021  ...  0.000012  7.575780e+06  1.733579e+09

[1592 rows x 13 columns]
CHANNEL_3_6
           cbragg  cbragg_err   credchi  ...  cdelta_n            cL     timestamp
0     1549.988716    0.000080  0.000024  ...  0.000012  7.802157e+06  1.733563e+09
1     1549.976058    0.000077  0.000013  ...  0.000012  7.888573e+06  1.733563e+09
2     1549.989311    0.000081  0.000025  ...  0.000012  7.800884e+06  1.733563e+09
3     1549.976489    0.000075  0.000013  ...  0.000012  7.893758e+06  1.733563e+09
4     1549.988994    0.000082  0.000026  ...  0.000012  7.787508e+06  1.733563e+09
...           ...         ...       ...  ...       ...           ...           ...
1587  1549.961344    0.000076  0.000013  ...  0.000012  7.878420e+06  1.733579e+09
1588  1549.973538    0.000081  0.000025  ...  0.000012  7.785615e+06  1.733579e+09
1589  1549.961459    0.000080  0.000014  ...  0.000012  7.867078e+06  1.733579e+09
1590  1549.972333    0.000081  0.000025  ...  0.000012  7.792047e+06  1.733579e+09
1591  1549.961572    0.000076  0.000013  ...  0.000012  7.875761e+06  1.733579e+09

[1592 rows x 13 columns]
CHANNEL_3_7
           cbragg  cbragg_err   credchi  ...  cdelta_n            cL     timestamp
0     1550.986910    0.000090  0.000020  ...  0.000012  7.564433e+06  1.733563e+09
1     1550.985576    0.000088  0.000026  ...  0.000012  7.552536e+06  1.733563e+09
2     1550.988098    0.000087  0.000018  ...  0.000012  7.554496e+06  1.733563e+09
3     1550.986421    0.000087  0.000025  ...  0.000012  7.538543e+06  1.733563e+09
4     1550.987144    0.000088  0.000019  ...  0.000012  7.560978e+06  1.733563e+09
...           ...         ...       ...  ...       ...           ...           ...
1587  1550.971217    0.000087  0.000026  ...  0.000012  7.525547e+06  1.733579e+09
1588  1550.973395    0.000089  0.000018  ...  0.000012  7.571861e+06  1.733579e+09
1589  1550.971752    0.000087  0.000026  ...  0.000012  7.523372e+06  1.733579e+09
1590  1550.969758    0.000088  0.000017  ...  0.000012  7.539087e+06  1.733579e+09
1591  1550.968499    0.000090  0.000027  ...  0.000012  7.506749e+06  1.733579e+09

[1592 rows x 13 columns]
CHANNEL_3_8
           cbragg  cbragg_err   credchi  ...  cdelta_n            cL     timestamp
0     1551.926306    0.000086  0.000020  ...  0.000012  7.714136e+06  1.733563e+09
1     1551.913247    0.000083  0.000014  ...  0.000012  7.735631e+06  1.733563e+09
2     1551.925306    0.000086  0.000020  ...  0.000012  7.697555e+06  1.733563e+09
3     1551.913239    0.000084  0.000014  ...  0.000012  7.745120e+06  1.733563e+09
4     1551.923664    0.000124  0.000042  ...  0.000012  7.872341e+06  1.733563e+09
...           ...         ...       ...  ...       ...           ...           ...
1587  1551.900204    0.000095  0.000016  ...  0.000012  7.807614e+06  1.733579e+09
1588  1551.911460    0.000085  0.000021  ...  0.000012  7.690420e+06  1.733579e+09
1589  1551.899711    0.000086  0.000013  ...  0.000012  7.748648e+06  1.733579e+09
1590  1551.911935    0.000087  0.000022  ...  0.000012  7.689223e+06  1.733579e+09
1591  1551.898069    0.000162  0.000044  ...  0.000012  7.318599e+06  1.733579e+09

[1592 rows x 13 columns]
CHANNEL_3_9
           cbragg  cbragg_err   credchi  ...  cdelta_n            cL     timestamp
0     1552.913595    0.000092  0.000019  ...  0.000012  7.704194e+06  1.733563e+09
1     1552.908341    0.000091  0.000018  ...  0.000012  7.703775e+06  1.733563e+09
2     1552.911355    0.000093  0.000019  ...  0.000012  7.691366e+06  1.733563e+09
3     1552.906259    0.000092  0.000019  ...  0.000012  7.720922e+06  1.733563e+09
4     1552.912506    0.000092  0.000019  ...  0.000012  7.705654e+06  1.733563e+09
...           ...         ...       ...  ...       ...           ...           ...
1587  1552.896971    0.000094  0.000021  ...  0.000012  7.678175e+06  1.733579e+09
1588  1552.898291    0.000093  0.000016  ...  0.000012  7.701538e+06  1.733579e+09
1589  1552.896450    0.000091  0.000020  ...  0.000012  7.675285e+06  1.733579e+09
1590  1552.898588    0.000092  0.000016  ...  0.000012  7.707438e+06  1.733579e+09
1591  1552.895485    0.000094  0.000021  ...  0.000012  7.588210e+06  1.733579e+09

[1592 rows x 13 columns]
CHANNEL_3_10
           cbragg  cbragg_err   credchi  ...  cdelta_n            cL     timestamp
0     1553.909996    0.000099  0.000018  ...  0.000012  7.770884e+06  1.733563e+09
1     1553.902154    0.000101  0.000021  ...  0.000012  7.755018e+06  1.733563e+09
2     1553.907424    0.000103  0.000019  ...  0.000012  7.706701e+06  1.733563e+09
3     1553.900268    0.000101  0.000020  ...  0.000012  7.750365e+06  1.733563e+09
4     1553.907274    0.000098  0.000018  ...  0.000012  7.768865e+06  1.733563e+09
...           ...         ...       ...  ...       ...           ...           ...
1587  1553.887216    0.000100  0.000018  ...  0.000012  7.783747e+06  1.733579e+09
1588  1553.895319    0.000103  0.000022  ...  0.000012  7.751890e+06  1.733579e+09
1589  1553.886786    0.000099  0.000018  ...  0.000012  7.791984e+06  1.733579e+09
1590  1553.896761    0.000102  0.000021  ...  0.000012  7.756679e+06  1.733579e+09
1591  1553.886714    0.000104  0.000019  ...  0.000012  7.783480e+06  1.733579e+09

[1592 rows x 13 columns]
CHANNEL_3_11
           cbragg  cbragg_err   credchi  ...  cdelta_n            cL     timestamp
0     1554.859433    0.000128  0.000045  ...  0.000012  7.801507e+06  1.733563e+09
1     1554.853074    0.000160  0.000051  ...  0.000012  7.588285e+06  1.733563e+09
2     1554.857172    0.000128  0.000045  ...  0.000012  7.873032e+06  1.733563e+09
3     1554.851262    0.000130  0.000035  ...  0.000012  7.907876e+06  1.733563e+09
4     1554.857556    0.000128  0.000045  ...  0.000012  7.873955e+06  1.733563e+09
...           ...         ...       ...  ...       ...           ...           ...
1587  1554.840549    0.000132  0.000041  ...  0.000012  7.864659e+06  1.733579e+09
1588  1554.842004    0.000129  0.000040  ...  0.000012  7.865582e+06  1.733579e+09
1589  1554.840436    0.000131  0.000040  ...  0.000012  7.864407e+06  1.733579e+09
1590  1554.842584    0.000132  0.000041  ...  0.000012  7.863704e+06  1.733579e+09
1591  1554.840019    0.000131  0.000040  ...  0.000012  7.862125e+06  1.733579e+09

[1592 rows x 13 columns]
CHANNEL_3_12
           cbragg  cbragg_err   credchi  ...  cdelta_n            cL     timestamp
0     1555.812680    0.000101  0.000020  ...  0.000012  7.813571e+06  1.733563e+09
1     1555.807132    0.000098  0.000023  ...  0.000012  7.813503e+06  1.733563e+09
2     1555.810302    0.000099  0.000019  ...  0.000012  7.845392e+06  1.733563e+09
3     1555.805398    0.000097  0.000022  ...  0.000012  7.821510e+06  1.733563e+09
4     1555.812216    0.000101  0.000020  ...  0.000012  7.811814e+06  1.733563e+09
...           ...         ...       ...  ...       ...           ...           ...
1587  1555.788795    0.000094  0.000020  ...  0.000012  7.824721e+06  1.733579e+09
1588  1555.794489    0.000097  0.000019  ...  0.000012  7.841472e+06  1.733579e+09
1589  1555.788263    0.000093  0.000020  ...  0.000012  7.852002e+06  1.733579e+09
1590  1555.795320    0.000100  0.000020  ...  0.000012  7.854373e+06  1.733579e+09
1591  1555.788135    0.000097  0.000021  ...  0.000012  7.779482e+06  1.733579e+09

[1592 rows x 13 columns]
CHANNEL_3_13
           cbragg  cbragg_err   credchi  ...  cdelta_n            cL     timestamp
0     1556.714071    0.000234  0.000143  ...  0.000012  7.637858e+06  1.733563e+09
1     1556.702344    0.000224  0.000090  ...  0.000012  7.668885e+06  1.733563e+09
2     1556.703938    0.000153  0.000059  ...  0.000012  7.516866e+06  1.733563e+09
3     1556.691420    0.000143  0.000035  ...  0.000012  7.535424e+06  1.733563e+09
4     1556.702964    0.000224  0.000129  ...  0.000012  7.608156e+06  1.733563e+09
...           ...         ...       ...  ...       ...           ...           ...
1587  1556.615958    0.000185  0.000054  ...  0.000012  7.545845e+06  1.733579e+09
1588  1556.645078    0.000215  0.000129  ...  0.000012  7.660710e+06  1.733579e+09
1589  1556.631343    0.000254  0.000105  ...  0.000012  7.636485e+06  1.733579e+09
1590  1556.633951    0.000185  0.000095  ...  0.000012  7.629244e+06  1.733579e+09
1591  1556.623166    0.000233  0.000087  ...  0.000012  7.586484e+06  1.733579e+09

[1592 rows x 13 columns]
CHANNEL_3_14
           cbragg  cbragg_err   credchi  ...  cdelta_n            cL     timestamp
0     1557.002241    0.000267  0.000164  ...  0.000012  7.840435e+06  1.733563e+09
1     1556.999690    0.000254  0.000124  ...  0.000012  7.799139e+06  1.733563e+09
2     1557.014360    0.000232  0.000119  ...  0.000012  7.703447e+06  1.733563e+09
3     1557.018561    0.000204  0.000080  ...  0.000012  7.720214e+06  1.733563e+09
4     1556.995126    0.000261  0.000153  ...  0.000012  7.767567e+06  1.733563e+09
...           ...         ...       ...  ...       ...           ...           ...
1587  1556.927139    0.000249  0.000133  ...  0.000012  7.655989e+06  1.733579e+09
1588  1556.931885    0.000294  0.000159  ...  0.000012  7.719361e+06  1.733579e+09
1589  1556.928597    0.000263  0.000150  ...  0.000012  7.692093e+06  1.733579e+09
1590  1556.930851    0.000279  0.000140  ...  0.000012  7.688137e+06  1.733579e+09
1591  1556.928986    0.000251  0.000135  ...  0.000012  7.668417e+06  1.733579e+09

[1592 rows x 13 columns]
