CHANNEL_0_1
           cbragg  cbragg_err   credchi  ...  cdelta_n            cL     timestamp
0     1544.228821    0.000100  0.000041  ...  0.000012  7.701521e+06  1.737977e+09
1     1544.230648    0.000133  0.000055  ...  0.000012  7.636364e+06  1.737977e+09
2     1544.228925    0.000101  0.000042  ...  0.000012  7.695546e+06  1.737977e+09
3     1544.230578    0.000126  0.000054  ...  0.000012  7.643679e+06  1.737977e+09
4     1544.228807    0.000099  0.000042  ...  0.000012  7.702716e+06  1.737977e+09
...           ...         ...       ...  ...       ...           ...           ...
1587  1544.230527    0.000107  0.000055  ...  0.000012  7.642903e+06  1.737993e+09
1588  1544.228693    0.000180  0.000041  ...  0.000012  7.700419e+06  1.737993e+09
1589  1544.230596    0.000103  0.000056  ...  0.000012  7.641077e+06  1.737993e+09
1590  1544.228750    0.000097  0.000040  ...  0.000012  7.708976e+06  1.737993e+09
1591  1544.230513    0.000101  0.000054  ...  0.000012  7.651430e+06  1.737993e+09

[1592 rows x 13 columns]
CHANNEL_0_2
           cbragg  cbragg_err   credchi  ...  cdelta_n            cL     timestamp
0     1545.183192    0.000083  0.000018  ...  0.000012  7.675400e+06  1.737977e+09
1     1545.184287    0.000083  0.000014  ...  0.000012  7.683338e+06  1.737977e+09
2     1545.183203    0.000081  0.000017  ...  0.000012  7.678270e+06  1.737977e+09
3     1545.184106    0.000086  0.000015  ...  0.000012  7.674935e+06  1.737977e+09
4     1545.183069    0.000092  0.000019  ...  0.000012  7.667280e+06  1.737977e+09
...           ...         ...       ...  ...       ...           ...           ...
1587  1545.184098    0.000088  0.000014  ...  0.000012  7.688686e+06  1.737993e+09
1588  1545.183238    0.000082  0.000018  ...  0.000012  7.676484e+06  1.737993e+09
1589  1545.184056    0.000085  0.000015  ...  0.000012  7.690260e+06  1.737993e+09
1590  1545.183180    0.000082  0.000018  ...  0.000012  7.684104e+06  1.737993e+09
1591  1545.184158    0.000084  0.000014  ...  0.000012  7.683610e+06  1.737993e+09

[1592 rows x 13 columns]
CHANNEL_0_3
           cbragg  cbragg_err   credchi  ...  cdelta_n            cL     timestamp
0     1546.169223    0.000111  0.000048  ...  0.000012  7.652812e+06  1.737977e+09
1     1546.167327    0.000112  0.000048  ...  0.000012  7.624590e+06  1.737977e+09
2     1546.169097    0.000111  0.000048  ...  0.000012  7.654395e+06  1.737977e+09
3     1546.167284    0.000110  0.000047  ...  0.000012  7.623227e+06  1.737977e+09
4     1546.169189    0.000127  0.000062  ...  0.000012  7.750316e+06  1.737977e+09
...           ...         ...       ...  ...       ...           ...           ...
1587  1546.167282    0.000111  0.000047  ...  0.000012  7.579974e+06  1.737993e+09
1588  1546.169023    0.000114  0.000050  ...  0.000012  7.645720e+06  1.737993e+09
1589  1546.167281    0.000110  0.000047  ...  0.000012  7.618094e+06  1.737993e+09
1590  1546.169055    0.000110  0.000047  ...  0.000012  7.651185e+06  1.737993e+09
1591  1546.167314    0.000112  0.000048  ...  0.000012  7.613582e+06  1.737993e+09

[1592 rows x 13 columns]
CHANNEL_0_4
           cbragg  cbragg_err   credchi  ...  cdelta_n            cL     timestamp
0     1547.161058    0.000113  0.000054  ...  0.000012  7.848071e+06  1.737977e+09
1     1547.162678    0.000119  0.000049  ...  0.000012  7.852408e+06  1.737977e+09
2     1547.160977    0.000115  0.000055  ...  0.000012  7.835827e+06  1.737977e+09
3     1547.162657    0.000118  0.000048  ...  0.000012  7.867480e+06  1.737977e+09
4     1547.161047    0.000114  0.000055  ...  0.000012  7.838259e+06  1.737977e+09
...           ...         ...       ...  ...       ...           ...           ...
1587  1547.162438    0.000118  0.000048  ...  0.000012  7.850969e+06  1.737993e+09
1588  1547.161029    0.000114  0.000055  ...  0.000012  7.846348e+06  1.737993e+09
1589  1547.162490    0.000119  0.000049  ...  0.000012  7.855413e+06  1.737993e+09
1590  1547.160936    0.000115  0.000056  ...  0.000012  7.835778e+06  1.737993e+09
1591  1547.162483    0.000117  0.000047  ...  0.000012  7.848862e+06  1.737993e+09

[1592 rows x 13 columns]
CHANNEL_0_5
           cbragg  cbragg_err   credchi  ...  cdelta_n            cL     timestamp
0     1548.135627    0.000094  0.000033  ...  0.000012  7.698900e+06  1.737977e+09
1     1548.139057    0.000094  0.000050  ...  0.000012  7.632162e+06  1.737977e+09
2     1548.135666    0.000094  0.000034  ...  0.000012  7.698093e+06  1.737977e+09
3     1548.139095    0.000092  0.000048  ...  0.000012  7.639674e+06  1.737977e+09
4     1548.135620    0.000096  0.000034  ...  0.000012  7.692059e+06  1.737977e+09
...           ...         ...       ...  ...       ...           ...           ...
1587  1548.139038    0.000092  0.000048  ...  0.000012  7.635529e+06  1.737993e+09
1588  1548.135513    0.000095  0.000034  ...  0.000012  7.701000e+06  1.737993e+09
1589  1548.139056    0.000094  0.000050  ...  0.000012  7.638139e+06  1.737993e+09
1590  1548.135359    0.000112  0.000048  ...  0.000012  7.886554e+06  1.737993e+09
1591  1548.139009    0.000125  0.000092  ...  0.000012  7.855281e+06  1.737993e+09

[1592 rows x 13 columns]
CHANNEL_0_6
           cbragg  cbragg_err   credchi  ...  cdelta_n            cL     timestamp
0     1549.122048    0.000083  0.000046  ...  0.000012  7.462159e+06  1.737977e+09
1     1549.114359    0.000078  0.000024  ...  0.000012  7.531337e+06  1.737977e+09
2     1549.122735    0.000202  0.000275  ...  0.000012  7.789895e+06  1.737977e+09
3     1549.114485    0.000084  0.000028  ...  0.000012  7.607286e+06  1.737977e+09
4     1549.122226    0.000129  0.000117  ...  0.000012  7.743676e+06  1.737977e+09
...           ...         ...       ...  ...       ...           ...           ...
1587  1549.114279    0.000078  0.000024  ...  0.000012  7.509369e+06  1.737993e+09
1588  1549.121941    0.000085  0.000047  ...  0.000012  7.434087e+06  1.737993e+09
1589  1549.114232    0.000077  0.000024  ...  0.000012  7.530742e+06  1.737993e+09
1590  1549.121984    0.000084  0.000047  ...  0.000012  7.449876e+06  1.737993e+09
1591  1549.114305    0.000101  0.000042  ...  0.000012  7.720102e+06  1.737993e+09

[1592 rows x 13 columns]
CHANNEL_0_7
           cbragg  cbragg_err   credchi  ...  cdelta_n            cL     timestamp
0     1550.117461    0.000120  0.000043  ...  0.000012  7.628697e+06  1.737977e+09
1     1550.122108    0.000118  0.000049  ...  0.000012  7.642507e+06  1.737977e+09
2     1550.117611    0.000120  0.000043  ...  0.000012  7.618866e+06  1.737977e+09
3     1550.122268    0.000118  0.000049  ...  0.000012  7.641334e+06  1.737977e+09
4     1550.117599    0.000120  0.000043  ...  0.000012  7.629782e+06  1.737977e+09
...           ...         ...       ...  ...       ...           ...           ...
1587  1550.122157    0.000118  0.000049  ...  0.000012  7.643204e+06  1.737993e+09
1588  1550.117346    0.000120  0.000043  ...  0.000012  7.619698e+06  1.737993e+09
1589  1550.122203    0.000116  0.000048  ...  0.000012  7.642372e+06  1.737993e+09
1590  1550.117394    0.000119  0.000043  ...  0.000012  7.626544e+06  1.737993e+09
1591  1550.122159    0.000117  0.000048  ...  0.000012  7.648995e+06  1.737993e+09

[1592 rows x 13 columns]
CHANNEL_0_8
           cbragg  cbragg_err   credchi  ...  cdelta_n            cL     timestamp
0     1551.091893    0.000072  0.000016  ...  0.000012  7.610830e+06  1.737977e+09
1     1551.091994    0.000073  0.000019  ...  0.000012  7.587649e+06  1.737977e+09
2     1551.091924    0.000074  0.000017  ...  0.000012  7.604484e+06  1.737977e+09
3     1551.091961    0.000072  0.000019  ...  0.000012  7.589588e+06  1.737977e+09
4     1551.091836    0.000074  0.000017  ...  0.000012  7.604286e+06  1.737977e+09
...           ...         ...       ...  ...       ...           ...           ...
1587  1551.092556    0.000071  0.000019  ...  0.000012  7.591237e+06  1.737993e+09
1588  1551.092296    0.000074  0.000017  ...  0.000012  7.607367e+06  1.737993e+09
1589  1551.092544    0.000072  0.000019  ...  0.000012  7.584341e+06  1.737993e+09
1590  1551.092321    0.000074  0.000017  ...  0.000012  7.607881e+06  1.737993e+09
1591  1551.092553    0.000072  0.000019  ...  0.000012  7.592675e+06  1.737993e+09

[1592 rows x 13 columns]
CHANNEL_0_9
           cbragg  cbragg_err   credchi  ...  cdelta_n            cL     timestamp
0     1552.077138    0.000115  0.000046  ...  0.000012  7.885960e+06  1.737977e+09
1     1552.072549    0.000090  0.000019  ...  0.000012  7.690003e+06  1.737977e+09
2     1552.077183    0.000089  0.000027  ...  0.000012  7.662982e+06  1.737977e+09
3     1552.072570    0.000093  0.000020  ...  0.000012  7.692744e+06  1.737977e+09
4     1552.077105    0.000088  0.000026  ...  0.000012  7.669639e+06  1.737977e+09
...           ...         ...       ...  ...       ...           ...           ...
1587  1552.073250    0.000089  0.000018  ...  0.000012  7.691090e+06  1.737993e+09
1588  1552.077666    0.000089  0.000027  ...  0.000012  7.685171e+06  1.737993e+09
1589  1552.073319    0.000090  0.000019  ...  0.000012  7.694899e+06  1.737993e+09
1590  1552.077664    0.000087  0.000026  ...  0.000012  7.665960e+06  1.737993e+09
1591  1552.073242    0.000091  0.000019  ...  0.000012  7.692145e+06  1.737993e+09

[1592 rows x 13 columns]
CHANNEL_0_10
           cbragg  cbragg_err   credchi  ...  cdelta_n            cL     timestamp
0     1553.077973    0.000090  0.000018  ...  0.000012  7.726131e+06  1.737977e+09
1     1553.081395    0.000089  0.000020  ...  0.000012  7.696908e+06  1.737977e+09
2     1553.077938    0.000090  0.000017  ...  0.000012  7.722563e+06  1.737977e+09
3     1553.081362    0.000089  0.000020  ...  0.000012  7.719057e+06  1.737977e+09
4     1553.077879    0.000090  0.000018  ...  0.000012  7.670159e+06  1.737977e+09
...           ...         ...       ...  ...       ...           ...           ...
1587  1553.081963    0.000090  0.000021  ...  0.000012  7.695874e+06  1.737993e+09
1588  1553.078408    0.000088  0.000017  ...  0.000012  7.720683e+06  1.737993e+09
1589  1553.081944    0.000090  0.000021  ...  0.000012  7.703619e+06  1.737993e+09
1590  1553.078391    0.000090  0.000018  ...  0.000012  7.720877e+06  1.737993e+09
1591  1553.081896    0.000090  0.000020  ...  0.000012  7.705847e+06  1.737993e+09

[1592 rows x 13 columns]
CHANNEL_0_11
           cbragg  cbragg_err   credchi  ...  cdelta_n            cL     timestamp
0     1554.092450    0.000075  0.000014  ...  0.000012  7.684447e+06  1.737977e+09
1     1554.085828    0.000073  0.000010  ...  0.000012  7.651724e+06  1.737977e+09
2     1554.092316    0.000074  0.000014  ...  0.000012  7.623949e+06  1.737977e+09
3     1554.085719    0.000071  0.000009  ...  0.000012  7.662151e+06  1.737977e+09
4     1554.092428    0.000069  0.000012  ...  0.000012  7.649185e+06  1.737977e+09
...           ...         ...       ...  ...       ...           ...           ...
1587  1554.086376    0.000075  0.000011  ...  0.000012  7.650040e+06  1.737993e+09
1588  1554.092827    0.000074  0.000014  ...  0.000012  7.635494e+06  1.737993e+09
1589  1554.086421    0.000074  0.000010  ...  0.000012  7.655552e+06  1.737993e+09
1590  1554.092914    0.000069  0.000012  ...  0.000012  7.649895e+06  1.737993e+09
1591  1554.086333    0.000074  0.000010  ...  0.000012  7.644059e+06  1.737993e+09

[1592 rows x 13 columns]
CHANNEL_0_12
           cbragg  cbragg_err   credchi  ...  cdelta_n            cL     timestamp
0     1555.113813    0.000114  0.000051  ...  0.000012  7.506201e+06  1.737977e+09
1     1555.112354    0.000115  0.000043  ...  0.000012  7.536559e+06  1.737977e+09
2     1555.113828    0.000112  0.000050  ...  0.000012  7.517024e+06  1.737977e+09
3     1555.112356    0.000116  0.000043  ...  0.000012  7.520753e+06  1.737977e+09
4     1555.113812    0.000112  0.000050  ...  0.000012  7.522001e+06  1.737977e+09
...           ...         ...       ...  ...       ...           ...           ...
1587  1555.112830    0.000115  0.000043  ...  0.000012  7.537057e+06  1.737993e+09
1588  1555.114310    0.000112  0.000050  ...  0.000012  7.515955e+06  1.737993e+09
1589  1555.112825    0.000115  0.000043  ...  0.000012  7.546452e+06  1.737993e+09
1590  1555.114202    0.000112  0.000051  ...  0.000012  7.525228e+06  1.737993e+09
1591  1555.112818    0.000114  0.000042  ...  0.000012  7.540677e+06  1.737993e+09

[1592 rows x 13 columns]
CHANNEL_0_13
           cbragg  cbragg_err   credchi  ...  cdelta_n            cL     timestamp
0     1556.087622    0.000142  0.000037  ...  0.000012  7.688060e+06  1.737977e+09
1     1556.088266    0.000138  0.000045  ...  0.000012  7.638228e+06  1.737977e+09
2     1556.087668    0.000141  0.000036  ...  0.000012  7.679114e+06  1.737977e+09
3     1556.088225    0.000137  0.000045  ...  0.000012  7.641818e+06  1.737977e+09
4     1556.087525    0.000143  0.000037  ...  0.000012  7.665079e+06  1.737977e+09
...           ...         ...       ...  ...       ...           ...           ...
1587  1556.088690    0.000135  0.000044  ...  0.000012  7.650381e+06  1.737993e+09
1588  1556.087999    0.000140  0.000035  ...  0.000012  7.674494e+06  1.737993e+09
1589  1556.088645    0.000140  0.000047  ...  0.000012  7.663430e+06  1.737993e+09
1590  1556.087883    0.000146  0.000039  ...  0.000012  7.698942e+06  1.737993e+09
1591  1556.088745    0.000137  0.000045  ...  0.000012  7.640455e+06  1.737993e+09

[1592 rows x 13 columns]
CHANNEL_0_14
           cbragg  cbragg_err   credchi  ...  cdelta_n            cL     timestamp
0     1557.062096    0.000098  0.000044  ...  0.000012  7.620969e+06  1.737977e+09
1     1557.055265    0.000095  0.000022  ...  0.000012  7.700383e+06  1.737977e+09
2     1557.062614    0.000226  0.000237  ...  0.000012  8.069628e+06  1.737977e+09
3     1557.055303    0.000094  0.000022  ...  0.000012  7.700852e+06  1.737977e+09
4     1557.062181    0.000162  0.000126  ...  0.000012  7.988176e+06  1.737977e+09
...           ...         ...       ...  ...       ...           ...           ...
1587  1557.055780    0.000094  0.000022  ...  0.000012  7.712367e+06  1.737993e+09
1588  1557.062604    0.000103  0.000050  ...  0.000012  7.740762e+06  1.737993e+09
1589  1557.055756    0.000093  0.000022  ...  0.000012  7.705267e+06  1.737993e+09
1590  1557.062623    0.000131  0.000078  ...  0.000012  7.738951e+06  1.737993e+09
1591  1557.055784    0.000093  0.000022  ...  0.000012  7.706517e+06  1.737993e+09

[1592 rows x 13 columns]
CHANNEL_1_1
           cbragg  cbragg_err   credchi  ...  cdelta_n            cL     timestamp
0     1555.126572    0.000085  0.000005  ...  0.000012  2.628755e+06  1.737977e+09
1     1555.129037    0.001325  0.002921  ...  0.000012  3.508852e+06  1.737977e+09
2     1555.126724    0.000145  0.000016  ...  0.000012  2.650122e+06  1.737977e+09
3     1555.130185    0.000086  0.000006  ...  0.000012  2.627768e+06  1.737977e+09
4     1555.126560    0.000086  0.000006  ...  0.000012  2.609209e+06  1.737977e+09
...           ...         ...       ...  ...       ...           ...           ...
1587  1555.129786    0.000465  0.000241  ...  0.000012  2.918198e+06  1.737993e+09
1588  1555.126826    0.000088  0.000006  ...  0.000012  2.610109e+06  1.737993e+09
1589  1555.129667    0.000841  0.000967  ...  0.000012  3.172809e+06  1.737993e+09
1590  1555.127288    0.000790  0.000293  ...  0.000012  2.268612e+06  1.737993e+09
1591  1555.130184    0.000144  0.000016  ...  0.000012  2.576920e+06  1.737993e+09

[1592 rows x 13 columns]
CHANNEL_1_2
           cbragg  cbragg_err   credchi  ...  cdelta_n            cL     timestamp
0     1558.275877    0.000234  0.000069  ...  0.000012  2.691576e+06  1.737977e+09
1     1558.279043    0.000221  0.000060  ...  0.000012  2.700935e+06  1.737977e+09
2     1558.273819    0.001164  0.003624  ...  0.000012  3.617625e+06  1.737977e+09
3     1558.278954    0.000113  0.000018  ...  0.000012  2.793483e+06  1.737977e+09
4     1558.274250    0.000815  0.001563  ...  0.000012  3.371969e+06  1.737977e+09
...           ...         ...       ...  ...       ...           ...           ...
1587  1558.277211    0.000954  0.002243  ...  0.000012  3.490874e+06  1.737993e+09
1588  1558.275805    0.000116  0.000019  ...  0.000012  2.781661e+06  1.737993e+09
1589  1558.278366    0.000625  0.000391  ...  0.000012  2.508824e+06  1.737993e+09
1590  1558.275790    0.000511  0.000409  ...  0.000012  2.974930e+06  1.737993e+09
1591  1558.277972    0.000596  0.000719  ...  0.000012  3.205680e+06  1.737993e+09

[1592 rows x 13 columns]
CHANNEL_1_3
           cbragg  cbragg_err   credchi  ...  cdelta_n            cL     timestamp
0     1561.090192    0.000049  0.000004  ...  0.000012  2.909766e+06  1.737977e+09
1     1561.086859    0.000044  0.000003  ...  0.000012  2.913751e+06  1.737977e+09
2     1561.090013    0.000044  0.000003  ...  0.000012  2.911557e+06  1.737977e+09
3     1561.087176    0.000073  0.000008  ...  0.000012  2.931563e+06  1.737977e+09
4     1561.090268    0.000054  0.000005  ...  0.000012  2.917598e+06  1.737977e+09
...           ...         ...       ...  ...       ...           ...           ...
1587  1561.087253    0.000137  0.000029  ...  0.000012  2.899412e+06  1.737993e+09
1588  1561.090645    0.000041  0.000003  ...  0.000012  2.927441e+06  1.737993e+09
1589  1561.087334    0.000040  0.000002  ...  0.000012  2.923861e+06  1.737993e+09
1590  1561.090558    0.000048  0.000004  ...  0.000012  2.911784e+06  1.737993e+09
1591  1561.087285    0.000685  0.001121  ...  0.000012  3.452040e+06  1.737993e+09

[1592 rows x 13 columns]
CHANNEL_2_1
           cbragg  cbragg_err   credchi  ...  cdelta_n            cL     timestamp
0     1542.578086    0.000064  0.000004  ...  0.000012  2.749326e+06  1.737977e+09
1     1542.577621    0.000072  0.000004  ...  0.000012  2.746267e+06  1.737977e+09
2     1542.577927    0.000069  0.000004  ...  0.000012  2.746457e+06  1.737977e+09
3     1542.577580    0.000076  0.000004  ...  0.000012  2.745787e+06  1.737977e+09
4     1542.578720    0.009368  0.003696  ...  0.000012  1.199130e+06  1.737977e+09
...           ...         ...       ...  ...       ...           ...           ...
1587  1542.577443    0.000075  0.000005  ...  0.000012  2.744106e+06  1.737993e+09
1588  1542.578138    0.000066  0.000004  ...  0.000012  2.747976e+06  1.737993e+09
1589  1542.577629    0.000071  0.000004  ...  0.000012  2.745144e+06  1.737993e+09
1590  1542.578075    0.000068  0.000004  ...  0.000012  2.746102e+06  1.737993e+09
1591  1542.589728    0.010762  0.003694  ...  0.000012  1.188944e+06  1.737993e+09

[1592 rows x 13 columns]
CHANNEL_2_2
           cbragg  cbragg_err   credchi  ...  cdelta_n            cL     timestamp
0     1546.011829    0.000717  0.000254  ...  0.000012  2.332511e+06  1.737977e+09
1     1546.013743    0.000620  0.000427  ...  0.000012  2.973606e+06  1.737977e+09
2     1546.012811    0.000147  0.000017  ...  0.000012  2.661236e+06  1.737977e+09
3     1546.013724    0.000603  0.000464  ...  0.000012  3.056013e+06  1.737977e+09
4     1546.012785    0.000765  0.000757  ...  0.000012  3.181269e+06  1.737977e+09
...           ...         ...       ...  ...       ...           ...           ...
1587  1546.013231    0.000149  0.000019  ...  0.000012  2.665018e+06  1.737993e+09
1588  1546.012466    0.000631  0.000213  ...  0.000012  2.370763e+06  1.737993e+09
1589  1546.012548    0.000868  0.000378  ...  0.000012  2.274157e+06  1.737993e+09
1590  1546.012690    0.000150  0.000017  ...  0.000012  2.664348e+06  1.737993e+09
1591  1546.013580    0.001035  0.001848  ...  0.000012  3.430428e+06  1.737993e+09

[1592 rows x 13 columns]
CHANNEL_2_3
           cbragg  cbragg_err   credchi  ...  cdelta_n            cL     timestamp
0     1548.602551    0.000513  0.000340  ...  0.000012  3.181849e+06  1.737977e+09
1     1548.605347    0.000312  0.000124  ...  0.000012  3.060665e+06  1.737977e+09
2     1548.603394    0.000111  0.000013  ...  0.000012  2.867931e+06  1.737977e+09
3     1548.605500    0.000107  0.000013  ...  0.000012  2.886945e+06  1.737977e+09
4     1548.603252    0.000120  0.000014  ...  0.000012  2.858040e+06  1.737977e+09
...           ...         ...       ...  ...       ...           ...           ...
1587  1548.605929    0.000103  0.000012  ...  0.000012  2.888128e+06  1.737993e+09
1588  1548.604160    0.000096  0.000010  ...  0.000012  2.887149e+06  1.737993e+09
1589  1548.606135    0.000104  0.000012  ...  0.000012  2.890459e+06  1.737993e+09
1590  1548.604029    0.000113  0.000013  ...  0.000012  2.852783e+06  1.737993e+09
1591  1548.605796    0.000106  0.000013  ...  0.000012  2.910669e+06  1.737993e+09

[1592 rows x 13 columns]
CHANNEL_3_1
           cbragg  cbragg_err   credchi  ...  cdelta_n            cL     timestamp
0     1543.638066    0.000116  0.000024  ...  0.000012  7.841233e+06  1.737977e+09
1     1543.625213    0.000104  0.000014  ...  0.000012  7.905957e+06  1.737977e+09
2     1543.638072    0.000103  0.000023  ...  0.000012  7.838559e+06  1.737977e+09
3     1543.625272    0.000104  0.000015  ...  0.000012  7.895577e+06  1.737977e+09
4     1543.637951    0.000113  0.000023  ...  0.000012  7.844875e+06  1.737977e+09
...           ...         ...       ...  ...       ...           ...           ...
1587  1543.625060    0.000123  0.000014  ...  0.000012  7.902510e+06  1.737993e+09
1588  1543.638131    0.000131  0.000023  ...  0.000012  7.838561e+06  1.737993e+09
1589  1543.625106    0.000118  0.000015  ...  0.000012  7.899386e+06  1.737993e+09
1590  1543.638125    0.000118  0.000024  ...  0.000012  7.832231e+06  1.737993e+09
1591  1543.625141    0.000102  0.000014  ...  0.000012  7.906683e+06  1.737993e+09

[1592 rows x 13 columns]
CHANNEL_3_2
           cbragg  cbragg_err   credchi  ...  cdelta_n            cL     timestamp
0     1544.663861    0.000170  0.000029  ...  0.000012  7.881071e+06  1.737977e+09
1     1544.656518    0.000114  0.000033  ...  0.000012  7.841359e+06  1.737977e+09
2     1544.663758    0.000218  0.000030  ...  0.000012  7.873740e+06  1.737977e+09
3     1544.656490    0.000261  0.000033  ...  0.000012  7.844796e+06  1.737977e+09
4     1544.663730    0.000114  0.000029  ...  0.000012  7.870070e+06  1.737977e+09
...           ...         ...       ...  ...       ...           ...           ...
1587  1544.656682    0.000220  0.000033  ...  0.000012  7.835553e+06  1.737993e+09
1588  1544.663745    0.000115  0.000029  ...  0.000012  7.864947e+06  1.737993e+09
1589  1544.656658    0.000113  0.000034  ...  0.000012  7.835386e+06  1.737993e+09
1590  1544.663666    0.000135  0.000030  ...  0.000012  7.865708e+06  1.737993e+09
1591  1544.656728    0.000221  0.000033  ...  0.000012  7.840604e+06  1.737993e+09

[1592 rows x 13 columns]
CHANNEL_3_3
           cbragg  cbragg_err   credchi  ...  cdelta_n            cL     timestamp
0     1545.662242    0.000108  0.000035  ...  0.000012  7.603792e+06  1.737977e+09
1     1545.653651    0.000110  0.000024  ...  0.000012  7.587408e+06  1.737977e+09
2     1545.662171    0.000107  0.000034  ...  0.000012  7.604821e+06  1.737977e+09
3     1545.653544    0.000107  0.000023  ...  0.000012  7.573319e+06  1.737977e+09
4     1545.662209    0.000128  0.000051  ...  0.000012  7.789571e+06  1.737977e+09
...           ...         ...       ...  ...       ...           ...           ...
1587  1545.653506    0.000108  0.000023  ...  0.000012  7.618103e+06  1.737993e+09
1588  1545.662108    0.000106  0.000034  ...  0.000012  7.606999e+06  1.737993e+09
1589  1545.653625    0.000106  0.000023  ...  0.000012  7.614408e+06  1.737993e+09
1590  1545.662315    0.000108  0.000035  ...  0.000012  7.606642e+06  1.737993e+09
1591  1545.653831    0.000124  0.000030  ...  0.000012  7.410771e+06  1.737993e+09

[1592 rows x 13 columns]
CHANNEL_3_4
           cbragg  cbragg_err   credchi  ...  cdelta_n            cL     timestamp
0     1546.635935    0.000096  0.000023  ...  0.000012  7.776755e+06  1.737977e+09
1     1546.625332    0.000095  0.000020  ...  0.000012  7.777093e+06  1.737977e+09
2     1546.635805    0.000096  0.000023  ...  0.000012  7.778468e+06  1.737977e+09
3     1546.625303    0.000095  0.000020  ...  0.000012  7.776043e+06  1.737977e+09
4     1546.635980    0.000096  0.000023  ...  0.000012  7.787503e+06  1.737977e+09
...           ...         ...       ...  ...       ...           ...           ...
1587  1546.625408    0.000096  0.000021  ...  0.000012  7.771952e+06  1.737993e+09
1588  1546.635857    0.000094  0.000022  ...  0.000012  7.781970e+06  1.737993e+09
1589  1546.625482    0.000096  0.000021  ...  0.000012  7.718536e+06  1.737993e+09
1590  1546.635890    0.000096  0.000023  ...  0.000012  7.769570e+06  1.737993e+09
1591  1546.625519    0.000096  0.000021  ...  0.000012  7.770699e+06  1.737993e+09

[1592 rows x 13 columns]
CHANNEL_3_5
           cbragg  cbragg_err   credchi  ...  cdelta_n            cL     timestamp
0     1547.650934    0.000079  0.000014  ...  0.000012  7.606227e+06  1.737977e+09
1     1547.648843    0.000077  0.000015  ...  0.000012  7.570646e+06  1.737977e+09
2     1547.650947    0.000080  0.000014  ...  0.000012  7.612027e+06  1.737977e+09
3     1547.648907    0.000099  0.000025  ...  0.000012  7.728501e+06  1.737977e+09
4     1547.650997    0.000079  0.000014  ...  0.000012  7.607307e+06  1.737977e+09
...           ...         ...       ...  ...       ...           ...           ...
1587  1547.648996    0.000076  0.000015  ...  0.000012  7.584665e+06  1.737993e+09
1588  1547.651082    0.000077  0.000013  ...  0.000012  7.613644e+06  1.737993e+09
1589  1547.649073    0.000078  0.000015  ...  0.000012  7.588481e+06  1.737993e+09
1590  1547.650910    0.000079  0.000014  ...  0.000012  7.601605e+06  1.737993e+09
1591  1547.649026    0.000077  0.000015  ...  0.000012  7.585325e+06  1.737993e+09

[1592 rows x 13 columns]
CHANNEL_3_6
           cbragg  cbragg_err   credchi  ...  cdelta_n            cL     timestamp
0     1548.641240    0.000078  0.000020  ...  0.000012  7.794878e+06  1.737977e+09
1     1548.629504    0.000072  0.000010  ...  0.000012  7.913552e+06  1.737977e+09
2     1548.641475    0.000085  0.000024  ...  0.000012  7.925872e+06  1.737977e+09
3     1548.629630    0.000075  0.000011  ...  0.000012  7.841293e+06  1.737977e+09
4     1548.641419    0.000083  0.000023  ...  0.000012  7.912069e+06  1.737977e+09
...           ...         ...       ...  ...       ...           ...           ...
1587  1548.629597    0.000073  0.000010  ...  0.000012  7.901438e+06  1.737993e+09
1588  1548.641329    0.000077  0.000020  ...  0.000012  7.858174e+06  1.737993e+09
1589  1548.629620    0.000147  0.000040  ...  0.000012  7.540019e+06  1.737993e+09
1590  1548.641381    0.000076  0.000019  ...  0.000012  7.824312e+06  1.737993e+09
1591  1548.629672    0.000073  0.000010  ...  0.000012  7.909814e+06  1.737993e+09

[1592 rows x 13 columns]
CHANNEL_3_7
           cbragg  cbragg_err   credchi  ...  cdelta_n            cL     timestamp
0     1549.655200    0.000095  0.000016  ...  0.000012  7.478459e+06  1.737977e+09
1     1549.656458    0.000086  0.000021  ...  0.000012  7.517828e+06  1.737977e+09
2     1549.655261    0.000088  0.000014  ...  0.000012  7.542850e+06  1.737977e+09
3     1549.656567    0.000087  0.000021  ...  0.000012  7.512369e+06  1.737977e+09
4     1549.655266    0.000088  0.000014  ...  0.000012  7.563084e+06  1.737977e+09
...           ...         ...       ...  ...       ...           ...           ...
1587  1549.656585    0.000085  0.000021  ...  0.000012  7.527170e+06  1.737993e+09
1588  1549.655165    0.000087  0.000014  ...  0.000012  7.563893e+06  1.737993e+09
1589  1549.656504    0.000097  0.000026  ...  0.000012  7.553309e+06  1.737993e+09
1590  1549.655130    0.000128  0.000028  ...  0.000012  7.271076e+06  1.737993e+09
1591  1549.656526    0.000085  0.000021  ...  0.000012  7.528434e+06  1.737993e+09

[1592 rows x 13 columns]
CHANNEL_3_8
           cbragg  cbragg_err   credchi  ...  cdelta_n            cL     timestamp
0     1550.611498    0.000091  0.000020  ...  0.000012  7.629116e+06  1.737977e+09
1     1550.602662    0.000090  0.000011  ...  0.000012  7.704201e+06  1.737977e+09
2     1550.611488    0.000089  0.000019  ...  0.000012  7.634222e+06  1.737977e+09
3     1550.602698    0.000089  0.000011  ...  0.000012  7.707121e+06  1.737977e+09
4     1550.611401    0.000090  0.000020  ...  0.000012  7.635529e+06  1.737977e+09
...           ...         ...       ...  ...       ...           ...           ...
1587  1550.603042    0.000092  0.000012  ...  0.000012  7.704985e+06  1.737993e+09
1588  1550.612027    0.000089  0.000019  ...  0.000012  7.639552e+06  1.737993e+09
1589  1550.603073    0.000087  0.000011  ...  0.000012  7.716388e+06  1.737993e+09
1590  1550.611977    0.000089  0.000019  ...  0.000012  7.637923e+06  1.737993e+09
1591  1550.603076    0.000087  0.000010  ...  0.000012  7.710432e+06  1.737993e+09

[1592 rows x 13 columns]
CHANNEL_3_9
           cbragg  cbragg_err   credchi  ...  cdelta_n            cL     timestamp
0     1551.606278    0.000162  0.000036  ...  0.000012  7.285709e+06  1.737977e+09
1     1551.603783    0.000089  0.000016  ...  0.000012  7.659900e+06  1.737977e+09
2     1551.606256    0.000222  0.000064  ...  0.000012  7.088246e+06  1.737977e+09
3     1551.603705    0.000091  0.000017  ...  0.000012  7.656584e+06  1.737977e+09
4     1551.606110    0.000095  0.000013  ...  0.000012  7.698817e+06  1.737977e+09
...           ...         ...       ...  ...       ...           ...           ...
1587  1551.604136    0.000089  0.000016  ...  0.000012  7.665611e+06  1.737993e+09
1588  1551.606536    0.000093  0.000012  ...  0.000012  7.697205e+06  1.737993e+09
1589  1551.604204    0.000091  0.000017  ...  0.000012  7.654790e+06  1.737993e+09
1590  1551.606570    0.000093  0.000013  ...  0.000012  7.683948e+06  1.737993e+09
1591  1551.604033    0.000131  0.000033  ...  0.000012  7.348058e+06  1.737993e+09

[1592 rows x 13 columns]
CHANNEL_3_10
           cbragg  cbragg_err   credchi  ...  cdelta_n            cL     timestamp
0     1552.614629    0.000101  0.000017  ...  0.000012  7.769439e+06  1.737977e+09
1     1552.608288    0.000102  0.000014  ...  0.000012  7.801426e+06  1.737977e+09
2     1552.614580    0.000104  0.000018  ...  0.000012  7.757094e+06  1.737977e+09
3     1552.608319    0.000105  0.000015  ...  0.000012  7.787274e+06  1.737977e+09
4     1552.614493    0.000100  0.000017  ...  0.000012  7.775410e+06  1.737977e+09
...           ...         ...       ...  ...       ...           ...           ...
1587  1552.608658    0.000104  0.000015  ...  0.000012  7.787465e+06  1.737993e+09
1588  1552.615016    0.000101  0.000017  ...  0.000012  7.769498e+06  1.737993e+09
1589  1552.608812    0.000105  0.000015  ...  0.000012  7.767199e+06  1.737993e+09
1590  1552.615173    0.000103  0.000018  ...  0.000012  7.750920e+06  1.737993e+09
1591  1552.608674    0.000104  0.000015  ...  0.000012  7.799768e+06  1.737993e+09

[1592 rows x 13 columns]
CHANNEL_3_11
           cbragg  cbragg_err   credchi  ...  cdelta_n            cL     timestamp
0     1553.583989    0.000195  0.000078  ...  0.000012  7.481844e+06  1.737977e+09
1     1553.573182    0.000123  0.000027  ...  0.000012  7.951270e+06  1.737977e+09
2     1553.583980    0.000123  0.000034  ...  0.000012  7.907859e+06  1.737977e+09
3     1553.573046    0.000125  0.000028  ...  0.000012  7.946810e+06  1.737977e+09
4     1553.583909    0.000124  0.000035  ...  0.000012  7.962674e+06  1.737977e+09
...           ...         ...       ...  ...       ...           ...           ...
1587  1553.573695    0.000124  0.000027  ...  0.000012  7.942711e+06  1.737993e+09
1588  1553.584392    0.000134  0.000041  ...  0.000012  7.810562e+06  1.737993e+09
1589  1553.573725    0.000124  0.000028  ...  0.000012  7.938297e+06  1.737993e+09
1590  1553.584328    0.000212  0.000090  ...  0.000012  7.428378e+06  1.737993e+09
1591  1553.573705    0.000125  0.000028  ...  0.000012  7.941060e+06  1.737993e+09

[1592 rows x 13 columns]
CHANNEL_3_12
           cbragg  cbragg_err   credchi  ...  cdelta_n            cL     timestamp
0     1554.557188    0.000094  0.000017  ...  0.000012  7.816878e+06  1.737977e+09
1     1554.553037    0.000094  0.000014  ...  0.000012  7.788794e+06  1.737977e+09
2     1554.557193    0.000096  0.000018  ...  0.000012  7.812202e+06  1.737977e+09
3     1554.553118    0.000095  0.000014  ...  0.000012  7.842579e+06  1.737977e+09
4     1554.557163    0.000096  0.000018  ...  0.000012  7.813816e+06  1.737977e+09
...           ...         ...       ...  ...       ...           ...           ...
1587  1554.553182    0.000108  0.000018  ...  0.000012  7.938302e+06  1.737993e+09
1588  1554.557614    0.000094  0.000017  ...  0.000012  7.818771e+06  1.737993e+09
1589  1554.553367    0.000096  0.000014  ...  0.000012  7.841465e+06  1.737993e+09
1590  1554.557577    0.000094  0.000017  ...  0.000012  7.825381e+06  1.737993e+09
1591  1554.553379    0.000158  0.000036  ...  0.000012  7.434889e+06  1.737993e+09

[1592 rows x 13 columns]
CHANNEL_3_13
           cbragg  cbragg_err   credchi  ...  cdelta_n            cL     timestamp
0     1555.565283    0.000087  0.000012  ...  0.000012  7.623946e+06  1.737977e+09
1     1555.559121    0.000087  0.000013  ...  0.000012  7.574192e+06  1.737977e+09
2     1555.565128    0.000085  0.000012  ...  0.000012  7.642091e+06  1.737977e+09
3     1555.559129    0.000087  0.000013  ...  0.000012  7.581633e+06  1.737977e+09
4     1555.565151    0.000087  0.000012  ...  0.000012  7.635762e+06  1.737977e+09
...           ...         ...       ...  ...       ...           ...           ...
1587  1555.559818    0.000086  0.000013  ...  0.000012  7.580189e+06  1.737993e+09
1588  1555.565629    0.000085  0.000012  ...  0.000012  7.592245e+06  1.737993e+09
1589  1555.559819    0.000086  0.000013  ...  0.000012  7.590204e+06  1.737993e+09
1590  1555.565595    0.000085  0.000012  ...  0.000012  7.648511e+06  1.737993e+09
1591  1555.559922    0.000085  0.000013  ...  0.000012  7.592374e+06  1.737993e+09

[1592 rows x 13 columns]
CHANNEL_3_14
           cbragg  cbragg_err   credchi  ...  cdelta_n            cL     timestamp
0     1556.519335    0.000182  0.000074  ...  0.000012  7.695810e+06  1.737977e+09
1     1556.513192    0.000179  0.000046  ...  0.000012  7.790223e+06  1.737977e+09
2     1556.519315    0.000182  0.000074  ...  0.000012  7.739086e+06  1.737977e+09
3     1556.513167    0.000185  0.000050  ...  0.000012  7.792889e+06  1.737977e+09
4     1556.519310    0.000181  0.000072  ...  0.000012  7.701255e+06  1.737977e+09
...           ...         ...       ...  ...       ...           ...           ...
1587  1556.513455    0.000179  0.000046  ...  0.000012  7.795366e+06  1.737993e+09
1588  1556.519769    0.000185  0.000076  ...  0.000012  7.745038e+06  1.737993e+09
1589  1556.513541    0.000184  0.000048  ...  0.000012  7.790335e+06  1.737993e+09
1590  1556.519797    0.000179  0.000071  ...  0.000012  7.739548e+06  1.737993e+09
1591  1556.513575    0.000182  0.000047  ...  0.000012  7.797919e+06  1.737993e+09

[1592 rows x 13 columns]
