CHANNEL_0_1
           cbragg  cbragg_err   credchi  ...  cdelta_n            cL     timestamp
0     1544.644078    0.000285  0.000067  ...  0.000012  7.627294e+06  1.734648e+09
1     1544.638215    0.000148  0.000041  ...  0.000012  7.675410e+06  1.734648e+09
2     1544.644157    0.000131  0.000067  ...  0.000012  7.644294e+06  1.734648e+09
3     1544.638328    0.000103  0.000041  ...  0.000012  7.673764e+06  1.734648e+09
4     1544.644196    0.000123  0.000065  ...  0.000012  7.649129e+06  1.734648e+09
...           ...         ...       ...  ...       ...           ...           ...
1587  1544.638498    0.000105  0.000043  ...  0.000012  7.670738e+06  1.734664e+09
1588  1544.643771    0.000109  0.000064  ...  0.000012  7.637026e+06  1.734664e+09
1589  1544.638421    0.000117  0.000044  ...  0.000012  7.658901e+06  1.734664e+09
1590  1544.643872    0.000166  0.000064  ...  0.000012  7.633925e+06  1.734664e+09
1591  1544.638520    0.000104  0.000042  ...  0.000012  7.663164e+06  1.734664e+09

[1592 rows x 13 columns]
CHANNEL_0_2
           cbragg  cbragg_err   credchi  ...  cdelta_n            cL     timestamp
0     1545.479485    0.000098  0.000020  ...  0.000012  7.650356e+06  1.734648e+09
1     1545.475815    0.000097  0.000024  ...  0.000012  7.617648e+06  1.734648e+09
2     1545.479654    0.000107  0.000023  ...  0.000012  7.475747e+06  1.734648e+09
3     1545.475787    0.000097  0.000024  ...  0.000012  7.604585e+06  1.734648e+09
4     1545.479565    0.000141  0.000039  ...  0.000012  7.310688e+06  1.734648e+09
...           ...         ...       ...  ...       ...           ...           ...
1587  1545.475625    0.000094  0.000022  ...  0.000012  7.609201e+06  1.734664e+09
1588  1545.479652    0.000094  0.000018  ...  0.000012  7.650091e+06  1.734664e+09
1589  1545.475655    0.000092  0.000021  ...  0.000012  7.605288e+06  1.734664e+09
1590  1545.479780    0.000094  0.000018  ...  0.000012  7.638285e+06  1.734664e+09
1591  1545.475648    0.000097  0.000024  ...  0.000012  7.595077e+06  1.734664e+09

[1592 rows x 13 columns]
CHANNEL_0_3
           cbragg  cbragg_err   credchi  ...  cdelta_n            cL     timestamp
0     1546.231976    0.000105  0.000051  ...  0.000012  7.622188e+06  1.734648e+09
1     1546.228039    0.000112  0.000039  ...  0.000012  7.635919e+06  1.734648e+09
2     1546.232021    0.000104  0.000050  ...  0.000012  7.625205e+06  1.734648e+09
3     1546.228079    0.000113  0.000040  ...  0.000012  7.651938e+06  1.734648e+09
4     1546.232042    0.000102  0.000049  ...  0.000012  7.630921e+06  1.734648e+09
...           ...         ...       ...  ...       ...           ...           ...
1587  1546.227786    0.000111  0.000039  ...  0.000012  7.638140e+06  1.734664e+09
1588  1546.231453    0.000102  0.000048  ...  0.000012  7.639036e+06  1.734664e+09
1589  1546.227857    0.000112  0.000040  ...  0.000012  7.653079e+06  1.734664e+09
1590  1546.231249    0.000101  0.000047  ...  0.000012  7.626380e+06  1.734664e+09
1591  1546.227761    0.000110  0.000038  ...  0.000012  7.648122e+06  1.734664e+09

[1592 rows x 13 columns]
CHANNEL_0_4
           cbragg  cbragg_err   credchi  ...  cdelta_n            cL     timestamp
0     1547.115354    0.000113  0.000045  ...  0.000012  7.872598e+06  1.734648e+09
1     1547.112018    0.000122  0.000061  ...  0.000012  7.919084e+06  1.734648e+09
2     1547.115390    0.000114  0.000045  ...  0.000012  7.865123e+06  1.734648e+09
3     1547.111983    0.000113  0.000052  ...  0.000012  7.838526e+06  1.734648e+09
4     1547.115272    0.000112  0.000044  ...  0.000012  7.877330e+06  1.734648e+09
...           ...         ...       ...  ...       ...           ...           ...
1587  1547.112517    0.000112  0.000050  ...  0.000012  7.846124e+06  1.734664e+09
1588  1547.116080    0.000113  0.000045  ...  0.000012  7.883124e+06  1.734664e+09
1589  1547.112640    0.000109  0.000048  ...  0.000012  7.843063e+06  1.734664e+09
1590  1547.116094    0.000115  0.000047  ...  0.000012  7.868613e+06  1.734664e+09
1591  1547.112583    0.000110  0.000049  ...  0.000012  7.845241e+06  1.734664e+09

[1592 rows x 13 columns]
CHANNEL_0_5
           cbragg  cbragg_err   credchi  ...  cdelta_n            cL     timestamp
0     1548.091902    0.000123  0.000090  ...  0.000012  7.887841e+06  1.734648e+09
1     1548.083927    0.000110  0.000043  ...  0.000012  7.950045e+06  1.734648e+09
2     1548.091859    0.000084  0.000042  ...  0.000012  7.728224e+06  1.734648e+09
3     1548.083869    0.000149  0.000085  ...  0.000012  8.204790e+06  1.734648e+09
4     1548.091826    0.000084  0.000042  ...  0.000012  7.725043e+06  1.734648e+09
...           ...         ...       ...  ...       ...           ...           ...
1587  1548.084717    0.000083  0.000025  ...  0.000012  7.814428e+06  1.734664e+09
1588  1548.092389    0.000086  0.000043  ...  0.000012  7.716607e+06  1.734664e+09
1589  1548.084666    0.000082  0.000024  ...  0.000012  7.821069e+06  1.734664e+09
1590  1548.092362    0.000085  0.000043  ...  0.000012  7.717942e+06  1.734664e+09
1591  1548.084666    0.000082  0.000024  ...  0.000012  7.814781e+06  1.734664e+09

[1592 rows x 13 columns]
CHANNEL_0_6
           cbragg  cbragg_err   credchi  ...  cdelta_n            cL     timestamp
0     1549.066849    0.000078  0.000024  ...  0.000012  7.520305e+06  1.734648e+09
1     1549.071206    0.000081  0.000041  ...  0.000012  7.466301e+06  1.734648e+09
2     1549.066812    0.000078  0.000024  ...  0.000012  7.520005e+06  1.734648e+09
3     1549.072005    0.000179  0.000216  ...  0.000012  7.911688e+06  1.734648e+09
4     1549.066778    0.000078  0.000024  ...  0.000012  7.503613e+06  1.734648e+09
...           ...         ...       ...  ...       ...           ...           ...
1587  1549.071934    0.000081  0.000041  ...  0.000012  7.487827e+06  1.734664e+09
1588  1549.067434    0.000079  0.000024  ...  0.000012  7.518775e+06  1.734664e+09
1589  1549.071926    0.000094  0.000057  ...  0.000012  7.592688e+06  1.734664e+09
1590  1549.067430    0.000078  0.000024  ...  0.000012  7.515693e+06  1.734664e+09
1591  1549.071934    0.000081  0.000041  ...  0.000012  7.474544e+06  1.734664e+09

[1592 rows x 13 columns]
CHANNEL_0_7
           cbragg  cbragg_err   credchi  ...  cdelta_n            cL     timestamp
0     1550.073949    0.000127  0.000053  ...  0.000012  7.627343e+06  1.734648e+09
1     1550.065667    0.000126  0.000046  ...  0.000012  7.660508e+06  1.734648e+09
2     1550.073763    0.000127  0.000053  ...  0.000012  7.617325e+06  1.734648e+09
3     1550.065496    0.000126  0.000045  ...  0.000012  7.652158e+06  1.734648e+09
4     1550.073899    0.000127  0.000053  ...  0.000012  7.614781e+06  1.734648e+09
...           ...         ...       ...  ...       ...           ...           ...
1587  1550.066374    0.000125  0.000045  ...  0.000012  7.653235e+06  1.734664e+09
1588  1550.074614    0.000128  0.000053  ...  0.000012  7.617718e+06  1.734664e+09
1589  1550.066372    0.000127  0.000046  ...  0.000012  7.652648e+06  1.734664e+09
1590  1550.074656    0.000127  0.000053  ...  0.000012  7.641342e+06  1.734664e+09
1591  1550.066330    0.000126  0.000045  ...  0.000012  7.634421e+06  1.734664e+09

[1592 rows x 13 columns]
CHANNEL_0_8
           cbragg  cbragg_err   credchi  ...  cdelta_n            cL     timestamp
0     1551.050492    0.000074  0.000021  ...  0.000012  7.575622e+06  1.734648e+09
1     1551.044884    0.000075  0.000015  ...  0.000012  7.621201e+06  1.734648e+09
2     1551.050470    0.000077  0.000023  ...  0.000012  7.574897e+06  1.734648e+09
3     1551.044838    0.000077  0.000015  ...  0.000012  7.610472e+06  1.734648e+09
4     1551.050520    0.000075  0.000021  ...  0.000012  7.570233e+06  1.734648e+09
...           ...         ...       ...  ...       ...           ...           ...
1587  1551.046507    0.000077  0.000015  ...  0.000012  7.606537e+06  1.734664e+09
1588  1551.051819    0.000074  0.000020  ...  0.000012  7.575605e+06  1.734664e+09
1589  1551.046448    0.000076  0.000015  ...  0.000012  7.607608e+06  1.734664e+09
1590  1551.051812    0.000074  0.000021  ...  0.000012  7.575470e+06  1.734664e+09
1591  1551.046470    0.000077  0.000015  ...  0.000012  7.576278e+06  1.734664e+09

[1592 rows x 13 columns]
CHANNEL_0_9
           cbragg  cbragg_err   credchi  ...  cdelta_n            cL     timestamp
0     1552.031685    0.000099  0.000023  ...  0.000012  7.626349e+06  1.734648e+09
1     1552.030756    0.000093  0.000027  ...  0.000012  7.628007e+06  1.734648e+09
2     1552.031815    0.000098  0.000023  ...  0.000012  7.636976e+06  1.734648e+09
3     1552.030831    0.000096  0.000028  ...  0.000012  7.630796e+06  1.734648e+09
4     1552.031792    0.000098  0.000023  ...  0.000012  7.631301e+06  1.734648e+09
...           ...         ...       ...  ...       ...           ...           ...
1587  1552.032457    0.000103  0.000032  ...  0.000012  7.736034e+06  1.734664e+09
1588  1552.033024    0.000099  0.000022  ...  0.000012  7.616748e+06  1.734664e+09
1589  1552.032537    0.000170  0.000090  ...  0.000012  7.944878e+06  1.734664e+09
1590  1552.032976    0.000099  0.000023  ...  0.000012  7.629978e+06  1.734664e+09
1591  1552.032320    0.000102  0.000033  ...  0.000012  7.755772e+06  1.734664e+09

[1592 rows x 13 columns]
CHANNEL_0_10
           cbragg  cbragg_err   credchi  ...  cdelta_n            cL     timestamp
0     1553.040186    0.000085  0.000017  ...  0.000012  7.708985e+06  1.734648e+09
1     1553.032557    0.000084  0.000015  ...  0.000012  7.741820e+06  1.734648e+09
2     1553.040290    0.000085  0.000017  ...  0.000012  7.733243e+06  1.734648e+09
3     1553.032676    0.000084  0.000015  ...  0.000012  7.733889e+06  1.734648e+09
4     1553.040201    0.000086  0.000017  ...  0.000012  7.739128e+06  1.734648e+09
...           ...         ...       ...  ...       ...           ...           ...
1587  1553.033932    0.000083  0.000015  ...  0.000012  7.760686e+06  1.734664e+09
1588  1553.041639    0.000087  0.000018  ...  0.000012  7.733209e+06  1.734664e+09
1589  1553.033955    0.000083  0.000014  ...  0.000012  7.701085e+06  1.734664e+09
1590  1553.041448    0.000084  0.000017  ...  0.000012  7.733329e+06  1.734664e+09
1591  1553.033724    0.000082  0.000014  ...  0.000012  7.705675e+06  1.734664e+09

[1592 rows x 13 columns]
CHANNEL_0_11
           cbragg  cbragg_err   credchi  ...  cdelta_n            cL     timestamp
0     1554.046375    0.000071  0.000011  ...  0.000012  7.616191e+06  1.734648e+09
1     1554.046774    0.000071  0.000011  ...  0.000012  7.643904e+06  1.734648e+09
2     1554.046345    0.000073  0.000012  ...  0.000012  7.610807e+06  1.734648e+09
3     1554.046637    0.000073  0.000012  ...  0.000012  7.652027e+06  1.734648e+09
4     1554.046284    0.000076  0.000013  ...  0.000012  7.615284e+06  1.734648e+09
...           ...         ...       ...  ...       ...           ...           ...
1587  1554.048225    0.000073  0.000012  ...  0.000012  7.646750e+06  1.734664e+09
1588  1554.047506    0.000073  0.000011  ...  0.000012  7.640322e+06  1.734664e+09
1589  1554.048069    0.000073  0.000012  ...  0.000012  7.649192e+06  1.734664e+09
1590  1554.047448    0.000076  0.000012  ...  0.000012  7.613762e+06  1.734664e+09
1591  1554.047936    0.000075  0.000013  ...  0.000012  7.653084e+06  1.734664e+09

[1592 rows x 13 columns]
CHANNEL_0_12
           cbragg  cbragg_err   credchi  ...  cdelta_n            cL     timestamp
0     1555.072402    0.000128  0.000055  ...  0.000012  7.502454e+06  1.734648e+09
1     1555.067898    0.000123  0.000054  ...  0.000012  7.479012e+06  1.734648e+09
2     1555.072334    0.000127  0.000054  ...  0.000012  7.491142e+06  1.734648e+09
3     1555.067792    0.000124  0.000055  ...  0.000012  7.481645e+06  1.734648e+09
4     1555.072311    0.000131  0.000059  ...  0.000012  7.597045e+06  1.734648e+09
...           ...         ...       ...  ...       ...           ...           ...
1587  1555.069102    0.000121  0.000051  ...  0.000012  7.484199e+06  1.734664e+09
1588  1555.073724    0.000226  0.000171  ...  0.000012  7.833974e+06  1.734664e+09
1589  1555.069099    0.000121  0.000051  ...  0.000012  7.488992e+06  1.734664e+09
1590  1555.073903    0.000122  0.000050  ...  0.000012  7.509001e+06  1.734664e+09
1591  1555.069190    0.000123  0.000052  ...  0.000012  7.484106e+06  1.734664e+09

[1592 rows x 13 columns]
CHANNEL_0_13
           cbragg  cbragg_err   credchi  ...  cdelta_n            cL     timestamp
0     1556.048368    0.000140  0.000051  ...  0.000012  7.647479e+06  1.734648e+09
1     1556.042951    0.000146  0.000035  ...  0.000012  7.660103e+06  1.734648e+09
2     1556.048264    0.000139  0.000050  ...  0.000012  7.659263e+06  1.734648e+09
3     1556.042830    0.000149  0.000036  ...  0.000012  7.655820e+06  1.734648e+09
4     1556.048280    0.000140  0.000051  ...  0.000012  7.652875e+06  1.734648e+09
...           ...         ...       ...  ...       ...           ...           ...
1587  1556.044539    0.000147  0.000035  ...  0.000012  7.665481e+06  1.734664e+09
1588  1556.049723    0.000139  0.000049  ...  0.000012  7.629543e+06  1.734664e+09
1589  1556.044624    0.000148  0.000036  ...  0.000012  7.598069e+06  1.734664e+09
1590  1556.049658    0.000137  0.000048  ...  0.000012  7.644599e+06  1.734664e+09
1591  1556.044492    0.000146  0.000035  ...  0.000012  7.659552e+06  1.734664e+09

[1592 rows x 13 columns]
CHANNEL_0_14
           cbragg  cbragg_err   credchi  ...  cdelta_n            cL     timestamp
0     1557.015539    0.000105  0.000028  ...  0.000012  7.674188e+06  1.734648e+09
1     1557.016878    0.000103  0.000046  ...  0.000012  7.604219e+06  1.734648e+09
2     1557.015539    0.000104  0.000027  ...  0.000012  7.672035e+06  1.734648e+09
3     1557.016846    0.000106  0.000050  ...  0.000012  7.703185e+06  1.734648e+09
4     1557.015543    0.000104  0.000027  ...  0.000012  7.675466e+06  1.734648e+09
...           ...         ...       ...  ...       ...           ...           ...
1587  1557.018259    0.000104  0.000047  ...  0.000012  7.615819e+06  1.734664e+09
1588  1557.017141    0.000105  0.000027  ...  0.000012  7.668587e+06  1.734664e+09
1589  1557.018351    0.000103  0.000046  ...  0.000012  7.613576e+06  1.734664e+09
1590  1557.017049    0.000102  0.000026  ...  0.000012  7.665598e+06  1.734664e+09
1591  1557.018204    0.000104  0.000046  ...  0.000012  7.610330e+06  1.734664e+09

[1592 rows x 13 columns]
CHANNEL_1_1
           cbragg  cbragg_err   credchi  ...  cdelta_n            cL     timestamp
0     1556.221006    0.000075  0.000005  ...  0.000012  2.676399e+06  1.734648e+09
1     1556.223135    0.000519  0.000195  ...  0.000012  2.444729e+06  1.734648e+09
2     1556.221154    0.000072  0.000005  ...  0.000012  2.675773e+06  1.734648e+09
3     1556.223045    0.000083  0.000006  ...  0.000012  2.643933e+06  1.734648e+09
4     1556.220524    0.000980  0.001687  ...  0.000012  3.357037e+06  1.734648e+09
...           ...         ...       ...  ...       ...           ...           ...
1587  1556.221219    0.000863  0.001216  ...  0.000012  3.270345e+06  1.734664e+09
1588  1556.220466    0.001335  0.003601  ...  0.000012  3.626174e+06  1.734664e+09
1589  1556.222002    0.000456  0.000271  ...  0.000012  2.978994e+06  1.734664e+09
1590  1556.220746    0.000627  0.000510  ...  0.000012  3.019640e+06  1.734664e+09
1591  1556.223082    0.000333  0.000089  ...  0.000012  2.520276e+06  1.734664e+09

[1592 rows x 13 columns]
CHANNEL_1_2
           cbragg  cbragg_err   credchi  ...  cdelta_n            cL     timestamp
0     1558.188672    0.000323  0.000180  ...  0.000012  2.983233e+06  1.734648e+09
1     1558.192658    0.000114  0.000019  ...  0.000012  2.796085e+06  1.734648e+09
2     1558.188788    0.000121  0.000022  ...  0.000012  2.807265e+06  1.734648e+09
3     1558.192549    0.000781  0.001432  ...  0.000012  3.343084e+06  1.734648e+09
4     1558.188793    0.000123  0.000022  ...  0.000012  2.811151e+06  1.734648e+09
...           ...         ...       ...  ...       ...           ...           ...
1587  1558.194198    0.000158  0.000034  ...  0.000012  2.732318e+06  1.734664e+09
1588  1558.188810    0.001250  0.004538  ...  0.000012  3.722462e+06  1.734664e+09
1589  1558.194279    0.000140  0.000027  ...  0.000012  2.750024e+06  1.734664e+09
1590  1558.190246    0.000125  0.000023  ...  0.000012  2.799322e+06  1.734664e+09
1591  1558.193643    0.000825  0.001480  ...  0.000012  3.303044e+06  1.734664e+09

[1592 rows x 13 columns]
CHANNEL_1_3
           cbragg  cbragg_err   credchi  ...  cdelta_n            cL     timestamp
0     1561.009302    0.000336  0.000221  ...  0.000012  3.123366e+06  1.734648e+09
1     1561.004359    0.000181  0.000055  ...  0.000012  3.032212e+06  1.734648e+09
2     1561.009229    0.000194  0.000057  ...  0.000012  2.819404e+06  1.734648e+09
3     1561.004362    0.000049  0.000004  ...  0.000012  2.915501e+06  1.734648e+09
4     1561.009093    0.000082  0.000011  ...  0.000012  2.900678e+06  1.734648e+09
...           ...         ...       ...  ...       ...           ...           ...
1587  1561.005345    0.000801  0.001452  ...  0.000012  3.443276e+06  1.734664e+09
1588  1561.010543    0.000053  0.000005  ...  0.000012  2.962873e+06  1.734664e+09
1589  1561.005646    0.000048  0.000004  ...  0.000012  2.936318e+06  1.734664e+09
1590  1561.010460    0.000039  0.000003  ...  0.000012  2.946695e+06  1.734664e+09
1591  1561.005656    0.000171  0.000041  ...  0.000012  2.823184e+06  1.734664e+09

[1592 rows x 13 columns]
CHANNEL_2_1
           cbragg  cbragg_err   credchi  ...  cdelta_n            cL     timestamp
0     1543.635932    0.000083  0.000006  ...  0.000012  2.768027e+06  1.734648e+09
1     1543.634213    0.000114  0.000007  ...  0.000012  2.772075e+06  1.734648e+09
2     1543.636004    0.000081  0.000007  ...  0.000012  2.771509e+06  1.734648e+09
3     1543.634364    0.000179  0.000007  ...  0.000012  2.773870e+06  1.734648e+09
4     1543.635989    0.000082  0.000007  ...  0.000012  2.769745e+06  1.734648e+09
...           ...         ...       ...  ...       ...           ...           ...
1587  1543.634130    0.000083  0.000007  ...  0.000012  2.771716e+06  1.734664e+09
1588  1543.635793    0.000086  0.000007  ...  0.000012  2.768138e+06  1.734664e+09
1589  1543.634005    0.000107  0.000007  ...  0.000012  2.771997e+06  1.734664e+09
1590  1543.636145    0.000127  0.000007  ...  0.000012  2.767009e+06  1.734664e+09
1591  1543.634325    0.000094  0.000006  ...  0.000012  2.770410e+06  1.734664e+09

[1592 rows x 13 columns]
CHANNEL_2_2
           cbragg  cbragg_err   credchi  ...  cdelta_n            cL     timestamp
0     1545.909691    0.000251  0.000044  ...  0.000012  2.551657e+06  1.734648e+09
1     1545.912140    0.000311  0.000071  ...  0.000012  2.544507e+06  1.734648e+09
2     1545.908426    0.000998  0.001495  ...  0.000012  3.369179e+06  1.734648e+09
3     1545.911769    0.000140  0.000017  ...  0.000012  2.673569e+06  1.734648e+09
4     1545.909482    0.000157  0.000020  ...  0.000012  2.666539e+06  1.734648e+09
...           ...         ...       ...  ...       ...           ...           ...
1587  1545.913087    0.000144  0.000017  ...  0.000012  2.680723e+06  1.734664e+09
1588  1545.911058    0.000275  0.000051  ...  0.000012  2.557971e+06  1.734664e+09
1589  1545.911957    0.001196  0.002328  ...  0.000012  3.473504e+06  1.734664e+09
1590  1545.910775    0.000144  0.000016  ...  0.000012  2.656396e+06  1.734664e+09
1591  1545.913682    0.000775  0.000312  ...  0.000012  2.317397e+06  1.734664e+09

[1592 rows x 13 columns]
CHANNEL_2_3
           cbragg  cbragg_err   credchi  ...  cdelta_n            cL     timestamp
0     1548.509405    0.000098  0.000011  ...  0.000012  2.906912e+06  1.734648e+09
1     1548.508264    0.000101  0.000011  ...  0.000012  2.921979e+06  1.734648e+09
2     1548.509514    0.000101  0.000011  ...  0.000012  2.877008e+06  1.734648e+09
3     1548.508706    0.000128  0.000018  ...  0.000012  2.963392e+06  1.734648e+09
4     1548.509959    0.000111  0.000013  ...  0.000012  2.874781e+06  1.734648e+09
...           ...         ...       ...  ...       ...           ...           ...
1587  1548.509716    0.000257  0.000082  ...  0.000012  3.056953e+06  1.734664e+09
1588  1548.512506    0.000329  0.000139  ...  0.000012  3.097321e+06  1.734664e+09
1589  1548.509508    0.000381  0.000136  ...  0.000012  2.740643e+06  1.734664e+09
1590  1548.511581    0.000128  0.000019  ...  0.000012  2.966997e+06  1.734664e+09
1591  1548.510362    0.001098  0.002444  ...  0.000012  3.753136e+06  1.734664e+09

[1592 rows x 13 columns]
CHANNEL_3_1
           cbragg  cbragg_err   credchi  ...  cdelta_n            cL     timestamp
0     1544.157868    0.000123  0.000022  ...  0.000012  7.791528e+06  1.734648e+09
1     1544.162338    0.000407  0.000025  ...  0.000012  7.785985e+06  1.734648e+09
2     1544.157818    0.000118  0.000021  ...  0.000012  7.809957e+06  1.734648e+09
3     1544.162209    0.000274  0.000025  ...  0.000012  7.788367e+06  1.734648e+09
4     1544.157854    0.000172  0.000022  ...  0.000012  7.811252e+06  1.734648e+09
...           ...         ...       ...  ...       ...           ...           ...
1587  1544.162194    0.000172  0.000024  ...  0.000012  7.783694e+06  1.734664e+09
1588  1544.158325    0.000115  0.000021  ...  0.000012  7.808734e+06  1.734664e+09
1589  1544.162096    0.000131  0.000025  ...  0.000012  7.775314e+06  1.734664e+09
1590  1544.158316    0.000116  0.000021  ...  0.000012  7.798160e+06  1.734664e+09
1591  1544.162157    0.000131  0.000025  ...  0.000012  7.784437e+06  1.734664e+09

[1592 rows x 13 columns]
CHANNEL_3_2
           cbragg  cbragg_err   credchi  ...  cdelta_n            cL     timestamp
0     1545.063880    0.000115  0.000032  ...  0.000012  7.846397e+06  1.734648e+09
1     1545.073153    0.000115  0.000034  ...  0.000012  7.859485e+06  1.734648e+09
2     1545.063894    0.000314  0.000031  ...  0.000012  7.847074e+06  1.734648e+09
3     1545.073060    0.000122  0.000034  ...  0.000012  7.869580e+06  1.734648e+09
4     1545.063958    0.000120  0.000031  ...  0.000012  7.844368e+06  1.734648e+09
...           ...         ...       ...  ...       ...           ...           ...
1587  1545.073315    0.000351  0.000035  ...  0.000012  7.861426e+06  1.734664e+09
1588  1545.063993    0.000189  0.000031  ...  0.000012  7.860637e+06  1.734664e+09
1589  1545.073287    0.000112  0.000034  ...  0.000012  7.862629e+06  1.734664e+09
1590  1545.064049    0.000116  0.000032  ...  0.000012  7.847541e+06  1.734664e+09
1591  1545.073291    0.000146  0.000036  ...  0.000012  7.853314e+06  1.734664e+09

[1592 rows x 13 columns]
CHANNEL_3_3
           cbragg  cbragg_err   credchi  ...  cdelta_n            cL     timestamp
0     1545.830765    0.000107  0.000028  ...  0.000012  7.600447e+06  1.734648e+09
1     1545.832380    0.000107  0.000028  ...  0.000012  7.607942e+06  1.734648e+09
2     1545.830662    0.000108  0.000028  ...  0.000012  7.594387e+06  1.734648e+09
3     1545.832325    0.000110  0.000030  ...  0.000012  7.605065e+06  1.734648e+09
4     1545.830708    0.000108  0.000028  ...  0.000012  7.595176e+06  1.734648e+09
...           ...         ...       ...  ...       ...           ...           ...
1587  1545.831901    0.000109  0.000029  ...  0.000012  7.607099e+06  1.734664e+09
1588  1545.830722    0.000105  0.000027  ...  0.000012  7.604570e+06  1.734664e+09
1589  1545.831975    0.000107  0.000028  ...  0.000012  7.606442e+06  1.734664e+09
1590  1545.830557    0.000107  0.000028  ...  0.000012  7.597319e+06  1.734664e+09
1591  1545.831761    0.000108  0.000028  ...  0.000012  7.599021e+06  1.734664e+09

[1592 rows x 13 columns]
CHANNEL_3_4
           cbragg  cbragg_err   credchi  ...  cdelta_n            cL     timestamp
0     1546.682461    0.000092  0.000017  ...  0.000012  7.819931e+06  1.734648e+09
1     1546.693180    0.000094  0.000025  ...  0.000012  7.779657e+06  1.734648e+09
2     1546.682371    0.000092  0.000017  ...  0.000012  7.825253e+06  1.734648e+09
3     1546.693116    0.000095  0.000026  ...  0.000012  7.772795e+06  1.734648e+09
4     1546.682291    0.000093  0.000017  ...  0.000012  7.814187e+06  1.734648e+09
...           ...         ...       ...  ...       ...           ...           ...
1587  1546.693794    0.000094  0.000026  ...  0.000012  7.778809e+06  1.734664e+09
1588  1546.683067    0.000096  0.000018  ...  0.000012  7.816536e+06  1.734664e+09
1589  1546.693755    0.000111  0.000036  ...  0.000012  7.925988e+06  1.734664e+09
1590  1546.682957    0.000095  0.000017  ...  0.000012  7.818467e+06  1.734664e+09
1591  1546.693715    0.000100  0.000028  ...  0.000012  7.766933e+06  1.734664e+09

[1592 rows x 13 columns]
CHANNEL_3_5
           cbragg  cbragg_err   credchi  ...  cdelta_n            cL     timestamp
0     1547.708525    0.000081  0.000018  ...  0.000012  7.556061e+06  1.734648e+09
1     1547.706255    0.000081  0.000012  ...  0.000012  7.608316e+06  1.734648e+09
2     1547.708439    0.000079  0.000017  ...  0.000012  7.541202e+06  1.734648e+09
3     1547.706133    0.000082  0.000013  ...  0.000012  7.570127e+06  1.734648e+09
4     1547.708363    0.000079  0.000018  ...  0.000012  7.548320e+06  1.734648e+09
...           ...         ...       ...  ...       ...           ...           ...
1587  1547.706744    0.000082  0.000013  ...  0.000012  7.600382e+06  1.734664e+09
1588  1547.709259    0.000078  0.000017  ...  0.000012  7.557040e+06  1.734664e+09
1589  1547.706787    0.000081  0.000012  ...  0.000012  7.550334e+06  1.734664e+09
1590  1547.709205    0.000081  0.000018  ...  0.000012  7.549226e+06  1.734664e+09
1591  1547.706748    0.000079  0.000012  ...  0.000012  7.602401e+06  1.734664e+09

[1592 rows x 13 columns]
CHANNEL_3_6
           cbragg  cbragg_err   credchi  ...  cdelta_n            cL     timestamp
0     1548.689878    0.000090  0.000014  ...  0.000012  7.689651e+06  1.734648e+09
1     1548.697261    0.000082  0.000021  ...  0.000012  7.738008e+06  1.734648e+09
2     1548.689746    0.000080  0.000012  ...  0.000012  7.829312e+06  1.734648e+09
3     1548.697236    0.000080  0.000020  ...  0.000012  7.741494e+06  1.734648e+09
4     1548.689762    0.000080  0.000011  ...  0.000012  7.826385e+06  1.734648e+09
...           ...         ...       ...  ...       ...           ...           ...
1587  1548.697713    0.000079  0.000020  ...  0.000012  7.748808e+06  1.734664e+09
1588  1548.690728    0.000081  0.000012  ...  0.000012  7.819147e+06  1.734664e+09
1589  1548.697725    0.000078  0.000019  ...  0.000012  7.754733e+06  1.734664e+09
1590  1548.690564    0.000137  0.000031  ...  0.000012  7.447399e+06  1.734664e+09
1591  1548.697622    0.000079  0.000019  ...  0.000012  7.753417e+06  1.734664e+09

[1592 rows x 13 columns]
CHANNEL_3_7
           cbragg  cbragg_err   credchi  ...  cdelta_n            cL     timestamp
0     1549.714778    0.000088  0.000023  ...  0.000012  7.531864e+06  1.734648e+09
1     1549.711813    0.000090  0.000014  ...  0.000012  7.596680e+06  1.734648e+09
2     1549.714546    0.000089  0.000023  ...  0.000012  7.533680e+06  1.734648e+09
3     1549.711755    0.000090  0.000014  ...  0.000012  7.598101e+06  1.734648e+09
4     1549.714546    0.000098  0.000028  ...  0.000012  7.655476e+06  1.734648e+09
...           ...         ...       ...  ...       ...           ...           ...
1587  1549.712555    0.000090  0.000014  ...  0.000012  7.601900e+06  1.734664e+09
1588  1549.715225    0.000089  0.000023  ...  0.000012  7.540914e+06  1.734664e+09
1589  1549.712561    0.000091  0.000015  ...  0.000012  7.596624e+06  1.734664e+09
1590  1549.715188    0.000089  0.000023  ...  0.000012  7.538769e+06  1.734664e+09
1591  1549.712485    0.000091  0.000014  ...  0.000012  7.601087e+06  1.734664e+09

[1592 rows x 13 columns]
CHANNEL_3_8
           cbragg  cbragg_err   credchi  ...  cdelta_n            cL     timestamp
0     1550.666335    0.000092  0.000013  ...  0.000012  7.667862e+06  1.734648e+09
1     1550.667691    0.000089  0.000017  ...  0.000012  7.619946e+06  1.734648e+09
2     1550.666363    0.000092  0.000013  ...  0.000012  7.609094e+06  1.734648e+09
3     1550.667745    0.000088  0.000017  ...  0.000012  7.624932e+06  1.734648e+09
4     1550.666336    0.000092  0.000013  ...  0.000012  7.670110e+06  1.734648e+09
...           ...         ...       ...  ...       ...           ...           ...
1587  1550.668822    0.000090  0.000017  ...  0.000012  7.610573e+06  1.734664e+09
1588  1550.668255    0.000209  0.000060  ...  0.000012  7.098103e+06  1.734664e+09
1589  1550.668793    0.000090  0.000017  ...  0.000012  7.612510e+06  1.734664e+09
1590  1550.668041    0.000094  0.000014  ...  0.000012  7.659021e+06  1.734664e+09
1591  1550.668782    0.000089  0.000017  ...  0.000012  7.623365e+06  1.734664e+09

[1592 rows x 13 columns]
CHANNEL_3_9
           cbragg  cbragg_err   credchi  ...  cdelta_n            cL     timestamp
0     1551.663374    0.000131  0.000031  ...  0.000012  7.364758e+06  1.734648e+09
1     1551.663774    0.000095  0.000014  ...  0.000012  7.645150e+06  1.734648e+09
2     1551.663369    0.000093  0.000017  ...  0.000012  7.647012e+06  1.734648e+09
3     1551.663928    0.000096  0.000014  ...  0.000012  7.641050e+06  1.734648e+09
4     1551.663346    0.000092  0.000016  ...  0.000012  7.653409e+06  1.734648e+09
...           ...         ...       ...  ...       ...           ...           ...
1587  1551.665455    0.000096  0.000014  ...  0.000012  7.693794e+06  1.734664e+09
1588  1551.664724    0.000095  0.000017  ...  0.000012  7.664150e+06  1.734664e+09
1589  1551.665383    0.000094  0.000014  ...  0.000012  7.685400e+06  1.734664e+09
1590  1551.664635    0.000092  0.000016  ...  0.000012  7.644127e+06  1.734664e+09
1591  1551.665298    0.000098  0.000015  ...  0.000012  7.685491e+06  1.734664e+09

[1592 rows x 13 columns]
CHANNEL_3_10
           cbragg  cbragg_err   credchi  ...  cdelta_n            cL     timestamp
0     1552.670623    0.000109  0.000018  ...  0.000012  7.722344e+06  1.734648e+09
1     1552.670547    0.000109  0.000018  ...  0.000012  7.717860e+06  1.734648e+09
2     1552.670662    0.000109  0.000019  ...  0.000012  7.714688e+06  1.734648e+09
3     1552.670370    0.000108  0.000018  ...  0.000012  7.742578e+06  1.734648e+09
4     1552.670713    0.000108  0.000018  ...  0.000012  7.723784e+06  1.734648e+09
...           ...         ...       ...  ...       ...           ...           ...
1587  1552.671712    0.000107  0.000017  ...  0.000012  7.712698e+06  1.734664e+09
1588  1552.672502    0.000104  0.000017  ...  0.000012  7.745083e+06  1.734664e+09
1589  1552.671913    0.000109  0.000018  ...  0.000012  7.709625e+06  1.734664e+09
1590  1552.672374    0.000106  0.000018  ...  0.000012  7.710947e+06  1.734664e+09
1591  1552.671595    0.000107  0.000017  ...  0.000012  7.721356e+06  1.734664e+09

[1592 rows x 13 columns]
CHANNEL_3_11
           cbragg  cbragg_err   credchi  ...  cdelta_n            cL     timestamp
0     1553.632245    0.000285  0.000113  ...  0.000012  7.204633e+06  1.734648e+09
1     1553.641657    0.000132  0.000041  ...  0.000012  7.897009e+06  1.734648e+09
2     1553.632115    0.000128  0.000027  ...  0.000012  7.946777e+06  1.734648e+09
3     1553.641604    0.000129  0.000039  ...  0.000012  7.896537e+06  1.734648e+09
4     1553.632264    0.000127  0.000026  ...  0.000012  7.956866e+06  1.734648e+09
...           ...         ...       ...  ...       ...           ...           ...
1587  1553.643220    0.000128  0.000039  ...  0.000012  7.900868e+06  1.734664e+09
1588  1553.633558    0.000127  0.000026  ...  0.000012  7.931439e+06  1.734664e+09
1589  1553.643104    0.000128  0.000039  ...  0.000012  7.918530e+06  1.734664e+09
1590  1553.633410    0.000126  0.000026  ...  0.000012  7.965019e+06  1.734664e+09
1591  1553.642958    0.000128  0.000039  ...  0.000012  7.907937e+06  1.734664e+09

[1592 rows x 13 columns]
CHANNEL_3_12
           cbragg  cbragg_err   credchi  ...  cdelta_n            cL     timestamp
0     1554.614750    0.000099  0.000017  ...  0.000012  7.801934e+06  1.734648e+09
1     1554.612393    0.000101  0.000017  ...  0.000012  7.755451e+06  1.734648e+09
2     1554.614717    0.000098  0.000017  ...  0.000012  7.807677e+06  1.734648e+09
3     1554.612374    0.000099  0.000017  ...  0.000012  7.809567e+06  1.734648e+09
4     1554.614711    0.000100  0.000018  ...  0.000012  7.808098e+06  1.734648e+09
...           ...         ...       ...  ...       ...           ...           ...
1587  1554.613540    0.000103  0.000018  ...  0.000012  7.879854e+06  1.734664e+09
1588  1554.616367    0.000099  0.000017  ...  0.000012  7.788296e+06  1.734664e+09
1589  1554.613568    0.000099  0.000016  ...  0.000012  7.800792e+06  1.734664e+09
1590  1554.616277    0.000098  0.000017  ...  0.000012  7.794104e+06  1.734664e+09
1591  1554.613538    0.000100  0.000016  ...  0.000012  7.791430e+06  1.734664e+09

[1592 rows x 13 columns]
CHANNEL_3_13
           cbragg  cbragg_err   credchi  ...  cdelta_n            cL     timestamp
0     1555.620316    0.000088  0.000013  ...  0.000012  7.566373e+06  1.734648e+09
1     1555.624587    0.000086  0.000013  ...  0.000012  7.595629e+06  1.734648e+09
2     1555.620175    0.000088  0.000013  ...  0.000012  7.568581e+06  1.734648e+09
3     1555.624623    0.000088  0.000014  ...  0.000012  7.598082e+06  1.734648e+09
4     1555.620300    0.000088  0.000013  ...  0.000012  7.564464e+06  1.734648e+09
...           ...         ...       ...  ...       ...           ...           ...
1587  1555.626062    0.000086  0.000013  ...  0.000012  7.596901e+06  1.734664e+09
1588  1555.621493    0.000089  0.000013  ...  0.000012  7.569840e+06  1.734664e+09
1589  1555.626187    0.000086  0.000013  ...  0.000012  7.533124e+06  1.734664e+09
1590  1555.621463    0.000087  0.000012  ...  0.000012  7.578444e+06  1.734664e+09
1591  1555.625997    0.000086  0.000013  ...  0.000012  7.615236e+06  1.734664e+09

[1592 rows x 13 columns]
CHANNEL_3_14
           cbragg  cbragg_err   credchi  ...  cdelta_n            cL     timestamp
0     1556.575947    0.000195  0.000060  ...  0.000012  7.735496e+06  1.734648e+09
1     1556.575543    0.000192  0.000073  ...  0.000012  7.688080e+06  1.734648e+09
2     1556.575898    0.000192  0.000058  ...  0.000012  7.734835e+06  1.734648e+09
3     1556.575498    0.000191  0.000073  ...  0.000012  7.690630e+06  1.734648e+09
4     1556.575975    0.000196  0.000061  ...  0.000012  7.734728e+06  1.734648e+09
...           ...         ...       ...  ...       ...           ...           ...
1587  1556.576665    0.000190  0.000071  ...  0.000012  7.691882e+06  1.734664e+09
1588  1556.577643    0.000190  0.000057  ...  0.000012  7.729166e+06  1.734664e+09
1589  1556.576784    0.000185  0.000067  ...  0.000012  7.691897e+06  1.734664e+09
1590  1556.577510    0.000194  0.000060  ...  0.000012  7.732395e+06  1.734664e+09
1591  1556.576609    0.000191  0.000071  ...  0.000012  7.687504e+06  1.734664e+09

[1592 rows x 13 columns]
