CHANNEL_0_1
        cbragg  cbragg_err   credchi  ...  cdelta_n            cL     timestamp
0  1544.626266    0.000108  0.000049  ...  0.000012  7.653889e+06  1.735093e+09
1  1544.632839    0.000113  0.000056  ...  0.000012  7.662419e+06  1.735093e+09

[2 rows x 13 columns]
CHANNEL_0_2
        cbragg  cbragg_err   credchi  ...  cdelta_n            cL     timestamp
0  1545.466989    0.000089  0.000017  ...  0.000012  7.613899e+06  1.735093e+09
1  1545.466022    0.000091  0.000019  ...  0.000012  7.583709e+06  1.735093e+09

[2 rows x 13 columns]
CHANNEL_0_3
        cbragg  cbragg_err   credchi  ...  cdelta_n            cL     timestamp
0  1546.193209    0.000105  0.000038  ...  0.000012  7.649162e+06  1.735093e+09
1  1546.199696    0.000103  0.000045  ...  0.000012  7.626538e+06  1.735093e+09

[2 rows x 13 columns]
CHANNEL_0_4
        cbragg  cbragg_err   credchi  ...  cdelta_n            cL     timestamp
0  1547.121376    0.000115  0.000049  ...  0.000012  7.861725e+06  1.735093e+09
1  1547.120330    0.000120  0.000055  ...  0.000012  7.948569e+06  1.735093e+09

[2 rows x 13 columns]
CHANNEL_0_5
        cbragg  cbragg_err   credchi  ...  cdelta_n            cL     timestamp
0  1548.094923    0.000092  0.000043  ...  0.000012  7.678277e+06  1.735093e+09
1  1548.097305    0.000097  0.000038  ...  0.000012  7.685993e+06  1.735093e+09

[2 rows x 13 columns]
CHANNEL_0_6
        cbragg  cbragg_err   credchi  ...  cdelta_n            cL     timestamp
0  1549.072624    0.000078  0.000023  ...  0.000012  7.537702e+06  1.735093e+09
1  1549.080462    0.000081  0.000043  ...  0.000012  7.465608e+06  1.735093e+09

[2 rows x 13 columns]
CHANNEL_0_7
        cbragg  cbragg_err   credchi  ...  cdelta_n            cL     timestamp
0  1550.078216    0.000159  0.000079  ...  0.000012  7.790913e+06  1.735093e+09
1  1550.077362    0.000124  0.000045  ...  0.000012  7.603241e+06  1.735093e+09

[2 rows x 13 columns]
CHANNEL_0_8
       cbragg  cbragg_err   credchi  ...  cdelta_n            cL     timestamp
0  1551.05270    0.000073  0.000016  ...  0.000012  7.595166e+06  1.735093e+09
1  1551.05693    0.000075  0.000018  ...  0.000012  7.613343e+06  1.735093e+09

[2 rows x 13 columns]
CHANNEL_0_9
        cbragg  cbragg_err   credchi  ...  cdelta_n            cL     timestamp
0  1552.034045    0.000092  0.000017  ...  0.000012  7.668565e+06  1.735093e+09
1  1552.041134    0.000089  0.000028  ...  0.000012  7.639367e+06  1.735093e+09

[2 rows x 13 columns]
CHANNEL_0_10
        cbragg  cbragg_err   credchi  ...  cdelta_n            cL     timestamp
0  1553.043999    0.000092  0.000021  ...  0.000012  7.640605e+06  1.735093e+09
1  1553.041502    0.000093  0.000016  ...  0.000012  7.744957e+06  1.735093e+09

[2 rows x 13 columns]
CHANNEL_0_11
        cbragg  cbragg_err   credchi  ...  cdelta_n            cL     timestamp
0  1554.049091    0.000075  0.000009  ...  0.000012  7.652463e+06  1.735093e+09
1  1554.055771    0.000073  0.000014  ...  0.000012  7.634299e+06  1.735093e+09

[2 rows x 13 columns]
CHANNEL_0_12
        cbragg  cbragg_err   credchi  ...  cdelta_n            cL     timestamp
0  1555.077494    0.000134  0.000067  ...  0.000012  7.670079e+06  1.735093e+09
1  1555.076022    0.000128  0.000054  ...  0.000012  7.637890e+06  1.735093e+09

[2 rows x 13 columns]
CHANNEL_0_13
        cbragg  cbragg_err   credchi  ...  cdelta_n            cL     timestamp
0  1556.049805    0.000142  0.000039  ...  0.000012  7.651882e+06  1.735093e+09
1  1556.054928    0.000139  0.000045  ...  0.000012  7.676723e+06  1.735093e+09

[2 rows x 13 columns]
CHANNEL_0_14
        cbragg  cbragg_err   credchi  ...  cdelta_n            cL     timestamp
0  1557.022078    0.000098  0.000027  ...  0.000012  7.647632e+06  1.735093e+09
1  1557.023966    0.000102  0.000039  ...  0.000012  7.609804e+06  1.735093e+09

[2 rows x 13 columns]
CHANNEL_1_1
        cbragg  cbragg_err   credchi  ...  cdelta_n            cL     timestamp
0  1556.188279    0.001082  0.002119  ...  0.000012  3.416087e+06  1.735093e+09
1  1556.190287    0.000239  0.000046  ...  0.000012  2.554680e+06  1.735093e+09

[2 rows x 13 columns]
CHANNEL_1_2
        cbragg  cbragg_err   credchi  ...  cdelta_n            cL     timestamp
0  1558.201004    0.000128  0.000024  ...  0.000012  2.784523e+06  1.735093e+09
1  1558.203872    0.000116  0.000020  ...  0.000012  2.806234e+06  1.735093e+09

[2 rows x 13 columns]
CHANNEL_1_3
        cbragg  cbragg_err   credchi  ...  cdelta_n            cL     timestamp
0  1561.019655    0.000344  0.000176  ...  0.000012  2.808620e+06  1.735093e+09
1  1561.015638    0.000065  0.000007  ...  0.000012  2.894517e+06  1.735093e+09

[2 rows x 13 columns]
CHANNEL_2_1
        cbragg  cbragg_err   credchi  ...  cdelta_n            cL     timestamp
0  1543.609804    0.000088  0.000007  ...  0.000012  2.766099e+06  1.735093e+09
1  1543.608448    0.000104  0.000006  ...  0.000012  2.769556e+06  1.735093e+09

[2 rows x 13 columns]
CHANNEL_2_2
        cbragg  cbragg_err   credchi  ...  cdelta_n            cL     timestamp
0  1545.924357    0.000125  0.000012  ...  0.000012  2.677392e+06  1.735093e+09
1  1545.926377    0.000137  0.000014  ...  0.000012  2.647811e+06  1.735093e+09

[2 rows x 13 columns]
CHANNEL_2_3
        cbragg  cbragg_err   credchi  ...  cdelta_n            cL     timestamp
0  1548.524197    0.000310  0.000118  ...  0.000012  3.058054e+06  1.735093e+09
1  1548.524560    0.000782  0.001020  ...  0.000012  3.443973e+06  1.735093e+09

[2 rows x 13 columns]
CHANNEL_3_1
        cbragg  cbragg_err   credchi  ...  cdelta_n            cL     timestamp
0  1544.149422    0.000112  0.000027  ...  0.000012  7.781813e+06  1.735093e+09
1  1544.144213    0.000145  0.000018  ...  0.000012  7.825984e+06  1.735093e+09

[2 rows x 13 columns]
CHANNEL_3_2
        cbragg  cbragg_err   credchi  ...  cdelta_n            cL     timestamp
0  1545.050414    0.000131  0.000023  ...  0.000012  7.894380e+06  1.735093e+09
1  1545.059625    0.000115  0.000042  ...  0.000012  7.810822e+06  1.735093e+09

[2 rows x 13 columns]
CHANNEL_3_3
        cbragg  cbragg_err   credchi  ...  cdelta_n            cL     timestamp
0  1545.798205    0.000105  0.000033  ...  0.000012  7.599047e+06  1.735093e+09
1  1545.795761    0.000113  0.000024  ...  0.000012  7.616053e+06  1.735093e+09

[2 rows x 13 columns]
CHANNEL_3_4
        cbragg  cbragg_err   credchi  ...  cdelta_n            cL     timestamp
0  1546.688161    0.000097  0.000016  ...  0.000012  7.781715e+06  1.735093e+09
1  1546.694593    0.000107  0.000034  ...  0.000012  7.838379e+06  1.735093e+09

[2 rows x 13 columns]
CHANNEL_3_5
        cbragg  cbragg_err   credchi  ...  cdelta_n            cL     timestamp
0  1547.710060    0.000076  0.000016  ...  0.000012  7.574197e+06  1.735093e+09
1  1547.712667    0.000078  0.000012  ...  0.000012  7.617045e+06  1.735093e+09

[2 rows x 13 columns]
CHANNEL_3_6
        cbragg  cbragg_err   credchi  ...  cdelta_n            cL     timestamp
0  1548.698001    0.000081  0.000015  ...  0.000012  7.764325e+06  1.735093e+09
1  1548.697687    0.000081  0.000016  ...  0.000012  7.703077e+06  1.735093e+09

[2 rows x 13 columns]
CHANNEL_3_7
        cbragg  cbragg_err   credchi  ...  cdelta_n            cL     timestamp
0  1549.713660    0.000088  0.000015  ...  0.000012  7.572786e+06  1.735093e+09
1  1549.719949    0.000110  0.000030  ...  0.000012  7.673660e+06  1.735093e+09

[2 rows x 13 columns]
CHANNEL_3_8
        cbragg  cbragg_err   credchi  ...  cdelta_n            cL     timestamp
0  1550.676204    0.000091  0.000017  ...  0.000012  7.638996e+06  1.735093e+09
1  1550.669403    0.000095  0.000014  ...  0.000012  7.681408e+06  1.735093e+09

[2 rows x 13 columns]
CHANNEL_3_9
        cbragg  cbragg_err   credchi  ...  cdelta_n            cL     timestamp
0  1551.666534    0.000094  0.000011  ...  0.000012  7.696310e+06  1.735093e+09
1  1551.672152    0.000095  0.000019  ...  0.000012  7.577456e+06  1.735093e+09

[2 rows x 13 columns]
CHANNEL_3_10
        cbragg  cbragg_err   credchi  ...  cdelta_n            cL     timestamp
0  1552.680141    0.000101  0.000020  ...  0.000012  7.688407e+06  1.735093e+09
1  1552.672471    0.000109  0.000014  ...  0.000012  7.800312e+06  1.735093e+09

[2 rows x 13 columns]
CHANNEL_3_11
        cbragg  cbragg_err   credchi  ...  cdelta_n            cL     timestamp
0  1553.641762    0.000132  0.000026  ...  0.000012  7.929619e+06  1.735093e+09
1  1553.644765    0.000130  0.000039  ...  0.000012  7.859673e+06  1.735093e+09

[2 rows x 13 columns]
CHANNEL_3_12
        cbragg  cbragg_err   credchi  ...  cdelta_n            cL     timestamp
0  1554.622657    0.000095  0.000020  ...  0.000012  7.734003e+06  1.735093e+09
1  1554.616301    0.000103  0.000014  ...  0.000012  7.868754e+06  1.735093e+09

[2 rows x 13 columns]
CHANNEL_3_13
        cbragg  cbragg_err   credchi  ...  cdelta_n            cL     timestamp
0  1555.624453    0.000088  0.000009  ...  0.000012  7.624426e+06  1.735093e+09
1  1555.630081    0.000088  0.000017  ...  0.000012  7.547136e+06  1.735093e+09

[2 rows x 13 columns]
CHANNEL_3_14
        cbragg  cbragg_err   credchi  ...  cdelta_n            cL     timestamp
0  1556.585305    0.000187  0.000077  ...  0.000012  7.714712e+06  1.735093e+09
1  1556.577673    0.000183  0.000046  ...  0.000012  7.778234e+06  1.735093e+09

[2 rows x 13 columns]
