000 (11451992.238.000) 01/28 14:31:49 Job submitted from host: <188.185.114.121:9618?addrs=188.185.114.121-9618+[2001-1458-d00-a--100-273]-9618&alias=bigbird19.cern.ch&noUDP&sock=schedd_2045_4743>
...
040 (11451992.238.000) 01/28 14:40:51 Started transferring input files
	Transferring to host: <188.185.194.8:9618?addrs=188.185.194.8-9618+[2001-1458-303-21--100-4]-9618&alias=b9p20p4289.cern.ch&noUDP&sock=slot1_29_1227514_68b6_64181>
...
040 (11451992.238.000) 01/28 14:40:51 Finished transferring input files
...
001 (11451992.238.000) 01/28 14:40:52 Job executing on host: <188.185.194.8:9618?addrs=188.185.194.8-9618+[2001-1458-303-21--100-4]-9618&alias=b9p20p4289.cern.ch&noUDP&sock=startd_4672_2e8f>
	SlotName: slot1_29@b9p20p4289.cern.ch
	CondorScratchDir = "/pool/condor/dir_1249793"
	Cpus = 1
	Disk = 3966
	GPUs = 0
	Memory = 3000
...
006 (11451992.238.000) 01/28 14:41:00 Image size of job updated: 78856
	78  -  MemoryUsage of job (MB)
	78856  -  ResidentSetSize of job (KB)
...
006 (11451992.238.000) 01/28 14:46:00 Image size of job updated: 87008
	85  -  MemoryUsage of job (MB)
	87008  -  ResidentSetSize of job (KB)
...
006 (11451992.238.000) 01/28 14:51:01 Image size of job updated: 90752
	89  -  MemoryUsage of job (MB)
	90752  -  ResidentSetSize of job (KB)
...
006 (11451992.238.000) 01/28 14:56:02 Image size of job updated: 94020
	92  -  MemoryUsage of job (MB)
	94020  -  ResidentSetSize of job (KB)
...
006 (11451992.238.000) 01/28 15:01:02 Image size of job updated: 98236
	96  -  MemoryUsage of job (MB)
	98236  -  ResidentSetSize of job (KB)
...
006 (11451992.238.000) 01/28 15:06:03 Image size of job updated: 105604
	104  -  MemoryUsage of job (MB)
	105604  -  ResidentSetSize of job (KB)
...
006 (11451992.238.000) 01/28 15:11:04 Image size of job updated: 110240
	108  -  MemoryUsage of job (MB)
	110240  -  ResidentSetSize of job (KB)
...
006 (11451992.238.000) 01/28 15:16:04 Image size of job updated: 113140
	111  -  MemoryUsage of job (MB)
	113140  -  ResidentSetSize of job (KB)
...
006 (11451992.238.000) 01/28 15:21:04 Image size of job updated: 116272
	114  -  MemoryUsage of job (MB)
	116272  -  ResidentSetSize of job (KB)
...
006 (11451992.238.000) 01/28 15:26:05 Image size of job updated: 118724
	116  -  MemoryUsage of job (MB)
	118724  -  ResidentSetSize of job (KB)
...
040 (11451992.238.000) 01/28 15:30:29 Started transferring output files
...
040 (11451992.238.000) 01/28 15:30:29 Finished transferring output files
...
005 (11451992.238.000) 01/28 15:30:29 Job terminated.
	(1) Normal termination (return value 0)
		Usr 0 00:47:56, Sys 0 00:00:09  -  Run Remote Usage
		Usr 0 00:00:00, Sys 0 00:00:00  -  Run Local Usage
		Usr 0 00:47:56, Sys 0 00:00:09  -  Total Remote Usage
		Usr 0 00:00:00, Sys 0 00:00:00  -  Total Local Usage
	40250  -  Run Bytes Sent By Job
	5797  -  Run Bytes Received By Job
	40250  -  Total Bytes Sent By Job
	5797  -  Total Bytes Received By Job
	Partitionable Resources :    Usage  Request Allocated 
	   Cpus                 :     0.98        1         1 
	   Disk (KB)            :    68          10      3966 
	   GPUs                 :                           0 
	   Memory (MB)          :   116        3000      3000 

	Job terminated of its own accord at 2025-01-28T14:30:29Z with exit-code 0.
...
