000 (11451992.182.000) 01/28 14:31:49 Job submitted from host: <188.185.114.121:9618?addrs=188.185.114.121-9618+[2001-1458-d00-a--100-273]-9618&alias=bigbird19.cern.ch&noUDP&sock=schedd_2045_4743>
...
040 (11451992.182.000) 01/28 14:40:26 Started transferring input files
	Transferring to host: <188.185.194.8:9618?addrs=188.185.194.8-9618+[2001-1458-303-21--100-4]-9618&alias=b9p20p4289.cern.ch&noUDP&sock=slot1_29_1227514_68b6_64179>
...
040 (11451992.182.000) 01/28 14:40:26 Finished transferring input files
...
001 (11451992.182.000) 01/28 14:40:27 Job executing on host: <188.185.194.8:9618?addrs=188.185.194.8-9618+[2001-1458-303-21--100-4]-9618&alias=b9p20p4289.cern.ch&noUDP&sock=startd_4672_2e8f>
	SlotName: slot1_29@b9p20p4289.cern.ch
	CondorScratchDir = "/pool/condor/dir_1249486"
	Cpus = 1
	Disk = 3966
	GPUs = 0
	Memory = 3000
...
006 (11451992.182.000) 01/28 14:40:35 Image size of job updated: 82256
	81  -  MemoryUsage of job (MB)
	82256  -  ResidentSetSize of job (KB)
...
040 (11451992.182.000) 01/28 14:40:44 Started transferring output files
...
040 (11451992.182.000) 01/28 14:40:44 Finished transferring output files
...
005 (11451992.182.000) 01/28 14:40:44 Job terminated.
	(1) Normal termination (return value 0)
		Usr 0 00:00:15, Sys 0 00:00:00  -  Run Remote Usage
		Usr 0 00:00:00, Sys 0 00:00:00  -  Run Local Usage
		Usr 0 00:00:15, Sys 0 00:00:00  -  Total Remote Usage
		Usr 0 00:00:00, Sys 0 00:00:00  -  Total Local Usage
	14886  -  Run Bytes Sent By Job
	5797  -  Run Bytes Received By Job
	14886  -  Total Bytes Sent By Job
	5797  -  Total Bytes Received By Job
	Partitionable Resources :    Usage  Request Allocated 
	   Cpus                 :                 1         1 
	   Disk (KB)            :       35       10      3966 
	   GPUs                 :                           0 
	   Memory (MB)          :       81     3000      3000 

	Job terminated of its own accord at 2025-01-28T13:40:44Z with exit-code 0.
...
