000 (11451992.328.000) 01/28 14:31:49 Job submitted from host: <188.185.114.121:9618?addrs=188.185.114.121-9618+[2001-1458-d00-a--100-273]-9618&alias=bigbird19.cern.ch&noUDP&sock=schedd_2045_4743>
...
040 (11451992.328.000) 01/28 15:13:54 Started transferring input files
	Transferring to host: <188.185.195.50:9618?addrs=188.185.195.50-9618+[2001-1458-303-22--100-2e]-9618&alias=b9p17p9751.cern.ch&noUDP&sock=slot1_18_3231009_e195_12112>
...
040 (11451992.328.000) 01/28 15:13:54 Finished transferring input files
...
001 (11451992.328.000) 01/28 15:13:55 Job executing on host: <188.185.195.50:9618?addrs=188.185.195.50-9618+[2001-1458-303-22--100-2e]-9618&alias=b9p17p9751.cern.ch&noUDP&sock=startd_7687_3899>
	SlotName: slot1_18@b9p17p9751.cern.ch
	CondorScratchDir = "/pool/condor/dir_3691387"
	Cpus = 1
	Disk = 3895
	GPUs = 0
	Memory = 3000
...
006 (11451992.328.000) 01/28 15:14:03 Image size of job updated: 81452
	80  -  MemoryUsage of job (MB)
	81452  -  ResidentSetSize of job (KB)
...
006 (11451992.328.000) 01/28 15:19:03 Image size of job updated: 88856
	87  -  MemoryUsage of job (MB)
	88856  -  ResidentSetSize of job (KB)
...
006 (11451992.328.000) 01/28 15:24:03 Image size of job updated: 91916
	90  -  MemoryUsage of job (MB)
	91916  -  ResidentSetSize of job (KB)
...
006 (11451992.328.000) 01/28 15:29:04 Image size of job updated: 95616
	94  -  MemoryUsage of job (MB)
	95616  -  ResidentSetSize of job (KB)
...
006 (11451992.328.000) 01/28 15:34:04 Image size of job updated: 98924
	97  -  MemoryUsage of job (MB)
	98924  -  ResidentSetSize of job (KB)
...
006 (11451992.328.000) 01/28 15:39:04 Image size of job updated: 102440
	101  -  MemoryUsage of job (MB)
	102440  -  ResidentSetSize of job (KB)
...
006 (11451992.328.000) 01/28 15:44:05 Image size of job updated: 105808
	104  -  MemoryUsage of job (MB)
	105808  -  ResidentSetSize of job (KB)
...
006 (11451992.328.000) 01/28 15:49:06 Image size of job updated: 108988
	107  -  MemoryUsage of job (MB)
	108988  -  ResidentSetSize of job (KB)
...
006 (11451992.328.000) 01/28 15:54:06 Image size of job updated: 112656
	111  -  MemoryUsage of job (MB)
	112656  -  ResidentSetSize of job (KB)
...
006 (11451992.328.000) 01/28 15:59:07 Image size of job updated: 115944
	114  -  MemoryUsage of job (MB)
	115944  -  ResidentSetSize of job (KB)
...
006 (11451992.328.000) 01/28 16:04:08 Image size of job updated: 120084
	118  -  MemoryUsage of job (MB)
	120084  -  ResidentSetSize of job (KB)
...
006 (11451992.328.000) 01/28 16:09:08 Image size of job updated: 123208
	121  -  MemoryUsage of job (MB)
	123208  -  ResidentSetSize of job (KB)
...
006 (11451992.328.000) 01/28 16:14:08 Image size of job updated: 129432
	127  -  MemoryUsage of job (MB)
	129432  -  ResidentSetSize of job (KB)
...
006 (11451992.328.000) 01/28 16:19:09 Image size of job updated: 140104
	137  -  MemoryUsage of job (MB)
	140104  -  ResidentSetSize of job (KB)
...
006 (11451992.328.000) 01/28 16:24:09 Image size of job updated: 146940
	144  -  MemoryUsage of job (MB)
	146940  -  ResidentSetSize of job (KB)
...
006 (11451992.328.000) 01/28 16:29:09 Image size of job updated: 153684
	151  -  MemoryUsage of job (MB)
	153684  -  ResidentSetSize of job (KB)
...
006 (11451992.328.000) 01/28 16:34:10 Image size of job updated: 159196
	156  -  MemoryUsage of job (MB)
	159196  -  ResidentSetSize of job (KB)
...
006 (11451992.328.000) 01/28 16:39:10 Image size of job updated: 162124
	159  -  MemoryUsage of job (MB)
	162124  -  ResidentSetSize of job (KB)
...
006 (11451992.328.000) 01/28 16:44:10 Image size of job updated: 165784
	162  -  MemoryUsage of job (MB)
	165784  -  ResidentSetSize of job (KB)
...
006 (11451992.328.000) 01/28 16:49:11 Image size of job updated: 169320
	166  -  MemoryUsage of job (MB)
	169320  -  ResidentSetSize of job (KB)
...
006 (11451992.328.000) 01/28 16:54:12 Image size of job updated: 172388
	169  -  MemoryUsage of job (MB)
	172388  -  ResidentSetSize of job (KB)
...
006 (11451992.328.000) 01/28 16:59:12 Image size of job updated: 175588
	172  -  MemoryUsage of job (MB)
	175588  -  ResidentSetSize of job (KB)
...
006 (11451992.328.000) 01/28 17:04:13 Image size of job updated: 178132
	174  -  MemoryUsage of job (MB)
	178132  -  ResidentSetSize of job (KB)
...
006 (11451992.328.000) 01/28 17:09:14 Image size of job updated: 180716
	177  -  MemoryUsage of job (MB)
	180716  -  ResidentSetSize of job (KB)
...
006 (11451992.328.000) 01/28 17:14:14 Image size of job updated: 182932
	179  -  MemoryUsage of job (MB)
	182932  -  ResidentSetSize of job (KB)
...
006 (11451992.328.000) 01/28 17:19:14 Image size of job updated: 185792
	182  -  MemoryUsage of job (MB)
	185792  -  ResidentSetSize of job (KB)
...
006 (11451992.328.000) 01/28 17:24:15 Image size of job updated: 188296
	184  -  MemoryUsage of job (MB)
	188296  -  ResidentSetSize of job (KB)
...
040 (11451992.328.000) 01/28 17:25:27 Started transferring output files
...
040 (11451992.328.000) 01/28 17:25:27 Finished transferring output files
...
005 (11451992.328.000) 01/28 17:25:27 Job terminated.
	(1) Normal termination (return value 0)
		Usr 0 02:08:01, Sys 0 00:00:16  -  Run Remote Usage
		Usr 0 00:00:00, Sys 0 00:00:00  -  Run Local Usage
		Usr 0 02:08:01, Sys 0 00:00:16  -  Total Remote Usage
		Usr 0 00:00:00, Sys 0 00:00:00  -  Total Local Usage
	40692  -  Run Bytes Sent By Job
	5797  -  Run Bytes Received By Job
	40692  -  Total Bytes Sent By Job
	5797  -  Total Bytes Received By Job
	Partitionable Resources :    Usage  Request Allocated 
	   Cpus                 :     0.98        1         1 
	   Disk (KB)            :    68          10      3895 
	   GPUs                 :                           0 
	   Memory (MB)          :   184        3000      3000 

	Job terminated of its own accord at 2025-01-28T16:25:27Z with exit-code 0.
...
