000 (11451992.452.000) 01/28 14:31:49 Job submitted from host: <188.185.114.121:9618?addrs=188.185.114.121-9618+[2001-1458-d00-a--100-273]-9618&alias=bigbird19.cern.ch&noUDP&sock=schedd_2045_4743>
...
040 (11451992.452.000) 01/28 16:22:00 Started transferring input files
	Transferring to host: <188.185.195.119:9618?addrs=188.185.195.119-9618+[2001-1458-303-22--100-73]-9618&alias=b9p17p1167.cern.ch&noUDP&sock=slot1_29_8587_1176_67860>
...
040 (11451992.452.000) 01/28 16:22:00 Finished transferring input files
...
001 (11451992.452.000) 01/28 16:22:01 Job executing on host: <188.185.195.119:9618?addrs=188.185.195.119-9618+[2001-1458-303-22--100-73]-9618&alias=b9p17p1167.cern.ch&noUDP&sock=startd_7586_f189>
	SlotName: slot1_29@b9p17p1167.cern.ch
	CondorScratchDir = "/pool/condor/dir_2631648"
	Cpus = 1
	Disk = 3778
	GPUs = 0
	Memory = 3000
...
006 (11451992.452.000) 01/28 16:22:10 Image size of job updated: 87368
	86  -  MemoryUsage of job (MB)
	87368  -  ResidentSetSize of job (KB)
...
040 (11451992.452.000) 01/28 16:22:16 Started transferring output files
...
040 (11451992.452.000) 01/28 16:22:16 Finished transferring output files
...
005 (11451992.452.000) 01/28 16:22:16 Job terminated.
	(1) Normal termination (return value 0)
		Usr 0 00:00:13, Sys 0 00:00:00  -  Run Remote Usage
		Usr 0 00:00:00, Sys 0 00:00:00  -  Run Local Usage
		Usr 0 00:00:13, Sys 0 00:00:00  -  Total Remote Usage
		Usr 0 00:00:00, Sys 0 00:00:00  -  Total Local Usage
	14880  -  Run Bytes Sent By Job
	5797  -  Run Bytes Received By Job
	14880  -  Total Bytes Sent By Job
	5797  -  Total Bytes Received By Job
	Partitionable Resources :    Usage  Request Allocated 
	   Cpus                 :        0        1         1 
	   Disk (KB)            :       44       10      3778 
	   GPUs                 :                           0 
	   Memory (MB)          :       86     3000      3000 

	Job terminated of its own accord at 2025-01-28T15:22:16Z with exit-code 0.
...
