CHANNEL_0_1
           cbragg  cbragg_err   credchi  ...  cdelta_n            cL     timestamp
0     1547.211644    0.000102  0.000389  ...  0.000012  7.629098e+06  1.733484e+09
1     1547.209231    0.000152  0.000589  ...  0.000012  7.991868e+06  1.733484e+09
2     1547.216990    0.000122  0.000586  ...  0.000012  7.826814e+06  1.733484e+09
3     1547.214584    0.000106  0.000275  ...  0.000012  7.736488e+06  1.733484e+09
4     1547.217189    0.000168  0.001136  ...  0.000012  8.019245e+06  1.733484e+09
...           ...         ...       ...  ...       ...           ...           ...
1587  1546.546517    0.000092  0.000326  ...  0.000012  7.763850e+06  1.733500e+09
1588  1546.539495    0.000089  0.000216  ...  0.000012  7.734731e+06  1.733500e+09
1589  1546.547403    0.000126  0.000626  ...  0.000012  7.961731e+06  1.733500e+09
1590  1546.530861    0.000120  0.000399  ...  0.000012  7.941210e+06  1.733500e+09
1591  1546.539255    0.000091  0.000314  ...  0.000012  7.708199e+06  1.733500e+09

[1592 rows x 13 columns]
CHANNEL_0_2
           cbragg  cbragg_err   credchi  ...  cdelta_n            cL     timestamp
0     1548.173188    0.000080  0.000095  ...  0.000012  7.614304e+06  1.733484e+09
1     1548.178604    0.000081  0.000096  ...  0.000012  7.673209e+06  1.733484e+09
2     1548.176479    0.000078  0.000089  ...  0.000012  7.635221e+06  1.733484e+09
3     1548.181589    0.000081  0.000095  ...  0.000012  7.649341e+06  1.733484e+09
4     1548.175358    0.000289  0.001062  ...  0.000012  6.871393e+06  1.733484e+09
...           ...         ...       ...  ...       ...           ...           ...
1587  1547.481172    0.000364  0.002040  ...  0.000012  8.685729e+06  1.733500e+09
1588  1547.473635    0.000080  0.000102  ...  0.000012  7.628893e+06  1.733500e+09
1589  1547.480082    0.000079  0.000087  ...  0.000012  7.666932e+06  1.733500e+09
1590  1547.468736    0.000081  0.000105  ...  0.000012  7.561243e+06  1.733500e+09
1591  1547.475532    0.000133  0.000257  ...  0.000012  7.986620e+06  1.733500e+09

[1592 rows x 13 columns]
CHANNEL_0_3
           cbragg  cbragg_err   credchi  ...  cdelta_n            cL     timestamp
0     1549.162380    0.000218  0.000892  ...  0.000012  7.112908e+06  1.733484e+09
1     1549.168322    0.000336  0.003758  ...  0.000012  8.563929e+06  1.733484e+09
2     1549.167570    0.000104  0.000217  ...  0.000012  7.632888e+06  1.733484e+09
3     1549.173559    0.000182  0.000931  ...  0.000012  7.185355e+06  1.733484e+09
4     1549.167743    0.000102  0.000211  ...  0.000012  7.659887e+06  1.733484e+09
...           ...         ...       ...  ...       ...           ...           ...
1587  1548.432239    0.000111  0.000381  ...  0.000012  7.772893e+06  1.733500e+09
1588  1548.417556    0.000100  0.000203  ...  0.000012  7.709406e+06  1.733500e+09
1589  1548.429486    0.000116  0.000401  ...  0.000012  7.734417e+06  1.733500e+09
1590  1548.411370    0.000120  0.000308  ...  0.000012  7.924611e+06  1.733500e+09
1591  1548.423130    0.000144  0.000645  ...  0.000012  7.927854e+06  1.733500e+09

[1592 rows x 13 columns]
CHANNEL_0_4
           cbragg  cbragg_err   credchi  ...  cdelta_n            cL     timestamp
0     1550.163240    0.000106  0.000239  ...  0.000012  7.830446e+06  1.733484e+09
1     1550.166006    0.000109  0.000368  ...  0.000012  7.984284e+06  1.733484e+09
2     1550.167109    0.000103  0.000229  ...  0.000012  7.893118e+06  1.733484e+09
3     1550.169859    0.000113  0.000398  ...  0.000012  8.011117e+06  1.733484e+09
4     1550.166968    0.000106  0.000239  ...  0.000012  7.867780e+06  1.733484e+09
...           ...         ...       ...  ...       ...           ...           ...
1587  1549.395711    0.000256  0.002309  ...  0.000012  8.489976e+06  1.733500e+09
1588  1549.384417    0.000108  0.000220  ...  0.000012  7.922958e+06  1.733500e+09
1589  1549.394550    0.000113  0.000416  ...  0.000012  7.839051e+06  1.733500e+09
1590  1549.377993    0.000198  0.000804  ...  0.000012  8.466395e+06  1.733500e+09
1591  1549.388218    0.000228  0.001800  ...  0.000012  8.379972e+06  1.733500e+09

[1592 rows x 13 columns]
CHANNEL_0_5
           cbragg  cbragg_err   credchi  ...  cdelta_n            cL     timestamp
0     1551.143812    0.000087  0.000234  ...  0.000012  7.772974e+06  1.733484e+09
1     1551.143688    0.000081  0.000218  ...  0.000012  7.674579e+06  1.733484e+09
2     1551.148629    0.000091  0.000261  ...  0.000012  7.813116e+06  1.733484e+09
3     1551.148125    0.000098  0.000320  ...  0.000012  7.858012e+06  1.733484e+09
4     1551.144827    0.000081  0.000205  ...  0.000012  7.705240e+06  1.733484e+09
...           ...         ...       ...  ...       ...           ...           ...
1587  1550.340825    0.000139  0.000716  ...  0.000012  7.946293e+06  1.733500e+09
1588  1550.333244    0.000089  0.000204  ...  0.000012  7.683662e+06  1.733500e+09
1589  1550.338591    0.000097  0.000342  ...  0.000012  7.748086e+06  1.733500e+09
1590  1550.328152    0.000100  0.000264  ...  0.000012  7.882809e+06  1.733500e+09
1591  1550.333925    0.000089  0.000293  ...  0.000012  7.740265e+06  1.733500e+09

[1592 rows x 13 columns]
CHANNEL_0_6
           cbragg  cbragg_err   credchi  ...  cdelta_n            cL     timestamp
0     1552.133579    0.000096  0.000398  ...  0.000012  7.586426e+06  1.733484e+09
1     1552.129089    0.000071  0.000141  ...  0.000012  7.538660e+06  1.733484e+09
2     1552.139320    0.000141  0.000902  ...  0.000012  7.796523e+06  1.733484e+09
3     1552.133852    0.000072  0.000147  ...  0.000012  7.518630e+06  1.733484e+09
4     1552.138628    0.000217  0.002175  ...  0.000012  8.037701e+06  1.733484e+09
...           ...         ...       ...  ...       ...           ...           ...
1587  1551.297158    0.000274  0.002448  ...  0.000012  8.126983e+06  1.733500e+09
1588  1551.297219    0.000154  0.000947  ...  0.000012  7.808593e+06  1.733500e+09
1589  1551.297934    0.000191  0.001251  ...  0.000012  8.027298e+06  1.733500e+09
1590  1551.293480    0.000104  0.000423  ...  0.000012  7.613601e+06  1.733500e+09
1591  1551.295097    0.000199  0.001313  ...  0.000012  7.992136e+06  1.733500e+09

[1592 rows x 13 columns]
CHANNEL_0_7
           cbragg  cbragg_err   credchi  ...  cdelta_n            cL     timestamp
0     1553.135499    0.000158  0.000663  ...  0.000012  7.933327e+06  1.733484e+09
1     1553.136048    0.000116  0.000255  ...  0.000012  7.627369e+06  1.733484e+09
2     1553.138782    0.000185  0.000828  ...  0.000012  7.766342e+06  1.733484e+09
3     1553.139892    0.000119  0.000265  ...  0.000012  7.579375e+06  1.733484e+09
4     1553.139684    0.000138  0.000466  ...  0.000012  7.660594e+06  1.733484e+09
...           ...         ...       ...  ...       ...           ...           ...
1587  1552.282516    0.000117  0.000305  ...  0.000012  7.732487e+06  1.733500e+09
1588  1552.274333    0.000121  0.000326  ...  0.000012  7.779999e+06  1.733500e+09
1589  1552.281240    0.000114  0.000284  ...  0.000012  7.669111e+06  1.733500e+09
1590  1552.270372    0.000151  0.000520  ...  0.000012  7.951255e+06  1.733500e+09
1591  1552.278095    0.000144  0.000463  ...  0.000012  7.866721e+06  1.733500e+09

[1592 rows x 13 columns]
CHANNEL_0_8
           cbragg  cbragg_err   credchi  ...  cdelta_n            cL     timestamp
0     1554.106954    0.000072  0.000129  ...  0.000012  7.598572e+06  1.733484e+09
1     1554.108679    0.000071  0.000098  ...  0.000012  7.583221e+06  1.733484e+09
2     1554.114165    0.000074  0.000137  ...  0.000012  7.609151e+06  1.733484e+09
3     1554.114702    0.000077  0.000116  ...  0.000012  7.682664e+06  1.733484e+09
4     1554.111711    0.000079  0.000153  ...  0.000012  7.599285e+06  1.733484e+09
...           ...         ...       ...  ...       ...           ...           ...
1587  1553.230388    0.000069  0.000106  ...  0.000012  7.637688e+06  1.733500e+09
1588  1553.223115    0.000094  0.000198  ...  0.000012  7.833066e+06  1.733500e+09
1589  1553.230525    0.000092  0.000191  ...  0.000012  7.743308e+06  1.733500e+09
1590  1553.217702    0.000091  0.000186  ...  0.000012  7.797681e+06  1.733500e+09
1591  1553.225883    0.000067  0.000102  ...  0.000012  7.650773e+06  1.733500e+09

[1592 rows x 13 columns]
CHANNEL_0_9
           cbragg  cbragg_err   credchi  ...  cdelta_n            cL     timestamp
0     1555.092396    0.000118  0.000321  ...  0.000012  7.788948e+06  1.733484e+09
1     1555.090021    0.000093  0.000124  ...  0.000012  7.609174e+06  1.733484e+09
2     1555.095141    0.000150  0.000549  ...  0.000012  7.982321e+06  1.733484e+09
3     1555.092666    0.000392  0.002624  ...  0.000012  8.932671e+06  1.733484e+09
4     1555.094607    0.000133  0.000381  ...  0.000012  7.683017e+06  1.733484e+09
...           ...         ...       ...  ...       ...           ...           ...
1587  1554.197058    0.000086  0.000134  ...  0.000012  7.709825e+06  1.733500e+09
1588  1554.189908    0.000084  0.000136  ...  0.000012  7.650878e+06  1.733500e+09
1589  1554.194830    0.000087  0.000137  ...  0.000012  7.769326e+06  1.733500e+09
1590  1554.187987    0.000143  0.000420  ...  0.000012  8.011051e+06  1.733500e+09
1591  1554.192407    0.000082  0.000121  ...  0.000012  7.717383e+06  1.733500e+09

[1592 rows x 13 columns]
CHANNEL_0_10
           cbragg  cbragg_err   credchi  ...  cdelta_n            cL     timestamp
0     1556.093644    0.000288  0.001493  ...  0.000012  8.544949e+06  1.733484e+09
1     1556.095110    0.000311  0.001287  ...  0.000012  7.027740e+06  1.733484e+09
2     1556.096552    0.000079  0.000100  ...  0.000012  7.702925e+06  1.733484e+09
3     1556.097552    0.000081  0.000090  ...  0.000012  7.688012e+06  1.733484e+09
4     1556.096337    0.000130  0.000288  ...  0.000012  8.004622e+06  1.733484e+09
...           ...         ...       ...  ...       ...           ...           ...
1587  1555.188512    0.000081  0.000119  ...  0.000012  7.739369e+06  1.733500e+09
1588  1555.175950    0.000129  0.000210  ...  0.000012  7.514646e+06  1.733500e+09
1589  1555.185668    0.000438  0.003730  ...  0.000012  8.896134e+06  1.733500e+09
1590  1555.172592    0.000076  0.000074  ...  0.000012  7.761294e+06  1.733500e+09
1591  1555.182453    0.000085  0.000130  ...  0.000012  7.769523e+06  1.733500e+09

[1592 rows x 13 columns]
CHANNEL_0_11
           cbragg  cbragg_err   credchi  ...  cdelta_n            cL     timestamp
0     1557.100947    0.000055  0.000039  ...  0.000012  7.673897e+06  1.733484e+09
1     1557.104672    0.000054  0.000047  ...  0.000012  7.655756e+06  1.733484e+09
2     1557.105187    0.000055  0.000039  ...  0.000012  7.691912e+06  1.733484e+09
3     1557.107545    0.000054  0.000046  ...  0.000012  7.662821e+06  1.733484e+09
4     1557.104850    0.000055  0.000040  ...  0.000012  7.688914e+06  1.733484e+09
...           ...         ...       ...  ...       ...           ...           ...
1587  1556.174547    0.000073  0.000093  ...  0.000012  7.745415e+06  1.733500e+09
1588  1556.167437    0.000065  0.000050  ...  0.000012  7.689920e+06  1.733500e+09
1589  1556.171451    0.000064  0.000071  ...  0.000012  7.650510e+06  1.733500e+09
1590  1556.164977    0.000086  0.000088  ...  0.000012  7.549092e+06  1.733500e+09
1591  1556.168466    0.000066  0.000075  ...  0.000012  7.681229e+06  1.733500e+09

[1592 rows x 13 columns]
CHANNEL_0_12
           cbragg  cbragg_err   credchi  ...  cdelta_n            cL     timestamp
0     1558.121143    0.000119  0.000302  ...  0.000012  7.510211e+06  1.733484e+09
1     1558.120798    0.000129  0.000469  ...  0.000012  7.666347e+06  1.733484e+09
2     1558.127644    0.000117  0.000292  ...  0.000012  7.508515e+06  1.733484e+09
3     1558.126739    0.000118  0.000382  ...  0.000012  7.454791e+06  1.733484e+09
4     1558.125425    0.000118  0.000294  ...  0.000012  7.511964e+06  1.733484e+09
...           ...         ...       ...  ...       ...           ...           ...
1587  1557.178329    0.000120  0.000307  ...  0.000012  7.497398e+06  1.733500e+09
1588  1557.172412    0.000121  0.000373  ...  0.000012  7.514466e+06  1.733500e+09
1589  1557.174508    0.000123  0.000321  ...  0.000012  7.484270e+06  1.733500e+09
1590  1557.168638    0.000254  0.001563  ...  0.000012  6.973331e+06  1.733500e+09
1591  1557.170661    0.000120  0.000307  ...  0.000012  7.506840e+06  1.733500e+09

[1592 rows x 13 columns]
CHANNEL_0_13
           cbragg  cbragg_err   credchi  ...  cdelta_n            cL     timestamp
0     1559.096225    0.000132  0.000261  ...  0.000012  7.685011e+06  1.733484e+09
1     1559.094510    0.000131  0.000258  ...  0.000012  7.710577e+06  1.733484e+09
2     1559.099345    0.000162  0.000380  ...  0.000012  7.409741e+06  1.733484e+09
3     1559.096341    0.000419  0.003301  ...  0.000012  9.102122e+06  1.733484e+09
4     1559.099305    0.000134  0.000268  ...  0.000012  7.700446e+06  1.733484e+09
...           ...         ...       ...  ...       ...           ...           ...
1587  1558.122549    0.000131  0.000192  ...  0.000012  7.690951e+06  1.733500e+09
1588  1558.120709    0.000130  0.000287  ...  0.000012  7.639045e+06  1.733500e+09
1589  1558.120534    0.000183  0.000391  ...  0.000012  8.032683e+06  1.733500e+09
1590  1558.115778    0.000128  0.000282  ...  0.000012  7.655282e+06  1.733500e+09
1591  1558.115880    0.000130  0.000189  ...  0.000012  7.708071e+06  1.733500e+09

[1592 rows x 13 columns]
CHANNEL_0_14
           cbragg  cbragg_err   credchi  ...  cdelta_n            cL     timestamp
0     1560.068181    0.000146  0.000631  ...  0.000012  7.896016e+06  1.733484e+09
1     1560.064783    0.000090  0.000156  ...  0.000012  7.739147e+06  1.733484e+09
2     1560.072532    0.000101  0.000306  ...  0.000012  7.782984e+06  1.733484e+09
3     1560.067747    0.000114  0.000237  ...  0.000012  7.683064e+06  1.733484e+09
4     1560.067998    0.000093  0.000255  ...  0.000012  7.665792e+06  1.733484e+09
...           ...         ...       ...  ...       ...           ...           ...
1587  1558.963576    0.000086  0.000177  ...  0.000012  7.780890e+06  1.733500e+09
1588  1558.955576    0.000085  0.000157  ...  0.000012  7.688840e+06  1.733500e+09
1589  1558.962895    0.000135  0.000451  ...  0.000012  8.005545e+06  1.733500e+09
1590  1558.953944    0.000084  0.000152  ...  0.000012  7.699840e+06  1.733500e+09
1591  1558.953468    0.000086  0.000175  ...  0.000012  7.727914e+06  1.733500e+09

[1592 rows x 13 columns]
CHANNEL_1_1
           cbragg  cbragg_err   credchi  ...  cdelta_n            cL     timestamp
0     1560.555127    0.000095  0.000058  ...  0.000012  2.723079e+06  1.733484e+09
1     1560.554637    0.000099  0.000067  ...  0.000012  2.710908e+06  1.733484e+09
2     1560.559478    0.002021  0.008669  ...  0.000012  1.974775e+06  1.733484e+09
3     1560.559840    0.000168  0.000172  ...  0.000012  2.646638e+06  1.733484e+09
4     1560.561705    0.002106  0.009096  ...  0.000012  1.955987e+06  1.733484e+09
...           ...         ...       ...  ...       ...           ...           ...
1587  1559.874391    0.000106  0.000075  ...  0.000012  2.724848e+06  1.733500e+09
1588  1559.875127    0.000101  0.000067  ...  0.000012  2.723589e+06  1.733500e+09
1589  1559.873801    0.002206  0.009919  ...  0.000012  1.937634e+06  1.733500e+09
1590  1559.870003    0.002191  0.009875  ...  0.000012  1.947781e+06  1.733500e+09
1591  1559.868663    0.000101  0.000067  ...  0.000012  2.744039e+06  1.733500e+09

[1592 rows x 13 columns]
CHANNEL_1_2
           cbragg  cbragg_err   credchi  ...  cdelta_n            cL     timestamp
0     1563.614127    0.000628  0.005717  ...  0.000012  3.221544e+06  1.733484e+09
1     1563.617016    0.001869  0.099262  ...  0.000012  4.495400e+06  1.733484e+09
2     1563.618998    0.000088  0.000077  ...  0.000012  2.792141e+06  1.733484e+09
3     1563.620866    0.002136  0.121117  ...  0.000012  4.592115e+06  1.733484e+09
4     1563.621453    0.000596  0.005041  ...  0.000012  3.193881e+06  1.733484e+09
...           ...         ...       ...  ...       ...           ...           ...
1587  1562.610185    0.000837  0.010909  ...  0.000012  3.353569e+06  1.733500e+09
1588  1562.607370    0.001319  0.034667  ...  0.000012  3.812974e+06  1.733500e+09
1589  1562.608574    0.001430  0.045917  ...  0.000012  3.940927e+06  1.733500e+09
1590  1562.605464    0.001490  0.045931  ...  0.000012  3.950912e+06  1.733500e+09
1591  1562.609267    0.000744  0.008189  ...  0.000012  3.266605e+06  1.733500e+09

[1592 rows x 13 columns]
CHANNEL_1_3
           cbragg  cbragg_err   credchi  ...  cdelta_n            cL     timestamp
0     1566.585159    0.002113  0.110464  ...  0.000012  4.600529e+06  1.733484e+09
1     1566.582585    0.000104  0.000105  ...  0.000012  2.816002e+06  1.733484e+09
2     1566.592340    0.000925  0.011829  ...  0.000012  3.324217e+06  1.733484e+09
3     1566.587959    0.001852  0.069166  ...  0.000012  4.152238e+06  1.733484e+09
4     1566.591049    0.000398  0.001865  ...  0.000012  3.052039e+06  1.733484e+09
...           ...         ...       ...  ...       ...           ...           ...
1587  1565.347119    0.001554  0.044932  ...  0.000012  3.987939e+06  1.733500e+09
1588  1565.351761    0.002549  0.159117  ...  0.000012  5.006964e+06  1.733500e+09
1589  1565.342373    0.001686  0.063207  ...  0.000012  4.284529e+06  1.733500e+09
1590  1565.348058    0.002027  0.094672  ...  0.000012  4.488523e+06  1.733500e+09
1591  1565.347066    0.000208  0.000461  ...  0.000012  3.009614e+06  1.733500e+09

[1592 rows x 13 columns]
CHANNEL_2_1
           cbragg  cbragg_err   credchi  ...  cdelta_n            cL     timestamp
0     1547.919231    0.000313  0.000157  ...  0.000012  3.010447e+06  1.733484e+09
1     1547.919490    0.000078  0.000008  ...  0.000012  2.802440e+06  1.733484e+09
2     1547.923787    0.000665  0.000711  ...  0.000012  3.115527e+06  1.733484e+09
3     1547.924593    0.000144  0.000028  ...  0.000012  2.773599e+06  1.733484e+09
4     1547.926159    0.000850  0.001508  ...  0.000012  3.374907e+06  1.733484e+09
...           ...         ...       ...  ...       ...           ...           ...
1587  1547.318394    0.000450  0.000355  ...  0.000012  3.092270e+06  1.733500e+09
1588  1547.321165    0.000592  0.000631  ...  0.000012  3.174930e+06  1.733500e+09
1589  1547.317115    0.001024  0.002716  ...  0.000012  3.592314e+06  1.733500e+09
1590  1547.312810    0.000513  0.000479  ...  0.000012  3.153074e+06  1.733500e+09
1591  1547.311376    0.001003  0.000722  ...  0.000012  2.357102e+06  1.733500e+09

[1592 rows x 13 columns]
CHANNEL_2_2
           cbragg  cbragg_err   credchi  ...  cdelta_n            cL     timestamp
0     1551.205112    0.000809  0.001019  ...  0.000012  3.149954e+06  1.733484e+09
1     1551.204535    0.000483  0.000365  ...  0.000012  3.060280e+06  1.733484e+09
2     1551.210513    0.000184  0.000034  ...  0.000012  2.640091e+06  1.733484e+09
3     1551.210244    0.000096  0.000011  ...  0.000012  2.743605e+06  1.733484e+09
4     1551.212646    0.000089  0.000009  ...  0.000012  2.732675e+06  1.733484e+09
...           ...         ...       ...  ...       ...           ...           ...
1587  1550.296963    0.001088  0.002438  ...  0.000012  3.495588e+06  1.733500e+09
1588  1550.294970    0.000124  0.000016  ...  0.000012  2.712473e+06  1.733500e+09
1589  1550.295241    0.000105  0.000012  ...  0.000012  2.734454e+06  1.733500e+09
1590  1550.295569    0.001092  0.002384  ...  0.000012  3.484971e+06  1.733500e+09
1591  1550.296152    0.000731  0.000883  ...  0.000012  3.190408e+06  1.733500e+09

[1592 rows x 13 columns]
CHANNEL_2_3
           cbragg  cbragg_err   credchi  ...  cdelta_n            cL     timestamp
0     1554.055486    0.000073  0.000006  ...  0.000012  2.865507e+06  1.733484e+09
1     1554.056361    0.000087  0.000010  ...  0.000012  2.884125e+06  1.733484e+09
2     1554.060036    0.000065  0.000005  ...  0.000012  2.881816e+06  1.733484e+09
3     1554.060533    0.000063  0.000005  ...  0.000012  2.879894e+06  1.733484e+09
4     1554.059686    0.000220  0.000067  ...  0.000012  3.034806e+06  1.733484e+09
...           ...         ...       ...  ...       ...           ...           ...
1587  1552.898589    0.000941  0.002063  ...  0.000012  3.614710e+06  1.733500e+09
1588  1552.891122    0.000077  0.000007  ...  0.000012  2.881151e+06  1.733500e+09
1589  1552.892544    0.000521  0.000495  ...  0.000012  3.257356e+06  1.733500e+09
1590  1552.893801    0.000074  0.000007  ...  0.000012  2.900737e+06  1.733500e+09
1591  1552.894941    0.000081  0.000009  ...  0.000012  2.903018e+06  1.733500e+09

[1592 rows x 13 columns]
CHANNEL_3_1
           cbragg  cbragg_err   credchi  ...  cdelta_n            cL     timestamp
0     1547.127909    0.000106  0.000028  ...  0.000012  7.818366e+06  1.733484e+09
1     1547.117213    0.000109  0.000027  ...  0.000012  7.750200e+06  1.733484e+09
2     1547.133417    0.000107  0.000029  ...  0.000012  7.798747e+06  1.733484e+09
3     1547.122856    0.000108  0.000027  ...  0.000012  7.792981e+06  1.733484e+09
4     1547.134711    0.000107  0.000029  ...  0.000012  7.795177e+06  1.733484e+09
...           ...         ...       ...  ...       ...           ...           ...
1587  1545.806233    0.000106  0.000026  ...  0.000012  7.783792e+06  1.733500e+09
1588  1545.815479    0.000111  0.000029  ...  0.000012  7.786257e+06  1.733500e+09
1589  1545.808548    0.000105  0.000026  ...  0.000012  7.791595e+06  1.733500e+09
1590  1545.811072    0.000110  0.000029  ...  0.000012  7.795925e+06  1.733500e+09
1591  1545.804185    0.000107  0.000027  ...  0.000012  7.785485e+06  1.733500e+09

[1592 rows x 13 columns]
CHANNEL_3_2
           cbragg  cbragg_err   credchi  ...  cdelta_n            cL     timestamp
0     1548.156240    0.000128  0.000068  ...  0.000012  8.077184e+06  1.733484e+09
1     1548.144598    0.000107  0.000030  ...  0.000012  7.927882e+06  1.733484e+09
2     1548.159679    0.000112  0.000050  ...  0.000012  7.880159e+06  1.733484e+09
3     1548.147957    0.000109  0.000031  ...  0.000012  7.929755e+06  1.733484e+09
4     1548.159512    0.000111  0.000048  ...  0.000012  7.860329e+06  1.733484e+09
...           ...         ...       ...  ...       ...           ...           ...
1587  1546.805647    0.000110  0.000031  ...  0.000012  7.846375e+06  1.733500e+09
1588  1546.812295    0.000111  0.000050  ...  0.000012  7.814932e+06  1.733500e+09
1589  1546.805508    0.000111  0.000031  ...  0.000012  7.845611e+06  1.733500e+09
1590  1546.811986    0.000115  0.000053  ...  0.000012  7.796658e+06  1.733500e+09
1591  1546.805370    0.000110  0.000031  ...  0.000012  7.848197e+06  1.733500e+09

[1592 rows x 13 columns]
CHANNEL_3_3
           cbragg  cbragg_err   credchi  ...  cdelta_n            cL     timestamp
0     1549.154703    0.000110  0.000043  ...  0.000012  7.621868e+06  1.733484e+09
1     1549.146295    0.000105  0.000034  ...  0.000012  7.627785e+06  1.733484e+09
2     1549.159888    0.000121  0.000052  ...  0.000012  7.724497e+06  1.733484e+09
3     1549.151547    0.000114  0.000040  ...  0.000012  7.719593e+06  1.733484e+09
4     1549.161252    0.000108  0.000041  ...  0.000012  7.612424e+06  1.733484e+09
...           ...         ...       ...  ...       ...           ...           ...
1587  1547.767695    0.000108  0.000043  ...  0.000012  7.561955e+06  1.733500e+09
1588  1547.766786    0.000111  0.000034  ...  0.000012  7.579221e+06  1.733500e+09
1589  1547.765639    0.000107  0.000042  ...  0.000012  7.550184e+06  1.733500e+09
1590  1547.765180    0.000112  0.000034  ...  0.000012  7.558619e+06  1.733500e+09
1591  1547.763839    0.000106  0.000042  ...  0.000012  7.560311e+06  1.733500e+09

[1592 rows x 13 columns]
CHANNEL_3_4
           cbragg  cbragg_err   credchi  ...  cdelta_n            cL     timestamp
0     1550.136075    0.000099  0.000029  ...  0.000012  7.752023e+06  1.733484e+09
1     1550.126572    0.000098  0.000029  ...  0.000012  7.738812e+06  1.733484e+09
2     1550.139755    0.000096  0.000028  ...  0.000012  7.755679e+06  1.733484e+09
3     1550.130254    0.000096  0.000028  ...  0.000012  7.734917e+06  1.733484e+09
4     1550.140852    0.000096  0.000027  ...  0.000012  7.760676e+06  1.733484e+09
...           ...         ...       ...  ...       ...           ...           ...
1587  1548.706230    0.000096  0.000025  ...  0.000012  7.769617e+06  1.733500e+09
1588  1548.717245    0.000100  0.000034  ...  0.000012  7.738978e+06  1.733500e+09
1589  1548.706256    0.000095  0.000024  ...  0.000012  7.760424e+06  1.733500e+09
1590  1548.715713    0.000140  0.000068  ...  0.000012  7.973870e+06  1.733500e+09
1591  1548.704652    0.000093  0.000024  ...  0.000012  7.781692e+06  1.733500e+09

[1592 rows x 13 columns]
CHANNEL_3_5
           cbragg  cbragg_err   credchi  ...  cdelta_n            cL     timestamp
0     1551.151613    0.000078  0.000021  ...  0.000012  7.612615e+06  1.733484e+09
1     1551.139186    0.000077  0.000016  ...  0.000012  7.653091e+06  1.733484e+09
2     1551.156101    0.000078  0.000021  ...  0.000012  7.619837e+06  1.733484e+09
3     1551.143386    0.000075  0.000015  ...  0.000012  7.655613e+06  1.733484e+09
4     1551.153329    0.000078  0.000021  ...  0.000012  7.629900e+06  1.733484e+09
...           ...         ...       ...  ...       ...           ...           ...
1587  1549.691713    0.000078  0.000017  ...  0.000012  7.589253e+06  1.733500e+09
1588  1549.697199    0.000080  0.000023  ...  0.000012  7.567852e+06  1.733500e+09
1589  1549.691205    0.000078  0.000017  ...  0.000012  7.591804e+06  1.733500e+09
1590  1549.696446    0.000078  0.000022  ...  0.000012  7.564018e+06  1.733500e+09
1591  1549.690632    0.000080  0.000017  ...  0.000012  7.590197e+06  1.733500e+09

[1592 rows x 13 columns]
CHANNEL_3_6
           cbragg  cbragg_err   credchi  ...  cdelta_n            cL     timestamp
0     1552.141789    0.000079  0.000024  ...  0.000012  7.812267e+06  1.733484e+09
1     1552.130578    0.000075  0.000016  ...  0.000012  7.844418e+06  1.733484e+09
2     1552.146735    0.000082  0.000026  ...  0.000012  7.801813e+06  1.733484e+09
3     1552.134721    0.000076  0.000016  ...  0.000012  7.864794e+06  1.733484e+09
4     1552.147122    0.000079  0.000024  ...  0.000012  7.815768e+06  1.733484e+09
...           ...         ...       ...  ...       ...           ...           ...
1587  1550.649704    0.000086  0.000026  ...  0.000012  7.720673e+06  1.733500e+09
1588  1550.657653    0.000086  0.000020  ...  0.000012  7.770267e+06  1.733500e+09
1589  1550.652760    0.000086  0.000025  ...  0.000012  7.722947e+06  1.733500e+09
1590  1550.658353    0.000089  0.000022  ...  0.000012  7.766729e+06  1.733500e+09
1591  1550.653763    0.000082  0.000024  ...  0.000012  7.737670e+06  1.733500e+09

[1592 rows x 13 columns]
CHANNEL_3_7
           cbragg  cbragg_err   credchi  ...  cdelta_n            cL     timestamp
0     1553.163319    0.000088  0.000023  ...  0.000012  7.578871e+06  1.733484e+09
1     1553.154856    0.000085  0.000022  ...  0.000012  7.576334e+06  1.733484e+09
2     1553.165975    0.000090  0.000024  ...  0.000012  7.568638e+06  1.733484e+09
3     1553.158190    0.000097  0.000029  ...  0.000012  7.674279e+06  1.733484e+09
4     1553.167518    0.000088  0.000023  ...  0.000012  7.557848e+06  1.733484e+09
...           ...         ...       ...  ...       ...           ...           ...
1587  1551.645896    0.000080  0.000016  ...  0.000012  7.666031e+06  1.733500e+09
1588  1551.658363    0.000112  0.000049  ...  0.000012  7.766131e+06  1.733500e+09
1589  1551.646176    0.000079  0.000016  ...  0.000012  7.669860e+06  1.733500e+09
1590  1551.658137    0.000087  0.000029  ...  0.000012  7.586354e+06  1.733500e+09
1591  1551.646080    0.000083  0.000017  ...  0.000012  7.661248e+06  1.733500e+09

[1592 rows x 13 columns]
CHANNEL_3_8
           cbragg  cbragg_err   credchi  ...  cdelta_n            cL     timestamp
0     1554.115910    0.000085  0.000020  ...  0.000012  7.725343e+06  1.733484e+09
1     1554.104272    0.000082  0.000015  ...  0.000012  7.723797e+06  1.733484e+09
2     1554.120870    0.000088  0.000022  ...  0.000012  7.710290e+06  1.733484e+09
3     1554.108336    0.000083  0.000016  ...  0.000012  7.722780e+06  1.733484e+09
4     1554.117558    0.000087  0.000021  ...  0.000012  7.728736e+06  1.733484e+09
...           ...         ...       ...  ...       ...           ...           ...
1587  1552.577860    0.000092  0.000019  ...  0.000012  7.626678e+06  1.733500e+09
1588  1552.584999    0.000120  0.000037  ...  0.000012  7.661855e+06  1.733500e+09
1589  1552.579898    0.000092  0.000019  ...  0.000012  7.613696e+06  1.733500e+09
1590  1552.582622    0.000094  0.000024  ...  0.000012  7.608626e+06  1.733500e+09
1591  1552.578091    0.000093  0.000020  ...  0.000012  7.624001e+06  1.733500e+09

[1592 rows x 13 columns]
CHANNEL_3_9
           cbragg  cbragg_err   credchi  ...  cdelta_n            cL     timestamp
0     1555.122619    0.000087  0.000021  ...  0.000012  7.728585e+06  1.733484e+09
1     1555.111228    0.000086  0.000016  ...  0.000012  7.735015e+06  1.733484e+09
2     1555.124594    0.000087  0.000020  ...  0.000012  7.730122e+06  1.733484e+09
3     1555.112879    0.000087  0.000016  ...  0.000012  7.738475e+06  1.733484e+09
4     1555.123297    0.000089  0.000022  ...  0.000012  7.719367e+06  1.733484e+09
...           ...         ...       ...  ...       ...           ...           ...
1587  1553.564678    0.000089  0.000020  ...  0.000012  7.650458e+06  1.733500e+09
1588  1553.570110    0.000093  0.000017  ...  0.000012  7.678539e+06  1.733500e+09
1589  1553.565257    0.000090  0.000021  ...  0.000012  7.631663e+06  1.733500e+09
1590  1553.570719    0.000140  0.000036  ...  0.000012  7.327521e+06  1.733500e+09
1591  1553.565055    0.000088  0.000020  ...  0.000012  7.652206e+06  1.733500e+09

[1592 rows x 13 columns]
CHANNEL_3_10
           cbragg  cbragg_err   credchi  ...  cdelta_n            cL     timestamp
0     1556.131241    0.000104  0.000022  ...  0.000012  7.740052e+06  1.733484e+09
1     1556.122082    0.000103  0.000023  ...  0.000012  7.742958e+06  1.733484e+09
2     1556.134448    0.000103  0.000021  ...  0.000012  7.767028e+06  1.733484e+09
3     1556.124297    0.000103  0.000023  ...  0.000012  7.747492e+06  1.733484e+09
4     1556.132019    0.000101  0.000021  ...  0.000012  7.767255e+06  1.733484e+09
...           ...         ...       ...  ...       ...           ...           ...
1587  1554.556994    0.000122  0.000026  ...  0.000012  7.570781e+06  1.733500e+09
1588  1554.567421    0.000094  0.000023  ...  0.000012  7.790103e+06  1.733500e+09
1589  1554.556489    0.000097  0.000017  ...  0.000012  7.838179e+06  1.733500e+09
1590  1554.567229    0.000097  0.000025  ...  0.000012  7.776935e+06  1.733500e+09
1591  1554.556785    0.000100  0.000018  ...  0.000012  7.847219e+06  1.733500e+09

[1592 rows x 13 columns]
CHANNEL_3_11
           cbragg  cbragg_err   credchi  ...  cdelta_n            cL     timestamp
0     1557.102383    0.000124  0.000045  ...  0.000012  7.901750e+06  1.733484e+09
1     1557.090652    0.000119  0.000032  ...  0.000012  7.974667e+06  1.733484e+09
2     1557.106684    0.000125  0.000046  ...  0.000012  7.943975e+06  1.733484e+09
3     1557.093894    0.000121  0.000034  ...  0.000012  7.976597e+06  1.733484e+09
4     1557.105095    0.000125  0.000046  ...  0.000012  7.945675e+06  1.733484e+09
...           ...         ...       ...  ...       ...           ...           ...
1587  1555.508360    0.000130  0.000045  ...  0.000012  7.874510e+06  1.733500e+09
1588  1555.509168    0.000130  0.000039  ...  0.000012  7.883863e+06  1.733500e+09
1589  1555.506534    0.000130  0.000045  ...  0.000012  7.869077e+06  1.733500e+09
1590  1555.509928    0.000132  0.000040  ...  0.000012  7.893616e+06  1.733500e+09
1591  1555.507814    0.000132  0.000046  ...  0.000012  7.840012e+06  1.733500e+09

[1592 rows x 13 columns]
CHANNEL_3_12
           cbragg  cbragg_err   credchi  ...  cdelta_n            cL     timestamp
0     1558.088448    0.000093  0.000025  ...  0.000012  7.813402e+06  1.733484e+09
1     1558.076905    0.000091  0.000017  ...  0.000012  7.870805e+06  1.733484e+09
2     1558.093724    0.000093  0.000025  ...  0.000012  7.814017e+06  1.733484e+09
3     1558.081420    0.000090  0.000016  ...  0.000012  7.855645e+06  1.733484e+09
4     1558.090678    0.000094  0.000025  ...  0.000012  7.812597e+06  1.733484e+09
...           ...         ...       ...  ...       ...           ...           ...
1587  1556.474050    0.000096  0.000023  ...  0.000012  7.768897e+06  1.733500e+09
1588  1556.479255    0.000097  0.000021  ...  0.000012  7.813449e+06  1.733500e+09
1589  1556.471660    0.000098  0.000024  ...  0.000012  7.741935e+06  1.733500e+09
1590  1556.478041    0.000099  0.000022  ...  0.000012  7.795768e+06  1.733500e+09
1591  1556.471068    0.000097  0.000023  ...  0.000012  7.774036e+06  1.733500e+09

[1592 rows x 13 columns]
CHANNEL_3_13
           cbragg  cbragg_err   credchi  ...  cdelta_n            cL     timestamp
0     1559.088151    0.000089  0.000020  ...  0.000012  7.569115e+06  1.733484e+09
1     1559.077804    0.000087  0.000015  ...  0.000012  7.586501e+06  1.733484e+09
2     1559.087418    0.000091  0.000020  ...  0.000012  7.573612e+06  1.733484e+09
3     1559.075965    0.000088  0.000016  ...  0.000012  7.577544e+06  1.733484e+09
4     1559.090283    0.000087  0.000019  ...  0.000012  7.599329e+06  1.733484e+09
...           ...         ...       ...  ...       ...           ...           ...
1587  1557.440922    0.000084  0.000012  ...  0.000012  7.687699e+06  1.733500e+09
1588  1557.452773    0.000084  0.000020  ...  0.000012  7.640376e+06  1.733500e+09
1589  1557.440574    0.000087  0.000013  ...  0.000012  7.690842e+06  1.733500e+09
1590  1557.450387    0.000086  0.000021  ...  0.000012  7.633708e+06  1.733500e+09
1591  1557.438677    0.000084  0.000013  ...  0.000012  7.680588e+06  1.733500e+09

[1592 rows x 13 columns]
CHANNEL_3_14
           cbragg  cbragg_err   credchi  ...  cdelta_n            cL     timestamp
0     1560.053110    0.000111  0.000033  ...  0.000012  7.882952e+06  1.733484e+09
1     1560.042598    0.000111  0.000029  ...  0.000012  7.875033e+06  1.733484e+09
2     1560.059065    0.000113  0.000034  ...  0.000012  7.878559e+06  1.733484e+09
3     1560.047635    0.000112  0.000030  ...  0.000012  7.884640e+06  1.733484e+09
4     1560.053607    0.000113  0.000034  ...  0.000012  7.887838e+06  1.733484e+09
...           ...         ...       ...  ...       ...           ...           ...
1587  1558.276703    0.000123  0.000032  ...  0.000012  7.887332e+06  1.733500e+09
1588  1558.289620    0.000124  0.000046  ...  0.000012  7.858712e+06  1.733500e+09
1589  1558.283182    0.000126  0.000033  ...  0.000012  7.902226e+06  1.733500e+09
1590  1558.287406    0.000125  0.000047  ...  0.000012  7.850310e+06  1.733500e+09
1591  1558.274096    0.000140  0.000039  ...  0.000012  7.652162e+06  1.733500e+09

[1592 rows x 13 columns]
