CHANNEL_0_1
        cbragg  cbragg_err   credchi  ...  cdelta_n            cL     timestamp
0  1544.231557    0.000106  0.000041  ...  0.000012  7.709760e+06  1.737866e+09
1  1544.233229    0.000106  0.000054  ...  0.000012  7.649413e+06  1.737866e+09

[2 rows x 13 columns]
CHANNEL_0_2
        cbragg  cbragg_err   credchi  ...  cdelta_n            cL     timestamp
0  1545.186003    0.000087  0.000017  ...  0.000012  7.689283e+06  1.737866e+09
1  1545.186825    0.000084  0.000014  ...  0.000012  7.673684e+06  1.737866e+09

[2 rows x 13 columns]
CHANNEL_0_3
        cbragg  cbragg_err   credchi  ...  cdelta_n            cL     timestamp
0  1546.171911    0.000112  0.000048  ...  0.000012  7.628786e+06  1.737866e+09
1  1546.169984    0.000111  0.000046  ...  0.000012  7.620280e+06  1.737866e+09

[2 rows x 13 columns]
CHANNEL_0_4
        cbragg  cbragg_err   credchi  ...  cdelta_n            cL     timestamp
0  1547.163749    0.000121  0.000062  ...  0.000012  7.941375e+06  1.737866e+09
1  1547.165131    0.000118  0.000046  ...  0.000012  7.848035e+06  1.737866e+09

[2 rows x 13 columns]
CHANNEL_0_5
        cbragg  cbragg_err   credchi  ...  cdelta_n            cL     timestamp
0  1548.137998    0.000095  0.000034  ...  0.000012  7.678994e+06  1.737866e+09
1  1548.141556    0.000091  0.000046  ...  0.000012  7.644245e+06  1.737866e+09

[2 rows x 13 columns]
CHANNEL_0_6
        cbragg  cbragg_err   credchi  ...  cdelta_n            cL     timestamp
0  1549.124462    0.000084  0.000047  ...  0.000012  7.459438e+06  1.737866e+09
1  1549.116628    0.000092  0.000033  ...  0.000012  7.674380e+06  1.737866e+09

[2 rows x 13 columns]
CHANNEL_0_7
        cbragg  cbragg_err   credchi  ...  cdelta_n            cL     timestamp
0  1550.119619    0.000117  0.000041  ...  0.000012  7.633299e+06  1.737866e+09
1  1550.124354    0.000115  0.000046  ...  0.000012  7.649805e+06  1.737866e+09

[2 rows x 13 columns]
CHANNEL_0_8
        cbragg  cbragg_err   credchi  ...  cdelta_n            cL     timestamp
0  1551.097065    0.000072  0.000016  ...  0.000012  7.619147e+06  1.737866e+09
1  1551.097319    0.000072  0.000019  ...  0.000012  7.598938e+06  1.737866e+09

[2 rows x 13 columns]
CHANNEL_0_9
        cbragg  cbragg_err   credchi  ...  cdelta_n            cL     timestamp
0  1552.082444    0.000086  0.000025  ...  0.000012  7.693564e+06  1.737866e+09
1  1552.078123    0.000089  0.000018  ...  0.000012  7.705137e+06  1.737866e+09

[2 rows x 13 columns]
CHANNEL_0_10
        cbragg  cbragg_err   credchi  ...  cdelta_n            cL     timestamp
0  1553.083450    0.000120  0.000030  ...  0.000012  7.441584e+06  1.737866e+09
1  1553.086707    0.000093  0.000021  ...  0.000012  7.715368e+06  1.737866e+09

[2 rows x 13 columns]
CHANNEL_0_11
        cbragg  cbragg_err   credchi  ...  cdelta_n            cL     timestamp
0  1554.097728    0.000071  0.000013  ...  0.000012  7.643385e+06  1.737866e+09
1  1554.091107    0.000073  0.000010  ...  0.000012  7.644554e+06  1.737866e+09

[2 rows x 13 columns]
CHANNEL_0_12
        cbragg  cbragg_err   credchi  ...  cdelta_n            cL     timestamp
0  1555.119171    0.000107  0.000046  ...  0.000012  7.538029e+06  1.737866e+09
1  1555.117604    0.000113  0.000041  ...  0.000012  7.560389e+06  1.737866e+09

[2 rows x 13 columns]
CHANNEL_0_13
        cbragg  cbragg_err   credchi  ...  cdelta_n            cL     timestamp
0  1556.092964    0.000142  0.000036  ...  0.000012  7.675150e+06  1.737866e+09
1  1556.093468    0.000136  0.000044  ...  0.000012  7.650626e+06  1.737866e+09

[2 rows x 13 columns]
CHANNEL_0_14
        cbragg  cbragg_err   credchi  ...  cdelta_n            cL     timestamp
0  1557.067467    0.000095  0.000041  ...  0.000012  7.658582e+06  1.737866e+09
1  1557.060558    0.000091  0.000020  ...  0.000012  7.716975e+06  1.737866e+09

[2 rows x 13 columns]
CHANNEL_1_1
        cbragg  cbragg_err   credchi  ...  cdelta_n            cL     timestamp
0  1555.129372    0.000096  0.000007  ...  0.000012  2.639229e+06  1.737866e+09
1  1555.132728    0.000098  0.000008  ...  0.000012  2.614615e+06  1.737866e+09

[2 rows x 13 columns]
CHANNEL_1_2
        cbragg  cbragg_err   credchi  ...  cdelta_n            cL     timestamp
0  1558.278723    0.000142  0.000031  ...  0.000012  2.861678e+06  1.737866e+09
1  1558.281225    0.000575  0.000657  ...  0.000012  3.175720e+06  1.737866e+09

[2 rows x 13 columns]
CHANNEL_1_3
        cbragg  cbragg_err   credchi  ...  cdelta_n            cL     timestamp
0  1561.097723    0.000837  0.001787  ...  0.000012  3.496520e+06  1.737866e+09
1  1561.093803    0.000043  0.000003  ...  0.000012  2.936778e+06  1.737866e+09

[2 rows x 13 columns]
CHANNEL_2_1
        cbragg  cbragg_err   credchi  ...  cdelta_n            cL     timestamp
0  1542.580776    0.000137  0.000003  ...  0.000012  2.750204e+06  1.737866e+09
1  1542.580346    0.000068  0.000003  ...  0.000012  2.750016e+06  1.737866e+09

[2 rows x 13 columns]
CHANNEL_2_2
        cbragg  cbragg_err   credchi  ...  cdelta_n            cL     timestamp
0  1546.014946    0.001311  0.002708  ...  0.000012  3.573920e+06  1.737866e+09
1  1546.016390    0.000150  0.000019  ...  0.000012  2.658450e+06  1.737866e+09

[2 rows x 13 columns]
CHANNEL_2_3
        cbragg  cbragg_err   credchi  ...  cdelta_n            cL     timestamp
0  1548.610294    0.000102  0.000011  ...  0.000012  2.875475e+06  1.737866e+09
1  1548.612532    0.000105  0.000012  ...  0.000012  2.886983e+06  1.737866e+09

[2 rows x 13 columns]
CHANNEL_3_1
        cbragg  cbragg_err   credchi  ...  cdelta_n            cL     timestamp
0  1543.640796    0.000104  0.000023  ...  0.000012  7.848493e+06  1.737866e+09
1  1543.627769    0.000139  0.000014  ...  0.000012  7.909501e+06  1.737866e+09

[2 rows x 13 columns]
CHANNEL_3_2
        cbragg  cbragg_err   credchi  ...  cdelta_n            cL     timestamp
0  1544.666498    0.000131  0.000028  ...  0.000012  7.867309e+06  1.737866e+09
1  1544.659421    0.000208  0.000033  ...  0.000012  7.824645e+06  1.737866e+09

[2 rows x 13 columns]
CHANNEL_3_3
        cbragg  cbragg_err   credchi  ...  cdelta_n            cL     timestamp
0  1545.665129    0.000105  0.000033  ...  0.000012  7.609711e+06  1.737866e+09
1  1545.656486    0.000108  0.000023  ...  0.000012  7.637161e+06  1.737866e+09

[2 rows x 13 columns]
CHANNEL_3_4
        cbragg  cbragg_err   credchi  ...  cdelta_n            cL     timestamp
0  1546.638723    0.000095  0.000022  ...  0.000012  7.764669e+06  1.737866e+09
1  1546.628293    0.000094  0.000020  ...  0.000012  7.781121e+06  1.737866e+09

[2 rows x 13 columns]
CHANNEL_3_5
        cbragg  cbragg_err   credchi  ...  cdelta_n            cL     timestamp
0  1547.653976    0.000080  0.000014  ...  0.000012  7.604922e+06  1.737866e+09
1  1547.651909    0.000079  0.000015  ...  0.000012  7.601525e+06  1.737866e+09

[2 rows x 13 columns]
CHANNEL_3_6
        cbragg  cbragg_err  credchi  ...  cdelta_n            cL     timestamp
0  1548.644283    0.000079  0.00002  ...  0.000012  7.806257e+06  1.737866e+09
1  1548.632552    0.000075  0.00001  ...  0.000012  7.894947e+06  1.737866e+09

[2 rows x 13 columns]
CHANNEL_3_7
        cbragg  cbragg_err   credchi  ...  cdelta_n            cL     timestamp
0  1549.658079    0.000087  0.000013  ...  0.000012  7.577853e+06  1.737866e+09
1  1549.659311    0.000085  0.000020  ...  0.000012  7.537915e+06  1.737866e+09

[2 rows x 13 columns]
CHANNEL_3_8
        cbragg  cbragg_err   credchi  ...  cdelta_n            cL     timestamp
0  1550.616402     0.00009  0.000019  ...  0.000012  7.628828e+06  1.737866e+09
1  1550.607378     0.00009  0.000011  ...  0.000012  7.709726e+06  1.737866e+09

[2 rows x 13 columns]
CHANNEL_3_9
        cbragg  cbragg_err   credchi  ...  cdelta_n            cL     timestamp
0  1551.610850    0.000093  0.000012  ...  0.000012  7.705004e+06  1.737866e+09
1  1551.608322    0.000089  0.000016  ...  0.000012  7.663051e+06  1.737866e+09

[2 rows x 13 columns]
CHANNEL_3_10
        cbragg  cbragg_err   credchi  ...  cdelta_n            cL     timestamp
0  1552.619334    0.000103  0.000018  ...  0.000012  7.758079e+06  1.737866e+09
1  1552.612884    0.000105  0.000015  ...  0.000012  7.797548e+06  1.737866e+09

[2 rows x 13 columns]
CHANNEL_3_11
        cbragg  cbragg_err   credchi  ...  cdelta_n            cL     timestamp
0  1553.588574    0.000126  0.000035  ...  0.000012  7.960765e+06  1.737866e+09
1  1553.577856    0.000124  0.000027  ...  0.000012  7.966713e+06  1.737866e+09

[2 rows x 13 columns]
CHANNEL_3_12
        cbragg  cbragg_err   credchi  ...  cdelta_n            cL     timestamp
0  1554.561817    0.000095  0.000017  ...  0.000012  7.818321e+06  1.737866e+09
1  1554.557494    0.000098  0.000014  ...  0.000012  7.841723e+06  1.737866e+09

[2 rows x 13 columns]
CHANNEL_3_13
        cbragg  cbragg_err   credchi  ...  cdelta_n            cL     timestamp
0  1555.569946    0.000091  0.000013  ...  0.000012  7.623868e+06  1.737866e+09
1  1555.564117    0.000142  0.000033  ...  0.000012  7.227061e+06  1.737866e+09

[2 rows x 13 columns]
CHANNEL_3_14
        cbragg  cbragg_err   credchi  ...  cdelta_n            cL     timestamp
0  1556.524056    0.000187  0.000076  ...  0.000012  7.726922e+06  1.737866e+09
1  1556.517903    0.000226  0.000066  ...  0.000012  7.392338e+06  1.737866e+09

[2 rows x 13 columns]
