CHANNEL_0_1
        cbragg  cbragg_err   credchi  ...  cdelta_n            cL     timestamp
0  1544.213137    0.000130  0.000035  ...  0.000012  7.716228e+06  1.737295e+09
1  1544.219844    0.000206  0.000058  ...  0.000012  7.679902e+06  1.737295e+09

[2 rows x 13 columns]
CHANNEL_0_2
        cbragg  cbragg_err   credchi  ...  cdelta_n            cL     timestamp
0  1545.172470    0.000081  0.000018  ...  0.000012  7.680382e+06  1.737295e+09
1  1545.168494    0.000089  0.000013  ...  0.000012  7.723038e+06  1.737295e+09

[2 rows x 13 columns]
CHANNEL_0_3
        cbragg  cbragg_err   credchi  ...  cdelta_n            cL     timestamp
0  1546.153348    0.000113  0.000037  ...  0.000012  7.639027e+06  1.737295e+09
1  1546.156757    0.000112  0.000057  ...  0.000012  7.685088e+06  1.737295e+09

[2 rows x 13 columns]
CHANNEL_0_4
        cbragg  cbragg_err  credchi  ...  cdelta_n            cL     timestamp
0  1547.150459    0.000117  0.00006  ...  0.000012  7.818826e+06  1.737295e+09
1  1547.146544    0.000116  0.00004  ...  0.000012  7.889098e+06  1.737295e+09

[2 rows x 13 columns]
CHANNEL_0_5
        cbragg  cbragg_err   credchi  ...  cdelta_n            cL     timestamp
0  1548.120906    0.000090  0.000030  ...  0.000012  7.698800e+06  1.737295e+09
1  1548.126498    0.000092  0.000044  ...  0.000012  7.654307e+06  1.737295e+09

[2 rows x 13 columns]
CHANNEL_0_6
        cbragg  cbragg_err   credchi  ...  cdelta_n            cL     timestamp
0  1549.106583    0.000080  0.000033  ...  0.000012  7.466707e+06  1.737295e+09
1  1549.103520    0.000082  0.000032  ...  0.000012  7.458265e+06  1.737295e+09

[2 rows x 13 columns]
CHANNEL_0_7
        cbragg  cbragg_err   credchi  ...  cdelta_n            cL     timestamp
0  1550.104822    0.000116  0.000046  ...  0.000012  7.628223e+06  1.737295e+09
1  1550.107511    0.000119  0.000039  ...  0.000012  7.665167e+06  1.737295e+09

[2 rows x 13 columns]
CHANNEL_0_8
        cbragg  cbragg_err   credchi  ...  cdelta_n            cL     timestamp
0  1551.077088    0.000075  0.000015  ...  0.000012  7.620604e+06  1.737295e+09
1  1551.081004    0.000181  0.000113  ...  0.000012  7.153681e+06  1.737295e+09

[2 rows x 13 columns]
CHANNEL_0_9
        cbragg  cbragg_err   credchi  ...  cdelta_n            cL     timestamp
0  1552.061394    0.000090  0.000020  ...  0.000012  7.699308e+06  1.737295e+09
1  1552.063438    0.000089  0.000022  ...  0.000012  7.658939e+06  1.737295e+09

[2 rows x 13 columns]
CHANNEL_0_10
        cbragg  cbragg_err   credchi  ...  cdelta_n            cL     timestamp
0  1553.066939    0.000091  0.000022  ...  0.000012  7.697243e+06  1.737295e+09
1  1553.067644    0.000094  0.000015  ...  0.000012  7.703064e+06  1.737295e+09

[2 rows x 13 columns]
CHANNEL_0_11
        cbragg  cbragg_err   credchi  ...  cdelta_n            cL     timestamp
0  1554.076373    0.000075  0.000010  ...  0.000012  7.624846e+06  1.737295e+09
1  1554.077018    0.000073  0.000012  ...  0.000012  7.587143e+06  1.737295e+09

[2 rows x 13 columns]
CHANNEL_0_12
        cbragg  cbragg_err   credchi  ...  cdelta_n            cL     timestamp
0  1555.101660    0.000113  0.000054  ...  0.000012  7.530582e+06  1.737295e+09
1  1555.098832    0.000122  0.000042  ...  0.000012  7.682831e+06  1.737295e+09

[2 rows x 13 columns]
CHANNEL_0_13
        cbragg  cbragg_err   credchi  ...  cdelta_n            cL     timestamp
0  1556.071069    0.000140  0.000030  ...  0.000012  7.670339e+06  1.737295e+09
1  1556.078238    0.000135  0.000047  ...  0.000012  7.683734e+06  1.737295e+09

[2 rows x 13 columns]
CHANNEL_0_14
        cbragg  cbragg_err   credchi  ...  cdelta_n            cL     timestamp
0  1557.047616    0.000094  0.000032  ...  0.000012  7.659907e+06  1.737295e+09
1  1557.045023    0.000108  0.000034  ...  0.000012  7.799665e+06  1.737295e+09

[2 rows x 13 columns]
CHANNEL_1_1
        cbragg  cbragg_err   credchi  ...  cdelta_n            cL     timestamp
0  1555.120159    0.000664  0.000535  ...  0.000012  3.054626e+06  1.737295e+09
1  1555.122782    0.000533  0.000157  ...  0.000012  2.361703e+06  1.737295e+09

[2 rows x 13 columns]
CHANNEL_1_2
        cbragg  cbragg_err   credchi  ...  cdelta_n            cL     timestamp
0  1558.270604    0.000314  0.000165  ...  0.000012  2.982683e+06  1.737295e+09
1  1558.271425    0.000113  0.000019  ...  0.000012  2.802809e+06  1.737295e+09

[2 rows x 13 columns]
CHANNEL_1_3
        cbragg  cbragg_err   credchi  ...  cdelta_n            cL     timestamp
0  1561.085028    0.000685  0.001104  ...  0.000012  3.418549e+06  1.737295e+09
1  1561.085015    0.000036  0.000002  ...  0.000012  2.945977e+06  1.737295e+09

[2 rows x 13 columns]
CHANNEL_2_1
        cbragg  cbragg_err   credchi  ...  cdelta_n            cL     timestamp
0  1542.567727    0.000123  0.000003  ...  0.000012  2.754215e+06  1.737295e+09
1  1542.569085    0.000060  0.000003  ...  0.000012  2.749892e+06  1.737295e+09

[2 rows x 13 columns]
CHANNEL_2_2
        cbragg  cbragg_err   credchi  ...  cdelta_n            cL     timestamp
0  1546.003867    0.000167  0.000021  ...  0.000012  2.617629e+06  1.737295e+09
1  1546.003220    0.000295  0.000057  ...  0.000012  2.521565e+06  1.737295e+09

[2 rows x 13 columns]
CHANNEL_2_3
        cbragg  cbragg_err   credchi  ...  cdelta_n            cL     timestamp
0  1548.596403    0.000098  0.000010  ...  0.000012  2.891833e+06  1.737295e+09
1  1548.600088    0.000126  0.000017  ...  0.000012  2.909241e+06  1.737295e+09

[2 rows x 13 columns]
CHANNEL_3_1
        cbragg  cbragg_err   credchi  ...  cdelta_n            cL     timestamp
0  1543.622861    0.000117  0.000021  ...  0.000012  7.806235e+06  1.737295e+09
1  1543.619076    0.000107  0.000019  ...  0.000012  7.785523e+06  1.737295e+09

[2 rows x 13 columns]
CHANNEL_3_2
        cbragg  cbragg_err   credchi  ...  cdelta_n            cL     timestamp
0  1544.644285    0.000138  0.000024  ...  0.000012  7.878323e+06  1.737295e+09
1  1544.652315    0.000118  0.000034  ...  0.000012  7.830295e+06  1.737295e+09

[2 rows x 13 columns]
CHANNEL_3_3
        cbragg  cbragg_err   credchi  ...  cdelta_n            cL     timestamp
0  1545.649466    0.000107  0.000035  ...  0.000012  7.580302e+06  1.737295e+09
1  1545.644883    0.000108  0.000021  ...  0.000012  7.585597e+06  1.737295e+09

[2 rows x 13 columns]
CHANNEL_3_4
        cbragg  cbragg_err   credchi  ...  cdelta_n            cL     timestamp
0  1546.615635    0.000098  0.000017  ...  0.000012  7.739782e+06  1.737295e+09
1  1546.623760    0.000093  0.000026  ...  0.000012  7.742315e+06  1.737295e+09

[2 rows x 13 columns]
CHANNEL_3_5
        cbragg  cbragg_err   credchi  ...  cdelta_n            cL     timestamp
0  1547.639790    0.000079  0.000018  ...  0.000012  7.572819e+06  1.737295e+09
1  1547.638795    0.000079  0.000011  ...  0.000012  7.630763e+06  1.737295e+09

[2 rows x 13 columns]
CHANNEL_3_6
        cbragg  cbragg_err   credchi  ...  cdelta_n            cL     timestamp
0  1548.625053    0.000087  0.000016  ...  0.000012  7.783589e+06  1.737295e+09
1  1548.626436    0.000081  0.000018  ...  0.000012  7.748575e+06  1.737295e+09

[2 rows x 13 columns]
CHANNEL_3_7
        cbragg  cbragg_err   credchi  ...  cdelta_n            cL     timestamp
0  1549.644302    0.000087  0.000018  ...  0.000012  7.534476e+06  1.737295e+09
1  1549.646754    0.000085  0.000015  ...  0.000012  7.579380e+06  1.737295e+09

[2 rows x 13 columns]
CHANNEL_3_8
        cbragg  cbragg_err   credchi  ...  cdelta_n            cL     timestamp
0  1550.600499    0.000091  0.000016  ...  0.000012  7.645864e+06  1.737295e+09
1  1550.594646    0.000091  0.000014  ...  0.000012  7.635931e+06  1.737295e+09

[2 rows x 13 columns]
CHANNEL_3_9
        cbragg  cbragg_err   credchi  ...  cdelta_n            cL     timestamp
0  1551.592567    0.000205  0.000056  ...  0.000012  7.144588e+06  1.737295e+09
1  1551.596172    0.000091  0.000015  ...  0.000012  7.679176e+06  1.737295e+09

[2 rows x 13 columns]
CHANNEL_3_10
        cbragg  cbragg_err   credchi  ...  cdelta_n            cL     timestamp
0  1552.603889    0.000101  0.000020  ...  0.000012  7.748653e+06  1.737295e+09
1  1552.597878    0.000107  0.000013  ...  0.000012  7.785192e+06  1.737295e+09

[2 rows x 13 columns]
CHANNEL_3_11
        cbragg  cbragg_err   credchi  ...  cdelta_n            cL     timestamp
0  1553.563323    0.000128  0.000023  ...  0.000012  7.990227e+06  1.737295e+09
1  1553.571076    0.000157  0.000058  ...  0.000012  7.585920e+06  1.737295e+09

[2 rows x 13 columns]
CHANNEL_3_12
        cbragg  cbragg_err   credchi  ...  cdelta_n            cL     timestamp
0  1554.546109    0.000106  0.000023  ...  0.000012  7.628424e+06  1.737295e+09
1  1554.541445    0.000098  0.000013  ...  0.000012  7.853900e+06  1.737295e+09

[2 rows x 13 columns]
CHANNEL_3_13
        cbragg  cbragg_err   credchi  ...  cdelta_n            cL     timestamp
0  1555.546068    0.000087  0.000010  ...  0.000012  7.653120e+06  1.737295e+09
1  1555.554935    0.000084  0.000014  ...  0.000012  7.616268e+06  1.737295e+09

[2 rows x 13 columns]
CHANNEL_3_14
        cbragg  cbragg_err   credchi  ...  cdelta_n            cL     timestamp
0  1556.506850    0.000189  0.000069  ...  0.000012  7.740435e+06  1.737295e+09
1  1556.504265    0.000181  0.000051  ...  0.000012  7.743599e+06  1.737295e+09

[2 rows x 13 columns]
