CHANNEL_0_1
           cbragg  cbragg_err   credchi  ...  cdelta_n            cL     timestamp
0     1544.213129    0.000118  0.000037  ...  0.000012  7.706271e+06  1.737311e+09
1     1544.218066    0.000099  0.000056  ...  0.000012  7.674327e+06  1.737311e+09
2     1544.213342    0.000103  0.000037  ...  0.000012  7.708174e+06  1.737311e+09
3     1544.218134    0.000116  0.000057  ...  0.000012  7.676918e+06  1.737311e+09
4     1544.213290    0.000153  0.000036  ...  0.000012  7.710944e+06  1.737311e+09
...           ...         ...       ...  ...       ...           ...           ...
1587  1544.216090    0.000178  0.000056  ...  0.000012  7.658083e+06  1.737326e+09
1588  1544.213292    0.000218  0.000037  ...  0.000012  7.690764e+06  1.737326e+09
1589  1544.216028    0.000100  0.000055  ...  0.000012  7.663523e+06  1.737326e+09
1590  1544.213339    0.000174  0.000038  ...  0.000012  7.696146e+06  1.737326e+09
1591  1544.216001    0.000100  0.000055  ...  0.000012  7.674830e+06  1.737326e+09

[1592 rows x 13 columns]
CHANNEL_0_2
           cbragg  cbragg_err   credchi  ...  cdelta_n            cL     timestamp
0     1545.171927    0.000082  0.000018  ...  0.000012  7.686595e+06  1.737311e+09
1     1545.167079    0.000088  0.000012  ...  0.000012  7.716028e+06  1.737311e+09
2     1545.171894    0.000266  0.000019  ...  0.000012  7.682259e+06  1.737311e+09
3     1545.167111    0.000091  0.000013  ...  0.000012  7.715178e+06  1.737311e+09
4     1545.171937    0.000081  0.000019  ...  0.000012  7.682192e+06  1.737311e+09
...           ...         ...       ...  ...       ...           ...           ...
1587  1545.165547    0.000127  0.000012  ...  0.000012  7.711837e+06  1.737326e+09
1588  1545.171107    0.000080  0.000019  ...  0.000012  7.705300e+06  1.737326e+09
1589  1545.165560    0.000090  0.000013  ...  0.000012  7.715103e+06  1.737326e+09
1590  1545.171197    0.000078  0.000018  ...  0.000012  7.689122e+06  1.737326e+09
1591  1545.165370    0.000089  0.000013  ...  0.000012  7.712174e+06  1.737326e+09

[1592 rows x 13 columns]
CHANNEL_0_3
           cbragg  cbragg_err   credchi  ...  cdelta_n            cL     timestamp
0     1546.153945    0.000114  0.000040  ...  0.000012  7.630380e+06  1.737311e+09
1     1546.154854    0.000111  0.000053  ...  0.000012  7.610020e+06  1.737311e+09
2     1546.153868    0.000117  0.000042  ...  0.000012  7.654937e+06  1.737311e+09
3     1546.154773    0.000114  0.000056  ...  0.000012  7.607790e+06  1.737311e+09
4     1546.153945    0.000115  0.000040  ...  0.000012  7.636406e+06  1.737311e+09
...           ...         ...       ...  ...       ...           ...           ...
1587  1546.152888    0.000112  0.000051  ...  0.000012  7.603681e+06  1.737326e+09
1588  1546.154160    0.000114  0.000042  ...  0.000012  7.622482e+06  1.737326e+09
1589  1546.152627    0.000139  0.000076  ...  0.000012  7.669539e+06  1.737326e+09
1590  1546.154121    0.000115  0.000042  ...  0.000012  7.643216e+06  1.737326e+09
1591  1546.152738    0.000113  0.000051  ...  0.000012  7.595557e+06  1.737326e+09

[1592 rows x 13 columns]
CHANNEL_0_4
           cbragg  cbragg_err   credchi  ...  cdelta_n            cL     timestamp
0     1547.150139    0.000125  0.000071  ...  0.000012  7.885324e+06  1.737311e+09
1     1547.145153    0.000142  0.000054  ...  0.000012  7.603555e+06  1.737311e+09
2     1547.149973    0.000116  0.000062  ...  0.000012  7.820628e+06  1.737311e+09
3     1547.145193    0.000117  0.000039  ...  0.000012  7.892060e+06  1.737311e+09
4     1547.150187    0.000123  0.000071  ...  0.000012  7.957950e+06  1.737311e+09
...           ...         ...       ...  ...       ...           ...           ...
1587  1547.143858    0.000117  0.000038  ...  0.000012  7.891878e+06  1.737326e+09
1588  1547.149549    0.000116  0.000063  ...  0.000012  7.820580e+06  1.737326e+09
1589  1547.143882    0.000116  0.000037  ...  0.000012  7.895663e+06  1.737326e+09
1590  1547.149488    0.000136  0.000084  ...  0.000012  7.918928e+06  1.737326e+09
1591  1547.143778    0.000136  0.000051  ...  0.000012  7.688161e+06  1.737326e+09

[1592 rows x 13 columns]
CHANNEL_0_5
           cbragg  cbragg_err   credchi  ...  cdelta_n            cL     timestamp
0     1548.121193    0.000094  0.000031  ...  0.000012  7.673739e+06  1.737311e+09
1     1548.125360    0.000093  0.000046  ...  0.000012  7.646999e+06  1.737311e+09
2     1548.121162    0.000091  0.000029  ...  0.000012  7.681541e+06  1.737311e+09
3     1548.125369    0.000092  0.000045  ...  0.000012  7.650056e+06  1.737311e+09
4     1548.121271    0.000091  0.000029  ...  0.000012  7.679527e+06  1.737311e+09
...           ...         ...       ...  ...       ...           ...           ...
1587  1548.123890    0.000093  0.000046  ...  0.000012  7.640961e+06  1.737326e+09
1588  1548.121010    0.000090  0.000029  ...  0.000012  7.684710e+06  1.737326e+09
1589  1548.123800    0.000093  0.000046  ...  0.000012  7.646175e+06  1.737326e+09
1590  1548.121123    0.000090  0.000029  ...  0.000012  7.678890e+06  1.737326e+09
1591  1548.123831    0.000092  0.000044  ...  0.000012  7.643851e+06  1.737326e+09

[1592 rows x 13 columns]
CHANNEL_0_6
           cbragg  cbragg_err   credchi  ...  cdelta_n            cL     timestamp
0     1549.107225    0.000225  0.000279  ...  0.000012  7.918471e+06  1.737311e+09
1     1549.101811    0.000081  0.000029  ...  0.000012  7.470151e+06  1.737311e+09
2     1549.107609    0.000084  0.000038  ...  0.000012  7.479302e+06  1.737311e+09
3     1549.102005    0.000081  0.000030  ...  0.000012  7.472114e+06  1.737311e+09
4     1549.107465    0.000080  0.000035  ...  0.000012  7.460925e+06  1.737311e+09
...           ...         ...       ...  ...       ...           ...           ...
1587  1549.099683    0.000080  0.000027  ...  0.000012  7.496705e+06  1.737326e+09
1588  1549.107565    0.000081  0.000037  ...  0.000012  7.457649e+06  1.737326e+09
1589  1549.099705    0.000079  0.000027  ...  0.000012  7.494950e+06  1.737326e+09
1590  1549.107685    0.000175  0.000189  ...  0.000012  7.959226e+06  1.737326e+09
1591  1549.099827    0.000079  0.000027  ...  0.000012  7.496778e+06  1.737326e+09

[1592 rows x 13 columns]
CHANNEL_0_7
           cbragg  cbragg_err   credchi  ...  cdelta_n            cL     timestamp
0     1550.105030    0.000116  0.000047  ...  0.000012  7.634406e+06  1.737311e+09
1     1550.107022    0.000119  0.000038  ...  0.000012  7.658864e+06  1.737311e+09
2     1550.105178    0.000118  0.000049  ...  0.000012  7.626635e+06  1.737311e+09
3     1550.107013    0.000121  0.000039  ...  0.000012  7.652359e+06  1.737311e+09
4     1550.105074    0.000117  0.000048  ...  0.000012  7.630247e+06  1.737311e+09
...           ...         ...       ...  ...       ...           ...           ...
1587  1550.105594    0.000120  0.000038  ...  0.000012  7.654223e+06  1.737326e+09
1588  1550.104645    0.000116  0.000047  ...  0.000012  7.636522e+06  1.737326e+09
1589  1550.105649    0.000120  0.000038  ...  0.000012  7.658435e+06  1.737326e+09
1590  1550.104774    0.000117  0.000048  ...  0.000012  7.641583e+06  1.737326e+09
1591  1550.105773    0.000119  0.000038  ...  0.000012  7.655430e+06  1.737326e+09

[1592 rows x 13 columns]
CHANNEL_0_8
           cbragg  cbragg_err   credchi  ...  cdelta_n            cL     timestamp
0     1551.078622    0.000076  0.000016  ...  0.000012  7.597760e+06  1.737311e+09
1     1551.080717    0.000072  0.000019  ...  0.000012  7.637731e+06  1.737311e+09
2     1551.078614    0.000111  0.000036  ...  0.000012  7.866549e+06  1.737311e+09
3     1551.080751    0.000082  0.000025  ...  0.000012  7.726680e+06  1.737311e+09
4     1551.078705    0.000075  0.000015  ...  0.000012  7.613926e+06  1.737311e+09
...           ...         ...       ...  ...       ...           ...           ...
1587  1551.079836    0.000072  0.000018  ...  0.000012  7.585668e+06  1.737326e+09
1588  1551.079535    0.000076  0.000016  ...  0.000012  7.584170e+06  1.737326e+09
1589  1551.079774    0.000071  0.000018  ...  0.000012  7.600466e+06  1.737326e+09
1590  1551.079465    0.000077  0.000017  ...  0.000012  7.616162e+06  1.737326e+09
1591  1551.079776    0.000071  0.000018  ...  0.000012  7.601247e+06  1.737326e+09

[1592 rows x 13 columns]
CHANNEL_0_9
           cbragg  cbragg_err   credchi  ...  cdelta_n            cL     timestamp
0     1552.063153    0.000090  0.000022  ...  0.000012  7.699949e+06  1.737311e+09
1     1552.062883    0.000090  0.000021  ...  0.000012  7.654784e+06  1.737311e+09
2     1552.063203    0.000091  0.000022  ...  0.000012  7.697907e+06  1.737311e+09
3     1552.062911    0.000089  0.000021  ...  0.000012  7.607066e+06  1.737311e+09
4     1552.063285    0.000089  0.000021  ...  0.000012  7.690359e+06  1.737311e+09
...           ...         ...       ...  ...       ...           ...           ...
1587  1552.061728    0.000090  0.000020  ...  0.000012  7.664977e+06  1.737326e+09
1588  1552.064325    0.000088  0.000022  ...  0.000012  7.682223e+06  1.737326e+09
1589  1552.061717    0.000088  0.000020  ...  0.000012  7.662811e+06  1.737326e+09
1590  1552.064299    0.000089  0.000022  ...  0.000012  7.694644e+06  1.737326e+09
1591  1552.061647    0.000088  0.000019  ...  0.000012  7.668211e+06  1.737326e+09

[1592 rows x 13 columns]
CHANNEL_0_10
           cbragg  cbragg_err   credchi  ...  cdelta_n            cL     timestamp
0     1553.067788    0.000090  0.000022  ...  0.000012  7.700414e+06  1.737311e+09
1     1553.067844    0.000099  0.000018  ...  0.000012  7.706960e+06  1.737311e+09
2     1553.067828    0.000090  0.000022  ...  0.000012  7.706374e+06  1.737311e+09
3     1553.067894    0.000097  0.000017  ...  0.000012  7.701486e+06  1.737311e+09
4     1553.067917    0.000089  0.000022  ...  0.000012  7.691869e+06  1.737311e+09
...           ...         ...       ...  ...       ...           ...           ...
1587  1553.067591    0.000095  0.000016  ...  0.000012  7.698218e+06  1.737326e+09
1588  1553.068093    0.000091  0.000022  ...  0.000012  7.679941e+06  1.737326e+09
1589  1553.067572    0.000098  0.000017  ...  0.000012  7.645556e+06  1.737326e+09
1590  1553.068135    0.000093  0.000023  ...  0.000012  7.678103e+06  1.737326e+09
1591  1553.067573    0.000097  0.000017  ...  0.000012  7.702011e+06  1.737326e+09

[1592 rows x 13 columns]
CHANNEL_0_11
           cbragg  cbragg_err   credchi  ...  cdelta_n            cL     timestamp
0     1554.078421    0.000077  0.000011  ...  0.000012  7.615396e+06  1.737311e+09
1     1554.076369    0.000072  0.000011  ...  0.000012  7.621203e+06  1.737311e+09
2     1554.078258    0.000075  0.000011  ...  0.000012  7.616117e+06  1.737311e+09
3     1554.076313    0.000072  0.000011  ...  0.000012  7.599061e+06  1.737311e+09
4     1554.078444    0.000076  0.000011  ...  0.000012  7.626537e+06  1.737311e+09
...           ...         ...       ...  ...       ...           ...           ...
1587  1554.075054    0.000090  0.000016  ...  0.000012  7.411447e+06  1.737326e+09
1588  1554.079851    0.000073  0.000011  ...  0.000012  7.637952e+06  1.737326e+09
1589  1554.075112    0.000078  0.000012  ...  0.000012  7.596205e+06  1.737326e+09
1590  1554.079577    0.000074  0.000012  ...  0.000012  7.635787e+06  1.737326e+09
1591  1554.075089    0.000075  0.000011  ...  0.000012  7.562158e+06  1.737326e+09

[1592 rows x 13 columns]
CHANNEL_0_12
           cbragg  cbragg_err   credchi  ...  cdelta_n            cL     timestamp
0     1555.102956    0.000109  0.000052  ...  0.000012  7.546185e+06  1.737311e+09
1     1555.098778    0.000128  0.000044  ...  0.000012  7.691851e+06  1.737311e+09
2     1555.103097    0.000123  0.000067  ...  0.000012  7.674596e+06  1.737311e+09
3     1555.098706    0.000118  0.000038  ...  0.000012  7.621848e+06  1.737311e+09
4     1555.102979    0.000116  0.000058  ...  0.000012  7.577620e+06  1.737311e+09
...           ...         ...       ...  ...       ...           ...           ...
1587  1555.098024    0.000114  0.000035  ...  0.000012  7.527365e+06  1.737326e+09
1588  1555.103524    0.000140  0.000091  ...  0.000012  7.812579e+06  1.737326e+09
1589  1555.098085    0.000114  0.000034  ...  0.000012  7.592847e+06  1.737326e+09
1590  1555.103679    0.000109  0.000053  ...  0.000012  7.550935e+06  1.737326e+09
1591  1555.098161    0.000116  0.000035  ...  0.000012  7.595711e+06  1.737326e+09

[1592 rows x 13 columns]
CHANNEL_0_13
           cbragg  cbragg_err   credchi  ...  cdelta_n            cL     timestamp
0     1556.072623    0.000144  0.000031  ...  0.000012  7.708035e+06  1.737311e+09
1     1556.078135    0.000136  0.000048  ...  0.000012  7.653050e+06  1.737311e+09
2     1556.072558    0.000148  0.000033  ...  0.000012  7.709335e+06  1.737311e+09
3     1556.077960    0.000134  0.000046  ...  0.000012  7.675429e+06  1.737311e+09
4     1556.072751    0.000148  0.000033  ...  0.000012  7.699945e+06  1.737311e+09
...           ...         ...       ...  ...       ...           ...           ...
1587  1556.077254    0.000135  0.000046  ...  0.000012  7.659834e+06  1.737326e+09
1588  1556.073738    0.000146  0.000032  ...  0.000012  7.661265e+06  1.737326e+09
1589  1556.077223    0.000137  0.000047  ...  0.000012  7.665042e+06  1.737326e+09
1590  1556.073797    0.000146  0.000032  ...  0.000012  7.691423e+06  1.737326e+09
1591  1556.077205    0.000133  0.000045  ...  0.000012  7.657972e+06  1.737326e+09

[1592 rows x 13 columns]
CHANNEL_0_14
           cbragg  cbragg_err   credchi  ...  cdelta_n            cL     timestamp
0     1557.049232    0.000094  0.000033  ...  0.000012  7.656292e+06  1.737311e+09
1     1557.044315    0.000092  0.000024  ...  0.000012  7.681892e+06  1.737311e+09
2     1557.049190    0.000107  0.000044  ...  0.000012  7.816866e+06  1.737311e+09
3     1557.044221    0.000093  0.000024  ...  0.000012  7.676126e+06  1.737311e+09
4     1557.049336    0.000095  0.000033  ...  0.000012  7.668192e+06  1.737311e+09
...           ...         ...       ...  ...       ...           ...           ...
1587  1557.043087    0.000092  0.000023  ...  0.000012  7.699996e+06  1.737326e+09
1588  1557.050108    0.000093  0.000034  ...  0.000012  7.674562e+06  1.737326e+09
1589  1557.043126    0.000092  0.000022  ...  0.000012  7.701573e+06  1.737326e+09
1590  1557.050097    0.000093  0.000034  ...  0.000012  7.679200e+06  1.737326e+09
1591  1557.043089    0.000091  0.000022  ...  0.000012  7.703165e+06  1.737326e+09

[1592 rows x 13 columns]
CHANNEL_1_1
           cbragg  cbragg_err   credchi  ...  cdelta_n            cL     timestamp
0     1555.120605    0.000290  0.000058  ...  0.000012  2.512309e+06  1.737311e+09
1     1555.123413    0.000128  0.000012  ...  0.000012  2.577847e+06  1.737311e+09
2     1555.120853    0.000244  0.000052  ...  0.000012  2.743972e+06  1.737311e+09
3     1555.123674    0.000914  0.001143  ...  0.000012  3.211131e+06  1.737311e+09
4     1555.120740    0.000095  0.000007  ...  0.000012  2.620862e+06  1.737311e+09
...           ...         ...       ...  ...       ...           ...           ...
1587  1555.123076    0.000128  0.000013  ...  0.000012  2.648020e+06  1.737326e+09
1588  1555.120800    0.001217  0.002408  ...  0.000012  3.474813e+06  1.737326e+09
1589  1555.123249    0.000125  0.000012  ...  0.000012  2.606128e+06  1.737326e+09
1590  1555.120256    0.000124  0.000011  ...  0.000012  2.570139e+06  1.737326e+09
1591  1555.123089    0.000115  0.000010  ...  0.000012  2.614298e+06  1.737326e+09

[1592 rows x 13 columns]
CHANNEL_1_2
           cbragg  cbragg_err   credchi  ...  cdelta_n            cL     timestamp
0     1558.269469    0.001139  0.003708  ...  0.000012  3.678324e+06  1.737311e+09
1     1558.273798    0.000354  0.000208  ...  0.000012  2.975880e+06  1.737311e+09
2     1558.270639    0.000244  0.000074  ...  0.000012  2.676044e+06  1.737311e+09
3     1558.271443    0.000110  0.000017  ...  0.000012  2.797027e+06  1.737311e+09
4     1558.269958    0.000271  0.000116  ...  0.000012  2.943691e+06  1.737311e+09
...           ...         ...       ...  ...       ...           ...           ...
1587  1558.270950    0.000114  0.000019  ...  0.000012  2.791071e+06  1.737326e+09
1588  1558.270328    0.000291  0.000105  ...  0.000012  2.665616e+06  1.737326e+09
1589  1558.270457    0.000895  0.001953  ...  0.000012  3.427033e+06  1.737326e+09
1590  1558.270130    0.000120  0.000021  ...  0.000012  2.809446e+06  1.737326e+09
1591  1558.271197    0.000142  0.000028  ...  0.000012  2.743563e+06  1.737326e+09

[1592 rows x 13 columns]
CHANNEL_1_3
           cbragg  cbragg_err   credchi  ...  cdelta_n            cL     timestamp
0     1561.086037    0.000038  0.000002  ...  0.000012  2.934078e+06  1.737311e+09
1     1561.085907    0.000052  0.000004  ...  0.000012  2.899974e+06  1.737311e+09
2     1561.085906    0.000230  0.000076  ...  0.000012  2.807463e+06  1.737311e+09
3     1561.085444    0.000810  0.001670  ...  0.000012  3.526449e+06  1.737311e+09
4     1561.086027    0.000038  0.000002  ...  0.000012  2.924849e+06  1.737311e+09
...           ...         ...       ...  ...       ...           ...           ...
1587  1561.085310    0.000125  0.000027  ...  0.000012  3.024184e+06  1.737326e+09
1588  1561.085744    0.000106  0.000017  ...  0.000012  2.874098e+06  1.737326e+09
1589  1561.086145    0.000190  0.000052  ...  0.000012  2.814601e+06  1.737326e+09
1590  1561.085721    0.000041  0.000003  ...  0.000012  2.921328e+06  1.737326e+09
1591  1561.085672    0.000182  0.000051  ...  0.000012  2.859436e+06  1.737326e+09

[1592 rows x 13 columns]
CHANNEL_2_1
           cbragg  cbragg_err   credchi  ...  cdelta_n            cL     timestamp
0     1542.567762    0.000061  0.000003  ...  0.000012  2.774816e+06  1.737311e+09
1     1542.569030    0.000053  0.000002  ...  0.000012  2.753128e+06  1.737311e+09
2     1542.567926    0.000061  0.000003  ...  0.000012  2.754408e+06  1.737311e+09
3     1542.569096    0.000118  0.000003  ...  0.000012  2.748961e+06  1.737311e+09
4     1542.568004    0.000060  0.000003  ...  0.000012  2.755113e+06  1.737311e+09
...           ...         ...       ...  ...       ...           ...           ...
1587  1542.583900    0.012991  0.003641  ...  0.000012  1.118294e+06  1.737326e+09
1588  1542.567742    0.000051  0.000002  ...  0.000012  2.756423e+06  1.737326e+09
1589  1542.568698    0.000050  0.000002  ...  0.000012  2.754044e+06  1.737326e+09
1590  1542.567622    0.000069  0.000003  ...  0.000012  2.751853e+06  1.737326e+09
1591  1542.568606    0.000134  0.000003  ...  0.000012  2.751182e+06  1.737326e+09

[1592 rows x 13 columns]
CHANNEL_2_2
           cbragg  cbragg_err   credchi  ...  cdelta_n            cL     timestamp
0     1546.003569    0.000166  0.000020  ...  0.000012  2.623839e+06  1.737311e+09
1     1546.002836    0.000176  0.000022  ...  0.000012  2.598630e+06  1.737311e+09
2     1546.003633    0.000147  0.000017  ...  0.000012  2.662756e+06  1.737311e+09
3     1546.003117    0.001249  0.002377  ...  0.000012  3.488933e+06  1.737311e+09
4     1546.003150    0.000626  0.000444  ...  0.000012  3.058016e+06  1.737311e+09
...           ...         ...       ...  ...       ...           ...           ...
1587  1546.002835    0.000294  0.000059  ...  0.000012  2.539423e+06  1.737326e+09
1588  1546.003209    0.000147  0.000017  ...  0.000012  2.672424e+06  1.737326e+09
1589  1546.003848    0.000826  0.000322  ...  0.000012  2.297865e+06  1.737326e+09
1590  1546.003410    0.000437  0.000115  ...  0.000012  2.458454e+06  1.737326e+09
1591  1546.001859    0.001126  0.002025  ...  0.000012  3.484865e+06  1.737326e+09

[1592 rows x 13 columns]
CHANNEL_2_3
           cbragg  cbragg_err   credchi  ...  cdelta_n            cL     timestamp
0     1548.597932    0.000339  0.000132  ...  0.000012  3.053913e+06  1.737311e+09
1     1548.600244    0.000095  0.000010  ...  0.000012  2.901163e+06  1.737311e+09
2     1548.597430    0.000241  0.000069  ...  0.000012  3.056774e+06  1.737311e+09
3     1548.599977    0.000130  0.000018  ...  0.000012  2.934181e+06  1.737311e+09
4     1548.597426    0.000180  0.000029  ...  0.000012  2.803240e+06  1.737311e+09
...           ...         ...       ...  ...       ...           ...           ...
1587  1548.600409    0.000430  0.000250  ...  0.000012  3.181707e+06  1.737326e+09
1588  1548.597204    0.000097  0.000010  ...  0.000012  2.905792e+06  1.737326e+09
1589  1548.600265    0.000102  0.000011  ...  0.000012  2.902825e+06  1.737326e+09
1590  1548.597119    0.000106  0.000012  ...  0.000012  2.935772e+06  1.737326e+09
1591  1548.600094    0.000130  0.000018  ...  0.000012  2.927088e+06  1.737326e+09

[1592 rows x 13 columns]
CHANNEL_3_1
           cbragg  cbragg_err   credchi  ...  cdelta_n            cL     timestamp
0     1543.623427    0.000112  0.000022  ...  0.000012  7.813066e+06  1.737311e+09
1     1543.616758    0.000115  0.000018  ...  0.000012  7.803766e+06  1.737311e+09
2     1543.623545    0.000146  0.000021  ...  0.000012  7.816191e+06  1.737311e+09
3     1543.616840    0.000256  0.000018  ...  0.000012  7.798725e+06  1.737311e+09
4     1543.623521    0.000137  0.000022  ...  0.000012  7.815737e+06  1.737311e+09
...           ...         ...       ...  ...       ...           ...           ...
1587  1543.615003    0.000344  0.000016  ...  0.000012  7.829948e+06  1.737326e+09
1588  1543.623857    0.000165  0.000022  ...  0.000012  7.825816e+06  1.737326e+09
1589  1543.614868    0.000155  0.000017  ...  0.000012  7.823965e+06  1.737326e+09
1590  1543.623948    0.000104  0.000022  ...  0.000012  7.833938e+06  1.737326e+09
1591  1543.614890    0.000159  0.000016  ...  0.000012  7.826508e+06  1.737326e+09

[1592 rows x 13 columns]
CHANNEL_3_2
           cbragg  cbragg_err   credchi  ...  cdelta_n            cL     timestamp
0     1544.644369    0.000221  0.000024  ...  0.000012  7.874069e+06  1.737311e+09
1     1544.650970    0.000115  0.000036  ...  0.000012  7.818349e+06  1.737311e+09
2     1544.644410    0.000170  0.000026  ...  0.000012  7.872177e+06  1.737311e+09
3     1544.650966    0.000183  0.000035  ...  0.000012  7.825673e+06  1.737311e+09
4     1544.644442    0.000113  0.000024  ...  0.000012  7.879495e+06  1.737311e+09
...           ...         ...       ...  ...       ...           ...           ...
1587  1544.649552    0.000142  0.000036  ...  0.000012  7.807449e+06  1.737326e+09
1588  1544.644891    0.000202  0.000026  ...  0.000012  7.858327e+06  1.737326e+09
1589  1544.649672    0.000418  0.000035  ...  0.000012  7.808966e+06  1.737326e+09
1590  1544.644977    0.000153  0.000025  ...  0.000012  7.860565e+06  1.737326e+09
1591  1544.649627    0.000537  0.000036  ...  0.000012  7.813206e+06  1.737326e+09

[1592 rows x 13 columns]
CHANNEL_3_3
           cbragg  cbragg_err   credchi  ...  cdelta_n            cL     timestamp
0     1545.649388    0.000109  0.000038  ...  0.000012  7.585346e+06  1.737311e+09
1     1545.643165    0.000109  0.000021  ...  0.000012  7.574822e+06  1.737311e+09
2     1545.649234    0.000108  0.000037  ...  0.000012  7.579084e+06  1.737311e+09
3     1545.643055    0.000108  0.000021  ...  0.000012  7.615615e+06  1.737311e+09
4     1545.649323    0.000109  0.000037  ...  0.000012  7.593085e+06  1.737311e+09
...           ...         ...       ...  ...       ...           ...           ...
1587  1545.641559    0.000106  0.000020  ...  0.000012  7.642935e+06  1.737326e+09
1588  1545.649074    0.000105  0.000035  ...  0.000012  7.592707e+06  1.737326e+09
1589  1545.641453    0.000109  0.000021  ...  0.000012  7.641455e+06  1.737326e+09
1590  1545.649063    0.000105  0.000035  ...  0.000012  7.594778e+06  1.737326e+09
1591  1545.641440    0.000109  0.000020  ...  0.000012  7.635444e+06  1.737326e+09

[1592 rows x 13 columns]
CHANNEL_3_4
           cbragg  cbragg_err   credchi  ...  cdelta_n            cL     timestamp
0     1546.616621    0.000190  0.000060  ...  0.000012  7.319539e+06  1.737311e+09
1     1546.622304    0.000096  0.000027  ...  0.000012  7.720363e+06  1.737311e+09
2     1546.616532    0.000098  0.000017  ...  0.000012  7.738523e+06  1.737311e+09
3     1546.622256    0.000096  0.000027  ...  0.000012  7.713740e+06  1.737311e+09
4     1546.616671    0.000099  0.000017  ...  0.000012  7.746824e+06  1.737311e+09
...           ...         ...       ...  ...       ...           ...           ...
1587  1546.620504    0.000096  0.000027  ...  0.000012  7.703607e+06  1.737326e+09
1588  1546.617273    0.000101  0.000018  ...  0.000012  7.763298e+06  1.737326e+09
1589  1546.620504    0.000094  0.000026  ...  0.000012  7.717090e+06  1.737326e+09
1590  1546.617286    0.000099  0.000017  ...  0.000012  7.756696e+06  1.737326e+09
1591  1546.620437    0.000095  0.000026  ...  0.000012  7.714584e+06  1.737326e+09

[1592 rows x 13 columns]
CHANNEL_3_5
           cbragg  cbragg_err   credchi  ...  cdelta_n            cL     timestamp
0     1547.639299    0.000080  0.000018  ...  0.000012  7.570404e+06  1.737311e+09
1     1547.638327    0.000081  0.000012  ...  0.000012  7.621567e+06  1.737311e+09
2     1547.639309    0.000079  0.000017  ...  0.000012  7.570055e+06  1.737311e+09
3     1547.638292    0.000081  0.000012  ...  0.000012  7.625628e+06  1.737311e+09
4     1547.639364    0.000079  0.000018  ...  0.000012  7.575025e+06  1.737311e+09
...           ...         ...       ...  ...       ...           ...           ...
1587  1547.637582    0.000080  0.000012  ...  0.000012  7.613989e+06  1.737326e+09
1588  1547.638533    0.000081  0.000018  ...  0.000012  7.570200e+06  1.737326e+09
1589  1547.637498    0.000082  0.000013  ...  0.000012  7.609692e+06  1.737326e+09
1590  1547.638535    0.000079  0.000017  ...  0.000012  7.579850e+06  1.737326e+09
1591  1547.637483    0.000082  0.000013  ...  0.000012  7.616413e+06  1.737326e+09

[1592 rows x 13 columns]
CHANNEL_3_6
           cbragg  cbragg_err   credchi  ...  cdelta_n            cL     timestamp
0     1548.626015    0.000085  0.000016  ...  0.000012  7.769947e+06  1.737311e+09
1     1548.624996    0.000082  0.000017  ...  0.000012  7.728939e+06  1.737311e+09
2     1548.626140    0.000086  0.000016  ...  0.000012  7.773252e+06  1.737311e+09
3     1548.625111    0.000083  0.000018  ...  0.000012  7.743991e+06  1.737311e+09
4     1548.626008    0.000116  0.000029  ...  0.000012  7.507861e+06  1.737311e+09
...           ...         ...       ...  ...       ...           ...           ...
1587  1548.623022    0.000082  0.000016  ...  0.000012  7.760293e+06  1.737326e+09
1588  1548.626372    0.000085  0.000017  ...  0.000012  7.776271e+06  1.737326e+09
1589  1548.623024    0.000083  0.000016  ...  0.000012  7.756333e+06  1.737326e+09
1590  1548.626476    0.000084  0.000017  ...  0.000012  7.779864e+06  1.737326e+09
1591  1548.623106    0.000084  0.000017  ...  0.000012  7.756139e+06  1.737326e+09

[1592 rows x 13 columns]
CHANNEL_3_7
           cbragg  cbragg_err   credchi  ...  cdelta_n            cL     timestamp
0     1549.643654    0.000086  0.000017  ...  0.000012  7.542819e+06  1.737311e+09
1     1549.646915    0.000084  0.000016  ...  0.000012  7.578883e+06  1.737311e+09
2     1549.643774    0.000086  0.000017  ...  0.000012  7.540657e+06  1.737311e+09
3     1549.647020    0.000084  0.000016  ...  0.000012  7.577169e+06  1.737311e+09
4     1549.643633    0.000087  0.000017  ...  0.000012  7.543970e+06  1.737311e+09
...           ...         ...       ...  ...       ...           ...           ...
1587  1549.646132    0.000083  0.000016  ...  0.000012  7.577797e+06  1.737326e+09
1588  1549.642479    0.000087  0.000016  ...  0.000012  7.547704e+06  1.737326e+09
1589  1549.646162    0.000084  0.000017  ...  0.000012  7.572409e+06  1.737326e+09
1590  1549.642636    0.000086  0.000016  ...  0.000012  7.556363e+06  1.737326e+09
1591  1549.646320    0.000082  0.000016  ...  0.000012  7.569941e+06  1.737326e+09

[1592 rows x 13 columns]
CHANNEL_3_8
           cbragg  cbragg_err   credchi  ...  cdelta_n            cL     timestamp
0     1550.601987    0.000090  0.000016  ...  0.000012  7.648779e+06  1.737311e+09
1     1550.594187    0.000091  0.000013  ...  0.000012  7.647384e+06  1.737311e+09
2     1550.601932    0.000091  0.000017  ...  0.000012  7.651026e+06  1.737311e+09
3     1550.594153    0.000091  0.000013  ...  0.000012  7.653144e+06  1.737311e+09
4     1550.601948    0.000089  0.000016  ...  0.000012  7.647442e+06  1.737311e+09
...           ...         ...       ...  ...       ...           ...           ...
1587  1550.593141    0.000091  0.000012  ...  0.000012  7.689118e+06  1.737326e+09
1588  1550.602379    0.000091  0.000018  ...  0.000012  7.653964e+06  1.737326e+09
1589  1550.592898    0.000232  0.000067  ...  0.000012  7.047067e+06  1.737326e+09
1590  1550.602292    0.000089  0.000017  ...  0.000012  7.658217e+06  1.737326e+09
1591  1550.593152    0.000089  0.000012  ...  0.000012  7.693061e+06  1.737326e+09

[1592 rows x 13 columns]
CHANNEL_3_9
           cbragg  cbragg_err   credchi  ...  cdelta_n            cL     timestamp
0     1551.593170    0.000093  0.000013  ...  0.000012  7.714977e+06  1.737311e+09
1     1551.596532    0.000091  0.000016  ...  0.000012  7.681489e+06  1.737311e+09
2     1551.593242    0.000093  0.000013  ...  0.000012  7.715367e+06  1.737311e+09
3     1551.596592    0.000087  0.000015  ...  0.000012  7.689072e+06  1.737311e+09
4     1551.593182    0.000093  0.000013  ...  0.000012  7.713624e+06  1.737311e+09
...           ...         ...       ...  ...       ...           ...           ...
1587  1551.596396    0.000088  0.000016  ...  0.000012  7.686446e+06  1.737326e+09
1588  1551.593382    0.000095  0.000013  ...  0.000012  7.711036e+06  1.737326e+09
1589  1551.596323    0.000088  0.000016  ...  0.000012  7.682055e+06  1.737326e+09
1590  1551.593323    0.000093  0.000012  ...  0.000012  7.705305e+06  1.737326e+09
1591  1551.596309    0.000088  0.000016  ...  0.000012  7.686060e+06  1.737326e+09

[1592 rows x 13 columns]
CHANNEL_3_10
           cbragg  cbragg_err   credchi  ...  cdelta_n            cL     timestamp
0     1552.605139    0.000102  0.000020  ...  0.000012  7.694281e+06  1.737311e+09
1     1552.597394    0.000105  0.000013  ...  0.000012  7.827415e+06  1.737311e+09
2     1552.605162    0.000102  0.000020  ...  0.000012  7.736611e+06  1.737311e+09
3     1552.597534    0.000106  0.000013  ...  0.000012  7.802557e+06  1.737311e+09
4     1552.605179    0.000102  0.000021  ...  0.000012  7.749903e+06  1.737311e+09
...           ...         ...       ...  ...       ...           ...           ...
1587  1552.596908    0.000106  0.000013  ...  0.000012  7.800786e+06  1.737326e+09
1588  1552.605603    0.000100  0.000020  ...  0.000012  7.771948e+06  1.737326e+09
1589  1552.596692    0.000106  0.000013  ...  0.000012  7.821118e+06  1.737326e+09
1590  1552.605697    0.000174  0.000056  ...  0.000012  7.365626e+06  1.737326e+09
1591  1552.596827    0.000105  0.000013  ...  0.000012  7.831906e+06  1.737326e+09

[1592 rows x 13 columns]
CHANNEL_3_11
           cbragg  cbragg_err   credchi  ...  cdelta_n            cL     timestamp
0     1553.565394    0.000130  0.000023  ...  0.000012  7.962512e+06  1.737311e+09
1     1553.570820    0.000125  0.000038  ...  0.000012  7.888161e+06  1.737311e+09
2     1553.565273    0.000132  0.000024  ...  0.000012  7.953866e+06  1.737311e+09
3     1553.570620    0.000128  0.000039  ...  0.000012  7.894405e+06  1.737311e+09
4     1553.565377    0.000185  0.000044  ...  0.000012  7.529111e+06  1.737311e+09
...           ...         ...       ...  ...       ...           ...           ...
1587  1553.569534    0.000144  0.000046  ...  0.000012  7.630779e+06  1.737326e+09
1588  1553.566858    0.000135  0.000026  ...  0.000012  7.939467e+06  1.737326e+09
1589  1553.569563    0.000128  0.000038  ...  0.000012  7.883500e+06  1.737326e+09
1590  1553.566697    0.000131  0.000024  ...  0.000012  7.951639e+06  1.737326e+09
1591  1553.569547    0.000127  0.000038  ...  0.000012  7.886729e+06  1.737326e+09

[1592 rows x 13 columns]
CHANNEL_3_12
           cbragg  cbragg_err   credchi  ...  cdelta_n            cL     timestamp
0     1554.547196    0.000105  0.000023  ...  0.000012  7.651165e+06  1.737311e+09
1     1554.541235    0.000098  0.000013  ...  0.000012  7.879492e+06  1.737311e+09
2     1554.547205    0.000096  0.000020  ...  0.000012  7.712519e+06  1.737311e+09
3     1554.541299    0.000098  0.000012  ...  0.000012  7.867202e+06  1.737311e+09
4     1554.547210    0.000096  0.000020  ...  0.000012  7.803499e+06  1.737311e+09
...           ...         ...       ...  ...       ...           ...           ...
1587  1554.540530    0.000098  0.000012  ...  0.000012  7.923738e+06  1.737326e+09
1588  1554.547640    0.000096  0.000020  ...  0.000012  7.799783e+06  1.737326e+09
1589  1554.540644    0.000097  0.000012  ...  0.000012  7.890141e+06  1.737326e+09
1590  1554.547607    0.000126  0.000034  ...  0.000012  7.528329e+06  1.737326e+09
1591  1554.540872    0.000098  0.000012  ...  0.000012  7.885579e+06  1.737326e+09

[1592 rows x 13 columns]
CHANNEL_3_13
           cbragg  cbragg_err   credchi  ...  cdelta_n            cL     timestamp
0     1555.547063    0.000089  0.000010  ...  0.000012  7.639540e+06  1.737311e+09
1     1555.555054    0.000086  0.000015  ...  0.000012  7.590704e+06  1.737311e+09
2     1555.546964    0.000087  0.000009  ...  0.000012  7.656409e+06  1.737311e+09
3     1555.555046    0.000084  0.000014  ...  0.000012  7.601689e+06  1.737311e+09
4     1555.547126    0.000090  0.000010  ...  0.000012  7.638709e+06  1.737311e+09
...           ...         ...       ...  ...       ...           ...           ...
1587  1555.554367    0.000085  0.000015  ...  0.000012  7.591143e+06  1.737326e+09
1588  1555.547719    0.000092  0.000010  ...  0.000012  7.645418e+06  1.737326e+09
1589  1555.554469    0.000086  0.000015  ...  0.000012  7.577284e+06  1.737326e+09
1590  1555.547674    0.000089  0.000009  ...  0.000012  7.637201e+06  1.737326e+09
1591  1555.554379    0.000087  0.000015  ...  0.000012  7.593404e+06  1.737326e+09

[1592 rows x 13 columns]
CHANNEL_3_14
           cbragg  cbragg_err   credchi  ...  cdelta_n            cL     timestamp
0     1556.508128    0.000188  0.000073  ...  0.000012  7.735750e+06  1.737311e+09
1     1556.503638    0.000182  0.000049  ...  0.000012  7.762720e+06  1.737311e+09
2     1556.508156    0.000187  0.000072  ...  0.000012  7.736701e+06  1.737311e+09
3     1556.503638    0.000181  0.000048  ...  0.000012  7.760453e+06  1.737311e+09
4     1556.508184    0.000187  0.000072  ...  0.000012  7.736499e+06  1.737311e+09
...           ...         ...       ...  ...       ...           ...           ...
1587  1556.502564    0.000183  0.000046  ...  0.000012  7.775506e+06  1.737326e+09
1588  1556.508646    0.000188  0.000076  ...  0.000012  7.735655e+06  1.737326e+09
1589  1556.502540    0.000185  0.000047  ...  0.000012  7.782815e+06  1.737326e+09
1590  1556.508583    0.000187  0.000075  ...  0.000012  7.737507e+06  1.737326e+09
1591  1556.502515    0.000185  0.000047  ...  0.000012  7.781467e+06  1.737326e+09

[1592 rows x 13 columns]
