CHANNEL_0_1
           cbragg  cbragg_err   credchi  ...  cdelta_n            cL     timestamp
0     1544.215586    0.000218  0.000040  ...  0.000012  7.707977e+06  1.737453e+09
1     1544.215862    0.000121  0.000052  ...  0.000012  7.650543e+06  1.737453e+09
2     1544.215614    0.000132  0.000039  ...  0.000012  7.712802e+06  1.737453e+09
3     1544.215783    0.000103  0.000052  ...  0.000012  7.658006e+06  1.737453e+09
4     1544.215575    0.000106  0.000041  ...  0.000012  7.706814e+06  1.737453e+09
...           ...         ...       ...  ...       ...           ...           ...
1587  1544.215192    0.000155  0.000053  ...  0.000012  7.640658e+06  1.737469e+09
1588  1544.214793    0.000194  0.000040  ...  0.000012  7.700190e+06  1.737469e+09
1589  1544.215154    0.000115  0.000053  ...  0.000012  7.647981e+06  1.737469e+09
1590  1544.214849    0.000121  0.000039  ...  0.000012  7.710472e+06  1.737469e+09
1591  1544.215193    0.000102  0.000052  ...  0.000012  7.648385e+06  1.737469e+09

[1592 rows x 13 columns]
CHANNEL_0_2
           cbragg  cbragg_err   credchi  ...  cdelta_n            cL     timestamp
0     1545.170486    0.000081  0.000018  ...  0.000012  7.686462e+06  1.737453e+09
1     1545.168587    0.000089  0.000014  ...  0.000012  7.701774e+06  1.737453e+09
2     1545.170420    0.000082  0.000018  ...  0.000012  7.680497e+06  1.737453e+09
3     1545.168565    0.000089  0.000014  ...  0.000012  7.696559e+06  1.737453e+09
4     1545.170430    0.000080  0.000017  ...  0.000012  7.692635e+06  1.737453e+09
...           ...         ...       ...  ...       ...           ...           ...
1587  1545.168018    0.000089  0.000014  ...  0.000012  7.695776e+06  1.737469e+09
1588  1545.169680    0.000085  0.000019  ...  0.000012  7.686699e+06  1.737469e+09
1589  1545.168050    0.000089  0.000014  ...  0.000012  7.692045e+06  1.737469e+09
1590  1545.169715    0.000083  0.000018  ...  0.000012  7.685865e+06  1.737469e+09
1591  1545.168022    0.000167  0.000015  ...  0.000012  7.667103e+06  1.737469e+09

[1592 rows x 13 columns]
CHANNEL_0_3
           cbragg  cbragg_err   credchi  ...  cdelta_n            cL     timestamp
0     1546.155847    0.000113  0.000047  ...  0.000012  7.628705e+06  1.737453e+09
1     1546.152129    0.000111  0.000044  ...  0.000012  7.619721e+06  1.737453e+09
2     1546.155773    0.000116  0.000048  ...  0.000012  7.651146e+06  1.737453e+09
3     1546.152000    0.000112  0.000045  ...  0.000012  7.621468e+06  1.737453e+09
4     1546.155907    0.000113  0.000047  ...  0.000012  7.633651e+06  1.737453e+09
...           ...         ...       ...  ...       ...           ...           ...
1587  1546.151558    0.000111  0.000044  ...  0.000012  7.614374e+06  1.737469e+09
1588  1546.155091    0.000114  0.000048  ...  0.000012  7.651086e+06  1.737469e+09
1589  1546.151570    0.000111  0.000044  ...  0.000012  7.615446e+06  1.737469e+09
1590  1546.155061    0.000113  0.000047  ...  0.000012  7.640386e+06  1.737469e+09
1591  1546.151644    0.000110  0.000043  ...  0.000012  7.624075e+06  1.737469e+09

[1592 rows x 13 columns]
CHANNEL_0_4
           cbragg  cbragg_err   credchi  ...  cdelta_n            cL     timestamp
0     1547.148480    0.000116  0.000057  ...  0.000012  7.821904e+06  1.737453e+09
1     1547.146526    0.000129  0.000048  ...  0.000012  7.681261e+06  1.737453e+09
2     1547.148310    0.000117  0.000059  ...  0.000012  7.902926e+06  1.737453e+09
3     1547.146550    0.000120  0.000043  ...  0.000012  7.853191e+06  1.737453e+09
4     1547.148486    0.000116  0.000057  ...  0.000012  7.821778e+06  1.737453e+09
...           ...         ...       ...  ...       ...           ...           ...
1587  1547.146025    0.000120  0.000044  ...  0.000012  7.854067e+06  1.737469e+09
1588  1547.147495    0.000116  0.000058  ...  0.000012  7.823743e+06  1.737469e+09
1589  1547.146077    0.000120  0.000043  ...  0.000012  7.847905e+06  1.737469e+09
1590  1547.147702    0.000119  0.000060  ...  0.000012  7.780691e+06  1.737469e+09
1591  1547.146127    0.000119  0.000043  ...  0.000012  7.855218e+06  1.737469e+09

[1592 rows x 13 columns]
CHANNEL_0_5
           cbragg  cbragg_err   credchi  ...  cdelta_n            cL     timestamp
0     1548.121815    0.000098  0.000035  ...  0.000012  7.773730e+06  1.737453e+09
1     1548.123702    0.000092  0.000045  ...  0.000012  7.635197e+06  1.737453e+09
2     1548.121843    0.000093  0.000031  ...  0.000012  7.676480e+06  1.737453e+09
3     1548.123679    0.000092  0.000044  ...  0.000012  7.636770e+06  1.737453e+09
4     1548.121820    0.000091  0.000030  ...  0.000012  7.690576e+06  1.737453e+09
...           ...         ...       ...  ...       ...           ...           ...
1587  1548.123028    0.000093  0.000046  ...  0.000012  7.635123e+06  1.737469e+09
1588  1548.120929    0.000096  0.000032  ...  0.000012  7.687244e+06  1.737469e+09
1589  1548.123061    0.000092  0.000045  ...  0.000012  7.635283e+06  1.737469e+09
1590  1548.121167    0.000095  0.000031  ...  0.000012  7.683417e+06  1.737469e+09
1591  1548.123261    0.000093  0.000046  ...  0.000012  7.630666e+06  1.737469e+09

[1592 rows x 13 columns]
CHANNEL_0_6
           cbragg  cbragg_err   credchi  ...  cdelta_n            cL     timestamp
0     1549.108098    0.000173  0.000190  ...  0.000012  7.787106e+06  1.737453e+09
1     1549.098510    0.000076  0.000022  ...  0.000012  7.534737e+06  1.737453e+09
2     1549.108070    0.000178  0.000205  ...  0.000012  7.864101e+06  1.737453e+09
3     1549.098505    0.000076  0.000022  ...  0.000012  7.540678e+06  1.737453e+09
4     1549.108159    0.000080  0.000040  ...  0.000012  7.474630e+06  1.737453e+09
...           ...         ...       ...  ...       ...           ...           ...
1587  1549.097801    0.000107  0.000045  ...  0.000012  7.747594e+06  1.737469e+09
1588  1549.107351    0.000181  0.000213  ...  0.000012  7.851206e+06  1.737469e+09
1589  1549.097887    0.000076  0.000022  ...  0.000012  7.530755e+06  1.737469e+09
1590  1549.107335    0.000177  0.000210  ...  0.000012  7.911946e+06  1.737469e+09
1591  1549.097967    0.000077  0.000022  ...  0.000012  7.542207e+06  1.737469e+09

[1592 rows x 13 columns]
CHANNEL_0_7
           cbragg  cbragg_err   credchi  ...  cdelta_n            cL     timestamp
0     1550.103646    0.000117  0.000042  ...  0.000012  7.649044e+06  1.737453e+09
1     1550.106497    0.000116  0.000041  ...  0.000012  7.656265e+06  1.737453e+09
2     1550.103705    0.000117  0.000042  ...  0.000012  7.651495e+06  1.737453e+09
3     1550.106497    0.000118  0.000042  ...  0.000012  7.658369e+06  1.737453e+09
4     1550.103607    0.000118  0.000043  ...  0.000012  7.652135e+06  1.737453e+09
...           ...         ...       ...  ...       ...           ...           ...
1587  1550.105870    0.000119  0.000043  ...  0.000012  7.645630e+06  1.737469e+09
1588  1550.102977    0.000120  0.000043  ...  0.000012  7.630095e+06  1.737469e+09
1589  1550.105984    0.000119  0.000043  ...  0.000012  7.649702e+06  1.737469e+09
1590  1550.103065    0.000144  0.000065  ...  0.000012  7.884242e+06  1.737469e+09
1591  1550.106108    0.000119  0.000044  ...  0.000012  7.646642e+06  1.737469e+09

[1592 rows x 13 columns]
CHANNEL_0_8
           cbragg  cbragg_err   credchi  ...  cdelta_n            cL     timestamp
0     1551.082562    0.000073  0.000016  ...  0.000012  7.624534e+06  1.737453e+09
1     1551.081606    0.000073  0.000018  ...  0.000012  7.604010e+06  1.737453e+09
2     1551.082478    0.000074  0.000016  ...  0.000012  7.630312e+06  1.737453e+09
3     1551.081502    0.000072  0.000017  ...  0.000012  7.597631e+06  1.737453e+09
4     1551.082321    0.000074  0.000016  ...  0.000012  7.619974e+06  1.737453e+09
...           ...         ...       ...  ...       ...           ...           ...
1587  1551.079592    0.000073  0.000018  ...  0.000012  7.602606e+06  1.737469e+09
1588  1551.080594    0.000195  0.000103  ...  0.000012  7.134000e+06  1.737469e+09
1589  1551.079720    0.000073  0.000018  ...  0.000012  7.600045e+06  1.737469e+09
1590  1551.080454    0.000074  0.000016  ...  0.000012  7.600761e+06  1.737469e+09
1591  1551.079563    0.000074  0.000018  ...  0.000012  7.596946e+06  1.737469e+09

[1592 rows x 13 columns]
CHANNEL_0_9
           cbragg  cbragg_err   credchi  ...  cdelta_n            cL     timestamp
0     1552.067842    0.000087  0.000024  ...  0.000012  7.709622e+06  1.737453e+09
1     1552.062512    0.000088  0.000018  ...  0.000012  7.710793e+06  1.737453e+09
2     1552.067756    0.000086  0.000023  ...  0.000012  7.706085e+06  1.737453e+09
3     1552.062531    0.000089  0.000018  ...  0.000012  7.687460e+06  1.737453e+09
4     1552.067620    0.000096  0.000030  ...  0.000012  7.815782e+06  1.737453e+09
...           ...         ...       ...  ...       ...           ...           ...
1587  1552.060563    0.000091  0.000018  ...  0.000012  7.642067e+06  1.737469e+09
1588  1552.065844    0.000088  0.000025  ...  0.000012  7.726308e+06  1.737469e+09
1589  1552.060605    0.000091  0.000018  ...  0.000012  7.694661e+06  1.737469e+09
1590  1552.065747    0.000098  0.000031  ...  0.000012  7.820512e+06  1.737469e+09
1591  1552.060570    0.000090  0.000018  ...  0.000012  7.693419e+06  1.737469e+09

[1592 rows x 13 columns]
CHANNEL_0_10
           cbragg  cbragg_err   credchi  ...  cdelta_n            cL     timestamp
0     1553.069276    0.000093  0.000019  ...  0.000012  7.685691e+06  1.737453e+09
1     1553.071147    0.000097  0.000021  ...  0.000012  7.658889e+06  1.737453e+09
2     1553.069225    0.000093  0.000019  ...  0.000012  7.681662e+06  1.737453e+09
3     1553.071064    0.000093  0.000019  ...  0.000012  7.684511e+06  1.737453e+09
4     1553.069009    0.000093  0.000019  ...  0.000012  7.679205e+06  1.737453e+09
...           ...         ...       ...  ...       ...           ...           ...
1587  1553.069200    0.000095  0.000020  ...  0.000012  7.695661e+06  1.737469e+09
1588  1553.067190    0.000092  0.000018  ...  0.000012  7.687773e+06  1.737469e+09
1589  1553.069240    0.000092  0.000019  ...  0.000012  7.708218e+06  1.737469e+09
1590  1553.067025    0.000095  0.000020  ...  0.000012  7.672945e+06  1.737469e+09
1591  1553.069114    0.000094  0.000020  ...  0.000012  7.701507e+06  1.737469e+09

[1592 rows x 13 columns]
CHANNEL_0_11
           cbragg  cbragg_err   credchi  ...  cdelta_n            cL     timestamp
0     1554.083417    0.000068  0.000011  ...  0.000012  7.649263e+06  1.737453e+09
1     1554.075922    0.000075  0.000010  ...  0.000012  7.633597e+06  1.737453e+09
2     1554.083421    0.000070  0.000012  ...  0.000012  7.660962e+06  1.737453e+09
3     1554.076010    0.000073  0.000010  ...  0.000012  7.588969e+06  1.737453e+09
4     1554.083311    0.000069  0.000011  ...  0.000012  7.661014e+06  1.737453e+09
...           ...         ...       ...  ...       ...           ...           ...
1587  1554.073996    0.000073  0.000010  ...  0.000012  7.603181e+06  1.737469e+09
1588  1554.081380    0.000073  0.000013  ...  0.000012  7.651299e+06  1.737469e+09
1589  1554.073944    0.000076  0.000010  ...  0.000012  7.630840e+06  1.737469e+09
1590  1554.081219    0.000069  0.000012  ...  0.000012  7.655280e+06  1.737469e+09
1591  1554.073923    0.000073  0.000009  ...  0.000012  7.615643e+06  1.737469e+09

[1592 rows x 13 columns]
CHANNEL_0_12
           cbragg  cbragg_err   credchi  ...  cdelta_n            cL     timestamp
0     1555.105313    0.000110  0.000050  ...  0.000012  7.545382e+06  1.737453e+09
1     1555.101835    0.000120  0.000043  ...  0.000012  7.617434e+06  1.737453e+09
2     1555.105146    0.000110  0.000050  ...  0.000012  7.546122e+06  1.737453e+09
3     1555.101808    0.000116  0.000040  ...  0.000012  7.576716e+06  1.737453e+09
4     1555.105137    0.000110  0.000050  ...  0.000012  7.548250e+06  1.737453e+09
...           ...         ...       ...  ...       ...           ...           ...
1587  1555.099863    0.000115  0.000039  ...  0.000012  7.554122e+06  1.737469e+09
1588  1555.103201    0.000111  0.000051  ...  0.000012  7.545054e+06  1.737469e+09
1589  1555.099945    0.000116  0.000040  ...  0.000012  7.553899e+06  1.737469e+09
1590  1555.103141    0.000111  0.000050  ...  0.000012  7.534828e+06  1.737469e+09
1591  1555.099946    0.000116  0.000040  ...  0.000012  7.553544e+06  1.737469e+09

[1592 rows x 13 columns]
CHANNEL_0_13
           cbragg  cbragg_err   credchi  ...  cdelta_n            cL     timestamp
0     1556.078141    0.000142  0.000034  ...  0.000012  7.687337e+06  1.737453e+09
1     1556.077956    0.000147  0.000049  ...  0.000012  7.508250e+06  1.737453e+09
2     1556.078105    0.000145  0.000035  ...  0.000012  7.683384e+06  1.737453e+09
3     1556.078003    0.000139  0.000044  ...  0.000012  7.617641e+06  1.737453e+09
4     1556.077967    0.000142  0.000033  ...  0.000012  7.599130e+06  1.737453e+09
...           ...         ...       ...  ...       ...           ...           ...
1587  1556.076060    0.000139  0.000044  ...  0.000012  7.657703e+06  1.737469e+09
1588  1556.076070    0.000141  0.000033  ...  0.000012  7.691271e+06  1.737469e+09
1589  1556.076033    0.000140  0.000044  ...  0.000012  7.647492e+06  1.737469e+09
1590  1556.076020    0.000146  0.000036  ...  0.000012  7.682472e+06  1.737469e+09
1591  1556.076090    0.000136  0.000042  ...  0.000012  7.643856e+06  1.737469e+09

[1592 rows x 13 columns]
CHANNEL_0_14
           cbragg  cbragg_err   credchi  ...  cdelta_n            cL     timestamp
0     1557.052953    0.000092  0.000037  ...  0.000012  7.684031e+06  1.737453e+09
1     1557.044697    0.000101  0.000024  ...  0.000012  7.591731e+06  1.737453e+09
2     1557.052928    0.000093  0.000037  ...  0.000012  7.677064e+06  1.737453e+09
3     1557.044302    0.000104  0.000025  ...  0.000012  7.557153e+06  1.737453e+09
4     1557.052822    0.000091  0.000036  ...  0.000012  7.681646e+06  1.737453e+09
...           ...         ...       ...  ...       ...           ...           ...
1587  1557.042525    0.000092  0.000020  ...  0.000012  7.731752e+06  1.737469e+09
1588  1557.050902    0.000094  0.000038  ...  0.000012  7.664756e+06  1.737469e+09
1589  1557.042579    0.000091  0.000020  ...  0.000012  7.732259e+06  1.737469e+09
1590  1557.050833    0.000094  0.000038  ...  0.000012  7.662568e+06  1.737469e+09
1591  1557.042551    0.000092  0.000020  ...  0.000012  7.736895e+06  1.737469e+09

[1592 rows x 13 columns]
CHANNEL_1_1
           cbragg  cbragg_err   credchi  ...  cdelta_n            cL     timestamp
0     1555.115941    0.000101  0.000008  ...  0.000012  2.611821e+06  1.737453e+09
1     1555.119020    0.000106  0.000009  ...  0.000012  2.624926e+06  1.737453e+09
2     1555.115937    0.000436  0.000122  ...  0.000012  2.453377e+06  1.737453e+09
3     1555.119090    0.000177  0.000023  ...  0.000012  2.539534e+06  1.737453e+09
4     1555.115825    0.000163  0.000018  ...  0.000012  2.537863e+06  1.737453e+09
...           ...         ...       ...  ...       ...           ...           ...
1587  1555.117871    0.000853  0.001052  ...  0.000012  3.213641e+06  1.737469e+09
1588  1555.115212    0.000304  0.000061  ...  0.000012  2.485295e+06  1.737469e+09
1589  1555.118202    0.000109  0.000010  ...  0.000012  2.616133e+06  1.737469e+09
1590  1555.114994    0.000581  0.000379  ...  0.000012  2.994582e+06  1.737469e+09
1591  1555.118523    0.000106  0.000009  ...  0.000012  2.627248e+06  1.737469e+09

[1592 rows x 13 columns]
CHANNEL_1_2
           cbragg  cbragg_err   credchi  ...  cdelta_n            cL     timestamp
0     1558.265625    0.000265  0.000115  ...  0.000012  2.946346e+06  1.737453e+09
1     1558.267976    0.000109  0.000017  ...  0.000012  2.817218e+06  1.737453e+09
2     1558.265527    0.000584  0.000715  ...  0.000012  3.195931e+06  1.737453e+09
3     1558.268061    0.000134  0.000024  ...  0.000012  2.753317e+06  1.737453e+09
4     1558.264704    0.000759  0.001338  ...  0.000012  3.336347e+06  1.737453e+09
...           ...         ...       ...  ...       ...           ...           ...
1587  1558.266587    0.001124  0.003249  ...  0.000012  3.592061e+06  1.737469e+09
1588  1558.265102    0.000458  0.000246  ...  0.000012  2.592291e+06  1.737469e+09
1589  1558.266839    0.000968  0.002470  ...  0.000012  3.538121e+06  1.737469e+09
1590  1558.264708    0.000514  0.000514  ...  0.000012  3.127064e+06  1.737469e+09
1591  1558.267212    0.000326  0.000178  ...  0.000012  2.996626e+06  1.737469e+09

[1592 rows x 13 columns]
CHANNEL_1_3
           cbragg  cbragg_err   credchi  ...  cdelta_n            cL     timestamp
0     1561.085255    0.000036  0.000002  ...  0.000012  2.921468e+06  1.737453e+09
1     1561.082713    0.000158  0.000034  ...  0.000012  2.832919e+06  1.737453e+09
2     1561.085035    0.000180  0.000061  ...  0.000012  3.056269e+06  1.737453e+09
3     1561.082781    0.000200  0.000053  ...  0.000012  2.808108e+06  1.737453e+09
4     1561.084484    0.000945  0.002418  ...  0.000012  3.597741e+06  1.737453e+09
...           ...         ...       ...  ...       ...           ...           ...
1587  1561.080615    0.000662  0.000902  ...  0.000012  3.346780e+06  1.737469e+09
1588  1561.083289    0.000047  0.000004  ...  0.000012  2.926042e+06  1.737469e+09
1589  1561.080725    0.000083  0.000011  ...  0.000012  2.912950e+06  1.737469e+09
1590  1561.083191    0.000033  0.000002  ...  0.000012  2.928163e+06  1.737469e+09
1591  1561.080636    0.000172  0.000041  ...  0.000012  2.828862e+06  1.737469e+09

[1592 rows x 13 columns]
CHANNEL_2_1
           cbragg  cbragg_err   credchi  ...  cdelta_n            cL     timestamp
0     1542.569089    0.000056  0.000003  ...  0.000012  2.755383e+06  1.737453e+09
1     1542.569251    0.000055  0.000003  ...  0.000012  2.754830e+06  1.737453e+09
2     1542.569100    0.000070  0.000003  ...  0.000012  2.753906e+06  1.737453e+09
3     1542.569208    0.000059  0.000003  ...  0.000012  2.750974e+06  1.737453e+09
4     1542.568944    0.000056  0.000003  ...  0.000012  2.754644e+06  1.737453e+09
...           ...         ...       ...  ...       ...           ...           ...
1587  1542.568363    0.000062  0.000003  ...  0.000012  2.750316e+06  1.737469e+09
1588  1542.568423    0.000060  0.000003  ...  0.000012  2.751442e+06  1.737469e+09
1589  1542.574057    0.011851  0.003724  ...  0.000012  1.106374e+06  1.737469e+09
1590  1542.568496    0.000056  0.000003  ...  0.000012  2.754336e+06  1.737469e+09
1591  1542.568442    0.000059  0.000003  ...  0.000012  2.749715e+06  1.737469e+09

[1592 rows x 13 columns]
CHANNEL_2_2
           cbragg  cbragg_err   credchi  ...  cdelta_n            cL     timestamp
0     1546.003854    0.000488  0.000244  ...  0.000012  2.964319e+06  1.737453e+09
1     1546.004142    0.000243  0.000041  ...  0.000012  2.559952e+06  1.737453e+09
2     1546.004010    0.000155  0.000018  ...  0.000012  2.653316e+06  1.737453e+09
3     1546.004135    0.000222  0.000035  ...  0.000012  2.565017e+06  1.737453e+09
4     1546.003956    0.000259  0.000043  ...  0.000012  2.544033e+06  1.737453e+09
...           ...         ...       ...  ...       ...           ...           ...
1587  1546.003313    0.000618  0.000273  ...  0.000012  2.504468e+06  1.737469e+09
1588  1546.003106    0.000720  0.000582  ...  0.000012  3.086664e+06  1.737469e+09
1589  1546.003325    0.000150  0.000018  ...  0.000012  2.638064e+06  1.737469e+09
1590  1546.003220    0.000334  0.000098  ...  0.000012  2.832944e+06  1.737469e+09
1591  1546.003174    0.000796  0.000822  ...  0.000012  3.179972e+06  1.737469e+09

[1592 rows x 13 columns]
CHANNEL_2_3
           cbragg  cbragg_err   credchi  ...  cdelta_n            cL     timestamp
0     1548.595703    0.000116  0.000014  ...  0.000012  2.931314e+06  1.737453e+09
1     1548.597585    0.000880  0.001290  ...  0.000012  3.495649e+06  1.737453e+09
2     1548.595534    0.000111  0.000013  ...  0.000012  2.917612e+06  1.737453e+09
3     1548.598362    0.000170  0.000033  ...  0.000012  2.997910e+06  1.737453e+09
4     1548.595457    0.000162  0.000029  ...  0.000012  2.994890e+06  1.737453e+09
...           ...         ...       ...  ...       ...           ...           ...
1587  1548.596708    0.000144  0.000022  ...  0.000012  2.878591e+06  1.737469e+09
1588  1548.593496    0.000700  0.000760  ...  0.000012  3.390460e+06  1.737469e+09
1589  1548.595972    0.000526  0.000417  ...  0.000012  3.270941e+06  1.737469e+09
1590  1548.593432    0.000106  0.000011  ...  0.000012  2.905964e+06  1.737469e+09
1591  1548.596540    0.000372  0.000112  ...  0.000012  2.689751e+06  1.737469e+09

[1592 rows x 13 columns]
CHANNEL_3_1
           cbragg  cbragg_err   credchi  ...  cdelta_n            cL     timestamp
0     1543.627062    0.000101  0.000022  ...  0.000012  7.872329e+06  1.737453e+09
1     1543.613532    0.000136  0.000015  ...  0.000012  7.915824e+06  1.737453e+09
2     1543.627043    0.000128  0.000021  ...  0.000012  7.868684e+06  1.737453e+09
3     1543.613539    0.000100  0.000014  ...  0.000012  7.923874e+06  1.737453e+09
4     1543.627010    0.000301  0.000022  ...  0.000012  7.872319e+06  1.737453e+09
...           ...         ...       ...  ...       ...           ...           ...
1587  1543.612730    0.000151  0.000014  ...  0.000012  7.912298e+06  1.737469e+09
1588  1543.626344    0.000343  0.000022  ...  0.000012  7.853242e+06  1.737469e+09
1589  1543.612684    0.000223  0.000014  ...  0.000012  7.919255e+06  1.737469e+09
1590  1543.626351    0.000108  0.000021  ...  0.000012  7.868433e+06  1.737469e+09
1591  1543.612851    0.000119  0.000014  ...  0.000012  7.916480e+06  1.737469e+09

[1592 rows x 13 columns]
CHANNEL_3_2
           cbragg  cbragg_err   credchi  ...  cdelta_n            cL     timestamp
0     1544.652097    0.000212  0.000029  ...  0.000012  7.858121e+06  1.737453e+09
1     1544.646034    0.000145  0.000034  ...  0.000012  7.814610e+06  1.737453e+09
2     1544.652090    0.000132  0.000027  ...  0.000012  7.864348e+06  1.737453e+09
3     1544.645940    0.000157  0.000033  ...  0.000012  7.817385e+06  1.737453e+09
4     1544.651961    0.000122  0.000028  ...  0.000012  7.858422e+06  1.737453e+09
...           ...         ...       ...  ...       ...           ...           ...
1587  1544.645275    0.000136  0.000033  ...  0.000012  7.818120e+06  1.737469e+09
1588  1544.651468    0.000147  0.000029  ...  0.000012  7.866971e+06  1.737469e+09
1589  1544.645308    0.000135  0.000034  ...  0.000012  7.816370e+06  1.737469e+09
1590  1544.651482    0.000122  0.000028  ...  0.000012  7.862684e+06  1.737469e+09
1591  1544.645329    0.000112  0.000033  ...  0.000012  7.816366e+06  1.737469e+09

[1592 rows x 13 columns]
CHANNEL_3_3
           cbragg  cbragg_err   credchi  ...  cdelta_n            cL     timestamp
0     1545.651815    0.000106  0.000033  ...  0.000012  7.618414e+06  1.737453e+09
1     1545.640936    0.000106  0.000021  ...  0.000012  7.654625e+06  1.737453e+09
2     1545.651612    0.000163  0.000078  ...  0.000012  7.782337e+06  1.737453e+09
3     1545.640792    0.000105  0.000021  ...  0.000012  7.668433e+06  1.737453e+09
4     1545.651713    0.000110  0.000036  ...  0.000012  7.615998e+06  1.737453e+09
...           ...         ...       ...  ...       ...           ...           ...
1587  1545.640347    0.000106  0.000021  ...  0.000012  7.660193e+06  1.737469e+09
1588  1545.651028    0.000110  0.000036  ...  0.000012  7.622892e+06  1.737469e+09
1589  1545.640364    0.000105  0.000021  ...  0.000012  7.658075e+06  1.737469e+09
1590  1545.651112    0.000108  0.000035  ...  0.000012  7.614999e+06  1.737469e+09
1591  1545.640422    0.000108  0.000022  ...  0.000012  7.660023e+06  1.737469e+09

[1592 rows x 13 columns]
CHANNEL_3_4
           cbragg  cbragg_err   credchi  ...  cdelta_n            cL     timestamp
0     1546.624429    0.000094  0.000021  ...  0.000012  7.783935e+06  1.737453e+09
1     1546.615340    0.000120  0.000033  ...  0.000012  7.499079e+06  1.737453e+09
2     1546.624263    0.000097  0.000022  ...  0.000012  7.777038e+06  1.737453e+09
3     1546.615106    0.000132  0.000039  ...  0.000012  7.456528e+06  1.737453e+09
4     1546.624415    0.000096  0.000021  ...  0.000012  7.780488e+06  1.737453e+09
...           ...         ...       ...  ...       ...           ...           ...
1587  1546.614555    0.000095  0.000021  ...  0.000012  7.699893e+06  1.737469e+09
1588  1546.623694    0.000096  0.000021  ...  0.000012  7.780926e+06  1.737469e+09
1589  1546.614532    0.000094  0.000021  ...  0.000012  7.715137e+06  1.737469e+09
1590  1546.623703    0.000096  0.000022  ...  0.000012  7.785179e+06  1.737469e+09
1591  1546.614605    0.000095  0.000021  ...  0.000012  7.698628e+06  1.737469e+09

[1592 rows x 13 columns]
CHANNEL_3_5
           cbragg  cbragg_err   credchi  ...  cdelta_n            cL     timestamp
0     1547.640657    0.000083  0.000016  ...  0.000012  7.591348e+06  1.737453e+09
1     1547.637274    0.000079  0.000014  ...  0.000012  7.596278e+06  1.737453e+09
2     1547.640568    0.000082  0.000016  ...  0.000012  7.600163e+06  1.737453e+09
3     1547.637191    0.000079  0.000014  ...  0.000012  7.616400e+06  1.737453e+09
4     1547.640585    0.000081  0.000015  ...  0.000012  7.597752e+06  1.737453e+09
...           ...         ...       ...  ...       ...           ...           ...
1587  1547.636513    0.000077  0.000014  ...  0.000012  7.601548e+06  1.737469e+09
1588  1547.639792    0.000082  0.000016  ...  0.000012  7.604683e+06  1.737469e+09
1589  1547.636507    0.000079  0.000014  ...  0.000012  7.593802e+06  1.737469e+09
1590  1547.639888    0.000081  0.000016  ...  0.000012  7.603398e+06  1.737469e+09
1591  1547.636688    0.000077  0.000014  ...  0.000012  7.598662e+06  1.737469e+09

[1592 rows x 13 columns]
CHANNEL_3_6
           cbragg  cbragg_err   credchi  ...  cdelta_n            cL     timestamp
0     1548.630463    0.000079  0.000019  ...  0.000012  7.799912e+06  1.737453e+09
1     1548.618229    0.000076  0.000011  ...  0.000012  7.874487e+06  1.737453e+09
2     1548.630432    0.000079  0.000019  ...  0.000012  7.810141e+06  1.737453e+09
3     1548.618236    0.000078  0.000011  ...  0.000012  7.879624e+06  1.737453e+09
4     1548.630390    0.000079  0.000019  ...  0.000012  7.806595e+06  1.737453e+09
...           ...         ...       ...  ...       ...           ...           ...
1587  1548.617349    0.000079  0.000012  ...  0.000012  7.875353e+06  1.737469e+09
1588  1548.629655    0.000078  0.000019  ...  0.000012  7.815016e+06  1.737469e+09
1589  1548.617462    0.000075  0.000010  ...  0.000012  7.885310e+06  1.737469e+09
1590  1548.629738    0.000078  0.000019  ...  0.000012  7.818971e+06  1.737469e+09
1591  1548.617449    0.000076  0.000011  ...  0.000012  7.884556e+06  1.737469e+09

[1592 rows x 13 columns]
CHANNEL_3_7
           cbragg  cbragg_err   credchi  ...  cdelta_n            cL     timestamp
0     1549.644736    0.000087  0.000014  ...  0.000012  7.536295e+06  1.737453e+09
1     1549.644916    0.000084  0.000019  ...  0.000012  7.535166e+06  1.737453e+09
2     1549.644667    0.000086  0.000014  ...  0.000012  7.581083e+06  1.737453e+09
3     1549.644894    0.000084  0.000019  ...  0.000012  7.543918e+06  1.737453e+09
4     1549.644698    0.000086  0.000014  ...  0.000012  7.577569e+06  1.737453e+09
...           ...         ...       ...  ...       ...           ...           ...
1587  1549.644017    0.000086  0.000020  ...  0.000012  7.533532e+06  1.737469e+09
1588  1549.643956    0.000087  0.000014  ...  0.000012  7.574867e+06  1.737469e+09
1589  1549.644106    0.000084  0.000019  ...  0.000012  7.540371e+06  1.737469e+09
1590  1549.643921    0.000086  0.000014  ...  0.000012  7.566542e+06  1.737469e+09
1591  1549.644159    0.000084  0.000019  ...  0.000012  7.552419e+06  1.737469e+09

[1592 rows x 13 columns]
CHANNEL_3_8
           cbragg  cbragg_err   credchi  ...  cdelta_n            cL     timestamp
0     1550.601970    0.000091  0.000019  ...  0.000012  7.649211e+06  1.737453e+09
1     1550.590815    0.000085  0.000010  ...  0.000012  7.738205e+06  1.737453e+09
2     1550.601890    0.000088  0.000018  ...  0.000012  7.648299e+06  1.737453e+09
3     1550.590684    0.000087  0.000010  ...  0.000012  7.730017e+06  1.737453e+09
4     1550.601786    0.000090  0.000019  ...  0.000012  7.650488e+06  1.737453e+09
...           ...         ...       ...  ...       ...           ...           ...
1587  1550.588598    0.000089  0.000011  ...  0.000012  7.731920e+06  1.737469e+09
1588  1550.599843    0.000089  0.000019  ...  0.000012  7.657819e+06  1.737469e+09
1589  1550.588731    0.000090  0.000011  ...  0.000012  7.715952e+06  1.737469e+09
1590  1550.599746    0.000089  0.000019  ...  0.000012  7.647796e+06  1.737469e+09
1591  1550.588604    0.000090  0.000011  ...  0.000012  7.731176e+06  1.737469e+09

[1592 rows x 13 columns]
CHANNEL_3_9
           cbragg  cbragg_err   credchi  ...  cdelta_n            cL     timestamp
0     1551.595504    0.000095  0.000012  ...  0.000012  7.722338e+06  1.737453e+09
1     1551.592058    0.000090  0.000016  ...  0.000012  7.680459e+06  1.737453e+09
2     1551.595452    0.000094  0.000012  ...  0.000012  7.696889e+06  1.737453e+09
3     1551.591987    0.000091  0.000016  ...  0.000012  7.681035e+06  1.737453e+09
4     1551.595311    0.000096  0.000013  ...  0.000012  7.713927e+06  1.737453e+09
...           ...         ...       ...  ...       ...           ...           ...
1587  1551.589967    0.000087  0.000015  ...  0.000012  7.687130e+06  1.737469e+09
1588  1551.593506    0.000095  0.000012  ...  0.000012  7.708046e+06  1.737469e+09
1589  1551.590158    0.000090  0.000016  ...  0.000012  7.680439e+06  1.737469e+09
1590  1551.593368    0.000093  0.000012  ...  0.000012  7.687908e+06  1.737469e+09
1591  1551.589847    0.000090  0.000016  ...  0.000012  7.682729e+06  1.737469e+09

[1592 rows x 13 columns]
CHANNEL_3_10
           cbragg  cbragg_err   credchi  ...  cdelta_n            cL     timestamp
0     1552.605048    0.000189  0.000058  ...  0.000012  7.333458e+06  1.737453e+09
1     1552.595770    0.000104  0.000014  ...  0.000012  7.807817e+06  1.737453e+09
2     1552.604997    0.000100  0.000017  ...  0.000012  7.777761e+06  1.737453e+09
3     1552.595752    0.000114  0.000018  ...  0.000012  7.944210e+06  1.737453e+09
4     1552.604760    0.000102  0.000018  ...  0.000012  7.771942e+06  1.737453e+09
...           ...         ...       ...  ...       ...           ...           ...
1587  1552.593941    0.000227  0.000061  ...  0.000012  7.188655e+06  1.737469e+09
1588  1552.602808    0.000098  0.000017  ...  0.000012  7.792330e+06  1.737469e+09
1589  1552.593899    0.000108  0.000016  ...  0.000012  7.738802e+06  1.737469e+09
1590  1552.602853    0.000100  0.000017  ...  0.000012  7.775631e+06  1.737469e+09
1591  1552.593747    0.000198  0.000050  ...  0.000012  7.358301e+06  1.737469e+09

[1592 rows x 13 columns]
CHANNEL_3_11
           cbragg  cbragg_err   credchi  ...  cdelta_n            cL     timestamp
0     1553.572300    0.000127  0.000032  ...  0.000012  7.966600e+06  1.737453e+09
1     1553.562175    0.000125  0.000029  ...  0.000012  7.944083e+06  1.737453e+09
2     1553.572249    0.000126  0.000031  ...  0.000012  7.971034e+06  1.737453e+09
3     1553.562172    0.000125  0.000029  ...  0.000012  7.952574e+06  1.737453e+09
4     1553.572178    0.000127  0.000032  ...  0.000012  7.969733e+06  1.737453e+09
...           ...         ...       ...  ...       ...           ...           ...
1587  1553.560126    0.000122  0.000027  ...  0.000012  7.951358e+06  1.737469e+09
1588  1553.570313    0.000126  0.000032  ...  0.000012  7.964296e+06  1.737469e+09
1589  1553.560246    0.000124  0.000028  ...  0.000012  7.977146e+06  1.737469e+09
1590  1553.570330    0.000125  0.000031  ...  0.000012  7.977890e+06  1.737469e+09
1591  1553.560029    0.000128  0.000030  ...  0.000012  7.991644e+06  1.737469e+09

[1592 rows x 13 columns]
CHANNEL_3_12
           cbragg  cbragg_err   credchi  ...  cdelta_n            cL     timestamp
0     1554.546939    0.000096  0.000018  ...  0.000012  7.785659e+06  1.737453e+09
1     1554.539117    0.000096  0.000013  ...  0.000012  7.867590e+06  1.737453e+09
2     1554.546805    0.000094  0.000018  ...  0.000012  7.817092e+06  1.737453e+09
3     1554.539019    0.000099  0.000014  ...  0.000012  7.885821e+06  1.737453e+09
4     1554.546801    0.000097  0.000019  ...  0.000012  7.792345e+06  1.737453e+09
...           ...         ...       ...  ...       ...           ...           ...
1587  1554.537208    0.000260  0.000080  ...  0.000012  7.167682e+06  1.737469e+09
1588  1554.544891    0.000095  0.000018  ...  0.000012  7.823033e+06  1.737469e+09
1589  1554.537385    0.000281  0.000094  ...  0.000012  7.114031e+06  1.737469e+09
1590  1554.544751    0.000094  0.000018  ...  0.000012  7.819756e+06  1.737469e+09
1591  1554.537264    0.000096  0.000013  ...  0.000012  7.888734e+06  1.737469e+09

[1592 rows x 13 columns]
CHANNEL_3_13
           cbragg  cbragg_err   credchi  ...  cdelta_n            cL     timestamp
0     1555.553251    0.000090  0.000012  ...  0.000012  7.608604e+06  1.737453e+09
1     1555.548524    0.000088  0.000014  ...  0.000012  7.574966e+06  1.737453e+09
2     1555.553148    0.000090  0.000012  ...  0.000012  7.620148e+06  1.737453e+09
3     1555.548479    0.000085  0.000013  ...  0.000012  7.589266e+06  1.737453e+09
4     1555.553025    0.000091  0.000012  ...  0.000012  7.616905e+06  1.737453e+09
...           ...         ...       ...  ...       ...           ...           ...
1587  1555.546509    0.000088  0.000014  ...  0.000012  7.558916e+06  1.737469e+09
1588  1555.551280    0.000091  0.000012  ...  0.000012  7.631936e+06  1.737469e+09
1589  1555.546584    0.000087  0.000014  ...  0.000012  7.569124e+06  1.737469e+09
1590  1555.551328    0.000090  0.000012  ...  0.000012  7.618525e+06  1.737469e+09
1591  1555.546604    0.000087  0.000014  ...  0.000012  7.571837e+06  1.737469e+09

[1592 rows x 13 columns]
CHANNEL_3_14
           cbragg  cbragg_err   credchi  ...  cdelta_n            cL     timestamp
0     1556.508740    0.000183  0.000074  ...  0.000012  7.732835e+06  1.737453e+09
1     1556.499562    0.000181  0.000043  ...  0.000012  7.840676e+06  1.737453e+09
2     1556.508646    0.000183  0.000073  ...  0.000012  7.741793e+06  1.737453e+09
3     1556.499471    0.000184  0.000045  ...  0.000012  7.844180e+06  1.737453e+09
4     1556.508619    0.000184  0.000074  ...  0.000012  7.736898e+06  1.737453e+09
...           ...         ...       ...  ...       ...           ...           ...
1587  1556.497645    0.000182  0.000043  ...  0.000012  7.835734e+06  1.737469e+09
1588  1556.506694    0.000186  0.000076  ...  0.000012  7.742172e+06  1.737469e+09
1589  1556.497776    0.000182  0.000044  ...  0.000012  7.837992e+06  1.737469e+09
1590  1556.506581    0.000183  0.000074  ...  0.000012  7.746575e+06  1.737469e+09
1591  1556.497580    0.000178  0.000042  ...  0.000012  7.832818e+06  1.737469e+09

[1592 rows x 13 columns]
