CHANNEL_0_1
        cbragg  cbragg_err   credchi  ...  cdelta_n            cL     timestamp
0  1544.228699    0.000127  0.000041  ...  0.000012  7.723527e+06  1.738009e+09
1  1544.230521    0.000102  0.000055  ...  0.000012  7.646359e+06  1.738009e+09

[2 rows x 13 columns]
CHANNEL_0_2
        cbragg  cbragg_err   credchi  ...  cdelta_n            cL     timestamp
0  1545.183269    0.000083  0.000018  ...  0.000012  7.678238e+06  1.738009e+09
1  1545.184081    0.000085  0.000014  ...  0.000012  7.680168e+06  1.738009e+09

[2 rows x 13 columns]
CHANNEL_0_3
        cbragg  cbragg_err   credchi  ...  cdelta_n            cL     timestamp
0  1546.169006    0.000112  0.000049  ...  0.000012  7.648131e+06  1.738009e+09
1  1546.167148    0.000126  0.000064  ...  0.000012  7.817766e+06  1.738009e+09

[2 rows x 13 columns]
CHANNEL_0_4
        cbragg  cbragg_err   credchi  ...  cdelta_n            cL     timestamp
0  1547.160917    0.000115  0.000055  ...  0.000012  7.843265e+06  1.738009e+09
1  1547.162512    0.000118  0.000048  ...  0.000012  7.842807e+06  1.738009e+09

[2 rows x 13 columns]
CHANNEL_0_5
        cbragg  cbragg_err   credchi  ...  cdelta_n            cL     timestamp
0  1548.135571    0.000092  0.000032  ...  0.000012  7.698884e+06  1.738009e+09
1  1548.139030    0.000092  0.000048  ...  0.000012  7.647466e+06  1.738009e+09

[2 rows x 13 columns]
CHANNEL_0_6
        cbragg  cbragg_err   credchi  ...  cdelta_n            cL     timestamp
0  1549.122055    0.000082  0.000044  ...  0.000012  7.459300e+06  1.738009e+09
1  1549.114284    0.000078  0.000024  ...  0.000012  7.526786e+06  1.738009e+09

[2 rows x 13 columns]
CHANNEL_0_7
        cbragg  cbragg_err   credchi  ...  cdelta_n            cL     timestamp
0  1550.117468    0.000119  0.000042  ...  0.000012  7.624105e+06  1.738009e+09
1  1550.122124    0.000117  0.000048  ...  0.000012  7.641855e+06  1.738009e+09

[2 rows x 13 columns]
CHANNEL_0_8
        cbragg  cbragg_err   credchi  ...  cdelta_n            cL     timestamp
0  1551.092925    0.000074  0.000017  ...  0.000012  7.608709e+06  1.738009e+09
1  1551.093113    0.000072  0.000019  ...  0.000012  7.586374e+06  1.738009e+09

[2 rows x 13 columns]
CHANNEL_0_9
        cbragg  cbragg_err   credchi  ...  cdelta_n            cL     timestamp
0  1552.078353    0.000088  0.000026  ...  0.000012  7.685965e+06  1.738009e+09
1  1552.073824    0.000093  0.000020  ...  0.000012  7.691356e+06  1.738009e+09

[2 rows x 13 columns]
CHANNEL_0_10
        cbragg  cbragg_err   credchi  ...  cdelta_n            cL     timestamp
0  1553.079154    0.000089  0.000017  ...  0.000012  7.668000e+06  1.738009e+09
1  1553.082615    0.000092  0.000022  ...  0.000012  7.720661e+06  1.738009e+09

[2 rows x 13 columns]
CHANNEL_0_11
        cbragg  cbragg_err   credchi  ...  cdelta_n            cL     timestamp
0  1554.093608    0.000071  0.000013  ...  0.000012  7.643628e+06  1.738009e+09
1  1554.086998    0.000074  0.000010  ...  0.000012  7.639864e+06  1.738009e+09

[2 rows x 13 columns]
CHANNEL_0_12
        cbragg  cbragg_err   credchi  ...  cdelta_n            cL     timestamp
0  1555.115001    0.000111  0.000049  ...  0.000012  7.521007e+06  1.738009e+09
1  1555.113458    0.000116  0.000043  ...  0.000012  7.535347e+06  1.738009e+09

[2 rows x 13 columns]
CHANNEL_0_13
        cbragg  cbragg_err   credchi  ...  cdelta_n            cL     timestamp
0  1556.088715    0.000143  0.000037  ...  0.000012  7.680117e+06  1.738009e+09
1  1556.089351    0.000139  0.000046  ...  0.000012  7.632104e+06  1.738009e+09

[2 rows x 13 columns]
CHANNEL_0_14
        cbragg  cbragg_err   credchi  ...  cdelta_n            cL     timestamp
0  1557.063312    0.000097  0.000043  ...  0.000012  7.650884e+06  1.738009e+09
1  1557.056401    0.000095  0.000022  ...  0.000012  7.709337e+06  1.738009e+09

[2 rows x 13 columns]
CHANNEL_1_1
        cbragg  cbragg_err   credchi  ...  cdelta_n            cL     timestamp
0  1555.126714    0.000093  0.000007  ...  0.000012  2.605294e+06  1.738009e+09
1  1555.130184    0.000228  0.000038  ...  0.000012  2.531182e+06  1.738009e+09

[2 rows x 13 columns]
CHANNEL_1_2
        cbragg  cbragg_err   credchi  ...  cdelta_n            cL     timestamp
0  1558.275611    0.000111  0.000017  ...  0.000012  2.809397e+06  1.738009e+09
1  1558.278738    0.000116  0.000018  ...  0.000012  2.781056e+06  1.738009e+09

[2 rows x 13 columns]
CHANNEL_1_3
        cbragg  cbragg_err   credchi  ...  cdelta_n            cL     timestamp
0  1561.091556    0.000239  0.000110  ...  0.000012  3.090884e+06  1.738009e+09
1  1561.087975    0.000505  0.000519  ...  0.000012  3.277977e+06  1.738009e+09

[2 rows x 13 columns]
CHANNEL_2_1
        cbragg  cbragg_err   credchi  ...  cdelta_n            cL     timestamp
0  1542.577958    0.000065  0.000004  ...  0.000012  2.747296e+06  1.738009e+09
1  1542.577447    0.000069  0.000004  ...  0.000012  2.746662e+06  1.738009e+09

[2 rows x 13 columns]
CHANNEL_2_2
        cbragg  cbragg_err   credchi  ...  cdelta_n            cL     timestamp
0  1546.013066    0.000811  0.000885  ...  0.000012  3.227077e+06  1.738009e+09
1  1546.013893    0.000840  0.000868  ...  0.000012  3.106507e+06  1.738009e+09

[2 rows x 13 columns]
CHANNEL_2_3
        cbragg  cbragg_err   credchi  ...  cdelta_n            cL     timestamp
0  1548.604493    0.000132  0.000018  ...  0.000012  2.924665e+06  1.738009e+09
1  1548.606893    0.000507  0.000364  ...  0.000012  3.187070e+06  1.738009e+09

[2 rows x 13 columns]
CHANNEL_3_1
        cbragg  cbragg_err   credchi  ...  cdelta_n            cL     timestamp
0  1543.638092    0.000218  0.000023  ...  0.000012  7.848407e+06  1.738009e+09
1  1543.625214    0.000110  0.000014  ...  0.000012  7.899837e+06  1.738009e+09

[2 rows x 13 columns]
CHANNEL_3_2
        cbragg  cbragg_err   credchi  ...  cdelta_n            cL     timestamp
0  1544.663782    0.000159  0.000029  ...  0.000012  7.876638e+06  1.738009e+09
1  1544.656662    0.000113  0.000034  ...  0.000012  7.831257e+06  1.738009e+09

[2 rows x 13 columns]
CHANNEL_3_3
        cbragg  cbragg_err   credchi  ...  cdelta_n            cL     timestamp
0  1545.662216    0.000108  0.000035  ...  0.000012  7.602285e+06  1.738009e+09
1  1545.653548    0.000111  0.000025  ...  0.000012  7.625574e+06  1.738009e+09

[2 rows x 13 columns]
CHANNEL_3_4
        cbragg  cbragg_err   credchi  ...  cdelta_n            cL     timestamp
0  1546.635848    0.000096  0.000023  ...  0.000012  7.757855e+06  1.738009e+09
1  1546.625465    0.000095  0.000020  ...  0.000012  7.778419e+06  1.738009e+09

[2 rows x 13 columns]
CHANNEL_3_5
        cbragg  cbragg_err   credchi  ...  cdelta_n            cL     timestamp
0  1547.651255    0.000080  0.000014  ...  0.000012  7.604293e+06  1.738009e+09
1  1547.649230    0.000078  0.000015  ...  0.000012  7.593214e+06  1.738009e+09

[2 rows x 13 columns]
CHANNEL_3_6
        cbragg  cbragg_err   credchi  ...  cdelta_n            cL     timestamp
0  1548.641497    0.000077  0.000019  ...  0.000012  7.805786e+06  1.738009e+09
1  1548.629909    0.000074  0.000010  ...  0.000012  7.897931e+06  1.738009e+09

[2 rows x 13 columns]
CHANNEL_3_7
        cbragg  cbragg_err   credchi  ...  cdelta_n            cL     timestamp
0  1549.655461    0.000088  0.000014  ...  0.000012  7.577633e+06  1.738009e+09
1  1549.656727    0.000087  0.000022  ...  0.000012  7.529911e+06  1.738009e+09

[2 rows x 13 columns]
CHANNEL_3_8
        cbragg  cbragg_err   credchi  ...  cdelta_n            cL     timestamp
0  1550.612547    0.000088  0.000018  ...  0.000012  7.634438e+06  1.738009e+09
1  1550.603552    0.000088  0.000011  ...  0.000012  7.719178e+06  1.738009e+09

[2 rows x 13 columns]
CHANNEL_3_9
        cbragg  cbragg_err   credchi  ...  cdelta_n            cL     timestamp
0  1551.607179    0.000092  0.000012  ...  0.000012  7.690359e+06  1.738009e+09
1  1551.604776    0.000091  0.000017  ...  0.000012  7.660593e+06  1.738009e+09

[2 rows x 13 columns]
CHANNEL_3_10
        cbragg  cbragg_err   credchi  ...  cdelta_n            cL     timestamp
0  1552.615672    0.000103  0.000018  ...  0.000012  7.763769e+06  1.738009e+09
1  1552.609135    0.000107  0.000016  ...  0.000012  7.776241e+06  1.738009e+09

[2 rows x 13 columns]
CHANNEL_3_11
        cbragg  cbragg_err   credchi  ...  cdelta_n            cL     timestamp
0  1553.584941    0.000123  0.000034  ...  0.000012  7.912485e+06  1.738009e+09
1  1553.574323    0.000123  0.000027  ...  0.000012  7.969062e+06  1.738009e+09

[2 rows x 13 columns]
CHANNEL_3_12
        cbragg  cbragg_err   credchi  ...  cdelta_n            cL     timestamp
0  1554.558201    0.000094  0.000017  ...  0.000012  7.820625e+06  1.738009e+09
1  1554.553929    0.000096  0.000014  ...  0.000012  7.836212e+06  1.738009e+09

[2 rows x 13 columns]
CHANNEL_3_13
        cbragg  cbragg_err   credchi  ...  cdelta_n            cL     timestamp
0  1555.566102    0.000087  0.000012  ...  0.000012  7.642738e+06  1.738009e+09
1  1555.560281    0.000087  0.000013  ...  0.000012  7.602442e+06  1.738009e+09

[2 rows x 13 columns]
CHANNEL_3_14
        cbragg  cbragg_err   credchi  ...  cdelta_n            cL     timestamp
0  1556.520348    0.000181  0.000072  ...  0.000012  7.726273e+06  1.738009e+09
1  1556.514086    0.000185  0.000049  ...  0.000012  7.783315e+06  1.738009e+09

[2 rows x 13 columns]
