CHANNEL_0_1
           cbragg  cbragg_err   credchi  ...  cdelta_n            cL     timestamp
0     1544.210044    0.000117  0.000061  ...  0.000012  7.711058e+06  1.737041e+09
1     1544.197919    0.000127  0.000031  ...  0.000012  7.787097e+06  1.737041e+09
2     1544.210072    0.000137  0.000058  ...  0.000012  7.724603e+06  1.737041e+09
3     1544.197979    0.000096  0.000031  ...  0.000012  7.781844e+06  1.737041e+09
4     1544.210011    0.000141  0.000060  ...  0.000012  7.724787e+06  1.737041e+09
...           ...         ...       ...  ...       ...           ...           ...
1587  1544.201080    0.000092  0.000030  ...  0.000012  7.806490e+06  1.737056e+09
1588  1544.213807    0.000149  0.000060  ...  0.000012  7.724292e+06  1.737056e+09
1589  1544.201008    0.000129  0.000030  ...  0.000012  7.802921e+06  1.737056e+09
1590  1544.213528    0.000107  0.000059  ...  0.000012  7.737769e+06  1.737056e+09
1591  1544.200846    0.000094  0.000030  ...  0.000012  7.804491e+06  1.737056e+09

[1592 rows x 13 columns]
CHANNEL_0_2
           cbragg  cbragg_err   credchi  ...  cdelta_n            cL     timestamp
0     1545.163474    0.000090  0.000016  ...  0.000012  7.694543e+06  1.737041e+09
1     1545.160290    0.000245  0.000017  ...  0.000012  7.668367e+06  1.737041e+09
2     1545.163436    0.000090  0.000016  ...  0.000012  7.701498e+06  1.737041e+09
3     1545.160249    0.000129  0.000016  ...  0.000012  7.670429e+06  1.737041e+09
4     1545.163312    0.000151  0.000015  ...  0.000012  7.704348e+06  1.737041e+09
...           ...         ...       ...  ...       ...           ...           ...
1587  1545.160743    0.000080  0.000016  ...  0.000012  7.679021e+06  1.737056e+09
1588  1545.164755    0.000087  0.000015  ...  0.000012  7.729112e+06  1.737056e+09
1589  1545.160638    0.000082  0.000017  ...  0.000012  7.674647e+06  1.737056e+09
1590  1545.164911    0.000086  0.000014  ...  0.000012  7.702672e+06  1.737056e+09
1591  1545.160825    0.000077  0.000015  ...  0.000012  7.680482e+06  1.737056e+09

[1592 rows x 13 columns]
CHANNEL_0_3
           cbragg  cbragg_err   credchi  ...  cdelta_n            cL     timestamp
0     1546.150606    0.000106  0.000055  ...  0.000012  7.657093e+06  1.737041e+09
1     1546.141496    0.000110  0.000035  ...  0.000012  7.726010e+06  1.737041e+09
2     1546.150580    0.000106  0.000056  ...  0.000012  7.644020e+06  1.737041e+09
3     1546.141453    0.000109  0.000034  ...  0.000012  7.725517e+06  1.737041e+09
4     1546.150546    0.000106  0.000056  ...  0.000012  7.653007e+06  1.737041e+09
...           ...         ...       ...  ...       ...           ...           ...
1587  1546.141753    0.000106  0.000032  ...  0.000012  7.733968e+06  1.737056e+09
1588  1546.151861    0.000108  0.000059  ...  0.000012  7.690419e+06  1.737056e+09
1589  1546.141657    0.000108  0.000033  ...  0.000012  7.729010e+06  1.737056e+09
1590  1546.151984    0.000107  0.000057  ...  0.000012  7.657509e+06  1.737056e+09
1591  1546.141677    0.000107  0.000032  ...  0.000012  7.743019e+06  1.737056e+09

[1592 rows x 13 columns]
CHANNEL_0_4
           cbragg  cbragg_err   credchi  ...  cdelta_n            cL     timestamp
0     1547.142047    0.000117  0.000048  ...  0.000012  7.870273e+06  1.737041e+09
1     1547.138033    0.000117  0.000054  ...  0.000012  7.824208e+06  1.737041e+09
2     1547.141856    0.000141  0.000067  ...  0.000012  7.920059e+06  1.737041e+09
3     1547.138083    0.000115  0.000053  ...  0.000012  7.828939e+06  1.737041e+09
4     1547.142090    0.000119  0.000049  ...  0.000012  7.852570e+06  1.737041e+09
...           ...         ...       ...  ...       ...           ...           ...
1587  1547.138546    0.000115  0.000052  ...  0.000012  7.891186e+06  1.737056e+09
1588  1547.143466    0.000120  0.000051  ...  0.000012  7.867075e+06  1.737056e+09
1589  1547.138491    0.000118  0.000055  ...  0.000012  7.920024e+06  1.737056e+09
1590  1547.143497    0.000118  0.000049  ...  0.000012  7.858583e+06  1.737056e+09
1591  1547.138548    0.000115  0.000051  ...  0.000012  7.844948e+06  1.737056e+09

[1592 rows x 13 columns]
CHANNEL_0_5
           cbragg  cbragg_err   credchi  ...  cdelta_n            cL     timestamp
0     1548.120266    0.000092  0.000051  ...  0.000012  7.696529e+06  1.737041e+09
1     1548.108980    0.000091  0.000028  ...  0.000012  7.838491e+06  1.737041e+09
2     1548.120280    0.000092  0.000051  ...  0.000012  7.693466e+06  1.737041e+09
3     1548.108940    0.000086  0.000025  ...  0.000012  7.791387e+06  1.737041e+09
4     1548.120352    0.000092  0.000051  ...  0.000012  7.691963e+06  1.737041e+09
...           ...         ...       ...  ...       ...           ...           ...
1587  1548.109910    0.000085  0.000025  ...  0.000012  7.791329e+06  1.737056e+09
1588  1548.121818    0.000092  0.000050  ...  0.000012  7.699490e+06  1.737056e+09
1589  1548.109852    0.000110  0.000042  ...  0.000012  7.966482e+06  1.737056e+09
1590  1548.121793    0.000092  0.000050  ...  0.000012  7.698401e+06  1.737056e+09
1591  1548.109828    0.000086  0.000025  ...  0.000012  7.793832e+06  1.737056e+09

[1592 rows x 13 columns]
CHANNEL_0_6
           cbragg  cbragg_err   credchi  ...  cdelta_n            cL     timestamp
0     1549.096954    0.000176  0.000170  ...  0.000012  7.921486e+06  1.737041e+09
1     1549.095759    0.000082  0.000032  ...  0.000012  7.465819e+06  1.737041e+09
2     1549.096926    0.000183  0.000181  ...  0.000012  7.911188e+06  1.737041e+09
3     1549.095662    0.000083  0.000033  ...  0.000012  7.459847e+06  1.737041e+09
4     1549.097293    0.000083  0.000035  ...  0.000012  7.462787e+06  1.737041e+09
...           ...         ...       ...  ...       ...           ...           ...
1587  1549.095870    0.000080  0.000030  ...  0.000012  7.473319e+06  1.737056e+09
1588  1549.099322    0.000083  0.000036  ...  0.000012  7.457880e+06  1.737056e+09
1589  1549.095910    0.000082  0.000031  ...  0.000012  7.475525e+06  1.737056e+09
1590  1549.099263    0.000082  0.000035  ...  0.000012  7.462107e+06  1.737056e+09
1591  1549.095776    0.000081  0.000030  ...  0.000012  7.475385e+06  1.737056e+09

[1592 rows x 13 columns]
CHANNEL_0_7
           cbragg  cbragg_err   credchi  ...  cdelta_n            cL     timestamp
0     1550.102451    0.000116  0.000047  ...  0.000012  7.674701e+06  1.737041e+09
1     1550.092661    0.000118  0.000039  ...  0.000012  7.657134e+06  1.737041e+09
2     1550.102560    0.000118  0.000048  ...  0.000012  7.695441e+06  1.737041e+09
3     1550.092642    0.000118  0.000039  ...  0.000012  7.665836e+06  1.737041e+09
4     1550.102686    0.000118  0.000048  ...  0.000012  7.670027e+06  1.737041e+09
...           ...         ...       ...  ...       ...           ...           ...
1587  1550.093540    0.000117  0.000038  ...  0.000012  7.676008e+06  1.737056e+09
1588  1550.103945    0.000115  0.000047  ...  0.000012  7.696941e+06  1.737056e+09
1589  1550.093481    0.000116  0.000037  ...  0.000012  7.675280e+06  1.737056e+09
1590  1550.103908    0.000116  0.000048  ...  0.000012  7.700259e+06  1.737056e+09
1591  1550.093481    0.000117  0.000038  ...  0.000012  7.675548e+06  1.737056e+09

[1592 rows x 13 columns]
CHANNEL_0_8
           cbragg  cbragg_err   credchi  ...  cdelta_n            cL     timestamp
0     1551.078857    0.000069  0.000020  ...  0.000012  7.640795e+06  1.737041e+09
1     1551.069052    0.000070  0.000012  ...  0.000012  7.676877e+06  1.737041e+09
2     1551.078823    0.000929  0.002229  ...  0.000012  5.671754e+06  1.737041e+09
3     1551.069109    0.000070  0.000011  ...  0.000012  7.674942e+06  1.737041e+09
4     1551.078881    0.000404  0.000551  ...  0.000012  6.602060e+06  1.737041e+09
...           ...         ...       ...  ...       ...           ...           ...
1587  1551.069065    0.000069  0.000011  ...  0.000012  7.706421e+06  1.737056e+09
1588  1551.080034    0.000069  0.000021  ...  0.000012  7.646261e+06  1.737056e+09
1589  1551.068978    0.000069  0.000011  ...  0.000012  7.682695e+06  1.737056e+09
1590  1551.080038    0.000068  0.000020  ...  0.000012  7.649735e+06  1.737056e+09
1591  1551.068862    0.000070  0.000012  ...  0.000012  7.705280e+06  1.737056e+09

[1592 rows x 13 columns]
CHANNEL_0_9
           cbragg  cbragg_err   credchi  ...  cdelta_n            cL     timestamp
0     1552.060998    0.000088  0.000024  ...  0.000012  7.683936e+06  1.737041e+09
1     1552.054474    0.000090  0.000019  ...  0.000012  7.688203e+06  1.737041e+09
2     1552.061085    0.000089  0.000025  ...  0.000012  7.688516e+06  1.737041e+09
3     1552.054630    0.000087  0.000018  ...  0.000012  7.695539e+06  1.737041e+09
4     1552.061035    0.000087  0.000023  ...  0.000012  7.685597e+06  1.737041e+09
...           ...         ...       ...  ...       ...           ...           ...
1587  1552.054330    0.000086  0.000017  ...  0.000012  7.712855e+06  1.737056e+09
1588  1552.062377    0.000084  0.000023  ...  0.000012  7.698587e+06  1.737056e+09
1589  1552.054315    0.000089  0.000017  ...  0.000012  7.654225e+06  1.737056e+09
1590  1552.062359    0.000087  0.000025  ...  0.000012  7.695231e+06  1.737056e+09
1591  1552.054313    0.000088  0.000017  ...  0.000012  7.705111e+06  1.737056e+09

[1592 rows x 13 columns]
CHANNEL_0_10
           cbragg  cbragg_err   credchi  ...  cdelta_n            cL     timestamp
0     1553.067078    0.000092  0.000020  ...  0.000012  7.752373e+06  1.737041e+09
1     1553.059196    0.000091  0.000018  ...  0.000012  7.728481e+06  1.737041e+09
2     1553.067436    0.000095  0.000021  ...  0.000012  7.762296e+06  1.737041e+09
3     1553.059220    0.000086  0.000017  ...  0.000012  7.730098e+06  1.737041e+09
4     1553.067094    0.000091  0.000020  ...  0.000012  7.746179e+06  1.737041e+09
...           ...         ...       ...  ...       ...           ...           ...
1587  1553.059578    0.000094  0.000020  ...  0.000012  7.736175e+06  1.737056e+09
1588  1553.067965    0.000089  0.000019  ...  0.000012  7.754849e+06  1.737056e+09
1589  1553.059386    0.000114  0.000028  ...  0.000012  7.487050e+06  1.737056e+09
1590  1553.068020    0.000089  0.000019  ...  0.000012  7.752245e+06  1.737056e+09
1591  1553.059501    0.000090  0.000018  ...  0.000012  7.738882e+06  1.737056e+09

[1592 rows x 13 columns]
CHANNEL_0_11
           cbragg  cbragg_err   credchi  ...  cdelta_n            cL     timestamp
0     1554.075111    0.000075  0.000014  ...  0.000012  7.594566e+06  1.737041e+09
1     1554.070584    0.000077  0.000010  ...  0.000012  7.633369e+06  1.737041e+09
2     1554.075394    0.000073  0.000013  ...  0.000012  7.613040e+06  1.737041e+09
3     1554.070640    0.000073  0.000010  ...  0.000012  7.631484e+06  1.737041e+09
4     1554.075262    0.000072  0.000013  ...  0.000012  7.627870e+06  1.737041e+09
...           ...         ...       ...  ...       ...           ...           ...
1587  1554.070205    0.000074  0.000009  ...  0.000012  7.649593e+06  1.737056e+09
1588  1554.076666    0.000072  0.000013  ...  0.000012  7.626836e+06  1.737056e+09
1589  1554.070183    0.000076  0.000010  ...  0.000012  7.650627e+06  1.737056e+09
1590  1554.076891    0.000071  0.000013  ...  0.000012  7.623150e+06  1.737056e+09
1591  1554.070349    0.000074  0.000009  ...  0.000012  7.635708e+06  1.737056e+09

[1592 rows x 13 columns]
CHANNEL_0_12
           cbragg  cbragg_err   credchi  ...  cdelta_n            cL     timestamp
0     1555.099928    0.000117  0.000051  ...  0.000012  7.613747e+06  1.737041e+09
1     1555.094353    0.000112  0.000046  ...  0.000012  7.534403e+06  1.737041e+09
2     1555.100134    0.000114  0.000047  ...  0.000012  7.545310e+06  1.737041e+09
3     1555.094322    0.000113  0.000046  ...  0.000012  7.528610e+06  1.737041e+09
4     1555.099932    0.000119  0.000051  ...  0.000012  7.657247e+06  1.737041e+09
...           ...         ...       ...  ...       ...           ...           ...
1587  1555.094218    0.000114  0.000046  ...  0.000012  7.531820e+06  1.737056e+09
1588  1555.101046    0.000130  0.000062  ...  0.000012  7.656601e+06  1.737056e+09
1589  1555.094197    0.000112  0.000044  ...  0.000012  7.533770e+06  1.737056e+09
1590  1555.101144    0.000114  0.000049  ...  0.000012  7.633258e+06  1.737056e+09
1591  1555.094231    0.000111  0.000044  ...  0.000012  7.543673e+06  1.737056e+09

[1592 rows x 13 columns]
CHANNEL_0_13
           cbragg  cbragg_err   credchi  ...  cdelta_n            cL     timestamp
0     1556.076325    0.000132  0.000049  ...  0.000012  7.706329e+06  1.737041e+09
1     1556.065788    0.000141  0.000030  ...  0.000012  7.750798e+06  1.737041e+09
2     1556.076360    0.000132  0.000049  ...  0.000012  7.717146e+06  1.737041e+09
3     1556.065985    0.000139  0.000029  ...  0.000012  7.741317e+06  1.737041e+09
4     1556.076361    0.000132  0.000049  ...  0.000012  7.701141e+06  1.737041e+09
...           ...         ...       ...  ...       ...           ...           ...
1587  1556.065846    0.000135  0.000027  ...  0.000012  7.757158e+06  1.737056e+09
1588  1556.077386    0.000127  0.000045  ...  0.000012  7.663736e+06  1.737056e+09
1589  1556.065702    0.000141  0.000030  ...  0.000012  7.774132e+06  1.737056e+09
1590  1556.077396    0.000134  0.000050  ...  0.000012  7.713372e+06  1.737056e+09
1591  1556.065794    0.000132  0.000026  ...  0.000012  7.762861e+06  1.737056e+09

[1592 rows x 13 columns]
CHANNEL_0_14
           cbragg  cbragg_err   credchi  ...  cdelta_n            cL     timestamp
0     1557.043832    0.000095  0.000028  ...  0.000012  7.677879e+06  1.737041e+09
1     1557.042055    0.000098  0.000035  ...  0.000012  7.624711e+06  1.737041e+09
2     1557.043972    0.000094  0.000027  ...  0.000012  7.674443e+06  1.737041e+09
3     1557.042155    0.000155  0.000091  ...  0.000012  7.941602e+06  1.737041e+09
4     1557.043930    0.000094  0.000027  ...  0.000012  7.678444e+06  1.737041e+09
...           ...         ...       ...  ...       ...           ...           ...
1587  1557.042030    0.000096  0.000033  ...  0.000012  7.622409e+06  1.737056e+09
1588  1557.045356    0.000096  0.000029  ...  0.000012  7.755746e+06  1.737056e+09
1589  1557.041948    0.000097  0.000033  ...  0.000012  7.630638e+06  1.737056e+09
1590  1557.045379    0.000094  0.000028  ...  0.000012  7.678227e+06  1.737056e+09
1591  1557.041952    0.000095  0.000033  ...  0.000012  7.647021e+06  1.737056e+09

[1592 rows x 13 columns]
CHANNEL_1_1
           cbragg  cbragg_err   credchi  ...  cdelta_n            cL     timestamp
0     1555.281116    0.000102  0.000009  ...  0.000012  2.645196e+06  1.737041e+09
1     1555.282201    0.000656  0.000584  ...  0.000012  3.085164e+06  1.737041e+09
2     1555.280888    0.000135  0.000015  ...  0.000012  2.605648e+06  1.737041e+09
3     1555.282844    0.000395  0.000180  ...  0.000012  2.902357e+06  1.737041e+09
4     1555.280958    0.000101  0.000008  ...  0.000012  2.640553e+06  1.737041e+09
...           ...         ...       ...  ...       ...           ...           ...
1587  1555.187826    0.000581  0.000200  ...  0.000012  2.381116e+06  1.737056e+09
1588  1555.184457    0.000204  0.000030  ...  0.000012  2.550607e+06  1.737056e+09
1589  1555.186255    0.000406  0.000129  ...  0.000012  2.538688e+06  1.737056e+09
1590  1555.183729    0.000085  0.000006  ...  0.000012  2.649579e+06  1.737056e+09
1591  1555.185935    0.000088  0.000007  ...  0.000012  2.663893e+06  1.737056e+09

[1592 rows x 13 columns]
CHANNEL_1_2
           cbragg  cbragg_err   credchi  ...  cdelta_n            cL     timestamp
0     1558.275830    0.000627  0.000858  ...  0.000012  3.229290e+06  1.737041e+09
1     1558.279847    0.000124  0.000022  ...  0.000012  2.771723e+06  1.737041e+09
2     1558.275970    0.000142  0.000029  ...  0.000012  2.773910e+06  1.737041e+09
3     1558.280241    0.000911  0.000733  ...  0.000012  2.389559e+06  1.737041e+09
4     1558.276076    0.000250  0.000090  ...  0.000012  2.830907e+06  1.737041e+09
...           ...         ...       ...  ...       ...           ...           ...
1587  1558.280223    0.000119  0.000020  ...  0.000012  2.807116e+06  1.737056e+09
1588  1558.277014    0.000118  0.000020  ...  0.000012  2.775088e+06  1.737056e+09
1589  1558.280162    0.000532  0.000557  ...  0.000012  3.150675e+06  1.737056e+09
1590  1558.276979    0.000137  0.000027  ...  0.000012  2.787875e+06  1.737056e+09
1591  1558.280108    0.000359  0.000219  ...  0.000012  3.002107e+06  1.737056e+09

[1592 rows x 13 columns]
CHANNEL_1_3
           cbragg  cbragg_err   credchi  ...  cdelta_n            cL     timestamp
0     1561.091074    0.000045  0.000003  ...  0.000012  2.939559e+06  1.737041e+09
1     1561.088316    0.000042  0.000003  ...  0.000012  2.923644e+06  1.737041e+09
2     1561.091029    0.000197  0.000074  ...  0.000012  3.071714e+06  1.737041e+09
3     1561.088406    0.000498  0.000298  ...  0.000012  2.670906e+06  1.737041e+09
4     1561.091269    0.000036  0.000002  ...  0.000012  2.923408e+06  1.737041e+09
...           ...         ...       ...  ...       ...           ...           ...
1587  1561.089911    0.000097  0.000014  ...  0.000012  2.877395e+06  1.737056e+09
1588  1561.092753    0.000051  0.000004  ...  0.000012  2.913049e+06  1.737056e+09
1589  1561.090188    0.000047  0.000003  ...  0.000012  2.919359e+06  1.737056e+09
1590  1561.092676    0.000048  0.000004  ...  0.000012  2.921681e+06  1.737056e+09
1591  1561.090414    0.000049  0.000004  ...  0.000012  2.930338e+06  1.737056e+09

[1592 rows x 13 columns]
CHANNEL_2_1
           cbragg  cbragg_err   credchi  ...  cdelta_n            cL     timestamp
0     1542.648214    0.000066  0.000004  ...  0.000012  2.746208e+06  1.737041e+09
1     1542.648727    0.000072  0.000005  ...  0.000012  2.745350e+06  1.737041e+09
2     1542.641032    0.010281  0.003653  ...  0.000012  1.178679e+06  1.737041e+09
3     1542.646056    0.012504  0.004032  ...  0.000012  1.075389e+06  1.737041e+09
4     1542.647175    0.000061  0.000003  ...  0.000012  2.748897e+06  1.737041e+09
...           ...         ...       ...  ...       ...           ...           ...
1587  1542.564556    0.000082  0.000005  ...  0.000012  2.746237e+06  1.737056e+09
1588  1542.563564    0.000096  0.000002  ...  0.000012  2.754330e+06  1.737056e+09
1589  1542.564821    0.000068  0.000004  ...  0.000012  2.748800e+06  1.737056e+09
1590  1542.563314    0.000058  0.000003  ...  0.000012  2.753065e+06  1.737056e+09
1591  1542.564620    0.000090  0.000004  ...  0.000012  2.748543e+06  1.737056e+09

[1592 rows x 13 columns]
CHANNEL_2_2
           cbragg  cbragg_err   credchi  ...  cdelta_n            cL     timestamp
0     1546.004526    0.001230  0.002591  ...  0.000012  3.579582e+06  1.737041e+09
1     1546.005182    0.000282  0.000055  ...  0.000012  2.533410e+06  1.737041e+09
2     1546.004730    0.000763  0.000754  ...  0.000012  3.174968e+06  1.737041e+09
3     1546.004182    0.000833  0.000990  ...  0.000012  3.253793e+06  1.737041e+09
4     1546.005574    0.000148  0.000018  ...  0.000012  2.671796e+06  1.737041e+09
...           ...         ...       ...  ...       ...           ...           ...
1587  1546.005024    0.000332  0.000072  ...  0.000012  2.506659e+06  1.737056e+09
1588  1546.005661    0.000149  0.000018  ...  0.000012  2.678745e+06  1.737056e+09
1589  1546.004858    0.000212  0.000034  ...  0.000012  2.586193e+06  1.737056e+09
1590  1546.005648    0.000191  0.000027  ...  0.000012  2.594520e+06  1.737056e+09
1591  1546.004075    0.001098  0.001723  ...  0.000012  3.357776e+06  1.737056e+09

[1592 rows x 13 columns]
CHANNEL_2_3
           cbragg  cbragg_err   credchi  ...  cdelta_n            cL     timestamp
0     1548.596893    0.000419  0.000208  ...  0.000012  3.070533e+06  1.737041e+09
1     1548.599781    0.000378  0.000188  ...  0.000012  3.116488e+06  1.737041e+09
2     1548.596853    0.000112  0.000014  ...  0.000012  2.897171e+06  1.737041e+09
3     1548.599030    0.000094  0.000010  ...  0.000012  2.902250e+06  1.737041e+09
4     1548.597278    0.000811  0.001103  ...  0.000012  3.467583e+06  1.737041e+09
...           ...         ...       ...  ...       ...           ...           ...
1587  1548.600843    0.000107  0.000013  ...  0.000012  2.879768e+06  1.737056e+09
1588  1548.596990    0.000777  0.000925  ...  0.000012  3.408409e+06  1.737056e+09
1589  1548.600679    0.000108  0.000013  ...  0.000012  2.884890e+06  1.737056e+09
1590  1548.598233    0.000093  0.000009  ...  0.000012  2.926844e+06  1.737056e+09
1591  1548.600949    0.000113  0.000014  ...  0.000012  2.884601e+06  1.737056e+09

[1592 rows x 13 columns]
CHANNEL_3_1
           cbragg  cbragg_err   credchi  ...  cdelta_n            cL     timestamp
0     1543.669253    0.000106  0.000017  ...  0.000012  7.873933e+06  1.737041e+09
1     1543.680487    0.000190  0.000022  ...  0.000012  7.828734e+06  1.737041e+09
2     1543.669201    0.000116  0.000017  ...  0.000012  7.877093e+06  1.737041e+09
3     1543.680455    0.000122  0.000022  ...  0.000012  7.832779e+06  1.737041e+09
4     1543.669217    0.000123  0.000017  ...  0.000012  7.880063e+06  1.737041e+09
...           ...         ...       ...  ...       ...           ...           ...
1587  1543.682348    0.000107  0.000020  ...  0.000012  7.829854e+06  1.737056e+09
1588  1543.672482    0.000118  0.000020  ...  0.000012  7.832562e+06  1.737056e+09
1589  1543.682126    0.000176  0.000020  ...  0.000012  7.826577e+06  1.737056e+09
1590  1543.672269    0.000110  0.000020  ...  0.000012  7.835621e+06  1.737056e+09
1591  1543.681937    0.000137  0.000020  ...  0.000012  7.816713e+06  1.737056e+09

[1592 rows x 13 columns]
CHANNEL_3_2
           cbragg  cbragg_err   credchi  ...  cdelta_n            cL     timestamp
0     1544.701346    0.000189  0.000031  ...  0.000012  7.866219e+06  1.737041e+09
1     1544.711523    0.000215  0.000029  ...  0.000012  7.897420e+06  1.737041e+09
2     1544.701239    0.000240  0.000031  ...  0.000012  7.867807e+06  1.737041e+09
3     1544.711523    0.000110  0.000029  ...  0.000012  7.903402e+06  1.737041e+09
4     1544.701184    0.000315  0.000031  ...  0.000012  7.866189e+06  1.737041e+09
...           ...         ...       ...  ...       ...           ...           ...
1587  1544.711776    0.000109  0.000031  ...  0.000012  7.913377e+06  1.737056e+09
1588  1544.699013    0.000113  0.000027  ...  0.000012  7.916646e+06  1.737056e+09
1589  1544.711832    0.000109  0.000030  ...  0.000012  7.913961e+06  1.737056e+09
1590  1544.699069    0.000524  0.000027  ...  0.000012  7.924453e+06  1.737056e+09
1591  1544.711807    0.000110  0.000031  ...  0.000012  7.910572e+06  1.737056e+09

[1592 rows x 13 columns]
CHANNEL_3_3
           cbragg  cbragg_err   credchi  ...  cdelta_n            cL     timestamp
0     1545.700073    0.000109  0.000027  ...  0.000012  7.652513e+06  1.737041e+09
1     1545.708646    0.000103  0.000028  ...  0.000012  7.628666e+06  1.737041e+09
2     1545.700113    0.000104  0.000024  ...  0.000012  7.614135e+06  1.737041e+09
3     1545.708575    0.000102  0.000028  ...  0.000012  7.628962e+06  1.737041e+09
4     1545.700059    0.000106  0.000025  ...  0.000012  7.628652e+06  1.737041e+09
...           ...         ...       ...  ...       ...           ...           ...
1587  1545.709462    0.000106  0.000030  ...  0.000012  7.648411e+06  1.737056e+09
1588  1545.697960    0.000104  0.000025  ...  0.000012  7.676779e+06  1.737056e+09
1589  1545.709424    0.000109  0.000032  ...  0.000012  7.683034e+06  1.737056e+09
1590  1545.697958    0.000104  0.000025  ...  0.000012  7.677785e+06  1.737056e+09
1591  1545.709409    0.000106  0.000031  ...  0.000012  7.648971e+06  1.737056e+09

[1592 rows x 13 columns]
CHANNEL_3_4
           cbragg  cbragg_err   credchi  ...  cdelta_n            cL     timestamp
0     1546.671255    0.000091  0.000018  ...  0.000012  7.830497e+06  1.737041e+09
1     1546.683567    0.000093  0.000023  ...  0.000012  7.798394e+06  1.737041e+09
2     1546.671351    0.000092  0.000019  ...  0.000012  7.825982e+06  1.737041e+09
3     1546.683650    0.000091  0.000022  ...  0.000012  7.809793e+06  1.737041e+09
4     1546.671231    0.000093  0.000019  ...  0.000012  7.823033e+06  1.737041e+09
...           ...         ...       ...  ...       ...           ...           ...
1587  1546.683386    0.000093  0.000023  ...  0.000012  7.817120e+06  1.737056e+09
1588  1546.670173    0.000092  0.000018  ...  0.000012  7.852758e+06  1.737056e+09
1589  1546.683382    0.000094  0.000024  ...  0.000012  7.807879e+06  1.737056e+09
1590  1546.670200    0.000091  0.000018  ...  0.000012  7.845862e+06  1.737056e+09
1591  1546.683306    0.000092  0.000023  ...  0.000012  7.802682e+06  1.737056e+09

[1592 rows x 13 columns]
CHANNEL_3_5
           cbragg  cbragg_err   credchi  ...  cdelta_n            cL     timestamp
0     1547.695469    0.000078  0.000016  ...  0.000012  7.570989e+06  1.737041e+09
1     1547.698319    0.000078  0.000012  ...  0.000012  7.543592e+06  1.737041e+09
2     1547.695380    0.000079  0.000016  ...  0.000012  7.566016e+06  1.737041e+09
3     1547.698238    0.000079  0.000013  ...  0.000012  7.598932e+06  1.737041e+09
4     1547.695459    0.000077  0.000016  ...  0.000012  7.562411e+06  1.737041e+09
...           ...         ...       ...  ...       ...           ...           ...
1587  1547.700238    0.000078  0.000014  ...  0.000012  7.606303e+06  1.737056e+09
1588  1547.691609    0.000081  0.000016  ...  0.000012  7.636697e+06  1.737056e+09
1589  1547.700265    0.000077  0.000013  ...  0.000012  7.604136e+06  1.737056e+09
1590  1547.691609    0.000077  0.000015  ...  0.000012  7.603230e+06  1.737056e+09
1591  1547.700220    0.000076  0.000013  ...  0.000012  7.622851e+06  1.737056e+09

[1592 rows x 13 columns]
CHANNEL_3_6
           cbragg  cbragg_err   credchi  ...  cdelta_n            cL     timestamp
0     1548.676867    0.000077  0.000011  ...  0.000012  7.877189e+06  1.737041e+09
1     1548.688758    0.000076  0.000019  ...  0.000012  7.805346e+06  1.737041e+09
2     1548.676805    0.000076  0.000011  ...  0.000012  7.889257e+06  1.737041e+09
3     1548.688769    0.000107  0.000037  ...  0.000012  7.991890e+06  1.737041e+09
4     1548.676623    0.000075  0.000011  ...  0.000012  7.833987e+06  1.737041e+09
...           ...         ...       ...  ...       ...           ...           ...
1587  1548.688816    0.000074  0.000017  ...  0.000012  7.823872e+06  1.737056e+09
1588  1548.674854    0.000074  0.000011  ...  0.000012  7.911527e+06  1.737056e+09
1589  1548.688813    0.000073  0.000017  ...  0.000012  7.838250e+06  1.737056e+09
1590  1548.674836    0.000075  0.000011  ...  0.000012  7.888606e+06  1.737056e+09
1591  1548.688752    0.000077  0.000018  ...  0.000012  7.823722e+06  1.737056e+09

[1592 rows x 13 columns]
CHANNEL_3_7
           cbragg  cbragg_err   credchi  ...  cdelta_n            cL     timestamp
0     1549.703068    0.000088  0.000022  ...  0.000012  7.534076e+06  1.737041e+09
1     1549.703573    0.000089  0.000014  ...  0.000012  7.587431e+06  1.737041e+09
2     1549.703107    0.000089  0.000023  ...  0.000012  7.521828e+06  1.737041e+09
3     1549.703505    0.000090  0.000015  ...  0.000012  7.586584e+06  1.737041e+09
4     1549.703128    0.000089  0.000023  ...  0.000012  7.531236e+06  1.737041e+09
...           ...         ...       ...  ...       ...           ...           ...
1587  1549.705886    0.000087  0.000016  ...  0.000012  7.599813e+06  1.737056e+09
1588  1549.698988    0.000086  0.000019  ...  0.000012  7.568421e+06  1.737056e+09
1589  1549.705896    0.000088  0.000016  ...  0.000012  7.608399e+06  1.737056e+09
1590  1549.698937    0.000087  0.000019  ...  0.000012  7.569396e+06  1.737056e+09
1591  1549.705839    0.000088  0.000016  ...  0.000012  7.618734e+06  1.737056e+09

[1592 rows x 13 columns]
CHANNEL_3_8
           cbragg  cbragg_err   credchi  ...  cdelta_n            cL     timestamp
0     1550.655230    0.000095  0.000013  ...  0.000012  7.684162e+06  1.737041e+09
1     1550.662077    0.000089  0.000019  ...  0.000012  7.661151e+06  1.737041e+09
2     1550.655270    0.000094  0.000012  ...  0.000012  7.689815e+06  1.737041e+09
3     1550.662204    0.000089  0.000019  ...  0.000012  7.643396e+06  1.737041e+09
4     1550.655176    0.000092  0.000012  ...  0.000012  7.693291e+06  1.737041e+09
...           ...         ...       ...  ...       ...           ...           ...
1587  1550.662692    0.000088  0.000017  ...  0.000012  7.678106e+06  1.737056e+09
1588  1550.652833    0.000088  0.000012  ...  0.000012  7.717426e+06  1.737056e+09
1589  1550.662680    0.000086  0.000017  ...  0.000012  7.680621e+06  1.737056e+09
1590  1550.652846    0.000089  0.000012  ...  0.000012  7.707096e+06  1.737056e+09
1591  1550.662630    0.000089  0.000018  ...  0.000012  7.678433e+06  1.737056e+09

[1592 rows x 13 columns]
CHANNEL_3_9
           cbragg  cbragg_err   credchi  ...  cdelta_n            cL     timestamp
0     1551.654345    0.000094  0.000017  ...  0.000012  7.667447e+06  1.737041e+09
1     1551.657906    0.000093  0.000013  ...  0.000012  7.708050e+06  1.737041e+09
2     1551.654312    0.000092  0.000017  ...  0.000012  7.662799e+06  1.737041e+09
3     1551.657955    0.000094  0.000013  ...  0.000012  7.708300e+06  1.737041e+09
4     1551.654343    0.000092  0.000017  ...  0.000012  7.668320e+06  1.737041e+09
...           ...         ...       ...  ...       ...           ...           ...
1587  1551.659842    0.000087  0.000013  ...  0.000012  7.725814e+06  1.737056e+09
1588  1551.650544    0.000091  0.000015  ...  0.000012  7.693644e+06  1.737056e+09
1589  1551.659852    0.000090  0.000014  ...  0.000012  7.750116e+06  1.737056e+09
1590  1551.650504    0.000165  0.000045  ...  0.000012  7.280095e+06  1.737056e+09
1591  1551.659738    0.000090  0.000014  ...  0.000012  7.660053e+06  1.737056e+09

[1592 rows x 13 columns]
CHANNEL_3_10
           cbragg  cbragg_err   credchi  ...  cdelta_n            cL     timestamp
0     1552.660668    0.000108  0.000018  ...  0.000012  7.736115e+06  1.737041e+09
1     1552.665070    0.000107  0.000017  ...  0.000012  7.716207e+06  1.737041e+09
2     1552.661038    0.000154  0.000034  ...  0.000012  7.384166e+06  1.737041e+09
3     1552.665349    0.000105  0.000016  ...  0.000012  7.715798e+06  1.737041e+09
4     1552.660670    0.000108  0.000018  ...  0.000012  7.736881e+06  1.737041e+09
...           ...         ...       ...  ...       ...           ...           ...
1587  1552.665751    0.000104  0.000015  ...  0.000012  7.779822e+06  1.737056e+09
1588  1552.658568    0.000108  0.000019  ...  0.000012  7.732269e+06  1.737056e+09
1589  1552.665799    0.000109  0.000016  ...  0.000012  7.753953e+06  1.737056e+09
1590  1552.658612    0.000105  0.000018  ...  0.000012  7.708788e+06  1.737056e+09
1591  1552.665795    0.000103  0.000015  ...  0.000012  7.754925e+06  1.737056e+09

[1592 rows x 13 columns]
CHANNEL_3_11
           cbragg  cbragg_err   credchi  ...  cdelta_n            cL     timestamp
0     1553.623826    0.000126  0.000027  ...  0.000012  7.957381e+06  1.737041e+09
1     1553.635104    0.000126  0.000036  ...  0.000012  7.945392e+06  1.737041e+09
2     1553.623891    0.000127  0.000027  ...  0.000012  7.953653e+06  1.737041e+09
3     1553.635310    0.000126  0.000036  ...  0.000012  7.944716e+06  1.737041e+09
4     1553.623722    0.000127  0.000028  ...  0.000012  7.957636e+06  1.737041e+09
...           ...         ...       ...  ...       ...           ...           ...
1587  1553.635386    0.000122  0.000035  ...  0.000012  7.972158e+06  1.737056e+09
1588  1553.621386    0.000124  0.000025  ...  0.000012  8.019596e+06  1.737056e+09
1589  1553.635308    0.000125  0.000037  ...  0.000012  7.969919e+06  1.737056e+09
1590  1553.621327    0.000124  0.000025  ...  0.000012  7.950249e+06  1.737056e+09
1591  1553.635411    0.000123  0.000036  ...  0.000012  7.958435e+06  1.737056e+09

[1592 rows x 13 columns]
CHANNEL_3_12
           cbragg  cbragg_err   credchi  ...  cdelta_n            cL     timestamp
0     1554.604894    0.000103  0.000017  ...  0.000012  7.806501e+06  1.737041e+09
1     1554.606995    0.000099  0.000017  ...  0.000012  7.788279e+06  1.737041e+09
2     1554.604839    0.000101  0.000016  ...  0.000012  7.802648e+06  1.737041e+09
3     1554.607119    0.000099  0.000017  ...  0.000012  7.789986e+06  1.737041e+09
4     1554.604699    0.000104  0.000017  ...  0.000012  7.795128e+06  1.737041e+09
...           ...         ...       ...  ...       ...           ...           ...
1587  1554.608703    0.000100  0.000017  ...  0.000012  7.691534e+06  1.737056e+09
1588  1554.601380    0.000099  0.000016  ...  0.000012  7.780118e+06  1.737056e+09
1589  1554.608763    0.000196  0.000060  ...  0.000012  7.287069e+06  1.737056e+09
1590  1554.601332    0.000099  0.000016  ...  0.000012  7.838669e+06  1.737056e+09
1591  1554.608745    0.000097  0.000016  ...  0.000012  7.825058e+06  1.737056e+09

[1592 rows x 13 columns]
CHANNEL_3_13
           cbragg  cbragg_err   credchi  ...  cdelta_n            cL     timestamp
0     1555.610448    0.000087  0.000013  ...  0.000012  7.566073e+06  1.737041e+09
1     1555.616356    0.000085  0.000011  ...  0.000012  7.610123e+06  1.737041e+09
2     1555.610557    0.000088  0.000013  ...  0.000012  7.565674e+06  1.737041e+09
3     1555.616485    0.000086  0.000011  ...  0.000012  7.612604e+06  1.737041e+09
4     1555.610392    0.000084  0.000012  ...  0.000012  7.584530e+06  1.737041e+09
...           ...         ...       ...  ...       ...           ...           ...
1587  1555.617876    0.000082  0.000012  ...  0.000012  7.647736e+06  1.737056e+09
1588  1555.607142    0.000086  0.000012  ...  0.000012  7.570006e+06  1.737056e+09
1589  1555.617732    0.000084  0.000012  ...  0.000012  7.655988e+06  1.737056e+09
1590  1555.607098    0.000086  0.000012  ...  0.000012  7.555071e+06  1.737056e+09
1591  1555.617705    0.000083  0.000012  ...  0.000012  7.657947e+06  1.737056e+09

[1592 rows x 13 columns]
CHANNEL_3_14
           cbragg  cbragg_err   credchi  ...  cdelta_n            cL     timestamp
0     1556.564916    0.000193  0.000053  ...  0.000012  7.763690e+06  1.737041e+09
1     1556.569212    0.000188  0.000072  ...  0.000012  7.697196e+06  1.737041e+09
2     1556.564901    0.000188  0.000051  ...  0.000012  7.751440e+06  1.737041e+09
3     1556.569291    0.000190  0.000074  ...  0.000012  7.706118e+06  1.737041e+09
4     1556.564776    0.000194  0.000054  ...  0.000012  7.848520e+06  1.737041e+09
...           ...         ...       ...  ...       ...           ...           ...
1587  1556.570537    0.000186  0.000070  ...  0.000012  7.725996e+06  1.737056e+09
1588  1556.561794    0.000189  0.000054  ...  0.000012  7.797673e+06  1.737056e+09
1589  1556.570504    0.000188  0.000071  ...  0.000012  7.726589e+06  1.737056e+09
1590  1556.561742    0.000193  0.000057  ...  0.000012  7.931523e+06  1.737056e+09
1591  1556.570493    0.000188  0.000071  ...  0.000012  7.682983e+06  1.737056e+09

[1592 rows x 13 columns]
