000 (11451992.327.000) 01/28 14:31:49 Job submitted from host: <188.185.114.121:9618?addrs=188.185.114.121-9618+[2001-1458-d00-a--100-273]-9618&alias=bigbird19.cern.ch&noUDP&sock=schedd_2045_4743>
...
040 (11451992.327.000) 01/28 15:13:39 Started transferring input files
	Transferring to host: <188.185.195.50:9618?addrs=188.185.195.50-9618+[2001-1458-303-22--100-2e]-9618&alias=b9p17p9751.cern.ch&noUDP&sock=slot1_18_3231009_e195_12111>
...
040 (11451992.327.000) 01/28 15:13:39 Finished transferring input files
...
001 (11451992.327.000) 01/28 15:13:40 Job executing on host: <188.185.195.50:9618?addrs=188.185.195.50-9618+[2001-1458-303-22--100-2e]-9618&alias=b9p17p9751.cern.ch&noUDP&sock=startd_7687_3899>
	SlotName: slot1_18@b9p17p9751.cern.ch
	CondorScratchDir = "/pool/condor/dir_3690507"
	Cpus = 1
	Disk = 3895
	GPUs = 0
	Memory = 3000
...
006 (11451992.327.000) 01/28 15:13:49 Image size of job updated: 84016
	83  -  MemoryUsage of job (MB)
	84016  -  ResidentSetSize of job (KB)
...
040 (11451992.327.000) 01/28 15:13:53 Started transferring output files
...
040 (11451992.327.000) 01/28 15:13:53 Finished transferring output files
...
005 (11451992.327.000) 01/28 15:13:53 Job terminated.
	(1) Normal termination (return value 0)
		Usr 0 00:00:11, Sys 0 00:00:00  -  Run Remote Usage
		Usr 0 00:00:00, Sys 0 00:00:00  -  Run Local Usage
		Usr 0 00:00:11, Sys 0 00:00:00  -  Total Remote Usage
		Usr 0 00:00:00, Sys 0 00:00:00  -  Total Local Usage
	14883  -  Run Bytes Sent By Job
	5797  -  Run Bytes Received By Job
	14883  -  Total Bytes Sent By Job
	5797  -  Total Bytes Received By Job
	Partitionable Resources :    Usage  Request Allocated 
	   Cpus                 :        0        1         1 
	   Disk (KB)            :       43       10      3895 
	   GPUs                 :                           0 
	   Memory (MB)          :       83     3000      3000 

	Job terminated of its own accord at 2025-01-28T14:13:53Z with exit-code 0.
...
