000 (11451992.120.000) 01/28 14:31:49 Job submitted from host: <188.185.114.121:9618?addrs=188.185.114.121-9618+[2001-1458-d00-a--100-273]-9618&alias=bigbird19.cern.ch&noUDP&sock=schedd_2045_4743>
...
040 (11451992.120.000) 01/28 14:36:33 Started transferring input files
	Transferring to host: <188.185.192.73:9618?addrs=188.185.192.73-9618+[2001-1458-303-1f--100-45]-9618&alias=b9p13p4976.cern.ch&noUDP&sock=slot1_15_2205399_daeb_65032>
...
040 (11451992.120.000) 01/28 14:36:33 Finished transferring input files
...
001 (11451992.120.000) 01/28 14:36:34 Job executing on host: <188.185.192.73:9618?addrs=188.185.192.73-9618+[2001-1458-303-1f--100-45]-9618&alias=b9p13p4976.cern.ch&noUDP&sock=startd_9252_ae51>
	SlotName: slot1_15@b9p13p4976.cern.ch
	CondorScratchDir = "/pool/condor/dir_729579"
	Cpus = 1
	Disk = 3816
	GPUs = 0
	Memory = 3000
...
006 (11451992.120.000) 01/28 14:36:42 Image size of job updated: 1788
	2  -  MemoryUsage of job (MB)
	1788  -  ResidentSetSize of job (KB)
...
006 (11451992.120.000) 01/28 14:40:45 Image size of job updated: 36528
	36  -  MemoryUsage of job (MB)
	36528  -  ResidentSetSize of job (KB)
...
040 (11451992.120.000) 01/28 14:40:45 Started transferring output files
...
040 (11451992.120.000) 01/28 14:40:45 Finished transferring output files
...
005 (11451992.120.000) 01/28 14:40:45 Job terminated.
	(1) Normal termination (return value 0)
		Usr 0 00:00:13, Sys 0 00:00:01  -  Run Remote Usage
		Usr 0 00:00:00, Sys 0 00:00:00  -  Run Local Usage
		Usr 0 00:00:13, Sys 0 00:00:01  -  Total Remote Usage
		Usr 0 00:00:00, Sys 0 00:00:00  -  Total Local Usage
	14886  -  Run Bytes Sent By Job
	5797  -  Run Bytes Received By Job
	14886  -  Total Bytes Sent By Job
	5797  -  Total Bytes Received By Job
	Partitionable Resources :    Usage  Request Allocated 
	   Cpus                 :        0        1         1 
	   Disk (KB)            :       42       10      3816 
	   GPUs                 :                           0 
	   Memory (MB)          :       36     3000      3000 

	Job terminated of its own accord at 2025-01-28T13:40:45Z with exit-code 0.
...
