000 (11451992.237.000) 01/28 14:31:49 Job submitted from host: <188.185.114.121:9618?addrs=188.185.114.121-9618+[2001-1458-d00-a--100-273]-9618&alias=bigbird19.cern.ch&noUDP&sock=schedd_2045_4743>
...
040 (11451992.237.000) 01/28 14:40:51 Started transferring input files
	Transferring to host: <188.185.192.183:9618?addrs=188.185.192.183-9618+[2001-1458-303-1f--100-b3]-9618&alias=b9p13p1896.cern.ch&noUDP&sock=slot1_3_6727_87ab_70271>
...
040 (11451992.237.000) 01/28 14:40:51 Finished transferring input files
...
001 (11451992.237.000) 01/28 14:40:52 Job executing on host: <188.185.192.183:9618?addrs=188.185.192.183-9618+[2001-1458-303-1f--100-b3]-9618&alias=b9p13p1896.cern.ch&noUDP&sock=startd_5247_9584>
	SlotName: slot1_3@b9p13p1896.cern.ch
	CondorScratchDir = "/pool/condor/dir_2387909"
	Cpus = 1
	Disk = 3838
	GPUs = 0
	Memory = 3000
...
006 (11451992.237.000) 01/28 14:40:54 Image size of job updated: 460
	1  -  MemoryUsage of job (MB)
	460  -  ResidentSetSize of job (KB)
...
040 (11451992.237.000) 01/28 14:40:54 Started transferring output files
...
040 (11451992.237.000) 01/28 14:40:54 Finished transferring output files
...
005 (11451992.237.000) 01/28 14:40:54 Job terminated.
	(1) Normal termination (return value 0)
		Usr 0 00:00:01, Sys 0 00:00:00  -  Run Remote Usage
		Usr 0 00:00:00, Sys 0 00:00:00  -  Run Local Usage
		Usr 0 00:00:01, Sys 0 00:00:00  -  Total Remote Usage
		Usr 0 00:00:00, Sys 0 00:00:00  -  Total Local Usage
	5526  -  Run Bytes Sent By Job
	5797  -  Run Bytes Received By Job
	5526  -  Total Bytes Sent By Job
	5797  -  Total Bytes Received By Job
	Partitionable Resources :    Usage  Request Allocated 
	   Cpus                 :        0        1         1 
	   Disk (KB)            :       34       10      3838 
	   GPUs                 :                           0 
	   Memory (MB)          :        1     3000      3000 

	Job terminated of its own accord at 2025-01-28T13:40:54Z with exit-code 0.
...
