000 (11451992.445.000) 01/28 14:31:49 Job submitted from host: <188.185.114.121:9618?addrs=188.185.114.121-9618+[2001-1458-d00-a--100-273]-9618&alias=bigbird19.cern.ch&noUDP&sock=schedd_2045_4743>
...
040 (11451992.445.000) 01/28 16:20:37 Started transferring input files
	Transferring to host: <128.142.248.86:9618?addrs=128.142.248.86-9618+[2001-1458-301-73--100-146]-9618&alias=b9g23p4167.cern.ch&noUDP&sock=slot1_14_2708081_cc84_63626>
...
040 (11451992.445.000) 01/28 16:20:37 Finished transferring input files
...
001 (11451992.445.000) 01/28 16:20:38 Job executing on host: <128.142.248.86:9618?addrs=128.142.248.86-9618+[2001-1458-301-73--100-146]-9618&alias=b9g23p4167.cern.ch&noUDP&sock=startd_5469_db8a>
	SlotName: slot1_14@b9g23p4167.cern.ch
	CondorScratchDir = "/pool/condor/dir_2258395"
	Cpus = 1
	Disk = 2943505
	Memory = 3000
...
006 (11451992.445.000) 01/28 16:20:46 Image size of job updated: 89692
	88  -  MemoryUsage of job (MB)
	89688  -  ResidentSetSize of job (KB)
...
006 (11451992.445.000) 01/28 16:25:46 Image size of job updated: 169180
	166  -  MemoryUsage of job (MB)
	169052  -  ResidentSetSize of job (KB)
...
006 (11451992.445.000) 01/28 16:30:47 Image size of job updated: 237748
	232  -  MemoryUsage of job (MB)
	237556  -  ResidentSetSize of job (KB)
...
006 (11451992.445.000) 01/28 16:35:48 Image size of job updated: 308620
	302  -  MemoryUsage of job (MB)
	308620  -  ResidentSetSize of job (KB)
...
006 (11451992.445.000) 01/28 16:40:48 Image size of job updated: 378580
	370  -  MemoryUsage of job (MB)
	378452  -  ResidentSetSize of job (KB)
...
006 (11451992.445.000) 01/28 16:45:48 Image size of job updated: 455448
	445  -  MemoryUsage of job (MB)
	455208  -  ResidentSetSize of job (KB)
...
006 (11451992.445.000) 01/28 16:50:49 Image size of job updated: 528616
	517  -  MemoryUsage of job (MB)
	528492  -  ResidentSetSize of job (KB)
...
006 (11451992.445.000) 01/28 16:55:49 Image size of job updated: 602512
	589  -  MemoryUsage of job (MB)
	602512  -  ResidentSetSize of job (KB)
...
006 (11451992.445.000) 01/28 17:00:49 Image size of job updated: 676576
	661  -  MemoryUsage of job (MB)
	676456  -  ResidentSetSize of job (KB)
...
006 (11451992.445.000) 01/28 17:05:51 Image size of job updated: 744524
	727  -  MemoryUsage of job (MB)
	744396  -  ResidentSetSize of job (KB)
...
006 (11451992.445.000) 01/28 17:10:51 Image size of job updated: 818344
	800  -  MemoryUsage of job (MB)
	818216  -  ResidentSetSize of job (KB)
...
006 (11451992.445.000) 01/28 17:15:51 Image size of job updated: 889264
	869  -  MemoryUsage of job (MB)
	889136  -  ResidentSetSize of job (KB)
...
006 (11451992.445.000) 01/28 17:20:52 Image size of job updated: 1013976
	991  -  MemoryUsage of job (MB)
	1013976  -  ResidentSetSize of job (KB)
...
006 (11451992.445.000) 01/28 17:25:53 Image size of job updated: 1306748
	1276  -  MemoryUsage of job (MB)
	1306620  -  ResidentSetSize of job (KB)
...
006 (11451992.445.000) 01/28 17:30:53 Image size of job updated: 1591676
	1555  -  MemoryUsage of job (MB)
	1591548  -  ResidentSetSize of job (KB)
...
006 (11451992.445.000) 01/28 17:35:54 Image size of job updated: 1652000
	1555  -  MemoryUsage of job (MB)
	1591548  -  ResidentSetSize of job (KB)
...
040 (11451992.445.000) 01/28 18:43:40 Started transferring output files
...
040 (11451992.445.000) 01/28 18:43:40 Finished transferring output files
...
005 (11451992.445.000) 01/28 18:43:40 Job terminated.
	(1) Normal termination (return value 0)
		Usr 0 02:08:44, Sys 0 00:00:38  -  Run Remote Usage
		Usr 0 00:00:00, Sys 0 00:00:00  -  Run Local Usage
		Usr 0 02:08:44, Sys 0 00:00:38  -  Total Remote Usage
		Usr 0 00:00:00, Sys 0 00:00:00  -  Total Local Usage
	40692  -  Run Bytes Sent By Job
	5797  -  Run Bytes Received By Job
	40692  -  Total Bytes Sent By Job
	5797  -  Total Bytes Received By Job
	Partitionable Resources :    Usage  Request Allocated 
	   Cpus                 :     0.99        1         1 
	   Disk (KB)            :    67          10   2943505 
	   Memory (MB)          :  1555        3000      3000 

	Job terminated of its own accord at 2025-01-28T17:43:40Z with exit-code 0.
...
