000 (11451992.018.000) 01/28 14:31:48 Job submitted from host: <188.185.114.121:9618?addrs=188.185.114.121-9618+[2001-1458-d00-a--100-273]-9618&alias=bigbird19.cern.ch&noUDP&sock=schedd_2045_4743>
...
040 (11451992.018.000) 01/28 14:36:00 Started transferring input files
	Transferring to host: <188.185.196.74:9618?addrs=188.185.196.74-9618+[2001-1458-303-23--100-46]-9618&alias=b9p16p8333.cern.ch&noUDP&sock=slot1_36_1600682_05fc_77920>
...
040 (11451992.018.000) 01/28 14:36:00 Finished transferring input files
...
001 (11451992.018.000) 01/28 14:36:01 Job executing on host: <188.185.196.74:9618?addrs=188.185.196.74-9618+[2001-1458-303-23--100-46]-9618&alias=b9p16p8333.cern.ch&noUDP&sock=startd_8458_101e>
	SlotName: slot1_36@b9p16p8333.cern.ch
	CondorScratchDir = "/pool/condor/dir_2950361"
	Cpus = 1
	Disk = 3989
	GPUs = 0
	Memory = 3000
...
006 (11451992.018.000) 01/28 14:36:09 Image size of job updated: 28488
	28  -  MemoryUsage of job (MB)
	28488  -  ResidentSetSize of job (KB)
...
006 (11451992.018.000) 01/28 14:39:59 Image size of job updated: 74876
	74  -  MemoryUsage of job (MB)
	74876  -  ResidentSetSize of job (KB)
...
040 (11451992.018.000) 01/28 14:39:59 Started transferring output files
...
040 (11451992.018.000) 01/28 14:39:59 Finished transferring output files
...
005 (11451992.018.000) 01/28 14:39:59 Job terminated.
	(1) Normal termination (return value 0)
		Usr 0 00:00:15, Sys 0 00:00:01  -  Run Remote Usage
		Usr 0 00:00:00, Sys 0 00:00:00  -  Run Local Usage
		Usr 0 00:00:15, Sys 0 00:00:01  -  Total Remote Usage
		Usr 0 00:00:00, Sys 0 00:00:00  -  Total Local Usage
	14886  -  Run Bytes Sent By Job
	5797  -  Run Bytes Received By Job
	14886  -  Total Bytes Sent By Job
	5797  -  Total Bytes Received By Job
	Partitionable Resources :    Usage  Request Allocated 
	   Cpus                 :        0        1         1 
	   Disk (KB)            :       43       10      3989 
	   GPUs                 :                           0 
	   Memory (MB)          :       74     3000      3000 

	Job terminated of its own accord at 2025-01-28T13:39:59Z with exit-code 0.
...
