CHANNEL_0_1
           cbragg  cbragg_err   credchi  ...  cdelta_n            cL     timestamp
0     1544.608185    0.000138  0.000046  ...  0.000012  7.677334e+06  1.735982e+09
1     1544.617160    0.000105  0.000056  ...  0.000012  7.680819e+06  1.735982e+09
2     1544.608249    0.000107  0.000045  ...  0.000012  7.678096e+06  1.735982e+09
3     1544.617222    0.000122  0.000056  ...  0.000012  7.674505e+06  1.735982e+09
4     1544.608285    0.000104  0.000046  ...  0.000012  7.667267e+06  1.735982e+09
...           ...         ...       ...  ...       ...           ...           ...
1587  1544.614982    0.000289  0.000057  ...  0.000012  7.676493e+06  1.735998e+09
1588  1544.606323    0.000104  0.000046  ...  0.000012  7.670048e+06  1.735998e+09
1589  1544.614923    0.000209  0.000058  ...  0.000012  7.670283e+06  1.735998e+09
1590  1544.606377    0.000107  0.000046  ...  0.000012  7.675866e+06  1.735998e+09
1591  1544.614986    0.000383  0.000057  ...  0.000012  7.670342e+06  1.735998e+09

[1592 rows x 13 columns]
CHANNEL_0_2
           cbragg  cbragg_err   credchi  ...  cdelta_n            cL     timestamp
0     1545.431892    0.000094  0.000018  ...  0.000012  7.627494e+06  1.735982e+09
1     1545.434205    0.000096  0.000021  ...  0.000012  7.620646e+06  1.735982e+09
2     1545.431951    0.000127  0.000032  ...  0.000012  7.347021e+06  1.735982e+09
3     1545.434182    0.000095  0.000021  ...  0.000012  7.620516e+06  1.735982e+09
4     1545.431904    0.000120  0.000029  ...  0.000012  7.383120e+06  1.735982e+09
...           ...         ...       ...  ...       ...           ...           ...
1587  1545.431491    0.000094  0.000021  ...  0.000012  7.645324e+06  1.735998e+09
1588  1545.429389    0.000096  0.000020  ...  0.000012  7.638754e+06  1.735998e+09
1589  1545.431456    0.000097  0.000022  ...  0.000012  7.644330e+06  1.735998e+09
1590  1545.429417    0.000096  0.000020  ...  0.000012  7.646619e+06  1.735998e+09
1591  1545.431410    0.000092  0.000020  ...  0.000012  7.642362e+06  1.735998e+09

[1592 rows x 13 columns]
CHANNEL_0_3
           cbragg  cbragg_err   credchi  ...  cdelta_n            cL     timestamp
0     1546.116915    0.000111  0.000039  ...  0.000012  7.682952e+06  1.735982e+09
1     1546.126039    0.000113  0.000056  ...  0.000012  7.661474e+06  1.735982e+09
2     1546.117022    0.000110  0.000039  ...  0.000012  7.688211e+06  1.735982e+09
3     1546.126210    0.000154  0.000109  ...  0.000012  7.941378e+06  1.735982e+09
4     1546.116987    0.000112  0.000040  ...  0.000012  7.666304e+06  1.735982e+09
...           ...         ...       ...  ...       ...           ...           ...
1587  1546.124654    0.000112  0.000056  ...  0.000012  7.663471e+06  1.735998e+09
1588  1546.115638    0.000109  0.000038  ...  0.000012  7.687509e+06  1.735998e+09
1589  1546.124562    0.000111  0.000055  ...  0.000012  7.668285e+06  1.735998e+09
1590  1546.115588    0.000110  0.000039  ...  0.000012  7.673656e+06  1.735998e+09
1591  1546.124590    0.000112  0.000056  ...  0.000012  7.664728e+06  1.735998e+09

[1592 rows x 13 columns]
CHANNEL_0_4
           cbragg  cbragg_err   credchi  ...  cdelta_n            cL     timestamp
0     1547.116460    0.000119  0.000049  ...  0.000012  7.849846e+06  1.735982e+09
1     1547.118538    0.000114  0.000050  ...  0.000012  7.860336e+06  1.735982e+09
2     1547.116483    0.000116  0.000047  ...  0.000012  7.845744e+06  1.735982e+09
3     1547.118451    0.000116  0.000052  ...  0.000012  7.839745e+06  1.735982e+09
4     1547.116555    0.000118  0.000048  ...  0.000012  7.840330e+06  1.735982e+09
...           ...         ...       ...  ...       ...           ...           ...
1587  1547.117196    0.000116  0.000052  ...  0.000012  7.861589e+06  1.735998e+09
1588  1547.115256    0.000117  0.000048  ...  0.000012  7.856605e+06  1.735998e+09
1589  1547.117058    0.000115  0.000051  ...  0.000012  7.832555e+06  1.735998e+09
1590  1547.115104    0.000117  0.000048  ...  0.000012  7.852544e+06  1.735998e+09
1591  1547.117010    0.000113  0.000050  ...  0.000012  7.862502e+06  1.735998e+09

[1592 rows x 13 columns]
CHANNEL_0_5
           cbragg  cbragg_err   credchi  ...  cdelta_n            cL     timestamp
0     1548.090615    0.000094  0.000041  ...  0.000012  7.662429e+06  1.735982e+09
1     1548.096071    0.000095  0.000037  ...  0.000012  7.674736e+06  1.735982e+09
2     1548.090677    0.000091  0.000039  ...  0.000012  7.678586e+06  1.735982e+09
3     1548.096088    0.000094  0.000036  ...  0.000012  7.678161e+06  1.735982e+09
4     1548.090610    0.000094  0.000042  ...  0.000012  7.669531e+06  1.735982e+09
...           ...         ...       ...  ...       ...           ...           ...
1587  1548.094422    0.000146  0.000095  ...  0.000012  8.029323e+06  1.735998e+09
1588  1548.089079    0.000097  0.000045  ...  0.000012  7.742778e+06  1.735998e+09
1589  1548.094369    0.000105  0.000048  ...  0.000012  7.824724e+06  1.735998e+09
1590  1548.089098    0.000092  0.000041  ...  0.000012  7.683886e+06  1.735998e+09
1591  1548.094341    0.000147  0.000094  ...  0.000012  7.965123e+06  1.735998e+09

[1592 rows x 13 columns]
CHANNEL_0_6
           cbragg  cbragg_err   credchi  ...  cdelta_n            cL     timestamp
0     1549.068859    0.000079  0.000024  ...  0.000012  7.553998e+06  1.735982e+09
1     1549.078445    0.000083  0.000043  ...  0.000012  7.470327e+06  1.735982e+09
2     1549.068873    0.000078  0.000023  ...  0.000012  7.541797e+06  1.735982e+09
3     1549.078463    0.000270  0.000476  ...  0.000012  8.093688e+06  1.735982e+09
4     1549.068915    0.000078  0.000023  ...  0.000012  7.546475e+06  1.735982e+09
...           ...         ...       ...  ...       ...           ...           ...
1587  1549.077059    0.000084  0.000044  ...  0.000012  7.478175e+06  1.735998e+09
1588  1549.067213    0.000077  0.000023  ...  0.000012  7.548623e+06  1.735998e+09
1589  1549.076870    0.000181  0.000223  ...  0.000012  7.935665e+06  1.735998e+09
1590  1549.067181    0.000112  0.000049  ...  0.000012  7.787876e+06  1.735998e+09
1591  1549.076952    0.000083  0.000043  ...  0.000012  7.479984e+06  1.735998e+09

[1592 rows x 13 columns]
CHANNEL_0_7
           cbragg  cbragg_err   credchi  ...  cdelta_n            cL     timestamp
0     1550.073830    0.000121  0.000043  ...  0.000012  7.636557e+06  1.735982e+09
1     1550.076878    0.000148  0.000071  ...  0.000012  7.874974e+06  1.735982e+09
2     1550.073895    0.000137  0.000056  ...  0.000012  7.788801e+06  1.735982e+09
3     1550.076712    0.000120  0.000045  ...  0.000012  7.645014e+06  1.735982e+09
4     1550.073890    0.000123  0.000044  ...  0.000012  7.613679e+06  1.735982e+09
...           ...         ...       ...  ...       ...           ...           ...
1587  1550.075141    0.000122  0.000047  ...  0.000012  7.657754e+06  1.735998e+09
1588  1550.072277    0.000124  0.000045  ...  0.000012  7.607506e+06  1.735998e+09
1589  1550.075120    0.000123  0.000048  ...  0.000012  7.687314e+06  1.735998e+09
1590  1550.072111    0.000123  0.000044  ...  0.000012  7.595099e+06  1.735998e+09
1591  1550.075027    0.000123  0.000047  ...  0.000012  7.610619e+06  1.735998e+09

[1592 rows x 13 columns]
CHANNEL_0_8
           cbragg  cbragg_err   credchi  ...  cdelta_n            cL     timestamp
0     1551.042314    0.000072  0.000015  ...  0.000012  7.632881e+06  1.735982e+09
1     1551.050124    0.000072  0.000018  ...  0.000012  7.636932e+06  1.735982e+09
2     1551.042245    0.000072  0.000015  ...  0.000012  7.638808e+06  1.735982e+09
3     1551.050110    0.000077  0.000020  ...  0.000012  7.701591e+06  1.735982e+09
4     1551.042350    0.000071  0.000014  ...  0.000012  7.633357e+06  1.735982e+09
...           ...         ...       ...  ...       ...           ...           ...
1587  1551.049490    0.000087  0.000026  ...  0.000012  7.745506e+06  1.735998e+09
1588  1551.041824    0.000072  0.000015  ...  0.000012  7.630247e+06  1.735998e+09
1589  1551.049526    0.000086  0.000026  ...  0.000012  7.757222e+06  1.735998e+09
1590  1551.041752    0.000073  0.000015  ...  0.000012  7.622229e+06  1.735998e+09
1591  1551.049425    0.000083  0.000024  ...  0.000012  7.758994e+06  1.735998e+09

[1592 rows x 13 columns]
CHANNEL_0_9
           cbragg  cbragg_err   credchi  ...  cdelta_n            cL     timestamp
0     1552.023776    0.000089  0.000015  ...  0.000012  7.699369e+06  1.735982e+09
1     1552.033751    0.000127  0.000061  ...  0.000012  7.963597e+06  1.735982e+09
2     1552.023807    0.000088  0.000015  ...  0.000012  7.749126e+06  1.735982e+09
3     1552.033787    0.000088  0.000028  ...  0.000012  7.695745e+06  1.735982e+09
4     1552.023793    0.000089  0.000015  ...  0.000012  7.737865e+06  1.735982e+09
...           ...         ...       ...  ...       ...           ...           ...
1587  1552.033313    0.000086  0.000027  ...  0.000012  7.686857e+06  1.735998e+09
1588  1552.023183    0.000092  0.000016  ...  0.000012  7.745740e+06  1.735998e+09
1589  1552.033247    0.000088  0.000028  ...  0.000012  7.684315e+06  1.735998e+09
1590  1552.023277    0.000090  0.000016  ...  0.000012  7.743371e+06  1.735998e+09
1591  1552.033256    0.000111  0.000046  ...  0.000012  7.879482e+06  1.735998e+09

[1592 rows x 13 columns]
CHANNEL_0_10
           cbragg  cbragg_err   credchi  ...  cdelta_n            cL     timestamp
0     1553.033341    0.000097  0.000022  ...  0.000012  7.682184e+06  1.735982e+09
1     1553.034925    0.000093  0.000017  ...  0.000012  7.734436e+06  1.735982e+09
2     1553.033331    0.000096  0.000022  ...  0.000012  7.685163e+06  1.735982e+09
3     1553.034936    0.000093  0.000017  ...  0.000012  7.717722e+06  1.735982e+09
4     1553.033381    0.000096  0.000022  ...  0.000012  7.674840e+06  1.735982e+09
...           ...         ...       ...  ...       ...           ...           ...
1587  1553.034506    0.000093  0.000017  ...  0.000012  7.720117e+06  1.735998e+09
1588  1553.032974    0.000092  0.000020  ...  0.000012  7.688426e+06  1.735998e+09
1589  1553.034390    0.000094  0.000017  ...  0.000012  7.721738e+06  1.735998e+09
1590  1553.032955    0.000092  0.000020  ...  0.000012  7.687997e+06  1.735998e+09
1591  1553.034303    0.000094  0.000017  ...  0.000012  7.734476e+06  1.735998e+09

[1592 rows x 13 columns]
CHANNEL_0_11
           cbragg  cbragg_err   credchi  ...  cdelta_n            cL     timestamp
0     1554.038357    0.000074  0.000008  ...  0.000012  7.700510e+06  1.735982e+09
1     1554.048272    0.000072  0.000015  ...  0.000012  7.652194e+06  1.735982e+09
2     1554.038379    0.000142  0.000028  ...  0.000012  7.301848e+06  1.735982e+09
3     1554.048231    0.000073  0.000015  ...  0.000012  7.636569e+06  1.735982e+09
4     1554.038265    0.000071  0.000008  ...  0.000012  7.707221e+06  1.735982e+09
...           ...         ...       ...  ...       ...           ...           ...
1587  1554.047657    0.000072  0.000015  ...  0.000012  7.644988e+06  1.735998e+09
1588  1554.037968    0.000071  0.000008  ...  0.000012  7.723180e+06  1.735998e+09
1589  1554.047746    0.000073  0.000015  ...  0.000012  7.720703e+06  1.735998e+09
1590  1554.037896    0.000071  0.000008  ...  0.000012  7.713722e+06  1.735998e+09
1591  1554.047740    0.000070  0.000014  ...  0.000012  7.645256e+06  1.735998e+09

[1592 rows x 13 columns]
CHANNEL_0_12
           cbragg  cbragg_err   credchi  ...  cdelta_n            cL     timestamp
0     1555.066393    0.000115  0.000044  ...  0.000012  7.520438e+06  1.735982e+09
1     1555.069159    0.000118  0.000047  ...  0.000012  7.536919e+06  1.735982e+09
2     1555.066458    0.000113  0.000043  ...  0.000012  7.520781e+06  1.735982e+09
3     1555.069176    0.000117  0.000045  ...  0.000012  7.532550e+06  1.735982e+09
4     1555.066350    0.000119  0.000047  ...  0.000012  7.512283e+06  1.735982e+09
...           ...         ...       ...  ...       ...           ...           ...
1587  1555.068632    0.000118  0.000047  ...  0.000012  7.517607e+06  1.735998e+09
1588  1555.066251    0.000117  0.000047  ...  0.000012  7.566951e+06  1.735998e+09
1589  1555.068571    0.000118  0.000047  ...  0.000012  7.519454e+06  1.735998e+09
1590  1555.066126    0.000119  0.000047  ...  0.000012  7.487445e+06  1.735998e+09
1591  1555.068714    0.000118  0.000046  ...  0.000012  7.499481e+06  1.735998e+09

[1592 rows x 13 columns]
CHANNEL_0_13
           cbragg  cbragg_err   credchi  ...  cdelta_n            cL     timestamp
0     1556.038692    0.000141  0.000036  ...  0.000012  7.692635e+06  1.735982e+09
1     1556.047474    0.000136  0.000045  ...  0.000012  7.709691e+06  1.735982e+09
2     1556.038653    0.000139  0.000035  ...  0.000012  7.683068e+06  1.735982e+09
3     1556.047465    0.000136  0.000045  ...  0.000012  7.700297e+06  1.735982e+09
4     1556.038651    0.000138  0.000034  ...  0.000012  7.708309e+06  1.735982e+09
...           ...         ...       ...  ...       ...           ...           ...
1587  1556.047028    0.000135  0.000044  ...  0.000012  7.692269e+06  1.735998e+09
1588  1556.038460    0.000141  0.000036  ...  0.000012  7.695639e+06  1.735998e+09
1589  1556.047005    0.000138  0.000047  ...  0.000012  7.698456e+06  1.735998e+09
1590  1556.038402    0.000140  0.000035  ...  0.000012  7.690744e+06  1.735998e+09
1591  1556.047096    0.000135  0.000044  ...  0.000012  7.697859e+06  1.735998e+09

[1592 rows x 13 columns]
CHANNEL_0_14
           cbragg  cbragg_err   credchi  ...  cdelta_n            cL     timestamp
0     1557.011531    0.000099  0.000027  ...  0.000012  7.681064e+06  1.735982e+09
1     1557.016151    0.000100  0.000035  ...  0.000012  7.619175e+06  1.735982e+09
2     1557.011501    0.000098  0.000027  ...  0.000012  7.675436e+06  1.735982e+09
3     1557.016168    0.000100  0.000035  ...  0.000012  7.617590e+06  1.735982e+09
4     1557.011522    0.000101  0.000029  ...  0.000012  7.714516e+06  1.735982e+09
...           ...         ...       ...  ...       ...           ...           ...
1587  1557.015701    0.000101  0.000036  ...  0.000012  7.607084e+06  1.735998e+09
1588  1557.011203    0.000099  0.000028  ...  0.000012  7.667647e+06  1.735998e+09
1589  1557.015739    0.000102  0.000037  ...  0.000012  7.607027e+06  1.735998e+09
1590  1557.011146    0.000102  0.000030  ...  0.000012  7.734748e+06  1.735998e+09
1591  1557.015658    0.000111  0.000045  ...  0.000012  7.759185e+06  1.735998e+09

[1592 rows x 13 columns]
CHANNEL_1_1
           cbragg  cbragg_err   credchi  ...  cdelta_n            cL     timestamp
0     1556.156290    0.000072  0.000005  ...  0.000012  2.671427e+06  1.735982e+09
1     1556.155041    0.000090  0.000007  ...  0.000012  2.712185e+06  1.735982e+09
2     1556.157033    0.000272  0.000060  ...  0.000012  2.546302e+06  1.735982e+09
3     1556.155976    0.000675  0.000603  ...  0.000012  3.081531e+06  1.735982e+09
4     1556.157199    0.000240  0.000061  ...  0.000012  2.779696e+06  1.735982e+09
...           ...         ...       ...  ...       ...           ...           ...
1587  1556.153371    0.000461  0.000259  ...  0.000012  2.964321e+06  1.735998e+09
1588  1556.154303    0.000232  0.000045  ...  0.000012  2.554084e+06  1.735998e+09
1589  1556.153661    0.000083  0.000006  ...  0.000012  2.668634e+06  1.735998e+09
1590  1556.155175    0.000108  0.000012  ...  0.000012  2.720233e+06  1.735998e+09
1591  1556.153824    0.000134  0.000016  ...  0.000012  2.646369e+06  1.735998e+09

[1592 rows x 13 columns]
CHANNEL_1_2
           cbragg  cbragg_err   credchi  ...  cdelta_n            cL     timestamp
0     1558.201243    0.000835  0.001599  ...  0.000012  3.374949e+06  1.735982e+09
1     1558.204949    0.000136  0.000026  ...  0.000012  2.756907e+06  1.735982e+09
2     1558.202323    0.000122  0.000020  ...  0.000012  2.798142e+06  1.735982e+09
3     1558.204842    0.000112  0.000018  ...  0.000012  2.798713e+06  1.735982e+09
4     1558.202251    0.000132  0.000024  ...  0.000012  2.795472e+06  1.735982e+09
...           ...         ...       ...  ...       ...           ...           ...
1587  1558.202845    0.001090  0.003005  ...  0.000012  3.516490e+06  1.735998e+09
1588  1558.200990    0.000122  0.000021  ...  0.000012  2.795166e+06  1.735998e+09
1589  1558.203655    0.000198  0.000052  ...  0.000012  2.707213e+06  1.735998e+09
1590  1558.200393    0.000932  0.002123  ...  0.000012  3.455992e+06  1.735998e+09
1591  1558.203901    0.000230  0.000068  ...  0.000012  2.681197e+06  1.735998e+09

[1592 rows x 13 columns]
CHANNEL_1_3
           cbragg  cbragg_err   credchi  ...  cdelta_n            cL     timestamp
0     1561.014586    0.000827  0.001667  ...  0.000012  3.496904e+06  1.735982e+09
1     1561.011411    0.000586  0.000750  ...  0.000012  3.306794e+06  1.735982e+09
2     1561.015205    0.000047  0.000004  ...  0.000012  2.941991e+06  1.735982e+09
3     1561.011657    0.000080  0.000010  ...  0.000012  2.936159e+06  1.735982e+09
4     1561.014997    0.000090  0.000014  ...  0.000012  2.992217e+06  1.735982e+09
...           ...         ...       ...  ...       ...           ...           ...
1587  1561.011480    0.000102  0.000018  ...  0.000012  2.988026e+06  1.735998e+09
1588  1561.014853    0.000093  0.000014  ...  0.000012  2.912980e+06  1.735998e+09
1589  1561.011341    0.000053  0.000005  ...  0.000012  2.928845e+06  1.735998e+09
1590  1561.014125    0.000773  0.001426  ...  0.000012  3.458516e+06  1.735998e+09
1591  1561.011383    0.000199  0.000057  ...  0.000012  2.810134e+06  1.735998e+09

[1592 rows x 13 columns]
CHANNEL_2_1
           cbragg  cbragg_err   credchi  ...  cdelta_n            cL     timestamp
0     1543.576409    0.000079  0.000006  ...  0.000012  2.768626e+06  1.735982e+09
1     1543.575762    0.000076  0.000006  ...  0.000012  2.768450e+06  1.735982e+09
2     1543.576248    0.000115  0.000006  ...  0.000012  2.768373e+06  1.735982e+09
3     1543.575591    0.000075  0.000005  ...  0.000012  2.769616e+06  1.735982e+09
4     1543.576461    0.000077  0.000006  ...  0.000012  2.769157e+06  1.735982e+09
...           ...         ...       ...  ...       ...           ...           ...
1587  1543.573394    0.000082  0.000005  ...  0.000012  2.772957e+06  1.735998e+09
1588  1543.574237    0.000077  0.000006  ...  0.000012  2.770255e+06  1.735998e+09
1589  1543.573686    0.000078  0.000006  ...  0.000012  2.771938e+06  1.735998e+09
1590  1543.574216    0.000078  0.000006  ...  0.000012  2.771498e+06  1.735998e+09
1591  1543.573558    0.000073  0.000005  ...  0.000012  2.770618e+06  1.735998e+09

[1592 rows x 13 columns]
CHANNEL_2_2
           cbragg  cbragg_err   credchi  ...  cdelta_n            cL     timestamp
0     1545.927913    0.000285  0.000051  ...  0.000012  2.559279e+06  1.735982e+09
1     1545.928853    0.000116  0.000010  ...  0.000012  2.695311e+06  1.735982e+09
2     1545.927492    0.000124  0.000012  ...  0.000012  2.709889e+06  1.735982e+09
3     1545.929392    0.000268  0.000048  ...  0.000012  2.555348e+06  1.735982e+09
4     1545.927410    0.000113  0.000010  ...  0.000012  2.687907e+06  1.735982e+09
...           ...         ...       ...  ...       ...           ...           ...
1587  1545.927698    0.000114  0.000010  ...  0.000012  2.685914e+06  1.735998e+09
1588  1545.926094    0.000117  0.000010  ...  0.000012  2.672906e+06  1.735998e+09
1589  1545.927438    0.000119  0.000010  ...  0.000012  2.677791e+06  1.735998e+09
1590  1545.922898    0.001376  0.003386  ...  0.000012  3.717746e+06  1.735998e+09
1591  1545.927663    0.000113  0.000010  ...  0.000012  2.694703e+06  1.735998e+09

[1592 rows x 13 columns]
CHANNEL_2_3
           cbragg  cbragg_err   credchi  ...  cdelta_n            cL     timestamp
0     1548.522761    0.000302  0.000105  ...  0.000012  3.022130e+06  1.735982e+09
1     1548.523527    0.000104  0.000011  ...  0.000012  2.872668e+06  1.735982e+09
2     1548.522084    0.000094  0.000009  ...  0.000012  2.899424e+06  1.735982e+09
3     1548.523539    0.000103  0.000011  ...  0.000012  2.874143e+06  1.735982e+09
4     1548.522280    0.000555  0.000438  ...  0.000012  3.252332e+06  1.735982e+09
...           ...         ...       ...  ...       ...           ...           ...
1587  1548.523213    0.000097  0.000010  ...  0.000012  2.873208e+06  1.735998e+09
1588  1548.521717    0.000123  0.000017  ...  0.000012  2.945350e+06  1.735998e+09
1589  1548.523205    0.000109  0.000012  ...  0.000012  2.884591e+06  1.735998e+09
1590  1548.521508    0.000099  0.000010  ...  0.000012  2.892287e+06  1.735998e+09
1591  1548.523066    0.000100  0.000011  ...  0.000012  2.869124e+06  1.735998e+09

[1592 rows x 13 columns]
CHANNEL_3_1
           cbragg  cbragg_err   credchi  ...  cdelta_n            cL     timestamp
0     1544.122954    0.000164  0.000027  ...  0.000012  7.777512e+06  1.735982e+09
1     1544.121582    0.000122  0.000020  ...  0.000012  7.807298e+06  1.735982e+09
2     1544.123079    0.000112  0.000027  ...  0.000012  7.756017e+06  1.735982e+09
3     1544.121722    0.000313  0.000020  ...  0.000012  7.800860e+06  1.735982e+09
4     1544.123058    0.000115  0.000027  ...  0.000012  7.762030e+06  1.735982e+09
...           ...         ...       ...  ...       ...           ...           ...
1587  1544.119325    0.000119  0.000020  ...  0.000012  7.806981e+06  1.735998e+09
1588  1544.120736    0.000171  0.000027  ...  0.000012  7.763358e+06  1.735998e+09
1589  1544.119354    0.000122  0.000020  ...  0.000012  7.827957e+06  1.735998e+09
1590  1544.120749    0.000117  0.000027  ...  0.000012  7.778311e+06  1.735998e+09
1591  1544.119387    0.000304  0.000021  ...  0.000012  7.807935e+06  1.735998e+09

[1592 rows x 13 columns]
CHANNEL_3_2
           cbragg  cbragg_err   credchi  ...  cdelta_n            cL     timestamp
0     1545.008243    0.000109  0.000022  ...  0.000012  7.917031e+06  1.735982e+09
1     1545.019229    0.000123  0.000039  ...  0.000012  7.820377e+06  1.735982e+09
2     1545.008165    0.000194  0.000021  ...  0.000012  7.926900e+06  1.735982e+09
3     1545.019358    0.000161  0.000039  ...  0.000012  7.832308e+06  1.735982e+09
4     1545.008252    0.000109  0.000021  ...  0.000012  7.913963e+06  1.735982e+09
...           ...         ...       ...  ...       ...           ...           ...
1587  1545.016319    0.000138  0.000040  ...  0.000012  7.818050e+06  1.735998e+09
1588  1545.005353    0.000119  0.000023  ...  0.000012  7.896065e+06  1.735998e+09
1589  1545.016310    0.000115  0.000040  ...  0.000012  7.827548e+06  1.735998e+09
1590  1545.005302    0.000113  0.000023  ...  0.000012  7.903885e+06  1.735998e+09
1591  1545.016353    0.000144  0.000040  ...  0.000012  7.820448e+06  1.735998e+09

[1592 rows x 13 columns]
CHANNEL_3_3
           cbragg  cbragg_err   credchi  ...  cdelta_n            cL     timestamp
0     1545.705795    0.000112  0.000033  ...  0.000012  7.567853e+06  1.735982e+09
1     1545.709048    0.000116  0.000027  ...  0.000012  7.613021e+06  1.735982e+09
2     1545.705860    0.000112  0.000033  ...  0.000012  7.570433e+06  1.735982e+09
3     1545.709016    0.000118  0.000028  ...  0.000012  7.613275e+06  1.735982e+09
4     1545.705810    0.000113  0.000034  ...  0.000012  7.563803e+06  1.735982e+09
...           ...         ...       ...  ...       ...           ...           ...
1587  1545.707542    0.000119  0.000029  ...  0.000012  7.619431e+06  1.735998e+09
1588  1545.704170    0.000110  0.000033  ...  0.000012  7.579752e+06  1.735998e+09
1589  1545.707585    0.000116  0.000027  ...  0.000012  7.590463e+06  1.735998e+09
1590  1545.704199    0.000117  0.000037  ...  0.000012  7.663923e+06  1.735998e+09
1591  1545.707570    0.000119  0.000029  ...  0.000012  7.586250e+06  1.735998e+09

[1592 rows x 13 columns]
CHANNEL_3_4
           cbragg  cbragg_err   credchi  ...  cdelta_n            cL     timestamp
0     1546.677728    0.000098  0.000017  ...  0.000012  7.796628e+06  1.735982e+09
1     1546.685659    0.000098  0.000026  ...  0.000012  7.726982e+06  1.735982e+09
2     1546.677832    0.000097  0.000017  ...  0.000012  7.796032e+06  1.735982e+09
3     1546.685666    0.000097  0.000026  ...  0.000012  7.729592e+06  1.735982e+09
4     1546.677796    0.000097  0.000017  ...  0.000012  7.792780e+06  1.735982e+09
...           ...         ...       ...  ...       ...           ...           ...
1587  1546.684197    0.000098  0.000026  ...  0.000012  7.718226e+06  1.735998e+09
1588  1546.676338    0.000098  0.000017  ...  0.000012  7.790148e+06  1.735998e+09
1589  1546.684171    0.000096  0.000025  ...  0.000012  7.738386e+06  1.735998e+09
1590  1546.676279    0.000098  0.000017  ...  0.000012  7.795025e+06  1.735998e+09
1591  1546.684104    0.000097  0.000026  ...  0.000012  7.733834e+06  1.735998e+09

[1592 rows x 13 columns]
CHANNEL_3_5
           cbragg  cbragg_err   credchi  ...  cdelta_n            cL     timestamp
0     1547.697743    0.000077  0.000014  ...  0.000012  7.597827e+06  1.735982e+09
1     1547.705456    0.000075  0.000013  ...  0.000012  7.645030e+06  1.735982e+09
2     1547.697804    0.000075  0.000014  ...  0.000012  7.606060e+06  1.735982e+09
3     1547.705467    0.000076  0.000013  ...  0.000012  7.645441e+06  1.735982e+09
4     1547.697734    0.000076  0.000014  ...  0.000012  7.607666e+06  1.735982e+09
...           ...         ...       ...  ...       ...           ...           ...
1587  1547.704141    0.000079  0.000014  ...  0.000012  7.656037e+06  1.735998e+09
1588  1547.696051    0.000077  0.000014  ...  0.000012  7.602940e+06  1.735998e+09
1589  1547.704035    0.000078  0.000014  ...  0.000012  7.632088e+06  1.735998e+09
1590  1547.696159    0.000078  0.000014  ...  0.000012  7.606118e+06  1.735998e+09
1591  1547.704091    0.000076  0.000013  ...  0.000012  7.643610e+06  1.735998e+09

[1592 rows x 13 columns]
CHANNEL_3_6
           cbragg  cbragg_err   credchi  ...  cdelta_n            cL     timestamp
0     1548.686429    0.000082  0.000015  ...  0.000012  7.767614e+06  1.735982e+09
1     1548.689595    0.000081  0.000016  ...  0.000012  7.784359e+06  1.735982e+09
2     1548.686513    0.000081  0.000015  ...  0.000012  7.767312e+06  1.735982e+09
3     1548.689582    0.000081  0.000016  ...  0.000012  7.773840e+06  1.735982e+09
4     1548.686497    0.000083  0.000016  ...  0.000012  7.721338e+06  1.735982e+09
...           ...         ...       ...  ...       ...           ...           ...
1587  1548.688384    0.000081  0.000016  ...  0.000012  7.722942e+06  1.735998e+09
1588  1548.684823    0.000083  0.000016  ...  0.000012  7.761958e+06  1.735998e+09
1589  1548.688085    0.000082  0.000017  ...  0.000012  7.754376e+06  1.735998e+09
1590  1548.684927    0.000082  0.000015  ...  0.000012  7.759254e+06  1.735998e+09
1591  1548.688255    0.000081  0.000016  ...  0.000012  7.779220e+06  1.735998e+09

[1592 rows x 13 columns]
CHANNEL_3_7
           cbragg  cbragg_err   credchi  ...  cdelta_n            cL     timestamp
0     1549.701551    0.000086  0.000014  ...  0.000012  7.626846e+06  1.735982e+09
1     1549.712666    0.000087  0.000020  ...  0.000012  7.604053e+06  1.735982e+09
2     1549.701573    0.000087  0.000014  ...  0.000012  7.612871e+06  1.735982e+09
3     1549.712595    0.000087  0.000020  ...  0.000012  7.588042e+06  1.735982e+09
4     1549.701629    0.000086  0.000014  ...  0.000012  7.618048e+06  1.735982e+09
...           ...         ...       ...  ...       ...           ...           ...
1587  1549.711196    0.000087  0.000020  ...  0.000012  7.591925e+06  1.735998e+09
1588  1549.699697    0.000085  0.000013  ...  0.000012  7.634296e+06  1.735998e+09
1589  1549.711061    0.000086  0.000020  ...  0.000012  7.600591e+06  1.735998e+09
1590  1549.699741    0.000088  0.000015  ...  0.000012  7.629644e+06  1.735998e+09
1591  1549.711106    0.000087  0.000020  ...  0.000012  7.607941e+06  1.735998e+09

[1592 rows x 13 columns]
CHANNEL_3_8
           cbragg  cbragg_err   credchi  ...  cdelta_n            cL     timestamp
0     1550.660043    0.000090  0.000016  ...  0.000012  7.566045e+06  1.735982e+09
1     1550.658251    0.000094  0.000014  ...  0.000012  7.651109e+06  1.735982e+09
2     1550.660105    0.000091  0.000017  ...  0.000012  7.629935e+06  1.735982e+09
3     1550.658191    0.000094  0.000014  ...  0.000012  7.656355e+06  1.735982e+09
4     1550.660126    0.000091  0.000017  ...  0.000012  7.608971e+06  1.735982e+09
...           ...         ...       ...  ...       ...           ...           ...
1587  1550.658032    0.000095  0.000014  ...  0.000012  7.650045e+06  1.735998e+09
1588  1550.659515    0.000091  0.000017  ...  0.000012  7.545136e+06  1.735998e+09
1589  1550.657902    0.000095  0.000014  ...  0.000012  7.653561e+06  1.735998e+09
1590  1550.659408    0.000091  0.000017  ...  0.000012  7.630502e+06  1.735998e+09
1591  1550.657923    0.000093  0.000014  ...  0.000012  7.655432e+06  1.735998e+09

[1592 rows x 13 columns]
CHANNEL_3_9
           cbragg  cbragg_err   credchi  ...  cdelta_n            cL     timestamp
0     1551.650072    0.000091  0.000010  ...  0.000012  7.767120e+06  1.735982e+09
1     1551.660119    0.000089  0.000018  ...  0.000012  7.649469e+06  1.735982e+09
2     1551.650134    0.000088  0.000010  ...  0.000012  7.758596e+06  1.735982e+09
3     1551.660087    0.000092  0.000019  ...  0.000012  7.696873e+06  1.735982e+09
4     1551.650077    0.000090  0.000010  ...  0.000012  7.762386e+06  1.735982e+09
...           ...         ...       ...  ...       ...           ...           ...
1587  1551.659915    0.000088  0.000017  ...  0.000012  7.704812e+06  1.735998e+09
1588  1551.649574    0.000089  0.000010  ...  0.000012  7.769341e+06  1.735998e+09
1589  1551.659785    0.000089  0.000018  ...  0.000012  7.651936e+06  1.735998e+09
1590  1551.649560    0.000094  0.000010  ...  0.000012  7.781247e+06  1.735998e+09
1591  1551.659763    0.000093  0.000019  ...  0.000012  7.693021e+06  1.735998e+09

[1592 rows x 13 columns]
CHANNEL_3_10
           cbragg  cbragg_err   credchi  ...  cdelta_n            cL     timestamp
0     1552.664081    0.000102  0.000020  ...  0.000012  7.729229e+06  1.735982e+09
1     1552.661056    0.000110  0.000013  ...  0.000012  7.776373e+06  1.735982e+09
2     1552.664057    0.000104  0.000021  ...  0.000012  7.719667e+06  1.735982e+09
3     1552.661143    0.000252  0.000061  ...  0.000012  7.125051e+06  1.735982e+09
4     1552.663959    0.000105  0.000021  ...  0.000012  7.708266e+06  1.735982e+09
...           ...         ...       ...  ...       ...           ...           ...
1587  1552.660857    0.000112  0.000014  ...  0.000012  7.762595e+06  1.735998e+09
1588  1552.663498    0.000102  0.000020  ...  0.000012  7.714458e+06  1.735998e+09
1589  1552.660747    0.000111  0.000013  ...  0.000012  7.768406e+06  1.735998e+09
1590  1552.663655    0.000102  0.000020  ...  0.000012  7.710685e+06  1.735998e+09
1591  1552.660772    0.000212  0.000044  ...  0.000012  7.226035e+06  1.735998e+09

[1592 rows x 13 columns]
CHANNEL_3_11
           cbragg  cbragg_err   credchi  ...  cdelta_n            cL     timestamp
0     1553.627012    0.000134  0.000027  ...  0.000012  7.920604e+06  1.735982e+09
1     1553.631734    0.000132  0.000039  ...  0.000012  7.858432e+06  1.735982e+09
2     1553.627062    0.000132  0.000026  ...  0.000012  7.934075e+06  1.735982e+09
3     1553.631645    0.000129  0.000037  ...  0.000012  7.859157e+06  1.735982e+09
4     1553.627097    0.000132  0.000026  ...  0.000012  7.915360e+06  1.735982e+09
...           ...         ...       ...  ...       ...           ...           ...
1587  1553.631205    0.000131  0.000039  ...  0.000012  7.853392e+06  1.735998e+09
1588  1553.626549    0.000132  0.000026  ...  0.000012  7.914833e+06  1.735998e+09
1589  1553.631229    0.000132  0.000039  ...  0.000012  7.851272e+06  1.735998e+09
1590  1553.626593    0.000134  0.000027  ...  0.000012  7.931055e+06  1.735998e+09
1591  1553.631299    0.000133  0.000040  ...  0.000012  7.855802e+06  1.735998e+09

[1592 rows x 13 columns]
CHANNEL_3_12
           cbragg  cbragg_err   credchi  ...  cdelta_n            cL     timestamp
0     1554.605893    0.000095  0.000018  ...  0.000012  7.785130e+06  1.735982e+09
1     1554.605719    0.000104  0.000015  ...  0.000012  7.849455e+06  1.735982e+09
2     1554.605914    0.000097  0.000019  ...  0.000012  7.776616e+06  1.735982e+09
3     1554.605811    0.000102  0.000014  ...  0.000012  7.833710e+06  1.735982e+09
4     1554.605926    0.000097  0.000019  ...  0.000012  7.770741e+06  1.735982e+09
...           ...         ...       ...  ...       ...           ...           ...
1587  1554.605735    0.000102  0.000014  ...  0.000012  7.822983e+06  1.735998e+09
1588  1554.605659    0.000096  0.000019  ...  0.000012  7.767917e+06  1.735998e+09
1589  1554.605587    0.000106  0.000015  ...  0.000012  7.810500e+06  1.735998e+09
1590  1554.605562    0.000097  0.000019  ...  0.000012  7.766439e+06  1.735998e+09
1591  1554.605578    0.000102  0.000014  ...  0.000012  7.832496e+06  1.735998e+09

[1592 rows x 13 columns]
CHANNEL_3_13
           cbragg  cbragg_err   credchi  ...  cdelta_n            cL     timestamp
0     1555.608273    0.000086  0.000009  ...  0.000012  7.641533e+06  1.735982e+09
1     1555.616990    0.000087  0.000016  ...  0.000012  7.592515e+06  1.735982e+09
2     1555.608289    0.000087  0.000009  ...  0.000012  7.604559e+06  1.735982e+09
3     1555.616974    0.000085  0.000015  ...  0.000012  7.589824e+06  1.735982e+09
4     1555.608290    0.000085  0.000009  ...  0.000012  7.675274e+06  1.735982e+09
...           ...         ...       ...  ...       ...           ...           ...
1587  1555.616656    0.000089  0.000017  ...  0.000012  7.575953e+06  1.735998e+09
1588  1555.608020    0.000086  0.000009  ...  0.000012  7.650580e+06  1.735998e+09
1589  1555.616568    0.000087  0.000016  ...  0.000012  7.580694e+06  1.735998e+09
1590  1555.608022    0.000089  0.000009  ...  0.000012  7.657663e+06  1.735998e+09
1591  1555.616712    0.000087  0.000016  ...  0.000012  7.569685e+06  1.735998e+09

[1592 rows x 13 columns]
CHANNEL_3_14
           cbragg  cbragg_err   credchi  ...  cdelta_n            cL     timestamp
0     1556.568696    0.000184  0.000072  ...  0.000012  7.697524e+06  1.735982e+09
1     1556.566260    0.000184  0.000046  ...  0.000012  7.754876e+06  1.735982e+09
2     1556.568701    0.000187  0.000075  ...  0.000012  7.697249e+06  1.735982e+09
3     1556.566218    0.000186  0.000047  ...  0.000012  7.754123e+06  1.735982e+09
4     1556.568714    0.000187  0.000075  ...  0.000012  7.700158e+06  1.735982e+09
...           ...         ...       ...  ...       ...           ...           ...
1587  1556.566194    0.000186  0.000047  ...  0.000012  7.756867e+06  1.735998e+09
1588  1556.568434    0.000188  0.000076  ...  0.000012  7.633116e+06  1.735998e+09
1589  1556.566043    0.000184  0.000046  ...  0.000012  7.743795e+06  1.735998e+09
1590  1556.568435    0.000187  0.000075  ...  0.000012  7.648223e+06  1.735998e+09
1591  1556.566043    0.000183  0.000046  ...  0.000012  7.748462e+06  1.735998e+09

[1592 rows x 13 columns]
