CHANNEL_0_1
          cbragg  cbragg_err   credchi  ...  cdelta_n            cL     timestamp
0    1544.646388    0.000111  0.000070  ...  0.000012  7.640831e+06  1.734598e+09
1    1544.638863    0.000104  0.000039  ...  0.000012  7.691067e+06  1.734598e+09
2    1544.646476    0.000104  0.000066  ...  0.000012  7.653238e+06  1.734598e+09
3    1544.645956    0.000183  0.000067  ...  0.000012  7.646608e+06  1.734599e+09
4    1544.638486    0.000123  0.000039  ...  0.000012  7.696781e+06  1.734599e+09
..           ...         ...       ...  ...       ...           ...           ...
241  1544.638568    0.000269  0.000040  ...  0.000012  7.684151e+06  1.734599e+09
242  1544.645962    0.000105  0.000069  ...  0.000012  7.648938e+06  1.734599e+09
243  1544.638517    0.000103  0.000039  ...  0.000012  7.693252e+06  1.734599e+09
244  1544.646021    0.000236  0.000068  ...  0.000012  7.646946e+06  1.734599e+09
245  1544.638575    0.000102  0.000039  ...  0.000012  7.695615e+06  1.734599e+09

[246 rows x 13 columns]
CHANNEL_0_2
          cbragg  cbragg_err   credchi  ...  cdelta_n            cL     timestamp
0    1545.480054    0.000103  0.000021  ...  0.000012  7.641916e+06  1.734598e+09
1    1545.476850    0.000100  0.000026  ...  0.000012  7.596012e+06  1.734598e+09
2    1545.480143    0.000102  0.000021  ...  0.000012  7.643380e+06  1.734598e+09
3    1545.479655    0.000104  0.000021  ...  0.000012  7.621558e+06  1.734599e+09
4    1545.476498    0.000092  0.000022  ...  0.000012  7.599537e+06  1.734599e+09
..           ...         ...       ...  ...       ...           ...           ...
241  1545.476550    0.000100  0.000026  ...  0.000012  7.631460e+06  1.734599e+09
242  1545.479712    0.000102  0.000021  ...  0.000012  7.653968e+06  1.734599e+09
243  1545.476546    0.000093  0.000023  ...  0.000012  7.611913e+06  1.734599e+09
244  1545.479612    0.000101  0.000020  ...  0.000012  7.626250e+06  1.734599e+09
245  1545.476409    0.000096  0.000024  ...  0.000012  7.606836e+06  1.734599e+09

[246 rows x 13 columns]
CHANNEL_0_3
          cbragg  cbragg_err   credchi  ...  cdelta_n            cL     timestamp
0    1546.234395    0.000101  0.000050  ...  0.000012  7.633970e+06  1.734598e+09
1    1546.229297    0.000112  0.000038  ...  0.000012  7.660041e+06  1.734598e+09
2    1546.234319    0.000108  0.000057  ...  0.000012  7.668669e+06  1.734598e+09
3    1546.234018    0.000104  0.000052  ...  0.000012  7.623378e+06  1.734599e+09
4    1546.228800    0.000110  0.000037  ...  0.000012  7.664973e+06  1.734599e+09
..           ...         ...       ...  ...       ...           ...           ...
241  1546.228814    0.000109  0.000036  ...  0.000012  7.658060e+06  1.734599e+09
242  1546.233921    0.000138  0.000098  ...  0.000012  7.920392e+06  1.734599e+09
243  1546.228783    0.000116  0.000041  ...  0.000012  7.765519e+06  1.734599e+09
244  1546.233806    0.000113  0.000061  ...  0.000012  7.689257e+06  1.734599e+09
245  1546.228872    0.000108  0.000035  ...  0.000012  7.600302e+06  1.734599e+09

[246 rows x 13 columns]
CHANNEL_0_4
          cbragg  cbragg_err   credchi  ...  cdelta_n            cL     timestamp
0    1547.112230    0.000116  0.000046  ...  0.000012  7.966600e+06  1.734598e+09
1    1547.109864    0.000139  0.000080  ...  0.000012  7.959381e+06  1.734598e+09
2    1547.112056    0.000113  0.000044  ...  0.000012  7.935637e+06  1.734598e+09
3    1547.111855    0.000112  0.000043  ...  0.000012  7.867345e+06  1.734599e+09
4    1547.109461    0.000113  0.000053  ...  0.000012  7.805301e+06  1.734599e+09
..           ...         ...       ...  ...       ...           ...           ...
241  1547.109707    0.000142  0.000084  ...  0.000012  7.983932e+06  1.734599e+09
242  1547.112106    0.000114  0.000044  ...  0.000012  7.870347e+06  1.734599e+09
243  1547.109753    0.000108  0.000049  ...  0.000012  7.841307e+06  1.734599e+09
244  1547.112020    0.000115  0.000045  ...  0.000012  7.927712e+06  1.734599e+09
245  1547.109717    0.000111  0.000052  ...  0.000012  7.821644e+06  1.734599e+09

[246 rows x 13 columns]
CHANNEL_0_5
          cbragg  cbragg_err   credchi  ...  cdelta_n            cL     timestamp
0    1548.089228    0.000127  0.000099  ...  0.000012  8.017741e+06  1.734598e+09
1    1548.080910    0.000080  0.000024  ...  0.000012  7.843663e+06  1.734598e+09
2    1548.089067    0.000084  0.000042  ...  0.000012  7.731795e+06  1.734598e+09
3    1548.089060    0.000083  0.000041  ...  0.000012  7.730664e+06  1.734599e+09
4    1548.080610    0.000081  0.000024  ...  0.000012  7.815873e+06  1.734599e+09
..           ...         ...       ...  ...       ...           ...           ...
241  1548.080771    0.000079  0.000023  ...  0.000012  7.833454e+06  1.734599e+09
242  1548.089611    0.000144  0.000119  ...  0.000012  7.882034e+06  1.734599e+09
243  1548.080702    0.000080  0.000024  ...  0.000012  7.807225e+06  1.734599e+09
244  1548.089003    0.000082  0.000040  ...  0.000012  7.731452e+06  1.734599e+09
245  1548.080668    0.000077  0.000022  ...  0.000012  7.792832e+06  1.734599e+09

[246 rows x 13 columns]
CHANNEL_0_6
          cbragg  cbragg_err   credchi  ...  cdelta_n            cL     timestamp
0    1549.064067    0.000077  0.000025  ...  0.000012  7.518937e+06  1.734598e+09
1    1549.067855    0.000079  0.000037  ...  0.000012  7.485539e+06  1.734598e+09
2    1549.063839    0.000078  0.000025  ...  0.000012  7.518873e+06  1.734598e+09
3    1549.063658    0.000079  0.000026  ...  0.000012  7.511045e+06  1.734599e+09
4    1549.067205    0.000230  0.000332  ...  0.000012  7.984665e+06  1.734599e+09
..           ...         ...       ...  ...       ...           ...           ...
241  1549.067590    0.000213  0.000282  ...  0.000012  7.937810e+06  1.734599e+09
242  1549.063783    0.000086  0.000030  ...  0.000012  7.534914e+06  1.734599e+09
243  1549.067522    0.000081  0.000040  ...  0.000012  7.542847e+06  1.734599e+09
244  1549.063946    0.000078  0.000025  ...  0.000012  7.513950e+06  1.734599e+09
245  1549.067595    0.000087  0.000046  ...  0.000012  7.584681e+06  1.734599e+09

[246 rows x 13 columns]
CHANNEL_0_7
          cbragg  cbragg_err   credchi  ...  cdelta_n            cL     timestamp
0    1550.070330    0.000127  0.000052  ...  0.000012  7.633835e+06  1.734598e+09
1    1550.062446    0.000126  0.000046  ...  0.000012  7.656495e+06  1.734598e+09
2    1550.070185    0.000125  0.000051  ...  0.000012  7.630117e+06  1.734598e+09
3    1550.070095    0.000127  0.000052  ...  0.000012  7.630747e+06  1.734599e+09
4    1550.062205    0.000127  0.000048  ...  0.000012  7.652509e+06  1.734599e+09
..           ...         ...       ...  ...       ...           ...           ...
241  1550.062352    0.000126  0.000047  ...  0.000012  7.660543e+06  1.734599e+09
242  1550.070267    0.000126  0.000051  ...  0.000012  7.638730e+06  1.734599e+09
243  1550.062306    0.000129  0.000050  ...  0.000012  7.767291e+06  1.734599e+09
244  1550.070264    0.000127  0.000052  ...  0.000012  7.635815e+06  1.734599e+09
245  1550.062336    0.000124  0.000045  ...  0.000012  7.659820e+06  1.734599e+09

[246 rows x 13 columns]
CHANNEL_0_8
          cbragg  cbragg_err   credchi  ...  cdelta_n            cL     timestamp
0    1551.042730    0.000075  0.000021  ...  0.000012  7.572865e+06  1.734598e+09
1    1551.036530    0.000076  0.000015  ...  0.000012  7.617845e+06  1.734598e+09
2    1551.042587    0.000075  0.000021  ...  0.000012  7.578362e+06  1.734598e+09
3    1551.042498    0.000075  0.000022  ...  0.000012  7.578002e+06  1.734599e+09
4    1551.036243    0.000076  0.000015  ...  0.000012  7.599004e+06  1.734599e+09
..           ...         ...       ...  ...       ...           ...           ...
241  1551.036155    0.000083  0.000018  ...  0.000012  7.679515e+06  1.734599e+09
242  1551.042643    0.000075  0.000021  ...  0.000012  7.578314e+06  1.734599e+09
243  1551.036330    0.000078  0.000016  ...  0.000012  7.608630e+06  1.734599e+09
244  1551.042581    0.000076  0.000022  ...  0.000012  7.576422e+06  1.734599e+09
245  1551.036209    0.000078  0.000015  ...  0.000012  7.617377e+06  1.734599e+09

[246 rows x 13 columns]
CHANNEL_0_9
          cbragg  cbragg_err   credchi  ...  cdelta_n            cL     timestamp
0    1552.024103    0.000099  0.000024  ...  0.000012  7.623788e+06  1.734598e+09
1    1552.022401    0.000097  0.000027  ...  0.000012  7.644728e+06  1.734598e+09
2    1552.024085    0.000100  0.000025  ...  0.000012  7.626205e+06  1.734598e+09
3    1552.023955    0.000098  0.000024  ...  0.000012  7.629821e+06  1.734599e+09
4    1552.022084    0.000098  0.000028  ...  0.000012  7.643538e+06  1.734599e+09
..           ...         ...       ...  ...       ...           ...           ...
241  1552.022109    0.000096  0.000027  ...  0.000012  7.643248e+06  1.734599e+09
242  1552.024069    0.000099  0.000024  ...  0.000012  7.625571e+06  1.734599e+09
243  1552.022212    0.000097  0.000028  ...  0.000012  7.643179e+06  1.734599e+09
244  1552.023956    0.000099  0.000024  ...  0.000012  7.641253e+06  1.734599e+09
245  1552.022196    0.000097  0.000027  ...  0.000012  7.641148e+06  1.734599e+09

[246 rows x 13 columns]
CHANNEL_0_10
          cbragg  cbragg_err   credchi  ...  cdelta_n            cL     timestamp
0    1553.032095    0.000087  0.000017  ...  0.000012  7.725220e+06  1.734598e+09
1    1553.025063    0.000083  0.000015  ...  0.000012  7.714181e+06  1.734598e+09
2    1553.031773    0.000085  0.000016  ...  0.000012  7.720997e+06  1.734598e+09
3    1553.031707    0.000085  0.000016  ...  0.000012  7.721514e+06  1.734599e+09
4    1553.024797    0.000084  0.000016  ...  0.000012  7.715042e+06  1.734599e+09
..           ...         ...       ...  ...       ...           ...           ...
241  1553.024698    0.000084  0.000016  ...  0.000012  7.650178e+06  1.734599e+09
242  1553.031886    0.000082  0.000015  ...  0.000012  7.719087e+06  1.734599e+09
243  1553.025056    0.000108  0.000025  ...  0.000012  7.489227e+06  1.734599e+09
244  1553.031865    0.000085  0.000016  ...  0.000012  7.716518e+06  1.734599e+09
245  1553.024803    0.000085  0.000016  ...  0.000012  7.712989e+06  1.734599e+09

[246 rows x 13 columns]
CHANNEL_0_11
          cbragg  cbragg_err   credchi  ...  cdelta_n            cL     timestamp
0    1554.038898    0.000071  0.000011  ...  0.000012  7.610431e+06  1.734598e+09
1    1554.038580    0.000074  0.000011  ...  0.000012  7.649312e+06  1.734598e+09
2    1554.038558    0.000071  0.000012  ...  0.000012  7.614152e+06  1.734598e+09
3    1554.038500    0.000072  0.000012  ...  0.000012  7.640321e+06  1.734599e+09
4    1554.038246    0.000073  0.000011  ...  0.000012  7.602016e+06  1.734599e+09
..           ...         ...       ...  ...       ...           ...           ...
241  1554.038322    0.000072  0.000011  ...  0.000012  7.663390e+06  1.734599e+09
242  1554.038609    0.000070  0.000011  ...  0.000012  7.622389e+06  1.734599e+09
243  1554.038303    0.000073  0.000011  ...  0.000012  7.617258e+06  1.734599e+09
244  1554.038539    0.000070  0.000011  ...  0.000012  7.644464e+06  1.734599e+09
245  1554.038364    0.000070  0.000010  ...  0.000012  7.659147e+06  1.734599e+09

[246 rows x 13 columns]
CHANNEL_0_12
          cbragg  cbragg_err   credchi  ...  cdelta_n            cL     timestamp
0    1555.064134    0.000125  0.000051  ...  0.000012  7.501978e+06  1.734598e+09
1    1555.060343    0.000124  0.000057  ...  0.000012  7.475933e+06  1.734598e+09
2    1555.063798    0.000124  0.000050  ...  0.000012  7.500496e+06  1.734598e+09
3    1555.063715    0.000125  0.000051  ...  0.000012  7.510003e+06  1.734599e+09
4    1555.060006    0.000128  0.000061  ...  0.000012  7.528063e+06  1.734599e+09
..           ...         ...       ...  ...       ...           ...           ...
241  1555.059910    0.000139  0.000072  ...  0.000012  7.625699e+06  1.734599e+09
242  1555.063796    0.000127  0.000053  ...  0.000012  7.495734e+06  1.734599e+09
243  1555.059940    0.000135  0.000067  ...  0.000012  7.564230e+06  1.734599e+09
244  1555.063684    0.000126  0.000052  ...  0.000012  7.510297e+06  1.734599e+09
245  1555.059974    0.000128  0.000061  ...  0.000012  7.484926e+06  1.734599e+09

[246 rows x 13 columns]
CHANNEL_0_13
          cbragg  cbragg_err   credchi  ...  cdelta_n            cL     timestamp
0    1556.040804    0.000136  0.000049  ...  0.000012  7.652690e+06  1.734598e+09
1    1556.034159    0.000148  0.000034  ...  0.000012  7.663936e+06  1.734598e+09
2    1556.040499    0.000138  0.000051  ...  0.000012  7.652690e+06  1.734598e+09
3    1556.040302    0.000137  0.000050  ...  0.000012  7.687289e+06  1.734599e+09
4    1556.033812    0.000149  0.000035  ...  0.000012  7.670273e+06  1.734599e+09
..           ...         ...       ...  ...       ...           ...           ...
241  1556.033958    0.000147  0.000034  ...  0.000012  7.657897e+06  1.734599e+09
242  1556.040573    0.000138  0.000051  ...  0.000012  7.665009e+06  1.734599e+09
243  1556.033995    0.000149  0.000035  ...  0.000012  7.681431e+06  1.734599e+09
244  1556.040509    0.000142  0.000054  ...  0.000012  7.700097e+06  1.734599e+09
245  1556.034047    0.000148  0.000034  ...  0.000012  7.665374e+06  1.734599e+09

[246 rows x 13 columns]
CHANNEL_0_14
          cbragg  cbragg_err   credchi  ...  cdelta_n            cL     timestamp
0    1557.007281    0.000103  0.000027  ...  0.000012  7.692969e+06  1.734598e+09
1    1557.009126    0.000100  0.000044  ...  0.000012  7.633354e+06  1.734598e+09
2    1557.007049    0.000103  0.000027  ...  0.000012  7.684259e+06  1.734598e+09
3    1557.006880    0.000103  0.000027  ...  0.000012  7.695012e+06  1.734599e+09
4    1557.008787    0.000102  0.000046  ...  0.000012  7.622810e+06  1.734599e+09
..           ...         ...       ...  ...       ...           ...           ...
241  1557.008805    0.000102  0.000045  ...  0.000012  7.645167e+06  1.734599e+09
242  1557.007009    0.000102  0.000026  ...  0.000012  7.696072e+06  1.734599e+09
243  1557.008852    0.000150  0.000097  ...  0.000012  7.795219e+06  1.734599e+09
244  1557.006975    0.000102  0.000026  ...  0.000012  7.699159e+06  1.734599e+09
245  1557.008777    0.000105  0.000049  ...  0.000012  7.719984e+06  1.734599e+09

[246 rows x 13 columns]
CHANNEL_1_1
          cbragg  cbragg_err   credchi  ...  cdelta_n            cL     timestamp
0    1556.223298    0.000206  0.000037  ...  0.000012  2.573013e+06  1.734598e+09
1    1556.225282    0.000067  0.000004  ...  0.000012  2.673436e+06  1.734598e+09
2    1556.222930    0.000070  0.000005  ...  0.000012  2.676330e+06  1.734598e+09
3    1556.222697    0.000072  0.000005  ...  0.000012  2.669050e+06  1.734599e+09
4    1556.224081    0.000747  0.000844  ...  0.000012  3.170627e+06  1.734599e+09
..           ...         ...       ...  ...       ...           ...           ...
241  1556.224950    0.000069  0.000005  ...  0.000012  2.677834e+06  1.734599e+09
242  1556.222596    0.000069  0.000005  ...  0.000012  2.692666e+06  1.734599e+09
243  1556.224800    0.000066  0.000004  ...  0.000012  2.682253e+06  1.734599e+09
244  1556.222685    0.000101  0.000010  ...  0.000012  2.654041e+06  1.734599e+09
245  1556.224229    0.000508  0.000346  ...  0.000012  3.014270e+06  1.734599e+09

[246 rows x 13 columns]
CHANNEL_1_2
          cbragg  cbragg_err   credchi  ...  cdelta_n            cL     timestamp
0    1558.184053    0.000127  0.000024  ...  0.000012  2.793501e+06  1.734598e+09
1    1558.187813    0.000981  0.002483  ...  0.000012  3.499830e+06  1.734598e+09
2    1558.183633    0.000172  0.000047  ...  0.000012  2.899485e+06  1.734598e+09
3    1558.183489    0.000232  0.000091  ...  0.000012  2.938391e+06  1.734599e+09
4    1558.187742    0.000210  0.000057  ...  0.000012  2.691461e+06  1.734599e+09
..           ...         ...       ...  ...       ...           ...           ...
241  1558.187914    0.000254  0.000087  ...  0.000012  2.701663e+06  1.734599e+09
242  1558.183672    0.000116  0.000020  ...  0.000012  2.821031e+06  1.734599e+09
243  1558.187847    0.000150  0.000032  ...  0.000012  2.752973e+06  1.734599e+09
244  1558.183910    0.000168  0.000039  ...  0.000012  2.729562e+06  1.734599e+09
245  1558.187965    0.000119  0.000021  ...  0.000012  2.788418e+06  1.734599e+09

[246 rows x 13 columns]
CHANNEL_1_3
          cbragg  cbragg_err   credchi  ...  cdelta_n            cL     timestamp
0    1561.004875    0.000044  0.000003  ...  0.000012  2.919532e+06  1.734598e+09
1    1561.000009    0.000209  0.000059  ...  0.000012  2.799683e+06  1.734598e+09
2    1561.004597    0.000040  0.000003  ...  0.000012  2.944028e+06  1.734598e+09
3    1561.004440    0.000393  0.000330  ...  0.000012  3.191804e+06  1.734599e+09
4    1560.999683    0.000241  0.000092  ...  0.000012  2.890638e+06  1.734599e+09
..           ...         ...       ...  ...       ...           ...           ...
241  1560.999791    0.000047  0.000003  ...  0.000012  2.916001e+06  1.734599e+09
242  1561.004479    0.000047  0.000004  ...  0.000012  2.923196e+06  1.734599e+09
243  1560.999631    0.000040  0.000003  ...  0.000012  2.919791e+06  1.734599e+09
244  1561.004381    0.000112  0.000023  ...  0.000012  3.015718e+06  1.734599e+09
245  1560.999406    0.000994  0.002787  ...  0.000012  3.707415e+06  1.734599e+09

[246 rows x 13 columns]
CHANNEL_2_1
          cbragg  cbragg_err   credchi  ...  cdelta_n            cL     timestamp
0    1543.637719    0.000080  0.000007  ...  0.000012  2.768124e+06  1.734598e+09
1    1543.636250    0.000081  0.000007  ...  0.000012  2.771546e+06  1.734598e+09
2    1543.637539    0.000082  0.000007  ...  0.000012  2.770077e+06  1.734598e+09
3    1543.637175    0.000081  0.000007  ...  0.000012  2.767477e+06  1.734599e+09
4    1543.635703    0.000094  0.000007  ...  0.000012  2.771661e+06  1.734599e+09
..           ...         ...       ...  ...       ...           ...           ...
241  1543.636100    0.000115  0.000007  ...  0.000012  2.771680e+06  1.734599e+09
242  1543.637498    0.000078  0.000006  ...  0.000012  2.781003e+06  1.734599e+09
243  1543.635823    0.000092  0.000007  ...  0.000012  2.770061e+06  1.734599e+09
244  1543.637449    0.000078  0.000007  ...  0.000012  2.768453e+06  1.734599e+09
245  1543.636027    0.000082  0.000007  ...  0.000012  2.771905e+06  1.734599e+09

[246 rows x 13 columns]
CHANNEL_2_2
          cbragg  cbragg_err   credchi  ...  cdelta_n            cL     timestamp
0    1545.904784    0.000313  0.000084  ...  0.000012  2.766838e+06  1.734598e+09
1    1545.907136    0.000144  0.000018  ...  0.000012  2.660326e+06  1.734598e+09
2    1545.904863    0.000169  0.000022  ...  0.000012  2.614257e+06  1.734598e+09
3    1545.904547    0.000149  0.000018  ...  0.000012  2.648345e+06  1.734599e+09
4    1545.906603    0.000269  0.000075  ...  0.000012  2.825735e+06  1.734599e+09
..           ...         ...       ...  ...       ...           ...           ...
241  1545.907171    0.000382  0.000109  ...  0.000012  2.528736e+06  1.734599e+09
242  1545.904370    0.000615  0.000427  ...  0.000012  3.027813e+06  1.734599e+09
243  1545.906865    0.000153  0.000020  ...  0.000012  2.669102e+06  1.734599e+09
244  1545.904381    0.001003  0.001494  ...  0.000012  3.360888e+06  1.734599e+09
245  1545.906991    0.000141  0.000017  ...  0.000012  2.682452e+06  1.734599e+09

[246 rows x 13 columns]
CHANNEL_2_3
          cbragg  cbragg_err   credchi  ...  cdelta_n            cL     timestamp
0    1548.504235    0.000627  0.000630  ...  0.000012  3.326879e+06  1.734598e+09
1    1548.502416    0.000156  0.000025  ...  0.000012  2.818186e+06  1.734598e+09
2    1548.503692    0.000174  0.000038  ...  0.000012  3.004338e+06  1.734598e+09
3    1548.503491    0.000151  0.000027  ...  0.000012  2.981530e+06  1.734599e+09
4    1548.501958    0.000143  0.000021  ...  0.000012  2.829656e+06  1.734599e+09
..           ...         ...       ...  ...       ...           ...           ...
241  1548.502132    0.000223  0.000057  ...  0.000012  2.994552e+06  1.734599e+09
242  1548.503759    0.000102  0.000011  ...  0.000012  2.904438e+06  1.734599e+09
243  1548.502200    0.000119  0.000016  ...  0.000012  2.912885e+06  1.734599e+09
244  1548.503647    0.000212  0.000051  ...  0.000012  2.880581e+06  1.734599e+09
245  1548.502370    0.000799  0.001061  ...  0.000012  3.441698e+06  1.734599e+09

[246 rows x 13 columns]
CHANNEL_3_1
          cbragg  cbragg_err   credchi  ...  cdelta_n            cL     timestamp
0    1544.156590    0.000136  0.000022  ...  0.000012  7.837267e+06  1.734598e+09
1    1544.164234    0.000110  0.000029  ...  0.000012  7.802838e+06  1.734598e+09
2    1544.156607    0.000112  0.000022  ...  0.000012  7.833600e+06  1.734598e+09
3    1544.156327    0.000117  0.000022  ...  0.000012  7.824804e+06  1.734599e+09
4    1544.163931    0.000113  0.000027  ...  0.000012  7.806117e+06  1.734599e+09
..           ...         ...       ...  ...       ...           ...           ...
241  1544.163835    0.000116  0.000027  ...  0.000012  7.807234e+06  1.734599e+09
242  1544.156464    0.000110  0.000021  ...  0.000012  7.830220e+06  1.734599e+09
243  1544.163857    0.000111  0.000029  ...  0.000012  7.799570e+06  1.734599e+09
244  1544.156359    0.000130  0.000022  ...  0.000012  7.823584e+06  1.734599e+09
245  1544.163928    0.000111  0.000028  ...  0.000012  7.806964e+06  1.734599e+09

[246 rows x 13 columns]
CHANNEL_3_2
          cbragg  cbragg_err   credchi  ...  cdelta_n            cL     timestamp
0    1545.063913    0.000114  0.000038  ...  0.000012  7.836550e+06  1.734598e+09
1    1545.072495    0.000143  0.000036  ...  0.000012  7.858320e+06  1.734598e+09
2    1545.064074    0.000122  0.000038  ...  0.000012  7.823227e+06  1.734598e+09
3    1545.063472    0.000116  0.000037  ...  0.000012  7.832552e+06  1.734599e+09
4    1545.072114    0.000283  0.000035  ...  0.000012  7.866204e+06  1.734599e+09
..           ...         ...       ...  ...       ...           ...           ...
241  1545.072146    0.000247  0.000035  ...  0.000012  7.859268e+06  1.734599e+09
242  1545.063640    0.000123  0.000038  ...  0.000012  7.826189e+06  1.734599e+09
243  1545.072116    0.000118  0.000039  ...  0.000012  7.853049e+06  1.734599e+09
244  1545.063492    0.000117  0.000038  ...  0.000012  7.831545e+06  1.734599e+09
245  1545.072115    0.000112  0.000035  ...  0.000012  7.854186e+06  1.734599e+09

[246 rows x 13 columns]
CHANNEL_3_3
          cbragg  cbragg_err   credchi  ...  cdelta_n            cL     timestamp
0    1545.829918    0.000107  0.000029  ...  0.000012  7.602857e+06  1.734598e+09
1    1545.834387    0.000109  0.000036  ...  0.000012  7.614813e+06  1.734598e+09
2    1545.829924    0.000104  0.000027  ...  0.000012  7.622387e+06  1.734598e+09
3    1545.829591    0.000106  0.000028  ...  0.000012  7.593669e+06  1.734599e+09
4    1545.834035    0.000107  0.000034  ...  0.000012  7.604723e+06  1.734599e+09
..           ...         ...       ...  ...       ...           ...           ...
241  1545.833859    0.000106  0.000033  ...  0.000012  7.596411e+06  1.734599e+09
242  1545.829656    0.000106  0.000028  ...  0.000012  7.607482e+06  1.734599e+09
243  1545.833797    0.000110  0.000036  ...  0.000012  7.599568e+06  1.734599e+09
244  1545.829583    0.000106  0.000029  ...  0.000012  7.553984e+06  1.734599e+09
245  1545.833921    0.000105  0.000033  ...  0.000012  7.603150e+06  1.734599e+09

[246 rows x 13 columns]
CHANNEL_3_4
          cbragg  cbragg_err   credchi  ...  cdelta_n            cL     timestamp
0    1546.679795    0.000093  0.000021  ...  0.000012  7.759900e+06  1.734598e+09
1    1546.690452    0.000092  0.000026  ...  0.000012  7.793986e+06  1.734598e+09
2    1546.679742    0.000092  0.000020  ...  0.000012  7.808781e+06  1.734598e+09
3    1546.679441    0.000091  0.000019  ...  0.000012  7.817370e+06  1.734599e+09
4    1546.690146    0.000094  0.000027  ...  0.000012  7.790002e+06  1.734599e+09
..           ...         ...       ...  ...       ...           ...           ...
241  1546.690406    0.000095  0.000027  ...  0.000012  7.761116e+06  1.734599e+09
242  1546.679775    0.000092  0.000020  ...  0.000012  7.807185e+06  1.734599e+09
243  1546.690378    0.000095  0.000027  ...  0.000012  7.797387e+06  1.734599e+09
244  1546.679633    0.000093  0.000021  ...  0.000012  7.811421e+06  1.734599e+09
245  1546.690285    0.000094  0.000027  ...  0.000012  7.809425e+06  1.734599e+09

[246 rows x 13 columns]
CHANNEL_3_5
          cbragg  cbragg_err   credchi  ...  cdelta_n            cL     timestamp
0    1547.705027    0.000079  0.000019  ...  0.000012  7.558011e+06  1.734598e+09
1    1547.703976    0.000081  0.000015  ...  0.000012  7.596872e+06  1.734598e+09
2    1547.704910    0.000077  0.000018  ...  0.000012  7.561661e+06  1.734598e+09
3    1547.704786    0.000079  0.000019  ...  0.000012  7.555578e+06  1.734599e+09
4    1547.703694    0.000082  0.000015  ...  0.000012  7.585410e+06  1.734599e+09
..           ...         ...       ...  ...       ...           ...           ...
241  1547.703835    0.000081  0.000015  ...  0.000012  7.590107e+06  1.734599e+09
242  1547.704885    0.000079  0.000018  ...  0.000012  7.560454e+06  1.734599e+09
243  1547.703706    0.000082  0.000015  ...  0.000012  7.574556e+06  1.734599e+09
244  1547.704850    0.000079  0.000018  ...  0.000012  7.526423e+06  1.734599e+09
245  1547.703718    0.000081  0.000015  ...  0.000012  7.563621e+06  1.734599e+09

[246 rows x 13 columns]
CHANNEL_3_6
          cbragg  cbragg_err   credchi  ...  cdelta_n            cL     timestamp
0    1548.685614    0.000080  0.000013  ...  0.000012  7.848908e+06  1.734598e+09
1    1548.695038    0.000079  0.000023  ...  0.000012  7.750075e+06  1.734598e+09
2    1548.685338    0.000079  0.000012  ...  0.000012  7.842591e+06  1.734598e+09
3    1548.685335    0.000078  0.000012  ...  0.000012  7.826717e+06  1.734599e+09
4    1548.694704    0.000079  0.000023  ...  0.000012  7.755382e+06  1.734599e+09
..           ...         ...       ...  ...       ...           ...           ...
241  1548.694806    0.000080  0.000023  ...  0.000012  7.760396e+06  1.734599e+09
242  1548.685353    0.000077  0.000012  ...  0.000012  7.840864e+06  1.734599e+09
243  1548.694710    0.000078  0.000022  ...  0.000012  7.763874e+06  1.734599e+09
244  1548.685337    0.000079  0.000012  ...  0.000012  7.833266e+06  1.734599e+09
245  1548.694799    0.000080  0.000023  ...  0.000012  7.762695e+06  1.734599e+09

[246 rows x 13 columns]
CHANNEL_3_7
          cbragg  cbragg_err   credchi  ...  cdelta_n            cL     timestamp
0    1549.711629    0.000085  0.000024  ...  0.000012  7.542144e+06  1.734598e+09
1    1549.708461    0.000089  0.000016  ...  0.000012  7.602769e+06  1.734598e+09
2    1549.711427    0.000088  0.000025  ...  0.000012  7.541961e+06  1.734598e+09
3    1549.711333    0.000086  0.000024  ...  0.000012  7.545481e+06  1.734599e+09
4    1549.708260    0.000088  0.000015  ...  0.000012  7.602319e+06  1.734599e+09
..           ...         ...       ...  ...       ...           ...           ...
241  1549.708390    0.000089  0.000015  ...  0.000012  7.592408e+06  1.734599e+09
242  1549.711470    0.000087  0.000025  ...  0.000012  7.545841e+06  1.734599e+09
243  1549.708417    0.000091  0.000016  ...  0.000012  7.583629e+06  1.734599e+09
244  1549.711407    0.000089  0.000026  ...  0.000012  7.540475e+06  1.734599e+09
245  1549.708367    0.000092  0.000016  ...  0.000012  7.600266e+06  1.734599e+09

[246 rows x 13 columns]
CHANNEL_3_8
          cbragg  cbragg_err   credchi  ...  cdelta_n            cL     timestamp
0    1550.659424    0.000091  0.000013  ...  0.000012  7.699297e+06  1.734598e+09
1    1550.664166    0.000088  0.000020  ...  0.000012  7.641036e+06  1.734598e+09
2    1550.659296    0.000090  0.000013  ...  0.000012  7.694602e+06  1.734598e+09
3    1550.659199    0.000167  0.000013  ...  0.000012  7.699148e+06  1.734599e+09
4    1550.664046    0.000088  0.000020  ...  0.000012  7.633687e+06  1.734599e+09
..           ...         ...       ...  ...       ...           ...           ...
241  1550.663870    0.000087  0.000019  ...  0.000012  7.605954e+06  1.734599e+09
242  1550.659239    0.000090  0.000013  ...  0.000012  7.685024e+06  1.734599e+09
243  1550.663986    0.000089  0.000020  ...  0.000012  7.614484e+06  1.734599e+09
244  1550.659231    0.000090  0.000013  ...  0.000012  7.667082e+06  1.734599e+09
245  1550.664085    0.000089  0.000020  ...  0.000012  7.612533e+06  1.734599e+09

[246 rows x 13 columns]
CHANNEL_3_9
          cbragg  cbragg_err   credchi  ...  cdelta_n            cL     timestamp
0    1551.658365    0.000090  0.000019  ...  0.000012  7.664899e+06  1.734598e+09
1    1551.658949    0.000096  0.000015  ...  0.000012  7.700623e+06  1.734598e+09
2    1551.658192    0.000090  0.000019  ...  0.000012  7.647600e+06  1.734598e+09
3    1551.658080    0.000091  0.000019  ...  0.000012  7.653626e+06  1.734599e+09
4    1551.658759    0.000096  0.000015  ...  0.000012  7.714391e+06  1.734599e+09
..           ...         ...       ...  ...       ...           ...           ...
241  1551.658745    0.000095  0.000015  ...  0.000012  7.706589e+06  1.734599e+09
242  1551.658203    0.000090  0.000019  ...  0.000012  7.668433e+06  1.734599e+09
243  1551.658774    0.000093  0.000014  ...  0.000012  7.701538e+06  1.734599e+09
244  1551.658273    0.000091  0.000019  ...  0.000012  7.668818e+06  1.734599e+09
245  1551.658834    0.000097  0.000015  ...  0.000012  7.699685e+06  1.734599e+09

[246 rows x 13 columns]
CHANNEL_3_10
          cbragg  cbragg_err   credchi  ...  cdelta_n            cL     timestamp
0    1552.664018    0.000106  0.000018  ...  0.000012  7.757882e+06  1.734598e+09
1    1552.667045    0.000106  0.000021  ...  0.000012  7.720185e+06  1.734598e+09
2    1552.663797    0.000105  0.000018  ...  0.000012  7.740448e+06  1.734598e+09
3    1552.663786    0.000107  0.000019  ...  0.000012  7.741200e+06  1.734599e+09
4    1552.666713    0.000107  0.000021  ...  0.000012  7.714979e+06  1.734599e+09
..           ...         ...       ...  ...       ...           ...           ...
241  1552.666717    0.000105  0.000020  ...  0.000012  7.736787e+06  1.734599e+09
242  1552.663922    0.000108  0.000019  ...  0.000012  7.730139e+06  1.734599e+09
243  1552.666811    0.000105  0.000020  ...  0.000012  7.730535e+06  1.734599e+09
244  1552.663896    0.000107  0.000019  ...  0.000012  7.740968e+06  1.734599e+09
245  1552.666820    0.000108  0.000021  ...  0.000012  7.712935e+06  1.734599e+09

[246 rows x 13 columns]
CHANNEL_3_11
          cbragg  cbragg_err   credchi  ...  cdelta_n            cL     timestamp
0    1553.627337    0.000126  0.000031  ...  0.000012  7.924928e+06  1.734598e+09
1    1553.637123    0.000129  0.000042  ...  0.000012  7.923372e+06  1.734598e+09
2    1553.627197    0.000135  0.000035  ...  0.000012  7.765660e+06  1.734598e+09
3    1553.626857    0.000126  0.000031  ...  0.000012  7.957391e+06  1.734599e+09
4    1553.636727    0.000128  0.000041  ...  0.000012  7.929377e+06  1.734599e+09
..           ...         ...       ...  ...       ...           ...           ...
241  1553.636781    0.000128  0.000042  ...  0.000012  7.934215e+06  1.734599e+09
242  1553.627134    0.000127  0.000031  ...  0.000012  7.950247e+06  1.734599e+09
243  1553.636961    0.000127  0.000041  ...  0.000012  7.923776e+06  1.734599e+09
244  1553.627022    0.000125  0.000031  ...  0.000012  7.959171e+06  1.734599e+09
245  1553.636781    0.000128  0.000042  ...  0.000012  7.930055e+06  1.734599e+09

[246 rows x 13 columns]
CHANNEL_3_12
          cbragg  cbragg_err   credchi  ...  cdelta_n            cL     timestamp
0    1554.608329    0.000102  0.000019  ...  0.000012  7.803246e+06  1.734598e+09
1    1554.608867    0.000134  0.000036  ...  0.000012  7.503339e+06  1.734598e+09
2    1554.607974    0.000099  0.000018  ...  0.000012  7.824325e+06  1.734598e+09
3    1554.607989    0.000100  0.000018  ...  0.000012  7.810012e+06  1.734599e+09
4    1554.608525    0.000099  0.000020  ...  0.000012  7.793170e+06  1.734599e+09
..           ...         ...       ...  ...       ...           ...           ...
241  1554.608542    0.000140  0.000039  ...  0.000012  7.480042e+06  1.734599e+09
242  1554.608019    0.000101  0.000019  ...  0.000012  7.813972e+06  1.734599e+09
243  1554.608461    0.000101  0.000021  ...  0.000012  7.781838e+06  1.734599e+09
244  1554.608139    0.000101  0.000018  ...  0.000012  7.816897e+06  1.734599e+09
245  1554.608581    0.000152  0.000044  ...  0.000012  7.413409e+06  1.734599e+09

[246 rows x 13 columns]
CHANNEL_3_13
          cbragg  cbragg_err   credchi  ...  cdelta_n            cL     timestamp
0    1555.615752    0.000086  0.000015  ...  0.000012  7.558918e+06  1.734598e+09
1    1555.619654    0.000087  0.000014  ...  0.000012  7.607985e+06  1.734598e+09
2    1555.615453    0.000088  0.000016  ...  0.000012  7.555076e+06  1.734598e+09
3    1555.615587    0.000088  0.000015  ...  0.000012  7.558473e+06  1.734599e+09
4    1555.619498    0.000088  0.000015  ...  0.000012  7.598497e+06  1.734599e+09
..           ...         ...       ...  ...       ...           ...           ...
241  1555.619251    0.000090  0.000015  ...  0.000012  7.530488e+06  1.734599e+09
242  1555.615394    0.000087  0.000015  ...  0.000012  7.555571e+06  1.734599e+09
243  1555.619448    0.000091  0.000015  ...  0.000012  7.587209e+06  1.734599e+09
244  1555.615469    0.000088  0.000015  ...  0.000012  7.554097e+06  1.734599e+09
245  1555.619521    0.000089  0.000015  ...  0.000012  7.598592e+06  1.734599e+09

[246 rows x 13 columns]
CHANNEL_3_14
          cbragg  cbragg_err   credchi  ...  cdelta_n            cL     timestamp
0    1556.569435    0.000193  0.000062  ...  0.000012  7.740989e+06  1.734598e+09
1    1556.571860    0.000190  0.000087  ...  0.000012  7.689183e+06  1.734598e+09
2    1556.569256    0.000190  0.000060  ...  0.000012  7.740018e+06  1.734598e+09
3    1556.569202    0.000188  0.000059  ...  0.000012  7.734260e+06  1.734599e+09
4    1556.571615    0.000188  0.000085  ...  0.000012  7.692226e+06  1.734599e+09
..           ...         ...       ...  ...       ...           ...           ...
241  1556.571618    0.000189  0.000086  ...  0.000012  7.675395e+06  1.734599e+09
242  1556.569244    0.000192  0.000062  ...  0.000012  7.747473e+06  1.734599e+09
243  1556.571638    0.000191  0.000088  ...  0.000012  7.692693e+06  1.734599e+09
244  1556.569284    0.000194  0.000063  ...  0.000012  7.747772e+06  1.734599e+09
245  1556.571704    0.000191  0.000088  ...  0.000012  7.693747e+06  1.734599e+09

[246 rows x 13 columns]
