CHANNEL_0_1
        cbragg  cbragg_err   credchi  ...  cdelta_n            cL     timestamp
0  1545.541505    0.000120  0.000364  ...  0.000012  7.999449e+06  1.733563e+09
1  1545.552481    0.000141  0.000754  ...  0.000012  8.054784e+06  1.733563e+09

[2 rows x 13 columns]
CHANNEL_0_2
        cbragg  cbragg_err   credchi  ...  cdelta_n            cL     timestamp
0  1546.460756    0.000171  0.000388  ...  0.000012  7.191346e+06  1.733563e+09
1  1546.469330    0.000074  0.000075  ...  0.000012  7.677137e+06  1.733563e+09

[2 rows x 13 columns]
CHANNEL_0_3
        cbragg  cbragg_err   credchi  ...  cdelta_n            cL     timestamp
0  1547.391790    0.000094  0.000155  ...  0.000012  7.757795e+06  1.733563e+09
1  1547.404538    0.000156  0.000739  ...  0.000012  7.875757e+06  1.733563e+09

[2 rows x 13 columns]
CHANNEL_0_4
        cbragg  cbragg_err   credchi  ...  cdelta_n            cL     timestamp
0  1548.360087    0.000110  0.000247  ...  0.000012  7.817120e+06  1.733563e+09
1  1548.368182    0.000108  0.000329  ...  0.000012  7.931713e+06  1.733563e+09

[2 rows x 13 columns]
CHANNEL_0_5
        cbragg  cbragg_err   credchi  ...  cdelta_n            cL     timestamp
0  1549.307739    0.000127  0.000505  ...  0.000012  7.839238e+06  1.733563e+09
1  1549.313029    0.000079  0.000164  ...  0.000012  7.751424e+06  1.733563e+09

[2 rows x 13 columns]
CHANNEL_0_6
        cbragg  cbragg_err   credchi  ...  cdelta_n            cL     timestamp
0  1550.266743    0.000086  0.000238  ...  0.000012  7.710623e+06  1.733563e+09
1  1550.276548    0.000079  0.000207  ...  0.000012  7.640896e+06  1.733563e+09

[2 rows x 13 columns]
CHANNEL_0_7
        cbragg  cbragg_err   credchi  ...  cdelta_n            cL     timestamp
0  1551.249767    0.000187  0.000578  ...  0.000012  8.197195e+06  1.733563e+09
1  1551.261078    0.000109  0.000315  ...  0.000012  7.699630e+06  1.733563e+09

[2 rows x 13 columns]
CHANNEL_0_8
        cbragg  cbragg_err   credchi  ...  cdelta_n            cL     timestamp
0  1552.203871    0.000063  0.000063  ...  0.000012  7.681874e+06  1.733563e+09
1  1552.213960    0.000107  0.000293  ...  0.000012  7.799186e+06  1.733563e+09

[2 rows x 13 columns]
CHANNEL_0_9
        cbragg  cbragg_err   credchi  ...  cdelta_n            cL     timestamp
0  1553.178019    0.000082  0.000100  ...  0.000012  7.737104e+06  1.733563e+09
1  1553.185801    0.000117  0.000258  ...  0.000012  7.698149e+06  1.733563e+09

[2 rows x 13 columns]
CHANNEL_0_10
        cbragg  cbragg_err   credchi  ...  cdelta_n            cL     timestamp
0  1554.172452    0.000119  0.000228  ...  0.000012  7.840345e+06  1.733563e+09
1  1554.177080    0.000089  0.000099  ...  0.000012  7.856702e+06  1.733563e+09

[2 rows x 13 columns]
CHANNEL_0_11
        cbragg  cbragg_err   credchi  ...  cdelta_n            cL     timestamp
0  1555.157921    0.000064  0.000044  ...  0.000012  7.758927e+06  1.733563e+09
1  1555.169864    0.000095  0.000159  ...  0.000012  7.871676e+06  1.733563e+09

[2 rows x 13 columns]
CHANNEL_0_12
        cbragg  cbragg_err   credchi  ...  cdelta_n            cL     timestamp
0  1556.155787    0.000125  0.000305  ...  0.000012  7.738591e+06  1.733563e+09
1  1556.162715    0.000117  0.000345  ...  0.000012  7.610939e+06  1.733563e+09

[2 rows x 13 columns]
CHANNEL_0_13
        cbragg  cbragg_err   credchi  ...  cdelta_n            cL     timestamp
0  1557.018140    0.000175  0.000485  ...  0.000012  7.579166e+06  1.733563e+09
1  1557.020048    0.000218  0.000468  ...  0.000012  7.450987e+06  1.733563e+09

[2 rows x 13 columns]
CHANNEL_0_14
        cbragg  cbragg_err   credchi  ...  cdelta_n            cL     timestamp
0  1557.343865    0.000101  0.000169  ...  0.000012  7.718147e+06  1.733563e+09
1  1557.338359    0.000133  0.000447  ...  0.000012  7.937980e+06  1.733563e+09

[2 rows x 13 columns]
CHANNEL_1_1
        cbragg  cbragg_err   credchi  ...  cdelta_n            cL     timestamp
0  1558.191867    0.000094  0.000054  ...  0.000012  2.711277e+06  1.733563e+09
1  1558.190169    0.002167  0.009631  ...  0.000012  1.938857e+06  1.733563e+09

[2 rows x 13 columns]
CHANNEL_1_2
        cbragg  cbragg_err   credchi  ...  cdelta_n            cL     timestamp
0  1560.900805    0.001280  0.028871  ...  0.000012  3.669229e+06  1.733563e+09
1  1560.900727    0.001902  0.090601  ...  0.000012  4.463713e+06  1.733563e+09

[2 rows x 13 columns]
CHANNEL_1_3
        cbragg  cbragg_err   credchi  ...  cdelta_n            cL     timestamp
0  1563.629488    0.000693  0.003378  ...  0.000012  2.565924e+06  1.733563e+09
1  1563.631851    0.000992  0.005607  ...  0.000012  2.441655e+06  1.733563e+09

[2 rows x 13 columns]
CHANNEL_2_1
        cbragg  cbragg_err   credchi  ...  cdelta_n            cL     timestamp
0  1545.626419    0.000057  0.000004  ...  0.000012  2.815506e+06  1.733563e+09
1  1545.624520    0.000187  0.000046  ...  0.000012  2.854015e+06  1.733563e+09

[2 rows x 13 columns]
CHANNEL_2_2
       cbragg  cbragg_err   credchi  ...  cdelta_n            cL     timestamp
0  1548.59455    0.000108  0.000011  ...  0.000012  2.733324e+06  1.733563e+09
1  1548.59469    0.000116  0.000014  ...  0.000012  2.742405e+06  1.733563e+09

[2 rows x 13 columns]
CHANNEL_2_3
        cbragg  cbragg_err   credchi  ...  cdelta_n            cL     timestamp
0  1551.155953    0.000408  0.000152  ...  0.000012  2.696715e+06  1.733563e+09
1  1551.155565    0.000089  0.000010  ...  0.000012  2.919197e+06  1.733563e+09

[2 rows x 13 columns]
CHANNEL_3_1
        cbragg  cbragg_err   credchi  ...  cdelta_n            cL     timestamp
0  1545.165629    0.000148  0.000027  ...  0.000012  7.799207e+06  1.733563e+09
1  1545.157211    0.000638  0.000024  ...  0.000012  7.805606e+06  1.733563e+09

[2 rows x 13 columns]
CHANNEL_3_2
        cbragg  cbragg_err   credchi  ...  cdelta_n            cL     timestamp
0  1546.149309    0.000113  0.000043  ...  0.000012  7.881454e+06  1.733563e+09
1  1546.144855    0.000112  0.000034  ...  0.000012  7.819895e+06  1.733563e+09

[2 rows x 13 columns]
CHANNEL_3_3
        cbragg  cbragg_err   credchi  ...  cdelta_n            cL     timestamp
0  1547.095125    0.000109  0.000035  ...  0.000012  7.586806e+06  1.733563e+09
1  1547.087769    0.000107  0.000036  ...  0.000012  7.586852e+06  1.733563e+09

[2 rows x 13 columns]
CHANNEL_3_4
        cbragg  cbragg_err   credchi  ...  cdelta_n            cL     timestamp
0  1548.040931    0.000096  0.000034  ...  0.000012  7.743646e+06  1.733563e+09
1  1548.030470    0.000095  0.000019  ...  0.000012  7.751080e+06  1.733563e+09

[2 rows x 13 columns]
CHANNEL_3_5
        cbragg  cbragg_err   credchi  ...  cdelta_n            cL     timestamp
0  1549.022904    0.000082  0.000016  ...  0.000012  7.585864e+06  1.733563e+09
1  1549.019212    0.000082  0.000023  ...  0.000012  7.531706e+06  1.733563e+09

[2 rows x 13 columns]
CHANNEL_3_6
        cbragg  cbragg_err   credchi  ...  cdelta_n            cL     timestamp
0  1549.990751    0.000120  0.000054  ...  0.000012  7.901472e+06  1.733563e+09
1  1549.978693    0.000125  0.000033  ...  0.000012  7.552620e+06  1.733563e+09

[2 rows x 13 columns]
CHANNEL_3_7
        cbragg  cbragg_err   credchi  ...  cdelta_n            cL     timestamp
0  1550.988493    0.000089  0.000019  ...  0.000012  7.565208e+06  1.733563e+09
1  1550.987245    0.000088  0.000025  ...  0.000012  7.544332e+06  1.733563e+09

[2 rows x 13 columns]
CHANNEL_3_8
        cbragg  cbragg_err   credchi  ...  cdelta_n            cL     timestamp
0  1551.923432    0.000085  0.000020  ...  0.000012  7.712080e+06  1.733563e+09
1  1551.910921    0.000085  0.000014  ...  0.000012  7.733074e+06  1.733563e+09

[2 rows x 13 columns]
CHANNEL_3_9
        cbragg  cbragg_err   credchi  ...  cdelta_n            cL     timestamp
0  1552.912630    0.000092  0.000019  ...  0.000012  7.698973e+06  1.733563e+09
1  1552.907401    0.000089  0.000017  ...  0.000012  7.696793e+06  1.733563e+09

[2 rows x 13 columns]
CHANNEL_3_10
        cbragg  cbragg_err   credchi  ...  cdelta_n            cL     timestamp
0  1553.910892    0.000103  0.000019  ...  0.000012  7.760573e+06  1.733563e+09
1  1553.902828    0.000142  0.000038  ...  0.000012  7.416027e+06  1.733563e+09

[2 rows x 13 columns]
CHANNEL_3_11
        cbragg  cbragg_err   credchi  ...  cdelta_n            cL     timestamp
0  1554.859480    0.000129  0.000046  ...  0.000012  7.879961e+06  1.733563e+09
1  1554.853401    0.000128  0.000034  ...  0.000012  7.895305e+06  1.733563e+09

[2 rows x 13 columns]
CHANNEL_3_12
        cbragg  cbragg_err   credchi  ...  cdelta_n            cL     timestamp
0  1555.813161    0.000105  0.000021  ...  0.000012  7.815938e+06  1.733563e+09
1  1555.808230    0.000095  0.000021  ...  0.000012  7.814910e+06  1.733563e+09

[2 rows x 13 columns]
CHANNEL_3_13
        cbragg  cbragg_err  credchi  ...  cdelta_n            cL     timestamp
0  1556.703326    0.000241  0.00015  ...  0.000012  7.551649e+06  1.733563e+09
1  1556.691170    0.000198  0.00007  ...  0.000012  7.624912e+06  1.733563e+09

[2 rows x 13 columns]
CHANNEL_3_14
        cbragg  cbragg_err   credchi  ...  cdelta_n            cL     timestamp
0  1556.990672    0.000265  0.000159  ...  0.000012  7.788628e+06  1.733563e+09
1  1556.989121    0.000255  0.000126  ...  0.000012  7.775700e+06  1.733563e+09

[2 rows x 13 columns]
