000 (11451992.228.000) 01/28 14:31:49 Job submitted from host: <188.185.114.121:9618?addrs=188.185.114.121-9618+[2001-1458-d00-a--100-273]-9618&alias=bigbird19.cern.ch&noUDP&sock=schedd_2045_4743>
...
040 (11451992.228.000) 01/28 14:40:48 Started transferring input files
	Transferring to host: <188.185.196.24:9618?addrs=188.185.196.24-9618+[2001-1458-303-23--100-14]-9618&alias=b9p16p0894.cern.ch&noUDP&sock=slot1_12_2006066_b961_63778>
...
040 (11451992.228.000) 01/28 14:40:48 Finished transferring input files
...
001 (11451992.228.000) 01/28 14:40:49 Job executing on host: <188.185.196.24:9618?addrs=188.185.196.24-9618+[2001-1458-303-23--100-14]-9618&alias=b9p16p0894.cern.ch&noUDP&sock=startd_7327_4a81>
	SlotName: slot1_12@b9p16p0894.cern.ch
	CondorScratchDir = "/pool/condor/dir_1194927"
	Cpus = 1
	Disk = 2895907
	Memory = 3000
...
006 (11451992.228.000) 01/28 14:40:58 Image size of job updated: 1
	0  -  MemoryUsage of job (MB)
	0  -  ResidentSetSize of job (KB)
...
006 (11451992.228.000) 01/28 14:45:59 Image size of job updated: 144984
	142  -  MemoryUsage of job (MB)
	144764  -  ResidentSetSize of job (KB)
...
006 (11451992.228.000) 01/28 14:51:00 Image size of job updated: 212372
	208  -  MemoryUsage of job (MB)
	212184  -  ResidentSetSize of job (KB)
...
006 (11451992.228.000) 01/28 14:56:00 Image size of job updated: 282996
	277  -  MemoryUsage of job (MB)
	282744  -  ResidentSetSize of job (KB)
...
006 (11451992.228.000) 01/28 15:01:00 Image size of job updated: 352632
	345  -  MemoryUsage of job (MB)
	352504  -  ResidentSetSize of job (KB)
...
006 (11451992.228.000) 01/28 15:06:01 Image size of job updated: 643184
	628  -  MemoryUsage of job (MB)
	643028  -  ResidentSetSize of job (KB)
...
006 (11451992.228.000) 01/28 15:11:01 Image size of job updated: 667220
	628  -  MemoryUsage of job (MB)
	643028  -  ResidentSetSize of job (KB)
...
040 (11451992.228.000) 01/28 15:31:48 Started transferring output files
...
040 (11451992.228.000) 01/28 15:31:48 Finished transferring output files
...
005 (11451992.228.000) 01/28 15:31:48 Job terminated.
	(1) Normal termination (return value 0)
		Usr 0 00:47:17, Sys 0 00:00:12  -  Run Remote Usage
		Usr 0 00:00:00, Sys 0 00:00:00  -  Run Local Usage
		Usr 0 00:47:17, Sys 0 00:00:12  -  Total Remote Usage
		Usr 0 00:00:00, Sys 0 00:00:00  -  Total Local Usage
	40250  -  Run Bytes Sent By Job
	5797  -  Run Bytes Received By Job
	40250  -  Total Bytes Sent By Job
	5797  -  Total Bytes Received By Job
	Partitionable Resources :    Usage  Request Allocated 
	   Cpus                 :     0.92        1         1 
	   Disk (KB)            :    67          10   2895907 
	   Memory (MB)          :   628        3000      3000 

	Job terminated of its own accord at 2025-01-28T14:31:48Z with exit-code 0.
...
