000 (11451992.078.000) 01/28 14:31:49 Job submitted from host: <188.185.114.121:9618?addrs=188.185.114.121-9618+[2001-1458-d00-a--100-273]-9618&alias=bigbird19.cern.ch&noUDP&sock=schedd_2045_4743>
...
040 (11451992.078.000) 01/28 14:36:20 Started transferring input files
	Transferring to host: <188.185.195.108:9618?addrs=188.185.195.108-9618+[2001-1458-303-22--100-68]-9618&alias=b9p17p2379.cern.ch&noUDP&sock=slot1_6_7051_d138_99625>
...
040 (11451992.078.000) 01/28 14:36:20 Finished transferring input files
...
001 (11451992.078.000) 01/28 14:36:21 Job executing on host: <188.185.195.108:9618?addrs=188.185.195.108-9618+[2001-1458-303-22--100-68]-9618&alias=b9p17p2379.cern.ch&noUDP&sock=startd_5909_a936>
	SlotName: slot1_6@b9p17p2379.cern.ch
	CondorScratchDir = "/pool/condor/dir_3390720"
	Cpus = 1
	Disk = 3936
	GPUs = 0
	Memory = 3000
...
006 (11451992.078.000) 01/28 14:36:30 Image size of job updated: 11620
	12  -  MemoryUsage of job (MB)
	11620  -  ResidentSetSize of job (KB)
...
006 (11451992.078.000) 01/28 14:41:31 Image size of job updated: 157224
	154  -  MemoryUsage of job (MB)
	157224  -  ResidentSetSize of job (KB)
...
006 (11451992.078.000) 01/28 14:46:32 Image size of job updated: 161092
	158  -  MemoryUsage of job (MB)
	161092  -  ResidentSetSize of job (KB)
...
006 (11451992.078.000) 01/28 14:51:32 Image size of job updated: 163752
	160  -  MemoryUsage of job (MB)
	163752  -  ResidentSetSize of job (KB)
...
006 (11451992.078.000) 01/28 14:56:32 Image size of job updated: 167288
	164  -  MemoryUsage of job (MB)
	167288  -  ResidentSetSize of job (KB)
...
006 (11451992.078.000) 01/28 15:01:34 Image size of job updated: 171104
	168  -  MemoryUsage of job (MB)
	171104  -  ResidentSetSize of job (KB)
...
006 (11451992.078.000) 01/28 15:06:34 Image size of job updated: 175024
	171  -  MemoryUsage of job (MB)
	175024  -  ResidentSetSize of job (KB)
...
006 (11451992.078.000) 01/28 15:11:34 Image size of job updated: 178164
	174  -  MemoryUsage of job (MB)
	178164  -  ResidentSetSize of job (KB)
...
006 (11451992.078.000) 01/28 15:16:35 Image size of job updated: 181500
	178  -  MemoryUsage of job (MB)
	181500  -  ResidentSetSize of job (KB)
...
006 (11451992.078.000) 01/28 15:21:35 Image size of job updated: 184872
	181  -  MemoryUsage of job (MB)
	184872  -  ResidentSetSize of job (KB)
...
006 (11451992.078.000) 01/28 15:26:36 Image size of job updated: 189348
	185  -  MemoryUsage of job (MB)
	189348  -  ResidentSetSize of job (KB)
...
006 (11451992.078.000) 01/28 15:31:37 Image size of job updated: 194396
	190  -  MemoryUsage of job (MB)
	194396  -  ResidentSetSize of job (KB)
...
006 (11451992.078.000) 01/28 15:36:37 Image size of job updated: 202536
	198  -  MemoryUsage of job (MB)
	202536  -  ResidentSetSize of job (KB)
...
006 (11451992.078.000) 01/28 15:41:37 Image size of job updated: 211688
	207  -  MemoryUsage of job (MB)
	211688  -  ResidentSetSize of job (KB)
...
006 (11451992.078.000) 01/28 15:46:38 Image size of job updated: 220008
	215  -  MemoryUsage of job (MB)
	220008  -  ResidentSetSize of job (KB)
...
006 (11451992.078.000) 01/28 15:51:38 Image size of job updated: 232604
	228  -  MemoryUsage of job (MB)
	232604  -  ResidentSetSize of job (KB)
...
006 (11451992.078.000) 01/28 15:56:38 Image size of job updated: 236256
	231  -  MemoryUsage of job (MB)
	236256  -  ResidentSetSize of job (KB)
...
006 (11451992.078.000) 01/28 16:01:39 Image size of job updated: 240052
	235  -  MemoryUsage of job (MB)
	240052  -  ResidentSetSize of job (KB)
...
006 (11451992.078.000) 01/28 16:06:40 Image size of job updated: 244212
	239  -  MemoryUsage of job (MB)
	244212  -  ResidentSetSize of job (KB)
...
006 (11451992.078.000) 01/28 16:11:40 Image size of job updated: 248300
	243  -  MemoryUsage of job (MB)
	248300  -  ResidentSetSize of job (KB)
...
006 (11451992.078.000) 01/28 16:16:41 Image size of job updated: 251408
	246  -  MemoryUsage of job (MB)
	251408  -  ResidentSetSize of job (KB)
...
006 (11451992.078.000) 01/28 16:21:42 Image size of job updated: 254584
	249  -  MemoryUsage of job (MB)
	254584  -  ResidentSetSize of job (KB)
...
006 (11451992.078.000) 01/28 16:26:42 Image size of job updated: 257436
	252  -  MemoryUsage of job (MB)
	257436  -  ResidentSetSize of job (KB)
...
006 (11451992.078.000) 01/28 16:31:42 Image size of job updated: 260064
	254  -  MemoryUsage of job (MB)
	260064  -  ResidentSetSize of job (KB)
...
006 (11451992.078.000) 01/28 16:36:43 Image size of job updated: 263476
	258  -  MemoryUsage of job (MB)
	263476  -  ResidentSetSize of job (KB)
...
040 (11451992.078.000) 01/28 16:39:30 Started transferring output files
...
040 (11451992.078.000) 01/28 16:39:30 Finished transferring output files
...
005 (11451992.078.000) 01/28 16:39:30 Job terminated.
	(1) Normal termination (return value 0)
		Usr 0 01:54:53, Sys 0 00:00:24  -  Run Remote Usage
		Usr 0 00:00:00, Sys 0 00:00:00  -  Run Local Usage
		Usr 0 01:54:53, Sys 0 00:00:24  -  Total Remote Usage
		Usr 0 00:00:00, Sys 0 00:00:00  -  Total Local Usage
	40692  -  Run Bytes Sent By Job
	5797  -  Run Bytes Received By Job
	40692  -  Total Bytes Sent By Job
	5797  -  Total Bytes Received By Job
	Partitionable Resources :    Usage  Request Allocated 
	   Cpus                 :     0.98        1         1 
	   Disk (KB)            :    68          10      3936 
	   GPUs                 :                           0 
	   Memory (MB)          :   258        3000      3000 

	Job terminated of its own accord at 2025-01-28T15:39:30Z with exit-code 0.
...
