CHANNEL_0_1
        cbragg  cbragg_err   credchi  ...  cdelta_n            cL     timestamp
0  1545.606754    0.000157  0.000625  ...  0.000012  8.015678e+06  1.733548e+09
1  1545.616033    0.000114  0.000459  ...  0.000012  7.810581e+06  1.733548e+09

[2 rows x 13 columns]
CHANNEL_0_2
        cbragg  cbragg_err   credchi  ...  cdelta_n            cL     timestamp
0  1546.528178    0.000072  0.000079  ...  0.000012  7.722272e+06  1.733548e+09
1  1546.535763    0.000138  0.000243  ...  0.000012  7.343374e+06  1.733548e+09

[2 rows x 13 columns]
CHANNEL_0_3
       cbragg  cbragg_err   credchi  ...  cdelta_n            cL     timestamp
0  1547.45631    0.000097  0.000163  ...  0.000012  7.714729e+06  1.733548e+09
1  1547.46855    0.000120  0.000451  ...  0.000012  7.855377e+06  1.733548e+09

[2 rows x 13 columns]
CHANNEL_0_4
        cbragg  cbragg_err   credchi  ...  cdelta_n            cL     timestamp
0  1548.421141    0.000730  0.014046  ...  0.000012  1.068586e+07  1.733548e+09
1  1548.430111    0.000102  0.000293  ...  0.000012  7.879406e+06  1.733548e+09

[2 rows x 13 columns]
CHANNEL_0_5
        cbragg  cbragg_err   credchi  ...  cdelta_n            cL     timestamp
0  1549.371831    0.000299  0.003201  ...  0.000012  8.538399e+06  1.733548e+09
1  1549.376429    0.000146  0.000584  ...  0.000012  8.002108e+06  1.733548e+09

[2 rows x 13 columns]
CHANNEL_0_6
        cbragg  cbragg_err   credchi  ...  cdelta_n            cL     timestamp
0  1550.329432    0.000111  0.000408  ...  0.000012  7.648591e+06  1.733548e+09
1  1550.337401    0.000111  0.000387  ...  0.000012  7.677787e+06  1.733548e+09

[2 rows x 13 columns]
CHANNEL_0_7
        cbragg  cbragg_err   credchi  ...  cdelta_n            cL     timestamp
0  1551.308692    0.000107  0.000179  ...  0.000012  7.735741e+06  1.733548e+09
1  1551.320507    0.000123  0.000414  ...  0.000012  7.849277e+06  1.733548e+09

[2 rows x 13 columns]
CHANNEL_0_8
        cbragg  cbragg_err   credchi  ...  cdelta_n            cL     timestamp
0  1552.263791    0.000071  0.000080  ...  0.000012  7.634821e+06  1.733548e+09
1  1552.274306    0.000075  0.000143  ...  0.000012  7.585838e+06  1.733548e+09

[2 rows x 13 columns]
CHANNEL_0_9
        cbragg  cbragg_err   credchi  ...  cdelta_n            cL     timestamp
0  1553.235583    0.000087  0.000104  ...  0.000012  7.699265e+06  1.733548e+09
1  1553.244672    0.000090  0.000170  ...  0.000012  7.704727e+06  1.733548e+09

[2 rows x 13 columns]
CHANNEL_0_10
        cbragg  cbragg_err   credchi  ...  cdelta_n            cL     timestamp
0  1554.230037    0.000089  0.000127  ...  0.000012  7.684751e+06  1.733548e+09
1  1554.233083    0.000082  0.000081  ...  0.000012  7.666751e+06  1.733548e+09

[2 rows x 13 columns]
CHANNEL_0_11
        cbragg  cbragg_err   credchi  ...  cdelta_n            cL     timestamp
0  1555.217951    0.000059  0.000039  ...  0.000012  7.710026e+06  1.733548e+09
1  1555.229502    0.000057  0.000054  ...  0.000012  7.699924e+06  1.733548e+09

[2 rows x 13 columns]
CHANNEL_0_12
        cbragg  cbragg_err   credchi  ...  cdelta_n            cL     timestamp
0  1556.219931    0.000105  0.000194  ...  0.000012  7.630073e+06  1.733548e+09
1  1556.229739    0.000213  0.001376  ...  0.000012  8.095515e+06  1.733548e+09

[2 rows x 13 columns]
CHANNEL_0_13
        cbragg  cbragg_err   credchi  ...  cdelta_n            cL     timestamp
0  1557.130381    0.000140  0.000291  ...  0.000012  7.696136e+06  1.733548e+09
1  1557.131837    0.000143  0.000231  ...  0.000012  7.681663e+06  1.733548e+09

[2 rows x 13 columns]
CHANNEL_0_14
        cbragg  cbragg_err   credchi  ...  cdelta_n            cL     timestamp
0  1557.608268    0.000096  0.000199  ...  0.000012  7.672552e+06  1.733548e+09
1  1557.613921    0.000108  0.000217  ...  0.000012  7.748114e+06  1.733548e+09

[2 rows x 13 columns]
CHANNEL_1_1
        cbragg  cbragg_err   credchi  ...  cdelta_n            cL     timestamp
0  1558.446095    0.000086  0.000045  ...  0.000012  2.706314e+06  1.733548e+09
1  1558.445088    0.001133  0.017677  ...  0.000012  3.582358e+06  1.733548e+09

[2 rows x 13 columns]
CHANNEL_1_2
        cbragg  cbragg_err   credchi  ...  cdelta_n            cL     timestamp
0  1561.138797    0.000101  0.000099  ...  0.000012  2.789780e+06  1.733548e+09
1  1561.139111    0.000099  0.000092  ...  0.000012  2.788873e+06  1.733548e+09

[2 rows x 13 columns]
CHANNEL_1_3
        cbragg  cbragg_err   credchi  ...  cdelta_n            cL     timestamp
0  1563.873551    0.001919  0.091875  ...  0.000012  4.602285e+06  1.733548e+09
1  1563.875164    0.000063  0.000037  ...  0.000012  2.866240e+06  1.733548e+09

[2 rows x 13 columns]
CHANNEL_2_1
        cbragg  cbragg_err   credchi  ...  cdelta_n            cL     timestamp
0  1545.877957    0.000137  0.000022  ...  0.000012  2.730100e+06  1.733548e+09
1  1545.874230    0.000642  0.000395  ...  0.000012  2.516795e+06  1.733548e+09

[2 rows x 13 columns]
CHANNEL_2_2
        cbragg  cbragg_err   credchi  ...  cdelta_n            cL     timestamp
0  1548.830585     0.00115  0.002278  ...  0.000012  3.465959e+06  1.733548e+09
1  1548.832673     0.00010  0.000010  ...  0.000012  2.726781e+06  1.733548e+09

[2 rows x 13 columns]
CHANNEL_2_3
        cbragg  cbragg_err   credchi  ...  cdelta_n            cL     timestamp
0  1551.401235    0.000313  0.000135  ...  0.000012  3.101769e+06  1.733548e+09
1  1551.401351    0.000091  0.000010  ...  0.000012  2.864820e+06  1.733548e+09

[2 rows x 13 columns]
CHANNEL_3_1
        cbragg  cbragg_err   credchi  ...  cdelta_n            cL     timestamp
0  1545.186879    0.000122  0.000027  ...  0.000012  7.797170e+06  1.733548e+09
1  1545.177978    0.000108  0.000025  ...  0.000012  7.802229e+06  1.733548e+09

[2 rows x 13 columns]
CHANNEL_3_2
        cbragg  cbragg_err   credchi  ...  cdelta_n            cL     timestamp
0  1546.172843    0.000111  0.000042  ...  0.000012  7.810273e+06  1.733548e+09
1  1546.168107    0.000110  0.000032  ...  0.000012  7.829438e+06  1.733548e+09

[2 rows x 13 columns]
CHANNEL_3_3
        cbragg  cbragg_err   credchi  ...  cdelta_n            cL     timestamp
0  1547.113928    0.000113  0.000037  ...  0.000012  7.582728e+06  1.733548e+09
1  1547.107335    0.000108  0.000037  ...  0.000012  7.551348e+06  1.733548e+09

[2 rows x 13 columns]
CHANNEL_3_4
        cbragg  cbragg_err   credchi  ...  cdelta_n            cL     timestamp
0  1548.057555    0.000098  0.000036  ...  0.000012  7.742931e+06  1.733548e+09
1  1548.046957    0.000094  0.000019  ...  0.000012  7.834712e+06  1.733548e+09

[2 rows x 13 columns]
CHANNEL_3_5
        cbragg  cbragg_err   credchi  ...  cdelta_n            cL     timestamp
0  1549.041828    0.000082  0.000016  ...  0.000012  7.563546e+06  1.733548e+09
1  1549.038954    0.000081  0.000023  ...  0.000012  7.547147e+06  1.733548e+09

[2 rows x 13 columns]
CHANNEL_3_6
        cbragg  cbragg_err   credchi  ...  cdelta_n            cL     timestamp
0  1550.007096    0.000084  0.000026  ...  0.000012  7.770426e+06  1.733548e+09
1  1549.994995    0.000076  0.000014  ...  0.000012  7.882713e+06  1.733548e+09

[2 rows x 13 columns]
CHANNEL_3_7
        cbragg  cbragg_err   credchi  ...  cdelta_n            cL     timestamp
0  1551.002301    0.000088  0.000020  ...  0.000012  7.568938e+06  1.733548e+09
1  1551.001039    0.000086  0.000024  ...  0.000012  7.567441e+06  1.733548e+09

[2 rows x 13 columns]
CHANNEL_3_8
        cbragg  cbragg_err   credchi  ...  cdelta_n            cL     timestamp
0  1551.938240    0.000092  0.000021  ...  0.000012  7.712843e+06  1.733548e+09
1  1551.926933    0.000087  0.000016  ...  0.000012  7.711937e+06  1.733548e+09

[2 rows x 13 columns]
CHANNEL_3_9
        cbragg  cbragg_err   credchi  ...  cdelta_n            cL     timestamp
0  1552.927588    0.000088  0.000019  ...  0.000012  7.693240e+06  1.733548e+09
1  1552.919753    0.000092  0.000016  ...  0.000012  7.738150e+06  1.733548e+09

[2 rows x 13 columns]
CHANNEL_3_10
        cbragg  cbragg_err   credchi  ...  cdelta_n            cL     timestamp
0  1553.922032    0.000099  0.000016  ...  0.000012  7.785611e+06  1.733548e+09
1  1553.915849    0.000100  0.000022  ...  0.000012  7.689301e+06  1.733548e+09

[2 rows x 13 columns]
CHANNEL_3_11
        cbragg  cbragg_err   credchi  ...  cdelta_n            cL     timestamp
0  1554.875015    0.000126  0.000048  ...  0.000012  7.901107e+06  1.733548e+09
1  1554.865215    0.000128  0.000031  ...  0.000012  7.960110e+06  1.733548e+09

[2 rows x 13 columns]
CHANNEL_3_12
        cbragg  cbragg_err   credchi  ...  cdelta_n            cL     timestamp
0  1555.833245    0.000099  0.000020  ...  0.000012  7.799406e+06  1.733548e+09
1  1555.828307    0.000101  0.000023  ...  0.000012  7.759809e+06  1.733548e+09

[2 rows x 13 columns]
CHANNEL_3_13
        cbragg  cbragg_err   credchi  ...  cdelta_n            cL     timestamp
0  1556.767831    0.000098  0.000022  ...  0.000012  7.649194e+06  1.733548e+09
1  1556.756609    0.000093  0.000017  ...  0.000012  7.692296e+06  1.733548e+09

[2 rows x 13 columns]
CHANNEL_3_14
        cbragg  cbragg_err   credchi  ...  cdelta_n            cL     timestamp
0  1557.240926    0.000167  0.000078  ...  0.000012  7.777208e+06  1.733548e+09
1  1557.230994    0.000165  0.000048  ...  0.000012  7.858942e+06  1.733548e+09

[2 rows x 13 columns]
