000 (11451992.563.000) 01/28 14:31:49 Job submitted from host: <188.185.114.121:9618?addrs=188.185.114.121-9618+[2001-1458-d00-a--100-273]-9618&alias=bigbird19.cern.ch&noUDP&sock=schedd_2045_4743>
...
040 (11451992.563.000) 01/28 16:54:21 Started transferring input files
	Transferring to host: <128.142.161.91:9618?addrs=128.142.161.91-9618+[2001-1458-301-b8--100-19]-9618&alias=b9g03p3548.cern.ch&noUDP&sock=slot1_29_147784_f273_7915>
...
040 (11451992.563.000) 01/28 16:54:21 Finished transferring input files
...
001 (11451992.563.000) 01/28 16:54:22 Job executing on host: <128.142.161.91:9618?addrs=128.142.161.91-9618+[2001-1458-301-b8--100-19]-9618&alias=b9g03p3548.cern.ch&noUDP&sock=startd_4536_e5ae>
	SlotName: slot1_29@b9g03p3548.cern.ch
	CondorScratchDir = "/pool/condor/dir_1137369"
	Cpus = 1
	Disk = 3995
	GPUs = 0
	Memory = 3000
...
006 (11451992.563.000) 01/28 16:54:31 Image size of job updated: 91584
	90  -  MemoryUsage of job (MB)
	91584  -  ResidentSetSize of job (KB)
...
040 (11451992.563.000) 01/28 16:54:37 Started transferring output files
...
040 (11451992.563.000) 01/28 16:54:37 Finished transferring output files
...
005 (11451992.563.000) 01/28 16:54:37 Job terminated.
	(1) Normal termination (return value 0)
		Usr 0 00:00:11, Sys 0 00:00:00  -  Run Remote Usage
		Usr 0 00:00:00, Sys 0 00:00:00  -  Run Local Usage
		Usr 0 00:00:11, Sys 0 00:00:00  -  Total Remote Usage
		Usr 0 00:00:00, Sys 0 00:00:00  -  Total Local Usage
	14886  -  Run Bytes Sent By Job
	5797  -  Run Bytes Received By Job
	14886  -  Total Bytes Sent By Job
	5797  -  Total Bytes Received By Job
	Partitionable Resources :    Usage  Request Allocated 
	   Cpus                 :        0        1         1 
	   Disk (KB)            :       43       10      3995 
	   GPUs                 :                           0 
	   Memory (MB)          :       90     3000      3000 

	Job terminated of its own accord at 2025-01-28T15:54:37Z with exit-code 0.
...
