000 (11451992.133.000) 01/28 14:31:49 Job submitted from host: <188.185.114.121:9618?addrs=188.185.114.121-9618+[2001-1458-d00-a--100-273]-9618&alias=bigbird19.cern.ch&noUDP&sock=schedd_2045_4743>
...
040 (11451992.133.000) 01/28 14:36:38 Started transferring input files
	Transferring to host: <188.185.194.181:9618?addrs=188.185.194.181-9618+[2001-1458-303-21--100-b1]-9618&alias=b9p20p0271.cern.ch&noUDP&sock=slot1_3_3066374_a14e_847>
...
040 (11451992.133.000) 01/28 14:36:38 Finished transferring input files
...
001 (11451992.133.000) 01/28 14:36:39 Job executing on host: <188.185.194.181:9618?addrs=188.185.194.181-9618+[2001-1458-303-21--100-b1]-9618&alias=b9p20p0271.cern.ch&noUDP&sock=startd_5554_2917>
	SlotName: slot1_3@b9p20p0271.cern.ch
	CondorScratchDir = "/pool/condor/dir_784185"
	Cpus = 1
	Disk = 3908
	GPUs = 0
	Memory = 3000
...
006 (11451992.133.000) 01/28 14:36:47 Image size of job updated: 7544
	8  -  MemoryUsage of job (MB)
	7544  -  ResidentSetSize of job (KB)
...
006 (11451992.133.000) 01/28 14:41:47 Image size of job updated: 157496
	154  -  MemoryUsage of job (MB)
	157496  -  ResidentSetSize of job (KB)
...
006 (11451992.133.000) 01/28 14:46:48 Image size of job updated: 160852
	158  -  MemoryUsage of job (MB)
	160852  -  ResidentSetSize of job (KB)
...
006 (11451992.133.000) 01/28 14:51:48 Image size of job updated: 164496
	161  -  MemoryUsage of job (MB)
	164496  -  ResidentSetSize of job (KB)
...
006 (11451992.133.000) 01/28 14:56:48 Image size of job updated: 167852
	164  -  MemoryUsage of job (MB)
	167852  -  ResidentSetSize of job (KB)
...
006 (11451992.133.000) 01/28 15:01:49 Image size of job updated: 171356
	168  -  MemoryUsage of job (MB)
	171356  -  ResidentSetSize of job (KB)
...
006 (11451992.133.000) 01/28 15:06:50 Image size of job updated: 175636
	172  -  MemoryUsage of job (MB)
	175636  -  ResidentSetSize of job (KB)
...
006 (11451992.133.000) 01/28 15:11:50 Image size of job updated: 179192
	175  -  MemoryUsage of job (MB)
	179192  -  ResidentSetSize of job (KB)
...
006 (11451992.133.000) 01/28 15:16:51 Image size of job updated: 182652
	179  -  MemoryUsage of job (MB)
	182652  -  ResidentSetSize of job (KB)
...
006 (11451992.133.000) 01/28 15:21:52 Image size of job updated: 186280
	182  -  MemoryUsage of job (MB)
	186280  -  ResidentSetSize of job (KB)
...
006 (11451992.133.000) 01/28 15:26:52 Image size of job updated: 189736
	186  -  MemoryUsage of job (MB)
	189736  -  ResidentSetSize of job (KB)
...
006 (11451992.133.000) 01/28 15:31:52 Image size of job updated: 196908
	193  -  MemoryUsage of job (MB)
	196908  -  ResidentSetSize of job (KB)
...
006 (11451992.133.000) 01/28 15:36:53 Image size of job updated: 202304
	198  -  MemoryUsage of job (MB)
	202304  -  ResidentSetSize of job (KB)
...
006 (11451992.133.000) 01/28 15:41:53 Image size of job updated: 211344
	207  -  MemoryUsage of job (MB)
	211344  -  ResidentSetSize of job (KB)
...
040 (11451992.133.000) 01/28 16:52:04 Started transferring output files
...
040 (11451992.133.000) 01/28 16:52:04 Finished transferring output files
...
005 (11451992.133.000) 01/28 16:52:04 Job terminated.
	(1) Normal termination (return value 0)
		Usr 0 02:07:06, Sys 0 00:00:36  -  Run Remote Usage
		Usr 0 00:00:00, Sys 0 00:00:00  -  Run Local Usage
		Usr 0 02:07:06, Sys 0 00:00:36  -  Total Remote Usage
		Usr 0 00:00:00, Sys 0 00:00:00  -  Total Local Usage
	40692  -  Run Bytes Sent By Job
	5797  -  Run Bytes Received By Job
	40692  -  Total Bytes Sent By Job
	5797  -  Total Bytes Received By Job
	Partitionable Resources :    Usage  Request Allocated 
	   Cpus                 :     0.96        1         1 
	   Disk (KB)            :    67          10      3908 
	   GPUs                 :                           0 
	   Memory (MB)          :   207        3000      3000 

	Job terminated of its own accord at 2025-01-28T15:52:04Z with exit-code 0.
...
