000 (11451992.127.000) 01/28 14:31:49 Job submitted from host: <188.185.114.121:9618?addrs=188.185.114.121-9618+[2001-1458-d00-a--100-273]-9618&alias=bigbird19.cern.ch&noUDP&sock=schedd_2045_4743>
...
040 (11451992.127.000) 01/28 14:36:35 Started transferring input files
	Transferring to host: <188.185.193.98:9618?addrs=188.185.193.98-9618+[2001-1458-303-20--100-5e]-9618&alias=b9p19p9797.cern.ch&noUDP&sock=slot1_33_3058812_845b_55192>
...
040 (11451992.127.000) 01/28 14:36:35 Finished transferring input files
...
001 (11451992.127.000) 01/28 14:36:36 Job executing on host: <188.185.193.98:9618?addrs=188.185.193.98-9618+[2001-1458-303-20--100-5e]-9618&alias=b9p19p9797.cern.ch&noUDP&sock=startd_5636_67db>
	SlotName: slot1_33@b9p19p9797.cern.ch
	CondorScratchDir = "/pool/condor/dir_3033841"
	Cpus = 1
	Disk = 3881
	GPUs = 0
	Memory = 3000
...
006 (11451992.127.000) 01/28 14:36:44 Image size of job updated: 10564
	11  -  MemoryUsage of job (MB)
	10564  -  ResidentSetSize of job (KB)
...
006 (11451992.127.000) 01/28 14:41:44 Image size of job updated: 117312
	115  -  MemoryUsage of job (MB)
	117312  -  ResidentSetSize of job (KB)
...
006 (11451992.127.000) 01/28 14:46:45 Image size of job updated: 120440
	118  -  MemoryUsage of job (MB)
	120440  -  ResidentSetSize of job (KB)
...
006 (11451992.127.000) 01/28 14:51:46 Image size of job updated: 123388
	121  -  MemoryUsage of job (MB)
	123388  -  ResidentSetSize of job (KB)
...
006 (11451992.127.000) 01/28 14:56:46 Image size of job updated: 127128
	125  -  MemoryUsage of job (MB)
	127128  -  ResidentSetSize of job (KB)
...
006 (11451992.127.000) 01/28 15:01:47 Image size of job updated: 130696
	128  -  MemoryUsage of job (MB)
	130696  -  ResidentSetSize of job (KB)
...
006 (11451992.127.000) 01/28 15:06:48 Image size of job updated: 134700
	132  -  MemoryUsage of job (MB)
	134700  -  ResidentSetSize of job (KB)
...
006 (11451992.127.000) 01/28 15:11:48 Image size of job updated: 138400
	136  -  MemoryUsage of job (MB)
	138400  -  ResidentSetSize of job (KB)
...
006 (11451992.127.000) 01/28 15:16:48 Image size of job updated: 142668
	140  -  MemoryUsage of job (MB)
	142668  -  ResidentSetSize of job (KB)
...
006 (11451992.127.000) 01/28 15:21:49 Image size of job updated: 145640
	143  -  MemoryUsage of job (MB)
	145640  -  ResidentSetSize of job (KB)
...
006 (11451992.127.000) 01/28 15:26:49 Image size of job updated: 148560
	146  -  MemoryUsage of job (MB)
	148560  -  ResidentSetSize of job (KB)
...
006 (11451992.127.000) 01/28 15:31:49 Image size of job updated: 151964
	149  -  MemoryUsage of job (MB)
	151964  -  ResidentSetSize of job (KB)
...
006 (11451992.127.000) 01/28 15:36:50 Image size of job updated: 155208
	152  -  MemoryUsage of job (MB)
	155208  -  ResidentSetSize of job (KB)
...
006 (11451992.127.000) 01/28 15:41:51 Image size of job updated: 159976
	157  -  MemoryUsage of job (MB)
	159976  -  ResidentSetSize of job (KB)
...
006 (11451992.127.000) 01/28 15:46:51 Image size of job updated: 166452
	163  -  MemoryUsage of job (MB)
	166452  -  ResidentSetSize of job (KB)
...
006 (11451992.127.000) 01/28 15:51:52 Image size of job updated: 173356
	170  -  MemoryUsage of job (MB)
	173356  -  ResidentSetSize of job (KB)
...
006 (11451992.127.000) 01/28 15:56:53 Image size of job updated: 177496
	174  -  MemoryUsage of job (MB)
	177496  -  ResidentSetSize of job (KB)
...
006 (11451992.127.000) 01/28 16:01:53 Image size of job updated: 181720
	178  -  MemoryUsage of job (MB)
	181720  -  ResidentSetSize of job (KB)
...
006 (11451992.127.000) 01/28 16:06:53 Image size of job updated: 186364
	182  -  MemoryUsage of job (MB)
	186364  -  ResidentSetSize of job (KB)
...
006 (11451992.127.000) 01/28 16:11:54 Image size of job updated: 190728
	187  -  MemoryUsage of job (MB)
	190728  -  ResidentSetSize of job (KB)
...
006 (11451992.127.000) 01/28 16:16:54 Image size of job updated: 193852
	190  -  MemoryUsage of job (MB)
	193852  -  ResidentSetSize of job (KB)
...
006 (11451992.127.000) 01/28 16:21:54 Image size of job updated: 196440
	192  -  MemoryUsage of job (MB)
	196440  -  ResidentSetSize of job (KB)
...
006 (11451992.127.000) 01/28 16:26:55 Image size of job updated: 199776
	196  -  MemoryUsage of job (MB)
	199776  -  ResidentSetSize of job (KB)
...
006 (11451992.127.000) 01/28 16:31:56 Image size of job updated: 202712
	198  -  MemoryUsage of job (MB)
	202712  -  ResidentSetSize of job (KB)
...
006 (11451992.127.000) 01/28 16:36:56 Image size of job updated: 205232
	201  -  MemoryUsage of job (MB)
	205232  -  ResidentSetSize of job (KB)
...
006 (11451992.127.000) 01/28 16:41:57 Image size of job updated: 207740
	203  -  MemoryUsage of job (MB)
	207740  -  ResidentSetSize of job (KB)
...
006 (11451992.127.000) 01/28 16:46:58 Image size of job updated: 210268
	206  -  MemoryUsage of job (MB)
	210268  -  ResidentSetSize of job (KB)
...
006 (11451992.127.000) 01/28 16:51:58 Image size of job updated: 212420
	208  -  MemoryUsage of job (MB)
	212420  -  ResidentSetSize of job (KB)
...
006 (11451992.127.000) 01/28 16:56:58 Image size of job updated: 214924
	210  -  MemoryUsage of job (MB)
	214924  -  ResidentSetSize of job (KB)
...
006 (11451992.127.000) 01/28 17:01:59 Image size of job updated: 217532
	213  -  MemoryUsage of job (MB)
	217532  -  ResidentSetSize of job (KB)
...
006 (11451992.127.000) 01/28 17:06:59 Image size of job updated: 219924
	215  -  MemoryUsage of job (MB)
	219924  -  ResidentSetSize of job (KB)
...
040 (11451992.127.000) 01/28 17:08:47 Started transferring output files
...
040 (11451992.127.000) 01/28 17:08:47 Finished transferring output files
...
005 (11451992.127.000) 01/28 17:08:47 Job terminated.
	(1) Normal termination (return value 0)
		Usr 0 02:19:37, Sys 0 00:00:15  -  Run Remote Usage
		Usr 0 00:00:00, Sys 0 00:00:00  -  Run Local Usage
		Usr 0 02:19:37, Sys 0 00:00:15  -  Total Remote Usage
		Usr 0 00:00:00, Sys 0 00:00:00  -  Total Local Usage
	40692  -  Run Bytes Sent By Job
	5797  -  Run Bytes Received By Job
	40692  -  Total Bytes Sent By Job
	5797  -  Total Bytes Received By Job
	Partitionable Resources :    Usage  Request Allocated 
	   Cpus                 :     0.98        1         1 
	   Disk (KB)            :    67          10      3881 
	   GPUs                 :                           0 
	   Memory (MB)          :   215        3000      3000 

	Job terminated of its own accord at 2025-01-28T16:08:47Z with exit-code 0.
...
