000 (11451992.077.000) 01/28 14:31:49 Job submitted from host: <188.185.114.121:9618?addrs=188.185.114.121-9618+[2001-1458-d00-a--100-273]-9618&alias=bigbird19.cern.ch&noUDP&sock=schedd_2045_4743>
...
040 (11451992.077.000) 01/28 14:36:20 Started transferring input files
	Transferring to host: <188.185.194.70:9618?addrs=188.185.194.70-9618+[2001-1458-303-21--100-42]-9618&alias=b9p20p7797.cern.ch&noUDP&sock=slot1_25_189057_8261_77542>
...
040 (11451992.077.000) 01/28 14:36:20 Finished transferring input files
...
001 (11451992.077.000) 01/28 14:36:21 Job executing on host: <188.185.194.70:9618?addrs=188.185.194.70-9618+[2001-1458-303-21--100-42]-9618&alias=b9p20p7797.cern.ch&noUDP&sock=startd_7474_1eed>
	SlotName: slot1_25@b9p20p7797.cern.ch
	CondorScratchDir = "/pool/condor/dir_3021343"
	Cpus = 1
	Disk = 3835
	GPUs = 0
	Memory = 3000
...
006 (11451992.077.000) 01/28 14:36:30 Image size of job updated: 11516
	12  -  MemoryUsage of job (MB)
	11516  -  ResidentSetSize of job (KB)
...
006 (11451992.077.000) 01/28 14:40:38 Image size of job updated: 75044
	74  -  MemoryUsage of job (MB)
	75044  -  ResidentSetSize of job (KB)
...
040 (11451992.077.000) 01/28 14:40:38 Started transferring output files
...
040 (11451992.077.000) 01/28 14:40:38 Finished transferring output files
...
005 (11451992.077.000) 01/28 14:40:38 Job terminated.
	(1) Normal termination (return value 0)
		Usr 0 00:00:12, Sys 0 00:00:01  -  Run Remote Usage
		Usr 0 00:00:00, Sys 0 00:00:00  -  Run Local Usage
		Usr 0 00:00:12, Sys 0 00:00:01  -  Total Remote Usage
		Usr 0 00:00:00, Sys 0 00:00:00  -  Total Local Usage
	14886  -  Run Bytes Sent By Job
	5797  -  Run Bytes Received By Job
	14886  -  Total Bytes Sent By Job
	5797  -  Total Bytes Received By Job
	Partitionable Resources :    Usage  Request Allocated 
	   Cpus                 :        0        1         1 
	   Disk (KB)            :       43       10      3835 
	   GPUs                 :                           0 
	   Memory (MB)          :       74     3000      3000 

	Job terminated of its own accord at 2025-01-28T13:40:38Z with exit-code 0.
...
