CHANNEL_0_1
           cbragg  cbragg_err   credchi  ...  cdelta_n            cL     timestamp
0     1544.641965    0.000106  0.000069  ...  0.000012  7.641364e+06  1.734616e+09
1     1544.635165    0.000312  0.000040  ...  0.000012  7.683186e+06  1.734616e+09
2     1544.642029    0.000111  0.000068  ...  0.000012  7.647031e+06  1.734616e+09
3     1544.635163    0.000150  0.000041  ...  0.000012  7.684433e+06  1.734616e+09
4     1544.641912    0.000108  0.000067  ...  0.000012  7.653069e+06  1.734616e+09
...           ...         ...       ...  ...       ...           ...           ...
1587  1544.638992    0.000159  0.000041  ...  0.000012  7.688654e+06  1.734632e+09
1588  1544.645306    0.000119  0.000067  ...  0.000012  7.637004e+06  1.734632e+09
1589  1544.638895    0.000131  0.000042  ...  0.000012  7.680605e+06  1.734632e+09
1590  1544.645238    0.000106  0.000068  ...  0.000012  7.632307e+06  1.734632e+09
1591  1544.638854    0.000107  0.000042  ...  0.000012  7.687343e+06  1.734632e+09

[1592 rows x 13 columns]
CHANNEL_0_2
           cbragg  cbragg_err   credchi  ...  cdelta_n            cL     timestamp
0     1545.476354    0.000103  0.000022  ...  0.000012  7.626381e+06  1.734616e+09
1     1545.473059    0.000095  0.000024  ...  0.000012  7.604667e+06  1.734616e+09
2     1545.476451    0.000099  0.000020  ...  0.000012  7.645563e+06  1.734616e+09
3     1545.473052    0.000101  0.000027  ...  0.000012  7.619407e+06  1.734616e+09
4     1545.476407    0.000142  0.000039  ...  0.000012  7.337208e+06  1.734616e+09
...           ...         ...       ...  ...       ...           ...           ...
1587  1545.476632    0.000098  0.000025  ...  0.000012  7.604927e+06  1.734632e+09
1588  1545.480294    0.000101  0.000021  ...  0.000012  7.595878e+06  1.734632e+09
1589  1545.476718    0.000092  0.000022  ...  0.000012  7.561120e+06  1.734632e+09
1590  1545.480169    0.000102  0.000022  ...  0.000012  7.648140e+06  1.734632e+09
1591  1545.476506    0.000114  0.000033  ...  0.000012  7.667649e+06  1.734632e+09

[1592 rows x 13 columns]
CHANNEL_0_3
           cbragg  cbragg_err   credchi  ...  cdelta_n            cL     timestamp
0     1546.230332    0.000103  0.000051  ...  0.000012  7.626449e+06  1.734616e+09
1     1546.225737    0.000109  0.000036  ...  0.000012  7.605798e+06  1.734616e+09
2     1546.230289    0.000102  0.000050  ...  0.000012  7.620304e+06  1.734616e+09
3     1546.225714    0.000113  0.000039  ...  0.000012  7.638486e+06  1.734616e+09
4     1546.230420    0.000103  0.000052  ...  0.000012  7.642630e+06  1.734616e+09
...           ...         ...       ...  ...       ...           ...           ...
1587  1546.229530    0.000111  0.000038  ...  0.000012  7.649757e+06  1.734632e+09
1588  1546.233747    0.000105  0.000052  ...  0.000012  7.621674e+06  1.734632e+09
1589  1546.229363    0.000112  0.000039  ...  0.000012  7.608004e+06  1.734632e+09
1590  1546.233814    0.000106  0.000053  ...  0.000012  7.606798e+06  1.734632e+09
1591  1546.229361    0.000111  0.000038  ...  0.000012  7.626854e+06  1.734632e+09

[1592 rows x 13 columns]
CHANNEL_0_4
           cbragg  cbragg_err   credchi  ...  cdelta_n            cL     timestamp
0     1547.110529    0.000115  0.000046  ...  0.000012  7.947735e+06  1.734616e+09
1     1547.107791    0.000112  0.000052  ...  0.000012  7.824707e+06  1.734616e+09
2     1547.110404    0.000112  0.000044  ...  0.000012  7.896624e+06  1.734616e+09
3     1547.107782    0.000113  0.000053  ...  0.000012  7.822848e+06  1.734616e+09
4     1547.110330    0.000112  0.000044  ...  0.000012  7.873101e+06  1.734616e+09
...           ...         ...       ...  ...       ...           ...           ...
1587  1547.112456    0.000121  0.000060  ...  0.000012  7.921404e+06  1.734632e+09
1588  1547.115407    0.000124  0.000054  ...  0.000012  8.021820e+06  1.734632e+09
1589  1547.112423    0.000112  0.000052  ...  0.000012  7.834905e+06  1.734632e+09
1590  1547.115538    0.000114  0.000045  ...  0.000012  7.867802e+06  1.734632e+09
1591  1547.112482    0.000109  0.000049  ...  0.000012  7.845083e+06  1.734632e+09

[1592 rows x 13 columns]
CHANNEL_0_5
           cbragg  cbragg_err   credchi  ...  cdelta_n            cL     timestamp
0     1548.087030    0.000209  0.000261  ...  0.000012  8.122816e+06  1.734616e+09
1     1548.079118    0.000080  0.000024  ...  0.000012  7.818720e+06  1.734616e+09
2     1548.087421    0.000081  0.000039  ...  0.000012  7.734776e+06  1.734616e+09
3     1548.079250    0.000077  0.000022  ...  0.000012  7.819022e+06  1.734616e+09
4     1548.087309    0.000109  0.000075  ...  0.000012  7.958201e+06  1.734616e+09
...           ...         ...       ...  ...       ...           ...           ...
1587  1548.084138    0.000080  0.000023  ...  0.000012  7.827152e+06  1.734632e+09
1588  1548.092238    0.000083  0.000041  ...  0.000012  7.737230e+06  1.734632e+09
1589  1548.084120    0.000079  0.000023  ...  0.000012  7.811360e+06  1.734632e+09
1590  1548.092248    0.000083  0.000041  ...  0.000012  7.731002e+06  1.734632e+09
1591  1548.084158    0.000081  0.000024  ...  0.000012  7.815131e+06  1.734632e+09

[1592 rows x 13 columns]
CHANNEL_0_6
           cbragg  cbragg_err   credchi  ...  cdelta_n            cL     timestamp
0     1549.062319    0.000078  0.000025  ...  0.000012  7.519116e+06  1.734616e+09
1     1549.066728    0.000147  0.000140  ...  0.000012  7.829426e+06  1.734616e+09
2     1549.062304    0.000077  0.000024  ...  0.000012  7.517997e+06  1.734616e+09
3     1549.066332    0.000079  0.000038  ...  0.000012  7.483869e+06  1.734616e+09
4     1549.062371    0.000077  0.000024  ...  0.000012  7.518613e+06  1.734616e+09
...           ...         ...       ...  ...       ...           ...           ...
1587  1549.071334    0.000139  0.000126  ...  0.000012  7.795905e+06  1.734632e+09
1588  1549.067029    0.000122  0.000063  ...  0.000012  7.802175e+06  1.734632e+09
1589  1549.071334    0.000081  0.000041  ...  0.000012  7.485126e+06  1.734632e+09
1590  1549.067190    0.000079  0.000025  ...  0.000012  7.530296e+06  1.734632e+09
1591  1549.071269    0.000202  0.000260  ...  0.000012  7.898820e+06  1.734632e+09

[1592 rows x 13 columns]
CHANNEL_0_7
           cbragg  cbragg_err   credchi  ...  cdelta_n            cL     timestamp
0     1550.068910    0.000125  0.000051  ...  0.000012  7.643891e+06  1.734616e+09
1     1550.060810    0.000125  0.000046  ...  0.000012  7.667472e+06  1.734616e+09
2     1550.068897    0.000126  0.000052  ...  0.000012  7.636088e+06  1.734616e+09
3     1550.060911    0.000126  0.000047  ...  0.000012  7.664963e+06  1.734616e+09
4     1550.068803    0.000127  0.000053  ...  0.000012  7.639599e+06  1.734616e+09
...           ...         ...       ...  ...       ...           ...           ...
1587  1550.065835    0.000126  0.000046  ...  0.000012  7.662346e+06  1.734632e+09
1588  1550.074077    0.000134  0.000060  ...  0.000012  7.775553e+06  1.734632e+09
1589  1550.065809    0.000126  0.000046  ...  0.000012  7.671877e+06  1.734632e+09
1590  1550.074171    0.000128  0.000054  ...  0.000012  7.617989e+06  1.734632e+09
1591  1550.065846    0.000127  0.000047  ...  0.000012  7.671518e+06  1.734632e+09

[1592 rows x 13 columns]
CHANNEL_0_8
           cbragg  cbragg_err   credchi  ...  cdelta_n            cL     timestamp
0     1551.045502    0.000080  0.000025  ...  0.000012  7.652453e+06  1.734616e+09
1     1551.039407    0.000076  0.000015  ...  0.000012  7.619555e+06  1.734616e+09
2     1551.045463    0.000074  0.000021  ...  0.000012  7.569502e+06  1.734616e+09
3     1551.039337    0.000077  0.000015  ...  0.000012  7.619718e+06  1.734616e+09
4     1551.045384    0.000075  0.000022  ...  0.000012  7.567316e+06  1.734616e+09
...           ...         ...       ...  ...       ...           ...           ...
1587  1551.044920    0.000078  0.000015  ...  0.000012  7.555016e+06  1.734632e+09
1588  1551.050894    0.000075  0.000022  ...  0.000012  7.572697e+06  1.734632e+09
1589  1551.045016    0.000077  0.000015  ...  0.000012  7.594130e+06  1.734632e+09
1590  1551.050902    0.000075  0.000021  ...  0.000012  7.576312e+06  1.734632e+09
1591  1551.045002    0.000077  0.000015  ...  0.000012  7.623860e+06  1.734632e+09

[1592 rows x 13 columns]
CHANNEL_0_9
           cbragg  cbragg_err   credchi  ...  cdelta_n            cL     timestamp
0     1552.026948    0.000101  0.000025  ...  0.000012  7.628114e+06  1.734616e+09
1     1552.025373    0.000108  0.000035  ...  0.000012  7.764015e+06  1.734616e+09
2     1552.026895    0.000100  0.000024  ...  0.000012  7.632174e+06  1.734616e+09
3     1552.025398    0.000097  0.000028  ...  0.000012  7.625857e+06  1.734616e+09
4     1552.026904    0.000101  0.000025  ...  0.000012  7.612069e+06  1.734616e+09
...           ...         ...       ...  ...       ...           ...           ...
1587  1552.030849    0.000095  0.000027  ...  0.000012  7.638450e+06  1.734632e+09
1588  1552.032187    0.000099  0.000024  ...  0.000012  7.619057e+06  1.734632e+09
1589  1552.030904    0.000096  0.000028  ...  0.000012  7.621120e+06  1.734632e+09
1590  1552.032284    0.000099  0.000024  ...  0.000012  7.613352e+06  1.734632e+09
1591  1552.031003    0.000096  0.000028  ...  0.000012  7.623633e+06  1.734632e+09

[1592 rows x 13 columns]
CHANNEL_0_10
           cbragg  cbragg_err   credchi  ...  cdelta_n            cL     timestamp
0     1553.035163    0.000101  0.000023  ...  0.000012  7.532847e+06  1.734616e+09
1     1553.027622    0.000083  0.000015  ...  0.000012  7.715039e+06  1.734616e+09
2     1553.035018    0.000084  0.000016  ...  0.000012  7.728011e+06  1.734616e+09
3     1553.027696    0.000083  0.000015  ...  0.000012  7.732073e+06  1.734616e+09
4     1553.034932    0.000084  0.000016  ...  0.000012  7.733308e+06  1.734616e+09
...           ...         ...       ...  ...       ...           ...           ...
1587  1553.032870    0.000084  0.000015  ...  0.000012  7.719139e+06  1.734632e+09
1588  1553.040529    0.000085  0.000016  ...  0.000012  7.698450e+06  1.734632e+09
1589  1553.032928    0.000083  0.000015  ...  0.000012  7.682574e+06  1.734632e+09
1590  1553.040466    0.000086  0.000017  ...  0.000012  7.737717e+06  1.734632e+09
1591  1553.032920    0.000083  0.000015  ...  0.000012  7.732429e+06  1.734632e+09

[1592 rows x 13 columns]
CHANNEL_0_11
           cbragg  cbragg_err   credchi  ...  cdelta_n            cL     timestamp
0     1554.041412    0.000071  0.000011  ...  0.000012  7.634721e+06  1.734616e+09
1     1554.041470    0.000072  0.000011  ...  0.000012  7.634822e+06  1.734616e+09
2     1554.041668    0.000071  0.000011  ...  0.000012  7.634684e+06  1.734616e+09
3     1554.041644    0.000070  0.000011  ...  0.000012  7.660997e+06  1.734616e+09
4     1554.041486    0.000071  0.000011  ...  0.000012  7.627608e+06  1.734616e+09
...           ...         ...       ...  ...       ...           ...           ...
1587  1554.046896    0.000072  0.000011  ...  0.000012  7.655684e+06  1.734632e+09
1588  1554.046825    0.000072  0.000012  ...  0.000012  7.637685e+06  1.734632e+09
1589  1554.046929    0.000073  0.000012  ...  0.000012  7.643176e+06  1.734632e+09
1590  1554.046874    0.000073  0.000012  ...  0.000012  7.638469e+06  1.734632e+09
1591  1554.046886    0.000074  0.000012  ...  0.000012  7.643323e+06  1.734632e+09

[1592 rows x 13 columns]
CHANNEL_0_12
           cbragg  cbragg_err   credchi  ...  cdelta_n            cL     timestamp
0     1555.066973    0.000128  0.000055  ...  0.000012  7.503952e+06  1.734616e+09
1     1555.062809    0.000135  0.000068  ...  0.000012  7.581948e+06  1.734616e+09
2     1555.067064    0.000126  0.000053  ...  0.000012  7.504230e+06  1.734616e+09
3     1555.062950    0.000125  0.000058  ...  0.000012  7.479660e+06  1.734616e+09
4     1555.066948    0.000128  0.000055  ...  0.000012  7.492297e+06  1.734616e+09
...           ...         ...       ...  ...       ...           ...           ...
1587  1555.068323    0.000128  0.000060  ...  0.000012  7.462071e+06  1.734632e+09
1588  1555.072633    0.000125  0.000053  ...  0.000012  7.497676e+06  1.734632e+09
1589  1555.068308    0.000125  0.000057  ...  0.000012  7.489219e+06  1.734632e+09
1590  1555.072681    0.000124  0.000051  ...  0.000012  7.504233e+06  1.734632e+09
1591  1555.068219    0.000127  0.000058  ...  0.000012  7.476107e+06  1.734632e+09

[1592 rows x 13 columns]
CHANNEL_0_13
           cbragg  cbragg_err   credchi  ...  cdelta_n            cL     timestamp
0     1556.043327    0.000138  0.000050  ...  0.000012  7.646361e+06  1.734616e+09
1     1556.037182    0.000147  0.000035  ...  0.000012  7.680807e+06  1.734616e+09
2     1556.043407    0.000138  0.000050  ...  0.000012  7.652967e+06  1.734616e+09
3     1556.037356    0.000147  0.000035  ...  0.000012  7.666358e+06  1.734616e+09
4     1556.043420    0.000137  0.000050  ...  0.000012  7.641958e+06  1.734616e+09
...           ...         ...       ...  ...       ...           ...           ...
1587  1556.043036    0.000149  0.000036  ...  0.000012  7.669633e+06  1.734632e+09
1588  1556.048838    0.000137  0.000050  ...  0.000012  7.652145e+06  1.734632e+09
1589  1556.043000    0.000146  0.000035  ...  0.000012  7.670644e+06  1.734632e+09
1590  1556.048930    0.000139  0.000051  ...  0.000012  7.654146e+06  1.734632e+09
1591  1556.043022    0.000147  0.000035  ...  0.000012  7.673978e+06  1.734632e+09

[1592 rows x 13 columns]
CHANNEL_0_14
           cbragg  cbragg_err   credchi  ...  cdelta_n            cL     timestamp
0     1557.010188    0.000105  0.000028  ...  0.000012  7.683467e+06  1.734616e+09
1     1557.011877    0.000102  0.000046  ...  0.000012  7.640936e+06  1.734616e+09
2     1557.010144    0.000104  0.000027  ...  0.000012  7.682921e+06  1.734616e+09
3     1557.011844    0.000103  0.000046  ...  0.000012  7.639980e+06  1.734616e+09
4     1557.010049    0.000104  0.000027  ...  0.000012  7.699766e+06  1.734616e+09
...           ...         ...       ...  ...       ...           ...           ...
1587  1557.017265    0.000103  0.000047  ...  0.000012  7.618505e+06  1.734632e+09
1588  1557.015750    0.000103  0.000027  ...  0.000012  7.678443e+06  1.734632e+09
1589  1557.017450    0.000103  0.000047  ...  0.000012  7.632711e+06  1.734632e+09
1590  1557.015919    0.000104  0.000027  ...  0.000012  7.672453e+06  1.734632e+09
1591  1557.017348    0.000104  0.000047  ...  0.000012  7.614796e+06  1.734632e+09

[1592 rows x 13 columns]
CHANNEL_1_1
           cbragg  cbragg_err   credchi  ...  cdelta_n            cL     timestamp
0     1556.218914    0.000069  0.000005  ...  0.000012  2.693039e+06  1.734616e+09
1     1556.220714    0.000477  0.000260  ...  0.000012  2.900489e+06  1.734616e+09
2     1556.217655    0.000690  0.000737  ...  0.000012  3.158731e+06  1.734616e+09
3     1556.220686    0.000267  0.000065  ...  0.000012  2.609393e+06  1.734616e+09
4     1556.218958    0.000071  0.000005  ...  0.000012  2.688184e+06  1.734616e+09
...           ...         ...       ...  ...       ...           ...           ...
1587  1556.225011    0.000780  0.000382  ...  0.000012  2.339698e+06  1.734632e+09
1588  1556.221615    0.000474  0.000296  ...  0.000012  2.985121e+06  1.734632e+09
1589  1556.223348    0.000772  0.000354  ...  0.000012  2.318663e+06  1.734632e+09
1590  1556.221807    0.000406  0.000199  ...  0.000012  2.911485e+06  1.734632e+09
1591  1556.223611    0.000517  0.000355  ...  0.000012  3.007758e+06  1.734632e+09

[1592 rows x 13 columns]
CHANNEL_1_2
           cbragg  cbragg_err   credchi  ...  cdelta_n            cL     timestamp
0     1558.182822    0.000114  0.000019  ...  0.000012  2.816442e+06  1.734616e+09
1     1558.186749    0.000119  0.000021  ...  0.000012  2.791110e+06  1.734616e+09
2     1558.182952    0.000118  0.000021  ...  0.000012  2.799047e+06  1.734616e+09
3     1558.186723    0.000125  0.000023  ...  0.000012  2.772565e+06  1.734616e+09
4     1558.182584    0.000412  0.000299  ...  0.000012  3.016470e+06  1.734616e+09
...           ...         ...       ...  ...       ...           ...           ...
1587  1558.192315    0.000132  0.000025  ...  0.000012  2.776824e+06  1.734632e+09
1588  1558.188450    0.000167  0.000038  ...  0.000012  2.731930e+06  1.734632e+09
1589  1558.192417    0.000116  0.000020  ...  0.000012  2.807723e+06  1.734632e+09
1590  1558.188500    0.000195  0.000057  ...  0.000012  2.778003e+06  1.734632e+09
1591  1558.192386    0.000116  0.000020  ...  0.000012  2.794699e+06  1.734632e+09

[1592 rows x 13 columns]
CHANNEL_1_3
           cbragg  cbragg_err   credchi  ...  cdelta_n            cL     timestamp
0     1561.003881    0.000041  0.000003  ...  0.000012  2.926818e+06  1.734616e+09
1     1560.999000    0.000163  0.000039  ...  0.000012  2.848216e+06  1.734616e+09
2     1561.003814    0.000040  0.000003  ...  0.000012  2.939983e+06  1.734616e+09
3     1560.999269    0.000061  0.000006  ...  0.000012  2.936125e+06  1.734616e+09
4     1561.004370    0.000193  0.000070  ...  0.000012  3.050939e+06  1.734616e+09
...           ...         ...       ...  ...       ...           ...           ...
1587  1561.004357    0.000051  0.000004  ...  0.000012  2.933367e+06  1.734632e+09
1588  1561.009485    0.000440  0.000417  ...  0.000012  3.219112e+06  1.734632e+09
1589  1561.004732    0.000042  0.000003  ...  0.000012  2.926428e+06  1.734632e+09
1590  1561.009106    0.000044  0.000003  ...  0.000012  2.939889e+06  1.734632e+09
1591  1561.004446    0.000063  0.000006  ...  0.000012  2.947333e+06  1.734632e+09

[1592 rows x 13 columns]
CHANNEL_2_1
           cbragg  cbragg_err   credchi  ...  cdelta_n            cL     timestamp
0     1543.633457    0.000079  0.000007  ...  0.000012  2.769210e+06  1.734616e+09
1     1543.631748    0.000080  0.000007  ...  0.000012  2.771717e+06  1.734616e+09
2     1543.633554    0.000083  0.000007  ...  0.000012  2.768879e+06  1.734616e+09
3     1543.631893    0.000081  0.000007  ...  0.000012  2.770466e+06  1.734616e+09
4     1543.633637    0.000079  0.000007  ...  0.000012  2.768378e+06  1.734616e+09
...           ...         ...       ...  ...       ...           ...           ...
1587  1543.635379    0.000202  0.000007  ...  0.000012  2.770661e+06  1.734632e+09
1588  1543.636971    0.000081  0.000007  ...  0.000012  2.780255e+06  1.734632e+09
1589  1543.635234    0.000112  0.000006  ...  0.000012  2.770761e+06  1.734632e+09
1590  1543.637051    0.000083  0.000007  ...  0.000012  2.767215e+06  1.734632e+09
1591  1543.635394    0.000090  0.000007  ...  0.000012  2.770055e+06  1.734632e+09

[1592 rows x 13 columns]
CHANNEL_2_2
           cbragg  cbragg_err   credchi  ...  cdelta_n            cL     timestamp
0     1545.902899    0.000705  0.000591  ...  0.000012  3.093090e+06  1.734616e+09
1     1545.905487    0.000292  0.000082  ...  0.000012  2.791602e+06  1.734616e+09
2     1545.903469    0.000257  0.000049  ...  0.000012  2.585152e+06  1.734616e+09
3     1545.906092    0.001122  0.002216  ...  0.000012  3.490229e+06  1.734616e+09
4     1545.903437    0.000151  0.000018  ...  0.000012  2.663953e+06  1.734616e+09
...           ...         ...       ...  ...       ...           ...           ...
1587  1545.910804    0.000726  0.000715  ...  0.000012  3.150763e+06  1.734632e+09
1588  1545.909079    0.000145  0.000016  ...  0.000012  2.644361e+06  1.734632e+09
1589  1545.911327    0.000148  0.000019  ...  0.000012  2.684705e+06  1.734632e+09
1590  1545.909186    0.000146  0.000017  ...  0.000012  2.657625e+06  1.734632e+09
1591  1545.911322    0.000140  0.000017  ...  0.000012  2.681260e+06  1.734632e+09

[1592 rows x 13 columns]
CHANNEL_2_3
           cbragg  cbragg_err   credchi  ...  cdelta_n            cL     timestamp
0     1548.504486    0.000090  0.000009  ...  0.000012  2.897815e+06  1.734616e+09
1     1548.503189    0.001094  0.002458  ...  0.000012  3.744336e+06  1.734616e+09
2     1548.504533    0.000099  0.000011  ...  0.000012  2.887608e+06  1.734616e+09
3     1548.503270    0.000100  0.000011  ...  0.000012  2.944648e+06  1.734616e+09
4     1548.504363    0.000105  0.000012  ...  0.000012  2.886050e+06  1.734616e+09
...           ...         ...       ...  ...       ...           ...           ...
1587  1548.508613    0.000094  0.000010  ...  0.000012  2.886166e+06  1.734632e+09
1588  1548.510042    0.000100  0.000011  ...  0.000012  2.894741e+06  1.734632e+09
1589  1548.509518    0.001107  0.002312  ...  0.000012  3.685617e+06  1.734632e+09
1590  1548.510400    0.000275  0.000096  ...  0.000012  3.066975e+06  1.734632e+09
1591  1548.508483    0.000133  0.000018  ...  0.000012  2.830271e+06  1.734632e+09

[1592 rows x 13 columns]
CHANNEL_3_1
           cbragg  cbragg_err   credchi  ...  cdelta_n            cL     timestamp
0     1544.153873    0.000117  0.000020  ...  0.000012  7.822691e+06  1.734616e+09
1     1544.159785    0.000110  0.000025  ...  0.000012  7.800719e+06  1.734616e+09
2     1544.153917    0.000211  0.000021  ...  0.000012  7.821913e+06  1.734616e+09
3     1544.159882    0.000108  0.000025  ...  0.000012  7.798503e+06  1.734616e+09
4     1544.153804    0.000152  0.000020  ...  0.000012  7.822665e+06  1.734616e+09
...           ...         ...       ...  ...       ...           ...           ...
1587  1544.163264    0.000127  0.000025  ...  0.000012  7.789419e+06  1.734632e+09
1588  1544.158044    0.000112  0.000021  ...  0.000012  7.823905e+06  1.734632e+09
1589  1544.163259    0.000464  0.000024  ...  0.000012  7.788270e+06  1.734632e+09
1590  1544.158212    0.000168  0.000021  ...  0.000012  7.796102e+06  1.734632e+09
1591  1544.163267    0.000111  0.000025  ...  0.000012  7.793133e+06  1.734632e+09

[1592 rows x 13 columns]
CHANNEL_3_2
           cbragg  cbragg_err   credchi  ...  cdelta_n            cL     timestamp
0     1545.060512    0.000127  0.000035  ...  0.000012  7.835648e+06  1.734616e+09
1     1545.069327    0.000120  0.000033  ...  0.000012  7.860573e+06  1.734616e+09
2     1545.060560    0.000118  0.000034  ...  0.000012  7.825055e+06  1.734616e+09
3     1545.069390    0.000114  0.000035  ...  0.000012  7.843428e+06  1.734616e+09
4     1545.060514    0.000116  0.000035  ...  0.000012  7.843237e+06  1.734616e+09
...           ...         ...       ...  ...       ...           ...           ...
1587  1545.073532    0.000113  0.000034  ...  0.000012  7.857716e+06  1.734632e+09
1588  1545.064416    0.000128  0.000032  ...  0.000012  7.852834e+06  1.734632e+09
1589  1545.073439    0.000156  0.000035  ...  0.000012  7.859480e+06  1.734632e+09
1590  1545.064379    0.000117  0.000031  ...  0.000012  7.846697e+06  1.734632e+09
1591  1545.073473    0.000113  0.000034  ...  0.000012  7.867272e+06  1.734632e+09

[1592 rows x 13 columns]
CHANNEL_3_3
           cbragg  cbragg_err   credchi  ...  cdelta_n            cL     timestamp
0     1545.827461    0.000107  0.000028  ...  0.000012  7.563215e+06  1.734616e+09
1     1545.830371    0.000113  0.000034  ...  0.000012  7.590358e+06  1.734616e+09
2     1545.827550    0.000105  0.000027  ...  0.000012  7.613615e+06  1.734616e+09
3     1545.830306    0.000107  0.000030  ...  0.000012  7.600048e+06  1.734616e+09
4     1545.827493    0.000108  0.000028  ...  0.000012  7.609020e+06  1.734616e+09
...           ...         ...       ...  ...       ...           ...           ...
1587  1545.833869    0.000108  0.000029  ...  0.000012  7.592686e+06  1.734632e+09
1588  1545.831651    0.000107  0.000028  ...  0.000012  7.598556e+06  1.734632e+09
1589  1545.833782    0.000109  0.000030  ...  0.000012  7.609018e+06  1.734632e+09
1590  1545.831657    0.000106  0.000027  ...  0.000012  7.602868e+06  1.734632e+09
1591  1545.833859    0.000108  0.000030  ...  0.000012  7.601654e+06  1.734632e+09

[1592 rows x 13 columns]
CHANNEL_3_4
           cbragg  cbragg_err   credchi  ...  cdelta_n            cL     timestamp
0     1546.677888    0.000091  0.000017  ...  0.000012  7.819178e+06  1.734616e+09
1     1546.688643    0.000092  0.000024  ...  0.000012  7.793809e+06  1.734616e+09
2     1546.677890    0.000093  0.000018  ...  0.000012  7.809585e+06  1.734616e+09
3     1546.688624    0.000093  0.000025  ...  0.000012  7.788392e+06  1.734616e+09
4     1546.677795    0.000093  0.000018  ...  0.000012  7.827628e+06  1.734616e+09
...           ...         ...       ...  ...       ...           ...           ...
1587  1546.693380    0.000094  0.000025  ...  0.000012  7.789164e+06  1.734632e+09
1588  1546.682625    0.000093  0.000018  ...  0.000012  7.820595e+06  1.734632e+09
1589  1546.693389    0.000096  0.000026  ...  0.000012  7.780009e+06  1.734632e+09
1590  1546.682706    0.000120  0.000028  ...  0.000012  7.549560e+06  1.734632e+09
1591  1546.693466    0.000093  0.000025  ...  0.000012  7.777871e+06  1.734632e+09

[1592 rows x 13 columns]
CHANNEL_3_5
           cbragg  cbragg_err   credchi  ...  cdelta_n            cL     timestamp
0     1547.703690    0.000081  0.000018  ...  0.000012  7.552160e+06  1.734616e+09
1     1547.701727    0.000082  0.000013  ...  0.000012  7.589748e+06  1.734616e+09
2     1547.703719    0.000083  0.000019  ...  0.000012  7.598384e+06  1.734616e+09
3     1547.701788    0.000082  0.000013  ...  0.000012  7.593900e+06  1.734616e+09
4     1547.703617    0.000078  0.000017  ...  0.000012  7.561681e+06  1.734616e+09
...           ...         ...       ...  ...       ...           ...           ...
1587  1547.706623    0.000081  0.000013  ...  0.000012  7.607049e+06  1.734632e+09
1588  1547.708769    0.000081  0.000018  ...  0.000012  7.530772e+06  1.734632e+09
1589  1547.706576    0.000081  0.000012  ...  0.000012  7.604801e+06  1.734632e+09
1590  1547.708759    0.000079  0.000017  ...  0.000012  7.569660e+06  1.734632e+09
1591  1547.706595    0.000082  0.000013  ...  0.000012  7.577483e+06  1.734632e+09

[1592 rows x 13 columns]
CHANNEL_3_6
           cbragg  cbragg_err   credchi  ...  cdelta_n            cL     timestamp
0     1548.684493    0.000080  0.000012  ...  0.000012  7.823796e+06  1.734616e+09
1     1548.692907    0.000081  0.000021  ...  0.000012  7.750129e+06  1.734616e+09
2     1548.684502    0.000080  0.000012  ...  0.000012  7.827994e+06  1.734616e+09
3     1548.692819    0.000080  0.000021  ...  0.000012  7.752786e+06  1.734616e+09
4     1548.684455    0.000081  0.000012  ...  0.000012  7.840538e+06  1.734616e+09
...           ...         ...       ...  ...       ...           ...           ...
1587  1548.697676    0.000080  0.000021  ...  0.000012  7.734456e+06  1.734632e+09
1588  1548.689731    0.000080  0.000012  ...  0.000012  7.823682e+06  1.734632e+09
1589  1548.697695    0.000079  0.000020  ...  0.000012  7.754145e+06  1.734632e+09
1590  1548.689829    0.000080  0.000012  ...  0.000012  7.814885e+06  1.734632e+09
1591  1548.697735    0.000080  0.000020  ...  0.000012  7.746110e+06  1.734632e+09

[1592 rows x 13 columns]
CHANNEL_3_7
           cbragg  cbragg_err   credchi  ...  cdelta_n            cL     timestamp
0     1549.710132    0.000087  0.000022  ...  0.000012  7.544256e+06  1.734616e+09
1     1549.706925    0.000091  0.000015  ...  0.000012  7.604650e+06  1.734616e+09
2     1549.710214    0.000087  0.000023  ...  0.000012  7.551011e+06  1.734616e+09
3     1549.706947    0.000088  0.000014  ...  0.000012  7.614177e+06  1.734616e+09
4     1549.710120    0.000087  0.000023  ...  0.000012  7.548758e+06  1.734616e+09
...           ...         ...       ...  ...       ...           ...           ...
1587  1549.711958    0.000091  0.000014  ...  0.000012  7.600011e+06  1.734632e+09
1588  1549.714976    0.000087  0.000022  ...  0.000012  7.534295e+06  1.734632e+09
1589  1549.711931    0.000090  0.000014  ...  0.000012  7.599987e+06  1.734632e+09
1590  1549.714997    0.000088  0.000023  ...  0.000012  7.536400e+06  1.734632e+09
1591  1549.711906    0.000089  0.000014  ...  0.000012  7.596192e+06  1.734632e+09

[1592 rows x 13 columns]
CHANNEL_3_8
           cbragg  cbragg_err   credchi  ...  cdelta_n            cL     timestamp
0     1550.660135    0.000090  0.000012  ...  0.000012  7.653165e+06  1.734616e+09
1     1550.663164    0.000086  0.000017  ...  0.000012  7.613366e+06  1.734616e+09
2     1550.660275    0.000140  0.000028  ...  0.000012  7.321220e+06  1.734616e+09
3     1550.663251    0.000090  0.000019  ...  0.000012  7.622825e+06  1.734616e+09
4     1550.660241    0.000093  0.000013  ...  0.000012  7.669004e+06  1.734616e+09
...           ...         ...       ...  ...       ...           ...           ...
1587  1550.668233    0.000089  0.000018  ...  0.000012  7.625235e+06  1.734632e+09
1588  1550.666171    0.000092  0.000013  ...  0.000012  7.671059e+06  1.734632e+09
1589  1550.668222    0.000090  0.000018  ...  0.000012  7.617723e+06  1.734632e+09
1590  1550.666099    0.000092  0.000013  ...  0.000012  7.664143e+06  1.734632e+09
1591  1550.668244    0.000089  0.000018  ...  0.000012  7.614583e+06  1.734632e+09

[1592 rows x 13 columns]
CHANNEL_3_9
           cbragg  cbragg_err   credchi  ...  cdelta_n            cL     timestamp
0     1551.658326    0.000091  0.000017  ...  0.000012  7.673579e+06  1.734616e+09
1     1551.658714    0.000096  0.000014  ...  0.000012  7.702631e+06  1.734616e+09
2     1551.658347    0.000096  0.000019  ...  0.000012  7.667844e+06  1.734616e+09
3     1551.658632    0.000095  0.000014  ...  0.000012  7.706090e+06  1.734616e+09
4     1551.658330    0.000092  0.000017  ...  0.000012  7.669791e+06  1.734616e+09
...           ...         ...       ...  ...       ...           ...           ...
1587  1551.664155    0.000212  0.000061  ...  0.000012  7.127499e+06  1.734632e+09
1588  1551.663775    0.000092  0.000016  ...  0.000012  7.673247e+06  1.734632e+09
1589  1551.664114    0.000098  0.000015  ...  0.000012  7.697426e+06  1.734632e+09
1590  1551.663792    0.000133  0.000033  ...  0.000012  7.343590e+06  1.734632e+09
1591  1551.664182    0.000095  0.000014  ...  0.000012  7.699565e+06  1.734632e+09

[1592 rows x 13 columns]
CHANNEL_3_10
           cbragg  cbragg_err   credchi  ...  cdelta_n            cL     timestamp
0     1552.664706    0.000105  0.000017  ...  0.000012  7.743009e+06  1.734616e+09
1     1552.666092    0.000106  0.000018  ...  0.000012  7.715485e+06  1.734616e+09
2     1552.664802    0.000109  0.000018  ...  0.000012  7.733097e+06  1.734616e+09
3     1552.665935    0.000127  0.000026  ...  0.000012  7.843477e+06  1.734616e+09
4     1552.664581    0.000107  0.000018  ...  0.000012  7.753090e+06  1.734616e+09
...           ...         ...       ...  ...       ...           ...           ...
1587  1552.671061    0.000109  0.000019  ...  0.000012  7.704485e+06  1.734632e+09
1588  1552.670565    0.000106  0.000017  ...  0.000012  7.698838e+06  1.734632e+09
1589  1552.671126    0.000109  0.000019  ...  0.000012  7.689698e+06  1.734632e+09
1590  1552.670554    0.000106  0.000017  ...  0.000012  7.730640e+06  1.734632e+09
1591  1552.671114    0.000108  0.000018  ...  0.000012  7.671128e+06  1.734632e+09

[1592 rows x 13 columns]
CHANNEL_3_11
           cbragg  cbragg_err   credchi  ...  cdelta_n            cL     timestamp
0     1553.627108    0.000125  0.000027  ...  0.000012  7.957389e+06  1.734616e+09
1     1553.636687    0.000129  0.000040  ...  0.000012  7.922452e+06  1.734616e+09
2     1553.627248    0.000127  0.000028  ...  0.000012  7.964309e+06  1.734616e+09
3     1553.636678    0.000128  0.000039  ...  0.000012  7.919778e+06  1.734616e+09
4     1553.627136    0.000127  0.000028  ...  0.000012  7.964226e+06  1.734616e+09
...           ...         ...       ...  ...       ...           ...           ...
1587  1553.642031    0.000130  0.000040  ...  0.000012  7.901839e+06  1.734632e+09
1588  1553.632683    0.000125  0.000026  ...  0.000012  7.968031e+06  1.734632e+09
1589  1553.642132    0.000128  0.000039  ...  0.000012  7.908400e+06  1.734632e+09
1590  1553.632499    0.000126  0.000027  ...  0.000012  7.963247e+06  1.734632e+09
1591  1553.642118    0.000129  0.000039  ...  0.000012  7.917749e+06  1.734632e+09

[1592 rows x 13 columns]
CHANNEL_3_12
           cbragg  cbragg_err   credchi  ...  cdelta_n            cL     timestamp
0     1554.609043    0.000098  0.000017  ...  0.000012  7.814446e+06  1.734616e+09
1     1554.607809    0.000100  0.000018  ...  0.000012  7.801690e+06  1.734616e+09
2     1554.609083    0.000099  0.000017  ...  0.000012  7.807610e+06  1.734616e+09
3     1554.607898    0.000099  0.000018  ...  0.000012  7.800651e+06  1.734616e+09
4     1554.609112    0.000205  0.000065  ...  0.000012  7.251722e+06  1.734616e+09
...           ...         ...       ...  ...       ...           ...           ...
1587  1554.613053    0.000099  0.000017  ...  0.000012  7.800927e+06  1.734632e+09
1588  1554.614948    0.000100  0.000017  ...  0.000012  7.799048e+06  1.734632e+09
1589  1554.612981    0.000102  0.000017  ...  0.000012  7.791281e+06  1.734632e+09
1590  1554.614756    0.000099  0.000017  ...  0.000012  7.804695e+06  1.734632e+09
1591  1554.612942    0.000100  0.000017  ...  0.000012  7.796446e+06  1.734632e+09

[1592 rows x 13 columns]
CHANNEL_3_13
           cbragg  cbragg_err   credchi  ...  cdelta_n            cL     timestamp
0     1555.615383    0.000084  0.000013  ...  0.000012  7.560207e+06  1.734616e+09
1     1555.619457    0.000092  0.000015  ...  0.000012  7.577431e+06  1.734616e+09
2     1555.615446    0.000091  0.000014  ...  0.000012  7.552246e+06  1.734616e+09
3     1555.619404    0.000090  0.000014  ...  0.000012  7.591446e+06  1.734616e+09
4     1555.615432    0.000089  0.000014  ...  0.000012  7.552141e+06  1.734616e+09
...           ...         ...       ...  ...       ...           ...           ...
1587  1555.624914    0.000087  0.000013  ...  0.000012  7.592953e+06  1.734632e+09
1588  1555.620719    0.000089  0.000014  ...  0.000012  7.554658e+06  1.734632e+09
1589  1555.624959    0.000088  0.000014  ...  0.000012  7.596615e+06  1.734632e+09
1590  1555.620840    0.000087  0.000013  ...  0.000012  7.557437e+06  1.734632e+09
1591  1555.625167    0.000088  0.000014  ...  0.000012  7.585850e+06  1.734632e+09

[1592 rows x 13 columns]
CHANNEL_3_14
           cbragg  cbragg_err   credchi  ...  cdelta_n            cL     timestamp
0     1556.570462    0.000191  0.000058  ...  0.000012  7.759625e+06  1.734616e+09
1     1556.571085    0.000188  0.000076  ...  0.000012  7.697794e+06  1.734616e+09
2     1556.570230    0.000191  0.000058  ...  0.000012  7.745748e+06  1.734616e+09
3     1556.570897    0.000189  0.000076  ...  0.000012  7.686917e+06  1.734616e+09
4     1556.570217    0.000195  0.000060  ...  0.000012  7.737887e+06  1.734616e+09
...           ...         ...       ...  ...       ...           ...           ...
1587  1556.576077    0.000192  0.000075  ...  0.000012  7.689051e+06  1.734632e+09
1588  1556.576120    0.000192  0.000058  ...  0.000012  7.737527e+06  1.734632e+09
1589  1556.576257    0.000191  0.000075  ...  0.000012  7.690858e+06  1.734632e+09
1590  1556.576114    0.000191  0.000057  ...  0.000012  7.745366e+06  1.734632e+09
1591  1556.576206    0.000189  0.000073  ...  0.000012  7.687627e+06  1.734632e+09

[1592 rows x 13 columns]
