CHANNEL_0_1
        cbragg  cbragg_err   credchi  ...  cdelta_n            cL     timestamp
0  1544.623555    0.000182  0.000052  ...  0.000012  7.688451e+06  1.736346e+09
1  1544.632092    0.000316  0.000060  ...  0.000012  7.696024e+06  1.736346e+09
2  1544.623596    0.000137  0.000050  ...  0.000012  7.691122e+06  1.736346e+09
3  1544.632110    0.000122  0.000061  ...  0.000012  7.687917e+06  1.736346e+09

[4 rows x 13 columns]
CHANNEL_0_2
        cbragg  cbragg_err   credchi  ...  cdelta_n            cL     timestamp
0  1545.440145    0.000091  0.000019  ...  0.000012  7.697594e+06  1.736346e+09
1  1545.442402    0.000090  0.000021  ...  0.000012  7.643259e+06  1.736346e+09
2  1545.440147    0.000092  0.000019  ...  0.000012  7.676231e+06  1.736346e+09
3  1545.442333    0.000091  0.000021  ...  0.000012  7.676359e+06  1.736346e+09

[4 rows x 13 columns]
CHANNEL_0_3
        cbragg  cbragg_err   credchi  ...  cdelta_n            cL     timestamp
0  1546.127717    0.000109  0.000040  ...  0.000012  7.690916e+06  1.736346e+09
1  1546.136813    0.000114  0.000058  ...  0.000012  7.655539e+06  1.736346e+09
2  1546.127602    0.000109  0.000041  ...  0.000012  7.698709e+06  1.736346e+09
3  1546.136906    0.000118  0.000065  ...  0.000012  7.788308e+06  1.736346e+09

[4 rows x 13 columns]
CHANNEL_0_4
        cbragg  cbragg_err   credchi  ...  cdelta_n            cL     timestamp
0  1547.124364    0.000115  0.000048  ...  0.000012  7.864778e+06  1.736346e+09
1  1547.126770    0.000111  0.000052  ...  0.000012  7.865470e+06  1.736346e+09
2  1547.124338    0.000115  0.000048  ...  0.000012  7.862376e+06  1.736346e+09
3  1547.126752    0.000111  0.000051  ...  0.000012  7.868951e+06  1.736346e+09

[4 rows x 13 columns]
CHANNEL_0_5
        cbragg  cbragg_err   credchi  ...  cdelta_n            cL     timestamp
0  1548.097679    0.000085  0.000037  ...  0.000012  7.738896e+06  1.736346e+09
1  1548.102483    0.000094  0.000039  ...  0.000012  7.723432e+06  1.736346e+09
2  1548.097600    0.000092  0.000040  ...  0.000012  7.724515e+06  1.736346e+09
3  1548.102512    0.000094  0.000039  ...  0.000012  7.733401e+06  1.736346e+09

[4 rows x 13 columns]
CHANNEL_0_6
        cbragg  cbragg_err   credchi  ...  cdelta_n            cL     timestamp
0  1549.075341    0.000075  0.000023  ...  0.000012  7.595163e+06  1.736346e+09
1  1549.085535    0.000080  0.000044  ...  0.000012  7.492489e+06  1.736346e+09
2  1549.075307    0.000075  0.000022  ...  0.000012  7.587600e+06  1.736346e+09
3  1549.085438    0.000082  0.000045  ...  0.000012  7.496132e+06  1.736346e+09

[4 rows x 13 columns]
CHANNEL_0_7
        cbragg  cbragg_err   credchi  ...  cdelta_n            cL     timestamp
0  1550.080808    0.000146  0.000063  ...  0.000012  7.656527e+06  1.736346e+09
1  1550.082928    0.000139  0.000064  ...  0.000012  7.783855e+06  1.736346e+09
2  1550.080715    0.000131  0.000052  ...  0.000012  7.537688e+06  1.736346e+09
3  1550.082856    0.000170  0.000094  ...  0.000012  7.867352e+06  1.736346e+09

[4 rows x 13 columns]
CHANNEL_0_8
        cbragg  cbragg_err   credchi  ...  cdelta_n            cL     timestamp
0  1551.056993    0.000076  0.000018  ...  0.000012  7.592504e+06  1.736346e+09
1  1551.063953    0.000076  0.000021  ...  0.000012  7.654464e+06  1.736346e+09
2  1551.056975    0.000079  0.000019  ...  0.000012  7.592088e+06  1.736346e+09
3  1551.063911    0.000075  0.000020  ...  0.000012  7.608571e+06  1.736346e+09

[4 rows x 13 columns]
CHANNEL_0_9
        cbragg  cbragg_err   credchi  ...  cdelta_n            cL     timestamp
0  1552.038448    0.000095  0.000018  ...  0.000012  7.703644e+06  1.736346e+09
1  1552.047945    0.000093  0.000032  ...  0.000012  7.635485e+06  1.736346e+09
2  1552.038391    0.000096  0.000019  ...  0.000012  7.694410e+06  1.736346e+09
3  1552.047889    0.000093  0.000033  ...  0.000012  7.658207e+06  1.736346e+09

[4 rows x 13 columns]
CHANNEL_0_10
        cbragg  cbragg_err   credchi  ...  cdelta_n            cL     timestamp
0  1553.048936    0.000090  0.000021  ...  0.000012  7.702238e+06  1.736346e+09
1  1553.049368    0.000091  0.000017  ...  0.000012  7.725667e+06  1.736346e+09
2  1553.049017    0.000087  0.000020  ...  0.000012  7.651776e+06  1.736346e+09
3  1553.049306    0.000092  0.000017  ...  0.000012  7.666065e+06  1.736346e+09

[4 rows x 13 columns]
CHANNEL_0_11
        cbragg  cbragg_err   credchi  ...  cdelta_n            cL     timestamp
0  1554.053798    0.000074  0.000009  ...  0.000012  7.696198e+06  1.736346e+09
1  1554.062681    0.000070  0.000015  ...  0.000012  7.653756e+06  1.736346e+09
2  1554.053817    0.000072  0.000009  ...  0.000012  7.706510e+06  1.736346e+09
3  1554.062620    0.000075  0.000017  ...  0.000012  7.688000e+06  1.736346e+09

[4 rows x 13 columns]
CHANNEL_0_12
        cbragg  cbragg_err   credchi  ...  cdelta_n            cL     timestamp
0  1555.081861    0.000125  0.000057  ...  0.000012  7.458006e+06  1.736346e+09
1  1555.083624    0.000124  0.000054  ...  0.000012  7.482813e+06  1.736346e+09
2  1555.082008    0.000126  0.000058  ...  0.000012  7.467126e+06  1.736346e+09
3  1555.083652    0.000124  0.000055  ...  0.000012  7.519505e+06  1.736346e+09

[4 rows x 13 columns]
CHANNEL_0_13
        cbragg  cbragg_err   credchi  ...  cdelta_n            cL     timestamp
0  1556.053601    0.000147  0.000040  ...  0.000012  7.654861e+06  1.736346e+09
1  1556.061771    0.000137  0.000047  ...  0.000012  7.680821e+06  1.736346e+09
2  1556.053539    0.000144  0.000039  ...  0.000012  7.673291e+06  1.736346e+09
3  1556.061817    0.000142  0.000050  ...  0.000012  7.681103e+06  1.736346e+09

[4 rows x 13 columns]
CHANNEL_0_14
        cbragg  cbragg_err   credchi  ...  cdelta_n            cL     timestamp
0  1557.026196    0.000103  0.000032  ...  0.000012  7.664988e+06  1.736346e+09
1  1557.030690    0.000106  0.000043  ...  0.000012  7.612180e+06  1.736346e+09
2  1557.026216    0.000102  0.000032  ...  0.000012  7.665652e+06  1.736346e+09
3  1557.030641    0.000106  0.000043  ...  0.000012  7.607845e+06  1.736346e+09

[4 rows x 13 columns]
CHANNEL_1_1
        cbragg  cbragg_err   credchi  ...  cdelta_n            cL     timestamp
0  1556.166123    0.000855  0.001256  ...  0.000012  3.264499e+06  1.736346e+09
1  1556.165693    0.001079  0.000716  ...  0.000012  2.307126e+06  1.736346e+09
2  1556.165735    0.000234  0.000047  ...  0.000012  2.549818e+06  1.736346e+09
3  1556.164935    0.000076  0.000005  ...  0.000012  2.657855e+06  1.736346e+09

[4 rows x 13 columns]
CHANNEL_1_2
        cbragg  cbragg_err   credchi  ...  cdelta_n            cL     timestamp
0  1558.209701    0.000123  0.000022  ...  0.000012  2.789907e+06  1.736346e+09
1  1558.211540    0.000813  0.001611  ...  0.000012  3.359279e+06  1.736346e+09
2  1558.209746    0.000123  0.000022  ...  0.000012  2.788167e+06  1.736346e+09
3  1558.212393    0.000124  0.000022  ...  0.000012  2.760713e+06  1.736346e+09

[4 rows x 13 columns]
CHANNEL_1_3
        cbragg  cbragg_err   credchi  ...  cdelta_n            cL     timestamp
0  1561.026688    0.000109  0.000019  ...  0.000012  2.904625e+06  1.736346e+09
1  1561.023118    0.000046  0.000003  ...  0.000012  2.922274e+06  1.736346e+09
2  1561.026692    0.000045  0.000003  ...  0.000012  2.917272e+06  1.736346e+09
3  1561.023071    0.000043  0.000003  ...  0.000012  2.920147e+06  1.736346e+09

[4 rows x 13 columns]
CHANNEL_2_1
        cbragg  cbragg_err   credchi  ...  cdelta_n            cL     timestamp
0  1543.589150    0.000070  0.000005  ...  0.000012  2.777882e+06  1.736346e+09
1  1543.574459    0.011169  0.004519  ...  0.000012  1.191607e+06  1.736346e+09
2  1543.589106    0.000072  0.000005  ...  0.000012  2.778112e+06  1.736346e+09
3  1543.588297    0.000067  0.000005  ...  0.000012  2.778235e+06  1.736346e+09

[4 rows x 13 columns]
CHANNEL_2_2
        cbragg  cbragg_err   credchi  ...  cdelta_n            cL     timestamp
0  1545.935881    0.000841  0.001027  ...  0.000012  3.253201e+06  1.736346e+09
1  1545.937990    0.000474  0.000256  ...  0.000012  2.973646e+06  1.736346e+09
2  1545.936049    0.000716  0.000642  ...  0.000012  3.115091e+06  1.736346e+09
3  1545.938890    0.000143  0.000017  ...  0.000012  2.676686e+06  1.736346e+09

[4 rows x 13 columns]
CHANNEL_2_3
        cbragg  cbragg_err   credchi  ...  cdelta_n            cL     timestamp
0  1548.535873    0.000087  0.000008  ...  0.000012  2.879531e+06  1.736346e+09
1  1548.537161    0.000089  0.000009  ...  0.000012  2.888635e+06  1.736346e+09
2  1548.536944    0.000727  0.000902  ...  0.000012  3.409483e+06  1.736346e+09
3  1548.537265    0.000092  0.000009  ...  0.000012  2.872052e+06  1.736346e+09

[4 rows x 13 columns]
CHANNEL_3_1
        cbragg  cbragg_err   credchi  ...  cdelta_n            cL     timestamp
0  1544.135484    0.000114  0.000031  ...  0.000012  7.753773e+06  1.736346e+09
1  1544.131993    0.000125  0.000023  ...  0.000012  7.804038e+06  1.736346e+09
2  1544.135428    0.000124  0.000030  ...  0.000012  7.758836e+06  1.736346e+09
3  1544.131838    0.000139  0.000023  ...  0.000012  7.789000e+06  1.736346e+09

[4 rows x 13 columns]
CHANNEL_3_2
        cbragg  cbragg_err   credchi  ...  cdelta_n            cL     timestamp
0  1545.013394    0.000132  0.000025  ...  0.000012  7.900751e+06  1.736346e+09
1  1545.022654    0.000153  0.000041  ...  0.000012  7.825758e+06  1.736346e+09
2  1545.013278    0.000115  0.000025  ...  0.000012  7.887280e+06  1.736346e+09
3  1545.022541    0.000246  0.000044  ...  0.000012  7.826910e+06  1.736346e+09

[4 rows x 13 columns]
CHANNEL_3_3
        cbragg  cbragg_err   credchi  ...  cdelta_n            cL     timestamp
0  1545.714313    0.000111  0.000036  ...  0.000012  7.589832e+06  1.736346e+09
1  1545.716297    0.000118  0.000030  ...  0.000012  7.606299e+06  1.736346e+09
2  1545.714346    0.000114  0.000037  ...  0.000012  7.593664e+06  1.736346e+09
3  1545.716336    0.000117  0.000029  ...  0.000012  7.611300e+06  1.736346e+09

[4 rows x 13 columns]
CHANNEL_3_4
        cbragg  cbragg_err   credchi  ...  cdelta_n            cL     timestamp
0  1546.684659    0.000105  0.000021  ...  0.000012  7.769821e+06  1.736346e+09
1  1546.690606    0.000099  0.000028  ...  0.000012  7.717656e+06  1.736346e+09
2  1546.684673    0.000103  0.000021  ...  0.000012  7.777040e+06  1.736346e+09
3  1546.690561    0.000100  0.000028  ...  0.000012  7.734899e+06  1.736346e+09

[4 rows x 13 columns]
CHANNEL_3_5
        cbragg  cbragg_err   credchi  ...  cdelta_n            cL     timestamp
0  1547.702710    0.000084  0.000017  ...  0.000012  7.582367e+06  1.736346e+09
1  1547.710338    0.000085  0.000017  ...  0.000012  7.608563e+06  1.736346e+09
2  1547.702644    0.000083  0.000017  ...  0.000012  7.580380e+06  1.736346e+09
3  1547.710311    0.000084  0.000016  ...  0.000012  7.606650e+06  1.736346e+09

[4 rows x 13 columns]
CHANNEL_3_6
        cbragg  cbragg_err   credchi  ...  cdelta_n            cL     timestamp
0  1548.691937    0.000091  0.000020  ...  0.000012  7.731158e+06  1.736346e+09
1  1548.693797    0.000089  0.000019  ...  0.000012  7.740595e+06  1.736346e+09
2  1548.692017    0.000088  0.000019  ...  0.000012  7.731799e+06  1.736346e+09
3  1548.693857    0.000087  0.000018  ...  0.000012  7.749262e+06  1.736346e+09

[4 rows x 13 columns]
CHANNEL_3_7
        cbragg  cbragg_err   credchi  ...  cdelta_n            cL     timestamp
0  1549.706265    0.000091  0.000016  ...  0.000012  7.627957e+06  1.736346e+09
1  1549.717128    0.000089  0.000023  ...  0.000012  7.595638e+06  1.736346e+09
2  1549.706324    0.000087  0.000015  ...  0.000012  7.628254e+06  1.736346e+09
3  1549.717164    0.000091  0.000024  ...  0.000012  7.591354e+06  1.736346e+09

[4 rows x 13 columns]
CHANNEL_3_8
        cbragg  cbragg_err   credchi  ...  cdelta_n            cL     timestamp
0  1550.668918    0.000093  0.000018  ...  0.000012  7.609673e+06  1.736346e+09
1  1550.665757    0.000099  0.000015  ...  0.000012  7.645764e+06  1.736346e+09
2  1550.668813    0.000094  0.000019  ...  0.000012  7.563825e+06  1.736346e+09
3  1550.665653    0.000097  0.000015  ...  0.000012  7.654935e+06  1.736346e+09

[4 rows x 13 columns]
CHANNEL_3_9
        cbragg  cbragg_err   credchi  ...  cdelta_n            cL     timestamp
0  1551.659153    0.000122  0.000019  ...  0.000012  7.504842e+06  1.736346e+09
1  1551.668017    0.000093  0.000020  ...  0.000012  7.673672e+06  1.736346e+09
2  1551.659101    0.000096  0.000012  ...  0.000012  7.752539e+06  1.736346e+09
3  1551.667998    0.000092  0.000020  ...  0.000012  7.682063e+06  1.736346e+09

[4 rows x 13 columns]
CHANNEL_3_10
        cbragg  cbragg_err   credchi  ...  cdelta_n            cL     timestamp
0  1552.673401    0.000110  0.000025  ...  0.000012  7.690836e+06  1.736346e+09
1  1552.668798    0.000120  0.000017  ...  0.000012  7.786781e+06  1.736346e+09
2  1552.673448    0.000109  0.000024  ...  0.000012  7.687750e+06  1.736346e+09
3  1552.668729    0.000120  0.000017  ...  0.000012  7.776361e+06  1.736346e+09

[4 rows x 13 columns]
CHANNEL_3_11
        cbragg  cbragg_err   credchi  ...  cdelta_n            cL     timestamp
0  1553.636715    0.000140  0.000031  ...  0.000012  7.904525e+06  1.736346e+09
1  1553.639051    0.000140  0.000045  ...  0.000012  7.840681e+06  1.736346e+09
2  1553.636899    0.000307  0.000125  ...  0.000012  7.100195e+06  1.736346e+09
3  1553.638970    0.000137  0.000044  ...  0.000012  7.857537e+06  1.736346e+09

[4 rows x 13 columns]
CHANNEL_3_12
        cbragg  cbragg_err   credchi  ...  cdelta_n            cL     timestamp
0  1554.615984    0.000103  0.000024  ...  0.000012  7.764794e+06  1.736346e+09
1  1554.614306    0.000110  0.000017  ...  0.000012  7.816281e+06  1.736346e+09
2  1554.616020    0.000103  0.000023  ...  0.000012  7.760443e+06  1.736346e+09
3  1554.614195    0.000202  0.000052  ...  0.000012  7.294402e+06  1.736346e+09

[4 rows x 13 columns]
CHANNEL_3_13
        cbragg  cbragg_err   credchi  ...  cdelta_n            cL     timestamp
0  1555.618761    0.000097  0.000012  ...  0.000012  7.557812e+06  1.736346e+09
1  1555.625152    0.000094  0.000020  ...  0.000012  7.548139e+06  1.736346e+09
2  1555.618828    0.000092  0.000011  ...  0.000012  7.611765e+06  1.736346e+09
3  1555.624965    0.000096  0.000020  ...  0.000012  7.553465e+06  1.736346e+09

[4 rows x 13 columns]
CHANNEL_3_14
        cbragg  cbragg_err   credchi  ...  cdelta_n            cL     timestamp
0  1556.578657    0.000198  0.000092  ...  0.000012  7.691796e+06  1.736346e+09
1  1556.574640    0.000199  0.000056  ...  0.000012  7.745592e+06  1.736346e+09
2  1556.578616    0.000197  0.000091  ...  0.000012  7.687731e+06  1.736346e+09
3  1556.574599    0.000199  0.000056  ...  0.000012  7.745189e+06  1.736346e+09

[4 rows x 13 columns]
