000 (11451992.464.000) 01/28 14:31:49 Job submitted from host: <188.185.114.121:9618?addrs=188.185.114.121-9618+[2001-1458-d00-a--100-273]-9618&alias=bigbird19.cern.ch&noUDP&sock=schedd_2045_4743>
...
040 (11451992.464.000) 01/28 16:23:48 Started transferring input files
	Transferring to host: <188.185.194.64:9618?addrs=188.185.194.64-9618+[2001-1458-303-21--100-3c]-9618&alias=b9p20p4734.cern.ch&noUDP&sock=slot1_34_576807_7639_61363>
...
040 (11451992.464.000) 01/28 16:23:48 Finished transferring input files
...
001 (11451992.464.000) 01/28 16:23:49 Job executing on host: <188.185.194.64:9618?addrs=188.185.194.64-9618+[2001-1458-303-21--100-3c]-9618&alias=b9p20p4734.cern.ch&noUDP&sock=startd_5186_be3d>
	SlotName: slot1_34@b9p20p4734.cern.ch
	CondorScratchDir = "/pool/condor/dir_4092593"
	Cpus = 1
	Disk = 3793
	GPUs = 0
	Memory = 3000
...
006 (11451992.464.000) 01/28 16:23:58 Image size of job updated: 1788
	2  -  MemoryUsage of job (MB)
	1788  -  ResidentSetSize of job (KB)
...
040 (11451992.464.000) 01/28 16:24:31 Started transferring output files
...
040 (11451992.464.000) 01/28 16:24:31 Finished transferring output files
...
005 (11451992.464.000) 01/28 16:24:31 Job terminated.
	(1) Normal termination (return value 0)
		Usr 0 00:00:14, Sys 0 00:00:00  -  Run Remote Usage
		Usr 0 00:00:00, Sys 0 00:00:00  -  Run Local Usage
		Usr 0 00:00:14, Sys 0 00:00:00  -  Total Remote Usage
		Usr 0 00:00:00, Sys 0 00:00:00  -  Total Local Usage
	14886  -  Run Bytes Sent By Job
	5797  -  Run Bytes Received By Job
	14886  -  Total Bytes Sent By Job
	5797  -  Total Bytes Received By Job
	Partitionable Resources :    Usage  Request Allocated 
	   Cpus                 :        0        1         1 
	   Disk (KB)            :       43       10      3793 
	   GPUs                 :                           0 
	   Memory (MB)          :        2     3000      3000 

	Job terminated of its own accord at 2025-01-28T15:24:31Z with exit-code 0.
...
