000 (11451992.488.000) 01/28 14:31:49 Job submitted from host: <188.185.114.121:9618?addrs=188.185.114.121-9618+[2001-1458-d00-a--100-273]-9618&alias=bigbird19.cern.ch&noUDP&sock=schedd_2045_4743>
...
040 (11451992.488.000) 01/28 16:33:25 Started transferring input files
	Transferring to host: <188.185.209.189:9618?addrs=188.185.209.189-9618+[2001-1458-303-12--100-3a]-9618&alias=b9p12p5961.cern.ch&noUDP&sock=slot1_16_3679_f02f_71508>
...
040 (11451992.488.000) 01/28 16:33:25 Finished transferring input files
...
001 (11451992.488.000) 01/28 16:33:26 Job executing on host: <188.185.209.189:9618?addrs=188.185.209.189-9618+[2001-1458-303-12--100-3a]-9618&alias=b9p12p5961.cern.ch&noUDP&sock=startd_3623_a7b6>
	SlotName: slot1_16@b9p12p5961.cern.ch
	CondorScratchDir = "/pool/condor/dir_2709729"
	Cpus = 1
	Disk = 3862
	GPUs = 0
	Memory = 3000
...
006 (11451992.488.000) 01/28 16:33:34 Image size of job updated: 92620
	91  -  MemoryUsage of job (MB)
	92620  -  ResidentSetSize of job (KB)
...
040 (11451992.488.000) 01/28 16:33:35 Started transferring output files
...
040 (11451992.488.000) 01/28 16:33:35 Finished transferring output files
...
005 (11451992.488.000) 01/28 16:33:35 Job terminated.
	(1) Normal termination (return value 0)
		Usr 0 00:00:06, Sys 0 00:00:00  -  Run Remote Usage
		Usr 0 00:00:00, Sys 0 00:00:00  -  Run Local Usage
		Usr 0 00:00:06, Sys 0 00:00:00  -  Total Remote Usage
		Usr 0 00:00:00, Sys 0 00:00:00  -  Total Local Usage
	14886  -  Run Bytes Sent By Job
	5797  -  Run Bytes Received By Job
	14886  -  Total Bytes Sent By Job
	5797  -  Total Bytes Received By Job
	Partitionable Resources :    Usage  Request Allocated 
	   Cpus                 :        0        1         1 
	   Disk (KB)            :       47       10      3862 
	   GPUs                 :                           0 
	   Memory (MB)          :       91     3000      3000 

	Job terminated of its own accord at 2025-01-28T15:33:35Z with exit-code 0.
...
