000 (11451992.233.000) 01/28 14:31:49 Job submitted from host: <188.185.114.121:9618?addrs=188.185.114.121-9618+[2001-1458-d00-a--100-273]-9618&alias=bigbird19.cern.ch&noUDP&sock=schedd_2045_4743>
...
040 (11451992.233.000) 01/28 14:40:50 Started transferring input files
	Transferring to host: <188.185.193.73:9618?addrs=188.185.193.73-9618+[2001-1458-303-20--100-45]-9618&alias=b9p19p2832.cern.ch&noUDP&sock=slot1_20_8155_af65_97327>
...
040 (11451992.233.000) 01/28 14:40:50 Finished transferring input files
...
001 (11451992.233.000) 01/28 14:40:51 Job executing on host: <188.185.193.73:9618?addrs=188.185.193.73-9618+[2001-1458-303-20--100-45]-9618&alias=b9p19p2832.cern.ch&noUDP&sock=startd_7258_f678>
	SlotName: slot1_20@b9p19p2832.cern.ch
	CondorScratchDir = "/pool/condor/dir_2784244"
	Cpus = 1
	Disk = 3846
	GPUs = 0
	Memory = 3000
...
006 (11451992.233.000) 01/28 14:40:53 Image size of job updated: 316
	1  -  MemoryUsage of job (MB)
	316  -  ResidentSetSize of job (KB)
...
040 (11451992.233.000) 01/28 14:40:53 Started transferring output files
...
040 (11451992.233.000) 01/28 14:40:53 Finished transferring output files
...
005 (11451992.233.000) 01/28 14:40:53 Job terminated.
	(1) Normal termination (return value 0)
		Usr 0 00:00:01, Sys 0 00:00:00  -  Run Remote Usage
		Usr 0 00:00:00, Sys 0 00:00:00  -  Run Local Usage
		Usr 0 00:00:01, Sys 0 00:00:00  -  Total Remote Usage
		Usr 0 00:00:00, Sys 0 00:00:00  -  Total Local Usage
	5526  -  Run Bytes Sent By Job
	5797  -  Run Bytes Received By Job
	5526  -  Total Bytes Sent By Job
	5797  -  Total Bytes Received By Job
	Partitionable Resources :    Usage  Request Allocated 
	   Cpus                 :        0        1         1 
	   Disk (KB)            :       35       10      3846 
	   GPUs                 :                           0 
	   Memory (MB)          :        1     3000      3000 

	Job terminated of its own accord at 2025-01-28T13:40:53Z with exit-code 0.
...
