CHANNEL_0_1
        cbragg  cbragg_err   credchi  ...  cdelta_n            cL     timestamp
0  1544.611672    0.000203  0.000047  ...  0.000012  7.701265e+06  1.736188e+09
1  1544.620237    0.000102  0.000057  ...  0.000012  7.706750e+06  1.736188e+09

[2 rows x 13 columns]
CHANNEL_0_2
        cbragg  cbragg_err   credchi  ...  cdelta_n            cL     timestamp
0  1545.430693    0.000088  0.000018  ...  0.000012  7.684477e+06  1.736188e+09
1  1545.433130    0.000086  0.000019  ...  0.000012  7.682047e+06  1.736188e+09

[2 rows x 13 columns]
CHANNEL_0_3
        cbragg  cbragg_err   credchi  ...  cdelta_n            cL     timestamp
0  1546.125437    0.000110  0.000040  ...  0.000012  7.672264e+06  1.736188e+09
1  1546.134706    0.000111  0.000057  ...  0.000012  7.650364e+06  1.736188e+09

[2 rows x 13 columns]
CHANNEL_0_4
        cbragg  cbragg_err   credchi  ...  cdelta_n            cL     timestamp
0  1547.122591    0.000113  0.000046  ...  0.000012  7.868892e+06  1.736188e+09
1  1547.125176    0.000110  0.000051  ...  0.000012  7.867494e+06  1.736188e+09

[2 rows x 13 columns]
CHANNEL_0_5
        cbragg  cbragg_err   credchi  ...  cdelta_n            cL     timestamp
0  1548.096613    0.000093  0.000044  ...  0.000012  7.813811e+06  1.736188e+09
1  1548.101747    0.000092  0.000037  ...  0.000012  7.728243e+06  1.736188e+09

[2 rows x 13 columns]
CHANNEL_0_6
        cbragg  cbragg_err   credchi  ...  cdelta_n            cL     timestamp
0  1549.074326    0.000074  0.000022  ...  0.000012  7.598601e+06  1.736188e+09
1  1549.084788    0.000081  0.000045  ...  0.000012  7.493289e+06  1.736188e+09

[2 rows x 13 columns]
CHANNEL_0_7
        cbragg  cbragg_err   credchi  ...  cdelta_n            cL     timestamp
0  1550.079702    0.000127  0.000049  ...  0.000012  7.582907e+06  1.736188e+09
1  1550.082165    0.000126  0.000051  ...  0.000012  7.619664e+06  1.736188e+09

[2 rows x 13 columns]
CHANNEL_0_8
        cbragg  cbragg_err   credchi  ...  cdelta_n            cL     timestamp
0  1551.055406    0.000074  0.000017  ...  0.000012  7.584190e+06  1.736188e+09
1  1551.062703    0.000074  0.000019  ...  0.000012  7.607215e+06  1.736188e+09

[2 rows x 13 columns]
CHANNEL_0_9
        cbragg  cbragg_err   credchi  ...  cdelta_n            cL     timestamp
0  1552.036857    0.000095  0.000018  ...  0.000012  7.710837e+06  1.736188e+09
1  1552.046588    0.000090  0.000031  ...  0.000012  7.651918e+06  1.736188e+09

[2 rows x 13 columns]
CHANNEL_0_10
        cbragg  cbragg_err   credchi  ...  cdelta_n            cL     timestamp
0  1553.047372    0.000089  0.000020  ...  0.000012  7.747196e+06  1.736188e+09
1  1553.048152    0.000089  0.000017  ...  0.000012  7.739977e+06  1.736188e+09

[2 rows x 13 columns]
CHANNEL_0_11
        cbragg  cbragg_err   credchi  ...  cdelta_n            cL     timestamp
0  1554.052061    0.000071  0.000008  ...  0.000012  7.706459e+06  1.736188e+09
1  1554.061433    0.000068  0.000014  ...  0.000012  7.676504e+06  1.736188e+09

[2 rows x 13 columns]
CHANNEL_0_12
        cbragg  cbragg_err   credchi  ...  cdelta_n            cL     timestamp
0  1555.080196    0.000120  0.000052  ...  0.000012  7.475598e+06  1.736188e+09
1  1555.082600    0.000118  0.000050  ...  0.000012  7.492471e+06  1.736188e+09

[2 rows x 13 columns]
CHANNEL_0_13
        cbragg  cbragg_err   credchi  ...  cdelta_n            cL     timestamp
0  1556.051831    0.000144  0.000039  ...  0.000012  7.664702e+06  1.736188e+09
1  1556.060419    0.000139  0.000048  ...  0.000012  7.698326e+06  1.736188e+09

[2 rows x 13 columns]
CHANNEL_0_14
        cbragg  cbragg_err   credchi  ...  cdelta_n            cL     timestamp
0  1557.024547    0.000101  0.000031  ...  0.000012  7.665870e+06  1.736188e+09
1  1557.029509    0.000104  0.000042  ...  0.000012  7.614286e+06  1.736188e+09

[2 rows x 13 columns]
CHANNEL_1_1
        cbragg  cbragg_err   credchi  ...  cdelta_n            cL     timestamp
0  1556.152740    0.000591  0.000505  ...  0.000012  3.058686e+06  1.736188e+09
1  1556.151737    0.000077  0.000005  ...  0.000012  2.674650e+06  1.736188e+09

[2 rows x 13 columns]
CHANNEL_1_2
        cbragg  cbragg_err  credchi  ...  cdelta_n            cL     timestamp
0  1558.207719    0.000718  0.00108  ...  0.000012  3.250724e+06  1.736188e+09
1  1558.210029    0.000809  0.00166  ...  0.000012  3.387740e+06  1.736188e+09

[2 rows x 13 columns]
CHANNEL_1_3
        cbragg  cbragg_err   credchi  ...  cdelta_n            cL     timestamp
0  1561.025463    0.000457  0.000428  ...  0.000012  3.227473e+06  1.736188e+09
1  1561.022640    0.000224  0.000091  ...  0.000012  3.064419e+06  1.736188e+09

[2 rows x 13 columns]
CHANNEL_2_1
        cbragg  cbragg_err   credchi  ...  cdelta_n            cL     timestamp
0  1543.570119    0.011521  0.004811  ...  0.000012  1.119733e+06  1.736188e+09
1  1543.577590    0.011865  0.004785  ...  0.000012  1.118989e+06  1.736188e+09

[2 rows x 13 columns]
CHANNEL_2_2
        cbragg  cbragg_err   credchi  ...  cdelta_n            cL     timestamp
0  1545.934302    0.000649  0.000507  ...  0.000012  3.062093e+06  1.736188e+09
1  1545.936835    0.000150  0.000019  ...  0.000012  2.667327e+06  1.736188e+09

[2 rows x 13 columns]
CHANNEL_2_3
        cbragg  cbragg_err   credchi  ...  cdelta_n            cL     timestamp
0  1548.534258    0.000085  0.000008  ...  0.000012  2.895149e+06  1.736188e+09
1  1548.537635    0.000389  0.000212  ...  0.000012  3.145665e+06  1.736188e+09

[2 rows x 13 columns]
CHANNEL_3_1
        cbragg  cbragg_err   credchi  ...  cdelta_n            cL     timestamp
0  1544.122758    0.000110  0.000028  ...  0.000012  7.751497e+06  1.736188e+09
1  1544.121201    0.000119  0.000021  ...  0.000012  7.801567e+06  1.736188e+09

[2 rows x 13 columns]
CHANNEL_3_2
        cbragg  cbragg_err   credchi  ...  cdelta_n            cL     timestamp
0  1545.003387    0.000239  0.000022  ...  0.000012  7.944514e+06  1.736188e+09
1  1545.013713    0.000110  0.000037  ...  0.000012  7.853906e+06  1.736188e+09

[2 rows x 13 columns]
CHANNEL_3_3
        cbragg  cbragg_err   credchi  ...  cdelta_n            cL     timestamp
0  1545.711459    0.000109  0.000033  ...  0.000012  7.603712e+06  1.736188e+09
1  1545.715616    0.000115  0.000029  ...  0.000012  7.623623e+06  1.736188e+09

[2 rows x 13 columns]
CHANNEL_3_4
        cbragg  cbragg_err   credchi  ...  cdelta_n            cL     timestamp
0  1546.682526    0.000095  0.000018  ...  0.000012  7.805783e+06  1.736188e+09
1  1546.689682    0.000094  0.000025  ...  0.000012  7.744333e+06  1.736188e+09

[2 rows x 13 columns]
CHANNEL_3_5
        cbragg  cbragg_err   credchi  ...  cdelta_n            cL     timestamp
0  1547.700490    0.000079  0.000015  ...  0.000012  7.601485e+06  1.736188e+09
1  1547.709537    0.000079  0.000015  ...  0.000012  7.631987e+06  1.736188e+09

[2 rows x 13 columns]
CHANNEL_3_6
        cbragg  cbragg_err   credchi  ...  cdelta_n            cL     timestamp
0  1548.689623    0.000086  0.000018  ...  0.000012  7.736107e+06  1.736188e+09
1  1548.693478    0.000084  0.000017  ...  0.000012  7.730795e+06  1.736188e+09

[2 rows x 13 columns]
CHANNEL_3_7
        cbragg  cbragg_err   credchi  ...  cdelta_n            cL     timestamp
0  1549.704654    0.000083  0.000013  ...  0.000012  7.659349e+06  1.736188e+09
1  1549.716561    0.000086  0.000021  ...  0.000012  7.675197e+06  1.736188e+09

[2 rows x 13 columns]
CHANNEL_3_8
        cbragg  cbragg_err   credchi  ...  cdelta_n            cL     timestamp
0  1550.666499    0.000088  0.000016  ...  0.000012  7.620729e+06  1.736188e+09
1  1550.665494    0.000092  0.000014  ...  0.000012  7.649065e+06  1.736188e+09

[2 rows x 13 columns]
CHANNEL_3_9
        cbragg  cbragg_err   credchi  ...  cdelta_n            cL     timestamp
0  1551.656989    0.000086  0.000010  ...  0.000012  7.786087e+06  1.736188e+09
1  1551.667346    0.000087  0.000018  ...  0.000012  7.704612e+06  1.736188e+09

[2 rows x 13 columns]
CHANNEL_3_10
        cbragg  cbragg_err   credchi  ...  cdelta_n            cL     timestamp
0  1552.671148    0.000104  0.000022  ...  0.000012  7.718859e+06  1.736188e+09
1  1552.668598    0.000113  0.000015  ...  0.000012  7.766036e+06  1.736188e+09

[2 rows x 13 columns]
CHANNEL_3_11
        cbragg  cbragg_err   credchi  ...  cdelta_n            cL     timestamp
0  1553.634462    0.000134  0.000029  ...  0.000012  7.972291e+06  1.736188e+09
1  1553.638320    0.000130  0.000039  ...  0.000012  7.886098e+06  1.736188e+09

[2 rows x 13 columns]
CHANNEL_3_12
        cbragg  cbragg_err   credchi  ...  cdelta_n            cL     timestamp
0  1554.613677    0.000098  0.000021  ...  0.000012  7.767002e+06  1.736188e+09
1  1554.613886    0.000103  0.000015  ...  0.000012  7.824010e+06  1.736188e+09

[2 rows x 13 columns]
CHANNEL_3_13
        cbragg  cbragg_err   credchi  ...  cdelta_n            cL     timestamp
0  1555.616494    0.000090  0.000010  ...  0.000012  7.625048e+06  1.736188e+09
1  1555.624169    0.000091  0.000018  ...  0.000012  7.568554e+06  1.736188e+09

[2 rows x 13 columns]
CHANNEL_3_14
        cbragg  cbragg_err   credchi  ...  cdelta_n            cL     timestamp
0  1556.576339    0.000196  0.000089  ...  0.000012  7.686369e+06  1.736188e+09
1  1556.574433    0.000191  0.000053  ...  0.000012  7.756336e+06  1.736188e+09

[2 rows x 13 columns]
