000 (11451992.371.000) 01/28 14:31:49 Job submitted from host: <188.185.114.121:9618?addrs=188.185.114.121-9618+[2001-1458-d00-a--100-273]-9618&alias=bigbird19.cern.ch&noUDP&sock=schedd_2045_4743>
...
040 (11451992.371.000) 01/28 15:35:28 Started transferring input files
	Transferring to host: <188.185.204.181:9618?addrs=188.185.204.181-9618+[2001-1458-303-8--100-a9]-9618&alias=b9p02p9149.cern.ch&noUDP&sock=slot1_8_5102_9209_184039>
...
040 (11451992.371.000) 01/28 15:35:28 Finished transferring input files
...
001 (11451992.371.000) 01/28 15:35:29 Job executing on host: <188.185.204.181:9618?addrs=188.185.204.181-9618+[2001-1458-303-8--100-a9]-9618&alias=b9p02p9149.cern.ch&noUDP&sock=startd_4206_8b6d>
	SlotName: slot1_8@b9p02p9149.cern.ch
	CondorScratchDir = "/pool/condor/dir_2935092"
	Cpus = 1
	Disk = 2843327
	Memory = 3000
...
006 (11451992.371.000) 01/28 15:35:38 Image size of job updated: 32704
	32  -  MemoryUsage of job (MB)
	32132  -  ResidentSetSize of job (KB)
...
006 (11451992.371.000) 01/28 15:40:40 Image size of job updated: 334592
	327  -  MemoryUsage of job (MB)
	334592  -  ResidentSetSize of job (KB)
...
006 (11451992.371.000) 01/28 15:45:40 Image size of job updated: 524068
	512  -  MemoryUsage of job (MB)
	523848  -  ResidentSetSize of job (KB)
...
006 (11451992.371.000) 01/28 15:50:40 Image size of job updated: 721372
	705  -  MemoryUsage of job (MB)
	721372  -  ResidentSetSize of job (KB)
...
006 (11451992.371.000) 01/28 15:55:41 Image size of job updated: 921096
	900  -  MemoryUsage of job (MB)
	921096  -  ResidentSetSize of job (KB)
...
006 (11451992.371.000) 01/28 16:00:42 Image size of job updated: 1650360
	1612  -  MemoryUsage of job (MB)
	1650360  -  ResidentSetSize of job (KB)
...
006 (11451992.371.000) 01/28 16:05:42 Image size of job updated: 1999360
	1953  -  MemoryUsage of job (MB)
	1999360  -  ResidentSetSize of job (KB)
...
006 (11451992.371.000) 01/28 16:10:42 Image size of job updated: 2072724
	2025  -  MemoryUsage of job (MB)
	2072724  -  ResidentSetSize of job (KB)
...
006 (11451992.371.000) 01/28 16:15:43 Image size of job updated: 2111996
	2063  -  MemoryUsage of job (MB)
	2111996  -  ResidentSetSize of job (KB)
...
006 (11451992.371.000) 01/28 16:20:44 Image size of job updated: 2150616
	2101  -  MemoryUsage of job (MB)
	2150616  -  ResidentSetSize of job (KB)
...
006 (11451992.371.000) 01/28 16:25:44 Image size of job updated: 2188740
	2138  -  MemoryUsage of job (MB)
	2188740  -  ResidentSetSize of job (KB)
...
006 (11451992.371.000) 01/28 16:30:44 Image size of job updated: 2226576
	2175  -  MemoryUsage of job (MB)
	2226576  -  ResidentSetSize of job (KB)
...
006 (11451992.371.000) 01/28 16:31:47 Image size of job updated: 2249920
	2175  -  MemoryUsage of job (MB)
	2226576  -  ResidentSetSize of job (KB)
...
040 (11451992.371.000) 01/28 16:31:47 Started transferring output files
...
040 (11451992.371.000) 01/28 16:31:47 Finished transferring output files
...
005 (11451992.371.000) 01/28 16:31:47 Job terminated.
	(1) Normal termination (return value 0)
		Usr 0 00:52:50, Sys 0 00:00:04  -  Run Remote Usage
		Usr 0 00:00:00, Sys 0 00:00:00  -  Run Local Usage
		Usr 0 00:52:50, Sys 0 00:00:04  -  Total Remote Usage
		Usr 0 00:00:00, Sys 0 00:00:00  -  Total Local Usage
	40692  -  Run Bytes Sent By Job
	5797  -  Run Bytes Received By Job
	40692  -  Total Bytes Sent By Job
	5797  -  Total Bytes Received By Job
	Partitionable Resources :    Usage  Request Allocated 
	   Cpus                 :     0.98        1         1 
	   Disk (KB)            :    70          10   2843327 
	   Memory (MB)          :  2175        3000      3000 

	Job terminated of its own accord at 2025-01-28T15:31:47Z with exit-code 0.
...
