CHANNEL_0_1
        cbragg  cbragg_err   credchi  ...  cdelta_n            cL     timestamp
0  1544.613790    0.000158  0.000049  ...  0.000012  7.694756e+06  1.736252e+09
1  1544.622057    0.000108  0.000058  ...  0.000012  7.680862e+06  1.736252e+09

[2 rows x 13 columns]
CHANNEL_0_2
        cbragg  cbragg_err   credchi  ...  cdelta_n            cL     timestamp
0  1545.430873    0.000087  0.000017  ...  0.000012  7.676530e+06  1.736252e+09
1  1545.432799    0.000087  0.000019  ...  0.000012  7.634870e+06  1.736252e+09

[2 rows x 13 columns]
CHANNEL_0_3
        cbragg  cbragg_err   credchi  ...  cdelta_n            cL     timestamp
0  1546.127597    0.000108  0.000039  ...  0.000012  7.690293e+06  1.736252e+09
1  1546.136505    0.000111  0.000056  ...  0.000012  7.652503e+06  1.736252e+09

[2 rows x 13 columns]
CHANNEL_0_4
        cbragg  cbragg_err   credchi  ...  cdelta_n            cL     timestamp
0  1547.124765    0.000121  0.000055  ...  0.000012  8.011289e+06  1.736252e+09
1  1547.126897    0.000118  0.000058  ...  0.000012  7.959565e+06  1.736252e+09

[2 rows x 13 columns]
CHANNEL_0_5
        cbragg  cbragg_err   credchi  ...  cdelta_n            cL     timestamp
0  1548.098628    0.000088  0.000039  ...  0.000012  7.716882e+06  1.736252e+09
1  1548.103669    0.000094  0.000038  ...  0.000012  7.711306e+06  1.736252e+09

[2 rows x 13 columns]
CHANNEL_0_6
        cbragg  cbragg_err   credchi  ...  cdelta_n            cL     timestamp
0  1549.076413    0.000075  0.000023  ...  0.000012  7.589348e+06  1.736252e+09
1  1549.086456    0.000088  0.000053  ...  0.000012  7.552423e+06  1.736252e+09

[2 rows x 13 columns]
CHANNEL_0_7
        cbragg  cbragg_err   credchi  ...  cdelta_n            cL     timestamp
0  1550.081775    0.000129  0.000050  ...  0.000012  7.647132e+06  1.736252e+09
1  1550.084178    0.000170  0.000093  ...  0.000012  7.875613e+06  1.736252e+09

[2 rows x 13 columns]
CHANNEL_0_8
        cbragg  cbragg_err   credchi  ...  cdelta_n            cL     timestamp
0  1551.057854    0.000076  0.000018  ...  0.000012  7.663950e+06  1.736252e+09
1  1551.064962    0.000073  0.000019  ...  0.000012  7.607974e+06  1.736252e+09

[2 rows x 13 columns]
CHANNEL_0_9
        cbragg  cbragg_err   credchi  ...  cdelta_n            cL     timestamp
0  1552.039283    0.000091  0.000017  ...  0.000012  7.662626e+06  1.736252e+09
1  1552.048999    0.000090  0.000031  ...  0.000012  7.683222e+06  1.736252e+09

[2 rows x 13 columns]
CHANNEL_0_10
        cbragg  cbragg_err   credchi  ...  cdelta_n            cL     timestamp
0  1553.049818    0.000090  0.000020  ...  0.000012  7.681092e+06  1.736252e+09
1  1553.050336    0.000089  0.000016  ...  0.000012  7.702125e+06  1.736252e+09

[2 rows x 13 columns]
CHANNEL_0_11
        cbragg  cbragg_err   credchi  ...  cdelta_n            cL     timestamp
0  1554.054455    0.000071  0.000008  ...  0.000012  7.666051e+06  1.736252e+09
1  1554.063537    0.000072  0.000015  ...  0.000012  7.652229e+06  1.736252e+09

[2 rows x 13 columns]
CHANNEL_0_12
        cbragg  cbragg_err   credchi  ...  cdelta_n            cL     timestamp
0  1555.082817    0.000115  0.000047  ...  0.000012  7.485879e+06  1.736252e+09
1  1555.084749    0.000135  0.000065  ...  0.000012  7.608205e+06  1.736252e+09

[2 rows x 13 columns]
CHANNEL_0_13
        cbragg  cbragg_err   credchi  ...  cdelta_n            cL     timestamp
0  1556.054528    0.000140  0.000037  ...  0.000012  7.633682e+06  1.736252e+09
1  1556.062958    0.000136  0.000046  ...  0.000012  7.689812e+06  1.736252e+09

[2 rows x 13 columns]
CHANNEL_0_14
        cbragg  cbragg_err   credchi  ...  cdelta_n            cL     timestamp
0  1557.027351    0.000101  0.000031  ...  0.000012  7.657645e+06  1.736252e+09
1  1557.031939    0.000103  0.000040  ...  0.000012  7.608747e+06  1.736252e+09

[2 rows x 13 columns]
CHANNEL_1_1
        cbragg  cbragg_err   credchi  ...  cdelta_n            cL     timestamp
0  1556.155874    0.000088  0.000008  ...  0.000012  2.676069e+06  1.736252e+09
1  1556.155321    0.000304  0.000072  ...  0.000012  2.528191e+06  1.736252e+09

[2 rows x 13 columns]
CHANNEL_1_2
        cbragg  cbragg_err   credchi  ...  cdelta_n            cL     timestamp
0  1558.210281    0.001100  0.003183  ...  0.000012  3.582752e+06  1.736252e+09
1  1558.213462    0.000123  0.000022  ...  0.000012  2.771944e+06  1.736252e+09

[2 rows x 13 columns]
CHANNEL_1_3
        cbragg  cbragg_err   credchi  ...  cdelta_n            cL     timestamp
0  1561.027583    0.000057  0.000005  ...  0.000012  2.926088e+06  1.736252e+09
1  1561.024119    0.000046  0.000003  ...  0.000012  2.923804e+06  1.736252e+09

[2 rows x 13 columns]
CHANNEL_2_1
        cbragg  cbragg_err   credchi  ...  cdelta_n            cL     timestamp
0  1543.576546    0.000072  0.000005  ...  0.000012  2.779314e+06  1.736252e+09
1  1543.576076         NaN  0.000004  ...  0.000012  2.779731e+06  1.736252e+09

[2 rows x 13 columns]
CHANNEL_2_2
        cbragg  cbragg_err   credchi  ...  cdelta_n            cL     timestamp
0  1545.936295    0.001064  0.001806  ...  0.000012  3.424329e+06  1.736252e+09
1  1545.939533    0.000124  0.000012  ...  0.000012  2.695210e+06  1.736252e+09

[2 rows x 13 columns]
CHANNEL_2_3
        cbragg  cbragg_err   credchi  ...  cdelta_n            cL     timestamp
0  1548.536796    0.000107  0.000013  ...  0.000012  2.881208e+06  1.736252e+09
1  1548.538144    0.000095  0.000010  ...  0.000012  2.868508e+06  1.736252e+09

[2 rows x 13 columns]
CHANNEL_3_1
        cbragg  cbragg_err   credchi  ...  cdelta_n            cL     timestamp
0  1544.124739    0.000185  0.000028  ...  0.000012  7.760923e+06  1.736252e+09
1  1544.123070    0.000117  0.000020  ...  0.000012  7.814178e+06  1.736252e+09

[2 rows x 13 columns]
CHANNEL_3_2
        cbragg  cbragg_err   credchi  ...  cdelta_n            cL     timestamp
0  1545.003050    0.000115  0.000024  ...  0.000012  7.907171e+06  1.736252e+09
1  1545.013551    0.000242  0.000038  ...  0.000012  7.843457e+06  1.736252e+09

[2 rows x 13 columns]
CHANNEL_3_3
        cbragg  cbragg_err   credchi  ...  cdelta_n            cL     timestamp
0  1545.713624    0.000111  0.000034  ...  0.000012  7.581550e+06  1.736252e+09
1  1545.717362    0.000109  0.000026  ...  0.000012  7.610093e+06  1.736252e+09

[2 rows x 13 columns]
CHANNEL_3_4
        cbragg  cbragg_err   credchi  ...  cdelta_n            cL     timestamp
0  1546.684438    0.000164  0.000048  ...  0.000012  7.366523e+06  1.736252e+09
1  1546.691495    0.000099  0.000028  ...  0.000012  7.654956e+06  1.736252e+09

[2 rows x 13 columns]
CHANNEL_3_5
        cbragg  cbragg_err   credchi  ...  cdelta_n            cL     timestamp
0  1547.702880    0.000091  0.000014  ...  0.000012  7.601591e+06  1.736252e+09
1  1547.711653    0.000078  0.000014  ...  0.000012  7.629213e+06  1.736252e+09

[2 rows x 13 columns]
CHANNEL_3_6
        cbragg  cbragg_err   credchi  ...  cdelta_n            cL     timestamp
0  1548.691951    0.000084  0.000017  ...  0.000012  7.746166e+06  1.736252e+09
1  1548.695543    0.000081  0.000016  ...  0.000012  7.773313e+06  1.736252e+09

[2 rows x 13 columns]
CHANNEL_3_7
        cbragg  cbragg_err   credchi  ...  cdelta_n            cL     timestamp
0  1549.706742    0.000084  0.000014  ...  0.000012  7.647521e+06  1.736252e+09
1  1549.718466    0.000085  0.000020  ...  0.000012  7.601923e+06  1.736252e+09

[2 rows x 13 columns]
CHANNEL_3_8
        cbragg  cbragg_err   credchi  ...  cdelta_n            cL     timestamp
0  1550.669050    0.000089  0.000016  ...  0.000012  7.627791e+06  1.736252e+09
1  1550.667726    0.000094  0.000014  ...  0.000012  7.657469e+06  1.736252e+09

[2 rows x 13 columns]
CHANNEL_3_9
        cbragg  cbragg_err   credchi  ...  cdelta_n            cL     timestamp
0  1551.659458    0.000087  0.000010  ...  0.000012  7.788486e+06  1.736252e+09
1  1551.669683    0.000090  0.000019  ...  0.000012  7.706129e+06  1.736252e+09

[2 rows x 13 columns]
CHANNEL_3_10
        cbragg  cbragg_err   credchi  ...  cdelta_n            cL     timestamp
0  1552.673649    0.000104  0.000022  ...  0.000012  7.708084e+06  1.736252e+09
1  1552.670700    0.000108  0.000013  ...  0.000012  7.786251e+06  1.736252e+09

[2 rows x 13 columns]
CHANNEL_3_11
        cbragg  cbragg_err   credchi  ...  cdelta_n            cL     timestamp
0  1553.636846    0.000132  0.000027  ...  0.000012  7.918399e+06  1.736252e+09
1  1553.640654    0.000133  0.000041  ...  0.000012  7.859731e+06  1.736252e+09

[2 rows x 13 columns]
CHANNEL_3_12
        cbragg  cbragg_err   credchi  ...  cdelta_n            cL     timestamp
0  1554.616197    0.000098  0.000020  ...  0.000012  7.758391e+06  1.736252e+09
1  1554.616117    0.000266  0.000087  ...  0.000012  7.094246e+06  1.736252e+09

[2 rows x 13 columns]
CHANNEL_3_13
        cbragg  cbragg_err   credchi  ...  cdelta_n            cL     timestamp
0  1555.618907    0.000087  0.000009  ...  0.000012  7.628587e+06  1.736252e+09
1  1555.626545    0.000087  0.000017  ...  0.000012  7.574917e+06  1.736252e+09

[2 rows x 13 columns]
CHANNEL_3_14
        cbragg  cbragg_err   credchi  ...  cdelta_n            cL     timestamp
0  1556.579002    0.000192  0.000084  ...  0.000012  7.688143e+06  1.736252e+09
1  1556.576709    0.000195  0.000054  ...  0.000012  7.739702e+06  1.736252e+09

[2 rows x 13 columns]
