000 (11451992.520.000) 01/28 14:31:49 Job submitted from host: <188.185.114.121:9618?addrs=188.185.114.121-9618+[2001-1458-d00-a--100-273]-9618&alias=bigbird19.cern.ch&noUDP&sock=schedd_2045_4743>
...
040 (11451992.520.000) 01/28 16:45:00 Started transferring input files
	Transferring to host: <188.185.194.19:9618?addrs=188.185.194.19-9618+[2001-1458-303-21--100-f]-9618&alias=b9p20p7492.cern.ch&noUDP&sock=slot1_25_2638553_0879_44078>
...
040 (11451992.520.000) 01/28 16:45:00 Finished transferring input files
...
001 (11451992.520.000) 01/28 16:45:01 Job executing on host: <188.185.194.19:9618?addrs=188.185.194.19-9618+[2001-1458-303-21--100-f]-9618&alias=b9p20p7492.cern.ch&noUDP&sock=startd_4871_ade8>
	SlotName: slot1_25@b9p20p7492.cern.ch
	CondorScratchDir = "/pool/condor/dir_2892489"
	Cpus = 1
	Disk = 3828
	GPUs = 0
	Memory = 3000
...
006 (11451992.520.000) 01/28 16:45:09 Image size of job updated: 74156
	73  -  MemoryUsage of job (MB)
	74156  -  ResidentSetSize of job (KB)
...
006 (11451992.520.000) 01/28 16:45:30 Image size of job updated: 79556
	78  -  MemoryUsage of job (MB)
	79556  -  ResidentSetSize of job (KB)
...
040 (11451992.520.000) 01/28 16:45:30 Started transferring output files
...
040 (11451992.520.000) 01/28 16:45:30 Finished transferring output files
...
005 (11451992.520.000) 01/28 16:45:30 Job terminated.
	(1) Normal termination (return value 0)
		Usr 0 00:00:12, Sys 0 00:00:00  -  Run Remote Usage
		Usr 0 00:00:00, Sys 0 00:00:00  -  Run Local Usage
		Usr 0 00:00:12, Sys 0 00:00:00  -  Total Remote Usage
		Usr 0 00:00:00, Sys 0 00:00:00  -  Total Local Usage
	14886  -  Run Bytes Sent By Job
	5797  -  Run Bytes Received By Job
	14886  -  Total Bytes Sent By Job
	5797  -  Total Bytes Received By Job
	Partitionable Resources :    Usage  Request Allocated 
	   Cpus                 :        0        1         1 
	   Disk (KB)            :       42       10      3828 
	   GPUs                 :                           0 
	   Memory (MB)          :       78     3000      3000 

	Job terminated of its own accord at 2025-01-28T15:45:30Z with exit-code 0.
...
