CHANNEL_0_1
        cbragg  cbragg_err   credchi  ...  cdelta_n            cL     timestamp
0  1545.100159    0.000090  0.000278  ...  0.000012  7.781697e+06  1.733738e+09
1  1545.086383    0.000087  0.000188  ...  0.000012  7.817807e+06  1.733738e+09

[2 rows x 13 columns]
CHANNEL_0_2
        cbragg  cbragg_err   credchi  ...  cdelta_n            cL     timestamp
0  1546.012129    0.000070  0.000074  ...  0.000012  7.707496e+06  1.733738e+09
1  1546.003805    0.000091  0.000107  ...  0.000012  7.824095e+06  1.733738e+09

[2 rows x 13 columns]
CHANNEL_0_3
        cbragg  cbragg_err   credchi  ...  cdelta_n            cL     timestamp
0  1546.955731    0.000119  0.000361  ...  0.000012  7.813566e+06  1.733738e+09
1  1546.943843    0.000098  0.000195  ...  0.000012  7.711966e+06  1.733738e+09

[2 rows x 13 columns]
CHANNEL_0_4
        cbragg  cbragg_err   credchi  ...  cdelta_n            cL     timestamp
0  1547.923335    0.000292  0.002886  ...  0.000012  8.753838e+06  1.733738e+09
1  1547.911398    0.000109  0.000195  ...  0.000012  7.874640e+06  1.733738e+09

[2 rows x 13 columns]
CHANNEL_0_5
        cbragg  cbragg_err   credchi  ...  cdelta_n            cL     timestamp
0  1548.870992    0.000086  0.000195  ...  0.000012  7.691822e+06  1.733738e+09
1  1548.864394    0.000085  0.000204  ...  0.000012  7.662649e+06  1.733738e+09

[2 rows x 13 columns]
CHANNEL_0_6
       cbragg  cbragg_err   credchi  ...  cdelta_n            cL     timestamp
0  1549.83936    0.000155  0.000774  ...  0.000012  7.911637e+06  1.733738e+09
1  1549.82997    0.000165  0.000870  ...  0.000012  7.932633e+06  1.733738e+09

[2 rows x 13 columns]
CHANNEL_0_7
        cbragg  cbragg_err   credchi  ...  cdelta_n            cL     timestamp
0  1550.829397    0.000118  0.000347  ...  0.000012  7.706811e+06  1.733738e+09
1  1550.816791    0.000106  0.000161  ...  0.000012  7.747762e+06  1.733738e+09

[2 rows x 13 columns]
CHANNEL_0_8
        cbragg  cbragg_err   credchi  ...  cdelta_n            cL     timestamp
0  1551.785325    0.000129  0.000438  ...  0.000012  7.918884e+06  1.733738e+09
1  1551.774843    0.000154  0.000336  ...  0.000012  7.291418e+06  1.733738e+09

[2 rows x 13 columns]
CHANNEL_0_9
        cbragg  cbragg_err   credchi  ...  cdelta_n            cL     timestamp
0  1552.756130    0.000092  0.000134  ...  0.000012  7.647563e+06  1.733738e+09
1  1552.748508    0.000580  0.006983  ...  0.000012  9.721717e+06  1.733738e+09

[2 rows x 13 columns]
CHANNEL_0_10
        cbragg  cbragg_err   credchi  ...  cdelta_n            cL     timestamp
0  1553.744852    0.000257  0.000945  ...  0.000012  7.147544e+06  1.733738e+09
1  1553.734423    0.000079  0.000079  ...  0.000012  7.717299e+06  1.733738e+09

[2 rows x 13 columns]
CHANNEL_0_11
        cbragg  cbragg_err   credchi  ...  cdelta_n            cL     timestamp
0  1554.708360    0.000596  0.008024  ...  0.000012  9.977539e+06  1.733738e+09
1  1554.701246    0.000290  0.000898  ...  0.000012  8.503986e+06  1.733738e+09

[2 rows x 13 columns]
CHANNEL_0_12
        cbragg  cbragg_err   credchi  ...  cdelta_n            cL     timestamp
0  1555.515315    0.000155  0.000508  ...  0.000012  7.806858e+06  1.733738e+09
1  1555.510592    0.000115  0.000303  ...  0.000012  7.727472e+06  1.733738e+09

[2 rows x 13 columns]
CHANNEL_0_13
        cbragg  cbragg_err   credchi  ...  cdelta_n            cL     timestamp
0  1556.091637    0.000132  0.000270  ...  0.000012  7.574570e+06  1.733738e+09
1  1556.079895    0.000204  0.000379  ...  0.000012  8.132679e+06  1.733738e+09

[2 rows x 13 columns]
CHANNEL_0_14
        cbragg  cbragg_err   credchi  ...  cdelta_n            cL     timestamp
0  1557.059065    0.000093  0.000146  ...  0.000012  7.649958e+06  1.733738e+09
1  1557.056780    0.000092  0.000174  ...  0.000012  7.640296e+06  1.733738e+09

[2 rows x 13 columns]
CHANNEL_1_1
        cbragg  cbragg_err  credchi  ...  cdelta_n            cL     timestamp
0  1557.276913    0.000110  0.00007  ...  0.000012  2.688759e+06  1.733738e+09
1  1557.274108    0.000356  0.00058  ...  0.000012  2.512525e+06  1.733738e+09

[2 rows x 13 columns]
CHANNEL_1_2
        cbragg  cbragg_err   credchi  ...  cdelta_n            cL     timestamp
0  1560.015059    0.003030  0.205815  ...  0.000012  5.317230e+06  1.733738e+09
1  1560.026357    0.002564  0.176231  ...  0.000012  5.199472e+06  1.733738e+09

[2 rows x 13 columns]
CHANNEL_1_3
        cbragg  cbragg_err   credchi  ...  cdelta_n            cL     timestamp
0  1562.690515    0.000063  0.000038  ...  0.000012  2.919013e+06  1.733738e+09
1  1562.685761    0.000099  0.000095  ...  0.000012  2.977491e+06  1.733738e+09

[2 rows x 13 columns]
CHANNEL_2_1
        cbragg  cbragg_err   credchi  ...  cdelta_n            cL     timestamp
0  1544.707461    0.000063  0.000005  ...  0.000012  2.775438e+06  1.733738e+09
1  1544.704520    0.000057  0.000004  ...  0.000012  2.780990e+06  1.733738e+09

[2 rows x 13 columns]
CHANNEL_2_2
        cbragg  cbragg_err   credchi  ...  cdelta_n            cL     timestamp
0  1547.728688    0.000629  0.000502  ...  0.000012  3.056833e+06  1.733738e+09
1  1547.731300    0.000851  0.000476  ...  0.000012  2.334589e+06  1.733738e+09

[2 rows x 13 columns]
CHANNEL_2_3
        cbragg  cbragg_err   credchi  ...  cdelta_n            cL     timestamp
0  1550.198867    0.000093  0.000010  ...  0.000012  2.907914e+06  1.733738e+09
1  1550.197235    0.000263  0.000102  ...  0.000012  3.088352e+06  1.733738e+09

[2 rows x 13 columns]
CHANNEL_3_1
        cbragg  cbragg_err   credchi  ...  cdelta_n            cL     timestamp
0  1544.432344    0.000166  0.000025  ...  0.000012  7.763805e+06  1.733738e+09
1  1544.429046    0.000157  0.000026  ...  0.000012  7.753093e+06  1.733738e+09

[2 rows x 13 columns]
CHANNEL_3_2
        cbragg  cbragg_err   credchi  ...  cdelta_n            cL     timestamp
0  1545.419969    0.000112  0.000041  ...  0.000012  7.840767e+06  1.733738e+09
1  1545.408654    0.000113  0.000034  ...  0.000012  7.857578e+06  1.733738e+09

[2 rows x 13 columns]
CHANNEL_3_3
        cbragg  cbragg_err   credchi  ...  cdelta_n            cL     timestamp
0  1546.369319    0.000110  0.000037  ...  0.000012  7.567379e+06  1.733738e+09
1  1546.364882    0.000109  0.000032  ...  0.000012  7.578409e+06  1.733738e+09

[2 rows x 13 columns]
CHANNEL_3_4
        cbragg  cbragg_err   credchi  ...  cdelta_n            cL     timestamp
0  1547.319079    0.000098  0.000027  ...  0.000012  7.730890e+06  1.733738e+09
1  1547.309318    0.000096  0.000026  ...  0.000012  7.764156e+06  1.733738e+09

[2 rows x 13 columns]
CHANNEL_3_5
        cbragg  cbragg_err   credchi  ...  cdelta_n            cL     timestamp
0  1548.307459    0.000081  0.000019  ...  0.000012  7.571092e+06  1.733738e+09
1  1548.303604    0.000077  0.000016  ...  0.000012  7.582572e+06  1.733738e+09

[2 rows x 13 columns]
CHANNEL_3_6
        cbragg  cbragg_err   credchi  ...  cdelta_n            cL     timestamp
0  1549.281442    0.000084  0.000022  ...  0.000012  7.768004e+06  1.733738e+09
1  1549.271643    0.000082  0.000018  ...  0.000012  7.777095e+06  1.733738e+09

[2 rows x 13 columns]
CHANNEL_3_7
        cbragg  cbragg_err   credchi  ...  cdelta_n            cL     timestamp
0  1550.286588    0.000085  0.000021  ...  0.000012  7.540597e+06  1.733738e+09
1  1550.281728    0.000083  0.000018  ...  0.000012  7.569456e+06  1.733738e+09

[2 rows x 13 columns]
CHANNEL_3_8
        cbragg  cbragg_err   credchi  ...  cdelta_n            cL     timestamp
0  1551.228548    0.000092  0.000019  ...  0.000012  7.659964e+06  1.733738e+09
1  1551.217946    0.000089  0.000017  ...  0.000012  7.664383e+06  1.733738e+09

[2 rows x 13 columns]
CHANNEL_3_9
        cbragg  cbragg_err   credchi  ...  cdelta_n            cL     timestamp
0  1552.215866    0.000091  0.000020  ...  0.000012  7.622315e+06  1.733738e+09
1  1552.207102    0.000090  0.000015  ...  0.000012  7.712185e+06  1.733738e+09

[2 rows x 13 columns]
CHANNEL_3_10
        cbragg  cbragg_err   credchi  ...  cdelta_n            cL     timestamp
0  1553.206170    0.000104  0.000018  ...  0.000012  7.763663e+06  1.733738e+09
1  1553.199377    0.000102  0.000022  ...  0.000012  7.749930e+06  1.733738e+09

[2 rows x 13 columns]
CHANNEL_3_11
        cbragg  cbragg_err   credchi  ...  cdelta_n            cL     timestamp
0  1554.130812    0.000133  0.000047  ...  0.000012  7.851247e+06  1.733738e+09
1  1554.123574    0.000131  0.000036  ...  0.000012  7.927632e+06  1.733738e+09

[2 rows x 13 columns]
CHANNEL_3_12
        cbragg  cbragg_err   credchi  ...  cdelta_n            cL     timestamp
0  1554.896599    0.000101  0.000020  ...  0.000012  7.808767e+06  1.733738e+09
1  1554.891425    0.000098  0.000021  ...  0.000012  7.807487e+06  1.733738e+09

[2 rows x 13 columns]
CHANNEL_3_13
        cbragg  cbragg_err   credchi  ...  cdelta_n            cL     timestamp
0  1555.499334    0.000088  0.000019  ...  0.000012  7.622682e+06  1.733738e+09
1  1555.486752    0.000088  0.000012  ...  0.000012  7.659145e+06  1.733738e+09

[2 rows x 13 columns]
CHANNEL_3_14
        cbragg  cbragg_err   credchi  ...  cdelta_n            cL     timestamp
0  1556.448543    0.000192  0.000069  ...  0.000012  7.737331e+06  1.733738e+09
1  1556.442161    0.000192  0.000080  ...  0.000012  7.714372e+06  1.733738e+09

[2 rows x 13 columns]
