000 (11451992.517.000) 01/28 14:31:49 Job submitted from host: <188.185.114.121:9618?addrs=188.185.114.121-9618+[2001-1458-d00-a--100-273]-9618&alias=bigbird19.cern.ch&noUDP&sock=schedd_2045_4743>
...
040 (11451992.517.000) 01/28 16:41:57 Started transferring input files
	Transferring to host: <188.185.194.13:9618?addrs=188.185.194.13-9618+[2001-1458-303-21--100-9]-9618&alias=b9p20p8620.cern.ch&noUDP&sock=slot1_7_861339_feeb_23020>
...
040 (11451992.517.000) 01/28 16:41:57 Finished transferring input files
...
001 (11451992.517.000) 01/28 16:41:58 Job executing on host: <188.185.194.13:9618?addrs=188.185.194.13-9618+[2001-1458-303-21--100-9]-9618&alias=b9p20p8620.cern.ch&noUDP&sock=startd_6536_bb18>
	SlotName: slot1_7@b9p20p8620.cern.ch
	CondorScratchDir = "/pool/condor/dir_28394"
	Cpus = 1
	Disk = 3931
	GPUs = 0
	Memory = 3000
...
006 (11451992.517.000) 01/28 16:42:07 Image size of job updated: 81376
	80  -  MemoryUsage of job (MB)
	81376  -  ResidentSetSize of job (KB)
...
006 (11451992.517.000) 01/28 16:47:08 Image size of job updated: 96136
	94  -  MemoryUsage of job (MB)
	96136  -  ResidentSetSize of job (KB)
...
006 (11451992.517.000) 01/28 16:52:09 Image size of job updated: 98780
	97  -  MemoryUsage of job (MB)
	98780  -  ResidentSetSize of job (KB)
...
006 (11451992.517.000) 01/28 16:57:09 Image size of job updated: 101740
	100  -  MemoryUsage of job (MB)
	101740  -  ResidentSetSize of job (KB)
...
006 (11451992.517.000) 01/28 17:02:10 Image size of job updated: 104488
	103  -  MemoryUsage of job (MB)
	104488  -  ResidentSetSize of job (KB)
...
006 (11451992.517.000) 01/28 17:07:11 Image size of job updated: 107404
	105  -  MemoryUsage of job (MB)
	107404  -  ResidentSetSize of job (KB)
...
006 (11451992.517.000) 01/28 17:12:11 Image size of job updated: 110452
	108  -  MemoryUsage of job (MB)
	110452  -  ResidentSetSize of job (KB)
...
006 (11451992.517.000) 01/28 17:17:12 Image size of job updated: 113308
	111  -  MemoryUsage of job (MB)
	113308  -  ResidentSetSize of job (KB)
...
006 (11451992.517.000) 01/28 17:22:13 Image size of job updated: 116024
	114  -  MemoryUsage of job (MB)
	116024  -  ResidentSetSize of job (KB)
...
006 (11451992.517.000) 01/28 17:27:13 Image size of job updated: 118700
	116  -  MemoryUsage of job (MB)
	118700  -  ResidentSetSize of job (KB)
...
006 (11451992.517.000) 01/28 17:32:13 Image size of job updated: 121248
	119  -  MemoryUsage of job (MB)
	121248  -  ResidentSetSize of job (KB)
...
006 (11451992.517.000) 01/28 17:37:14 Image size of job updated: 124092
	122  -  MemoryUsage of job (MB)
	124092  -  ResidentSetSize of job (KB)
...
006 (11451992.517.000) 01/28 17:42:14 Image size of job updated: 126772
	124  -  MemoryUsage of job (MB)
	126772  -  ResidentSetSize of job (KB)
...
006 (11451992.517.000) 01/28 17:47:14 Image size of job updated: 129944
	127  -  MemoryUsage of job (MB)
	129944  -  ResidentSetSize of job (KB)
...
006 (11451992.517.000) 01/28 17:52:15 Image size of job updated: 133808
	131  -  MemoryUsage of job (MB)
	133808  -  ResidentSetSize of job (KB)
...
006 (11451992.517.000) 01/28 17:57:16 Image size of job updated: 141136
	138  -  MemoryUsage of job (MB)
	141136  -  ResidentSetSize of job (KB)
...
006 (11451992.517.000) 01/28 18:02:16 Image size of job updated: 148040
	145  -  MemoryUsage of job (MB)
	148040  -  ResidentSetSize of job (KB)
...
006 (11451992.517.000) 01/28 18:07:17 Image size of job updated: 151976
	149  -  MemoryUsage of job (MB)
	151976  -  ResidentSetSize of job (KB)
...
006 (11451992.517.000) 01/28 18:12:18 Image size of job updated: 155332
	152  -  MemoryUsage of job (MB)
	155332  -  ResidentSetSize of job (KB)
...
006 (11451992.517.000) 01/28 18:17:18 Image size of job updated: 156020
	153  -  MemoryUsage of job (MB)
	156020  -  ResidentSetSize of job (KB)
...
006 (11451992.517.000) 01/28 18:22:18 Image size of job updated: 156928
	154  -  MemoryUsage of job (MB)
	156928  -  ResidentSetSize of job (KB)
...
006 (11451992.517.000) 01/28 18:27:19 Image size of job updated: 158108
	155  -  MemoryUsage of job (MB)
	158108  -  ResidentSetSize of job (KB)
...
006 (11451992.517.000) 01/28 18:32:19 Image size of job updated: 159064
	156  -  MemoryUsage of job (MB)
	159064  -  ResidentSetSize of job (KB)
...
006 (11451992.517.000) 01/28 18:37:19 Image size of job updated: 159796
	157  -  MemoryUsage of job (MB)
	159796  -  ResidentSetSize of job (KB)
...
006 (11451992.517.000) 01/28 18:42:21 Image size of job updated: 161860
	159  -  MemoryUsage of job (MB)
	161860  -  ResidentSetSize of job (KB)
...
006 (11451992.517.000) 01/28 18:47:21 Image size of job updated: 162916
	160  -  MemoryUsage of job (MB)
	162916  -  ResidentSetSize of job (KB)
...
006 (11451992.517.000) 01/28 18:52:21 Image size of job updated: 163748
	160  -  MemoryUsage of job (MB)
	163748  -  ResidentSetSize of job (KB)
...
006 (11451992.517.000) 01/28 18:57:22 Image size of job updated: 163944
	161  -  MemoryUsage of job (MB)
	163944  -  ResidentSetSize of job (KB)
...
006 (11451992.517.000) 01/28 19:02:23 Image size of job updated: 164708
	161  -  MemoryUsage of job (MB)
	164708  -  ResidentSetSize of job (KB)
...
006 (11451992.517.000) 01/28 19:07:23 Image size of job updated: 165280
	162  -  MemoryUsage of job (MB)
	165280  -  ResidentSetSize of job (KB)
...
006 (11451992.517.000) 01/28 19:12:24 Image size of job updated: 165868
	162  -  MemoryUsage of job (MB)
	165868  -  ResidentSetSize of job (KB)
...
006 (11451992.517.000) 01/28 19:17:25 Image size of job updated: 167296
	164  -  MemoryUsage of job (MB)
	167296  -  ResidentSetSize of job (KB)
...
006 (11451992.517.000) 01/28 19:22:25 Image size of job updated: 168544
	165  -  MemoryUsage of job (MB)
	168544  -  ResidentSetSize of job (KB)
...
006 (11451992.517.000) 01/28 19:27:25 Image size of job updated: 170680
	167  -  MemoryUsage of job (MB)
	170680  -  ResidentSetSize of job (KB)
...
006 (11451992.517.000) 01/28 19:32:26 Image size of job updated: 173396
	170  -  MemoryUsage of job (MB)
	173396  -  ResidentSetSize of job (KB)
...
006 (11451992.517.000) 01/28 19:37:26 Image size of job updated: 175680
	172  -  MemoryUsage of job (MB)
	175680  -  ResidentSetSize of job (KB)
...
006 (11451992.517.000) 01/28 19:42:26 Image size of job updated: 177840
	174  -  MemoryUsage of job (MB)
	177840  -  ResidentSetSize of job (KB)
...
006 (11451992.517.000) 01/28 19:47:27 Image size of job updated: 180416
	177  -  MemoryUsage of job (MB)
	180416  -  ResidentSetSize of job (KB)
...
006 (11451992.517.000) 01/28 19:52:28 Image size of job updated: 183092
	179  -  MemoryUsage of job (MB)
	183092  -  ResidentSetSize of job (KB)
...
006 (11451992.517.000) 01/28 19:57:28 Image size of job updated: 185480
	182  -  MemoryUsage of job (MB)
	185480  -  ResidentSetSize of job (KB)
...
006 (11451992.517.000) 01/28 20:02:29 Image size of job updated: 187092
	183  -  MemoryUsage of job (MB)
	187092  -  ResidentSetSize of job (KB)
...
006 (11451992.517.000) 01/28 20:07:30 Image size of job updated: 189040
	185  -  MemoryUsage of job (MB)
	189040  -  ResidentSetSize of job (KB)
...
006 (11451992.517.000) 01/28 20:12:30 Image size of job updated: 190912
	187  -  MemoryUsage of job (MB)
	190912  -  ResidentSetSize of job (KB)
...
006 (11451992.517.000) 01/28 20:17:31 Image size of job updated: 192868
	189  -  MemoryUsage of job (MB)
	192868  -  ResidentSetSize of job (KB)
...
006 (11451992.517.000) 01/28 20:22:32 Image size of job updated: 195116
	191  -  MemoryUsage of job (MB)
	195116  -  ResidentSetSize of job (KB)
...
006 (11451992.517.000) 01/28 20:27:32 Image size of job updated: 197332
	193  -  MemoryUsage of job (MB)
	197332  -  ResidentSetSize of job (KB)
...
040 (11451992.517.000) 01/28 20:31:38 Started transferring output files
...
040 (11451992.517.000) 01/28 20:31:38 Finished transferring output files
...
005 (11451992.517.000) 01/28 20:31:38 Job terminated.
	(1) Normal termination (return value 0)
		Usr 0 03:32:01, Sys 0 00:01:42  -  Run Remote Usage
		Usr 0 00:00:00, Sys 0 00:00:00  -  Run Local Usage
		Usr 0 03:32:01, Sys 0 00:01:42  -  Total Remote Usage
		Usr 0 00:00:00, Sys 0 00:00:00  -  Total Local Usage
	40692  -  Run Bytes Sent By Job
	5797  -  Run Bytes Received By Job
	40692  -  Total Bytes Sent By Job
	5797  -  Total Bytes Received By Job
	Partitionable Resources :    Usage  Request Allocated 
	   Cpus                 :     0.97        1         1 
	   Disk (KB)            :    68          10      3931 
	   GPUs                 :                           0 
	   Memory (MB)          :   193        3000      3000 

	Job terminated of its own accord at 2025-01-28T19:31:38Z with exit-code 0.
...
