CHANNEL_0_1
           cbragg  cbragg_err   credchi  ...  cdelta_n            cL     timestamp
0     1544.634321    0.000103  0.000066  ...  0.000012  7.669747e+06  1.734511e+09
1     1544.623923    0.000098  0.000035  ...  0.000012  7.727883e+06  1.734511e+09
2     1544.634261    0.000102  0.000065  ...  0.000012  7.669528e+06  1.734511e+09
3     1544.634121    0.000102  0.000065  ...  0.000012  7.664444e+06  1.734512e+09
4     1544.641672    0.000104  0.000068  ...  0.000012  7.665643e+06  1.734521e+09
...           ...         ...       ...  ...       ...           ...           ...
1587  1544.631415    0.000098  0.000035  ...  0.000012  7.727885e+06  1.734521e+09
1588  1544.641574    0.000103  0.000067  ...  0.000012  7.660328e+06  1.734521e+09
1589  1544.631434    0.000101  0.000036  ...  0.000012  7.744389e+06  1.734521e+09
1590  1544.641643    0.000120  0.000068  ...  0.000012  7.657157e+06  1.734521e+09
1591  1544.631327    0.000150  0.000038  ...  0.000012  7.725125e+06  1.734521e+09

[1592 rows x 13 columns]
CHANNEL_0_2
           cbragg  cbragg_err   credchi  ...  cdelta_n            cL     timestamp
0     1545.465149    0.000099  0.000018  ...  0.000012  7.636033e+06  1.734511e+09
1     1545.463043    0.000096  0.000024  ...  0.000012  7.572536e+06  1.734511e+09
2     1545.465058    0.000103  0.000020  ...  0.000012  7.651166e+06  1.734511e+09
3     1545.464974    0.000102  0.000019  ...  0.000012  7.619375e+06  1.734512e+09
4     1545.472520    0.000098  0.000018  ...  0.000012  7.623439e+06  1.734521e+09
...           ...         ...       ...  ...       ...           ...           ...
1587  1545.470471    0.000094  0.000024  ...  0.000012  7.565498e+06  1.734521e+09
1588  1545.472550    0.000097  0.000018  ...  0.000012  7.635503e+06  1.734521e+09
1589  1545.470442    0.000099  0.000026  ...  0.000012  7.650498e+06  1.734521e+09
1590  1545.472376    0.000105  0.000021  ...  0.000012  7.575278e+06  1.734521e+09
1591  1545.470492    0.000095  0.000024  ...  0.000012  7.602866e+06  1.734521e+09

[1592 rows x 13 columns]
CHANNEL_0_3
           cbragg  cbragg_err   credchi  ...  cdelta_n            cL     timestamp
0     1546.223521    0.000110  0.000060  ...  0.000012  7.758503e+06  1.734511e+09
1     1546.215625    0.000107  0.000033  ...  0.000012  7.638694e+06  1.734511e+09
2     1546.223256    0.000172  0.000144  ...  0.000012  7.902772e+06  1.734511e+09
3     1546.223336    0.000101  0.000050  ...  0.000012  7.650393e+06  1.734512e+09
4     1546.230098    0.000102  0.000051  ...  0.000012  7.633787e+06  1.734521e+09
...           ...         ...       ...  ...       ...           ...           ...
1587  1546.222862    0.000111  0.000035  ...  0.000012  7.679976e+06  1.734521e+09
1588  1546.230153    0.000101  0.000051  ...  0.000012  7.645647e+06  1.734521e+09
1589  1546.222887    0.000110  0.000035  ...  0.000012  7.626278e+06  1.734521e+09
1590  1546.230143    0.000102  0.000051  ...  0.000012  7.643464e+06  1.734521e+09
1591  1546.222742    0.000110  0.000035  ...  0.000012  7.680210e+06  1.734521e+09

[1592 rows x 13 columns]
CHANNEL_0_4
           cbragg  cbragg_err   credchi  ...  cdelta_n            cL     timestamp
0     1547.092780    0.000113  0.000040  ...  0.000012  7.848722e+06  1.734511e+09
1     1547.091523    0.000112  0.000053  ...  0.000012  7.830089e+06  1.734511e+09
2     1547.092862    0.000111  0.000039  ...  0.000012  7.869420e+06  1.734511e+09
3     1547.093096    0.000115  0.000041  ...  0.000012  7.863675e+06  1.734512e+09
4     1547.102195    0.000114  0.000042  ...  0.000012  7.851619e+06  1.734521e+09
...           ...         ...       ...  ...       ...           ...           ...
1587  1547.101015    0.000112  0.000053  ...  0.000012  7.806598e+06  1.734521e+09
1588  1547.102249    0.000115  0.000042  ...  0.000012  7.850025e+06  1.734521e+09
1589  1547.100897    0.000112  0.000054  ...  0.000012  7.816287e+06  1.734521e+09
1590  1547.102144    0.000113  0.000041  ...  0.000012  7.846057e+06  1.734521e+09
1591  1547.100747    0.000113  0.000054  ...  0.000012  7.828038e+06  1.734521e+09

[1592 rows x 13 columns]
CHANNEL_0_5
           cbragg  cbragg_err   credchi  ...  cdelta_n            cL     timestamp
0     1548.071275    0.000081  0.000036  ...  0.000012  7.748840e+06  1.734511e+09
1     1548.062530    0.000078  0.000024  ...  0.000012  7.798996e+06  1.734511e+09
2     1548.071345    0.000081  0.000036  ...  0.000012  7.751126e+06  1.734511e+09
3     1548.071467    0.000080  0.000035  ...  0.000012  7.750203e+06  1.734512e+09
4     1548.080666    0.000086  0.000042  ...  0.000012  7.821044e+06  1.734521e+09
...           ...         ...       ...  ...       ...           ...           ...
1587  1548.071948    0.000107  0.000045  ...  0.000012  8.007449e+06  1.734521e+09
1588  1548.080617    0.000161  0.000156  ...  0.000012  8.180550e+06  1.734521e+09
1589  1548.071927    0.000079  0.000024  ...  0.000012  7.801650e+06  1.734521e+09
1590  1548.080677    0.000159  0.000140  ...  0.000012  7.995410e+06  1.734521e+09
1591  1548.071771    0.000128  0.000064  ...  0.000012  8.017931e+06  1.734521e+09

[1592 rows x 13 columns]
CHANNEL_0_6
           cbragg  cbragg_err   credchi  ...  cdelta_n            cL     timestamp
0     1549.046994    0.000078  0.000027  ...  0.000012  7.489996e+06  1.734511e+09
1     1549.048618    0.000079  0.000033  ...  0.000012  7.491187e+06  1.734511e+09
2     1549.047086    0.000080  0.000029  ...  0.000012  7.491057e+06  1.734511e+09
3     1549.047146    0.000079  0.000028  ...  0.000012  7.495353e+06  1.734512e+09
4     1549.056388    0.000080  0.000029  ...  0.000012  7.488967e+06  1.734521e+09
...           ...         ...       ...  ...       ...           ...           ...
1587  1549.058231    0.000079  0.000034  ...  0.000012  7.463885e+06  1.734521e+09
1588  1549.056423    0.000080  0.000029  ...  0.000012  7.486686e+06  1.734521e+09
1589  1549.058261    0.000078  0.000033  ...  0.000012  7.486396e+06  1.734521e+09
1590  1549.056488    0.000079  0.000028  ...  0.000012  7.495250e+06  1.734521e+09
1591  1549.058423    0.000194  0.000209  ...  0.000012  7.887930e+06  1.734521e+09

[1592 rows x 13 columns]
CHANNEL_0_7
           cbragg  cbragg_err   credchi  ...  cdelta_n            cL     timestamp
0     1550.051729    0.000126  0.000049  ...  0.000012  7.649944e+06  1.734511e+09
1     1550.045180    0.000125  0.000047  ...  0.000012  7.647961e+06  1.734511e+09
2     1550.051670    0.000126  0.000049  ...  0.000012  7.650805e+06  1.734511e+09
3     1550.051840    0.000126  0.000049  ...  0.000012  7.645623e+06  1.734512e+09
4     1550.061308    0.000127  0.000050  ...  0.000012  7.640079e+06  1.734521e+09
...           ...         ...       ...  ...       ...           ...           ...
1587  1550.054637    0.000126  0.000048  ...  0.000012  7.652484e+06  1.734521e+09
1588  1550.061423    0.000127  0.000050  ...  0.000012  7.648606e+06  1.734521e+09
1589  1550.054700    0.000127  0.000048  ...  0.000012  7.643197e+06  1.734521e+09
1590  1550.061365    0.000126  0.000049  ...  0.000012  7.636358e+06  1.734521e+09
1591  1550.054559    0.000127  0.000048  ...  0.000012  7.642830e+06  1.734521e+09

[1592 rows x 13 columns]
CHANNEL_0_8
           cbragg  cbragg_err   credchi  ...  cdelta_n            cL     timestamp
0     1551.028305    0.000076  0.000021  ...  0.000012  7.573722e+06  1.734511e+09
1     1551.021573    0.000076  0.000015  ...  0.000012  7.625104e+06  1.734511e+09
2     1551.028264    0.000075  0.000020  ...  0.000012  7.575058e+06  1.734511e+09
3     1551.028541    0.000074  0.000020  ...  0.000012  7.582130e+06  1.734512e+09
4     1551.038833    0.000074  0.000020  ...  0.000012  7.575857e+06  1.734521e+09
...           ...         ...       ...  ...       ...           ...           ...
1587  1551.031954    0.000077  0.000016  ...  0.000012  7.617924e+06  1.734521e+09
1588  1551.038106    0.000159  0.000091  ...  0.000012  7.808803e+06  1.734521e+09
1589  1551.031906    0.000078  0.000016  ...  0.000012  7.617242e+06  1.734521e+09
1590  1551.038872    0.000075  0.000020  ...  0.000012  7.568320e+06  1.734521e+09
1591  1551.031951    0.000076  0.000015  ...  0.000012  7.631226e+06  1.734521e+09

[1592 rows x 13 columns]
CHANNEL_0_9
           cbragg  cbragg_err   credchi  ...  cdelta_n            cL     timestamp
0     1552.009967    0.000097  0.000026  ...  0.000012  7.641221e+06  1.734511e+09
1     1552.006822    0.000097  0.000024  ...  0.000012  7.659647e+06  1.734511e+09
2     1552.009893    0.000097  0.000026  ...  0.000012  7.634983e+06  1.734511e+09
3     1552.010226    0.000094  0.000024  ...  0.000012  7.642817e+06  1.734512e+09
4     1552.020740    0.000095  0.000025  ...  0.000012  7.638345e+06  1.734521e+09
...           ...         ...       ...  ...       ...           ...           ...
1587  1552.017438    0.000094  0.000023  ...  0.000012  7.653858e+06  1.734521e+09
1588  1552.020541    0.000097  0.000026  ...  0.000012  7.634729e+06  1.734521e+09
1589  1552.017282    0.000096  0.000024  ...  0.000012  7.657266e+06  1.734521e+09
1590  1552.020732    0.000097  0.000026  ...  0.000012  7.635335e+06  1.734521e+09
1591  1552.017411    0.000096  0.000024  ...  0.000012  7.653266e+06  1.734521e+09

[1592 rows x 13 columns]
CHANNEL_0_10
           cbragg  cbragg_err   credchi  ...  cdelta_n            cL     timestamp
0     1553.016194    0.000094  0.000017  ...  0.000012  7.555573e+06  1.734511e+09
1     1553.011332    0.000085  0.000017  ...  0.000012  7.698577e+06  1.734511e+09
2     1553.016114    0.000086  0.000015  ...  0.000012  7.711493e+06  1.734511e+09
3     1553.016488    0.000084  0.000014  ...  0.000012  7.700032e+06  1.734512e+09
4     1553.026986    0.000087  0.000015  ...  0.000012  7.716870e+06  1.734521e+09
...           ...         ...       ...  ...       ...           ...           ...
1587  1553.021617    0.000086  0.000017  ...  0.000012  7.708908e+06  1.734521e+09
1588  1553.026886    0.000087  0.000015  ...  0.000012  7.715541e+06  1.734521e+09
1589  1553.021661    0.000086  0.000017  ...  0.000012  7.702099e+06  1.734521e+09
1590  1553.026907    0.000083  0.000014  ...  0.000012  7.726422e+06  1.734521e+09
1591  1553.021661    0.000084  0.000017  ...  0.000012  7.687838e+06  1.734521e+09

[1592 rows x 13 columns]
CHANNEL_0_11
           cbragg  cbragg_err   credchi  ...  cdelta_n            cL     timestamp
0     1554.024356    0.000077  0.000014  ...  0.000012  7.636847e+06  1.734511e+09
1     1554.022981    0.000076  0.000011  ...  0.000012  7.656346e+06  1.734511e+09
2     1554.024450    0.000072  0.000012  ...  0.000012  7.627735e+06  1.734511e+09
3     1554.024781    0.000070  0.000012  ...  0.000012  7.652164e+06  1.734512e+09
4     1554.035086    0.000072  0.000013  ...  0.000012  7.627751e+06  1.734521e+09
...           ...         ...       ...  ...       ...           ...           ...
1587  1554.033649    0.000073  0.000010  ...  0.000012  7.661739e+06  1.734521e+09
1588  1554.035086    0.000072  0.000013  ...  0.000012  7.640489e+06  1.734521e+09
1589  1554.033603    0.000104  0.000019  ...  0.000012  7.400612e+06  1.734521e+09
1590  1554.035148    0.000077  0.000015  ...  0.000012  7.624833e+06  1.734521e+09
1591  1554.033675    0.000073  0.000010  ...  0.000012  7.650647e+06  1.734521e+09

[1592 rows x 13 columns]
CHANNEL_0_12
           cbragg  cbragg_err   credchi  ...  cdelta_n            cL     timestamp
0     1555.048003    0.000126  0.000048  ...  0.000012  7.559107e+06  1.734511e+09
1     1555.046149    0.000127  0.000061  ...  0.000012  7.469113e+06  1.734511e+09
2     1555.047802    0.000135  0.000056  ...  0.000012  7.630979e+06  1.734511e+09
3     1555.048232    0.000131  0.000052  ...  0.000012  7.500321e+06  1.734512e+09
4     1555.058894    0.000129  0.000051  ...  0.000012  7.496712e+06  1.734521e+09
...           ...         ...       ...  ...       ...           ...           ...
1587  1555.056773    0.000128  0.000063  ...  0.000012  7.482949e+06  1.734521e+09
1588  1555.058925    0.000125  0.000048  ...  0.000012  7.488097e+06  1.734521e+09
1589  1555.056723    0.000131  0.000067  ...  0.000012  7.620451e+06  1.734521e+09
1590  1555.058969    0.000129  0.000051  ...  0.000012  7.513337e+06  1.734521e+09
1591  1555.056814    0.000126  0.000060  ...  0.000012  7.480666e+06  1.734521e+09

[1592 rows x 13 columns]
CHANNEL_0_13
           cbragg  cbragg_err   credchi  ...  cdelta_n            cL     timestamp
0     1556.026494    0.000138  0.000050  ...  0.000012  7.654646e+06  1.734511e+09
1     1556.018475    0.000148  0.000033  ...  0.000012  7.675023e+06  1.734511e+09
2     1556.026448    0.000137  0.000049  ...  0.000012  7.659232e+06  1.734511e+09
3     1556.026772    0.000138  0.000050  ...  0.000012  7.637725e+06  1.734512e+09
4     1556.037132    0.000134  0.000048  ...  0.000012  7.666601e+06  1.734521e+09
...           ...         ...       ...  ...       ...           ...           ...
1587  1556.029218    0.000228  0.000070  ...  0.000012  7.161415e+06  1.734521e+09
1588  1556.037191    0.000138  0.000051  ...  0.000012  7.654857e+06  1.734521e+09
1589  1556.029169    0.000146  0.000032  ...  0.000012  7.687219e+06  1.734521e+09
1590  1556.037189    0.000135  0.000049  ...  0.000012  7.645666e+06  1.734521e+09
1591  1556.029030    0.000158  0.000036  ...  0.000012  7.463623e+06  1.734521e+09

[1592 rows x 13 columns]
CHANNEL_0_14
           cbragg  cbragg_err   credchi  ...  cdelta_n            cL     timestamp
0     1556.992157    0.000103  0.000026  ...  0.000012  7.694093e+06  1.734511e+09
1     1556.994523    0.000100  0.000042  ...  0.000012  7.662378e+06  1.734511e+09
2     1556.992165    0.000101  0.000025  ...  0.000012  7.697909e+06  1.734511e+09
3     1556.992526    0.000102  0.000026  ...  0.000012  7.700660e+06  1.734512e+09
4     1557.002869    0.000104  0.000027  ...  0.000012  7.672028e+06  1.734521e+09
...           ...         ...       ...  ...       ...           ...           ...
1587  1557.005083    0.000101  0.000044  ...  0.000012  7.642367e+06  1.734521e+09
1588  1557.002961    0.000103  0.000026  ...  0.000012  7.674434e+06  1.734521e+09
1589  1557.005128    0.000102  0.000044  ...  0.000012  7.651323e+06  1.734521e+09
1590  1557.002863    0.000104  0.000027  ...  0.000012  7.675465e+06  1.734521e+09
1591  1557.005045    0.000101  0.000044  ...  0.000012  7.642812e+06  1.734521e+09

[1592 rows x 13 columns]
CHANNEL_1_1
           cbragg  cbragg_err   credchi  ...  cdelta_n            cL     timestamp
0     1556.239781    0.000151  0.000024  ...  0.000012  2.762336e+06  1.734511e+09
1     1556.237304    0.000074  0.000005  ...  0.000012  2.687194e+06  1.734511e+09
2     1556.239641    0.000089  0.000008  ...  0.000012  2.730885e+06  1.734511e+09
3     1556.239519    0.000134  0.000019  ...  0.000012  2.766253e+06  1.734512e+09
4     1556.239762    0.000894  0.001396  ...  0.000012  3.324425e+06  1.734521e+09
...           ...         ...       ...  ...       ...           ...           ...
1587  1556.237875    0.000207  0.000040  ...  0.000012  2.620710e+06  1.734521e+09
1588  1556.241292    0.000816  0.000416  ...  0.000012  2.335402e+06  1.734521e+09
1589  1556.238169    0.000075  0.000005  ...  0.000012  2.669868e+06  1.734521e+09
1590  1556.240123    0.000606  0.000530  ...  0.000012  3.089966e+06  1.734521e+09
1591  1556.238064    0.000270  0.000059  ...  0.000012  2.532710e+06  1.734521e+09

[1592 rows x 13 columns]
CHANNEL_1_2
           cbragg  cbragg_err   credchi  ...  cdelta_n            cL     timestamp
0     1558.181457    0.000641  0.000827  ...  0.000012  3.189710e+06  1.734511e+09
1     1558.177766    0.000126  0.000023  ...  0.000012  2.807320e+06  1.734511e+09
2     1558.181857    0.000146  0.000031  ...  0.000012  2.826904e+06  1.734511e+09
3     1558.182096    0.000117  0.000020  ...  0.000012  2.795152e+06  1.734512e+09
4     1558.184976    0.000695  0.000467  ...  0.000012  2.459868e+06  1.734521e+09
...           ...         ...       ...  ...       ...           ...           ...
1587  1558.180337    0.000123  0.000022  ...  0.000012  2.804278e+06  1.734521e+09
1588  1558.184752    0.000526  0.000296  ...  0.000012  2.534685e+06  1.734521e+09
1589  1558.180422    0.000125  0.000023  ...  0.000012  2.802159e+06  1.734521e+09
1590  1558.184845    0.000212  0.000059  ...  0.000012  2.700942e+06  1.734521e+09
1591  1558.180430    0.000131  0.000025  ...  0.000012  2.806386e+06  1.734521e+09

[1592 rows x 13 columns]
CHANNEL_1_3
           cbragg  cbragg_err   credchi  ...  cdelta_n            cL     timestamp
0     1560.992842    0.000083  0.000011  ...  0.000012  2.931398e+06  1.734511e+09
1     1560.997403    0.001039  0.003228  ...  0.000012  3.709509e+06  1.734511e+09
2     1560.992564    0.000125  0.000026  ...  0.000012  3.013941e+06  1.734511e+09
3     1560.993260    0.000048  0.000004  ...  0.000012  2.922331e+06  1.734512e+09
4     1560.996136    0.000051  0.000004  ...  0.000012  2.928147e+06  1.734521e+09
...           ...         ...       ...  ...       ...           ...           ...
1587  1561.000288    0.000908  0.002221  ...  0.000012  3.561982e+06  1.734521e+09
1588  1560.995951    0.000095  0.000014  ...  0.000012  2.914399e+06  1.734521e+09
1589  1561.000474    0.000845  0.002025  ...  0.000012  3.574753e+06  1.734521e+09
1590  1560.996815    0.000797  0.001432  ...  0.000012  3.449417e+06  1.734521e+09
1591  1561.000984    0.000778  0.001576  ...  0.000012  3.481157e+06  1.734521e+09

[1592 rows x 13 columns]
CHANNEL_2_1
           cbragg  cbragg_err   credchi  ...  cdelta_n            cL     timestamp
0     1543.647564    0.000071  0.000005  ...  0.000012  2.775652e+06  1.734511e+09
1     1543.670436    0.012025  0.004148  ...  0.000012  1.209901e+06  1.734511e+09
2     1543.647873    0.000070  0.000005  ...  0.000012  2.778040e+06  1.734511e+09
3     1543.647491    0.000072  0.000005  ...  0.000012  2.775412e+06  1.734512e+09
4     1543.648879    0.000079  0.000006  ...  0.000012  2.770908e+06  1.734521e+09
...           ...         ...       ...  ...       ...           ...           ...
1587  1543.647292    0.000077  0.000006  ...  0.000012  2.776752e+06  1.734521e+09
1588  1543.648705    0.000078  0.000006  ...  0.000012  2.773417e+06  1.734521e+09
1589  1543.647538    0.000083  0.000007  ...  0.000012  2.771928e+06  1.734521e+09
1590  1543.648075    0.000073  0.000006  ...  0.000012  2.773391e+06  1.734521e+09
1591  1543.646936    0.000080  0.000006  ...  0.000012  2.774715e+06  1.734521e+09

[1592 rows x 13 columns]
CHANNEL_2_2
           cbragg  cbragg_err   credchi  ...  cdelta_n            cL     timestamp
0     1545.897225    0.000145  0.000016  ...  0.000012  2.656064e+06  1.734511e+09
1     1545.899166    0.000146  0.000017  ...  0.000012  2.643124e+06  1.734511e+09
2     1545.896113    0.001076  0.001759  ...  0.000012  3.435973e+06  1.734511e+09
3     1545.897450    0.000145  0.000016  ...  0.000012  2.664754e+06  1.734512e+09
4     1545.898848    0.001114  0.001730  ...  0.000012  3.357658e+06  1.734521e+09
...           ...         ...       ...  ...       ...           ...           ...
1587  1545.901926    0.000359  0.000094  ...  0.000012  2.522187e+06  1.734521e+09
1588  1545.899600    0.001424  0.003322  ...  0.000012  3.632430e+06  1.734521e+09
1589  1545.901819    0.000362  0.000104  ...  0.000012  2.582154e+06  1.734521e+09
1590  1545.899971    0.000412  0.000117  ...  0.000012  2.518354e+06  1.734521e+09
1591  1545.901758    0.000141  0.000017  ...  0.000012  2.684097e+06  1.734521e+09

[1592 rows x 13 columns]
CHANNEL_2_3
           cbragg  cbragg_err   credchi  ...  cdelta_n            cL     timestamp
0     1548.497700    0.000178  0.000032  ...  0.000012  2.925697e+06  1.734511e+09
1     1548.495979    0.000191  0.000042  ...  0.000012  3.019840e+06  1.734511e+09
2     1548.498553    0.000440  0.000259  ...  0.000012  3.164699e+06  1.734511e+09
3     1548.497807    0.000091  0.000009  ...  0.000012  2.909880e+06  1.734512e+09
4     1548.501400    0.000856  0.001293  ...  0.000012  3.505022e+06  1.734521e+09
...           ...         ...       ...  ...       ...           ...           ...
1587  1548.499111    0.000960  0.001680  ...  0.000012  3.603143e+06  1.734521e+09
1588  1548.500824    0.000093  0.000009  ...  0.000012  2.934145e+06  1.734521e+09
1589  1548.498686    0.000090  0.000009  ...  0.000012  2.931167e+06  1.734521e+09
1590  1548.500748    0.000108  0.000013  ...  0.000012  2.941041e+06  1.734521e+09
1591  1548.500538    0.000638  0.000580  ...  0.000012  3.316556e+06  1.734521e+09

[1592 rows x 13 columns]
CHANNEL_3_1
           cbragg  cbragg_err   credchi  ...  cdelta_n            cL     timestamp
0     1544.161106    0.000107  0.000018  ...  0.000012  7.891766e+06  1.734511e+09
1     1544.172590    0.000113  0.000029  ...  0.000012  7.827333e+06  1.734511e+09
2     1544.161007    0.000109  0.000017  ...  0.000012  7.901003e+06  1.734511e+09
3     1544.160888    0.000109  0.000019  ...  0.000012  7.882001e+06  1.734512e+09
4     1544.162012    0.000116  0.000018  ...  0.000012  7.878825e+06  1.734521e+09
...           ...         ...       ...  ...       ...           ...           ...
1587  1544.173003    0.000150  0.000030  ...  0.000012  7.812993e+06  1.734521e+09
1588  1544.162023    0.000129  0.000019  ...  0.000012  7.872151e+06  1.734521e+09
1589  1544.173009    0.000176  0.000030  ...  0.000012  7.810922e+06  1.734521e+09
1590  1544.162067    0.000120  0.000019  ...  0.000012  7.861347e+06  1.734521e+09
1591  1544.173095    0.000130  0.000030  ...  0.000012  7.816467e+06  1.734521e+09

[1592 rows x 13 columns]
CHANNEL_3_2
           cbragg  cbragg_err   credchi  ...  cdelta_n            cL     timestamp
0     1545.071777    0.000151  0.000040  ...  0.000012  7.808698e+06  1.734511e+09
1     1545.075927    0.000116  0.000030  ...  0.000012  7.861463e+06  1.734511e+09
2     1545.071826    0.000116  0.000042  ...  0.000012  7.811520e+06  1.734511e+09
3     1545.071723    0.000110  0.000039  ...  0.000012  7.805593e+06  1.734512e+09
4     1545.072198    0.000129  0.000042  ...  0.000012  7.808671e+06  1.734521e+09
...           ...         ...       ...  ...       ...           ...           ...
1587  1545.077245    0.000115  0.000032  ...  0.000012  7.868231e+06  1.734521e+09
1588  1545.072217    0.000118  0.000040  ...  0.000012  7.812085e+06  1.734521e+09
1589  1545.077296    0.000119  0.000032  ...  0.000012  7.853444e+06  1.734521e+09
1590  1545.072112    0.000319  0.000038  ...  0.000012  7.814950e+06  1.734521e+09
1591  1545.077169    0.000117  0.000033  ...  0.000012  7.855384e+06  1.734521e+09

[1592 rows x 13 columns]
CHANNEL_3_3
           cbragg  cbragg_err   credchi  ...  cdelta_n            cL     timestamp
0     1545.835494    0.000104  0.000024  ...  0.000012  7.637981e+06  1.734511e+09
1     1545.843132    0.000106  0.000037  ...  0.000012  7.613636e+06  1.734511e+09
2     1545.835482    0.000107  0.000025  ...  0.000012  7.676187e+06  1.734511e+09
3     1545.835642    0.000107  0.000025  ...  0.000012  7.631851e+06  1.734512e+09
4     1545.836256    0.000109  0.000027  ...  0.000012  7.644124e+06  1.734521e+09
...           ...         ...       ...  ...       ...           ...           ...
1587  1545.843602    0.000104  0.000035  ...  0.000012  7.608239e+06  1.734521e+09
1588  1545.836273    0.000108  0.000026  ...  0.000012  7.634963e+06  1.734521e+09
1589  1545.843693    0.000107  0.000037  ...  0.000012  7.587711e+06  1.734521e+09
1590  1545.836230    0.000106  0.000025  ...  0.000012  7.637709e+06  1.734521e+09
1591  1545.843565    0.000107  0.000038  ...  0.000012  7.602256e+06  1.734521e+09

[1592 rows x 13 columns]
CHANNEL_3_4
           cbragg  cbragg_err   credchi  ...  cdelta_n            cL     timestamp
0     1546.679788    0.000098  0.000026  ...  0.000012  7.741366e+06  1.734511e+09
1     1546.686599    0.000097  0.000023  ...  0.000012  7.796275e+06  1.734511e+09
2     1546.679929    0.000100  0.000027  ...  0.000012  7.729419e+06  1.734511e+09
3     1546.680131    0.000096  0.000025  ...  0.000012  7.747078e+06  1.734512e+09
4     1546.681670    0.000095  0.000024  ...  0.000012  7.759766e+06  1.734521e+09
...           ...         ...       ...  ...       ...           ...           ...
1587  1546.689463    0.000097  0.000024  ...  0.000012  7.785215e+06  1.734521e+09
1588  1546.681819    0.000096  0.000024  ...  0.000012  7.755154e+06  1.734521e+09
1589  1546.689453    0.000096  0.000024  ...  0.000012  7.791640e+06  1.734521e+09
1590  1546.681607    0.000094  0.000024  ...  0.000012  7.758341e+06  1.734521e+09
1591  1546.689354    0.000099  0.000025  ...  0.000012  7.781163e+06  1.734521e+09

[1592 rows x 13 columns]
CHANNEL_3_5
           cbragg  cbragg_err   credchi  ...  cdelta_n            cL     timestamp
0     1547.702233    0.000076  0.000015  ...  0.000012  7.585892e+06  1.734511e+09
1     1547.701812    0.000079  0.000015  ...  0.000012  7.576081e+06  1.734511e+09
2     1547.702291    0.000079  0.000016  ...  0.000012  7.572192e+06  1.734511e+09
3     1547.702509    0.000076  0.000015  ...  0.000012  7.585236e+06  1.734512e+09
4     1547.704557    0.000078  0.000016  ...  0.000012  7.569082e+06  1.734521e+09
...           ...         ...       ...  ...       ...           ...           ...
1587  1547.704204    0.000079  0.000015  ...  0.000012  7.586040e+06  1.734521e+09
1588  1547.704555    0.000079  0.000017  ...  0.000012  7.570167e+06  1.734521e+09
1589  1547.704241    0.000078  0.000015  ...  0.000012  7.554955e+06  1.734521e+09
1590  1547.704506    0.000079  0.000017  ...  0.000012  7.573673e+06  1.734521e+09
1591  1547.704302    0.000079  0.000015  ...  0.000012  7.582411e+06  1.734521e+09

[1592 rows x 13 columns]
CHANNEL_3_6
           cbragg  cbragg_err   credchi  ...  cdelta_n            cL     timestamp
0     1548.683085    0.000078  0.000012  ...  0.000012  7.833555e+06  1.734511e+09
1     1548.692582    0.000077  0.000020  ...  0.000012  7.787108e+06  1.734511e+09
2     1548.683188    0.000078  0.000012  ...  0.000012  7.831364e+06  1.734511e+09
3     1548.683231    0.000139  0.000037  ...  0.000012  7.463486e+06  1.734512e+09
4     1548.685143    0.000076  0.000012  ...  0.000012  7.845268e+06  1.734521e+09
...           ...         ...       ...  ...       ...           ...           ...
1587  1548.694934    0.000078  0.000021  ...  0.000012  7.782533e+06  1.734521e+09
1588  1548.685125    0.000076  0.000012  ...  0.000012  7.845612e+06  1.734521e+09
1589  1548.694993    0.000077  0.000021  ...  0.000012  7.768173e+06  1.734521e+09
1590  1548.685077    0.000078  0.000012  ...  0.000012  7.829581e+06  1.734521e+09
1591  1548.695069    0.000076  0.000020  ...  0.000012  7.784841e+06  1.734521e+09

[1592 rows x 13 columns]
CHANNEL_3_7
           cbragg  cbragg_err   credchi  ...  cdelta_n            cL     timestamp
0     1549.709912    0.000088  0.000024  ...  0.000012  7.549861e+06  1.734511e+09
1     1549.705470    0.000089  0.000016  ...  0.000012  7.597283e+06  1.734511e+09
2     1549.709926    0.000088  0.000024  ...  0.000012  7.541120e+06  1.734511e+09
3     1549.710062    0.000087  0.000024  ...  0.000012  7.548738e+06  1.734512e+09
4     1549.711873    0.000088  0.000025  ...  0.000012  7.555277e+06  1.734521e+09
...           ...         ...       ...  ...       ...           ...           ...
1587  1549.707909    0.000090  0.000016  ...  0.000012  7.590170e+06  1.734521e+09
1588  1549.711999    0.000087  0.000024  ...  0.000012  7.539566e+06  1.734521e+09
1589  1549.707927    0.000090  0.000016  ...  0.000012  7.595829e+06  1.734521e+09
1590  1549.711924    0.000088  0.000025  ...  0.000012  7.547188e+06  1.734521e+09
1591  1549.707780    0.000090  0.000016  ...  0.000012  7.560264e+06  1.734521e+09

[1592 rows x 13 columns]
CHANNEL_3_8
           cbragg  cbragg_err   credchi  ...  cdelta_n            cL     timestamp
0     1550.656369    0.000089  0.000012  ...  0.000012  7.717989e+06  1.734511e+09
1     1550.665073    0.000088  0.000021  ...  0.000012  7.661776e+06  1.734511e+09
2     1550.656343    0.000091  0.000012  ...  0.000012  7.721700e+06  1.734511e+09
3     1550.656539    0.000090  0.000012  ...  0.000012  7.728862e+06  1.734512e+09
4     1550.657289    0.000089  0.000012  ...  0.000012  7.720730e+06  1.734521e+09
...           ...         ...       ...  ...       ...           ...           ...
1587  1550.665761    0.000087  0.000020  ...  0.000012  7.650320e+06  1.734521e+09
1588  1550.657422    0.000090  0.000012  ...  0.000012  7.719659e+06  1.734521e+09
1589  1550.665836    0.000086  0.000020  ...  0.000012  7.637193e+06  1.734521e+09
1590  1550.657215    0.000090  0.000012  ...  0.000012  7.717219e+06  1.734521e+09
1591  1550.665750    0.000086  0.000020  ...  0.000012  7.662826e+06  1.734521e+09

[1592 rows x 13 columns]
CHANNEL_3_9
           cbragg  cbragg_err   credchi  ...  cdelta_n            cL     timestamp
0     1551.658345    0.000089  0.000019  ...  0.000012  7.664132e+06  1.734511e+09
1     1551.657424    0.000096  0.000014  ...  0.000012  7.715631e+06  1.734511e+09
2     1551.658287    0.000093  0.000020  ...  0.000012  7.655669e+06  1.734511e+09
3     1551.658595    0.000089  0.000019  ...  0.000012  7.666446e+06  1.734512e+09
4     1551.659098    0.000092  0.000020  ...  0.000012  7.659804e+06  1.734521e+09
...           ...         ...       ...  ...       ...           ...           ...
1587  1551.658428    0.000097  0.000014  ...  0.000012  7.710597e+06  1.734521e+09
1588  1551.659128    0.000091  0.000020  ...  0.000012  7.665480e+06  1.734521e+09
1589  1551.658378    0.000096  0.000014  ...  0.000012  7.715189e+06  1.734521e+09
1590  1551.659023    0.000092  0.000020  ...  0.000012  7.668260e+06  1.734521e+09
1591  1551.658443    0.000097  0.000014  ...  0.000012  7.717291e+06  1.734521e+09

[1592 rows x 13 columns]
CHANNEL_3_10
           cbragg  cbragg_err   credchi  ...  cdelta_n            cL     timestamp
0     1552.661291    0.000102  0.000015  ...  0.000012  7.781527e+06  1.734511e+09
1     1552.668332    0.000103  0.000021  ...  0.000012  7.718424e+06  1.734511e+09
2     1552.661093    0.000106  0.000016  ...  0.000012  7.741729e+06  1.734511e+09
3     1552.661421    0.000103  0.000015  ...  0.000012  7.784096e+06  1.734512e+09
4     1552.662215    0.000106  0.000017  ...  0.000012  7.770068e+06  1.734521e+09
...           ...         ...       ...  ...       ...           ...           ...
1587  1552.668873    0.000104  0.000021  ...  0.000012  7.727744e+06  1.734521e+09
1588  1552.662324    0.000105  0.000016  ...  0.000012  7.771253e+06  1.734521e+09
1589  1552.668701    0.000105  0.000022  ...  0.000012  7.742354e+06  1.734521e+09
1590  1552.662137    0.000124  0.000022  ...  0.000012  7.569939e+06  1.734521e+09
1591  1552.668857    0.000104  0.000022  ...  0.000012  7.721820e+06  1.734521e+09

[1592 rows x 13 columns]
CHANNEL_3_11
           cbragg  cbragg_err   credchi  ...  cdelta_n            cL     timestamp
0     1553.628307    0.000127  0.000035  ...  0.000012  7.899365e+06  1.734511e+09
1     1553.635265    0.000131  0.000036  ...  0.000012  7.901405e+06  1.734511e+09
2     1553.628171    0.000129  0.000036  ...  0.000012  7.894191e+06  1.734511e+09
3     1553.628500    0.000127  0.000035  ...  0.000012  7.907502e+06  1.734512e+09
4     1553.628865    0.000127  0.000035  ...  0.000012  7.897375e+06  1.734521e+09
...           ...         ...       ...  ...       ...           ...           ...
1587  1553.636621    0.000130  0.000037  ...  0.000012  7.919861e+06  1.734521e+09
1588  1553.628966    0.000127  0.000035  ...  0.000012  7.894145e+06  1.734521e+09
1589  1553.636573    0.000130  0.000037  ...  0.000012  7.920270e+06  1.734521e+09
1590  1553.628999    0.000128  0.000035  ...  0.000012  7.908575e+06  1.734521e+09
1591  1553.636628    0.000155  0.000051  ...  0.000012  7.628397e+06  1.734521e+09

[1592 rows x 13 columns]
CHANNEL_3_12
           cbragg  cbragg_err   credchi  ...  cdelta_n            cL     timestamp
0     1554.605407    0.000098  0.000015  ...  0.000012  7.844560e+06  1.734511e+09
1     1554.609689    0.000096  0.000021  ...  0.000012  7.734634e+06  1.734511e+09
2     1554.605363    0.000103  0.000017  ...  0.000012  7.833129e+06  1.734511e+09
3     1554.605697    0.000100  0.000016  ...  0.000012  7.838398e+06  1.734512e+09
4     1554.606617    0.000100  0.000016  ...  0.000012  7.823459e+06  1.734521e+09
...           ...         ...       ...  ...       ...           ...           ...
1587  1554.610411    0.000100  0.000022  ...  0.000012  7.688856e+06  1.734521e+09
1588  1554.606752    0.000101  0.000016  ...  0.000012  7.820600e+06  1.734521e+09
1589  1554.610391    0.000099  0.000022  ...  0.000012  7.764761e+06  1.734521e+09
1590  1554.606623    0.000101  0.000017  ...  0.000012  7.844486e+06  1.734521e+09
1591  1554.610340    0.000098  0.000022  ...  0.000012  7.783979e+06  1.734521e+09

[1592 rows x 13 columns]
CHANNEL_3_13
           cbragg  cbragg_err   credchi  ...  cdelta_n            cL     timestamp
0     1555.616443    0.000083  0.000015  ...  0.000012  7.559188e+06  1.734511e+09
1     1555.616935    0.000090  0.000013  ...  0.000012  7.595035e+06  1.734511e+09
2     1555.616540    0.000082  0.000015  ...  0.000012  7.571714e+06  1.734511e+09
3     1555.616820    0.000083  0.000015  ...  0.000012  7.569573e+06  1.734512e+09
4     1555.617231    0.000084  0.000016  ...  0.000012  7.555773e+06  1.734521e+09
...           ...         ...       ...  ...       ...           ...           ...
1587  1555.618423    0.000088  0.000013  ...  0.000012  7.596339e+06  1.734521e+09
1588  1555.617301    0.000085  0.000016  ...  0.000012  7.567415e+06  1.734521e+09
1589  1555.618490    0.000088  0.000013  ...  0.000012  7.606266e+06  1.734521e+09
1590  1555.617135    0.000084  0.000016  ...  0.000012  7.571790e+06  1.734521e+09
1591  1555.618497    0.000091  0.000014  ...  0.000012  7.577392e+06  1.734521e+09

[1592 rows x 13 columns]
CHANNEL_3_14
           cbragg  cbragg_err   credchi  ...  cdelta_n            cL     timestamp
0     1556.566703    0.000187  0.000052  ...  0.000012  7.779198e+06  1.734511e+09
1     1556.572450    0.000187  0.000090  ...  0.000012  7.694458e+06  1.734511e+09
2     1556.566629    0.000186  0.000051  ...  0.000012  7.768218e+06  1.734511e+09
3     1556.567057    0.000188  0.000053  ...  0.000012  7.769780e+06  1.734512e+09
4     1556.567915    0.000192  0.000056  ...  0.000012  7.776704e+06  1.734521e+09
...           ...         ...       ...  ...       ...           ...           ...
1587  1556.573295    0.000191  0.000094  ...  0.000012  7.674814e+06  1.734521e+09
1588  1556.568031    0.000191  0.000056  ...  0.000012  7.776565e+06  1.734521e+09
1589  1556.573282    0.000191  0.000094  ...  0.000012  7.692942e+06  1.734521e+09
1590  1556.567999    0.000187  0.000053  ...  0.000012  7.774541e+06  1.734521e+09
1591  1556.573276    0.000189  0.000092  ...  0.000012  7.691166e+06  1.734521e+09

[1592 rows x 13 columns]
