CHANNEL_0_1
           cbragg  cbragg_err   credchi  ...  cdelta_n            cL     timestamp
0     1544.607008    0.000102  0.000048  ...  0.000012  7.693330e+06  1.736061e+09
1     1544.615360    0.000103  0.000058  ...  0.000012  7.685544e+06  1.736061e+09
2     1544.607012    0.000101  0.000047  ...  0.000012  7.693456e+06  1.736061e+09
3     1544.615371    0.000155  0.000058  ...  0.000012  7.689608e+06  1.736061e+09
4     1544.606972    0.000116  0.000048  ...  0.000012  7.685858e+06  1.736061e+09
...           ...         ...       ...  ...       ...           ...           ...
1587  1544.615191    0.000104  0.000057  ...  0.000012  7.688759e+06  1.736077e+09
1588  1544.606749    0.000198  0.000048  ...  0.000012  7.701021e+06  1.736077e+09
1589  1544.615181    0.000135  0.000060  ...  0.000012  7.685281e+06  1.736077e+09
1590  1544.606760    0.000176  0.000048  ...  0.000012  7.704005e+06  1.736077e+09
1591  1544.615177    0.000258  0.000058  ...  0.000012  7.678394e+06  1.736077e+09

[1592 rows x 13 columns]
CHANNEL_0_2
           cbragg  cbragg_err   credchi  ...  cdelta_n            cL     timestamp
0     1545.428347    0.000093  0.000019  ...  0.000012  7.682077e+06  1.736061e+09
1     1545.430448    0.000092  0.000021  ...  0.000012  7.675647e+06  1.736061e+09
2     1545.428434    0.000092  0.000019  ...  0.000012  7.675206e+06  1.736061e+09
3     1545.430491    0.000090  0.000020  ...  0.000012  7.590252e+06  1.736061e+09
4     1545.428455    0.000091  0.000018  ...  0.000012  7.663712e+06  1.736061e+09
...           ...         ...       ...  ...       ...           ...           ...
1587  1545.430196    0.000086  0.000019  ...  0.000012  7.685860e+06  1.736077e+09
1588  1545.427980    0.000088  0.000017  ...  0.000012  7.686300e+06  1.736077e+09
1589  1545.430199    0.000089  0.000020  ...  0.000012  7.677030e+06  1.736077e+09
1590  1545.427912    0.000087  0.000017  ...  0.000012  7.629801e+06  1.736077e+09
1591  1545.430158    0.000087  0.000019  ...  0.000012  7.684029e+06  1.736077e+09

[1592 rows x 13 columns]
CHANNEL_0_3
           cbragg  cbragg_err   credchi  ...  cdelta_n            cL     timestamp
0     1546.119294    0.000109  0.000040  ...  0.000012  7.702226e+06  1.736061e+09
1     1546.128338    0.000109  0.000055  ...  0.000012  7.670472e+06  1.736061e+09
2     1546.119369    0.000112  0.000042  ...  0.000012  7.639508e+06  1.736061e+09
3     1546.128142    0.000160  0.000114  ...  0.000012  7.817793e+06  1.736061e+09
4     1546.118794    0.000114  0.000043  ...  0.000012  7.674079e+06  1.736061e+09
...           ...         ...       ...  ...       ...           ...           ...
1587  1546.128589    0.000109  0.000055  ...  0.000012  7.677558e+06  1.736077e+09
1588  1546.119661    0.000108  0.000038  ...  0.000012  7.679964e+06  1.736077e+09
1589  1546.129013    0.000108  0.000054  ...  0.000012  7.674609e+06  1.736077e+09
1590  1546.119364    0.000110  0.000040  ...  0.000012  7.688545e+06  1.736077e+09
1591  1546.128987    0.000110  0.000056  ...  0.000012  7.670698e+06  1.736077e+09

[1592 rows x 13 columns]
CHANNEL_0_4
           cbragg  cbragg_err   credchi  ...  cdelta_n            cL     timestamp
0     1547.116663    0.000115  0.000047  ...  0.000012  7.863571e+06  1.736061e+09
1     1547.118878    0.000111  0.000050  ...  0.000012  7.863331e+06  1.736061e+09
2     1547.116686    0.000114  0.000047  ...  0.000012  7.863588e+06  1.736061e+09
3     1547.118765    0.000112  0.000051  ...  0.000012  7.870835e+06  1.736061e+09
4     1547.116672    0.000114  0.000047  ...  0.000012  7.865173e+06  1.736061e+09
...           ...         ...       ...  ...       ...           ...           ...
1587  1547.119554    0.000111  0.000051  ...  0.000012  7.874021e+06  1.736077e+09
1588  1547.117050    0.000115  0.000048  ...  0.000012  7.856272e+06  1.736077e+09
1589  1547.119501    0.000119  0.000059  ...  0.000012  7.992292e+06  1.736077e+09
1590  1547.117055    0.000114  0.000047  ...  0.000012  7.848904e+06  1.736077e+09
1591  1547.119419    0.000112  0.000051  ...  0.000012  7.874303e+06  1.736077e+09

[1592 rows x 13 columns]
CHANNEL_0_5
           cbragg  cbragg_err   credchi  ...  cdelta_n            cL     timestamp
0     1548.090715    0.000107  0.000059  ...  0.000012  7.872543e+06  1.736061e+09
1     1548.095664    0.000228  0.000222  ...  0.000012  8.106974e+06  1.736061e+09
2     1548.090349    0.000088  0.000038  ...  0.000012  7.709502e+06  1.736061e+09
3     1548.095634    0.000166  0.000117  ...  0.000012  7.959362e+06  1.736061e+09
4     1548.090315    0.000092  0.000042  ...  0.000012  7.713624e+06  1.736061e+09
...           ...         ...       ...  ...       ...           ...           ...
1587  1548.096188    0.000094  0.000038  ...  0.000012  7.723833e+06  1.736077e+09
1588  1548.090750    0.000087  0.000038  ...  0.000012  7.724784e+06  1.736077e+09
1589  1548.096021    0.000113  0.000058  ...  0.000012  7.926801e+06  1.736077e+09
1590  1548.090762    0.000088  0.000039  ...  0.000012  7.726303e+06  1.736077e+09
1591  1548.096103    0.000092  0.000037  ...  0.000012  7.732628e+06  1.736077e+09

[1592 rows x 13 columns]
CHANNEL_0_6
           cbragg  cbragg_err   credchi  ...  cdelta_n            cL     timestamp
0     1549.068332    0.000076  0.000023  ...  0.000012  7.578179e+06  1.736061e+09
1     1549.078323    0.000085  0.000048  ...  0.000012  7.537279e+06  1.736061e+09
2     1549.068405    0.000075  0.000022  ...  0.000012  7.580025e+06  1.736061e+09
3     1549.078463    0.000083  0.000046  ...  0.000012  7.494518e+06  1.736061e+09
4     1549.068363    0.000097  0.000038  ...  0.000012  7.751163e+06  1.736061e+09
...           ...         ...       ...  ...       ...           ...           ...
1587  1549.078939    0.000082  0.000045  ...  0.000012  7.487457e+06  1.736077e+09
1588  1549.068657    0.000075  0.000022  ...  0.000012  7.590093e+06  1.736077e+09
1589  1549.078949    0.000080  0.000043  ...  0.000012  7.490476e+06  1.736077e+09
1590  1549.068777    0.000074  0.000022  ...  0.000012  7.591037e+06  1.736077e+09
1591  1549.078976    0.000083  0.000046  ...  0.000012  7.488799e+06  1.736077e+09

[1592 rows x 13 columns]
CHANNEL_0_7
           cbragg  cbragg_err   credchi  ...  cdelta_n            cL     timestamp
0     1550.073398    0.000131  0.000051  ...  0.000012  7.668855e+06  1.736061e+09
1     1550.076260    0.000125  0.000050  ...  0.000012  7.632410e+06  1.736061e+09
2     1550.073394    0.000154  0.000070  ...  0.000012  7.763749e+06  1.736061e+09
3     1550.076151    0.000125  0.000049  ...  0.000012  7.589860e+06  1.736061e+09
4     1550.073361    0.000150  0.000068  ...  0.000012  7.789731e+06  1.736061e+09
...           ...         ...       ...  ...       ...           ...           ...
1587  1550.076519    0.000125  0.000050  ...  0.000012  7.629059e+06  1.736077e+09
1588  1550.073638    0.000127  0.000048  ...  0.000012  7.587061e+06  1.736077e+09
1589  1550.076519    0.000126  0.000051  ...  0.000012  7.611303e+06  1.736077e+09
1590  1550.073819    0.000128  0.000048  ...  0.000012  7.561513e+06  1.736077e+09
1591  1550.076680    0.000125  0.000050  ...  0.000012  7.604366e+06  1.736077e+09

[1592 rows x 13 columns]
CHANNEL_0_8
           cbragg  cbragg_err   credchi  ...  cdelta_n            cL     timestamp
0     1551.048781    0.000073  0.000016  ...  0.000012  7.614813e+06  1.736061e+09
1     1551.056357    0.000076  0.000020  ...  0.000012  7.619129e+06  1.736061e+09
2     1551.048848    0.000074  0.000016  ...  0.000012  7.610856e+06  1.736061e+09
3     1551.056289    0.000072  0.000018  ...  0.000012  7.621234e+06  1.736061e+09
4     1551.048906    0.000073  0.000016  ...  0.000012  7.610554e+06  1.736061e+09
...           ...         ...       ...  ...       ...           ...           ...
1587  1551.057200    0.000076  0.000020  ...  0.000012  7.614334e+06  1.736077e+09
1588  1551.049653    0.000075  0.000017  ...  0.000012  7.591698e+06  1.736077e+09
1589  1551.057271    0.000074  0.000019  ...  0.000012  7.612234e+06  1.736077e+09
1590  1551.049640    0.000075  0.000017  ...  0.000012  7.597697e+06  1.736077e+09
1591  1551.057244    0.000073  0.000019  ...  0.000012  7.602446e+06  1.736077e+09

[1592 rows x 13 columns]
CHANNEL_0_9
           cbragg  cbragg_err   credchi  ...  cdelta_n            cL     timestamp
0     1552.030303    0.000092  0.000017  ...  0.000012  7.722271e+06  1.736061e+09
1     1552.040280    0.000089  0.000030  ...  0.000012  7.665664e+06  1.736061e+09
2     1552.030188    0.000094  0.000018  ...  0.000012  7.717869e+06  1.736061e+09
3     1552.040241    0.000090  0.000030  ...  0.000012  7.659264e+06  1.736061e+09
4     1552.030354    0.000092  0.000017  ...  0.000012  7.718895e+06  1.736061e+09
...           ...         ...       ...  ...       ...           ...           ...
1587  1552.041138    0.000090  0.000030  ...  0.000012  7.648058e+06  1.736077e+09
1588  1552.031159    0.000093  0.000017  ...  0.000012  7.723469e+06  1.736077e+09
1589  1552.041203    0.000089  0.000030  ...  0.000012  7.661759e+06  1.736077e+09
1590  1552.031125    0.000091  0.000016  ...  0.000012  7.714721e+06  1.736077e+09
1591  1552.041159    0.000092  0.000032  ...  0.000012  7.670026e+06  1.736077e+09

[1592 rows x 13 columns]
CHANNEL_0_10
           cbragg  cbragg_err   credchi  ...  cdelta_n            cL     timestamp
0     1553.040530    0.000090  0.000020  ...  0.000012  7.685450e+06  1.736061e+09
1     1553.041578    0.000127  0.000031  ...  0.000012  7.428317e+06  1.736061e+09
2     1553.040552    0.000091  0.000020  ...  0.000012  7.699357e+06  1.736061e+09
3     1553.041584    0.000088  0.000016  ...  0.000012  7.740851e+06  1.736061e+09
4     1553.040519    0.000089  0.000019  ...  0.000012  7.701790e+06  1.736061e+09
...           ...         ...       ...  ...       ...           ...           ...
1587  1553.042546    0.000091  0.000017  ...  0.000012  7.697810e+06  1.736077e+09
1588  1553.041477    0.000088  0.000019  ...  0.000012  7.690679e+06  1.736077e+09
1589  1553.042526    0.000090  0.000016  ...  0.000012  7.699258e+06  1.736077e+09
1590  1553.041480    0.000089  0.000020  ...  0.000012  7.698243e+06  1.736077e+09
1591  1553.042418    0.000091  0.000017  ...  0.000012  7.736718e+06  1.736077e+09

[1592 rows x 13 columns]
CHANNEL_0_11
           cbragg  cbragg_err   credchi  ...  cdelta_n            cL     timestamp
0     1554.045357    0.000117  0.000021  ...  0.000012  7.398749e+06  1.736061e+09
1     1554.054926    0.000068  0.000014  ...  0.000012  7.648235e+06  1.736061e+09
2     1554.045355    0.000072  0.000008  ...  0.000012  7.691570e+06  1.736061e+09
3     1554.054956    0.000070  0.000014  ...  0.000012  7.640665e+06  1.736061e+09
4     1554.045452    0.000074  0.000009  ...  0.000012  7.715574e+06  1.736061e+09
...           ...         ...       ...  ...       ...           ...           ...
1587  1554.055834    0.000072  0.000015  ...  0.000012  7.657359e+06  1.736077e+09
1588  1554.046260    0.000071  0.000008  ...  0.000012  7.668111e+06  1.736077e+09
1589  1554.055740    0.000071  0.000015  ...  0.000012  7.665694e+06  1.736077e+09
1590  1554.046247    0.000074  0.000009  ...  0.000012  7.648259e+06  1.736077e+09
1591  1554.055848    0.000069  0.000014  ...  0.000012  7.671662e+06  1.736077e+09

[1592 rows x 13 columns]
CHANNEL_0_12
           cbragg  cbragg_err   credchi  ...  cdelta_n            cL     timestamp
0     1555.073745    0.000121  0.000052  ...  0.000012  7.478755e+06  1.736061e+09
1     1555.076037    0.000118  0.000048  ...  0.000012  7.498004e+06  1.736061e+09
2     1555.073777    0.000118  0.000049  ...  0.000012  7.476836e+06  1.736061e+09
3     1555.075990    0.000117  0.000048  ...  0.000012  7.514346e+06  1.736061e+09
4     1555.073786    0.000121  0.000051  ...  0.000012  7.476208e+06  1.736061e+09
...           ...         ...       ...  ...       ...           ...           ...
1587  1555.076880    0.000125  0.000057  ...  0.000012  7.599500e+06  1.736077e+09
1588  1555.074587    0.000123  0.000054  ...  0.000012  7.481701e+06  1.736077e+09
1589  1555.076913    0.000135  0.000068  ...  0.000012  7.699446e+06  1.736077e+09
1590  1555.074657    0.000121  0.000052  ...  0.000012  7.473285e+06  1.736077e+09
1591  1555.076949    0.000120  0.000051  ...  0.000012  7.503453e+06  1.736077e+09

[1592 rows x 13 columns]
CHANNEL_0_13
           cbragg  cbragg_err   credchi  ...  cdelta_n            cL     timestamp
0     1556.045775    0.000144  0.000039  ...  0.000012  7.682442e+06  1.736061e+09
1     1556.054117    0.000134  0.000045  ...  0.000012  7.700204e+06  1.736061e+09
2     1556.045773    0.000139  0.000036  ...  0.000012  7.680831e+06  1.736061e+09
3     1556.054087    0.000134  0.000044  ...  0.000012  7.695656e+06  1.736061e+09
4     1556.045724    0.000143  0.000038  ...  0.000012  7.672243e+06  1.736061e+09
...           ...         ...       ...  ...       ...           ...           ...
1587  1556.055186    0.000137  0.000047  ...  0.000012  7.688068e+06  1.736077e+09
1588  1556.046477    0.000141  0.000037  ...  0.000012  7.683326e+06  1.736077e+09
1589  1556.055148    0.000141  0.000049  ...  0.000012  7.691353e+06  1.736077e+09
1590  1556.046724    0.000141  0.000037  ...  0.000012  7.666723e+06  1.736077e+09
1591  1556.055109    0.000137  0.000047  ...  0.000012  7.700186e+06  1.736077e+09

[1592 rows x 13 columns]
CHANNEL_0_14
           cbragg  cbragg_err   credchi  ...  cdelta_n            cL     timestamp
0     1557.018580    0.000122  0.000045  ...  0.000012  7.843801e+06  1.736061e+09
1     1557.023110    0.000115  0.000051  ...  0.000012  7.767315e+06  1.736061e+09
2     1557.018441    0.000107  0.000034  ...  0.000012  7.771695e+06  1.736061e+09
3     1557.023081    0.000175  0.000119  ...  0.000012  7.991795e+06  1.736061e+09
4     1557.018466    0.000100  0.000030  ...  0.000012  7.659039e+06  1.736061e+09
...           ...         ...       ...  ...       ...           ...           ...
1587  1557.023958    0.000107  0.000043  ...  0.000012  7.664191e+06  1.736077e+09
1588  1557.019213    0.000101  0.000031  ...  0.000012  7.656051e+06  1.736077e+09
1589  1557.023961    0.000103  0.000040  ...  0.000012  7.599691e+06  1.736077e+09
1590  1557.019269    0.000101  0.000031  ...  0.000012  7.657922e+06  1.736077e+09
1591  1557.023913    0.000103  0.000040  ...  0.000012  7.602083e+06  1.736077e+09

[1592 rows x 13 columns]
CHANNEL_1_1
           cbragg  cbragg_err   credchi  ...  cdelta_n            cL     timestamp
0     1556.150741    0.000101  0.000010  ...  0.000012  2.657782e+06  1.736061e+09
1     1556.149906    0.000073  0.000005  ...  0.000012  2.668781e+06  1.736061e+09
2     1556.151048    0.000142  0.000018  ...  0.000012  2.603624e+06  1.736061e+09
3     1556.150301    0.000115  0.000012  ...  0.000012  2.723482e+06  1.736061e+09
4     1556.150352    0.000084  0.000007  ...  0.000012  2.668009e+06  1.736061e+09
...           ...         ...       ...  ...       ...           ...           ...
1587  1556.149783    0.000075  0.000005  ...  0.000012  2.681720e+06  1.736077e+09
1588  1556.150495    0.000312  0.000081  ...  0.000012  2.521667e+06  1.736077e+09
1589  1556.149873    0.000189  0.000029  ...  0.000012  2.574783e+06  1.736077e+09
1590  1556.150315    0.000089  0.000008  ...  0.000012  2.673377e+06  1.736077e+09
1591  1556.148339    0.000929  0.001328  ...  0.000012  3.277750e+06  1.736077e+09

[1592 rows x 13 columns]
CHANNEL_1_2
           cbragg  cbragg_err   credchi  ...  cdelta_n            cL     timestamp
0     1558.201083    0.000841  0.001697  ...  0.000012  3.397219e+06  1.736061e+09
1     1558.203934    0.000119  0.000021  ...  0.000012  2.781260e+06  1.736061e+09
2     1558.201206    0.000869  0.001786  ...  0.000012  3.396745e+06  1.736061e+09
3     1558.203833    0.000122  0.000022  ...  0.000012  2.773350e+06  1.736061e+09
4     1558.201196    0.000128  0.000023  ...  0.000012  2.789401e+06  1.736061e+09
...           ...         ...       ...  ...       ...           ...           ...
1587  1558.204804    0.000285  0.000103  ...  0.000012  2.651400e+06  1.736077e+09
1588  1558.202530    0.000929  0.000750  ...  0.000012  2.376941e+06  1.736077e+09
1589  1558.204637    0.000157  0.000035  ...  0.000012  2.737994e+06  1.736077e+09
1590  1558.202065    0.000858  0.001820  ...  0.000012  3.424085e+06  1.736077e+09
1591  1558.204788    0.000142  0.000029  ...  0.000012  2.745518e+06  1.736077e+09

[1592 rows x 13 columns]
CHANNEL_1_3
           cbragg  cbragg_err   credchi  ...  cdelta_n            cL     timestamp
0     1561.019411    0.000468  0.000347  ...  0.000012  2.833796e+06  1.736061e+09
1     1561.014705    0.001230  0.004602  ...  0.000012  3.852332e+06  1.736061e+09
2     1561.019216    0.000050  0.000004  ...  0.000012  2.915800e+06  1.736061e+09
3     1561.015747    0.000072  0.000008  ...  0.000012  2.925910e+06  1.736061e+09
4     1561.019069    0.000061  0.000006  ...  0.000012  2.928582e+06  1.736061e+09
...           ...         ...       ...  ...       ...           ...           ...
1587  1561.016693    0.000422  0.000373  ...  0.000012  3.216483e+06  1.736077e+09
1588  1561.019873    0.000701  0.001110  ...  0.000012  3.381991e+06  1.736077e+09
1589  1561.016391    0.000048  0.000004  ...  0.000012  2.936644e+06  1.736077e+09
1590  1561.019943    0.000056  0.000005  ...  0.000012  2.959041e+06  1.736077e+09
1591  1561.016499    0.000049  0.000004  ...  0.000012  2.930163e+06  1.736077e+09

[1592 rows x 13 columns]
CHANNEL_2_1
           cbragg  cbragg_err   credchi  ...  cdelta_n            cL     timestamp
0     1543.570938    0.000126  0.000005  ...  0.000012  2.777877e+06  1.736061e+09
1     1543.570288    0.000065  0.000004  ...  0.000012  2.777754e+06  1.736061e+09
2     1543.570881    0.000069  0.000005  ...  0.000012  2.776356e+06  1.736061e+09
3     1543.570299    0.000069  0.000005  ...  0.000012  2.778548e+06  1.736061e+09
4     1543.570994    0.000068  0.000005  ...  0.000012  2.777977e+06  1.736061e+09
...           ...         ...       ...  ...       ...           ...           ...
1587  1543.567335    0.011664  0.004724  ...  0.000012  1.113165e+06  1.736077e+09
1588  1543.570604    0.000067  0.000005  ...  0.000012  2.780481e+06  1.736077e+09
1589  1543.570091    0.000063  0.000004  ...  0.000012  2.781369e+06  1.736077e+09
1590  1543.570740    0.000066  0.000005  ...  0.000012  2.781203e+06  1.736077e+09
1591  1543.574895    0.012860  0.004713  ...  0.000012  1.112921e+06  1.736077e+09

[1592 rows x 13 columns]
CHANNEL_2_2
           cbragg  cbragg_err   credchi  ...  cdelta_n            cL     timestamp
0     1545.928270    0.000128  0.000013  ...  0.000012  2.669660e+06  1.736061e+09
1     1545.928045    0.000779  0.000828  ...  0.000012  3.217220e+06  1.736061e+09
2     1545.928133    0.000126  0.000013  ...  0.000012  2.697579e+06  1.736061e+09
3     1545.928180    0.000646  0.000510  ...  0.000012  3.103846e+06  1.736061e+09
4     1545.927980    0.000126  0.000012  ...  0.000012  2.676153e+06  1.736061e+09
...           ...         ...       ...  ...       ...           ...           ...
1587  1545.930682    0.000135  0.000014  ...  0.000012  2.649973e+06  1.736077e+09
1588  1545.928876    0.000131  0.000013  ...  0.000012  2.667274e+06  1.736077e+09
1589  1545.929761    0.000427  0.000193  ...  0.000012  2.930354e+06  1.736077e+09
1590  1545.929122    0.000130  0.000014  ...  0.000012  2.673898e+06  1.736077e+09
1591  1545.930541    0.000128  0.000013  ...  0.000012  2.680413e+06  1.736077e+09

[1592 rows x 13 columns]
CHANNEL_2_3
           cbragg  cbragg_err   credchi  ...  cdelta_n            cL     timestamp
0     1548.528024    0.000093  0.000010  ...  0.000012  2.898388e+06  1.736061e+09
1     1548.529381    0.000093  0.000009  ...  0.000012  2.890453e+06  1.736061e+09
2     1548.528083    0.000095  0.000009  ...  0.000012  2.878898e+06  1.736061e+09
3     1548.529897    0.000639  0.000611  ...  0.000012  3.297147e+06  1.736061e+09
4     1548.527989    0.000098  0.000010  ...  0.000012  2.884981e+06  1.736061e+09
...           ...         ...       ...  ...       ...           ...           ...
1587  1548.530461    0.000088  0.000008  ...  0.000012  2.886191e+06  1.736077e+09
1588  1548.528497    0.000272  0.000072  ...  0.000012  2.750202e+06  1.736077e+09
1589  1548.530259    0.000094  0.000010  ...  0.000012  2.898738e+06  1.736077e+09
1590  1548.528698    0.000118  0.000015  ...  0.000012  2.841584e+06  1.736077e+09
1591  1548.530237    0.000090  0.000009  ...  0.000012  2.874034e+06  1.736077e+09

[1592 rows x 13 columns]
CHANNEL_3_1
           cbragg  cbragg_err   credchi  ...  cdelta_n            cL     timestamp
0     1544.119777    0.000341  0.000028  ...  0.000012  7.772404e+06  1.736061e+09
1     1544.118483    0.000118  0.000020  ...  0.000012  7.811155e+06  1.736061e+09
2     1544.119841    0.000124  0.000028  ...  0.000012  7.765448e+06  1.736061e+09
3     1544.118348    0.000121  0.000020  ...  0.000012  7.800344e+06  1.736061e+09
4     1544.119882    0.000159  0.000027  ...  0.000012  7.769198e+06  1.736061e+09
...           ...         ...       ...  ...       ...           ...           ...
1587  1544.118241    0.000123  0.000020  ...  0.000012  7.784860e+06  1.736077e+09
1588  1544.119702    0.000163  0.000027  ...  0.000012  7.763710e+06  1.736077e+09
1589  1544.118296    0.000118  0.000020  ...  0.000012  7.799562e+06  1.736077e+09
1590  1544.119660    0.000122  0.000028  ...  0.000012  7.761576e+06  1.736077e+09
1591  1544.118252    0.000161  0.000020  ...  0.000012  7.809102e+06  1.736077e+09

[1592 rows x 13 columns]
CHANNEL_3_2
           cbragg  cbragg_err   credchi  ...  cdelta_n            cL     timestamp
0     1545.002690    0.000180  0.000022  ...  0.000012  7.920342e+06  1.736061e+09
1     1545.013521    0.000111  0.000040  ...  0.000012  7.831066e+06  1.736061e+09
2     1545.002629    0.000161  0.000024  ...  0.000012  7.917720e+06  1.736061e+09
3     1545.013479    0.000111  0.000040  ...  0.000012  7.847312e+06  1.736061e+09
4     1545.002834    0.000230  0.000022  ...  0.000012  7.926648e+06  1.736061e+09
...           ...         ...       ...  ...       ...           ...           ...
1587  1545.013019    0.000121  0.000039  ...  0.000012  7.851043e+06  1.736077e+09
1588  1545.002442    0.000121  0.000022  ...  0.000012  7.934212e+06  1.736077e+09
1589  1545.012970    0.000118  0.000040  ...  0.000012  7.838838e+06  1.736077e+09
1590  1545.002322    0.000141  0.000023  ...  0.000012  7.922675e+06  1.736077e+09
1591  1545.013008    0.000145  0.000040  ...  0.000012  7.834847e+06  1.736077e+09

[1592 rows x 13 columns]
CHANNEL_3_3
           cbragg  cbragg_err   credchi  ...  cdelta_n            cL     timestamp
0     1545.705547    0.000111  0.000034  ...  0.000012  7.614167e+06  1.736061e+09
1     1545.709297    0.000111  0.000027  ...  0.000012  7.628186e+06  1.736061e+09
2     1545.705497    0.000113  0.000036  ...  0.000012  7.664366e+06  1.736061e+09
3     1545.709065    0.000117  0.000029  ...  0.000012  7.601687e+06  1.736061e+09
4     1545.705179    0.000114  0.000036  ...  0.000012  7.657827e+06  1.736061e+09
...           ...         ...       ...  ...       ...           ...           ...
1587  1545.710209    0.000121  0.000031  ...  0.000012  7.605995e+06  1.736077e+09
1588  1545.706541    0.000110  0.000033  ...  0.000012  7.606673e+06  1.736077e+09
1589  1545.710710    0.000118  0.000030  ...  0.000012  7.620567e+06  1.736077e+09
1590  1545.706204    0.000111  0.000034  ...  0.000012  7.586885e+06  1.736077e+09
1591  1545.710504    0.000113  0.000028  ...  0.000012  7.631446e+06  1.736077e+09

[1592 rows x 13 columns]
CHANNEL_3_4
           cbragg  cbragg_err   credchi  ...  cdelta_n            cL     timestamp
0     1546.677507    0.000097  0.000018  ...  0.000012  7.801693e+06  1.736061e+09
1     1546.684966    0.000097  0.000027  ...  0.000012  7.744285e+06  1.736061e+09
2     1546.677396    0.000097  0.000018  ...  0.000012  7.802675e+06  1.736061e+09
3     1546.684840    0.000096  0.000026  ...  0.000012  7.745622e+06  1.736061e+09
4     1546.677373    0.000097  0.000018  ...  0.000012  7.738895e+06  1.736061e+09
...           ...         ...       ...  ...       ...           ...           ...
1587  1546.685511    0.000097  0.000027  ...  0.000012  7.747764e+06  1.736077e+09
1588  1546.678185    0.000096  0.000018  ...  0.000012  7.802360e+06  1.736077e+09
1589  1546.685511    0.000095  0.000025  ...  0.000012  7.751197e+06  1.736077e+09
1590  1546.678143    0.000094  0.000017  ...  0.000012  7.796065e+06  1.736077e+09
1591  1546.685460    0.000095  0.000025  ...  0.000012  7.753579e+06  1.736077e+09

[1592 rows x 13 columns]
CHANNEL_3_5
           cbragg  cbragg_err   credchi  ...  cdelta_n            cL     timestamp
0     1547.696404    0.000078  0.000015  ...  0.000012  7.595774e+06  1.736061e+09
1     1547.704983    0.000087  0.000017  ...  0.000012  7.466146e+06  1.736061e+09
2     1547.696317    0.000079  0.000015  ...  0.000012  7.595658e+06  1.736061e+09
3     1547.704808    0.000079  0.000014  ...  0.000012  7.622847e+06  1.736061e+09
4     1547.696292    0.000078  0.000015  ...  0.000012  7.601130e+06  1.736061e+09
...           ...         ...       ...  ...       ...           ...           ...
1587  1547.705437    0.000079  0.000014  ...  0.000012  7.636962e+06  1.736077e+09
1588  1547.696645    0.000078  0.000014  ...  0.000012  7.610106e+06  1.736077e+09
1589  1547.705445    0.000076  0.000014  ...  0.000012  7.598444e+06  1.736077e+09
1590  1547.696575    0.000079  0.000015  ...  0.000012  7.607339e+06  1.736077e+09
1591  1547.705448    0.000080  0.000015  ...  0.000012  7.622209e+06  1.736077e+09

[1592 rows x 13 columns]
CHANNEL_3_6
           cbragg  cbragg_err   credchi  ...  cdelta_n            cL     timestamp
0     1548.685398    0.000084  0.000016  ...  0.000012  7.746530e+06  1.736061e+09
1     1548.689069    0.000081  0.000016  ...  0.000012  7.762072e+06  1.736061e+09
2     1548.685396    0.000084  0.000017  ...  0.000012  7.741942e+06  1.736061e+09
3     1548.689065    0.000081  0.000016  ...  0.000012  7.751754e+06  1.736061e+09
4     1548.685389    0.000085  0.000017  ...  0.000012  7.753226e+06  1.736061e+09
...           ...         ...       ...  ...       ...           ...           ...
1587  1548.689553    0.000083  0.000017  ...  0.000012  7.751233e+06  1.736077e+09
1588  1548.685721    0.000085  0.000017  ...  0.000012  7.743325e+06  1.736077e+09
1589  1548.689509    0.000083  0.000017  ...  0.000012  7.753386e+06  1.736077e+09
1590  1548.685777    0.000084  0.000017  ...  0.000012  7.744198e+06  1.736077e+09
1591  1548.689642    0.000082  0.000017  ...  0.000012  7.743354e+06  1.736077e+09

[1592 rows x 13 columns]
CHANNEL_3_7
           cbragg  cbragg_err   credchi  ...  cdelta_n            cL     timestamp
0     1549.700136    0.000084  0.000013  ...  0.000012  7.652883e+06  1.736061e+09
1     1549.711922    0.000086  0.000021  ...  0.000012  7.609017e+06  1.736061e+09
2     1549.700078    0.000085  0.000014  ...  0.000012  7.656155e+06  1.736061e+09
3     1549.711893    0.000086  0.000020  ...  0.000012  7.610032e+06  1.736061e+09
4     1549.700089    0.000085  0.000014  ...  0.000012  7.643853e+06  1.736061e+09
...           ...         ...       ...  ...       ...           ...           ...
1587  1549.712282    0.000085  0.000020  ...  0.000012  7.609460e+06  1.736077e+09
1588  1549.700566    0.000085  0.000014  ...  0.000012  7.590504e+06  1.736077e+09
1589  1549.712267    0.000085  0.000020  ...  0.000012  7.618685e+06  1.736077e+09
1590  1549.700621    0.000083  0.000013  ...  0.000012  7.660610e+06  1.736077e+09
1591  1549.712419    0.000085  0.000020  ...  0.000012  7.609247e+06  1.736077e+09

[1592 rows x 13 columns]
CHANNEL_3_8
           cbragg  cbragg_err   credchi  ...  cdelta_n            cL     timestamp
0     1550.661473    0.000090  0.000016  ...  0.000012  7.586219e+06  1.736061e+09
1     1550.660441    0.000094  0.000014  ...  0.000012  7.640668e+06  1.736061e+09
2     1550.661455    0.000089  0.000016  ...  0.000012  7.626467e+06  1.736061e+09
3     1550.660416    0.000094  0.000014  ...  0.000012  7.600531e+06  1.736061e+09
4     1550.661467    0.000093  0.000018  ...  0.000012  7.528083e+06  1.736061e+09
...           ...         ...       ...  ...       ...           ...           ...
1587  1550.661272    0.000143  0.000031  ...  0.000012  7.309758e+06  1.736077e+09
1588  1550.662230    0.000090  0.000017  ...  0.000012  7.623435e+06  1.736077e+09
1589  1550.661281    0.000142  0.000030  ...  0.000012  7.309945e+06  1.736077e+09
1590  1550.662117    0.000089  0.000016  ...  0.000012  7.633400e+06  1.736077e+09
1591  1550.661237    0.000092  0.000014  ...  0.000012  7.650295e+06  1.736077e+09

[1592 rows x 13 columns]
CHANNEL_3_9
           cbragg  cbragg_err   credchi  ...  cdelta_n            cL     timestamp
0     1551.651754    0.000089  0.000010  ...  0.000012  7.775753e+06  1.736061e+09
1     1551.662166    0.000091  0.000019  ...  0.000012  7.695533e+06  1.736061e+09
2     1551.651613    0.000090  0.000011  ...  0.000012  7.796742e+06  1.736061e+09
3     1551.662111    0.000089  0.000018  ...  0.000012  7.708637e+06  1.736061e+09
4     1551.651675    0.000092  0.000011  ...  0.000012  7.786075e+06  1.736061e+09
...           ...         ...       ...  ...       ...           ...           ...
1587  1551.663007    0.000090  0.000019  ...  0.000012  7.677150e+06  1.736077e+09
1588  1551.652526    0.000090  0.000011  ...  0.000012  7.769505e+06  1.736077e+09
1589  1551.663020    0.000089  0.000018  ...  0.000012  7.705642e+06  1.736077e+09
1590  1551.652586    0.000087  0.000010  ...  0.000012  7.792610e+06  1.736077e+09
1591  1551.663046    0.000089  0.000019  ...  0.000012  7.709107e+06  1.736077e+09

[1592 rows x 13 columns]
CHANNEL_3_10
           cbragg  cbragg_err   credchi  ...  cdelta_n            cL     timestamp
0     1552.665931    0.000102  0.000021  ...  0.000012  7.707570e+06  1.736061e+09
1     1552.663261    0.000111  0.000014  ...  0.000012  7.764283e+06  1.736061e+09
2     1552.665829    0.000101  0.000020  ...  0.000012  7.719541e+06  1.736061e+09
3     1552.663152    0.000111  0.000014  ...  0.000012  7.769664e+06  1.736061e+09
4     1552.665922    0.000103  0.000021  ...  0.000012  7.688037e+06  1.736061e+09
...           ...         ...       ...  ...       ...           ...           ...
1587  1552.664204    0.000112  0.000014  ...  0.000012  7.765504e+06  1.736077e+09
1588  1552.666617    0.000105  0.000022  ...  0.000012  7.705602e+06  1.736077e+09
1589  1552.664042    0.000114  0.000015  ...  0.000012  7.773860e+06  1.736077e+09
1590  1552.666700    0.000103  0.000022  ...  0.000012  7.703004e+06  1.736077e+09
1591  1552.664129    0.000110  0.000014  ...  0.000012  7.764562e+06  1.736077e+09

[1592 rows x 13 columns]
CHANNEL_3_11
           cbragg  cbragg_err   credchi  ...  cdelta_n            cL     timestamp
0     1553.628918    0.000132  0.000027  ...  0.000012  7.930070e+06  1.736061e+09
1     1553.633318    0.000134  0.000041  ...  0.000012  7.830240e+06  1.736061e+09
2     1553.628839    0.000134  0.000028  ...  0.000012  7.933313e+06  1.736061e+09
3     1553.633245    0.000131  0.000040  ...  0.000012  7.862030e+06  1.736061e+09
4     1553.628817    0.000132  0.000027  ...  0.000012  7.928071e+06  1.736061e+09
...           ...         ...       ...  ...       ...           ...           ...
1587  1553.634087    0.000130  0.000039  ...  0.000012  7.869053e+06  1.736077e+09
1588  1553.629775    0.000134  0.000028  ...  0.000012  7.927403e+06  1.736077e+09
1589  1553.634068    0.000131  0.000040  ...  0.000012  7.825295e+06  1.736077e+09
1590  1553.629714    0.000135  0.000029  ...  0.000012  7.912388e+06  1.736077e+09
1591  1553.634073    0.000132  0.000040  ...  0.000012  7.879063e+06  1.736077e+09

[1592 rows x 13 columns]
CHANNEL_3_12
           cbragg  cbragg_err   credchi  ...  cdelta_n            cL     timestamp
0     1554.608360    0.000140  0.000039  ...  0.000012  7.444877e+06  1.736061e+09
1     1554.608393    0.000105  0.000015  ...  0.000012  7.806504e+06  1.736061e+09
2     1554.608174    0.000097  0.000020  ...  0.000012  7.772334e+06  1.736061e+09
3     1554.608239    0.000103  0.000015  ...  0.000012  7.827810e+06  1.736061e+09
4     1554.608146    0.000099  0.000020  ...  0.000012  7.768840e+06  1.736061e+09
...           ...         ...       ...  ...       ...           ...           ...
1587  1554.609335    0.000106  0.000016  ...  0.000012  7.820457e+06  1.736077e+09
1588  1554.609128    0.000101  0.000022  ...  0.000012  7.767508e+06  1.736077e+09
1589  1554.609317    0.000103  0.000015  ...  0.000012  7.830638e+06  1.736077e+09
1590  1554.609137    0.000133  0.000036  ...  0.000012  7.457398e+06  1.736077e+09
1591  1554.609270    0.000106  0.000016  ...  0.000012  7.819649e+06  1.736077e+09

[1592 rows x 13 columns]
CHANNEL_3_13
           cbragg  cbragg_err   credchi  ...  cdelta_n            cL     timestamp
0     1555.610735    0.000090  0.000010  ...  0.000012  7.631682e+06  1.736061e+09
1     1555.618927    0.000090  0.000017  ...  0.000012  7.569608e+06  1.736061e+09
2     1555.610741    0.000091  0.000010  ...  0.000012  7.624825e+06  1.736061e+09
3     1555.618908    0.000086  0.000016  ...  0.000012  7.579671e+06  1.736061e+09
4     1555.610575    0.000088  0.000009  ...  0.000012  7.633780e+06  1.736061e+09
...           ...         ...       ...  ...       ...           ...           ...
1587  1555.619958    0.000089  0.000017  ...  0.000012  7.566058e+06  1.736077e+09
1588  1555.611743    0.000089  0.000010  ...  0.000012  7.640124e+06  1.736077e+09
1589  1555.619956    0.000089  0.000017  ...  0.000012  7.564541e+06  1.736077e+09
1590  1555.611870    0.000090  0.000010  ...  0.000012  7.615200e+06  1.736077e+09
1591  1555.619938    0.000091  0.000018  ...  0.000012  7.558367e+06  1.736077e+09

[1592 rows x 13 columns]
CHANNEL_3_14
           cbragg  cbragg_err   credchi  ...  cdelta_n            cL     timestamp
0     1556.571084    0.000191  0.000082  ...  0.000012  7.678648e+06  1.736061e+09
1     1556.568877    0.000193  0.000052  ...  0.000012  7.734796e+06  1.736061e+09
2     1556.571029    0.000192  0.000082  ...  0.000012  7.673830e+06  1.736061e+09
3     1556.568794    0.000192  0.000052  ...  0.000012  7.747221e+06  1.736061e+09
4     1556.571041    0.000188  0.000080  ...  0.000012  7.684283e+06  1.736061e+09
...           ...         ...       ...  ...       ...           ...           ...
1587  1556.569931    0.000192  0.000053  ...  0.000012  7.748865e+06  1.736077e+09
1588  1556.571915    0.000192  0.000083  ...  0.000012  7.681919e+06  1.736077e+09
1589  1556.569818    0.000190  0.000052  ...  0.000012  7.744655e+06  1.736077e+09
1590  1556.571896    0.000192  0.000083  ...  0.000012  7.679661e+06  1.736077e+09
1591  1556.569840    0.000191  0.000052  ...  0.000012  7.741700e+06  1.736077e+09

[1592 rows x 13 columns]
