CHANNEL_0_1
           cbragg  cbragg_err   credchi  ...  cdelta_n            cL     timestamp
0     1544.225732    0.000203  0.000041  ...  0.000012  7.704047e+06  1.737676e+09
1     1544.227215    0.000181  0.000053  ...  0.000012  7.642451e+06  1.737676e+09
2     1544.225712    0.000099  0.000039  ...  0.000012  7.714453e+06  1.737676e+09
3     1544.227103    0.000134  0.000052  ...  0.000012  7.652514e+06  1.737676e+09
4     1544.225862    0.000238  0.000041  ...  0.000012  7.697136e+06  1.737676e+09
...           ...         ...       ...  ...       ...           ...           ...
1587  1544.226136    0.000146  0.000053  ...  0.000012  7.644991e+06  1.737691e+09
1588  1544.224624    0.000102  0.000040  ...  0.000012  7.698151e+06  1.737692e+09
1589  1544.226104    0.000102  0.000052  ...  0.000012  7.642067e+06  1.737692e+09
1590  1544.224573    0.000101  0.000041  ...  0.000012  7.698062e+06  1.737692e+09
1591  1544.226071    0.000104  0.000054  ...  0.000012  7.644062e+06  1.737692e+09

[1592 rows x 13 columns]
CHANNEL_0_2
           cbragg  cbragg_err   credchi  ...  cdelta_n            cL     timestamp
0     1545.180411    0.000087  0.000019  ...  0.000012  7.681881e+06  1.737676e+09
1     1545.180209    0.000091  0.000015  ...  0.000012  7.683849e+06  1.737676e+09
2     1545.180274    0.000082  0.000018  ...  0.000012  7.690646e+06  1.737676e+09
3     1545.180298    0.000086  0.000014  ...  0.000012  7.701704e+06  1.737676e+09
4     1545.180353    0.000083  0.000018  ...  0.000012  7.671865e+06  1.737676e+09
...           ...         ...       ...  ...       ...           ...           ...
1587  1545.179350    0.000091  0.000015  ...  0.000012  7.692463e+06  1.737691e+09
1588  1545.179366    0.000082  0.000018  ...  0.000012  7.688901e+06  1.737692e+09
1589  1545.179179    0.000094  0.000016  ...  0.000012  7.685713e+06  1.737692e+09
1590  1545.179251    0.000092  0.000018  ...  0.000012  7.684921e+06  1.737692e+09
1591  1545.179214    0.000090  0.000015  ...  0.000012  7.694352e+06  1.737692e+09

[1592 rows x 13 columns]
CHANNEL_0_3
           cbragg  cbragg_err   credchi  ...  cdelta_n            cL     timestamp
0     1546.165998    0.000114  0.000048  ...  0.000012  7.637004e+06  1.737676e+09
1     1546.163523    0.000120  0.000054  ...  0.000012  7.737838e+06  1.737676e+09
2     1546.166057    0.000112  0.000046  ...  0.000012  7.624419e+06  1.737676e+09
3     1546.163659    0.000110  0.000044  ...  0.000012  7.600303e+06  1.737676e+09
4     1546.166031    0.000115  0.000048  ...  0.000012  7.640349e+06  1.737676e+09
...           ...         ...       ...  ...       ...           ...           ...
1587  1546.162581    0.000112  0.000045  ...  0.000012  7.597509e+06  1.737691e+09
1588  1546.165085    0.000115  0.000048  ...  0.000012  7.629860e+06  1.737692e+09
1589  1546.162622    0.000112  0.000044  ...  0.000012  7.593649e+06  1.737692e+09
1590  1546.164940    0.000114  0.000047  ...  0.000012  7.610016e+06  1.737692e+09
1591  1546.162445    0.000118  0.000050  ...  0.000012  7.726180e+06  1.737692e+09

[1592 rows x 13 columns]
CHANNEL_0_4
           cbragg  cbragg_err   credchi  ...  cdelta_n            cL     timestamp
0     1547.158335    0.000116  0.000056  ...  0.000012  7.827413e+06  1.737676e+09
1     1547.158495    0.000119  0.000045  ...  0.000012  7.834992e+06  1.737676e+09
2     1547.158331    0.000117  0.000056  ...  0.000012  7.808133e+06  1.737676e+09
3     1547.158539    0.000118  0.000044  ...  0.000012  7.843091e+06  1.737676e+09
4     1547.158413    0.000114  0.000054  ...  0.000012  7.806630e+06  1.737676e+09
...           ...         ...       ...  ...       ...           ...           ...
1587  1547.157853    0.000118  0.000043  ...  0.000012  7.832047e+06  1.737691e+09
1588  1547.157749    0.000116  0.000055  ...  0.000012  7.811663e+06  1.737692e+09
1589  1547.157662    0.000118  0.000043  ...  0.000012  7.838467e+06  1.737692e+09
1590  1547.157629    0.000142  0.000087  ...  0.000012  8.066232e+06  1.737692e+09
1591  1547.157633    0.000119  0.000044  ...  0.000012  7.830388e+06  1.737692e+09

[1592 rows x 13 columns]
CHANNEL_0_5
           cbragg  cbragg_err   credchi  ...  cdelta_n            cL     timestamp
0     1548.132191    0.000091  0.000030  ...  0.000012  7.692693e+06  1.737676e+09
1     1548.135217    0.000091  0.000045  ...  0.000012  7.628694e+06  1.737676e+09
2     1548.132205    0.000089  0.000028  ...  0.000012  7.684985e+06  1.737676e+09
3     1548.135270    0.000122  0.000082  ...  0.000012  7.842102e+06  1.737676e+09
4     1548.132213    0.000093  0.000031  ...  0.000012  7.687301e+06  1.737676e+09
...           ...         ...       ...  ...       ...           ...           ...
1587  1548.135049    0.000088  0.000041  ...  0.000012  7.642256e+06  1.737691e+09
1588  1548.131897    0.000115  0.000046  ...  0.000012  7.820711e+06  1.737692e+09
1589  1548.134995    0.000123  0.000082  ...  0.000012  7.824030e+06  1.737692e+09
1590  1548.131935    0.000089  0.000028  ...  0.000012  7.694772e+06  1.737692e+09
1591  1548.135407    0.000162  0.000149  ...  0.000012  8.040346e+06  1.737692e+09

[1592 rows x 13 columns]
CHANNEL_0_6
           cbragg  cbragg_err   credchi  ...  cdelta_n            cL     timestamp
0     1549.118769    0.000082  0.000042  ...  0.000012  7.455088e+06  1.737676e+09
1     1549.110310    0.000076  0.000022  ...  0.000012  7.529662e+06  1.737676e+09
2     1549.118722    0.000149  0.000141  ...  0.000012  7.680859e+06  1.737676e+09
3     1549.110319    0.000075  0.000022  ...  0.000012  7.527579e+06  1.737676e+09
4     1549.118785    0.000080  0.000041  ...  0.000012  7.449043e+06  1.737676e+09
...           ...         ...       ...  ...       ...           ...           ...
1587  1549.110138    0.000075  0.000021  ...  0.000012  7.537424e+06  1.737691e+09
1588  1549.119235    0.000214  0.000312  ...  0.000012  8.030751e+06  1.737692e+09
1589  1549.110062    0.000074  0.000021  ...  0.000012  7.542326e+06  1.737692e+09
1590  1549.118600    0.000081  0.000040  ...  0.000012  7.457677e+06  1.737692e+09
1591  1549.109996    0.000073  0.000020  ...  0.000012  7.541091e+06  1.737692e+09

[1592 rows x 13 columns]
CHANNEL_0_7
           cbragg  cbragg_err   credchi  ...  cdelta_n            cL     timestamp
0     1550.114064    0.000117  0.000041  ...  0.000012  7.660161e+06  1.737676e+09
1     1550.118380    0.000115  0.000044  ...  0.000012  7.660707e+06  1.737676e+09
2     1550.114063    0.000116  0.000040  ...  0.000012  7.663987e+06  1.737676e+09
3     1550.118382    0.000114  0.000043  ...  0.000012  7.676644e+06  1.737676e+09
4     1550.113996    0.000117  0.000041  ...  0.000012  7.664813e+06  1.737676e+09
...           ...         ...       ...  ...       ...           ...           ...
1587  1550.118124    0.000116  0.000043  ...  0.000012  7.680657e+06  1.737691e+09
1588  1550.113808    0.000117  0.000040  ...  0.000012  7.679336e+06  1.737692e+09
1589  1550.118028    0.000114  0.000042  ...  0.000012  7.681760e+06  1.737692e+09
1590  1550.113784    0.000116  0.000040  ...  0.000012  7.689032e+06  1.737692e+09
1591  1550.117973    0.000116  0.000043  ...  0.000012  7.671313e+06  1.737692e+09

[1592 rows x 13 columns]
CHANNEL_0_8
           cbragg  cbragg_err   credchi  ...  cdelta_n            cL     timestamp
0     1551.090860    0.000074  0.000016  ...  0.000012  7.616752e+06  1.737676e+09
1     1551.091138    0.000071  0.000018  ...  0.000012  7.606525e+06  1.737676e+09
2     1551.090903    0.000072  0.000015  ...  0.000012  7.618585e+06  1.737676e+09
3     1551.091173    0.000072  0.000018  ...  0.000012  7.600131e+06  1.737676e+09
4     1551.090911    0.000081  0.000020  ...  0.000012  7.710555e+06  1.737676e+09
...           ...         ...       ...  ...       ...           ...           ...
1587  1551.087320    0.000073  0.000019  ...  0.000012  7.596573e+06  1.737691e+09
1588  1551.087005    0.000074  0.000016  ...  0.000012  7.623825e+06  1.737692e+09
1589  1551.087292    0.000073  0.000018  ...  0.000012  7.602614e+06  1.737692e+09
1590  1551.086941    0.000073  0.000016  ...  0.000012  7.574127e+06  1.737692e+09
1591  1551.087271    0.000081  0.000023  ...  0.000012  7.706571e+06  1.737692e+09

[1592 rows x 13 columns]
CHANNEL_0_9
           cbragg  cbragg_err   credchi  ...  cdelta_n            cL     timestamp
0     1552.076262    0.000086  0.000024  ...  0.000012  7.692313e+06  1.737676e+09
1     1552.072043    0.000089  0.000018  ...  0.000012  7.705592e+06  1.737676e+09
2     1552.076299    0.000087  0.000025  ...  0.000012  7.702219e+06  1.737676e+09
3     1552.072102    0.000088  0.000018  ...  0.000012  7.706977e+06  1.737676e+09
4     1552.076344    0.000088  0.000025  ...  0.000012  7.702561e+06  1.737676e+09
...           ...         ...       ...  ...       ...           ...           ...
1587  1552.068453    0.000090  0.000018  ...  0.000012  7.703602e+06  1.737691e+09
1588  1552.072474    0.000087  0.000024  ...  0.000012  7.692816e+06  1.737692e+09
1589  1552.068399    0.000089  0.000018  ...  0.000012  7.702259e+06  1.737692e+09
1590  1552.072449    0.000086  0.000024  ...  0.000012  7.696326e+06  1.737692e+09
1591  1552.068405    0.000090  0.000018  ...  0.000012  7.700471e+06  1.737692e+09

[1592 rows x 13 columns]
CHANNEL_0_10
           cbragg  cbragg_err   credchi  ...  cdelta_n            cL     timestamp
0     1553.077437    0.000091  0.000018  ...  0.000012  7.688847e+06  1.737676e+09
1     1553.080747    0.000095  0.000021  ...  0.000012  7.690410e+06  1.737676e+09
2     1553.077444    0.000094  0.000019  ...  0.000012  7.684786e+06  1.737676e+09
3     1553.080782    0.000093  0.000021  ...  0.000012  7.695688e+06  1.737676e+09
4     1553.077531    0.000092  0.000018  ...  0.000012  7.682901e+06  1.737676e+09
...           ...         ...       ...  ...       ...           ...           ...
1587  1553.077224    0.000094  0.000021  ...  0.000012  7.690355e+06  1.737691e+09
1588  1553.073700    0.000093  0.000018  ...  0.000012  7.678604e+06  1.737692e+09
1589  1553.077107    0.000095  0.000021  ...  0.000012  7.678236e+06  1.737692e+09
1590  1553.073741    0.000093  0.000018  ...  0.000012  7.689444e+06  1.737692e+09
1591  1553.077181    0.000094  0.000020  ...  0.000012  7.685325e+06  1.737692e+09

[1592 rows x 13 columns]
CHANNEL_0_11
           cbragg  cbragg_err   credchi  ...  cdelta_n            cL     timestamp
0     1554.091924    0.000069  0.000012  ...  0.000012  7.606793e+06  1.737676e+09
1     1554.085448    0.000076  0.000010  ...  0.000012  7.631933e+06  1.737676e+09
2     1554.092003    0.000068  0.000011  ...  0.000012  7.646216e+06  1.737676e+09
3     1554.085540    0.000073  0.000010  ...  0.000012  7.632926e+06  1.737676e+09
4     1554.091972    0.000070  0.000012  ...  0.000012  7.646324e+06  1.737676e+09
...           ...         ...       ...  ...       ...           ...           ...
1587  1554.082243    0.000072  0.000009  ...  0.000012  7.613566e+06  1.737691e+09
1588  1554.088382    0.000069  0.000011  ...  0.000012  7.635413e+06  1.737692e+09
1589  1554.082140    0.000074  0.000010  ...  0.000012  7.589579e+06  1.737692e+09
1590  1554.088363    0.000066  0.000010  ...  0.000012  7.642488e+06  1.737692e+09
1591  1554.082241    0.000074  0.000010  ...  0.000012  7.608744e+06  1.737692e+09

[1592 rows x 13 columns]
CHANNEL_0_12
           cbragg  cbragg_err   credchi  ...  cdelta_n            cL     timestamp
0     1555.113457    0.000110  0.000049  ...  0.000012  7.538161e+06  1.737676e+09
1     1555.111568    0.000116  0.000042  ...  0.000012  7.554036e+06  1.737676e+09
2     1555.113431    0.000111  0.000050  ...  0.000012  7.566344e+06  1.737676e+09
3     1555.111677    0.000115  0.000042  ...  0.000012  7.568100e+06  1.737676e+09
4     1555.113457    0.000109  0.000048  ...  0.000012  7.546323e+06  1.737676e+09
...           ...         ...       ...  ...       ...           ...           ...
1587  1555.108246    0.000117  0.000042  ...  0.000012  7.568782e+06  1.737691e+09
1588  1555.109739    0.000110  0.000048  ...  0.000012  7.556516e+06  1.737692e+09
1589  1555.108172    0.000124  0.000047  ...  0.000012  7.640901e+06  1.737692e+09
1590  1555.109838    0.000111  0.000049  ...  0.000012  7.559087e+06  1.737692e+09
1591  1555.108208    0.000118  0.000043  ...  0.000012  7.572768e+06  1.737692e+09

[1592 rows x 13 columns]
CHANNEL_0_13
           cbragg  cbragg_err   credchi  ...  cdelta_n            cL     timestamp
0     1556.086663    0.000142  0.000035  ...  0.000012  7.701013e+06  1.737676e+09
1     1556.087209    0.000137  0.000043  ...  0.000012  7.651633e+06  1.737676e+09
2     1556.086704    0.000141  0.000034  ...  0.000012  7.708526e+06  1.737676e+09
3     1556.087272    0.000137  0.000043  ...  0.000012  7.656291e+06  1.737676e+09
4     1556.086588    0.000144  0.000036  ...  0.000012  7.721335e+06  1.737676e+09
...           ...         ...       ...  ...       ...           ...           ...
1587  1556.083778    0.000138  0.000043  ...  0.000012  7.653045e+06  1.737691e+09
1588  1556.083046    0.000148  0.000037  ...  0.000012  7.643178e+06  1.737692e+09
1589  1556.083780    0.000138  0.000043  ...  0.000012  7.649063e+06  1.737692e+09
1590  1556.083168    0.000142  0.000034  ...  0.000012  7.698731e+06  1.737692e+09
1591  1556.083804    0.000138  0.000043  ...  0.000012  7.646712e+06  1.737692e+09

[1592 rows x 13 columns]
CHANNEL_0_14
           cbragg  cbragg_err   credchi  ...  cdelta_n            cL     timestamp
0     1557.061446    0.000103  0.000048  ...  0.000012  7.815025e+06  1.737676e+09
1     1557.054113    0.000090  0.000019  ...  0.000012  7.756797e+06  1.737676e+09
2     1557.061527    0.000096  0.000041  ...  0.000012  7.765392e+06  1.737676e+09
3     1557.054191    0.000088  0.000019  ...  0.000012  7.736867e+06  1.737676e+09
4     1557.061523    0.000143  0.000096  ...  0.000012  7.999643e+06  1.737676e+09
...           ...         ...       ...  ...       ...           ...           ...
1587  1557.050658    0.000087  0.000018  ...  0.000012  7.759620e+06  1.737691e+09
1588  1557.057800    0.000090  0.000035  ...  0.000012  7.684052e+06  1.737692e+09
1589  1557.050542    0.000088  0.000018  ...  0.000012  7.760653e+06  1.737692e+09
1590  1557.057814    0.000090  0.000036  ...  0.000012  7.694436e+06  1.737692e+09
1591  1557.050556    0.000088  0.000018  ...  0.000012  7.765224e+06  1.737692e+09

[1592 rows x 13 columns]
CHANNEL_1_1
           cbragg  cbragg_err   credchi  ...  cdelta_n            cL     timestamp
0     1555.125282    0.000552  0.000322  ...  0.000012  2.947850e+06  1.737676e+09
1     1555.128630    0.000119  0.000011  ...  0.000012  2.626279e+06  1.737676e+09
2     1555.125791    0.000737  0.000648  ...  0.000012  3.071067e+06  1.737676e+09
3     1555.128646    0.000644  0.000524  ...  0.000012  3.048150e+06  1.737676e+09
4     1555.125701    0.000296  0.000078  ...  0.000012  2.774650e+06  1.737676e+09
...           ...         ...       ...  ...       ...           ...           ...
1587  1555.127647    0.001169  0.002191  ...  0.000012  3.411102e+06  1.737692e+09
1588  1555.124079    0.000144  0.000016  ...  0.000012  2.658893e+06  1.737692e+09
1589  1555.127322    0.000113  0.000010  ...  0.000012  2.612291e+06  1.737692e+09
1590  1555.124062    0.000206  0.000028  ...  0.000012  2.515260e+06  1.737692e+09
1591  1555.127321    0.000120  0.000012  ...  0.000012  2.622496e+06  1.737692e+09

[1592 rows x 13 columns]
CHANNEL_1_2
           cbragg  cbragg_err   credchi  ...  cdelta_n            cL     timestamp
0     1558.274947    0.000115  0.000019  ...  0.000012  2.822757e+06  1.737676e+09
1     1558.277812    0.000116  0.000019  ...  0.000012  2.790478e+06  1.737676e+09
2     1558.274809    0.000702  0.001110  ...  0.000012  3.284879e+06  1.737676e+09
3     1558.277322    0.000524  0.000514  ...  0.000012  3.127351e+06  1.737676e+09
4     1558.274726    0.000805  0.001542  ...  0.000012  3.361525e+06  1.737676e+09
...           ...         ...       ...  ...       ...           ...           ...
1587  1558.276164    0.000126  0.000021  ...  0.000012  2.774756e+06  1.737692e+09
1588  1558.273036    0.000911  0.002018  ...  0.000012  3.425328e+06  1.737692e+09
1589  1558.275626    0.001031  0.002853  ...  0.000012  3.585337e+06  1.737692e+09
1590  1558.273463    0.000201  0.000061  ...  0.000012  2.860493e+06  1.737692e+09
1591  1558.275698    0.000868  0.001771  ...  0.000012  3.411665e+06  1.737692e+09

[1592 rows x 13 columns]
CHANNEL_1_3
           cbragg  cbragg_err   credchi  ...  cdelta_n            cL     timestamp
0     1561.092006    0.000797  0.001679  ...  0.000012  3.507489e+06  1.737676e+09
1     1561.088704    0.000061  0.000006  ...  0.000012  2.940696e+06  1.737676e+09
2     1561.091968    0.000041  0.000003  ...  0.000012  2.936553e+06  1.737676e+09
3     1561.088864    0.000131  0.000024  ...  0.000012  2.852183e+06  1.737676e+09
4     1561.091882    0.000531  0.000638  ...  0.000012  3.291377e+06  1.737676e+09
...           ...         ...       ...  ...       ...           ...           ...
1587  1561.085892    0.000129  0.000027  ...  0.000012  3.020789e+06  1.737692e+09
1588  1561.088883    0.000102  0.000016  ...  0.000012  2.866114e+06  1.737692e+09
1589  1561.086207    0.000525  0.000553  ...  0.000012  3.283022e+06  1.737692e+09
1590  1561.089533    0.000843  0.001874  ...  0.000012  3.532416e+06  1.737692e+09
1591  1561.085642    0.000080  0.000009  ...  0.000012  2.888356e+06  1.737692e+09

[1592 rows x 13 columns]
CHANNEL_2_1
           cbragg  cbragg_err   credchi  ...  cdelta_n            cL     timestamp
0     1542.579182    0.000057  0.000003  ...  0.000012  2.752990e+06  1.737676e+09
1     1542.579047    0.000048  0.000002  ...  0.000012  2.756871e+06  1.737676e+09
2     1542.579388    0.000048  0.000002  ...  0.000012  2.756228e+06  1.737676e+09
3     1542.579064         NaN  0.000002  ...  0.000012  2.760810e+06  1.737676e+09
4     1542.579117    0.000050  0.000002  ...  0.000012  2.756066e+06  1.737676e+09
...           ...         ...       ...  ...       ...           ...           ...
1587  1542.577713    0.000049  0.000002  ...  0.000012  2.757500e+06  1.737691e+09
1588  1542.567769    0.013183  0.003789  ...  0.000012  1.085404e+06  1.737692e+09
1589  1542.577621    0.000048  0.000002  ...  0.000012  2.755989e+06  1.737692e+09
1590  1542.577981    0.000050  0.000002  ...  0.000012  2.756540e+06  1.737692e+09
1591  1542.577709    0.000047  0.000002  ...  0.000012  2.757414e+06  1.737692e+09

[1592 rows x 13 columns]
CHANNEL_2_2
           cbragg  cbragg_err   credchi  ...  cdelta_n            cL     timestamp
0     1546.013822    0.000180  0.000023  ...  0.000012  2.619411e+06  1.737676e+09
1     1546.013741    0.000450  0.000211  ...  0.000012  2.926860e+06  1.737676e+09
2     1546.013875    0.000147  0.000016  ...  0.000012  2.655600e+06  1.737676e+09
3     1546.014208    0.000899  0.000406  ...  0.000012  2.279668e+06  1.737676e+09
4     1546.013901    0.000150  0.000017  ...  0.000012  2.664187e+06  1.737676e+09
...           ...         ...       ...  ...       ...           ...           ...
1587  1546.012575    0.000141  0.000016  ...  0.000012  2.658419e+06  1.737691e+09
1588  1546.011094    0.001176  0.002066  ...  0.000012  3.515086e+06  1.737692e+09
1589  1546.013633    0.000693  0.000254  ...  0.000012  2.366406e+06  1.737692e+09
1590  1546.011407    0.000528  0.000272  ...  0.000012  2.974905e+06  1.737692e+09
1591  1546.012499    0.000139  0.000015  ...  0.000012  2.662811e+06  1.737692e+09

[1592 rows x 13 columns]
CHANNEL_2_3
           cbragg  cbragg_err   credchi  ...  cdelta_n            cL     timestamp
0     1548.602013    0.000106  0.000011  ...  0.000012  2.880433e+06  1.737676e+09
1     1548.604496    0.000198  0.000046  ...  0.000012  2.997280e+06  1.737676e+09
2     1548.602532    0.000578  0.000477  ...  0.000012  3.291035e+06  1.737676e+09
3     1548.605777    0.001060  0.002121  ...  0.000012  3.690639e+06  1.737676e+09
4     1548.602431    0.000608  0.000530  ...  0.000012  3.302100e+06  1.737676e+09
...           ...         ...       ...  ...       ...           ...           ...
1587  1548.601789    0.000092  0.000009  ...  0.000012  2.905217e+06  1.737691e+09
1588  1548.599467    0.000383  0.000186  ...  0.000012  3.158760e+06  1.737692e+09
1589  1548.601470    0.000099  0.000010  ...  0.000012  2.911646e+06  1.737692e+09
1590  1548.599389    0.000324  0.000129  ...  0.000012  3.117259e+06  1.737692e+09
1591  1548.601422    0.000107  0.000012  ...  0.000012  2.910377e+06  1.737692e+09

[1592 rows x 13 columns]
CHANNEL_3_1
           cbragg  cbragg_err   credchi  ...  cdelta_n            cL     timestamp
0     1543.636755    0.000166  0.000021  ...  0.000012  7.870712e+06  1.737676e+09
1     1543.623375    0.000101  0.000014  ...  0.000012  7.921525e+06  1.737676e+09
2     1543.636800    0.000134  0.000022  ...  0.000012  7.872372e+06  1.737676e+09
3     1543.623464    0.000101  0.000014  ...  0.000012  7.913225e+06  1.737676e+09
4     1543.636622    0.000101  0.000022  ...  0.000012  7.869491e+06  1.737676e+09
...           ...         ...       ...  ...       ...           ...           ...
1587  1543.622158    0.000201  0.000013  ...  0.000012  7.947448e+06  1.737691e+09
1588  1543.635475    0.000112  0.000021  ...  0.000012  7.881415e+06  1.737692e+09
1589  1543.622202    0.000119  0.000014  ...  0.000012  7.934452e+06  1.737692e+09
1590  1543.635406    0.000101  0.000022  ...  0.000012  7.872930e+06  1.737692e+09
1591  1543.622143    0.000300  0.000013  ...  0.000012  7.925076e+06  1.737692e+09

[1592 rows x 13 columns]
CHANNEL_3_2
           cbragg  cbragg_err   credchi  ...  cdelta_n            cL     timestamp
0     1544.661962    0.000113  0.000027  ...  0.000012  7.870000e+06  1.737676e+09
1     1544.655702    0.000136  0.000033  ...  0.000012  7.814774e+06  1.737676e+09
2     1544.661980    0.000114  0.000028  ...  0.000012  7.868104e+06  1.737676e+09
3     1544.655648    0.000320  0.000033  ...  0.000012  7.818707e+06  1.737676e+09
4     1544.661991    0.000115  0.000027  ...  0.000012  7.864582e+06  1.737676e+09
...           ...         ...       ...  ...       ...           ...           ...
1587  1544.654682    0.000175  0.000032  ...  0.000012  7.813610e+06  1.737691e+09
1588  1544.660670    0.000148  0.000028  ...  0.000012  7.863363e+06  1.737692e+09
1589  1544.654703    0.000183  0.000033  ...  0.000012  7.815901e+06  1.737692e+09
1590  1544.660556    0.000123  0.000027  ...  0.000012  7.860956e+06  1.737692e+09
1591  1544.654657    0.000182  0.000034  ...  0.000012  7.806433e+06  1.737692e+09

[1592 rows x 13 columns]
CHANNEL_3_3
           cbragg  cbragg_err   credchi  ...  cdelta_n            cL     timestamp
0     1545.660886    0.000105  0.000033  ...  0.000012  7.611573e+06  1.737676e+09
1     1545.651644    0.000107  0.000022  ...  0.000012  7.644580e+06  1.737676e+09
2     1545.660905    0.000107  0.000034  ...  0.000012  7.605490e+06  1.737676e+09
3     1545.651684    0.000106  0.000021  ...  0.000012  7.611002e+06  1.737676e+09
4     1545.660835    0.000106  0.000033  ...  0.000012  7.620394e+06  1.737676e+09
...           ...         ...       ...  ...       ...           ...           ...
1587  1545.650423    0.000186  0.000059  ...  0.000012  7.200111e+06  1.737691e+09
1588  1545.659601    0.000107  0.000034  ...  0.000012  7.617742e+06  1.737692e+09
1589  1545.650452    0.000104  0.000020  ...  0.000012  7.642857e+06  1.737692e+09
1590  1545.659539    0.000107  0.000033  ...  0.000012  7.608667e+06  1.737692e+09
1591  1545.650267    0.000108  0.000022  ...  0.000012  7.643275e+06  1.737692e+09

[1592 rows x 13 columns]
CHANNEL_3_4
           cbragg  cbragg_err   credchi  ...  cdelta_n            cL     timestamp
0     1546.634080    0.000094  0.000021  ...  0.000012  7.779440e+06  1.737676e+09
1     1546.624294    0.000093  0.000020  ...  0.000012  7.773506e+06  1.737676e+09
2     1546.634078    0.000093  0.000021  ...  0.000012  7.786929e+06  1.737676e+09
3     1546.624385    0.000093  0.000020  ...  0.000012  7.773105e+06  1.737676e+09
4     1546.634062    0.000094  0.000021  ...  0.000012  7.798064e+06  1.737676e+09
...           ...         ...       ...  ...       ...           ...           ...
1587  1546.623406    0.000096  0.000021  ...  0.000012  7.762670e+06  1.737691e+09
1588  1546.632671    0.000096  0.000022  ...  0.000012  7.769396e+06  1.737692e+09
1589  1546.623354    0.000096  0.000021  ...  0.000012  7.764412e+06  1.737692e+09
1590  1546.632594    0.000095  0.000021  ...  0.000012  7.793932e+06  1.737692e+09
1591  1546.623229    0.000095  0.000021  ...  0.000012  7.767596e+06  1.737692e+09

[1592 rows x 13 columns]
CHANNEL_3_5
           cbragg  cbragg_err   credchi  ...  cdelta_n            cL     timestamp
0     1547.649488    0.000081  0.000015  ...  0.000012  7.583632e+06  1.737676e+09
1     1547.647139    0.000080  0.000015  ...  0.000012  7.584717e+06  1.737676e+09
2     1547.649474    0.000082  0.000015  ...  0.000012  7.586202e+06  1.737676e+09
3     1547.647239    0.000079  0.000015  ...  0.000012  7.588511e+06  1.737676e+09
4     1547.649487    0.000082  0.000015  ...  0.000012  7.593931e+06  1.737676e+09
...           ...         ...       ...  ...       ...           ...           ...
1587  1547.646016    0.000080  0.000015  ...  0.000012  7.593027e+06  1.737691e+09
1588  1547.648002    0.000083  0.000015  ...  0.000012  7.591661e+06  1.737692e+09
1589  1547.645950    0.000081  0.000015  ...  0.000012  7.585851e+06  1.737692e+09
1590  1547.647921    0.000083  0.000015  ...  0.000012  7.585593e+06  1.737692e+09
1591  1547.645966    0.000080  0.000015  ...  0.000012  7.576888e+06  1.737692e+09

[1592 rows x 13 columns]
CHANNEL_3_6
           cbragg  cbragg_err   credchi  ...  cdelta_n            cL     timestamp
0     1548.639581    0.000078  0.000019  ...  0.000012  7.809533e+06  1.737676e+09
1     1548.627688    0.000077  0.000011  ...  0.000012  7.867837e+06  1.737676e+09
2     1548.639586    0.000080  0.000020  ...  0.000012  7.799785e+06  1.737676e+09
3     1548.627712    0.000074  0.000010  ...  0.000012  7.892620e+06  1.737676e+09
4     1548.639586    0.000078  0.000019  ...  0.000012  7.806224e+06  1.737676e+09
...           ...         ...       ...  ...       ...           ...           ...
1587  1548.626557    0.000076  0.000010  ...  0.000012  7.868414e+06  1.737691e+09
1588  1548.638097    0.000079  0.000020  ...  0.000012  7.796504e+06  1.737692e+09
1589  1548.626534    0.000077  0.000011  ...  0.000012  7.863607e+06  1.737692e+09
1590  1548.638084    0.000081  0.000020  ...  0.000012  7.791195e+06  1.737692e+09
1591  1548.626429    0.000075  0.000010  ...  0.000012  7.875973e+06  1.737692e+09

[1592 rows x 13 columns]
CHANNEL_3_7
           cbragg  cbragg_err   credchi  ...  cdelta_n            cL     timestamp
0     1549.653430    0.000088  0.000014  ...  0.000012  7.582872e+06  1.737676e+09
1     1549.654285    0.000085  0.000020  ...  0.000012  7.545309e+06  1.737676e+09
2     1549.653460    0.000089  0.000014  ...  0.000012  7.480431e+06  1.737676e+09
3     1549.654364    0.000084  0.000019  ...  0.000012  7.543907e+06  1.737676e+09
4     1549.653408    0.000087  0.000014  ...  0.000012  7.533927e+06  1.737676e+09
...           ...         ...       ...  ...       ...           ...           ...
1587  1549.653283    0.000088  0.000021  ...  0.000012  7.446326e+06  1.737691e+09
1588  1549.651974    0.000087  0.000013  ...  0.000012  7.580372e+06  1.737692e+09
1589  1549.653123    0.000104  0.000029  ...  0.000012  7.368386e+06  1.737692e+09
1590  1549.651938    0.000088  0.000014  ...  0.000012  7.593488e+06  1.737692e+09
1591  1549.653037    0.000085  0.000020  ...  0.000012  7.506220e+06  1.737692e+09

[1592 rows x 13 columns]
CHANNEL_3_8
           cbragg  cbragg_err   credchi  ...  cdelta_n            cL     timestamp
0     1550.609888    0.000089  0.000018  ...  0.000012  7.636157e+06  1.737676e+09
1     1550.600070    0.000091  0.000011  ...  0.000012  7.702417e+06  1.737676e+09
2     1550.609891    0.000090  0.000019  ...  0.000012  7.639066e+06  1.737676e+09
3     1550.600082    0.000089  0.000011  ...  0.000012  7.704119e+06  1.737676e+09
4     1550.609930    0.000090  0.000019  ...  0.000012  7.628063e+06  1.737676e+09
...           ...         ...       ...  ...       ...           ...           ...
1587  1550.597241    0.000209  0.000051  ...  0.000012  7.144940e+06  1.737691e+09
1588  1550.606912    0.000087  0.000018  ...  0.000012  7.627810e+06  1.737692e+09
1589  1550.597265    0.000090  0.000011  ...  0.000012  7.704012e+06  1.737692e+09
1590  1550.606952    0.000087  0.000018  ...  0.000012  7.645562e+06  1.737692e+09
1591  1550.597227    0.000089  0.000010  ...  0.000012  7.658970e+06  1.737692e+09

[1592 rows x 13 columns]
CHANNEL_3_9
           cbragg  cbragg_err   credchi  ...  cdelta_n            cL     timestamp
0     1551.603730    0.000093  0.000012  ...  0.000012  7.720239e+06  1.737676e+09
1     1551.600850    0.000088  0.000015  ...  0.000012  7.639504e+06  1.737676e+09
2     1551.603871    0.000094  0.000012  ...  0.000012  7.712953e+06  1.737676e+09
3     1551.600968    0.000089  0.000015  ...  0.000012  7.681283e+06  1.737676e+09
4     1551.603758    0.000095  0.000012  ...  0.000012  7.713107e+06  1.737676e+09
...           ...         ...       ...  ...       ...           ...           ...
1587  1551.597815    0.000090  0.000016  ...  0.000012  7.688635e+06  1.737691e+09
1588  1551.600741    0.000095  0.000012  ...  0.000012  7.713813e+06  1.737692e+09
1589  1551.597804    0.000089  0.000015  ...  0.000012  7.685766e+06  1.737692e+09
1590  1551.600708    0.000096  0.000013  ...  0.000012  7.711768e+06  1.737692e+09
1591  1551.597803    0.000090  0.000016  ...  0.000012  7.685214e+06  1.737692e+09

[1592 rows x 13 columns]
CHANNEL_3_10
           cbragg  cbragg_err   credchi  ...  cdelta_n            cL     timestamp
0     1552.612871    0.000103  0.000018  ...  0.000012  7.709857e+06  1.737676e+09
1     1552.605269    0.000102  0.000014  ...  0.000012  7.806223e+06  1.737676e+09
2     1552.612816    0.000104  0.000018  ...  0.000012  7.754817e+06  1.737676e+09
3     1552.605226    0.000104  0.000015  ...  0.000012  7.791885e+06  1.737676e+09
4     1552.612784    0.000104  0.000018  ...  0.000012  7.756453e+06  1.737676e+09
...           ...         ...       ...  ...       ...           ...           ...
1587  1552.602232    0.000102  0.000014  ...  0.000012  7.803324e+06  1.737691e+09
1588  1552.609851    0.000104  0.000018  ...  0.000012  7.745679e+06  1.737692e+09
1589  1552.602223    0.000105  0.000015  ...  0.000012  7.788054e+06  1.737692e+09
1590  1552.609716    0.000102  0.000017  ...  0.000012  7.774528e+06  1.737692e+09
1591  1552.602066    0.000101  0.000014  ...  0.000012  7.813777e+06  1.737692e+09

[1592 rows x 13 columns]
CHANNEL_3_11
           cbragg  cbragg_err   credchi  ...  cdelta_n            cL     timestamp
0     1553.581173    0.000125  0.000033  ...  0.000012  7.974792e+06  1.737676e+09
1     1553.570645    0.000123  0.000027  ...  0.000012  7.961429e+06  1.737676e+09
2     1553.581210    0.000127  0.000034  ...  0.000012  7.960665e+06  1.737676e+09
3     1553.570692    0.000126  0.000028  ...  0.000012  7.992232e+06  1.737676e+09
4     1553.581248    0.000126  0.000033  ...  0.000012  7.954685e+06  1.737676e+09
...           ...         ...       ...  ...       ...           ...           ...
1587  1553.567435    0.000124  0.000027  ...  0.000012  7.962995e+06  1.737691e+09
1588  1553.577955    0.000125  0.000032  ...  0.000012  7.967639e+06  1.737692e+09
1589  1553.567360    0.000124  0.000027  ...  0.000012  7.992676e+06  1.737692e+09
1590  1553.577934    0.000128  0.000034  ...  0.000012  7.961865e+06  1.737692e+09
1591  1553.567292    0.000125  0.000027  ...  0.000012  7.969578e+06  1.737692e+09

[1592 rows x 13 columns]
CHANNEL_3_12
           cbragg  cbragg_err   credchi  ...  cdelta_n            cL     timestamp
0     1554.554921    0.000095  0.000017  ...  0.000012  7.803226e+06  1.737676e+09
1     1554.549081    0.000099  0.000014  ...  0.000012  7.858891e+06  1.737676e+09
2     1554.554893    0.000095  0.000017  ...  0.000012  7.811361e+06  1.737676e+09
3     1554.549066    0.000098  0.000014  ...  0.000012  7.856091e+06  1.737676e+09
4     1554.554918    0.000096  0.000018  ...  0.000012  7.814724e+06  1.737676e+09
...           ...         ...       ...  ...       ...           ...           ...
1587  1554.545730    0.000100  0.000014  ...  0.000012  7.863209e+06  1.737691e+09
1588  1554.551766    0.000097  0.000018  ...  0.000012  7.804696e+06  1.737692e+09
1589  1554.545775    0.000100  0.000014  ...  0.000012  7.857601e+06  1.737692e+09
1590  1554.551833    0.000098  0.000018  ...  0.000012  7.801807e+06  1.737692e+09
1591  1554.545779    0.000099  0.000014  ...  0.000012  7.851214e+06  1.737692e+09

[1592 rows x 13 columns]
CHANNEL_3_13
           cbragg  cbragg_err   credchi  ...  cdelta_n            cL     timestamp
0     1555.562414    0.000086  0.000011  ...  0.000012  7.628235e+06  1.737676e+09
1     1555.557007    0.000088  0.000013  ...  0.000012  7.570346e+06  1.737676e+09
2     1555.562424    0.000090  0.000012  ...  0.000012  7.610625e+06  1.737676e+09
3     1555.557114    0.000088  0.000013  ...  0.000012  7.575269e+06  1.737676e+09
4     1555.562347    0.000089  0.000012  ...  0.000012  7.618616e+06  1.737676e+09
...           ...         ...       ...  ...       ...           ...           ...
1587  1555.553926    0.000087  0.000013  ...  0.000012  7.540708e+06  1.737691e+09
1588  1555.559050    0.000091  0.000012  ...  0.000012  7.602325e+06  1.737692e+09
1589  1555.553836    0.000089  0.000013  ...  0.000012  7.560183e+06  1.737692e+09
1590  1555.559157    0.000089  0.000012  ...  0.000012  7.607843e+06  1.737692e+09
1591  1555.553903    0.000087  0.000013  ...  0.000012  7.577909e+06  1.737692e+09

[1592 rows x 13 columns]
CHANNEL_3_14
           cbragg  cbragg_err   credchi  ...  cdelta_n            cL     timestamp
0     1556.516934    0.000184  0.000073  ...  0.000012  7.733797e+06  1.737676e+09
1     1556.509489    0.000184  0.000045  ...  0.000012  7.806558e+06  1.737676e+09
2     1556.516958    0.000187  0.000076  ...  0.000012  7.733855e+06  1.737676e+09
3     1556.509522    0.000185  0.000046  ...  0.000012  7.805236e+06  1.737676e+09
4     1556.516970    0.000187  0.000075  ...  0.000012  7.728849e+06  1.737676e+09
...           ...         ...       ...  ...       ...           ...           ...
1587  1556.506103    0.000183  0.000044  ...  0.000012  7.813709e+06  1.737691e+09
1588  1556.513688    0.000187  0.000074  ...  0.000012  7.722206e+06  1.737692e+09
1589  1556.506056    0.000188  0.000046  ...  0.000012  7.808716e+06  1.737692e+09
1590  1556.513713    0.000187  0.000074  ...  0.000012  7.708971e+06  1.737692e+09
1591  1556.506027    0.000184  0.000044  ...  0.000012  7.807217e+06  1.737692e+09

[1592 rows x 13 columns]
