000 (11451992.487.000) 01/28 14:31:49 Job submitted from host: <188.185.114.121:9618?addrs=188.185.114.121-9618+[2001-1458-d00-a--100-273]-9618&alias=bigbird19.cern.ch&noUDP&sock=schedd_2045_4743>
...
040 (11451992.487.000) 01/28 16:32:06 Started transferring input files
	Transferring to host: <188.185.204.181:9618?addrs=188.185.204.181-9618+[2001-1458-303-8--100-a9]-9618&alias=b9p02p9149.cern.ch&noUDP&sock=slot1_8_5102_9209_184078>
...
040 (11451992.487.000) 01/28 16:32:06 Finished transferring input files
...
001 (11451992.487.000) 01/28 16:32:07 Job executing on host: <188.185.204.181:9618?addrs=188.185.204.181-9618+[2001-1458-303-8--100-a9]-9618&alias=b9p02p9149.cern.ch&noUDP&sock=startd_4206_8b6d>
	SlotName: slot1_8@b9p02p9149.cern.ch
	CondorScratchDir = "/pool/condor/dir_3015937"
	Cpus = 1
	Disk = 2841970
	Memory = 3000
...
006 (11451992.487.000) 01/28 16:32:16 Image size of job updated: 98088
	96  -  MemoryUsage of job (MB)
	98088  -  ResidentSetSize of job (KB)
...
006 (11451992.487.000) 01/28 16:37:17 Image size of job updated: 289464
	283  -  MemoryUsage of job (MB)
	289232  -  ResidentSetSize of job (KB)
...
006 (11451992.487.000) 01/28 16:42:18 Image size of job updated: 483416
	473  -  MemoryUsage of job (MB)
	483416  -  ResidentSetSize of job (KB)
...
006 (11451992.487.000) 01/28 16:47:18 Image size of job updated: 678184
	662  -  MemoryUsage of job (MB)
	677700  -  ResidentSetSize of job (KB)
...
006 (11451992.487.000) 01/28 16:52:18 Image size of job updated: 870844
	851  -  MemoryUsage of job (MB)
	870844  -  ResidentSetSize of job (KB)
...
006 (11451992.487.000) 01/28 16:57:19 Image size of job updated: 1797192
	1755  -  MemoryUsage of job (MB)
	1797036  -  ResidentSetSize of job (KB)
...
006 (11451992.487.000) 01/28 17:02:20 Image size of job updated: 1965960
	1920  -  MemoryUsage of job (MB)
	1965960  -  ResidentSetSize of job (KB)
...
006 (11451992.487.000) 01/28 17:07:20 Image size of job updated: 2006696
	1960  -  MemoryUsage of job (MB)
	2006696  -  ResidentSetSize of job (KB)
...
006 (11451992.487.000) 01/28 17:12:20 Image size of job updated: 2047732
	2000  -  MemoryUsage of job (MB)
	2047728  -  ResidentSetSize of job (KB)
...
006 (11451992.487.000) 01/28 17:17:21 Image size of job updated: 2086892
	2038  -  MemoryUsage of job (MB)
	2086888  -  ResidentSetSize of job (KB)
...
006 (11451992.487.000) 01/28 17:22:22 Image size of job updated: 2126200
	2077  -  MemoryUsage of job (MB)
	2126200  -  ResidentSetSize of job (KB)
...
006 (11451992.487.000) 01/28 17:25:17 Image size of job updated: 2163780
	2077  -  MemoryUsage of job (MB)
	2126200  -  ResidentSetSize of job (KB)
...
040 (11451992.487.000) 01/28 17:25:17 Started transferring output files
...
040 (11451992.487.000) 01/28 17:25:17 Finished transferring output files
...
005 (11451992.487.000) 01/28 17:25:17 Job terminated.
	(1) Normal termination (return value 0)
		Usr 0 00:51:38, Sys 0 00:00:04  -  Run Remote Usage
		Usr 0 00:00:00, Sys 0 00:00:00  -  Run Local Usage
		Usr 0 00:51:38, Sys 0 00:00:04  -  Total Remote Usage
		Usr 0 00:00:00, Sys 0 00:00:00  -  Total Local Usage
	40692  -  Run Bytes Sent By Job
	5797  -  Run Bytes Received By Job
	40692  -  Total Bytes Sent By Job
	5797  -  Total Bytes Received By Job
	Partitionable Resources :    Usage  Request Allocated 
	   Cpus                 :     0.99        1         1 
	   Disk (KB)            :    71          10   2841970 
	   Memory (MB)          :  2077        3000      3000 

	Job terminated of its own accord at 2025-01-28T16:25:17Z with exit-code 0.
...
