CHANNEL_0_1
           cbragg  cbragg_err   credchi  ...  cdelta_n            cL     timestamp
0     1544.625192    0.000105  0.000049  ...  0.000012  7.647607e+06  1.735029e+09
1     1544.631306    0.000181  0.000057  ...  0.000012  7.656994e+06  1.735029e+09
2     1544.625184    0.000116  0.000050  ...  0.000012  7.642877e+06  1.735029e+09
3     1544.631300    0.000126  0.000057  ...  0.000012  7.650680e+06  1.735029e+09
4     1544.625213    0.000120  0.000049  ...  0.000012  7.644649e+06  1.735029e+09
...           ...         ...       ...  ...       ...           ...           ...
1587  1544.630714    0.000258  0.000059  ...  0.000012  7.649581e+06  1.735045e+09
1588  1544.624320    0.000254  0.000051  ...  0.000012  7.656648e+06  1.735045e+09
1589  1544.630676    0.000103  0.000056  ...  0.000012  7.660838e+06  1.735045e+09
1590  1544.624321    0.000118  0.000050  ...  0.000012  7.657343e+06  1.735045e+09
1591  1544.630596    0.000171  0.000057  ...  0.000012  7.657405e+06  1.735045e+09

[1592 rows x 13 columns]
CHANNEL_0_2
           cbragg  cbragg_err   credchi  ...  cdelta_n            cL     timestamp
0     1545.466670    0.000091  0.000018  ...  0.000012  7.602503e+06  1.735029e+09
1     1545.465360    0.000095  0.000020  ...  0.000012  7.599799e+06  1.735029e+09
2     1545.466620    0.000092  0.000019  ...  0.000012  7.606548e+06  1.735029e+09
3     1545.465417    0.000093  0.000019  ...  0.000012  7.598768e+06  1.735029e+09
4     1545.466645    0.000093  0.000019  ...  0.000012  7.597579e+06  1.735029e+09
...           ...         ...       ...  ...       ...           ...           ...
1587  1545.464539    0.000098  0.000022  ...  0.000012  7.617680e+06  1.735045e+09
1588  1545.465655    0.000095  0.000020  ...  0.000012  7.604207e+06  1.735045e+09
1589  1545.464704    0.000098  0.000022  ...  0.000012  7.620314e+06  1.735045e+09
1590  1545.465660    0.000093  0.000020  ...  0.000012  7.596017e+06  1.735045e+09
1591  1545.464684    0.000098  0.000022  ...  0.000012  7.601595e+06  1.735045e+09

[1592 rows x 13 columns]
CHANNEL_0_3
           cbragg  cbragg_err   credchi  ...  cdelta_n            cL     timestamp
0     1546.197720    0.000105  0.000038  ...  0.000012  7.621404e+06  1.735029e+09
1     1546.203514    0.000105  0.000047  ...  0.000012  7.629282e+06  1.735029e+09
2     1546.197486    0.000105  0.000037  ...  0.000012  7.630953e+06  1.735029e+09
3     1546.203553    0.000106  0.000048  ...  0.000012  7.624231e+06  1.735029e+09
4     1546.197668    0.000105  0.000037  ...  0.000012  7.618928e+06  1.735029e+09
...           ...         ...       ...  ...       ...           ...           ...
1587  1546.201695    0.000108  0.000050  ...  0.000012  7.608757e+06  1.735045e+09
1588  1546.195576    0.000103  0.000036  ...  0.000012  7.618660e+06  1.735045e+09
1589  1546.201823    0.000107  0.000049  ...  0.000012  7.622981e+06  1.735045e+09
1590  1546.195536    0.000104  0.000037  ...  0.000012  7.632627e+06  1.735045e+09
1591  1546.201905    0.000102  0.000045  ...  0.000012  7.615085e+06  1.735045e+09

[1592 rows x 13 columns]
CHANNEL_0_4
           cbragg  cbragg_err   credchi  ...  cdelta_n            cL     timestamp
0     1547.119574    0.000116  0.000050  ...  0.000012  7.863445e+06  1.735029e+09
1     1547.118131    0.000114  0.000049  ...  0.000012  7.858860e+06  1.735029e+09
2     1547.119589    0.000122  0.000056  ...  0.000012  7.979113e+06  1.735029e+09
3     1547.118216    0.000114  0.000049  ...  0.000012  7.847268e+06  1.735029e+09
4     1547.119527    0.000126  0.000060  ...  0.000012  8.003133e+06  1.735029e+09
...           ...         ...       ...  ...       ...           ...           ...
1587  1547.117974    0.000112  0.000048  ...  0.000012  7.866016e+06  1.735045e+09
1588  1547.118965    0.000115  0.000049  ...  0.000012  7.860747e+06  1.735045e+09
1589  1547.117915    0.000112  0.000048  ...  0.000012  7.843747e+06  1.735045e+09
1590  1547.118995    0.000111  0.000047  ...  0.000012  7.872643e+06  1.735045e+09
1591  1547.117947    0.000113  0.000050  ...  0.000012  7.863027e+06  1.735045e+09

[1592 rows x 13 columns]
CHANNEL_0_5
           cbragg  cbragg_err   credchi  ...  cdelta_n            cL     timestamp
0     1548.092956    0.000091  0.000042  ...  0.000012  7.682917e+06  1.735029e+09
1     1548.094670    0.000120  0.000058  ...  0.000012  7.901546e+06  1.735029e+09
2     1548.093098    0.000091  0.000043  ...  0.000012  7.682858e+06  1.735029e+09
3     1548.094944    0.000095  0.000036  ...  0.000012  7.688217e+06  1.735029e+09
4     1548.093142    0.000091  0.000042  ...  0.000012  7.680648e+06  1.735029e+09
...           ...         ...       ...  ...       ...           ...           ...
1587  1548.094390    0.000094  0.000036  ...  0.000012  7.728805e+06  1.735045e+09
1588  1548.092530    0.000086  0.000039  ...  0.000012  7.710847e+06  1.735045e+09
1589  1548.094464    0.000092  0.000034  ...  0.000012  7.734555e+06  1.735045e+09
1590  1548.092485    0.000088  0.000041  ...  0.000012  7.698401e+06  1.735045e+09
1591  1548.094347    0.000095  0.000036  ...  0.000012  7.714879e+06  1.735045e+09

[1592 rows x 13 columns]
CHANNEL_0_6
           cbragg  cbragg_err   credchi  ...  cdelta_n            cL     timestamp
0     1549.070724    0.000079  0.000023  ...  0.000012  7.541035e+06  1.735029e+09
1     1549.078149    0.000084  0.000045  ...  0.000012  7.460662e+06  1.735029e+09
2     1549.070643    0.000078  0.000023  ...  0.000012  7.540114e+06  1.735029e+09
3     1549.078079    0.000221  0.000342  ...  0.000012  8.026870e+06  1.735029e+09
4     1549.070752    0.000079  0.000023  ...  0.000012  7.545971e+06  1.735029e+09
...           ...         ...       ...  ...       ...           ...           ...
1587  1549.077792    0.000126  0.000100  ...  0.000012  7.174921e+06  1.735045e+09
1588  1549.069912    0.000076  0.000022  ...  0.000012  7.560373e+06  1.735045e+09
1589  1549.077905    0.000081  0.000043  ...  0.000012  7.471629e+06  1.735045e+09
1590  1549.069832    0.000076  0.000022  ...  0.000012  7.558867e+06  1.735045e+09
1591  1549.077808    0.000081  0.000043  ...  0.000012  7.476620e+06  1.735045e+09

[1592 rows x 13 columns]
CHANNEL_0_7
           cbragg  cbragg_err   credchi  ...  cdelta_n            cL     timestamp
0     1550.076380    0.000125  0.000049  ...  0.000012  7.612692e+06  1.735029e+09
1     1550.074887    0.000125  0.000045  ...  0.000012  7.601220e+06  1.735029e+09
2     1550.076387    0.000125  0.000049  ...  0.000012  7.599897e+06  1.735029e+09
3     1550.074975    0.000124  0.000044  ...  0.000012  7.622304e+06  1.735029e+09
4     1550.076469    0.000124  0.000048  ...  0.000012  7.590586e+06  1.735029e+09
...           ...         ...       ...  ...       ...           ...           ...
1587  1550.074462    0.000127  0.000047  ...  0.000012  7.589487e+06  1.735045e+09
1588  1550.075799    0.000126  0.000050  ...  0.000012  7.589942e+06  1.735045e+09
1589  1550.074456    0.000128  0.000048  ...  0.000012  7.608695e+06  1.735045e+09
1590  1550.075785    0.000141  0.000065  ...  0.000012  7.776757e+06  1.735045e+09
1591  1550.074483    0.000149  0.000066  ...  0.000012  7.808550e+06  1.735045e+09

[1592 rows x 13 columns]
CHANNEL_0_8
           cbragg  cbragg_err   credchi  ...  cdelta_n            cL     timestamp
0     1551.049653    0.000075  0.000017  ...  0.000012  7.588474e+06  1.735029e+09
1     1551.053262    0.000076  0.000018  ...  0.000012  7.601499e+06  1.735029e+09
2     1551.049685    0.000074  0.000017  ...  0.000012  7.590724e+06  1.735029e+09
3     1551.053278    0.000075  0.000017  ...  0.000012  7.608874e+06  1.735029e+09
4     1551.049659    0.000075  0.000017  ...  0.000012  7.589020e+06  1.735029e+09
...           ...         ...       ...  ...       ...           ...           ...
1587  1551.053562    0.000074  0.000018  ...  0.000012  7.602813e+06  1.735045e+09
1588  1551.049810    0.000075  0.000018  ...  0.000012  7.576425e+06  1.735045e+09
1589  1551.053493    0.000076  0.000018  ...  0.000012  7.592248e+06  1.735045e+09
1590  1551.049932    0.000091  0.000027  ...  0.000012  7.735943e+06  1.735045e+09
1591  1551.053660    0.000075  0.000018  ...  0.000012  7.596796e+06  1.735045e+09

[1592 rows x 13 columns]
CHANNEL_0_9
           cbragg  cbragg_err   credchi  ...  cdelta_n            cL     timestamp
0     1552.030891    0.000094  0.000017  ...  0.000012  7.688047e+06  1.735029e+09
1     1552.037502    0.000091  0.000029  ...  0.000012  7.653439e+06  1.735029e+09
2     1552.030908    0.000093  0.000017  ...  0.000012  7.685029e+06  1.735029e+09
3     1552.037562    0.000090  0.000029  ...  0.000012  7.643159e+06  1.735029e+09
4     1552.030824    0.000094  0.000017  ...  0.000012  7.685735e+06  1.735029e+09
...           ...         ...       ...  ...       ...           ...           ...
1587  1552.037887    0.000090  0.000029  ...  0.000012  7.642278e+06  1.735045e+09
1588  1552.031254    0.000095  0.000018  ...  0.000012  7.676563e+06  1.735045e+09
1589  1552.037902    0.000094  0.000032  ...  0.000012  7.635190e+06  1.735045e+09
1590  1552.031223    0.000092  0.000017  ...  0.000012  7.678803e+06  1.735045e+09
1591  1552.037937    0.000093  0.000031  ...  0.000012  7.640390e+06  1.735045e+09

[1592 rows x 13 columns]
CHANNEL_0_10
           cbragg  cbragg_err   credchi  ...  cdelta_n            cL     timestamp
0     1553.040935    0.000090  0.000021  ...  0.000012  7.672548e+06  1.735029e+09
1     1553.038030    0.000166  0.000048  ...  0.000012  7.313240e+06  1.735029e+09
2     1553.040842    0.000091  0.000021  ...  0.000012  7.677058e+06  1.735029e+09
3     1553.037848    0.000089  0.000015  ...  0.000012  7.757048e+06  1.735029e+09
4     1553.041012    0.000089  0.000020  ...  0.000012  7.672505e+06  1.735029e+09
...           ...         ...       ...  ...       ...           ...           ...
1587  1553.038489    0.000087  0.000015  ...  0.000012  7.746714e+06  1.735045e+09
1588  1553.041601    0.000085  0.000019  ...  0.000012  7.705135e+06  1.735045e+09
1589  1553.038544    0.000087  0.000014  ...  0.000012  7.742583e+06  1.735045e+09
1590  1553.041581    0.000087  0.000020  ...  0.000012  7.705428e+06  1.735045e+09
1591  1553.038545    0.000155  0.000042  ...  0.000012  7.324661e+06  1.735045e+09

[1592 rows x 13 columns]
CHANNEL_0_11
           cbragg  cbragg_err   credchi  ...  cdelta_n            cL     timestamp
0     1554.045946    0.000074  0.000009  ...  0.000012  7.666702e+06  1.735029e+09
1     1554.052061    0.000074  0.000015  ...  0.000012  7.634388e+06  1.735029e+09
2     1554.045915    0.000074  0.000009  ...  0.000012  7.625580e+06  1.735029e+09
3     1554.052145    0.000075  0.000015  ...  0.000012  7.637463e+06  1.735029e+09
4     1554.045980    0.000074  0.000009  ...  0.000012  7.647171e+06  1.735029e+09
...           ...         ...       ...  ...       ...           ...           ...
1587  1554.052704    0.000072  0.000014  ...  0.000012  7.647578e+06  1.735045e+09
1588  1554.046495    0.000072  0.000009  ...  0.000012  7.677375e+06  1.735045e+09
1589  1554.052555    0.000073  0.000015  ...  0.000012  7.639463e+06  1.735045e+09
1590  1554.046481    0.000076  0.000010  ...  0.000012  7.639016e+06  1.735045e+09
1591  1554.052651    0.000073  0.000015  ...  0.000012  7.651759e+06  1.735045e+09

[1592 rows x 13 columns]
CHANNEL_0_12
           cbragg  cbragg_err   credchi  ...  cdelta_n            cL     timestamp
0     1555.074298    0.000138  0.000071  ...  0.000012  7.693664e+06  1.735029e+09
1     1555.072142    0.000118  0.000045  ...  0.000012  7.501652e+06  1.735029e+09
2     1555.074326    0.000119  0.000052  ...  0.000012  7.568814e+06  1.735029e+09
3     1555.072253    0.000119  0.000045  ...  0.000012  7.506597e+06  1.735029e+09
4     1555.074308    0.000119  0.000051  ...  0.000012  7.474667e+06  1.735029e+09
...           ...         ...       ...  ...       ...           ...           ...
1587  1555.072876    0.000119  0.000047  ...  0.000012  7.493223e+06  1.735045e+09
1588  1555.074783    0.000127  0.000060  ...  0.000012  7.577676e+06  1.735045e+09
1589  1555.072796    0.000120  0.000047  ...  0.000012  7.486298e+06  1.735045e+09
1590  1555.074982    0.000135  0.000066  ...  0.000012  7.551163e+06  1.735045e+09
1591  1555.072885    0.000125  0.000051  ...  0.000012  7.533641e+06  1.735045e+09

[1592 rows x 13 columns]
CHANNEL_0_13
           cbragg  cbragg_err   credchi  ...  cdelta_n            cL     timestamp
0     1556.046725    0.000141  0.000039  ...  0.000012  7.652599e+06  1.735029e+09
1     1556.051255    0.000138  0.000043  ...  0.000012  7.672790e+06  1.735029e+09
2     1556.046611    0.000140  0.000038  ...  0.000012  7.660427e+06  1.735029e+09
3     1556.051291    0.000137  0.000042  ...  0.000012  7.663285e+06  1.735029e+09
4     1556.046608    0.000142  0.000039  ...  0.000012  7.671206e+06  1.735029e+09
...           ...         ...       ...  ...       ...           ...           ...
1587  1556.051838    0.000139  0.000044  ...  0.000012  7.665788e+06  1.735045e+09
1588  1556.047109    0.000141  0.000039  ...  0.000012  7.639731e+06  1.735045e+09
1589  1556.051779    0.000140  0.000045  ...  0.000012  7.611141e+06  1.735045e+09
1590  1556.047129    0.000142  0.000040  ...  0.000012  7.642834e+06  1.735045e+09
1591  1556.051805    0.000140  0.000045  ...  0.000012  7.659934e+06  1.735045e+09

[1592 rows x 13 columns]
CHANNEL_0_14
           cbragg  cbragg_err   credchi  ...  cdelta_n            cL     timestamp
0     1557.018729    0.000101  0.000028  ...  0.000012  7.649981e+06  1.735029e+09
1     1557.020202    0.000103  0.000039  ...  0.000012  7.597738e+06  1.735029e+09
2     1557.018684    0.000101  0.000028  ...  0.000012  7.649661e+06  1.735029e+09
3     1557.020226    0.000103  0.000039  ...  0.000012  7.598077e+06  1.735029e+09
4     1557.018766    0.000100  0.000028  ...  0.000012  7.660857e+06  1.735029e+09
...           ...         ...       ...  ...       ...           ...           ...
1587  1557.020776    0.000105  0.000042  ...  0.000012  7.600262e+06  1.735045e+09
1588  1557.019127    0.000102  0.000030  ...  0.000012  7.657967e+06  1.735045e+09
1589  1557.020766    0.000104  0.000041  ...  0.000012  7.598187e+06  1.735045e+09
1590  1557.019088    0.000105  0.000032  ...  0.000012  7.722028e+06  1.735045e+09
1591  1557.020773    0.000103  0.000040  ...  0.000012  7.599389e+06  1.735045e+09

[1592 rows x 13 columns]
CHANNEL_1_1
           cbragg  cbragg_err   credchi  ...  cdelta_n            cL     timestamp
0     1556.186317    0.001368  0.003839  ...  0.000012  3.645721e+06  1.735029e+09
1     1556.188284    0.000345  0.000134  ...  0.000012  2.884813e+06  1.735029e+09
2     1556.188542    0.001130  0.002541  ...  0.000012  3.503156e+06  1.735029e+09
3     1556.189272    0.000651  0.000566  ...  0.000012  3.064025e+06  1.735029e+09
4     1556.189068    0.000078  0.000006  ...  0.000012  2.663860e+06  1.735029e+09
...           ...         ...       ...  ...       ...           ...           ...
1587  1556.187948    0.001079  0.002114  ...  0.000012  3.444707e+06  1.735045e+09
1588  1556.188189    0.000080  0.000006  ...  0.000012  2.666050e+06  1.735045e+09
1589  1556.188324    0.000070  0.000004  ...  0.000012  2.667142e+06  1.735045e+09
1590  1556.188098    0.000684  0.000711  ...  0.000012  3.127905e+06  1.735045e+09
1591  1556.188123    0.000089  0.000007  ...  0.000012  2.645274e+06  1.735045e+09

[1592 rows x 13 columns]
CHANNEL_1_2
           cbragg  cbragg_err   credchi  ...  cdelta_n            cL     timestamp
0     1558.197267    0.000972  0.000848  ...  0.000012  2.374809e+06  1.735029e+09
1     1558.199414    0.000738  0.001224  ...  0.000012  3.284827e+06  1.735029e+09
2     1558.196857    0.000407  0.000284  ...  0.000012  3.006865e+06  1.735029e+09
3     1558.200077    0.000196  0.000051  ...  0.000012  2.698541e+06  1.735029e+09
4     1558.197040    0.000129  0.000024  ...  0.000012  2.798073e+06  1.735029e+09
...           ...         ...       ...  ...       ...           ...           ...
1587  1558.200253    0.000161  0.000037  ...  0.000012  2.739095e+06  1.735045e+09
1588  1558.197063    0.000142  0.000028  ...  0.000012  2.774181e+06  1.735045e+09
1589  1558.199910    0.000428  0.000210  ...  0.000012  2.569354e+06  1.735045e+09
1590  1558.197001    0.000143  0.000029  ...  0.000012  2.782694e+06  1.735045e+09
1591  1558.200153    0.000530  0.000310  ...  0.000012  2.530594e+06  1.735045e+09

[1592 rows x 13 columns]
CHANNEL_1_3
           cbragg  cbragg_err   credchi  ...  cdelta_n            cL     timestamp
0     1561.016019    0.000051  0.000004  ...  0.000012  2.941543e+06  1.735029e+09
1     1561.012506    0.000202  0.000074  ...  0.000012  3.063821e+06  1.735029e+09
2     1561.016830    0.000094  0.000014  ...  0.000012  2.934161e+06  1.735029e+09
3     1561.012352    0.000236  0.000102  ...  0.000012  3.076746e+06  1.735029e+09
4     1561.016326    0.000109  0.000021  ...  0.000012  3.006473e+06  1.735029e+09
...           ...         ...       ...  ...       ...           ...           ...
1587  1561.012769    0.000466  0.000475  ...  0.000012  3.262228e+06  1.735045e+09
1588  1561.016845    0.000051  0.000004  ...  0.000012  2.937073e+06  1.735045e+09
1589  1561.012667    0.000055  0.000005  ...  0.000012  2.933602e+06  1.735045e+09
1590  1561.016656    0.000052  0.000004  ...  0.000012  2.939924e+06  1.735045e+09
1591  1561.012526    0.000047  0.000004  ...  0.000012  2.934777e+06  1.735045e+09

[1592 rows x 13 columns]
CHANNEL_2_1
           cbragg  cbragg_err   credchi  ...  cdelta_n            cL     timestamp
0     1543.608567    0.000153  0.000007  ...  0.000012  2.767959e+06  1.735029e+09
1     1543.607023    0.000089  0.000006  ...  0.000012  2.769336e+06  1.735029e+09
2     1543.608268    0.000095  0.000007  ...  0.000012  2.766341e+06  1.735029e+09
3     1543.606868    0.000084  0.000006  ...  0.000012  2.768401e+06  1.735029e+09
4     1543.608565    0.000081  0.000007  ...  0.000012  2.766046e+06  1.735029e+09
...           ...         ...       ...  ...       ...           ...           ...
1587  1543.606390    0.000095  0.000006  ...  0.000012  2.772681e+06  1.735045e+09
1588  1543.607666    0.000080  0.000007  ...  0.000012  2.769669e+06  1.735045e+09
1589  1543.606090    0.000075  0.000006  ...  0.000012  2.771773e+06  1.735045e+09
1590  1543.607864    0.000078  0.000006  ...  0.000012  2.768406e+06  1.735045e+09
1591  1543.606446    0.000077  0.000006  ...  0.000012  2.771972e+06  1.735045e+09

[1592 rows x 13 columns]
CHANNEL_2_2
           cbragg  cbragg_err   credchi  ...  cdelta_n            cL     timestamp
0     1545.920576    0.000164  0.000020  ...  0.000012  2.622793e+06  1.735029e+09
1     1545.922420    0.000126  0.000012  ...  0.000012  2.672483e+06  1.735029e+09
2     1545.917819    0.001132  0.002044  ...  0.000012  3.497886e+06  1.735029e+09
3     1545.922385    0.000126  0.000012  ...  0.000012  2.674004e+06  1.735029e+09
4     1545.919037    0.000967  0.001314  ...  0.000012  3.320225e+06  1.735029e+09
...           ...         ...       ...  ...       ...           ...           ...
1587  1545.922597    0.000132  0.000014  ...  0.000012  2.670831e+06  1.735045e+09
1588  1545.920600    0.000137  0.000014  ...  0.000012  2.654713e+06  1.735045e+09
1589  1545.922589    0.000132  0.000014  ...  0.000012  2.678147e+06  1.735045e+09
1590  1545.920554    0.000146  0.000016  ...  0.000012  2.634659e+06  1.735045e+09
1591  1545.922364    0.000131  0.000014  ...  0.000012  2.671952e+06  1.735045e+09

[1592 rows x 13 columns]
CHANNEL_2_3
           cbragg  cbragg_err   credchi  ...  cdelta_n            cL     timestamp
0     1548.519905    0.000097  0.000010  ...  0.000012  2.912004e+06  1.735029e+09
1     1548.520638    0.000094  0.000009  ...  0.000012  2.893595e+06  1.735029e+09
2     1548.520445    0.000520  0.000355  ...  0.000012  3.170022e+06  1.735029e+09
3     1548.520862    0.000094  0.000009  ...  0.000012  2.907284e+06  1.735029e+09
4     1548.520864    0.000862  0.001354  ...  0.000012  3.541822e+06  1.735029e+09
...           ...         ...       ...  ...       ...           ...           ...
1587  1548.520524    0.000223  0.000059  ...  0.000012  3.008212e+06  1.735045e+09
1588  1548.521443    0.000427  0.000220  ...  0.000012  3.058428e+06  1.735045e+09
1589  1548.521063    0.000091  0.000009  ...  0.000012  2.882272e+06  1.735045e+09
1590  1548.520609    0.000160  0.000030  ...  0.000012  2.996112e+06  1.735045e+09
1591  1548.521021    0.000088  0.000008  ...  0.000012  2.891264e+06  1.735045e+09

[1592 rows x 13 columns]
CHANNEL_3_1
           cbragg  cbragg_err   credchi  ...  cdelta_n            cL     timestamp
0     1544.147814    0.000108  0.000025  ...  0.000012  7.788549e+06  1.735029e+09
1     1544.142374    0.000114  0.000019  ...  0.000012  7.812836e+06  1.735029e+09
2     1544.147886    0.000110  0.000026  ...  0.000012  7.774762e+06  1.735029e+09
3     1544.142296    0.000152  0.000020  ...  0.000012  7.813645e+06  1.735029e+09
4     1544.147825    0.000110  0.000026  ...  0.000012  7.796122e+06  1.735029e+09
...           ...         ...       ...  ...       ...           ...           ...
1587  1544.141769    0.000391  0.000019  ...  0.000012  7.818343e+06  1.735045e+09
1588  1544.147441    0.000112  0.000027  ...  0.000012  7.779262e+06  1.735045e+09
1589  1544.141593    0.000123  0.000019  ...  0.000012  7.842913e+06  1.735045e+09
1590  1544.147467    0.000116  0.000026  ...  0.000012  7.802740e+06  1.735045e+09
1591  1544.141675    0.000116  0.000018  ...  0.000012  7.826504e+06  1.735045e+09

[1592 rows x 13 columns]
CHANNEL_3_2
           cbragg  cbragg_err   credchi  ...  cdelta_n            cL     timestamp
0     1545.049636    0.000119  0.000024  ...  0.000012  7.896435e+06  1.735029e+09
1     1545.058772    0.000115  0.000043  ...  0.000012  7.810775e+06  1.735029e+09
2     1545.049606    0.000119  0.000026  ...  0.000012  7.883340e+06  1.735029e+09
3     1545.058781    0.000110  0.000039  ...  0.000012  7.824125e+06  1.735029e+09
4     1545.049684    0.000129  0.000024  ...  0.000012  7.883546e+06  1.735029e+09
...           ...         ...       ...  ...       ...           ...           ...
1587  1545.057957    0.000118  0.000042  ...  0.000012  7.808103e+06  1.735045e+09
1588  1545.049183    0.000173  0.000024  ...  0.000012  7.886555e+06  1.735045e+09
1589  1545.058034    0.000284  0.000041  ...  0.000012  7.822801e+06  1.735045e+09
1590  1545.049092    0.000162  0.000025  ...  0.000012  7.872943e+06  1.735045e+09
1591  1545.057978    0.000117  0.000042  ...  0.000012  7.815687e+06  1.735045e+09

[1592 rows x 13 columns]
CHANNEL_3_3
           cbragg  cbragg_err   credchi  ...  cdelta_n            cL     timestamp
0     1545.802051    0.000107  0.000034  ...  0.000012  7.588184e+06  1.735029e+09
1     1545.799105    0.000107  0.000022  ...  0.000012  7.618832e+06  1.735029e+09
2     1545.802008    0.000106  0.000033  ...  0.000012  7.584341e+06  1.735029e+09
3     1545.799098    0.000114  0.000025  ...  0.000012  7.602889e+06  1.735029e+09
4     1545.802169    0.000106  0.000033  ...  0.000012  7.608136e+06  1.735029e+09
...           ...         ...       ...  ...       ...           ...           ...
1587  1545.797565    0.000115  0.000026  ...  0.000012  7.619054e+06  1.735045e+09
1588  1545.800493    0.000108  0.000035  ...  0.000012  7.582949e+06  1.735045e+09
1589  1545.797512    0.000117  0.000026  ...  0.000012  7.614119e+06  1.735045e+09
1590  1545.800417    0.000109  0.000036  ...  0.000012  7.629572e+06  1.735045e+09
1591  1545.797690    0.000111  0.000024  ...  0.000012  7.624152e+06  1.735045e+09

[1592 rows x 13 columns]
CHANNEL_3_4
           cbragg  cbragg_err   credchi  ...  cdelta_n            cL     timestamp
0     1546.685592    0.000098  0.000016  ...  0.000012  7.801641e+06  1.735029e+09
1     1546.692213    0.000101  0.000030  ...  0.000012  7.732021e+06  1.735029e+09
2     1546.685719    0.000096  0.000016  ...  0.000012  7.786265e+06  1.735029e+09
3     1546.692221    0.000098  0.000028  ...  0.000012  7.716771e+06  1.735029e+09
4     1546.685643    0.000098  0.000017  ...  0.000012  7.792920e+06  1.735029e+09
...           ...         ...       ...  ...       ...           ...           ...
1587  1546.691844    0.000095  0.000027  ...  0.000012  7.743337e+06  1.735045e+09
1588  1546.685533    0.000098  0.000017  ...  0.000012  7.786216e+06  1.735045e+09
1589  1546.691796    0.000096  0.000028  ...  0.000012  7.726371e+06  1.735045e+09
1590  1546.685544    0.000098  0.000017  ...  0.000012  7.799571e+06  1.735045e+09
1591  1546.691864    0.000094  0.000027  ...  0.000012  7.742625e+06  1.735045e+09

[1592 rows x 13 columns]
CHANNEL_3_5
           cbragg  cbragg_err   credchi  ...  cdelta_n            cL     timestamp
0     1547.708105    0.000076  0.000016  ...  0.000012  7.536293e+06  1.735029e+09
1     1547.709891    0.000081  0.000013  ...  0.000012  7.607226e+06  1.735029e+09
2     1547.708082    0.000078  0.000016  ...  0.000012  7.569958e+06  1.735029e+09
3     1547.709968    0.000082  0.000013  ...  0.000012  7.604203e+06  1.735029e+09
4     1547.708189    0.000078  0.000016  ...  0.000012  7.565675e+06  1.735029e+09
...           ...         ...       ...  ...       ...           ...           ...
1587  1547.709676    0.000081  0.000013  ...  0.000012  7.603630e+06  1.735045e+09
1588  1547.707517    0.000079  0.000017  ...  0.000012  7.567960e+06  1.735045e+09
1589  1547.709667    0.000082  0.000013  ...  0.000012  7.545683e+06  1.735045e+09
1590  1547.707395    0.000093  0.000024  ...  0.000012  7.680312e+06  1.735045e+09
1591  1547.709680    0.000080  0.000012  ...  0.000012  7.604192e+06  1.735045e+09

[1592 rows x 13 columns]
CHANNEL_3_6
           cbragg  cbragg_err   credchi  ...  cdelta_n            cL     timestamp
0     1548.695756    0.000080  0.000015  ...  0.000012  7.766163e+06  1.735029e+09
1     1548.695285    0.000083  0.000017  ...  0.000012  7.736420e+06  1.735029e+09
2     1548.695787    0.000091  0.000018  ...  0.000012  7.598789e+06  1.735029e+09
3     1548.695306    0.000081  0.000016  ...  0.000012  7.751389e+06  1.735029e+09
4     1548.695791    0.000080  0.000015  ...  0.000012  7.770574e+06  1.735029e+09
...           ...         ...       ...  ...       ...           ...           ...
1587  1548.694811    0.000083  0.000017  ...  0.000012  7.738524e+06  1.735045e+09
1588  1548.695326    0.000083  0.000016  ...  0.000012  7.755018e+06  1.735045e+09
1589  1548.694947    0.000083  0.000017  ...  0.000012  7.733189e+06  1.735045e+09
1590  1548.695201    0.000084  0.000016  ...  0.000012  7.746476e+06  1.735045e+09
1591  1548.694798    0.000083  0.000017  ...  0.000012  7.739995e+06  1.735045e+09

[1592 rows x 13 columns]
CHANNEL_3_7
           cbragg  cbragg_err   credchi  ...  cdelta_n            cL     timestamp
0     1549.711788    0.000090  0.000016  ...  0.000012  7.564181e+06  1.735029e+09
1     1549.717659    0.000088  0.000019  ...  0.000012  7.572817e+06  1.735029e+09
2     1549.711860    0.000090  0.000016  ...  0.000012  7.556478e+06  1.735029e+09
3     1549.717661    0.000088  0.000019  ...  0.000012  7.566285e+06  1.735029e+09
4     1549.711838    0.000089  0.000016  ...  0.000012  7.555806e+06  1.735029e+09
...           ...         ...       ...  ...       ...           ...           ...
1587  1549.717356    0.000089  0.000020  ...  0.000012  7.572743e+06  1.735045e+09
1588  1549.711291    0.000089  0.000016  ...  0.000012  7.577229e+06  1.735045e+09
1589  1549.717453    0.000089  0.000020  ...  0.000012  7.571225e+06  1.735045e+09
1590  1549.711127    0.000089  0.000016  ...  0.000012  7.576078e+06  1.735045e+09
1591  1549.717340    0.000088  0.000019  ...  0.000012  7.581292e+06  1.735045e+09

[1592 rows x 13 columns]
CHANNEL_3_8
           cbragg  cbragg_err   credchi  ...  cdelta_n            cL     timestamp
0     1550.673016    0.000090  0.000017  ...  0.000012  7.649234e+06  1.735029e+09
1     1550.665838    0.000091  0.000013  ...  0.000012  7.674402e+06  1.735029e+09
2     1550.673091    0.000090  0.000017  ...  0.000012  7.644087e+06  1.735029e+09
3     1550.665929    0.000092  0.000014  ...  0.000012  7.658180e+06  1.735029e+09
4     1550.672994    0.000089  0.000017  ...  0.000012  7.652113e+06  1.735029e+09
...           ...         ...       ...  ...       ...           ...           ...
1587  1550.666155    0.000090  0.000013  ...  0.000012  7.694692e+06  1.735045e+09
1588  1550.673263    0.000090  0.000017  ...  0.000012  7.652078e+06  1.735045e+09
1589  1550.666217    0.000090  0.000013  ...  0.000012  7.677265e+06  1.735045e+09
1590  1550.673307    0.000089  0.000017  ...  0.000012  7.665487e+06  1.735045e+09
1591  1550.666229    0.000132  0.000026  ...  0.000012  7.347446e+06  1.735045e+09

[1592 rows x 13 columns]
CHANNEL_3_9
           cbragg  cbragg_err   credchi  ...  cdelta_n            cL     timestamp
0     1551.663543    0.000096  0.000012  ...  0.000012  7.699391e+06  1.735029e+09
1     1551.668509    0.000093  0.000019  ...  0.000012  7.622365e+06  1.735029e+09
2     1551.663504    0.000095  0.000012  ...  0.000012  7.656219e+06  1.735029e+09
3     1551.668506    0.000092  0.000018  ...  0.000012  7.620669e+06  1.735029e+09
4     1551.663457    0.000097  0.000012  ...  0.000012  7.705935e+06  1.735029e+09
...           ...         ...       ...  ...       ...           ...           ...
1587  1551.668888    0.000091  0.000018  ...  0.000012  7.628334e+06  1.735045e+09
1588  1551.663773    0.000096  0.000012  ...  0.000012  7.710871e+06  1.735045e+09
1589  1551.668881    0.000090  0.000018  ...  0.000012  7.667463e+06  1.735045e+09
1590  1551.663856    0.000093  0.000011  ...  0.000012  7.675333e+06  1.735045e+09
1591  1551.668963    0.000094  0.000019  ...  0.000012  7.658960e+06  1.735045e+09

[1592 rows x 13 columns]
CHANNEL_3_10
           cbragg  cbragg_err   credchi  ...  cdelta_n            cL     timestamp
0     1552.676743    0.000100  0.000020  ...  0.000012  7.737345e+06  1.735029e+09
1     1552.668935    0.000109  0.000013  ...  0.000012  7.786841e+06  1.735029e+09
2     1552.676791    0.000103  0.000021  ...  0.000012  7.743399e+06  1.735029e+09
3     1552.668829    0.000112  0.000013  ...  0.000012  7.800074e+06  1.735029e+09
4     1552.676868    0.000101  0.000020  ...  0.000012  7.731030e+06  1.735029e+09
...           ...         ...       ...  ...       ...           ...           ...
1587  1552.669067    0.000108  0.000014  ...  0.000012  7.819295e+06  1.735045e+09
1588  1552.677082    0.000103  0.000022  ...  0.000012  7.738395e+06  1.735045e+09
1589  1552.669177    0.000109  0.000014  ...  0.000012  7.809104e+06  1.735045e+09
1590  1552.677154    0.000102  0.000021  ...  0.000012  7.725756e+06  1.735045e+09
1591  1552.669277    0.000109  0.000014  ...  0.000012  7.818666e+06  1.735045e+09

[1592 rows x 13 columns]
CHANNEL_3_11
           cbragg  cbragg_err   credchi  ...  cdelta_n            cL     timestamp
0     1553.638284    0.000132  0.000025  ...  0.000012  7.914446e+06  1.735029e+09
1     1553.641265    0.000132  0.000041  ...  0.000012  7.846220e+06  1.735029e+09
2     1553.638173    0.000133  0.000026  ...  0.000012  7.923091e+06  1.735029e+09
3     1553.641334    0.000130  0.000040  ...  0.000012  7.855646e+06  1.735029e+09
4     1553.638326    0.000133  0.000026  ...  0.000012  7.925811e+06  1.735029e+09
...           ...         ...       ...  ...       ...           ...           ...
1587  1553.641417    0.000133  0.000041  ...  0.000012  7.846054e+06  1.735045e+09
1588  1553.638738    0.000136  0.000027  ...  0.000012  7.913924e+06  1.735045e+09
1589  1553.641448    0.000130  0.000040  ...  0.000012  7.864543e+06  1.735045e+09
1590  1553.638728    0.000134  0.000027  ...  0.000012  7.931605e+06  1.735045e+09
1591  1553.641481    0.000135  0.000043  ...  0.000012  7.835829e+06  1.735045e+09

[1592 rows x 13 columns]
CHANNEL_3_12
           cbragg  cbragg_err   credchi  ...  cdelta_n            cL     timestamp
0     1554.619465    0.000096  0.000021  ...  0.000012  7.781119e+06  1.735029e+09
1     1554.612531    0.000106  0.000014  ...  0.000012  7.846911e+06  1.735029e+09
2     1554.619381    0.000096  0.000020  ...  0.000012  7.795540e+06  1.735029e+09
3     1554.612571    0.000102  0.000013  ...  0.000012  7.867286e+06  1.735029e+09
4     1554.619514    0.000094  0.000020  ...  0.000012  7.794056e+06  1.735029e+09
...           ...         ...       ...  ...       ...           ...           ...
1587  1554.612999    0.000102  0.000014  ...  0.000012  7.873143e+06  1.735045e+09
1588  1554.619854    0.000096  0.000021  ...  0.000012  7.799713e+06  1.735045e+09
1589  1554.613028    0.000104  0.000014  ...  0.000012  7.864410e+06  1.735045e+09
1590  1554.620056    0.000117  0.000030  ...  0.000012  7.546359e+06  1.735045e+09
1591  1554.613133    0.000098  0.000012  ...  0.000012  7.860490e+06  1.735045e+09

[1592 rows x 13 columns]
CHANNEL_3_13
           cbragg  cbragg_err   credchi  ...  cdelta_n            cL     timestamp
0     1555.621249    0.000091  0.000010  ...  0.000012  7.612025e+06  1.735029e+09
1     1555.626675    0.000090  0.000017  ...  0.000012  7.576445e+06  1.735029e+09
2     1555.621465    0.000089  0.000010  ...  0.000012  7.628267e+06  1.735029e+09
3     1555.626799    0.000089  0.000017  ...  0.000012  7.574456e+06  1.735029e+09
4     1555.621434    0.000090  0.000010  ...  0.000012  7.608494e+06  1.735029e+09
...           ...         ...       ...  ...       ...           ...           ...
1587  1555.627031    0.000089  0.000017  ...  0.000012  7.567920e+06  1.735045e+09
1588  1555.621931    0.000092  0.000010  ...  0.000012  7.605602e+06  1.735045e+09
1589  1555.627108    0.000087  0.000016  ...  0.000012  7.557532e+06  1.735045e+09
1590  1555.622215    0.000091  0.000010  ...  0.000012  7.585891e+06  1.735045e+09
1591  1555.627203    0.000091  0.000018  ...  0.000012  7.575807e+06  1.735045e+09

[1592 rows x 13 columns]
CHANNEL_3_14
           cbragg  cbragg_err   credchi  ...  cdelta_n            cL     timestamp
0     1556.582011    0.000192  0.000080  ...  0.000012  7.702636e+06  1.735029e+09
1     1556.574046    0.000183  0.000047  ...  0.000012  7.775588e+06  1.735029e+09
2     1556.582007    0.000189  0.000078  ...  0.000012  7.669626e+06  1.735029e+09
3     1556.574055    0.000186  0.000048  ...  0.000012  7.781184e+06  1.735029e+09
4     1556.581996    0.000185  0.000075  ...  0.000012  7.669560e+06  1.735029e+09
...           ...         ...       ...  ...       ...           ...           ...
1587  1556.574558    0.000185  0.000048  ...  0.000012  7.777365e+06  1.735045e+09
1588  1556.582581    0.000188  0.000079  ...  0.000012  7.711151e+06  1.735045e+09
1589  1556.574518    0.000185  0.000048  ...  0.000012  7.783192e+06  1.735045e+09
1590  1556.582708    0.000213  0.000098  ...  0.000012  7.457772e+06  1.735045e+09
1591  1556.574603    0.000187  0.000049  ...  0.000012  7.778664e+06  1.735045e+09

[1592 rows x 13 columns]
