000 (11451992.380.000) 01/28 14:31:49 Job submitted from host: <188.185.114.121:9618?addrs=188.185.114.121-9618+[2001-1458-d00-a--100-273]-9618&alias=bigbird19.cern.ch&noUDP&sock=schedd_2045_4743>
...
040 (11451992.380.000) 01/28 15:35:30 Started transferring input files
	Transferring to host: <188.184.185.99:9618?addrs=188.184.185.99-9618+[2001-1458-301-52--100-62]-9618&alias=b9g37p3288.cern.ch&noUDP&sock=slot1_24_3171107_80d1_1016>
...
040 (11451992.380.000) 01/28 15:35:30 Finished transferring input files
...
001 (11451992.380.000) 01/28 15:35:31 Job executing on host: <188.184.185.99:9618?addrs=188.184.185.99-9618+[2001-1458-301-52--100-62]-9618&alias=b9g37p3288.cern.ch&noUDP&sock=startd_5879_155f>
	SlotName: slot1_24@b9g37p3288.cern.ch
	CondorScratchDir = "/pool/condor/dir_641713"
	Cpus = 1
	Disk = 2827880
	Memory = 3000
...
006 (11451992.380.000) 01/28 15:35:40 Image size of job updated: 1
	0  -  MemoryUsage of job (MB)
	0  -  ResidentSetSize of job (KB)
...
006 (11451992.380.000) 01/28 15:36:33 Image size of job updated: 125152
	43  -  MemoryUsage of job (MB)
	43504  -  ResidentSetSize of job (KB)
...
040 (11451992.380.000) 01/28 15:36:33 Started transferring output files
...
040 (11451992.380.000) 01/28 15:36:33 Finished transferring output files
...
005 (11451992.380.000) 01/28 15:36:33 Job terminated.
	(1) Normal termination (return value 0)
		Usr 0 00:00:14, Sys 0 00:00:00  -  Run Remote Usage
		Usr 0 00:00:00, Sys 0 00:00:00  -  Run Local Usage
		Usr 0 00:00:14, Sys 0 00:00:00  -  Total Remote Usage
		Usr 0 00:00:00, Sys 0 00:00:00  -  Total Local Usage
	14886  -  Run Bytes Sent By Job
	5797  -  Run Bytes Received By Job
	14886  -  Total Bytes Sent By Job
	5797  -  Total Bytes Received By Job
	Partitionable Resources :    Usage  Request Allocated 
	   Cpus                 :        0        1         1 
	   Disk (KB)            :       41       10   2827880 
	   Memory (MB)          :       43     3000      3000 

	Job terminated of its own accord at 2025-01-28T14:36:33Z with exit-code 0.
...
