CHANNEL_0_1
           cbragg  cbragg_err   credchi  ...  cdelta_n            cL     timestamp
0     1544.609211    0.000135  0.000048  ...  0.000012  7.692927e+06  1.735855e+09
1     1544.617796    0.000316  0.000060  ...  0.000012  7.672580e+06  1.735855e+09
2     1544.609186    0.000103  0.000048  ...  0.000012  7.681754e+06  1.735855e+09
3     1544.617765    0.000332  0.000058  ...  0.000012  7.678873e+06  1.735855e+09
4     1544.609210    0.000102  0.000047  ...  0.000012  7.690391e+06  1.735855e+09
...           ...         ...       ...  ...       ...           ...           ...
1587  1544.619025    0.000102  0.000057  ...  0.000012  7.681188e+06  1.735871e+09
1588  1544.610644    0.000283  0.000048  ...  0.000012  7.685790e+06  1.735871e+09
1589  1544.619144    0.000106  0.000058  ...  0.000012  7.674117e+06  1.735871e+09
1590  1544.610710    0.000114  0.000048  ...  0.000012  7.680807e+06  1.735871e+09
1591  1544.619100    0.000103  0.000057  ...  0.000012  7.682837e+06  1.735871e+09

[1592 rows x 13 columns]
CHANNEL_0_2
           cbragg  cbragg_err   credchi  ...  cdelta_n            cL     timestamp
0     1545.435811    0.000092  0.000019  ...  0.000012  7.609993e+06  1.735855e+09
1     1545.437886    0.000096  0.000022  ...  0.000012  7.582350e+06  1.735855e+09
2     1545.435686    0.000094  0.000019  ...  0.000012  7.655859e+06  1.735855e+09
3     1545.437874    0.000094  0.000022  ...  0.000012  7.663204e+06  1.735855e+09
4     1545.435807    0.000095  0.000020  ...  0.000012  7.669636e+06  1.735855e+09
...           ...         ...       ...  ...       ...           ...           ...
1587  1545.438749    0.000095  0.000022  ...  0.000012  7.657091e+06  1.735871e+09
1588  1545.436765    0.000095  0.000020  ...  0.000012  7.651791e+06  1.735871e+09
1589  1545.438790    0.000095  0.000022  ...  0.000012  7.637755e+06  1.735871e+09
1590  1545.436703    0.000096  0.000020  ...  0.000012  7.635373e+06  1.735871e+09
1591  1545.438732    0.000096  0.000023  ...  0.000012  7.662288e+06  1.735871e+09

[1592 rows x 13 columns]
CHANNEL_0_3
           cbragg  cbragg_err   credchi  ...  cdelta_n            cL     timestamp
0     1546.117152    0.000110  0.000040  ...  0.000012  7.702526e+06  1.735855e+09
1     1546.126281    0.000108  0.000053  ...  0.000012  7.667397e+06  1.735855e+09
2     1546.117145    0.000108  0.000039  ...  0.000012  7.689892e+06  1.735855e+09
3     1546.126244    0.000116  0.000064  ...  0.000012  7.831243e+06  1.735855e+09
4     1546.117168    0.000106  0.000038  ...  0.000012  7.691214e+06  1.735855e+09
...           ...         ...       ...  ...       ...           ...           ...
1587  1546.127474    0.000110  0.000055  ...  0.000012  7.668543e+06  1.735871e+09
1588  1546.118430    0.000110  0.000040  ...  0.000012  7.677588e+06  1.735871e+09
1589  1546.127361    0.000110  0.000055  ...  0.000012  7.671277e+06  1.735871e+09
1590  1546.118490    0.000110  0.000040  ...  0.000012  7.661172e+06  1.735871e+09
1591  1546.127411    0.000110  0.000054  ...  0.000012  7.668728e+06  1.735871e+09

[1592 rows x 13 columns]
CHANNEL_0_4
           cbragg  cbragg_err   credchi  ...  cdelta_n            cL     timestamp
0     1547.116976    0.000116  0.000048  ...  0.000012  7.868000e+06  1.735855e+09
1     1547.119186    0.000114  0.000053  ...  0.000012  7.880959e+06  1.735855e+09
2     1547.117033    0.000117  0.000050  ...  0.000012  7.926671e+06  1.735855e+09
3     1547.119271    0.000115  0.000055  ...  0.000012  7.928469e+06  1.735855e+09
4     1547.117040    0.000114  0.000047  ...  0.000012  7.861384e+06  1.735855e+09
...           ...         ...       ...  ...       ...           ...           ...
1587  1547.120252    0.000112  0.000051  ...  0.000012  7.871057e+06  1.735871e+09
1588  1547.118181    0.000116  0.000049  ...  0.000012  7.864958e+06  1.735871e+09
1589  1547.120216    0.000125  0.000052  ...  0.000012  7.862831e+06  1.735871e+09
1590  1547.118175    0.000117  0.000049  ...  0.000012  7.855841e+06  1.735871e+09
1591  1547.120251    0.000113  0.000052  ...  0.000012  7.878972e+06  1.735871e+09

[1592 rows x 13 columns]
CHANNEL_0_5
           cbragg  cbragg_err   credchi  ...  cdelta_n            cL     timestamp
0     1548.090639    0.000102  0.000053  ...  0.000012  7.838413e+06  1.735855e+09
1     1548.095945    0.000172  0.000128  ...  0.000012  7.994793e+06  1.735855e+09
2     1548.090779    0.000090  0.000040  ...  0.000012  7.706279e+06  1.735855e+09
3     1548.096060    0.000097  0.000040  ...  0.000012  7.706183e+06  1.735855e+09
4     1548.090685    0.000096  0.000046  ...  0.000012  7.805180e+06  1.735855e+09
...           ...         ...       ...  ...       ...           ...           ...
1587  1548.097281    0.000096  0.000039  ...  0.000012  7.701860e+06  1.735871e+09
1588  1548.091919    0.000093  0.000043  ...  0.000012  7.703652e+06  1.735871e+09
1589  1548.097167    0.000097  0.000040  ...  0.000012  7.704896e+06  1.735871e+09
1590  1548.092039    0.000089  0.000040  ...  0.000012  7.716075e+06  1.735871e+09
1591  1548.097149    0.000099  0.000042  ...  0.000012  7.725289e+06  1.735871e+09

[1592 rows x 13 columns]
CHANNEL_0_6
           cbragg  cbragg_err   credchi  ...  cdelta_n            cL     timestamp
0     1549.068554    0.000075  0.000022  ...  0.000012  7.589246e+06  1.735855e+09
1     1549.078631    0.000081  0.000043  ...  0.000012  7.490254e+06  1.735855e+09
2     1549.068511    0.000076  0.000023  ...  0.000012  7.581707e+06  1.735855e+09
3     1549.078571    0.000082  0.000044  ...  0.000012  7.478408e+06  1.735855e+09
4     1549.068585    0.000076  0.000023  ...  0.000012  7.579111e+06  1.735855e+09
...           ...         ...       ...  ...       ...           ...           ...
1587  1549.079878    0.000082  0.000044  ...  0.000012  7.481643e+06  1.735871e+09
1588  1549.069946    0.000077  0.000023  ...  0.000012  7.573983e+06  1.735871e+09
1589  1549.079953    0.000082  0.000044  ...  0.000012  7.481272e+06  1.735871e+09
1590  1549.069918    0.000077  0.000023  ...  0.000012  7.566255e+06  1.735871e+09
1591  1549.079848    0.000084  0.000047  ...  0.000012  7.474925e+06  1.735871e+09

[1592 rows x 13 columns]
CHANNEL_0_7
           cbragg  cbragg_err   credchi  ...  cdelta_n            cL     timestamp
0     1550.073592    0.000136  0.000056  ...  0.000012  7.726189e+06  1.735855e+09
1     1550.076438    0.000125  0.000050  ...  0.000012  7.587964e+06  1.735855e+09
2     1550.073573    0.000163  0.000079  ...  0.000012  7.797819e+06  1.735855e+09
3     1550.076409    0.000125  0.000049  ...  0.000012  7.614909e+06  1.735855e+09
4     1550.073506    0.000128  0.000048  ...  0.000012  7.634221e+06  1.735855e+09
...           ...         ...       ...  ...       ...           ...           ...
1587  1550.077541    0.000123  0.000048  ...  0.000012  7.639673e+06  1.735871e+09
1588  1550.074956    0.000126  0.000047  ...  0.000012  7.604342e+06  1.735871e+09
1589  1550.077679    0.000122  0.000047  ...  0.000012  7.611688e+06  1.735871e+09
1590  1550.074945    0.000125  0.000046  ...  0.000012  7.572157e+06  1.735871e+09
1591  1550.077559    0.000126  0.000050  ...  0.000012  7.594780e+06  1.735871e+09

[1592 rows x 13 columns]
CHANNEL_0_8
           cbragg  cbragg_err   credchi  ...  cdelta_n            cL     timestamp
0     1551.048345    0.000074  0.000016  ...  0.000012  7.607200e+06  1.735855e+09
1     1551.056040    0.000075  0.000019  ...  0.000012  7.617414e+06  1.735855e+09
2     1551.048475    0.000073  0.000016  ...  0.000012  7.603337e+06  1.735855e+09
3     1551.056113    0.000073  0.000019  ...  0.000012  7.626867e+06  1.735855e+09
4     1551.048395    0.000075  0.000016  ...  0.000012  7.603731e+06  1.735855e+09
...           ...         ...       ...  ...       ...           ...           ...
1587  1551.057128    0.000072  0.000018  ...  0.000012  7.639261e+06  1.735871e+09
1588  1551.049555    0.000072  0.000015  ...  0.000012  7.617309e+06  1.735871e+09
1589  1551.057005    0.000090  0.000029  ...  0.000012  7.789301e+06  1.735871e+09
1590  1551.049706    0.000073  0.000016  ...  0.000012  7.618355e+06  1.735871e+09
1591  1551.057185    0.000073  0.000018  ...  0.000012  7.619465e+06  1.735871e+09

[1592 rows x 13 columns]
CHANNEL_0_9
           cbragg  cbragg_err   credchi  ...  cdelta_n            cL     timestamp
0     1552.029885    0.000093  0.000017  ...  0.000012  7.720263e+06  1.735855e+09
1     1552.039926    0.000088  0.000029  ...  0.000012  7.673528e+06  1.735855e+09
2     1552.029832    0.000093  0.000017  ...  0.000012  7.718088e+06  1.735855e+09
3     1552.039935    0.000090  0.000030  ...  0.000012  7.664077e+06  1.735855e+09
4     1552.030010    0.000091  0.000016  ...  0.000012  7.731714e+06  1.735855e+09
...           ...         ...       ...  ...       ...           ...           ...
1587  1552.041084    0.000089  0.000029  ...  0.000012  7.671111e+06  1.735871e+09
1588  1552.031153    0.000092  0.000017  ...  0.000012  7.705385e+06  1.735871e+09
1589  1552.041085    0.000089  0.000030  ...  0.000012  7.678367e+06  1.735871e+09
1590  1552.031178    0.000090  0.000016  ...  0.000012  7.730101e+06  1.735871e+09
1591  1552.041148    0.000088  0.000029  ...  0.000012  7.669434e+06  1.735871e+09

[1592 rows x 13 columns]
CHANNEL_0_10
           cbragg  cbragg_err   credchi  ...  cdelta_n            cL     timestamp
0     1553.040071    0.000093  0.000021  ...  0.000012  7.703657e+06  1.735855e+09
1     1553.041103    0.000092  0.000017  ...  0.000012  7.733673e+06  1.735855e+09
2     1553.040107    0.000099  0.000024  ...  0.000012  7.578954e+06  1.735855e+09
3     1553.041251    0.000089  0.000016  ...  0.000012  7.740415e+06  1.735855e+09
4     1553.040130    0.000092  0.000021  ...  0.000012  7.697561e+06  1.735855e+09
...           ...         ...       ...  ...       ...           ...           ...
1587  1553.042194    0.000090  0.000016  ...  0.000012  7.736516e+06  1.735871e+09
1588  1553.041260    0.000093  0.000021  ...  0.000012  7.641212e+06  1.735871e+09
1589  1553.042235    0.000093  0.000017  ...  0.000012  7.707660e+06  1.735871e+09
1590  1553.041282    0.000091  0.000021  ...  0.000012  7.694926e+06  1.735871e+09
1591  1553.042307    0.000090  0.000016  ...  0.000012  7.695785e+06  1.735871e+09

[1592 rows x 13 columns]
CHANNEL_0_11
           cbragg  cbragg_err   credchi  ...  cdelta_n            cL     timestamp
0     1554.044728    0.000079  0.000010  ...  0.000012  7.717778e+06  1.735855e+09
1     1554.054478    0.000071  0.000015  ...  0.000012  7.659498e+06  1.735855e+09
2     1554.044961    0.000073  0.000008  ...  0.000012  7.710932e+06  1.735855e+09
3     1554.054536    0.000073  0.000015  ...  0.000012  7.655512e+06  1.735855e+09
4     1554.045006    0.000072  0.000008  ...  0.000012  7.700321e+06  1.735855e+09
...           ...         ...       ...  ...       ...           ...           ...
1587  1554.055554    0.000082  0.000020  ...  0.000012  7.758877e+06  1.735871e+09
1588  1554.046164    0.000072  0.000008  ...  0.000012  7.713893e+06  1.735871e+09
1589  1554.055677    0.000068  0.000013  ...  0.000012  7.664630e+06  1.735871e+09
1590  1554.046121    0.000073  0.000009  ...  0.000012  7.712691e+06  1.735871e+09
1591  1554.055765    0.000068  0.000013  ...  0.000012  7.652454e+06  1.735871e+09

[1592 rows x 13 columns]
CHANNEL_0_12
           cbragg  cbragg_err   credchi  ...  cdelta_n            cL     timestamp
0     1555.073400    0.000120  0.000050  ...  0.000012  7.471815e+06  1.735855e+09
1     1555.075623    0.000123  0.000052  ...  0.000012  7.509699e+06  1.735855e+09
2     1555.073369    0.000121  0.000051  ...  0.000012  7.476506e+06  1.735855e+09
3     1555.075677    0.000118  0.000049  ...  0.000012  7.505711e+06  1.735855e+09
4     1555.073355    0.000119  0.000050  ...  0.000012  7.479447e+06  1.735855e+09
...           ...         ...       ...  ...       ...           ...           ...
1587  1555.076694    0.000120  0.000049  ...  0.000012  7.485022e+06  1.735871e+09
1588  1555.074613    0.000118  0.000048  ...  0.000012  7.490983e+06  1.735871e+09
1589  1555.076675    0.000119  0.000049  ...  0.000012  7.517351e+06  1.735871e+09
1590  1555.074427    0.000120  0.000050  ...  0.000012  7.482571e+06  1.735871e+09
1591  1555.076607    0.000125  0.000055  ...  0.000012  7.608559e+06  1.735871e+09

[1592 rows x 13 columns]
CHANNEL_0_13
           cbragg  cbragg_err   credchi  ...  cdelta_n            cL     timestamp
0     1556.045466    0.000141  0.000037  ...  0.000012  7.681586e+06  1.735855e+09
1     1556.053950    0.000136  0.000046  ...  0.000012  7.690336e+06  1.735855e+09
2     1556.045461    0.000142  0.000038  ...  0.000012  7.678910e+06  1.735855e+09
3     1556.053938    0.000137  0.000046  ...  0.000012  7.672229e+06  1.735855e+09
4     1556.045521    0.000142  0.000037  ...  0.000012  7.668488e+06  1.735855e+09
...           ...         ...       ...  ...       ...           ...           ...
1587  1556.054936    0.000138  0.000047  ...  0.000012  7.682004e+06  1.735871e+09
1588  1556.046727    0.000142  0.000038  ...  0.000012  7.685791e+06  1.735871e+09
1589  1556.055111    0.000134  0.000045  ...  0.000012  7.701831e+06  1.735871e+09
1590  1556.046627    0.000140  0.000037  ...  0.000012  7.698294e+06  1.735871e+09
1591  1556.054909    0.000133  0.000044  ...  0.000012  7.697849e+06  1.735871e+09

[1592 rows x 13 columns]
CHANNEL_0_14
           cbragg  cbragg_err   credchi  ...  cdelta_n            cL     timestamp
0     1557.018109    0.000101  0.000030  ...  0.000012  7.655584e+06  1.735855e+09
1     1557.022682    0.000104  0.000040  ...  0.000012  7.612823e+06  1.735855e+09
2     1557.018175    0.000101  0.000030  ...  0.000012  7.656666e+06  1.735855e+09
3     1557.022715    0.000102  0.000039  ...  0.000012  7.596139e+06  1.735855e+09
4     1557.018242    0.000101  0.000030  ...  0.000012  7.655625e+06  1.735855e+09
...           ...         ...       ...  ...       ...           ...           ...
1587  1557.023783    0.000103  0.000039  ...  0.000012  7.616453e+06  1.735871e+09
1588  1557.019373    0.000099  0.000029  ...  0.000012  7.652856e+06  1.735871e+09
1589  1557.023946    0.000233  0.000195  ...  0.000012  7.948806e+06  1.735871e+09
1590  1557.019319    0.000099  0.000028  ...  0.000012  7.659603e+06  1.735871e+09
1591  1557.023833    0.000108  0.000043  ...  0.000012  7.711373e+06  1.735871e+09

[1592 rows x 13 columns]
CHANNEL_1_1
           cbragg  cbragg_err   credchi  ...  cdelta_n            cL     timestamp
0     1556.157160    0.001556  0.004923  ...  0.000012  3.699266e+06  1.735855e+09
1     1556.156934    0.000075  0.000005  ...  0.000012  2.686137e+06  1.735855e+09
2     1556.158252    0.000865  0.000450  ...  0.000012  2.293581e+06  1.735855e+09
3     1556.155930    0.000776  0.000822  ...  0.000012  3.140255e+06  1.735855e+09
4     1556.157763    0.000095  0.000009  ...  0.000012  2.708933e+06  1.735855e+09
...           ...         ...       ...  ...       ...           ...           ...
1587  1556.158433    0.000076  0.000005  ...  0.000012  2.684867e+06  1.735871e+09
1588  1556.159170    0.000082  0.000007  ...  0.000012  2.671536e+06  1.735871e+09
1589  1556.158792    0.000105  0.000010  ...  0.000012  2.626085e+06  1.735871e+09
1590  1556.158919    0.000086  0.000007  ...  0.000012  2.668914e+06  1.735871e+09
1591  1556.158538    0.000085  0.000006  ...  0.000012  2.646562e+06  1.735871e+09

[1592 rows x 13 columns]
CHANNEL_1_2
           cbragg  cbragg_err   credchi  ...  cdelta_n            cL     timestamp
0     1558.204103    0.000524  0.000452  ...  0.000012  3.016407e+06  1.735855e+09
1     1558.204576    0.000151  0.000034  ...  0.000012  2.769175e+06  1.735855e+09
2     1558.202016    0.000262  0.000086  ...  0.000012  2.669530e+06  1.735855e+09
3     1558.205197    0.000835  0.000666  ...  0.000012  2.417192e+06  1.735855e+09
4     1558.202136    0.000125  0.000022  ...  0.000012  2.805140e+06  1.735855e+09
...           ...         ...       ...  ...       ...           ...           ...
1587  1558.206791    0.000731  0.000534  ...  0.000012  2.455947e+06  1.735871e+09
1588  1558.203753    0.000659  0.000501  ...  0.000012  2.556324e+06  1.735871e+09
1589  1558.206078    0.000182  0.000045  ...  0.000012  2.723155e+06  1.735871e+09
1590  1558.203081    0.000404  0.000306  ...  0.000012  3.070417e+06  1.735871e+09
1591  1558.205995    0.000117  0.000020  ...  0.000012  2.791020e+06  1.735871e+09

[1592 rows x 13 columns]
CHANNEL_1_3
           cbragg  cbragg_err   credchi  ...  cdelta_n            cL     timestamp
0     1561.019360    0.001136  0.003993  ...  0.000012  3.841109e+06  1.735855e+09
1     1561.016047    0.000046  0.000003  ...  0.000012  2.939294e+06  1.735855e+09
2     1561.019647    0.000052  0.000004  ...  0.000012  2.935841e+06  1.735855e+09
3     1561.016243    0.000695  0.001157  ...  0.000012  3.411029e+06  1.735855e+09
4     1561.019660    0.000050  0.000004  ...  0.000012  2.934823e+06  1.735855e+09
...           ...         ...       ...  ...       ...           ...           ...
1587  1561.017477    0.000312  0.000193  ...  0.000012  3.144286e+06  1.735871e+09
1588  1561.020833    0.000051  0.000004  ...  0.000012  2.919558e+06  1.735871e+09
1589  1561.017350    0.000051  0.000004  ...  0.000012  2.938344e+06  1.735871e+09
1590  1561.022923    0.000375  0.000254  ...  0.000012  3.106712e+06  1.735871e+09
1591  1561.017760    0.000623  0.000927  ...  0.000012  3.381410e+06  1.735871e+09

[1592 rows x 13 columns]
CHANNEL_2_1
           cbragg  cbragg_err   credchi  ...  cdelta_n            cL     timestamp
0     1543.577394    0.000071  0.000005  ...  0.000012  2.775637e+06  1.735855e+09
1     1543.576772    0.000068  0.000005  ...  0.000012  2.776343e+06  1.735855e+09
2     1543.577557    0.000072  0.000005  ...  0.000012  2.776452e+06  1.735855e+09
3     1543.567108    0.007125  0.003672  ...  0.000012  1.401735e+06  1.735855e+09
4     1543.578034    0.000080  0.000006  ...  0.000012  2.775550e+06  1.735855e+09
...           ...         ...       ...  ...       ...           ...           ...
1587  1543.578404    0.000072  0.000005  ...  0.000012  2.774682e+06  1.735871e+09
1588  1543.579259    0.000075  0.000006  ...  0.000012  2.773717e+06  1.735871e+09
1589  1543.578619    0.000072  0.000005  ...  0.000012  2.773785e+06  1.735871e+09
1590  1543.579127    0.000073  0.000005  ...  0.000012  2.774075e+06  1.735871e+09
1591  1543.578547    0.000072  0.000005  ...  0.000012  2.774161e+06  1.735871e+09

[1592 rows x 13 columns]
CHANNEL_2_2
           cbragg  cbragg_err   credchi  ...  cdelta_n            cL     timestamp
0     1545.925935    0.000547  0.000341  ...  0.000012  3.024593e+06  1.735855e+09
1     1545.927655    0.000451  0.000204  ...  0.000012  2.925217e+06  1.735855e+09
2     1545.926801    0.000135  0.000014  ...  0.000012  2.727996e+06  1.735855e+09
3     1545.927445    0.000490  0.000255  ...  0.000012  2.969767e+06  1.735855e+09
4     1545.927199    0.000132  0.000014  ...  0.000012  2.673540e+06  1.735855e+09
...           ...         ...       ...  ...       ...           ...           ...
1587  1545.929974    0.000125  0.000012  ...  0.000012  2.695908e+06  1.735871e+09
1588  1545.928424    0.000123  0.000012  ...  0.000012  2.679783e+06  1.735871e+09
1589  1545.929874    0.000120  0.000011  ...  0.000012  2.695991e+06  1.735871e+09
1590  1545.928943    0.000235  0.000037  ...  0.000012  2.576992e+06  1.735871e+09
1591  1545.929770    0.000127  0.000012  ...  0.000012  2.686380e+06  1.735871e+09

[1592 rows x 13 columns]
CHANNEL_2_3
           cbragg  cbragg_err   credchi  ...  cdelta_n            cL     timestamp
0     1548.526462    0.000157  0.000025  ...  0.000012  2.814580e+06  1.735855e+09
1     1548.528287    0.000842  0.001245  ...  0.000012  3.496735e+06  1.735855e+09
2     1548.526990    0.001231  0.002833  ...  0.000012  3.717449e+06  1.735855e+09
3     1548.528331    0.000091  0.000009  ...  0.000012  2.892782e+06  1.735855e+09
4     1548.526697    0.000092  0.000009  ...  0.000012  2.891713e+06  1.735855e+09
...           ...         ...       ...  ...       ...           ...           ...
1587  1548.529358    0.000097  0.000010  ...  0.000012  2.896998e+06  1.735871e+09
1588  1548.527998    0.000548  0.000368  ...  0.000012  3.107162e+06  1.735871e+09
1589  1548.529278    0.000101  0.000011  ...  0.000012  2.917165e+06  1.735871e+09
1590  1548.528324    0.000240  0.000070  ...  0.000012  3.026221e+06  1.735871e+09
1591  1548.529803    0.000647  0.000585  ...  0.000012  3.252749e+06  1.735871e+09

[1592 rows x 13 columns]
CHANNEL_3_1
           cbragg  cbragg_err   credchi  ...  cdelta_n            cL     timestamp
0     1544.126424    0.000111  0.000028  ...  0.000012  7.769416e+06  1.735855e+09
1     1544.124670    0.000119  0.000020  ...  0.000012  7.829378e+06  1.735855e+09
2     1544.126324    0.000260  0.000027  ...  0.000012  7.766959e+06  1.735855e+09
3     1544.124648    0.000124  0.000020  ...  0.000012  7.810689e+06  1.735855e+09
4     1544.126371    0.000116  0.000029  ...  0.000012  7.764767e+06  1.735855e+09
...           ...         ...       ...  ...       ...           ...           ...
1587  1544.125570    0.000203  0.000020  ...  0.000012  7.806284e+06  1.735871e+09
1588  1544.127449    0.000120  0.000028  ...  0.000012  7.768356e+06  1.735871e+09
1589  1544.125693    0.000219  0.000020  ...  0.000012  7.803367e+06  1.735871e+09
1590  1544.127513    0.000110  0.000027  ...  0.000012  7.768836e+06  1.735871e+09
1591  1544.125638    0.000226  0.000020  ...  0.000012  7.805875e+06  1.735871e+09

[1592 rows x 13 columns]
CHANNEL_3_2
           cbragg  cbragg_err   credchi  ...  cdelta_n            cL     timestamp
0     1545.014475    0.000401  0.000023  ...  0.000012  7.910769e+06  1.735855e+09
1     1545.024879    0.000111  0.000039  ...  0.000012  7.830939e+06  1.735855e+09
2     1545.014261    0.000141  0.000022  ...  0.000012  7.917704e+06  1.735855e+09
3     1545.024895    0.000314  0.000040  ...  0.000012  7.832367e+06  1.735855e+09
4     1545.014271    0.000277  0.000023  ...  0.000012  7.922913e+06  1.735855e+09
...           ...         ...       ...  ...       ...           ...           ...
1587  1545.025703    0.000246  0.000040  ...  0.000012  7.826302e+06  1.735871e+09
1588  1545.015087    0.000117  0.000023  ...  0.000012  7.906978e+06  1.735871e+09
1589  1545.025693    0.000359  0.000039  ...  0.000012  7.829616e+06  1.735871e+09
1590  1545.014973    0.000111  0.000023  ...  0.000012  7.901174e+06  1.735871e+09
1591  1545.025586    0.000206  0.000040  ...  0.000012  7.830170e+06  1.735871e+09

[1592 rows x 13 columns]
CHANNEL_3_3
           cbragg  cbragg_err   credchi  ...  cdelta_n            cL     timestamp
0     1545.707644    0.000108  0.000032  ...  0.000012  7.582064e+06  1.735855e+09
1     1545.710780    0.000115  0.000028  ...  0.000012  7.611468e+06  1.735855e+09
2     1545.707624    0.000112  0.000034  ...  0.000012  7.555769e+06  1.735855e+09
3     1545.710756    0.000117  0.000029  ...  0.000012  7.589490e+06  1.735855e+09
4     1545.707638    0.000114  0.000036  ...  0.000012  7.656021e+06  1.735855e+09
...           ...         ...       ...  ...       ...           ...           ...
1587  1545.711935    0.000112  0.000026  ...  0.000012  7.621455e+06  1.735871e+09
1588  1545.708917    0.000115  0.000036  ...  0.000012  7.565417e+06  1.735871e+09
1589  1545.711952    0.000108  0.000025  ...  0.000012  7.558942e+06  1.735871e+09
1590  1545.708848    0.000113  0.000035  ...  0.000012  7.561417e+06  1.735871e+09
1591  1545.711994    0.000114  0.000027  ...  0.000012  7.613639e+06  1.735871e+09

[1592 rows x 13 columns]
CHANNEL_3_4
           cbragg  cbragg_err   credchi  ...  cdelta_n            cL     timestamp
0     1546.679772    0.000097  0.000018  ...  0.000012  7.798297e+06  1.735855e+09
1     1546.686948    0.000097  0.000027  ...  0.000012  7.752021e+06  1.735855e+09
2     1546.679680    0.000098  0.000018  ...  0.000012  7.796335e+06  1.735855e+09
3     1546.687101    0.000097  0.000026  ...  0.000012  7.756464e+06  1.735855e+09
4     1546.679769    0.000134  0.000032  ...  0.000012  7.482604e+06  1.735855e+09
...           ...         ...       ...  ...       ...           ...           ...
1587  1546.688420    0.000098  0.000027  ...  0.000012  7.747505e+06  1.735871e+09
1588  1546.681022    0.000098  0.000018  ...  0.000012  7.736811e+06  1.735871e+09
1589  1546.688378    0.000097  0.000027  ...  0.000012  7.747699e+06  1.735871e+09
1590  1546.681120    0.000097  0.000017  ...  0.000012  7.796533e+06  1.735871e+09
1591  1546.688344    0.000098  0.000027  ...  0.000012  7.746426e+06  1.735871e+09

[1592 rows x 13 columns]
CHANNEL_3_5
           cbragg  cbragg_err   credchi  ...  cdelta_n            cL     timestamp
0     1547.698736    0.000078  0.000015  ...  0.000012  7.596934e+06  1.735855e+09
1     1547.706848    0.000079  0.000014  ...  0.000012  7.617675e+06  1.735855e+09
2     1547.698804    0.000078  0.000015  ...  0.000012  7.599860e+06  1.735855e+09
3     1547.706956    0.000079  0.000014  ...  0.000012  7.635958e+06  1.735855e+09
4     1547.698753    0.000079  0.000015  ...  0.000012  7.599446e+06  1.735855e+09
...           ...         ...       ...  ...       ...           ...           ...
1587  1547.708289    0.000077  0.000014  ...  0.000012  7.632729e+06  1.735871e+09
1588  1547.700081    0.000078  0.000014  ...  0.000012  7.593403e+06  1.735871e+09
1589  1547.708178    0.000078  0.000014  ...  0.000012  7.628059e+06  1.735871e+09
1590  1547.700175    0.000076  0.000014  ...  0.000012  7.595917e+06  1.735871e+09
1591  1547.708257    0.000077  0.000013  ...  0.000012  7.616065e+06  1.735871e+09

[1592 rows x 13 columns]
CHANNEL_3_6
           cbragg  cbragg_err   credchi  ...  cdelta_n            cL     timestamp
0     1548.687735    0.000084  0.000016  ...  0.000012  7.742998e+06  1.735855e+09
1     1548.690914    0.000082  0.000017  ...  0.000012  7.747052e+06  1.735855e+09
2     1548.687790    0.000083  0.000016  ...  0.000012  7.743476e+06  1.735855e+09
3     1548.690984    0.000082  0.000017  ...  0.000012  7.750702e+06  1.735855e+09
4     1548.687801    0.000153  0.000057  ...  0.000012  8.079418e+06  1.735855e+09
...           ...         ...       ...  ...       ...           ...           ...
1587  1548.692418    0.000080  0.000016  ...  0.000012  7.773291e+06  1.735871e+09
1588  1548.689190    0.000082  0.000016  ...  0.000012  7.735929e+06  1.735871e+09
1589  1548.692351    0.000080  0.000016  ...  0.000012  7.720054e+06  1.735871e+09
1590  1548.689146    0.000083  0.000016  ...  0.000012  7.751187e+06  1.735871e+09
1591  1548.692323    0.000081  0.000016  ...  0.000012  7.723364e+06  1.735871e+09

[1592 rows x 13 columns]
CHANNEL_3_7
           cbragg  cbragg_err   credchi  ...  cdelta_n            cL     timestamp
0     1549.702442    0.000085  0.000014  ...  0.000012  7.640068e+06  1.735855e+09
1     1549.713794    0.000087  0.000021  ...  0.000012  7.605463e+06  1.735855e+09
2     1549.702312    0.000084  0.000014  ...  0.000012  7.642924e+06  1.735855e+09
3     1549.713734    0.000087  0.000021  ...  0.000012  7.604080e+06  1.735855e+09
4     1549.702392    0.000084  0.000014  ...  0.000012  7.596423e+06  1.735855e+09
...           ...         ...       ...  ...       ...           ...           ...
1587  1549.715149    0.000087  0.000021  ...  0.000012  7.603837e+06  1.735871e+09
1588  1549.703648    0.000086  0.000014  ...  0.000012  7.643389e+06  1.735871e+09
1589  1549.715105    0.000087  0.000021  ...  0.000012  7.611209e+06  1.735871e+09
1590  1549.703669    0.000084  0.000013  ...  0.000012  7.637625e+06  1.735871e+09
1591  1549.715072    0.000087  0.000021  ...  0.000012  7.601209e+06  1.735871e+09

[1592 rows x 13 columns]
CHANNEL_3_8
           cbragg  cbragg_err   credchi  ...  cdelta_n            cL     timestamp
0     1550.664453    0.000089  0.000016  ...  0.000012  7.627258e+06  1.735855e+09
1     1550.662746    0.000095  0.000015  ...  0.000012  7.653687e+06  1.735855e+09
2     1550.664375    0.000089  0.000017  ...  0.000012  7.624974e+06  1.735855e+09
3     1550.662683    0.000096  0.000015  ...  0.000012  7.653983e+06  1.735855e+09
4     1550.664419    0.000088  0.000016  ...  0.000012  7.633982e+06  1.735855e+09
...           ...         ...       ...  ...       ...           ...           ...
1587  1550.663838    0.000173  0.000044  ...  0.000012  7.205475e+06  1.735871e+09
1588  1550.665460    0.000089  0.000016  ...  0.000012  7.634482e+06  1.735871e+09
1589  1550.663862    0.000093  0.000014  ...  0.000012  7.648663e+06  1.735871e+09
1590  1550.665511    0.000088  0.000016  ...  0.000012  7.640066e+06  1.735871e+09
1591  1550.663840    0.000093  0.000014  ...  0.000012  7.612332e+06  1.735871e+09

[1592 rows x 13 columns]
CHANNEL_3_9
           cbragg  cbragg_err   credchi  ...  cdelta_n            cL     timestamp
0     1551.654535    0.000090  0.000011  ...  0.000012  7.752911e+06  1.735855e+09
1     1551.664536    0.000091  0.000019  ...  0.000012  7.700380e+06  1.735855e+09
2     1551.654532    0.000090  0.000011  ...  0.000012  7.778660e+06  1.735855e+09
3     1551.664585    0.000090  0.000019  ...  0.000012  7.699808e+06  1.735855e+09
4     1551.654676    0.000092  0.000011  ...  0.000012  7.772258e+06  1.735855e+09
...           ...         ...       ...  ...       ...           ...           ...
1587  1551.665783    0.000091  0.000019  ...  0.000012  7.695672e+06  1.735871e+09
1588  1551.655631    0.000094  0.000011  ...  0.000012  7.753041e+06  1.735871e+09
1589  1551.665874    0.000090  0.000018  ...  0.000012  7.648225e+06  1.735871e+09
1590  1551.655736    0.000087  0.000010  ...  0.000012  7.773266e+06  1.735871e+09
1591  1551.665876    0.000090  0.000019  ...  0.000012  7.693461e+06  1.735871e+09

[1592 rows x 13 columns]
CHANNEL_3_10
           cbragg  cbragg_err   credchi  ...  cdelta_n            cL     timestamp
0     1552.668683    0.000102  0.000021  ...  0.000012  7.718093e+06  1.735855e+09
1     1552.665530    0.000113  0.000014  ...  0.000012  7.758600e+06  1.735855e+09
2     1552.668768    0.000102  0.000021  ...  0.000012  7.703455e+06  1.735855e+09
3     1552.665582    0.000112  0.000014  ...  0.000012  7.757624e+06  1.735855e+09
4     1552.668738    0.000102  0.000021  ...  0.000012  7.716727e+06  1.735855e+09
...           ...         ...       ...  ...       ...           ...           ...
1587  1552.666590    0.000111  0.000014  ...  0.000012  7.788213e+06  1.735871e+09
1588  1552.669793    0.000103  0.000021  ...  0.000012  7.669593e+06  1.735871e+09
1589  1552.666931    0.000114  0.000014  ...  0.000012  7.741351e+06  1.735871e+09
1590  1552.669935    0.000102  0.000021  ...  0.000012  7.708192e+06  1.735871e+09
1591  1552.666826    0.000113  0.000014  ...  0.000012  7.753653e+06  1.735871e+09

[1592 rows x 13 columns]
CHANNEL_3_11
           cbragg  cbragg_err   credchi  ...  cdelta_n            cL     timestamp
0     1553.631605    0.000134  0.000028  ...  0.000012  7.924008e+06  1.735855e+09
1     1553.635789    0.000134  0.000041  ...  0.000012  7.863428e+06  1.735855e+09
2     1553.631689    0.000132  0.000027  ...  0.000012  7.930882e+06  1.735855e+09
3     1553.636012    0.000133  0.000040  ...  0.000012  7.849082e+06  1.735855e+09
4     1553.631687    0.000134  0.000028  ...  0.000012  7.925372e+06  1.735855e+09
...           ...         ...       ...  ...       ...           ...           ...
1587  1553.637059    0.000131  0.000039  ...  0.000012  7.863578e+06  1.735871e+09
1588  1553.632921    0.000132  0.000027  ...  0.000012  7.934495e+06  1.735871e+09
1589  1553.637022    0.000133  0.000040  ...  0.000012  7.852664e+06  1.735871e+09
1590  1553.632874    0.000131  0.000026  ...  0.000012  7.927550e+06  1.735871e+09
1591  1553.637144    0.000131  0.000039  ...  0.000012  7.864912e+06  1.735871e+09

[1592 rows x 13 columns]
CHANNEL_3_12
           cbragg  cbragg_err   credchi  ...  cdelta_n            cL     timestamp
0     1554.611179    0.000098  0.000020  ...  0.000012  7.761973e+06  1.735855e+09
1     1554.610643    0.000106  0.000016  ...  0.000012  7.808746e+06  1.735855e+09
2     1554.611113    0.000098  0.000020  ...  0.000012  7.770640e+06  1.735855e+09
3     1554.610743    0.000227  0.000064  ...  0.000012  7.216554e+06  1.735855e+09
4     1554.611114    0.000099  0.000021  ...  0.000012  7.740618e+06  1.735855e+09
...           ...         ...       ...  ...       ...           ...           ...
1587  1554.611753    0.000104  0.000015  ...  0.000012  7.809824e+06  1.735871e+09
1588  1554.612222    0.000097  0.000020  ...  0.000012  7.771241e+06  1.735871e+09
1589  1554.611699    0.000103  0.000015  ...  0.000012  7.824668e+06  1.735871e+09
1590  1554.612253    0.000096  0.000019  ...  0.000012  7.775957e+06  1.735871e+09
1591  1554.611746    0.000103  0.000015  ...  0.000012  7.823041e+06  1.735871e+09

[1592 rows x 13 columns]
CHANNEL_3_13
           cbragg  cbragg_err   credchi  ...  cdelta_n            cL     timestamp
0     1555.613646    0.000089  0.000010  ...  0.000012  7.626639e+06  1.735855e+09
1     1555.621666    0.000089  0.000017  ...  0.000012  7.571075e+06  1.735855e+09
2     1555.613529    0.000090  0.000010  ...  0.000012  7.634968e+06  1.735855e+09
3     1555.621535    0.000087  0.000017  ...  0.000012  7.577115e+06  1.735855e+09
4     1555.613558    0.000091  0.000010  ...  0.000012  7.567963e+06  1.735855e+09
...           ...         ...       ...  ...       ...           ...           ...
1587  1555.622780    0.000089  0.000017  ...  0.000012  7.561767e+06  1.735871e+09
1588  1555.614780    0.000088  0.000010  ...  0.000012  7.636265e+06  1.735871e+09
1589  1555.622877    0.000089  0.000017  ...  0.000012  7.560253e+06  1.735871e+09
1590  1555.614792    0.000086  0.000009  ...  0.000012  7.643797e+06  1.735871e+09
1591  1555.622925    0.000089  0.000017  ...  0.000012  7.556544e+06  1.735871e+09

[1592 rows x 13 columns]
CHANNEL_3_14
           cbragg  cbragg_err   credchi  ...  cdelta_n            cL     timestamp
0     1556.574128    0.000190  0.000081  ...  0.000012  7.682371e+06  1.735855e+09
1     1556.571313    0.000188  0.000050  ...  0.000012  7.733713e+06  1.735855e+09
2     1556.574077    0.000187  0.000078  ...  0.000012  7.688040e+06  1.735855e+09
3     1556.571233    0.000188  0.000049  ...  0.000012  7.750964e+06  1.735855e+09
4     1556.573977    0.000193  0.000083  ...  0.000012  7.690461e+06  1.735855e+09
...           ...         ...       ...  ...       ...           ...           ...
1587  1556.572384    0.000189  0.000049  ...  0.000012  7.743253e+06  1.735871e+09
1588  1556.575119    0.000189  0.000080  ...  0.000012  7.690044e+06  1.735871e+09
1589  1556.572436    0.000189  0.000049  ...  0.000012  7.742883e+06  1.735871e+09
1590  1556.575100    0.000187  0.000078  ...  0.000012  7.674492e+06  1.735871e+09
1591  1556.572383    0.000189  0.000050  ...  0.000012  7.747870e+06  1.735871e+09

[1592 rows x 13 columns]
