CHANNEL_0_1
           cbragg  cbragg_err   credchi  ...  cdelta_n            cL     timestamp
0     1545.025842    0.000096  0.000312  ...  0.000012  7.723519e+06  1.733786e+09
1     1545.011893    0.000091  0.000200  ...  0.000012  7.780264e+06  1.733786e+09
2     1545.025481    0.000099  0.000323  ...  0.000012  7.717369e+06  1.733786e+09
3     1545.011723    0.000091  0.000202  ...  0.000012  7.773087e+06  1.733786e+09
4     1545.025601    0.000096  0.000314  ...  0.000012  7.715671e+06  1.733786e+09
...           ...         ...       ...  ...       ...           ...           ...
1587  1545.005529    0.000089  0.000190  ...  0.000012  7.802702e+06  1.733802e+09
1588  1545.019700    0.000098  0.000324  ...  0.000012  7.722553e+06  1.733802e+09
1589  1545.005532    0.000114  0.000203  ...  0.000012  7.783221e+06  1.733802e+09
1590  1545.019567    0.000108  0.000315  ...  0.000012  7.727329e+06  1.733802e+09
1591  1545.004269    0.000734  0.018366  ...  0.000012  1.086792e+07  1.733802e+09

[1592 rows x 13 columns]
CHANNEL_0_2
           cbragg  cbragg_err   credchi  ...  cdelta_n            cL     timestamp
0     1545.946366    0.000327  0.001553  ...  0.000012  7.041571e+06  1.733786e+09
1     1545.939055    0.000236  0.000680  ...  0.000012  7.137477e+06  1.733786e+09
2     1545.946377    0.000083  0.000103  ...  0.000012  7.673393e+06  1.733786e+09
3     1545.938816    0.000079  0.000080  ...  0.000012  7.704407e+06  1.733786e+09
4     1545.945797    0.000081  0.000098  ...  0.000012  7.682216e+06  1.733786e+09
...           ...         ...       ...  ...       ...           ...           ...
1587  1545.931559    0.000289  0.001202  ...  0.000012  8.532341e+06  1.733802e+09
1588  1545.940232    0.000218  0.000697  ...  0.000012  8.114981e+06  1.733802e+09
1589  1545.932839    0.000078  0.000079  ...  0.000012  7.726199e+06  1.733802e+09
1590  1545.940634    0.000086  0.000109  ...  0.000012  7.767555e+06  1.733802e+09
1591  1545.932953    0.000251  0.000912  ...  0.000012  8.450250e+06  1.733802e+09

[1592 rows x 13 columns]
CHANNEL_0_3
           cbragg  cbragg_err   credchi  ...  cdelta_n            cL     timestamp
0     1546.894287    0.000126  0.000388  ...  0.000012  7.781956e+06  1.733786e+09
1     1546.882168    0.000110  0.000248  ...  0.000012  7.803086e+06  1.733786e+09
2     1546.894440    0.000097  0.000237  ...  0.000012  7.667178e+06  1.733786e+09
3     1546.882341    0.000096  0.000193  ...  0.000012  7.716056e+06  1.733786e+09
4     1546.894406    0.000120  0.000366  ...  0.000012  7.844861e+06  1.733786e+09
...           ...         ...       ...  ...       ...           ...           ...
1587  1546.876554    0.000144  0.000434  ...  0.000012  8.006319e+06  1.733802e+09
1588  1546.887900    0.000098  0.000249  ...  0.000012  7.713885e+06  1.733802e+09
1589  1546.875504    0.000094  0.000176  ...  0.000012  7.704530e+06  1.733802e+09
1590  1546.887342    0.000106  0.000290  ...  0.000012  7.768192e+06  1.733802e+09
1591  1546.874706    0.000097  0.000189  ...  0.000012  7.728914e+06  1.733802e+09

[1592 rows x 13 columns]
CHANNEL_0_4
           cbragg  cbragg_err   credchi  ...  cdelta_n            cL     timestamp
0     1547.860567    0.000126  0.000455  ...  0.000012  7.986023e+06  1.733786e+09
1     1547.849497    0.000120  0.000263  ...  0.000012  8.167450e+06  1.733786e+09
2     1547.860187    0.000102  0.000305  ...  0.000012  7.921326e+06  1.733786e+09
3     1547.849126    0.000142  0.000361  ...  0.000012  8.221886e+06  1.733786e+09
4     1547.860332    0.000254  0.002065  ...  0.000012  8.627617e+06  1.733786e+09
...           ...         ...       ...  ...       ...           ...           ...
1587  1547.843145    0.000100  0.000179  ...  0.000012  7.962848e+06  1.733802e+09
1588  1547.853640    0.000107  0.000338  ...  0.000012  8.061480e+06  1.733802e+09
1589  1547.843011    0.000228  0.000893  ...  0.000012  7.420115e+06  1.733802e+09
1590  1547.853632    0.000245  0.001612  ...  0.000012  7.334599e+06  1.733802e+09
1591  1547.842650    0.000098  0.000173  ...  0.000012  7.939484e+06  1.733802e+09

[1592 rows x 13 columns]
CHANNEL_0_5
           cbragg  cbragg_err   credchi  ...  cdelta_n            cL     timestamp
0     1548.803889    0.000090  0.000213  ...  0.000012  7.754923e+06  1.733786e+09
1     1548.798126    0.000081  0.000187  ...  0.000012  7.746323e+06  1.733786e+09
2     1548.804023    0.000083  0.000184  ...  0.000012  7.768694e+06  1.733786e+09
3     1548.798358    0.000190  0.000947  ...  0.000012  7.248265e+06  1.733786e+09
4     1548.803981    0.000080  0.000172  ...  0.000012  7.780042e+06  1.733786e+09
...           ...         ...       ...  ...       ...           ...           ...
1587  1548.789514    0.000109  0.000336  ...  0.000012  7.876180e+06  1.733802e+09
1588  1548.795710    0.000079  0.000166  ...  0.000012  7.692262e+06  1.733802e+09
1589  1548.789675    0.000116  0.000365  ...  0.000012  7.775232e+06  1.733802e+09
1590  1548.795661    0.000093  0.000223  ...  0.000012  7.531398e+06  1.733802e+09
1591  1548.789675    0.000186  0.000928  ...  0.000012  7.898882e+06  1.733802e+09

[1592 rows x 13 columns]
CHANNEL_0_6
           cbragg  cbragg_err   credchi  ...  cdelta_n            cL     timestamp
0     1549.772345    0.000114  0.000407  ...  0.000012  7.760766e+06  1.733786e+09
1     1549.762214    0.000083  0.000206  ...  0.000012  7.616420e+06  1.733786e+09
2     1549.772565    0.000111  0.000353  ...  0.000012  7.259821e+06  1.733786e+09
3     1549.762476    0.000110  0.000366  ...  0.000012  7.724548e+06  1.733786e+09
4     1549.772485    0.000070  0.000151  ...  0.000012  7.519659e+06  1.733786e+09
...           ...         ...       ...  ...       ...           ...           ...
1587  1549.752495    0.000075  0.000160  ...  0.000012  7.523181e+06  1.733802e+09
1588  1549.763721    0.000076  0.000186  ...  0.000012  7.595932e+06  1.733802e+09
1589  1549.752342    0.000262  0.002150  ...  0.000012  8.252738e+06  1.733802e+09
1590  1549.764089    0.000120  0.000479  ...  0.000012  7.792058e+06  1.733802e+09
1591  1549.752225    0.000085  0.000203  ...  0.000012  7.534477e+06  1.733802e+09

[1592 rows x 13 columns]
CHANNEL_0_7
           cbragg  cbragg_err   credchi  ...  cdelta_n            cL     timestamp
0     1550.755659    0.000107  0.000298  ...  0.000012  7.753113e+06  1.733786e+09
1     1550.744623    0.000103  0.000151  ...  0.000012  7.787816e+06  1.733786e+09
2     1550.755724    0.000286  0.002327  ...  0.000012  8.512218e+06  1.733786e+09
3     1550.744577    0.000103  0.000150  ...  0.000012  7.780538e+06  1.733786e+09
4     1550.755675    0.000130  0.000456  ...  0.000012  7.949781e+06  1.733786e+09
...           ...         ...       ...  ...       ...           ...           ...
1587  1550.731227    0.000160  0.000357  ...  0.000012  7.952657e+06  1.733802e+09
1588  1550.742154    0.000136  0.000457  ...  0.000012  7.782871e+06  1.733802e+09
1589  1550.731451    0.000105  0.000154  ...  0.000012  7.761173e+06  1.733802e+09
1590  1550.742118    0.000106  0.000287  ...  0.000012  7.706341e+06  1.733802e+09
1591  1550.731254    0.000255  0.000834  ...  0.000012  7.119472e+06  1.733802e+09

[1592 rows x 13 columns]
CHANNEL_0_8
           cbragg  cbragg_err   credchi  ...  cdelta_n            cL     timestamp
0     1551.705558    0.000144  0.000503  ...  0.000012  7.939555e+06  1.733786e+09
1     1551.695977    0.000064  0.000063  ...  0.000012  7.654156e+06  1.733786e+09
2     1551.705670    0.000071  0.000115  ...  0.000012  7.619610e+06  1.733786e+09
3     1551.696336    0.000064  0.000065  ...  0.000012  7.658341e+06  1.733786e+09
4     1551.705712    0.000068  0.000107  ...  0.000012  7.592220e+06  1.733786e+09
...           ...         ...       ...  ...       ...           ...           ...
1587  1551.678849    0.000066  0.000070  ...  0.000012  7.641194e+06  1.733802e+09
1588  1551.688219    0.000082  0.000153  ...  0.000012  7.734136e+06  1.733802e+09
1589  1551.678936    0.000066  0.000070  ...  0.000012  7.656824e+06  1.733802e+09
1590  1551.687997    0.000073  0.000109  ...  0.000012  7.611536e+06  1.733802e+09
1591  1551.678411    0.000067  0.000070  ...  0.000012  7.639449e+06  1.733802e+09

[1592 rows x 13 columns]
CHANNEL_0_9
           cbragg  cbragg_err   credchi  ...  cdelta_n            cL     timestamp
0     1552.662097    0.000086  0.000113  ...  0.000012  7.673098e+06  1.733786e+09
1     1552.656351    0.000083  0.000113  ...  0.000012  7.645423e+06  1.733786e+09
2     1552.663266    0.000096  0.000147  ...  0.000012  7.800635e+06  1.733786e+09
3     1552.657232    0.000088  0.000126  ...  0.000012  7.658841e+06  1.733786e+09
4     1552.662127    0.000086  0.000116  ...  0.000012  7.671086e+06  1.733786e+09
...           ...         ...       ...  ...       ...           ...           ...
1587  1552.609870    0.000090  0.000135  ...  0.000012  7.712664e+06  1.733802e+09
1588  1552.616557    0.000205  0.000614  ...  0.000012  7.199745e+06  1.733802e+09
1589  1552.610608    0.000255  0.000994  ...  0.000012  7.057852e+06  1.733802e+09
1590  1552.615229    0.000088  0.000120  ...  0.000012  7.705821e+06  1.733802e+09
1591  1552.608850    0.000085  0.000120  ...  0.000012  7.688221e+06  1.733802e+09

[1592 rows x 13 columns]
CHANNEL_0_10
           cbragg  cbragg_err   credchi  ...  cdelta_n            cL     timestamp
0     1553.588039    0.000176  0.000534  ...  0.000012  8.185272e+06  1.733786e+09
1     1553.576854    0.000227  0.000549  ...  0.000012  7.149013e+06  1.733786e+09
2     1553.590817    0.000130  0.000274  ...  0.000012  7.889978e+06  1.733786e+09
3     1553.580405    0.000086  0.000089  ...  0.000012  7.790940e+06  1.733786e+09
4     1553.589026    0.000133  0.000307  ...  0.000012  8.074825e+06  1.733786e+09
...           ...         ...       ...  ...       ...           ...           ...
1587  1553.340906    0.000095  0.000101  ...  0.000012  8.003257e+06  1.733802e+09
1588  1553.353156    0.000084  0.000120  ...  0.000012  7.788181e+06  1.733802e+09
1589  1553.340395    0.000079  0.000067  ...  0.000012  7.794004e+06  1.733802e+09
1590  1553.356787    0.000079  0.000106  ...  0.000012  7.743358e+06  1.733802e+09
1591  1553.344512    0.000077  0.000063  ...  0.000012  7.813982e+06  1.733802e+09

[1592 rows x 13 columns]
CHANNEL_0_11
           cbragg  cbragg_err   credchi  ...  cdelta_n            cL     timestamp
0     1554.053883    0.000074  0.000074  ...  0.000012  7.648263e+06  1.733786e+09
1     1554.049999    0.000076  0.000063  ...  0.000012  7.673320e+06  1.733786e+09
2     1554.053755    0.000077  0.000079  ...  0.000012  7.582802e+06  1.733786e+09
3     1554.050214    0.000075  0.000061  ...  0.000012  7.663028e+06  1.733786e+09
4     1554.054109    0.000076  0.000076  ...  0.000012  7.619177e+06  1.733786e+09
...           ...         ...       ...  ...       ...           ...           ...
1587  1554.062959    0.000077  0.000069  ...  0.000012  7.657559e+06  1.733802e+09
1588  1554.067467    0.000070  0.000062  ...  0.000012  7.667834e+06  1.733802e+09
1589  1554.063160    0.000071  0.000059  ...  0.000012  7.644475e+06  1.733802e+09
1590  1554.067238    0.000143  0.000253  ...  0.000012  7.875464e+06  1.733802e+09
1591  1554.062864    0.000078  0.000072  ...  0.000012  7.714868e+06  1.733802e+09

[1592 rows x 13 columns]
CHANNEL_0_12
           cbragg  cbragg_err   credchi  ...  cdelta_n            cL     timestamp
0     1555.080624    0.000123  0.000342  ...  0.000012  7.679564e+06  1.733786e+09
1     1555.072503    0.000121  0.000274  ...  0.000012  7.468722e+06  1.733786e+09
2     1555.081029    0.000207  0.000979  ...  0.000012  7.958826e+06  1.733786e+09
3     1555.071581    0.000176  0.000611  ...  0.000012  7.886686e+06  1.733786e+09
4     1555.080588    0.000119  0.000309  ...  0.000012  7.493342e+06  1.733786e+09
...           ...         ...       ...  ...       ...           ...           ...
1587  1555.083708    0.000118  0.000236  ...  0.000012  7.585279e+06  1.733802e+09
1588  1555.094299    0.000247  0.001650  ...  0.000012  8.250472e+06  1.733802e+09
1589  1555.083765    0.000110  0.000206  ...  0.000012  7.512627e+06  1.733802e+09
1590  1555.094230    0.000124  0.000375  ...  0.000012  7.714820e+06  1.733802e+09
1591  1555.083607    0.000116  0.000227  ...  0.000012  7.561043e+06  1.733802e+09

[1592 rows x 13 columns]
CHANNEL_0_13
           cbragg  cbragg_err   credchi  ...  cdelta_n            cL     timestamp
0     1556.056553    0.000128  0.000242  ...  0.000012  7.684923e+06  1.733786e+09
1     1556.048924    0.000133  0.000158  ...  0.000012  7.705140e+06  1.733786e+09
2     1556.056246    0.000131  0.000254  ...  0.000012  7.661375e+06  1.733786e+09
3     1556.048555    0.000134  0.000159  ...  0.000012  7.695370e+06  1.733786e+09
4     1556.056188    0.000129  0.000246  ...  0.000012  7.698666e+06  1.733786e+09
...           ...         ...       ...  ...       ...           ...           ...
1587  1556.062645    0.000133  0.000181  ...  0.000012  7.669921e+06  1.733802e+09
1588  1556.068328    0.000130  0.000217  ...  0.000012  7.669499e+06  1.733802e+09
1589  1556.062737    0.000130  0.000172  ...  0.000012  7.685330e+06  1.733802e+09
1590  1556.068113    0.000131  0.000222  ...  0.000012  7.672230e+06  1.733802e+09
1591  1556.062493    0.000147  0.000216  ...  0.000012  7.465971e+06  1.733802e+09

[1592 rows x 13 columns]
CHANNEL_0_14
           cbragg  cbragg_err   credchi  ...  cdelta_n            cL     timestamp
0     1557.024499    0.000216  0.000768  ...  0.000012  7.428144e+06  1.733786e+09
1     1557.022539    0.000202  0.000890  ...  0.000012  7.222532e+06  1.733786e+09
2     1557.024383    0.000094  0.000138  ...  0.000012  7.663071e+06  1.733786e+09
3     1557.022390    0.000100  0.000232  ...  0.000012  7.757029e+06  1.733786e+09
4     1557.024365    0.000237  0.000978  ...  0.000012  8.388375e+06  1.733786e+09
...           ...         ...       ...  ...       ...           ...           ...
1587  1557.033753    0.000110  0.000252  ...  0.000012  7.685585e+06  1.733802e+09
1588  1557.038537    0.000094  0.000145  ...  0.000012  7.678489e+06  1.733802e+09
1589  1557.034130    0.000112  0.000266  ...  0.000012  7.750228e+06  1.733802e+09
1590  1557.038445    0.000113  0.000213  ...  0.000012  7.840375e+06  1.733802e+09
1591  1557.033663    0.000095  0.000191  ...  0.000012  7.638429e+06  1.733802e+09

[1592 rows x 13 columns]
CHANNEL_1_1
           cbragg  cbragg_err   credchi  ...  cdelta_n            cL     timestamp
0     1557.164763    0.000097  0.000054  ...  0.000012  2.684836e+06  1.733786e+09
1     1557.161538    0.000843  0.002355  ...  0.000012  2.297315e+06  1.733786e+09
2     1557.166111    0.000095  0.000051  ...  0.000012  2.686715e+06  1.733786e+09
3     1557.163305    0.000684  0.001688  ...  0.000012  2.360779e+06  1.733786e+09
4     1557.161399    0.000203  0.000209  ...  0.000012  2.590877e+06  1.733786e+09
...           ...         ...       ...  ...       ...           ...           ...
1587  1557.111238    0.000778  0.002129  ...  0.000012  2.313075e+06  1.733802e+09
1588  1557.116756    0.000360  0.000629  ...  0.000012  2.535992e+06  1.733802e+09
1589  1557.113412    0.000273  0.000369  ...  0.000012  2.550449e+06  1.733802e+09
1590  1557.115617    0.000094  0.000050  ...  0.000012  2.682943e+06  1.733802e+09
1591  1557.112212    0.000958  0.003062  ...  0.000012  2.262652e+06  1.733802e+09

[1592 rows x 13 columns]
CHANNEL_1_2
           cbragg  cbragg_err   credchi  ...  cdelta_n            cL     timestamp
0     1559.924584    0.002701  0.178297  ...  0.000012  5.205562e+06  1.733786e+09
1     1559.929992    0.002684  0.232542  ...  0.000012  5.832263e+06  1.733786e+09
2     1559.927267    0.002191  0.110880  ...  0.000012  4.638523e+06  1.733786e+09
3     1559.933390    0.001873  0.076651  ...  0.000012  4.271146e+06  1.733786e+09
4     1559.915401    0.003089  0.183560  ...  0.000012  4.927884e+06  1.733786e+09
...           ...         ...       ...  ...       ...           ...           ...
1587  1559.877319    0.001966  0.084463  ...  0.000012  4.348798e+06  1.733802e+09
1588  1559.874697    0.002368  0.120034  ...  0.000012  4.652216e+06  1.733802e+09
1589  1559.877411    0.001781  0.060008  ...  0.000012  4.043998e+06  1.733802e+09
1590  1559.874813    0.002830  0.215457  ...  0.000012  5.624446e+06  1.733802e+09
1591  1559.876487    0.002636  0.201868  ...  0.000012  5.491678e+06  1.733802e+09

[1592 rows x 13 columns]
CHANNEL_1_3
           cbragg  cbragg_err   credchi  ...  cdelta_n            cL     timestamp
0     1561.547067    0.000032  0.000010  ...  0.000012  2.918164e+06  1.733786e+09
1     1561.544416    0.001460  0.008725  ...  0.000012  2.280799e+06  1.733786e+09
2     1561.556770    0.001831  0.011622  ...  0.000012  2.166589e+06  1.733786e+09
3     1561.551076    0.000376  0.001054  ...  0.000012  2.708134e+06  1.733786e+09
4     1561.546995    0.000333  0.000856  ...  0.000012  2.734351e+06  1.733786e+09
...           ...         ...       ...  ...       ...           ...           ...
1587  1561.125647    0.000531  0.002154  ...  0.000012  2.694397e+06  1.733802e+09
1588  1561.129968    0.000042  0.000016  ...  0.000012  2.928964e+06  1.733802e+09
1589  1561.125528    0.000040  0.000014  ...  0.000012  2.910320e+06  1.733802e+09
1590  1561.130292    0.000044  0.000017  ...  0.000012  2.932642e+06  1.733802e+09
1591  1561.125365    0.000660  0.002729  ...  0.000012  2.577921e+06  1.733802e+09

[1592 rows x 13 columns]
CHANNEL_2_1
           cbragg  cbragg_err   credchi  ...  cdelta_n            cL     timestamp
0     1544.591650    0.000063  0.000005  ...  0.000012  2.774234e+06  1.733786e+09
1     1544.588032    0.000058  0.000004  ...  0.000012  2.779194e+06  1.733786e+09
2     1544.590722    0.000061  0.000004  ...  0.000012  2.775626e+06  1.733786e+09
3     1544.586884    0.000065  0.000004  ...  0.000012  2.779572e+06  1.733786e+09
4     1544.588967    0.000061  0.000004  ...  0.000012  2.774053e+06  1.733786e+09
...           ...         ...       ...  ...       ...           ...           ...
1587  1544.541108    0.000045  0.000002  ...  0.000012  2.786698e+06  1.733802e+09
1588  1544.544625    0.000050  0.000002  ...  0.000012  2.781144e+06  1.733802e+09
1589  1544.540509    0.000043  0.000002  ...  0.000012  2.786354e+06  1.733802e+09
1590  1544.543064    0.000047  0.000002  ...  0.000012  2.782367e+06  1.733802e+09
1591  1544.539536    0.000044  0.000002  ...  0.000012  2.786218e+06  1.733802e+09

[1592 rows x 13 columns]
CHANNEL_2_2
           cbragg  cbragg_err   credchi  ...  cdelta_n            cL     timestamp
0     1547.632732    0.000603  0.000457  ...  0.000012  3.077491e+06  1.733786e+09
1     1547.636758    0.000108  0.000011  ...  0.000012  2.707014e+06  1.733786e+09
2     1547.632702    0.000641  0.000538  ...  0.000012  3.116231e+06  1.733786e+09
3     1547.636850    0.000116  0.000013  ...  0.000012  2.678646e+06  1.733786e+09
4     1547.632439    0.000836  0.001003  ...  0.000012  3.244553e+06  1.733786e+09
...           ...         ...       ...  ...       ...           ...           ...
1587  1547.582080    0.000815  0.000450  ...  0.000012  2.359161e+06  1.733802e+09
1588  1547.578635    0.000179  0.000026  ...  0.000012  2.621751e+06  1.733802e+09
1589  1547.581765    0.001152  0.002750  ...  0.000012  3.552559e+06  1.733802e+09
1590  1547.578790    0.000118  0.000013  ...  0.000012  2.727000e+06  1.733802e+09
1591  1547.581802    0.000834  0.001205  ...  0.000012  3.279354e+06  1.733802e+09

[1592 rows x 13 columns]
CHANNEL_2_3
           cbragg  cbragg_err   credchi  ...  cdelta_n            cL     timestamp
0     1548.965864    0.000123  0.000016  ...  0.000012  2.868745e+06  1.733786e+09
1     1548.962830    0.000105  0.000013  ...  0.000012  2.915230e+06  1.733786e+09
2     1548.978887    0.000320  0.000131  ...  0.000012  3.077201e+06  1.733786e+09
3     1548.976265    0.000196  0.000051  ...  0.000012  3.012624e+06  1.733786e+09
4     1548.965308    0.000105  0.000012  ...  0.000012  2.881077e+06  1.733786e+09
...           ...         ...       ...  ...       ...           ...           ...
1587  1548.637991    0.000088  0.000009  ...  0.000012  2.909393e+06  1.733802e+09
1588  1548.639702    0.000223  0.000062  ...  0.000012  3.042789e+06  1.733802e+09
1589  1548.637816    0.000097  0.000011  ...  0.000012  2.891774e+06  1.733802e+09
1590  1548.640182    0.000426  0.000242  ...  0.000012  3.163449e+06  1.733802e+09
1591  1548.637565    0.000096  0.000011  ...  0.000012  2.879179e+06  1.733802e+09

[1592 rows x 13 columns]
CHANNEL_3_1
           cbragg  cbragg_err   credchi  ...  cdelta_n            cL     timestamp
0     1544.551726    0.000267  0.000026  ...  0.000012  7.781412e+06  1.733786e+09
1     1544.550693    0.000148  0.000027  ...  0.000012  7.772083e+06  1.733786e+09
2     1544.551345    0.000134  0.000026  ...  0.000012  7.782791e+06  1.733786e+09
3     1544.550342    0.000113  0.000026  ...  0.000012  7.776589e+06  1.733786e+09
4     1544.551367    0.000119  0.000026  ...  0.000012  7.783985e+06  1.733786e+09
...           ...         ...       ...  ...       ...           ...           ...
1587  1544.579307    0.000120  0.000025  ...  0.000012  7.755733e+06  1.733802e+09
1588  1544.579057    0.000112  0.000026  ...  0.000012  7.761904e+06  1.733802e+09
1589  1544.579229    0.000437  0.000026  ...  0.000012  7.749150e+06  1.733802e+09
1590  1544.578740    0.000124  0.000025  ...  0.000012  7.763522e+06  1.733802e+09
1591  1544.578823    0.000114  0.000026  ...  0.000012  7.753486e+06  1.733802e+09

[1592 rows x 13 columns]
CHANNEL_3_2
           cbragg  cbragg_err   credchi  ...  cdelta_n            cL     timestamp
0     1545.548770    0.000113  0.000038  ...  0.000012  7.823546e+06  1.733786e+09
1     1545.540539    0.000110  0.000035  ...  0.000012  7.838114e+06  1.733786e+09
2     1545.548650    0.000115  0.000039  ...  0.000012  7.821953e+06  1.733786e+09
3     1545.540408    0.000110  0.000035  ...  0.000012  7.831257e+06  1.733786e+09
4     1545.547968    0.000114  0.000039  ...  0.000012  7.826270e+06  1.733786e+09
...           ...         ...       ...  ...       ...           ...           ...
1587  1545.567549    0.000109  0.000034  ...  0.000012  7.835824e+06  1.733802e+09
1588  1545.575824    0.000112  0.000037  ...  0.000012  7.825268e+06  1.733802e+09
1589  1545.568635    0.000110  0.000035  ...  0.000012  7.833029e+06  1.733802e+09
1590  1545.576403    0.000113  0.000038  ...  0.000012  7.813125e+06  1.733802e+09
1591  1545.569157    0.000112  0.000036  ...  0.000012  7.832354e+06  1.733802e+09

[1592 rows x 13 columns]
CHANNEL_3_3
           cbragg  cbragg_err   credchi  ...  cdelta_n            cL     timestamp
0     1546.501778    0.000110  0.000037  ...  0.000012  7.566474e+06  1.733786e+09
1     1546.499975    0.000109  0.000032  ...  0.000012  7.562172e+06  1.733786e+09
2     1546.501847    0.000111  0.000039  ...  0.000012  7.555290e+06  1.733786e+09
3     1546.500093    0.000109  0.000032  ...  0.000012  7.578350e+06  1.733786e+09
4     1546.501939    0.000109  0.000037  ...  0.000012  7.554250e+06  1.733786e+09
...           ...         ...       ...  ...       ...           ...           ...
1587  1546.528562    0.000109  0.000032  ...  0.000012  7.566980e+06  1.733802e+09
1588  1546.528411    0.000109  0.000036  ...  0.000012  7.538978e+06  1.733802e+09
1589  1546.528381    0.000109  0.000032  ...  0.000012  7.573279e+06  1.733802e+09
1590  1546.527849    0.000107  0.000035  ...  0.000012  7.564279e+06  1.733802e+09
1591  1546.527725    0.000107  0.000031  ...  0.000012  7.566851e+06  1.733802e+09

[1592 rows x 13 columns]
CHANNEL_3_4
           cbragg  cbragg_err   credchi  ...  cdelta_n            cL     timestamp
0     1547.450461    0.000104  0.000028  ...  0.000012  7.724103e+06  1.733786e+09
1     1547.444523    0.000101  0.000030  ...  0.000012  7.713831e+06  1.733786e+09
2     1547.450160    0.000110  0.000030  ...  0.000012  7.576733e+06  1.733786e+09
3     1547.444132    0.000105  0.000033  ...  0.000012  7.806786e+06  1.733786e+09
4     1547.450519    0.000104  0.000028  ...  0.000012  7.703751e+06  1.733786e+09
...           ...         ...       ...  ...       ...           ...           ...
1587  1547.472508    0.000099  0.000029  ...  0.000012  7.713528e+06  1.733802e+09
1588  1547.477207    0.000100  0.000025  ...  0.000012  7.741752e+06  1.733802e+09
1589  1547.472357    0.000097  0.000028  ...  0.000012  7.712432e+06  1.733802e+09
1590  1547.476942    0.000100  0.000025  ...  0.000012  7.737073e+06  1.733802e+09
1591  1547.472168    0.000099  0.000028  ...  0.000012  7.699472e+06  1.733802e+09

[1592 rows x 13 columns]
CHANNEL_3_5
           cbragg  cbragg_err   credchi  ...  cdelta_n            cL     timestamp
0     1548.434873    0.000082  0.000020  ...  0.000012  7.537728e+06  1.733786e+09
1     1548.433534    0.000081  0.000016  ...  0.000012  7.563046e+06  1.733786e+09
2     1548.435091    0.000091  0.000026  ...  0.000012  7.632753e+06  1.733786e+09
3     1548.433758    0.000081  0.000016  ...  0.000012  7.565595e+06  1.733786e+09
4     1548.435106    0.000108  0.000036  ...  0.000012  7.708501e+06  1.733786e+09
...           ...         ...       ...  ...       ...           ...           ...
1587  1548.459899    0.000078  0.000015  ...  0.000012  7.571466e+06  1.733802e+09
1588  1548.459985    0.000081  0.000020  ...  0.000012  7.541602e+06  1.733802e+09
1589  1548.460167    0.000078  0.000015  ...  0.000012  7.565351e+06  1.733802e+09
1590  1548.460012    0.000078  0.000019  ...  0.000012  7.532995e+06  1.733802e+09
1591  1548.460233    0.000077  0.000015  ...  0.000012  7.579080e+06  1.733802e+09

[1592 rows x 13 columns]
CHANNEL_3_6
           cbragg  cbragg_err   credchi  ...  cdelta_n            cL     timestamp
0     1549.407193    0.000088  0.000022  ...  0.000012  7.767360e+06  1.733786e+09
1     1549.401232    0.000084  0.000021  ...  0.000012  7.770633e+06  1.733786e+09
2     1549.407457    0.000087  0.000022  ...  0.000012  7.765808e+06  1.733786e+09
3     1549.401436    0.000084  0.000020  ...  0.000012  7.798128e+06  1.733786e+09
4     1549.407477    0.000085  0.000020  ...  0.000012  7.776246e+06  1.733786e+09
...           ...         ...       ...  ...       ...           ...           ...
1587  1549.426683    0.000082  0.000020  ...  0.000012  7.779574e+06  1.733802e+09
1588  1549.431498    0.000083  0.000019  ...  0.000012  7.757124e+06  1.733802e+09
1589  1549.426749    0.000082  0.000020  ...  0.000012  7.760582e+06  1.733802e+09
1590  1549.431464    0.000082  0.000019  ...  0.000012  7.765203e+06  1.733802e+09
1591  1549.426719    0.000082  0.000019  ...  0.000012  7.738739e+06  1.733802e+09

[1592 rows x 13 columns]
CHANNEL_3_7
           cbragg  cbragg_err   credchi  ...  cdelta_n            cL     timestamp
0     1550.408027    0.000088  0.000024  ...  0.000012  7.563310e+06  1.733786e+09
1     1550.404992    0.000087  0.000019  ...  0.000012  7.585967e+06  1.733786e+09
2     1550.408132    0.000086  0.000023  ...  0.000012  7.552600e+06  1.733786e+09
3     1550.405188    0.000086  0.000018  ...  0.000012  7.593149e+06  1.733786e+09
4     1550.408244    0.000085  0.000022  ...  0.000012  7.554575e+06  1.733786e+09
...           ...         ...       ...  ...       ...           ...           ...
1587  1550.426271    0.000089  0.000019  ...  0.000012  7.583712e+06  1.733802e+09
1588  1550.427840    0.000092  0.000026  ...  0.000012  7.535155e+06  1.733802e+09
1589  1550.426360    0.000086  0.000018  ...  0.000012  7.594496e+06  1.733802e+09
1590  1550.427789    0.000089  0.000024  ...  0.000012  7.543576e+06  1.733802e+09
1591  1550.426159    0.000088  0.000019  ...  0.000012  7.585055e+06  1.733802e+09

[1592 rows x 13 columns]
CHANNEL_3_8
           cbragg  cbragg_err   credchi  ...  cdelta_n            cL     timestamp
0     1551.344022    0.000092  0.000018  ...  0.000012  7.621081e+06  1.733786e+09
1     1551.336503    0.000088  0.000018  ...  0.000012  7.636187e+06  1.733786e+09
2     1551.344349    0.000094  0.000018  ...  0.000012  7.633699e+06  1.733786e+09
3     1551.336698    0.000090  0.000019  ...  0.000012  7.614220e+06  1.733786e+09
4     1551.344365    0.000092  0.000018  ...  0.000012  7.631797e+06  1.733786e+09
...           ...         ...       ...  ...       ...           ...           ...
1587  1551.350047    0.000085  0.000017  ...  0.000012  7.623477e+06  1.733802e+09
1588  1551.356732    0.000092  0.000017  ...  0.000012  7.646368e+06  1.733802e+09
1589  1551.350177    0.000087  0.000018  ...  0.000012  7.631753e+06  1.733802e+09
1590  1551.356275    0.000093  0.000017  ...  0.000012  7.646739e+06  1.733802e+09
1591  1551.349750    0.000086  0.000017  ...  0.000012  7.635908e+06  1.733802e+09

[1592 rows x 13 columns]
CHANNEL_3_9
           cbragg  cbragg_err   credchi  ...  cdelta_n            cL     timestamp
0     1552.318827    0.000088  0.000019  ...  0.000012  7.658971e+06  1.733786e+09
1     1552.311315    0.000090  0.000014  ...  0.000012  7.695822e+06  1.733786e+09
2     1552.319982    0.000090  0.000020  ...  0.000012  7.664798e+06  1.733786e+09
3     1552.312228    0.000090  0.000014  ...  0.000012  7.693252e+06  1.733786e+09
4     1552.318726    0.000090  0.000020  ...  0.000012  7.637615e+06  1.733786e+09
...           ...         ...       ...  ...       ...           ...           ...
1587  1552.296843    0.000093  0.000015  ...  0.000012  7.690693e+06  1.733802e+09
1588  1552.303411    0.000092  0.000021  ...  0.000012  7.636263e+06  1.733802e+09
1589  1552.297638    0.000095  0.000016  ...  0.000012  7.685257e+06  1.733802e+09
1590  1552.301907    0.000091  0.000020  ...  0.000012  7.639449e+06  1.733802e+09
1591  1552.295991    0.000165  0.000045  ...  0.000012  7.283381e+06  1.733802e+09

[1592 rows x 13 columns]
CHANNEL_3_10
           cbragg  cbragg_err   credchi  ...  cdelta_n            cL     timestamp
0     1553.247360    0.000129  0.000026  ...  0.000012  7.714165e+06  1.733786e+09
1     1553.242895    0.000117  0.000030  ...  0.000012  7.713734e+06  1.733786e+09
2     1553.248179    0.000134  0.000029  ...  0.000012  7.745908e+06  1.733786e+09
3     1553.245398    0.000115  0.000028  ...  0.000012  7.705987e+06  1.733786e+09
4     1553.247315    0.000126  0.000025  ...  0.000012  7.726985e+06  1.733786e+09
...           ...         ...       ...  ...       ...           ...           ...
1587  1553.038855    0.000109  0.000024  ...  0.000012  7.732589e+06  1.733802e+09
1588  1553.042902    0.000239  0.000081  ...  0.000012  7.146898e+06  1.733802e+09
1589  1553.038411    0.000102  0.000021  ...  0.000012  7.689612e+06  1.733802e+09
1590  1553.044154    0.000113  0.000020  ...  0.000012  7.761376e+06  1.733802e+09
1591  1553.041809    0.000103  0.000021  ...  0.000012  7.713787e+06  1.733802e+09

[1592 rows x 13 columns]
CHANNEL_3_11
           cbragg  cbragg_err   credchi  ...  cdelta_n            cL     timestamp
0     1553.664671    0.000151  0.000054  ...  0.000012  7.855497e+06  1.733786e+09
1     1553.662237    0.000156  0.000049  ...  0.000012  7.885076e+06  1.733786e+09
2     1553.664898    0.000152  0.000055  ...  0.000012  7.872172e+06  1.733786e+09
3     1553.662201    0.000160  0.000052  ...  0.000012  7.884771e+06  1.733786e+09
4     1553.664558    0.000149  0.000053  ...  0.000012  7.849836e+06  1.733786e+09
...           ...         ...       ...  ...       ...           ...           ...
1587  1553.707151    0.000131  0.000038  ...  0.000012  7.889714e+06  1.733802e+09
1588  1553.706548    0.000130  0.000036  ...  0.000012  7.879822e+06  1.733802e+09
1589  1553.707358    0.000129  0.000037  ...  0.000012  7.882591e+06  1.733802e+09
1590  1553.706569    0.000186  0.000069  ...  0.000012  7.447895e+06  1.733802e+09
1591  1553.707052    0.000129  0.000037  ...  0.000012  7.881724e+06  1.733802e+09

[1592 rows x 13 columns]
CHANNEL_3_12
           cbragg  cbragg_err   credchi  ...  cdelta_n            cL     timestamp
0     1554.644192    0.000100  0.000019  ...  0.000012  7.817778e+06  1.733786e+09
1     1554.637018    0.000145  0.000040  ...  0.000012  7.464087e+06  1.733786e+09
2     1554.644554    0.000098  0.000018  ...  0.000012  7.804005e+06  1.733786e+09
3     1554.636892    0.000097  0.000019  ...  0.000012  7.839032e+06  1.733786e+09
4     1554.644206    0.000102  0.000020  ...  0.000012  7.827058e+06  1.733786e+09
...           ...         ...       ...  ...       ...           ...           ...
1587  1554.679164    0.000091  0.000016  ...  0.000012  7.850931e+06  1.733802e+09
1588  1554.687105    0.000093  0.000018  ...  0.000012  7.855588e+06  1.733802e+09
1589  1554.679167    0.000092  0.000017  ...  0.000012  7.852890e+06  1.733802e+09
1590  1554.687019    0.000096  0.000019  ...  0.000012  7.862649e+06  1.733802e+09
1591  1554.678926    0.000090  0.000016  ...  0.000012  7.852245e+06  1.733802e+09

[1592 rows x 13 columns]
CHANNEL_3_13
           cbragg  cbragg_err   credchi  ...  cdelta_n            cL     timestamp
0     1555.655322    0.000088  0.000017  ...  0.000012  7.578541e+06  1.733786e+09
1     1555.647002    0.000086  0.000012  ...  0.000012  7.652165e+06  1.733786e+09
2     1555.655714    0.000086  0.000017  ...  0.000012  7.576868e+06  1.733786e+09
3     1555.647113    0.000087  0.000012  ...  0.000012  7.664806e+06  1.733786e+09
4     1555.655189    0.000085  0.000017  ...  0.000012  7.562001e+06  1.733786e+09
...           ...         ...       ...  ...       ...           ...           ...
1587  1555.690697    0.000087  0.000013  ...  0.000012  7.600751e+06  1.733802e+09
1588  1555.696015    0.000102  0.000021  ...  0.000012  7.388232e+06  1.733802e+09
1589  1555.690825    0.000085  0.000012  ...  0.000012  7.600550e+06  1.733802e+09
1590  1555.695981    0.000099  0.000020  ...  0.000012  7.410075e+06  1.733802e+09
1591  1555.690790    0.000086  0.000012  ...  0.000012  7.605190e+06  1.733802e+09

[1592 rows x 13 columns]
CHANNEL_3_14
           cbragg  cbragg_err   credchi  ...  cdelta_n            cL     timestamp
0     1556.606700    0.000186  0.000063  ...  0.000012  7.737889e+06  1.733786e+09
1     1556.601172    0.000190  0.000082  ...  0.000012  7.689346e+06  1.733786e+09
2     1556.606745    0.000192  0.000067  ...  0.000012  7.739554e+06  1.733786e+09
3     1556.601027    0.000191  0.000083  ...  0.000012  7.690475e+06  1.733786e+09
4     1556.606425    0.000188  0.000065  ...  0.000012  7.741797e+06  1.733786e+09
...           ...         ...       ...  ...       ...           ...           ...
1587  1556.643132    0.000189  0.000082  ...  0.000012  7.731138e+06  1.733802e+09
1588  1556.649097    0.000193  0.000071  ...  0.000012  7.798396e+06  1.733802e+09
1589  1556.643206    0.000193  0.000085  ...  0.000012  7.740495e+06  1.733802e+09
1590  1556.649142    0.000191  0.000069  ...  0.000012  7.795220e+06  1.733802e+09
1591  1556.643183    0.000194  0.000085  ...  0.000012  7.632966e+06  1.733802e+09

[1592 rows x 13 columns]
