CHANNEL_0_1
        cbragg  cbragg_err   credchi  ...  cdelta_n            cL     timestamp
0  1544.619843    0.000103  0.000046  ...  0.000012  7.670154e+06  1.735251e+09
1  1544.627837    0.000243  0.000057  ...  0.000012  7.663928e+06  1.735251e+09

[2 rows x 13 columns]
CHANNEL_0_2
        cbragg  cbragg_err   credchi  ...  cdelta_n            cL     timestamp
0  1545.458048    0.000089  0.000017  ...  0.000012  7.596037e+06  1.735251e+09
1  1545.458659    0.000093  0.000020  ...  0.000012  7.588417e+06  1.735251e+09

[2 rows x 13 columns]
CHANNEL_0_3
        cbragg  cbragg_err   credchi  ...  cdelta_n            cL     timestamp
0  1546.174047    0.000105  0.000036  ...  0.000012  7.632439e+06  1.735251e+09
1  1546.181878    0.000104  0.000047  ...  0.000012  7.616732e+06  1.735251e+09

[2 rows x 13 columns]
CHANNEL_0_4
        cbragg  cbragg_err   credchi  ...  cdelta_n            cL     timestamp
0  1547.117804    0.000118  0.000050  ...  0.000012  7.836030e+06  1.735251e+09
1  1547.118012    0.000113  0.000048  ...  0.000012  7.864261e+06  1.735251e+09

[2 rows x 13 columns]
CHANNEL_0_5
        cbragg  cbragg_err   credchi  ...  cdelta_n            cL     timestamp
0  1548.091801    0.000092  0.000042  ...  0.000012  7.668902e+06  1.735251e+09
1  1548.095546    0.000096  0.000037  ...  0.000012  7.676152e+06  1.735251e+09

[2 rows x 13 columns]
CHANNEL_0_6
        cbragg  cbragg_err   credchi  ...  cdelta_n            cL     timestamp
0  1549.069778    0.000080  0.000024  ...  0.000012  7.535009e+06  1.735251e+09
1  1549.078212    0.000081  0.000041  ...  0.000012  7.473022e+06  1.735251e+09

[2 rows x 13 columns]
CHANNEL_0_7
        cbragg  cbragg_err   credchi  ...  cdelta_n            cL     timestamp
0  1550.075126    0.000124  0.000047  ...  0.000012  7.592301e+06  1.735251e+09
1  1550.076033    0.000122  0.000045  ...  0.000012  7.616195e+06  1.735251e+09

[2 rows x 13 columns]
CHANNEL_0_8
        cbragg  cbragg_err   credchi  ...  cdelta_n            cL     timestamp
0  1551.048332    0.000073  0.000016  ...  0.000012  7.611214e+06  1.735251e+09
1  1551.054107    0.000073  0.000017  ...  0.000012  7.618887e+06  1.735251e+09

[2 rows x 13 columns]
CHANNEL_0_9
        cbragg  cbragg_err   credchi  ...  cdelta_n            cL     timestamp
0  1552.029791    0.000092  0.000016  ...  0.000012  7.727176e+06  1.735251e+09
1  1552.038155    0.000089  0.000028  ...  0.000012  7.673348e+06  1.735251e+09

[2 rows x 13 columns]
CHANNEL_0_10
        cbragg  cbragg_err   credchi  ...  cdelta_n            cL     timestamp
0  1553.039523    0.000094  0.000022  ...  0.000012  7.663321e+06  1.735251e+09
1  1553.038867    0.000093  0.000016  ...  0.000012  7.722685e+06  1.735251e+09

[2 rows x 13 columns]
CHANNEL_0_11
        cbragg  cbragg_err   credchi  ...  cdelta_n            cL     timestamp
0  1554.044471    0.000074  0.000009  ...  0.000012  7.677049e+06  1.735251e+09
1  1554.052573    0.000073  0.000015  ...  0.000012  7.638508e+06  1.735251e+09

[2 rows x 13 columns]
CHANNEL_0_12
        cbragg  cbragg_err   credchi  ...  cdelta_n            cL     timestamp
0  1555.072952    0.000183  0.000120  ...  0.000012  7.839552e+06  1.735251e+09
1  1555.073103    0.000118  0.000045  ...  0.000012  7.516600e+06  1.735251e+09

[2 rows x 13 columns]
CHANNEL_0_13
        cbragg  cbragg_err   credchi  ...  cdelta_n            cL     timestamp
0  1556.045158    0.000143  0.000038  ...  0.000012  7.671433e+06  1.735251e+09
1  1556.051900    0.000139  0.000045  ...  0.000012  7.671526e+06  1.735251e+09

[2 rows x 13 columns]
CHANNEL_0_14
        cbragg  cbragg_err   credchi  ...  cdelta_n            cL     timestamp
0  1557.017707    0.000104  0.000031  ...  0.000012  7.759389e+06  1.735251e+09
1  1557.020602    0.000101  0.000036  ...  0.000012  7.609694e+06  1.735251e+09

[2 rows x 13 columns]
CHANNEL_1_1
        cbragg  cbragg_err   credchi  ...  cdelta_n            cL     timestamp
0  1556.183028    0.000883  0.001361  ...  0.000012  3.298088e+06  1.735251e+09
1  1556.182515    0.000111  0.000012  ...  0.000012  2.727070e+06  1.735251e+09

[2 rows x 13 columns]
CHANNEL_1_2
        cbragg  cbragg_err   credchi  ...  cdelta_n            cL     timestamp
0  1558.201676    0.000129  0.000024  ...  0.000012  2.787592e+06  1.735251e+09
1  1558.204348    0.000115  0.000019  ...  0.000012  2.792589e+06  1.735251e+09

[2 rows x 13 columns]
CHANNEL_1_3
        cbragg  cbragg_err   credchi  ...  cdelta_n            cL     timestamp
0  1561.017131    0.000542  0.000650  ...  0.000012  3.303496e+06  1.735251e+09
1  1561.012612    0.001149  0.003874  ...  0.000012  3.783600e+06  1.735251e+09

[2 rows x 13 columns]
CHANNEL_2_1
        cbragg  cbragg_err   credchi  ...  cdelta_n            cL     timestamp
0  1543.603805     0.00008  0.000007  ...  0.000012  2.768335e+06  1.735251e+09
1  1543.602552     0.00008  0.000006  ...  0.000012  2.768386e+06  1.735251e+09

[2 rows x 13 columns]
CHANNEL_2_2
        cbragg  cbragg_err   credchi  ...  cdelta_n            cL     timestamp
0  1545.925031    0.000127  0.000012  ...  0.000012  2.707156e+06  1.735251e+09
1  1545.928381    0.000616  0.000204  ...  0.000012  2.436464e+06  1.735251e+09

[2 rows x 13 columns]
CHANNEL_2_3
        cbragg  cbragg_err   credchi  ...  cdelta_n            cL     timestamp
0  1548.521074    0.000647  0.000653  ...  0.000012  3.347604e+06  1.735251e+09
1  1548.521922    0.000605  0.000553  ...  0.000012  3.309197e+06  1.735251e+09

[2 rows x 13 columns]
CHANNEL_3_1
        cbragg  cbragg_err   credchi  ...  cdelta_n            cL     timestamp
0  1544.143872    0.000116  0.000027  ...  0.000012  7.776698e+06  1.735251e+09
1  1544.139437    0.000267  0.000018  ...  0.000012  7.819690e+06  1.735251e+09

[2 rows x 13 columns]
CHANNEL_3_2
        cbragg  cbragg_err   credchi  ...  cdelta_n            cL     timestamp
0  1545.042643    0.000111  0.000022  ...  0.000012  7.882653e+06  1.735251e+09
1  1545.052280    0.000115  0.000040  ...  0.000012  7.816655e+06  1.735251e+09

[2 rows x 13 columns]
CHANNEL_3_3
        cbragg  cbragg_err   credchi  ...  cdelta_n            cL     timestamp
0  1545.779594    0.000106  0.000032  ...  0.000012  7.592043e+06  1.735251e+09
1  1545.778746    0.000111  0.000024  ...  0.000012  7.630122e+06  1.735251e+09

[2 rows x 13 columns]
CHANNEL_3_4
        cbragg  cbragg_err   credchi  ...  cdelta_n            cL     timestamp
0  1546.685964    0.000097  0.000016  ...  0.000012  7.790786e+06  1.735251e+09
1  1546.692768    0.000099  0.000028  ...  0.000012  7.727109e+06  1.735251e+09

[2 rows x 13 columns]
CHANNEL_3_5
        cbragg  cbragg_err   credchi  ...  cdelta_n            cL     timestamp
0  1547.707359    0.000079  0.000016  ...  0.000012  7.623384e+06  1.735251e+09
1  1547.711428    0.000080  0.000013  ...  0.000012  7.619627e+06  1.735251e+09

[2 rows x 13 columns]
CHANNEL_3_6
        cbragg  cbragg_err   credchi  ...  cdelta_n            cL     timestamp
0  1548.695635    0.000081  0.000015  ...  0.000012  7.772039e+06  1.735251e+09
1  1548.696048    0.000080  0.000015  ...  0.000012  7.754477e+06  1.735251e+09

[2 rows x 13 columns]
CHANNEL_3_7
        cbragg  cbragg_err   credchi  ...  cdelta_n            cL     timestamp
0  1549.711120    0.000088  0.000015  ...  0.000012  7.579643e+06  1.735251e+09
1  1549.719097    0.000089  0.000020  ...  0.000012  7.573383e+06  1.735251e+09

[2 rows x 13 columns]
CHANNEL_3_8
        cbragg  cbragg_err   credchi  ...  cdelta_n            cL     timestamp
0  1550.672033    0.000091  0.000017  ...  0.000012  7.643763e+06  1.735251e+09
1  1550.666344    0.000093  0.000013  ...  0.000012  7.658490e+06  1.735251e+09

[2 rows x 13 columns]
CHANNEL_3_9
        cbragg  cbragg_err   credchi  ...  cdelta_n            cL     timestamp
0  1551.662157    0.000094  0.000011  ...  0.000012  7.720040e+06  1.735251e+09
1  1551.669036    0.000090  0.000018  ...  0.000012  7.671672e+06  1.735251e+09

[2 rows x 13 columns]
CHANNEL_3_10
        cbragg  cbragg_err   credchi  ...  cdelta_n            cL     timestamp
0  1552.675850    0.000122  0.000028  ...  0.000012  7.492422e+06  1.735251e+09
1  1552.669415    0.000112  0.000014  ...  0.000012  7.769698e+06  1.735251e+09

[2 rows x 13 columns]
CHANNEL_3_11
        cbragg  cbragg_err   credchi  ...  cdelta_n            cL     timestamp
0  1553.638106    0.000131  0.000025  ...  0.000012  7.926031e+06  1.735251e+09
1  1553.641167    0.000130  0.000038  ...  0.000012  7.853980e+06  1.735251e+09

[2 rows x 13 columns]
CHANNEL_3_12
        cbragg  cbragg_err   credchi  ...  cdelta_n            cL     timestamp
0  1554.618067    0.000115  0.000027  ...  0.000012  7.549970e+06  1.735251e+09
1  1554.613593    0.000102  0.000013  ...  0.000012  7.798657e+06  1.735251e+09

[2 rows x 13 columns]
CHANNEL_3_13
        cbragg  cbragg_err   credchi  ...  cdelta_n            cL     timestamp
0  1555.620072    0.000091  0.000010  ...  0.000012  7.643628e+06  1.735251e+09
1  1555.626704    0.000087  0.000016  ...  0.000012  7.581553e+06  1.735251e+09

[2 rows x 13 columns]
CHANNEL_3_14
        cbragg  cbragg_err   credchi  ...  cdelta_n            cL     timestamp
0  1556.580782    0.000184  0.000074  ...  0.000012  7.698264e+06  1.735251e+09
1  1556.574412    0.000184  0.000046  ...  0.000012  7.779218e+06  1.735251e+09

[2 rows x 13 columns]
