CHANNEL_0_1
           cbragg  cbragg_err   credchi  ...  cdelta_n            cL     timestamp
0     1544.644163    0.000105  0.000063  ...  0.000012  7.628416e+06  1.734680e+09
1     1544.639370    0.000113  0.000042  ...  0.000012  7.668105e+06  1.734680e+09
2     1544.644132    0.000105  0.000064  ...  0.000012  7.640716e+06  1.734680e+09
3     1544.639420    0.000104  0.000042  ...  0.000012  7.658135e+06  1.734680e+09
4     1544.644176    0.000209  0.000064  ...  0.000012  7.627687e+06  1.734680e+09
...           ...         ...       ...  ...       ...           ...           ...
1587  1544.639649    0.000110  0.000044  ...  0.000012  7.651851e+06  1.734696e+09
1588  1544.643525    0.000107  0.000063  ...  0.000012  7.625114e+06  1.734696e+09
1589  1544.639553    0.000170  0.000044  ...  0.000012  7.648800e+06  1.734696e+09
1590  1544.643594    0.000104  0.000064  ...  0.000012  7.634811e+06  1.734696e+09
1591  1544.639747    0.000401  0.000045  ...  0.000012  7.659046e+06  1.734696e+09

[1592 rows x 13 columns]
CHANNEL_0_2
           cbragg  cbragg_err   credchi  ...  cdelta_n            cL     timestamp
0     1545.480503    0.000091  0.000017  ...  0.000012  7.630054e+06  1.734680e+09
1     1545.476471    0.000095  0.000022  ...  0.000012  7.607136e+06  1.734680e+09
2     1545.480459    0.000131  0.000036  ...  0.000012  7.429880e+06  1.734680e+09
3     1545.476358    0.000094  0.000022  ...  0.000012  7.581620e+06  1.734680e+09
4     1545.480524    0.000093  0.000018  ...  0.000012  7.636487e+06  1.734680e+09
...           ...         ...       ...  ...       ...           ...           ...
1587  1545.476384    0.000097  0.000023  ...  0.000012  7.597112e+06  1.734696e+09
1588  1545.480391    0.000095  0.000019  ...  0.000012  7.617349e+06  1.734696e+09
1589  1545.476311    0.000096  0.000023  ...  0.000012  7.590601e+06  1.734696e+09
1590  1545.480472    0.000095  0.000019  ...  0.000012  7.622788e+06  1.734696e+09
1591  1545.476329    0.000093  0.000022  ...  0.000012  7.608775e+06  1.734696e+09

[1592 rows x 13 columns]
CHANNEL_0_3
           cbragg  cbragg_err   credchi  ...  cdelta_n            cL     timestamp
0     1546.230853    0.000103  0.000048  ...  0.000012  7.625003e+06  1.734680e+09
1     1546.227770    0.000112  0.000040  ...  0.000012  7.645493e+06  1.734680e+09
2     1546.230800    0.000102  0.000048  ...  0.000012  7.635120e+06  1.734680e+09
3     1546.227666    0.000108  0.000037  ...  0.000012  7.593962e+06  1.734680e+09
4     1546.230649    0.000104  0.000049  ...  0.000012  7.629772e+06  1.734680e+09
...           ...         ...       ...  ...       ...           ...           ...
1587  1546.227330    0.000111  0.000040  ...  0.000012  7.643901e+06  1.734696e+09
1588  1546.229728    0.000103  0.000048  ...  0.000012  7.625222e+06  1.734696e+09
1589  1546.227313    0.000110  0.000040  ...  0.000012  7.650977e+06  1.734696e+09
1590  1546.229517    0.000104  0.000049  ...  0.000012  7.625400e+06  1.734696e+09
1591  1546.227194    0.000111  0.000040  ...  0.000012  7.644031e+06  1.734696e+09

[1592 rows x 13 columns]
CHANNEL_0_4
           cbragg  cbragg_err   credchi  ...  cdelta_n            cL     timestamp
0     1547.117054    0.000113  0.000045  ...  0.000012  7.884416e+06  1.734680e+09
1     1547.113412    0.000111  0.000049  ...  0.000012  7.845129e+06  1.734680e+09
2     1547.117021    0.000111  0.000044  ...  0.000012  7.909713e+06  1.734680e+09
3     1547.113251    0.000112  0.000050  ...  0.000012  7.851487e+06  1.734680e+09
4     1547.117132    0.000123  0.000054  ...  0.000012  8.026890e+06  1.734680e+09
...           ...         ...       ...  ...       ...           ...           ...
1587  1547.113674    0.000110  0.000049  ...  0.000012  7.862700e+06  1.734696e+09
1588  1547.117370    0.000113  0.000046  ...  0.000012  7.877455e+06  1.734696e+09
1589  1547.113657    0.000110  0.000049  ...  0.000012  7.840826e+06  1.734696e+09
1590  1547.117352    0.000114  0.000047  ...  0.000012  7.874680e+06  1.734696e+09
1591  1547.113724    0.000109  0.000048  ...  0.000012  7.860904e+06  1.734696e+09

[1592 rows x 13 columns]
CHANNEL_0_5
           cbragg  cbragg_err   credchi  ...  cdelta_n            cL     timestamp
0     1548.093293    0.000101  0.000061  ...  0.000012  7.853753e+06  1.734680e+09
1     1548.085890    0.000086  0.000026  ...  0.000012  7.796217e+06  1.734680e+09
2     1548.093349    0.000087  0.000045  ...  0.000012  7.740844e+06  1.734680e+09
3     1548.085961    0.000085  0.000025  ...  0.000012  7.800869e+06  1.734680e+09
4     1548.093357    0.000094  0.000053  ...  0.000012  7.791582e+06  1.734680e+09
...           ...         ...       ...  ...       ...           ...           ...
1587  1548.086560    0.000088  0.000027  ...  0.000012  7.741173e+06  1.734696e+09
1588  1548.093584    0.000087  0.000045  ...  0.000012  7.699638e+06  1.734696e+09
1589  1548.086599    0.000085  0.000026  ...  0.000012  7.793779e+06  1.734696e+09
1590  1548.093945    0.000123  0.000093  ...  0.000012  7.921665e+06  1.734696e+09
1591  1548.086695    0.000085  0.000026  ...  0.000012  7.798979e+06  1.734696e+09

[1592 rows x 13 columns]
CHANNEL_0_6
           cbragg  cbragg_err   credchi  ...  cdelta_n            cL     timestamp
0     1549.068419    0.000080  0.000025  ...  0.000012  7.536174e+06  1.734680e+09
1     1549.073050    0.000101  0.000067  ...  0.000012  7.646977e+06  1.734680e+09
2     1549.068427    0.000077  0.000023  ...  0.000012  7.511166e+06  1.734680e+09
3     1549.073023    0.000081  0.000042  ...  0.000012  7.468382e+06  1.734680e+09
4     1549.068360    0.000108  0.000045  ...  0.000012  7.651845e+06  1.734680e+09
...           ...         ...       ...  ...       ...           ...           ...
1587  1549.073389    0.000172  0.000205  ...  0.000012  7.919291e+06  1.734696e+09
1588  1549.068589    0.000093  0.000034  ...  0.000012  7.681832e+06  1.734696e+09
1589  1549.073650    0.000081  0.000043  ...  0.000012  7.482668e+06  1.734696e+09
1590  1549.068689    0.000086  0.000023  ...  0.000012  7.516641e+06  1.734696e+09
1591  1549.073676    0.000140  0.000134  ...  0.000012  7.801887e+06  1.734696e+09

[1592 rows x 13 columns]
CHANNEL_0_7
           cbragg  cbragg_err   credchi  ...  cdelta_n            cL     timestamp
0     1550.075731    0.000170  0.000100  ...  0.000012  7.936813e+06  1.734680e+09
1     1550.067498    0.000124  0.000044  ...  0.000012  7.641165e+06  1.734680e+09
2     1550.075684    0.000124  0.000051  ...  0.000012  7.606350e+06  1.734680e+09
3     1550.067381    0.000126  0.000045  ...  0.000012  7.645325e+06  1.734680e+09
4     1550.075672    0.000164  0.000089  ...  0.000012  7.835490e+06  1.734680e+09
...           ...         ...       ...  ...       ...           ...           ...
1587  1550.067942    0.000125  0.000045  ...  0.000012  7.642905e+06  1.734696e+09
1588  1550.076118    0.000125  0.000052  ...  0.000012  7.629883e+06  1.734696e+09
1589  1550.068064    0.000126  0.000045  ...  0.000012  7.627121e+06  1.734696e+09
1590  1550.076009    0.000128  0.000055  ...  0.000012  7.650307e+06  1.734696e+09
1591  1550.068042    0.000126  0.000045  ...  0.000012  7.649887e+06  1.734696e+09

[1592 rows x 13 columns]
CHANNEL_0_8
           cbragg  cbragg_err   credchi  ...  cdelta_n            cL     timestamp
0     1551.052335    0.000074  0.000021  ...  0.000012  7.578263e+06  1.734680e+09
1     1551.047342    0.000077  0.000015  ...  0.000012  7.608163e+06  1.734680e+09
2     1551.052336    0.000074  0.000021  ...  0.000012  7.579219e+06  1.734680e+09
3     1551.047233    0.000077  0.000015  ...  0.000012  7.606891e+06  1.734680e+09
4     1551.052437    0.000075  0.000021  ...  0.000012  7.582074e+06  1.734680e+09
...           ...         ...       ...  ...       ...           ...           ...
1587  1551.048198    0.000077  0.000016  ...  0.000012  7.616664e+06  1.734696e+09
1588  1551.052751    0.000075  0.000021  ...  0.000012  7.575719e+06  1.734696e+09
1589  1551.048223    0.000077  0.000016  ...  0.000012  7.605032e+06  1.734696e+09
1590  1551.052696    0.000074  0.000021  ...  0.000012  7.570493e+06  1.734696e+09
1591  1551.048149    0.000083  0.000015  ...  0.000012  7.609927e+06  1.734696e+09

[1592 rows x 13 columns]
CHANNEL_0_9
           cbragg  cbragg_err   credchi  ...  cdelta_n            cL     timestamp
0     1552.033395    0.000099  0.000022  ...  0.000012  7.630027e+06  1.734680e+09
1     1552.033179    0.000094  0.000027  ...  0.000012  7.635768e+06  1.734680e+09
2     1552.033540    0.000098  0.000021  ...  0.000012  7.628235e+06  1.734680e+09
3     1552.033162    0.000093  0.000027  ...  0.000012  7.632432e+06  1.734680e+09
4     1552.033565    0.000099  0.000022  ...  0.000012  7.621879e+06  1.734680e+09
...           ...         ...       ...  ...       ...           ...           ...
1587  1552.034065    0.000095  0.000028  ...  0.000012  7.628888e+06  1.734696e+09
1588  1552.033941    0.000099  0.000022  ...  0.000012  7.623020e+06  1.734696e+09
1589  1552.034120    0.000093  0.000027  ...  0.000012  7.624973e+06  1.734696e+09
1590  1552.034002    0.000101  0.000023  ...  0.000012  7.623396e+06  1.734696e+09
1591  1552.034073    0.000095  0.000028  ...  0.000012  7.628584e+06  1.734696e+09

[1592 rows x 13 columns]
CHANNEL_0_10
           cbragg  cbragg_err   credchi  ...  cdelta_n            cL     timestamp
0     1553.042194    0.000087  0.000018  ...  0.000012  7.735494e+06  1.734680e+09
1     1553.034517    0.000083  0.000014  ...  0.000012  7.747796e+06  1.734680e+09
2     1553.042206    0.000085  0.000017  ...  0.000012  7.733079e+06  1.734680e+09
3     1553.034374    0.000084  0.000015  ...  0.000012  7.752438e+06  1.734680e+09
4     1553.042235    0.000086  0.000018  ...  0.000012  7.736252e+06  1.734680e+09
...           ...         ...       ...  ...       ...           ...           ...
1587  1553.035020    0.000083  0.000014  ...  0.000012  7.758271e+06  1.734696e+09
1588  1553.042817    0.000086  0.000018  ...  0.000012  7.741857e+06  1.734696e+09
1589  1553.035118    0.000084  0.000015  ...  0.000012  7.750585e+06  1.734696e+09
1590  1553.042739    0.000087  0.000018  ...  0.000012  7.733628e+06  1.734696e+09
1591  1553.035000    0.000083  0.000014  ...  0.000012  7.739642e+06  1.734696e+09

[1592 rows x 13 columns]
CHANNEL_0_11
           cbragg  cbragg_err   credchi  ...  cdelta_n            cL     timestamp
0     1554.047924    0.000074  0.000011  ...  0.000012  7.630783e+06  1.734680e+09
1     1554.048922    0.000072  0.000012  ...  0.000012  7.619190e+06  1.734680e+09
2     1554.047992    0.000074  0.000012  ...  0.000012  7.636862e+06  1.734680e+09
3     1554.048873    0.000072  0.000012  ...  0.000012  7.633560e+06  1.734680e+09
4     1554.048085    0.000070  0.000010  ...  0.000012  7.642556e+06  1.734680e+09
...           ...         ...       ...  ...       ...           ...           ...
1587  1554.049650    0.000074  0.000012  ...  0.000012  7.653008e+06  1.734696e+09
1588  1554.048424    0.000074  0.000011  ...  0.000012  7.604231e+06  1.734696e+09
1589  1554.049670    0.000073  0.000012  ...  0.000012  7.652401e+06  1.734696e+09
1590  1554.048550    0.000071  0.000011  ...  0.000012  7.635948e+06  1.734696e+09
1591  1554.049650    0.000073  0.000012  ...  0.000012  7.623301e+06  1.734696e+09

[1592 rows x 13 columns]
CHANNEL_0_12
           cbragg  cbragg_err   credchi  ...  cdelta_n            cL     timestamp
0     1555.074312    0.000217  0.000158  ...  0.000012  7.825623e+06  1.734680e+09
1     1555.069677    0.000119  0.000050  ...  0.000012  7.496151e+06  1.734680e+09
2     1555.074495    0.000122  0.000050  ...  0.000012  7.504721e+06  1.734680e+09
3     1555.069715    0.000122  0.000051  ...  0.000012  7.490688e+06  1.734680e+09
4     1555.074615    0.000118  0.000047  ...  0.000012  7.506742e+06  1.734680e+09
...           ...         ...       ...  ...       ...           ...           ...
1587  1555.070294    0.000123  0.000052  ...  0.000012  7.438699e+06  1.734696e+09
1588  1555.075161    0.000123  0.000053  ...  0.000012  7.486510e+06  1.734696e+09
1589  1555.070416    0.000122  0.000052  ...  0.000012  7.495177e+06  1.734696e+09
1590  1555.075148    0.000121  0.000051  ...  0.000012  7.503157e+06  1.734696e+09
1591  1555.070158    0.000126  0.000056  ...  0.000012  7.489441e+06  1.734696e+09

[1592 rows x 13 columns]
CHANNEL_0_13
           cbragg  cbragg_err   credchi  ...  cdelta_n            cL     timestamp
0     1556.050052    0.000135  0.000046  ...  0.000012  7.659191e+06  1.734680e+09
1     1556.045460    0.000146  0.000035  ...  0.000012  7.604048e+06  1.734680e+09
2     1556.050056    0.000137  0.000048  ...  0.000012  7.665217e+06  1.734680e+09
3     1556.045417    0.000146  0.000035  ...  0.000012  7.661258e+06  1.734680e+09
4     1556.050261    0.000135  0.000046  ...  0.000012  7.655553e+06  1.734680e+09
...           ...         ...       ...  ...       ...           ...           ...
1587  1556.046263    0.000145  0.000036  ...  0.000012  7.655953e+06  1.734696e+09
1588  1556.050453    0.000137  0.000048  ...  0.000012  7.652600e+06  1.734696e+09
1589  1556.046343    0.000147  0.000037  ...  0.000012  7.648695e+06  1.734696e+09
1590  1556.050405    0.000134  0.000045  ...  0.000012  7.645083e+06  1.734696e+09
1591  1556.046249    0.000146  0.000037  ...  0.000012  7.659182e+06  1.734696e+09

[1592 rows x 13 columns]
CHANNEL_0_14
           cbragg  cbragg_err   credchi  ...  cdelta_n            cL     timestamp
0     1557.017807    0.000103  0.000026  ...  0.000012  7.655056e+06  1.734680e+09
1     1557.018900    0.000103  0.000045  ...  0.000012  7.604302e+06  1.734680e+09
2     1557.017832    0.000103  0.000026  ...  0.000012  7.664710e+06  1.734680e+09
3     1557.018884    0.000107  0.000050  ...  0.000012  7.676488e+06  1.734680e+09
4     1557.017889    0.000103  0.000026  ...  0.000012  7.655896e+06  1.734680e+09
...           ...         ...       ...  ...       ...           ...           ...
1587  1557.019497    0.000104  0.000047  ...  0.000012  7.578669e+06  1.734696e+09
1588  1557.018384    0.000104  0.000027  ...  0.000012  7.657647e+06  1.734696e+09
1589  1557.019526    0.000105  0.000047  ...  0.000012  7.574652e+06  1.734696e+09
1590  1557.018416    0.000103  0.000027  ...  0.000012  7.659933e+06  1.734696e+09
1591  1557.018075    0.000183  0.000146  ...  0.000012  7.868580e+06  1.734696e+09

[1592 rows x 13 columns]
CHANNEL_1_1
           cbragg  cbragg_err   credchi  ...  cdelta_n            cL     timestamp
0     1556.220666    0.000958  0.001678  ...  0.000012  3.375903e+06  1.734680e+09
1     1556.222938    0.000064  0.000004  ...  0.000012  2.673474e+06  1.734680e+09
2     1556.221156    0.000074  0.000005  ...  0.000012  2.672933e+06  1.734680e+09
3     1556.221643    0.001151  0.002487  ...  0.000012  3.496563e+06  1.734680e+09
4     1556.221202    0.000081  0.000006  ...  0.000012  2.674352e+06  1.734680e+09
...           ...         ...       ...  ...       ...           ...           ...
1587  1556.221657    0.000556  0.000413  ...  0.000012  3.030006e+06  1.734696e+09
1588  1556.220411    0.000068  0.000004  ...  0.000012  2.680621e+06  1.734696e+09
1589  1556.221977    0.000077  0.000006  ...  0.000012  2.697190e+06  1.734696e+09
1590  1556.220764    0.000145  0.000019  ...  0.000012  2.605245e+06  1.734696e+09
1591  1556.222520    0.000071  0.000005  ...  0.000012  2.672985e+06  1.734696e+09

[1592 rows x 13 columns]
CHANNEL_1_2
           cbragg  cbragg_err   credchi  ...  cdelta_n            cL     timestamp
0     1558.191266    0.000128  0.000024  ...  0.000012  2.798183e+06  1.734680e+09
1     1558.195294    0.000181  0.000044  ...  0.000012  2.720593e+06  1.734680e+09
2     1558.190935    0.001098  0.003298  ...  0.000012  3.594670e+06  1.734680e+09
3     1558.195321    0.000192  0.000054  ...  0.000012  2.776018e+06  1.734680e+09
4     1558.191399    0.000124  0.000023  ...  0.000012  2.788488e+06  1.734680e+09
...           ...         ...       ...  ...       ...           ...           ...
1587  1558.196364    0.000691  0.000459  ...  0.000012  2.460264e+06  1.734696e+09
1588  1558.191655    0.000761  0.001300  ...  0.000012  3.299642e+06  1.734696e+09
1589  1558.196240    0.000863  0.000686  ...  0.000012  2.402161e+06  1.734696e+09
1590  1558.190871    0.001348  0.005214  ...  0.000012  3.755644e+06  1.734696e+09
1591  1558.196331    0.000511  0.000297  ...  0.000012  2.562375e+06  1.734696e+09

[1592 rows x 13 columns]
CHANNEL_1_3
           cbragg  cbragg_err   credchi  ...  cdelta_n            cL     timestamp
0     1561.011128    0.000050  0.000004  ...  0.000012  2.931337e+06  1.734680e+09
1     1561.006653    0.000772  0.001386  ...  0.000012  3.451929e+06  1.734680e+09
2     1561.011253    0.000432  0.000405  ...  0.000012  3.225141e+06  1.734680e+09
3     1561.006677    0.000243  0.000104  ...  0.000012  3.073806e+06  1.734680e+09
4     1561.011224    0.000043  0.000003  ...  0.000012  2.933124e+06  1.734680e+09
...           ...         ...       ...  ...       ...           ...           ...
1587  1561.007225    0.000140  0.000029  ...  0.000012  2.850991e+06  1.734696e+09
1588  1561.012462    0.000187  0.000063  ...  0.000012  3.025392e+06  1.734696e+09
1589  1561.007401    0.000202  0.000058  ...  0.000012  2.823983e+06  1.734696e+09
1590  1561.012239    0.000228  0.000099  ...  0.000012  3.076719e+06  1.734696e+09
1591  1561.007349    0.000042  0.000003  ...  0.000012  2.926185e+06  1.734696e+09

[1592 rows x 13 columns]
CHANNEL_2_1
           cbragg  cbragg_err   credchi  ...  cdelta_n            cL     timestamp
0     1543.636463    0.000186  0.000007  ...  0.000012  2.766827e+06  1.734680e+09
1     1543.634557    0.000081  0.000007  ...  0.000012  2.771438e+06  1.734680e+09
2     1543.636322    0.000087  0.000006  ...  0.000012  2.768427e+06  1.734680e+09
3     1543.634540    0.000145  0.000006  ...  0.000012  2.771048e+06  1.734680e+09
4     1543.636309    0.000086  0.000006  ...  0.000012  2.770141e+06  1.734680e+09
...           ...         ...       ...  ...       ...           ...           ...
1587  1543.634059    0.000082  0.000007  ...  0.000012  2.771625e+06  1.734696e+09
1588  1543.636149    0.000081  0.000007  ...  0.000012  2.769295e+06  1.734696e+09
1589  1543.634366    0.000082  0.000007  ...  0.000012  2.771582e+06  1.734696e+09
1590  1543.636018    0.000081  0.000007  ...  0.000012  2.769522e+06  1.734696e+09
1591  1543.634261    0.000083  0.000007  ...  0.000012  2.772274e+06  1.734696e+09

[1592 rows x 13 columns]
CHANNEL_2_2
           cbragg  cbragg_err   credchi  ...  cdelta_n            cL     timestamp
0     1545.912158    0.000257  0.000044  ...  0.000012  2.558246e+06  1.734680e+09
1     1545.913835    0.000750  0.000307  ...  0.000012  2.338272e+06  1.734680e+09
2     1545.911611    0.000414  0.000172  ...  0.000012  2.914233e+06  1.734680e+09
3     1545.914217    0.000134  0.000015  ...  0.000012  2.668001e+06  1.734680e+09
4     1545.911792    0.000136  0.000014  ...  0.000012  2.678668e+06  1.734680e+09
...           ...         ...       ...  ...       ...           ...           ...
1587  1545.914065    0.000746  0.000750  ...  0.000012  3.157861e+06  1.734696e+09
1588  1545.911263    0.000917  0.001194  ...  0.000012  3.296193e+06  1.734696e+09
1589  1545.914497    0.000365  0.000129  ...  0.000012  2.833803e+06  1.734696e+09
1590  1545.912592    0.000142  0.000016  ...  0.000012  2.660035e+06  1.734696e+09
1591  1545.914161    0.000952  0.001452  ...  0.000012  3.346307e+06  1.734696e+09

[1592 rows x 13 columns]
CHANNEL_2_3
           cbragg  cbragg_err   credchi  ...  cdelta_n            cL     timestamp
0     1548.511697    0.000202  0.000049  ...  0.000012  3.014454e+06  1.734680e+09
1     1548.510575    0.000102  0.000011  ...  0.000012  2.917570e+06  1.734680e+09
2     1548.511832    0.000095  0.000009  ...  0.000012  2.889181e+06  1.734680e+09
3     1548.511900    0.000319  0.000123  ...  0.000012  3.060459e+06  1.734680e+09
4     1548.514184    0.001061  0.002207  ...  0.000012  3.725951e+06  1.734680e+09
...           ...         ...       ...  ...       ...           ...           ...
1587  1548.511680    0.000458  0.000315  ...  0.000012  3.225089e+06  1.734696e+09
1588  1548.512580    0.000089  0.000009  ...  0.000012  2.887612e+06  1.734696e+09
1589  1548.511779    0.000904  0.001510  ...  0.000012  3.563912e+06  1.734696e+09
1590  1548.512342    0.000090  0.000009  ...  0.000012  2.882330e+06  1.734696e+09
1591  1548.511668    0.001228  0.002779  ...  0.000012  3.711280e+06  1.734696e+09

[1592 rows x 13 columns]
CHANNEL_3_1
           cbragg  cbragg_err   credchi  ...  cdelta_n            cL     timestamp
0     1544.159311    0.000136  0.000023  ...  0.000012  7.790275e+06  1.734680e+09
1     1544.162687    0.000142  0.000024  ...  0.000012  7.773264e+06  1.734680e+09
2     1544.159283    0.000312  0.000022  ...  0.000012  7.784974e+06  1.734680e+09
3     1544.162661    0.000327  0.000025  ...  0.000012  7.770396e+06  1.734680e+09
4     1544.159251    0.000138  0.000022  ...  0.000012  7.781379e+06  1.734680e+09
...           ...         ...       ...  ...       ...           ...           ...
1587  1544.162174    0.000128  0.000023  ...  0.000012  7.797020e+06  1.734696e+09
1588  1544.159643    0.000125  0.000022  ...  0.000012  7.809648e+06  1.734696e+09
1589  1544.162094    0.000113  0.000024  ...  0.000012  7.781320e+06  1.734696e+09
1590  1544.159728    0.000131  0.000022  ...  0.000012  7.784456e+06  1.734696e+09
1591  1544.162251    0.000161  0.000024  ...  0.000012  7.782015e+06  1.734696e+09

[1592 rows x 13 columns]
CHANNEL_3_2
           cbragg  cbragg_err   credchi  ...  cdelta_n            cL     timestamp
0     1545.064908    0.000114  0.000030  ...  0.000012  7.856684e+06  1.734680e+09
1     1545.074344    0.000202  0.000035  ...  0.000012  7.859156e+06  1.734680e+09
2     1545.064837    0.000270  0.000029  ...  0.000012  7.855916e+06  1.734680e+09
3     1545.074199    0.000129  0.000035  ...  0.000012  7.854994e+06  1.734680e+09
4     1545.064848    0.000306  0.000030  ...  0.000012  7.850209e+06  1.734680e+09
...           ...         ...       ...  ...       ...           ...           ...
1587  1545.074436    0.000175  0.000036  ...  0.000012  7.844729e+06  1.734696e+09
1588  1545.064789    0.000114  0.000030  ...  0.000012  7.865686e+06  1.734696e+09
1589  1545.074381    0.000114  0.000035  ...  0.000012  7.856743e+06  1.734696e+09
1590  1545.064792    0.000121  0.000030  ...  0.000012  7.866288e+06  1.734696e+09
1591  1545.074504    0.000128  0.000035  ...  0.000012  7.856159e+06  1.734696e+09

[1592 rows x 13 columns]
CHANNEL_3_3
           cbragg  cbragg_err   credchi  ...  cdelta_n            cL     timestamp
0     1545.830776    0.000107  0.000028  ...  0.000012  7.597393e+06  1.734680e+09
1     1545.831543    0.000110  0.000029  ...  0.000012  7.603253e+06  1.734680e+09
2     1545.830656    0.000107  0.000028  ...  0.000012  7.587283e+06  1.734680e+09
3     1545.831421    0.000109  0.000028  ...  0.000012  7.595608e+06  1.734680e+09
4     1545.830586    0.000108  0.000028  ...  0.000012  7.585486e+06  1.734680e+09
...           ...         ...       ...  ...       ...           ...           ...
1587  1545.830757    0.000109  0.000028  ...  0.000012  7.602779e+06  1.734696e+09
1588  1545.830597    0.000105  0.000028  ...  0.000012  7.592601e+06  1.734696e+09
1589  1545.830735    0.000111  0.000029  ...  0.000012  7.593504e+06  1.734696e+09
1590  1545.830396    0.000106  0.000028  ...  0.000012  7.598372e+06  1.734696e+09
1591  1545.830597    0.000109  0.000028  ...  0.000012  7.606239e+06  1.734696e+09

[1592 rows x 13 columns]
CHANNEL_3_4
           cbragg  cbragg_err   credchi  ...  cdelta_n            cL     timestamp
0     1546.683955    0.000095  0.000017  ...  0.000012  7.813548e+06  1.734680e+09
1     1546.694596    0.000096  0.000027  ...  0.000012  7.766457e+06  1.734680e+09
2     1546.683809    0.000095  0.000017  ...  0.000012  7.814960e+06  1.734680e+09
3     1546.694564    0.000093  0.000025  ...  0.000012  7.783432e+06  1.734680e+09
4     1546.683913    0.000097  0.000018  ...  0.000012  7.804760e+06  1.734680e+09
...           ...         ...       ...  ...       ...           ...           ...
1587  1546.694797    0.000096  0.000028  ...  0.000012  7.846744e+06  1.734696e+09
1588  1546.684175    0.000093  0.000017  ...  0.000012  7.842851e+06  1.734696e+09
1589  1546.694765    0.000094  0.000027  ...  0.000012  7.769932e+06  1.734696e+09
1590  1546.684162    0.000092  0.000016  ...  0.000012  7.817323e+06  1.734696e+09
1591  1546.694809    0.000096  0.000027  ...  0.000012  7.768171e+06  1.734696e+09

[1592 rows x 13 columns]
CHANNEL_3_5
           cbragg  cbragg_err   credchi  ...  cdelta_n            cL     timestamp
0     1547.710173    0.000077  0.000017  ...  0.000012  7.568057e+06  1.734680e+09
1     1547.707592    0.000081  0.000012  ...  0.000012  7.602956e+06  1.734680e+09
2     1547.710181    0.000078  0.000017  ...  0.000012  7.564119e+06  1.734680e+09
3     1547.707684    0.000080  0.000012  ...  0.000012  7.608021e+06  1.734680e+09
4     1547.710218    0.000076  0.000017  ...  0.000012  7.566366e+06  1.734680e+09
...           ...         ...       ...  ...       ...           ...           ...
1587  1547.707509    0.000081  0.000012  ...  0.000012  7.617352e+06  1.734696e+09
1588  1547.710138    0.000077  0.000017  ...  0.000012  7.570170e+06  1.734696e+09
1589  1547.707526    0.000083  0.000012  ...  0.000012  7.601563e+06  1.734696e+09
1590  1547.710205    0.000080  0.000019  ...  0.000012  7.555881e+06  1.734696e+09
1591  1547.707620    0.000081  0.000012  ...  0.000012  7.608549e+06  1.734696e+09

[1592 rows x 13 columns]
CHANNEL_3_6
           cbragg  cbragg_err   credchi  ...  cdelta_n            cL     timestamp
0     1548.691828    0.000081  0.000012  ...  0.000012  7.766333e+06  1.734680e+09
1     1548.698412    0.000079  0.000019  ...  0.000012  7.742115e+06  1.734680e+09
2     1548.691774    0.000082  0.000012  ...  0.000012  7.823292e+06  1.734680e+09
3     1548.698375    0.000080  0.000020  ...  0.000012  7.743510e+06  1.734680e+09
4     1548.691784    0.000081  0.000012  ...  0.000012  7.807978e+06  1.734680e+09
...           ...         ...       ...  ...       ...           ...           ...
1587  1548.698186    0.000081  0.000020  ...  0.000012  7.722855e+06  1.734696e+09
1588  1548.692111    0.000082  0.000012  ...  0.000012  7.808321e+06  1.734696e+09
1589  1548.698247    0.000081  0.000020  ...  0.000012  7.735408e+06  1.734696e+09
1590  1548.692078    0.000079  0.000012  ...  0.000012  7.814050e+06  1.734696e+09
1591  1548.698259    0.000081  0.000021  ...  0.000012  7.719550e+06  1.734696e+09

[1592 rows x 13 columns]
CHANNEL_3_7
           cbragg  cbragg_err   credchi  ...  cdelta_n            cL     timestamp
0     1549.716108    0.000090  0.000023  ...  0.000012  7.534544e+06  1.734680e+09
1     1549.713603    0.000091  0.000014  ...  0.000012  7.583908e+06  1.734680e+09
2     1549.716135    0.000089  0.000023  ...  0.000012  7.536446e+06  1.734680e+09
3     1549.713619    0.000091  0.000015  ...  0.000012  7.590205e+06  1.734680e+09
4     1549.716015    0.000089  0.000022  ...  0.000012  7.538236e+06  1.734680e+09
...           ...         ...       ...  ...       ...           ...           ...
1587  1549.713767    0.000089  0.000014  ...  0.000012  7.599625e+06  1.734696e+09
1588  1549.715947    0.000088  0.000022  ...  0.000012  7.544203e+06  1.734696e+09
1589  1549.713801    0.000090  0.000014  ...  0.000012  7.599803e+06  1.734696e+09
1590  1549.716057    0.000089  0.000022  ...  0.000012  7.534935e+06  1.734696e+09
1591  1549.713857    0.000124  0.000026  ...  0.000012  7.305010e+06  1.734696e+09

[1592 rows x 13 columns]
CHANNEL_3_8
           cbragg  cbragg_err   credchi  ...  cdelta_n            cL     timestamp
0     1550.669265    0.000093  0.000013  ...  0.000012  7.654515e+06  1.734680e+09
1     1550.669267    0.000092  0.000018  ...  0.000012  7.613118e+06  1.734680e+09
2     1550.669209    0.000096  0.000014  ...  0.000012  7.653818e+06  1.734680e+09
3     1550.669231    0.000090  0.000017  ...  0.000012  7.625897e+06  1.734680e+09
4     1550.669230    0.000094  0.000014  ...  0.000012  7.647155e+06  1.734680e+09
...           ...         ...       ...  ...       ...           ...           ...
1587  1550.669750    0.000091  0.000017  ...  0.000012  7.611677e+06  1.734696e+09
1588  1550.670318    0.000197  0.000056  ...  0.000012  7.132694e+06  1.734696e+09
1589  1550.669630    0.000088  0.000017  ...  0.000012  7.618913e+06  1.734696e+09
1590  1550.670355    0.000091  0.000013  ...  0.000012  7.656813e+06  1.734696e+09
1591  1550.669663    0.000090  0.000017  ...  0.000012  7.614351e+06  1.734696e+09

[1592 rows x 13 columns]
CHANNEL_3_9
           cbragg  cbragg_err   credchi  ...  cdelta_n            cL     timestamp
0     1551.665445    0.000093  0.000016  ...  0.000012  7.662246e+06  1.734680e+09
1     1551.666182    0.000099  0.000015  ...  0.000012  7.677549e+06  1.734680e+09
2     1551.665518    0.000094  0.000016  ...  0.000012  7.646015e+06  1.734680e+09
3     1551.666274    0.000097  0.000015  ...  0.000012  7.674378e+06  1.734680e+09
4     1551.665398    0.000094  0.000016  ...  0.000012  7.655868e+06  1.734680e+09
...           ...         ...       ...  ...       ...           ...           ...
1587  1551.666962    0.000096  0.000015  ...  0.000012  7.698213e+06  1.734696e+09
1588  1551.666081    0.000094  0.000016  ...  0.000012  7.668937e+06  1.734696e+09
1589  1551.666940    0.000097  0.000015  ...  0.000012  7.681542e+06  1.734696e+09
1590  1551.666102    0.000093  0.000016  ...  0.000012  7.675029e+06  1.734696e+09
1591  1551.666955    0.000096  0.000015  ...  0.000012  7.681273e+06  1.734696e+09

[1592 rows x 13 columns]
CHANNEL_3_10
           cbragg  cbragg_err   credchi  ...  cdelta_n            cL     timestamp
0     1552.673442    0.000105  0.000017  ...  0.000012  7.728725e+06  1.734680e+09
1     1552.672278    0.000114  0.000019  ...  0.000012  7.801600e+06  1.734680e+09
2     1552.673458    0.000104  0.000017  ...  0.000012  7.743751e+06  1.734680e+09
3     1552.672225    0.000142  0.000030  ...  0.000012  7.553789e+06  1.734680e+09
4     1552.673465    0.000107  0.000018  ...  0.000012  7.689023e+06  1.734680e+09
...           ...         ...       ...  ...       ...           ...           ...
1587  1552.672668    0.000215  0.000060  ...  0.000012  7.185074e+06  1.734696e+09
1588  1552.674453    0.000158  0.000037  ...  0.000012  7.340286e+06  1.734696e+09
1589  1552.672629    0.000201  0.000053  ...  0.000012  7.215804e+06  1.734696e+09
1590  1552.674429    0.000107  0.000019  ...  0.000012  7.731539e+06  1.734696e+09
1591  1552.672509    0.000111  0.000018  ...  0.000012  7.758080e+06  1.734696e+09

[1592 rows x 13 columns]
CHANNEL_3_11
           cbragg  cbragg_err   credchi  ...  cdelta_n            cL     timestamp
0     1553.634173    0.000129  0.000026  ...  0.000012  7.898119e+06  1.734680e+09
1     1553.643830    0.000130  0.000040  ...  0.000012  7.900027e+06  1.734680e+09
2     1553.634318    0.000129  0.000026  ...  0.000012  7.973023e+06  1.734680e+09
3     1553.643817    0.000129  0.000039  ...  0.000012  7.890757e+06  1.734680e+09
4     1553.634273    0.000127  0.000025  ...  0.000012  7.966669e+06  1.734680e+09
...           ...         ...       ...  ...       ...           ...           ...
1587  1553.644344    0.000129  0.000040  ...  0.000012  7.883816e+06  1.734696e+09
1588  1553.635058    0.000127  0.000026  ...  0.000012  7.964233e+06  1.734696e+09
1589  1553.644345    0.000129  0.000041  ...  0.000012  7.901641e+06  1.734696e+09
1590  1553.634958    0.000129  0.000026  ...  0.000012  7.952794e+06  1.734696e+09
1591  1553.644312    0.000128  0.000040  ...  0.000012  7.889879e+06  1.734696e+09

[1592 rows x 13 columns]
CHANNEL_3_12
           cbragg  cbragg_err   credchi  ...  cdelta_n            cL     timestamp
0     1554.617234    0.000098  0.000017  ...  0.000012  7.794091e+06  1.734680e+09
1     1554.614023    0.000103  0.000017  ...  0.000012  7.802577e+06  1.734680e+09
2     1554.617231    0.000099  0.000018  ...  0.000012  7.789867e+06  1.734680e+09
3     1554.614074    0.000101  0.000017  ...  0.000012  7.803255e+06  1.734680e+09
4     1554.617126    0.000098  0.000017  ...  0.000012  7.794852e+06  1.734680e+09
...           ...         ...       ...  ...       ...           ...           ...
1587  1554.614490    0.000101  0.000016  ...  0.000012  7.805970e+06  1.734696e+09
1588  1554.618224    0.000099  0.000018  ...  0.000012  7.796210e+06  1.734696e+09
1589  1554.614392    0.000101  0.000016  ...  0.000012  7.819098e+06  1.734696e+09
1590  1554.618190    0.000098  0.000018  ...  0.000012  7.802263e+06  1.734696e+09
1591  1554.614464    0.000099  0.000016  ...  0.000012  7.819293e+06  1.734696e+09

[1592 rows x 13 columns]
CHANNEL_3_13
           cbragg  cbragg_err   credchi  ...  cdelta_n            cL     timestamp
0     1555.621940    0.000087  0.000012  ...  0.000012  7.577290e+06  1.734680e+09
1     1555.626701    0.000089  0.000014  ...  0.000012  7.601798e+06  1.734680e+09
2     1555.621945    0.000088  0.000012  ...  0.000012  7.581339e+06  1.734680e+09
3     1555.626726    0.000086  0.000013  ...  0.000012  7.559034e+06  1.734680e+09
4     1555.622053    0.000086  0.000012  ...  0.000012  7.574289e+06  1.734680e+09
...           ...         ...       ...  ...       ...           ...           ...
1587  1555.627468    0.000124  0.000027  ...  0.000012  7.289346e+06  1.734696e+09
1588  1555.622652    0.000088  0.000012  ...  0.000012  7.561448e+06  1.734696e+09
1589  1555.627638    0.000088  0.000014  ...  0.000012  7.540424e+06  1.734696e+09
1590  1555.622547    0.000089  0.000013  ...  0.000012  7.567407e+06  1.734696e+09
1591  1555.627479    0.000088  0.000014  ...  0.000012  7.587672e+06  1.734696e+09

[1592 rows x 13 columns]
CHANNEL_3_14
           cbragg  cbragg_err   credchi  ...  cdelta_n            cL     timestamp
0     1556.578364    0.000195  0.000061  ...  0.000012  7.726365e+06  1.734680e+09
1     1556.577176    0.000191  0.000070  ...  0.000012  7.689892e+06  1.734680e+09
2     1556.578515    0.000192  0.000059  ...  0.000012  7.735531e+06  1.734680e+09
3     1556.577225    0.000193  0.000072  ...  0.000012  7.679375e+06  1.734680e+09
4     1556.578431    0.000191  0.000058  ...  0.000012  7.732251e+06  1.734680e+09
...           ...         ...       ...  ...       ...           ...           ...
1587  1556.577701    0.000189  0.000069  ...  0.000012  7.701176e+06  1.734696e+09
1588  1556.579599    0.000192  0.000061  ...  0.000012  7.747985e+06  1.734696e+09
1589  1556.577681    0.000189  0.000068  ...  0.000012  7.698156e+06  1.734696e+09
1590  1556.579570    0.000192  0.000061  ...  0.000012  7.726886e+06  1.734696e+09
1591  1556.577635    0.000190  0.000069  ...  0.000012  7.693515e+06  1.734696e+09

[1592 rows x 13 columns]
