CHANNEL_0_1
           cbragg  cbragg_err   credchi  ...  cdelta_n            cL     timestamp
0     1544.610563    0.000119  0.000046  ...  0.000012  7.678869e+06  1.735553e+09
1     1544.619434    0.000137  0.000057  ...  0.000012  7.667645e+06  1.735553e+09
2     1544.610518    0.000102  0.000046  ...  0.000012  7.672412e+06  1.735553e+09
3     1544.619335    0.000116  0.000056  ...  0.000012  7.674935e+06  1.735553e+09
4     1544.610473    0.000130  0.000046  ...  0.000012  7.675220e+06  1.735553e+09
...           ...         ...       ...  ...       ...           ...           ...
1587  1544.620147    0.000115  0.000056  ...  0.000012  7.674315e+06  1.735569e+09
1588  1544.611351    0.000112  0.000048  ...  0.000012  7.662742e+06  1.735569e+09
1589  1544.620102    0.000144  0.000058  ...  0.000012  7.668508e+06  1.735569e+09
1590  1544.611311    0.000108  0.000047  ...  0.000012  7.681306e+06  1.735569e+09
1591  1544.620022    0.000143  0.000057  ...  0.000012  7.675223e+06  1.735569e+09

[1592 rows x 13 columns]
CHANNEL_0_2
           cbragg  cbragg_err   credchi  ...  cdelta_n            cL     timestamp
0     1545.443149    0.000101  0.000022  ...  0.000012  7.604552e+06  1.735553e+09
1     1545.445194    0.000098  0.000022  ...  0.000012  7.620577e+06  1.735553e+09
2     1545.443220    0.000099  0.000021  ...  0.000012  7.613095e+06  1.735553e+09
3     1545.445014    0.000096  0.000021  ...  0.000012  7.624773e+06  1.735553e+09
4     1545.443230    0.000098  0.000020  ...  0.000012  7.623200e+06  1.735553e+09
...           ...         ...       ...  ...       ...           ...           ...
1587  1545.445955    0.000095  0.000021  ...  0.000012  7.624300e+06  1.735569e+09
1588  1545.443992    0.000101  0.000022  ...  0.000012  7.613054e+06  1.735569e+09
1589  1545.445876    0.000100  0.000023  ...  0.000012  7.613337e+06  1.735569e+09
1590  1545.443982    0.000099  0.000021  ...  0.000012  7.617908e+06  1.735569e+09
1591  1545.445865    0.000096  0.000022  ...  0.000012  7.597588e+06  1.735569e+09

[1592 rows x 13 columns]
CHANNEL_0_3
           cbragg  cbragg_err   credchi  ...  cdelta_n            cL     timestamp
0     1546.115154    0.000075  0.000019  ...  0.000012  7.745593e+06  1.735553e+09
1     1546.123799    0.000165  0.000127  ...  0.000012  8.039547e+06  1.735553e+09
2     1546.115311    0.000073  0.000018  ...  0.000012  7.749795e+06  1.735553e+09
3     1546.123887    0.000077  0.000027  ...  0.000012  7.720941e+06  1.735553e+09
4     1546.115087    0.000076  0.000019  ...  0.000012  7.742303e+06  1.735553e+09
...           ...         ...       ...  ...       ...           ...           ...
1587  1546.120505    0.000106  0.000050  ...  0.000012  7.674839e+06  1.735569e+09
1588  1546.111697    0.000105  0.000036  ...  0.000012  7.671197e+06  1.735569e+09
1589  1546.120569    0.000104  0.000049  ...  0.000012  7.687949e+06  1.735569e+09
1590  1546.111711    0.000105  0.000036  ...  0.000012  7.675663e+06  1.735569e+09
1591  1546.120388    0.000109  0.000054  ...  0.000012  7.764649e+06  1.735569e+09

[1592 rows x 13 columns]
CHANNEL_0_4
           cbragg  cbragg_err   credchi  ...  cdelta_n            cL     timestamp
0     1547.113447    0.000116  0.000047  ...  0.000012  7.853796e+06  1.735553e+09
1     1547.115047    0.000135  0.000074  ...  0.000012  8.116207e+06  1.735553e+09
2     1547.113356    0.000115  0.000047  ...  0.000012  7.858003e+06  1.735553e+09
3     1547.114955    0.000114  0.000050  ...  0.000012  7.868062e+06  1.735553e+09
4     1547.113500    0.000118  0.000048  ...  0.000012  7.856698e+06  1.735553e+09
...           ...         ...       ...  ...       ...           ...           ...
1587  1547.115562    0.000113  0.000050  ...  0.000012  7.865237e+06  1.735569e+09
1588  1547.113858    0.000116  0.000048  ...  0.000012  7.851613e+06  1.735569e+09
1589  1547.115545    0.000116  0.000052  ...  0.000012  7.851666e+06  1.735569e+09
1590  1547.113824    0.000115  0.000047  ...  0.000012  7.846624e+06  1.735569e+09
1591  1547.115534    0.000114  0.000050  ...  0.000012  7.867397e+06  1.735569e+09

[1592 rows x 13 columns]
CHANNEL_0_5
           cbragg  cbragg_err   credchi  ...  cdelta_n            cL     timestamp
0     1548.087407    0.000093  0.000042  ...  0.000012  7.724904e+06  1.735553e+09
1     1548.092472    0.000094  0.000037  ...  0.000012  7.689417e+06  1.735553e+09
2     1548.087376    0.000091  0.000040  ...  0.000012  7.693283e+06  1.735553e+09
3     1548.092353    0.000120  0.000062  ...  0.000012  7.911778e+06  1.735553e+09
4     1548.087419    0.000103  0.000052  ...  0.000012  7.813161e+06  1.735553e+09
...           ...         ...       ...  ...       ...           ...           ...
1587  1548.092528    0.000117  0.000060  ...  0.000012  7.877739e+06  1.735569e+09
1588  1548.087579    0.000092  0.000041  ...  0.000012  7.691029e+06  1.735569e+09
1589  1548.092559    0.000103  0.000044  ...  0.000012  7.735940e+06  1.735569e+09
1590  1548.088299    0.000131  0.000086  ...  0.000012  7.906856e+06  1.735569e+09
1591  1548.092546    0.000099  0.000041  ...  0.000012  7.718210e+06  1.735569e+09

[1592 rows x 13 columns]
CHANNEL_0_6
           cbragg  cbragg_err   credchi  ...  cdelta_n            cL     timestamp
0     1549.065478    0.000079  0.000024  ...  0.000012  7.558931e+06  1.735553e+09
1     1549.074912    0.000203  0.000282  ...  0.000012  8.002665e+06  1.735553e+09
2     1549.065575    0.000077  0.000022  ...  0.000012  7.553079e+06  1.735553e+09
3     1549.074843    0.000108  0.000076  ...  0.000012  7.678227e+06  1.735553e+09
4     1549.065482    0.000078  0.000023  ...  0.000012  7.562910e+06  1.735553e+09
...           ...         ...       ...  ...       ...           ...           ...
1587  1549.074838    0.000083  0.000044  ...  0.000012  7.476644e+06  1.735569e+09
1588  1549.065552    0.000078  0.000023  ...  0.000012  7.581520e+06  1.735569e+09
1589  1549.075057    0.000085  0.000046  ...  0.000012  7.477905e+06  1.735569e+09
1590  1549.065539    0.000077  0.000023  ...  0.000012  7.558851e+06  1.735569e+09
1591  1549.074984    0.000082  0.000043  ...  0.000012  7.477618e+06  1.735569e+09

[1592 rows x 13 columns]
CHANNEL_0_7
           cbragg  cbragg_err   credchi  ...  cdelta_n            cL     timestamp
0     1550.070533    0.000124  0.000045  ...  0.000012  7.601675e+06  1.735553e+09
1     1550.073007    0.000123  0.000047  ...  0.000012  7.618349e+06  1.735553e+09
2     1550.070597    0.000124  0.000045  ...  0.000012  7.606670e+06  1.735553e+09
3     1550.072983    0.000122  0.000046  ...  0.000012  7.623761e+06  1.735553e+09
4     1550.070550    0.000124  0.000045  ...  0.000012  7.599451e+06  1.735553e+09
...           ...         ...       ...  ...       ...           ...           ...
1587  1550.072931    0.000122  0.000046  ...  0.000012  7.624895e+06  1.735569e+09
1588  1550.070576    0.000140  0.000058  ...  0.000012  7.700804e+06  1.735569e+09
1589  1550.072931    0.000126  0.000050  ...  0.000012  7.681641e+06  1.735569e+09
1590  1550.070626    0.000130  0.000050  ...  0.000012  7.708813e+06  1.735569e+09
1591  1550.072938    0.000124  0.000048  ...  0.000012  7.619773e+06  1.735569e+09

[1592 rows x 13 columns]
CHANNEL_0_8
           cbragg  cbragg_err   credchi  ...  cdelta_n            cL     timestamp
0     1551.045509    0.000071  0.000014  ...  0.000012  7.631385e+06  1.735553e+09
1     1551.052881    0.000073  0.000018  ...  0.000012  7.624384e+06  1.735553e+09
2     1551.045514    0.000073  0.000015  ...  0.000012  7.627090e+06  1.735553e+09
3     1551.052865    0.000073  0.000018  ...  0.000012  7.636862e+06  1.735553e+09
4     1551.045497    0.000073  0.000015  ...  0.000012  7.613581e+06  1.735553e+09
...           ...         ...       ...  ...       ...           ...           ...
1587  1551.049339    0.000072  0.000018  ...  0.000012  7.624037e+06  1.735569e+09
1588  1551.042083    0.000072  0.000015  ...  0.000012  7.614215e+06  1.735569e+09
1589  1551.049456    0.000073  0.000018  ...  0.000012  7.608596e+06  1.735569e+09
1590  1551.042188    0.000072  0.000015  ...  0.000012  7.616487e+06  1.735569e+09
1591  1551.049440    0.000074  0.000018  ...  0.000012  7.633246e+06  1.735569e+09

[1592 rows x 13 columns]
CHANNEL_0_9
           cbragg  cbragg_err   credchi  ...  cdelta_n            cL     timestamp
0     1552.026980    0.000091  0.000016  ...  0.000012  7.717822e+06  1.735553e+09
1     1552.036708    0.000087  0.000027  ...  0.000012  7.681797e+06  1.735553e+09
2     1552.027065    0.000090  0.000016  ...  0.000012  7.736133e+06  1.735553e+09
3     1552.036719    0.000086  0.000027  ...  0.000012  7.688729e+06  1.735553e+09
4     1552.027025    0.000089  0.000015  ...  0.000012  7.733163e+06  1.735553e+09
...           ...         ...       ...  ...       ...           ...           ...
1587  1552.033239    0.000147  0.000080  ...  0.000012  7.942513e+06  1.735569e+09
1588  1552.023660    0.000092  0.000016  ...  0.000012  7.728670e+06  1.735569e+09
1589  1552.033295    0.000155  0.000086  ...  0.000012  7.891043e+06  1.735569e+09
1590  1552.023628    0.000092  0.000016  ...  0.000012  7.734594e+06  1.735569e+09
1591  1552.033286    0.000089  0.000029  ...  0.000012  7.649677e+06  1.735569e+09

[1592 rows x 13 columns]
CHANNEL_0_10
           cbragg  cbragg_err   credchi  ...  cdelta_n            cL     timestamp
0     1553.036655    0.000094  0.000021  ...  0.000012  7.676722e+06  1.735553e+09
1     1553.037569    0.000096  0.000018  ...  0.000012  7.711011e+06  1.735553e+09
2     1553.036726    0.000094  0.000021  ...  0.000012  7.684889e+06  1.735553e+09
3     1553.037645    0.000096  0.000018  ...  0.000012  7.736235e+06  1.735553e+09
4     1553.036681    0.000093  0.000021  ...  0.000012  7.679801e+06  1.735553e+09
...           ...         ...       ...  ...       ...           ...           ...
1587  1553.034162    0.000094  0.000017  ...  0.000012  7.673878e+06  1.735569e+09
1588  1553.033383    0.000093  0.000021  ...  0.000012  7.674830e+06  1.735569e+09
1589  1553.034303    0.000092  0.000017  ...  0.000012  7.742887e+06  1.735569e+09
1590  1553.033542    0.000093  0.000021  ...  0.000012  7.697568e+06  1.735569e+09
1591  1553.034281    0.000095  0.000017  ...  0.000012  7.705916e+06  1.735569e+09

[1592 rows x 13 columns]
CHANNEL_0_11
           cbragg  cbragg_err   credchi  ...  cdelta_n            cL     timestamp
0     1554.041663    0.000075  0.000009  ...  0.000012  7.663198e+06  1.735553e+09
1     1554.051147    0.000073  0.000015  ...  0.000012  7.647750e+06  1.735553e+09
2     1554.041809    0.000071  0.000008  ...  0.000012  7.707265e+06  1.735553e+09
3     1554.051170    0.000072  0.000015  ...  0.000012  7.638593e+06  1.735553e+09
4     1554.041580    0.000071  0.000008  ...  0.000012  7.713722e+06  1.735553e+09
...           ...         ...       ...  ...       ...           ...           ...
1587  1554.047664    0.000072  0.000015  ...  0.000012  7.648005e+06  1.735569e+09
1588  1554.038286    0.000074  0.000009  ...  0.000012  7.721648e+06  1.735569e+09
1589  1554.047818    0.000073  0.000015  ...  0.000012  7.632903e+06  1.735569e+09
1590  1554.038325    0.000073  0.000008  ...  0.000012  7.705594e+06  1.735569e+09
1591  1554.047762    0.000072  0.000014  ...  0.000012  7.629569e+06  1.735569e+09

[1592 rows x 13 columns]
CHANNEL_0_12
           cbragg  cbragg_err   credchi  ...  cdelta_n            cL     timestamp
0     1555.070015    0.000143  0.000072  ...  0.000012  7.739959e+06  1.735553e+09
1     1555.072022    0.000133  0.000058  ...  0.000012  7.329772e+06  1.735553e+09
2     1555.069873    0.000115  0.000045  ...  0.000012  7.510264e+06  1.735553e+09
3     1555.071922    0.000114  0.000043  ...  0.000012  7.523246e+06  1.735553e+09
4     1555.069899    0.000117  0.000047  ...  0.000012  7.508466e+06  1.735553e+09
...           ...         ...       ...  ...       ...           ...           ...
1587  1555.068511    0.000118  0.000046  ...  0.000012  7.493788e+06  1.735569e+09
1588  1555.066557    0.000119  0.000049  ...  0.000012  7.556958e+06  1.735569e+09
1589  1555.068623    0.000120  0.000048  ...  0.000012  7.558190e+06  1.735569e+09
1590  1555.066534    0.000118  0.000048  ...  0.000012  7.516567e+06  1.735569e+09
1591  1555.068451    0.000118  0.000047  ...  0.000012  7.495817e+06  1.735569e+09

[1592 rows x 13 columns]
CHANNEL_0_13
           cbragg  cbragg_err   credchi  ...  cdelta_n            cL     timestamp
0     1556.042152    0.000139  0.000035  ...  0.000012  7.682951e+06  1.735553e+09
1     1556.050336    0.000137  0.000045  ...  0.000012  7.703718e+06  1.735553e+09
2     1556.042179    0.000141  0.000036  ...  0.000012  7.676001e+06  1.735553e+09
3     1556.050349    0.000135  0.000043  ...  0.000012  7.692963e+06  1.735553e+09
4     1556.042217    0.000139  0.000035  ...  0.000012  7.686515e+06  1.735553e+09
...           ...         ...       ...  ...       ...           ...           ...
1587  1556.046863    0.000139  0.000046  ...  0.000012  7.686922e+06  1.735569e+09
1588  1556.038908    0.000140  0.000035  ...  0.000012  7.680419e+06  1.735569e+09
1589  1556.047044    0.000136  0.000044  ...  0.000012  7.690886e+06  1.735569e+09
1590  1556.038834    0.000139  0.000035  ...  0.000012  7.682974e+06  1.735569e+09
1591  1556.046937    0.000137  0.000045  ...  0.000012  7.696302e+06  1.735569e+09

[1592 rows x 13 columns]
CHANNEL_0_14
           cbragg  cbragg_err   credchi  ...  cdelta_n            cL     timestamp
0     1557.014874    0.000098  0.000027  ...  0.000012  7.661571e+06  1.735553e+09
1     1557.019098    0.000100  0.000035  ...  0.000012  7.622088e+06  1.735553e+09
2     1557.014899    0.000098  0.000027  ...  0.000012  7.674577e+06  1.735553e+09
3     1557.019067    0.000101  0.000036  ...  0.000012  7.618311e+06  1.735553e+09
4     1557.014817    0.000098  0.000027  ...  0.000012  7.669725e+06  1.735553e+09
...           ...         ...       ...  ...       ...           ...           ...
1587  1557.015559    0.000102  0.000037  ...  0.000012  7.602917e+06  1.735569e+09
1588  1557.011540    0.000099  0.000027  ...  0.000012  7.674371e+06  1.735569e+09
1589  1557.015701    0.000102  0.000037  ...  0.000012  7.605218e+06  1.735569e+09
1590  1557.011484    0.000100  0.000028  ...  0.000012  7.665982e+06  1.735569e+09
1591  1557.015627    0.000101  0.000036  ...  0.000012  7.607263e+06  1.735569e+09

[1592 rows x 13 columns]
CHANNEL_1_1
           cbragg  cbragg_err   credchi  ...  cdelta_n            cL     timestamp
0     1556.170687    0.000176  0.000026  ...  0.000012  2.589837e+06  1.735553e+09
1     1556.170244    0.000141  0.000016  ...  0.000012  2.608622e+06  1.735553e+09
2     1556.169340    0.001183  0.002714  ...  0.000012  3.509671e+06  1.735553e+09
3     1556.170339    0.000512  0.000337  ...  0.000012  3.004496e+06  1.735553e+09
4     1556.171301    0.000271  0.000059  ...  0.000012  2.539277e+06  1.735553e+09
...           ...         ...       ...  ...       ...           ...           ...
1587  1556.167931    0.000168  0.000023  ...  0.000012  2.584130e+06  1.735569e+09
1588  1556.167924    0.000124  0.000014  ...  0.000012  2.624298e+06  1.735569e+09
1589  1556.167514    0.000076  0.000005  ...  0.000012  2.666157e+06  1.735569e+09
1590  1556.167742    0.000877  0.001263  ...  0.000012  3.250781e+06  1.735569e+09
1591  1556.167928    0.000078  0.000006  ...  0.000012  2.660408e+06  1.735569e+09

[1592 rows x 13 columns]
CHANNEL_1_2
           cbragg  cbragg_err   credchi  ...  cdelta_n            cL     timestamp
0     1558.201651    0.000124  0.000021  ...  0.000012  2.798292e+06  1.735553e+09
1     1558.203169    0.001115  0.003194  ...  0.000012  3.540609e+06  1.735553e+09
2     1558.201668    0.000128  0.000023  ...  0.000012  2.790660e+06  1.735553e+09
3     1558.203085    0.000872  0.001919  ...  0.000012  3.425770e+06  1.735553e+09
4     1558.201169    0.000481  0.000439  ...  0.000012  3.108288e+06  1.735553e+09
...           ...         ...       ...  ...       ...           ...           ...
1587  1558.201695    0.001054  0.003157  ...  0.000012  3.599714e+06  1.735569e+09
1588  1558.200401    0.000135  0.000025  ...  0.000012  2.763348e+06  1.735569e+09
1589  1558.202999    0.000117  0.000020  ...  0.000012  2.790280e+06  1.735569e+09
1590  1558.200445    0.000150  0.000030  ...  0.000012  2.750036e+06  1.735569e+09
1591  1558.203589    0.000451  0.000346  ...  0.000012  2.997449e+06  1.735569e+09

[1592 rows x 13 columns]
CHANNEL_1_3
           cbragg  cbragg_err   credchi  ...  cdelta_n            cL     timestamp
0     1561.018382    0.000056  0.000005  ...  0.000012  2.957142e+06  1.735553e+09
1     1561.014864    0.000064  0.000007  ...  0.000012  2.935517e+06  1.735553e+09
2     1561.018474    0.000065  0.000007  ...  0.000012  2.943417e+06  1.735553e+09
3     1561.014754    0.000046  0.000003  ...  0.000012  2.932785e+06  1.735553e+09
4     1561.018362    0.000129  0.000025  ...  0.000012  2.852284e+06  1.735553e+09
...           ...         ...       ...  ...       ...           ...           ...
1587  1561.013783    0.000049  0.000004  ...  0.000012  2.924372e+06  1.735569e+09
1588  1561.017377    0.000053  0.000005  ...  0.000012  2.927119e+06  1.735569e+09
1589  1561.013946    0.000201  0.000059  ...  0.000012  2.806828e+06  1.735569e+09
1590  1561.017270    0.000165  0.000049  ...  0.000012  3.047096e+06  1.735569e+09
1591  1561.013721    0.000145  0.000037  ...  0.000012  3.025640e+06  1.735569e+09

[1592 rows x 13 columns]
CHANNEL_2_1
           cbragg  cbragg_err   credchi  ...  cdelta_n            cL     timestamp
0     1543.590659    0.000078  0.000006  ...  0.000012  2.768183e+06  1.735553e+09
1     1543.589782    0.000230  0.000006  ...  0.000012  2.768473e+06  1.735553e+09
2     1543.590734    0.000078  0.000006  ...  0.000012  2.767381e+06  1.735553e+09
3     1543.589802    0.000077  0.000006  ...  0.000012  2.768846e+06  1.735553e+09
4     1543.590796    0.000080  0.000006  ...  0.000012  2.767240e+06  1.735553e+09
...           ...         ...       ...  ...       ...           ...           ...
1587  1543.586965    0.000080  0.000006  ...  0.000012  2.770606e+06  1.735569e+09
1588  1543.588055    0.000079  0.000006  ...  0.000012  2.768331e+06  1.735569e+09
1589  1543.587185    0.000089  0.000006  ...  0.000012  2.768931e+06  1.735569e+09
1590  1543.588514    0.000082  0.000006  ...  0.000012  2.768083e+06  1.735569e+09
1591  1543.587647    0.000076  0.000006  ...  0.000012  2.770276e+06  1.735569e+09

[1592 rows x 13 columns]
CHANNEL_2_2
           cbragg  cbragg_err   credchi  ...  cdelta_n            cL     timestamp
0     1545.925399    0.000118  0.000011  ...  0.000012  2.678535e+06  1.735553e+09
1     1545.927036    0.000121  0.000011  ...  0.000012  2.672961e+06  1.735553e+09
2     1545.925337    0.000116  0.000010  ...  0.000012  2.682892e+06  1.735553e+09
3     1545.926868    0.000114  0.000010  ...  0.000012  2.684311e+06  1.735553e+09
4     1545.925636    0.000152  0.000016  ...  0.000012  2.632382e+06  1.735553e+09
...           ...         ...       ...  ...       ...           ...           ...
1587  1545.924390    0.000364  0.000126  ...  0.000012  2.896683e+06  1.735569e+09
1588  1545.924229    0.000214  0.000032  ...  0.000012  2.609804e+06  1.735569e+09
1589  1545.923566    0.000855  0.000986  ...  0.000012  3.266360e+06  1.735569e+09
1590  1545.925653    0.000689  0.000237  ...  0.000012  2.379257e+06  1.735569e+09
1591  1545.923379    0.000903  0.001155  ...  0.000012  3.320997e+06  1.735569e+09

[1592 rows x 13 columns]
CHANNEL_2_3
           cbragg  cbragg_err   credchi  ...  cdelta_n            cL     timestamp
0     1548.522476    0.000980  0.001783  ...  0.000012  3.622802e+06  1.735553e+09
1     1548.523363    0.000099  0.000010  ...  0.000012  2.888887e+06  1.735553e+09
2     1548.521920    0.000128  0.000017  ...  0.000012  2.838527e+06  1.735553e+09
3     1548.523358    0.000321  0.000100  ...  0.000012  2.760887e+06  1.735553e+09
4     1548.521994    0.000097  0.000010  ...  0.000012  2.881609e+06  1.735553e+09
...           ...         ...       ...  ...       ...           ...           ...
1587  1548.522340    0.000125  0.000016  ...  0.000012  2.836736e+06  1.735569e+09
1588  1548.521863    0.000183  0.000036  ...  0.000012  2.934564e+06  1.735569e+09
1589  1548.522571    0.000099  0.000010  ...  0.000012  2.866885e+06  1.735569e+09
1590  1548.521031    0.000099  0.000011  ...  0.000012  2.881752e+06  1.735569e+09
1591  1548.522520    0.000548  0.000409  ...  0.000012  3.217295e+06  1.735569e+09

[1592 rows x 13 columns]
CHANNEL_3_1
           cbragg  cbragg_err   credchi  ...  cdelta_n            cL     timestamp
0     1544.134086    0.000111  0.000027  ...  0.000012  7.763305e+06  1.735553e+09
1     1544.131488    0.000130  0.000019  ...  0.000012  7.808551e+06  1.735553e+09
2     1544.134024    0.000121  0.000027  ...  0.000012  7.767450e+06  1.735553e+09
3     1544.131433    0.000119  0.000020  ...  0.000012  7.808529e+06  1.735553e+09
4     1544.133929    0.000190  0.000027  ...  0.000012  7.762828e+06  1.735553e+09
...           ...         ...       ...  ...       ...           ...           ...
1587  1544.131520    0.000159  0.000019  ...  0.000012  7.818458e+06  1.735569e+09
1588  1544.134208    0.000274  0.000027  ...  0.000012  7.757903e+06  1.735569e+09
1589  1544.131519    0.000119  0.000020  ...  0.000012  7.799916e+06  1.735569e+09
1590  1544.134218    0.000109  0.000026  ...  0.000012  7.775622e+06  1.735569e+09
1591  1544.131553    0.000481  0.000019  ...  0.000012  7.823386e+06  1.735569e+09

[1592 rows x 13 columns]
CHANNEL_3_2
           cbragg  cbragg_err   credchi  ...  cdelta_n            cL     timestamp
0     1545.027810    0.000110  0.000022  ...  0.000012  7.897248e+06  1.735553e+09
1     1545.038348    0.000199  0.000039  ...  0.000012  7.823655e+06  1.735553e+09
2     1545.027697    0.000104  0.000020  ...  0.000012  7.920777e+06  1.735553e+09
3     1545.038280    0.000108  0.000037  ...  0.000012  7.835323e+06  1.735553e+09
4     1545.027740    0.000114  0.000022  ...  0.000012  7.893550e+06  1.735553e+09
...           ...         ...       ...  ...       ...           ...           ...
1587  1545.038495    0.000170  0.000039  ...  0.000012  7.823120e+06  1.735569e+09
1588  1545.028006    0.000110  0.000022  ...  0.000012  7.903422e+06  1.735569e+09
1589  1545.038580    0.000270  0.000041  ...  0.000012  7.821415e+06  1.735569e+09
1590  1545.028074    0.000112  0.000022  ...  0.000012  7.899275e+06  1.735569e+09
1591  1545.038506    0.000115  0.000040  ...  0.000012  7.820392e+06  1.735569e+09

[1592 rows x 13 columns]
CHANNEL_3_3
           cbragg  cbragg_err   credchi  ...  cdelta_n            cL     timestamp
0     1545.739803    0.000106  0.000031  ...  0.000012  7.561823e+06  1.735553e+09
1     1545.741323    0.000111  0.000024  ...  0.000012  7.545228e+06  1.735553e+09
2     1545.739843    0.000108  0.000032  ...  0.000012  7.545292e+06  1.735553e+09
3     1545.741505    0.000112  0.000025  ...  0.000012  7.589140e+06  1.735553e+09
4     1545.739636    0.000109  0.000032  ...  0.000012  7.560614e+06  1.735553e+09
...           ...         ...       ...  ...       ...           ...           ...
1587  1545.730932    0.000121  0.000029  ...  0.000012  7.585677e+06  1.735569e+09
1588  1545.728896    0.000118  0.000038  ...  0.000012  7.560841e+06  1.735569e+09
1589  1545.730436    0.000121  0.000029  ...  0.000012  7.599820e+06  1.735569e+09
1590  1545.728876    0.000119  0.000039  ...  0.000012  7.563624e+06  1.735569e+09
1591  1545.730356    0.000121  0.000029  ...  0.000012  7.599387e+06  1.735569e+09

[1592 rows x 13 columns]
CHANNEL_3_4
           cbragg  cbragg_err   credchi  ...  cdelta_n            cL     timestamp
0     1546.682367    0.000099  0.000017  ...  0.000012  7.791483e+06  1.735553e+09
1     1546.689768    0.000098  0.000027  ...  0.000012  7.732988e+06  1.735553e+09
2     1546.682224    0.000099  0.000017  ...  0.000012  7.801974e+06  1.735553e+09
3     1546.689633    0.000097  0.000026  ...  0.000012  7.730985e+06  1.735553e+09
4     1546.682335    0.000097  0.000017  ...  0.000012  7.796420e+06  1.735553e+09
...           ...         ...       ...  ...       ...           ...           ...
1587  1546.689551    0.000099  0.000027  ...  0.000012  7.727512e+06  1.735569e+09
1588  1546.682154    0.000097  0.000017  ...  0.000012  7.806277e+06  1.735569e+09
1589  1546.689533    0.000100  0.000028  ...  0.000012  7.728460e+06  1.735569e+09
1590  1546.682183    0.000100  0.000018  ...  0.000012  7.780261e+06  1.735569e+09
1591  1546.689512    0.000099  0.000027  ...  0.000012  7.720171e+06  1.735569e+09

[1592 rows x 13 columns]
CHANNEL_3_5
           cbragg  cbragg_err   credchi  ...  cdelta_n            cL     timestamp
0     1547.702787    0.000076  0.000014  ...  0.000012  7.591715e+06  1.735553e+09
1     1547.709137    0.000078  0.000013  ...  0.000012  7.629056e+06  1.735553e+09
2     1547.702804    0.000078  0.000015  ...  0.000012  7.591837e+06  1.735553e+09
3     1547.709180    0.000079  0.000014  ...  0.000012  7.629312e+06  1.735553e+09
4     1547.702820    0.000076  0.000014  ...  0.000012  7.598070e+06  1.735553e+09
...           ...         ...       ...  ...       ...           ...           ...
1587  1547.709057    0.000077  0.000013  ...  0.000012  7.639610e+06  1.735569e+09
1588  1547.702661    0.000077  0.000015  ...  0.000012  7.590002e+06  1.735569e+09
1589  1547.709019    0.000076  0.000013  ...  0.000012  7.620185e+06  1.735569e+09
1590  1547.702650    0.000077  0.000015  ...  0.000012  7.595995e+06  1.735569e+09
1591  1547.709087    0.000077  0.000013  ...  0.000012  7.630720e+06  1.735569e+09

[1592 rows x 13 columns]
CHANNEL_3_6
           cbragg  cbragg_err   credchi  ...  cdelta_n            cL     timestamp
0     1548.691483    0.000081  0.000015  ...  0.000012  7.715898e+06  1.735553e+09
1     1548.693446    0.000080  0.000015  ...  0.000012  7.773941e+06  1.735553e+09
2     1548.691481    0.000081  0.000015  ...  0.000012  7.768391e+06  1.735553e+09
3     1548.693497    0.000080  0.000015  ...  0.000012  7.771314e+06  1.735553e+09
4     1548.691506    0.000081  0.000015  ...  0.000012  7.768290e+06  1.735553e+09
...           ...         ...       ...  ...       ...           ...           ...
1587  1548.693148    0.000082  0.000016  ...  0.000012  7.767423e+06  1.735569e+09
1588  1548.691287    0.000081  0.000015  ...  0.000012  7.770320e+06  1.735569e+09
1589  1548.693254    0.000082  0.000016  ...  0.000012  7.767891e+06  1.735569e+09
1590  1548.691238    0.000082  0.000015  ...  0.000012  7.757624e+06  1.735569e+09
1591  1548.693247    0.000092  0.000020  ...  0.000012  7.592393e+06  1.735569e+09

[1592 rows x 13 columns]
CHANNEL_3_7
           cbragg  cbragg_err   credchi  ...  cdelta_n            cL     timestamp
0     1549.706582    0.000086  0.000014  ...  0.000012  7.610333e+06  1.735553e+09
1     1549.716601    0.000086  0.000020  ...  0.000012  7.585045e+06  1.735553e+09
2     1549.706389    0.000088  0.000014  ...  0.000012  7.609011e+06  1.735553e+09
3     1549.716504    0.000087  0.000020  ...  0.000012  7.590844e+06  1.735553e+09
4     1549.706562    0.000088  0.000015  ...  0.000012  7.596807e+06  1.735553e+09
...           ...         ...       ...  ...       ...           ...           ...
1587  1549.716260    0.000089  0.000021  ...  0.000012  7.590529e+06  1.735569e+09
1588  1549.706126    0.000086  0.000014  ...  0.000012  7.610246e+06  1.735569e+09
1589  1549.716282    0.000088  0.000021  ...  0.000012  7.644927e+06  1.735569e+09
1590  1549.706169    0.000088  0.000015  ...  0.000012  7.618488e+06  1.735569e+09
1591  1549.716373    0.000085  0.000019  ...  0.000012  7.583162e+06  1.735569e+09

[1592 rows x 13 columns]
CHANNEL_3_8
           cbragg  cbragg_err   credchi  ...  cdelta_n            cL     timestamp
0     1550.669216    0.000090  0.000017  ...  0.000012  7.628494e+06  1.735553e+09
1     1550.665817    0.000093  0.000014  ...  0.000012  7.646531e+06  1.735553e+09
2     1550.669286    0.000127  0.000033  ...  0.000012  7.382131e+06  1.735553e+09
3     1550.665724    0.000096  0.000014  ...  0.000012  7.656964e+06  1.735553e+09
4     1550.669224    0.000090  0.000017  ...  0.000012  7.631711e+06  1.735553e+09
...           ...         ...       ...  ...       ...           ...           ...
1587  1550.662746    0.000095  0.000014  ...  0.000012  7.651832e+06  1.735569e+09
1588  1550.666136    0.000089  0.000016  ...  0.000012  7.631324e+06  1.735569e+09
1589  1550.662756    0.000094  0.000014  ...  0.000012  7.659158e+06  1.735569e+09
1590  1550.666325    0.000089  0.000016  ...  0.000012  7.631603e+06  1.735569e+09
1591  1550.662912    0.000094  0.000014  ...  0.000012  7.655464e+06  1.735569e+09

[1592 rows x 13 columns]
CHANNEL_3_9
           cbragg  cbragg_err   credchi  ...  cdelta_n            cL     timestamp
0     1551.659298    0.000093  0.000011  ...  0.000012  7.746341e+06  1.735553e+09
1     1551.668085    0.000091  0.000018  ...  0.000012  7.672674e+06  1.735553e+09
2     1551.659262    0.000091  0.000010  ...  0.000012  7.747718e+06  1.735553e+09
3     1551.668094    0.000090  0.000018  ...  0.000012  7.684380e+06  1.735553e+09
4     1551.659230    0.000092  0.000011  ...  0.000012  7.748226e+06  1.735553e+09
...           ...         ...       ...  ...       ...           ...           ...
1587  1551.665114    0.000089  0.000017  ...  0.000012  7.673904e+06  1.735569e+09
1588  1551.656166    0.000091  0.000010  ...  0.000012  7.743654e+06  1.735569e+09
1589  1551.665123    0.000089  0.000018  ...  0.000012  7.685587e+06  1.735569e+09
1590  1551.656240    0.000094  0.000011  ...  0.000012  7.737326e+06  1.735569e+09
1591  1551.665170    0.000091  0.000019  ...  0.000012  7.680863e+06  1.735569e+09

[1592 rows x 13 columns]
CHANNEL_3_10
           cbragg  cbragg_err   credchi  ...  cdelta_n            cL     timestamp
0     1552.673109    0.000103  0.000021  ...  0.000012  7.724705e+06  1.735553e+09
1     1552.668643    0.000113  0.000014  ...  0.000012  7.774312e+06  1.735553e+09
2     1552.673116    0.000103  0.000021  ...  0.000012  7.720753e+06  1.735553e+09
3     1552.668668    0.000112  0.000014  ...  0.000012  7.772391e+06  1.735553e+09
4     1552.673180    0.000104  0.000021  ...  0.000012  7.716686e+06  1.735553e+09
...           ...         ...       ...  ...       ...           ...           ...
1587  1552.665655    0.000113  0.000014  ...  0.000012  7.757431e+06  1.735569e+09
1588  1552.670153    0.000104  0.000021  ...  0.000012  7.711199e+06  1.735569e+09
1589  1552.665672    0.000113  0.000014  ...  0.000012  7.761086e+06  1.735569e+09
1590  1552.670241    0.000101  0.000020  ...  0.000012  7.730792e+06  1.735569e+09
1591  1552.665750    0.000114  0.000014  ...  0.000012  7.749344e+06  1.735569e+09

[1592 rows x 13 columns]
CHANNEL_3_11
           cbragg  cbragg_err   credchi  ...  cdelta_n            cL     timestamp
0     1553.635972    0.000133  0.000027  ...  0.000012  7.929936e+06  1.735553e+09
1     1553.639771    0.000131  0.000039  ...  0.000012  7.867285e+06  1.735553e+09
2     1553.635961    0.000134  0.000027  ...  0.000012  7.963597e+06  1.735553e+09
3     1553.639749    0.000130  0.000039  ...  0.000012  7.864045e+06  1.735553e+09
4     1553.635947    0.000132  0.000026  ...  0.000012  7.943340e+06  1.735553e+09
...           ...         ...       ...  ...       ...           ...           ...
1587  1553.636752    0.000130  0.000038  ...  0.000012  7.853347e+06  1.735569e+09
1588  1553.632948    0.000132  0.000026  ...  0.000012  7.923650e+06  1.735569e+09
1589  1553.636753    0.000129  0.000038  ...  0.000012  7.868777e+06  1.735569e+09
1590  1553.633034    0.000133  0.000027  ...  0.000012  7.926496e+06  1.735569e+09
1591  1553.636704    0.000134  0.000041  ...  0.000012  7.859759e+06  1.735569e+09

[1592 rows x 13 columns]
CHANNEL_3_12
           cbragg  cbragg_err   credchi  ...  cdelta_n            cL     timestamp
0     1554.615177    0.000095  0.000019  ...  0.000012  7.780390e+06  1.735553e+09
1     1554.613224    0.000103  0.000014  ...  0.000012  7.831667e+06  1.735553e+09
2     1554.615249    0.000095  0.000019  ...  0.000012  7.738967e+06  1.735553e+09
3     1554.613397    0.000102  0.000014  ...  0.000012  7.838927e+06  1.735553e+09
4     1554.615270    0.000097  0.000019  ...  0.000012  7.754578e+06  1.735553e+09
...           ...         ...       ...  ...       ...           ...           ...
1587  1554.610223    0.000104  0.000014  ...  0.000012  7.811008e+06  1.735569e+09
1588  1554.612228    0.000096  0.000019  ...  0.000012  7.777763e+06  1.735569e+09
1589  1554.610356    0.000102  0.000014  ...  0.000012  7.833945e+06  1.735569e+09
1590  1554.612299    0.000096  0.000019  ...  0.000012  7.780520e+06  1.735569e+09
1591  1554.610330    0.000107  0.000015  ...  0.000012  7.800818e+06  1.735569e+09

[1592 rows x 13 columns]
CHANNEL_3_13
           cbragg  cbragg_err   credchi  ...  cdelta_n            cL     timestamp
0     1555.617388    0.000087  0.000009  ...  0.000012  7.653774e+06  1.735553e+09
1     1555.625223    0.000087  0.000016  ...  0.000012  7.587116e+06  1.735553e+09
2     1555.617502    0.000087  0.000009  ...  0.000012  7.660147e+06  1.735553e+09
3     1555.625310    0.000086  0.000016  ...  0.000012  7.573534e+06  1.735553e+09
4     1555.617523    0.000089  0.000009  ...  0.000012  7.633574e+06  1.735553e+09
...           ...         ...       ...  ...       ...           ...           ...
1587  1555.622191    0.000087  0.000016  ...  0.000012  7.572400e+06  1.735569e+09
1588  1555.614579    0.000090  0.000010  ...  0.000012  7.627568e+06  1.735569e+09
1589  1555.622348    0.000088  0.000016  ...  0.000012  7.530742e+06  1.735569e+09
1590  1555.614566    0.000089  0.000009  ...  0.000012  7.622880e+06  1.735569e+09
1591  1555.622312    0.000087  0.000016  ...  0.000012  7.576801e+06  1.735569e+09

[1592 rows x 13 columns]
CHANNEL_3_14
           cbragg  cbragg_err   credchi  ...  cdelta_n            cL     timestamp
0     1556.577989    0.000188  0.000077  ...  0.000012  7.696761e+06  1.735553e+09
1     1556.573869    0.000181  0.000044  ...  0.000012  7.758658e+06  1.735553e+09
2     1556.578024    0.000187  0.000076  ...  0.000012  7.693036e+06  1.735553e+09
3     1556.573903    0.000187  0.000047  ...  0.000012  7.765567e+06  1.735553e+09
4     1556.578012    0.000187  0.000076  ...  0.000012  7.642888e+06  1.735553e+09
...           ...         ...       ...  ...       ...           ...           ...
1587  1556.570811    0.000189  0.000048  ...  0.000012  7.760661e+06  1.735569e+09
1588  1556.575101    0.000188  0.000077  ...  0.000012  7.689968e+06  1.735569e+09
1589  1556.570969    0.000185  0.000046  ...  0.000012  7.761507e+06  1.735569e+09
1590  1556.575112    0.000189  0.000078  ...  0.000012  7.693728e+06  1.735569e+09
1591  1556.570899    0.000186  0.000047  ...  0.000012  7.752417e+06  1.735569e+09

[1592 rows x 13 columns]
