CHANNEL_0_1
        cbragg  cbragg_err   credchi  ...  cdelta_n            cL     timestamp
0  1544.608204    0.000102  0.000045  ...  0.000012  7.672393e+06  1.735982e+09
1  1544.617129    0.000105  0.000057  ...  0.000012  7.668069e+06  1.735982e+09

[2 rows x 13 columns]
CHANNEL_0_2
        cbragg  cbragg_err   credchi  ...  cdelta_n            cL     timestamp
0  1545.431869    0.000095  0.000019  ...  0.000012  7.624077e+06  1.735982e+09
1  1545.434195    0.000093  0.000020  ...  0.000012  7.629386e+06  1.735982e+09

[2 rows x 13 columns]
CHANNEL_0_3
        cbragg  cbragg_err   credchi  ...  cdelta_n            cL     timestamp
0  1546.116851    0.000111  0.000039  ...  0.000012  7.681684e+06  1.735982e+09
1  1546.125960    0.000112  0.000055  ...  0.000012  7.656940e+06  1.735982e+09

[2 rows x 13 columns]
CHANNEL_0_4
        cbragg  cbragg_err   credchi  ...  cdelta_n            cL     timestamp
0  1547.116534    0.000118  0.000048  ...  0.000012  7.843189e+06  1.735982e+09
1  1547.118590    0.000117  0.000052  ...  0.000012  7.848614e+06  1.735982e+09

[2 rows x 13 columns]
CHANNEL_0_5
        cbragg  cbragg_err   credchi  ...  cdelta_n            cL     timestamp
0  1548.090576    0.000093  0.000041  ...  0.000012  7.669407e+06  1.735982e+09
1  1548.096094    0.000093  0.000036  ...  0.000012  7.679367e+06  1.735982e+09

[2 rows x 13 columns]
CHANNEL_0_6
        cbragg  cbragg_err   credchi  ...  cdelta_n            cL     timestamp
0  1549.068867    0.000077  0.000022  ...  0.000012  7.538337e+06  1.735982e+09
1  1549.078422    0.000082  0.000042  ...  0.000012  7.470054e+06  1.735982e+09

[2 rows x 13 columns]
CHANNEL_0_7
        cbragg  cbragg_err   credchi  ...  cdelta_n            cL     timestamp
0  1550.073865    0.000121  0.000043  ...  0.000012  7.622444e+06  1.735982e+09
1  1550.076810    0.000123  0.000048  ...  0.000012  7.722016e+06  1.735982e+09

[2 rows x 13 columns]
CHANNEL_0_8
        cbragg  cbragg_err   credchi  ...  cdelta_n            cL     timestamp
0  1551.042330    0.000071  0.000014  ...  0.000012  7.636765e+06  1.735982e+09
1  1551.050103    0.000074  0.000019  ...  0.000012  7.633841e+06  1.735982e+09

[2 rows x 13 columns]
CHANNEL_0_9
        cbragg  cbragg_err   credchi  ...  cdelta_n            cL     timestamp
0  1552.023826    0.000089  0.000016  ...  0.000012  7.753725e+06  1.735982e+09
1  1552.033867    0.000087  0.000027  ...  0.000012  7.699924e+06  1.735982e+09

[2 rows x 13 columns]
CHANNEL_0_10
        cbragg  cbragg_err   credchi  ...  cdelta_n            cL     timestamp
0  1553.033392    0.000094  0.000021  ...  0.000012  7.683024e+06  1.735982e+09
1  1553.035039    0.000098  0.000018  ...  0.000012  7.718855e+06  1.735982e+09

[2 rows x 13 columns]
CHANNEL_0_11
        cbragg  cbragg_err   credchi  ...  cdelta_n            cL     timestamp
0  1554.038302    0.000074  0.000008  ...  0.000012  7.714450e+06  1.735982e+09
1  1554.048357    0.000072  0.000015  ...  0.000012  7.681758e+06  1.735982e+09

[2 rows x 13 columns]
CHANNEL_0_12
        cbragg  cbragg_err   credchi  ...  cdelta_n            cL     timestamp
0  1555.066380    0.000115  0.000044  ...  0.000012  7.511830e+06  1.735982e+09
1  1555.069279    0.000114  0.000044  ...  0.000012  7.532828e+06  1.735982e+09

[2 rows x 13 columns]
CHANNEL_0_13
        cbragg  cbragg_err   credchi  ...  cdelta_n            cL     timestamp
0  1556.038759    0.000139  0.000034  ...  0.000012  7.702390e+06  1.735982e+09
1  1556.047459    0.000137  0.000045  ...  0.000012  7.702512e+06  1.735982e+09

[2 rows x 13 columns]
CHANNEL_0_14
        cbragg  cbragg_err   credchi  ...  cdelta_n            cL     timestamp
0  1557.011548    0.000098  0.000027  ...  0.000012  7.677979e+06  1.735982e+09
1  1557.016232    0.000100  0.000035  ...  0.000012  7.624079e+06  1.735982e+09

[2 rows x 13 columns]
CHANNEL_1_1
        cbragg  cbragg_err  credchi  ...  cdelta_n            cL     timestamp
0  1556.156771    0.000105  0.00001  ...  0.000012  2.632003e+06  1.735982e+09
1  1556.156173    0.000251  0.00005  ...  0.000012  2.550459e+06  1.735982e+09

[2 rows x 13 columns]
CHANNEL_1_2
        cbragg  cbragg_err   credchi  ...  cdelta_n            cL     timestamp
0  1558.201185    0.000736  0.001154  ...  0.000012  3.280254e+06  1.735982e+09
1  1558.201513    0.001355  0.005364  ...  0.000012  3.771037e+06  1.735982e+09

[2 rows x 13 columns]
CHANNEL_1_3
        cbragg  cbragg_err   credchi  ...  cdelta_n            cL     timestamp
0  1561.015026    0.000048  0.000004  ...  0.000012  2.944166e+06  1.735982e+09
1  1561.011667    0.000159  0.000038  ...  0.000012  2.844803e+06  1.735982e+09

[2 rows x 13 columns]
CHANNEL_2_1
        cbragg  cbragg_err   credchi  ...  cdelta_n            cL     timestamp
0  1543.576483    0.000079  0.000006  ...  0.000012  2.768892e+06  1.735982e+09
1  1543.575922    0.000076  0.000006  ...  0.000012  2.769149e+06  1.735982e+09

[2 rows x 13 columns]
CHANNEL_2_2
        cbragg  cbragg_err   credchi  ...  cdelta_n            cL     timestamp
0  1545.926143    0.000687  0.000555  ...  0.000012  3.129529e+06  1.735982e+09
1  1545.928811    0.000111  0.000010  ...  0.000012  2.702542e+06  1.735982e+09

[2 rows x 13 columns]
CHANNEL_2_3
        cbragg  cbragg_err   credchi  ...  cdelta_n            cL     timestamp
0  1548.522050    0.000101  0.000011  ...  0.000012  2.893853e+06  1.735982e+09
1  1548.523581    0.000101  0.000011  ...  0.000012  2.876915e+06  1.735982e+09

[2 rows x 13 columns]
CHANNEL_3_1
        cbragg  cbragg_err   credchi  ...  cdelta_n            cL     timestamp
0  1544.123082    0.000504  0.000026  ...  0.000012  7.768209e+06  1.735982e+09
1  1544.121619    0.000119  0.000020  ...  0.000012  7.814818e+06  1.735982e+09

[2 rows x 13 columns]
CHANNEL_3_2
        cbragg  cbragg_err   credchi  ...  cdelta_n            cL     timestamp
0  1545.008306    0.000135  0.000023  ...  0.000012  7.920460e+06  1.735982e+09
1  1545.019260    0.000110  0.000038  ...  0.000012  7.831656e+06  1.735982e+09

[2 rows x 13 columns]
CHANNEL_3_3
        cbragg  cbragg_err   credchi  ...  cdelta_n            cL     timestamp
0  1545.705843    0.000112  0.000033  ...  0.000012  7.566768e+06  1.735982e+09
1  1545.708916    0.000117  0.000028  ...  0.000012  7.610301e+06  1.735982e+09

[2 rows x 13 columns]
CHANNEL_3_4
        cbragg  cbragg_err   credchi  ...  cdelta_n            cL     timestamp
0  1546.677784    0.000095  0.000016  ...  0.000012  7.793910e+06  1.735982e+09
1  1546.685664    0.000098  0.000026  ...  0.000012  7.733371e+06  1.735982e+09

[2 rows x 13 columns]
CHANNEL_3_5
        cbragg  cbragg_err   credchi  ...  cdelta_n            cL     timestamp
0  1547.697690    0.000076  0.000014  ...  0.000012  7.605028e+06  1.735982e+09
1  1547.705403    0.000076  0.000013  ...  0.000012  7.647230e+06  1.735982e+09

[2 rows x 13 columns]
CHANNEL_3_6
        cbragg  cbragg_err   credchi  ...  cdelta_n            cL     timestamp
0  1548.686491    0.000082  0.000015  ...  0.000012  7.759369e+06  1.735982e+09
1  1548.689575    0.000082  0.000016  ...  0.000012  7.795061e+06  1.735982e+09

[2 rows x 13 columns]
CHANNEL_3_7
        cbragg  cbragg_err   credchi  ...  cdelta_n            cL     timestamp
0  1549.701542    0.000088  0.000014  ...  0.000012  7.610795e+06  1.735982e+09
1  1549.712521    0.000086  0.000020  ...  0.000012  7.604235e+06  1.735982e+09

[2 rows x 13 columns]
CHANNEL_3_8
        cbragg  cbragg_err   credchi  ...  cdelta_n            cL     timestamp
0  1550.660160     0.00009  0.000017  ...  0.000012  7.631546e+06  1.735982e+09
1  1550.658319     0.00015  0.000033  ...  0.000012  7.276227e+06  1.735982e+09

[2 rows x 13 columns]
CHANNEL_3_9
        cbragg  cbragg_err   credchi  ...  cdelta_n            cL     timestamp
0  1551.650144    0.000090  0.000010  ...  0.000012  7.767596e+06  1.735982e+09
1  1551.660114    0.000088  0.000017  ...  0.000012  7.644173e+06  1.735982e+09

[2 rows x 13 columns]
CHANNEL_3_10
        cbragg  cbragg_err   credchi  ...  cdelta_n            cL     timestamp
0  1552.664118    0.000102  0.000020  ...  0.000012  7.725298e+06  1.735982e+09
1  1552.661168    0.000112  0.000014  ...  0.000012  7.753195e+06  1.735982e+09

[2 rows x 13 columns]
CHANNEL_3_11
        cbragg  cbragg_err   credchi  ...  cdelta_n            cL     timestamp
0  1553.627133    0.000131  0.000026  ...  0.000012  7.933286e+06  1.735982e+09
1  1553.631743    0.000129  0.000037  ...  0.000012  7.859771e+06  1.735982e+09

[2 rows x 13 columns]
CHANNEL_3_12
        cbragg  cbragg_err   credchi  ...  cdelta_n            cL     timestamp
0  1554.605978    0.000096  0.000019  ...  0.000012  7.783351e+06  1.735982e+09
1  1554.605872    0.000102  0.000014  ...  0.000012  7.826268e+06  1.735982e+09

[2 rows x 13 columns]
CHANNEL_3_13
        cbragg  cbragg_err   credchi  ...  cdelta_n            cL     timestamp
0  1555.608393    0.000086  0.000009  ...  0.000012  7.657484e+06  1.735982e+09
1  1555.616983    0.000088  0.000016  ...  0.000012  7.580756e+06  1.735982e+09

[2 rows x 13 columns]
CHANNEL_3_14
        cbragg  cbragg_err   credchi  ...  cdelta_n            cL     timestamp
0  1556.568700    0.000185  0.000073  ...  0.000012  7.650829e+06  1.735982e+09
1  1556.566179    0.000183  0.000045  ...  0.000012  7.759259e+06  1.735982e+09

[2 rows x 13 columns]
