000 (11451992.294.000) 01/28 14:31:49 Job submitted from host: <188.185.114.121:9618?addrs=188.185.114.121-9618+[2001-1458-d00-a--100-273]-9618&alias=bigbird19.cern.ch&noUDP&sock=schedd_2045_4743>
...
040 (11451992.294.000) 01/28 14:41:30 Started transferring input files
	Transferring to host: <188.185.193.122:9618?addrs=188.185.193.122-9618+[2001-1458-303-20--100-76]-9618&alias=b9p19p5077.cern.ch&noUDP&sock=slot1_19_1460216_04ec_73393>
...
040 (11451992.294.000) 01/28 14:41:30 Finished transferring input files
...
001 (11451992.294.000) 01/28 14:41:31 Job executing on host: <188.185.193.122:9618?addrs=188.185.193.122-9618+[2001-1458-303-20--100-76]-9618&alias=b9p19p5077.cern.ch&noUDP&sock=startd_6674_6329>
	SlotName: slot1_19@b9p19p5077.cern.ch
	CondorScratchDir = "/pool/condor/dir_2476418"
	Cpus = 1
	Disk = 3800
	GPUs = 0
	Memory = 3000
...
006 (11451992.294.000) 01/28 14:41:40 Image size of job updated: 79484
	78  -  MemoryUsage of job (MB)
	79484  -  ResidentSetSize of job (KB)
...
006 (11451992.294.000) 01/28 14:46:41 Image size of job updated: 86652
	85  -  MemoryUsage of job (MB)
	86652  -  ResidentSetSize of job (KB)
...
006 (11451992.294.000) 01/28 14:51:42 Image size of job updated: 89900
	88  -  MemoryUsage of job (MB)
	89900  -  ResidentSetSize of job (KB)
...
006 (11451992.294.000) 01/28 14:56:42 Image size of job updated: 93296
	92  -  MemoryUsage of job (MB)
	93296  -  ResidentSetSize of job (KB)
...
006 (11451992.294.000) 01/28 15:01:42 Image size of job updated: 96476
	95  -  MemoryUsage of job (MB)
	96476  -  ResidentSetSize of job (KB)
...
006 (11451992.294.000) 01/28 15:06:43 Image size of job updated: 99624
	98  -  MemoryUsage of job (MB)
	99624  -  ResidentSetSize of job (KB)
...
006 (11451992.294.000) 01/28 15:11:43 Image size of job updated: 103340
	101  -  MemoryUsage of job (MB)
	103340  -  ResidentSetSize of job (KB)
...
006 (11451992.294.000) 01/28 15:16:43 Image size of job updated: 106084
	104  -  MemoryUsage of job (MB)
	106084  -  ResidentSetSize of job (KB)
...
006 (11451992.294.000) 01/28 15:21:44 Image size of job updated: 109120
	107  -  MemoryUsage of job (MB)
	109120  -  ResidentSetSize of job (KB)
...
006 (11451992.294.000) 01/28 15:26:45 Image size of job updated: 112308
	110  -  MemoryUsage of job (MB)
	112308  -  ResidentSetSize of job (KB)
...
006 (11451992.294.000) 01/28 15:31:45 Image size of job updated: 115072
	113  -  MemoryUsage of job (MB)
	115072  -  ResidentSetSize of job (KB)
...
006 (11451992.294.000) 01/28 15:36:46 Image size of job updated: 118732
	116  -  MemoryUsage of job (MB)
	118732  -  ResidentSetSize of job (KB)
...
006 (11451992.294.000) 01/28 15:41:47 Image size of job updated: 122544
	120  -  MemoryUsage of job (MB)
	122544  -  ResidentSetSize of job (KB)
...
006 (11451992.294.000) 01/28 15:46:47 Image size of job updated: 129108
	127  -  MemoryUsage of job (MB)
	129108  -  ResidentSetSize of job (KB)
...
006 (11451992.294.000) 01/28 15:51:48 Image size of job updated: 138576
	136  -  MemoryUsage of job (MB)
	138576  -  ResidentSetSize of job (KB)
...
006 (11451992.294.000) 01/28 15:56:49 Image size of job updated: 143968
	141  -  MemoryUsage of job (MB)
	143968  -  ResidentSetSize of job (KB)
...
006 (11451992.294.000) 01/28 16:01:49 Image size of job updated: 149104
	146  -  MemoryUsage of job (MB)
	149104  -  ResidentSetSize of job (KB)
...
006 (11451992.294.000) 01/28 16:06:49 Image size of job updated: 153076
	150  -  MemoryUsage of job (MB)
	153076  -  ResidentSetSize of job (KB)
...
006 (11451992.294.000) 01/28 16:11:50 Image size of job updated: 156744
	154  -  MemoryUsage of job (MB)
	156744  -  ResidentSetSize of job (KB)
...
006 (11451992.294.000) 01/28 16:16:50 Image size of job updated: 159684
	156  -  MemoryUsage of job (MB)
	159684  -  ResidentSetSize of job (KB)
...
006 (11451992.294.000) 01/28 16:21:50 Image size of job updated: 162908
	160  -  MemoryUsage of job (MB)
	162908  -  ResidentSetSize of job (KB)
...
006 (11451992.294.000) 01/28 16:26:51 Image size of job updated: 166672
	163  -  MemoryUsage of job (MB)
	166672  -  ResidentSetSize of job (KB)
...
006 (11451992.294.000) 01/28 16:31:52 Image size of job updated: 169364
	166  -  MemoryUsage of job (MB)
	169364  -  ResidentSetSize of job (KB)
...
006 (11451992.294.000) 01/28 16:36:52 Image size of job updated: 172196
	169  -  MemoryUsage of job (MB)
	172196  -  ResidentSetSize of job (KB)
...
006 (11451992.294.000) 01/28 16:41:53 Image size of job updated: 174476
	171  -  MemoryUsage of job (MB)
	174476  -  ResidentSetSize of job (KB)
...
006 (11451992.294.000) 01/28 16:46:54 Image size of job updated: 176428
	173  -  MemoryUsage of job (MB)
	176428  -  ResidentSetSize of job (KB)
...
006 (11451992.294.000) 01/28 16:51:54 Image size of job updated: 178516
	175  -  MemoryUsage of job (MB)
	178516  -  ResidentSetSize of job (KB)
...
006 (11451992.294.000) 01/28 16:56:54 Image size of job updated: 180984
	177  -  MemoryUsage of job (MB)
	180984  -  ResidentSetSize of job (KB)
...
006 (11451992.294.000) 01/28 17:01:55 Image size of job updated: 182812
	179  -  MemoryUsage of job (MB)
	182812  -  ResidentSetSize of job (KB)
...
006 (11451992.294.000) 01/28 17:06:55 Image size of job updated: 184956
	181  -  MemoryUsage of job (MB)
	184956  -  ResidentSetSize of job (KB)
...
006 (11451992.294.000) 01/28 17:11:55 Image size of job updated: 186992
	183  -  MemoryUsage of job (MB)
	186992  -  ResidentSetSize of job (KB)
...
040 (11451992.294.000) 01/28 17:13:47 Started transferring output files
...
040 (11451992.294.000) 01/28 17:13:47 Finished transferring output files
...
005 (11451992.294.000) 01/28 17:13:47 Job terminated.
	(1) Normal termination (return value 0)
		Usr 0 02:26:49, Sys 0 00:00:31  -  Run Remote Usage
		Usr 0 00:00:00, Sys 0 00:00:00  -  Run Local Usage
		Usr 0 02:26:49, Sys 0 00:00:31  -  Total Remote Usage
		Usr 0 00:00:00, Sys 0 00:00:00  -  Total Local Usage
	40692  -  Run Bytes Sent By Job
	5797  -  Run Bytes Received By Job
	40692  -  Total Bytes Sent By Job
	5797  -  Total Bytes Received By Job
	Partitionable Resources :    Usage  Request Allocated 
	   Cpus                 :     0.98        1         1 
	   Disk (KB)            :    69          10      3800 
	   GPUs                 :                           0 
	   Memory (MB)          :   183        3000      3000 

	Job terminated of its own accord at 2025-01-28T16:13:47Z with exit-code 0.
...
