CHANNEL_0_1
          cbragg  cbragg_err   credchi  ...  cdelta_n            cL     timestamp
0    1544.732053    0.000262  0.000061  ...  0.000012  7.654441e+06  1.734121e+09
1    1544.732087    0.000225  0.000060  ...  0.000012  7.654970e+06  1.734121e+09
2    1544.732055    0.000105  0.000061  ...  0.000012  7.647632e+06  1.734121e+09
3    1544.732021    0.000116  0.000061  ...  0.000012  7.643351e+06  1.734121e+09
4    1544.732005    0.000103  0.000059  ...  0.000012  7.656372e+06  1.734121e+09
..           ...         ...       ...  ...       ...           ...           ...
499  1544.728103    0.000132  0.000060  ...  0.000012  7.657881e+06  1.734126e+09
500  1544.728149    0.000103  0.000058  ...  0.000012  7.662009e+06  1.734126e+09
501  1544.728072    0.000124  0.000060  ...  0.000012  7.651256e+06  1.734126e+09
502  1544.728201    0.000170  0.000059  ...  0.000012  7.662628e+06  1.734126e+09
503  1544.728098    0.000102  0.000059  ...  0.000012  7.651032e+06  1.734126e+09

[504 rows x 13 columns]
CHANNEL_0_2
          cbragg  cbragg_err   credchi  ...  cdelta_n            cL     timestamp
0    1545.554859    0.000093  0.000015  ...  0.000012  7.748964e+06  1.734121e+09
1    1545.555012    0.000089  0.000014  ...  0.000012  7.741230e+06  1.734121e+09
2    1545.554893    0.000091  0.000014  ...  0.000012  7.756201e+06  1.734121e+09
3    1545.554787    0.000091  0.000014  ...  0.000012  7.752121e+06  1.734121e+09
4    1545.554784    0.000094  0.000015  ...  0.000012  7.754114e+06  1.734121e+09
..           ...         ...       ...  ...       ...           ...           ...
499  1545.551143    0.000090  0.000014  ...  0.000012  7.755162e+06  1.734126e+09
500  1545.551099    0.000092  0.000014  ...  0.000012  7.748235e+06  1.734126e+09
501  1545.551133    0.000091  0.000014  ...  0.000012  7.751632e+06  1.734126e+09
502  1545.551173    0.000090  0.000014  ...  0.000012  7.691857e+06  1.734126e+09
503  1545.551162    0.000199  0.000062  ...  0.000012  7.229349e+06  1.734126e+09

[504 rows x 13 columns]
CHANNEL_0_3
          cbragg  cbragg_err   credchi  ...  cdelta_n            cL     timestamp
0    1546.310675    0.000109  0.000050  ...  0.000012  7.599312e+06  1.734121e+09
1    1546.310857    0.000109  0.000049  ...  0.000012  7.583120e+06  1.734121e+09
2    1546.310550    0.000110  0.000050  ...  0.000012  7.590104e+06  1.734121e+09
3    1546.310604    0.000109  0.000049  ...  0.000012  7.580614e+06  1.734121e+09
4    1546.310491    0.000107  0.000048  ...  0.000012  7.600403e+06  1.734121e+09
..           ...         ...       ...  ...       ...           ...           ...
499  1546.307365    0.000117  0.000059  ...  0.000012  7.743174e+06  1.734126e+09
500  1546.307320    0.000111  0.000051  ...  0.000012  7.589811e+06  1.734126e+09
501  1546.307316    0.000111  0.000051  ...  0.000012  7.582594e+06  1.734126e+09
502  1546.307344    0.000106  0.000047  ...  0.000012  7.590674e+06  1.734126e+09
503  1546.307493    0.000109  0.000049  ...  0.000012  7.596042e+06  1.734126e+09

[504 rows x 13 columns]
CHANNEL_0_4
          cbragg  cbragg_err   credchi  ...  cdelta_n            cL     timestamp
0    1547.113780    0.000148  0.000057  ...  0.000012  7.624141e+06  1.734121e+09
1    1547.113716    0.000109  0.000033  ...  0.000012  7.974810e+06  1.734121e+09
2    1547.113596    0.000111  0.000034  ...  0.000012  7.949859e+06  1.734121e+09
3    1547.113444    0.000109  0.000033  ...  0.000012  7.967244e+06  1.734121e+09
4    1547.113686    0.000109  0.000033  ...  0.000012  7.964236e+06  1.734121e+09
..           ...         ...       ...  ...       ...           ...           ...
499  1547.111019    0.000139  0.000051  ...  0.000012  7.662886e+06  1.734126e+09
500  1547.110907    0.000133  0.000047  ...  0.000012  7.688841e+06  1.734126e+09
501  1547.111022    0.000134  0.000047  ...  0.000012  7.686869e+06  1.734126e+09
502  1547.110762    0.000110  0.000034  ...  0.000012  7.961962e+06  1.734126e+09
503  1547.110711    0.000110  0.000034  ...  0.000012  7.954256e+06  1.734126e+09

[504 rows x 13 columns]
CHANNEL_0_5
          cbragg  cbragg_err   credchi  ...  cdelta_n            cL     timestamp
0    1548.093669    0.000086  0.000036  ...  0.000012  7.722619e+06  1.734121e+09
1    1548.093952    0.000110  0.000060  ...  0.000012  7.857312e+06  1.734121e+09
2    1548.093732    0.000086  0.000036  ...  0.000012  7.724593e+06  1.734121e+09
3    1548.093706    0.000091  0.000041  ...  0.000012  7.796215e+06  1.734121e+09
4    1548.093685    0.000088  0.000037  ...  0.000012  7.714413e+06  1.734121e+09
..           ...         ...       ...  ...       ...           ...           ...
499  1548.091379    0.000086  0.000036  ...  0.000012  7.718346e+06  1.734126e+09
500  1548.091894    0.000114  0.000064  ...  0.000012  7.850792e+06  1.734126e+09
501  1548.091252    0.000086  0.000036  ...  0.000012  7.757213e+06  1.734126e+09
502  1548.091233    0.000087  0.000037  ...  0.000012  7.721318e+06  1.734126e+09
503  1548.091245    0.000093  0.000043  ...  0.000012  7.787719e+06  1.734126e+09

[504 rows x 13 columns]
CHANNEL_0_6
          cbragg  cbragg_err   credchi  ...  cdelta_n            cL     timestamp
0    1549.070037    0.000081  0.000029  ...  0.000012  7.512963e+06  1.734121e+09
1    1549.070124    0.000079  0.000027  ...  0.000012  7.527903e+06  1.734121e+09
2    1549.070232    0.000079  0.000027  ...  0.000012  7.525506e+06  1.734121e+09
3    1549.070270    0.000079  0.000027  ...  0.000012  7.531824e+06  1.734121e+09
4    1549.070213    0.000079  0.000027  ...  0.000012  7.533655e+06  1.734121e+09
..           ...         ...       ...  ...       ...           ...           ...
499  1549.067831    0.000078  0.000027  ...  0.000012  7.526038e+06  1.734126e+09
500  1549.067718    0.000138  0.000090  ...  0.000012  7.860056e+06  1.734126e+09
501  1549.067881    0.000123  0.000070  ...  0.000012  7.796461e+06  1.734126e+09
502  1549.067864    0.000124  0.000069  ...  0.000012  7.755912e+06  1.734126e+09
503  1549.067864    0.000079  0.000028  ...  0.000012  7.526577e+06  1.734126e+09

[504 rows x 13 columns]
CHANNEL_0_7
          cbragg  cbragg_err   credchi  ...  cdelta_n            cL     timestamp
0    1550.073302    0.000130  0.000041  ...  0.000012  7.609124e+06  1.734121e+09
1    1550.073278    0.000128  0.000040  ...  0.000012  7.625128e+06  1.734121e+09
2    1550.073297    0.000129  0.000040  ...  0.000012  7.622569e+06  1.734121e+09
3    1550.073303    0.000133  0.000042  ...  0.000012  7.618053e+06  1.734121e+09
4    1550.073167    0.000130  0.000041  ...  0.000012  7.627592e+06  1.734121e+09
..           ...         ...       ...  ...       ...           ...           ...
499  1550.070973    0.000129  0.000040  ...  0.000012  7.621003e+06  1.734126e+09
500  1550.071116    0.000128  0.000040  ...  0.000012  7.622120e+06  1.734126e+09
501  1550.071229    0.000130  0.000041  ...  0.000012  7.618532e+06  1.734126e+09
502  1550.071075    0.000129  0.000041  ...  0.000012  7.622435e+06  1.734126e+09
503  1550.071103    0.000129  0.000041  ...  0.000012  7.610104e+06  1.734126e+09

[504 rows x 13 columns]
CHANNEL_0_8
          cbragg  cbragg_err   credchi  ...  cdelta_n            cL     timestamp
0    1551.046550    0.000077  0.000018  ...  0.000012  7.574969e+06  1.734121e+09
1    1551.046676    0.000078  0.000019  ...  0.000012  7.532850e+06  1.734121e+09
2    1551.046609    0.000077  0.000018  ...  0.000012  7.579688e+06  1.734121e+09
3    1551.046610    0.000078  0.000019  ...  0.000012  7.572818e+06  1.734121e+09
4    1551.046545    0.000080  0.000020  ...  0.000012  7.601971e+06  1.734121e+09
..           ...         ...       ...  ...       ...           ...           ...
499  1551.043983    0.000076  0.000018  ...  0.000012  7.577190e+06  1.734126e+09
500  1551.044022    0.000077  0.000018  ...  0.000012  7.574809e+06  1.734126e+09
501  1551.044021    0.000077  0.000018  ...  0.000012  7.575076e+06  1.734126e+09
502  1551.044057    0.000077  0.000018  ...  0.000012  7.576074e+06  1.734126e+09
503  1551.044015    0.000077  0.000018  ...  0.000012  7.577332e+06  1.734126e+09

[504 rows x 13 columns]
CHANNEL_0_9
          cbragg  cbragg_err   credchi  ...  cdelta_n            cL     timestamp
0    1552.028425    0.000098  0.000023  ...  0.000012  7.650580e+06  1.734121e+09
1    1552.028511    0.000097  0.000022  ...  0.000012  7.652393e+06  1.734121e+09
2    1552.028417    0.000097  0.000022  ...  0.000012  7.652769e+06  1.734121e+09
3    1552.028558    0.000097  0.000023  ...  0.000012  7.649574e+06  1.734121e+09
4    1552.028545    0.000097  0.000022  ...  0.000012  7.650688e+06  1.734121e+09
..           ...         ...       ...  ...       ...           ...           ...
499  1552.026037    0.000099  0.000023  ...  0.000012  7.638345e+06  1.734126e+09
500  1552.025978    0.000097  0.000023  ...  0.000012  7.656253e+06  1.734126e+09
501  1552.025842    0.000097  0.000023  ...  0.000012  7.649782e+06  1.734126e+09
502  1552.025936    0.000098  0.000023  ...  0.000012  7.640322e+06  1.734126e+09
503  1552.025955    0.000098  0.000023  ...  0.000012  7.651345e+06  1.734126e+09

[504 rows x 13 columns]
CHANNEL_0_10
          cbragg  cbragg_err   credchi  ...  cdelta_n            cL     timestamp
0    1553.033952    0.000088  0.000014  ...  0.000012  7.738735e+06  1.734121e+09
1    1553.034005    0.000088  0.000014  ...  0.000012  7.749850e+06  1.734121e+09
2    1553.033919    0.000088  0.000014  ...  0.000012  7.750139e+06  1.734121e+09
3    1553.033976    0.000088  0.000014  ...  0.000012  7.720801e+06  1.734121e+09
4    1553.033941    0.000087  0.000013  ...  0.000012  7.699526e+06  1.734121e+09
..           ...         ...       ...  ...       ...           ...           ...
499  1553.031423    0.000087  0.000013  ...  0.000012  7.728787e+06  1.734126e+09
500  1553.031312    0.000087  0.000013  ...  0.000012  7.733542e+06  1.734126e+09
501  1553.031388    0.000089  0.000014  ...  0.000012  7.729630e+06  1.734126e+09
502  1553.031298    0.000088  0.000014  ...  0.000012  7.740283e+06  1.734126e+09
503  1553.031267    0.000088  0.000013  ...  0.000012  7.728094e+06  1.734126e+09

[504 rows x 13 columns]
CHANNEL_0_11
          cbragg  cbragg_err   credchi  ...  cdelta_n            cL     timestamp
0    1554.041652    0.000074  0.000010  ...  0.000012  7.684418e+06  1.734121e+09
1    1554.041780    0.000070  0.000010  ...  0.000012  7.686449e+06  1.734121e+09
2    1554.041674    0.000070  0.000010  ...  0.000012  7.704765e+06  1.734121e+09
3    1554.041812    0.000071  0.000010  ...  0.000012  7.694616e+06  1.734121e+09
4    1554.041830    0.000069  0.000009  ...  0.000012  7.700122e+06  1.734121e+09
..           ...         ...       ...  ...       ...           ...           ...
499  1554.039011    0.000071  0.000010  ...  0.000012  7.665551e+06  1.734126e+09
500  1554.039211    0.000070  0.000010  ...  0.000012  7.699357e+06  1.734126e+09
501  1554.039265    0.000068  0.000009  ...  0.000012  7.654799e+06  1.734126e+09
502  1554.039208    0.000090  0.000015  ...  0.000012  7.486011e+06  1.734126e+09
503  1554.039296    0.000068  0.000009  ...  0.000012  7.701754e+06  1.734126e+09

[504 rows x 13 columns]
CHANNEL_0_12
          cbragg  cbragg_err   credchi  ...  cdelta_n            cL     timestamp
0    1555.063302    0.000122  0.000039  ...  0.000012  7.607697e+06  1.734121e+09
1    1555.063382    0.000122  0.000038  ...  0.000012  7.620940e+06  1.734121e+09
2    1555.063363    0.000122  0.000039  ...  0.000012  7.609587e+06  1.734121e+09
3    1555.063370    0.000122  0.000038  ...  0.000012  7.615017e+06  1.734121e+09
4    1555.063359    0.000125  0.000040  ...  0.000012  7.614416e+06  1.734121e+09
..           ...         ...       ...  ...       ...           ...           ...
499  1555.060743    0.000122  0.000039  ...  0.000012  7.618104e+06  1.734126e+09
500  1555.060702    0.000124  0.000039  ...  0.000012  7.604216e+06  1.734126e+09
501  1555.060758    0.000125  0.000040  ...  0.000012  7.598705e+06  1.734126e+09
502  1555.060778    0.000122  0.000038  ...  0.000012  7.614485e+06  1.734126e+09
503  1555.060819    0.000119  0.000036  ...  0.000012  7.607495e+06  1.734126e+09

[504 rows x 13 columns]
CHANNEL_0_13
          cbragg  cbragg_err   credchi  ...  cdelta_n            cL     timestamp
0    1556.043983    0.000143  0.000046  ...  0.000012  7.640665e+06  1.734121e+09
1    1556.044077    0.000140  0.000043  ...  0.000012  7.625646e+06  1.734121e+09
2    1556.043982    0.000140  0.000044  ...  0.000012  7.649139e+06  1.734121e+09
3    1556.044113    0.000140  0.000044  ...  0.000012  7.644167e+06  1.734121e+09
4    1556.044078    0.000140  0.000044  ...  0.000012  7.640732e+06  1.734121e+09
..           ...         ...       ...  ...       ...           ...           ...
499  1556.041471    0.000140  0.000044  ...  0.000012  7.639223e+06  1.734126e+09
500  1556.041377    0.000141  0.000045  ...  0.000012  7.641278e+06  1.734126e+09
501  1556.041359    0.000141  0.000045  ...  0.000012  7.636294e+06  1.734126e+09
502  1556.041361    0.000144  0.000047  ...  0.000012  7.613596e+06  1.734126e+09
503  1556.041282    0.000153  0.000044  ...  0.000012  7.595910e+06  1.734126e+09

[504 rows x 13 columns]
CHANNEL_0_14
          cbragg  cbragg_err   credchi  ...  cdelta_n            cL     timestamp
0    1557.009932    0.000098  0.000027  ...  0.000012  7.752761e+06  1.734121e+09
1    1557.010000    0.000099  0.000027  ...  0.000012  7.751496e+06  1.734121e+09
2    1557.009991    0.000099  0.000027  ...  0.000012  7.762565e+06  1.734121e+09
3    1557.010011    0.000100  0.000028  ...  0.000012  7.799530e+06  1.734121e+09
4    1557.010097    0.000098  0.000027  ...  0.000012  7.751954e+06  1.734121e+09
..           ...         ...       ...  ...       ...           ...           ...
499  1557.007207    0.000099  0.000027  ...  0.000012  7.764198e+06  1.734126e+09
500  1557.007238    0.000097  0.000026  ...  0.000012  7.753214e+06  1.734126e+09
501  1557.007346    0.000097  0.000026  ...  0.000012  7.746443e+06  1.734126e+09
502  1557.007226    0.000099  0.000027  ...  0.000012  7.763873e+06  1.734126e+09
503  1557.007211    0.000099  0.000027  ...  0.000012  7.764892e+06  1.734126e+09

[504 rows x 13 columns]
CHANNEL_1_1
          cbragg  cbragg_err   credchi  ...  cdelta_n            cL     timestamp
0    1556.449166    0.000940  0.000533  ...  0.000012  2.305393e+06  1.734121e+09
1    1556.447360    0.001041  0.002014  ...  0.000012  3.428702e+06  1.734121e+09
2    1556.450478    0.000143  0.000019  ...  0.000012  2.663702e+06  1.734121e+09
3    1556.451252    0.000506  0.000182  ...  0.000012  2.441957e+06  1.734121e+09
4    1556.450095    0.000241  0.000048  ...  0.000012  2.558252e+06  1.734121e+09
..           ...         ...       ...  ...       ...           ...           ...
499  1556.444622    0.000077  0.000006  ...  0.000012  2.676537e+06  1.734126e+09
500  1556.443715    0.000539  0.000383  ...  0.000012  3.018300e+06  1.734126e+09
501  1556.445277    0.000485  0.000160  ...  0.000012  2.440584e+06  1.734126e+09
502  1556.444450    0.000078  0.000006  ...  0.000012  2.689040e+06  1.734126e+09
503  1556.444471    0.000076  0.000005  ...  0.000012  2.684597e+06  1.734126e+09

[504 rows x 13 columns]
CHANNEL_1_2
          cbragg  cbragg_err   credchi  ...  cdelta_n            cL     timestamp
0    1558.210133    0.001269  0.004795  ...  0.000012  3.752402e+06  1.734121e+09
1    1558.210762    0.000762  0.001316  ...  0.000012  3.307287e+06  1.734121e+09
2    1558.211384    0.000208  0.000056  ...  0.000012  2.699367e+06  1.734121e+09
3    1558.211424    0.000131  0.000024  ...  0.000012  2.761374e+06  1.734121e+09
4    1558.211266    0.000115  0.000019  ...  0.000012  2.799257e+06  1.734121e+09
..           ...         ...       ...  ...       ...           ...           ...
499  1558.208247    0.000116  0.000020  ...  0.000012  2.796103e+06  1.734126e+09
500  1558.208213    0.000182  0.000046  ...  0.000012  2.737633e+06  1.734126e+09
501  1558.210557    0.000488  0.000403  ...  0.000012  3.011441e+06  1.734126e+09
502  1558.208179    0.000117  0.000020  ...  0.000012  2.793727e+06  1.734126e+09
503  1558.208129    0.000116  0.000020  ...  0.000012  2.792107e+06  1.734126e+09

[504 rows x 13 columns]
CHANNEL_1_3
          cbragg  cbragg_err   credchi  ...  cdelta_n            cL     timestamp
0    1561.023608    0.000045  0.000003  ...  0.000012  2.928990e+06  1.734121e+09
1    1561.023500    0.000043  0.000003  ...  0.000012  2.927590e+06  1.734121e+09
2    1561.023441    0.000055  0.000005  ...  0.000012  2.926008e+06  1.734121e+09
3    1561.023386    0.000056  0.000005  ...  0.000012  2.912776e+06  1.734121e+09
4    1561.023252    0.000044  0.000003  ...  0.000012  2.938824e+06  1.734121e+09
..           ...         ...       ...  ...       ...           ...           ...
499  1561.021128    0.000227  0.000096  ...  0.000012  3.080118e+06  1.734126e+09
500  1561.020775    0.000545  0.000660  ...  0.000012  3.304553e+06  1.734126e+09
501  1561.021113    0.000754  0.001469  ...  0.000012  3.492022e+06  1.734126e+09
502  1561.021138    0.000047  0.000004  ...  0.000012  2.924880e+06  1.734126e+09
503  1561.021558    0.000853  0.001721  ...  0.000012  3.469366e+06  1.734126e+09

[504 rows x 13 columns]
CHANNEL_2_1
          cbragg  cbragg_err   credchi  ...  cdelta_n            cL     timestamp
0    1543.859756    0.000078  0.000006  ...  0.000012  2.767431e+06  1.734121e+09
1    1543.859751    0.000085  0.000007  ...  0.000012  2.766976e+06  1.734121e+09
2    1543.858878    0.000081  0.000007  ...  0.000012  2.767967e+06  1.734121e+09
3    1543.858962    0.000205  0.000006  ...  0.000012  2.766370e+06  1.734121e+09
4    1543.859800    0.000079  0.000007  ...  0.000012  2.785905e+06  1.734121e+09
..           ...         ...       ...  ...       ...           ...           ...
499  1543.853493    0.000099  0.000006  ...  0.000012  2.767762e+06  1.734126e+09
500  1543.853991    0.000224  0.000006  ...  0.000012  2.766205e+06  1.734126e+09
501  1543.853900    0.000079  0.000006  ...  0.000012  2.767199e+06  1.734126e+09
502  1543.853462    0.000245  0.000006  ...  0.000012  2.767403e+06  1.734126e+09
503  1543.853619    0.000078  0.000006  ...  0.000012  2.767991e+06  1.734126e+09

[504 rows x 13 columns]
CHANNEL_2_2
          cbragg  cbragg_err   credchi  ...  cdelta_n            cL     timestamp
0    1545.930528    0.000741  0.000678  ...  0.000012  3.173269e+06  1.734121e+09
1    1545.932051    0.000133  0.000013  ...  0.000012  2.683215e+06  1.734121e+09
2    1545.932318    0.000138  0.000014  ...  0.000012  2.677283e+06  1.734121e+09
3    1545.931201    0.000481  0.000239  ...  0.000012  2.976129e+06  1.734121e+09
4    1545.932376    0.000131  0.000013  ...  0.000012  2.684487e+06  1.734121e+09
..           ...         ...       ...  ...       ...           ...           ...
499  1545.927298    0.001076  0.001790  ...  0.000012  3.464011e+06  1.734126e+09
500  1545.928972    0.000136  0.000014  ...  0.000012  2.663318e+06  1.734126e+09
501  1545.927078    0.000784  0.000743  ...  0.000012  3.182127e+06  1.734126e+09
502  1545.929060    0.000132  0.000013  ...  0.000012  2.687389e+06  1.734126e+09
503  1545.929035    0.000133  0.000013  ...  0.000012  2.667946e+06  1.734126e+09

[504 rows x 13 columns]
CHANNEL_2_3
          cbragg  cbragg_err   credchi  ...  cdelta_n            cL     timestamp
0    1548.527713    0.000100  0.000010  ...  0.000012  2.899815e+06  1.734121e+09
1    1548.527687    0.000313  0.000080  ...  0.000012  2.730699e+06  1.734121e+09
2    1548.527806    0.000095  0.000009  ...  0.000012  2.902780e+06  1.734121e+09
3    1548.528433    0.000454  0.000245  ...  0.000012  3.142470e+06  1.734121e+09
4    1548.527514    0.000101  0.000010  ...  0.000012  2.892249e+06  1.734121e+09
..           ...         ...       ...  ...       ...           ...           ...
499  1548.525489    0.000111  0.000012  ...  0.000012  2.852184e+06  1.734126e+09
500  1548.525450    0.000095  0.000009  ...  0.000012  2.903292e+06  1.734126e+09
501  1548.525592    0.000094  0.000009  ...  0.000012  2.881909e+06  1.734126e+09
502  1548.525561    0.000093  0.000008  ...  0.000012  2.883242e+06  1.734126e+09
503  1548.525574    0.000103  0.000010  ...  0.000012  2.858895e+06  1.734126e+09

[504 rows x 13 columns]
CHANNEL_3_1
          cbragg  cbragg_err   credchi  ...  cdelta_n            cL     timestamp
0    1544.330379    0.000161  0.000024  ...  0.000012  7.800637e+06  1.734121e+09
1    1544.330459    0.000110  0.000024  ...  0.000012  7.810550e+06  1.734121e+09
2    1544.330425    0.000134  0.000024  ...  0.000012  7.803346e+06  1.734121e+09
3    1544.330397    0.000143  0.000023  ...  0.000012  7.812626e+06  1.734121e+09
4    1544.330253    0.000116  0.000024  ...  0.000012  7.823701e+06  1.734121e+09
..           ...         ...       ...  ...       ...           ...           ...
499  1544.324850    0.000111  0.000025  ...  0.000012  7.818514e+06  1.734126e+09
500  1544.324759    0.000420  0.000025  ...  0.000012  7.818059e+06  1.734126e+09
501  1544.324848    0.000134  0.000024  ...  0.000012  7.818699e+06  1.734126e+09
502  1544.324748    0.000113  0.000024  ...  0.000012  7.815588e+06  1.734126e+09
503  1544.324720    0.000118  0.000026  ...  0.000012  7.801135e+06  1.734126e+09

[504 rows x 13 columns]
CHANNEL_3_2
          cbragg  cbragg_err   credchi  ...  cdelta_n            cL     timestamp
0    1545.225205    0.000119  0.000035  ...  0.000012  7.820514e+06  1.734121e+09
1    1545.225192    0.000116  0.000035  ...  0.000012  7.826915e+06  1.734121e+09
2    1545.225132    0.000110  0.000033  ...  0.000012  7.831066e+06  1.734121e+09
3    1545.225144    0.000112  0.000034  ...  0.000012  7.836031e+06  1.734121e+09
4    1545.225014    0.000110  0.000033  ...  0.000012  7.850964e+06  1.734121e+09
..           ...         ...       ...  ...       ...           ...           ...
499  1545.219828    0.000289  0.000035  ...  0.000012  7.825370e+06  1.734126e+09
500  1545.219695    0.000117  0.000036  ...  0.000012  7.830171e+06  1.734126e+09
501  1545.219751    0.000162  0.000035  ...  0.000012  7.830568e+06  1.734126e+09
502  1545.219839    0.000122  0.000037  ...  0.000012  7.816286e+06  1.734126e+09
503  1545.219761    0.000111  0.000033  ...  0.000012  7.827324e+06  1.734126e+09

[504 rows x 13 columns]
CHANNEL_3_3
          cbragg  cbragg_err   credchi  ...  cdelta_n            cL     timestamp
0    1545.992099    0.000108  0.000037  ...  0.000012  7.637270e+06  1.734121e+09
1    1545.992107    0.000102  0.000033  ...  0.000012  7.631733e+06  1.734121e+09
2    1545.991841    0.000110  0.000038  ...  0.000012  7.633625e+06  1.734121e+09
3    1545.991906    0.000109  0.000037  ...  0.000012  7.623616e+06  1.734121e+09
4    1545.991910    0.000108  0.000037  ...  0.000012  7.637533e+06  1.734121e+09
..           ...         ...       ...  ...       ...           ...           ...
499  1545.987178    0.000106  0.000036  ...  0.000012  7.634157e+06  1.734126e+09
500  1545.987121    0.000105  0.000035  ...  0.000012  7.627565e+06  1.734126e+09
501  1545.987171    0.000106  0.000036  ...  0.000012  7.631958e+06  1.734126e+09
502  1545.987224    0.000107  0.000036  ...  0.000012  7.632075e+06  1.734126e+09
503  1545.987220    0.000116  0.000043  ...  0.000012  7.748321e+06  1.734126e+09

[504 rows x 13 columns]
CHANNEL_3_4
          cbragg  cbragg_err   credchi  ...  cdelta_n            cL     timestamp
0    1546.762277    0.000097  0.000022  ...  0.000012  7.703199e+06  1.734121e+09
1    1546.762223    0.000097  0.000022  ...  0.000012  7.727372e+06  1.734121e+09
2    1546.762147    0.000097  0.000022  ...  0.000012  7.722544e+06  1.734121e+09
3    1546.762155    0.000098  0.000022  ...  0.000012  7.714403e+06  1.734121e+09
4    1546.762179    0.000098  0.000022  ...  0.000012  7.723588e+06  1.734121e+09
..           ...         ...       ...  ...       ...           ...           ...
499  1546.759086    0.000100  0.000023  ...  0.000012  7.709666e+06  1.734126e+09
500  1546.759029    0.000096  0.000022  ...  0.000012  7.729946e+06  1.734126e+09
501  1546.759072    0.000099  0.000023  ...  0.000012  7.721106e+06  1.734126e+09
502  1546.759056    0.000100  0.000023  ...  0.000012  7.719559e+06  1.734126e+09
503  1546.759049    0.000098  0.000022  ...  0.000012  7.721042e+06  1.734126e+09

[504 rows x 13 columns]
CHANNEL_3_5
          cbragg  cbragg_err   credchi  ...  cdelta_n            cL     timestamp
0    1547.786134    0.000077  0.000020  ...  0.000012  7.630241e+06  1.734121e+09
1    1547.786192    0.000078  0.000020  ...  0.000012  7.598221e+06  1.734121e+09
2    1547.786081    0.000077  0.000020  ...  0.000012  7.643891e+06  1.734121e+09
3    1547.786118    0.000079  0.000021  ...  0.000012  7.612222e+06  1.734121e+09
4    1547.786012    0.000102  0.000036  ...  0.000012  7.834631e+06  1.734121e+09
..           ...         ...       ...  ...       ...           ...           ...
499  1547.782985    0.000078  0.000021  ...  0.000012  7.622024e+06  1.734126e+09
500  1547.782816    0.000077  0.000020  ...  0.000012  7.633177e+06  1.734126e+09
501  1547.782931    0.000078  0.000020  ...  0.000012  7.626218e+06  1.734126e+09
502  1547.782883    0.000076  0.000020  ...  0.000012  7.630072e+06  1.734126e+09
503  1547.782837    0.000082  0.000022  ...  0.000012  7.700545e+06  1.734126e+09

[504 rows x 13 columns]
CHANNEL_3_6
          cbragg  cbragg_err   credchi  ...  cdelta_n            cL     timestamp
0    1548.770223    0.000104  0.000025  ...  0.000012  7.564879e+06  1.734121e+09
1    1548.770165    0.000083  0.000016  ...  0.000012  7.786445e+06  1.734121e+09
2    1548.770357    0.000082  0.000016  ...  0.000012  7.741919e+06  1.734121e+09
3    1548.770411    0.000080  0.000015  ...  0.000012  7.794520e+06  1.734121e+09
4    1548.770365    0.000084  0.000017  ...  0.000012  7.777519e+06  1.734121e+09
..           ...         ...       ...  ...       ...           ...           ...
499  1548.767061    0.000081  0.000016  ...  0.000012  7.806764e+06  1.734126e+09
500  1548.767027    0.000083  0.000016  ...  0.000012  7.803159e+06  1.734126e+09
501  1548.767061    0.000081  0.000016  ...  0.000012  7.800282e+06  1.734126e+09
502  1548.767022    0.000112  0.000028  ...  0.000012  7.523744e+06  1.734126e+09
503  1548.767060    0.000082  0.000016  ...  0.000012  7.800844e+06  1.734126e+09

[504 rows x 13 columns]
CHANNEL_3_7
          cbragg  cbragg_err   credchi  ...  cdelta_n            cL     timestamp
0    1549.792464    0.000083  0.000021  ...  0.000012  7.582234e+06  1.734121e+09
1    1549.792355    0.000081  0.000020  ...  0.000012  7.593289e+06  1.734121e+09
2    1549.792320    0.000084  0.000022  ...  0.000012  7.587562e+06  1.734121e+09
3    1549.792323    0.000082  0.000021  ...  0.000012  7.595194e+06  1.734121e+09
4    1549.792209    0.000083  0.000021  ...  0.000012  7.595215e+06  1.734121e+09
..           ...         ...       ...  ...       ...           ...           ...
499  1549.789118    0.000081  0.000020  ...  0.000012  7.604888e+06  1.734126e+09
500  1549.789163    0.000082  0.000021  ...  0.000012  7.586981e+06  1.734126e+09
501  1549.789179    0.000083  0.000021  ...  0.000012  7.588372e+06  1.734126e+09
502  1549.789156    0.000083  0.000021  ...  0.000012  7.592826e+06  1.734126e+09
503  1549.789083    0.000081  0.000020  ...  0.000012  7.586270e+06  1.734126e+09

[504 rows x 13 columns]
CHANNEL_3_8
          cbragg  cbragg_err   credchi  ...  cdelta_n            cL     timestamp
0    1550.742464    0.000102  0.000021  ...  0.000012  7.589612e+06  1.734121e+09
1    1550.742542    0.000090  0.000016  ...  0.000012  7.709867e+06  1.734121e+09
2    1550.742557    0.000089  0.000016  ...  0.000012  7.677525e+06  1.734121e+09
3    1550.742513    0.000089  0.000016  ...  0.000012  7.687015e+06  1.734121e+09
4    1550.742532    0.000088  0.000016  ...  0.000012  7.697550e+06  1.734121e+09
..           ...         ...       ...  ...       ...           ...           ...
499  1550.740017    0.000090  0.000016  ...  0.000012  7.650725e+06  1.734126e+09
500  1550.740113    0.000090  0.000016  ...  0.000012  7.703924e+06  1.734126e+09
501  1550.740103    0.000089  0.000016  ...  0.000012  7.688411e+06  1.734126e+09
502  1550.740070    0.000088  0.000016  ...  0.000012  7.686139e+06  1.734126e+09
503  1550.739985    0.000089  0.000016  ...  0.000012  7.686945e+06  1.734126e+09

[504 rows x 13 columns]
CHANNEL_3_9
          cbragg  cbragg_err   credchi  ...  cdelta_n            cL     timestamp
0    1551.739096    0.000086  0.000016  ...  0.000012  7.711652e+06  1.734121e+09
1    1551.739085    0.000085  0.000015  ...  0.000012  7.716758e+06  1.734121e+09
2    1551.739203    0.000089  0.000017  ...  0.000012  7.700963e+06  1.734121e+09
3    1551.739164    0.000086  0.000016  ...  0.000012  7.714545e+06  1.734121e+09
4    1551.739156    0.000087  0.000016  ...  0.000012  7.720927e+06  1.734121e+09
..           ...         ...       ...  ...       ...           ...           ...
499  1551.736730    0.000088  0.000016  ...  0.000012  7.713859e+06  1.734126e+09
500  1551.736775    0.000084  0.000015  ...  0.000012  7.721779e+06  1.734126e+09
501  1551.736716    0.000089  0.000017  ...  0.000012  7.718596e+06  1.734126e+09
502  1551.736712    0.000087  0.000016  ...  0.000012  7.708475e+06  1.734126e+09
503  1551.736682    0.000104  0.000022  ...  0.000012  7.523441e+06  1.734126e+09

[504 rows x 13 columns]
CHANNEL_3_10
          cbragg  cbragg_err   credchi  ...  cdelta_n            cL     timestamp
0    1552.746095    0.000104  0.000019  ...  0.000012  7.791949e+06  1.734121e+09
1    1552.746186    0.000103  0.000019  ...  0.000012  7.799098e+06  1.734121e+09
2    1552.746010    0.000107  0.000020  ...  0.000012  7.790894e+06  1.734121e+09
3    1552.745967    0.000104  0.000019  ...  0.000012  7.803914e+06  1.734121e+09
4    1552.746003    0.000104  0.000019  ...  0.000012  7.798861e+06  1.734121e+09
..           ...         ...       ...  ...       ...           ...           ...
499  1552.743660    0.000157  0.000040  ...  0.000012  7.421006e+06  1.734126e+09
500  1552.743489    0.000103  0.000019  ...  0.000012  7.811104e+06  1.734126e+09
501  1552.743663    0.000103  0.000019  ...  0.000012  7.808900e+06  1.734126e+09
502  1552.743625    0.000103  0.000019  ...  0.000012  7.799224e+06  1.734126e+09
503  1552.743647    0.000105  0.000019  ...  0.000012  7.759605e+06  1.734126e+09

[504 rows x 13 columns]
CHANNEL_3_11
          cbragg  cbragg_err   credchi  ...  cdelta_n            cL     timestamp
0    1553.708640    0.000129  0.000032  ...  0.000012  7.910521e+06  1.734121e+09
1    1553.708726    0.000187  0.000065  ...  0.000012  7.511325e+06  1.734121e+09
2    1553.708623    0.000130  0.000033  ...  0.000012  7.914606e+06  1.734121e+09
3    1553.708606    0.000130  0.000033  ...  0.000012  7.913651e+06  1.734121e+09
4    1553.708583    0.000130  0.000033  ...  0.000012  7.907789e+06  1.734121e+09
..           ...         ...       ...  ...       ...           ...           ...
499  1553.706218    0.000131  0.000034  ...  0.000012  7.939772e+06  1.734126e+09
500  1553.706293    0.000129  0.000033  ...  0.000012  7.911470e+06  1.734126e+09
501  1553.706287    0.000133  0.000035  ...  0.000012  7.972702e+06  1.734126e+09
502  1553.706194    0.000130  0.000033  ...  0.000012  7.900821e+06  1.734126e+09
503  1553.706277    0.000129  0.000032  ...  0.000012  7.910324e+06  1.734126e+09

[504 rows x 13 columns]
CHANNEL_3_12
          cbragg  cbragg_err   credchi  ...  cdelta_n            cL     timestamp
0    1554.689760    0.000089  0.000019  ...  0.000012  7.883855e+06  1.734121e+09
1    1554.689849    0.000090  0.000019  ...  0.000012  7.878062e+06  1.734121e+09
2    1554.689863    0.000092  0.000020  ...  0.000012  7.876431e+06  1.734121e+09
3    1554.689687    0.000127  0.000036  ...  0.000012  7.572251e+06  1.734121e+09
4    1554.689792    0.000091  0.000019  ...  0.000012  7.877693e+06  1.734121e+09
..           ...         ...       ...  ...       ...           ...           ...
499  1554.687348    0.000091  0.000020  ...  0.000012  7.884988e+06  1.734126e+09
500  1554.687327    0.000091  0.000020  ...  0.000012  7.869317e+06  1.734126e+09
501  1554.687357    0.000091  0.000019  ...  0.000012  7.878337e+06  1.734126e+09
502  1554.687271    0.000091  0.000019  ...  0.000012  7.880307e+06  1.734126e+09
503  1554.687265    0.000091  0.000019  ...  0.000012  7.884987e+06  1.734126e+09

[504 rows x 13 columns]
CHANNEL_3_13
          cbragg  cbragg_err   credchi  ...  cdelta_n            cL     timestamp
0    1555.694713    0.000090  0.000014  ...  0.000012  7.531930e+06  1.734121e+09
1    1555.694737    0.000087  0.000014  ...  0.000012  7.540328e+06  1.734121e+09
2    1555.694685    0.000088  0.000014  ...  0.000012  7.573523e+06  1.734121e+09
3    1555.694534    0.000128  0.000028  ...  0.000012  7.277647e+06  1.734121e+09
4    1555.694809    0.000086  0.000013  ...  0.000012  7.530592e+06  1.734121e+09
..           ...         ...       ...  ...       ...           ...           ...
499  1555.692256    0.000088  0.000014  ...  0.000012  7.572301e+06  1.734126e+09
500  1555.692257    0.000086  0.000013  ...  0.000012  7.568706e+06  1.734126e+09
501  1555.692313    0.000089  0.000014  ...  0.000012  7.565359e+06  1.734126e+09
502  1555.692261    0.000087  0.000014  ...  0.000012  7.558856e+06  1.734126e+09
503  1555.692292    0.000085  0.000013  ...  0.000012  7.592783e+06  1.734126e+09

[504 rows x 13 columns]
CHANNEL_3_14
          cbragg  cbragg_err   credchi  ...  cdelta_n            cL     timestamp
0    1556.650611    0.000194  0.000076  ...  0.000012  7.790420e+06  1.734121e+09
1    1556.650693    0.000193  0.000074  ...  0.000012  7.792074e+06  1.734121e+09
2    1556.650642    0.000195  0.000076  ...  0.000012  7.797619e+06  1.734121e+09
3    1556.650615    0.000194  0.000076  ...  0.000012  7.792287e+06  1.734121e+09
4    1556.650675    0.000193  0.000075  ...  0.000012  7.797022e+06  1.734121e+09
..           ...         ...       ...  ...       ...           ...           ...
499  1556.648159    0.000194  0.000076  ...  0.000012  7.794178e+06  1.734126e+09
500  1556.648231    0.000193  0.000075  ...  0.000012  7.791256e+06  1.734126e+09
501  1556.648282    0.000192  0.000075  ...  0.000012  7.799608e+06  1.734126e+09
502  1556.648139    0.000193  0.000075  ...  0.000012  7.796712e+06  1.734126e+09
503  1556.648130    0.000190  0.000073  ...  0.000012  7.794684e+06  1.734126e+09

[504 rows x 13 columns]
