CHANNEL_0_1
           cbragg  cbragg_err   credchi  ...  cdelta_n            cL     timestamp
0     1544.228399    0.000105  0.000040  ...  0.000012  7.708638e+06  1.738021e+09
1     1544.230084    0.000103  0.000054  ...  0.000012  7.644607e+06  1.738021e+09
2     1544.228470    0.000169  0.000041  ...  0.000012  7.707081e+06  1.738021e+09
3     1544.230082    0.000356  0.000056  ...  0.000012  7.646012e+06  1.738021e+09
4     1544.228422    0.000100  0.000041  ...  0.000012  7.701447e+06  1.738021e+09
...           ...         ...       ...  ...       ...           ...           ...
1587  1544.230114    0.000101  0.000053  ...  0.000012  7.652641e+06  1.738021e+09
1588  1544.228442    0.000131  0.000041  ...  0.000012  7.709628e+06  1.738021e+09
1589  1544.230069    0.000101  0.000054  ...  0.000012  7.649939e+06  1.738021e+09
1590  1544.228354    0.000200  0.000041  ...  0.000012  7.704610e+06  1.738021e+09
1591  1544.230057    0.000103  0.000055  ...  0.000012  7.638901e+06  1.738021e+09

[1592 rows x 13 columns]
CHANNEL_0_2
           cbragg  cbragg_err   credchi  ...  cdelta_n            cL     timestamp
0     1545.182776    0.000080  0.000017  ...  0.000012  7.686089e+06  1.738021e+09
1     1545.183726    0.000083  0.000014  ...  0.000012  7.680890e+06  1.738021e+09
2     1545.182838    0.000080  0.000017  ...  0.000012  7.678626e+06  1.738021e+09
3     1545.183651    0.000084  0.000014  ...  0.000012  7.684307e+06  1.738021e+09
4     1545.182882    0.000107  0.000017  ...  0.000012  7.665416e+06  1.738021e+09
...           ...         ...       ...  ...       ...           ...           ...
1587  1545.183727    0.000149  0.000014  ...  0.000012  7.682179e+06  1.738021e+09
1588  1545.182723    0.000082  0.000017  ...  0.000012  7.685523e+06  1.738021e+09
1589  1545.183592    0.000086  0.000015  ...  0.000012  7.693824e+06  1.738021e+09
1590  1545.182676    0.000110  0.000017  ...  0.000012  7.670218e+06  1.738021e+09
1591  1545.183698    0.000083  0.000014  ...  0.000012  7.691571e+06  1.738021e+09

[1592 rows x 13 columns]
CHANNEL_0_3
           cbragg  cbragg_err   credchi  ...  cdelta_n            cL     timestamp
0     1546.168751    0.000111  0.000048  ...  0.000012  7.624669e+06  1.738021e+09
1     1546.166946    0.000109  0.000045  ...  0.000012  7.618040e+06  1.738021e+09
2     1546.168697    0.000110  0.000047  ...  0.000012  7.641990e+06  1.738021e+09
3     1546.166805    0.000110  0.000046  ...  0.000012  7.619246e+06  1.738021e+09
4     1546.168600    0.000112  0.000048  ...  0.000012  7.642881e+06  1.738021e+09
...           ...         ...       ...  ...       ...           ...           ...
1587  1546.166723    0.000110  0.000046  ...  0.000012  7.630264e+06  1.738021e+09
1588  1546.168691    0.000108  0.000046  ...  0.000012  7.659987e+06  1.738021e+09
1589  1546.166731    0.000111  0.000047  ...  0.000012  7.615354e+06  1.738021e+09
1590  1546.168530    0.000109  0.000046  ...  0.000012  7.611033e+06  1.738021e+09
1591  1546.166805    0.000111  0.000047  ...  0.000012  7.615830e+06  1.738021e+09

[1592 rows x 13 columns]
CHANNEL_0_4
           cbragg  cbragg_err   credchi  ...  cdelta_n            cL     timestamp
0     1547.160591    0.000113  0.000054  ...  0.000012  7.837096e+06  1.738021e+09
1     1547.162124    0.000119  0.000049  ...  0.000012  7.851637e+06  1.738021e+09
2     1547.160530    0.000112  0.000053  ...  0.000012  7.849257e+06  1.738021e+09
3     1547.162076    0.000117  0.000048  ...  0.000012  7.858798e+06  1.738021e+09
4     1547.160563    0.000115  0.000055  ...  0.000012  7.838104e+06  1.738021e+09
...           ...         ...       ...  ...       ...           ...           ...
1587  1547.162047    0.000117  0.000047  ...  0.000012  7.847756e+06  1.738021e+09
1588  1547.160511    0.000114  0.000055  ...  0.000012  7.835448e+06  1.738021e+09
1589  1547.162016    0.000118  0.000048  ...  0.000012  7.854109e+06  1.738021e+09
1590  1547.160564    0.000114  0.000055  ...  0.000012  7.840237e+06  1.738021e+09
1591  1547.162077    0.000119  0.000048  ...  0.000012  7.851466e+06  1.738021e+09

[1592 rows x 13 columns]
CHANNEL_0_5
           cbragg  cbragg_err   credchi  ...  cdelta_n            cL     timestamp
0     1548.135094    0.000091  0.000032  ...  0.000012  7.715258e+06  1.738021e+09
1     1548.138607    0.000093  0.000048  ...  0.000012  7.639902e+06  1.738021e+09
2     1548.135013    0.000093  0.000033  ...  0.000012  7.695887e+06  1.738021e+09
3     1548.138440    0.000111  0.000071  ...  0.000012  7.821195e+06  1.738021e+09
4     1548.135110    0.000092  0.000032  ...  0.000012  7.704593e+06  1.738021e+09
...           ...         ...       ...  ...       ...           ...           ...
1587  1548.138438    0.000092  0.000048  ...  0.000012  7.638367e+06  1.738021e+09
1588  1548.134937    0.000094  0.000034  ...  0.000012  7.691016e+06  1.738021e+09
1589  1548.138417    0.000092  0.000047  ...  0.000012  7.641936e+06  1.738021e+09
1590  1548.135083    0.000096  0.000035  ...  0.000012  7.774700e+06  1.738021e+09
1591  1548.138521    0.000092  0.000048  ...  0.000012  7.640968e+06  1.738021e+09

[1592 rows x 13 columns]
CHANNEL_0_6
           cbragg  cbragg_err   credchi  ...  cdelta_n            cL     timestamp
0     1549.121558    0.000142  0.000144  ...  0.000012  7.797082e+06  1.738021e+09
1     1549.113813    0.000081  0.000026  ...  0.000012  7.602275e+06  1.738021e+09
2     1549.121514    0.000084  0.000047  ...  0.000012  7.455891e+06  1.738021e+09
3     1549.113681    0.000153  0.000095  ...  0.000012  7.864662e+06  1.738021e+09
4     1549.121586    0.000084  0.000046  ...  0.000012  7.455803e+06  1.738021e+09
...           ...         ...       ...  ...       ...           ...           ...
1587  1549.113732    0.000078  0.000024  ...  0.000012  7.527637e+06  1.738021e+09
1588  1549.121645    0.000085  0.000049  ...  0.000012  7.436423e+06  1.738021e+09
1589  1549.113839    0.000100  0.000041  ...  0.000012  7.713510e+06  1.738021e+09
1590  1549.121538    0.000083  0.000046  ...  0.000012  7.446664e+06  1.738021e+09
1591  1549.113803    0.000077  0.000023  ...  0.000012  7.510598e+06  1.738021e+09

[1592 rows x 13 columns]
CHANNEL_0_7
           cbragg  cbragg_err   credchi  ...  cdelta_n            cL     timestamp
0     1550.116954    0.000119  0.000042  ...  0.000012  7.634452e+06  1.738021e+09
1     1550.121722    0.000118  0.000049  ...  0.000012  7.642872e+06  1.738021e+09
2     1550.117000    0.000118  0.000042  ...  0.000012  7.624579e+06  1.738021e+09
3     1550.121664    0.000116  0.000047  ...  0.000012  7.641493e+06  1.738021e+09
4     1550.117018    0.000118  0.000042  ...  0.000012  7.632092e+06  1.738021e+09
...           ...         ...       ...  ...       ...           ...           ...
1587  1550.121582    0.000118  0.000049  ...  0.000012  7.645466e+06  1.738021e+09
1588  1550.116980    0.000119  0.000042  ...  0.000012  7.631811e+06  1.738021e+09
1589  1550.121633    0.000117  0.000048  ...  0.000012  7.644711e+06  1.738021e+09
1590  1550.116974    0.000118  0.000042  ...  0.000012  7.631291e+06  1.738021e+09
1591  1550.121703    0.000118  0.000049  ...  0.000012  7.643731e+06  1.738021e+09

[1592 rows x 13 columns]
CHANNEL_0_8
           cbragg  cbragg_err   credchi  ...  cdelta_n            cL     timestamp
0     1551.091748    0.000073  0.000016  ...  0.000012  7.609908e+06  1.738021e+09
1     1551.091933    0.000072  0.000019  ...  0.000012  7.589912e+06  1.738021e+09
2     1551.091762    0.000071  0.000016  ...  0.000012  7.614699e+06  1.738021e+09
3     1551.091917    0.000071  0.000018  ...  0.000012  7.597518e+06  1.738021e+09
4     1551.091777    0.000073  0.000016  ...  0.000012  7.611863e+06  1.738021e+09
...           ...         ...       ...  ...       ...           ...           ...
1587  1551.091907    0.000070  0.000017  ...  0.000012  7.595986e+06  1.738021e+09
1588  1551.091762    0.000074  0.000016  ...  0.000012  7.607105e+06  1.738021e+09
1589  1551.091936    0.000072  0.000018  ...  0.000012  7.594178e+06  1.738021e+09
1590  1551.091717    0.000073  0.000016  ...  0.000012  7.611433e+06  1.738021e+09
1591  1551.091829    0.000070  0.000018  ...  0.000012  7.592184e+06  1.738021e+09

[1592 rows x 13 columns]
CHANNEL_0_9
           cbragg  cbragg_err   credchi  ...  cdelta_n            cL     timestamp
0     1552.077089    0.000086  0.000025  ...  0.000012  7.677192e+06  1.738021e+09
1     1552.072629    0.000091  0.000019  ...  0.000012  7.690841e+06  1.738021e+09
2     1552.077125    0.000086  0.000025  ...  0.000012  7.676815e+06  1.738021e+09
3     1552.072555    0.000088  0.000018  ...  0.000012  7.700984e+06  1.738021e+09
4     1552.077094    0.000086  0.000025  ...  0.000012  7.677230e+06  1.738021e+09
...           ...         ...       ...  ...       ...           ...           ...
1587  1552.072521    0.000089  0.000018  ...  0.000012  7.688449e+06  1.738021e+09
1588  1552.077116    0.000086  0.000025  ...  0.000012  7.679489e+06  1.738021e+09
1589  1552.072557    0.000090  0.000019  ...  0.000012  7.690622e+06  1.738021e+09
1590  1552.077052    0.000087  0.000026  ...  0.000012  7.677891e+06  1.738021e+09
1591  1552.072517    0.000089  0.000018  ...  0.000012  7.689411e+06  1.738021e+09

[1592 rows x 13 columns]
CHANNEL_0_10
           cbragg  cbragg_err   credchi  ...  cdelta_n            cL     timestamp
0     1553.077870    0.000091  0.000018  ...  0.000012  7.713997e+06  1.738021e+09
1     1553.081345    0.000090  0.000020  ...  0.000012  7.717860e+06  1.738021e+09
2     1553.077860    0.000090  0.000018  ...  0.000012  7.679902e+06  1.738021e+09
3     1553.081308    0.000089  0.000020  ...  0.000012  7.713281e+06  1.738021e+09
4     1553.077864    0.000089  0.000017  ...  0.000012  7.714733e+06  1.738021e+09
...           ...         ...       ...  ...       ...           ...           ...
1587  1553.081254    0.000091  0.000021  ...  0.000012  7.708443e+06  1.738021e+09
1588  1553.077753    0.000091  0.000018  ...  0.000012  7.686332e+06  1.738021e+09
1589  1553.081346    0.000089  0.000020  ...  0.000012  7.726079e+06  1.738021e+09
1590  1553.077862    0.000091  0.000018  ...  0.000012  7.718505e+06  1.738021e+09
1591  1553.081322    0.000091  0.000021  ...  0.000012  7.727541e+06  1.738021e+09

[1592 rows x 13 columns]
CHANNEL_0_11
           cbragg  cbragg_err   credchi  ...  cdelta_n            cL     timestamp
0     1554.092400    0.000073  0.000013  ...  0.000012  7.634731e+06  1.738021e+09
1     1554.085714    0.000075  0.000010  ...  0.000012  7.621223e+06  1.738021e+09
2     1554.092375    0.000072  0.000013  ...  0.000012  7.649074e+06  1.738021e+09
3     1554.085676    0.000129  0.000029  ...  0.000012  7.295185e+06  1.738021e+09
4     1554.092317    0.000072  0.000013  ...  0.000012  7.643989e+06  1.738021e+09
...           ...         ...       ...  ...       ...           ...           ...
1587  1554.085634    0.000133  0.000030  ...  0.000012  7.292553e+06  1.738021e+09
1588  1554.092327    0.000071  0.000013  ...  0.000012  7.653294e+06  1.738021e+09
1589  1554.085725    0.000074  0.000010  ...  0.000012  7.658633e+06  1.738021e+09
1590  1554.092346    0.000072  0.000013  ...  0.000012  7.642734e+06  1.738021e+09
1591  1554.085684    0.000073  0.000010  ...  0.000012  7.649375e+06  1.738021e+09

[1592 rows x 13 columns]
CHANNEL_0_12
           cbragg  cbragg_err   credchi  ...  cdelta_n            cL     timestamp
0     1555.114004    0.000116  0.000055  ...  0.000012  7.603028e+06  1.738021e+09
1     1555.112287    0.000116  0.000043  ...  0.000012  7.535536e+06  1.738021e+09
2     1555.113787    0.000112  0.000050  ...  0.000012  7.517565e+06  1.738021e+09
3     1555.112216    0.000116  0.000043  ...  0.000012  7.532985e+06  1.738021e+09
4     1555.113735    0.000113  0.000051  ...  0.000012  7.515114e+06  1.738021e+09
...           ...         ...       ...  ...       ...           ...           ...
1587  1555.112145    0.000115  0.000042  ...  0.000012  7.533666e+06  1.738021e+09
1588  1555.113690    0.000150  0.000094  ...  0.000012  7.796942e+06  1.738021e+09
1589  1555.112179    0.000116  0.000043  ...  0.000012  7.526514e+06  1.738021e+09
1590  1555.113695    0.000109  0.000048  ...  0.000012  7.526924e+06  1.738021e+09
1591  1555.112249    0.000114  0.000042  ...  0.000012  7.539003e+06  1.738021e+09

[1592 rows x 13 columns]
CHANNEL_0_13
           cbragg  cbragg_err   credchi  ...  cdelta_n            cL     timestamp
0     1556.087354    0.000145  0.000038  ...  0.000012  7.685687e+06  1.738021e+09
1     1556.088246    0.000135  0.000043  ...  0.000012  7.629105e+06  1.738021e+09
2     1556.087599    0.000142  0.000036  ...  0.000012  7.676387e+06  1.738021e+09
3     1556.088116    0.000137  0.000045  ...  0.000012  7.643602e+06  1.738021e+09
4     1556.087600    0.000139  0.000035  ...  0.000012  7.687563e+06  1.738021e+09
...           ...         ...       ...  ...       ...           ...           ...
1587  1556.087914    0.000138  0.000045  ...  0.000012  7.642134e+06  1.738021e+09
1588  1556.087515    0.000142  0.000037  ...  0.000012  7.686404e+06  1.738021e+09
1589  1556.088048    0.000137  0.000045  ...  0.000012  7.636109e+06  1.738021e+09
1590  1556.087490    0.000148  0.000039  ...  0.000012  7.681724e+06  1.738021e+09
1591  1556.088113    0.000137  0.000045  ...  0.000012  7.649804e+06  1.738021e+09

[1592 rows x 13 columns]
CHANNEL_0_14
           cbragg  cbragg_err   credchi  ...  cdelta_n            cL     timestamp
0     1557.062055    0.000152  0.000106  ...  0.000012  7.882279e+06  1.738021e+09
1     1557.055248    0.000093  0.000021  ...  0.000012  7.710882e+06  1.738021e+09
2     1557.062066    0.000117  0.000063  ...  0.000012  7.808520e+06  1.738021e+09
3     1557.055136    0.000094  0.000022  ...  0.000012  7.704419e+06  1.738021e+09
4     1557.062044    0.000101  0.000047  ...  0.000012  7.712676e+06  1.738021e+09
...           ...         ...       ...  ...       ...           ...           ...
1587  1557.055051    0.000094  0.000022  ...  0.000012  7.703276e+06  1.738021e+09
1588  1557.061984    0.000101  0.000047  ...  0.000012  7.713909e+06  1.738021e+09
1589  1557.055132    0.000094  0.000022  ...  0.000012  7.688423e+06  1.738021e+09
1590  1557.062036    0.000101  0.000048  ...  0.000012  7.727409e+06  1.738021e+09
1591  1557.055215    0.000092  0.000021  ...  0.000012  7.708115e+06  1.738021e+09

[1592 rows x 13 columns]
CHANNEL_1_1
           cbragg  cbragg_err   credchi  ...  cdelta_n            cL     timestamp
0     1555.126313    0.000123  0.000011  ...  0.000012  2.619581e+06  1.738021e+09
1     1555.129752    0.000094  0.000007  ...  0.000012  2.607801e+06  1.738021e+09
2     1555.125787    0.000322  0.000092  ...  0.000012  2.785417e+06  1.738021e+09
3     1555.130112    0.000646  0.000231  ...  0.000012  2.327243e+06  1.738021e+09
4     1555.125846    0.000821  0.000878  ...  0.000012  3.165667e+06  1.738021e+09
...           ...         ...       ...  ...       ...           ...           ...
1587  1555.130107    0.000174  0.000022  ...  0.000012  2.551514e+06  1.738021e+09
1588  1555.126979    0.000507  0.000144  ...  0.000012  2.379207e+06  1.738021e+09
1589  1555.129944    0.000182  0.000024  ...  0.000012  2.536261e+06  1.738021e+09
1590  1555.126375    0.000092  0.000006  ...  0.000012  2.608667e+06  1.738021e+09
1591  1555.129732    0.000208  0.000031  ...  0.000012  2.517670e+06  1.738021e+09

[1592 rows x 13 columns]
CHANNEL_1_2
           cbragg  cbragg_err   credchi  ...  cdelta_n            cL     timestamp
0     1558.274702    0.001016  0.002645  ...  0.000012  3.507509e+06  1.738021e+09
1     1558.277231    0.001164  0.003425  ...  0.000012  3.590260e+06  1.738021e+09
2     1558.275708    0.000279  0.000092  ...  0.000012  2.662889e+06  1.738021e+09
3     1558.278412    0.000127  0.000021  ...  0.000012  2.763733e+06  1.738021e+09
4     1558.275162    0.000112  0.000018  ...  0.000012  2.805287e+06  1.738021e+09
...           ...         ...       ...  ...       ...           ...           ...
1587  1558.277823    0.000230  0.000086  ...  0.000012  2.942860e+06  1.738021e+09
1588  1558.275264    0.000113  0.000019  ...  0.000012  2.807954e+06  1.738021e+09
1589  1558.278400    0.000189  0.000049  ...  0.000012  2.756577e+06  1.738021e+09
1590  1558.274854    0.000502  0.000412  ...  0.000012  3.021229e+06  1.738021e+09
1591  1558.278592    0.000290  0.000099  ...  0.000012  2.651451e+06  1.738021e+09

[1592 rows x 13 columns]
CHANNEL_1_3
           cbragg  cbragg_err   credchi  ...  cdelta_n            cL     timestamp
0     1561.089979    0.000036  0.000002  ...  0.000012  2.925411e+06  1.738021e+09
1     1561.086778    0.000091  0.000012  ...  0.000012  2.875289e+06  1.738021e+09
2     1561.090055    0.000039  0.000003  ...  0.000012  2.928435e+06  1.738021e+09
3     1561.086803    0.000060  0.000005  ...  0.000012  2.905490e+06  1.738021e+09
4     1561.090031    0.000038  0.000002  ...  0.000012  2.923900e+06  1.738021e+09
...           ...         ...       ...  ...       ...           ...           ...
1587  1561.086568    0.000038  0.000002  ...  0.000012  2.925181e+06  1.738021e+09
1588  1561.089741    0.000235  0.000107  ...  0.000012  3.090734e+06  1.738021e+09
1589  1561.086673    0.000044  0.000003  ...  0.000012  2.914558e+06  1.738021e+09
1590  1561.090025    0.000099  0.000017  ...  0.000012  3.002712e+06  1.738021e+09
1591  1561.086636    0.000089  0.000012  ...  0.000012  2.978878e+06  1.738021e+09

[1592 rows x 13 columns]
CHANNEL_2_1
           cbragg  cbragg_err   credchi  ...  cdelta_n            cL     timestamp
0     1542.577554    0.000070  0.000004  ...  0.000012  2.746175e+06  1.738021e+09
1     1542.581602    0.012670  0.004023  ...  0.000012  1.071911e+06  1.738021e+09
2     1542.583321         NaN  0.002125  ...  0.000012  1.689814e+06  1.738021e+09
3     1542.589527         NaN  0.003489  ...  0.000012  1.254625e+06  1.738021e+09
4     1542.587260         NaN  0.002905  ...  0.000012  1.444114e+06  1.738021e+09
...           ...         ...       ...  ...       ...           ...           ...
1587  1542.582637    0.012605  0.004012  ...  0.000012  1.071626e+06  1.738021e+09
1588  1542.577664    0.000065  0.000004  ...  0.000012  2.747848e+06  1.738021e+09
1589  1542.586823         NaN  0.002748  ...  0.000012  1.488429e+06  1.738021e+09
1590  1542.577565    0.000068  0.000004  ...  0.000012  2.747914e+06  1.738021e+09
1591  1542.587681         NaN  0.003271  ...  0.000012  1.325084e+06  1.738021e+09

[1592 rows x 13 columns]
CHANNEL_2_2
           cbragg  cbragg_err   credchi  ...  cdelta_n            cL     timestamp
0     1546.012003    0.000180  0.000028  ...  0.000012  2.747179e+06  1.738021e+09
1     1546.012704    0.000148  0.000019  ...  0.000012  2.666513e+06  1.738021e+09
2     1546.012246    0.000584  0.000374  ...  0.000012  3.017011e+06  1.738021e+09
3     1546.012740    0.000178  0.000026  ...  0.000012  2.620192e+06  1.738021e+09
4     1546.012442    0.000737  0.000655  ...  0.000012  3.129863e+06  1.738021e+09
...           ...         ...       ...  ...       ...           ...           ...
1587  1546.012608    0.000150  0.000019  ...  0.000012  2.671213e+06  1.738021e+09
1588  1546.012197    0.000151  0.000018  ...  0.000012  2.661687e+06  1.738021e+09
1589  1546.012754    0.000141  0.000017  ...  0.000012  2.658402e+06  1.738021e+09
1590  1546.012121    0.000156  0.000019  ...  0.000012  2.675524e+06  1.738021e+09
1591  1546.012673    0.000156  0.000020  ...  0.000012  2.638814e+06  1.738021e+09

[1592 rows x 13 columns]
CHANNEL_2_3
           cbragg  cbragg_err   credchi  ...  cdelta_n            cL     timestamp
0     1548.603480    0.000305  0.000117  ...  0.000012  3.082714e+06  1.738021e+09
1     1548.606727    0.001023  0.002003  ...  0.000012  3.639711e+06  1.738021e+09
2     1548.603588    0.000103  0.000011  ...  0.000012  2.882157e+06  1.738021e+09
3     1548.605610    0.000207  0.000044  ...  0.000012  2.794926e+06  1.738021e+09
4     1548.603407    0.000107  0.000012  ...  0.000012  2.875969e+06  1.738021e+09
...           ...         ...       ...  ...       ...           ...           ...
1587  1548.605387    0.000106  0.000013  ...  0.000012  2.878480e+06  1.738021e+09
1588  1548.603403    0.000137  0.000020  ...  0.000012  2.868703e+06  1.738021e+09
1589  1548.605466    0.000107  0.000012  ...  0.000012  2.872830e+06  1.738021e+09
1590  1548.603355    0.000294  0.000099  ...  0.000012  3.008125e+06  1.738021e+09
1591  1548.605457    0.000111  0.000013  ...  0.000012  2.871229e+06  1.738021e+09

[1592 rows x 13 columns]
CHANNEL_3_1
           cbragg  cbragg_err   credchi  ...  cdelta_n            cL     timestamp
0     1543.637651    0.000103  0.000023  ...  0.000012  7.848580e+06  1.738021e+09
1     1543.624628    0.000137  0.000014  ...  0.000012  7.895887e+06  1.738021e+09
2     1543.637730    0.000122  0.000022  ...  0.000012  7.845366e+06  1.738021e+09
3     1543.624700    0.000106  0.000014  ...  0.000012  7.907822e+06  1.738021e+09
4     1543.637697    0.000106  0.000023  ...  0.000012  7.838979e+06  1.738021e+09
...           ...         ...       ...  ...       ...           ...           ...
1587  1543.624772    0.000104  0.000014  ...  0.000012  7.907206e+06  1.738021e+09
1588  1543.637658    0.000131  0.000023  ...  0.000012  7.850643e+06  1.738021e+09
1589  1543.624803    0.000101  0.000014  ...  0.000012  7.899708e+06  1.738021e+09
1590  1543.637615    0.000137  0.000023  ...  0.000012  7.847174e+06  1.738021e+09
1591  1543.624805    0.000101  0.000013  ...  0.000012  7.892679e+06  1.738021e+09

[1592 rows x 13 columns]
CHANNEL_3_2
           cbragg  cbragg_err   credchi  ...  cdelta_n            cL     timestamp
0     1544.663319    0.000121  0.000030  ...  0.000012  7.871609e+06  1.738021e+09
1     1544.656238    0.000116  0.000034  ...  0.000012  7.832707e+06  1.738021e+09
2     1544.663307    0.000131  0.000029  ...  0.000012  7.876994e+06  1.738021e+09
3     1544.656196    0.000120  0.000033  ...  0.000012  7.836684e+06  1.738021e+09
4     1544.663372    0.000114  0.000029  ...  0.000012  7.868441e+06  1.738021e+09
...           ...         ...       ...  ...       ...           ...           ...
1587  1544.656196    0.000111  0.000033  ...  0.000012  7.838012e+06  1.738021e+09
1588  1544.663273    0.000116  0.000029  ...  0.000012  7.870357e+06  1.738021e+09
1589  1544.656163    0.000128  0.000034  ...  0.000012  7.830798e+06  1.738021e+09
1590  1544.663241    0.000184  0.000030  ...  0.000012  7.869505e+06  1.738021e+09
1591  1544.656102    0.000361  0.000033  ...  0.000012  7.831298e+06  1.738021e+09

[1592 rows x 13 columns]
CHANNEL_3_3
           cbragg  cbragg_err   credchi  ...  cdelta_n            cL     timestamp
0     1545.661933    0.000108  0.000035  ...  0.000012  7.609700e+06  1.738021e+09
1     1545.653182    0.000108  0.000023  ...  0.000012  7.622432e+06  1.738021e+09
2     1545.661821    0.000120  0.000045  ...  0.000012  7.762061e+06  1.738021e+09
3     1545.653163    0.000107  0.000023  ...  0.000012  7.608419e+06  1.738021e+09
4     1545.661926    0.000107  0.000035  ...  0.000012  7.607429e+06  1.738021e+09
...           ...         ...       ...  ...       ...           ...           ...
1587  1545.653071    0.000110  0.000024  ...  0.000012  7.560327e+06  1.738021e+09
1588  1545.661746    0.000132  0.000054  ...  0.000012  7.781582e+06  1.738021e+09
1589  1545.653137    0.000106  0.000022  ...  0.000012  7.629011e+06  1.738021e+09
1590  1545.661772    0.000107  0.000034  ...  0.000012  7.604967e+06  1.738021e+09
1591  1545.653011    0.000107  0.000023  ...  0.000012  7.627006e+06  1.738021e+09

[1592 rows x 13 columns]
CHANNEL_3_4
           cbragg  cbragg_err   credchi  ...  cdelta_n            cL     timestamp
0     1546.635544    0.000096  0.000023  ...  0.000012  7.774035e+06  1.738021e+09
1     1546.625004    0.000095  0.000020  ...  0.000012  7.777210e+06  1.738021e+09
2     1546.635482    0.000096  0.000023  ...  0.000012  7.772307e+06  1.738021e+09
3     1546.624982    0.000094  0.000020  ...  0.000012  7.781391e+06  1.738021e+09
4     1546.635487    0.000094  0.000022  ...  0.000012  7.779263e+06  1.738021e+09
...           ...         ...       ...  ...       ...           ...           ...
1587  1546.624989    0.000095  0.000020  ...  0.000012  7.772741e+06  1.738021e+09
1588  1546.635433    0.000095  0.000023  ...  0.000012  7.785756e+06  1.738021e+09
1589  1546.625029    0.000093  0.000020  ...  0.000012  7.783333e+06  1.738021e+09
1590  1546.635401    0.000095  0.000023  ...  0.000012  7.780038e+06  1.738021e+09
1591  1546.625068    0.000094  0.000020  ...  0.000012  7.771358e+06  1.738021e+09

[1592 rows x 13 columns]
CHANNEL_3_5
           cbragg  cbragg_err   credchi  ...  cdelta_n            cL     timestamp
0     1547.650812    0.000079  0.000014  ...  0.000012  7.609066e+06  1.738021e+09
1     1547.648725    0.000077  0.000015  ...  0.000012  7.579830e+06  1.738021e+09
2     1547.650720    0.000079  0.000014  ...  0.000012  7.612053e+06  1.738021e+09
3     1547.648710    0.000078  0.000015  ...  0.000012  7.586559e+06  1.738021e+09
4     1547.650810    0.000079  0.000014  ...  0.000012  7.604886e+06  1.738021e+09
...           ...         ...       ...  ...       ...           ...           ...
1587  1547.648658    0.000076  0.000014  ...  0.000012  7.588671e+06  1.738021e+09
1588  1547.650617    0.000079  0.000014  ...  0.000012  7.620502e+06  1.738021e+09
1589  1547.648618    0.000076  0.000015  ...  0.000012  7.541270e+06  1.738021e+09
1590  1547.650774    0.000078  0.000014  ...  0.000012  7.607905e+06  1.738021e+09
1591  1547.648631    0.000077  0.000015  ...  0.000012  7.591853e+06  1.738021e+09

[1592 rows x 13 columns]
CHANNEL_3_6
           cbragg  cbragg_err   credchi  ...  cdelta_n            cL     timestamp
0     1548.641123    0.000076  0.000019  ...  0.000012  7.818695e+06  1.738021e+09
1     1548.629276    0.000076  0.000011  ...  0.000012  7.938635e+06  1.738021e+09
2     1548.641116    0.000077  0.000019  ...  0.000012  7.812597e+06  1.738021e+09
3     1548.629214    0.000074  0.000010  ...  0.000012  7.913271e+06  1.738021e+09
4     1548.641096    0.000077  0.000020  ...  0.000012  7.795999e+06  1.738021e+09
...           ...         ...       ...  ...       ...           ...           ...
1587  1548.629258    0.000073  0.000010  ...  0.000012  7.901847e+06  1.738021e+09
1588  1548.641104    0.000076  0.000019  ...  0.000012  7.811752e+06  1.738021e+09
1589  1548.629282    0.000075  0.000010  ...  0.000012  7.895966e+06  1.738021e+09
1590  1548.641128    0.000077  0.000020  ...  0.000012  7.794548e+06  1.738021e+09
1591  1548.629371    0.000074  0.000010  ...  0.000012  7.897265e+06  1.738021e+09

[1592 rows x 13 columns]
CHANNEL_3_7
           cbragg  cbragg_err   credchi  ...  cdelta_n            cL     timestamp
0     1549.654955    0.000088  0.000014  ...  0.000012  7.565181e+06  1.738021e+09
1     1549.656274    0.000086  0.000021  ...  0.000012  7.479473e+06  1.738021e+09
2     1549.654936    0.000101  0.000018  ...  0.000012  7.389709e+06  1.738021e+09
3     1549.656191    0.000084  0.000020  ...  0.000012  7.532990e+06  1.738021e+09
4     1549.654887    0.000088  0.000014  ...  0.000012  7.572655e+06  1.738021e+09
...           ...         ...       ...  ...       ...           ...           ...
1587  1549.656072    0.000096  0.000027  ...  0.000012  7.661161e+06  1.738021e+09
1588  1549.654917    0.000089  0.000014  ...  0.000012  7.528959e+06  1.738021e+09
1589  1549.656218    0.000087  0.000021  ...  0.000012  7.518212e+06  1.738021e+09
1590  1549.654956    0.000090  0.000015  ...  0.000012  7.533955e+06  1.738021e+09
1591  1549.656044    0.000119  0.000040  ...  0.000012  7.655419e+06  1.738021e+09

[1592 rows x 13 columns]
CHANNEL_3_8
           cbragg  cbragg_err   credchi  ...  cdelta_n            cL     timestamp
0     1550.611463    0.000088  0.000019  ...  0.000012  7.639193e+06  1.738021e+09
1     1550.602445    0.000088  0.000011  ...  0.000012  7.710030e+06  1.738021e+09
2     1550.611368    0.000089  0.000019  ...  0.000012  7.640976e+06  1.738021e+09
3     1550.602460    0.000092  0.000012  ...  0.000012  7.703044e+06  1.738021e+09
4     1550.611399    0.000088  0.000019  ...  0.000012  7.648079e+06  1.738021e+09
...           ...         ...       ...  ...       ...           ...           ...
1587  1550.602387    0.000090  0.000011  ...  0.000012  7.699779e+06  1.738021e+09
1588  1550.611427    0.000089  0.000019  ...  0.000012  7.624750e+06  1.738021e+09
1589  1550.602371    0.000091  0.000012  ...  0.000012  7.722123e+06  1.738021e+09
1590  1550.611398    0.000090  0.000019  ...  0.000012  7.630986e+06  1.738021e+09
1591  1550.602368    0.000088  0.000011  ...  0.000012  7.712329e+06  1.738021e+09

[1592 rows x 13 columns]
CHANNEL_3_9
           cbragg  cbragg_err   credchi  ...  cdelta_n            cL     timestamp
0     1551.605940    0.000093  0.000013  ...  0.000012  7.642011e+06  1.738021e+09
1     1551.603745    0.000137  0.000036  ...  0.000012  7.336837e+06  1.738021e+09
2     1551.605902    0.000093  0.000013  ...  0.000012  7.703231e+06  1.738021e+09
3     1551.603526    0.000090  0.000017  ...  0.000012  7.646058e+06  1.738021e+09
4     1551.605910    0.000094  0.000013  ...  0.000012  7.648667e+06  1.738021e+09
...           ...         ...       ...  ...       ...           ...           ...
1587  1551.603394    0.000090  0.000016  ...  0.000012  7.661736e+06  1.738021e+09
1588  1551.606024    0.000225  0.000065  ...  0.000012  7.088669e+06  1.738021e+09
1589  1551.603503    0.000091  0.000017  ...  0.000012  7.667194e+06  1.738021e+09
1590  1551.605877    0.000094  0.000013  ...  0.000012  7.700056e+06  1.738021e+09
1591  1551.603458    0.000089  0.000016  ...  0.000012  7.659503e+06  1.738021e+09

[1592 rows x 13 columns]
CHANNEL_3_10
           cbragg  cbragg_err   credchi  ...  cdelta_n            cL     timestamp
0     1552.614471    0.000106  0.000019  ...  0.000012  7.754811e+06  1.738021e+09
1     1552.608052    0.000103  0.000015  ...  0.000012  7.781121e+06  1.738021e+09
2     1552.614499    0.000103  0.000018  ...  0.000012  7.744414e+06  1.738021e+09
3     1552.608045    0.000104  0.000015  ...  0.000012  7.777763e+06  1.738021e+09
4     1552.614411    0.000102  0.000018  ...  0.000012  7.778515e+06  1.738021e+09
...           ...         ...       ...  ...       ...           ...           ...
1587  1552.608080    0.000267  0.000086  ...  0.000012  7.071354e+06  1.738021e+09
1588  1552.614406    0.000102  0.000018  ...  0.000012  7.754722e+06  1.738021e+09
1589  1552.607979    0.000103  0.000015  ...  0.000012  7.790234e+06  1.738021e+09
1590  1552.614387    0.000102  0.000017  ...  0.000012  7.774693e+06  1.738021e+09
1591  1552.607952    0.000102  0.000014  ...  0.000012  7.797817e+06  1.738021e+09

[1592 rows x 13 columns]
CHANNEL_3_11
           cbragg  cbragg_err   credchi  ...  cdelta_n            cL     timestamp
0     1553.583777    0.000123  0.000034  ...  0.000012  7.975009e+06  1.738021e+09
1     1553.573053    0.000125  0.000028  ...  0.000012  7.938727e+06  1.738021e+09
2     1553.583843    0.000124  0.000035  ...  0.000012  7.962873e+06  1.738021e+09
3     1553.572940    0.000124  0.000028  ...  0.000012  7.980360e+06  1.738021e+09
4     1553.583829    0.000122  0.000034  ...  0.000012  7.966347e+06  1.738021e+09
...           ...         ...       ...  ...       ...           ...           ...
1587  1553.572973    0.000124  0.000027  ...  0.000012  7.943882e+06  1.738021e+09
1588  1553.583705    0.000124  0.000034  ...  0.000012  7.960381e+06  1.738021e+09
1589  1553.572950    0.000123  0.000027  ...  0.000012  7.954029e+06  1.738021e+09
1590  1553.583698    0.000123  0.000034  ...  0.000012  7.971728e+06  1.738021e+09
1591  1553.573034    0.000123  0.000027  ...  0.000012  7.949634e+06  1.738021e+09

[1592 rows x 13 columns]
CHANNEL_3_12
           cbragg  cbragg_err   credchi  ...  cdelta_n            cL     timestamp
0     1554.557141    0.000094  0.000017  ...  0.000012  7.815382e+06  1.738021e+09
1     1554.552819    0.000257  0.000089  ...  0.000012  7.162620e+06  1.738021e+09
2     1554.557030    0.000093  0.000017  ...  0.000012  7.817790e+06  1.738021e+09
3     1554.552693    0.000096  0.000014  ...  0.000012  7.838187e+06  1.738021e+09
4     1554.557094    0.000094  0.000017  ...  0.000012  7.815692e+06  1.738021e+09
...           ...         ...       ...  ...       ...           ...           ...
1587  1554.552609    0.000095  0.000014  ...  0.000012  7.837130e+06  1.738021e+09
1588  1554.556970    0.000095  0.000018  ...  0.000012  7.809998e+06  1.738021e+09
1589  1554.552577    0.000099  0.000015  ...  0.000012  7.783763e+06  1.738021e+09
1590  1554.556981    0.000095  0.000018  ...  0.000012  7.818903e+06  1.738021e+09
1591  1554.552634    0.000096  0.000014  ...  0.000012  7.838525e+06  1.738021e+09

[1592 rows x 13 columns]
CHANNEL_3_13
           cbragg  cbragg_err   credchi  ...  cdelta_n            cL     timestamp
0     1555.564956    0.000089  0.000013  ...  0.000012  7.627647e+06  1.738021e+09
1     1555.559060    0.000088  0.000014  ...  0.000012  7.581390e+06  1.738021e+09
2     1555.564958    0.000087  0.000012  ...  0.000012  7.637864e+06  1.738021e+09
3     1555.559236    0.000084  0.000012  ...  0.000012  7.590549e+06  1.738021e+09
4     1555.564953    0.000087  0.000012  ...  0.000012  7.583906e+06  1.738021e+09
...           ...         ...       ...  ...       ...           ...           ...
1587  1555.559001    0.000089  0.000014  ...  0.000012  7.577840e+06  1.738021e+09
1588  1555.564903    0.000087  0.000012  ...  0.000012  7.587739e+06  1.738021e+09
1589  1555.559084    0.000086  0.000013  ...  0.000012  7.566978e+06  1.738021e+09
1590  1555.564908    0.000086  0.000012  ...  0.000012  7.629302e+06  1.738021e+09
1591  1555.559132    0.000089  0.000014  ...  0.000012  7.530973e+06  1.738021e+09

[1592 rows x 13 columns]
CHANNEL_3_14
           cbragg  cbragg_err   credchi  ...  cdelta_n            cL     timestamp
0     1556.519213    0.000186  0.000075  ...  0.000012  7.631941e+06  1.738021e+09
1     1556.512901    0.000183  0.000048  ...  0.000012  7.791709e+06  1.738021e+09
2     1556.519131    0.000180  0.000072  ...  0.000012  7.722104e+06  1.738021e+09
3     1556.512890    0.000183  0.000048  ...  0.000012  7.796143e+06  1.738021e+09
4     1556.519243    0.000199  0.000084  ...  0.000012  7.467569e+06  1.738021e+09
...           ...         ...       ...  ...       ...           ...           ...
1587  1556.512780    0.000180  0.000046  ...  0.000012  7.789648e+06  1.738021e+09
1588  1556.519202    0.000198  0.000083  ...  0.000012  7.467647e+06  1.738021e+09
1589  1556.512786    0.000182  0.000048  ...  0.000012  7.796896e+06  1.738021e+09
1590  1556.519136    0.000178  0.000070  ...  0.000012  7.716804e+06  1.738021e+09
1591  1556.512848    0.000180  0.000046  ...  0.000012  7.794961e+06  1.738021e+09

[1592 rows x 13 columns]
