000 (11451992.536.000) 01/28 14:31:49 Job submitted from host: <188.185.114.121:9618?addrs=188.185.114.121-9618+[2001-1458-d00-a--100-273]-9618&alias=bigbird19.cern.ch&noUDP&sock=schedd_2045_4743>
...
040 (11451992.536.000) 01/28 16:48:38 Started transferring input files
	Transferring to host: <188.185.195.157:9618?addrs=188.185.195.157-9618+[2001-1458-303-22--100-99]-9618&alias=b9p17p0988.cern.ch&noUDP&sock=slot1_27_1442256_9312_56098>
...
040 (11451992.536.000) 01/28 16:48:38 Finished transferring input files
...
001 (11451992.536.000) 01/28 16:48:39 Job executing on host: <188.185.195.157:9618?addrs=188.185.195.157-9618+[2001-1458-303-22--100-99]-9618&alias=b9p17p0988.cern.ch&noUDP&sock=startd_7739_e386>
	SlotName: slot1_27@b9p17p0988.cern.ch
	CondorScratchDir = "/pool/condor/dir_1968078"
	Cpus = 1
	Disk = 3875
	GPUs = 0
	Memory = 3000
...
006 (11451992.536.000) 01/28 16:48:48 Image size of job updated: 87660
	86  -  MemoryUsage of job (MB)
	87660  -  ResidentSetSize of job (KB)
...
040 (11451992.536.000) 01/28 16:48:51 Started transferring output files
...
040 (11451992.536.000) 01/28 16:48:51 Finished transferring output files
...
005 (11451992.536.000) 01/28 16:48:51 Job terminated.
	(1) Normal termination (return value 0)
		Usr 0 00:00:10, Sys 0 00:00:00  -  Run Remote Usage
		Usr 0 00:00:00, Sys 0 00:00:00  -  Run Local Usage
		Usr 0 00:00:10, Sys 0 00:00:00  -  Total Remote Usage
		Usr 0 00:00:00, Sys 0 00:00:00  -  Total Local Usage
	14886  -  Run Bytes Sent By Job
	5797  -  Run Bytes Received By Job
	14886  -  Total Bytes Sent By Job
	5797  -  Total Bytes Received By Job
	Partitionable Resources :    Usage  Request Allocated 
	   Cpus                 :        0        1         1 
	   Disk (KB)            :       43       10      3875 
	   GPUs                 :                           0 
	   Memory (MB)          :       86     3000      3000 

	Job terminated of its own accord at 2025-01-28T15:48:51Z with exit-code 0.
...
