CHANNEL_0_1
        cbragg  cbragg_err   credchi  ...  cdelta_n            cL     timestamp
0  1544.570945    0.000252  0.000057  ...  0.000012  7.707410e+06  1.736632e+09
1  1544.564451    0.000145  0.000047  ...  0.000012  7.697016e+06  1.736632e+09

[2 rows x 13 columns]
CHANNEL_0_2
        cbragg  cbragg_err   credchi  ...  cdelta_n            cL     timestamp
0  1545.327190    0.000097  0.000017  ...  0.000012  7.636508e+06  1.736632e+09
1  1545.329215    0.000090  0.000019  ...  0.000012  7.644195e+06  1.736632e+09

[2 rows x 13 columns]
CHANNEL_0_3
        cbragg  cbragg_err   credchi  ...  cdelta_n            cL     timestamp
0  1546.146523    0.000113  0.000061  ...  0.000012  7.621330e+06  1.736632e+09
1  1546.139754    0.000118  0.000041  ...  0.000012  7.656049e+06  1.736632e+09

[2 rows x 13 columns]
CHANNEL_0_4
        cbragg  cbragg_err   credchi  ...  cdelta_n            cL     timestamp
0  1547.135605    0.000119  0.000052  ...  0.000012  7.857062e+06  1.736632e+09
1  1547.137687    0.000120  0.000057  ...  0.000012  7.837854e+06  1.736632e+09

[2 rows x 13 columns]
CHANNEL_0_5
        cbragg  cbragg_err   credchi  ...  cdelta_n            cL     timestamp
0  1548.113763    0.000095  0.000040  ...  0.000012  7.658553e+06  1.736632e+09
1  1548.109588    0.000094  0.000041  ...  0.000012  7.675030e+06  1.736632e+09

[2 rows x 13 columns]
CHANNEL_0_6
        cbragg  cbragg_err   credchi  ...  cdelta_n            cL     timestamp
0  1549.095114    0.000085  0.000044  ...  0.000012  7.446904e+06  1.736632e+09
1  1549.089074    0.000115  0.000055  ...  0.000012  7.718440e+06  1.736632e+09

[2 rows x 13 columns]
CHANNEL_0_7
        cbragg  cbragg_err   credchi  ...  cdelta_n            cL     timestamp
0  1550.093884    0.000126  0.000046  ...  0.000012  7.666688e+06  1.736632e+09
1  1550.093278    0.000125  0.000050  ...  0.000012  7.655639e+06  1.736632e+09

[2 rows x 13 columns]
CHANNEL_0_8
        cbragg  cbragg_err   credchi  ...  cdelta_n            cL     timestamp
0  1551.069633    0.000073  0.000019  ...  0.000012  7.618902e+06  1.736632e+09
1  1551.064429    0.000076  0.000017  ...  0.000012  7.604197e+06  1.736632e+09

[2 rows x 13 columns]
CHANNEL_0_9
        cbragg  cbragg_err   credchi  ...  cdelta_n            cL     timestamp
0  1552.053386    0.000092  0.000030  ...  0.000012  7.662235e+06  1.736632e+09
1  1552.046507    0.000110  0.000024  ...  0.000012  7.491379e+06  1.736632e+09

[2 rows x 13 columns]
CHANNEL_0_10
        cbragg  cbragg_err   credchi  ...  cdelta_n            cL     timestamp
0  1553.055012    0.000098  0.000018  ...  0.000012  7.723497e+06  1.736632e+09
1  1553.055979    0.000093  0.000023  ...  0.000012  7.678100e+06  1.736632e+09

[2 rows x 13 columns]
CHANNEL_0_11
        cbragg  cbragg_err   credchi  ...  cdelta_n            cL     timestamp
0  1554.068186    0.000074  0.000015  ...  0.000012  7.615866e+06  1.736632e+09
1  1554.061825    0.000082  0.000011  ...  0.000012  7.649816e+06  1.736632e+09

[2 rows x 13 columns]
CHANNEL_0_12
        cbragg  cbragg_err   credchi  ...  cdelta_n            cL     timestamp
0  1555.089412    0.000117  0.000046  ...  0.000012  7.534759e+06  1.736632e+09
1  1555.090019    0.000115  0.000051  ...  0.000012  7.512152e+06  1.736632e+09

[2 rows x 13 columns]
CHANNEL_0_13
        cbragg  cbragg_err   credchi  ...  cdelta_n            cL     timestamp
0  1556.068039    0.000136  0.000049  ...  0.000012  7.695954e+06  1.736632e+09
1  1556.060274    0.000145  0.000035  ...  0.000012  7.677423e+06  1.736632e+09

[2 rows x 13 columns]
CHANNEL_0_14
        cbragg  cbragg_err   credchi  ...  cdelta_n            cL     timestamp
0  1557.036381    0.000100  0.000036  ...  0.000012  7.618350e+06  1.736632e+09
1  1557.034705    0.000098  0.000030  ...  0.000012  7.652824e+06  1.736632e+09

[2 rows x 13 columns]
CHANNEL_1_1
        cbragg  cbragg_err   credchi  ...  cdelta_n            cL     timestamp
0  1556.049494    0.000081  0.000006  ...  0.000012  2.636791e+06  1.736632e+09
1  1556.048666    0.000630  0.000536  ...  0.000012  3.084606e+06  1.736632e+09

[2 rows x 13 columns]
CHANNEL_1_2
        cbragg  cbragg_err   credchi  ...  cdelta_n            cL     timestamp
0  1558.239774    0.000160  0.000033  ...  0.000012  2.740467e+06  1.736632e+09
1  1558.241207    0.000668  0.000967  ...  0.000012  3.240992e+06  1.736632e+09

[2 rows x 13 columns]
CHANNEL_1_3
        cbragg  cbragg_err   credchi  ...  cdelta_n            cL     timestamp
0  1561.054481    0.001021  0.002869  ...  0.000012  3.672614e+06  1.736632e+09
1  1561.051205    0.000262  0.000133  ...  0.000012  3.110223e+06  1.736632e+09

[2 rows x 13 columns]
CHANNEL_2_1
        cbragg  cbragg_err   credchi  ...  cdelta_n            cL     timestamp
0  1543.469072    0.000219  0.000006  ...  0.000012  2.769712e+06  1.736632e+09
1  1543.468158    0.000073  0.000005  ...  0.000012  2.772062e+06  1.736632e+09

[2 rows x 13 columns]
CHANNEL_2_2
        cbragg  cbragg_err   credchi  ...  cdelta_n            cL     timestamp
0  1545.969066    0.000141  0.000016  ...  0.000012  2.667476e+06  1.736632e+09
1  1545.968190    0.001178  0.002461  ...  0.000012  3.564689e+06  1.736632e+09

[2 rows x 13 columns]
CHANNEL_2_3
        cbragg  cbragg_err   credchi  ...  cdelta_n            cL     timestamp
0  1548.566402    0.000299  0.000112  ...  0.000012  3.067158e+06  1.736632e+09
1  1548.563748    0.000328  0.000096  ...  0.000012  2.705113e+06  1.736632e+09

[2 rows x 13 columns]
CHANNEL_3_1
        cbragg  cbragg_err   credchi  ...  cdelta_n            cL     timestamp
0  1544.070934    0.000115  0.000022  ...  0.000012  7.747256e+06  1.736632e+09
1  1544.067793    0.000114  0.000024  ...  0.000012  7.731667e+06  1.736632e+09

[2 rows x 13 columns]
CHANNEL_3_2
        cbragg  cbragg_err   credchi  ...  cdelta_n            cL     timestamp
0  1544.906830    0.000113  0.000039  ...  0.000012  7.869808e+06  1.736632e+09
1  1544.893346    0.000111  0.000025  ...  0.000012  7.947749e+06  1.736632e+09

[2 rows x 13 columns]
CHANNEL_3_3
        cbragg  cbragg_err   credchi  ...  cdelta_n            cL     timestamp
0  1545.724863    0.000115  0.000031  ...  0.000012  7.632335e+06  1.736632e+09
1  1545.718518    0.000110  0.000032  ...  0.000012  7.593935e+06  1.736632e+09

[2 rows x 13 columns]
CHANNEL_3_4
        cbragg  cbragg_err   credchi  ...  cdelta_n            cL     timestamp
0  1546.699641    0.000099  0.000029  ...  0.000012  7.768446e+06  1.736632e+09
1  1546.687431    0.000095  0.000017  ...  0.000012  7.798022e+06  1.736632e+09

[2 rows x 13 columns]
CHANNEL_3_5
        cbragg  cbragg_err   credchi  ...  cdelta_n            cL     timestamp
0  1547.717512    0.000085  0.000015  ...  0.000012  7.565759e+06  1.736632e+09
1  1547.709226    0.000078  0.000015  ...  0.000012  7.605400e+06  1.736632e+09

[2 rows x 13 columns]
CHANNEL_3_6
        cbragg  cbragg_err   credchi  ...  cdelta_n            cL     timestamp
0  1548.703975    0.000081  0.000019  ...  0.000012  7.810752e+06  1.736632e+09
1  1548.695113    0.000083  0.000014  ...  0.000012  7.796544e+06  1.736632e+09

[2 rows x 13 columns]
CHANNEL_3_7
        cbragg  cbragg_err   credchi  ...  cdelta_n            cL     timestamp
0  1549.724252    0.000091  0.000020  ...  0.000012  7.603714e+06  1.736632e+09
1  1549.713674    0.000091  0.000018  ...  0.000012  7.609282e+06  1.736632e+09

[2 rows x 13 columns]
CHANNEL_3_8
        cbragg  cbragg_err   credchi  ...  cdelta_n            cL     timestamp
0  1550.672780    0.000095  0.000017  ...  0.000012  7.641727e+06  1.736632e+09
1  1550.670225    0.000095  0.000016  ...  0.000012  7.625375e+06  1.736632e+09

[2 rows x 13 columns]
CHANNEL_3_9
        cbragg  cbragg_err   credchi  ...  cdelta_n            cL     timestamp
0  1551.673714    0.000092  0.000018  ...  0.000012  7.713873e+06  1.736632e+09
1  1551.662151    0.000094  0.000013  ...  0.000012  7.750510e+06  1.736632e+09

[2 rows x 13 columns]
CHANNEL_3_10
        cbragg  cbragg_err   credchi  ...  cdelta_n            cL     timestamp
0  1552.675859    0.000119  0.000016  ...  0.000012  7.720548e+06  1.736632e+09
1  1552.675622    0.000107  0.000022  ...  0.000012  7.647133e+06  1.736632e+09

[2 rows x 13 columns]
CHANNEL_3_11
        cbragg  cbragg_err   credchi  ...  cdelta_n            cL     timestamp
0  1553.646862    0.000132  0.000043  ...  0.000012  7.891740e+06  1.736632e+09
1  1553.636762    0.000135  0.000027  ...  0.000012  7.964901e+06  1.736632e+09

[2 rows x 13 columns]
CHANNEL_3_12
        cbragg  cbragg_err   credchi  ...  cdelta_n            cL     timestamp
0  1554.621145    0.000106  0.000017  ...  0.000012  7.812717e+06  1.736632e+09
1  1554.618317    0.000102  0.000021  ...  0.000012  7.774731e+06  1.736632e+09

[2 rows x 13 columns]
CHANNEL_3_13
        cbragg  cbragg_err   credchi  ...  cdelta_n            cL     timestamp
0  1555.631757    0.000086  0.000016  ...  0.000012  7.620916e+06  1.736632e+09
1  1555.619679    0.000088  0.000010  ...  0.000012  7.661652e+06  1.736632e+09

[2 rows x 13 columns]
CHANNEL_3_14
        cbragg  cbragg_err   credchi  ...  cdelta_n            cL     timestamp
0  1556.582279    0.000188  0.000055  ...  0.000012  7.665012e+06  1.736632e+09
1  1556.580338    0.000190  0.000075  ...  0.000012  7.671016e+06  1.736632e+09

[2 rows x 13 columns]
