000 (11451992.322.000) 01/28 14:31:49 Job submitted from host: <188.185.114.121:9618?addrs=188.185.114.121-9618+[2001-1458-d00-a--100-273]-9618&alias=bigbird19.cern.ch&noUDP&sock=schedd_2045_4743>
...
040 (11451992.322.000) 01/28 15:06:35 Started transferring input files
	Transferring to host: <188.185.195.12:9618?addrs=188.185.195.12-9618+[2001-1458-303-22--100-8]-9618&alias=b9p17p6034.cern.ch&noUDP&sock=slot1_22_1663339_8c50_6226>
...
040 (11451992.322.000) 01/28 15:06:35 Finished transferring input files
...
001 (11451992.322.000) 01/28 15:06:36 Job executing on host: <188.185.195.12:9618?addrs=188.185.195.12-9618+[2001-1458-303-22--100-8]-9618&alias=b9p17p6034.cern.ch&noUDP&sock=startd_8384_4e1c>
	SlotName: slot1_22@b9p17p6034.cern.ch
	CondorScratchDir = "/pool/condor/dir_593252"
	Cpus = 1
	Disk = 3846
	GPUs = 0
	Memory = 3000
...
006 (11451992.322.000) 01/28 15:06:45 Image size of job updated: 78088
	77  -  MemoryUsage of job (MB)
	78088  -  ResidentSetSize of job (KB)
...
006 (11451992.322.000) 01/28 15:11:46 Image size of job updated: 86412
	85  -  MemoryUsage of job (MB)
	86412  -  ResidentSetSize of job (KB)
...
006 (11451992.322.000) 01/28 15:16:46 Image size of job updated: 89240
	88  -  MemoryUsage of job (MB)
	89240  -  ResidentSetSize of job (KB)
...
006 (11451992.322.000) 01/28 15:21:46 Image size of job updated: 92312
	91  -  MemoryUsage of job (MB)
	92312  -  ResidentSetSize of job (KB)
...
006 (11451992.322.000) 01/28 15:26:47 Image size of job updated: 95188
	93  -  MemoryUsage of job (MB)
	95188  -  ResidentSetSize of job (KB)
...
006 (11451992.322.000) 01/28 15:31:48 Image size of job updated: 98280
	96  -  MemoryUsage of job (MB)
	98280  -  ResidentSetSize of job (KB)
...
006 (11451992.322.000) 01/28 15:36:48 Image size of job updated: 101408
	100  -  MemoryUsage of job (MB)
	101408  -  ResidentSetSize of job (KB)
...
006 (11451992.322.000) 01/28 15:41:49 Image size of job updated: 104372
	102  -  MemoryUsage of job (MB)
	104372  -  ResidentSetSize of job (KB)
...
006 (11451992.322.000) 01/28 15:46:50 Image size of job updated: 107324
	105  -  MemoryUsage of job (MB)
	107324  -  ResidentSetSize of job (KB)
...
006 (11451992.322.000) 01/28 15:51:50 Image size of job updated: 109684
	108  -  MemoryUsage of job (MB)
	109684  -  ResidentSetSize of job (KB)
...
006 (11451992.322.000) 01/28 15:56:50 Image size of job updated: 112620
	110  -  MemoryUsage of job (MB)
	112620  -  ResidentSetSize of job (KB)
...
006 (11451992.322.000) 01/28 16:01:52 Image size of job updated: 115956
	114  -  MemoryUsage of job (MB)
	115956  -  ResidentSetSize of job (KB)
...
006 (11451992.322.000) 01/28 16:06:52 Image size of job updated: 119004
	117  -  MemoryUsage of job (MB)
	119004  -  ResidentSetSize of job (KB)
...
006 (11451992.322.000) 01/28 16:11:52 Image size of job updated: 121864
	120  -  MemoryUsage of job (MB)
	121864  -  ResidentSetSize of job (KB)
...
006 (11451992.322.000) 01/28 16:16:53 Image size of job updated: 128676
	126  -  MemoryUsage of job (MB)
	128676  -  ResidentSetSize of job (KB)
...
006 (11451992.322.000) 01/28 16:21:54 Image size of job updated: 137708
	135  -  MemoryUsage of job (MB)
	137708  -  ResidentSetSize of job (KB)
...
006 (11451992.322.000) 01/28 16:26:54 Image size of job updated: 142956
	140  -  MemoryUsage of job (MB)
	142956  -  ResidentSetSize of job (KB)
...
006 (11451992.322.000) 01/28 16:31:55 Image size of job updated: 146928
	144  -  MemoryUsage of job (MB)
	146928  -  ResidentSetSize of job (KB)
...
006 (11451992.322.000) 01/28 16:36:56 Image size of job updated: 151912
	149  -  MemoryUsage of job (MB)
	151912  -  ResidentSetSize of job (KB)
...
006 (11451992.322.000) 01/28 16:41:56 Image size of job updated: 155756
	153  -  MemoryUsage of job (MB)
	155756  -  ResidentSetSize of job (KB)
...
006 (11451992.322.000) 01/28 16:46:56 Image size of job updated: 158436
	155  -  MemoryUsage of job (MB)
	158436  -  ResidentSetSize of job (KB)
...
006 (11451992.322.000) 01/28 16:51:57 Image size of job updated: 160640
	157  -  MemoryUsage of job (MB)
	160640  -  ResidentSetSize of job (KB)
...
006 (11451992.322.000) 01/28 16:56:57 Image size of job updated: 162752
	159  -  MemoryUsage of job (MB)
	162752  -  ResidentSetSize of job (KB)
...
006 (11451992.322.000) 01/28 17:01:57 Image size of job updated: 165460
	162  -  MemoryUsage of job (MB)
	165460  -  ResidentSetSize of job (KB)
...
006 (11451992.322.000) 01/28 17:06:58 Image size of job updated: 167772
	164  -  MemoryUsage of job (MB)
	167772  -  ResidentSetSize of job (KB)
...
006 (11451992.322.000) 01/28 17:11:59 Image size of job updated: 170456
	167  -  MemoryUsage of job (MB)
	170456  -  ResidentSetSize of job (KB)
...
006 (11451992.322.000) 01/28 17:16:59 Image size of job updated: 172416
	169  -  MemoryUsage of job (MB)
	172416  -  ResidentSetSize of job (KB)
...
006 (11451992.322.000) 01/28 17:22:00 Image size of job updated: 174068
	170  -  MemoryUsage of job (MB)
	174068  -  ResidentSetSize of job (KB)
...
006 (11451992.322.000) 01/28 17:27:01 Image size of job updated: 176184
	173  -  MemoryUsage of job (MB)
	176184  -  ResidentSetSize of job (KB)
...
006 (11451992.322.000) 01/28 17:32:01 Image size of job updated: 178048
	174  -  MemoryUsage of job (MB)
	178048  -  ResidentSetSize of job (KB)
...
006 (11451992.322.000) 01/28 17:37:01 Image size of job updated: 179600
	176  -  MemoryUsage of job (MB)
	179600  -  ResidentSetSize of job (KB)
...
006 (11451992.322.000) 01/28 17:42:02 Image size of job updated: 181364
	178  -  MemoryUsage of job (MB)
	181364  -  ResidentSetSize of job (KB)
...
006 (11451992.322.000) 01/28 17:47:02 Image size of job updated: 183680
	180  -  MemoryUsage of job (MB)
	183680  -  ResidentSetSize of job (KB)
...
006 (11451992.322.000) 01/28 17:52:02 Image size of job updated: 185488
	182  -  MemoryUsage of job (MB)
	185488  -  ResidentSetSize of job (KB)
...
040 (11451992.322.000) 01/28 17:54:35 Started transferring output files
...
040 (11451992.322.000) 01/28 17:54:35 Finished transferring output files
...
005 (11451992.322.000) 01/28 17:54:35 Job terminated.
	(1) Normal termination (return value 0)
		Usr 0 02:38:30, Sys 0 00:00:23  -  Run Remote Usage
		Usr 0 00:00:00, Sys 0 00:00:00  -  Run Local Usage
		Usr 0 02:38:30, Sys 0 00:00:23  -  Total Remote Usage
		Usr 0 00:00:00, Sys 0 00:00:00  -  Total Local Usage
	40692  -  Run Bytes Sent By Job
	5797  -  Run Bytes Received By Job
	40692  -  Total Bytes Sent By Job
	5797  -  Total Bytes Received By Job
	Partitionable Resources :    Usage  Request Allocated 
	   Cpus                 :     0.99        1         1 
	   Disk (KB)            :    68          10      3846 
	   GPUs                 :                           0 
	   Memory (MB)          :   182        3000      3000 

	Job terminated of its own accord at 2025-01-28T16:54:35Z with exit-code 0.
...
