CHANNEL_0_1
           cbragg  cbragg_err   credchi  ...  cdelta_n            cL     timestamp
0     1544.642962    0.000187  0.000064  ...  0.000012  7.629461e+06  1.734700e+09
1     1544.639223    0.000152  0.000045  ...  0.000012  7.660387e+06  1.734700e+09
2     1544.643072    0.000104  0.000062  ...  0.000012  7.635302e+06  1.734700e+09
3     1544.639296    0.000109  0.000044  ...  0.000012  7.659065e+06  1.734700e+09
4     1544.643151    0.000105  0.000064  ...  0.000012  7.626170e+06  1.734700e+09
...           ...         ...       ...  ...       ...           ...           ...
1587  1544.639327    0.000111  0.000045  ...  0.000012  7.654919e+06  1.734700e+09
1588  1544.642943    0.000283  0.000064  ...  0.000012  7.630676e+06  1.734700e+09
1589  1544.639253    0.000126  0.000046  ...  0.000012  7.660221e+06  1.734700e+09
1590  1544.642925    0.000119  0.000063  ...  0.000012  7.625251e+06  1.734700e+09
1591  1544.639253    0.000102  0.000043  ...  0.000012  7.667534e+06  1.734700e+09

[1592 rows x 13 columns]
CHANNEL_0_2
           cbragg  cbragg_err   credchi  ...  cdelta_n            cL     timestamp
0     1545.479926    0.000094  0.000019  ...  0.000012  7.607724e+06  1.734700e+09
1     1545.475743    0.000095  0.000022  ...  0.000012  7.633056e+06  1.734700e+09
2     1545.479795    0.000100  0.000021  ...  0.000012  7.559546e+06  1.734700e+09
3     1545.475627    0.000100  0.000025  ...  0.000012  7.637534e+06  1.734700e+09
4     1545.479932    0.000098  0.000020  ...  0.000012  7.625150e+06  1.734700e+09
...           ...         ...       ...  ...       ...           ...           ...
1587  1545.475765    0.000095  0.000023  ...  0.000012  7.603167e+06  1.734700e+09
1588  1545.479820    0.000096  0.000020  ...  0.000012  7.623161e+06  1.734700e+09
1589  1545.475696    0.000097  0.000023  ...  0.000012  7.604290e+06  1.734700e+09
1590  1545.479826    0.000094  0.000019  ...  0.000012  7.632360e+06  1.734700e+09
1591  1545.475627    0.000094  0.000022  ...  0.000012  7.610708e+06  1.734700e+09

[1592 rows x 13 columns]
CHANNEL_0_3
           cbragg  cbragg_err   credchi  ...  cdelta_n            cL     timestamp
0     1546.228834    0.000103  0.000047  ...  0.000012  7.619200e+06  1.734700e+09
1     1546.226629    0.000111  0.000041  ...  0.000012  7.600761e+06  1.734700e+09
2     1546.228651    0.000106  0.000050  ...  0.000012  7.626908e+06  1.734700e+09
3     1546.226449    0.000111  0.000041  ...  0.000012  7.619695e+06  1.734700e+09
4     1546.228637    0.000113  0.000059  ...  0.000012  7.742418e+06  1.734700e+09
...           ...         ...       ...  ...       ...           ...           ...
1587  1546.226500    0.000111  0.000041  ...  0.000012  7.640483e+06  1.734700e+09
1588  1546.228915    0.000108  0.000054  ...  0.000012  7.719328e+06  1.734700e+09
1589  1546.226626    0.000110  0.000040  ...  0.000012  7.643922e+06  1.734700e+09
1590  1546.228855    0.000106  0.000050  ...  0.000012  7.619169e+06  1.734700e+09
1591  1546.226542    0.000113  0.000042  ...  0.000012  7.603770e+06  1.734700e+09

[1592 rows x 13 columns]
CHANNEL_0_4
           cbragg  cbragg_err   credchi  ...  cdelta_n            cL     timestamp
0     1547.117227    0.000113  0.000046  ...  0.000012  7.885420e+06  1.734700e+09
1     1547.113591    0.000108  0.000047  ...  0.000012  7.859098e+06  1.734700e+09
2     1547.117261    0.000118  0.000051  ...  0.000012  7.987715e+06  1.734700e+09
3     1547.113432    0.000112  0.000050  ...  0.000012  7.852698e+06  1.734700e+09
4     1547.117268    0.000116  0.000050  ...  0.000012  8.000870e+06  1.734700e+09
...           ...         ...       ...  ...       ...           ...           ...
1587  1547.113569    0.000111  0.000049  ...  0.000012  7.849962e+06  1.734700e+09
1588  1547.117212    0.000113  0.000046  ...  0.000012  7.880786e+06  1.734700e+09
1589  1547.113629    0.000111  0.000049  ...  0.000012  7.849270e+06  1.734700e+09
1590  1547.117215    0.000115  0.000049  ...  0.000012  7.981921e+06  1.734700e+09
1591  1547.113449    0.000112  0.000050  ...  0.000012  7.844317e+06  1.734700e+09

[1592 rows x 13 columns]
CHANNEL_0_5
           cbragg  cbragg_err   credchi  ...  cdelta_n            cL     timestamp
0     1548.093486    0.000086  0.000044  ...  0.000012  7.715761e+06  1.734700e+09
1     1548.086601    0.000085  0.000026  ...  0.000012  7.756792e+06  1.734700e+09
2     1548.093356    0.000086  0.000044  ...  0.000012  7.710589e+06  1.734700e+09
3     1548.086474    0.000086  0.000026  ...  0.000012  7.757893e+06  1.734700e+09
4     1548.093495    0.000127  0.000097  ...  0.000012  7.877209e+06  1.734700e+09
...           ...         ...       ...  ...       ...           ...           ...
1587  1548.086558    0.000086  0.000026  ...  0.000012  7.804583e+06  1.734700e+09
1588  1548.093449    0.000086  0.000044  ...  0.000012  7.707006e+06  1.734700e+09
1589  1548.086635    0.000085  0.000026  ...  0.000012  7.798274e+06  1.734700e+09
1590  1548.093558    0.000103  0.000064  ...  0.000012  7.832723e+06  1.734700e+09
1591  1548.086621    0.000086  0.000026  ...  0.000012  7.798971e+06  1.734700e+09

[1592 rows x 13 columns]
CHANNEL_0_6
           cbragg  cbragg_err   credchi  ...  cdelta_n            cL     timestamp
0     1549.068665    0.000077  0.000023  ...  0.000012  7.532432e+06  1.734700e+09
1     1549.073517    0.000183  0.000234  ...  0.000012  7.957727e+06  1.734700e+09
2     1549.068597    0.000078  0.000024  ...  0.000012  7.516605e+06  1.734700e+09
3     1549.073475    0.000082  0.000043  ...  0.000012  7.512431e+06  1.734700e+09
4     1549.068595    0.000079  0.000024  ...  0.000012  7.535161e+06  1.734700e+09
...           ...         ...       ...  ...       ...           ...           ...
1587  1549.073544    0.000081  0.000043  ...  0.000012  7.503388e+06  1.734700e+09
1588  1549.068590    0.000077  0.000023  ...  0.000012  7.523113e+06  1.734700e+09
1589  1549.073691    0.000190  0.000256  ...  0.000012  7.985375e+06  1.734700e+09
1590  1549.068632    0.000077  0.000023  ...  0.000012  7.532155e+06  1.734700e+09
1591  1549.073650    0.000084  0.000045  ...  0.000012  7.510706e+06  1.734700e+09

[1592 rows x 13 columns]
CHANNEL_0_7
           cbragg  cbragg_err   credchi  ...  cdelta_n            cL     timestamp
0     1550.075985    0.000140  0.000068  ...  0.000012  7.815471e+06  1.734700e+09
1     1550.067903    0.000125  0.000044  ...  0.000012  7.654657e+06  1.734700e+09
2     1550.076000    0.000129  0.000056  ...  0.000012  7.676729e+06  1.734700e+09
3     1550.067873    0.000131  0.000050  ...  0.000012  7.748476e+06  1.734700e+09
4     1550.075965    0.000131  0.000058  ...  0.000012  7.715088e+06  1.734700e+09
...           ...         ...       ...  ...       ...           ...           ...
1587  1550.067765    0.000133  0.000052  ...  0.000012  7.776383e+06  1.734700e+09
1588  1550.076043    0.000139  0.000066  ...  0.000012  7.791974e+06  1.734700e+09
1589  1550.067989    0.000126  0.000045  ...  0.000012  7.647911e+06  1.734700e+09
1590  1550.075975    0.000129  0.000057  ...  0.000012  7.709582e+06  1.734700e+09
1591  1550.067931    0.000125  0.000044  ...  0.000012  7.660555e+06  1.734700e+09

[1592 rows x 13 columns]
CHANNEL_0_8
           cbragg  cbragg_err   credchi  ...  cdelta_n            cL     timestamp
0     1551.052733    0.000074  0.000021  ...  0.000012  7.575981e+06  1.734700e+09
1     1551.048223    0.000077  0.000015  ...  0.000012  7.608532e+06  1.734700e+09
2     1551.052679    0.000075  0.000021  ...  0.000012  7.573664e+06  1.734700e+09
3     1551.048199    0.000076  0.000015  ...  0.000012  7.604915e+06  1.734700e+09
4     1551.052724    0.000074  0.000021  ...  0.000012  7.574493e+06  1.734700e+09
...           ...         ...       ...  ...       ...           ...           ...
1587  1551.048185    0.000076  0.000015  ...  0.000012  7.607567e+06  1.734700e+09
1588  1551.052728    0.000075  0.000021  ...  0.000012  7.575607e+06  1.734700e+09
1589  1551.048218    0.000076  0.000015  ...  0.000012  7.610824e+06  1.734700e+09
1590  1551.052853    0.000074  0.000021  ...  0.000012  7.577610e+06  1.734700e+09
1591  1551.048231    0.000076  0.000015  ...  0.000012  7.610318e+06  1.734700e+09

[1592 rows x 13 columns]
CHANNEL_0_9
           cbragg  cbragg_err   credchi  ...  cdelta_n            cL     timestamp
0     1552.033791    0.000098  0.000022  ...  0.000012  7.634353e+06  1.734700e+09
1     1552.033974    0.000094  0.000028  ...  0.000012  7.619418e+06  1.734700e+09
2     1552.033888    0.000098  0.000022  ...  0.000012  7.627237e+06  1.734700e+09
3     1552.034024    0.000096  0.000030  ...  0.000012  7.692717e+06  1.734700e+09
4     1552.033916    0.000098  0.000021  ...  0.000012  7.636707e+06  1.734700e+09
...           ...         ...       ...  ...       ...           ...           ...
1587  1552.033935    0.000094  0.000028  ...  0.000012  7.627751e+06  1.734700e+09
1588  1552.033974    0.000097  0.000021  ...  0.000012  7.634904e+06  1.734700e+09
1589  1552.034128    0.000093  0.000027  ...  0.000012  7.622412e+06  1.734700e+09
1590  1552.034032    0.000099  0.000022  ...  0.000012  7.625799e+06  1.734700e+09
1591  1552.034124    0.000091  0.000026  ...  0.000012  7.634742e+06  1.734700e+09

[1592 rows x 13 columns]
CHANNEL_0_10
           cbragg  cbragg_err   credchi  ...  cdelta_n            cL     timestamp
0     1553.042893    0.000085  0.000018  ...  0.000012  7.729180e+06  1.734700e+09
1     1553.035124    0.000083  0.000014  ...  0.000012  7.749024e+06  1.734700e+09
2     1553.042826    0.000085  0.000018  ...  0.000012  7.731677e+06  1.734700e+09
3     1553.034985    0.000084  0.000015  ...  0.000012  7.750046e+06  1.734700e+09
4     1553.042971    0.000084  0.000017  ...  0.000012  7.733191e+06  1.734700e+09
...           ...         ...       ...  ...       ...           ...           ...
1587  1553.035027    0.000082  0.000014  ...  0.000012  7.755562e+06  1.734700e+09
1588  1553.042926    0.000085  0.000018  ...  0.000012  7.735725e+06  1.734700e+09
1589  1553.035097    0.000083  0.000014  ...  0.000012  7.753852e+06  1.734700e+09
1590  1553.042942    0.000085  0.000018  ...  0.000012  7.737684e+06  1.734700e+09
1591  1553.035077    0.000083  0.000014  ...  0.000012  7.753811e+06  1.734700e+09

[1592 rows x 13 columns]
CHANNEL_0_11
           cbragg  cbragg_err   credchi  ...  cdelta_n            cL     timestamp
0     1554.048606    0.000071  0.000011  ...  0.000012  7.634076e+06  1.734700e+09
1     1554.049706    0.000071  0.000012  ...  0.000012  7.648576e+06  1.734700e+09
2     1554.048663    0.000072  0.000011  ...  0.000012  7.582657e+06  1.734700e+09
3     1554.049622    0.000076  0.000014  ...  0.000012  7.617027e+06  1.734700e+09
4     1554.048389    0.000074  0.000011  ...  0.000012  7.641590e+06  1.734700e+09
...           ...         ...       ...  ...       ...           ...           ...
1587  1554.049662    0.000073  0.000012  ...  0.000012  7.640190e+06  1.734700e+09
1588  1554.048568    0.000075  0.000012  ...  0.000012  7.625079e+06  1.734700e+09
1589  1554.049684    0.000074  0.000013  ...  0.000012  7.646656e+06  1.734700e+09
1590  1554.048704    0.000072  0.000011  ...  0.000012  7.636369e+06  1.734700e+09
1591  1554.049766    0.000071  0.000012  ...  0.000012  7.650936e+06  1.734700e+09

[1592 rows x 13 columns]
CHANNEL_0_12
           cbragg  cbragg_err   credchi  ...  cdelta_n            cL     timestamp
0     1555.075339    0.000124  0.000053  ...  0.000012  7.488094e+06  1.734700e+09
1     1555.070331    0.000120  0.000051  ...  0.000012  7.502222e+06  1.734700e+09
2     1555.075456    0.000122  0.000051  ...  0.000012  7.496165e+06  1.734700e+09
3     1555.070225    0.000121  0.000051  ...  0.000012  7.489263e+06  1.734700e+09
4     1555.075470    0.000160  0.000089  ...  0.000012  7.663971e+06  1.734700e+09
...           ...         ...       ...  ...       ...           ...           ...
1587  1555.070173    0.000123  0.000053  ...  0.000012  7.508792e+06  1.734700e+09
1588  1555.075334    0.000122  0.000052  ...  0.000012  7.492913e+06  1.734700e+09
1589  1555.070367    0.000121  0.000051  ...  0.000012  7.495213e+06  1.734700e+09
1590  1555.075311    0.000121  0.000051  ...  0.000012  7.494894e+06  1.734700e+09
1591  1555.070262    0.000123  0.000053  ...  0.000012  7.488904e+06  1.734700e+09

[1592 rows x 13 columns]
CHANNEL_0_13
           cbragg  cbragg_err   credchi  ...  cdelta_n            cL     timestamp
0     1556.050446    0.000139  0.000049  ...  0.000012  7.632290e+06  1.734700e+09
1     1556.046494    0.000145  0.000036  ...  0.000012  7.660352e+06  1.734700e+09
2     1556.050472    0.000138  0.000048  ...  0.000012  7.660187e+06  1.734700e+09
3     1556.046527    0.000143  0.000036  ...  0.000012  7.656900e+06  1.734700e+09
4     1556.050645    0.000139  0.000049  ...  0.000012  7.658889e+06  1.734700e+09
...           ...         ...       ...  ...       ...           ...           ...
1587  1556.046434    0.000144  0.000036  ...  0.000012  7.654470e+06  1.734700e+09
1588  1556.050581    0.000139  0.000049  ...  0.000012  7.644115e+06  1.734700e+09
1589  1556.046494    0.000144  0.000036  ...  0.000012  7.649629e+06  1.734700e+09
1590  1556.050720    0.000139  0.000049  ...  0.000012  7.635403e+06  1.734700e+09
1591  1556.046511    0.000144  0.000036  ...  0.000012  7.669182e+06  1.734700e+09

[1592 rows x 13 columns]
CHANNEL_0_14
           cbragg  cbragg_err   credchi  ...  cdelta_n            cL     timestamp
0     1557.018517    0.000104  0.000027  ...  0.000012  7.661856e+06  1.734700e+09
1     1557.019517    0.000105  0.000047  ...  0.000012  7.606062e+06  1.734700e+09
2     1557.018559    0.000104  0.000027  ...  0.000012  7.657740e+06  1.734700e+09
3     1557.018296    0.000181  0.000141  ...  0.000012  7.859621e+06  1.734700e+09
4     1557.018633    0.000102  0.000026  ...  0.000012  7.668464e+06  1.734700e+09
...           ...         ...       ...  ...       ...           ...           ...
1587  1557.019432    0.000104  0.000046  ...  0.000012  7.609363e+06  1.734700e+09
1588  1557.018597    0.000104  0.000027  ...  0.000012  7.662810e+06  1.734700e+09
1589  1557.019325    0.000134  0.000078  ...  0.000012  7.806048e+06  1.734700e+09
1590  1557.018607    0.000103  0.000027  ...  0.000012  7.663935e+06  1.734700e+09
1591  1557.019440    0.000122  0.000065  ...  0.000012  7.772876e+06  1.734700e+09

[1592 rows x 13 columns]
CHANNEL_1_1
           cbragg  cbragg_err   credchi  ...  cdelta_n            cL     timestamp
0     1556.220306    0.000069  0.000005  ...  0.000012  2.686344e+06  1.734700e+09
1     1556.221638    0.000657  0.000639  ...  0.000012  3.122085e+06  1.734700e+09
2     1556.219599    0.000821  0.000410  ...  0.000012  2.311334e+06  1.734700e+09
3     1556.221885    0.000066  0.000004  ...  0.000012  2.672326e+06  1.734700e+09
4     1556.220132    0.000071  0.000005  ...  0.000012  2.663557e+06  1.734700e+09
...           ...         ...       ...  ...       ...           ...           ...
1587  1556.220390    0.000997  0.001657  ...  0.000012  3.339290e+06  1.734700e+09
1588  1556.219833    0.000273  0.000060  ...  0.000012  2.538476e+06  1.734700e+09
1589  1556.221447    0.000096  0.000008  ...  0.000012  2.637446e+06  1.734700e+09
1590  1556.219889    0.000072  0.000005  ...  0.000012  2.676695e+06  1.734700e+09
1591  1556.221488    0.000066  0.000004  ...  0.000012  2.682039e+06  1.734700e+09

[1592 rows x 13 columns]
CHANNEL_1_2
           cbragg  cbragg_err   credchi  ...  cdelta_n            cL     timestamp
0     1558.192034    0.000201  0.000055  ...  0.000012  2.712869e+06  1.734700e+09
1     1558.195986    0.000117  0.000020  ...  0.000012  2.787565e+06  1.734700e+09
2     1558.192161    0.000148  0.000031  ...  0.000012  2.754871e+06  1.734700e+09
3     1558.195966    0.000117  0.000020  ...  0.000012  2.792494e+06  1.734700e+09
4     1558.192100    0.000128  0.000024  ...  0.000012  2.792653e+06  1.734700e+09
...           ...         ...       ...  ...       ...           ...           ...
1587  1558.196199    0.000439  0.000219  ...  0.000012  2.576976e+06  1.734700e+09
1588  1558.191939    0.000126  0.000024  ...  0.000012  2.828554e+06  1.734700e+09
1589  1558.195878    0.000170  0.000020  ...  0.000012  2.789384e+06  1.734700e+09
1590  1558.191987    0.000122  0.000022  ...  0.000012  2.799368e+06  1.734700e+09
1591  1558.196029    0.000961  0.000788  ...  0.000012  2.364831e+06  1.734700e+09

[1592 rows x 13 columns]
CHANNEL_1_3
           cbragg  cbragg_err   credchi  ...  cdelta_n            cL     timestamp
0     1561.012174    0.000793  0.001706  ...  0.000012  3.520868e+06  1.734700e+09
1     1561.007232    0.000181  0.000047  ...  0.000012  2.822672e+06  1.734700e+09
2     1561.011983    0.000478  0.000289  ...  0.000012  2.665607e+06  1.734700e+09
3     1561.007251    0.000148  0.000032  ...  0.000012  2.833916e+06  1.734700e+09
4     1561.012173    0.000769  0.001536  ...  0.000012  3.481545e+06  1.734700e+09
...           ...         ...       ...  ...       ...           ...           ...
1587  1561.007371    0.000047  0.000003  ...  0.000012  2.912231e+06  1.734700e+09
1588  1561.012127    0.000057  0.000005  ...  0.000012  2.918619e+06  1.734700e+09
1589  1561.007572    0.000164  0.000038  ...  0.000012  2.826662e+06  1.734700e+09
1590  1561.012005    0.000064  0.000007  ...  0.000012  2.949939e+06  1.734700e+09
1591  1561.007302    0.000055  0.000005  ...  0.000012  2.898739e+06  1.734700e+09

[1592 rows x 13 columns]
CHANNEL_2_1
           cbragg  cbragg_err   credchi  ...  cdelta_n            cL     timestamp
0     1543.635971    0.000078  0.000007  ...  0.000012  2.789784e+06  1.734700e+09
1     1543.634075    0.000081  0.000007  ...  0.000012  2.768009e+06  1.734700e+09
2     1543.635594    0.000081  0.000007  ...  0.000012  2.767306e+06  1.734700e+09
3     1543.633830    0.000084  0.000007  ...  0.000012  2.769753e+06  1.734700e+09
4     1543.635766    0.000083  0.000007  ...  0.000012  2.766318e+06  1.734700e+09
...           ...         ...       ...  ...       ...           ...           ...
1587  1543.633581    0.000094  0.000007  ...  0.000012  2.770520e+06  1.734700e+09
1588  1543.635234    0.000081  0.000007  ...  0.000012  2.769241e+06  1.734700e+09
1589  1543.633319    0.000083  0.000007  ...  0.000012  2.769153e+06  1.734700e+09
1590  1543.635410    0.000081  0.000007  ...  0.000012  2.767799e+06  1.734700e+09
1591  1543.633658    0.000142  0.000007  ...  0.000012  2.769468e+06  1.734700e+09

[1592 rows x 13 columns]
CHANNEL_2_2
           cbragg  cbragg_err   credchi  ...  cdelta_n            cL     timestamp
0     1545.911855    0.001310  0.002858  ...  0.000012  3.589099e+06  1.734700e+09
1     1545.914435    0.000565  0.000384  ...  0.000012  3.026939e+06  1.734700e+09
2     1545.912528    0.000371  0.000141  ...  0.000012  2.889380e+06  1.734700e+09
3     1545.914942    0.000140  0.000017  ...  0.000012  2.669835e+06  1.734700e+09
4     1545.912155    0.000843  0.000847  ...  0.000012  3.138145e+06  1.734700e+09
...           ...         ...       ...  ...       ...           ...           ...
1587  1545.914513    0.000438  0.000206  ...  0.000012  2.921618e+06  1.734700e+09
1588  1545.912978    0.000741  0.000277  ...  0.000012  2.323665e+06  1.734700e+09
1589  1545.913535    0.001257  0.002540  ...  0.000012  3.484813e+06  1.734700e+09
1590  1545.911812    0.000806  0.000806  ...  0.000012  3.155359e+06  1.734700e+09
1591  1545.914254    0.000175  0.000027  ...  0.000012  2.690453e+06  1.734700e+09

[1592 rows x 13 columns]
CHANNEL_2_3
           cbragg  cbragg_err   credchi  ...  cdelta_n            cL     timestamp
0     1548.513081    0.000111  0.000014  ...  0.000012  2.945234e+06  1.734700e+09
1     1548.511604    0.000086  0.000008  ...  0.000012  2.881185e+06  1.734700e+09
2     1548.512552    0.000849  0.001296  ...  0.000012  3.507563e+06  1.734700e+09
3     1548.511403    0.000235  0.000053  ...  0.000012  2.761791e+06  1.734700e+09
4     1548.512652    0.000085  0.000008  ...  0.000012  2.908270e+06  1.734700e+09
...           ...         ...       ...  ...       ...           ...           ...
1587  1548.511843    0.000119  0.000016  ...  0.000012  2.965880e+06  1.734700e+09
1588  1548.512692    0.000098  0.000010  ...  0.000012  2.935008e+06  1.734700e+09
1589  1548.511489    0.000093  0.000010  ...  0.000012  2.894187e+06  1.734700e+09
1590  1548.513805    0.000877  0.001380  ...  0.000012  3.533994e+06  1.734700e+09
1591  1548.511427    0.000587  0.000265  ...  0.000012  2.583661e+06  1.734700e+09

[1592 rows x 13 columns]
CHANNEL_3_1
           cbragg  cbragg_err   credchi  ...  cdelta_n            cL     timestamp
0     1544.159706    0.000127  0.000023  ...  0.000012  7.788822e+06  1.734700e+09
1     1544.161227    0.000124  0.000023  ...  0.000012  7.788501e+06  1.734700e+09
2     1544.159764    0.000203  0.000022  ...  0.000012  7.794568e+06  1.734700e+09
3     1544.161334    0.000142  0.000023  ...  0.000012  7.787256e+06  1.734700e+09
4     1544.159785    0.000115  0.000023  ...  0.000012  7.785188e+06  1.734700e+09
...           ...         ...       ...  ...       ...           ...           ...
1587  1544.161365    0.000116  0.000024  ...  0.000012  7.793031e+06  1.734700e+09
1588  1544.159754    0.000147  0.000022  ...  0.000012  7.789707e+06  1.734700e+09
1589  1544.161325    0.000117  0.000023  ...  0.000012  7.787985e+06  1.734700e+09
1590  1544.159586    0.000117  0.000023  ...  0.000012  7.787582e+06  1.734700e+09
1591  1544.161179    0.000250  0.000024  ...  0.000012  7.789381e+06  1.734700e+09

[1592 rows x 13 columns]
CHANNEL_3_2
           cbragg  cbragg_err   credchi  ...  cdelta_n            cL     timestamp
0     1545.064218    0.000174  0.000030  ...  0.000012  7.845241e+06  1.734700e+09
1     1545.073877    0.000154  0.000035  ...  0.000012  7.853248e+06  1.734700e+09
2     1545.064091    0.000114  0.000029  ...  0.000012  7.866914e+06  1.734700e+09
3     1545.073847    0.000150  0.000035  ...  0.000012  7.859498e+06  1.734700e+09
4     1545.064203    0.000132  0.000029  ...  0.000012  7.863623e+06  1.734700e+09
...           ...         ...       ...  ...       ...           ...           ...
1587  1545.074038    0.000154  0.000036  ...  0.000012  7.845777e+06  1.734700e+09
1588  1545.064161    0.000122  0.000029  ...  0.000012  7.864641e+06  1.734700e+09
1589  1545.073791    0.000119  0.000036  ...  0.000012  7.856941e+06  1.734700e+09
1590  1545.064148    0.000137  0.000030  ...  0.000012  7.862439e+06  1.734700e+09
1591  1545.073797    0.000295  0.000036  ...  0.000012  7.847598e+06  1.734700e+09

[1592 rows x 13 columns]
CHANNEL_3_3
           cbragg  cbragg_err   credchi  ...  cdelta_n            cL     timestamp
0     1545.830039    0.000107  0.000029  ...  0.000012  7.587953e+06  1.734700e+09
1     1545.829539    0.000109  0.000028  ...  0.000012  7.601681e+06  1.734700e+09
2     1545.829866    0.000107  0.000029  ...  0.000012  7.586982e+06  1.734700e+09
3     1545.829518    0.000109  0.000028  ...  0.000012  7.599775e+06  1.734700e+09
4     1545.829876    0.000107  0.000029  ...  0.000012  7.591558e+06  1.734700e+09
...           ...         ...       ...  ...       ...           ...           ...
1587  1545.829504    0.000110  0.000028  ...  0.000012  7.606572e+06  1.734700e+09
1588  1545.830106    0.000107  0.000029  ...  0.000012  7.592544e+06  1.734700e+09
1589  1545.829574    0.000110  0.000028  ...  0.000012  7.603290e+06  1.734700e+09
1590  1545.829992    0.000106  0.000029  ...  0.000012  7.597179e+06  1.734700e+09
1591  1545.829552    0.000112  0.000029  ...  0.000012  7.545593e+06  1.734700e+09

[1592 rows x 13 columns]
CHANNEL_3_4
           cbragg  cbragg_err   credchi  ...  cdelta_n            cL     timestamp
0     1546.684034    0.000094  0.000016  ...  0.000012  7.779467e+06  1.734700e+09
1     1546.694649    0.000095  0.000027  ...  0.000012  7.776450e+06  1.734700e+09
2     1546.684026    0.000094  0.000016  ...  0.000012  7.826591e+06  1.734700e+09
3     1546.694626    0.000093  0.000026  ...  0.000012  7.775990e+06  1.734700e+09
4     1546.684150    0.000093  0.000016  ...  0.000012  7.840762e+06  1.734700e+09
...           ...         ...       ...  ...       ...           ...           ...
1587  1546.694559    0.000095  0.000028  ...  0.000012  7.770833e+06  1.734700e+09
1588  1546.684067    0.000094  0.000016  ...  0.000012  7.835522e+06  1.734700e+09
1589  1546.694717    0.000094  0.000027  ...  0.000012  7.766649e+06  1.734700e+09
1590  1546.684080    0.000093  0.000016  ...  0.000012  7.784997e+06  1.734700e+09
1591  1546.694566    0.000092  0.000026  ...  0.000012  7.781180e+06  1.734700e+09

[1592 rows x 13 columns]
CHANNEL_3_5
           cbragg  cbragg_err   credchi  ...  cdelta_n            cL     timestamp
0     1547.710127    0.000078  0.000018  ...  0.000012  7.547038e+06  1.734700e+09
1     1547.707453    0.000082  0.000012  ...  0.000012  7.609092e+06  1.734700e+09
2     1547.710013    0.000077  0.000017  ...  0.000012  7.558792e+06  1.734700e+09
3     1547.707398    0.000082  0.000012  ...  0.000012  7.606635e+06  1.734700e+09
4     1547.710062    0.000078  0.000018  ...  0.000012  7.557331e+06  1.734700e+09
...           ...         ...       ...  ...       ...           ...           ...
1587  1547.707478    0.000084  0.000013  ...  0.000012  7.613423e+06  1.734700e+09
1588  1547.710152    0.000078  0.000018  ...  0.000012  7.553129e+06  1.734700e+09
1589  1547.707549    0.000080  0.000011  ...  0.000012  7.603561e+06  1.734700e+09
1590  1547.710082    0.000077  0.000017  ...  0.000012  7.567762e+06  1.734700e+09
1591  1547.707522    0.000080  0.000012  ...  0.000012  7.619475e+06  1.734700e+09

[1592 rows x 13 columns]
CHANNEL_3_6
           cbragg  cbragg_err   credchi  ...  cdelta_n            cL     timestamp
0     1548.692424    0.000083  0.000013  ...  0.000012  7.807883e+06  1.734700e+09
1     1548.698017    0.000081  0.000020  ...  0.000012  7.725590e+06  1.734700e+09
2     1548.692418    0.000080  0.000012  ...  0.000012  7.803097e+06  1.734700e+09
3     1548.697904    0.000082  0.000021  ...  0.000012  7.738169e+06  1.734700e+09
4     1548.692400    0.000082  0.000012  ...  0.000012  7.806030e+06  1.734700e+09
...           ...         ...       ...  ...       ...           ...           ...
1587  1548.697943    0.000081  0.000020  ...  0.000012  7.732051e+06  1.734700e+09
1588  1548.692311    0.000083  0.000013  ...  0.000012  7.790819e+06  1.734700e+09
1589  1548.697988    0.000080  0.000020  ...  0.000012  7.734395e+06  1.734700e+09
1590  1548.692379    0.000083  0.000013  ...  0.000012  7.803348e+06  1.734700e+09
1591  1548.698018    0.000080  0.000020  ...  0.000012  7.724221e+06  1.734700e+09

[1592 rows x 13 columns]
CHANNEL_3_7
           cbragg  cbragg_err   credchi  ...  cdelta_n            cL     timestamp
0     1549.715764    0.000089  0.000022  ...  0.000012  7.542314e+06  1.734700e+09
1     1549.713900    0.000090  0.000015  ...  0.000012  7.544402e+06  1.734700e+09
2     1549.715664    0.000090  0.000023  ...  0.000012  7.538848e+06  1.734700e+09
3     1549.713843    0.000089  0.000014  ...  0.000012  7.591539e+06  1.734700e+09
4     1549.715729    0.000089  0.000022  ...  0.000012  7.534213e+06  1.734700e+09
...           ...         ...       ...  ...       ...           ...           ...
1587  1549.713838    0.000091  0.000015  ...  0.000012  7.577090e+06  1.734700e+09
1588  1549.715751    0.000089  0.000022  ...  0.000012  7.539212e+06  1.734700e+09
1589  1549.713963    0.000090  0.000015  ...  0.000012  7.536911e+06  1.734700e+09
1590  1549.715745    0.000089  0.000022  ...  0.000012  7.538311e+06  1.734700e+09
1591  1549.713949    0.000090  0.000015  ...  0.000012  7.593587e+06  1.734700e+09

[1592 rows x 13 columns]
CHANNEL_3_8
           cbragg  cbragg_err   credchi  ...  cdelta_n            cL     timestamp
0     1550.670727    0.000093  0.000014  ...  0.000012  7.655363e+06  1.734700e+09
1     1550.669321    0.000088  0.000016  ...  0.000012  7.621604e+06  1.734700e+09
2     1550.670688    0.000093  0.000014  ...  0.000012  7.663204e+06  1.734700e+09
3     1550.669349    0.000088  0.000016  ...  0.000012  7.580517e+06  1.734700e+09
4     1550.670721    0.000092  0.000014  ...  0.000012  7.665931e+06  1.734700e+09
...           ...         ...       ...  ...       ...           ...           ...
1587  1550.669337    0.000089  0.000016  ...  0.000012  7.567480e+06  1.734700e+09
1588  1550.670697    0.000092  0.000014  ...  0.000012  7.658126e+06  1.734700e+09
1589  1550.669350    0.000089  0.000017  ...  0.000012  7.630713e+06  1.734700e+09
1590  1550.670683    0.000092  0.000014  ...  0.000012  7.660050e+06  1.734700e+09
1591  1550.669423    0.000088  0.000016  ...  0.000012  7.618039e+06  1.734700e+09

[1592 rows x 13 columns]
CHANNEL_3_9
           cbragg  cbragg_err   credchi  ...  cdelta_n            cL     timestamp
0     1551.666072    0.000094  0.000016  ...  0.000012  7.670863e+06  1.734700e+09
1     1551.666972    0.000095  0.000015  ...  0.000012  7.649384e+06  1.734700e+09
2     1551.666078    0.000092  0.000015  ...  0.000012  7.662094e+06  1.734700e+09
3     1551.667068    0.000096  0.000015  ...  0.000012  7.691086e+06  1.734700e+09
4     1551.666003    0.000094  0.000016  ...  0.000012  7.668331e+06  1.734700e+09
...           ...         ...       ...  ...       ...           ...           ...
1587  1551.667001    0.000095  0.000015  ...  0.000012  7.645666e+06  1.734700e+09
1588  1551.666152    0.000095  0.000016  ...  0.000012  7.663998e+06  1.734700e+09
1589  1551.667172    0.000136  0.000029  ...  0.000012  7.361551e+06  1.734700e+09
1590  1551.666045    0.000093  0.000015  ...  0.000012  7.670747e+06  1.734700e+09
1591  1551.667060    0.000095  0.000015  ...  0.000012  7.693438e+06  1.734700e+09

[1592 rows x 13 columns]
CHANNEL_3_10
           cbragg  cbragg_err   credchi  ...  cdelta_n            cL     timestamp
0     1552.674882    0.000105  0.000018  ...  0.000012  7.692370e+06  1.734700e+09
1     1552.672371    0.000138  0.000026  ...  0.000012  7.446305e+06  1.734700e+09
2     1552.674874    0.000107  0.000019  ...  0.000012  7.724393e+06  1.734700e+09
3     1552.672308    0.000199  0.000055  ...  0.000012  7.303655e+06  1.734700e+09
4     1552.674758    0.000106  0.000019  ...  0.000012  7.726050e+06  1.734700e+09
...           ...         ...       ...  ...       ...           ...           ...
1587  1552.672294    0.000200  0.000056  ...  0.000012  7.290714e+06  1.734700e+09
1588  1552.674825    0.000106  0.000019  ...  0.000012  7.748642e+06  1.734700e+09
1589  1552.672374    0.000178  0.000044  ...  0.000012  7.339325e+06  1.734700e+09
1590  1552.674832    0.000104  0.000018  ...  0.000012  7.707248e+06  1.734700e+09
1591  1552.672210    0.000108  0.000017  ...  0.000012  7.735656e+06  1.734700e+09

[1592 rows x 13 columns]
CHANNEL_3_11
           cbragg  cbragg_err   credchi  ...  cdelta_n            cL     timestamp
0     1553.635192    0.000129  0.000026  ...  0.000012  7.962082e+06  1.734700e+09
1     1553.644216    0.000130  0.000041  ...  0.000012  7.891830e+06  1.734700e+09
2     1553.635156    0.000128  0.000025  ...  0.000012  7.963055e+06  1.734700e+09
3     1553.644370    0.000132  0.000042  ...  0.000012  7.892889e+06  1.734700e+09
4     1553.635086    0.000131  0.000026  ...  0.000012  7.959611e+06  1.734700e+09
...           ...         ...       ...  ...       ...           ...           ...
1587  1553.644328    0.000130  0.000041  ...  0.000012  7.894561e+06  1.734700e+09
1588  1553.635097    0.000128  0.000025  ...  0.000012  7.970356e+06  1.734700e+09
1589  1553.644196    0.000129  0.000041  ...  0.000012  7.899656e+06  1.734700e+09
1590  1553.635221    0.000128  0.000026  ...  0.000012  7.978387e+06  1.734700e+09
1591  1553.644216    0.000129  0.000041  ...  0.000012  7.894520e+06  1.734700e+09

[1592 rows x 13 columns]
CHANNEL_3_12
           cbragg  cbragg_err   credchi  ...  cdelta_n            cL     timestamp
0     1554.618695    0.000099  0.000018  ...  0.000012  7.797763e+06  1.734700e+09
1     1554.614197    0.000102  0.000016  ...  0.000012  7.831814e+06  1.734700e+09
2     1554.618530    0.000099  0.000018  ...  0.000012  7.793930e+06  1.734700e+09
3     1554.614262    0.000097  0.000015  ...  0.000012  7.838222e+06  1.734700e+09
4     1554.618759    0.000098  0.000018  ...  0.000012  7.801086e+06  1.734700e+09
...           ...         ...       ...  ...       ...           ...           ...
1587  1554.614169    0.000101  0.000016  ...  0.000012  7.811479e+06  1.734700e+09
1588  1554.618619    0.000096  0.000018  ...  0.000012  7.799107e+06  1.734700e+09
1589  1554.614248    0.000100  0.000016  ...  0.000012  7.826381e+06  1.734700e+09
1590  1554.618638    0.000097  0.000018  ...  0.000012  7.801616e+06  1.734700e+09
1591  1554.614266    0.000098  0.000015  ...  0.000012  7.813219e+06  1.734700e+09

[1592 rows x 13 columns]
CHANNEL_3_13
           cbragg  cbragg_err   credchi  ...  cdelta_n            cL     timestamp
0     1555.622713    0.000090  0.000012  ...  0.000012  7.554399e+06  1.734700e+09
1     1555.627557    0.000088  0.000015  ...  0.000012  7.591035e+06  1.734700e+09
2     1555.622806    0.000089  0.000012  ...  0.000012  7.571602e+06  1.734700e+09
3     1555.627687    0.000085  0.000014  ...  0.000012  7.603101e+06  1.734700e+09
4     1555.622728    0.000091  0.000013  ...  0.000012  7.540773e+06  1.734700e+09
...           ...         ...       ...  ...       ...           ...           ...
1587  1555.627578    0.000089  0.000015  ...  0.000012  7.584254e+06  1.734700e+09
1588  1555.622649    0.000087  0.000012  ...  0.000012  7.568464e+06  1.734700e+09
1589  1555.627748    0.000087  0.000014  ...  0.000012  7.593893e+06  1.734700e+09
1590  1555.622765    0.000089  0.000012  ...  0.000012  7.568563e+06  1.734700e+09
1591  1555.627908    0.000088  0.000015  ...  0.000012  7.603618e+06  1.734700e+09

[1592 rows x 13 columns]
CHANNEL_3_14
           cbragg  cbragg_err   credchi  ...  cdelta_n            cL     timestamp
0     1556.580077    0.000195  0.000065  ...  0.000012  7.728667e+06  1.734700e+09
1     1556.577439    0.000189  0.000067  ...  0.000012  7.639663e+06  1.734700e+09
2     1556.580044    0.000192  0.000062  ...  0.000012  7.711902e+06  1.734700e+09
3     1556.577395    0.000189  0.000066  ...  0.000012  7.698928e+06  1.734700e+09
4     1556.580101    0.000195  0.000064  ...  0.000012  7.726737e+06  1.734700e+09
...           ...         ...       ...  ...       ...           ...           ...
1587  1556.577386    0.000190  0.000068  ...  0.000012  7.702842e+06  1.734700e+09
1588  1556.580191    0.000257  0.000104  ...  0.000012  7.248238e+06  1.734700e+09
1589  1556.577473    0.000189  0.000066  ...  0.000012  7.701823e+06  1.734700e+09
1590  1556.580095    0.000194  0.000064  ...  0.000012  7.729849e+06  1.734700e+09
1591  1556.577473    0.000190  0.000067  ...  0.000012  7.701548e+06  1.734700e+09

[1592 rows x 13 columns]
