000 (11451992.521.000) 01/28 14:31:49 Job submitted from host: <188.185.114.121:9618?addrs=188.185.114.121-9618+[2001-1458-d00-a--100-273]-9618&alias=bigbird19.cern.ch&noUDP&sock=schedd_2045_4743>
...
040 (11451992.521.000) 01/28 16:44:59 Started transferring input files
	Transferring to host: <188.185.196.174:9618?addrs=188.185.196.174-9618+[2001-1458-303-23--100-aa]-9618&alias=b9p16p9594.cern.ch&noUDP&sock=slot1_15_1167716_4ef6_56449>
...
040 (11451992.521.000) 01/28 16:44:59 Finished transferring input files
...
001 (11451992.521.000) 01/28 16:45:00 Job executing on host: <188.185.196.174:9618?addrs=188.185.196.174-9618+[2001-1458-303-23--100-aa]-9618&alias=b9p16p9594.cern.ch&noUDP&sock=startd_8404_0601>
	SlotName: slot1_15@b9p16p9594.cern.ch
	CondorScratchDir = "/pool/condor/dir_451240"
	Cpus = 1
	Disk = 3845
	GPUs = 0
	Memory = 3000
...
006 (11451992.521.000) 01/28 16:45:08 Image size of job updated: 85612
	84  -  MemoryUsage of job (MB)
	85612  -  ResidentSetSize of job (KB)
...
006 (11451992.521.000) 01/28 16:50:08 Image size of job updated: 102888
	101  -  MemoryUsage of job (MB)
	102888  -  ResidentSetSize of job (KB)
...
006 (11451992.521.000) 01/28 16:55:09 Image size of job updated: 105788
	104  -  MemoryUsage of job (MB)
	105788  -  ResidentSetSize of job (KB)
...
006 (11451992.521.000) 01/28 17:00:09 Image size of job updated: 108440
	106  -  MemoryUsage of job (MB)
	108440  -  ResidentSetSize of job (KB)
...
006 (11451992.521.000) 01/28 17:05:09 Image size of job updated: 112088
	110  -  MemoryUsage of job (MB)
	112088  -  ResidentSetSize of job (KB)
...
006 (11451992.521.000) 01/28 17:10:10 Image size of job updated: 115188
	113  -  MemoryUsage of job (MB)
	115188  -  ResidentSetSize of job (KB)
...
006 (11451992.521.000) 01/28 17:15:11 Image size of job updated: 118976
	117  -  MemoryUsage of job (MB)
	118976  -  ResidentSetSize of job (KB)
...
006 (11451992.521.000) 01/28 17:20:11 Image size of job updated: 122196
	120  -  MemoryUsage of job (MB)
	122196  -  ResidentSetSize of job (KB)
...
006 (11451992.521.000) 01/28 17:25:12 Image size of job updated: 125124
	123  -  MemoryUsage of job (MB)
	125124  -  ResidentSetSize of job (KB)
...
006 (11451992.521.000) 01/28 17:30:13 Image size of job updated: 127992
	125  -  MemoryUsage of job (MB)
	127992  -  ResidentSetSize of job (KB)
...
006 (11451992.521.000) 01/28 17:35:13 Image size of job updated: 130768
	128  -  MemoryUsage of job (MB)
	130768  -  ResidentSetSize of job (KB)
...
006 (11451992.521.000) 01/28 17:40:13 Image size of job updated: 134540
	132  -  MemoryUsage of job (MB)
	134540  -  ResidentSetSize of job (KB)
...
006 (11451992.521.000) 01/28 17:45:14 Image size of job updated: 137440
	135  -  MemoryUsage of job (MB)
	137440  -  ResidentSetSize of job (KB)
...
006 (11451992.521.000) 01/28 17:50:14 Image size of job updated: 143024
	140  -  MemoryUsage of job (MB)
	143024  -  ResidentSetSize of job (KB)
...
006 (11451992.521.000) 01/28 17:55:14 Image size of job updated: 152028
	149  -  MemoryUsage of job (MB)
	152028  -  ResidentSetSize of job (KB)
...
006 (11451992.521.000) 01/28 18:00:15 Image size of job updated: 159684
	156  -  MemoryUsage of job (MB)
	159684  -  ResidentSetSize of job (KB)
...
006 (11451992.521.000) 01/28 18:05:16 Image size of job updated: 164704
	161  -  MemoryUsage of job (MB)
	164704  -  ResidentSetSize of job (KB)
...
006 (11451992.521.000) 01/28 18:10:16 Image size of job updated: 168452
	165  -  MemoryUsage of job (MB)
	168452  -  ResidentSetSize of job (KB)
...
006 (11451992.521.000) 01/28 18:15:17 Image size of job updated: 170888
	167  -  MemoryUsage of job (MB)
	170888  -  ResidentSetSize of job (KB)
...
006 (11451992.521.000) 01/28 18:20:18 Image size of job updated: 171824
	168  -  MemoryUsage of job (MB)
	171824  -  ResidentSetSize of job (KB)
...
006 (11451992.521.000) 01/28 18:25:18 Image size of job updated: 175044
	171  -  MemoryUsage of job (MB)
	175044  -  ResidentSetSize of job (KB)
...
006 (11451992.521.000) 01/28 18:30:18 Image size of job updated: 177616
	174  -  MemoryUsage of job (MB)
	177616  -  ResidentSetSize of job (KB)
...
006 (11451992.521.000) 01/28 18:35:19 Image size of job updated: 180056
	176  -  MemoryUsage of job (MB)
	180056  -  ResidentSetSize of job (KB)
...
006 (11451992.521.000) 01/28 18:40:19 Image size of job updated: 183020
	179  -  MemoryUsage of job (MB)
	183020  -  ResidentSetSize of job (KB)
...
006 (11451992.521.000) 01/28 18:45:19 Image size of job updated: 185420
	182  -  MemoryUsage of job (MB)
	185420  -  ResidentSetSize of job (KB)
...
006 (11451992.521.000) 01/28 18:50:20 Image size of job updated: 188388
	184  -  MemoryUsage of job (MB)
	188388  -  ResidentSetSize of job (KB)
...
006 (11451992.521.000) 01/28 18:55:21 Image size of job updated: 190224
	186  -  MemoryUsage of job (MB)
	190224  -  ResidentSetSize of job (KB)
...
006 (11451992.521.000) 01/28 19:00:21 Image size of job updated: 192004
	188  -  MemoryUsage of job (MB)
	192004  -  ResidentSetSize of job (KB)
...
006 (11451992.521.000) 01/28 19:05:22 Image size of job updated: 193484
	189  -  MemoryUsage of job (MB)
	193484  -  ResidentSetSize of job (KB)
...
006 (11451992.521.000) 01/28 19:10:23 Image size of job updated: 195016
	191  -  MemoryUsage of job (MB)
	195016  -  ResidentSetSize of job (KB)
...
006 (11451992.521.000) 01/28 19:15:23 Image size of job updated: 196784
	193  -  MemoryUsage of job (MB)
	196784  -  ResidentSetSize of job (KB)
...
006 (11451992.521.000) 01/28 19:20:23 Image size of job updated: 198808
	195  -  MemoryUsage of job (MB)
	198808  -  ResidentSetSize of job (KB)
...
006 (11451992.521.000) 01/28 19:25:24 Image size of job updated: 200412
	196  -  MemoryUsage of job (MB)
	200412  -  ResidentSetSize of job (KB)
...
006 (11451992.521.000) 01/28 19:30:24 Image size of job updated: 202516
	198  -  MemoryUsage of job (MB)
	202516  -  ResidentSetSize of job (KB)
...
040 (11451992.521.000) 01/28 19:32:05 Started transferring output files
...
040 (11451992.521.000) 01/28 19:32:05 Finished transferring output files
...
005 (11451992.521.000) 01/28 19:32:05 Job terminated.
	(1) Normal termination (return value 0)
		Usr 0 02:36:48, Sys 0 00:00:24  -  Run Remote Usage
		Usr 0 00:00:00, Sys 0 00:00:00  -  Run Local Usage
		Usr 0 02:36:48, Sys 0 00:00:24  -  Total Remote Usage
		Usr 0 00:00:00, Sys 0 00:00:00  -  Total Local Usage
	40692  -  Run Bytes Sent By Job
	5797  -  Run Bytes Received By Job
	40692  -  Total Bytes Sent By Job
	5797  -  Total Bytes Received By Job
	Partitionable Resources :    Usage  Request Allocated 
	   Cpus                 :     0.97        1         1 
	   Disk (KB)            :    68          10      3845 
	   GPUs                 :                           0 
	   Memory (MB)          :   198        3000      3000 

	Job terminated of its own accord at 2025-01-28T18:32:05Z with exit-code 0.
...
