CHANNEL_0_1
           cbragg  cbragg_err   credchi  ...  cdelta_n            cL     timestamp
0     1544.625527    0.000115  0.000049  ...  0.000012  7.655623e+06  1.735125e+09
1     1544.632521    0.000166  0.000058  ...  0.000012  7.663215e+06  1.735125e+09
2     1544.625564    0.000131  0.000049  ...  0.000012  7.662589e+06  1.735125e+09
3     1544.632511    0.000106  0.000058  ...  0.000012  7.658091e+06  1.735125e+09
4     1544.625524    0.000281  0.000050  ...  0.000012  7.651098e+06  1.735125e+09
...           ...         ...       ...  ...       ...           ...           ...
1587  1544.631829    0.000129  0.000056  ...  0.000012  7.669526e+06  1.735140e+09
1588  1544.624786    0.000183  0.000048  ...  0.000012  7.662845e+06  1.735140e+09
1589  1544.631825    0.000131  0.000056  ...  0.000012  7.669926e+06  1.735140e+09
1590  1544.624650    0.000134  0.000050  ...  0.000012  7.655156e+06  1.735140e+09
1591  1544.631774    0.000109  0.000057  ...  0.000012  7.668609e+06  1.735140e+09

[1592 rows x 13 columns]
CHANNEL_0_2
           cbragg  cbragg_err   credchi  ...  cdelta_n            cL     timestamp
0     1545.465864    0.000093  0.000019  ...  0.000012  7.582792e+06  1.735125e+09
1     1545.465425    0.000094  0.000020  ...  0.000012  7.601336e+06  1.735125e+09
2     1545.465745    0.000092  0.000019  ...  0.000012  7.584315e+06  1.735125e+09
3     1545.465407    0.000095  0.000021  ...  0.000012  7.598801e+06  1.735125e+09
4     1545.465829    0.000093  0.000020  ...  0.000012  7.601232e+06  1.735125e+09
...           ...         ...       ...  ...       ...           ...           ...
1587  1545.464249    0.000096  0.000022  ...  0.000012  7.600261e+06  1.735140e+09
1588  1545.464469    0.000091  0.000019  ...  0.000012  7.598131e+06  1.735140e+09
1589  1545.464318    0.000093  0.000020  ...  0.000012  7.596176e+06  1.735140e+09
1590  1545.464521    0.000092  0.000019  ...  0.000012  7.599233e+06  1.735140e+09
1591  1545.464312    0.000094  0.000020  ...  0.000012  7.607742e+06  1.735140e+09

[1592 rows x 13 columns]
CHANNEL_0_3
           cbragg  cbragg_err   credchi  ...  cdelta_n            cL     timestamp
0     1546.190248    0.000102  0.000035  ...  0.000012  7.630120e+06  1.735125e+09
1     1546.197150    0.000105  0.000048  ...  0.000012  7.603655e+06  1.735125e+09
2     1546.190014    0.000105  0.000037  ...  0.000012  7.616508e+06  1.735125e+09
3     1546.197018    0.000113  0.000056  ...  0.000012  7.729148e+06  1.735125e+09
4     1546.190041    0.000104  0.000036  ...  0.000012  7.614799e+06  1.735125e+09
...           ...         ...       ...  ...       ...           ...           ...
1587  1546.194868    0.000108  0.000051  ...  0.000012  7.706013e+06  1.735140e+09
1588  1546.187892    0.000105  0.000038  ...  0.000012  7.617116e+06  1.735140e+09
1589  1546.194992    0.000111  0.000054  ...  0.000012  7.697197e+06  1.735140e+09
1590  1546.187872    0.000105  0.000037  ...  0.000012  7.629725e+06  1.735140e+09
1591  1546.194778    0.000109  0.000052  ...  0.000012  7.691745e+06  1.735140e+09

[1592 rows x 13 columns]
CHANNEL_0_4
           cbragg  cbragg_err   credchi  ...  cdelta_n            cL     timestamp
0     1547.120930    0.000122  0.000056  ...  0.000012  7.970522e+06  1.735125e+09
1     1547.120468    0.000113  0.000049  ...  0.000012  7.866012e+06  1.735125e+09
2     1547.120989    0.000116  0.000050  ...  0.000012  7.904175e+06  1.735125e+09
3     1547.120500    0.000115  0.000052  ...  0.000012  7.869424e+06  1.735125e+09
4     1547.121016    0.000114  0.000048  ...  0.000012  7.868740e+06  1.735125e+09
...           ...         ...       ...  ...       ...           ...           ...
1587  1547.120367    0.000115  0.000051  ...  0.000012  7.848239e+06  1.735140e+09
1588  1547.120667    0.000113  0.000048  ...  0.000012  7.874733e+06  1.735140e+09
1589  1547.120331    0.000111  0.000048  ...  0.000012  7.867105e+06  1.735140e+09
1590  1547.120568    0.000126  0.000061  ...  0.000012  8.037472e+06  1.735140e+09
1591  1547.120190    0.000112  0.000049  ...  0.000012  7.870161e+06  1.735140e+09

[1592 rows x 13 columns]
CHANNEL_0_5
           cbragg  cbragg_err   credchi  ...  cdelta_n            cL     timestamp
0     1548.094476    0.000089  0.000041  ...  0.000012  7.694292e+06  1.735125e+09
1     1548.097286    0.000096  0.000037  ...  0.000012  7.690517e+06  1.735125e+09
2     1548.094467    0.000089  0.000041  ...  0.000012  7.698926e+06  1.735125e+09
3     1548.097231    0.000096  0.000037  ...  0.000012  7.687470e+06  1.735125e+09
4     1548.094363    0.000089  0.000040  ...  0.000012  7.705201e+06  1.735125e+09
...           ...         ...       ...  ...       ...           ...           ...
1587  1548.097065    0.000096  0.000037  ...  0.000012  7.711273e+06  1.735140e+09
1588  1548.094317    0.000109  0.000062  ...  0.000012  7.852860e+06  1.735140e+09
1589  1548.097024    0.000094  0.000036  ...  0.000012  7.707774e+06  1.735140e+09
1590  1548.094074    0.000090  0.000042  ...  0.000012  7.697271e+06  1.735140e+09
1591  1548.096980    0.000096  0.000037  ...  0.000012  7.691826e+06  1.735140e+09

[1592 rows x 13 columns]
CHANNEL_0_6
           cbragg  cbragg_err   credchi  ...  cdelta_n            cL     timestamp
0     1549.072151    0.000077  0.000023  ...  0.000012  7.554473e+06  1.735125e+09
1     1549.080251    0.000083  0.000045  ...  0.000012  7.468696e+06  1.735125e+09
2     1549.072161    0.000089  0.000031  ...  0.000012  7.680842e+06  1.735125e+09
3     1549.080389    0.000083  0.000045  ...  0.000012  7.472217e+06  1.735125e+09
4     1549.072031    0.000079  0.000024  ...  0.000012  7.560653e+06  1.735125e+09
...           ...         ...       ...  ...       ...           ...           ...
1587  1549.080160    0.000082  0.000044  ...  0.000012  7.474512e+06  1.735140e+09
1588  1549.071873    0.000076  0.000022  ...  0.000012  7.566320e+06  1.735140e+09
1589  1549.080227    0.000085  0.000047  ...  0.000012  7.476608e+06  1.735140e+09
1590  1549.071673    0.000116  0.000054  ...  0.000012  7.825375e+06  1.735140e+09
1591  1549.080138    0.000083  0.000045  ...  0.000012  7.476856e+06  1.735140e+09

[1592 rows x 13 columns]
CHANNEL_0_7
           cbragg  cbragg_err   credchi  ...  cdelta_n            cL     timestamp
0     1550.077869    0.000126  0.000049  ...  0.000012  7.583418e+06  1.735125e+09
1     1550.077451    0.000126  0.000047  ...  0.000012  7.613561e+06  1.735125e+09
2     1550.077717    0.000127  0.000050  ...  0.000012  7.578310e+06  1.735125e+09
3     1550.077411    0.000127  0.000047  ...  0.000012  7.610680e+06  1.735125e+09
4     1550.077681    0.000126  0.000049  ...  0.000012  7.586979e+06  1.735125e+09
...           ...         ...       ...  ...       ...           ...           ...
1587  1550.077243    0.000127  0.000048  ...  0.000012  7.611050e+06  1.735140e+09
1588  1550.077488    0.000145  0.000066  ...  0.000012  7.764771e+06  1.735140e+09
1589  1550.077180    0.000127  0.000049  ...  0.000012  7.687717e+06  1.735140e+09
1590  1550.077437    0.000127  0.000050  ...  0.000012  7.581644e+06  1.735140e+09
1591  1550.077136    0.000125  0.000047  ...  0.000012  7.622048e+06  1.735140e+09

[1592 rows x 13 columns]
CHANNEL_0_8
           cbragg  cbragg_err   credchi  ...  cdelta_n            cL     timestamp
0     1551.052408    0.000076  0.000018  ...  0.000012  7.588172e+06  1.735125e+09
1     1551.057033    0.000079  0.000020  ...  0.000012  7.695427e+06  1.735125e+09
2     1551.052392    0.000073  0.000016  ...  0.000012  7.589393e+06  1.735125e+09
3     1551.056970    0.000169  0.000088  ...  0.000012  7.790203e+06  1.735125e+09
4     1551.052261    0.000074  0.000017  ...  0.000012  7.595398e+06  1.735125e+09
...           ...         ...       ...  ...       ...           ...           ...
1587  1551.057887    0.000075  0.000018  ...  0.000012  7.603035e+06  1.735140e+09
1588  1551.053049    0.000074  0.000017  ...  0.000012  7.592502e+06  1.735140e+09
1589  1551.057771    0.000074  0.000018  ...  0.000012  7.606413e+06  1.735140e+09
1590  1551.053059    0.000074  0.000017  ...  0.000012  7.589500e+06  1.735140e+09
1591  1551.057773    0.000076  0.000019  ...  0.000012  7.607699e+06  1.735140e+09

[1592 rows x 13 columns]
CHANNEL_0_9
           cbragg  cbragg_err   credchi  ...  cdelta_n            cL     timestamp
0     1552.033690    0.000096  0.000018  ...  0.000012  7.689776e+06  1.735125e+09
1     1552.041142    0.000093  0.000031  ...  0.000012  7.649659e+06  1.735125e+09
2     1552.033741    0.000095  0.000018  ...  0.000012  7.689912e+06  1.735125e+09
3     1552.041176    0.000092  0.000031  ...  0.000012  7.645432e+06  1.735125e+09
4     1552.033710    0.000093  0.000017  ...  0.000012  7.694736e+06  1.735125e+09
...           ...         ...       ...  ...       ...           ...           ...
1587  1552.042096    0.000091  0.000030  ...  0.000012  7.643177e+06  1.735140e+09
1588  1552.034422    0.000094  0.000017  ...  0.000012  7.692316e+06  1.735140e+09
1589  1552.042011    0.000092  0.000030  ...  0.000012  7.642856e+06  1.735140e+09
1590  1552.034400    0.000093  0.000017  ...  0.000012  7.693678e+06  1.735140e+09
1591  1552.041954    0.000089  0.000028  ...  0.000012  7.653008e+06  1.735140e+09

[1592 rows x 13 columns]
CHANNEL_0_10
           cbragg  cbragg_err   credchi  ...  cdelta_n            cL     timestamp
0     1553.043916    0.000091  0.000021  ...  0.000012  7.700029e+06  1.735125e+09
1     1553.041736    0.000091  0.000016  ...  0.000012  7.743775e+06  1.735125e+09
2     1553.043940    0.000091  0.000021  ...  0.000012  7.692753e+06  1.735125e+09
3     1553.041879    0.000093  0.000016  ...  0.000012  7.743982e+06  1.735125e+09
4     1553.043830    0.000091  0.000021  ...  0.000012  7.693901e+06  1.735125e+09
...           ...         ...       ...  ...       ...           ...           ...
1587  1553.042554    0.000095  0.000017  ...  0.000012  7.730082e+06  1.735140e+09
1588  1553.044673    0.000089  0.000020  ...  0.000012  7.697604e+06  1.735140e+09
1589  1553.042633    0.000094  0.000017  ...  0.000012  7.735417e+06  1.735140e+09
1590  1553.044557    0.000092  0.000022  ...  0.000012  7.690224e+06  1.735140e+09
1591  1553.042506    0.000091  0.000016  ...  0.000012  7.745427e+06  1.735140e+09

[1592 rows x 13 columns]
CHANNEL_0_11
           cbragg  cbragg_err   credchi  ...  cdelta_n            cL     timestamp
0     1554.048807    0.000076  0.000010  ...  0.000012  7.633130e+06  1.735125e+09
1     1554.055859    0.000075  0.000015  ...  0.000012  7.622284e+06  1.735125e+09
2     1554.048880    0.000077  0.000010  ...  0.000012  7.647099e+06  1.735125e+09
3     1554.055878    0.000072  0.000014  ...  0.000012  7.646180e+06  1.735125e+09
4     1554.048742    0.000075  0.000009  ...  0.000012  7.610494e+06  1.735125e+09
...           ...         ...       ...  ...       ...           ...           ...
1587  1554.056705    0.000073  0.000015  ...  0.000012  7.635670e+06  1.735140e+09
1588  1554.049500    0.000076  0.000010  ...  0.000012  7.691628e+06  1.735140e+09
1589  1554.056684    0.000072  0.000014  ...  0.000012  7.632332e+06  1.735140e+09
1590  1554.049504    0.000077  0.000010  ...  0.000012  7.684942e+06  1.735140e+09
1591  1554.056576    0.000071  0.000014  ...  0.000012  7.642775e+06  1.735140e+09

[1592 rows x 13 columns]
CHANNEL_0_12
           cbragg  cbragg_err   credchi  ...  cdelta_n            cL     timestamp
0     1555.077451    0.000119  0.000052  ...  0.000012  7.550840e+06  1.735125e+09
1     1555.076234    0.000126  0.000053  ...  0.000012  7.600373e+06  1.735125e+09
2     1555.077287    0.000121  0.000053  ...  0.000012  7.484626e+06  1.735125e+09
3     1555.076145    0.000120  0.000047  ...  0.000012  7.495941e+06  1.735125e+09
4     1555.077179    0.000120  0.000053  ...  0.000012  7.516660e+06  1.735125e+09
...           ...         ...       ...  ...       ...           ...           ...
1587  1555.077026    0.000120  0.000047  ...  0.000012  7.480537e+06  1.735140e+09
1588  1555.078064    0.000119  0.000051  ...  0.000012  7.492188e+06  1.735140e+09
1589  1555.076999    0.000116  0.000045  ...  0.000012  7.511192e+06  1.735140e+09
1590  1555.078043    0.000119  0.000051  ...  0.000012  7.480147e+06  1.735140e+09
1591  1555.076930    0.000119  0.000047  ...  0.000012  7.498511e+06  1.735140e+09

[1592 rows x 13 columns]
CHANNEL_0_13
           cbragg  cbragg_err   credchi  ...  cdelta_n            cL     timestamp
0     1556.049663    0.000144  0.000040  ...  0.000012  7.653204e+06  1.735125e+09
1     1556.055108    0.000137  0.000043  ...  0.000012  7.667581e+06  1.735125e+09
2     1556.049501    0.000142  0.000039  ...  0.000012  7.660892e+06  1.735125e+09
3     1556.055089    0.000140  0.000045  ...  0.000012  7.668366e+06  1.735125e+09
4     1556.049481    0.000141  0.000038  ...  0.000012  7.635016e+06  1.735125e+09
...           ...         ...       ...  ...       ...           ...           ...
1587  1556.055930    0.000139  0.000045  ...  0.000012  7.674596e+06  1.735140e+09
1588  1556.050161    0.000143  0.000040  ...  0.000012  7.615057e+06  1.735140e+09
1589  1556.055831    0.000140  0.000046  ...  0.000012  7.669649e+06  1.735140e+09
1590  1556.050290    0.000142  0.000039  ...  0.000012  7.642305e+06  1.735140e+09
1591  1556.055892    0.000138  0.000044  ...  0.000012  7.666006e+06  1.735140e+09

[1592 rows x 13 columns]
CHANNEL_0_14
           cbragg  cbragg_err   credchi  ...  cdelta_n            cL     timestamp
0     1557.021871    0.000101  0.000029  ...  0.000012  7.647218e+06  1.735125e+09
1     1557.024045    0.000109  0.000045  ...  0.000012  7.693540e+06  1.735125e+09
2     1557.021886    0.000101  0.000029  ...  0.000012  7.646232e+06  1.735125e+09
3     1557.024065    0.000104  0.000040  ...  0.000012  7.582277e+06  1.735125e+09
4     1557.021732    0.000100  0.000028  ...  0.000012  7.646066e+06  1.735125e+09
...           ...         ...       ...  ...       ...           ...           ...
1587  1557.024858    0.000103  0.000040  ...  0.000012  7.599021e+06  1.735140e+09
1588  1557.022481    0.000102  0.000029  ...  0.000012  7.648464e+06  1.735140e+09
1589  1557.024803    0.000103  0.000040  ...  0.000012  7.580717e+06  1.735140e+09
1590  1557.022511    0.000100  0.000029  ...  0.000012  7.647670e+06  1.735140e+09
1591  1557.024785    0.000104  0.000040  ...  0.000012  7.598853e+06  1.735140e+09

[1592 rows x 13 columns]
CHANNEL_1_1
           cbragg  cbragg_err   credchi  ...  cdelta_n            cL     timestamp
0     1556.189330    0.000080  0.000006  ...  0.000012  2.670635e+06  1.735125e+09
1     1556.189620    0.000320  0.000083  ...  0.000012  2.542895e+06  1.735125e+09
2     1556.188560    0.001000  0.001750  ...  0.000012  3.348958e+06  1.735125e+09
3     1556.189509    0.000795  0.001027  ...  0.000012  3.241371e+06  1.735125e+09
4     1556.189323    0.000100  0.000009  ...  0.000012  2.633757e+06  1.735125e+09
...           ...         ...       ...  ...       ...           ...           ...
1587  1556.188563    0.000805  0.000373  ...  0.000012  2.302625e+06  1.735140e+09
1588  1556.189441    0.000514  0.000180  ...  0.000012  2.431374e+06  1.735140e+09
1589  1556.187822    0.000839  0.001141  ...  0.000012  3.262834e+06  1.735140e+09
1590  1556.187715    0.000946  0.001538  ...  0.000012  3.311915e+06  1.735140e+09
1591  1556.188629    0.000084  0.000006  ...  0.000012  2.644470e+06  1.735140e+09

[1592 rows x 13 columns]
CHANNEL_1_2
           cbragg  cbragg_err   credchi  ...  cdelta_n            cL     timestamp
0     1558.201057    0.000824  0.001406  ...  0.000012  3.270307e+06  1.735125e+09
1     1558.204230    0.000162  0.000037  ...  0.000012  2.740010e+06  1.735125e+09
2     1558.201775    0.001024  0.000997  ...  0.000012  2.408113e+06  1.735125e+09
3     1558.204607    0.000184  0.000046  ...  0.000012  2.706435e+06  1.735125e+09
4     1558.200984    0.001189  0.003659  ...  0.000012  3.597271e+06  1.735125e+09
...           ...         ...       ...  ...       ...           ...           ...
1587  1558.204684    0.000971  0.002431  ...  0.000012  3.472292e+06  1.735140e+09
1588  1558.201845    0.000196  0.000051  ...  0.000012  2.714388e+06  1.735140e+09
1589  1558.204127    0.000798  0.001579  ...  0.000012  3.373981e+06  1.735140e+09
1590  1558.201670    0.000129  0.000024  ...  0.000012  2.799720e+06  1.735140e+09
1591  1558.204668    0.000121  0.000022  ...  0.000012  2.795175e+06  1.735140e+09

[1592 rows x 13 columns]
CHANNEL_1_3
           cbragg  cbragg_err   credchi  ...  cdelta_n            cL     timestamp
0     1561.019362    0.001062  0.003423  ...  0.000012  3.770191e+06  1.735125e+09
1     1561.015848    0.000482  0.000291  ...  0.000012  2.669427e+06  1.735125e+09
2     1561.019737    0.000056  0.000005  ...  0.000012  2.934055e+06  1.735125e+09
3     1561.015274    0.001044  0.003157  ...  0.000012  3.719316e+06  1.735125e+09
4     1561.019556    0.000182  0.000058  ...  0.000012  3.020663e+06  1.735125e+09
...           ...         ...       ...  ...       ...           ...           ...
1587  1561.016418    0.000734  0.001262  ...  0.000012  3.412954e+06  1.735140e+09
1588  1561.020362    0.000050  0.000004  ...  0.000012  2.926476e+06  1.735140e+09
1589  1561.016367    0.000068  0.000007  ...  0.000012  2.915388e+06  1.735140e+09
1590  1561.020328    0.000056  0.000005  ...  0.000012  2.906335e+06  1.735140e+09
1591  1561.016408    0.000064  0.000007  ...  0.000012  2.926804e+06  1.735140e+09

[1592 rows x 13 columns]
CHANNEL_2_1
           cbragg  cbragg_err   credchi  ...  cdelta_n            cL     timestamp
0     1543.609699    0.000121  0.000007  ...  0.000012  2.768035e+06  1.735125e+09
1     1543.608321    0.000108  0.000006  ...  0.000012  2.770642e+06  1.735125e+09
2     1543.599926    0.012241  0.004511  ...  0.000012  1.123362e+06  1.735125e+09
3     1543.608608    0.000080  0.000007  ...  0.000012  2.770140e+06  1.735125e+09
4     1543.609585    0.000085  0.000007  ...  0.000012  2.769400e+06  1.735125e+09
...           ...         ...       ...  ...       ...           ...           ...
1587  1543.607380    0.000202  0.000006  ...  0.000012  2.770901e+06  1.735140e+09
1588  1543.608673    0.000080  0.000007  ...  0.000012  2.767361e+06  1.735140e+09
1589  1543.607424    0.000081  0.000006  ...  0.000012  2.770055e+06  1.735140e+09
1590  1543.608815    0.000079  0.000006  ...  0.000012  2.768233e+06  1.735140e+09
1591  1543.607428    0.000350  0.000006  ...  0.000012  2.769883e+06  1.735140e+09

[1592 rows x 13 columns]
CHANNEL_2_2
           cbragg  cbragg_err   credchi  ...  cdelta_n            cL     timestamp
0     1545.924874    0.000128  0.000013  ...  0.000012  2.677768e+06  1.735125e+09
1     1545.926998    0.000161  0.000019  ...  0.000012  2.622869e+06  1.735125e+09
2     1545.924979    0.000129  0.000013  ...  0.000012  2.689162e+06  1.735125e+09
3     1545.926942    0.000128  0.000013  ...  0.000012  2.663191e+06  1.735125e+09
4     1545.924959    0.000130  0.000013  ...  0.000012  2.666495e+06  1.735125e+09
...           ...         ...       ...  ...       ...           ...           ...
1587  1545.926999    0.000125  0.000013  ...  0.000012  2.683070e+06  1.735140e+09
1588  1545.923523    0.000786  0.000800  ...  0.000012  3.192299e+06  1.735140e+09
1589  1545.927000    0.000133  0.000015  ...  0.000012  2.713330e+06  1.735140e+09
1590  1545.925042    0.000128  0.000013  ...  0.000012  2.670360e+06  1.735140e+09
1591  1545.925645    0.000707  0.000626  ...  0.000012  3.130665e+06  1.735140e+09

[1592 rows x 13 columns]
CHANNEL_2_3
           cbragg  cbragg_err   credchi  ...  cdelta_n            cL     timestamp
0     1548.523481    0.000097  0.000010  ...  0.000012  2.892281e+06  1.735125e+09
1     1548.524990    0.000561  0.000476  ...  0.000012  3.285369e+06  1.735125e+09
2     1548.523417    0.000092  0.000009  ...  0.000012  2.917170e+06  1.735125e+09
3     1548.524944    0.000749  0.000897  ...  0.000012  3.400420e+06  1.735125e+09
4     1548.524215    0.000852  0.001295  ...  0.000012  3.521958e+06  1.735125e+09
...           ...         ...       ...  ...       ...           ...           ...
1587  1548.525023    0.000091  0.000009  ...  0.000012  2.884352e+06  1.735140e+09
1588  1548.525750    0.001021  0.001977  ...  0.000012  3.648807e+06  1.735140e+09
1589  1548.525097    0.000249  0.000078  ...  0.000012  3.057749e+06  1.735140e+09
1590  1548.524022    0.000095  0.000010  ...  0.000012  2.899207e+06  1.735140e+09
1591  1548.524850    0.000103  0.000011  ...  0.000012  2.855603e+06  1.735140e+09

[1592 rows x 13 columns]
CHANNEL_3_1
           cbragg  cbragg_err   credchi  ...  cdelta_n            cL     timestamp
0     1544.149234    0.000110  0.000026  ...  0.000012  7.779218e+06  1.735125e+09
1     1544.143808    0.000112  0.000018  ...  0.000012  7.827626e+06  1.735125e+09
2     1544.149058    0.000113  0.000027  ...  0.000012  7.783528e+06  1.735125e+09
3     1544.143648    0.000126  0.000019  ...  0.000012  7.832339e+06  1.735125e+09
4     1544.149127    0.000111  0.000027  ...  0.000012  7.791046e+06  1.735125e+09
...           ...         ...       ...  ...       ...           ...           ...
1587  1544.143156    0.000167  0.000019  ...  0.000012  7.830643e+06  1.735140e+09
1588  1544.148439    0.000109  0.000027  ...  0.000012  7.781827e+06  1.735140e+09
1589  1544.143152    0.000113  0.000018  ...  0.000012  7.823276e+06  1.735140e+09
1590  1544.148364    0.000110  0.000027  ...  0.000012  7.787083e+06  1.735140e+09
1591  1544.143139    0.000113  0.000018  ...  0.000012  7.824971e+06  1.735140e+09

[1592 rows x 13 columns]
CHANNEL_3_2
           cbragg  cbragg_err   credchi  ...  cdelta_n            cL     timestamp
0     1545.049858    0.000116  0.000024  ...  0.000012  7.896133e+06  1.735125e+09
1     1545.059029    0.000345  0.000040  ...  0.000012  7.820511e+06  1.735125e+09
2     1545.049764    0.000163  0.000024  ...  0.000012  7.883112e+06  1.735125e+09
3     1545.058941    0.000122  0.000041  ...  0.000012  7.814221e+06  1.735125e+09
4     1545.049998    0.000114  0.000023  ...  0.000012  7.886706e+06  1.735125e+09
...           ...         ...       ...  ...       ...           ...           ...
1587  1545.057803    0.000387  0.000040  ...  0.000012  7.815022e+06  1.735140e+09
1588  1545.048732    0.000243  0.000024  ...  0.000012  7.896037e+06  1.735140e+09
1589  1545.057793    0.000112  0.000041  ...  0.000012  7.815989e+06  1.735140e+09
1590  1545.048825    0.000120  0.000024  ...  0.000012  7.886621e+06  1.735140e+09
1591  1545.057945    0.000124  0.000042  ...  0.000012  7.817680e+06  1.735140e+09

[1592 rows x 13 columns]
CHANNEL_3_3
           cbragg  cbragg_err   credchi  ...  cdelta_n            cL     timestamp
0     1545.795612    0.000106  0.000034  ...  0.000012  7.591701e+06  1.735125e+09
1     1545.793533    0.000119  0.000027  ...  0.000012  7.600876e+06  1.735125e+09
2     1545.795550    0.000104  0.000033  ...  0.000012  7.610979e+06  1.735125e+09
3     1545.793344    0.000110  0.000024  ...  0.000012  7.632440e+06  1.735125e+09
4     1545.795497    0.000106  0.000034  ...  0.000012  7.585382e+06  1.735125e+09
...           ...         ...       ...  ...       ...           ...           ...
1587  1545.791145    0.000162  0.000047  ...  0.000012  7.250167e+06  1.735140e+09
1588  1545.793248    0.000110  0.000036  ...  0.000012  7.591711e+06  1.735140e+09
1589  1545.791356    0.000114  0.000026  ...  0.000012  7.610359e+06  1.735140e+09
1590  1545.793301    0.000107  0.000034  ...  0.000012  7.568967e+06  1.735140e+09
1591  1545.791217    0.000113  0.000025  ...  0.000012  7.611259e+06  1.735140e+09

[1592 rows x 13 columns]
CHANNEL_3_4
           cbragg  cbragg_err   credchi  ...  cdelta_n            cL     timestamp
0     1546.688262    0.000099  0.000017  ...  0.000012  7.728375e+06  1.735125e+09
1     1546.694589    0.000097  0.000028  ...  0.000012  7.717333e+06  1.735125e+09
2     1546.688259    0.000101  0.000018  ...  0.000012  7.775242e+06  1.735125e+09
3     1546.694625    0.000097  0.000028  ...  0.000012  7.731349e+06  1.735125e+09
4     1546.688324    0.000097  0.000017  ...  0.000012  7.794789e+06  1.735125e+09
...           ...         ...       ...  ...       ...           ...           ...
1587  1546.694546    0.000097  0.000028  ...  0.000012  7.738764e+06  1.735140e+09
1588  1546.688235    0.000098  0.000017  ...  0.000012  7.793234e+06  1.735140e+09
1589  1546.694579    0.000096  0.000027  ...  0.000012  7.725344e+06  1.735140e+09
1590  1546.688250    0.000097  0.000017  ...  0.000012  7.786115e+06  1.735140e+09
1591  1546.694497    0.000095  0.000027  ...  0.000012  7.726893e+06  1.735140e+09

[1592 rows x 13 columns]
CHANNEL_3_5
           cbragg  cbragg_err   credchi  ...  cdelta_n            cL     timestamp
0     1547.710013    0.000078  0.000016  ...  0.000012  7.565259e+06  1.735125e+09
1     1547.713000    0.000080  0.000013  ...  0.000012  7.605385e+06  1.735125e+09
2     1547.709943    0.000079  0.000016  ...  0.000012  7.562305e+06  1.735125e+09
3     1547.712898    0.000080  0.000013  ...  0.000012  7.606082e+06  1.735125e+09
4     1547.709950    0.000078  0.000016  ...  0.000012  7.565981e+06  1.735125e+09
...           ...         ...       ...  ...       ...           ...           ...
1587  1547.712998    0.000080  0.000013  ...  0.000012  7.603747e+06  1.735140e+09
1588  1547.709666    0.000079  0.000016  ...  0.000012  7.567263e+06  1.735140e+09
1589  1547.712905    0.000079  0.000013  ...  0.000012  7.613230e+06  1.735140e+09
1590  1547.709713    0.000078  0.000016  ...  0.000012  7.565225e+06  1.735140e+09
1591  1547.712915    0.000080  0.000013  ...  0.000012  7.606243e+06  1.735140e+09

[1592 rows x 13 columns]
CHANNEL_3_6
           cbragg  cbragg_err   credchi  ...  cdelta_n            cL     timestamp
0     1548.698043    0.000082  0.000015  ...  0.000012  7.762836e+06  1.735125e+09
1     1548.697779    0.000081  0.000016  ...  0.000012  7.742950e+06  1.735125e+09
2     1548.698129    0.000082  0.000016  ...  0.000012  7.766213e+06  1.735125e+09
3     1548.697884    0.000082  0.000017  ...  0.000012  7.743256e+06  1.735125e+09
4     1548.698016    0.000081  0.000015  ...  0.000012  7.753051e+06  1.735125e+09
...           ...         ...       ...  ...       ...           ...           ...
1587  1548.697772    0.000081  0.000016  ...  0.000012  7.747351e+06  1.735140e+09
1588  1548.697846    0.000081  0.000015  ...  0.000012  7.759216e+06  1.735140e+09
1589  1548.697783    0.000082  0.000017  ...  0.000012  7.741894e+06  1.735140e+09
1590  1548.697828    0.000081  0.000015  ...  0.000012  7.759725e+06  1.735140e+09
1591  1548.697697    0.000082  0.000017  ...  0.000012  7.745071e+06  1.735140e+09

[1592 rows x 13 columns]
CHANNEL_3_7
           cbragg  cbragg_err   credchi  ...  cdelta_n            cL     timestamp
0     1549.713581    0.000089  0.000016  ...  0.000012  7.570343e+06  1.735125e+09
1     1549.720532    0.000088  0.000020  ...  0.000012  7.579540e+06  1.735125e+09
2     1549.713560    0.000089  0.000016  ...  0.000012  7.578238e+06  1.735125e+09
3     1549.720481    0.000088  0.000020  ...  0.000012  7.576711e+06  1.735125e+09
4     1549.713454    0.000089  0.000016  ...  0.000012  7.527636e+06  1.735125e+09
...           ...         ...       ...  ...       ...           ...           ...
1587  1549.720538    0.000089  0.000020  ...  0.000012  7.578254e+06  1.735140e+09
1588  1549.713273    0.000090  0.000016  ...  0.000012  7.571808e+06  1.735140e+09
1589  1549.720557    0.000087  0.000020  ...  0.000012  7.584384e+06  1.735140e+09
1590  1549.713252    0.000085  0.000015  ...  0.000012  7.586539e+06  1.735140e+09
1591  1549.720485    0.000087  0.000020  ...  0.000012  7.571329e+06  1.735140e+09

[1592 rows x 13 columns]
CHANNEL_3_8
           cbragg  cbragg_err   credchi  ...  cdelta_n            cL     timestamp
0     1550.675798    0.000088  0.000016  ...  0.000012  7.649109e+06  1.735125e+09
1     1550.669280    0.000090  0.000013  ...  0.000012  7.669483e+06  1.735125e+09
2     1550.675677    0.000088  0.000017  ...  0.000012  7.651658e+06  1.735125e+09
3     1550.669206    0.000092  0.000013  ...  0.000012  7.660957e+06  1.735125e+09
4     1550.675663    0.000088  0.000016  ...  0.000012  7.609059e+06  1.735125e+09
...           ...         ...       ...  ...       ...           ...           ...
1587  1550.670015    0.000090  0.000013  ...  0.000012  7.674731e+06  1.735140e+09
1588  1550.676439    0.000087  0.000016  ...  0.000012  7.651989e+06  1.735140e+09
1589  1550.670065    0.000092  0.000013  ...  0.000012  7.614944e+06  1.735140e+09
1590  1550.676388    0.000128  0.000034  ...  0.000012  7.363087e+06  1.735140e+09
1591  1550.669961    0.000091  0.000013  ...  0.000012  7.670477e+06  1.735140e+09

[1592 rows x 13 columns]
CHANNEL_3_9
           cbragg  cbragg_err   credchi  ...  cdelta_n            cL     timestamp
0     1551.666062    0.000096  0.000012  ...  0.000012  7.681574e+06  1.735125e+09
1     1551.671982    0.000093  0.000019  ...  0.000012  7.677439e+06  1.735125e+09
2     1551.666079    0.000097  0.000012  ...  0.000012  7.687628e+06  1.735125e+09
3     1551.671998    0.000092  0.000019  ...  0.000012  7.668160e+06  1.735125e+09
4     1551.666034    0.000094  0.000011  ...  0.000012  7.717473e+06  1.735125e+09
...           ...         ...       ...  ...       ...           ...           ...
1587  1551.672799    0.000093  0.000019  ...  0.000012  7.668109e+06  1.735140e+09
1588  1551.666605    0.000095  0.000012  ...  0.000012  7.672538e+06  1.735140e+09
1589  1551.672792    0.000092  0.000019  ...  0.000012  7.677362e+06  1.735140e+09
1590  1551.666674    0.000093  0.000011  ...  0.000012  7.677860e+06  1.735140e+09
1591  1551.672640    0.000093  0.000019  ...  0.000012  7.620506e+06  1.735140e+09

[1592 rows x 13 columns]
CHANNEL_3_10
           cbragg  cbragg_err   credchi  ...  cdelta_n            cL     timestamp
0     1552.679594    0.000102  0.000021  ...  0.000012  7.713588e+06  1.735125e+09
1     1552.672261    0.000109  0.000013  ...  0.000012  7.786943e+06  1.735125e+09
2     1552.679665    0.000101  0.000021  ...  0.000012  7.742420e+06  1.735125e+09
3     1552.672288    0.000109  0.000014  ...  0.000012  7.793726e+06  1.735125e+09
4     1552.679623    0.000102  0.000021  ...  0.000012  7.732104e+06  1.735125e+09
...           ...         ...       ...  ...       ...           ...           ...
1587  1552.673134    0.000109  0.000013  ...  0.000012  7.770799e+06  1.735140e+09
1588  1552.680352    0.000103  0.000021  ...  0.000012  7.712507e+06  1.735140e+09
1589  1552.673123    0.000248  0.000061  ...  0.000012  7.143000e+06  1.735140e+09
1590  1552.680181    0.000101  0.000021  ...  0.000012  7.742267e+06  1.735140e+09
1591  1552.672915    0.000112  0.000014  ...  0.000012  7.784592e+06  1.735140e+09

[1592 rows x 13 columns]
CHANNEL_3_11
           cbragg  cbragg_err   credchi  ...  cdelta_n            cL     timestamp
0     1553.641682    0.000133  0.000026  ...  0.000012  7.926223e+06  1.735125e+09
1     1553.644366    0.000132  0.000041  ...  0.000012  7.842967e+06  1.735125e+09
2     1553.641543    0.000134  0.000026  ...  0.000012  7.912176e+06  1.735125e+09
3     1553.644396    0.000131  0.000040  ...  0.000012  7.860895e+06  1.735125e+09
4     1553.641458    0.000135  0.000027  ...  0.000012  7.915566e+06  1.735125e+09
...           ...         ...       ...  ...       ...           ...           ...
1587  1553.645005    0.000133  0.000041  ...  0.000012  7.842121e+06  1.735140e+09
1588  1553.642279    0.000133  0.000026  ...  0.000012  7.912506e+06  1.735140e+09
1589  1553.645057    0.000132  0.000041  ...  0.000012  7.858117e+06  1.735140e+09
1590  1553.642224    0.000133  0.000026  ...  0.000012  7.921634e+06  1.735140e+09
1591  1553.645004    0.000132  0.000041  ...  0.000012  7.848630e+06  1.735140e+09

[1592 rows x 13 columns]
CHANNEL_3_12
           cbragg  cbragg_err   credchi  ...  cdelta_n            cL     timestamp
0     1554.622451    0.000095  0.000020  ...  0.000012  7.788329e+06  1.735125e+09
1     1554.616445    0.000106  0.000015  ...  0.000012  7.845917e+06  1.735125e+09
2     1554.622302    0.000095  0.000020  ...  0.000012  7.785013e+06  1.735125e+09
3     1554.616214    0.000105  0.000014  ...  0.000012  7.861874e+06  1.735125e+09
4     1554.622264    0.000094  0.000020  ...  0.000012  7.794551e+06  1.735125e+09
...           ...         ...       ...  ...       ...           ...           ...
1587  1554.617133    0.000102  0.000014  ...  0.000012  7.853483e+06  1.735140e+09
1588  1554.623065    0.000096  0.000021  ...  0.000012  7.774595e+06  1.735140e+09
1589  1554.617148    0.000203  0.000048  ...  0.000012  7.301009e+06  1.735140e+09
1590  1554.623041    0.000094  0.000020  ...  0.000012  7.790258e+06  1.735140e+09
1591  1554.617154    0.000100  0.000013  ...  0.000012  7.866378e+06  1.735140e+09

[1592 rows x 13 columns]
CHANNEL_3_13
           cbragg  cbragg_err   credchi  ...  cdelta_n            cL     timestamp
0     1555.624386    0.000092  0.000010  ...  0.000012  7.586141e+06  1.735125e+09
1     1555.629872    0.000088  0.000017  ...  0.000012  7.570825e+06  1.735125e+09
2     1555.624520    0.000091  0.000010  ...  0.000012  7.606020e+06  1.735125e+09
3     1555.629990    0.000088  0.000017  ...  0.000012  7.576199e+06  1.735125e+09
4     1555.624205    0.000091  0.000010  ...  0.000012  7.617039e+06  1.735125e+09
...           ...         ...       ...  ...       ...           ...           ...
1587  1555.630736    0.000087  0.000016  ...  0.000012  7.577253e+06  1.735140e+09
1588  1555.625115    0.000088  0.000010  ...  0.000012  7.639756e+06  1.735140e+09
1589  1555.630737    0.000087  0.000016  ...  0.000012  7.563424e+06  1.735140e+09
1590  1555.625192    0.000091  0.000010  ...  0.000012  7.611651e+06  1.735140e+09
1591  1555.630732    0.000095  0.000019  ...  0.000012  7.423760e+06  1.735140e+09

[1592 rows x 13 columns]
CHANNEL_3_14
           cbragg  cbragg_err   credchi  ...  cdelta_n            cL     timestamp
0     1556.585060    0.000190  0.000080  ...  0.000012  7.706275e+06  1.735125e+09
1     1556.577578    0.000186  0.000048  ...  0.000012  7.776428e+06  1.735125e+09
2     1556.585178    0.000187  0.000078  ...  0.000012  7.714240e+06  1.735125e+09
3     1556.577596    0.000188  0.000049  ...  0.000012  7.774204e+06  1.735125e+09
4     1556.584996    0.000190  0.000081  ...  0.000012  7.708932e+06  1.735125e+09
...           ...         ...       ...  ...       ...           ...           ...
1587  1556.578410    0.000187  0.000048  ...  0.000012  7.772802e+06  1.735140e+09
1588  1556.585751    0.000184  0.000077  ...  0.000012  7.677778e+06  1.735140e+09
1589  1556.578435    0.000188  0.000049  ...  0.000012  7.772548e+06  1.735140e+09
1590  1556.585746    0.000191  0.000082  ...  0.000012  7.654538e+06  1.735140e+09
1591  1556.578331    0.000187  0.000049  ...  0.000012  7.765781e+06  1.735140e+09

[1592 rows x 13 columns]
