000 (11451992.358.000) 01/28 14:31:49 Job submitted from host: <188.185.114.121:9618?addrs=188.185.114.121-9618+[2001-1458-d00-a--100-273]-9618&alias=bigbird19.cern.ch&noUDP&sock=schedd_2045_4743>
...
040 (11451992.358.000) 01/28 15:35:23 Started transferring input files
	Transferring to host: <188.185.192.130:9618?addrs=188.185.192.130-9618+[2001-1458-303-1f--100-7e]-9618&alias=b9p13p6496.cern.ch&noUDP&sock=slot1_25_641317_97b8_61340>
...
040 (11451992.358.000) 01/28 15:35:23 Finished transferring input files
...
001 (11451992.358.000) 01/28 15:35:24 Job executing on host: <188.185.192.130:9618?addrs=188.185.192.130-9618+[2001-1458-303-1f--100-7e]-9618&alias=b9p13p6496.cern.ch&noUDP&sock=startd_7341_e4d5>
	SlotName: slot1_25@b9p13p6496.cern.ch
	CondorScratchDir = "/pool/condor/dir_2233937"
	Cpus = 1
	Disk = 3853
	GPUs = 0
	Memory = 3000
...
006 (11451992.358.000) 01/28 15:35:32 Image size of job updated: 79076
	78  -  MemoryUsage of job (MB)
	79076  -  ResidentSetSize of job (KB)
...
040 (11451992.358.000) 01/28 15:35:38 Started transferring output files
...
040 (11451992.358.000) 01/28 15:35:38 Finished transferring output files
...
005 (11451992.358.000) 01/28 15:35:38 Job terminated.
	(1) Normal termination (return value 0)
		Usr 0 00:00:13, Sys 0 00:00:00  -  Run Remote Usage
		Usr 0 00:00:00, Sys 0 00:00:00  -  Run Local Usage
		Usr 0 00:00:13, Sys 0 00:00:00  -  Total Remote Usage
		Usr 0 00:00:00, Sys 0 00:00:00  -  Total Local Usage
	14886  -  Run Bytes Sent By Job
	5797  -  Run Bytes Received By Job
	14886  -  Total Bytes Sent By Job
	5797  -  Total Bytes Received By Job
	Partitionable Resources :    Usage  Request Allocated 
	   Cpus                 :                 1         1 
	   Disk (KB)            :       34       10      3853 
	   GPUs                 :                           0 
	   Memory (MB)          :       78     3000      3000 

	Job terminated of its own accord at 2025-01-28T14:35:38Z with exit-code 0.
...
