CHANNEL_0_1
        cbragg  cbragg_err   credchi  ...  cdelta_n            cL     timestamp
0  1544.622768    0.000103  0.000047  ...  0.000012  7.660037e+06  1.735188e+09
1  1544.630376    0.000187  0.000056  ...  0.000012  7.675791e+06  1.735188e+09

[2 rows x 13 columns]
CHANNEL_0_2
        cbragg  cbragg_err   credchi  ...  cdelta_n            cL     timestamp
0  1545.462194    0.000087  0.000016  ...  0.000012  7.587803e+06  1.735188e+09
1  1545.462304    0.000092  0.000019  ...  0.000012  7.598993e+06  1.735188e+09

[2 rows x 13 columns]
CHANNEL_0_3
        cbragg  cbragg_err   credchi  ...  cdelta_n            cL     timestamp
0  1546.182745    0.000101  0.000033  ...  0.000012  7.636264e+06  1.735188e+09
1  1546.190012    0.000103  0.000046  ...  0.000012  7.635440e+06  1.735188e+09

[2 rows x 13 columns]
CHANNEL_0_4
        cbragg  cbragg_err   credchi  ...  cdelta_n            cL     timestamp
0  1547.119562    0.000117  0.000049  ...  0.000012  7.853901e+06  1.735188e+09
1  1547.119224    0.000119  0.000054  ...  0.000012  7.953212e+06  1.735188e+09

[2 rows x 13 columns]
CHANNEL_0_5
        cbragg  cbragg_err   credchi  ...  cdelta_n            cL     timestamp
0  1548.093967    0.000139  0.000097  ...  0.000012  7.867303e+06  1.735188e+09
1  1548.096729    0.000113  0.000052  ...  0.000012  7.832878e+06  1.735188e+09

[2 rows x 13 columns]
CHANNEL_0_6
        cbragg  cbragg_err   credchi  ...  cdelta_n            cL     timestamp
0  1549.071469    0.000079  0.000023  ...  0.000012  7.542781e+06  1.735188e+09
1  1549.079587    0.000082  0.000043  ...  0.000012  7.468720e+06  1.735188e+09

[2 rows x 13 columns]
CHANNEL_0_7
        cbragg  cbragg_err   credchi  ...  cdelta_n            cL     timestamp
0  1550.076833    0.000121  0.000045  ...  0.000012  7.613965e+06  1.735188e+09
1  1550.077152    0.000144  0.000062  ...  0.000012  7.820326e+06  1.735188e+09

[2 rows x 13 columns]
CHANNEL_0_8
        cbragg  cbragg_err   credchi  ...  cdelta_n            cL     timestamp
0  1551.050081    0.000072  0.000015  ...  0.000012  7.604949e+06  1.735188e+09
1  1551.055371    0.000085  0.000023  ...  0.000012  7.700907e+06  1.735188e+09

[2 rows x 13 columns]
CHANNEL_0_9
        cbragg  cbragg_err   credchi  ...  cdelta_n            cL     timestamp
0  1552.031420    0.000089  0.000015  ...  0.000012  7.736209e+06  1.735188e+09
1  1552.039445    0.000089  0.000028  ...  0.000012  7.658694e+06  1.735188e+09

[2 rows x 13 columns]
CHANNEL_0_10
        cbragg  cbragg_err   credchi  ...  cdelta_n            cL     timestamp
0  1553.041237    0.000093  0.000021  ...  0.000012  7.682058e+06  1.735188e+09
1  1553.039938    0.000095  0.000017  ...  0.000012  7.733651e+06  1.735188e+09

[2 rows x 13 columns]
CHANNEL_0_11
        cbragg  cbragg_err   credchi  ...  cdelta_n            cL     timestamp
0  1554.046219    0.000075  0.000009  ...  0.000012  7.682204e+06  1.735188e+09
1  1554.053940    0.000073  0.000015  ...  0.000012  7.631731e+06  1.735188e+09

[2 rows x 13 columns]
CHANNEL_0_12
        cbragg  cbragg_err   credchi  ...  cdelta_n            cL     timestamp
0  1555.074517    0.000118  0.000049  ...  0.000012  7.499860e+06  1.735188e+09
1  1555.074345    0.000117  0.000044  ...  0.000012  7.537853e+06  1.735188e+09

[2 rows x 13 columns]
CHANNEL_0_13
        cbragg  cbragg_err   credchi  ...  cdelta_n            cL     timestamp
0  1556.046951    0.000140  0.000037  ...  0.000012  7.680400e+06  1.735188e+09
1  1556.053142    0.000138  0.000044  ...  0.000012  7.674316e+06  1.735188e+09

[2 rows x 13 columns]
CHANNEL_0_14
        cbragg  cbragg_err   credchi  ...  cdelta_n            cL     timestamp
0  1557.019478    0.000098  0.000026  ...  0.000012  7.657699e+06  1.735188e+09
1  1557.021996    0.000100  0.000036  ...  0.000012  7.615566e+06  1.735188e+09

[2 rows x 13 columns]
CHANNEL_1_1
        cbragg  cbragg_err   credchi  ...  cdelta_n            cL     timestamp
0  1556.186269    0.000071  0.000005  ...  0.000012  2.680912e+06  1.735188e+09
1  1556.184864    0.001164  0.002702  ...  0.000012  3.566791e+06  1.735188e+09

[2 rows x 13 columns]
CHANNEL_1_2
        cbragg  cbragg_err   credchi  ...  cdelta_n            cL     timestamp
0  1558.201743    0.001030  0.002571  ...  0.000012  3.481806e+06  1.735188e+09
1  1558.205443    0.000119  0.000021  ...  0.000012  2.804093e+06  1.735188e+09

[2 rows x 13 columns]
CHANNEL_1_3
        cbragg  cbragg_err   credchi  ...  cdelta_n            cL     timestamp
0  1561.017704    0.000060  0.000006  ...  0.000012  2.923383e+06  1.735188e+09
1  1561.013827    0.000065  0.000007  ...  0.000012  2.929517e+06  1.735188e+09

[2 rows x 13 columns]
CHANNEL_2_1
        cbragg  cbragg_err   credchi  ...  cdelta_n            cL     timestamp
0  1543.606586    0.000137  0.000007  ...  0.000012  2.767944e+06  1.735188e+09
1  1543.605295    0.000081  0.000006  ...  0.000012  2.769224e+06  1.735188e+09

[2 rows x 13 columns]
CHANNEL_2_2
        cbragg  cbragg_err   credchi  ...  cdelta_n            cL     timestamp
0  1545.925763    0.000117  0.000010  ...  0.000012  2.691563e+06  1.735188e+09
1  1545.925636    0.000787  0.000838  ...  0.000012  3.243711e+06  1.735188e+09

[2 rows x 13 columns]
CHANNEL_2_3
        cbragg  cbragg_err   credchi  ...  cdelta_n            cL     timestamp
0  1548.522185    0.001071  0.002146  ...  0.000012  3.674427e+06  1.735188e+09
1  1548.522399    0.000098  0.000010  ...  0.000012  2.868456e+06  1.735188e+09

[2 rows x 13 columns]
CHANNEL_3_1
        cbragg  cbragg_err   credchi  ...  cdelta_n            cL     timestamp
0  1544.146209    0.000113  0.000027  ...  0.000012  7.772780e+06  1.735188e+09
1  1544.141536    0.000117  0.000019  ...  0.000012  7.825120e+06  1.735188e+09

[2 rows x 13 columns]
CHANNEL_3_2
        cbragg  cbragg_err   credchi  ...  cdelta_n            cL     timestamp
0  1545.045997    0.000124  0.000023  ...  0.000012  7.887718e+06  1.735188e+09
1  1545.055684    0.000113  0.000041  ...  0.000012  7.820979e+06  1.735188e+09

[2 rows x 13 columns]
CHANNEL_3_3
        cbragg  cbragg_err   credchi  ...  cdelta_n            cL     timestamp
0  1545.787918    0.000106  0.000033  ...  0.000012  7.603653e+06  1.735188e+09
1  1545.786432    0.000111  0.000024  ...  0.000012  7.624936e+06  1.735188e+09

[2 rows x 13 columns]
CHANNEL_3_4
        cbragg  cbragg_err   credchi  ...  cdelta_n            cL     timestamp
0  1546.687494    0.000097  0.000016  ...  0.000012  7.792140e+06  1.735188e+09
1  1546.694320    0.000099  0.000028  ...  0.000012  7.705140e+06  1.735188e+09

[2 rows x 13 columns]
CHANNEL_3_5
        cbragg  cbragg_err   credchi  ...  cdelta_n            cL     timestamp
0  1547.709035    0.000077  0.000016  ...  0.000012  7.574851e+06  1.735188e+09
1  1547.712642    0.000079  0.000012  ...  0.000012  7.564924e+06  1.735188e+09

[2 rows x 13 columns]
CHANNEL_3_6
        cbragg  cbragg_err   credchi  ...  cdelta_n            cL     timestamp
0  1548.697228    0.000081  0.000015  ...  0.000012  7.723850e+06  1.735188e+09
1  1548.697352    0.000081  0.000016  ...  0.000012  7.758406e+06  1.735188e+09

[2 rows x 13 columns]
CHANNEL_3_7
        cbragg  cbragg_err   credchi  ...  cdelta_n            cL     timestamp
0  1549.712881    0.000088  0.000015  ...  0.000012  7.573440e+06  1.735188e+09
1  1549.720405    0.000088  0.000020  ...  0.000012  7.576152e+06  1.735188e+09

[2 rows x 13 columns]
CHANNEL_3_8
        cbragg  cbragg_err   credchi  ...  cdelta_n            cL     timestamp
0  1550.673588    0.000109  0.000024  ...  0.000012  7.428065e+06  1.735188e+09
1  1550.667446    0.000095  0.000014  ...  0.000012  7.662380e+06  1.735188e+09

[2 rows x 13 columns]
CHANNEL_3_9
        cbragg  cbragg_err   credchi  ...  cdelta_n            cL     timestamp
0  1551.663965    0.000092  0.000011  ...  0.000012  7.715288e+06  1.735188e+09
1  1551.670269    0.000092  0.000018  ...  0.000012  7.670699e+06  1.735188e+09

[2 rows x 13 columns]
CHANNEL_3_10
        cbragg  cbragg_err   credchi  ...  cdelta_n            cL     timestamp
0  1552.677540    0.000101  0.000020  ...  0.000012  7.732625e+06  1.735188e+09
1  1552.670697    0.000110  0.000013  ...  0.000012  7.781479e+06  1.735188e+09

[2 rows x 13 columns]
CHANNEL_3_11
        cbragg  cbragg_err   credchi  ...  cdelta_n            cL     timestamp
0  1553.639574    0.000132  0.000025  ...  0.000012  7.925492e+06  1.735188e+09
1  1553.642478    0.000134  0.000041  ...  0.000012  7.844435e+06  1.735188e+09

[2 rows x 13 columns]
CHANNEL_3_12
        cbragg  cbragg_err   credchi  ...  cdelta_n            cL     timestamp
0  1554.619730    0.000095  0.000020  ...  0.000012  7.787695e+06  1.735188e+09
1  1554.614609    0.000100  0.000013  ...  0.000012  7.855919e+06  1.735188e+09

[2 rows x 13 columns]
CHANNEL_3_13
        cbragg  cbragg_err   credchi  ...  cdelta_n            cL     timestamp
0  1555.621645    0.000090  0.000010  ...  0.000012  7.620766e+06  1.735188e+09
1  1555.627928    0.000088  0.000016  ...  0.000012  7.578442e+06  1.735188e+09

[2 rows x 13 columns]
CHANNEL_3_14
        cbragg  cbragg_err   credchi  ...  cdelta_n            cL     timestamp
0  1556.582400    0.000190  0.000078  ...  0.000012  7.696232e+06  1.735188e+09
1  1556.575616    0.000178  0.000043  ...  0.000012  7.777588e+06  1.735188e+09

[2 rows x 13 columns]
