CHANNEL_0_1
        cbragg  cbragg_err   credchi  ...  cdelta_n            cL     timestamp
0  1544.224628    0.000241  0.000041  ...  0.000012  7.694375e+06  1.737692e+09
1  1544.226146    0.000109  0.000052  ...  0.000012  7.645435e+06  1.737692e+09

[2 rows x 13 columns]
CHANNEL_0_2
        cbragg  cbragg_err   credchi  ...  cdelta_n            cL     timestamp
0  1545.179266    0.000086  0.000019  ...  0.000012  7.688176e+06  1.737692e+09
1  1545.179256    0.000090  0.000015  ...  0.000012  7.682967e+06  1.737692e+09

[2 rows x 13 columns]
CHANNEL_0_3
        cbragg  cbragg_err   credchi  ...  cdelta_n            cL     timestamp
0  1546.165019    0.000115  0.000048  ...  0.000012  7.618556e+06  1.737692e+09
1  1546.162535    0.000113  0.000045  ...  0.000012  7.588161e+06  1.737692e+09

[2 rows x 13 columns]
CHANNEL_0_4
        cbragg  cbragg_err   credchi  ...  cdelta_n            cL     timestamp
0  1547.157666    0.000116  0.000055  ...  0.000012  7.806741e+06  1.737692e+09
1  1547.157681    0.000118  0.000044  ...  0.000012  7.860439e+06  1.737692e+09

[2 rows x 13 columns]
CHANNEL_0_5
        cbragg  cbragg_err   credchi  ...  cdelta_n            cL     timestamp
0  1548.132045    0.000088  0.000027  ...  0.000012  7.652122e+06  1.737692e+09
1  1548.135088    0.000127  0.000091  ...  0.000012  7.915734e+06  1.737692e+09

[2 rows x 13 columns]
CHANNEL_0_6
        cbragg  cbragg_err   credchi  ...  cdelta_n            cL     timestamp
0  1549.118631    0.000146  0.000138  ...  0.000012  7.792125e+06  1.737692e+09
1  1549.110000    0.000087  0.000029  ...  0.000012  7.645592e+06  1.737692e+09

[2 rows x 13 columns]
CHANNEL_0_7
        cbragg  cbragg_err   credchi  ...  cdelta_n            cL     timestamp
0  1550.113858    0.000116  0.000039  ...  0.000012  7.678707e+06  1.737692e+09
1  1550.118104    0.000116  0.000043  ...  0.000012  7.672987e+06  1.737692e+09

[2 rows x 13 columns]
CHANNEL_0_8
        cbragg  cbragg_err   credchi  ...  cdelta_n            cL     timestamp
0  1551.086896    0.000074  0.000016  ...  0.000012  7.616445e+06  1.737692e+09
1  1551.087228    0.000074  0.000019  ...  0.000012  7.645740e+06  1.737692e+09

[2 rows x 13 columns]
CHANNEL_0_9
        cbragg  cbragg_err   credchi  ...  cdelta_n            cL     timestamp
0  1552.072522    0.000087  0.000025  ...  0.000012  7.702879e+06  1.737692e+09
1  1552.068416    0.000091  0.000019  ...  0.000012  7.697429e+06  1.737692e+09

[2 rows x 13 columns]
CHANNEL_0_10
        cbragg  cbragg_err   credchi  ...  cdelta_n            cL     timestamp
0  1553.073792    0.000092  0.000017  ...  0.000012  7.626181e+06  1.737692e+09
1  1553.077142    0.000092  0.000019  ...  0.000012  7.690767e+06  1.737692e+09

[2 rows x 13 columns]
CHANNEL_0_11
        cbragg  cbragg_err  credchi  ...  cdelta_n            cL     timestamp
0  1554.088413    0.000066  0.00001  ...  0.000012  7.657620e+06  1.737692e+09
1  1554.082094    0.000076  0.00001  ...  0.000012  7.604688e+06  1.737692e+09

[2 rows x 13 columns]
CHANNEL_0_12
        cbragg  cbragg_err   credchi  ...  cdelta_n            cL     timestamp
0  1555.109838    0.000111  0.000049  ...  0.000012  7.550687e+06  1.737692e+09
1  1555.108217    0.000143  0.000066  ...  0.000012  7.801091e+06  1.737692e+09

[2 rows x 13 columns]
CHANNEL_0_13
        cbragg  cbragg_err   credchi  ...  cdelta_n            cL     timestamp
0  1556.083133    0.000156  0.000041  ...  0.000012  7.772319e+06  1.737692e+09
1  1556.083700    0.000139  0.000044  ...  0.000012  7.654028e+06  1.737692e+09

[2 rows x 13 columns]
CHANNEL_0_14
        cbragg  cbragg_err   credchi  ...  cdelta_n            cL     timestamp
0  1557.057836    0.000090  0.000036  ...  0.000012  7.688942e+06  1.737692e+09
1  1557.050520    0.000088  0.000018  ...  0.000012  7.759434e+06  1.737692e+09

[2 rows x 13 columns]
CHANNEL_1_1
        cbragg  cbragg_err   credchi  ...  cdelta_n            cL     timestamp
0  1555.124166    0.000230  0.000036  ...  0.000012  2.519145e+06  1.737692e+09
1  1555.127351    0.000198  0.000029  ...  0.000012  2.537907e+06  1.737692e+09

[2 rows x 13 columns]
CHANNEL_1_2
        cbragg  cbragg_err   credchi  ...  cdelta_n            cL     timestamp
0  1558.273523    0.000119  0.000020  ...  0.000012  2.792320e+06  1.737692e+09
1  1558.276264    0.000558  0.000603  ...  0.000012  3.153969e+06  1.737692e+09

[2 rows x 13 columns]
CHANNEL_1_3
        cbragg  cbragg_err   credchi  ...  cdelta_n            cL     timestamp
0  1561.089060    0.000156  0.000037  ...  0.000012  2.833564e+06  1.737692e+09
1  1561.086538    0.000604  0.000768  ...  0.000012  3.352691e+06  1.737692e+09

[2 rows x 13 columns]
CHANNEL_2_1
        cbragg  cbragg_err   credchi  ...  cdelta_n            cL     timestamp
0  1542.578018    0.000047  0.000002  ...  0.000012  2.756998e+06  1.737692e+09
1  1542.577735    0.000054  0.000002  ...  0.000012  2.757246e+06  1.737692e+09

[2 rows x 13 columns]
CHANNEL_2_2
        cbragg  cbragg_err   credchi  ...  cdelta_n            cL     timestamp
0  1546.011401    0.000607  0.000396  ...  0.000012  3.058915e+06  1.737692e+09
1  1546.012486    0.000159  0.000019  ...  0.000012  2.666524e+06  1.737692e+09

[2 rows x 13 columns]
CHANNEL_2_3
        cbragg  cbragg_err   credchi  ...  cdelta_n            cL     timestamp
0  1548.599474    0.000089  0.000008  ...  0.000012  2.920994e+06  1.737692e+09
1  1548.601569    0.000143  0.000021  ...  0.000012  2.927249e+06  1.737692e+09

[2 rows x 13 columns]
CHANNEL_3_1
        cbragg  cbragg_err   credchi  ...  cdelta_n            cL     timestamp
0  1543.635469     0.00013  0.000021  ...  0.000012  7.880866e+06  1.737692e+09
1  1543.622124     0.00011  0.000014  ...  0.000012  7.920950e+06  1.737692e+09

[2 rows x 13 columns]
CHANNEL_3_2
        cbragg  cbragg_err   credchi  ...  cdelta_n            cL     timestamp
0  1544.660603    0.000118  0.000027  ...  0.000012  7.857235e+06  1.737692e+09
1  1544.654717    0.000157  0.000033  ...  0.000012  7.810953e+06  1.737692e+09

[2 rows x 13 columns]
CHANNEL_3_3
        cbragg  cbragg_err   credchi  ...  cdelta_n            cL     timestamp
0  1545.659547    0.000105  0.000032  ...  0.000012  7.617016e+06  1.737692e+09
1  1545.650307    0.000105  0.000021  ...  0.000012  7.656870e+06  1.737692e+09

[2 rows x 13 columns]
CHANNEL_3_4
        cbragg  cbragg_err   credchi  ...  cdelta_n            cL     timestamp
0  1546.632647    0.000096  0.000022  ...  0.000012  7.787069e+06  1.737692e+09
1  1546.623259    0.000094  0.000020  ...  0.000012  7.768196e+06  1.737692e+09

[2 rows x 13 columns]
CHANNEL_3_5
        cbragg  cbragg_err   credchi  ...  cdelta_n            cL     timestamp
0  1547.647994    0.000083  0.000015  ...  0.000012  7.587065e+06  1.737692e+09
1  1547.645978    0.000083  0.000016  ...  0.000012  7.574627e+06  1.737692e+09

[2 rows x 13 columns]
CHANNEL_3_6
        cbragg  cbragg_err   credchi  ...  cdelta_n            cL     timestamp
0  1548.638115    0.000079  0.000019  ...  0.000012  7.801263e+06  1.737692e+09
1  1548.626511    0.000077  0.000011  ...  0.000012  7.869122e+06  1.737692e+09

[2 rows x 13 columns]
CHANNEL_3_7
        cbragg  cbragg_err   credchi  ...  cdelta_n            cL     timestamp
0  1549.652046    0.000087  0.000013  ...  0.000012  7.594422e+06  1.737692e+09
1  1549.653162    0.000084  0.000019  ...  0.000012  7.543027e+06  1.737692e+09

[2 rows x 13 columns]
CHANNEL_3_8
        cbragg  cbragg_err   credchi  ...  cdelta_n            cL     timestamp
0  1550.606871    0.000089  0.000019  ...  0.000012  7.637925e+06  1.737692e+09
1  1550.597110    0.000089  0.000010  ...  0.000012  7.690439e+06  1.737692e+09

[2 rows x 13 columns]
CHANNEL_3_9
        cbragg  cbragg_err   credchi  ...  cdelta_n            cL     timestamp
0  1551.600749    0.000094  0.000012  ...  0.000012  7.715027e+06  1.737692e+09
1  1551.597805    0.000090  0.000016  ...  0.000012  7.677348e+06  1.737692e+09

[2 rows x 13 columns]
CHANNEL_3_10
        cbragg  cbragg_err   credchi  ...  cdelta_n            cL     timestamp
0  1552.609876    0.000146  0.000034  ...  0.000012  7.433952e+06  1.737692e+09
1  1552.602114    0.000103  0.000014  ...  0.000012  7.816235e+06  1.737692e+09

[2 rows x 13 columns]
CHANNEL_3_11
        cbragg  cbragg_err   credchi  ...  cdelta_n            cL     timestamp
0  1553.577973    0.000127  0.000033  ...  0.000012  7.966644e+06  1.737692e+09
1  1553.567313    0.000124  0.000027  ...  0.000012  7.969409e+06  1.737692e+09

[2 rows x 13 columns]
CHANNEL_3_12
        cbragg  cbragg_err   credchi  ...  cdelta_n            cL     timestamp
0  1554.551684    0.000150  0.000041  ...  0.000012  7.442200e+06  1.737692e+09
1  1554.545724    0.000098  0.000014  ...  0.000012  7.863065e+06  1.737692e+09

[2 rows x 13 columns]
CHANNEL_3_13
        cbragg  cbragg_err   credchi  ...  cdelta_n            cL     timestamp
0  1555.559104    0.000089  0.000012  ...  0.000012  7.616011e+06  1.737692e+09
1  1555.553794    0.000089  0.000014  ...  0.000012  7.559995e+06  1.737692e+09

[2 rows x 13 columns]
CHANNEL_3_14
        cbragg  cbragg_err   credchi  ...  cdelta_n            cL     timestamp
0  1556.513655    0.000189  0.000076  ...  0.000012  7.728387e+06  1.737692e+09
1  1556.505951    0.000187  0.000045  ...  0.000012  7.810640e+06  1.737692e+09

[2 rows x 13 columns]
