000 (11451992.153.000) 01/28 14:31:49 Job submitted from host: <188.185.114.121:9618?addrs=188.185.114.121-9618+[2001-1458-d00-a--100-273]-9618&alias=bigbird19.cern.ch&noUDP&sock=schedd_2045_4743>
...
040 (11451992.153.000) 01/28 14:36:43 Started transferring input files
	Transferring to host: <188.185.208.63:9618?addrs=188.185.208.63-9618+[2001-1458-303-f--100-3c]-9618&alias=b9p09p5455.cern.ch&noUDP&sock=slot1_31_3650_814e_72797>
...
040 (11451992.153.000) 01/28 14:36:43 Finished transferring input files
...
001 (11451992.153.000) 01/28 14:36:44 Job executing on host: <188.185.208.63:9618?addrs=188.185.208.63-9618+[2001-1458-303-f--100-3c]-9618&alias=b9p09p5455.cern.ch&noUDP&sock=startd_3600_e108>
	SlotName: slot1_31@b9p09p5455.cern.ch
	CondorScratchDir = "/pool/condor/dir_2233993"
	Cpus = 1
	Disk = 3836
	GPUs = 0
	Memory = 3000
...
006 (11451992.153.000) 01/28 14:36:53 Image size of job updated: 7544
	8  -  MemoryUsage of job (MB)
	7544  -  ResidentSetSize of job (KB)
...
006 (11451992.153.000) 01/28 14:41:54 Image size of job updated: 158012
	155  -  MemoryUsage of job (MB)
	158012  -  ResidentSetSize of job (KB)
...
006 (11451992.153.000) 01/28 14:46:55 Image size of job updated: 165668
	162  -  MemoryUsage of job (MB)
	165668  -  ResidentSetSize of job (KB)
...
006 (11451992.153.000) 01/28 14:51:55 Image size of job updated: 172856
	169  -  MemoryUsage of job (MB)
	172856  -  ResidentSetSize of job (KB)
...
006 (11451992.153.000) 01/28 14:56:56 Image size of job updated: 180736
	177  -  MemoryUsage of job (MB)
	180736  -  ResidentSetSize of job (KB)
...
006 (11451992.153.000) 01/28 15:01:57 Image size of job updated: 188100
	184  -  MemoryUsage of job (MB)
	188100  -  ResidentSetSize of job (KB)
...
006 (11451992.153.000) 01/28 15:06:57 Image size of job updated: 200560
	196  -  MemoryUsage of job (MB)
	200560  -  ResidentSetSize of job (KB)
...
006 (11451992.153.000) 01/28 15:11:57 Image size of job updated: 214164
	210  -  MemoryUsage of job (MB)
	214164  -  ResidentSetSize of job (KB)
...
006 (11451992.153.000) 01/28 15:16:58 Image size of job updated: 225520
	221  -  MemoryUsage of job (MB)
	225520  -  ResidentSetSize of job (KB)
...
006 (11451992.153.000) 01/28 15:21:59 Image size of job updated: 234992
	230  -  MemoryUsage of job (MB)
	234992  -  ResidentSetSize of job (KB)
...
006 (11451992.153.000) 01/28 15:26:59 Image size of job updated: 242604
	237  -  MemoryUsage of job (MB)
	242604  -  ResidentSetSize of job (KB)
...
006 (11451992.153.000) 01/28 15:31:59 Image size of job updated: 249052
	244  -  MemoryUsage of job (MB)
	249052  -  ResidentSetSize of job (KB)
...
006 (11451992.153.000) 01/28 15:37:00 Image size of job updated: 254600
	249  -  MemoryUsage of job (MB)
	254600  -  ResidentSetSize of job (KB)
...
040 (11451992.153.000) 01/28 15:40:35 Started transferring output files
...
040 (11451992.153.000) 01/28 15:40:35 Finished transferring output files
...
005 (11451992.153.000) 01/28 15:40:35 Job terminated.
	(1) Normal termination (return value 0)
		Usr 0 00:57:51, Sys 0 00:00:04  -  Run Remote Usage
		Usr 0 00:00:00, Sys 0 00:00:00  -  Run Local Usage
		Usr 0 00:57:51, Sys 0 00:00:04  -  Total Remote Usage
		Usr 0 00:00:00, Sys 0 00:00:00  -  Total Local Usage
	40692  -  Run Bytes Sent By Job
	5797  -  Run Bytes Received By Job
	40692  -  Total Bytes Sent By Job
	5797  -  Total Bytes Received By Job
	Partitionable Resources :    Usage  Request Allocated 
	   Cpus                 :     0.98        1         1 
	   Disk (KB)            :    72          10      3836 
	   GPUs                 :                           0 
	   Memory (MB)          :   249        3000      3000 

	Job terminated of its own accord at 2025-01-28T14:40:35Z with exit-code 0.
...
