CHANNEL_0_1
           cbragg  cbragg_err   credchi  ...  cdelta_n            cL     timestamp
0     1544.606412    0.000104  0.000047  ...  0.000012  7.674564e+06  1.735998e+09
1     1544.615016    0.000111  0.000057  ...  0.000012  7.660040e+06  1.735998e+09
2     1544.606461    0.000111  0.000047  ...  0.000012  7.674925e+06  1.735998e+09
3     1544.615022    0.000330  0.000057  ...  0.000012  7.683774e+06  1.735998e+09
4     1544.606378    0.000104  0.000047  ...  0.000012  7.676553e+06  1.735998e+09
...           ...         ...       ...  ...       ...           ...           ...
1587  1544.614081    0.000128  0.000057  ...  0.000012  7.675896e+06  1.736014e+09
1588  1544.605483    0.000256  0.000048  ...  0.000012  7.681316e+06  1.736014e+09
1589  1544.614096    0.000157  0.000058  ...  0.000012  7.678086e+06  1.736014e+09
1590  1544.605428    0.000111  0.000048  ...  0.000012  7.667271e+06  1.736014e+09
1591  1544.614050    0.000106  0.000057  ...  0.000012  7.677331e+06  1.736014e+09

[1592 rows x 13 columns]
CHANNEL_0_2
           cbragg  cbragg_err   credchi  ...  cdelta_n            cL     timestamp
0     1545.429467    0.000096  0.000020  ...  0.000012  7.597534e+06  1.735998e+09
1     1545.431549    0.000095  0.000021  ...  0.000012  7.657258e+06  1.735998e+09
2     1545.429478    0.000097  0.000020  ...  0.000012  7.645470e+06  1.735998e+09
3     1545.431541    0.000098  0.000022  ...  0.000012  7.547046e+06  1.735998e+09
4     1545.429347    0.000094  0.000019  ...  0.000012  7.653616e+06  1.735998e+09
...           ...         ...       ...  ...       ...           ...           ...
1587  1545.430475    0.000091  0.000020  ...  0.000012  7.661958e+06  1.736014e+09
1588  1545.428317    0.000094  0.000019  ...  0.000012  7.655967e+06  1.736014e+09
1589  1545.430293    0.000097  0.000023  ...  0.000012  7.592978e+06  1.736014e+09
1590  1545.428328    0.000101  0.000022  ...  0.000012  7.577019e+06  1.736014e+09
1591  1545.430370    0.000092  0.000020  ...  0.000012  7.649679e+06  1.736014e+09

[1592 rows x 13 columns]
CHANNEL_0_3
           cbragg  cbragg_err   credchi  ...  cdelta_n            cL     timestamp
0     1546.115601    0.000108  0.000038  ...  0.000012  7.695476e+06  1.735998e+09
1     1546.124508    0.000112  0.000056  ...  0.000012  7.672543e+06  1.735998e+09
2     1546.115566    0.000110  0.000039  ...  0.000012  7.691855e+06  1.735998e+09
3     1546.124529    0.000111  0.000055  ...  0.000012  7.664257e+06  1.735998e+09
4     1546.115597    0.000111  0.000040  ...  0.000012  7.683015e+06  1.735998e+09
...           ...         ...       ...  ...       ...           ...           ...
1587  1546.123942    0.000112  0.000056  ...  0.000012  7.663979e+06  1.736014e+09
1588  1546.114952    0.000109  0.000039  ...  0.000012  7.683387e+06  1.736014e+09
1589  1546.123990    0.000112  0.000056  ...  0.000012  7.653786e+06  1.736014e+09
1590  1546.115190    0.000111  0.000040  ...  0.000012  7.685058e+06  1.736014e+09
1591  1546.124047    0.000127  0.000075  ...  0.000012  7.859625e+06  1.736014e+09

[1592 rows x 13 columns]
CHANNEL_0_4
           cbragg  cbragg_err   credchi  ...  cdelta_n            cL     timestamp
0     1547.115216    0.000117  0.000048  ...  0.000012  7.849936e+06  1.735998e+09
1     1547.116969    0.000116  0.000053  ...  0.000012  7.932402e+06  1.735998e+09
2     1547.115175    0.000116  0.000047  ...  0.000012  7.853804e+06  1.735998e+09
3     1547.116881    0.000140  0.000080  ...  0.000012  8.115157e+06  1.735998e+09
4     1547.115036    0.000119  0.000049  ...  0.000012  7.857436e+06  1.735998e+09
...           ...         ...       ...  ...       ...           ...           ...
1587  1547.116133    0.000114  0.000051  ...  0.000012  7.854714e+06  1.736014e+09
1588  1547.114202    0.000117  0.000048  ...  0.000012  7.850640e+06  1.736014e+09
1589  1547.116131    0.000114  0.000051  ...  0.000012  7.864042e+06  1.736014e+09
1590  1547.114270    0.000118  0.000049  ...  0.000012  7.855351e+06  1.736014e+09
1591  1547.116228    0.000115  0.000052  ...  0.000012  7.856372e+06  1.736014e+09

[1592 rows x 13 columns]
CHANNEL_0_5
           cbragg  cbragg_err   credchi  ...  cdelta_n            cL     timestamp
0     1548.089674    0.000121  0.000072  ...  0.000012  7.840699e+06  1.735998e+09
1     1548.094277    0.000129  0.000073  ...  0.000012  7.958745e+06  1.735998e+09
2     1548.089045    0.000092  0.000041  ...  0.000012  7.681549e+06  1.735998e+09
3     1548.094361    0.000093  0.000037  ...  0.000012  7.691767e+06  1.735998e+09
4     1548.089098    0.000108  0.000057  ...  0.000012  7.792666e+06  1.735998e+09
...           ...         ...       ...  ...       ...           ...           ...
1587  1548.093150    0.000098  0.000040  ...  0.000012  7.685638e+06  1.736014e+09
1588  1548.087948    0.000092  0.000041  ...  0.000012  7.686734e+06  1.736014e+09
1589  1548.093110    0.000114  0.000057  ...  0.000012  7.872379e+06  1.736014e+09
1590  1548.088105    0.000091  0.000041  ...  0.000012  7.698265e+06  1.736014e+09
1591  1548.093479    0.000106  0.000047  ...  0.000012  7.740946e+06  1.736014e+09

[1592 rows x 13 columns]
CHANNEL_0_6
           cbragg  cbragg_err   credchi  ...  cdelta_n            cL     timestamp
0     1549.067227    0.000078  0.000023  ...  0.000012  7.581910e+06  1.735998e+09
1     1549.076840    0.000082  0.000043  ...  0.000012  7.478754e+06  1.735998e+09
2     1549.067250    0.000078  0.000023  ...  0.000012  7.562044e+06  1.735998e+09
3     1549.076846    0.000081  0.000041  ...  0.000012  7.478227e+06  1.735998e+09
4     1549.067267    0.000083  0.000026  ...  0.000012  7.640989e+06  1.735998e+09
...           ...         ...       ...  ...       ...           ...           ...
1587  1549.075794    0.000084  0.000046  ...  0.000012  7.478297e+06  1.736014e+09
1588  1549.066016    0.000150  0.000086  ...  0.000012  7.762832e+06  1.736014e+09
1589  1549.075824    0.000080  0.000041  ...  0.000012  7.485948e+06  1.736014e+09
1590  1549.066169    0.000077  0.000023  ...  0.000012  7.561627e+06  1.736014e+09
1591  1549.075994    0.000082  0.000043  ...  0.000012  7.477947e+06  1.736014e+09

[1592 rows x 13 columns]
CHANNEL_0_7
           cbragg  cbragg_err   credchi  ...  cdelta_n            cL     timestamp
0     1550.072116    0.000122  0.000044  ...  0.000012  7.614259e+06  1.735998e+09
1     1550.074912    0.000127  0.000051  ...  0.000012  7.722599e+06  1.735998e+09
2     1550.072193    0.000123  0.000044  ...  0.000012  7.607787e+06  1.735998e+09
3     1550.075024    0.000121  0.000046  ...  0.000012  7.613937e+06  1.735998e+09
4     1550.072180    0.000123  0.000044  ...  0.000012  7.611426e+06  1.735998e+09
...           ...         ...       ...  ...       ...           ...           ...
1587  1550.073731    0.000123  0.000047  ...  0.000012  7.608123e+06  1.736014e+09
1588  1550.071067    0.000124  0.000045  ...  0.000012  7.585551e+06  1.736014e+09
1589  1550.073823    0.000135  0.000057  ...  0.000012  7.747703e+06  1.736014e+09
1590  1550.071105    0.000124  0.000045  ...  0.000012  7.588292e+06  1.736014e+09
1591  1550.073917    0.000123  0.000048  ...  0.000012  7.610309e+06  1.736014e+09

[1592 rows x 13 columns]
CHANNEL_0_8
           cbragg  cbragg_err   credchi  ...  cdelta_n            cL     timestamp
0     1551.041702    0.000071  0.000015  ...  0.000012  7.625715e+06  1.735998e+09
1     1551.049412    0.000073  0.000018  ...  0.000012  7.633991e+06  1.735998e+09
2     1551.041683    0.000072  0.000015  ...  0.000012  7.627576e+06  1.735998e+09
3     1551.049474    0.000073  0.000018  ...  0.000012  7.634452e+06  1.735998e+09
4     1551.041591    0.000072  0.000015  ...  0.000012  7.618351e+06  1.735998e+09
...           ...         ...       ...  ...       ...           ...           ...
1587  1551.050039    0.000074  0.000019  ...  0.000012  7.629894e+06  1.736014e+09
1588  1551.042503    0.000071  0.000015  ...  0.000012  7.627857e+06  1.736014e+09
1589  1551.050159    0.000072  0.000018  ...  0.000012  7.625722e+06  1.736014e+09
1590  1551.042495    0.000072  0.000015  ...  0.000012  7.626578e+06  1.736014e+09
1591  1551.050112    0.000073  0.000018  ...  0.000012  7.636535e+06  1.736014e+09

[1592 rows x 13 columns]
CHANNEL_0_9
           cbragg  cbragg_err   credchi  ...  cdelta_n            cL     timestamp
0     1552.023191    0.000092  0.000016  ...  0.000012  7.742322e+06  1.735998e+09
1     1552.033208    0.000089  0.000029  ...  0.000012  7.711012e+06  1.735998e+09
2     1552.023204    0.000089  0.000015  ...  0.000012  7.741702e+06  1.735998e+09
3     1552.033267    0.000086  0.000026  ...  0.000012  7.684518e+06  1.735998e+09
4     1552.023210    0.000090  0.000016  ...  0.000012  7.742208e+06  1.735998e+09
...           ...         ...       ...  ...       ...           ...           ...
1587  1552.033797    0.000091  0.000031  ...  0.000012  7.680348e+06  1.736014e+09
1588  1552.023909    0.000090  0.000016  ...  0.000012  7.734929e+06  1.736014e+09
1589  1552.033850    0.000088  0.000028  ...  0.000012  7.678925e+06  1.736014e+09
1590  1552.023898    0.000089  0.000016  ...  0.000012  7.745188e+06  1.736014e+09
1591  1552.033875    0.000123  0.000058  ...  0.000012  7.925381e+06  1.736014e+09

[1592 rows x 13 columns]
CHANNEL_0_10
           cbragg  cbragg_err   credchi  ...  cdelta_n            cL     timestamp
0     1553.032924    0.000093  0.000021  ...  0.000012  7.697748e+06  1.735998e+09
1     1553.034368    0.000095  0.000017  ...  0.000012  7.722262e+06  1.735998e+09
2     1553.033046    0.000093  0.000021  ...  0.000012  7.689547e+06  1.735998e+09
3     1553.034324    0.000096  0.000018  ...  0.000012  7.726948e+06  1.735998e+09
4     1553.032924    0.000094  0.000021  ...  0.000012  7.687375e+06  1.735998e+09
...           ...         ...       ...  ...       ...           ...           ...
1587  1553.034995    0.000092  0.000016  ...  0.000012  7.718212e+06  1.736014e+09
1588  1553.033830    0.000091  0.000020  ...  0.000012  7.696681e+06  1.736014e+09
1589  1553.034979    0.000094  0.000017  ...  0.000012  7.742518e+06  1.736014e+09
1590  1553.033851    0.000094  0.000021  ...  0.000012  7.693288e+06  1.736014e+09
1591  1553.035045    0.000092  0.000017  ...  0.000012  7.727020e+06  1.736014e+09

[1592 rows x 13 columns]
CHANNEL_0_11
           cbragg  cbragg_err   credchi  ...  cdelta_n            cL     timestamp
0     1554.038003    0.000145  0.000030  ...  0.000012  7.305258e+06  1.735998e+09
1     1554.047787    0.000069  0.000013  ...  0.000012  7.648923e+06  1.735998e+09
2     1554.037931    0.000071  0.000008  ...  0.000012  7.733899e+06  1.735998e+09
3     1554.047668    0.000072  0.000014  ...  0.000012  7.660493e+06  1.735998e+09
4     1554.037874    0.000073  0.000008  ...  0.000012  7.711434e+06  1.735998e+09
...           ...         ...       ...  ...       ...           ...           ...
1587  1554.048412    0.000074  0.000015  ...  0.000012  7.651631e+06  1.736014e+09
1588  1554.038814    0.000098  0.000015  ...  0.000012  7.484334e+06  1.736014e+09
1589  1554.048558    0.000070  0.000014  ...  0.000012  7.654471e+06  1.736014e+09
1590  1554.038728    0.000072  0.000008  ...  0.000012  7.732902e+06  1.736014e+09
1591  1554.048499    0.000069  0.000014  ...  0.000012  7.654066e+06  1.736014e+09

[1592 rows x 13 columns]
CHANNEL_0_12
           cbragg  cbragg_err   credchi  ...  cdelta_n            cL     timestamp
0     1555.066204    0.000118  0.000047  ...  0.000012  7.495560e+06  1.735998e+09
1     1555.068674    0.000115  0.000045  ...  0.000012  7.517470e+06  1.735998e+09
2     1555.066245    0.000115  0.000045  ...  0.000012  7.497297e+06  1.735998e+09
3     1555.068666    0.000118  0.000047  ...  0.000012  7.513565e+06  1.735998e+09
4     1555.066297    0.000116  0.000046  ...  0.000012  7.504099e+06  1.735998e+09
...           ...         ...       ...  ...       ...           ...           ...
1587  1555.069426    0.000114  0.000044  ...  0.000012  7.511195e+06  1.736014e+09
1588  1555.066932    0.000124  0.000053  ...  0.000012  7.523800e+06  1.736014e+09
1589  1555.069382    0.000116  0.000046  ...  0.000012  7.510355e+06  1.736014e+09
1590  1555.067086    0.000120  0.000050  ...  0.000012  7.537432e+06  1.736014e+09
1591  1555.069407    0.000118  0.000047  ...  0.000012  7.515751e+06  1.736014e+09

[1592 rows x 13 columns]
CHANNEL_0_13
           cbragg  cbragg_err   credchi  ...  cdelta_n            cL     timestamp
0     1556.038397    0.000139  0.000035  ...  0.000012  7.688489e+06  1.735998e+09
1     1556.046966    0.000132  0.000042  ...  0.000012  7.694998e+06  1.735998e+09
2     1556.038413    0.000170  0.000049  ...  0.000012  7.381341e+06  1.735998e+09
3     1556.046970    0.000133  0.000043  ...  0.000012  7.696167e+06  1.735998e+09
4     1556.038406    0.000140  0.000035  ...  0.000012  7.653023e+06  1.735998e+09
...           ...         ...       ...  ...       ...           ...           ...
1587  1556.047627    0.000137  0.000046  ...  0.000012  7.690389e+06  1.736014e+09
1588  1556.039158    0.000151  0.000040  ...  0.000012  7.484447e+06  1.736014e+09
1589  1556.047631    0.000138  0.000046  ...  0.000012  7.693374e+06  1.736014e+09
1590  1556.039316    0.000139  0.000035  ...  0.000012  7.683555e+06  1.736014e+09
1591  1556.047774    0.000133  0.000043  ...  0.000012  7.694051e+06  1.736014e+09

[1592 rows x 13 columns]
CHANNEL_0_14
           cbragg  cbragg_err   credchi  ...  cdelta_n            cL     timestamp
0     1557.011135    0.000098  0.000027  ...  0.000012  7.667048e+06  1.735998e+09
1     1557.015637    0.000101  0.000036  ...  0.000012  7.621270e+06  1.735998e+09
2     1557.011107    0.000097  0.000027  ...  0.000012  7.652666e+06  1.735998e+09
3     1557.015596    0.000102  0.000037  ...  0.000012  7.612002e+06  1.735998e+09
4     1557.011153    0.000098  0.000027  ...  0.000012  7.649604e+06  1.735998e+09
...           ...         ...       ...  ...       ...           ...           ...
1587  1557.016348    0.000103  0.000038  ...  0.000012  7.601828e+06  1.736014e+09
1588  1557.011937    0.000119  0.000040  ...  0.000012  7.782222e+06  1.736014e+09
1589  1557.016374    0.000102  0.000038  ...  0.000012  7.612622e+06  1.736014e+09
1590  1557.011945    0.000112  0.000037  ...  0.000012  7.808822e+06  1.736014e+09
1591  1557.016396    0.000102  0.000038  ...  0.000012  7.602294e+06  1.736014e+09

[1592 rows x 13 columns]
CHANNEL_1_1
           cbragg  cbragg_err   credchi  ...  cdelta_n            cL     timestamp
0     1556.154401    0.000085  0.000007  ...  0.000012  2.667700e+06  1.735998e+09
1     1556.153922    0.000096  0.000008  ...  0.000012  2.656708e+06  1.735998e+09
2     1556.153041    0.000818  0.000942  ...  0.000012  3.114304e+06  1.735998e+09
3     1556.153458    0.000075  0.000005  ...  0.000012  2.686122e+06  1.735998e+09
4     1556.154168    0.000101  0.000010  ...  0.000012  2.722599e+06  1.735998e+09
...           ...         ...       ...  ...       ...           ...           ...
1587  1556.151668    0.001008  0.001653  ...  0.000012  3.345768e+06  1.736014e+09
1588  1556.151823    0.001162  0.002823  ...  0.000012  3.555701e+06  1.736014e+09
1589  1556.152279    0.000306  0.000071  ...  0.000012  2.525139e+06  1.736014e+09
1590  1556.151325    0.000662  0.000637  ...  0.000012  3.100065e+06  1.736014e+09
1591  1556.151909    0.000458  0.000246  ...  0.000012  2.940657e+06  1.736014e+09

[1592 rows x 13 columns]
CHANNEL_1_2
           cbragg  cbragg_err   credchi  ...  cdelta_n            cL     timestamp
0     1558.200971    0.000123  0.000021  ...  0.000012  2.792876e+06  1.735998e+09
1     1558.202629    0.000936  0.002245  ...  0.000012  3.464425e+06  1.735998e+09
2     1558.200498    0.000684  0.001021  ...  0.000012  3.278318e+06  1.735998e+09
3     1558.203667    0.000149  0.000031  ...  0.000012  2.747757e+06  1.735998e+09
4     1558.201184    0.000166  0.000040  ...  0.000012  2.777693e+06  1.735998e+09
...           ...         ...       ...  ...       ...           ...           ...
1587  1558.203130    0.000120  0.000021  ...  0.000012  2.779050e+06  1.736014e+09
1588  1558.200642    0.000132  0.000025  ...  0.000012  2.781251e+06  1.736014e+09
1589  1558.202777    0.000775  0.001451  ...  0.000012  3.347373e+06  1.736014e+09
1590  1558.200237    0.001032  0.002872  ...  0.000012  3.572144e+06  1.736014e+09
1591  1558.203483    0.000464  0.000272  ...  0.000012  2.620740e+06  1.736014e+09

[1592 rows x 13 columns]
CHANNEL_1_3
           cbragg  cbragg_err   credchi  ...  cdelta_n            cL     timestamp
0     1561.015025    0.000213  0.000065  ...  0.000012  2.806143e+06  1.735998e+09
1     1561.011172    0.000106  0.000020  ...  0.000012  3.000064e+06  1.735998e+09
2     1561.014769    0.000730  0.001240  ...  0.000012  3.419357e+06  1.735998e+09
3     1561.011403    0.000130  0.000025  ...  0.000012  2.850337e+06  1.735998e+09
4     1561.014752    0.000055  0.000005  ...  0.000012  2.905143e+06  1.735998e+09
...           ...         ...       ...  ...       ...           ...           ...
1587  1561.011105    0.000538  0.000625  ...  0.000012  3.282264e+06  1.736014e+09
1588  1561.014880    0.000067  0.000007  ...  0.000012  2.895505e+06  1.736014e+09
1589  1561.011634    0.000047  0.000004  ...  0.000012  2.920706e+06  1.736014e+09
1590  1561.015191    0.000881  0.001838  ...  0.000012  3.491002e+06  1.736014e+09
1591  1561.011633    0.000082  0.000011  ...  0.000012  2.883737e+06  1.736014e+09

[1592 rows x 13 columns]
CHANNEL_2_1
           cbragg  cbragg_err   credchi  ...  cdelta_n            cL     timestamp
0     1543.574225    0.000074  0.000006  ...  0.000012  2.771290e+06  1.735998e+09
1     1543.573528    0.000073  0.000005  ...  0.000012  2.771236e+06  1.735998e+09
2     1543.574245    0.000076  0.000006  ...  0.000012  2.771812e+06  1.735998e+09
3     1543.573630    0.000074  0.000005  ...  0.000012  2.771963e+06  1.735998e+09
4     1543.574335    0.000079  0.000006  ...  0.000012  2.771359e+06  1.735998e+09
...           ...         ...       ...  ...       ...           ...           ...
1587  1543.572116    0.000071  0.000005  ...  0.000012  2.771989e+06  1.736014e+09
1588  1543.572598    0.000074  0.000005  ...  0.000012  2.773140e+06  1.736014e+09
1589  1543.572017    0.000073  0.000005  ...  0.000012  2.773542e+06  1.736014e+09
1590  1543.572334    0.000073  0.000005  ...  0.000012  2.774008e+06  1.736014e+09
1591  1543.571830    0.000121  0.000005  ...  0.000012  2.772852e+06  1.736014e+09

[1592 rows x 13 columns]
CHANNEL_2_2
           cbragg  cbragg_err   credchi  ...  cdelta_n            cL     timestamp
0     1545.926217    0.000114  0.000010  ...  0.000012  2.692992e+06  1.735998e+09
1     1545.927943    0.000265  0.000049  ...  0.000012  2.599960e+06  1.735998e+09
2     1545.923500    0.001035  0.001556  ...  0.000012  3.402412e+06  1.735998e+09
3     1545.926366    0.000731  0.000656  ...  0.000012  3.170653e+06  1.735998e+09
4     1545.925440    0.000377  0.000131  ...  0.000012  2.888331e+06  1.735998e+09
...           ...         ...       ...  ...       ...           ...           ...
1587  1545.927243    0.000118  0.000011  ...  0.000012  2.682013e+06  1.736014e+09
1588  1545.927297    0.000528  0.000151  ...  0.000012  2.443973e+06  1.736014e+09
1589  1545.925279    0.000853  0.000896  ...  0.000012  3.200602e+06  1.736014e+09
1590  1545.925970    0.000117  0.000010  ...  0.000012  2.700476e+06  1.736014e+09
1591  1545.924918    0.000745  0.000708  ...  0.000012  3.196045e+06  1.736014e+09

[1592 rows x 13 columns]
CHANNEL_2_3
           cbragg  cbragg_err   credchi  ...  cdelta_n            cL     timestamp
0     1548.521655    0.000803  0.001109  ...  0.000012  3.478111e+06  1.735998e+09
1     1548.523284    0.000102  0.000011  ...  0.000012  2.877331e+06  1.735998e+09
2     1548.521866    0.000407  0.000217  ...  0.000012  3.143006e+06  1.735998e+09
3     1548.523235    0.000100  0.000010  ...  0.000012  2.883439e+06  1.735998e+09
4     1548.521705    0.000101  0.000011  ...  0.000012  2.874999e+06  1.735998e+09
...           ...         ...       ...  ...       ...           ...           ...
1587  1548.523324    0.000104  0.000011  ...  0.000012  2.880946e+06  1.736014e+09
1588  1548.522566    0.001149  0.002773  ...  0.000012  3.801665e+06  1.736014e+09
1589  1548.523644    0.000453  0.000283  ...  0.000012  3.185939e+06  1.736014e+09
1590  1548.522410    0.000574  0.000512  ...  0.000012  3.301515e+06  1.736014e+09
1591  1548.523493    0.000117  0.000014  ...  0.000012  2.844194e+06  1.736014e+09

[1592 rows x 13 columns]
CHANNEL_3_1
           cbragg  cbragg_err   credchi  ...  cdelta_n            cL     timestamp
0     1544.120811    0.000137  0.000028  ...  0.000012  7.761554e+06  1.735998e+09
1     1544.119521    0.000119  0.000019  ...  0.000012  7.810321e+06  1.735998e+09
2     1544.120850    0.000126  0.000026  ...  0.000012  7.784281e+06  1.735998e+09
3     1544.119508    0.000123  0.000021  ...  0.000012  7.820960e+06  1.735998e+09
4     1544.120798    0.000111  0.000027  ...  0.000012  7.770982e+06  1.735998e+09
...           ...         ...       ...  ...       ...           ...           ...
1587  1544.118191    0.000163  0.000021  ...  0.000012  7.809465e+06  1.736014e+09
1588  1544.119629    0.000128  0.000027  ...  0.000012  7.760453e+06  1.736014e+09
1589  1544.118176    0.000119  0.000020  ...  0.000012  7.801894e+06  1.736014e+09
1590  1544.119596    0.000112  0.000027  ...  0.000012  7.766087e+06  1.736014e+09
1591  1544.118155    0.000119  0.000020  ...  0.000012  7.817756e+06  1.736014e+09

[1592 rows x 13 columns]
CHANNEL_3_2
           cbragg  cbragg_err   credchi  ...  cdelta_n            cL     timestamp
0     1545.005409    0.000206  0.000022  ...  0.000012  7.910500e+06  1.735998e+09
1     1545.016425    0.000116  0.000040  ...  0.000012  7.812325e+06  1.735998e+09
2     1545.005415    0.000277  0.000022  ...  0.000012  7.919146e+06  1.735998e+09
3     1545.016468    0.000151  0.000040  ...  0.000012  7.827691e+06  1.735998e+09
4     1545.005383    0.000125  0.000023  ...  0.000012  7.915874e+06  1.735998e+09
...           ...         ...       ...  ...       ...           ...           ...
1587  1545.015135    0.000223  0.000040  ...  0.000012  7.826686e+06  1.736014e+09
1588  1545.004059    0.000123  0.000022  ...  0.000012  7.908666e+06  1.736014e+09
1589  1545.014977    0.000181  0.000038  ...  0.000012  7.834200e+06  1.736014e+09
1590  1545.004119    0.000433  0.000022  ...  0.000012  7.929050e+06  1.736014e+09
1591  1545.014952    0.000134  0.000041  ...  0.000012  7.827615e+06  1.736014e+09

[1592 rows x 13 columns]
CHANNEL_3_3
           cbragg  cbragg_err   credchi  ...  cdelta_n            cL     timestamp
0     1545.704191    0.000111  0.000033  ...  0.000012  7.564246e+06  1.735998e+09
1     1545.707524    0.000113  0.000026  ...  0.000012  7.570181e+06  1.735998e+09
2     1545.704216    0.000108  0.000031  ...  0.000012  7.577721e+06  1.735998e+09
3     1545.707501    0.000120  0.000029  ...  0.000012  7.619855e+06  1.735998e+09
4     1545.704100    0.000112  0.000033  ...  0.000012  7.570826e+06  1.735998e+09
...           ...         ...       ...  ...       ...           ...           ...
1587  1545.706790    0.000143  0.000040  ...  0.000012  7.332192e+06  1.736014e+09
1588  1545.703384    0.000110  0.000033  ...  0.000012  7.566490e+06  1.736014e+09
1589  1545.706952    0.000113  0.000027  ...  0.000012  7.622656e+06  1.736014e+09
1590  1545.703571    0.000110  0.000033  ...  0.000012  7.572524e+06  1.736014e+09
1591  1545.706874    0.000114  0.000027  ...  0.000012  7.604909e+06  1.736014e+09

[1592 rows x 13 columns]
CHANNEL_3_4
           cbragg  cbragg_err   credchi  ...  cdelta_n            cL     timestamp
0     1546.676286    0.000097  0.000017  ...  0.000012  7.797085e+06  1.735998e+09
1     1546.684071    0.000098  0.000026  ...  0.000012  7.737570e+06  1.735998e+09
2     1546.676271    0.000099  0.000017  ...  0.000012  7.791673e+06  1.735998e+09
3     1546.684049    0.000099  0.000027  ...  0.000012  7.737376e+06  1.735998e+09
4     1546.676196    0.000097  0.000017  ...  0.000012  7.793646e+06  1.735998e+09
...           ...         ...       ...  ...       ...           ...           ...
1587  1546.683235    0.000099  0.000027  ...  0.000012  7.724416e+06  1.736014e+09
1588  1546.675660    0.000098  0.000018  ...  0.000012  7.781876e+06  1.736014e+09
1589  1546.683237    0.000097  0.000026  ...  0.000012  7.739058e+06  1.736014e+09
1590  1546.675697    0.000097  0.000017  ...  0.000012  7.802142e+06  1.736014e+09
1591  1546.683358    0.000100  0.000028  ...  0.000012  7.699991e+06  1.736014e+09

[1592 rows x 13 columns]
CHANNEL_3_5
           cbragg  cbragg_err   credchi  ...  cdelta_n            cL     timestamp
0     1547.696112    0.000076  0.000014  ...  0.000012  7.602107e+06  1.735998e+09
1     1547.704014    0.000075  0.000012  ...  0.000012  7.640324e+06  1.735998e+09
2     1547.695990    0.000076  0.000014  ...  0.000012  7.608093e+06  1.735998e+09
3     1547.703941    0.000077  0.000013  ...  0.000012  7.635168e+06  1.735998e+09
4     1547.695955    0.000078  0.000014  ...  0.000012  7.600327e+06  1.735998e+09
...           ...         ...       ...  ...       ...           ...           ...
1587  1547.703155    0.000076  0.000013  ...  0.000012  7.638961e+06  1.736014e+09
1588  1547.695105    0.000076  0.000014  ...  0.000012  7.599900e+06  1.736014e+09
1589  1547.703229    0.000076  0.000013  ...  0.000012  7.633914e+06  1.736014e+09
1590  1547.695237    0.000076  0.000014  ...  0.000012  7.595997e+06  1.736014e+09
1591  1547.703286    0.000080  0.000014  ...  0.000012  7.631376e+06  1.736014e+09

[1592 rows x 13 columns]
CHANNEL_3_6
           cbragg  cbragg_err   credchi  ...  cdelta_n            cL     timestamp
0     1548.684871    0.000082  0.000015  ...  0.000012  7.763146e+06  1.735998e+09
1     1548.688219    0.000080  0.000016  ...  0.000012  7.778417e+06  1.735998e+09
2     1548.684888    0.000082  0.000016  ...  0.000012  7.765133e+06  1.735998e+09
3     1548.688162    0.000083  0.000017  ...  0.000012  7.766594e+06  1.735998e+09
4     1548.684934    0.000083  0.000016  ...  0.000012  7.750596e+06  1.735998e+09
...           ...         ...       ...  ...       ...           ...           ...
1587  1548.687207    0.000082  0.000016  ...  0.000012  7.760248e+06  1.736014e+09
1588  1548.683965    0.000083  0.000016  ...  0.000012  7.761253e+06  1.736014e+09
1589  1548.687417    0.000080  0.000016  ...  0.000012  7.756795e+06  1.736014e+09
1590  1548.684035    0.000081  0.000015  ...  0.000012  7.755744e+06  1.736014e+09
1591  1548.687400    0.000081  0.000016  ...  0.000012  7.787068e+06  1.736014e+09

[1592 rows x 13 columns]
CHANNEL_3_7
           cbragg  cbragg_err   credchi  ...  cdelta_n            cL     timestamp
0     1549.699697    0.000087  0.000014  ...  0.000012  7.627951e+06  1.735998e+09
1     1549.710997    0.000085  0.000019  ...  0.000012  7.604225e+06  1.735998e+09
2     1549.699708    0.000086  0.000014  ...  0.000012  7.629501e+06  1.735998e+09
3     1549.711010    0.000089  0.000021  ...  0.000012  7.593470e+06  1.735998e+09
4     1549.699777    0.000085  0.000014  ...  0.000012  7.624985e+06  1.735998e+09
...           ...         ...       ...  ...       ...           ...           ...
1587  1549.710085    0.000086  0.000020  ...  0.000012  7.599303e+06  1.736014e+09
1588  1549.698890    0.000088  0.000014  ...  0.000012  7.619597e+06  1.736014e+09
1589  1549.710309    0.000086  0.000020  ...  0.000012  7.609104e+06  1.736014e+09
1590  1549.698784    0.000102  0.000019  ...  0.000012  7.426346e+06  1.736014e+09
1591  1549.710192    0.000088  0.000021  ...  0.000012  7.602080e+06  1.736014e+09

[1592 rows x 13 columns]
CHANNEL_3_8
           cbragg  cbragg_err   credchi  ...  cdelta_n            cL     timestamp
0     1550.659452    0.000089  0.000016  ...  0.000012  7.626758e+06  1.735998e+09
1     1550.657867    0.000092  0.000013  ...  0.000012  7.656463e+06  1.735998e+09
2     1550.659547    0.000091  0.000017  ...  0.000012  7.624591e+06  1.735998e+09
3     1550.657939    0.000094  0.000014  ...  0.000012  7.652621e+06  1.735998e+09
4     1550.659373    0.000089  0.000016  ...  0.000012  7.639519e+06  1.735998e+09
...           ...         ...       ...  ...       ...           ...           ...
1587  1550.657975    0.000094  0.000014  ...  0.000012  7.657788e+06  1.736014e+09
1588  1550.659494    0.000092  0.000017  ...  0.000012  7.633624e+06  1.736014e+09
1589  1550.658024    0.000093  0.000014  ...  0.000012  7.655012e+06  1.736014e+09
1590  1550.659426    0.000089  0.000016  ...  0.000012  7.628193e+06  1.736014e+09
1591  1550.657993    0.000094  0.000014  ...  0.000012  7.655067e+06  1.736014e+09

[1592 rows x 13 columns]
CHANNEL_3_9
           cbragg  cbragg_err   credchi  ...  cdelta_n            cL     timestamp
0     1551.649493    0.000091  0.000010  ...  0.000012  7.720388e+06  1.735998e+09
1     1551.659755    0.000089  0.000018  ...  0.000012  7.666290e+06  1.735998e+09
2     1551.649639    0.000089  0.000010  ...  0.000012  7.775613e+06  1.735998e+09
3     1551.659807    0.000089  0.000018  ...  0.000012  7.704476e+06  1.735998e+09
4     1551.649561    0.000091  0.000011  ...  0.000012  7.778712e+06  1.735998e+09
...           ...         ...       ...  ...       ...           ...           ...
1587  1551.659841    0.000088  0.000017  ...  0.000012  7.708706e+06  1.736014e+09
1588  1551.649504    0.000089  0.000010  ...  0.000012  7.782626e+06  1.736014e+09
1589  1551.659779    0.000089  0.000018  ...  0.000012  7.704961e+06  1.736014e+09
1590  1551.649462    0.000091  0.000010  ...  0.000012  7.781804e+06  1.736014e+09
1591  1551.659864    0.000090  0.000018  ...  0.000012  7.703458e+06  1.736014e+09

[1592 rows x 13 columns]
CHANNEL_3_10
           cbragg  cbragg_err   credchi  ...  cdelta_n            cL     timestamp
0     1552.663479    0.000101  0.000020  ...  0.000012  7.727043e+06  1.735998e+09
1     1552.660765    0.000243  0.000058  ...  0.000012  7.166854e+06  1.735998e+09
2     1552.663600    0.000102  0.000020  ...  0.000012  7.706926e+06  1.735998e+09
3     1552.660863    0.000161  0.000026  ...  0.000012  7.391494e+06  1.735998e+09
4     1552.663435    0.000103  0.000021  ...  0.000012  7.717468e+06  1.735998e+09
...           ...         ...       ...  ...       ...           ...           ...
1587  1552.660833    0.000164  0.000028  ...  0.000012  7.887299e+06  1.736014e+09
1588  1552.663561    0.000108  0.000023  ...  0.000012  7.611899e+06  1.736014e+09
1589  1552.660844    0.000109  0.000013  ...  0.000012  7.764567e+06  1.736014e+09
1590  1552.663681    0.000134  0.000033  ...  0.000012  7.408695e+06  1.736014e+09
1591  1552.660878    0.000116  0.000015  ...  0.000012  7.762705e+06  1.736014e+09

[1592 rows x 13 columns]
CHANNEL_3_11
           cbragg  cbragg_err   credchi  ...  cdelta_n            cL     timestamp
0     1553.626618    0.000132  0.000026  ...  0.000012  7.929497e+06  1.735998e+09
1     1553.631192    0.000128  0.000037  ...  0.000012  7.876409e+06  1.735998e+09
2     1553.626587    0.000130  0.000026  ...  0.000012  7.928856e+06  1.735998e+09
3     1553.631127    0.000131  0.000039  ...  0.000012  7.857054e+06  1.735998e+09
4     1553.626686    0.000130  0.000026  ...  0.000012  7.877018e+06  1.735998e+09
...           ...         ...       ...  ...       ...           ...           ...
1587  1553.631098    0.000135  0.000041  ...  0.000012  7.855505e+06  1.736014e+09
1588  1553.626777    0.000130  0.000026  ...  0.000012  7.924401e+06  1.736014e+09
1589  1553.631246    0.000129  0.000038  ...  0.000012  7.845516e+06  1.736014e+09
1590  1553.626696    0.000132  0.000026  ...  0.000012  7.930341e+06  1.736014e+09
1591  1553.631202    0.000130  0.000038  ...  0.000012  7.867662e+06  1.736014e+09

[1592 rows x 13 columns]
CHANNEL_3_12
           cbragg  cbragg_err   credchi  ...  cdelta_n            cL     timestamp
0     1554.605527    0.000097  0.000019  ...  0.000012  7.775777e+06  1.735998e+09
1     1554.605466    0.000102  0.000014  ...  0.000012  7.818727e+06  1.735998e+09
2     1554.605594    0.000097  0.000019  ...  0.000012  7.773617e+06  1.735998e+09
3     1554.605548    0.000103  0.000014  ...  0.000012  7.830887e+06  1.735998e+09
4     1554.605637    0.000096  0.000019  ...  0.000012  7.776563e+06  1.735998e+09
...           ...         ...       ...  ...       ...           ...           ...
1587  1554.605556    0.000105  0.000015  ...  0.000012  7.815754e+06  1.736014e+09
1588  1554.605711    0.000097  0.000019  ...  0.000012  7.772227e+06  1.736014e+09
1589  1554.605682    0.000106  0.000015  ...  0.000012  7.818123e+06  1.736014e+09
1590  1554.605785    0.000096  0.000019  ...  0.000012  7.777717e+06  1.736014e+09
1591  1554.605797    0.000105  0.000015  ...  0.000012  7.819642e+06  1.736014e+09

[1592 rows x 13 columns]
CHANNEL_3_13
           cbragg  cbragg_err   credchi  ...  cdelta_n            cL     timestamp
0     1555.607964    0.000087  0.000009  ...  0.000012  7.653155e+06  1.735998e+09
1     1555.616630    0.000086  0.000016  ...  0.000012  7.583099e+06  1.735998e+09
2     1555.607980    0.000088  0.000009  ...  0.000012  7.650244e+06  1.735998e+09
3     1555.616509    0.000088  0.000016  ...  0.000012  7.579871e+06  1.735998e+09
4     1555.608061    0.000085  0.000009  ...  0.000012  7.649142e+06  1.735998e+09
...           ...         ...       ...  ...       ...           ...           ...
1587  1555.616576    0.000088  0.000017  ...  0.000012  7.573677e+06  1.736014e+09
1588  1555.608177    0.000088  0.000009  ...  0.000012  7.652906e+06  1.736014e+09
1589  1555.616693    0.000085  0.000015  ...  0.000012  7.586489e+06  1.736014e+09
1590  1555.608173    0.000088  0.000009  ...  0.000012  7.642217e+06  1.736014e+09
1591  1555.616876    0.000091  0.000018  ...  0.000012  7.565988e+06  1.736014e+09

[1592 rows x 13 columns]
CHANNEL_3_14
           cbragg  cbragg_err   credchi  ...  cdelta_n            cL     timestamp
0     1556.568341    0.000191  0.000079  ...  0.000012  7.692191e+06  1.735998e+09
1     1556.566019    0.000187  0.000048  ...  0.000012  7.695806e+06  1.735998e+09
2     1556.568427    0.000186  0.000075  ...  0.000012  7.692738e+06  1.735998e+09
3     1556.566007    0.000183  0.000046  ...  0.000012  7.753221e+06  1.735998e+09
4     1556.568470    0.000186  0.000074  ...  0.000012  7.692838e+06  1.735998e+09
...           ...         ...       ...  ...       ...           ...           ...
1587  1556.566209    0.000188  0.000048  ...  0.000012  7.750026e+06  1.736014e+09
1588  1556.568651    0.000188  0.000077  ...  0.000012  7.641134e+06  1.736014e+09
1589  1556.566237    0.000189  0.000049  ...  0.000012  7.756792e+06  1.736014e+09
1590  1556.568625    0.000187  0.000077  ...  0.000012  7.692422e+06  1.736014e+09
1591  1556.566312    0.000190  0.000050  ...  0.000012  7.740891e+06  1.736014e+09

[1592 rows x 13 columns]
