CHANNEL_0_1
        cbragg  cbragg_err   credchi  ...  cdelta_n            cL     timestamp
0  1544.633672    0.000136  0.000063  ...  0.000012  7.688540e+06  1.734442e+09
1  1544.633626    0.000116  0.000066  ...  0.000012  7.680139e+06  1.734442e+09

[2 rows x 13 columns]
CHANNEL_0_2
        cbragg  cbragg_err   credchi  ...  cdelta_n            cL     timestamp
0  1545.462330    0.000099  0.000018  ...  0.000012  7.635639e+06  1.734442e+09
1  1545.462115    0.000149  0.000039  ...  0.000012  7.305166e+06  1.734442e+09

[2 rows x 13 columns]
CHANNEL_0_3
        cbragg  cbragg_err   credchi  ...  cdelta_n            cL     timestamp
0  1546.224625    0.000109  0.000059  ...  0.000012  7.780423e+06  1.734442e+09
1  1546.224355    0.000135  0.000093  ...  0.000012  7.873129e+06  1.734442e+09

[2 rows x 13 columns]
CHANNEL_0_4
        cbragg  cbragg_err   credchi  ...  cdelta_n            cL     timestamp
0  1547.083453    0.000117  0.000042  ...  0.000012  7.840418e+06  1.734442e+09
1  1547.083432    0.000118  0.000043  ...  0.000012  7.824381e+06  1.734442e+09

[2 rows x 13 columns]
CHANNEL_0_5
        cbragg  cbragg_err   credchi  ...  cdelta_n            cL     timestamp
0  1548.062026    0.000078  0.000032  ...  0.000012  7.761737e+06  1.734442e+09
1  1548.062051    0.000077  0.000031  ...  0.000012  7.766757e+06  1.734442e+09

[2 rows x 13 columns]
CHANNEL_0_6
        cbragg  cbragg_err   credchi  ...  cdelta_n            cL     timestamp
0  1549.038520    0.000134  0.000094  ...  0.000012  7.692700e+06  1.734442e+09
1  1549.039037    0.000102  0.000054  ...  0.000012  7.638874e+06  1.734442e+09

[2 rows x 13 columns]
CHANNEL_0_7
        cbragg  cbragg_err   credchi  ...  cdelta_n            cL     timestamp
0  1550.041879    0.000127  0.000048  ...  0.000012  7.666470e+06  1.734442e+09
1  1550.041981    0.000127  0.000048  ...  0.000012  7.646995e+06  1.734442e+09

[2 rows x 13 columns]
CHANNEL_0_8
        cbragg  cbragg_err   credchi  ...  cdelta_n            cL     timestamp
0  1551.018828    0.000075  0.000020  ...  0.000012  7.583367e+06  1.734442e+09
1  1551.018910    0.000076  0.000021  ...  0.000012  7.581525e+06  1.734442e+09

[2 rows x 13 columns]
CHANNEL_0_9
        cbragg  cbragg_err   credchi  ...  cdelta_n            cL     timestamp
0  1552.001031    0.000109  0.000036  ...  0.000012  7.723092e+06  1.734442e+09
1  1552.000997    0.000095  0.000028  ...  0.000012  7.654514e+06  1.734442e+09

[2 rows x 13 columns]
CHANNEL_0_10
        cbragg  cbragg_err   credchi  ...  cdelta_n            cL     timestamp
0  1553.005857    0.000089  0.000015  ...  0.000012  7.642600e+06  1.734442e+09
1  1553.005926    0.000091  0.000016  ...  0.000012  7.678247e+06  1.734442e+09

[2 rows x 13 columns]
CHANNEL_0_11
        cbragg  cbragg_err   credchi  ...  cdelta_n            cL     timestamp
0  1554.015808    0.000069  0.000012  ...  0.000012  7.644583e+06  1.734442e+09
1  1554.015843    0.000066  0.000011  ...  0.000012  7.646733e+06  1.734442e+09

[2 rows x 13 columns]
CHANNEL_0_12
        cbragg  cbragg_err   credchi  ...  cdelta_n            cL     timestamp
0  1555.038019    0.000131  0.000052  ...  0.000012  7.526527e+06  1.734442e+09
1  1555.038111    0.000132  0.000053  ...  0.000012  7.539220e+06  1.734442e+09

[2 rows x 13 columns]
CHANNEL_0_13
        cbragg  cbragg_err   credchi  ...  cdelta_n            cL     timestamp
0  1556.017022    0.000136  0.000048  ...  0.000012  7.668742e+06  1.734442e+09
1  1556.017142    0.000136  0.000048  ...  0.000012  7.663830e+06  1.734442e+09

[2 rows x 13 columns]
CHANNEL_0_14
        cbragg  cbragg_err   credchi  ...  cdelta_n            cL     timestamp
0  1556.982732    0.000099  0.000026  ...  0.000012  7.708688e+06  1.734442e+09
1  1556.982810    0.000098  0.000026  ...  0.000012  7.696589e+06  1.734442e+09

[2 rows x 13 columns]
CHANNEL_1_1
        cbragg  cbragg_err   credchi  ...  cdelta_n            cL     timestamp
0  1556.246974    0.000590  0.000229  ...  0.000012  2.396075e+06  1.734442e+09
1  1556.247147    0.000727  0.000751  ...  0.000012  3.125551e+06  1.734442e+09

[2 rows x 13 columns]
CHANNEL_1_2
        cbragg  cbragg_err   credchi  ...  cdelta_n            cL     timestamp
0  1558.171801    0.000617  0.000797  ...  0.000012  3.204547e+06  1.734442e+09
1  1558.171232    0.000809  0.000629  ...  0.000012  2.436115e+06  1.734442e+09

[2 rows x 13 columns]
CHANNEL_1_3
        cbragg  cbragg_err   credchi  ...  cdelta_n            cL     timestamp
0  1560.983775    0.000222  0.000069  ...  0.000012  2.807373e+06  1.734442e+09
1  1560.983871    0.000406  0.000312  ...  0.000012  3.178360e+06  1.734442e+09

[2 rows x 13 columns]
CHANNEL_2_1
        cbragg  cbragg_err   credchi  ...  cdelta_n            cL     timestamp
0  1543.670482    0.013921  0.004565  ...  0.000012  1.103550e+06  1.734442e+09
1  1543.665283    0.013325  0.004572  ...  0.000012  1.102849e+06  1.734442e+09

[2 rows x 13 columns]
CHANNEL_2_2
        cbragg  cbragg_err   credchi  ...  cdelta_n            cL     timestamp
0  1545.888448     0.00105  0.001784  ...  0.000012  3.419423e+06  1.734442e+09
1  1545.889183     0.00075  0.000746  ...  0.000012  3.155867e+06  1.734442e+09

[2 rows x 13 columns]
CHANNEL_2_3
        cbragg  cbragg_err   credchi  ...  cdelta_n            cL     timestamp
0  1548.486402    0.000096  0.000010  ...  0.000012  2.889695e+06  1.734442e+09
1  1548.486600    0.000091  0.000009  ...  0.000012  2.904958e+06  1.734442e+09

[2 rows x 13 columns]
CHANNEL_3_1
        cbragg  cbragg_err   credchi  ...  cdelta_n            cL     timestamp
0  1544.164405    0.000112  0.000019  ...  0.000012  7.869928e+06  1.734442e+09
1  1544.164593    0.000196  0.000017  ...  0.000012  7.878483e+06  1.734442e+09

[2 rows x 13 columns]
CHANNEL_3_2
        cbragg  cbragg_err   credchi  ...  cdelta_n            cL     timestamp
0  1545.075751    0.000216  0.000045  ...  0.000012  7.798372e+06  1.734442e+09
1  1545.075744    0.000113  0.000042  ...  0.000012  7.804438e+06  1.734442e+09

[2 rows x 13 columns]
CHANNEL_3_3
        cbragg  cbragg_err   credchi  ...  cdelta_n            cL     timestamp
0  1545.841386    0.000109  0.000025  ...  0.000012  7.625702e+06  1.734442e+09
1  1545.841427    0.000107  0.000024  ...  0.000012  7.619099e+06  1.734442e+09

[2 rows x 13 columns]
CHANNEL_3_4
        cbragg  cbragg_err   credchi  ...  cdelta_n            cL     timestamp
0  1546.678599    0.000097  0.000029  ...  0.000012  7.716393e+06  1.734442e+09
1  1546.678547    0.000096  0.000028  ...  0.000012  7.721357e+06  1.734442e+09

[2 rows x 13 columns]
CHANNEL_3_5
        cbragg  cbragg_err   credchi  ...  cdelta_n            cL     timestamp
0  1547.699010    0.000076  0.000014  ...  0.000012  7.591697e+06  1.734442e+09
1  1547.698988    0.000079  0.000015  ...  0.000012  7.585363e+06  1.734442e+09

[2 rows x 13 columns]
CHANNEL_3_6
        cbragg  cbragg_err   credchi  ...  cdelta_n            cL     timestamp
0  1548.681028    0.000080  0.000014  ...  0.000012  7.787502e+06  1.734442e+09
1  1548.681091    0.000082  0.000015  ...  0.000012  7.778864e+06  1.734442e+09

[2 rows x 13 columns]
CHANNEL_3_7
        cbragg  cbragg_err   credchi  ...  cdelta_n            cL     timestamp
0  1549.706673    0.000088  0.000024  ...  0.000012  7.566298e+06  1.734442e+09
1  1549.706674    0.000087  0.000023  ...  0.000012  7.565455e+06  1.734442e+09

[2 rows x 13 columns]
CHANNEL_3_8
        cbragg  cbragg_err   credchi  ...  cdelta_n            cL     timestamp
0  1550.649699    0.000089  0.000012  ...  0.000012  7.721403e+06  1.734442e+09
1  1550.649694    0.000089  0.000012  ...  0.000012  7.705643e+06  1.734442e+09

[2 rows x 13 columns]
CHANNEL_3_9
        cbragg  cbragg_err   credchi  ...  cdelta_n            cL     timestamp
0  1551.652870      0.0001  0.000024  ...  0.000012  7.500798e+06  1.734442e+09
1  1551.652884      0.0001  0.000024  ...  0.000012  7.501667e+06  1.734442e+09

[2 rows x 13 columns]
CHANNEL_3_10
        cbragg  cbragg_err   credchi  ...  cdelta_n            cL     timestamp
0  1552.654176    0.000108  0.000015  ...  0.000012  7.769458e+06  1.734442e+09
1  1552.653906    0.000108  0.000015  ...  0.000012  7.790809e+06  1.734442e+09

[2 rows x 13 columns]
CHANNEL_3_11
        cbragg  cbragg_err   credchi  ...  cdelta_n            cL     timestamp
0  1553.624243    0.000128  0.000040  ...  0.000012  7.871095e+06  1.734442e+09
1  1553.624242    0.000128  0.000041  ...  0.000012  7.860217e+06  1.734442e+09

[2 rows x 13 columns]
CHANNEL_3_12
        cbragg  cbragg_err   credchi  ...  cdelta_n            cL     timestamp
0  1554.599121    0.000101  0.000015  ...  0.000012  7.809153e+06  1.734442e+09
1  1554.599086    0.000102  0.000016  ...  0.000012  7.822717e+06  1.734442e+09

[2 rows x 13 columns]
CHANNEL_3_13
        cbragg  cbragg_err   credchi  ...  cdelta_n            cL     timestamp
0  1555.611868    0.000083  0.000016  ...  0.000012  7.575777e+06  1.734442e+09
1  1555.611838    0.000085  0.000017  ...  0.000012  7.580694e+06  1.734442e+09

[2 rows x 13 columns]
CHANNEL_3_14
        cbragg  cbragg_err   credchi  ...  cdelta_n            cL     timestamp
0  1556.560802    0.000187  0.000053  ...  0.000012  7.760863e+06  1.734442e+09
1  1556.560799    0.000186  0.000052  ...  0.000012  7.703319e+06  1.734442e+09

[2 rows x 13 columns]
