000 (11451992.148.000) 01/28 14:31:49 Job submitted from host: <188.185.114.121:9618?addrs=188.185.114.121-9618+[2001-1458-d00-a--100-273]-9618&alias=bigbird19.cern.ch&noUDP&sock=schedd_2045_4743>
...
040 (11451992.148.000) 01/28 14:36:43 Started transferring input files
	Transferring to host: <188.185.193.122:9618?addrs=188.185.193.122-9618+[2001-1458-303-20--100-76]-9618&alias=b9p19p5077.cern.ch&noUDP&sock=slot1_19_1460216_04ec_73389>
...
040 (11451992.148.000) 01/28 14:36:43 Finished transferring input files
...
001 (11451992.148.000) 01/28 14:36:44 Job executing on host: <188.185.193.122:9618?addrs=188.185.193.122-9618+[2001-1458-303-20--100-76]-9618&alias=b9p19p5077.cern.ch&noUDP&sock=startd_6674_6329>
	SlotName: slot1_19@b9p19p5077.cern.ch
	CondorScratchDir = "/pool/condor/dir_2471929"
	Cpus = 1
	Disk = 3801
	GPUs = 0
	Memory = 3000
...
006 (11451992.148.000) 01/28 14:36:53 Image size of job updated: 7556
	8  -  MemoryUsage of job (MB)
	7556  -  ResidentSetSize of job (KB)
...
006 (11451992.148.000) 01/28 14:40:48 Image size of job updated: 74868
	74  -  MemoryUsage of job (MB)
	74868  -  ResidentSetSize of job (KB)
...
040 (11451992.148.000) 01/28 14:40:48 Started transferring output files
...
040 (11451992.148.000) 01/28 14:40:48 Finished transferring output files
...
005 (11451992.148.000) 01/28 14:40:48 Job terminated.
	(1) Normal termination (return value 0)
		Usr 0 00:00:13, Sys 0 00:00:01  -  Run Remote Usage
		Usr 0 00:00:00, Sys 0 00:00:00  -  Run Local Usage
		Usr 0 00:00:13, Sys 0 00:00:01  -  Total Remote Usage
		Usr 0 00:00:00, Sys 0 00:00:00  -  Total Local Usage
	14886  -  Run Bytes Sent By Job
	5797  -  Run Bytes Received By Job
	14886  -  Total Bytes Sent By Job
	5797  -  Total Bytes Received By Job
	Partitionable Resources :    Usage  Request Allocated 
	   Cpus                 :        0        1         1 
	   Disk (KB)            :       43       10      3801 
	   GPUs                 :                           0 
	   Memory (MB)          :       74     3000      3000 

	Job terminated of its own accord at 2025-01-28T13:40:48Z with exit-code 0.
...
