CHANNEL_0_1
        cbragg  cbragg_err   credchi  ...  cdelta_n            cL     timestamp
0  1544.214495    0.000371  0.000040  ...  0.000012  7.696051e+06  1.737358e+09
1  1544.211626    0.000127  0.000051  ...  0.000012  7.662372e+06  1.737358e+09

[2 rows x 13 columns]
CHANNEL_0_2
        cbragg  cbragg_err   credchi  ...  cdelta_n            cL     timestamp
0  1545.169895    0.000079  0.000018  ...  0.000012  7.706077e+06  1.737358e+09
1  1545.163110    0.000086  0.000012  ...  0.000012  7.714272e+06  1.737358e+09

[2 rows x 13 columns]
CHANNEL_0_3
        cbragg  cbragg_err   credchi  ...  cdelta_n            cL     timestamp
0  1546.154529    0.000111  0.000046  ...  0.000012  7.666186e+06  1.737358e+09
1  1546.147834    0.000121  0.000052  ...  0.000012  7.704217e+06  1.737358e+09

[2 rows x 13 columns]
CHANNEL_0_4
        cbragg  cbragg_err   credchi  ...  cdelta_n            cL     timestamp
0  1547.147866    0.000116  0.000063  ...  0.000012  7.834566e+06  1.737358e+09
1  1547.140863    0.000116  0.000037  ...  0.000012  7.886621e+06  1.737358e+09

[2 rows x 13 columns]
CHANNEL_0_5
        cbragg  cbragg_err   credchi  ...  cdelta_n            cL     timestamp
0  1548.120967    0.000091  0.000031  ...  0.000012  7.675987e+06  1.737358e+09
1  1548.119534    0.000093  0.000044  ...  0.000012  7.627858e+06  1.737358e+09

[2 rows x 13 columns]
CHANNEL_0_6
        cbragg  cbragg_err   credchi  ...  cdelta_n            cL     timestamp
0  1549.106813    0.000099  0.000062  ...  0.000012  7.639026e+06  1.737358e+09
1  1549.094845    0.000075  0.000022  ...  0.000012  7.566439e+06  1.737358e+09

[2 rows x 13 columns]
CHANNEL_0_7
        cbragg  cbragg_err   credchi  ...  cdelta_n            cL     timestamp
0  1550.103525    0.000117  0.000047  ...  0.000012  7.640845e+06  1.737358e+09
1  1550.101881    0.000119  0.000038  ...  0.000012  7.643571e+06  1.737358e+09

[2 rows x 13 columns]
CHANNEL_0_8
        cbragg  cbragg_err   credchi  ...  cdelta_n            cL     timestamp
0  1551.079915    0.000074  0.000017  ...  0.000012  7.617035e+06  1.737358e+09
1  1551.075754    0.000072  0.000017  ...  0.000012  7.605520e+06  1.737358e+09

[2 rows x 13 columns]
CHANNEL_0_9
        cbragg  cbragg_err   credchi  ...  cdelta_n            cL     timestamp
0  1552.064664    0.000084  0.000023  ...  0.000012  7.695781e+06  1.737358e+09
1  1552.056954    0.000088  0.000017  ...  0.000012  7.708175e+06  1.737358e+09

[2 rows x 13 columns]
CHANNEL_0_10
        cbragg  cbragg_err   credchi  ...  cdelta_n            cL     timestamp
0  1553.067099    0.000089  0.000019  ...  0.000012  7.700205e+06  1.737358e+09
1  1553.064782    0.000098  0.000019  ...  0.000012  7.686792e+06  1.737358e+09

[2 rows x 13 columns]
CHANNEL_0_11
        cbragg  cbragg_err   credchi  ...  cdelta_n            cL     timestamp
0  1554.080314    0.000069  0.000012  ...  0.000012  7.648854e+06  1.737358e+09
1  1554.070568    0.000071  0.000009  ...  0.000012  7.611198e+06  1.737358e+09

[2 rows x 13 columns]
CHANNEL_0_12
        cbragg  cbragg_err   credchi  ...  cdelta_n            cL     timestamp
0  1555.102922    0.000118  0.000064  ...  0.000012  7.701516e+06  1.737358e+09
1  1555.095053    0.000117  0.000037  ...  0.000012  7.589562e+06  1.737358e+09

[2 rows x 13 columns]
CHANNEL_0_13
        cbragg  cbragg_err   credchi  ...  cdelta_n            cL     timestamp
0  1556.074889    0.000148  0.000036  ...  0.000012  7.688229e+06  1.737358e+09
1  1556.073129    0.000137  0.000043  ...  0.000012  7.607366e+06  1.737358e+09

[2 rows x 13 columns]
CHANNEL_0_14
        cbragg  cbragg_err   credchi  ...  cdelta_n            cL     timestamp
0  1557.049920    0.000092  0.000035  ...  0.000012  7.701083e+06  1.737358e+09
1  1557.039257    0.000088  0.000019  ...  0.000012  7.758570e+06  1.737358e+09

[2 rows x 13 columns]
CHANNEL_1_1
        cbragg  cbragg_err   credchi  ...  cdelta_n            cL     timestamp
0  1555.118947    0.000105  0.000009  ...  0.000012  2.615050e+06  1.737358e+09
1  1555.121517    0.000197  0.000027  ...  0.000012  2.536854e+06  1.737358e+09

[2 rows x 13 columns]
CHANNEL_1_2
        cbragg  cbragg_err   credchi  ...  cdelta_n            cL     timestamp
0  1558.268920    0.000611  0.000391  ...  0.000012  2.518987e+06  1.737358e+09
1  1558.269537    0.000280  0.000133  ...  0.000012  2.969379e+06  1.737358e+09

[2 rows x 13 columns]
CHANNEL_1_3
        cbragg  cbragg_err   credchi  ...  cdelta_n            cL     timestamp
0  1561.083797    0.000053  0.000004  ...  0.000012  2.907081e+06  1.737358e+09
1  1561.084088    0.000035  0.000002  ...  0.000012  2.926081e+06  1.737358e+09

[2 rows x 13 columns]
CHANNEL_2_1
        cbragg  cbragg_err   credchi  ...  cdelta_n            cL     timestamp
0  1542.566762    0.000053  0.000002  ...  0.000012  2.756579e+06  1.737358e+09
1  1542.567351    0.000073  0.000003  ...  0.000012  2.750767e+06  1.737358e+09

[2 rows x 13 columns]
CHANNEL_2_2
        cbragg  cbragg_err   credchi  ...  cdelta_n            cL     timestamp
0  1546.002252    0.000756  0.000698  ...  0.000012  3.164989e+06  1.737358e+09
1  1546.000652    0.001290  0.002443  ...  0.000012  3.471605e+06  1.737358e+09

[2 rows x 13 columns]
CHANNEL_2_3
        cbragg  cbragg_err   credchi  ...  cdelta_n            cL     timestamp
0  1548.595622    0.000352  0.000103  ...  0.000012  2.704299e+06  1.737358e+09
1  1548.599276    0.000539  0.000413  ...  0.000012  3.266289e+06  1.737358e+09

[2 rows x 13 columns]
CHANNEL_3_1
        cbragg  cbragg_err   credchi  ...  cdelta_n            cL     timestamp
0  1543.623189    0.000105  0.000021  ...  0.000012  7.859210e+06  1.737358e+09
1  1543.610586    0.000101  0.000014  ...  0.000012  7.891267e+06  1.737358e+09

[2 rows x 13 columns]
CHANNEL_3_2
        cbragg  cbragg_err   credchi  ...  cdelta_n            cL     timestamp
0  1544.645545    0.000539  0.000025  ...  0.000012  7.853540e+06  1.737358e+09
1  1544.645225    0.000114  0.000035  ...  0.000012  7.795446e+06  1.737358e+09

[2 rows x 13 columns]
CHANNEL_3_3
        cbragg  cbragg_err   credchi  ...  cdelta_n            cL     timestamp
0  1545.647703    0.000106  0.000034  ...  0.000012  7.602577e+06  1.737358e+09
1  1545.638428    0.000111  0.000021  ...  0.000012  7.655996e+06  1.737358e+09

[2 rows x 13 columns]
CHANNEL_3_4
        cbragg  cbragg_err   credchi  ...  cdelta_n            cL     timestamp
0  1546.618496    0.000099  0.000019  ...  0.000012  7.754713e+06  1.737358e+09
1  1546.615595    0.000097  0.000025  ...  0.000012  7.725045e+06  1.737358e+09

[2 rows x 13 columns]
CHANNEL_3_5
        cbragg  cbragg_err   credchi  ...  cdelta_n            cL     timestamp
0  1547.636316    0.000080  0.000016  ...  0.000012  7.581995e+06  1.737358e+09
1  1547.635373    0.000078  0.000013  ...  0.000012  7.609210e+06  1.737358e+09

[2 rows x 13 columns]
CHANNEL_3_6
        cbragg  cbragg_err   credchi  ...  cdelta_n            cL     timestamp
0  1548.626068    0.000082  0.000019  ...  0.000012  7.779681e+06  1.737358e+09
1  1548.618262    0.000082  0.000014  ...  0.000012  7.792117e+06  1.737358e+09

[2 rows x 13 columns]
CHANNEL_3_7
        cbragg  cbragg_err   credchi  ...  cdelta_n            cL     timestamp
0  1549.640242    0.000087  0.000014  ...  0.000012  7.569961e+06  1.737358e+09
1  1549.644038    0.000084  0.000018  ...  0.000012  7.556789e+06  1.737358e+09

[2 rows x 13 columns]
CHANNEL_3_8
        cbragg  cbragg_err   credchi  ...  cdelta_n            cL     timestamp
0  1550.600998    0.000087  0.000018  ...  0.000012  7.660137e+06  1.737358e+09
1  1550.590260    0.000091  0.000011  ...  0.000012  7.715152e+06  1.737358e+09

[2 rows x 13 columns]
CHANNEL_3_9
        cbragg  cbragg_err   credchi  ...  cdelta_n            cL     timestamp
0  1551.592199    0.000095  0.000012  ...  0.000012  7.712540e+06  1.737358e+09
1  1551.593471    0.000091  0.000017  ...  0.000012  7.674676e+06  1.737358e+09

[2 rows x 13 columns]
CHANNEL_3_10
       cbragg  cbragg_err   credchi  ...  cdelta_n            cL     timestamp
0  1552.60424    0.000101  0.000019  ...  0.000012  7.774779e+06  1.737358e+09
1  1552.59447    0.000111  0.000015  ...  0.000012  7.904608e+06  1.737358e+09

[2 rows x 13 columns]
CHANNEL_3_11
        cbragg  cbragg_err   credchi  ...  cdelta_n            cL     timestamp
0  1553.568264    0.000132  0.000027  ...  0.000012  7.920864e+06  1.737358e+09
1  1553.564811    0.000127  0.000034  ...  0.000012  7.896200e+06  1.737358e+09

[2 rows x 13 columns]
CHANNEL_3_12
        cbragg  cbragg_err   credchi  ...  cdelta_n            cL     timestamp
0  1554.545975    0.000095  0.000019  ...  0.000012  7.804525e+06  1.737358e+09
1  1554.538315    0.000100  0.000013  ...  0.000012  7.902245e+06  1.737358e+09

[2 rows x 13 columns]
CHANNEL_3_13
        cbragg  cbragg_err   credchi  ...  cdelta_n            cL     timestamp
0  1555.548383    0.000092  0.000010  ...  0.000012  7.640351e+06  1.737358e+09
1  1555.550724    0.000086  0.000015  ...  0.000012  7.561129e+06  1.737358e+09

[2 rows x 13 columns]
CHANNEL_3_14
        cbragg  cbragg_err   credchi  ...  cdelta_n            cL     timestamp
0  1556.507420    0.000189  0.000080  ...  0.000012  7.731292e+06  1.737358e+09
1  1556.499152    0.000182  0.000043  ...  0.000012  7.819662e+06  1.737358e+09

[2 rows x 13 columns]
