CHANNEL_0_1
        cbragg  cbragg_err   credchi  ...  cdelta_n            cL     timestamp
0  1544.836139    0.000089  0.000164  ...  0.000012  7.774619e+06  1.733976e+09
1  1544.844593    0.000093  0.000301  ...  0.000012  7.702417e+06  1.733976e+09

[2 rows x 13 columns]
CHANNEL_0_2
        cbragg  cbragg_err   credchi  ...  cdelta_n            cL     timestamp
0  1545.702788    0.000082  0.000105  ...  0.000012  7.608922e+06  1.733976e+09
1  1545.702541    0.000088  0.000079  ...  0.000012  7.650462e+06  1.733976e+09

[2 rows x 13 columns]
CHANNEL_0_3
        cbragg  cbragg_err   credchi  ...  cdelta_n            cL     timestamp
0  1546.534229    0.000110  0.000202  ...  0.000012  7.605137e+06  1.733976e+09
1  1546.540461    0.000105  0.000307  ...  0.000012  7.704189e+06  1.733976e+09

[2 rows x 13 columns]
CHANNEL_0_4
        cbragg  cbragg_err   credchi  ...  cdelta_n            cL     timestamp
0  1547.168673    0.000117  0.000337  ...  0.000012  7.835255e+06  1.733976e+09
1  1547.166646    0.000119  0.000238  ...  0.000012  7.849075e+06  1.733976e+09

[2 rows x 13 columns]
CHANNEL_0_5
        cbragg  cbragg_err   credchi  ...  cdelta_n            cL     timestamp
0  1548.140944    0.000084  0.000151  ...  0.000012  7.641890e+06  1.733976e+09
1  1548.147480    0.000125  0.000454  ...  0.000012  7.933216e+06  1.733976e+09

[2 rows x 13 columns]
CHANNEL_0_6
        cbragg  cbragg_err   credchi  ...  cdelta_n            cL     timestamp
0  1549.126306    0.000188  0.001048  ...  0.000012  7.956047e+06  1.733976e+09
1  1549.126475    0.000132  0.000526  ...  0.000012  7.767722e+06  1.733976e+09

[2 rows x 13 columns]
CHANNEL_0_7
        cbragg  cbragg_err   credchi  ...  cdelta_n            cL     timestamp
0  1550.126328    0.000111  0.000235  ...  0.000012  7.615540e+06  1.733976e+09
1  1550.128817    0.000217  0.000837  ...  0.000012  8.280502e+06  1.733976e+09

[2 rows x 13 columns]
CHANNEL_0_8
        cbragg  cbragg_err  credchi  ...  cdelta_n            cL     timestamp
0  1551.100421    0.000534  0.00606  ...  0.000012  9.626475e+06  1.733976e+09
1  1551.104434    0.000066  0.00009  ...  0.000012  7.656332e+06  1.733976e+09

[2 rows x 13 columns]
CHANNEL_0_9
        cbragg  cbragg_err   credchi  ...  cdelta_n            cL     timestamp
0  1552.085167    0.000082  0.000094  ...  0.000012  7.676350e+06  1.733976e+09
1  1552.087149    0.000080  0.000109  ...  0.000012  7.701194e+06  1.733976e+09

[2 rows x 13 columns]
CHANNEL_0_10
        cbragg  cbragg_err   credchi  ...  cdelta_n            cL     timestamp
0  1553.091232    0.000083  0.000105  ...  0.000012  7.694279e+06  1.733976e+09
1  1553.090272    0.000129  0.000175  ...  0.000012  8.013479e+06  1.733976e+09

[2 rows x 13 columns]
CHANNEL_0_11
        cbragg  cbragg_err   credchi  ...  cdelta_n            cL     timestamp
0  1554.101613    0.000277  0.000889  ...  0.000012  8.410415e+06  1.733976e+09
1  1554.100133    0.000068  0.000059  ...  0.000012  7.626613e+06  1.733976e+09

[2 rows x 13 columns]
CHANNEL_0_12
        cbragg  cbragg_err   credchi  ...  cdelta_n            cL     timestamp
0  1555.126481    0.000106  0.000281  ...  0.000012  7.553909e+06  1.733976e+09
1  1555.121131    0.000105  0.000168  ...  0.000012  7.600419e+06  1.733976e+09

[2 rows x 13 columns]
CHANNEL_0_13
        cbragg  cbragg_err   credchi  ...  cdelta_n            cL     timestamp
0  1556.097289    0.000151  0.000217  ...  0.000012  7.920853e+06  1.733976e+09
1  1556.101461    0.000130  0.000239  ...  0.000012  7.714179e+06  1.733976e+09

[2 rows x 13 columns]
CHANNEL_0_14
        cbragg  cbragg_err   credchi  ...  cdelta_n            cL     timestamp
0  1557.073161    0.000113  0.000288  ...  0.000012  7.891804e+06  1.733976e+09
1  1557.067148    0.000195  0.000634  ...  0.000012  8.219848e+06  1.733976e+09

[2 rows x 13 columns]
CHANNEL_1_1
        cbragg  cbragg_err   credchi  ...  cdelta_n            cL     timestamp
0  1556.691781    0.000907  0.002489  ...  0.000012  2.278972e+06  1.733976e+09
1  1556.688028    0.000913  0.003290  ...  0.000012  2.366474e+06  1.733976e+09

[2 rows x 13 columns]
CHANNEL_1_2
        cbragg  cbragg_err   credchi  ...  cdelta_n            cL     timestamp
0  1558.325830    0.000339  0.001121  ...  0.000012  2.988179e+06  1.733976e+09
1  1558.321891    0.001605  0.048092  ...  0.000012  4.045172e+06  1.733976e+09

[2 rows x 13 columns]
CHANNEL_1_3
        cbragg  cbragg_err   credchi  ...  cdelta_n            cL     timestamp
0  1561.133293    0.000038  0.000013  ...  0.000012  2.924881e+06  1.733976e+09
1  1561.135267    0.000067  0.000040  ...  0.000012  2.896874e+06  1.733976e+09

[2 rows x 13 columns]
CHANNEL_2_1
        cbragg  cbragg_err   credchi  ...  cdelta_n            cL     timestamp
0  1544.101683    0.000076  0.000006  ...  0.000012  2.766117e+06  1.733976e+09
1  1544.099565    0.000091  0.000006  ...  0.000012  2.769027e+06  1.733976e+09

[2 rows x 13 columns]
CHANNEL_2_2
       cbragg  cbragg_err   credchi  ...  cdelta_n            cL     timestamp
0  1546.04390    0.000717  0.000256  ...  0.000012  2.349362e+06  1.733976e+09
1  1546.04123    0.001131  0.001965  ...  0.000012  3.411486e+06  1.733976e+09

[2 rows x 13 columns]
CHANNEL_2_3
        cbragg  cbragg_err   credchi  ...  cdelta_n            cL     timestamp
0  1548.632565    0.000265  0.000081  ...  0.000012  3.064732e+06  1.733976e+09
1  1548.634150    0.000091  0.000009  ...  0.000012  2.896552e+06  1.733976e+09

[2 rows x 13 columns]
CHANNEL_3_1
        cbragg  cbragg_err   credchi  ...  cdelta_n            cL     timestamp
0  1544.488636    0.000113  0.000029  ...  0.000012  7.770338e+06  1.733976e+09
1  1544.493466    0.000304  0.000021  ...  0.000012  7.807743e+06  1.733976e+09

[2 rows x 13 columns]
CHANNEL_3_2
        cbragg  cbragg_err   credchi  ...  cdelta_n            cL     timestamp
0  1545.416121    0.000108  0.000028  ...  0.000012  7.907474e+06  1.733976e+09
1  1545.428381    0.000110  0.000041  ...  0.000012  7.832555e+06  1.733976e+09

[2 rows x 13 columns]
CHANNEL_3_3
        cbragg  cbragg_err   credchi  ...  cdelta_n            cL     timestamp
0  1546.264458    0.000108  0.000035  ...  0.000012  7.592800e+06  1.733976e+09
1  1546.272942    0.000107  0.000032  ...  0.000012  7.632071e+06  1.733976e+09

[2 rows x 13 columns]
CHANNEL_3_4
        cbragg  cbragg_err   credchi  ...  cdelta_n            cL     timestamp
0  1546.864820    0.000098  0.000021  ...  0.000012  7.811412e+06  1.733976e+09
1  1546.876547    0.000096  0.000028  ...  0.000012  7.762643e+06  1.733976e+09

[2 rows x 13 columns]
CHANNEL_3_5
        cbragg  cbragg_err   credchi  ...  cdelta_n            cL     timestamp
0  1547.885762    0.000075  0.000016  ...  0.000012  7.665235e+06  1.733976e+09
1  1547.895798    0.000078  0.000015  ...  0.000012  7.663732e+06  1.733976e+09

[2 rows x 13 columns]
CHANNEL_3_6
        cbragg  cbragg_err   credchi  ...  cdelta_n            cL     timestamp
0  1548.872680    0.000079  0.000015  ...  0.000012  7.848398e+06  1.733976e+09
1  1548.882676    0.000081  0.000020  ...  0.000012  7.809141e+06  1.733976e+09

[2 rows x 13 columns]
CHANNEL_3_7
        cbragg  cbragg_err   credchi  ...  cdelta_n            cL     timestamp
0  1549.891655    0.000081  0.000016  ...  0.000012  7.645221e+06  1.733976e+09
1  1549.903654    0.000080  0.000018  ...  0.000012  7.631496e+06  1.733976e+09

[2 rows x 13 columns]
CHANNEL_3_8
        cbragg  cbragg_err   credchi  ...  cdelta_n            cL     timestamp
0  1550.850290    0.000096  0.000018  ...  0.000012  7.617832e+06  1.733976e+09
1  1550.855908    0.000092  0.000018  ...  0.000012  7.628743e+06  1.733976e+09

[2 rows x 13 columns]
CHANNEL_3_9
        cbragg  cbragg_err   credchi  ...  cdelta_n            cL     timestamp
0  1551.843207    0.000088  0.000012  ...  0.000012  7.805594e+06  1.733976e+09
1  1551.856545    0.000082  0.000016  ...  0.000012  7.768409e+06  1.733976e+09

[2 rows x 13 columns]
CHANNEL_3_10
        cbragg  cbragg_err   credchi  ...  cdelta_n            cL     timestamp
0  1552.856043    0.000107  0.000025  ...  0.000012  7.721836e+06  1.733976e+09
1  1552.859734    0.000107  0.000016  ...  0.000012  7.783950e+06  1.733976e+09

[2 rows x 13 columns]
CHANNEL_3_11
        cbragg  cbragg_err   credchi  ...  cdelta_n            cL     timestamp
0  1553.819162    0.000125  0.000028  ...  0.000012  7.983368e+06  1.733976e+09
1  1553.829660    0.000122  0.000040  ...  0.000012  7.949459e+06  1.733976e+09

[2 rows x 13 columns]
CHANNEL_3_12
        cbragg  cbragg_err   credchi  ...  cdelta_n            cL     timestamp
0  1554.798327    0.000097  0.000021  ...  0.000012  7.810158e+06  1.733976e+09
1  1554.804832    0.000096  0.000017  ...  0.000012  7.868679e+06  1.733976e+09

[2 rows x 13 columns]
CHANNEL_3_13
        cbragg  cbragg_err   credchi  ...  cdelta_n            cL     timestamp
0  1555.803313    0.000081  0.000010  ...  0.000012  7.749269e+06  1.733976e+09
1  1555.816136    0.000083  0.000016  ...  0.000012  7.666485e+06  1.733976e+09

[2 rows x 13 columns]
CHANNEL_3_14
        cbragg  cbragg_err   credchi  ...  cdelta_n            cL     timestamp
0  1556.761035    0.000194  0.000084  ...  0.000012  7.746020e+06  1.733976e+09
1  1556.766290    0.000198  0.000072  ...  0.000012  7.771941e+06  1.733976e+09

[2 rows x 13 columns]
