000 (11451992.556.000) 01/28 14:31:49 Job submitted from host: <188.185.114.121:9618?addrs=188.185.114.121-9618+[2001-1458-d00-a--100-273]-9618&alias=bigbird19.cern.ch&noUDP&sock=schedd_2045_4743>
...
040 (11451992.556.000) 01/28 16:53:14 Started transferring input files
	Transferring to host: <188.185.194.181:9618?addrs=188.185.194.181-9618+[2001-1458-303-21--100-b1]-9618&alias=b9p20p0271.cern.ch&noUDP&sock=slot1_3_3066374_a14e_935>
...
040 (11451992.556.000) 01/28 16:53:14 Finished transferring input files
...
001 (11451992.556.000) 01/28 16:53:15 Job executing on host: <188.185.194.181:9618?addrs=188.185.194.181-9618+[2001-1458-303-21--100-b1]-9618&alias=b9p20p0271.cern.ch&noUDP&sock=startd_5554_2917>
	SlotName: slot1_3@b9p20p0271.cern.ch
	CondorScratchDir = "/pool/condor/dir_1034657"
	Cpus = 1
	Disk = 3861
	GPUs = 0
	Memory = 3000
...
006 (11451992.556.000) 01/28 16:53:23 Image size of job updated: 87848
	86  -  MemoryUsage of job (MB)
	87848  -  ResidentSetSize of job (KB)
...
006 (11451992.556.000) 01/28 16:58:23 Image size of job updated: 97076
	95  -  MemoryUsage of job (MB)
	97076  -  ResidentSetSize of job (KB)
...
006 (11451992.556.000) 01/28 17:03:24 Image size of job updated: 100900
	99  -  MemoryUsage of job (MB)
	100900  -  ResidentSetSize of job (KB)
...
006 (11451992.556.000) 01/28 17:08:25 Image size of job updated: 104976
	103  -  MemoryUsage of job (MB)
	104976  -  ResidentSetSize of job (KB)
...
006 (11451992.556.000) 01/28 17:13:25 Image size of job updated: 109212
	107  -  MemoryUsage of job (MB)
	109212  -  ResidentSetSize of job (KB)
...
006 (11451992.556.000) 01/28 17:18:26 Image size of job updated: 113616
	111  -  MemoryUsage of job (MB)
	113616  -  ResidentSetSize of job (KB)
...
006 (11451992.556.000) 01/28 17:23:27 Image size of job updated: 117952
	116  -  MemoryUsage of job (MB)
	117952  -  ResidentSetSize of job (KB)
...
006 (11451992.556.000) 01/28 17:28:27 Image size of job updated: 121376
	119  -  MemoryUsage of job (MB)
	121376  -  ResidentSetSize of job (KB)
...
006 (11451992.556.000) 01/28 17:33:27 Image size of job updated: 125512
	123  -  MemoryUsage of job (MB)
	125512  -  ResidentSetSize of job (KB)
...
006 (11451992.556.000) 01/28 17:38:28 Image size of job updated: 130284
	128  -  MemoryUsage of job (MB)
	130284  -  ResidentSetSize of job (KB)
...
006 (11451992.556.000) 01/28 17:43:28 Image size of job updated: 136316
	134  -  MemoryUsage of job (MB)
	136316  -  ResidentSetSize of job (KB)
...
006 (11451992.556.000) 01/28 17:48:28 Image size of job updated: 147536
	145  -  MemoryUsage of job (MB)
	147536  -  ResidentSetSize of job (KB)
...
006 (11451992.556.000) 01/28 17:53:30 Image size of job updated: 156100
	153  -  MemoryUsage of job (MB)
	156100  -  ResidentSetSize of job (KB)
...
006 (11451992.556.000) 01/28 17:58:30 Image size of job updated: 163492
	160  -  MemoryUsage of job (MB)
	163492  -  ResidentSetSize of job (KB)
...
006 (11451992.556.000) 01/28 18:03:30 Image size of job updated: 168016
	165  -  MemoryUsage of job (MB)
	168016  -  ResidentSetSize of job (KB)
...
006 (11451992.556.000) 01/28 18:08:31 Image size of job updated: 171016
	168  -  MemoryUsage of job (MB)
	171016  -  ResidentSetSize of job (KB)
...
006 (11451992.556.000) 01/28 18:13:32 Image size of job updated: 173956
	170  -  MemoryUsage of job (MB)
	173956  -  ResidentSetSize of job (KB)
...
006 (11451992.556.000) 01/28 18:18:32 Image size of job updated: 176648
	173  -  MemoryUsage of job (MB)
	176648  -  ResidentSetSize of job (KB)
...
006 (11451992.556.000) 01/28 18:23:33 Image size of job updated: 179820
	176  -  MemoryUsage of job (MB)
	179820  -  ResidentSetSize of job (KB)
...
006 (11451992.556.000) 01/28 18:28:34 Image size of job updated: 182752
	179  -  MemoryUsage of job (MB)
	182752  -  ResidentSetSize of job (KB)
...
006 (11451992.556.000) 01/28 18:33:34 Image size of job updated: 184712
	181  -  MemoryUsage of job (MB)
	184712  -  ResidentSetSize of job (KB)
...
006 (11451992.556.000) 01/28 18:38:34 Image size of job updated: 186844
	183  -  MemoryUsage of job (MB)
	186844  -  ResidentSetSize of job (KB)
...
006 (11451992.556.000) 01/28 18:43:35 Image size of job updated: 189236
	185  -  MemoryUsage of job (MB)
	189236  -  ResidentSetSize of job (KB)
...
006 (11451992.556.000) 01/28 18:48:35 Image size of job updated: 191176
	187  -  MemoryUsage of job (MB)
	191176  -  ResidentSetSize of job (KB)
...
006 (11451992.556.000) 01/28 18:53:35 Image size of job updated: 193796
	190  -  MemoryUsage of job (MB)
	193796  -  ResidentSetSize of job (KB)
...
006 (11451992.556.000) 01/28 18:58:36 Image size of job updated: 195976
	192  -  MemoryUsage of job (MB)
	195976  -  ResidentSetSize of job (KB)
...
040 (11451992.556.000) 01/28 18:59:50 Started transferring output files
...
040 (11451992.556.000) 01/28 18:59:50 Finished transferring output files
...
005 (11451992.556.000) 01/28 18:59:50 Job terminated.
	(1) Normal termination (return value 0)
		Usr 0 02:01:37, Sys 0 00:00:23  -  Run Remote Usage
		Usr 0 00:00:00, Sys 0 00:00:00  -  Run Local Usage
		Usr 0 02:01:37, Sys 0 00:00:23  -  Total Remote Usage
		Usr 0 00:00:00, Sys 0 00:00:00  -  Total Local Usage
	40692  -  Run Bytes Sent By Job
	5797  -  Run Bytes Received By Job
	40692  -  Total Bytes Sent By Job
	5797  -  Total Bytes Received By Job
	Partitionable Resources :    Usage  Request Allocated 
	   Cpus                 :     0.93        1         1 
	   Disk (KB)            :    68          10      3861 
	   GPUs                 :                           0 
	   Memory (MB)          :   192        3000      3000 

	Job terminated of its own accord at 2025-01-28T17:59:50Z with exit-code 0.
...
