CHANNEL_0_1
           cbragg  cbragg_err   credchi  ...  cdelta_n            cL     timestamp
0     1544.624372    0.000325  0.000050  ...  0.000012  7.641391e+06  1.735045e+09
1     1544.630602    0.000371  0.000056  ...  0.000012  7.663082e+06  1.735045e+09
2     1544.624398    0.000120  0.000051  ...  0.000012  7.658762e+06  1.735045e+09
3     1544.630644    0.000104  0.000057  ...  0.000012  7.663889e+06  1.735045e+09
4     1544.624368    0.000106  0.000050  ...  0.000012  7.661216e+06  1.735045e+09
...           ...         ...       ...  ...       ...           ...           ...
1587  1544.632097    0.000118  0.000058  ...  0.000012  7.648863e+06  1.735061e+09
1588  1544.625812    0.000111  0.000050  ...  0.000012  7.657312e+06  1.735061e+09
1589  1544.632119    0.000165  0.000057  ...  0.000012  7.652433e+06  1.735061e+09
1590  1544.625819    0.000275  0.000049  ...  0.000012  7.650753e+06  1.735061e+09
1591  1544.632160    0.000113  0.000059  ...  0.000012  7.650393e+06  1.735061e+09

[1592 rows x 13 columns]
CHANNEL_0_2
           cbragg  cbragg_err   credchi  ...  cdelta_n            cL     timestamp
0     1545.465716    0.000097  0.000021  ...  0.000012  7.606334e+06  1.735045e+09
1     1545.464627    0.000102  0.000024  ...  0.000012  7.612028e+06  1.735045e+09
2     1545.465663    0.000094  0.000020  ...  0.000012  7.617136e+06  1.735045e+09
3     1545.464726    0.000102  0.000024  ...  0.000012  7.543841e+06  1.735045e+09
4     1545.465622    0.000095  0.000020  ...  0.000012  7.615268e+06  1.735045e+09
...           ...         ...       ...  ...       ...           ...           ...
1587  1545.465821    0.000097  0.000022  ...  0.000012  7.596740e+06  1.735061e+09
1588  1545.466774    0.000098  0.000022  ...  0.000012  7.596941e+06  1.735061e+09
1589  1545.465766    0.000095  0.000021  ...  0.000012  7.602470e+06  1.735061e+09
1590  1545.466853    0.000092  0.000019  ...  0.000012  7.606219e+06  1.735061e+09
1591  1545.465907    0.000092  0.000019  ...  0.000012  7.596702e+06  1.735061e+09

[1592 rows x 13 columns]
CHANNEL_0_3
           cbragg  cbragg_err   credchi  ...  cdelta_n            cL     timestamp
0     1546.195595    0.000104  0.000037  ...  0.000012  7.625786e+06  1.735045e+09
1     1546.201654    0.000111  0.000053  ...  0.000012  7.701014e+06  1.735045e+09
2     1546.195639    0.000105  0.000038  ...  0.000012  7.626844e+06  1.735045e+09
3     1546.201739    0.000105  0.000048  ...  0.000012  7.627522e+06  1.735045e+09
4     1546.195701    0.000106  0.000039  ...  0.000012  7.606111e+06  1.735045e+09
...           ...         ...       ...  ...       ...           ...           ...
1587  1546.201606    0.000105  0.000047  ...  0.000012  7.602635e+06  1.735061e+09
1588  1546.195369    0.000112  0.000044  ...  0.000012  7.735449e+06  1.735061e+09
1589  1546.201698    0.000104  0.000047  ...  0.000012  7.617368e+06  1.735061e+09
1590  1546.195434    0.000103  0.000036  ...  0.000012  7.597525e+06  1.735061e+09
1591  1546.201840    0.000102  0.000045  ...  0.000012  7.622624e+06  1.735061e+09

[1592 rows x 13 columns]
CHANNEL_0_4
           cbragg  cbragg_err   credchi  ...  cdelta_n            cL     timestamp
0     1547.118923    0.000114  0.000049  ...  0.000012  7.858742e+06  1.735045e+09
1     1547.117917    0.000113  0.000049  ...  0.000012  7.868997e+06  1.735045e+09
2     1547.118997    0.000115  0.000050  ...  0.000012  7.850106e+06  1.735045e+09
3     1547.117947    0.000109  0.000046  ...  0.000012  7.864249e+06  1.735045e+09
4     1547.118989    0.000112  0.000047  ...  0.000012  7.867021e+06  1.735045e+09
...           ...         ...       ...  ...       ...           ...           ...
1587  1547.119509    0.000114  0.000050  ...  0.000012  7.881557e+06  1.735061e+09
1588  1547.120493    0.000114  0.000048  ...  0.000012  7.872667e+06  1.735061e+09
1589  1547.119365    0.000113  0.000049  ...  0.000012  7.850022e+06  1.735061e+09
1590  1547.120486    0.000113  0.000048  ...  0.000012  7.870218e+06  1.735061e+09
1591  1547.119499    0.000110  0.000047  ...  0.000012  7.864745e+06  1.735061e+09

[1592 rows x 13 columns]
CHANNEL_0_5
           cbragg  cbragg_err   credchi  ...  cdelta_n            cL     timestamp
0     1548.093062    0.000129  0.000093  ...  0.000012  7.984959e+06  1.735045e+09
1     1548.094326    0.000093  0.000035  ...  0.000012  7.715938e+06  1.735045e+09
2     1548.092428    0.000102  0.000054  ...  0.000012  7.784355e+06  1.735045e+09
3     1548.094226    0.000157  0.000106  ...  0.000012  8.110600e+06  1.735045e+09
4     1548.092491    0.000086  0.000038  ...  0.000012  7.710268e+06  1.735045e+09
...           ...         ...       ...  ...       ...           ...           ...
1587  1548.096066    0.000094  0.000035  ...  0.000012  7.708265e+06  1.735061e+09
1588  1548.093841    0.000091  0.000043  ...  0.000012  7.700853e+06  1.735061e+09
1589  1548.095913    0.000096  0.000037  ...  0.000012  7.701685e+06  1.735061e+09
1590  1548.093939    0.000088  0.000041  ...  0.000012  7.695144e+06  1.735061e+09
1591  1548.096001    0.000096  0.000037  ...  0.000012  7.703132e+06  1.735061e+09

[1592 rows x 13 columns]
CHANNEL_0_6
           cbragg  cbragg_err   credchi  ...  cdelta_n            cL     timestamp
0     1549.069949    0.000076  0.000022  ...  0.000012  7.559358e+06  1.735045e+09
1     1549.077787    0.000081  0.000044  ...  0.000012  7.467299e+06  1.735045e+09
2     1549.069958    0.000076  0.000022  ...  0.000012  7.559413e+06  1.735045e+09
3     1549.077839    0.000082  0.000045  ...  0.000012  7.462132e+06  1.735045e+09
4     1549.069754    0.000114  0.000052  ...  0.000012  7.817453e+06  1.735045e+09
...           ...         ...       ...  ...       ...           ...           ...
1587  1549.079257    0.000083  0.000045  ...  0.000012  7.464270e+06  1.735061e+09
1588  1549.071492    0.000077  0.000023  ...  0.000012  7.562967e+06  1.735061e+09
1589  1549.079786    0.000196  0.000276  ...  0.000012  7.981466e+06  1.735061e+09
1590  1549.071398    0.000076  0.000022  ...  0.000012  7.562962e+06  1.735061e+09
1591  1549.079300    0.000083  0.000046  ...  0.000012  7.475249e+06  1.735061e+09

[1592 rows x 13 columns]
CHANNEL_0_7
           cbragg  cbragg_err   credchi  ...  cdelta_n            cL     timestamp
0     1550.075711    0.000127  0.000051  ...  0.000012  7.589801e+06  1.735045e+09
1     1550.074479    0.000127  0.000047  ...  0.000012  7.597824e+06  1.735045e+09
2     1550.075713    0.000133  0.000057  ...  0.000012  7.685255e+06  1.735045e+09
3     1550.074398    0.000141  0.000060  ...  0.000012  7.796438e+06  1.735045e+09
4     1550.075616    0.000129  0.000053  ...  0.000012  7.646893e+06  1.735045e+09
...           ...         ...       ...  ...       ...           ...           ...
1587  1550.076034    0.000128  0.000048  ...  0.000012  7.641914e+06  1.735061e+09
1588  1550.077371    0.000125  0.000049  ...  0.000012  7.577392e+06  1.735061e+09
1589  1550.076148    0.000126  0.000046  ...  0.000012  7.597161e+06  1.735061e+09
1590  1550.077311    0.000127  0.000050  ...  0.000012  7.577915e+06  1.735061e+09
1591  1550.076135    0.000127  0.000047  ...  0.000012  7.614491e+06  1.735061e+09

[1592 rows x 13 columns]
CHANNEL_0_8
           cbragg  cbragg_err   credchi  ...  cdelta_n            cL     timestamp
0     1551.049817    0.000076  0.000018  ...  0.000012  7.560490e+06  1.735045e+09
1     1551.053597    0.000076  0.000018  ...  0.000012  7.591297e+06  1.735045e+09
2     1551.049759    0.000076  0.000018  ...  0.000012  7.574992e+06  1.735045e+09
3     1551.053448    0.000077  0.000019  ...  0.000012  7.601259e+06  1.735045e+09
4     1551.049859    0.000075  0.000018  ...  0.000012  7.581071e+06  1.735045e+09
...           ...         ...       ...  ...       ...           ...           ...
1587  1551.055343    0.000076  0.000018  ...  0.000012  7.574907e+06  1.735061e+09
1588  1551.051455    0.000084  0.000023  ...  0.000012  7.685862e+06  1.735061e+09
1589  1551.055336    0.000076  0.000018  ...  0.000012  7.600845e+06  1.735061e+09
1590  1551.051476    0.000075  0.000018  ...  0.000012  7.582359e+06  1.735061e+09
1591  1551.055382    0.000075  0.000018  ...  0.000012  7.563004e+06  1.735061e+09

[1592 rows x 13 columns]
CHANNEL_0_9
           cbragg  cbragg_err   credchi  ...  cdelta_n            cL     timestamp
0     1552.031094    0.000099  0.000019  ...  0.000012  7.671424e+06  1.735045e+09
1     1552.037874    0.000101  0.000037  ...  0.000012  7.752664e+06  1.735045e+09
2     1552.031204    0.000098  0.000019  ...  0.000012  7.635671e+06  1.735045e+09
3     1552.037861    0.000092  0.000030  ...  0.000012  7.624118e+06  1.735045e+09
4     1552.031115    0.000094  0.000017  ...  0.000012  7.687233e+06  1.735045e+09
...           ...         ...       ...  ...       ...           ...           ...
1587  1552.039607    0.000137  0.000070  ...  0.000012  7.919048e+06  1.735061e+09
1588  1552.032799    0.000095  0.000018  ...  0.000012  7.687782e+06  1.735061e+09
1589  1552.039587    0.000094  0.000032  ...  0.000012  7.630285e+06  1.735061e+09
1590  1552.032694    0.000095  0.000018  ...  0.000012  7.686013e+06  1.735061e+09
1591  1552.039543    0.000091  0.000030  ...  0.000012  7.647760e+06  1.735061e+09

[1592 rows x 13 columns]
CHANNEL_0_10
           cbragg  cbragg_err   credchi  ...  cdelta_n            cL     timestamp
0     1553.041468    0.000087  0.000019  ...  0.000012  7.702254e+06  1.735045e+09
1     1553.038350    0.000091  0.000016  ...  0.000012  7.739296e+06  1.735045e+09
2     1553.041454    0.000087  0.000020  ...  0.000012  7.693225e+06  1.735045e+09
3     1553.038401    0.000091  0.000016  ...  0.000012  7.727694e+06  1.735045e+09
4     1553.041428    0.000087  0.000020  ...  0.000012  7.696554e+06  1.735045e+09
...           ...         ...       ...  ...       ...           ...           ...
1587  1553.040136    0.000091  0.000016  ...  0.000012  7.698249e+06  1.735061e+09
1588  1553.043028    0.000091  0.000021  ...  0.000012  7.696387e+06  1.735061e+09
1589  1553.040162    0.000092  0.000016  ...  0.000012  7.731545e+06  1.735061e+09
1590  1553.042982    0.000088  0.000020  ...  0.000012  7.704087e+06  1.735061e+09
1591  1553.040221    0.000091  0.000016  ...  0.000012  7.685186e+06  1.735061e+09

[1592 rows x 13 columns]
CHANNEL_0_11
           cbragg  cbragg_err   credchi  ...  cdelta_n            cL     timestamp
0     1554.046402    0.000074  0.000009  ...  0.000012  7.684494e+06  1.735045e+09
1     1554.052672    0.000072  0.000014  ...  0.000012  7.648453e+06  1.735045e+09
2     1554.046437    0.000072  0.000009  ...  0.000012  7.668179e+06  1.735045e+09
3     1554.052578    0.000070  0.000014  ...  0.000012  7.647810e+06  1.735045e+09
4     1554.046385    0.000074  0.000009  ...  0.000012  7.608971e+06  1.735045e+09
...           ...         ...       ...  ...       ...           ...           ...
1587  1554.054307    0.000073  0.000015  ...  0.000012  7.645336e+06  1.735061e+09
1588  1554.047921    0.000073  0.000009  ...  0.000012  7.677193e+06  1.735061e+09
1589  1554.054171    0.000075  0.000016  ...  0.000012  7.637255e+06  1.735061e+09
1590  1554.047817    0.000075  0.000010  ...  0.000012  7.665232e+06  1.735061e+09
1591  1554.054148    0.000076  0.000016  ...  0.000012  7.646080e+06  1.735061e+09

[1592 rows x 13 columns]
CHANNEL_0_12
           cbragg  cbragg_err   credchi  ...  cdelta_n            cL     timestamp
0     1555.074870    0.000120  0.000053  ...  0.000012  7.485424e+06  1.735045e+09
1     1555.072753    0.000121  0.000049  ...  0.000012  7.511980e+06  1.735045e+09
2     1555.074803    0.000202  0.000149  ...  0.000012  7.755145e+06  1.735045e+09
3     1555.072759    0.000122  0.000049  ...  0.000012  7.498701e+06  1.735045e+09
4     1555.074882    0.000119  0.000052  ...  0.000012  7.465430e+06  1.735045e+09
...           ...         ...       ...  ...       ...           ...           ...
1587  1555.074504    0.000123  0.000049  ...  0.000012  7.498553e+06  1.735061e+09
1588  1555.076453    0.000122  0.000055  ...  0.000012  7.498506e+06  1.735061e+09
1589  1555.074551    0.000119  0.000046  ...  0.000012  7.515079e+06  1.735061e+09
1590  1555.076380    0.000118  0.000051  ...  0.000012  7.475090e+06  1.735061e+09
1591  1555.074541    0.000121  0.000048  ...  0.000012  7.536613e+06  1.735061e+09

[1592 rows x 13 columns]
CHANNEL_0_13
           cbragg  cbragg_err   credchi  ...  cdelta_n            cL     timestamp
0     1556.047038    0.000141  0.000039  ...  0.000012  7.654924e+06  1.735045e+09
1     1556.051756    0.000142  0.000046  ...  0.000012  7.660706e+06  1.735045e+09
2     1556.047093    0.000141  0.000039  ...  0.000012  7.658384e+06  1.735045e+09
3     1556.051807    0.000141  0.000045  ...  0.000012  7.651420e+06  1.735045e+09
4     1556.046939    0.000145  0.000041  ...  0.000012  7.644613e+06  1.735045e+09
...           ...         ...       ...  ...       ...           ...           ...
1587  1556.053407    0.000140  0.000045  ...  0.000012  7.659696e+06  1.735061e+09
1588  1556.048709    0.000140  0.000038  ...  0.000012  7.644671e+06  1.735061e+09
1589  1556.053408    0.000138  0.000044  ...  0.000012  7.660110e+06  1.735061e+09
1590  1556.048540    0.000144  0.000041  ...  0.000012  7.649098e+06  1.735061e+09
1591  1556.053415    0.000140  0.000045  ...  0.000012  7.672174e+06  1.735061e+09

[1592 rows x 13 columns]
CHANNEL_0_14
           cbragg  cbragg_err   credchi  ...  cdelta_n            cL     timestamp
0     1557.019003    0.000102  0.000030  ...  0.000012  7.653572e+06  1.735045e+09
1     1557.020722    0.000105  0.000042  ...  0.000012  7.598393e+06  1.735045e+09
2     1557.019049    0.000101  0.000029  ...  0.000012  7.655766e+06  1.735045e+09
3     1557.020756    0.000105  0.000042  ...  0.000012  7.600494e+06  1.735045e+09
4     1557.019105    0.000102  0.000030  ...  0.000012  7.633953e+06  1.735045e+09
...           ...         ...       ...  ...       ...           ...           ...
1587  1557.022465    0.000104  0.000041  ...  0.000012  7.598566e+06  1.735061e+09
1588  1557.020724    0.000102  0.000030  ...  0.000012  7.646728e+06  1.735061e+09
1589  1557.022468    0.000104  0.000041  ...  0.000012  7.577559e+06  1.735061e+09
1590  1557.020611    0.000102  0.000029  ...  0.000012  7.644633e+06  1.735061e+09
1591  1557.022406    0.000104  0.000041  ...  0.000012  7.595020e+06  1.735061e+09

[1592 rows x 13 columns]
CHANNEL_1_1
           cbragg  cbragg_err   credchi  ...  cdelta_n            cL     timestamp
0     1556.188642    0.000129  0.000015  ...  0.000012  2.613526e+06  1.735045e+09
1     1556.188635    0.000078  0.000006  ...  0.000012  2.700638e+06  1.735045e+09
2     1556.188240    0.000190  0.000031  ...  0.000012  2.575197e+06  1.735045e+09
3     1556.188363    0.000114  0.000013  ...  0.000012  2.728268e+06  1.735045e+09
4     1556.186894    0.000733  0.000851  ...  0.000012  3.178165e+06  1.735045e+09
...           ...         ...       ...  ...       ...           ...           ...
1587  1556.189568    0.000274  0.000060  ...  0.000012  2.539665e+06  1.735061e+09
1588  1556.187761    0.000635  0.000583  ...  0.000012  3.097299e+06  1.735061e+09
1589  1556.189020    0.000821  0.001024  ...  0.000012  3.208854e+06  1.735061e+09
1590  1556.188152    0.001130  0.002596  ...  0.000012  3.520449e+06  1.735061e+09
1591  1556.189335    0.001022  0.001881  ...  0.000012  3.410481e+06  1.735061e+09

[1592 rows x 13 columns]
CHANNEL_1_2
           cbragg  cbragg_err   credchi  ...  cdelta_n            cL     timestamp
0     1558.196971    0.000130  0.000025  ...  0.000012  2.817239e+06  1.735045e+09
1     1558.199557    0.000725  0.001228  ...  0.000012  3.299686e+06  1.735045e+09
2     1558.197094    0.000126  0.000023  ...  0.000012  2.801010e+06  1.735045e+09
3     1558.200170    0.000795  0.001457  ...  0.000012  3.318273e+06  1.735045e+09
4     1558.196964    0.000759  0.001358  ...  0.000012  3.340969e+06  1.735045e+09
...           ...         ...       ...  ...       ...           ...           ...
1587  1558.201906    0.000118  0.000021  ...  0.000012  2.783491e+06  1.735061e+09
1588  1558.198937    0.000295  0.000145  ...  0.000012  2.962077e+06  1.735061e+09
1589  1558.202273    0.000133  0.000025  ...  0.000012  2.754079e+06  1.735061e+09
1590  1558.198871    0.000134  0.000025  ...  0.000012  2.778904e+06  1.735061e+09
1591  1558.201908    0.000118  0.000021  ...  0.000012  2.787224e+06  1.735061e+09

[1592 rows x 13 columns]
CHANNEL_1_3
           cbragg  cbragg_err   credchi  ...  cdelta_n            cL     timestamp
0     1561.016587    0.000065  0.000007  ...  0.000012  2.898184e+06  1.735045e+09
1     1561.012664    0.000423  0.000369  ...  0.000012  3.210253e+06  1.735045e+09
2     1561.016366    0.000047  0.000004  ...  0.000012  2.920635e+06  1.735045e+09
3     1561.012500    0.000054  0.000005  ...  0.000012  2.919762e+06  1.735045e+09
4     1561.017021    0.000649  0.000939  ...  0.000012  3.341835e+06  1.735045e+09
...           ...         ...       ...  ...       ...           ...           ...
1587  1561.014037    0.000655  0.000955  ...  0.000012  3.345497e+06  1.735061e+09
1588  1561.018236    0.000051  0.000004  ...  0.000012  2.939978e+06  1.735061e+09
1589  1561.014449    0.000684  0.001061  ...  0.000012  3.371244e+06  1.735061e+09
1590  1561.018521    0.000693  0.001211  ...  0.000012  3.446530e+06  1.735061e+09
1591  1561.014277    0.000306  0.000185  ...  0.000012  3.138716e+06  1.735061e+09

[1592 rows x 13 columns]
CHANNEL_2_1
           cbragg  cbragg_err   credchi  ...  cdelta_n            cL     timestamp
0     1543.607550    0.000158  0.000006  ...  0.000012  2.769977e+06  1.735045e+09
1     1543.606048    0.000080  0.000006  ...  0.000012  2.771781e+06  1.735045e+09
2     1543.607757    0.000128  0.000007  ...  0.000012  2.769183e+06  1.735045e+09
3     1543.606272    0.000075  0.000006  ...  0.000012  2.771717e+06  1.735045e+09
4     1543.607662    0.000080  0.000007  ...  0.000012  2.769572e+06  1.735045e+09
...           ...         ...       ...  ...       ...           ...           ...
1587  1543.607699    0.000088  0.000006  ...  0.000012  2.789855e+06  1.735061e+09
1588  1543.609002    0.000080  0.000006  ...  0.000012  2.768325e+06  1.735061e+09
1589  1543.607580    0.000077  0.000006  ...  0.000012  2.770026e+06  1.735061e+09
1590  1543.608921    0.000078  0.000006  ...  0.000012  2.768317e+06  1.735061e+09
1591  1543.607472    0.000137  0.000006  ...  0.000012  2.770758e+06  1.735061e+09

[1592 rows x 13 columns]
CHANNEL_2_2
           cbragg  cbragg_err   credchi  ...  cdelta_n            cL     timestamp
0     1545.920617    0.000134  0.000014  ...  0.000012  2.665752e+06  1.735045e+09
1     1545.922735    0.000131  0.000014  ...  0.000012  2.677417e+06  1.735045e+09
2     1545.920829    0.000163  0.000020  ...  0.000012  2.617677e+06  1.735045e+09
3     1545.921202    0.000830  0.000971  ...  0.000012  3.243878e+06  1.735045e+09
4     1545.919970    0.000476  0.000240  ...  0.000012  2.953195e+06  1.735045e+09
...           ...         ...       ...  ...       ...           ...           ...
1587  1545.924296    0.000135  0.000015  ...  0.000012  2.695663e+06  1.735061e+09
1588  1545.920557    0.001123  0.002155  ...  0.000012  3.517507e+06  1.735061e+09
1589  1545.922830    0.000851  0.001024  ...  0.000012  3.259993e+06  1.735061e+09
1590  1545.922135    0.000158  0.000021  ...  0.000012  2.735688e+06  1.735061e+09
1591  1545.924326    0.000127  0.000013  ...  0.000012  2.674928e+06  1.735061e+09

[1592 rows x 13 columns]
CHANNEL_2_3
           cbragg  cbragg_err   credchi  ...  cdelta_n            cL     timestamp
0     1548.520404    0.000095  0.000010  ...  0.000012  2.892293e+06  1.735045e+09
1     1548.520959    0.000092  0.000009  ...  0.000012  2.900051e+06  1.735045e+09
2     1548.520250    0.000086  0.000008  ...  0.000012  2.904775e+06  1.735045e+09
3     1548.521641    0.001135  0.002365  ...  0.000012  3.657285e+06  1.735045e+09
4     1548.520402    0.000084  0.000008  ...  0.000012  2.900881e+06  1.735045e+09
...           ...         ...       ...  ...       ...           ...           ...
1587  1548.522477    0.000117  0.000013  ...  0.000012  2.845231e+06  1.735061e+09
1588  1548.521839    0.000090  0.000009  ...  0.000012  2.893608e+06  1.735061e+09
1589  1548.523704    0.000713  0.000847  ...  0.000012  3.410881e+06  1.735061e+09
1590  1548.521889    0.000090  0.000009  ...  0.000012  2.887650e+06  1.735061e+09
1591  1548.522796    0.000095  0.000010  ...  0.000012  2.906922e+06  1.735061e+09

[1592 rows x 13 columns]
CHANNEL_3_1
           cbragg  cbragg_err   credchi  ...  cdelta_n            cL     timestamp
0     1544.147301    0.000169  0.000026  ...  0.000012  7.785882e+06  1.735045e+09
1     1544.141618    0.000393  0.000018  ...  0.000012  7.831072e+06  1.735045e+09
2     1544.147354    0.000108  0.000026  ...  0.000012  7.792037e+06  1.735045e+09
3     1544.141680    0.000113  0.000019  ...  0.000012  7.816456e+06  1.735045e+09
4     1544.147407    0.000112  0.000028  ...  0.000012  7.776855e+06  1.735045e+09
...           ...         ...       ...  ...       ...           ...           ...
1587  1544.143135    0.000143  0.000019  ...  0.000012  7.828750e+06  1.735061e+09
1588  1544.148833    0.000150  0.000027  ...  0.000012  7.784524e+06  1.735061e+09
1589  1544.143239    0.000180  0.000018  ...  0.000012  7.828861e+06  1.735061e+09
1590  1544.148891    0.000114  0.000027  ...  0.000012  7.781366e+06  1.735061e+09
1591  1544.143222    0.000125  0.000019  ...  0.000012  7.825961e+06  1.735061e+09

[1592 rows x 13 columns]
CHANNEL_3_2
           cbragg  cbragg_err   credchi  ...  cdelta_n            cL     timestamp
0     1545.049147    0.000232  0.000023  ...  0.000012  7.880437e+06  1.735045e+09
1     1545.058019    0.000124  0.000043  ...  0.000012  7.804860e+06  1.735045e+09
2     1545.049153    0.000547  0.000025  ...  0.000012  7.891711e+06  1.735045e+09
3     1545.058231    0.000134  0.000042  ...  0.000012  7.796442e+06  1.735045e+09
4     1545.049262    0.000116  0.000024  ...  0.000012  7.880660e+06  1.735045e+09
...           ...         ...       ...  ...       ...           ...           ...
1587  1545.059333    0.000112  0.000042  ...  0.000012  7.804270e+06  1.735061e+09
1588  1545.050238    0.000123  0.000024  ...  0.000012  7.875141e+06  1.735061e+09
1589  1545.059303    0.000110  0.000040  ...  0.000012  7.820842e+06  1.735061e+09
1590  1545.050528    0.000200  0.000023  ...  0.000012  7.903298e+06  1.735061e+09
1591  1545.059458    0.000119  0.000040  ...  0.000012  7.811531e+06  1.735061e+09

[1592 rows x 13 columns]
CHANNEL_3_3
           cbragg  cbragg_err   credchi  ...  cdelta_n            cL     timestamp
0     1545.800489    0.000107  0.000034  ...  0.000012  7.586787e+06  1.735045e+09
1     1545.797644    0.000111  0.000024  ...  0.000012  7.620530e+06  1.735045e+09
2     1545.800395    0.000108  0.000035  ...  0.000012  7.588972e+06  1.735045e+09
3     1545.797646    0.000112  0.000024  ...  0.000012  7.618708e+06  1.735045e+09
4     1545.800794    0.000123  0.000047  ...  0.000012  7.733859e+06  1.735045e+09
...           ...         ...       ...  ...       ...           ...           ...
1587  1545.797635    0.000116  0.000026  ...  0.000012  7.615749e+06  1.735061e+09
1588  1545.800366    0.000107  0.000034  ...  0.000012  7.581921e+06  1.735061e+09
1589  1545.797679    0.000117  0.000026  ...  0.000012  7.597764e+06  1.735061e+09
1590  1545.800505    0.000109  0.000035  ...  0.000012  7.592340e+06  1.735061e+09
1591  1545.797818    0.000113  0.000025  ...  0.000012  7.607665e+06  1.735061e+09

[1592 rows x 13 columns]
CHANNEL_3_4
           cbragg  cbragg_err   credchi  ...  cdelta_n            cL     timestamp
0     1546.685421    0.000099  0.000017  ...  0.000012  7.786942e+06  1.735045e+09
1     1546.691780    0.000095  0.000027  ...  0.000012  7.751705e+06  1.735045e+09
2     1546.685578    0.000096  0.000016  ...  0.000012  7.796894e+06  1.735045e+09
3     1546.691840    0.000093  0.000026  ...  0.000012  7.747798e+06  1.735045e+09
4     1546.685596    0.000099  0.000017  ...  0.000012  7.800620e+06  1.735045e+09
...           ...         ...       ...  ...       ...           ...           ...
1587  1546.693449    0.000098  0.000029  ...  0.000012  7.733625e+06  1.735061e+09
1588  1546.686938    0.000099  0.000017  ...  0.000012  7.793488e+06  1.735061e+09
1589  1546.693324    0.000098  0.000029  ...  0.000012  7.731450e+06  1.735061e+09
1590  1546.686973    0.000099  0.000017  ...  0.000012  7.783643e+06  1.735061e+09
1591  1546.693345    0.000099  0.000029  ...  0.000012  7.725665e+06  1.735061e+09

[1592 rows x 13 columns]
CHANNEL_3_5
           cbragg  cbragg_err   credchi  ...  cdelta_n            cL     timestamp
0     1547.707335    0.000080  0.000017  ...  0.000012  7.550258e+06  1.735045e+09
1     1547.709588    0.000082  0.000013  ...  0.000012  7.594376e+06  1.735045e+09
2     1547.707374    0.000080  0.000017  ...  0.000012  7.559599e+06  1.735045e+09
3     1547.709654    0.000081  0.000013  ...  0.000012  7.607957e+06  1.735045e+09
4     1547.707465    0.000078  0.000016  ...  0.000012  7.556939e+06  1.735045e+09
...           ...         ...       ...  ...       ...           ...           ...
1587  1547.711371    0.000080  0.000012  ...  0.000012  7.615875e+06  1.735061e+09
1588  1547.708841    0.000081  0.000018  ...  0.000012  7.628149e+06  1.735061e+09
1589  1547.711264    0.000083  0.000013  ...  0.000012  7.581776e+06  1.735061e+09
1590  1547.709006    0.000077  0.000016  ...  0.000012  7.575053e+06  1.735061e+09
1591  1547.711372    0.000083  0.000014  ...  0.000012  7.610683e+06  1.735061e+09

[1592 rows x 13 columns]
CHANNEL_3_6
           cbragg  cbragg_err   credchi  ...  cdelta_n            cL     timestamp
0     1548.695282    0.000082  0.000015  ...  0.000012  7.757162e+06  1.735045e+09
1     1548.694910    0.000084  0.000017  ...  0.000012  7.732513e+06  1.735045e+09
2     1548.695345    0.000082  0.000015  ...  0.000012  7.756138e+06  1.735045e+09
3     1548.694889    0.000082  0.000017  ...  0.000012  7.677582e+06  1.735045e+09
4     1548.695253    0.000083  0.000016  ...  0.000012  7.754189e+06  1.735045e+09
...           ...         ...       ...  ...       ...           ...           ...
1587  1548.696534    0.000083  0.000017  ...  0.000012  7.657967e+06  1.735061e+09
1588  1548.696952    0.000081  0.000015  ...  0.000012  7.762177e+06  1.735061e+09
1589  1548.696515    0.000082  0.000017  ...  0.000012  7.724927e+06  1.735061e+09
1590  1548.696939    0.000081  0.000015  ...  0.000012  7.741465e+06  1.735061e+09
1591  1548.696498    0.000082  0.000017  ...  0.000012  7.743179e+06  1.735061e+09

[1592 rows x 13 columns]
CHANNEL_3_7
           cbragg  cbragg_err   credchi  ...  cdelta_n            cL     timestamp
0     1549.711186    0.000091  0.000017  ...  0.000012  7.565374e+06  1.735045e+09
1     1549.717387    0.000089  0.000020  ...  0.000012  7.574656e+06  1.735045e+09
2     1549.711110    0.000087  0.000015  ...  0.000012  7.579272e+06  1.735045e+09
3     1549.717336    0.000088  0.000019  ...  0.000012  7.579595e+06  1.735045e+09
4     1549.711114    0.000087  0.000016  ...  0.000012  7.580293e+06  1.735045e+09
...           ...         ...       ...  ...       ...           ...           ...
1587  1549.719025    0.000087  0.000019  ...  0.000012  7.583259e+06  1.735061e+09
1588  1549.712718    0.000089  0.000016  ...  0.000012  7.568443e+06  1.735061e+09
1589  1549.719056    0.000088  0.000020  ...  0.000012  7.574225e+06  1.735061e+09
1590  1549.712786    0.000088  0.000016  ...  0.000012  7.584729e+06  1.735061e+09
1591  1549.719077    0.000089  0.000020  ...  0.000012  7.573502e+06  1.735061e+09

[1592 rows x 13 columns]
CHANNEL_3_8
           cbragg  cbragg_err   credchi  ...  cdelta_n            cL     timestamp
0     1550.673236    0.000086  0.000016  ...  0.000012  7.658675e+06  1.735045e+09
1     1550.666151    0.000089  0.000013  ...  0.000012  7.690238e+06  1.735045e+09
2     1550.673177    0.000088  0.000016  ...  0.000012  7.649136e+06  1.735045e+09
3     1550.666042    0.000090  0.000013  ...  0.000012  7.631626e+06  1.735045e+09
4     1550.673372    0.000129  0.000033  ...  0.000012  7.350522e+06  1.735045e+09
...           ...         ...       ...  ...       ...           ...           ...
1587  1550.667930    0.000091  0.000013  ...  0.000012  7.620469e+06  1.735061e+09
1588  1550.674808    0.000089  0.000017  ...  0.000012  7.647499e+06  1.735061e+09
1589  1550.667853    0.000092  0.000014  ...  0.000012  7.683982e+06  1.735061e+09
1590  1550.674864    0.000088  0.000016  ...  0.000012  7.650806e+06  1.735061e+09
1591  1550.667852    0.000092  0.000014  ...  0.000012  7.676441e+06  1.735061e+09

[1592 rows x 13 columns]
CHANNEL_3_9
           cbragg  cbragg_err   credchi  ...  cdelta_n            cL     timestamp
0     1551.663677    0.000096  0.000012  ...  0.000012  7.707374e+06  1.735045e+09
1     1551.668790    0.000092  0.000019  ...  0.000012  7.680722e+06  1.735045e+09
2     1551.663683    0.000093  0.000011  ...  0.000012  7.702688e+06  1.735045e+09
3     1551.668910    0.000090  0.000018  ...  0.000012  7.677671e+06  1.735045e+09
4     1551.663774    0.000095  0.000012  ...  0.000012  7.705072e+06  1.735045e+09
...           ...         ...       ...  ...       ...           ...           ...
1587  1551.670534    0.000094  0.000019  ...  0.000012  7.611629e+06  1.735061e+09
1588  1551.665239    0.000095  0.000012  ...  0.000012  7.713860e+06  1.735061e+09
1589  1551.670536    0.000094  0.000020  ...  0.000012  7.659997e+06  1.735061e+09
1590  1551.665293    0.000095  0.000012  ...  0.000012  7.709878e+06  1.735061e+09
1591  1551.670576    0.000093  0.000019  ...  0.000012  7.650190e+06  1.735061e+09

[1592 rows x 13 columns]
CHANNEL_3_10
           cbragg  cbragg_err   credchi  ...  cdelta_n            cL     timestamp
0     1552.677050    0.000103  0.000021  ...  0.000012  7.720395e+06  1.735045e+09
1     1552.669255    0.000111  0.000014  ...  0.000012  7.802491e+06  1.735045e+09
2     1552.677284    0.000101  0.000021  ...  0.000012  7.733297e+06  1.735045e+09
3     1552.669192    0.000107  0.000013  ...  0.000012  7.810026e+06  1.735045e+09
4     1552.677033    0.000103  0.000021  ...  0.000012  7.730037e+06  1.735045e+09
...           ...         ...       ...  ...       ...           ...           ...
1587  1552.670933    0.000110  0.000014  ...  0.000012  7.795925e+06  1.735061e+09
1588  1552.678738    0.000140  0.000037  ...  0.000012  7.408558e+06  1.735061e+09
1589  1552.670949    0.000110  0.000014  ...  0.000012  7.776702e+06  1.735061e+09
1590  1552.678749    0.000104  0.000022  ...  0.000012  7.732335e+06  1.735061e+09
1591  1552.670965    0.000110  0.000014  ...  0.000012  7.797902e+06  1.735061e+09

[1592 rows x 13 columns]
CHANNEL_3_11
           cbragg  cbragg_err   credchi  ...  cdelta_n            cL     timestamp
0     1553.638754    0.000135  0.000027  ...  0.000012  7.911988e+06  1.735045e+09
1     1553.641340    0.000132  0.000041  ...  0.000012  7.854220e+06  1.735045e+09
2     1553.638632    0.000132  0.000026  ...  0.000012  7.925348e+06  1.735045e+09
3     1553.641507    0.000130  0.000040  ...  0.000012  7.849431e+06  1.735045e+09
4     1553.638691    0.000134  0.000027  ...  0.000012  7.910511e+06  1.735045e+09
...           ...         ...       ...  ...       ...           ...           ...
1587  1553.643196    0.000132  0.000041  ...  0.000012  7.841876e+06  1.735061e+09
1588  1553.640409    0.000136  0.000027  ...  0.000012  7.915198e+06  1.735061e+09
1589  1553.643038    0.000132  0.000041  ...  0.000012  7.856317e+06  1.735061e+09
1590  1553.640365    0.000132  0.000026  ...  0.000012  7.916078e+06  1.735061e+09
1591  1553.643036    0.000132  0.000042  ...  0.000012  7.870821e+06  1.735061e+09

[1592 rows x 13 columns]
CHANNEL_3_12
           cbragg  cbragg_err   credchi  ...  cdelta_n            cL     timestamp
0     1554.619967    0.000096  0.000021  ...  0.000012  7.736675e+06  1.735045e+09
1     1554.613230    0.000101  0.000013  ...  0.000012  7.865380e+06  1.735045e+09
2     1554.619939    0.000094  0.000020  ...  0.000012  7.793175e+06  1.735045e+09
3     1554.613093    0.000101  0.000013  ...  0.000012  7.910369e+06  1.735045e+09
4     1554.619972    0.000096  0.000021  ...  0.000012  7.740969e+06  1.735045e+09
...           ...         ...       ...  ...       ...           ...           ...
1587  1554.614907    0.000100  0.000013  ...  0.000012  7.871501e+06  1.735061e+09
1588  1554.621483    0.000096  0.000021  ...  0.000012  7.779941e+06  1.735061e+09
1589  1554.614687    0.000100  0.000013  ...  0.000012  7.879663e+06  1.735061e+09
1590  1554.621434    0.000096  0.000021  ...  0.000012  7.788979e+06  1.735061e+09
1591  1554.614875    0.000099  0.000013  ...  0.000012  7.877534e+06  1.735061e+09

[1592 rows x 13 columns]
CHANNEL_3_13
           cbragg  cbragg_err   credchi  ...  cdelta_n            cL     timestamp
0     1555.621984    0.000090  0.000010  ...  0.000012  7.606556e+06  1.735045e+09
1     1555.627121    0.000087  0.000016  ...  0.000012  7.578155e+06  1.735045e+09
2     1555.622080    0.000091  0.000010  ...  0.000012  7.599087e+06  1.735045e+09
3     1555.627139    0.000087  0.000016  ...  0.000012  7.568600e+06  1.735045e+09
4     1555.621953    0.000091  0.000010  ...  0.000012  7.602627e+06  1.735045e+09
...           ...         ...       ...  ...       ...           ...           ...
1587  1555.628686    0.000087  0.000016  ...  0.000012  7.578001e+06  1.735061e+09
1588  1555.623545    0.000091  0.000010  ...  0.000012  7.594897e+06  1.735061e+09
1589  1555.628705    0.000085  0.000016  ...  0.000012  7.565820e+06  1.735061e+09
1590  1555.623497    0.000090  0.000010  ...  0.000012  7.592890e+06  1.735061e+09
1591  1555.628738    0.000088  0.000017  ...  0.000012  7.564722e+06  1.735061e+09

[1592 rows x 13 columns]
CHANNEL_3_14
           cbragg  cbragg_err   credchi  ...  cdelta_n            cL     timestamp
0     1556.582606    0.000190  0.000080  ...  0.000012  7.713441e+06  1.735045e+09
1     1556.574555    0.000189  0.000050  ...  0.000012  7.778084e+06  1.735045e+09
2     1556.582614    0.000189  0.000080  ...  0.000012  7.663580e+06  1.735045e+09
3     1556.574532    0.000186  0.000049  ...  0.000012  7.780674e+06  1.735045e+09
4     1556.582589    0.000191  0.000082  ...  0.000012  7.706166e+06  1.735045e+09
...           ...         ...       ...  ...       ...           ...           ...
1587  1556.576196    0.000182  0.000046  ...  0.000012  7.774718e+06  1.735061e+09
1588  1556.584110    0.000186  0.000077  ...  0.000012  7.716094e+06  1.735061e+09
1589  1556.576189    0.000186  0.000049  ...  0.000012  7.775058e+06  1.735061e+09
1590  1556.584083    0.000187  0.000078  ...  0.000012  7.699324e+06  1.735061e+09
1591  1556.576196    0.000186  0.000049  ...  0.000012  7.769131e+06  1.735061e+09

[1592 rows x 13 columns]
