CHANNEL_0_1
           cbragg  cbragg_err   credchi  ...  cdelta_n            cL     timestamp
0     1544.990336    0.000126  0.000292  ...  0.000012  7.774679e+06  1.733849e+09
1     1544.975567    0.000084  0.000169  ...  0.000012  7.851234e+06  1.733849e+09
2     1544.990038    0.000531  0.007559  ...  0.000012  6.463807e+06  1.733849e+09
3     1544.975577    0.000084  0.000169  ...  0.000012  7.847354e+06  1.733849e+09
4     1544.990578    0.000148  0.000757  ...  0.000012  7.452279e+06  1.733849e+09
...           ...         ...       ...  ...       ...           ...           ...
1587  1544.964681    0.000086  0.000174  ...  0.000012  7.826416e+06  1.733865e+09
1588  1544.978922    0.000091  0.000280  ...  0.000012  7.772486e+06  1.733865e+09
1589  1544.964900    0.000116  0.000176  ...  0.000012  7.826415e+06  1.733865e+09
1590  1544.978675    0.000091  0.000285  ...  0.000012  7.761036e+06  1.733865e+09
1591  1544.964522    0.000087  0.000171  ...  0.000012  7.832555e+06  1.733865e+09

[1592 rows x 13 columns]
CHANNEL_0_2
           cbragg  cbragg_err   credchi  ...  cdelta_n            cL     timestamp
0     1545.914505    0.000071  0.000079  ...  0.000012  7.754025e+06  1.733849e+09
1     1545.903583    0.000069  0.000060  ...  0.000012  7.737519e+06  1.733849e+09
2     1545.915360    0.000072  0.000081  ...  0.000012  7.748184e+06  1.733849e+09
3     1545.904577    0.000069  0.000060  ...  0.000012  7.755268e+06  1.733849e+09
4     1545.914695    0.000070  0.000076  ...  0.000012  7.755136e+06  1.733849e+09
...           ...         ...       ...  ...       ...           ...           ...
1587  1545.891656    0.000451  0.002182  ...  0.000012  6.723846e+06  1.733865e+09
1588  1545.904944    0.000068  0.000076  ...  0.000012  7.761577e+06  1.733865e+09
1589  1545.892604    0.000188  0.000392  ...  0.000012  7.227039e+06  1.733865e+09
1590  1545.904593    0.000067  0.000073  ...  0.000012  7.750931e+06  1.733865e+09
1591  1545.892346    0.000070  0.000058  ...  0.000012  7.774559e+06  1.733865e+09

[1592 rows x 13 columns]
CHANNEL_0_3
           cbragg  cbragg_err   credchi  ...  cdelta_n            cL     timestamp
0     1546.860876    0.000098  0.000267  ...  0.000012  7.676010e+06  1.733849e+09
1     1546.846429    0.000097  0.000174  ...  0.000012  7.769302e+06  1.733849e+09
2     1546.861638    0.000129  0.000458  ...  0.000012  7.810241e+06  1.733849e+09
3     1546.847191    0.000092  0.000158  ...  0.000012  7.771094e+06  1.733849e+09
4     1546.861399    0.000098  0.000274  ...  0.000012  7.748638e+06  1.733849e+09
...           ...         ...       ...  ...       ...           ...           ...
1587  1546.834851    0.000096  0.000167  ...  0.000012  7.758775e+06  1.733865e+09
1588  1546.848941    0.000110  0.000345  ...  0.000012  7.829098e+06  1.733865e+09
1589  1546.834549    0.000092  0.000155  ...  0.000012  7.754509e+06  1.733865e+09
1590  1546.849471    0.000112  0.000352  ...  0.000012  7.793694e+06  1.733865e+09
1591  1546.834923    0.000092  0.000157  ...  0.000012  7.779459e+06  1.733865e+09

[1592 rows x 13 columns]
CHANNEL_0_4
           cbragg  cbragg_err   credchi  ...  cdelta_n            cL     timestamp
0     1547.823910    0.000195  0.001120  ...  0.000012  8.422723e+06  1.733849e+09
1     1547.811479    0.000111  0.000236  ...  0.000012  8.029081e+06  1.733849e+09
2     1547.823983    0.000115  0.000377  ...  0.000012  8.080021e+06  1.733849e+09
3     1547.811102    0.000105  0.000207  ...  0.000012  7.921602e+06  1.733849e+09
4     1547.823818    0.000149  0.000644  ...  0.000012  8.245884e+06  1.733849e+09
...           ...         ...       ...  ...       ...           ...           ...
1587  1547.796990    0.000112  0.000231  ...  0.000012  7.966239e+06  1.733865e+09
1588  1547.810175    0.000111  0.000343  ...  0.000012  8.016647e+06  1.733865e+09
1589  1547.796469    0.000107  0.000214  ...  0.000012  7.904989e+06  1.733865e+09
1590  1547.810796    0.000123  0.000414  ...  0.000012  8.040406e+06  1.733865e+09
1591  1547.796932    0.000107  0.000213  ...  0.000012  7.925353e+06  1.733865e+09

[1592 rows x 13 columns]
CHANNEL_0_5
           cbragg  cbragg_err   credchi  ...  cdelta_n            cL     timestamp
0     1548.758838    0.000085  0.000209  ...  0.000012  7.748276e+06  1.733849e+09
1     1548.748211    0.000091  0.000219  ...  0.000012  7.858480e+06  1.733849e+09
2     1548.758845    0.000120  0.000423  ...  0.000012  7.933887e+06  1.733849e+09
3     1548.748449    0.000082  0.000171  ...  0.000012  7.741130e+06  1.733849e+09
4     1548.758831    0.000220  0.001495  ...  0.000012  8.290375e+06  1.733849e+09
...           ...         ...       ...  ...       ...           ...           ...
1587  1548.731514    0.000101  0.000252  ...  0.000012  7.923802e+06  1.733865e+09
1588  1548.743278    0.000325  0.002945  ...  0.000012  6.960193e+06  1.733865e+09
1589  1548.731265    0.000099  0.000245  ...  0.000012  7.947048e+06  1.733865e+09
1590  1548.743336    0.000125  0.000493  ...  0.000012  8.015722e+06  1.733865e+09
1591  1548.731355    0.000093  0.000222  ...  0.000012  7.938823e+06  1.733865e+09

[1592 rows x 13 columns]
CHANNEL_0_6
           cbragg  cbragg_err   credchi  ...  cdelta_n            cL     timestamp
0     1549.715402    0.000173  0.001107  ...  0.000012  7.914334e+06  1.733849e+09
1     1549.701902    0.000075  0.000152  ...  0.000012  7.606821e+06  1.733849e+09
2     1549.715277    0.000089  0.000279  ...  0.000012  7.569184e+06  1.733849e+09
3     1549.701652    0.000080  0.000174  ...  0.000012  7.697464e+06  1.733849e+09
4     1549.715465    0.000125  0.000582  ...  0.000012  7.799942e+06  1.733849e+09
...           ...         ...       ...  ...       ...           ...           ...
1587  1549.677951    0.000122  0.000420  ...  0.000012  7.914801e+06  1.733865e+09
1588  1549.691324    0.000093  0.000311  ...  0.000012  7.681411e+06  1.733865e+09
1589  1549.678012    0.000066  0.000116  ...  0.000012  7.612269e+06  1.733865e+09
1590  1549.690900    0.000076  0.000208  ...  0.000012  7.599320e+06  1.733865e+09
1591  1549.677750    0.000067  0.000120  ...  0.000012  7.626119e+06  1.733865e+09

[1592 rows x 13 columns]
CHANNEL_0_7
           cbragg  cbragg_err   credchi  ...  cdelta_n            cL     timestamp
0     1550.668889    0.000124  0.000380  ...  0.000012  7.767802e+06  1.733849e+09
1     1550.656473    0.000108  0.000170  ...  0.000012  7.798695e+06  1.733849e+09
2     1550.668450    0.000123  0.000382  ...  0.000012  7.819807e+06  1.733849e+09
3     1550.655845    0.000108  0.000173  ...  0.000012  7.804631e+06  1.733849e+09
4     1550.668739    0.000132  0.000418  ...  0.000012  7.737772e+06  1.733849e+09
...           ...         ...       ...  ...       ...           ...           ...
1587  1550.602593    0.000117  0.000202  ...  0.000012  7.787948e+06  1.733865e+09
1588  1550.616193    0.000120  0.000360  ...  0.000012  7.679506e+06  1.733865e+09
1589  1550.602680    0.000133  0.000257  ...  0.000012  7.565164e+06  1.733865e+09
1590  1550.615089    0.000492  0.004769  ...  0.000012  6.563901e+06  1.733865e+09
1591  1550.602126    0.000126  0.000238  ...  0.000012  7.875364e+06  1.733865e+09

[1592 rows x 13 columns]
CHANNEL_0_8
           cbragg  cbragg_err   credchi  ...  cdelta_n            cL     timestamp
0     1551.431665    0.000098  0.000229  ...  0.000012  7.883390e+06  1.733849e+09
1     1551.418537    0.000068  0.000073  ...  0.000012  7.726052e+06  1.733849e+09
2     1551.432848    0.000100  0.000231  ...  0.000012  7.829300e+06  1.733849e+09
3     1551.420183    0.000065  0.000067  ...  0.000012  7.710444e+06  1.733849e+09
4     1551.430525    0.000073  0.000124  ...  0.000012  7.745328e+06  1.733849e+09
...           ...         ...       ...  ...       ...           ...           ...
1587  1551.067279    0.000114  0.000194  ...  0.000012  7.979403e+06  1.733865e+09
1588  1551.081699    0.000183  0.000737  ...  0.000012  7.895393e+06  1.733865e+09
1589  1551.067297    0.000068  0.000066  ...  0.000012  7.702061e+06  1.733865e+09
1590  1551.081347    0.000070  0.000111  ...  0.000012  7.664342e+06  1.733865e+09
1591  1551.067294    0.000140  0.000277  ...  0.000012  7.896385e+06  1.733865e+09

[1592 rows x 13 columns]
CHANNEL_0_9
           cbragg  cbragg_err   credchi  ...  cdelta_n            cL     timestamp
0     1552.065604    0.000097  0.000165  ...  0.000012  7.789193e+06  1.733849e+09
1     1552.053087    0.000272  0.000928  ...  0.000012  7.028129e+06  1.733849e+09
2     1552.064901    0.000095  0.000161  ...  0.000012  7.809090e+06  1.733849e+09
3     1552.053061    0.000092  0.000118  ...  0.000012  7.709409e+06  1.733849e+09
4     1552.065053    0.000151  0.000389  ...  0.000012  7.870160e+06  1.733849e+09
...           ...         ...       ...  ...       ...           ...           ...
1587  1552.054493    0.000077  0.000079  ...  0.000012  7.762363e+06  1.733865e+09
1588  1552.067944    0.000080  0.000119  ...  0.000012  7.706081e+06  1.733865e+09
1589  1552.054176    0.000079  0.000082  ...  0.000012  7.765761e+06  1.733865e+09
1590  1552.067293    0.000104  0.000205  ...  0.000012  7.912559e+06  1.733865e+09
1591  1552.054400    0.000089  0.000105  ...  0.000012  7.615128e+06  1.733865e+09

[1592 rows x 13 columns]
CHANNEL_0_10
           cbragg  cbragg_err   credchi  ...  cdelta_n            cL     timestamp
0     1553.070110    0.000074  0.000091  ...  0.000012  7.785232e+06  1.733849e+09
1     1553.057766    0.000075  0.000057  ...  0.000012  7.908727e+06  1.733849e+09
2     1553.070072    0.000072  0.000087  ...  0.000012  7.783556e+06  1.733849e+09
3     1553.057608    0.000070  0.000050  ...  0.000012  7.856152e+06  1.733849e+09
4     1553.069883    0.000072  0.000086  ...  0.000012  7.788189e+06  1.733849e+09
...           ...         ...       ...  ...       ...           ...           ...
1587  1553.059957    0.000070  0.000053  ...  0.000012  7.827474e+06  1.733865e+09
1588  1553.072028    0.000075  0.000087  ...  0.000012  7.806880e+06  1.733865e+09
1589  1553.059534    0.000069  0.000051  ...  0.000012  7.859277e+06  1.733865e+09
1590  1553.072079    0.000076  0.000090  ...  0.000012  7.796987e+06  1.733865e+09
1591  1553.059734    0.000070  0.000053  ...  0.000012  7.851766e+06  1.733865e+09

[1592 rows x 13 columns]
CHANNEL_0_11
           cbragg  cbragg_err   credchi  ...  cdelta_n            cL     timestamp
0     1554.080459    0.000147  0.000334  ...  0.000012  8.081343e+06  1.733849e+09
1     1554.068179    0.000061  0.000040  ...  0.000012  7.703886e+06  1.733849e+09
2     1554.080483    0.000062  0.000058  ...  0.000012  7.700151e+06  1.733849e+09
3     1554.068034    0.000062  0.000041  ...  0.000012  7.718357e+06  1.733849e+09
4     1554.080467    0.000060  0.000054  ...  0.000012  7.733241e+06  1.733849e+09
...           ...         ...       ...  ...       ...           ...           ...
1587  1554.069046    0.000059  0.000035  ...  0.000012  7.778422e+06  1.733865e+09
1588  1554.083030    0.000067  0.000070  ...  0.000012  7.750242e+06  1.733865e+09
1589  1554.068835    0.000166  0.000289  ...  0.000012  8.153712e+06  1.733865e+09
1590  1554.083113    0.000063  0.000062  ...  0.000012  7.696947e+06  1.733865e+09
1591  1554.068884    0.000139  0.000210  ...  0.000012  8.165283e+06  1.733865e+09

[1592 rows x 13 columns]
CHANNEL_0_12
           cbragg  cbragg_err   credchi  ...  cdelta_n            cL     timestamp
0     1555.104983    0.000146  0.000615  ...  0.000012  7.893568e+06  1.733849e+09
1     1555.089676    0.000111  0.000183  ...  0.000012  7.611854e+06  1.733849e+09
2     1555.104653    0.000126  0.000435  ...  0.000012  7.720418e+06  1.733849e+09
3     1555.089620    0.000108  0.000173  ...  0.000012  7.648739e+06  1.733849e+09
4     1555.104857    0.000138  0.000524  ...  0.000012  7.767883e+06  1.733849e+09
...           ...         ...       ...  ...       ...           ...           ...
1587  1555.091976    0.000102  0.000157  ...  0.000012  7.650507e+06  1.733865e+09
1588  1555.107002    0.000103  0.000281  ...  0.000012  7.604085e+06  1.733865e+09
1589  1555.091692    0.000247  0.000885  ...  0.000012  7.104860e+06  1.733865e+09
1590  1555.107097    0.000102  0.000274  ...  0.000012  7.604555e+06  1.733865e+09
1591  1555.091688    0.000107  0.000175  ...  0.000012  7.691000e+06  1.733865e+09

[1592 rows x 13 columns]
CHANNEL_0_13
           cbragg  cbragg_err   credchi  ...  cdelta_n            cL     timestamp
0     1556.078694    0.000131  0.000200  ...  0.000012  7.714545e+06  1.733849e+09
1     1556.070734    0.000135  0.000225  ...  0.000012  7.805927e+06  1.733849e+09
2     1556.078753    0.000133  0.000208  ...  0.000012  7.689448e+06  1.733849e+09
3     1556.070725    0.000148  0.000256  ...  0.000012  7.696063e+06  1.733849e+09
4     1556.078651    0.000223  0.000537  ...  0.000012  7.206624e+06  1.733849e+09
...           ...         ...       ...  ...       ...           ...           ...
1587  1556.071595    0.000324  0.001032  ...  0.000012  6.888917e+06  1.733865e+09
1588  1556.081337    0.000126  0.000197  ...  0.000012  7.732268e+06  1.733865e+09
1589  1556.071212    0.000130  0.000195  ...  0.000012  7.732886e+06  1.733865e+09
1590  1556.081211    0.000147  0.000277  ...  0.000012  7.974910e+06  1.733865e+09
1591  1556.071402    0.000204  0.000496  ...  0.000012  8.097864e+06  1.733865e+09

[1592 rows x 13 columns]
CHANNEL_0_14
           cbragg  cbragg_err   credchi  ...  cdelta_n            cL     timestamp
0     1557.050981    0.000116  0.000295  ...  0.000012  7.832972e+06  1.733849e+09
1     1557.037892    0.000093  0.000144  ...  0.000012  7.807111e+06  1.733849e+09
2     1557.051036    0.000113  0.000289  ...  0.000012  7.879525e+06  1.733849e+09
3     1557.037830    0.000088  0.000128  ...  0.000012  7.757121e+06  1.733849e+09
4     1557.051076    0.000094  0.000196  ...  0.000012  7.729500e+06  1.733849e+09
...           ...         ...       ...  ...       ...           ...           ...
1587  1557.039352    0.000091  0.000129  ...  0.000012  7.767232e+06  1.733865e+09
1588  1557.053133    0.000092  0.000191  ...  0.000012  7.719046e+06  1.733865e+09
1589  1557.039151    0.000220  0.000832  ...  0.000012  8.378973e+06  1.733865e+09
1590  1557.053101    0.000092  0.000195  ...  0.000012  7.743091e+06  1.733865e+09
1591  1557.039202    0.000088  0.000123  ...  0.000012  7.774442e+06  1.733865e+09

[1592 rows x 13 columns]
CHANNEL_1_1
           cbragg  cbragg_err   credchi  ...  cdelta_n            cL     timestamp
0     1557.016222    0.000107  0.000064  ...  0.000012  2.670829e+06  1.733849e+09
1     1557.012666    0.000343  0.000548  ...  0.000012  2.506664e+06  1.733849e+09
2     1557.017937    0.000765  0.002107  ...  0.000012  2.330645e+06  1.733849e+09
3     1557.015422    0.000106  0.000064  ...  0.000012  2.678314e+06  1.733849e+09
4     1557.017691    0.000139  0.000101  ...  0.000012  2.624821e+06  1.733849e+09
...           ...         ...       ...  ...       ...           ...           ...
1587  1556.982057    0.000080  0.000037  ...  0.000012  2.690546e+06  1.733865e+09
1588  1556.984490    0.000087  0.000042  ...  0.000012  2.694162e+06  1.733865e+09
1589  1556.981637    0.000079  0.000036  ...  0.000012  2.695153e+06  1.733865e+09
1590  1556.982379    0.000086  0.000042  ...  0.000012  2.686443e+06  1.733865e+09
1591  1556.979456    0.000077  0.000035  ...  0.000012  2.703433e+06  1.733865e+09

[1592 rows x 13 columns]
CHANNEL_1_2
           cbragg  cbragg_err   credchi  ...  cdelta_n            cL     timestamp
0     1559.721749    0.002812  0.192739  ...  0.000012  5.253189e+06  1.733849e+09
1     1559.744783    0.002695  0.177335  ...  0.000012  5.142566e+06  1.733849e+09
2     1559.737776    0.000186  0.000280  ...  0.000012  2.715138e+06  1.733849e+09
3     1559.739575    0.000975  0.013940  ...  0.000012  3.420850e+06  1.733849e+09
4     1559.737480    0.001150  0.019919  ...  0.000012  3.530762e+06  1.733849e+09
...           ...         ...       ...  ...       ...           ...           ...
1587  1559.690236    0.003079  0.198525  ...  0.000012  5.130281e+06  1.733865e+09
1588  1559.674785    0.001900  0.072657  ...  0.000012  4.220843e+06  1.733865e+09
1589  1559.681893    0.001430  0.038511  ...  0.000012  3.853784e+06  1.733865e+09
1590  1559.679490    0.001057  0.016319  ...  0.000012  3.472826e+06  1.733865e+09
1591  1559.668890    0.003319  0.219983  ...  0.000012  5.204914e+06  1.733865e+09

[1592 rows x 13 columns]
CHANNEL_1_3
           cbragg  cbragg_err   credchi  ...  cdelta_n            cL     timestamp
0     1561.114407    0.000086  0.000064  ...  0.000012  2.886034e+06  1.733849e+09
1     1561.110104    0.000038  0.000014  ...  0.000012  2.928651e+06  1.733849e+09
2     1561.114386    0.000036  0.000012  ...  0.000012  2.931018e+06  1.733849e+09
3     1561.109933    0.000043  0.000018  ...  0.000012  2.935370e+06  1.733849e+09
4     1561.114638    0.000105  0.000013  ...  0.000012  2.944014e+06  1.733849e+09
...           ...         ...       ...  ...       ...           ...           ...
1587  1561.108885    0.002068  0.014688  ...  0.000012  2.133964e+06  1.733865e+09
1588  1561.113776    0.000040  0.000014  ...  0.000012  2.925990e+06  1.733865e+09
1589  1561.109774    0.000451  0.001462  ...  0.000012  2.691106e+06  1.733865e+09
1590  1561.113656    0.000038  0.000013  ...  0.000012  2.925295e+06  1.733865e+09
1591  1561.109384    0.000041  0.000015  ...  0.000012  2.917817e+06  1.733865e+09

[1592 rows x 13 columns]
CHANNEL_2_1
           cbragg  cbragg_err   credchi  ...  cdelta_n            cL     timestamp
0     1544.440840    0.000052  0.000003  ...  0.000012  2.796487e+06  1.733849e+09
1     1544.437480    0.000055  0.000003  ...  0.000012  2.784127e+06  1.733849e+09
2     1544.442532    0.000052  0.000003  ...  0.000012  2.781757e+06  1.733849e+09
3     1544.438564    0.000120  0.000004  ...  0.000012  2.783988e+06  1.733849e+09
4     1544.439843    0.000053  0.000003  ...  0.000012  2.778622e+06  1.733849e+09
...           ...         ...       ...  ...       ...           ...           ...
1587  1544.403582    0.000055  0.000003  ...  0.000012  2.787037e+06  1.733865e+09
1588  1544.408206    0.000046  0.000002  ...  0.000012  2.784379e+06  1.733865e+09
1589  1544.403974    0.000053  0.000003  ...  0.000012  2.788304e+06  1.733865e+09
1590  1544.407506    0.000048  0.000003  ...  0.000012  2.783117e+06  1.733865e+09
1591  1544.403135    0.000055  0.000003  ...  0.000012  2.787190e+06  1.733865e+09

[1592 rows x 13 columns]
CHANNEL_2_2
           cbragg  cbragg_err   credchi  ...  cdelta_n            cL     timestamp
0     1547.435070    0.000601  0.000455  ...  0.000012  3.080818e+06  1.733849e+09
1     1547.438068    0.000675  0.000607  ...  0.000012  3.051575e+06  1.733849e+09
2     1547.435315    0.001128  0.001986  ...  0.000012  3.395517e+06  1.733849e+09
3     1547.438770    0.000134  0.000018  ...  0.000012  2.669516e+06  1.733849e+09
4     1547.436168    0.000124  0.000015  ...  0.000012  2.750745e+06  1.733849e+09
...           ...         ...       ...  ...       ...           ...           ...
1587  1547.379732    0.000112  0.000012  ...  0.000012  2.711057e+06  1.733865e+09
1588  1547.377120    0.000180  0.000026  ...  0.000012  2.718773e+06  1.733865e+09
1589  1547.379768    0.000111  0.000012  ...  0.000012  2.709181e+06  1.733865e+09
1590  1547.375872    0.000659  0.000495  ...  0.000012  3.070600e+06  1.733865e+09
1591  1547.377940    0.000650  0.000642  ...  0.000012  3.144115e+06  1.733865e+09

[1592 rows x 13 columns]
CHANNEL_2_3
           cbragg  cbragg_err   credchi  ...  cdelta_n            cL     timestamp
0     1548.620117    0.000098  0.000011  ...  0.000012  2.892336e+06  1.733849e+09
1     1548.619055    0.000131  0.000019  ...  0.000012  2.832724e+06  1.733849e+09
2     1548.620122    0.000996  0.001975  ...  0.000012  3.646490e+06  1.733849e+09
3     1548.618898    0.000107  0.000014  ...  0.000012  2.883801e+06  1.733849e+09
4     1548.619815    0.000120  0.000017  ...  0.000012  2.941514e+06  1.733849e+09
...           ...         ...       ...  ...       ...           ...           ...
1587  1548.616767    0.000106  0.000013  ...  0.000012  2.889827e+06  1.733865e+09
1588  1548.617474    0.000098  0.000010  ...  0.000012  2.910936e+06  1.733865e+09
1589  1548.616603    0.000110  0.000014  ...  0.000012  2.888840e+06  1.733865e+09
1590  1548.617359    0.000244  0.000071  ...  0.000012  3.035539e+06  1.733865e+09
1591  1548.616986    0.000108  0.000013  ...  0.000012  2.878250e+06  1.733865e+09

[1592 rows x 13 columns]
CHANNEL_3_1
           cbragg  cbragg_err   credchi  ...  cdelta_n            cL     timestamp
0     1544.612133    0.000329  0.000026  ...  0.000012  7.782931e+06  1.733849e+09
1     1544.615835    0.000132  0.000025  ...  0.000012  7.773628e+06  1.733849e+09
2     1544.611656    0.000111  0.000027  ...  0.000012  7.781507e+06  1.733849e+09
3     1544.615674    0.000199  0.000024  ...  0.000012  7.783058e+06  1.733849e+09
4     1544.612305    0.000109  0.000025  ...  0.000012  7.785274e+06  1.733849e+09
...           ...         ...       ...  ...       ...           ...           ...
1587  1544.614269    0.000111  0.000024  ...  0.000012  7.791585e+06  1.733865e+09
1588  1544.609558    0.000109  0.000026  ...  0.000012  7.796502e+06  1.733865e+09
1589  1544.614428    0.000154  0.000024  ...  0.000012  7.795816e+06  1.733865e+09
1590  1544.609251    0.000136  0.000026  ...  0.000012  7.792816e+06  1.733865e+09
1591  1544.614084    0.000111  0.000025  ...  0.000012  7.790596e+06  1.733865e+09

[1592 rows x 13 columns]
CHANNEL_3_2
           cbragg  cbragg_err   credchi  ...  cdelta_n            cL     timestamp
0     1545.610528    0.000114  0.000037  ...  0.000012  7.809380e+06  1.733849e+09
1     1545.607476    0.000112  0.000036  ...  0.000012  7.795017e+06  1.733849e+09
2     1545.611289    0.000113  0.000037  ...  0.000012  7.805555e+06  1.733849e+09
3     1545.608620    0.000112  0.000036  ...  0.000012  7.802239e+06  1.733849e+09
4     1545.610587    0.000113  0.000037  ...  0.000012  7.813159e+06  1.733849e+09
...           ...         ...       ...  ...       ...           ...           ...
1587  1545.606446    0.000118  0.000040  ...  0.000012  7.670581e+06  1.733865e+09
1588  1545.609006    0.000111  0.000035  ...  0.000012  7.813113e+06  1.733865e+09
1589  1545.607398    0.000114  0.000037  ...  0.000012  7.793671e+06  1.733865e+09
1590  1545.608540    0.000114  0.000037  ...  0.000012  7.811820e+06  1.733865e+09
1591  1545.606996    0.000111  0.000036  ...  0.000012  7.751442e+06  1.733865e+09

[1592 rows x 13 columns]
CHANNEL_3_3
           cbragg  cbragg_err   credchi  ...  cdelta_n            cL     timestamp
0     1546.563035    0.000108  0.000035  ...  0.000012  7.568908e+06  1.733849e+09
1     1546.567300    0.000108  0.000033  ...  0.000012  7.588533e+06  1.733849e+09
2     1546.563486    0.000105  0.000034  ...  0.000012  7.578628e+06  1.733849e+09
3     1546.568012    0.000107  0.000033  ...  0.000012  7.606271e+06  1.733849e+09
4     1546.563451    0.000106  0.000034  ...  0.000012  7.579028e+06  1.733849e+09
...           ...         ...       ...  ...       ...           ...           ...
1587  1546.564605    0.000110  0.000034  ...  0.000012  7.584726e+06  1.733865e+09
1588  1546.558481    0.000106  0.000034  ...  0.000012  7.587693e+06  1.733865e+09
1589  1546.564419    0.000109  0.000034  ...  0.000012  7.593613e+06  1.733865e+09
1590  1546.559043    0.000106  0.000034  ...  0.000012  7.581376e+06  1.733865e+09
1591  1546.564847    0.000109  0.000034  ...  0.000012  7.589298e+06  1.733865e+09

[1592 rows x 13 columns]
CHANNEL_3_4
           cbragg  cbragg_err   credchi  ...  cdelta_n            cL     timestamp
0     1547.508241    0.000100  0.000025  ...  0.000012  7.744138e+06  1.733849e+09
1     1547.507475    0.000128  0.000048  ...  0.000012  7.849498e+06  1.733849e+09
2     1547.508286    0.000108  0.000029  ...  0.000012  7.559175e+06  1.733849e+09
3     1547.507671    0.000098  0.000028  ...  0.000012  7.707919e+06  1.733849e+09
4     1547.508230    0.000098  0.000024  ...  0.000012  7.729903e+06  1.733849e+09
...           ...         ...       ...  ...       ...           ...           ...
1587  1547.502130    0.000098  0.000028  ...  0.000012  7.696089e+06  1.733865e+09
1588  1547.501154    0.000099  0.000025  ...  0.000012  7.733474e+06  1.733865e+09
1589  1547.501611    0.000100  0.000030  ...  0.000012  7.761756e+06  1.733865e+09
1590  1547.501649    0.000099  0.000024  ...  0.000012  7.676849e+06  1.733865e+09
1591  1547.502065    0.000102  0.000031  ...  0.000012  7.753542e+06  1.733865e+09

[1592 rows x 13 columns]
CHANNEL_3_5
           cbragg  cbragg_err   credchi  ...  cdelta_n            cL     timestamp
0     1548.482572    0.000080  0.000019  ...  0.000012  7.577136e+06  1.733849e+09
1     1548.487007    0.000077  0.000015  ...  0.000012  7.609027e+06  1.733849e+09
2     1548.482588    0.000080  0.000019  ...  0.000012  7.568553e+06  1.733849e+09
3     1548.487062    0.000078  0.000016  ...  0.000012  7.606544e+06  1.733849e+09
4     1548.482530    0.000081  0.000020  ...  0.000012  7.572479e+06  1.733849e+09
...           ...         ...       ...  ...       ...           ...           ...
1587  1548.478147    0.000077  0.000016  ...  0.000012  7.633198e+06  1.733865e+09
1588  1548.471964    0.000077  0.000017  ...  0.000012  7.568946e+06  1.733865e+09
1589  1548.477983    0.000077  0.000016  ...  0.000012  7.612938e+06  1.733865e+09
1590  1548.472061    0.000078  0.000018  ...  0.000012  7.582722e+06  1.733865e+09
1591  1548.477909    0.000075  0.000015  ...  0.000012  7.622212e+06  1.733865e+09

[1592 rows x 13 columns]
CHANNEL_3_6
           cbragg  cbragg_err   credchi  ...  cdelta_n            cL     timestamp
0     1549.443884    0.000082  0.000019  ...  0.000012  7.744793e+06  1.733849e+09
1     1549.443458    0.000080  0.000019  ...  0.000012  7.734792e+06  1.733849e+09
2     1549.443614    0.000082  0.000019  ...  0.000012  7.735908e+06  1.733849e+09
3     1549.443205    0.000082  0.000020  ...  0.000012  7.731095e+06  1.733849e+09
4     1549.443688    0.000083  0.000019  ...  0.000012  7.741512e+06  1.733849e+09
...           ...         ...       ...  ...       ...           ...           ...
1587  1549.426099    0.000079  0.000018  ...  0.000012  7.711633e+06  1.733865e+09
1588  1549.425247    0.000083  0.000019  ...  0.000012  7.752739e+06  1.733865e+09
1589  1549.426155    0.000086  0.000022  ...  0.000012  7.822603e+06  1.733865e+09
1590  1549.424997    0.000083  0.000019  ...  0.000012  7.736718e+06  1.733865e+09
1591  1549.425882    0.000084  0.000020  ...  0.000012  7.794226e+06  1.733865e+09

[1592 rows x 13 columns]
CHANNEL_3_7
           cbragg  cbragg_err   credchi  ...  cdelta_n            cL     timestamp
0     1550.415410    0.000093  0.000026  ...  0.000012  7.583401e+06  1.733849e+09
1     1550.418510    0.000090  0.000020  ...  0.000012  7.571418e+06  1.733849e+09
2     1550.414740    0.000091  0.000025  ...  0.000012  7.545993e+06  1.733849e+09
3     1550.417681    0.000091  0.000021  ...  0.000012  7.575508e+06  1.733849e+09
4     1550.414957    0.000093  0.000026  ...  0.000012  7.549374e+06  1.733849e+09
...           ...         ...       ...  ...       ...           ...           ...
1587  1550.372041    0.000100  0.000026  ...  0.000012  7.561319e+06  1.733865e+09
1588  1550.367851    0.000096  0.000027  ...  0.000012  7.534876e+06  1.733865e+09
1589  1550.372736    0.000098  0.000025  ...  0.000012  7.556895e+06  1.733865e+09
1590  1550.366430    0.000095  0.000026  ...  0.000012  7.539202e+06  1.733865e+09
1591  1550.371948    0.000096  0.000024  ...  0.000012  7.582602e+06  1.733865e+09

[1592 rows x 13 columns]
CHANNEL_3_8
           cbragg  cbragg_err   credchi  ...  cdelta_n            cL     timestamp
0     1551.160825    0.000091  0.000017  ...  0.000012  7.659991e+06  1.733849e+09
1     1551.156045    0.000089  0.000018  ...  0.000012  7.654826e+06  1.733849e+09
2     1551.161547    0.000088  0.000016  ...  0.000012  7.672548e+06  1.733849e+09
3     1551.158119    0.000088  0.000018  ...  0.000012  7.658287e+06  1.733849e+09
4     1551.159108    0.000090  0.000016  ...  0.000012  7.656079e+06  1.733849e+09
...           ...         ...       ...  ...       ...           ...           ...
1587  1550.808370    0.000102  0.000021  ...  0.000012  7.577222e+06  1.733865e+09
1588  1550.811502    0.000099  0.000020  ...  0.000012  7.593722e+06  1.733865e+09
1589  1550.808372    0.000103  0.000022  ...  0.000012  7.576159e+06  1.733865e+09
1590  1550.811180    0.000105  0.000022  ...  0.000012  7.554123e+06  1.733865e+09
1591  1550.808204    0.000104  0.000022  ...  0.000012  7.566571e+06  1.733865e+09

[1592 rows x 13 columns]
CHANNEL_3_9
           cbragg  cbragg_err   credchi  ...  cdelta_n            cL     timestamp
0     1551.799840    0.000103  0.000021  ...  0.000012  7.628130e+06  1.733849e+09
1     1551.801781    0.000100  0.000020  ...  0.000012  7.679048e+06  1.733849e+09
2     1551.799635    0.000100  0.000020  ...  0.000012  7.671661e+06  1.733849e+09
3     1551.801687    0.000124  0.000029  ...  0.000012  7.422998e+06  1.733849e+09
4     1551.799573    0.000099  0.000019  ...  0.000012  7.670897e+06  1.733849e+09
...           ...         ...       ...  ...       ...           ...           ...
1587  1551.812833    0.000092  0.000018  ...  0.000012  7.677346e+06  1.733865e+09
1588  1551.808011    0.000095  0.000016  ...  0.000012  7.621061e+06  1.733865e+09
1589  1551.812702    0.000093  0.000019  ...  0.000012  7.675947e+06  1.733865e+09
1590  1551.808096    0.000093  0.000016  ...  0.000012  7.667457e+06  1.733865e+09
1591  1551.812743    0.000091  0.000018  ...  0.000012  7.674843e+06  1.733865e+09

[1592 rows x 13 columns]
CHANNEL_3_10
           cbragg  cbragg_err   credchi  ...  cdelta_n            cL     timestamp
0     1552.809555    0.000103  0.000022  ...  0.000012  7.741681e+06  1.733849e+09
1     1552.804813    0.000107  0.000017  ...  0.000012  7.709689e+06  1.733849e+09
2     1552.809660    0.000102  0.000021  ...  0.000012  7.748230e+06  1.733849e+09
3     1552.804848    0.000147  0.000030  ...  0.000012  7.431361e+06  1.733849e+09
4     1552.809426    0.000103  0.000021  ...  0.000012  7.736271e+06  1.733849e+09
...           ...         ...       ...  ...       ...           ...           ...
1587  1552.814393    0.000132  0.000023  ...  0.000012  7.502699e+06  1.733865e+09
1588  1552.819103    0.000101  0.000022  ...  0.000012  7.759835e+06  1.733865e+09
1589  1552.814362    0.000227  0.000063  ...  0.000012  7.187086e+06  1.733865e+09
1590  1552.819237    0.000104  0.000023  ...  0.000012  7.737702e+06  1.733865e+09
1591  1552.814285    0.000229  0.000064  ...  0.000012  7.179777e+06  1.733865e+09

[1592 rows x 13 columns]
CHANNEL_3_11
           cbragg  cbragg_err   credchi  ...  cdelta_n            cL     timestamp
0     1553.769813    0.000128  0.000029  ...  0.000012  7.980234e+06  1.733849e+09
1     1553.777658    0.000126  0.000044  ...  0.000012  7.885449e+06  1.733849e+09
2     1553.769760    0.000126  0.000028  ...  0.000012  7.981918e+06  1.733849e+09
3     1553.777663    0.000128  0.000045  ...  0.000012  7.901944e+06  1.733849e+09
4     1553.769642    0.000126  0.000028  ...  0.000012  7.975353e+06  1.733849e+09
...           ...         ...       ...  ...       ...           ...           ...
1587  1553.787706    0.000126  0.000045  ...  0.000012  7.898645e+06  1.733865e+09
1588  1553.778945    0.000127  0.000027  ...  0.000012  7.993406e+06  1.733865e+09
1589  1553.787505    0.000125  0.000045  ...  0.000012  7.905781e+06  1.733865e+09
1590  1553.778910    0.000129  0.000028  ...  0.000012  7.977462e+06  1.733865e+09
1591  1553.787482    0.000134  0.000050  ...  0.000012  7.734920e+06  1.733865e+09

[1592 rows x 13 columns]
CHANNEL_3_12
           cbragg  cbragg_err   credchi  ...  cdelta_n            cL     timestamp
0     1554.753292    0.000098  0.000022  ...  0.000012  7.764624e+06  1.733849e+09
1     1554.747060    0.000099  0.000016  ...  0.000012  7.807252e+06  1.733849e+09
2     1554.753189    0.000099  0.000023  ...  0.000012  7.763242e+06  1.733849e+09
3     1554.747015    0.000100  0.000017  ...  0.000012  7.803307e+06  1.733849e+09
4     1554.753102    0.000097  0.000022  ...  0.000012  7.770196e+06  1.733849e+09
...           ...         ...       ...  ...       ...           ...           ...
1587  1554.757516    0.000097  0.000015  ...  0.000012  7.810237e+06  1.733865e+09
1588  1554.762455    0.000098  0.000023  ...  0.000012  7.771094e+06  1.733865e+09
1589  1554.757383    0.000098  0.000015  ...  0.000012  7.821483e+06  1.733865e+09
1590  1554.762432    0.000097  0.000022  ...  0.000012  7.773778e+06  1.733865e+09
1591  1554.757402    0.000098  0.000015  ...  0.000012  7.814824e+06  1.733865e+09

[1592 rows x 13 columns]
CHANNEL_3_13
           cbragg  cbragg_err   credchi  ...  cdelta_n            cL     timestamp
0     1555.758025    0.000087  0.000013  ...  0.000012  7.588089e+06  1.733849e+09
1     1555.763206    0.000085  0.000015  ...  0.000012  7.572324e+06  1.733849e+09
2     1555.757742    0.000088  0.000013  ...  0.000012  7.580782e+06  1.733849e+09
3     1555.763209    0.000086  0.000016  ...  0.000012  7.582210e+06  1.733849e+09
4     1555.757668    0.000088  0.000013  ...  0.000012  7.574764e+06  1.733849e+09
...           ...         ...       ...  ...       ...           ...           ...
1587  1555.773985    0.000084  0.000016  ...  0.000012  7.607033e+06  1.733865e+09
1588  1555.766203    0.000084  0.000011  ...  0.000012  7.615076e+06  1.733865e+09
1589  1555.773721    0.000084  0.000016  ...  0.000012  7.607741e+06  1.733865e+09
1590  1555.766182    0.000087  0.000012  ...  0.000012  7.605844e+06  1.733865e+09
1591  1555.773797    0.000083  0.000016  ...  0.000012  7.603403e+06  1.733865e+09

[1592 rows x 13 columns]
CHANNEL_3_14
           cbragg  cbragg_err   credchi  ...  cdelta_n            cL     timestamp
0     1556.715841    0.000199  0.000084  ...  0.000012  7.678774e+06  1.733849e+09
1     1556.711211    0.000194  0.000076  ...  0.000012  7.698059e+06  1.733849e+09
2     1556.715733    0.000207  0.000088  ...  0.000012  7.514866e+06  1.733849e+09
3     1556.711195    0.000193  0.000075  ...  0.000012  7.688451e+06  1.733849e+09
4     1556.715647    0.000200  0.000085  ...  0.000012  7.689389e+06  1.733849e+09
...           ...         ...       ...  ...       ...           ...           ...
1587  1556.721121    0.000191  0.000069  ...  0.000012  7.689086e+06  1.733865e+09
1588  1556.724992    0.000192  0.000083  ...  0.000012  7.704492e+06  1.733865e+09
1589  1556.721032    0.000189  0.000068  ...  0.000012  7.686300e+06  1.733865e+09
1590  1556.724921    0.000193  0.000083  ...  0.000012  7.698533e+06  1.733865e+09
1591  1556.721045    0.000189  0.000067  ...  0.000012  7.710166e+06  1.733865e+09

[1592 rows x 13 columns]
