000 (11451992.280.000) 01/28 14:31:49 Job submitted from host: <188.185.114.121:9618?addrs=188.185.114.121-9618+[2001-1458-d00-a--100-273]-9618&alias=bigbird19.cern.ch&noUDP&sock=schedd_2045_4743>
...
040 (11451992.280.000) 01/28 14:41:13 Started transferring input files
	Transferring to host: <188.185.198.178:9618?addrs=188.185.198.178-9618+[2001-1458-303-25--100-ae]-9618&alias=b9p15p6631.cern.ch&noUDP&sock=slot1_11_3121061_919e_77760>
...
040 (11451992.280.000) 01/28 14:41:13 Finished transferring input files
...
001 (11451992.280.000) 01/28 14:41:14 Job executing on host: <188.185.198.178:9618?addrs=188.185.198.178-9618+[2001-1458-303-25--100-ae]-9618&alias=b9p15p6631.cern.ch&noUDP&sock=startd_6111_3757>
	SlotName: slot1_11@b9p15p6631.cern.ch
	CondorScratchDir = "/pool/condor/dir_2857743"
	Cpus = 1
	Disk = 3887
	GPUs = 0
	Memory = 3000
...
006 (11451992.280.000) 01/28 14:41:22 Image size of job updated: 1788
	2  -  MemoryUsage of job (MB)
	1788  -  ResidentSetSize of job (KB)
...
006 (11451992.280.000) 01/28 14:46:22 Image size of job updated: 87916
	86  -  MemoryUsage of job (MB)
	87916  -  ResidentSetSize of job (KB)
...
006 (11451992.280.000) 01/28 14:51:23 Image size of job updated: 91840
	90  -  MemoryUsage of job (MB)
	91840  -  ResidentSetSize of job (KB)
...
006 (11451992.280.000) 01/28 14:56:24 Image size of job updated: 97004
	95  -  MemoryUsage of job (MB)
	97004  -  ResidentSetSize of job (KB)
...
006 (11451992.280.000) 01/28 15:01:24 Image size of job updated: 102212
	100  -  MemoryUsage of job (MB)
	102212  -  ResidentSetSize of job (KB)
...
006 (11451992.280.000) 01/28 15:06:25 Image size of job updated: 106976
	105  -  MemoryUsage of job (MB)
	106976  -  ResidentSetSize of job (KB)
...
006 (11451992.280.000) 01/28 15:11:26 Image size of job updated: 111516
	109  -  MemoryUsage of job (MB)
	111516  -  ResidentSetSize of job (KB)
...
006 (11451992.280.000) 01/28 15:16:26 Image size of job updated: 116056
	114  -  MemoryUsage of job (MB)
	116056  -  ResidentSetSize of job (KB)
...
006 (11451992.280.000) 01/28 15:21:26 Image size of job updated: 121368
	119  -  MemoryUsage of job (MB)
	121368  -  ResidentSetSize of job (KB)
...
006 (11451992.280.000) 01/28 15:26:27 Image size of job updated: 130136
	128  -  MemoryUsage of job (MB)
	130136  -  ResidentSetSize of job (KB)
...
006 (11451992.280.000) 01/28 15:31:28 Image size of job updated: 140248
	137  -  MemoryUsage of job (MB)
	140248  -  ResidentSetSize of job (KB)
...
006 (11451992.280.000) 01/28 15:36:28 Image size of job updated: 142156
	139  -  MemoryUsage of job (MB)
	142156  -  ResidentSetSize of job (KB)
...
006 (11451992.280.000) 01/28 15:41:29 Image size of job updated: 145668
	143  -  MemoryUsage of job (MB)
	145668  -  ResidentSetSize of job (KB)
...
006 (11451992.280.000) 01/28 15:46:30 Image size of job updated: 152888
	150  -  MemoryUsage of job (MB)
	152888  -  ResidentSetSize of job (KB)
...
006 (11451992.280.000) 01/28 15:51:30 Image size of job updated: 158652
	155  -  MemoryUsage of job (MB)
	158652  -  ResidentSetSize of job (KB)
...
006 (11451992.280.000) 01/28 15:56:30 Image size of job updated: 162476
	159  -  MemoryUsage of job (MB)
	162476  -  ResidentSetSize of job (KB)
...
006 (11451992.280.000) 01/28 16:01:31 Image size of job updated: 166756
	163  -  MemoryUsage of job (MB)
	166756  -  ResidentSetSize of job (KB)
...
006 (11451992.280.000) 01/28 16:06:32 Image size of job updated: 170880
	167  -  MemoryUsage of job (MB)
	170880  -  ResidentSetSize of job (KB)
...
006 (11451992.280.000) 01/28 16:11:32 Image size of job updated: 174648
	171  -  MemoryUsage of job (MB)
	174648  -  ResidentSetSize of job (KB)
...
006 (11451992.280.000) 01/28 16:16:33 Image size of job updated: 177772
	174  -  MemoryUsage of job (MB)
	177772  -  ResidentSetSize of job (KB)
...
006 (11451992.280.000) 01/28 16:21:34 Image size of job updated: 181004
	177  -  MemoryUsage of job (MB)
	181004  -  ResidentSetSize of job (KB)
...
006 (11451992.280.000) 01/28 16:26:34 Image size of job updated: 184476
	181  -  MemoryUsage of job (MB)
	184476  -  ResidentSetSize of job (KB)
...
040 (11451992.280.000) 01/28 16:30:06 Started transferring output files
...
040 (11451992.280.000) 01/28 16:30:06 Finished transferring output files
...
005 (11451992.280.000) 01/28 16:30:06 Job terminated.
	(1) Normal termination (return value 0)
		Usr 0 01:39:17, Sys 0 00:00:09  -  Run Remote Usage
		Usr 0 00:00:00, Sys 0 00:00:00  -  Run Local Usage
		Usr 0 01:39:17, Sys 0 00:00:09  -  Total Remote Usage
		Usr 0 00:00:00, Sys 0 00:00:00  -  Total Local Usage
	40692  -  Run Bytes Sent By Job
	5797  -  Run Bytes Received By Job
	40692  -  Total Bytes Sent By Job
	5797  -  Total Bytes Received By Job
	Partitionable Resources :    Usage  Request Allocated 
	   Cpus                 :     0.99        1         1 
	   Disk (KB)            :    69          10      3887 
	   GPUs                 :                           0 
	   Memory (MB)          :   181        3000      3000 

	Job terminated of its own accord at 2025-01-28T15:30:06Z with exit-code 0.
...
