CHANNEL_0_1
           cbragg  cbragg_err   credchi  ...  cdelta_n            cL     timestamp
0     1544.922566    0.000094  0.000206  ...  0.000012  7.686462e+06  1.733929e+09
1     1544.920424    0.000198  0.000275  ...  0.000012  7.662772e+06  1.733929e+09
2     1544.922822    0.000169  0.000205  ...  0.000012  7.687892e+06  1.733929e+09
3     1544.920562    0.000093  0.000271  ...  0.000012  7.668839e+06  1.733929e+09
4     1544.922604    0.000093  0.000205  ...  0.000012  7.693484e+06  1.733929e+09
...           ...         ...       ...  ...       ...           ...           ...
1587  1544.903406    0.000519  0.006494  ...  0.000012  6.376418e+06  1.733944e+09
1588  1544.901681    0.000094  0.000194  ...  0.000012  7.692189e+06  1.733944e+09
1589  1544.903404    0.000100  0.000325  ...  0.000012  7.632054e+06  1.733944e+09
1590  1544.901736    0.000239  0.001088  ...  0.000012  7.027777e+06  1.733944e+09
1591  1544.903410    0.000119  0.000306  ...  0.000012  7.642410e+06  1.733944e+09

[1592 rows x 13 columns]
CHANNEL_0_2
           cbragg  cbragg_err   credchi  ...  cdelta_n            cL     timestamp
0     1545.847525    0.000077  0.000108  ...  0.000012  7.678154e+06  1.733929e+09
1     1545.836390    0.000078  0.000059  ...  0.000012  7.732807e+06  1.733929e+09
2     1545.847665    0.000077  0.000107  ...  0.000012  7.664872e+06  1.733929e+09
3     1545.836438    0.000078  0.000059  ...  0.000012  7.740185e+06  1.733929e+09
4     1545.847565    0.000075  0.000099  ...  0.000012  7.663831e+06  1.733929e+09
...           ...         ...       ...  ...       ...           ...           ...
1587  1545.811417    0.000076  0.000056  ...  0.000012  7.721961e+06  1.733944e+09
1588  1545.819805    0.000076  0.000103  ...  0.000012  7.685656e+06  1.733944e+09
1589  1545.811774    0.000074  0.000054  ...  0.000012  7.713790e+06  1.733944e+09
1590  1545.819287    0.000078  0.000107  ...  0.000012  7.680317e+06  1.733944e+09
1591  1545.811233    0.000080  0.000062  ...  0.000012  7.800183e+06  1.733944e+09

[1592 rows x 13 columns]
CHANNEL_0_3
           cbragg  cbragg_err   credchi  ...  cdelta_n            cL     timestamp
0     1546.778759    0.000116  0.000297  ...  0.000012  7.845875e+06  1.733929e+09
1     1546.774078    0.000101  0.000229  ...  0.000012  7.596641e+06  1.733929e+09
2     1546.778618    0.000156  0.000495  ...  0.000012  7.304025e+06  1.733929e+09
3     1546.773765    0.000129  0.000393  ...  0.000012  7.892766e+06  1.733929e+09
4     1546.778499    0.000105  0.000241  ...  0.000012  7.754190e+06  1.733929e+09
...           ...         ...       ...  ...       ...           ...           ...
1587  1546.735822    0.000107  0.000288  ...  0.000012  7.709050e+06  1.733944e+09
1588  1546.736520    0.000107  0.000211  ...  0.000012  7.590926e+06  1.733944e+09
1589  1546.735758    0.000104  0.000266  ...  0.000012  7.674098e+06  1.733944e+09
1590  1546.736460    0.000114  0.000245  ...  0.000012  7.668639e+06  1.733944e+09
1591  1546.735642    0.000103  0.000260  ...  0.000012  7.640538e+06  1.733944e+09

[1592 rows x 13 columns]
CHANNEL_0_4
           cbragg  cbragg_err   credchi  ...  cdelta_n            cL     timestamp
0     1547.713694    0.000107  0.000336  ...  0.000012  8.045479e+06  1.733929e+09
1     1547.701899    0.000240  0.001045  ...  0.000012  8.584857e+06  1.733929e+09
2     1547.713218    0.000102  0.000301  ...  0.000012  7.955961e+06  1.733929e+09
3     1547.701689    0.000098  0.000163  ...  0.000012  7.942885e+06  1.733929e+09
4     1547.713317    0.000101  0.000293  ...  0.000012  7.911585e+06  1.733929e+09
...           ...         ...       ...  ...       ...           ...           ...
1587  1547.637542    0.000111  0.000210  ...  0.000012  7.934803e+06  1.733944e+09
1588  1547.646772    0.000134  0.000517  ...  0.000012  8.058902e+06  1.733944e+09
1589  1547.637241    0.000178  0.000503  ...  0.000012  7.484872e+06  1.733944e+09
1590  1547.646297    0.000147  0.000591  ...  0.000012  7.985986e+06  1.733944e+09
1591  1547.637033    0.000109  0.000203  ...  0.000012  7.917333e+06  1.733944e+09

[1592 rows x 13 columns]
CHANNEL_0_5
           cbragg  cbragg_err   credchi  ...  cdelta_n            cL     timestamp
0     1548.527024    0.000102  0.000347  ...  0.000012  7.800718e+06  1.733929e+09
1     1548.518423    0.000100  0.000196  ...  0.000012  7.790491e+06  1.733929e+09
2     1548.527754    0.000084  0.000236  ...  0.000012  7.762986e+06  1.733929e+09
3     1548.518874    0.000076  0.000117  ...  0.000012  7.713757e+06  1.733929e+09
4     1548.529018    0.000290  0.003126  ...  0.000012  8.536609e+06  1.733929e+09
...           ...         ...       ...  ...       ...           ...           ...
1587  1548.213829    0.000089  0.000176  ...  0.000012  7.898987e+06  1.733944e+09
1588  1548.216553    0.000088  0.000240  ...  0.000012  7.842049e+06  1.733944e+09
1589  1548.213283    0.000074  0.000120  ...  0.000012  7.784137e+06  1.733944e+09
1590  1548.216146    0.000158  0.000811  ...  0.000012  8.143711e+06  1.733944e+09
1591  1548.212119    0.000074  0.000119  ...  0.000012  7.764137e+06  1.733944e+09

[1592 rows x 13 columns]
CHANNEL_0_6
           cbragg  cbragg_err   credchi  ...  cdelta_n            cL     timestamp
0     1549.125118    0.000103  0.000255  ...  0.000012  7.565444e+06  1.733929e+09
1     1549.122244    0.000100  0.000320  ...  0.000012  7.564269e+06  1.733929e+09
2     1549.124969    0.000175  0.000785  ...  0.000012  7.920108e+06  1.733929e+09
3     1549.122259    0.000083  0.000220  ...  0.000012  7.455995e+06  1.733929e+09
4     1549.124893    0.000083  0.000167  ...  0.000012  7.481215e+06  1.733929e+09
...           ...         ...       ...  ...       ...           ...           ...
1587  1549.125958    0.000081  0.000213  ...  0.000012  7.489129e+06  1.733944e+09
1588  1549.127080    0.000085  0.000176  ...  0.000012  7.577459e+06  1.733944e+09
1589  1549.126037    0.000159  0.000814  ...  0.000012  7.714395e+06  1.733944e+09
1590  1549.126922    0.000075  0.000138  ...  0.000012  7.488784e+06  1.733944e+09
1591  1549.125859    0.000080  0.000204  ...  0.000012  7.425441e+06  1.733944e+09

[1592 rows x 13 columns]
CHANNEL_0_7
           cbragg  cbragg_err   credchi  ...  cdelta_n            cL     timestamp
0     1550.130249    0.000214  0.001224  ...  0.000012  8.304076e+06  1.733929e+09
1     1550.117776    0.000105  0.000140  ...  0.000012  7.745355e+06  1.733929e+09
2     1550.130534    0.000135  0.000441  ...  0.000012  7.872755e+06  1.733929e+09
3     1550.117917    0.000105  0.000142  ...  0.000012  7.747935e+06  1.733929e+09
4     1550.130161    0.000117  0.000342  ...  0.000012  7.878980e+06  1.733929e+09
...           ...         ...       ...  ...       ...           ...           ...
1587  1550.123025    0.000485  0.003308  ...  0.000012  8.936674e+06  1.733944e+09
1588  1550.131524    0.000108  0.000270  ...  0.000012  7.683765e+06  1.733944e+09
1589  1550.122956    0.000206  0.000556  ...  0.000012  8.033937e+06  1.733944e+09
1590  1550.131567    0.000267  0.001478  ...  0.000012  7.008446e+06  1.733944e+09
1591  1550.123078    0.000114  0.000172  ...  0.000012  7.775958e+06  1.733944e+09

[1592 rows x 13 columns]
CHANNEL_0_8
           cbragg  cbragg_err   credchi  ...  cdelta_n            cL     timestamp
0     1551.103042    0.000063  0.000095  ...  0.000012  7.590263e+06  1.733929e+09
1     1551.093471    0.000156  0.000309  ...  0.000012  7.229568e+06  1.733929e+09
2     1551.102312    0.000144  0.000485  ...  0.000012  7.832897e+06  1.733929e+09
3     1551.093551    0.000064  0.000056  ...  0.000012  7.679188e+06  1.733929e+09
4     1551.103707    0.000167  0.000678  ...  0.000012  8.001284e+06  1.733929e+09
...           ...         ...       ...  ...       ...           ...           ...
1587  1551.100547    0.000644  0.007514  ...  0.000012  9.633233e+06  1.733944e+09
1588  1551.105896    0.000072  0.000116  ...  0.000012  7.733258e+06  1.733944e+09
1589  1551.100870    0.000066  0.000068  ...  0.000012  7.638353e+06  1.733944e+09
1590  1551.105994    0.000064  0.000088  ...  0.000012  7.636132e+06  1.733944e+09
1591  1551.100917    0.000066  0.000067  ...  0.000012  7.611265e+06  1.733944e+09

[1592 rows x 13 columns]
CHANNEL_0_9
           cbragg  cbragg_err   credchi  ...  cdelta_n            cL     timestamp
0     1552.085966    0.000286  0.001320  ...  0.000012  8.398523e+06  1.733929e+09
1     1552.079126    0.000164  0.000398  ...  0.000012  7.263322e+06  1.733929e+09
2     1552.085748    0.000079  0.000098  ...  0.000012  7.751528e+06  1.733929e+09
3     1552.079150    0.000090  0.000130  ...  0.000012  7.790679e+06  1.733929e+09
4     1552.085813    0.000081  0.000102  ...  0.000012  7.758897e+06  1.733929e+09
...           ...         ...       ...  ...       ...           ...           ...
1587  1552.085383    0.000091  0.000147  ...  0.000012  7.832205e+06  1.733944e+09
1588  1552.088760    0.000082  0.000095  ...  0.000012  7.727589e+06  1.733944e+09
1589  1552.085504    0.000372  0.002135  ...  0.000012  6.835883e+06  1.733944e+09
1590  1552.088869    0.000081  0.000093  ...  0.000012  7.721006e+06  1.733944e+09
1591  1552.085468    0.000080  0.000109  ...  0.000012  7.694103e+06  1.733944e+09

[1592 rows x 13 columns]
CHANNEL_0_10
           cbragg  cbragg_err   credchi  ...  cdelta_n            cL     timestamp
0     1553.092141    0.000284  0.001542  ...  0.000012  8.654415e+06  1.733929e+09
1     1553.079257    0.000078  0.000057  ...  0.000012  7.859496e+06  1.733929e+09
2     1553.092233    0.000084  0.000121  ...  0.000012  7.835732e+06  1.733929e+09
3     1553.079157    0.000081  0.000061  ...  0.000012  7.859108e+06  1.733929e+09
4     1553.092491    0.000158  0.000406  ...  0.000012  7.952336e+06  1.733929e+09
...           ...         ...       ...  ...       ...           ...           ...
1587  1553.085201    0.000080  0.000058  ...  0.000012  7.815808e+06  1.733944e+09
1588  1553.095875    0.000080  0.000110  ...  0.000012  7.747380e+06  1.733944e+09
1589  1553.085281    0.000082  0.000060  ...  0.000012  7.758354e+06  1.733944e+09
1590  1553.095855    0.000081  0.000115  ...  0.000012  7.780993e+06  1.733944e+09
1591  1553.085283    0.000078  0.000055  ...  0.000012  7.841368e+06  1.733944e+09

[1592 rows x 13 columns]
CHANNEL_0_11
           cbragg  cbragg_err   credchi  ...  cdelta_n            cL     timestamp
0     1554.100365    0.000197  0.000566  ...  0.000012  8.187362e+06  1.733929e+09
1     1554.092796    0.000450  0.002010  ...  0.000012  6.746950e+06  1.733929e+09
2     1554.100211    0.000060  0.000049  ...  0.000012  7.656239e+06  1.733929e+09
3     1554.092774    0.000068  0.000049  ...  0.000012  7.651982e+06  1.733929e+09
4     1554.100314    0.000063  0.000054  ...  0.000012  7.615779e+06  1.733929e+09
...           ...         ...       ...  ...       ...           ...           ...
1587  1554.098665    0.000066  0.000051  ...  0.000012  7.643217e+06  1.733944e+09
1588  1554.103494    0.000066  0.000052  ...  0.000012  7.647916e+06  1.733944e+09
1589  1554.098820    0.000261  0.000760  ...  0.000012  7.018317e+06  1.733944e+09
1590  1554.103791    0.000063  0.000048  ...  0.000012  7.652590e+06  1.733944e+09
1591  1554.098855    0.000071  0.000063  ...  0.000012  7.749188e+06  1.733944e+09

[1592 rows x 13 columns]
CHANNEL_0_12
           cbragg  cbragg_err   credchi  ...  cdelta_n            cL     timestamp
0     1555.126089    0.000100  0.000261  ...  0.000012  7.639558e+06  1.733929e+09
1     1555.112580    0.000149  0.000365  ...  0.000012  8.007205e+06  1.733929e+09
2     1555.126066    0.000131  0.000466  ...  0.000012  7.873691e+06  1.733929e+09
3     1555.112688    0.000110  0.000188  ...  0.000012  7.783143e+06  1.733929e+09
4     1555.126096    0.000101  0.000266  ...  0.000012  7.636886e+06  1.733929e+09
...           ...         ...       ...  ...       ...           ...           ...
1587  1555.117702    0.000170  0.000446  ...  0.000012  8.023774e+06  1.733944e+09
1588  1555.130067    0.000126  0.000434  ...  0.000012  7.794367e+06  1.733944e+09
1589  1555.118011    0.000101  0.000154  ...  0.000012  7.673995e+06  1.733944e+09
1590  1555.129887    0.000106  0.000305  ...  0.000012  7.679739e+06  1.733944e+09
1591  1555.117858    0.000114  0.000191  ...  0.000012  7.682919e+06  1.733944e+09

[1592 rows x 13 columns]
CHANNEL_0_13
           cbragg  cbragg_err   credchi  ...  cdelta_n            cL     timestamp
0     1556.100319    0.000125  0.000224  ...  0.000012  7.723240e+06  1.733929e+09
1     1556.091100    0.000126  0.000152  ...  0.000012  7.746563e+06  1.733929e+09
2     1556.100193    0.000217  0.000735  ...  0.000012  8.261710e+06  1.733929e+09
3     1556.091033    0.000130  0.000159  ...  0.000012  7.737419e+06  1.733929e+09
4     1556.100257    0.000126  0.000227  ...  0.000012  7.694543e+06  1.733929e+09
...           ...         ...       ...  ...       ...           ...           ...
1587  1556.097831    0.000390  0.001429  ...  0.000012  6.792347e+06  1.733944e+09
1588  1556.102776    0.000128  0.000207  ...  0.000012  7.685801e+06  1.733944e+09
1589  1556.097961    0.000263  0.000783  ...  0.000012  8.328861e+06  1.733944e+09
1590  1556.102733    0.000131  0.000216  ...  0.000012  7.684721e+06  1.733944e+09
1591  1556.098034    0.000254  0.000733  ...  0.000012  8.305655e+06  1.733944e+09

[1592 rows x 13 columns]
CHANNEL_0_14
           cbragg  cbragg_err   credchi  ...  cdelta_n            cL     timestamp
0     1557.070840    0.000088  0.000138  ...  0.000012  7.711333e+06  1.733929e+09
1     1557.063216    0.000087  0.000150  ...  0.000012  7.634982e+06  1.733929e+09
2     1557.070797    0.000087  0.000132  ...  0.000012  7.725558e+06  1.733929e+09
3     1557.063317    0.000088  0.000151  ...  0.000012  7.676517e+06  1.733929e+09
4     1557.070812    0.000087  0.000134  ...  0.000012  7.752502e+06  1.733929e+09
...           ...         ...       ...  ...       ...           ...           ...
1587  1557.067974    0.000088  0.000147  ...  0.000012  7.624260e+06  1.733944e+09
1588  1557.074872    0.000087  0.000142  ...  0.000012  7.725177e+06  1.733944e+09
1589  1557.068173    0.000088  0.000148  ...  0.000012  7.683834e+06  1.733944e+09
1590  1557.074839    0.000090  0.000152  ...  0.000012  7.783237e+06  1.733944e+09
1591  1557.068099    0.000087  0.000143  ...  0.000012  7.672338e+06  1.733944e+09

[1592 rows x 13 columns]
CHANNEL_1_1
           cbragg  cbragg_err   credchi  ...  cdelta_n            cL     timestamp
0     1556.847433    0.000974  0.002774  ...  0.000012  2.270048e+06  1.733929e+09
1     1556.841810    0.000071  0.000028  ...  0.000012  2.674427e+06  1.733929e+09
2     1556.842730    0.000069  0.000026  ...  0.000012  2.689067e+06  1.733929e+09
3     1556.839508    0.000074  0.000030  ...  0.000012  2.673326e+06  1.733929e+09
4     1556.844963    0.000069  0.000026  ...  0.000012  2.680573e+06  1.733929e+09
...           ...         ...       ...  ...       ...           ...           ...
1587  1556.795536    0.000556  0.001189  ...  0.000012  2.404001e+06  1.733944e+09
1588  1556.800518    0.000090  0.000043  ...  0.000012  2.671401e+06  1.733944e+09
1589  1556.797495    0.000159  0.000128  ...  0.000012  2.597577e+06  1.733944e+09
1590  1556.799568    0.000090  0.000045  ...  0.000012  2.670866e+06  1.733944e+09
1591  1556.797733    0.000430  0.000774  ...  0.000012  2.461730e+06  1.733944e+09

[1592 rows x 13 columns]
CHANNEL_1_2
           cbragg  cbragg_err   credchi  ...  cdelta_n            cL     timestamp
0     1558.298977    0.002651  0.176108  ...  0.000012  5.349074e+06  1.733929e+09
1     1558.308410    0.000654  0.002325  ...  0.000012  2.462951e+06  1.733929e+09
2     1558.306028    0.001086  0.015084  ...  0.000012  3.408055e+06  1.733929e+09
3     1558.310803    0.000612  0.002249  ...  0.000012  2.518844e+06  1.733929e+09
4     1558.308034    0.000117  0.000113  ...  0.000012  2.787384e+06  1.733929e+09
...           ...         ...       ...  ...       ...           ...           ...
1587  1558.305236    0.000125  0.000128  ...  0.000012  2.779025e+06  1.733944e+09
1588  1558.305950    0.000115  0.000110  ...  0.000012  2.789745e+06  1.733944e+09
1589  1558.305346    0.000221  0.000358  ...  0.000012  2.692084e+06  1.733944e+09
1590  1558.305921    0.000155  0.000190  ...  0.000012  2.731547e+06  1.733944e+09
1591  1558.305321    0.000219  0.000352  ...  0.000012  2.688157e+06  1.733944e+09

[1592 rows x 13 columns]
CHANNEL_1_3
           cbragg  cbragg_err   credchi  ...  cdelta_n            cL     timestamp
0     1561.119621    0.000041  0.000016  ...  0.000012  2.926595e+06  1.733929e+09
1     1561.118572    0.000222  0.000396  ...  0.000012  2.801598e+06  1.733929e+09
2     1561.119157    0.000035  0.000011  ...  0.000012  2.922130e+06  1.733929e+09
3     1561.117964    0.000083  0.000061  ...  0.000012  2.875549e+06  1.733929e+09
4     1561.119491    0.000348  0.000914  ...  0.000012  2.730310e+06  1.733929e+09
...           ...         ...       ...  ...       ...           ...           ...
1587  1561.115466    0.000044  0.000018  ...  0.000012  2.929663e+06  1.733944e+09
1588  1561.116081    0.000242  0.000466  ...  0.000012  2.783883e+06  1.733944e+09
1589  1561.115604    0.000044  0.000018  ...  0.000012  2.924445e+06  1.733944e+09
1590  1561.115276    0.001883  0.012120  ...  0.000012  2.162086e+06  1.733944e+09
1591  1561.115707    0.000035  0.000011  ...  0.000012  2.921145e+06  1.733944e+09

[1592 rows x 13 columns]
CHANNEL_2_1
           cbragg  cbragg_err   credchi  ...  cdelta_n            cL     timestamp
0     1544.262374    0.009480  0.004383  ...  0.000012  1.210541e+06  1.733929e+09
1     1544.259110    0.000135  0.000006  ...  0.000012  2.779023e+06  1.733929e+09
2     1544.262006    0.000062  0.000004  ...  0.000012  2.780350e+06  1.733929e+09
3     1544.258024    0.000072  0.000005  ...  0.000012  2.780263e+06  1.733929e+09
4     1544.261399    0.000065  0.000004  ...  0.000012  2.778640e+06  1.733929e+09
...           ...         ...       ...  ...       ...           ...           ...
1587  1544.212172    0.000071  0.000005  ...  0.000012  2.777284e+06  1.733944e+09
1588  1544.215381    0.000074  0.000006  ...  0.000012  2.772617e+06  1.733944e+09
1589  1544.211811    0.000072  0.000006  ...  0.000012  2.776179e+06  1.733944e+09
1590  1544.215244    0.000071  0.000006  ...  0.000012  2.785338e+06  1.733944e+09
1591  1544.212453    0.000073  0.000006  ...  0.000012  2.776480e+06  1.733944e+09

[1592 rows x 13 columns]
CHANNEL_2_2
           cbragg  cbragg_err   credchi  ...  cdelta_n            cL     timestamp
0     1546.028220    0.000146  0.000016  ...  0.000012  2.660666e+06  1.733929e+09
1     1546.029789    0.000146  0.000019  ...  0.000012  2.656964e+06  1.733929e+09
2     1546.027840    0.000233  0.000047  ...  0.000012  2.786004e+06  1.733929e+09
3     1546.029154    0.000648  0.000561  ...  0.000012  3.100163e+06  1.733929e+09
4     1546.028353    0.000541  0.000204  ...  0.000012  2.532509e+06  1.733929e+09
...           ...         ...       ...  ...       ...           ...           ...
1587  1546.026654    0.000148  0.000019  ...  0.000012  2.667437e+06  1.733944e+09
1588  1546.024959    0.000659  0.000529  ...  0.000012  3.102009e+06  1.733944e+09
1589  1546.026426    0.000148  0.000019  ...  0.000012  2.676517e+06  1.733944e+09
1590  1546.025598    0.000715  0.000258  ...  0.000012  2.330227e+06  1.733944e+09
1591  1546.026654    0.000388  0.000106  ...  0.000012  2.482338e+06  1.733944e+09

[1592 rows x 13 columns]
CHANNEL_2_3
           cbragg  cbragg_err   credchi  ...  cdelta_n            cL     timestamp
0     1548.619460    0.000889  0.001313  ...  0.000012  3.532794e+06  1.733929e+09
1     1548.620427    0.000095  0.000011  ...  0.000012  2.901236e+06  1.733929e+09
2     1548.619256    0.000100  0.000010  ...  0.000012  2.889798e+06  1.733929e+09
3     1548.620407    0.000106  0.000013  ...  0.000012  2.886600e+06  1.733929e+09
4     1548.619293    0.000100  0.000010  ...  0.000012  2.887608e+06  1.733929e+09
...           ...         ...       ...  ...       ...           ...           ...
1587  1548.615767    0.000866  0.001444  ...  0.000012  3.525879e+06  1.733944e+09
1588  1548.615707    0.000123  0.000016  ...  0.000012  2.921284e+06  1.733944e+09
1589  1548.616957    0.000106  0.000013  ...  0.000012  2.898936e+06  1.733944e+09
1590  1548.615214    0.000098  0.000010  ...  0.000012  2.906651e+06  1.733944e+09
1591  1548.615642    0.000132  0.000021  ...  0.000012  2.884506e+06  1.733944e+09

[1592 rows x 13 columns]
CHANNEL_3_1
           cbragg  cbragg_err   credchi  ...  cdelta_n            cL     timestamp
0     1544.570127    0.000115  0.000027  ...  0.000012  7.789716e+06  1.733929e+09
1     1544.578481    0.000112  0.000023  ...  0.000012  7.807522e+06  1.733929e+09
2     1544.570049    0.000131  0.000027  ...  0.000012  7.787609e+06  1.733929e+09
3     1544.578275    0.000111  0.000023  ...  0.000012  7.817097e+06  1.733929e+09
4     1544.569899    0.000120  0.000027  ...  0.000012  7.793025e+06  1.733929e+09
...           ...         ...       ...  ...       ...           ...           ...
1587  1544.557016    0.000111  0.000023  ...  0.000012  7.815461e+06  1.733944e+09
1588  1544.549193    0.000181  0.000028  ...  0.000012  7.784764e+06  1.733944e+09
1589  1544.556910    0.000109  0.000022  ...  0.000012  7.812943e+06  1.733944e+09
1590  1544.549174    0.000129  0.000028  ...  0.000012  7.801627e+06  1.733944e+09
1591  1544.556896    0.000124  0.000023  ...  0.000012  7.815897e+06  1.733944e+09

[1592 rows x 13 columns]
CHANNEL_3_2
           cbragg  cbragg_err   credchi  ...  cdelta_n            cL     timestamp
0     1545.561126    0.000109  0.000033  ...  0.000012  7.866540e+06  1.733929e+09
1     1545.568793    0.000113  0.000039  ...  0.000012  7.804054e+06  1.733929e+09
2     1545.561187    0.000110  0.000033  ...  0.000012  7.860589e+06  1.733929e+09
3     1545.568744    0.000111  0.000038  ...  0.000012  7.845206e+06  1.733929e+09
4     1545.561026    0.000111  0.000034  ...  0.000012  7.853505e+06  1.733929e+09
...           ...         ...       ...  ...       ...           ...           ...
1587  1545.540738    0.000151  0.000073  ...  0.000012  8.025343e+06  1.733944e+09
1588  1545.531327    0.000108  0.000031  ...  0.000012  7.883016e+06  1.733944e+09
1589  1545.540996    0.000114  0.000042  ...  0.000012  7.892419e+06  1.733944e+09
1590  1545.530746    0.000110  0.000032  ...  0.000012  7.864515e+06  1.733944e+09
1591  1545.540399    0.000112  0.000040  ...  0.000012  7.825048e+06  1.733944e+09

[1592 rows x 13 columns]
CHANNEL_3_3
           cbragg  cbragg_err   credchi  ...  cdelta_n            cL     timestamp
0     1546.502647    0.000110  0.000035  ...  0.000012  7.634598e+06  1.733929e+09
1     1546.513634    0.000107  0.000034  ...  0.000012  7.635946e+06  1.733929e+09
2     1546.502357    0.000106  0.000033  ...  0.000012  7.650899e+06  1.733929e+09
3     1546.513208    0.000126  0.000050  ...  0.000012  7.831414e+06  1.733929e+09
4     1546.502471    0.000108  0.000033  ...  0.000012  7.630635e+06  1.733929e+09
...           ...         ...       ...  ...       ...           ...           ...
1587  1546.472143    0.000107  0.000035  ...  0.000012  7.657234e+06  1.733944e+09
1588  1546.461037    0.000112  0.000036  ...  0.000012  7.680080e+06  1.733944e+09
1589  1546.472016    0.000107  0.000034  ...  0.000012  7.655946e+06  1.733944e+09
1590  1546.461046    0.000109  0.000034  ...  0.000012  7.642588e+06  1.733944e+09
1591  1546.471881    0.000109  0.000036  ...  0.000012  7.649774e+06  1.733944e+09

[1592 rows x 13 columns]
CHANNEL_3_4
           cbragg  cbragg_err   credchi  ...  cdelta_n            cL     timestamp
0     1547.413473    0.000098  0.000024  ...  0.000012  7.780984e+06  1.733929e+09
1     1547.422201    0.000096  0.000028  ...  0.000012  7.755587e+06  1.733929e+09
2     1547.413206    0.000098  0.000024  ...  0.000012  7.802713e+06  1.733929e+09
3     1547.421788    0.000098  0.000029  ...  0.000012  7.754627e+06  1.733929e+09
4     1547.413125    0.000096  0.000023  ...  0.000012  7.796194e+06  1.733929e+09
...           ...         ...       ...  ...       ...           ...           ...
1587  1547.357460    0.000100  0.000031  ...  0.000012  7.736248e+06  1.733944e+09
1588  1547.346804    0.000101  0.000025  ...  0.000012  7.753407e+06  1.733944e+09
1589  1547.357082    0.000100  0.000031  ...  0.000012  7.716199e+06  1.733944e+09
1590  1547.346376    0.000102  0.000025  ...  0.000012  7.736228e+06  1.733944e+09
1591  1547.356881    0.000097  0.000029  ...  0.000012  7.730545e+06  1.733944e+09

[1592 rows x 13 columns]
CHANNEL_3_5
           cbragg  cbragg_err   credchi  ...  cdelta_n            cL     timestamp
0     1548.269565    0.000080  0.000018  ...  0.000012  7.625414e+06  1.733929e+09
1     1548.280411    0.000077  0.000016  ...  0.000012  7.619546e+06  1.733929e+09
2     1548.270002    0.000083  0.000019  ...  0.000012  7.616815e+06  1.733929e+09
3     1548.280526    0.000079  0.000017  ...  0.000012  7.682765e+06  1.733929e+09
4     1548.270886    0.000081  0.000019  ...  0.000012  7.624809e+06  1.733929e+09
...           ...         ...       ...  ...       ...           ...           ...
1587  1547.976360    0.000077  0.000016  ...  0.000012  7.718395e+06  1.733944e+09
1588  1547.963123    0.000086  0.000021  ...  0.000012  7.801769e+06  1.733944e+09
1589  1547.975426    0.000080  0.000017  ...  0.000012  7.707013e+06  1.733944e+09
1590  1547.963456    0.000081  0.000018  ...  0.000012  7.673230e+06  1.733944e+09
1591  1547.974257    0.000076  0.000016  ...  0.000012  7.722604e+06  1.733944e+09

[1592 rows x 13 columns]
CHANNEL_3_6
           cbragg  cbragg_err   credchi  ...  cdelta_n            cL     timestamp
0     1548.870876    0.000087  0.000020  ...  0.000012  7.820629e+06  1.733929e+09
1     1548.879453    0.000087  0.000022  ...  0.000012  7.802741e+06  1.733929e+09
2     1548.871071    0.000085  0.000019  ...  0.000012  7.832595e+06  1.733929e+09
3     1548.879503    0.000084  0.000020  ...  0.000012  7.809887e+06  1.733929e+09
4     1548.870829    0.000083  0.000018  ...  0.000012  7.824625e+06  1.733929e+09
...           ...         ...       ...  ...       ...           ...           ...
1587  1548.882236    0.000079  0.000019  ...  0.000012  7.830765e+06  1.733944e+09
1588  1548.872370    0.000078  0.000016  ...  0.000012  7.839284e+06  1.733944e+09
1589  1548.882157    0.000079  0.000019  ...  0.000012  7.829332e+06  1.733944e+09
1590  1548.872239    0.000080  0.000017  ...  0.000012  7.841659e+06  1.733944e+09
1591  1548.882036    0.000077  0.000018  ...  0.000012  7.833512e+06  1.733944e+09

[1592 rows x 13 columns]
CHANNEL_3_7
           cbragg  cbragg_err   credchi  ...  cdelta_n            cL     timestamp
0     1549.889005    0.000081  0.000016  ...  0.000012  7.643687e+06  1.733929e+09
1     1549.901606    0.000100  0.000030  ...  0.000012  7.804269e+06  1.733929e+09
2     1549.889231    0.000081  0.000016  ...  0.000012  7.652177e+06  1.733929e+09
3     1549.901958    0.000082  0.000019  ...  0.000012  7.634975e+06  1.733929e+09
4     1549.888833    0.000084  0.000017  ...  0.000012  7.650882e+06  1.733929e+09
...           ...         ...       ...  ...       ...           ...           ...
1587  1549.903818    0.000082  0.000019  ...  0.000012  7.635194e+06  1.733944e+09
1588  1549.891049    0.000081  0.000016  ...  0.000012  7.653321e+06  1.733944e+09
1589  1549.903739    0.000082  0.000019  ...  0.000012  7.639122e+06  1.733944e+09
1590  1549.890894    0.000083  0.000017  ...  0.000012  7.644968e+06  1.733944e+09
1591  1549.903691    0.000081  0.000019  ...  0.000012  7.643824e+06  1.733944e+09

[1592 rows x 13 columns]
CHANNEL_3_8
           cbragg  cbragg_err   credchi  ...  cdelta_n            cL     timestamp
0     1550.845242    0.000094  0.000019  ...  0.000012  7.627414e+06  1.733929e+09
1     1550.849316    0.000093  0.000017  ...  0.000012  7.644782e+06  1.733929e+09
2     1550.845267    0.000095  0.000019  ...  0.000012  7.563058e+06  1.733929e+09
3     1550.849338    0.000094  0.000018  ...  0.000012  7.642950e+06  1.733929e+09
4     1550.845371    0.000095  0.000019  ...  0.000012  7.623946e+06  1.733929e+09
...           ...         ...       ...  ...       ...           ...           ...
1587  1550.853615    0.000094  0.000019  ...  0.000012  7.641016e+06  1.733944e+09
1588  1550.847752    0.000095  0.000019  ...  0.000012  7.620272e+06  1.733944e+09
1589  1550.853548    0.000094  0.000019  ...  0.000012  7.639648e+06  1.733944e+09
1590  1550.847997    0.000095  0.000019  ...  0.000012  7.627019e+06  1.733944e+09
1591  1550.853752    0.000092  0.000018  ...  0.000012  7.636395e+06  1.733944e+09

[1592 rows x 13 columns]
CHANNEL_3_9
           cbragg  cbragg_err   credchi  ...  cdelta_n            cL     timestamp
0     1551.837673    0.000088  0.000012  ...  0.000012  7.784281e+06  1.733929e+09
1     1551.850428    0.000083  0.000017  ...  0.000012  7.752172e+06  1.733929e+09
2     1551.837733    0.000085  0.000012  ...  0.000012  7.810836e+06  1.733929e+09
3     1551.850575    0.000084  0.000018  ...  0.000012  7.730334e+06  1.733929e+09
4     1551.837668    0.000089  0.000012  ...  0.000012  7.779791e+06  1.733929e+09
...           ...         ...       ...  ...       ...           ...           ...
1587  1551.854113    0.000085  0.000018  ...  0.000012  7.762468e+06  1.733944e+09
1588  1551.840804    0.000090  0.000013  ...  0.000012  7.799827e+06  1.733944e+09
1589  1551.854146    0.000083  0.000017  ...  0.000012  7.741926e+06  1.733944e+09
1590  1551.840818    0.000088  0.000012  ...  0.000012  7.786925e+06  1.733944e+09
1591  1551.854154    0.000084  0.000018  ...  0.000012  7.755977e+06  1.733944e+09

[1592 rows x 13 columns]
CHANNEL_3_10
           cbragg  cbragg_err   credchi  ...  cdelta_n            cL     timestamp
0     1552.850725    0.000104  0.000025  ...  0.000012  7.723339e+06  1.733929e+09
1     1552.852621    0.000111  0.000016  ...  0.000012  7.763121e+06  1.733929e+09
2     1552.850776    0.000104  0.000024  ...  0.000012  7.716650e+06  1.733929e+09
3     1552.852478    0.000112  0.000017  ...  0.000012  7.772830e+06  1.733929e+09
4     1552.850836    0.000104  0.000025  ...  0.000012  7.722742e+06  1.733929e+09
...           ...         ...       ...  ...       ...           ...           ...
1587  1552.856996    0.000108  0.000016  ...  0.000012  7.774979e+06  1.733944e+09
1588  1552.853474    0.000104  0.000024  ...  0.000012  7.714533e+06  1.733944e+09
1589  1552.856777    0.000107  0.000016  ...  0.000012  7.790259e+06  1.733944e+09
1590  1552.853449    0.000104  0.000024  ...  0.000012  7.720847e+06  1.733944e+09
1591  1552.856855    0.000110  0.000017  ...  0.000012  7.776022e+06  1.733944e+09

[1592 rows x 13 columns]
CHANNEL_3_11
           cbragg  cbragg_err   credchi  ...  cdelta_n            cL     timestamp
0     1553.813413    0.000127  0.000029  ...  0.000012  7.966842e+06  1.733929e+09
1     1553.822609    0.000124  0.000041  ...  0.000012  7.894686e+06  1.733929e+09
2     1553.813400    0.000128  0.000029  ...  0.000012  7.971005e+06  1.733929e+09
3     1553.822726    0.000122  0.000040  ...  0.000012  7.931841e+06  1.733929e+09
4     1553.813489    0.000127  0.000029  ...  0.000012  7.963999e+06  1.733929e+09
...           ...         ...       ...  ...       ...           ...           ...
1587  1553.826371    0.000148  0.000055  ...  0.000012  7.637682e+06  1.733944e+09
1588  1553.816372    0.000127  0.000029  ...  0.000012  7.992283e+06  1.733944e+09
1589  1553.826398    0.000122  0.000040  ...  0.000012  7.903989e+06  1.733944e+09
1590  1553.816452    0.000125  0.000029  ...  0.000012  7.985047e+06  1.733944e+09
1591  1553.826495    0.000137  0.000048  ...  0.000012  7.698650e+06  1.733944e+09

[1592 rows x 13 columns]
CHANNEL_3_12
           cbragg  cbragg_err   credchi  ...  cdelta_n            cL     timestamp
0     1554.792882    0.000096  0.000021  ...  0.000012  7.818524e+06  1.733929e+09
1     1554.797207    0.000097  0.000016  ...  0.000012  7.870308e+06  1.733929e+09
2     1554.792922    0.000097  0.000021  ...  0.000012  7.805114e+06  1.733929e+09
3     1554.797301    0.000099  0.000017  ...  0.000012  7.869617e+06  1.733929e+09
4     1554.793025    0.000097  0.000021  ...  0.000012  7.795288e+06  1.733929e+09
...           ...         ...       ...  ...       ...           ...           ...
1587  1554.801430    0.000099  0.000018  ...  0.000012  7.810236e+06  1.733944e+09
1588  1554.795613    0.000096  0.000021  ...  0.000012  7.821464e+06  1.733944e+09
1589  1554.801446    0.000098  0.000018  ...  0.000012  7.857736e+06  1.733944e+09
1590  1554.795666    0.000096  0.000021  ...  0.000012  7.814887e+06  1.733944e+09
1591  1554.801463    0.000097  0.000017  ...  0.000012  7.865603e+06  1.733944e+09

[1592 rows x 13 columns]
CHANNEL_3_13
           cbragg  cbragg_err   credchi  ...  cdelta_n            cL     timestamp
0     1555.797693    0.000081  0.000010  ...  0.000012  7.742565e+06  1.733929e+09
1     1555.809949    0.000080  0.000016  ...  0.000012  7.646891e+06  1.733929e+09
2     1555.797678    0.000078  0.000009  ...  0.000012  7.746681e+06  1.733929e+09
3     1555.809854    0.000083  0.000017  ...  0.000012  7.656904e+06  1.733929e+09
4     1555.797800    0.000084  0.000011  ...  0.000012  7.745468e+06  1.733929e+09
...           ...         ...       ...  ...       ...           ...           ...
1587  1555.813376    0.000082  0.000016  ...  0.000012  7.630343e+06  1.733944e+09
1588  1555.800752    0.000084  0.000011  ...  0.000012  7.736388e+06  1.733944e+09
1589  1555.813432    0.000081  0.000016  ...  0.000012  7.647582e+06  1.733944e+09
1590  1555.800876    0.000084  0.000011  ...  0.000012  7.685818e+06  1.733944e+09
1591  1555.813376    0.000082  0.000017  ...  0.000012  7.659259e+06  1.733944e+09

[1592 rows x 13 columns]
CHANNEL_3_14
           cbragg  cbragg_err   credchi  ...  cdelta_n            cL     timestamp
0     1556.755755    0.000191  0.000085  ...  0.000012  7.742661e+06  1.733929e+09
1     1556.758650    0.000191  0.000064  ...  0.000012  7.777273e+06  1.733929e+09
2     1556.755762    0.000192  0.000086  ...  0.000012  7.691826e+06  1.733929e+09
3     1556.758675    0.000193  0.000066  ...  0.000012  7.777312e+06  1.733929e+09
4     1556.755891    0.000198  0.000089  ...  0.000012  7.574270e+06  1.733929e+09
...           ...         ...       ...  ...       ...           ...           ...
1587  1556.762840    0.000195  0.000069  ...  0.000012  7.777831e+06  1.733944e+09
1588  1556.758468    0.000194  0.000086  ...  0.000012  7.754008e+06  1.733944e+09
1589  1556.762874    0.000193  0.000068  ...  0.000012  7.774478e+06  1.733944e+09
1590  1556.758442    0.000192  0.000084  ...  0.000012  7.741580e+06  1.733944e+09
1591  1556.762840    0.000195  0.000070  ...  0.000012  7.779727e+06  1.733944e+09

[1592 rows x 13 columns]
