000 (11451992.405.000) 01/28 14:31:49 Job submitted from host: <188.185.114.121:9618?addrs=188.185.114.121-9618+[2001-1458-d00-a--100-273]-9618&alias=bigbird19.cern.ch&noUDP&sock=schedd_2045_4743>
...
040 (11451992.405.000) 01/28 15:40:44 Started transferring input files
	Transferring to host: <188.185.208.63:9618?addrs=188.185.208.63-9618+[2001-1458-303-f--100-3c]-9618&alias=b9p09p5455.cern.ch&noUDP&sock=slot1_31_3650_814e_72837>
...
040 (11451992.405.000) 01/28 15:40:44 Finished transferring input files
...
001 (11451992.405.000) 01/28 15:40:45 Job executing on host: <188.185.208.63:9618?addrs=188.185.208.63-9618+[2001-1458-303-f--100-3c]-9618&alias=b9p09p5455.cern.ch&noUDP&sock=startd_3600_e108>
	SlotName: slot1_31@b9p09p5455.cern.ch
	CondorScratchDir = "/pool/condor/dir_2359186"
	Cpus = 1
	Disk = 3840
	GPUs = 0
	Memory = 3000
...
006 (11451992.405.000) 01/28 15:40:54 Image size of job updated: 83060
	82  -  MemoryUsage of job (MB)
	83060  -  ResidentSetSize of job (KB)
...
006 (11451992.405.000) 01/28 15:45:55 Image size of job updated: 92684
	91  -  MemoryUsage of job (MB)
	92684  -  ResidentSetSize of job (KB)
...
006 (11451992.405.000) 01/28 15:50:56 Image size of job updated: 101720
	100  -  MemoryUsage of job (MB)
	101720  -  ResidentSetSize of job (KB)
...
006 (11451992.405.000) 01/28 15:55:56 Image size of job updated: 110480
	108  -  MemoryUsage of job (MB)
	110480  -  ResidentSetSize of job (KB)
...
006 (11451992.405.000) 01/28 16:00:56 Image size of job updated: 119908
	118  -  MemoryUsage of job (MB)
	119908  -  ResidentSetSize of job (KB)
...
006 (11451992.405.000) 01/28 16:05:57 Image size of job updated: 141176
	138  -  MemoryUsage of job (MB)
	141176  -  ResidentSetSize of job (KB)
...
006 (11451992.405.000) 01/28 16:10:58 Image size of job updated: 156344
	153  -  MemoryUsage of job (MB)
	156344  -  ResidentSetSize of job (KB)
...
006 (11451992.405.000) 01/28 16:15:58 Image size of job updated: 163992
	161  -  MemoryUsage of job (MB)
	163992  -  ResidentSetSize of job (KB)
...
006 (11451992.405.000) 01/28 16:20:58 Image size of job updated: 170688
	167  -  MemoryUsage of job (MB)
	170688  -  ResidentSetSize of job (KB)
...
006 (11451992.405.000) 01/28 16:25:59 Image size of job updated: 176820
	173  -  MemoryUsage of job (MB)
	176820  -  ResidentSetSize of job (KB)
...
006 (11451992.405.000) 01/28 16:31:00 Image size of job updated: 182224
	178  -  MemoryUsage of job (MB)
	182224  -  ResidentSetSize of job (KB)
...
040 (11451992.405.000) 01/28 16:34:48 Started transferring output files
...
040 (11451992.405.000) 01/28 16:34:48 Finished transferring output files
...
005 (11451992.405.000) 01/28 16:34:48 Job terminated.
	(1) Normal termination (return value 0)
		Usr 0 00:52:31, Sys 0 00:00:02  -  Run Remote Usage
		Usr 0 00:00:00, Sys 0 00:00:00  -  Run Local Usage
		Usr 0 00:52:31, Sys 0 00:00:02  -  Total Remote Usage
		Usr 0 00:00:00, Sys 0 00:00:00  -  Total Local Usage
	40692  -  Run Bytes Sent By Job
	5797  -  Run Bytes Received By Job
	40692  -  Total Bytes Sent By Job
	5797  -  Total Bytes Received By Job
	Partitionable Resources :    Usage  Request Allocated 
	   Cpus                 :     0.98        1         1 
	   Disk (KB)            :    73          10      3840 
	   GPUs                 :                           0 
	   Memory (MB)          :   178        3000      3000 

	Job terminated of its own accord at 2025-01-28T15:34:48Z with exit-code 0.
...
