CHANNEL_0_1
           cbragg  cbragg_err   credchi  ...  cdelta_n            cL     timestamp
0     1544.835999    0.000206  0.000165  ...  0.000012  7.789107e+06  1.733976e+09
1     1544.844510    0.000205  0.000311  ...  0.000012  7.696777e+06  1.733976e+09
2     1544.835678    0.000087  0.000159  ...  0.000012  7.784071e+06  1.733976e+09
3     1544.844149    0.000094  0.000310  ...  0.000012  7.696664e+06  1.733976e+09
4     1544.840713    0.054843  0.100191  ...  0.000012  1.114422e+06  1.733976e+09
...           ...         ...       ...  ...       ...           ...           ...
1587  1544.794914    0.000106  0.000349  ...  0.000012  7.662661e+06  1.733992e+09
1588  1544.784285    0.000093  0.000180  ...  0.000012  7.744436e+06  1.733992e+09
1589  1544.794831    0.000099  0.000340  ...  0.000012  7.667708e+06  1.733992e+09
1590  1544.784162    0.000094  0.000184  ...  0.000012  7.748083e+06  1.733992e+09
1591  1544.794819    0.000099  0.000334  ...  0.000012  7.666571e+06  1.733992e+09

[1592 rows x 13 columns]
CHANNEL_0_2
           cbragg  cbragg_err   credchi  ...  cdelta_n            cL     timestamp
0     1545.702624    0.000083  0.000110  ...  0.000012  7.673339e+06  1.733976e+09
1     1545.703393    0.000239  0.000626  ...  0.000012  8.272264e+06  1.733976e+09
2     1545.702268    0.000083  0.000109  ...  0.000012  7.660947e+06  1.733976e+09
3     1545.702149    0.000441  0.001675  ...  0.000012  6.618528e+06  1.733976e+09
4     1545.701764    0.000168  0.000411  ...  0.000012  7.177700e+06  1.733976e+09
...           ...         ...       ...  ...       ...           ...           ...
1587  1545.601484    0.000105  0.000121  ...  0.000012  7.779470e+06  1.733992e+09
1588  1545.598690    0.000085  0.000106  ...  0.000012  7.648863e+06  1.733992e+09
1589  1545.602105    0.000092  0.000092  ...  0.000012  7.656651e+06  1.733992e+09
1590  1545.598498    0.000083  0.000103  ...  0.000012  7.654384e+06  1.733992e+09
1591  1545.601960    0.000208  0.000515  ...  0.000012  8.245084e+06  1.733992e+09

[1592 rows x 13 columns]
CHANNEL_0_3
           cbragg  cbragg_err   credchi  ...  cdelta_n            cL     timestamp
0     1546.533799    0.000120  0.000233  ...  0.000012  7.749705e+06  1.733976e+09
1     1546.539929    0.000128  0.000445  ...  0.000012  7.777373e+06  1.733976e+09
2     1546.533486    0.000109  0.000193  ...  0.000012  7.677801e+06  1.733976e+09
3     1546.539751    0.000115  0.000351  ...  0.000012  7.677864e+06  1.733976e+09
4     1546.532554    0.000157  0.000429  ...  0.000012  8.057576e+06  1.733976e+09
...           ...         ...       ...  ...       ...           ...           ...
1587  1546.368249    0.000137  0.000545  ...  0.000012  7.952119e+06  1.733992e+09
1588  1546.358502    0.000099  0.000158  ...  0.000012  7.754970e+06  1.733992e+09
1589  1546.367084    0.000104  0.000302  ...  0.000012  7.768168e+06  1.733992e+09
1590  1546.358598    0.000094  0.000143  ...  0.000012  7.706230e+06  1.733992e+09
1591  1546.367077    0.000094  0.000242  ...  0.000012  7.648483e+06  1.733992e+09

[1592 rows x 13 columns]
CHANNEL_0_4
           cbragg  cbragg_err   credchi  ...  cdelta_n            cL     timestamp
0     1547.168861    0.000111  0.000301  ...  0.000012  7.837008e+06  1.733976e+09
1     1547.166738    0.000118  0.000236  ...  0.000012  7.871255e+06  1.733976e+09
2     1547.168556    0.000120  0.000350  ...  0.000012  7.886174e+06  1.733976e+09
3     1547.165907    0.000407  0.002473  ...  0.000012  6.918934e+06  1.733976e+09
4     1547.168623    0.000351  0.003279  ...  0.000012  8.789520e+06  1.733976e+09
...           ...         ...       ...  ...       ...           ...           ...
1587  1547.159382    0.000109  0.000212  ...  0.000012  7.836405e+06  1.733992e+09
1588  1547.157225    0.000110  0.000281  ...  0.000012  7.827731e+06  1.733992e+09
1589  1547.159399    0.000109  0.000215  ...  0.000012  7.870968e+06  1.733992e+09
1590  1547.157137    0.000109  0.000275  ...  0.000012  7.828420e+06  1.733992e+09
1591  1547.159358    0.000290  0.001383  ...  0.000012  7.169977e+06  1.733992e+09

[1592 rows x 13 columns]
CHANNEL_0_5
           cbragg  cbragg_err   credchi  ...  cdelta_n            cL     timestamp
0     1548.141082    0.000103  0.000231  ...  0.000012  7.845878e+06  1.733976e+09
1     1548.147637    0.000115  0.000373  ...  0.000012  7.837517e+06  1.733976e+09
2     1548.140888    0.000106  0.000240  ...  0.000012  7.802753e+06  1.733976e+09
3     1548.147447    0.000092  0.000245  ...  0.000012  7.783161e+06  1.733976e+09
4     1548.140914    0.000082  0.000147  ...  0.000012  7.745535e+06  1.733976e+09
...           ...         ...       ...  ...       ...           ...           ...
1587  1548.138592    0.000098  0.000300  ...  0.000012  7.760591e+06  1.733992e+09
1588  1548.128658    0.000194  0.000793  ...  0.000012  8.270832e+06  1.733992e+09
1589  1548.138486    0.000089  0.000248  ...  0.000012  7.686722e+06  1.733992e+09
1590  1548.128711    0.000081  0.000130  ...  0.000012  7.758340e+06  1.733992e+09
1591  1548.138463    0.000154  0.000778  ...  0.000012  8.065631e+06  1.733992e+09

[1592 rows x 13 columns]
CHANNEL_0_6
           cbragg  cbragg_err   credchi  ...  cdelta_n            cL     timestamp
0     1549.126422    0.000091  0.000230  ...  0.000012  7.563996e+06  1.733976e+09
1     1549.125955    0.000122  0.000434  ...  0.000012  7.704274e+06  1.733976e+09
2     1549.126300    0.000080  0.000177  ...  0.000012  7.487936e+06  1.733976e+09
3     1549.126016    0.000105  0.000324  ...  0.000012  7.619031e+06  1.733976e+09
4     1549.126371    0.000304  0.002342  ...  0.000012  6.827343e+06  1.733976e+09
...           ...         ...       ...  ...       ...           ...           ...
1587  1549.115877    0.000100  0.000271  ...  0.000012  7.621236e+06  1.733992e+09
1588  1549.115838    0.000215  0.001365  ...  0.000012  7.850429e+06  1.733992e+09
1589  1549.115892    0.000190  0.001039  ...  0.000012  7.968094e+06  1.733992e+09
1590  1549.115585    0.000123  0.000445  ...  0.000012  7.641562e+06  1.733992e+09
1591  1549.115739    0.000081  0.000177  ...  0.000012  7.432795e+06  1.733992e+09

[1592 rows x 13 columns]
CHANNEL_0_7
           cbragg  cbragg_err   credchi  ...  cdelta_n            cL     timestamp
0     1550.125792    0.000432  0.004003  ...  0.000012  8.867528e+06  1.733976e+09
1     1550.128918    0.000109  0.000191  ...  0.000012  7.679045e+06  1.733976e+09
2     1550.126295    0.000110  0.000230  ...  0.000012  7.617686e+06  1.733976e+09
3     1550.128949    0.000109  0.000190  ...  0.000012  7.680948e+06  1.733976e+09
4     1550.126233    0.000110  0.000229  ...  0.000012  7.642480e+06  1.733976e+09
...           ...         ...       ...  ...       ...           ...           ...
1587  1550.120854    0.000414  0.003346  ...  0.000012  8.771430e+06  1.733992e+09
1588  1550.113438    0.000112  0.000209  ...  0.000012  7.646165e+06  1.733992e+09
1589  1550.120575    0.000110  0.000215  ...  0.000012  7.681209e+06  1.733992e+09
1590  1550.113423    0.000110  0.000203  ...  0.000012  7.644211e+06  1.733992e+09
1591  1550.120714    0.000110  0.000215  ...  0.000012  7.674108e+06  1.733992e+09

[1592 rows x 13 columns]
CHANNEL_0_8
           cbragg  cbragg_err   credchi  ...  cdelta_n            cL     timestamp
0     1551.100238    0.000157  0.000366  ...  0.000012  7.209097e+06  1.733976e+09
1     1551.104564    0.000147  0.000468  ...  0.000012  8.010643e+06  1.733976e+09
2     1551.100587    0.000066  0.000070  ...  0.000012  7.623703e+06  1.733976e+09
3     1551.104647    0.000066  0.000087  ...  0.000012  7.634028e+06  1.733976e+09
4     1551.100702    0.000066  0.000070  ...  0.000012  7.629405e+06  1.733976e+09
...           ...         ...       ...  ...       ...           ...           ...
1587  1551.093826    0.000066  0.000097  ...  0.000012  7.619041e+06  1.733992e+09
1588  1551.086862    0.000378  0.001910  ...  0.000012  6.810614e+06  1.733992e+09
1589  1551.093791    0.000070  0.000108  ...  0.000012  7.718356e+06  1.733992e+09
1590  1551.086871    0.000312  0.001592  ...  0.000012  8.572759e+06  1.733992e+09
1591  1551.093661    0.000065  0.000093  ...  0.000012  7.599899e+06  1.733992e+09

[1592 rows x 13 columns]
CHANNEL_0_9
           cbragg  cbragg_err   credchi  ...  cdelta_n            cL     timestamp
0     1552.085101    0.000082  0.000094  ...  0.000012  7.725897e+06  1.733976e+09
1     1552.087101    0.000081  0.000112  ...  0.000012  7.704689e+06  1.733976e+09
2     1552.085232    0.000174  0.000395  ...  0.000012  7.287948e+06  1.733976e+09
3     1552.087302    0.000079  0.000108  ...  0.000012  7.706949e+06  1.733976e+09
4     1552.085283    0.000083  0.000095  ...  0.000012  7.708363e+06  1.733976e+09
...           ...         ...       ...  ...       ...           ...           ...
1587  1552.075872    0.000082  0.000112  ...  0.000012  7.700296e+06  1.733992e+09
1588  1552.072353    0.000082  0.000095  ...  0.000012  7.697183e+06  1.733992e+09
1589  1552.075868    0.000080  0.000107  ...  0.000012  7.683401e+06  1.733992e+09
1590  1552.072292    0.000218  0.000669  ...  0.000012  8.078348e+06  1.733992e+09
1591  1552.075833    0.000158  0.000411  ...  0.000012  7.948953e+06  1.733992e+09

[1592 rows x 13 columns]
CHANNEL_0_10
           cbragg  cbragg_err   credchi  ...  cdelta_n            cL     timestamp
0     1553.091212    0.000089  0.000121  ...  0.000012  7.582155e+06  1.733976e+09
1     1553.090323    0.000097  0.000094  ...  0.000012  7.584565e+06  1.733976e+09
2     1553.091280    0.000084  0.000109  ...  0.000012  7.689102e+06  1.733976e+09
3     1553.090620    0.000117  0.000134  ...  0.000012  7.460671e+06  1.733976e+09
4     1553.091292    0.000085  0.000111  ...  0.000012  7.693120e+06  1.733976e+09
...           ...         ...       ...  ...       ...           ...           ...
1587  1553.080682    0.000087  0.000089  ...  0.000012  7.752806e+06  1.733992e+09
1588  1553.076895    0.000082  0.000092  ...  0.000012  7.709132e+06  1.733992e+09
1589  1553.080680    0.000086  0.000086  ...  0.000012  7.758088e+06  1.733992e+09
1590  1553.076945    0.000083  0.000097  ...  0.000012  7.722576e+06  1.733992e+09
1591  1553.080695    0.000086  0.000087  ...  0.000012  7.742536e+06  1.733992e+09

[1592 rows x 13 columns]
CHANNEL_0_11
           cbragg  cbragg_err   credchi  ...  cdelta_n            cL     timestamp
0     1554.101009    0.000064  0.000044  ...  0.000012  7.649166e+06  1.733976e+09
1     1554.100165    0.000066  0.000056  ...  0.000012  7.635411e+06  1.733976e+09
2     1554.100487    0.000302  0.001038  ...  0.000012  8.438859e+06  1.733976e+09
3     1554.100372    0.000069  0.000063  ...  0.000012  7.632538e+06  1.733976e+09
4     1554.101180    0.000067  0.000047  ...  0.000012  7.630175e+06  1.733976e+09
...           ...         ...       ...  ...       ...           ...           ...
1587  1554.088750    0.000064  0.000054  ...  0.000012  7.651310e+06  1.733992e+09
1588  1554.088160    0.000068  0.000049  ...  0.000012  7.624655e+06  1.733992e+09
1589  1554.088677    0.000068  0.000060  ...  0.000012  7.605116e+06  1.733992e+09
1590  1554.088140    0.000265  0.000662  ...  0.000012  6.959844e+06  1.733992e+09
1591  1554.088591    0.000158  0.000304  ...  0.000012  7.211256e+06  1.733992e+09

[1592 rows x 13 columns]
CHANNEL_0_12
           cbragg  cbragg_err   credchi  ...  cdelta_n            cL     timestamp
0     1555.126534    0.000102  0.000262  ...  0.000012  7.568742e+06  1.733976e+09
1     1555.121235    0.000106  0.000170  ...  0.000012  7.594867e+06  1.733976e+09
2     1555.126586    0.000104  0.000273  ...  0.000012  7.558831e+06  1.733976e+09
3     1555.121333    0.000107  0.000176  ...  0.000012  7.604691e+06  1.733976e+09
4     1555.126638    0.000121  0.000378  ...  0.000012  7.731592e+06  1.733976e+09
...           ...         ...       ...  ...       ...           ...           ...
1587  1555.111668    0.000106  0.000187  ...  0.000012  7.574744e+06  1.733992e+09
1588  1555.112720    0.000105  0.000255  ...  0.000012  7.527031e+06  1.733992e+09
1589  1555.111643    0.000108  0.000194  ...  0.000012  7.555876e+06  1.733992e+09
1590  1555.112623    0.000281  0.002091  ...  0.000012  8.334291e+06  1.733992e+09
1591  1555.111455    0.000170  0.000516  ...  0.000012  7.966364e+06  1.733992e+09

[1592 rows x 13 columns]
CHANNEL_0_13
           cbragg  cbragg_err   credchi  ...  cdelta_n            cL     timestamp
0     1556.097496    0.000132  0.000160  ...  0.000012  7.695224e+06  1.733976e+09
1     1556.101434    0.000130  0.000235  ...  0.000012  7.665642e+06  1.733976e+09
2     1556.097416    0.000134  0.000165  ...  0.000012  7.667461e+06  1.733976e+09
3     1556.101706    0.000129  0.000232  ...  0.000012  7.615529e+06  1.733976e+09
4     1556.097529    0.000131  0.000158  ...  0.000012  7.706074e+06  1.733976e+09
...           ...         ...       ...  ...       ...           ...           ...
1587  1556.090241    0.000274  0.001227  ...  0.000012  8.429923e+06  1.733992e+09
1588  1556.083695    0.000131  0.000150  ...  0.000012  7.752751e+06  1.733992e+09
1589  1556.090308    0.000124  0.000226  ...  0.000012  7.648213e+06  1.733992e+09
1590  1556.083569    0.000131  0.000148  ...  0.000012  7.692102e+06  1.733992e+09
1591  1556.090299    0.000122  0.000218  ...  0.000012  7.676484e+06  1.733992e+09

[1592 rows x 13 columns]
CHANNEL_0_14
           cbragg  cbragg_err   credchi  ...  cdelta_n            cL     timestamp
0     1557.072877    0.000168  0.000634  ...  0.000012  8.034636e+06  1.733976e+09
1     1557.067354    0.000086  0.000114  ...  0.000012  7.701985e+06  1.733976e+09
2     1557.073264    0.000087  0.000165  ...  0.000012  7.703781e+06  1.733976e+09
3     1557.067512    0.000086  0.000115  ...  0.000012  7.701706e+06  1.733976e+09
4     1557.073933    0.000156  0.000552  ...  0.000012  8.015953e+06  1.733976e+09
...           ...         ...       ...  ...       ...           ...           ...
1587  1557.055764    0.000103  0.000149  ...  0.000012  7.702234e+06  1.733992e+09
1588  1557.060594    0.000156  0.000577  ...  0.000012  8.000626e+06  1.733992e+09
1589  1557.055678    0.000088  0.000110  ...  0.000012  7.682214e+06  1.733992e+09
1590  1557.061713    0.000221  0.001110  ...  0.000012  8.013486e+06  1.733992e+09
1591  1557.055624    0.000088  0.000110  ...  0.000012  7.684580e+06  1.733992e+09

[1592 rows x 13 columns]
CHANNEL_1_1
           cbragg  cbragg_err   credchi  ...  cdelta_n            cL     timestamp
0     1556.693431    0.001038  0.003002  ...  0.000012  2.235948e+06  1.733976e+09
1     1556.687479    0.000981  0.003167  ...  0.000012  2.276091e+06  1.733976e+09
2     1556.691230    0.000887  0.002423  ...  0.000012  2.282019e+06  1.733976e+09
3     1556.687142    0.000084  0.000039  ...  0.000012  2.673604e+06  1.733976e+09
4     1556.689755    0.000757  0.001903  ...  0.000012  2.328903e+06  1.733976e+09
...           ...         ...       ...  ...       ...           ...           ...
1587  1556.593915    0.000321  0.000514  ...  0.000012  2.591258e+06  1.733992e+09
1588  1556.597328    0.000063  0.000021  ...  0.000012  2.688052e+06  1.733992e+09
1589  1556.595738    0.000716  0.001731  ...  0.000012  2.344205e+06  1.733992e+09
1590  1556.599367    0.000829  0.002213  ...  0.000012  2.311082e+06  1.733992e+09
1591  1556.594226    0.000066  0.000024  ...  0.000012  2.673778e+06  1.733992e+09

[1592 rows x 13 columns]
CHANNEL_1_2
           cbragg  cbragg_err   credchi  ...  cdelta_n            cL     timestamp
0     1558.326046    0.000121  0.000120  ...  0.000012  2.786300e+06  1.733976e+09
1     1558.323533    0.000126  0.000128  ...  0.000012  2.790849e+06  1.733976e+09
2     1558.327962    0.000230  0.000383  ...  0.000012  2.697435e+06  1.733976e+09
3     1558.323752    0.000263  0.000483  ...  0.000012  2.653562e+06  1.733976e+09
4     1558.326160    0.000395  0.001489  ...  0.000012  2.987685e+06  1.733976e+09
...           ...         ...       ...  ...       ...           ...           ...
1587  1558.314199    0.000158  0.000191  ...  0.000012  2.732805e+06  1.733992e+09
1588  1558.316488    0.000635  0.004956  ...  0.000012  3.238914e+06  1.733992e+09
1589  1558.312839    0.000843  0.009431  ...  0.000012  3.365541e+06  1.733992e+09
1590  1558.317204    0.000949  0.004190  ...  0.000012  2.351830e+06  1.733992e+09
1591  1558.314072    0.000115  0.000108  ...  0.000012  2.792376e+06  1.733992e+09

[1592 rows x 13 columns]
CHANNEL_1_3
           cbragg  cbragg_err   credchi  ...  cdelta_n            cL     timestamp
0     1561.133445    0.000039  0.000014  ...  0.000012  2.922724e+06  1.733976e+09
1     1561.135411    0.000040  0.000015  ...  0.000012  2.925337e+06  1.733976e+09
2     1561.133355    0.000173  0.000242  ...  0.000012  2.820148e+06  1.733976e+09
3     1561.135361    0.000039  0.000014  ...  0.000012  2.925376e+06  1.733976e+09
4     1561.133266    0.000035  0.000011  ...  0.000012  2.936704e+06  1.733976e+09
...           ...         ...       ...  ...       ...           ...           ...
1587  1561.126237    0.000183  0.000279  ...  0.000012  2.816941e+06  1.733992e+09
1588  1561.124123    0.000041  0.000015  ...  0.000012  2.926707e+06  1.733992e+09
1589  1561.126452    0.000044  0.000018  ...  0.000012  2.919051e+06  1.733992e+09
1590  1561.123888    0.000045  0.000018  ...  0.000012  2.916699e+06  1.733992e+09
1591  1561.126312    0.000037  0.000013  ...  0.000012  2.928806e+06  1.733992e+09

[1592 rows x 13 columns]
CHANNEL_2_1
           cbragg  cbragg_err   credchi  ...  cdelta_n            cL     timestamp
0     1544.101729    0.000074  0.000006  ...  0.000012  2.768525e+06  1.733976e+09
1     1544.099853    0.000325  0.000006  ...  0.000012  2.767564e+06  1.733976e+09
2     1544.101127    0.000074  0.000006  ...  0.000012  2.766289e+06  1.733976e+09
3     1544.098649    0.000078  0.000006  ...  0.000012  2.768564e+06  1.733976e+09
4     1544.100841    0.000074  0.000006  ...  0.000012  2.768872e+06  1.733976e+09
...           ...         ...       ...  ...       ...           ...           ...
1587  1544.003745    0.000075  0.000006  ...  0.000012  2.773539e+06  1.733992e+09
1588  1544.007178    0.000079  0.000006  ...  0.000012  2.773635e+06  1.733992e+09
1589  1544.005282    0.000108  0.000006  ...  0.000012  2.773196e+06  1.733992e+09
1590  1544.007951    0.000077  0.000006  ...  0.000012  2.772796e+06  1.733992e+09
1591  1544.006090    0.000084  0.000006  ...  0.000012  2.772748e+06  1.733992e+09

[1592 rows x 13 columns]
CHANNEL_2_2
           cbragg  cbragg_err   credchi  ...  cdelta_n            cL     timestamp
0     1546.042784    0.000137  0.000014  ...  0.000012  2.664723e+06  1.733976e+09
1     1546.041875    0.000818  0.000900  ...  0.000012  3.188714e+06  1.733976e+09
2     1546.041255    0.001054  0.001644  ...  0.000012  3.401280e+06  1.733976e+09
3     1546.042308    0.000547  0.000348  ...  0.000012  3.018843e+06  1.733976e+09
4     1546.042991    0.000140  0.000015  ...  0.000012  2.678118e+06  1.733976e+09
...           ...         ...       ...  ...       ...           ...           ...
1587  1546.033628    0.000829  0.000907  ...  0.000012  3.180264e+06  1.733992e+09
1588  1546.035148    0.000500  0.000142  ...  0.000012  2.431560e+06  1.733992e+09
1589  1546.034615    0.000147  0.000018  ...  0.000012  2.690433e+06  1.733992e+09
1590  1546.033966    0.000170  0.000024  ...  0.000012  2.724763e+06  1.733992e+09
1591  1546.034447    0.000282  0.000061  ...  0.000012  2.591953e+06  1.733992e+09

[1592 rows x 13 columns]
CHANNEL_2_3
           cbragg  cbragg_err   credchi  ...  cdelta_n            cL     timestamp
0     1548.632230    0.000093  0.000009  ...  0.000012  2.904323e+06  1.733976e+09
1     1548.635537    0.000628  0.000484  ...  0.000012  3.109758e+06  1.733976e+09
2     1548.632225    0.001329  0.003401  ...  0.000012  3.885309e+06  1.733976e+09
3     1548.636176    0.000963  0.001822  ...  0.000012  3.609037e+06  1.733976e+09
4     1548.633056    0.000337  0.000129  ...  0.000012  3.057914e+06  1.733976e+09
...           ...         ...       ...  ...       ...           ...           ...
1587  1548.625149    0.000093  0.000010  ...  0.000012  2.911179e+06  1.733992e+09
1588  1548.622873    0.000099  0.000010  ...  0.000012  2.898254e+06  1.733992e+09
1589  1548.625101    0.000091  0.000009  ...  0.000012  2.898112e+06  1.733992e+09
1590  1548.622796    0.000093  0.000009  ...  0.000012  2.895137e+06  1.733992e+09
1591  1548.625603    0.000490  0.000378  ...  0.000012  3.243548e+06  1.733992e+09

[1592 rows x 13 columns]
CHANNEL_3_1
           cbragg  cbragg_err   credchi  ...  cdelta_n            cL     timestamp
0     1544.488581    0.000109  0.000029  ...  0.000012  7.769886e+06  1.733976e+09
1     1544.493547    0.000110  0.000021  ...  0.000012  7.798024e+06  1.733976e+09
2     1544.488312    0.000125  0.000029  ...  0.000012  7.771782e+06  1.733976e+09
3     1544.493161    0.000374  0.000022  ...  0.000012  7.803913e+06  1.733976e+09
4     1544.488248    0.000110  0.000029  ...  0.000012  7.763266e+06  1.733976e+09
...           ...         ...       ...  ...       ...           ...           ...
1587  1544.452221    0.000118  0.000024  ...  0.000012  7.806940e+06  1.733992e+09
1588  1544.448747    0.000244  0.000032  ...  0.000012  7.761486e+06  1.733992e+09
1589  1544.452373    0.000125  0.000023  ...  0.000012  7.820660e+06  1.733992e+09
1590  1544.448628    0.000224  0.000030  ...  0.000012  7.768027e+06  1.733992e+09
1591  1544.452134    0.000109  0.000021  ...  0.000012  7.830007e+06  1.733992e+09

[1592 rows x 13 columns]
CHANNEL_3_2
           cbragg  cbragg_err   credchi  ...  cdelta_n            cL     timestamp
0     1545.415979    0.000112  0.000030  ...  0.000012  7.892755e+06  1.733976e+09
1     1545.428403    0.000110  0.000041  ...  0.000012  7.847504e+06  1.733976e+09
2     1545.415678    0.000108  0.000028  ...  0.000012  7.913792e+06  1.733976e+09
3     1545.428021    0.000110  0.000040  ...  0.000012  7.834150e+06  1.733976e+09
4     1545.415202    0.000111  0.000029  ...  0.000012  7.837585e+06  1.733976e+09
...           ...         ...       ...  ...       ...           ...           ...
1587  1545.335067    0.000110  0.000041  ...  0.000012  7.865099e+06  1.733992e+09
1588  1545.323069    0.000108  0.000027  ...  0.000012  7.962751e+06  1.733992e+09
1589  1545.335590    0.000123  0.000040  ...  0.000012  7.876235e+06  1.733992e+09
1590  1545.323025    0.000237  0.000028  ...  0.000012  7.945288e+06  1.733992e+09
1591  1545.335612    0.000110  0.000040  ...  0.000012  7.875205e+06  1.733992e+09

[1592 rows x 13 columns]
CHANNEL_3_3
           cbragg  cbragg_err   credchi  ...  cdelta_n            cL     timestamp
0     1546.264077    0.000109  0.000035  ...  0.000012  7.595929e+06  1.733976e+09
1     1546.272635    0.000111  0.000034  ...  0.000012  7.621850e+06  1.733976e+09
2     1546.263730    0.000106  0.000033  ...  0.000012  7.598435e+06  1.733976e+09
3     1546.272304    0.000112  0.000035  ...  0.000012  7.630295e+06  1.733976e+09
4     1546.263030    0.000108  0.000034  ...  0.000012  7.604674e+06  1.733976e+09
...           ...         ...       ...  ...       ...           ...           ...
1587  1546.108117    0.000110  0.000032  ...  0.000012  7.617082e+06  1.733992e+09
1588  1546.099107    0.000108  0.000035  ...  0.000012  7.606894e+06  1.733992e+09
1589  1546.107170    0.000109  0.000031  ...  0.000012  7.610653e+06  1.733992e+09
1590  1546.099334    0.000107  0.000034  ...  0.000012  7.597679e+06  1.733992e+09
1591  1546.106964    0.000110  0.000032  ...  0.000012  7.618758e+06  1.733992e+09

[1592 rows x 13 columns]
CHANNEL_3_4
           cbragg  cbragg_err   credchi  ...  cdelta_n            cL     timestamp
0     1546.864831    0.000099  0.000022  ...  0.000012  7.790686e+06  1.733976e+09
1     1546.876718    0.000097  0.000030  ...  0.000012  7.772922e+06  1.733976e+09
2     1546.864537    0.000122  0.000032  ...  0.000012  7.567386e+06  1.733976e+09
3     1546.876558    0.000096  0.000029  ...  0.000012  7.776208e+06  1.733976e+09
4     1546.864642    0.000100  0.000022  ...  0.000012  7.825143e+06  1.733976e+09
...           ...         ...       ...  ...       ...           ...           ...
1587  1546.872661    0.000119  0.000046  ...  0.000012  7.978915e+06  1.733992e+09
1588  1546.861155    0.000094  0.000019  ...  0.000012  7.814782e+06  1.733992e+09
1589  1546.872631    0.000091  0.000026  ...  0.000012  7.750199e+06  1.733992e+09
1590  1546.861175    0.000095  0.000019  ...  0.000012  7.815516e+06  1.733992e+09
1591  1546.872600    0.000094  0.000027  ...  0.000012  7.766774e+06  1.733992e+09

[1592 rows x 13 columns]
CHANNEL_3_5
           cbragg  cbragg_err   credchi  ...  cdelta_n            cL     timestamp
0     1547.885866    0.000075  0.000016  ...  0.000012  7.666509e+06  1.733976e+09
1     1547.895854    0.000082  0.000017  ...  0.000012  7.657523e+06  1.733976e+09
2     1547.885625    0.000075  0.000016  ...  0.000012  7.667488e+06  1.733976e+09
3     1547.895693    0.000079  0.000016  ...  0.000012  7.642279e+06  1.733976e+09
4     1547.885701    0.000075  0.000016  ...  0.000012  7.668450e+06  1.733976e+09
...           ...         ...       ...  ...       ...           ...           ...
1587  1547.891678    0.000080  0.000016  ...  0.000012  7.665765e+06  1.733992e+09
1588  1547.881716    0.000076  0.000016  ...  0.000012  7.675871e+06  1.733992e+09
1589  1547.891643    0.000079  0.000016  ...  0.000012  7.667762e+06  1.733992e+09
1590  1547.881686    0.000073  0.000015  ...  0.000012  7.658223e+06  1.733992e+09
1591  1547.891561    0.000080  0.000016  ...  0.000012  7.669144e+06  1.733992e+09

[1592 rows x 13 columns]
CHANNEL_3_6
           cbragg  cbragg_err   credchi  ...  cdelta_n            cL     timestamp
0     1548.872716    0.000079  0.000015  ...  0.000012  7.856493e+06  1.733976e+09
1     1548.882685    0.000081  0.000020  ...  0.000012  7.814083e+06  1.733976e+09
2     1548.872642    0.000080  0.000016  ...  0.000012  7.849435e+06  1.733976e+09
3     1548.882678    0.000081  0.000020  ...  0.000012  7.811755e+06  1.733976e+09
4     1548.872615    0.000078  0.000015  ...  0.000012  7.852194e+06  1.733976e+09
...           ...         ...       ...  ...       ...           ...           ...
1587  1548.878105    0.000080  0.000020  ...  0.000012  7.805146e+06  1.733992e+09
1588  1548.868655    0.000079  0.000015  ...  0.000012  7.853219e+06  1.733992e+09
1589  1548.877972    0.000078  0.000019  ...  0.000012  7.803992e+06  1.733992e+09
1590  1548.868638    0.000079  0.000015  ...  0.000012  7.796196e+06  1.733992e+09
1591  1548.877968    0.000079  0.000019  ...  0.000012  7.812673e+06  1.733992e+09

[1592 rows x 13 columns]
CHANNEL_3_7
           cbragg  cbragg_err   credchi  ...  cdelta_n            cL     timestamp
0     1549.891866    0.000083  0.000017  ...  0.000012  7.628255e+06  1.733976e+09
1     1549.903923    0.000082  0.000019  ...  0.000012  7.626247e+06  1.733976e+09
2     1549.891890    0.000084  0.000017  ...  0.000012  7.635434e+06  1.733976e+09
3     1549.903945    0.000082  0.000019  ...  0.000012  7.643505e+06  1.733976e+09
4     1549.891884    0.000082  0.000016  ...  0.000012  7.647234e+06  1.733976e+09
...           ...         ...       ...  ...       ...           ...           ...
1587  1549.899497    0.000080  0.000018  ...  0.000012  7.634735e+06  1.733992e+09
1588  1549.887207    0.000084  0.000017  ...  0.000012  7.640062e+06  1.733992e+09
1589  1549.899363    0.000086  0.000021  ...  0.000012  7.704330e+06  1.733992e+09
1590  1549.887178    0.000083  0.000017  ...  0.000012  7.638088e+06  1.733992e+09
1591  1549.899404    0.000082  0.000019  ...  0.000012  7.632409e+06  1.733992e+09

[1592 rows x 13 columns]
CHANNEL_3_8
           cbragg  cbragg_err   credchi  ...  cdelta_n            cL     timestamp
0     1550.850312    0.000095  0.000018  ...  0.000012  7.617343e+06  1.733976e+09
1     1550.855900    0.000107  0.000024  ...  0.000012  7.432710e+06  1.733976e+09
2     1550.850426    0.000094  0.000018  ...  0.000012  7.622078e+06  1.733976e+09
3     1550.856103    0.000092  0.000018  ...  0.000012  7.626139e+06  1.733976e+09
4     1550.850412    0.000096  0.000019  ...  0.000012  7.621615e+06  1.733976e+09
...           ...         ...       ...  ...       ...           ...           ...
1587  1550.848505    0.000093  0.000018  ...  0.000012  7.637929e+06  1.733992e+09
1588  1550.843323    0.000095  0.000018  ...  0.000012  7.627543e+06  1.733992e+09
1589  1550.848561    0.000091  0.000018  ...  0.000012  7.636496e+06  1.733992e+09
1590  1550.843280    0.000093  0.000018  ...  0.000012  7.636596e+06  1.733992e+09
1591  1550.848471    0.000091  0.000018  ...  0.000012  7.644665e+06  1.733992e+09

[1592 rows x 13 columns]
CHANNEL_3_9
           cbragg  cbragg_err   credchi  ...  cdelta_n            cL     timestamp
0     1551.843288    0.000088  0.000012  ...  0.000012  7.744349e+06  1.733976e+09
1     1551.856616    0.000080  0.000015  ...  0.000012  7.766991e+06  1.733976e+09
2     1551.843419    0.000087  0.000012  ...  0.000012  7.782453e+06  1.733976e+09
3     1551.856660    0.000084  0.000017  ...  0.000012  7.724743e+06  1.733976e+09
4     1551.843541    0.000092  0.000013  ...  0.000012  7.781274e+06  1.733976e+09
...           ...         ...       ...  ...       ...           ...           ...
1587  1551.849284    0.000083  0.000017  ...  0.000012  7.742932e+06  1.733992e+09
1588  1551.836128    0.000083  0.000011  ...  0.000012  7.809509e+06  1.733992e+09
1589  1551.849445    0.000082  0.000016  ...  0.000012  7.748206e+06  1.733992e+09
1590  1551.836035    0.000085  0.000012  ...  0.000012  7.797663e+06  1.733992e+09
1591  1551.849322    0.000083  0.000017  ...  0.000012  7.760616e+06  1.733992e+09

[1592 rows x 13 columns]
CHANNEL_3_10
           cbragg  cbragg_err   credchi  ...  cdelta_n            cL     timestamp
0     1552.856111    0.000104  0.000024  ...  0.000012  7.652908e+06  1.733976e+09
1     1552.859869    0.000109  0.000017  ...  0.000012  7.759143e+06  1.733976e+09
2     1552.856133    0.000105  0.000024  ...  0.000012  7.719789e+06  1.733976e+09
3     1552.860080    0.000275  0.000090  ...  0.000012  7.038138e+06  1.733976e+09
4     1552.856388    0.000103  0.000023  ...  0.000012  7.722028e+06  1.733976e+09
...           ...         ...       ...  ...       ...           ...           ...
1587  1552.852511    0.000109  0.000017  ...  0.000012  7.762049e+06  1.733992e+09
1588  1552.848952    0.000104  0.000024  ...  0.000012  7.661570e+06  1.733992e+09
1589  1552.852612    0.000110  0.000017  ...  0.000012  7.757348e+06  1.733992e+09
1590  1552.848961    0.000101  0.000023  ...  0.000012  7.734863e+06  1.733992e+09
1591  1552.852540    0.000110  0.000017  ...  0.000012  7.758056e+06  1.733992e+09

[1592 rows x 13 columns]
CHANNEL_3_11
           cbragg  cbragg_err   credchi  ...  cdelta_n            cL     timestamp
0     1553.819275    0.000133  0.000032  ...  0.000012  7.825718e+06  1.733976e+09
1     1553.829892    0.000134  0.000046  ...  0.000012  7.744463e+06  1.733976e+09
2     1553.819283    0.000125  0.000028  ...  0.000012  7.980128e+06  1.733976e+09
3     1553.829900    0.000121  0.000039  ...  0.000012  7.960517e+06  1.733976e+09
4     1553.819230    0.000126  0.000029  ...  0.000012  7.983619e+06  1.733976e+09
...           ...         ...       ...  ...       ...           ...           ...
1587  1553.822418    0.000144  0.000053  ...  0.000012  7.675202e+06  1.733992e+09
1588  1553.812286    0.000125  0.000028  ...  0.000012  7.980920e+06  1.733992e+09
1589  1553.822486    0.000122  0.000040  ...  0.000012  7.935453e+06  1.733992e+09
1590  1553.812205    0.000127  0.000029  ...  0.000012  7.966759e+06  1.733992e+09
1591  1553.822491    0.000122  0.000040  ...  0.000012  7.930050e+06  1.733992e+09

[1592 rows x 13 columns]
CHANNEL_3_12
           cbragg  cbragg_err   credchi  ...  cdelta_n            cL     timestamp
0     1554.798299    0.000096  0.000021  ...  0.000012  7.808598e+06  1.733976e+09
1     1554.804963    0.000153  0.000041  ...  0.000012  7.470864e+06  1.733976e+09
2     1554.798478    0.000097  0.000021  ...  0.000012  7.811171e+06  1.733976e+09
3     1554.805032    0.000099  0.000018  ...  0.000012  7.849318e+06  1.733976e+09
4     1554.798484    0.000097  0.000021  ...  0.000012  7.764263e+06  1.733976e+09
...           ...         ...       ...  ...       ...           ...           ...
1587  1554.797872    0.000095  0.000017  ...  0.000012  7.870011e+06  1.733992e+09
1588  1554.791162    0.000098  0.000021  ...  0.000012  7.698842e+06  1.733992e+09
1589  1554.797920    0.000095  0.000017  ...  0.000012  7.823290e+06  1.733992e+09
1590  1554.791074    0.000093  0.000019  ...  0.000012  7.781089e+06  1.733992e+09
1591  1554.797847    0.000096  0.000018  ...  0.000012  7.819019e+06  1.733992e+09

[1592 rows x 13 columns]
CHANNEL_3_13
           cbragg  cbragg_err   credchi  ...  cdelta_n            cL     timestamp
0     1555.803360    0.000081  0.000010  ...  0.000012  7.741888e+06  1.733976e+09
1     1555.816251    0.000082  0.000016  ...  0.000012  7.656543e+06  1.733976e+09
2     1555.803605    0.000082  0.000011  ...  0.000012  7.756070e+06  1.733976e+09
3     1555.816435    0.000082  0.000016  ...  0.000012  7.657080e+06  1.733976e+09
4     1555.803506    0.000083  0.000011  ...  0.000012  7.741521e+06  1.733976e+09
...           ...         ...       ...  ...       ...           ...           ...
1587  1555.808928    0.000083  0.000017  ...  0.000012  7.662746e+06  1.733992e+09
1588  1555.796345    0.000078  0.000010  ...  0.000012  7.742741e+06  1.733992e+09
1589  1555.808993    0.000080  0.000015  ...  0.000012  7.680586e+06  1.733992e+09
1590  1555.796397    0.000080  0.000010  ...  0.000012  7.738734e+06  1.733992e+09
1591  1555.808912    0.000083  0.000016  ...  0.000012  7.667681e+06  1.733992e+09

[1592 rows x 13 columns]
CHANNEL_3_14
           cbragg  cbragg_err   credchi  ...  cdelta_n            cL     timestamp
0     1556.761033    0.000194  0.000084  ...  0.000012  7.740046e+06  1.733976e+09
1     1556.766331    0.000198  0.000072  ...  0.000012  7.736850e+06  1.733976e+09
2     1556.761154    0.000195  0.000086  ...  0.000012  7.741129e+06  1.733976e+09
3     1556.766418    0.000198  0.000072  ...  0.000012  7.743970e+06  1.733976e+09
4     1556.761221    0.000196  0.000086  ...  0.000012  7.733817e+06  1.733976e+09
...           ...         ...       ...  ...       ...           ...           ...
1587  1556.759446    0.000192  0.000069  ...  0.000012  7.789619e+06  1.733992e+09
1588  1556.753953    0.000188  0.000080  ...  0.000012  7.750499e+06  1.733992e+09
1589  1556.759418    0.000191  0.000068  ...  0.000012  7.725620e+06  1.733992e+09
1590  1556.753961    0.000193  0.000085  ...  0.000012  7.720432e+06  1.733992e+09
1591  1556.759352    0.000192  0.000069  ...  0.000012  7.740677e+06  1.733992e+09

[1592 rows x 13 columns]
