CHANNEL_0_1
           cbragg  cbragg_err   credchi  ...  cdelta_n            cL     timestamp
0     1544.223235    0.000100  0.000041  ...  0.000012  7.703442e+06  1.737755e+09
1     1544.224907    0.000103  0.000055  ...  0.000012  7.639823e+06  1.737755e+09
2     1544.223271    0.000100  0.000041  ...  0.000012  7.704404e+06  1.737755e+09
3     1544.224790    0.000101  0.000053  ...  0.000012  7.655115e+06  1.737755e+09
4     1544.223171    0.000098  0.000041  ...  0.000012  7.705462e+06  1.737755e+09
...           ...         ...       ...  ...       ...           ...           ...
1587  1544.224832    0.000202  0.000054  ...  0.000012  7.651697e+06  1.737771e+09
1588  1544.223346    0.000100  0.000041  ...  0.000012  7.701199e+06  1.737771e+09
1589  1544.224819    0.000103  0.000055  ...  0.000012  7.639143e+06  1.737771e+09
1590  1544.223301    0.000099  0.000041  ...  0.000012  7.713849e+06  1.737771e+09
1591  1544.224895    0.000114  0.000054  ...  0.000012  7.644108e+06  1.737771e+09

[1592 rows x 13 columns]
CHANNEL_0_2
           cbragg  cbragg_err   credchi  ...  cdelta_n            cL     timestamp
0     1545.177806    0.000080  0.000016  ...  0.000012  7.672058e+06  1.737755e+09
1     1545.178433    0.000084  0.000014  ...  0.000012  7.691988e+06  1.737755e+09
2     1545.177867    0.000079  0.000016  ...  0.000012  7.676960e+06  1.737755e+09
3     1545.178298    0.000085  0.000014  ...  0.000012  7.671448e+06  1.737755e+09
4     1545.177721    0.000081  0.000017  ...  0.000012  7.676950e+06  1.737755e+09
...           ...         ...       ...  ...       ...           ...           ...
1587  1545.178254    0.000085  0.000014  ...  0.000012  7.689815e+06  1.737771e+09
1588  1545.177868    0.000081  0.000016  ...  0.000012  7.683115e+06  1.737771e+09
1589  1545.178400    0.000085  0.000014  ...  0.000012  7.686446e+06  1.737771e+09
1590  1545.177915    0.000081  0.000017  ...  0.000012  7.684457e+06  1.737771e+09
1591  1545.178312    0.000088  0.000015  ...  0.000012  7.684010e+06  1.737771e+09

[1592 rows x 13 columns]
CHANNEL_0_3
           cbragg  cbragg_err   credchi  ...  cdelta_n            cL     timestamp
0     1546.163705    0.000113  0.000049  ...  0.000012  7.647435e+06  1.737755e+09
1     1546.161733    0.000112  0.000047  ...  0.000012  7.614120e+06  1.737755e+09
2     1546.163647    0.000111  0.000048  ...  0.000012  7.650471e+06  1.737755e+09
3     1546.161707    0.000111  0.000047  ...  0.000012  7.614194e+06  1.737755e+09
4     1546.163568    0.000114  0.000050  ...  0.000012  7.653303e+06  1.737755e+09
...           ...         ...       ...  ...       ...           ...           ...
1587  1546.161587    0.000110  0.000045  ...  0.000012  7.618234e+06  1.737771e+09
1588  1546.163785    0.000110  0.000047  ...  0.000012  7.649361e+06  1.737771e+09
1589  1546.161553    0.000123  0.000059  ...  0.000012  7.798734e+06  1.737771e+09
1590  1546.163875    0.000112  0.000048  ...  0.000012  7.643052e+06  1.737771e+09
1591  1546.161690    0.000113  0.000048  ...  0.000012  7.597962e+06  1.737771e+09

[1592 rows x 13 columns]
CHANNEL_0_4
           cbragg  cbragg_err   credchi  ...  cdelta_n            cL     timestamp
0     1547.155865    0.000119  0.000061  ...  0.000012  7.940167e+06  1.737755e+09
1     1547.156950    0.000121  0.000050  ...  0.000012  7.860496e+06  1.737755e+09
2     1547.155802    0.000115  0.000056  ...  0.000012  7.830386e+06  1.737755e+09
3     1547.156965    0.000121  0.000051  ...  0.000012  7.962773e+06  1.737755e+09
4     1547.155644    0.000123  0.000065  ...  0.000012  7.960002e+06  1.737755e+09
...           ...         ...       ...  ...       ...           ...           ...
1587  1547.156877    0.000119  0.000048  ...  0.000012  7.854157e+06  1.737771e+09
1588  1547.155869    0.000115  0.000056  ...  0.000012  7.825542e+06  1.737771e+09
1589  1547.156948    0.000118  0.000047  ...  0.000012  7.846016e+06  1.737771e+09
1590  1547.155877    0.000115  0.000055  ...  0.000012  7.841054e+06  1.737771e+09
1591  1547.156956    0.000118  0.000047  ...  0.000012  7.858570e+06  1.737771e+09

[1592 rows x 13 columns]
CHANNEL_0_5
           cbragg  cbragg_err   credchi  ...  cdelta_n            cL     timestamp
0     1548.130384    0.000094  0.000033  ...  0.000012  7.702405e+06  1.737755e+09
1     1548.133756    0.000112  0.000072  ...  0.000012  7.789919e+06  1.737755e+09
2     1548.130238    0.000096  0.000035  ...  0.000012  7.735629e+06  1.737755e+09
3     1548.133628    0.000094  0.000050  ...  0.000012  7.639999e+06  1.737755e+09
4     1548.130127    0.000093  0.000033  ...  0.000012  7.706799e+06  1.737755e+09
...           ...         ...       ...  ...       ...           ...           ...
1587  1548.133668    0.000093  0.000049  ...  0.000012  7.602792e+06  1.737771e+09
1588  1548.130406    0.000094  0.000033  ...  0.000012  7.723017e+06  1.737771e+09
1589  1548.133726    0.000092  0.000048  ...  0.000012  7.607643e+06  1.737771e+09
1590  1548.130384    0.000138  0.000074  ...  0.000012  8.004016e+06  1.737771e+09
1591  1548.133731    0.000094  0.000050  ...  0.000012  7.684860e+06  1.737771e+09

[1592 rows x 13 columns]
CHANNEL_0_6
           cbragg  cbragg_err   credchi  ...  cdelta_n            cL     timestamp
0     1549.116891    0.000088  0.000051  ...  0.000012  7.513597e+06  1.737755e+09
1     1549.109015    0.000093  0.000034  ...  0.000012  7.631041e+06  1.737755e+09
2     1549.116922    0.000085  0.000049  ...  0.000012  7.524506e+06  1.737755e+09
3     1549.108830    0.000094  0.000036  ...  0.000012  7.685764e+06  1.737755e+09
4     1549.116864    0.000083  0.000046  ...  0.000012  7.463308e+06  1.737755e+09
...           ...         ...       ...  ...       ...           ...           ...
1587  1549.108855    0.000077  0.000023  ...  0.000012  7.529746e+06  1.737771e+09
1588  1549.116838    0.000084  0.000047  ...  0.000012  7.459360e+06  1.737771e+09
1589  1549.108914    0.000078  0.000024  ...  0.000012  7.525935e+06  1.737771e+09
1590  1549.117438    0.000262  0.000486  ...  0.000012  8.105608e+06  1.737771e+09
1591  1549.108848    0.000093  0.000035  ...  0.000012  7.661021e+06  1.737771e+09

[1592 rows x 13 columns]
CHANNEL_0_7
           cbragg  cbragg_err   credchi  ...  cdelta_n            cL     timestamp
0     1550.112542    0.000121  0.000044  ...  0.000012  7.626681e+06  1.737755e+09
1     1550.117047    0.000119  0.000049  ...  0.000012  7.641256e+06  1.737755e+09
2     1550.112494    0.000121  0.000044  ...  0.000012  7.627960e+06  1.737755e+09
3     1550.116967    0.000119  0.000049  ...  0.000012  7.634634e+06  1.737755e+09
4     1550.112422    0.000120  0.000043  ...  0.000012  7.632437e+06  1.737755e+09
...           ...         ...       ...  ...       ...           ...           ...
1587  1550.116954    0.000119  0.000048  ...  0.000012  7.642087e+06  1.737771e+09
1588  1550.112408    0.000119  0.000043  ...  0.000012  7.636729e+06  1.737771e+09
1589  1550.117000    0.000117  0.000048  ...  0.000012  7.643583e+06  1.737771e+09
1590  1550.112421    0.000119  0.000042  ...  0.000012  7.641269e+06  1.737771e+09
1591  1550.116970    0.000118  0.000048  ...  0.000012  7.641508e+06  1.737771e+09

[1592 rows x 13 columns]
CHANNEL_0_8
           cbragg  cbragg_err   credchi  ...  cdelta_n            cL     timestamp
0     1551.090351    0.000073  0.000016  ...  0.000012  7.610282e+06  1.737755e+09
1     1551.090494    0.000073  0.000019  ...  0.000012  7.592364e+06  1.737755e+09
2     1551.090214    0.000073  0.000016  ...  0.000012  7.618510e+06  1.737755e+09
3     1551.090315    0.000072  0.000019  ...  0.000012  7.590746e+06  1.737755e+09
4     1551.090111    0.000073  0.000016  ...  0.000012  7.610461e+06  1.737755e+09
...           ...         ...       ...  ...       ...           ...           ...
1587  1551.091117    0.000072  0.000019  ...  0.000012  7.594417e+06  1.737771e+09
1588  1551.090997    0.000074  0.000016  ...  0.000012  7.613797e+06  1.737771e+09
1589  1551.091040    0.000072  0.000019  ...  0.000012  7.589153e+06  1.737771e+09
1590  1551.090988    0.000072  0.000016  ...  0.000012  7.618669e+06  1.737771e+09
1591  1551.091163    0.000073  0.000019  ...  0.000012  7.593237e+06  1.737771e+09

[1592 rows x 13 columns]
CHANNEL_0_9
           cbragg  cbragg_err   credchi  ...  cdelta_n            cL     timestamp
0     1552.075668    0.000089  0.000027  ...  0.000012  7.735591e+06  1.737755e+09
1     1552.071196    0.000089  0.000018  ...  0.000012  7.689978e+06  1.737755e+09
2     1552.075576    0.000088  0.000026  ...  0.000012  7.684963e+06  1.737755e+09
3     1552.071062    0.000092  0.000019  ...  0.000012  7.647093e+06  1.737755e+09
4     1552.075478    0.000087  0.000026  ...  0.000012  7.682592e+06  1.737755e+09
...           ...         ...       ...  ...       ...           ...           ...
1587  1552.071848    0.000089  0.000018  ...  0.000012  7.704454e+06  1.737771e+09
1588  1552.076270    0.000087  0.000025  ...  0.000012  7.689907e+06  1.737771e+09
1589  1552.071748    0.000090  0.000018  ...  0.000012  7.695137e+06  1.737771e+09
1590  1552.076354    0.000086  0.000025  ...  0.000012  7.684285e+06  1.737771e+09
1591  1552.071901    0.000089  0.000018  ...  0.000012  7.697233e+06  1.737771e+09

[1592 rows x 13 columns]
CHANNEL_0_10
           cbragg  cbragg_err   credchi  ...  cdelta_n            cL     timestamp
0     1553.076524    0.000091  0.000018  ...  0.000012  7.718109e+06  1.737755e+09
1     1553.079896    0.000091  0.000021  ...  0.000012  7.719554e+06  1.737755e+09
2     1553.076436    0.000091  0.000018  ...  0.000012  7.711139e+06  1.737755e+09
3     1553.079733    0.000090  0.000020  ...  0.000012  7.721769e+06  1.737755e+09
4     1553.076396    0.000090  0.000018  ...  0.000012  7.719793e+06  1.737755e+09
...           ...         ...       ...  ...       ...           ...           ...
1587  1553.080519    0.000091  0.000021  ...  0.000012  7.720032e+06  1.737771e+09
1588  1553.077228    0.000094  0.000019  ...  0.000012  7.702597e+06  1.737771e+09
1589  1553.080482    0.000091  0.000021  ...  0.000012  7.720804e+06  1.737771e+09
1590  1553.077274    0.000090  0.000018  ...  0.000012  7.710309e+06  1.737771e+09
1591  1553.080493    0.000092  0.000021  ...  0.000012  7.711547e+06  1.737771e+09

[1592 rows x 13 columns]
CHANNEL_0_11
           cbragg  cbragg_err   credchi  ...  cdelta_n            cL     timestamp
0     1554.090909    0.000074  0.000014  ...  0.000012  7.650379e+06  1.737755e+09
1     1554.084371    0.000075  0.000010  ...  0.000012  7.646333e+06  1.737755e+09
2     1554.090848    0.000070  0.000012  ...  0.000012  7.652429e+06  1.737755e+09
3     1554.084218    0.000075  0.000011  ...  0.000012  7.643175e+06  1.737755e+09
4     1554.090916    0.000073  0.000013  ...  0.000012  7.635278e+06  1.737755e+09
...           ...         ...       ...  ...       ...           ...           ...
1587  1554.084967    0.000077  0.000011  ...  0.000012  7.628412e+06  1.737771e+09
1588  1554.091784    0.000070  0.000012  ...  0.000012  7.635764e+06  1.737771e+09
1589  1554.085053    0.000072  0.000010  ...  0.000012  7.661895e+06  1.737771e+09
1590  1554.091846    0.000070  0.000012  ...  0.000012  7.638279e+06  1.737771e+09
1591  1554.085094    0.000073  0.000010  ...  0.000012  7.642355e+06  1.737771e+09

[1592 rows x 13 columns]
CHANNEL_0_12
           cbragg  cbragg_err   credchi  ...  cdelta_n            cL     timestamp
0     1555.112497    0.000108  0.000047  ...  0.000012  7.528527e+06  1.737755e+09
1     1555.110864    0.000114  0.000042  ...  0.000012  7.550909e+06  1.737755e+09
2     1555.112215    0.000113  0.000052  ...  0.000012  7.520419e+06  1.737755e+09
3     1555.110666    0.000114  0.000041  ...  0.000012  7.532640e+06  1.737755e+09
4     1555.112319    0.000115  0.000054  ...  0.000012  7.615092e+06  1.737755e+09
...           ...         ...       ...  ...       ...           ...           ...
1587  1555.111467    0.000113  0.000041  ...  0.000012  7.527524e+06  1.737771e+09
1588  1555.113121    0.000113  0.000053  ...  0.000012  7.611314e+06  1.737771e+09
1589  1555.111497    0.000115  0.000043  ...  0.000012  7.553466e+06  1.737771e+09
1590  1555.113165    0.000115  0.000054  ...  0.000012  7.585068e+06  1.737771e+09
1591  1555.111473    0.000143  0.000063  ...  0.000012  7.261409e+06  1.737771e+09

[1592 rows x 13 columns]
CHANNEL_0_13
           cbragg  cbragg_err   credchi  ...  cdelta_n            cL     timestamp
0     1556.086039    0.000143  0.000037  ...  0.000012  7.618984e+06  1.737755e+09
1     1556.086669    0.000138  0.000045  ...  0.000012  7.645086e+06  1.737755e+09
2     1556.086127    0.000141  0.000035  ...  0.000012  7.676924e+06  1.737755e+09
3     1556.086653    0.000138  0.000046  ...  0.000012  7.647503e+06  1.737755e+09
4     1556.086054    0.000145  0.000038  ...  0.000012  7.673614e+06  1.737755e+09
...           ...         ...       ...  ...       ...           ...           ...
1587  1556.087206    0.000137  0.000045  ...  0.000012  7.648598e+06  1.737771e+09
1588  1556.086767    0.000139  0.000035  ...  0.000012  7.683129e+06  1.737771e+09
1589  1556.087333    0.000136  0.000044  ...  0.000012  7.633698e+06  1.737771e+09
1590  1556.086786    0.000144  0.000037  ...  0.000012  7.687618e+06  1.737771e+09
1591  1556.087224    0.000141  0.000047  ...  0.000012  7.644873e+06  1.737771e+09

[1592 rows x 13 columns]
CHANNEL_0_14
           cbragg  cbragg_err   credchi  ...  cdelta_n            cL     timestamp
0     1557.060709    0.000120  0.000069  ...  0.000012  7.861557e+06  1.737755e+09
1     1557.053659    0.000093  0.000021  ...  0.000012  7.692180e+06  1.737755e+09
2     1557.060644    0.000096  0.000042  ...  0.000012  7.641433e+06  1.737755e+09
3     1557.053582    0.000094  0.000022  ...  0.000012  7.714133e+06  1.737755e+09
4     1557.060650    0.000160  0.000121  ...  0.000012  7.960667e+06  1.737755e+09
...           ...         ...       ...  ...       ...           ...           ...
1587  1557.054234    0.000094  0.000022  ...  0.000012  7.716136e+06  1.737771e+09
1588  1557.061392    0.000128  0.000079  ...  0.000012  7.909917e+06  1.737771e+09
1589  1557.054269    0.000093  0.000021  ...  0.000012  7.714328e+06  1.737771e+09
1590  1557.061376    0.000117  0.000062  ...  0.000012  7.790002e+06  1.737771e+09
1591  1557.054259    0.000094  0.000022  ...  0.000012  7.716329e+06  1.737771e+09

[1592 rows x 13 columns]
CHANNEL_1_1
           cbragg  cbragg_err   credchi  ...  cdelta_n            cL     timestamp
0     1555.122408    0.000091  0.000006  ...  0.000012  2.613799e+06  1.737755e+09
1     1555.125742    0.000087  0.000006  ...  0.000012  2.613152e+06  1.737755e+09
2     1555.122671    0.000332  0.000071  ...  0.000012  2.481163e+06  1.737755e+09
3     1555.125789    0.000231  0.000038  ...  0.000012  2.516395e+06  1.737755e+09
4     1555.122375    0.000096  0.000007  ...  0.000012  2.639718e+06  1.737755e+09
...           ...         ...       ...  ...       ...           ...           ...
1587  1555.125828    0.000118  0.000011  ...  0.000012  2.575719e+06  1.737771e+09
1588  1555.122425    0.000747  0.000272  ...  0.000012  2.276973e+06  1.737771e+09
1589  1555.125854    0.000774  0.000305  ...  0.000012  2.270231e+06  1.737771e+09
1590  1555.121626    0.000610  0.000427  ...  0.000012  3.013958e+06  1.737771e+09
1591  1555.125620    0.000097  0.000007  ...  0.000012  2.609322e+06  1.737771e+09

[1592 rows x 13 columns]
CHANNEL_1_2
           cbragg  cbragg_err   credchi  ...  cdelta_n            cL     timestamp
0     1558.270585    0.000839  0.001680  ...  0.000012  3.388870e+06  1.737755e+09
1     1558.274926    0.000184  0.000044  ...  0.000012  2.719556e+06  1.737755e+09
2     1558.271909    0.000118  0.000020  ...  0.000012  2.783393e+06  1.737755e+09
3     1558.275559    0.000572  0.000371  ...  0.000012  2.571674e+06  1.737755e+09
4     1558.272367    0.000135  0.000026  ...  0.000012  2.845188e+06  1.737755e+09
...           ...         ...       ...  ...       ...           ...           ...
1587  1558.272898    0.001251  0.004515  ...  0.000012  3.754470e+06  1.737771e+09
1588  1558.272898    0.000889  0.000680  ...  0.000012  2.394502e+06  1.737771e+09
1589  1558.273537    0.000786  0.001445  ...  0.000012  3.376455e+06  1.737771e+09
1590  1558.271924    0.000113  0.000017  ...  0.000012  2.786603e+06  1.737771e+09
1591  1558.274834    0.000119  0.000021  ...  0.000012  2.851213e+06  1.737771e+09

[1592 rows x 13 columns]
CHANNEL_1_3
           cbragg  cbragg_err   credchi  ...  cdelta_n            cL     timestamp
0     1561.092210    0.000433  0.000269  ...  0.000012  2.736346e+06  1.737755e+09
1     1561.088259    0.000637  0.000843  ...  0.000012  3.347983e+06  1.737755e+09
2     1561.092016    0.000040  0.000003  ...  0.000012  2.928419e+06  1.737755e+09
3     1561.088732    0.000039  0.000002  ...  0.000012  2.928260e+06  1.737755e+09
4     1561.091775    0.000711  0.001297  ...  0.000012  3.444701e+06  1.737755e+09
...           ...         ...       ...  ...       ...           ...           ...
1587  1561.089727    0.000155  0.000036  ...  0.000012  2.885271e+06  1.737771e+09
1588  1561.092804    0.000037  0.000002  ...  0.000012  2.927984e+06  1.737771e+09
1589  1561.089965    0.000390  0.000209  ...  0.000012  2.789912e+06  1.737771e+09
1590  1561.092557    0.000679  0.001149  ...  0.000012  3.410554e+06  1.737771e+09
1591  1561.089014    0.000356  0.000227  ...  0.000012  3.127793e+06  1.737771e+09

[1592 rows x 13 columns]
CHANNEL_2_1
           cbragg  cbragg_err   credchi  ...  cdelta_n            cL     timestamp
0     1542.576483    0.000087  0.000004  ...  0.000012  2.746127e+06  1.737755e+09
1     1542.589970    0.011460  0.003703  ...  0.000012  1.171887e+06  1.737755e+09
2     1542.576403    0.000069  0.000004  ...  0.000012  2.745259e+06  1.737755e+09
3     1542.576154         NaN  0.000004  ...  0.000012  2.746112e+06  1.737755e+09
4     1542.576546    0.000069  0.000004  ...  0.000012  2.746712e+06  1.737755e+09
...           ...         ...       ...  ...       ...           ...           ...
1587  1542.576362    0.000250  0.000004  ...  0.000012  2.747818e+06  1.737771e+09
1588  1542.600776    0.015461  0.003971  ...  0.000012  1.072805e+06  1.737771e+09
1589  1542.591424    0.017409  0.003972  ...  0.000012  1.069229e+06  1.737771e+09
1590  1542.600439    0.015720  0.003970  ...  0.000012  1.072520e+06  1.737771e+09
1591  1542.599595    0.015588  0.003952  ...  0.000012  1.071082e+06  1.737771e+09

[1592 rows x 13 columns]
CHANNEL_2_2
           cbragg  cbragg_err   credchi  ...  cdelta_n            cL     timestamp
0     1546.010500    0.000409  0.000106  ...  0.000012  2.478127e+06  1.737755e+09
1     1546.011875    0.001003  0.001317  ...  0.000012  3.211739e+06  1.737755e+09
2     1546.011151    0.000532  0.000318  ...  0.000012  3.011151e+06  1.737755e+09
3     1546.011895    0.000764  0.000775  ...  0.000012  3.147867e+06  1.737755e+09
4     1546.010678    0.000151  0.000018  ...  0.000012  2.666297e+06  1.737755e+09
...           ...         ...       ...  ...       ...           ...           ...
1587  1546.011292    0.000153  0.000019  ...  0.000012  2.659702e+06  1.737771e+09
1588  1546.010775    0.000153  0.000018  ...  0.000012  2.651179e+06  1.737771e+09
1589  1546.011645    0.000764  0.000792  ...  0.000012  3.163625e+06  1.737771e+09
1590  1546.011107    0.000592  0.000371  ...  0.000012  3.001264e+06  1.737771e+09
1591  1546.011338    0.000162  0.000022  ...  0.000012  2.664589e+06  1.737771e+09

[1592 rows x 13 columns]
CHANNEL_2_3
           cbragg  cbragg_err   credchi  ...  cdelta_n            cL     timestamp
0     1548.602123    0.000106  0.000012  ...  0.000012  2.884199e+06  1.737755e+09
1     1548.604598    0.000095  0.000010  ...  0.000012  2.884221e+06  1.737755e+09
2     1548.602104    0.000096  0.000010  ...  0.000012  2.893978e+06  1.737755e+09
3     1548.604377    0.000112  0.000013  ...  0.000012  2.869016e+06  1.737755e+09
4     1548.602168    0.000114  0.000013  ...  0.000012  2.859549e+06  1.737755e+09
...           ...         ...       ...  ...       ...           ...           ...
1587  1548.605244    0.000128  0.000017  ...  0.000012  2.837481e+06  1.737771e+09
1588  1548.602934    0.000113  0.000013  ...  0.000012  2.900267e+06  1.737771e+09
1589  1548.605091    0.000105  0.000012  ...  0.000012  2.900372e+06  1.737771e+09
1590  1548.604647    0.000330  0.000140  ...  0.000012  3.104885e+06  1.737771e+09
1591  1548.605812    0.000349  0.000154  ...  0.000012  3.069484e+06  1.737771e+09

[1592 rows x 13 columns]
CHANNEL_3_1
           cbragg  cbragg_err   credchi  ...  cdelta_n            cL     timestamp
0     1543.633831    0.000129  0.000024  ...  0.000012  7.835214e+06  1.737755e+09
1     1543.620766    0.000159  0.000014  ...  0.000012  7.893549e+06  1.737755e+09
2     1543.633756    0.000102  0.000023  ...  0.000012  7.836999e+06  1.737755e+09
3     1543.620720    0.000161  0.000015  ...  0.000012  7.888694e+06  1.737755e+09
4     1543.633762    0.000103  0.000023  ...  0.000012  7.839442e+06  1.737755e+09
...           ...         ...       ...  ...       ...           ...           ...
1587  1543.620822    0.000101  0.000014  ...  0.000012  7.909829e+06  1.737771e+09
1588  1543.633792    0.000104  0.000024  ...  0.000012  7.845099e+06  1.737771e+09
1589  1543.620749    0.000196  0.000014  ...  0.000012  7.901570e+06  1.737771e+09
1590  1543.633816    0.000281  0.000023  ...  0.000012  7.843972e+06  1.737771e+09
1591  1543.620686    0.000107  0.000015  ...  0.000012  7.902331e+06  1.737771e+09

[1592 rows x 13 columns]
CHANNEL_3_2
           cbragg  cbragg_err   credchi  ...  cdelta_n            cL     timestamp
0     1544.659517    0.000247  0.000030  ...  0.000012  7.876640e+06  1.737755e+09
1     1544.652501    0.000217  0.000033  ...  0.000012  7.832337e+06  1.737755e+09
2     1544.659518    0.000112  0.000028  ...  0.000012  7.890136e+06  1.737755e+09
3     1544.652580    0.000114  0.000033  ...  0.000012  7.833808e+06  1.737755e+09
4     1544.659494    0.000170  0.000029  ...  0.000012  7.872557e+06  1.737755e+09
...           ...         ...       ...  ...       ...           ...           ...
1587  1544.652567    0.000140  0.000034  ...  0.000012  7.833661e+06  1.737771e+09
1588  1544.659422    0.000117  0.000029  ...  0.000012  7.880797e+06  1.737771e+09
1589  1544.652590    0.000282  0.000034  ...  0.000012  7.830766e+06  1.737771e+09
1590  1544.659559    0.000228  0.000029  ...  0.000012  7.875329e+06  1.737771e+09
1591  1544.652682    0.000313  0.000034  ...  0.000012  7.834024e+06  1.737771e+09

[1592 rows x 13 columns]
CHANNEL_3_3
           cbragg  cbragg_err   credchi  ...  cdelta_n            cL     timestamp
0     1545.658066    0.000108  0.000035  ...  0.000012  7.613644e+06  1.737755e+09
1     1545.649117    0.000107  0.000023  ...  0.000012  7.638189e+06  1.737755e+09
2     1545.657930    0.000109  0.000036  ...  0.000012  7.669758e+06  1.737755e+09
3     1545.649086    0.000108  0.000023  ...  0.000012  7.635453e+06  1.737755e+09
4     1545.657955    0.000106  0.000034  ...  0.000012  7.606912e+06  1.737755e+09
...           ...         ...       ...  ...       ...           ...           ...
1587  1545.649058    0.000110  0.000024  ...  0.000012  7.625246e+06  1.737771e+09
1588  1545.658016    0.000108  0.000035  ...  0.000012  7.606404e+06  1.737771e+09
1589  1545.649146    0.000109  0.000023  ...  0.000012  7.573174e+06  1.737771e+09
1590  1545.658126    0.000105  0.000033  ...  0.000012  7.613640e+06  1.737771e+09
1591  1545.649206    0.000109  0.000023  ...  0.000012  7.634140e+06  1.737771e+09

[1592 rows x 13 columns]
CHANNEL_3_4
           cbragg  cbragg_err   credchi  ...  cdelta_n            cL     timestamp
0     1546.631588    0.000096  0.000023  ...  0.000012  7.775427e+06  1.737755e+09
1     1546.621115    0.000096  0.000021  ...  0.000012  7.786367e+06  1.737755e+09
2     1546.631428    0.000096  0.000023  ...  0.000012  7.774771e+06  1.737755e+09
3     1546.621129    0.000096  0.000021  ...  0.000012  7.759606e+06  1.737755e+09
4     1546.631324    0.000095  0.000023  ...  0.000012  7.780685e+06  1.737755e+09
...           ...         ...       ...  ...       ...           ...           ...
1587  1546.621216    0.000097  0.000021  ...  0.000012  7.752323e+06  1.737771e+09
1588  1546.631464    0.000097  0.000023  ...  0.000012  7.773945e+06  1.737771e+09
1589  1546.621265    0.000094  0.000020  ...  0.000012  7.774189e+06  1.737771e+09
1590  1546.631510    0.000097  0.000024  ...  0.000012  7.776223e+06  1.737771e+09
1591  1546.621234    0.000095  0.000021  ...  0.000012  7.773243e+06  1.737771e+09

[1592 rows x 13 columns]
CHANNEL_3_5
           cbragg  cbragg_err   credchi  ...  cdelta_n            cL     timestamp
0     1547.646698    0.000081  0.000015  ...  0.000012  7.600439e+06  1.737755e+09
1     1547.644440    0.000077  0.000015  ...  0.000012  7.590970e+06  1.737755e+09
2     1547.646488    0.000079  0.000014  ...  0.000012  7.609374e+06  1.737755e+09
3     1547.644281    0.000077  0.000015  ...  0.000012  7.592692e+06  1.737755e+09
4     1547.646486    0.000079  0.000014  ...  0.000012  7.609084e+06  1.737755e+09
...           ...         ...       ...  ...       ...           ...           ...
1587  1547.644411    0.000078  0.000015  ...  0.000012  7.597471e+06  1.737771e+09
1588  1547.646652    0.000079  0.000014  ...  0.000012  7.613935e+06  1.737771e+09
1589  1547.644437    0.000076  0.000014  ...  0.000012  7.595749e+06  1.737771e+09
1590  1547.646768    0.000079  0.000014  ...  0.000012  7.608004e+06  1.737771e+09
1591  1547.644490    0.000077  0.000015  ...  0.000012  7.594546e+06  1.737771e+09

[1592 rows x 13 columns]
CHANNEL_3_6
           cbragg  cbragg_err   credchi  ...  cdelta_n            cL     timestamp
0     1548.636893    0.000076  0.000019  ...  0.000012  7.822409e+06  1.737755e+09
1     1548.625097    0.000075  0.000010  ...  0.000012  7.899377e+06  1.737755e+09
2     1548.636889    0.000077  0.000019  ...  0.000012  7.778846e+06  1.737755e+09
3     1548.625039    0.000073  0.000010  ...  0.000012  7.904023e+06  1.737755e+09
4     1548.636861    0.000077  0.000019  ...  0.000012  7.818481e+06  1.737755e+09
...           ...         ...       ...  ...       ...           ...           ...
1587  1548.625108    0.000074  0.000010  ...  0.000012  7.891572e+06  1.737771e+09
1588  1548.636991    0.000078  0.000020  ...  0.000012  7.816186e+06  1.737771e+09
1589  1548.625009    0.000075  0.000010  ...  0.000012  7.898621e+06  1.737771e+09
1590  1548.636994    0.000079  0.000020  ...  0.000012  7.815201e+06  1.737771e+09
1591  1548.625117    0.000074  0.000010  ...  0.000012  7.904293e+06  1.737771e+09

[1592 rows x 13 columns]
CHANNEL_3_7
           cbragg  cbragg_err   credchi  ...  cdelta_n            cL     timestamp
0     1549.650846    0.000089  0.000014  ...  0.000012  7.570050e+06  1.737755e+09
1     1549.651852    0.000086  0.000021  ...  0.000012  7.529755e+06  1.737755e+09
2     1549.650780    0.000089  0.000014  ...  0.000012  7.575340e+06  1.737755e+09
3     1549.651844    0.000088  0.000022  ...  0.000012  7.522987e+06  1.737755e+09
4     1549.650708    0.000089  0.000014  ...  0.000012  7.571746e+06  1.737755e+09
...           ...         ...       ...  ...       ...           ...           ...
1587  1549.651954    0.000087  0.000021  ...  0.000012  7.526477e+06  1.737771e+09
1588  1549.650837    0.000089  0.000014  ...  0.000012  7.571356e+06  1.737771e+09
1589  1549.652075    0.000101  0.000028  ...  0.000012  7.339290e+06  1.737771e+09
1590  1549.650943    0.000090  0.000015  ...  0.000012  7.568308e+06  1.737771e+09
1591  1549.651896    0.000085  0.000020  ...  0.000012  7.534941e+06  1.737771e+09

[1592 rows x 13 columns]
CHANNEL_3_8
           cbragg  cbragg_err   credchi  ...  cdelta_n            cL     timestamp
0     1550.609199    0.000090  0.000019  ...  0.000012  7.589293e+06  1.737755e+09
1     1550.599877    0.000089  0.000011  ...  0.000012  7.712162e+06  1.737755e+09
2     1550.609039    0.000092  0.000020  ...  0.000012  7.622348e+06  1.737755e+09
3     1550.599696    0.000195  0.000047  ...  0.000012  7.192855e+06  1.737755e+09
4     1550.609034    0.000088  0.000019  ...  0.000012  7.642907e+06  1.737755e+09
...           ...         ...       ...  ...       ...           ...           ...
1587  1550.600459    0.000092  0.000012  ...  0.000012  7.708669e+06  1.737771e+09
1588  1550.609768    0.000090  0.000020  ...  0.000012  7.639330e+06  1.737771e+09
1589  1550.600402    0.000089  0.000011  ...  0.000012  7.716749e+06  1.737771e+09
1590  1550.609864    0.000093  0.000020  ...  0.000012  7.626734e+06  1.737771e+09
1591  1550.600512    0.000090  0.000011  ...  0.000012  7.706422e+06  1.737771e+09

[1592 rows x 13 columns]
CHANNEL_3_9
           cbragg  cbragg_err   credchi  ...  cdelta_n            cL     timestamp
0     1551.603656    0.000095  0.000013  ...  0.000012  7.708213e+06  1.737755e+09
1     1551.600944    0.000088  0.000016  ...  0.000012  7.658298e+06  1.737755e+09
2     1551.603528    0.000093  0.000013  ...  0.000012  7.704651e+06  1.737755e+09
3     1551.600876    0.000089  0.000016  ...  0.000012  7.601720e+06  1.737755e+09
4     1551.603454    0.000095  0.000013  ...  0.000012  7.701553e+06  1.737755e+09
...           ...         ...       ...  ...       ...           ...           ...
1587  1551.601553    0.000088  0.000016  ...  0.000012  7.670254e+06  1.737771e+09
1588  1551.604134    0.000095  0.000013  ...  0.000012  7.691939e+06  1.737771e+09
1589  1551.601526    0.000090  0.000016  ...  0.000012  7.665807e+06  1.737771e+09
1590  1551.604240    0.000094  0.000013  ...  0.000012  7.683261e+06  1.737771e+09
1591  1551.601635    0.000090  0.000016  ...  0.000012  7.663927e+06  1.737771e+09

[1592 rows x 13 columns]
CHANNEL_3_10
           cbragg  cbragg_err   credchi  ...  cdelta_n            cL     timestamp
0     1552.612339    0.000102  0.000018  ...  0.000012  7.752682e+06  1.737755e+09
1     1552.605404    0.000105  0.000015  ...  0.000012  7.780028e+06  1.737755e+09
2     1552.612215    0.000102  0.000018  ...  0.000012  7.738240e+06  1.737755e+09
3     1552.605202    0.000103  0.000015  ...  0.000012  7.799945e+06  1.737755e+09
4     1552.612130    0.000101  0.000017  ...  0.000012  7.761344e+06  1.737755e+09
...           ...         ...       ...  ...       ...           ...           ...
1587  1552.606027    0.000107  0.000016  ...  0.000012  7.787003e+06  1.737771e+09
1588  1552.612760    0.000101  0.000017  ...  0.000012  7.778319e+06  1.737771e+09
1589  1552.605960    0.000105  0.000015  ...  0.000012  7.796466e+06  1.737771e+09
1590  1552.612898    0.000105  0.000018  ...  0.000012  7.759585e+06  1.737771e+09
1591  1552.606136    0.000251  0.000078  ...  0.000012  7.141376e+06  1.737771e+09

[1592 rows x 13 columns]
CHANNEL_3_11
           cbragg  cbragg_err   credchi  ...  cdelta_n            cL     timestamp
0     1553.581295    0.000125  0.000035  ...  0.000012  7.961908e+06  1.737755e+09
1     1553.570576    0.000124  0.000027  ...  0.000012  7.896495e+06  1.737755e+09
2     1553.581274    0.000123  0.000034  ...  0.000012  7.964565e+06  1.737755e+09
3     1553.570487    0.000126  0.000028  ...  0.000012  7.947572e+06  1.737755e+09
4     1553.581289    0.000123  0.000034  ...  0.000012  7.962914e+06  1.737755e+09
...           ...         ...       ...  ...       ...           ...           ...
1587  1553.571296    0.000124  0.000028  ...  0.000012  7.957509e+06  1.737771e+09
1588  1553.581947    0.000123  0.000034  ...  0.000012  7.965855e+06  1.737771e+09
1589  1553.571395    0.000125  0.000028  ...  0.000012  7.946213e+06  1.737771e+09
1590  1553.581945    0.000126  0.000035  ...  0.000012  7.915060e+06  1.737771e+09
1591  1553.571202    0.000125  0.000028  ...  0.000012  7.947049e+06  1.737771e+09

[1592 rows x 13 columns]
CHANNEL_3_12
           cbragg  cbragg_err   credchi  ...  cdelta_n            cL     timestamp
0     1554.554633    0.000096  0.000018  ...  0.000012  7.832701e+06  1.737755e+09
1     1554.549832    0.000097  0.000014  ...  0.000012  7.837319e+06  1.737755e+09
2     1554.554535    0.000094  0.000017  ...  0.000012  7.814797e+06  1.737755e+09
3     1554.549797    0.000096  0.000014  ...  0.000012  7.850533e+06  1.737755e+09
4     1554.554538    0.000094  0.000017  ...  0.000012  7.815558e+06  1.737755e+09
...           ...         ...       ...  ...       ...           ...           ...
1587  1554.550444    0.000098  0.000014  ...  0.000012  7.837552e+06  1.737771e+09
1588  1554.555295    0.000095  0.000018  ...  0.000012  7.812679e+06  1.737771e+09
1589  1554.550464    0.000108  0.000017  ...  0.000012  7.901920e+06  1.737771e+09
1590  1554.555233    0.000095  0.000018  ...  0.000012  7.816644e+06  1.737771e+09
1591  1554.550461    0.000100  0.000015  ...  0.000012  7.845380e+06  1.737771e+09

[1592 rows x 13 columns]
CHANNEL_3_13
           cbragg  cbragg_err   credchi  ...  cdelta_n            cL     timestamp
0     1555.562591    0.000085  0.000012  ...  0.000012  7.585781e+06  1.737755e+09
1     1555.556829    0.000085  0.000013  ...  0.000012  7.588331e+06  1.737755e+09
2     1555.562575    0.000086  0.000012  ...  0.000012  7.635932e+06  1.737755e+09
3     1555.556886    0.000086  0.000013  ...  0.000012  7.591180e+06  1.737755e+09
4     1555.562558    0.000085  0.000012  ...  0.000012  7.636544e+06  1.737755e+09
...           ...         ...       ...  ...       ...           ...           ...
1587  1555.557347    0.000086  0.000013  ...  0.000012  7.591655e+06  1.737771e+09
1588  1555.563135    0.000087  0.000012  ...  0.000012  7.637074e+06  1.737771e+09
1589  1555.557432    0.000086  0.000013  ...  0.000012  7.574586e+06  1.737771e+09
1590  1555.563176    0.000088  0.000012  ...  0.000012  7.633349e+06  1.737771e+09
1591  1555.557388    0.000087  0.000013  ...  0.000012  7.589265e+06  1.737771e+09

[1592 rows x 13 columns]
CHANNEL_3_14
           cbragg  cbragg_err   credchi  ...  cdelta_n            cL     timestamp
0     1556.516767    0.000182  0.000073  ...  0.000012  7.729702e+06  1.737755e+09
1     1556.510139    0.000180  0.000046  ...  0.000012  7.794751e+06  1.737755e+09
2     1556.516705    0.000178  0.000070  ...  0.000012  7.701105e+06  1.737755e+09
3     1556.510104    0.000184  0.000048  ...  0.000012  7.801209e+06  1.737755e+09
4     1556.516700    0.000181  0.000073  ...  0.000012  7.743501e+06  1.737755e+09
...           ...         ...       ...  ...       ...           ...           ...
1587  1556.510768    0.000183  0.000047  ...  0.000012  7.796169e+06  1.737771e+09
1588  1556.517379    0.000181  0.000072  ...  0.000012  7.738442e+06  1.737771e+09
1589  1556.510754    0.000186  0.000049  ...  0.000012  7.795348e+06  1.737771e+09
1590  1556.517338    0.000183  0.000075  ...  0.000012  7.852559e+06  1.737771e+09
1591  1556.510790    0.000183  0.000047  ...  0.000012  7.806324e+06  1.737771e+09

[1592 rows x 13 columns]
