CHANNEL_0_1
           cbragg  cbragg_err   credchi  ...  cdelta_n            cL     timestamp
0     1544.213773    0.000104  0.000039  ...  0.000012  7.685190e+06  1.737342e+09
1     1544.213790    0.000102  0.000054  ...  0.000012  7.655664e+06  1.737342e+09
2     1544.214008    0.000204  0.000039  ...  0.000012  7.690450e+06  1.737342e+09
3     1544.213853    0.000102  0.000052  ...  0.000012  7.661218e+06  1.737342e+09
4     1544.213876    0.000103  0.000039  ...  0.000012  7.692816e+06  1.737342e+09
...           ...         ...       ...  ...       ...           ...           ...
1587  1544.211661    0.000113  0.000050  ...  0.000012  7.667036e+06  1.737358e+09
1588  1544.214454    0.000115  0.000041  ...  0.000012  7.681045e+06  1.737358e+09
1589  1544.211672    0.000420  0.000051  ...  0.000012  7.663055e+06  1.737358e+09
1590  1544.214396    0.000115  0.000041  ...  0.000012  7.687239e+06  1.737358e+09
1591  1544.211656    0.000141  0.000050  ...  0.000012  7.662513e+06  1.737358e+09

[1592 rows x 13 columns]
CHANNEL_0_2
           cbragg  cbragg_err   credchi  ...  cdelta_n            cL     timestamp
0     1545.170385    0.000078  0.000018  ...  0.000012  7.710215e+06  1.737342e+09
1     1545.164143    0.000086  0.000012  ...  0.000012  7.721088e+06  1.737342e+09
2     1545.170553    0.000084  0.000021  ...  0.000012  7.691625e+06  1.737342e+09
3     1545.164076    0.000088  0.000012  ...  0.000012  7.709862e+06  1.737342e+09
4     1545.170362    0.000081  0.000019  ...  0.000012  7.691818e+06  1.737342e+09
...           ...         ...       ...  ...       ...           ...           ...
1587  1545.163101    0.000085  0.000012  ...  0.000012  7.730910e+06  1.737358e+09
1588  1545.169626    0.000082  0.000019  ...  0.000012  7.701873e+06  1.737358e+09
1589  1545.163059    0.000088  0.000012  ...  0.000012  7.722882e+06  1.737358e+09
1590  1545.169744    0.000077  0.000017  ...  0.000012  7.701363e+06  1.737358e+09
1591  1545.162966    0.000087  0.000012  ...  0.000012  7.715340e+06  1.737358e+09

[1592 rows x 13 columns]
CHANNEL_0_3
           cbragg  cbragg_err   credchi  ...  cdelta_n            cL     timestamp
0     1546.154408    0.000113  0.000043  ...  0.000012  7.646031e+06  1.737342e+09
1     1546.150340    0.000115  0.000050  ...  0.000012  7.640153e+06  1.737342e+09
2     1546.154409    0.000116  0.000046  ...  0.000012  7.636339e+06  1.737342e+09
3     1546.150308    0.000112  0.000047  ...  0.000012  7.618106e+06  1.737342e+09
4     1546.154357    0.000116  0.000046  ...  0.000012  7.640004e+06  1.737342e+09
...           ...         ...       ...  ...       ...           ...           ...
1587  1546.147895    0.000193  0.000133  ...  0.000012  7.943209e+06  1.737358e+09
1588  1546.154472    0.000114  0.000047  ...  0.000012  7.657737e+06  1.737358e+09
1589  1546.147895    0.000119  0.000051  ...  0.000012  7.710222e+06  1.737358e+09
1590  1546.154557    0.000110  0.000045  ...  0.000012  7.671723e+06  1.737358e+09
1591  1546.147855    0.000125  0.000056  ...  0.000012  7.751412e+06  1.737358e+09

[1592 rows x 13 columns]
CHANNEL_0_4
           cbragg  cbragg_err   credchi  ...  cdelta_n            cL     timestamp
0     1547.148838    0.000115  0.000062  ...  0.000012  7.818726e+06  1.737342e+09
1     1547.142355    0.000117  0.000037  ...  0.000012  7.900385e+06  1.737342e+09
2     1547.148826    0.000121  0.000068  ...  0.000012  7.843012e+06  1.737342e+09
3     1547.142313    0.000117  0.000037  ...  0.000012  7.891085e+06  1.737342e+09
4     1547.148729    0.000115  0.000062  ...  0.000012  7.828257e+06  1.737342e+09
...           ...         ...       ...  ...       ...           ...           ...
1587  1547.140908    0.000117  0.000037  ...  0.000012  7.903035e+06  1.737358e+09
1588  1547.148014    0.000113  0.000060  ...  0.000012  7.844685e+06  1.737358e+09
1589  1547.140988    0.000116  0.000037  ...  0.000012  7.905085e+06  1.737358e+09
1590  1547.147901    0.000127  0.000077  ...  0.000012  8.011049e+06  1.737358e+09
1591  1547.140930    0.000116  0.000037  ...  0.000012  7.904272e+06  1.737358e+09

[1592 rows x 13 columns]
CHANNEL_0_5
           cbragg  cbragg_err   credchi  ...  cdelta_n            cL     timestamp
0     1548.121134    0.000093  0.000030  ...  0.000012  7.673395e+06  1.737342e+09
1     1548.121715    0.000093  0.000045  ...  0.000012  7.630916e+06  1.737342e+09
2     1548.121120    0.000093  0.000030  ...  0.000012  7.665497e+06  1.737342e+09
3     1548.121683    0.000092  0.000044  ...  0.000012  7.633717e+06  1.737342e+09
4     1548.120928    0.000091  0.000030  ...  0.000012  7.676260e+06  1.737342e+09
...           ...         ...       ...  ...       ...           ...           ...
1587  1548.119571    0.000118  0.000072  ...  0.000012  7.836549e+06  1.737358e+09
1588  1548.121051    0.000097  0.000035  ...  0.000012  7.733958e+06  1.737358e+09
1589  1548.119585    0.000093  0.000044  ...  0.000012  7.634170e+06  1.737358e+09
1590  1548.121052    0.000092  0.000031  ...  0.000012  7.681187e+06  1.737358e+09
1591  1548.119583    0.000091  0.000042  ...  0.000012  7.640617e+06  1.737358e+09

[1592 rows x 13 columns]
CHANNEL_0_6
           cbragg  cbragg_err   credchi  ...  cdelta_n            cL     timestamp
0     1549.107104    0.000144  0.000133  ...  0.000012  7.863750e+06  1.737342e+09
1     1549.096848    0.000077  0.000024  ...  0.000012  7.538048e+06  1.737342e+09
2     1549.107222    0.000094  0.000054  ...  0.000012  7.645140e+06  1.737342e+09
3     1549.096928    0.000098  0.000040  ...  0.000012  7.706780e+06  1.737342e+09
4     1549.107027    0.000214  0.000291  ...  0.000012  8.036386e+06  1.737342e+09
...           ...         ...       ...  ...       ...           ...           ...
1587  1549.094805    0.000076  0.000022  ...  0.000012  7.556944e+06  1.737358e+09
1588  1549.105786    0.000306  0.000599  ...  0.000012  8.166795e+06  1.737358e+09
1589  1549.094855    0.000076  0.000022  ...  0.000012  7.570987e+06  1.737358e+09
1590  1549.106760    0.000133  0.000116  ...  0.000012  7.806672e+06  1.737358e+09
1591  1549.094772    0.000076  0.000022  ...  0.000012  7.564715e+06  1.737358e+09

[1592 rows x 13 columns]
CHANNEL_0_7
           cbragg  cbragg_err   credchi  ...  cdelta_n            cL     timestamp
0     1550.103843    0.000117  0.000048  ...  0.000012  7.642043e+06  1.737342e+09
1     1550.103547    0.000121  0.000038  ...  0.000012  7.641421e+06  1.737342e+09
2     1550.103761    0.000117  0.000048  ...  0.000012  7.643559e+06  1.737342e+09
3     1550.103507    0.000120  0.000038  ...  0.000012  7.640600e+06  1.737342e+09
4     1550.103767    0.000118  0.000048  ...  0.000012  7.616998e+06  1.737342e+09
...           ...         ...       ...  ...       ...           ...           ...
1587  1550.101856    0.000119  0.000038  ...  0.000012  7.630878e+06  1.737358e+09
1588  1550.103399    0.000117  0.000047  ...  0.000012  7.648865e+06  1.737358e+09
1589  1550.101810    0.000120  0.000038  ...  0.000012  7.636785e+06  1.737358e+09
1590  1550.103491    0.000118  0.000048  ...  0.000012  7.639595e+06  1.737358e+09
1591  1550.101803    0.000120  0.000038  ...  0.000012  7.641766e+06  1.737358e+09

[1592 rows x 13 columns]
CHANNEL_0_8
           cbragg  cbragg_err   credchi  ...  cdelta_n            cL     timestamp
0     1551.079359    0.000075  0.000016  ...  0.000012  7.625068e+06  1.737342e+09
1     1551.077287    0.000071  0.000017  ...  0.000012  7.607653e+06  1.737342e+09
2     1551.079132    0.000075  0.000016  ...  0.000012  7.626375e+06  1.737342e+09
3     1551.077224    0.000072  0.000018  ...  0.000012  7.599036e+06  1.737342e+09
4     1551.079109    0.000075  0.000016  ...  0.000012  7.624668e+06  1.737342e+09
...           ...         ...       ...  ...       ...           ...           ...
1587  1551.075707    0.000071  0.000016  ...  0.000012  7.609488e+06  1.737358e+09
1588  1551.080012    0.000073  0.000017  ...  0.000012  7.615677e+06  1.737358e+09
1589  1551.075637    0.000073  0.000017  ...  0.000012  7.608632e+06  1.737358e+09
1590  1551.079964    0.000092  0.000027  ...  0.000012  7.773292e+06  1.737358e+09
1591  1551.075775    0.000071  0.000017  ...  0.000012  7.609861e+06  1.737358e+09

[1592 rows x 13 columns]
CHANNEL_0_9
           cbragg  cbragg_err   credchi  ...  cdelta_n            cL     timestamp
0     1552.064052    0.000087  0.000023  ...  0.000012  7.702576e+06  1.737342e+09
1     1552.058767    0.000086  0.000018  ...  0.000012  7.685280e+06  1.737342e+09
2     1552.064004    0.000101  0.000031  ...  0.000012  7.844352e+06  1.737342e+09
3     1552.058672    0.000089  0.000019  ...  0.000012  7.680966e+06  1.737342e+09
4     1552.063954    0.000089  0.000024  ...  0.000012  7.705322e+06  1.737342e+09
...           ...         ...       ...  ...       ...           ...           ...
1587  1552.056969    0.000087  0.000017  ...  0.000012  7.708604e+06  1.737358e+09
1588  1552.064685    0.000127  0.000054  ...  0.000012  8.004245e+06  1.737358e+09
1589  1552.056945    0.000090  0.000018  ...  0.000012  7.715499e+06  1.737358e+09
1590  1552.064743    0.000085  0.000023  ...  0.000012  7.716280e+06  1.737358e+09
1591  1552.056915    0.000088  0.000017  ...  0.000012  7.710122e+06  1.737358e+09

[1592 rows x 13 columns]
CHANNEL_0_10
           cbragg  cbragg_err   credchi  ...  cdelta_n            cL     timestamp
0     1553.067088    0.000089  0.000020  ...  0.000012  7.690574e+06  1.737342e+09
1     1553.065699    0.000098  0.000018  ...  0.000012  7.687216e+06  1.737342e+09
2     1553.066943    0.000090  0.000021  ...  0.000012  7.697654e+06  1.737342e+09
3     1553.065571    0.000098  0.000018  ...  0.000012  7.697633e+06  1.737342e+09
4     1553.066956    0.000091  0.000021  ...  0.000012  7.710096e+06  1.737342e+09
...           ...         ...       ...  ...       ...           ...           ...
1587  1553.064807    0.000097  0.000019  ...  0.000012  7.689921e+06  1.737358e+09
1588  1553.067070    0.000093  0.000021  ...  0.000012  7.695657e+06  1.737358e+09
1589  1553.064904    0.000095  0.000018  ...  0.000012  7.705798e+06  1.737358e+09
1590  1553.067140    0.000089  0.000020  ...  0.000012  7.715358e+06  1.737358e+09
1591  1553.064896    0.000093  0.000017  ...  0.000012  7.704951e+06  1.737358e+09

[1592 rows x 13 columns]
CHANNEL_0_11
           cbragg  cbragg_err   credchi  ...  cdelta_n            cL     timestamp
0     1554.079608    0.000071  0.000011  ...  0.000012  7.623992e+06  1.737342e+09
1     1554.072203    0.000073  0.000010  ...  0.000012  7.634706e+06  1.737342e+09
2     1554.079588    0.000070  0.000011  ...  0.000012  7.658789e+06  1.737342e+09
3     1554.072222    0.000077  0.000011  ...  0.000012  7.643977e+06  1.737342e+09
4     1554.079508    0.000069  0.000011  ...  0.000012  7.651118e+06  1.737342e+09
...           ...         ...       ...  ...       ...           ...           ...
1587  1554.070384    0.000074  0.000010  ...  0.000012  7.668345e+06  1.737358e+09
1588  1554.080240    0.000068  0.000011  ...  0.000012  7.651448e+06  1.737358e+09
1589  1554.070401    0.000074  0.000010  ...  0.000012  7.671723e+06  1.737358e+09
1590  1554.080195    0.000067  0.000011  ...  0.000012  7.668906e+06  1.737358e+09
1591  1554.070335    0.000076  0.000010  ...  0.000012  7.658930e+06  1.737358e+09

[1592 rows x 13 columns]
CHANNEL_0_12
           cbragg  cbragg_err   credchi  ...  cdelta_n            cL     timestamp
0     1555.102356    0.000187  0.000163  ...  0.000012  7.917173e+06  1.737342e+09
1     1555.096053    0.000114  0.000034  ...  0.000012  7.585970e+06  1.737342e+09
2     1555.102769    0.000119  0.000064  ...  0.000012  7.657763e+06  1.737342e+09
3     1555.096029    0.000116  0.000035  ...  0.000012  7.587955e+06  1.737342e+09
4     1555.102733    0.000112  0.000057  ...  0.000012  7.600864e+06  1.737342e+09
...           ...         ...       ...  ...       ...           ...           ...
1587  1555.095063    0.000115  0.000035  ...  0.000012  7.589990e+06  1.737358e+09
1588  1555.102980    0.000113  0.000058  ...  0.000012  7.626490e+06  1.737358e+09
1589  1555.095091    0.000114  0.000034  ...  0.000012  7.590744e+06  1.737358e+09
1590  1555.103002    0.000111  0.000056  ...  0.000012  7.566502e+06  1.737358e+09
1591  1555.095228    0.000110  0.000032  ...  0.000012  7.561250e+06  1.737358e+09

[1592 rows x 13 columns]
CHANNEL_0_13
           cbragg  cbragg_err   credchi  ...  cdelta_n            cL     timestamp
0     1556.073794    0.000146  0.000033  ...  0.000012  7.658754e+06  1.737342e+09
1     1556.074759    0.000134  0.000043  ...  0.000012  7.661938e+06  1.737342e+09
2     1556.073811    0.000265  0.000095  ...  0.000012  7.048650e+06  1.737342e+09
3     1556.074698    0.000138  0.000046  ...  0.000012  7.645620e+06  1.737342e+09
4     1556.073702    0.000145  0.000033  ...  0.000012  7.677947e+06  1.737342e+09
...           ...         ...       ...  ...       ...           ...           ...
1587  1556.072943    0.000154  0.000053  ...  0.000012  7.439996e+06  1.737358e+09
1588  1556.074965    0.000146  0.000035  ...  0.000012  7.698804e+06  1.737358e+09
1589  1556.073159    0.000134  0.000041  ...  0.000012  7.664103e+06  1.737358e+09
1590  1556.074956    0.000146  0.000035  ...  0.000012  7.683163e+06  1.737358e+09
1591  1556.072998    0.000137  0.000043  ...  0.000012  7.658112e+06  1.737358e+09

[1592 rows x 13 columns]
CHANNEL_0_14
           cbragg  cbragg_err   credchi  ...  cdelta_n            cL     timestamp
0     1557.049572    0.000093  0.000035  ...  0.000012  7.729961e+06  1.737342e+09
1     1557.040434    0.000090  0.000021  ...  0.000012  7.726769e+06  1.737342e+09
2     1557.049517    0.000134  0.000076  ...  0.000012  7.982011e+06  1.737342e+09
3     1557.040489    0.000091  0.000021  ...  0.000012  7.722715e+06  1.737342e+09
4     1557.049499    0.000092  0.000034  ...  0.000012  7.678999e+06  1.737342e+09
...           ...         ...       ...  ...       ...           ...           ...
1587  1557.039162    0.000091  0.000020  ...  0.000012  7.755422e+06  1.737358e+09
1588  1557.049837    0.000091  0.000035  ...  0.000012  7.700186e+06  1.737358e+09
1589  1557.039182    0.000089  0.000020  ...  0.000012  7.757055e+06  1.737358e+09
1590  1557.049891    0.000090  0.000034  ...  0.000012  7.691455e+06  1.737358e+09
1591  1557.039211    0.000089  0.000020  ...  0.000012  7.752693e+06  1.737358e+09

[1592 rows x 13 columns]
CHANNEL_1_1
           cbragg  cbragg_err   credchi  ...  cdelta_n            cL     timestamp
0     1555.119783    0.000109  0.000009  ...  0.000012  2.613348e+06  1.737342e+09
1     1555.122446    0.000213  0.000032  ...  0.000012  2.532379e+06  1.737342e+09
2     1555.119738    0.001217  0.002274  ...  0.000012  3.423094e+06  1.737342e+09
3     1555.122500    0.000189  0.000025  ...  0.000012  2.531737e+06  1.737342e+09
4     1555.119600    0.000642  0.000483  ...  0.000012  3.022490e+06  1.737342e+09
...           ...         ...       ...  ...       ...           ...           ...
1587  1555.121255    0.000458  0.000128  ...  0.000012  2.422637e+06  1.737358e+09
1588  1555.118553    0.001018  0.001462  ...  0.000012  3.276934e+06  1.737358e+09
1589  1555.121823    0.000479  0.000214  ...  0.000012  2.822986e+06  1.737358e+09
1590  1555.118781    0.000740  0.000266  ...  0.000012  2.272384e+06  1.737358e+09
1591  1555.121597    0.000119  0.000011  ...  0.000012  2.616636e+06  1.737358e+09

[1592 rows x 13 columns]
CHANNEL_1_2
           cbragg  cbragg_err   credchi  ...  cdelta_n            cL     timestamp
0     1558.269589    0.000203  0.000058  ...  0.000012  2.836621e+06  1.737342e+09
1     1558.270295    0.000112  0.000018  ...  0.000012  2.807762e+06  1.737342e+09
2     1558.269151    0.000773  0.001318  ...  0.000012  3.318361e+06  1.737342e+09
3     1558.270386    0.000805  0.000602  ...  0.000012  2.419622e+06  1.737342e+09
4     1558.268610    0.000970  0.002277  ...  0.000012  3.471932e+06  1.737342e+09
...           ...         ...       ...  ...       ...           ...           ...
1587  1558.268027    0.001131  0.003525  ...  0.000012  3.638312e+06  1.737358e+09
1588  1558.268016    0.000799  0.001442  ...  0.000012  3.344425e+06  1.737358e+09
1589  1558.269615    0.000117  0.000020  ...  0.000012  2.807080e+06  1.737358e+09
1590  1558.268496    0.000789  0.001386  ...  0.000012  3.325383e+06  1.737358e+09
1591  1558.269638    0.000236  0.000071  ...  0.000012  2.680713e+06  1.737358e+09

[1592 rows x 13 columns]
CHANNEL_1_3
           cbragg  cbragg_err   credchi  ...  cdelta_n            cL     timestamp
0     1561.084399    0.000041  0.000003  ...  0.000012  2.916438e+06  1.737342e+09
1     1561.084324    0.000039  0.000002  ...  0.000012  2.949399e+06  1.737342e+09
2     1561.084189    0.000044  0.000003  ...  0.000012  2.932524e+06  1.737342e+09
3     1561.084263    0.000885  0.001809  ...  0.000012  3.473559e+06  1.737342e+09
4     1561.084048    0.000146  0.000032  ...  0.000012  2.846690e+06  1.737342e+09
...           ...         ...       ...  ...       ...           ...           ...
1587  1561.083844    0.000037  0.000002  ...  0.000012  2.928417e+06  1.737358e+09
1588  1561.083933    0.000878  0.001952  ...  0.000012  3.560409e+06  1.737358e+09
1589  1561.083940    0.000202  0.000060  ...  0.000012  2.817435e+06  1.737358e+09
1590  1561.083579    0.000045  0.000003  ...  0.000012  2.961228e+06  1.737358e+09
1591  1561.083892    0.000096  0.000014  ...  0.000012  2.871689e+06  1.737358e+09

[1592 rows x 13 columns]
CHANNEL_2_1
           cbragg  cbragg_err   credchi  ...  cdelta_n            cL     timestamp
0     1542.566970    0.000067  0.000003  ...  0.000012  2.756644e+06  1.737342e+09
1     1542.567815    0.000054  0.000002  ...  0.000012  2.752126e+06  1.737342e+09
2     1542.567039    0.000060  0.000003  ...  0.000012  2.754734e+06  1.737342e+09
3     1542.567814    0.011921  0.003728  ...  0.000012  1.087145e+06  1.737342e+09
4     1542.566993    0.000058  0.000003  ...  0.000012  2.754304e+06  1.737342e+09
...           ...         ...       ...  ...       ...           ...           ...
1587  1542.567213    0.000086  0.000003  ...  0.000012  2.750179e+06  1.737358e+09
1588  1542.566582    0.000063  0.000003  ...  0.000012  2.752188e+06  1.737358e+09
1589  1542.567159    0.000059  0.000003  ...  0.000012  2.747349e+06  1.737358e+09
1590  1542.566489    0.000060  0.000003  ...  0.000012  2.753031e+06  1.737358e+09
1591  1542.567216    0.000063  0.000002  ...  0.000012  2.751592e+06  1.737358e+09

[1592 rows x 13 columns]
CHANNEL_2_2
           cbragg  cbragg_err   credchi  ...  cdelta_n            cL     timestamp
0     1546.002683    0.000145  0.000016  ...  0.000012  2.672880e+06  1.737342e+09
1     1546.000905    0.000875  0.001018  ...  0.000012  3.253173e+06  1.737342e+09
2     1546.003649    0.000708  0.000251  ...  0.000012  2.356184e+06  1.737342e+09
3     1546.002701    0.001012  0.000499  ...  0.000012  2.278349e+06  1.737342e+09
4     1546.002676    0.000148  0.000017  ...  0.000012  2.655784e+06  1.737342e+09
...           ...         ...       ...  ...       ...           ...           ...
1587  1546.001749    0.000318  0.000064  ...  0.000012  2.517235e+06  1.737358e+09
1588  1546.001850    0.000148  0.000017  ...  0.000012  2.662489e+06  1.737358e+09
1589  1546.001748    0.000320  0.000066  ...  0.000012  2.509992e+06  1.737358e+09
1590  1546.001679    0.000146  0.000016  ...  0.000012  2.675598e+06  1.737358e+09
1591  1546.001073    0.000502  0.000273  ...  0.000012  2.979108e+06  1.737358e+09

[1592 rows x 13 columns]
CHANNEL_2_3
           cbragg  cbragg_err   credchi  ...  cdelta_n            cL     timestamp
0     1548.595756    0.000099  0.000010  ...  0.000012  2.905315e+06  1.737342e+09
1     1548.598678    0.000099  0.000010  ...  0.000012  2.902662e+06  1.737342e+09
2     1548.595451    0.000101  0.000010  ...  0.000012  2.888666e+06  1.737342e+09
3     1548.598604    0.000103  0.000011  ...  0.000012  2.897824e+06  1.737342e+09
4     1548.595980    0.000321  0.000115  ...  0.000012  3.039473e+06  1.737342e+09
...           ...         ...       ...  ...       ...           ...           ...
1587  1548.598108    0.000101  0.000011  ...  0.000012  2.890234e+06  1.737358e+09
1588  1548.595714    0.001236  0.002958  ...  0.000012  3.839968e+06  1.737358e+09
1589  1548.598050    0.000110  0.000012  ...  0.000012  2.894055e+06  1.737358e+09
1590  1548.595187    0.000102  0.000011  ...  0.000012  2.904811e+06  1.737358e+09
1591  1548.598089    0.000103  0.000011  ...  0.000012  2.903777e+06  1.737358e+09

[1592 rows x 13 columns]
CHANNEL_3_1
           cbragg  cbragg_err   credchi  ...  cdelta_n            cL     timestamp
0     1543.623754    0.000104  0.000022  ...  0.000012  7.840760e+06  1.737342e+09
1     1543.612649    0.000150  0.000015  ...  0.000012  7.865455e+06  1.737342e+09
2     1543.623825    0.000103  0.000022  ...  0.000012  7.848039e+06  1.737342e+09
3     1543.612707    0.000103  0.000015  ...  0.000012  7.868885e+06  1.737342e+09
4     1543.623806    0.000106  0.000023  ...  0.000012  7.849097e+06  1.737342e+09
...           ...         ...       ...  ...       ...           ...           ...
1587  1543.610604    0.000264  0.000014  ...  0.000012  7.892600e+06  1.737358e+09
1588  1543.623172    0.000115  0.000022  ...  0.000012  7.864544e+06  1.737358e+09
1589  1543.610487    0.000171  0.000014  ...  0.000012  7.902713e+06  1.737358e+09
1590  1543.623053    0.000111  0.000022  ...  0.000012  7.865052e+06  1.737358e+09
1591  1543.610528    0.000138  0.000015  ...  0.000012  7.877751e+06  1.737358e+09

[1592 rows x 13 columns]
CHANNEL_3_2
           cbragg  cbragg_err   credchi  ...  cdelta_n            cL     timestamp
0     1544.645268    0.000120  0.000026  ...  0.000012  7.845766e+06  1.737342e+09
1     1544.647531    0.000196  0.000036  ...  0.000012  7.798716e+06  1.737342e+09
2     1544.645335    0.000244  0.000026  ...  0.000012  7.854290e+06  1.737342e+09
3     1544.647657    0.000137  0.000034  ...  0.000012  7.791925e+06  1.737342e+09
4     1544.645226    0.000119  0.000026  ...  0.000012  7.850380e+06  1.737342e+09
...           ...         ...       ...  ...       ...           ...           ...
1587  1544.645128    0.000114  0.000036  ...  0.000012  7.793499e+06  1.737358e+09
1588  1544.645469    0.000119  0.000026  ...  0.000012  7.845018e+06  1.737358e+09
1589  1544.645154    0.000145  0.000035  ...  0.000012  7.792586e+06  1.737358e+09
1590  1544.645451    0.000126  0.000025  ...  0.000012  7.850319e+06  1.737358e+09
1591  1544.645112    0.000113  0.000035  ...  0.000012  7.796905e+06  1.737358e+09

[1592 rows x 13 columns]
CHANNEL_3_3
           cbragg  cbragg_err   credchi  ...  cdelta_n            cL     timestamp
0     1545.648658    0.000105  0.000035  ...  0.000012  7.607348e+06  1.737342e+09
1     1545.639928    0.000106  0.000019  ...  0.000012  7.652421e+06  1.737342e+09
2     1545.648677    0.000107  0.000036  ...  0.000012  7.597731e+06  1.737342e+09
3     1545.639872    0.000105  0.000019  ...  0.000012  7.655205e+06  1.737342e+09
4     1545.648601    0.000112  0.000040  ...  0.000012  7.588971e+06  1.737342e+09
...           ...         ...       ...  ...       ...           ...           ...
1587  1545.638437    0.000110  0.000021  ...  0.000012  7.661391e+06  1.737358e+09
1588  1545.647604    0.000110  0.000037  ...  0.000012  7.584019e+06  1.737358e+09
1589  1545.638432    0.000107  0.000020  ...  0.000012  7.650406e+06  1.737358e+09
1590  1545.647655    0.000108  0.000036  ...  0.000012  7.594515e+06  1.737358e+09
1591  1545.638502    0.000108  0.000020  ...  0.000012  7.607302e+06  1.737358e+09

[1592 rows x 13 columns]
CHANNEL_3_4
           cbragg  cbragg_err   credchi  ...  cdelta_n            cL     timestamp
0     1546.618110    0.000099  0.000018  ...  0.000012  7.734961e+06  1.737342e+09
1     1546.618287    0.000094  0.000025  ...  0.000012  7.699399e+06  1.737342e+09
2     1546.618069    0.000100  0.000019  ...  0.000012  7.741953e+06  1.737342e+09
3     1546.618183    0.000096  0.000026  ...  0.000012  7.705238e+06  1.737342e+09
4     1546.617983    0.000100  0.000019  ...  0.000012  7.697840e+06  1.737342e+09
...           ...         ...       ...  ...       ...           ...           ...
1587  1546.615601    0.000096  0.000024  ...  0.000012  7.712408e+06  1.737358e+09
1588  1546.618640    0.000099  0.000019  ...  0.000012  7.752683e+06  1.737358e+09
1589  1546.615715    0.000099  0.000026  ...  0.000012  7.740341e+06  1.737358e+09
1590  1546.618550    0.000099  0.000019  ...  0.000012  7.751002e+06  1.737358e+09
1591  1546.615710    0.000096  0.000025  ...  0.000012  7.714034e+06  1.737358e+09

[1592 rows x 13 columns]
CHANNEL_3_5
           cbragg  cbragg_err   credchi  ...  cdelta_n            cL     timestamp
0     1547.637562    0.000079  0.000016  ...  0.000012  7.570382e+06  1.737342e+09
1     1547.636522    0.000081  0.000013  ...  0.000012  7.616462e+06  1.737342e+09
2     1547.637433    0.000091  0.000022  ...  0.000012  7.705232e+06  1.737342e+09
3     1547.636475    0.000080  0.000013  ...  0.000012  7.613214e+06  1.737342e+09
4     1547.637328    0.000078  0.000016  ...  0.000012  7.583859e+06  1.737342e+09
...           ...         ...       ...  ...       ...           ...           ...
1587  1547.635439    0.000078  0.000013  ...  0.000012  7.572477e+06  1.737358e+09
1588  1547.636385    0.000079  0.000015  ...  0.000012  7.589064e+06  1.737358e+09
1589  1547.635413    0.000093  0.000018  ...  0.000012  7.428025e+06  1.737358e+09
1590  1547.636364    0.000080  0.000016  ...  0.000012  7.586467e+06  1.737358e+09
1591  1547.635419    0.000080  0.000013  ...  0.000012  7.606417e+06  1.737358e+09

[1592 rows x 13 columns]
CHANNEL_3_6
           cbragg  cbragg_err   credchi  ...  cdelta_n            cL     timestamp
0     1548.626286    0.000084  0.000018  ...  0.000012  7.776560e+06  1.737342e+09
1     1548.620586    0.000084  0.000015  ...  0.000012  7.774183e+06  1.737342e+09
2     1548.626356    0.000082  0.000017  ...  0.000012  7.778739e+06  1.737342e+09
3     1548.620567    0.000083  0.000015  ...  0.000012  7.770102e+06  1.737342e+09
4     1548.626290    0.000084  0.000018  ...  0.000012  7.777167e+06  1.737342e+09
...           ...         ...       ...  ...       ...           ...           ...
1587  1548.618192    0.000084  0.000014  ...  0.000012  7.788303e+06  1.737358e+09
1588  1548.626177    0.000081  0.000018  ...  0.000012  7.763169e+06  1.737358e+09
1589  1548.618307    0.000081  0.000013  ...  0.000012  7.805695e+06  1.737358e+09
1590  1548.626069    0.000082  0.000019  ...  0.000012  7.789968e+06  1.737358e+09
1591  1548.618246    0.000080  0.000013  ...  0.000012  7.802024e+06  1.737358e+09

[1592 rows x 13 columns]
CHANNEL_3_7
           cbragg  cbragg_err   credchi  ...  cdelta_n            cL     timestamp
0     1549.641325    0.000085  0.000015  ...  0.000012  7.564677e+06  1.737342e+09
1     1549.645135    0.000085  0.000018  ...  0.000012  7.560576e+06  1.737342e+09
2     1549.641041    0.000086  0.000015  ...  0.000012  7.566892e+06  1.737342e+09
3     1549.644919    0.000084  0.000017  ...  0.000012  7.564532e+06  1.737342e+09
4     1549.641166    0.000085  0.000015  ...  0.000012  7.558633e+06  1.737342e+09
...           ...         ...       ...  ...       ...           ...           ...
1587  1549.644007    0.000083  0.000018  ...  0.000012  7.555697e+06  1.737358e+09
1588  1549.640132    0.000086  0.000014  ...  0.000012  7.521250e+06  1.737358e+09
1589  1549.643968    0.000083  0.000018  ...  0.000012  7.556804e+06  1.737358e+09
1590  1549.640153    0.000086  0.000014  ...  0.000012  7.567472e+06  1.737358e+09
1591  1549.643983    0.000085  0.000019  ...  0.000012  7.552998e+06  1.737358e+09

[1592 rows x 13 columns]
CHANNEL_3_8
           cbragg  cbragg_err   credchi  ...  cdelta_n            cL     timestamp
0     1550.601333    0.000090  0.000018  ...  0.000012  7.647690e+06  1.737342e+09
1     1550.591027    0.000089  0.000011  ...  0.000012  7.688870e+06  1.737342e+09
2     1550.601263    0.000090  0.000018  ...  0.000012  7.647198e+06  1.737342e+09
3     1550.590860    0.000090  0.000011  ...  0.000012  7.700631e+06  1.737342e+09
4     1550.601137    0.000089  0.000018  ...  0.000012  7.670881e+06  1.737342e+09
...           ...         ...       ...  ...       ...           ...           ...
1587  1550.590178    0.000090  0.000011  ...  0.000012  7.712587e+06  1.737358e+09
1588  1550.600912    0.000088  0.000018  ...  0.000012  7.667992e+06  1.737358e+09
1589  1550.590166    0.000090  0.000011  ...  0.000012  7.718693e+06  1.737358e+09
1590  1550.600808    0.000088  0.000018  ...  0.000012  7.656095e+06  1.737358e+09
1591  1550.590128    0.000090  0.000011  ...  0.000012  7.706457e+06  1.737358e+09

[1592 rows x 13 columns]
CHANNEL_3_9
           cbragg  cbragg_err   credchi  ...  cdelta_n            cL     timestamp
0     1551.592171    0.000095  0.000012  ...  0.000012  7.711299e+06  1.737342e+09
1     1551.594467    0.000088  0.000016  ...  0.000012  7.671755e+06  1.737342e+09
2     1551.592111    0.000095  0.000012  ...  0.000012  7.712369e+06  1.737342e+09
3     1551.594404    0.000089  0.000016  ...  0.000012  7.674845e+06  1.737342e+09
4     1551.592158    0.000096  0.000012  ...  0.000012  7.717231e+06  1.737342e+09
...           ...         ...       ...  ...       ...           ...           ...
1587  1551.593480    0.000089  0.000017  ...  0.000012  7.675793e+06  1.737358e+09
1588  1551.592247    0.000094  0.000012  ...  0.000012  7.691053e+06  1.737358e+09
1589  1551.593456    0.000088  0.000016  ...  0.000012  7.672177e+06  1.737358e+09
1590  1551.592212    0.000096  0.000012  ...  0.000012  7.708969e+06  1.737358e+09
1591  1551.593498    0.000088  0.000016  ...  0.000012  7.677262e+06  1.737358e+09

[1592 rows x 13 columns]
CHANNEL_3_10
           cbragg  cbragg_err   credchi  ...  cdelta_n            cL     timestamp
0     1552.604559    0.000098  0.000019  ...  0.000012  7.780267e+06  1.737342e+09
1     1552.595048    0.000102  0.000012  ...  0.000012  7.843232e+06  1.737342e+09
2     1552.604441    0.000099  0.000019  ...  0.000012  7.773212e+06  1.737342e+09
3     1552.594783    0.000104  0.000013  ...  0.000012  7.837597e+06  1.737342e+09
4     1552.604475    0.000100  0.000020  ...  0.000012  7.712058e+06  1.737342e+09
...           ...         ...       ...  ...       ...           ...           ...
1587  1552.594507    0.000108  0.000014  ...  0.000012  7.819245e+06  1.737358e+09
1588  1552.604237    0.000100  0.000019  ...  0.000012  7.713507e+06  1.737358e+09
1589  1552.594507    0.000109  0.000014  ...  0.000012  7.853144e+06  1.737358e+09
1590  1552.604224    0.000099  0.000018  ...  0.000012  7.764700e+06  1.737358e+09
1591  1552.594589    0.000110  0.000015  ...  0.000012  7.927460e+06  1.737358e+09

[1592 rows x 13 columns]
CHANNEL_3_11
           cbragg  cbragg_err   credchi  ...  cdelta_n            cL     timestamp
0     1553.567078    0.000131  0.000025  ...  0.000012  7.936512e+06  1.737342e+09
1     1553.566643    0.000129  0.000037  ...  0.000012  7.867741e+06  1.737342e+09
2     1553.567017    0.000268  0.000099  ...  0.000012  7.317194e+06  1.737342e+09
3     1553.566655    0.000125  0.000035  ...  0.000012  7.874465e+06  1.737342e+09
4     1553.566848    0.000132  0.000026  ...  0.000012  7.942978e+06  1.737342e+09
...           ...         ...       ...  ...       ...           ...           ...
1587  1553.564667    0.000129  0.000035  ...  0.000012  7.884355e+06  1.737358e+09
1588  1553.568288    0.000281  0.000105  ...  0.000012  7.193641e+06  1.737358e+09
1589  1553.564805    0.000126  0.000033  ...  0.000012  7.890910e+06  1.737358e+09
1590  1553.568189    0.000130  0.000027  ...  0.000012  7.951298e+06  1.737358e+09
1591  1553.564666    0.000127  0.000034  ...  0.000012  7.889426e+06  1.737358e+09

[1592 rows x 13 columns]
CHANNEL_3_12
           cbragg  cbragg_err   credchi  ...  cdelta_n            cL     timestamp
0     1554.546352    0.000094  0.000019  ...  0.000012  7.759960e+06  1.737342e+09
1     1554.538858    0.000098  0.000012  ...  0.000012  7.903967e+06  1.737342e+09
2     1554.546343    0.000095  0.000020  ...  0.000012  7.792490e+06  1.737342e+09
3     1554.538773    0.000098  0.000012  ...  0.000012  7.916629e+06  1.737342e+09
4     1554.546227    0.000094  0.000019  ...  0.000012  7.811377e+06  1.737342e+09
...           ...         ...       ...  ...       ...           ...           ...
1587  1554.538259    0.000099  0.000013  ...  0.000012  7.919275e+06  1.737358e+09
1588  1554.546066    0.000100  0.000021  ...  0.000012  7.676407e+06  1.737358e+09
1589  1554.538555    0.000290  0.000089  ...  0.000012  7.098738e+06  1.737358e+09
1590  1554.545993    0.000095  0.000019  ...  0.000012  7.800193e+06  1.737358e+09
1591  1554.538479    0.000191  0.000042  ...  0.000012  7.374720e+06  1.737358e+09

[1592 rows x 13 columns]
CHANNEL_3_13
           cbragg  cbragg_err   credchi  ...  cdelta_n            cL     timestamp
0     1555.547477    0.000091  0.000010  ...  0.000012  7.633743e+06  1.737342e+09
1     1555.552139    0.000086  0.000015  ...  0.000012  7.564401e+06  1.737342e+09
2     1555.547360    0.000093  0.000010  ...  0.000012  7.625961e+06  1.737342e+09
3     1555.551935    0.000083  0.000014  ...  0.000012  7.584458e+06  1.737342e+09
4     1555.547367    0.000091  0.000010  ...  0.000012  7.613006e+06  1.737342e+09
...           ...         ...       ...  ...       ...           ...           ...
1587  1555.550664    0.000089  0.000016  ...  0.000012  7.498455e+06  1.737358e+09
1588  1555.548417    0.000092  0.000010  ...  0.000012  7.614916e+06  1.737358e+09
1589  1555.550853    0.000087  0.000015  ...  0.000012  7.561741e+06  1.737358e+09
1590  1555.548297    0.000092  0.000010  ...  0.000012  7.607935e+06  1.737358e+09
1591  1555.550682    0.000087  0.000015  ...  0.000012  7.557641e+06  1.737358e+09

[1592 rows x 13 columns]
CHANNEL_3_14
           cbragg  cbragg_err   credchi  ...  cdelta_n            cL     timestamp
0     1556.507655    0.000187  0.000077  ...  0.000012  7.729565e+06  1.737342e+09
1     1556.500157    0.000182  0.000043  ...  0.000012  7.803769e+06  1.737342e+09
2     1556.507530    0.000188  0.000078  ...  0.000012  7.727011e+06  1.737342e+09
3     1556.500081    0.000178  0.000042  ...  0.000012  7.804961e+06  1.737342e+09
4     1556.507493    0.000185  0.000075  ...  0.000012  7.734369e+06  1.737342e+09
...           ...         ...       ...  ...       ...           ...           ...
1587  1556.499112    0.000185  0.000044  ...  0.000012  7.821923e+06  1.737358e+09
1588  1556.507445    0.000185  0.000076  ...  0.000012  7.737026e+06  1.737358e+09
1589  1556.499118    0.000180  0.000042  ...  0.000012  7.826940e+06  1.737358e+09
1590  1556.507403    0.000185  0.000077  ...  0.000012  7.732838e+06  1.737358e+09
1591  1556.499116    0.000182  0.000043  ...  0.000012  7.826519e+06  1.737358e+09

[1592 rows x 13 columns]
