000 (11451992.566.000) 01/28 14:31:49 Job submitted from host: <188.185.114.121:9618?addrs=188.185.114.121-9618+[2001-1458-d00-a--100-273]-9618&alias=bigbird19.cern.ch&noUDP&sock=schedd_2045_4743>
...
040 (11451992.566.000) 01/28 16:54:37 Started transferring input files
	Transferring to host: <128.142.161.91:9618?addrs=128.142.161.91-9618+[2001-1458-301-b8--100-19]-9618&alias=b9g03p3548.cern.ch&noUDP&sock=slot1_29_147784_f273_7916>
...
040 (11451992.566.000) 01/28 16:54:37 Finished transferring input files
...
001 (11451992.566.000) 01/28 16:54:38 Job executing on host: <128.142.161.91:9618?addrs=128.142.161.91-9618+[2001-1458-301-b8--100-19]-9618&alias=b9g03p3548.cern.ch&noUDP&sock=startd_4536_e5ae>
	SlotName: slot1_29@b9g03p3548.cern.ch
	CondorScratchDir = "/pool/condor/dir_1138274"
	Cpus = 1
	Disk = 3995
	GPUs = 0
	Memory = 3000
...
006 (11451992.566.000) 01/28 16:54:47 Image size of job updated: 87648
	86  -  MemoryUsage of job (MB)
	87648  -  ResidentSetSize of job (KB)
...
006 (11451992.566.000) 01/28 16:59:48 Image size of job updated: 97012
	95  -  MemoryUsage of job (MB)
	97012  -  ResidentSetSize of job (KB)
...
006 (11451992.566.000) 01/28 17:04:48 Image size of job updated: 100596
	99  -  MemoryUsage of job (MB)
	100596  -  ResidentSetSize of job (KB)
...
006 (11451992.566.000) 01/28 17:09:48 Image size of job updated: 103944
	102  -  MemoryUsage of job (MB)
	103944  -  ResidentSetSize of job (KB)
...
006 (11451992.566.000) 01/28 17:14:50 Image size of job updated: 107020
	105  -  MemoryUsage of job (MB)
	107020  -  ResidentSetSize of job (KB)
...
006 (11451992.566.000) 01/28 17:19:50 Image size of job updated: 109756
	108  -  MemoryUsage of job (MB)
	109756  -  ResidentSetSize of job (KB)
...
006 (11451992.566.000) 01/28 17:24:50 Image size of job updated: 113580
	111  -  MemoryUsage of job (MB)
	113580  -  ResidentSetSize of job (KB)
...
006 (11451992.566.000) 01/28 17:29:51 Image size of job updated: 116848
	115  -  MemoryUsage of job (MB)
	116848  -  ResidentSetSize of job (KB)
...
006 (11451992.566.000) 01/28 17:34:52 Image size of job updated: 119944
	118  -  MemoryUsage of job (MB)
	119944  -  ResidentSetSize of job (KB)
...
006 (11451992.566.000) 01/28 17:39:52 Image size of job updated: 123044
	121  -  MemoryUsage of job (MB)
	123044  -  ResidentSetSize of job (KB)
...
006 (11451992.566.000) 01/28 17:44:53 Image size of job updated: 125920
	123  -  MemoryUsage of job (MB)
	125920  -  ResidentSetSize of job (KB)
...
006 (11451992.566.000) 01/28 17:49:54 Image size of job updated: 129528
	127  -  MemoryUsage of job (MB)
	129528  -  ResidentSetSize of job (KB)
...
006 (11451992.566.000) 01/28 17:54:54 Image size of job updated: 132480
	130  -  MemoryUsage of job (MB)
	132480  -  ResidentSetSize of job (KB)
...
006 (11451992.566.000) 01/28 17:59:54 Image size of job updated: 141232
	138  -  MemoryUsage of job (MB)
	141232  -  ResidentSetSize of job (KB)
...
006 (11451992.566.000) 01/28 18:04:55 Image size of job updated: 152120
	149  -  MemoryUsage of job (MB)
	152120  -  ResidentSetSize of job (KB)
...
006 (11451992.566.000) 01/28 18:09:55 Image size of job updated: 160660
	157  -  MemoryUsage of job (MB)
	160660  -  ResidentSetSize of job (KB)
...
006 (11451992.566.000) 01/28 18:14:55 Image size of job updated: 167052
	164  -  MemoryUsage of job (MB)
	167052  -  ResidentSetSize of job (KB)
...
006 (11451992.566.000) 01/28 18:19:56 Image size of job updated: 170976
	167  -  MemoryUsage of job (MB)
	170976  -  ResidentSetSize of job (KB)
...
006 (11451992.566.000) 01/28 18:24:57 Image size of job updated: 173512
	170  -  MemoryUsage of job (MB)
	173512  -  ResidentSetSize of job (KB)
...
006 (11451992.566.000) 01/28 18:29:57 Image size of job updated: 175812
	172  -  MemoryUsage of job (MB)
	175812  -  ResidentSetSize of job (KB)
...
006 (11451992.566.000) 01/28 18:34:58 Image size of job updated: 178136
	174  -  MemoryUsage of job (MB)
	178136  -  ResidentSetSize of job (KB)
...
006 (11451992.566.000) 01/28 18:44:59 Image size of job updated: 179452
	176  -  MemoryUsage of job (MB)
	179452  -  ResidentSetSize of job (KB)
...
006 (11451992.566.000) 01/28 18:50:00 Image size of job updated: 182408
	179  -  MemoryUsage of job (MB)
	182408  -  ResidentSetSize of job (KB)
...
006 (11451992.566.000) 01/28 18:55:01 Image size of job updated: 184548
	181  -  MemoryUsage of job (MB)
	184548  -  ResidentSetSize of job (KB)
...
006 (11451992.566.000) 01/28 19:00:01 Image size of job updated: 186276
	182  -  MemoryUsage of job (MB)
	186276  -  ResidentSetSize of job (KB)
...
006 (11451992.566.000) 01/28 19:05:01 Image size of job updated: 188356
	184  -  MemoryUsage of job (MB)
	188356  -  ResidentSetSize of job (KB)
...
006 (11451992.566.000) 01/28 19:10:02 Image size of job updated: 190376
	186  -  MemoryUsage of job (MB)
	190376  -  ResidentSetSize of job (KB)
...
006 (11451992.566.000) 01/28 19:15:02 Image size of job updated: 191908
	188  -  MemoryUsage of job (MB)
	191908  -  ResidentSetSize of job (KB)
...
006 (11451992.566.000) 01/28 19:20:02 Image size of job updated: 194376
	190  -  MemoryUsage of job (MB)
	194376  -  ResidentSetSize of job (KB)
...
006 (11451992.566.000) 01/28 19:25:03 Image size of job updated: 196256
	192  -  MemoryUsage of job (MB)
	196256  -  ResidentSetSize of job (KB)
...
040 (11451992.566.000) 01/28 19:30:01 Started transferring output files
...
040 (11451992.566.000) 01/28 19:30:01 Finished transferring output files
...
005 (11451992.566.000) 01/28 19:30:01 Job terminated.
	(1) Normal termination (return value 0)
		Usr 0 02:29:23, Sys 0 00:01:26  -  Run Remote Usage
		Usr 0 00:00:00, Sys 0 00:00:00  -  Run Local Usage
		Usr 0 02:29:23, Sys 0 00:01:26  -  Total Remote Usage
		Usr 0 00:00:00, Sys 0 00:00:00  -  Total Local Usage
	40692  -  Run Bytes Sent By Job
	5797  -  Run Bytes Received By Job
	40692  -  Total Bytes Sent By Job
	5797  -  Total Bytes Received By Job
	Partitionable Resources :    Usage  Request Allocated 
	   Cpus                 :     0.98        1         1 
	   Disk (KB)            :    69          10      3995 
	   GPUs                 :                           0 
	   Memory (MB)          :   192        3000      3000 

	Job terminated of its own accord at 2025-01-28T18:30:01Z with exit-code 0.
...
