CHANNEL_0_1
           cbragg  cbragg_err   credchi  ...  cdelta_n            cL     timestamp
0     1544.605289    0.000159  0.000045  ...  0.000012  7.676338e+06  1.735712e+09
1     1544.614706    0.000160  0.000054  ...  0.000012  7.674053e+06  1.735712e+09
2     1544.605411    0.000128  0.000045  ...  0.000012  7.683058e+06  1.735712e+09
3     1544.614638    0.000103  0.000056  ...  0.000012  7.673877e+06  1.735712e+09
4     1544.605395    0.000102  0.000044  ...  0.000012  7.679044e+06  1.735712e+09
...           ...         ...       ...  ...       ...           ...           ...
1587  1544.613387    0.000231  0.000056  ...  0.000012  7.679903e+06  1.735728e+09
1588  1544.604345    0.000122  0.000047  ...  0.000012  7.677065e+06  1.735728e+09
1589  1544.613482    0.000239  0.000056  ...  0.000012  7.669542e+06  1.735728e+09
1590  1544.604415    0.000134  0.000046  ...  0.000012  7.673623e+06  1.735728e+09
1591  1544.613556    0.000115  0.000057  ...  0.000012  7.680617e+06  1.735728e+09

[1592 rows x 13 columns]
CHANNEL_0_2
           cbragg  cbragg_err   credchi  ...  cdelta_n            cL     timestamp
0     1545.435153    0.000097  0.000019  ...  0.000012  7.611143e+06  1.735712e+09
1     1545.437684    0.000097  0.000021  ...  0.000012  7.611636e+06  1.735712e+09
2     1545.435031    0.000099  0.000020  ...  0.000012  7.605223e+06  1.735712e+09
3     1545.437513    0.000096  0.000021  ...  0.000012  7.621578e+06  1.735712e+09
4     1545.435293    0.000094  0.000018  ...  0.000012  7.618591e+06  1.735712e+09
...           ...         ...       ...  ...       ...           ...           ...
1587  1545.435893    0.000096  0.000021  ...  0.000012  7.625382e+06  1.735728e+09
1588  1545.433785    0.000098  0.000020  ...  0.000012  7.607369e+06  1.735728e+09
1589  1545.435963    0.000096  0.000021  ...  0.000012  7.620656e+06  1.735728e+09
1590  1545.433662    0.000101  0.000021  ...  0.000012  7.628619e+06  1.735728e+09
1591  1545.435868    0.000097  0.000022  ...  0.000012  7.633356e+06  1.735728e+09

[1592 rows x 13 columns]
CHANNEL_0_3
           cbragg  cbragg_err   credchi  ...  cdelta_n            cL     timestamp
0     1546.108550    0.000114  0.000041  ...  0.000012  7.677431e+06  1.735712e+09
1     1546.117760    0.000110  0.000053  ...  0.000012  7.653954e+06  1.735712e+09
2     1546.108450    0.000119  0.000045  ...  0.000012  7.789097e+06  1.735712e+09
3     1546.117762    0.000116  0.000060  ...  0.000012  7.773819e+06  1.735712e+09
4     1546.108514    0.000112  0.000040  ...  0.000012  7.686733e+06  1.735712e+09
...           ...         ...       ...  ...       ...           ...           ...
1587  1546.117080    0.000110  0.000053  ...  0.000012  7.667768e+06  1.735728e+09
1588  1546.107865    0.000111  0.000039  ...  0.000012  7.666605e+06  1.735728e+09
1589  1546.116909    0.000123  0.000069  ...  0.000012  7.827050e+06  1.735728e+09
1590  1546.107412    0.000148  0.000067  ...  0.000012  7.776998e+06  1.735728e+09
1591  1546.116901    0.000112  0.000055  ...  0.000012  7.661883e+06  1.735728e+09

[1592 rows x 13 columns]
CHANNEL_0_4
           cbragg  cbragg_err   credchi  ...  cdelta_n            cL     timestamp
0     1547.110152    0.000119  0.000048  ...  0.000012  7.841639e+06  1.735712e+09
1     1547.112181    0.000117  0.000052  ...  0.000012  7.852696e+06  1.735712e+09
2     1547.110169    0.000119  0.000048  ...  0.000012  7.838466e+06  1.735712e+09
3     1547.112210    0.000116  0.000050  ...  0.000012  7.854496e+06  1.735712e+09
4     1547.110136    0.000118  0.000047  ...  0.000012  7.844709e+06  1.735712e+09
...           ...         ...       ...  ...       ...           ...           ...
1587  1547.111518    0.000114  0.000049  ...  0.000012  7.860394e+06  1.735728e+09
1588  1547.109760    0.000118  0.000048  ...  0.000012  7.853429e+06  1.735728e+09
1589  1547.111614    0.000116  0.000051  ...  0.000012  7.862652e+06  1.735728e+09
1590  1547.109726    0.000136  0.000064  ...  0.000012  7.974457e+06  1.735728e+09
1591  1547.111428    0.000116  0.000051  ...  0.000012  7.855733e+06  1.735728e+09

[1592 rows x 13 columns]
CHANNEL_0_5
           cbragg  cbragg_err   credchi  ...  cdelta_n            cL     timestamp
0     1548.084457    0.000092  0.000040  ...  0.000012  7.674169e+06  1.735712e+09
1     1548.089949    0.000096  0.000038  ...  0.000012  7.663061e+06  1.735712e+09
2     1548.084501    0.000093  0.000040  ...  0.000012  7.662507e+06  1.735712e+09
3     1548.089877    0.000093  0.000036  ...  0.000012  7.676837e+06  1.735712e+09
4     1548.084449    0.000094  0.000041  ...  0.000012  7.662917e+06  1.735712e+09
...           ...         ...       ...  ...       ...           ...           ...
1587  1548.089176    0.000095  0.000038  ...  0.000012  7.658084e+06  1.735728e+09
1588  1548.083900    0.000106  0.000055  ...  0.000012  7.843055e+06  1.735728e+09
1589  1548.089282    0.000096  0.000038  ...  0.000012  7.675807e+06  1.735728e+09
1590  1548.083879    0.000093  0.000041  ...  0.000012  7.669783e+06  1.735728e+09
1591  1548.089190    0.000094  0.000037  ...  0.000012  7.679372e+06  1.735728e+09

[1592 rows x 13 columns]
CHANNEL_0_6
           cbragg  cbragg_err   credchi  ...  cdelta_n            cL     timestamp
0     1549.062648    0.000077  0.000022  ...  0.000012  7.553593e+06  1.735712e+09
1     1549.072112    0.000084  0.000043  ...  0.000012  7.472993e+06  1.735712e+09
2     1549.062613    0.000079  0.000023  ...  0.000012  7.545969e+06  1.735712e+09
3     1549.072085    0.000083  0.000042  ...  0.000012  7.477078e+06  1.735712e+09
4     1549.062748    0.000078  0.000023  ...  0.000012  7.549050e+06  1.735712e+09
...           ...         ...       ...  ...       ...           ...           ...
1587  1549.071459    0.000198  0.000262  ...  0.000012  7.962464e+06  1.735728e+09
1588  1549.062140    0.000079  0.000023  ...  0.000012  7.546650e+06  1.735728e+09
1589  1549.071475    0.000085  0.000045  ...  0.000012  7.474853e+06  1.735728e+09
1590  1549.062164    0.000079  0.000023  ...  0.000012  7.556075e+06  1.735728e+09
1591  1549.071527    0.000083  0.000042  ...  0.000012  7.476386e+06  1.735728e+09

[1592 rows x 13 columns]
CHANNEL_0_7
           cbragg  cbragg_err   credchi  ...  cdelta_n            cL     timestamp
0     1550.067806    0.000122  0.000043  ...  0.000012  7.624521e+06  1.735712e+09
1     1550.070598    0.000120  0.000045  ...  0.000012  7.660456e+06  1.735712e+09
2     1550.067716    0.000122  0.000043  ...  0.000012  7.627180e+06  1.735712e+09
3     1550.070512    0.000121  0.000045  ...  0.000012  7.646844e+06  1.735712e+09
4     1550.067667    0.000122  0.000044  ...  0.000012  7.632624e+06  1.735712e+09
...           ...         ...       ...  ...       ...           ...           ...
1587  1550.070031    0.000122  0.000046  ...  0.000012  7.625787e+06  1.735728e+09
1588  1550.067033    0.000123  0.000045  ...  0.000012  7.608739e+06  1.735728e+09
1589  1550.069865    0.000123  0.000046  ...  0.000012  7.618443e+06  1.735728e+09
1590  1550.067082    0.000127  0.000048  ...  0.000012  7.699721e+06  1.735728e+09
1591  1550.069812    0.000123  0.000047  ...  0.000012  7.624178e+06  1.735728e+09

[1592 rows x 13 columns]
CHANNEL_0_8
           cbragg  cbragg_err   credchi  ...  cdelta_n            cL     timestamp
0     1551.038342    0.000072  0.000014  ...  0.000012  7.636165e+06  1.735712e+09
1     1551.045914    0.000072  0.000018  ...  0.000012  7.590120e+06  1.735712e+09
2     1551.038332    0.000077  0.000017  ...  0.000012  7.718059e+06  1.735712e+09
3     1551.045917    0.000072  0.000018  ...  0.000012  7.636428e+06  1.735712e+09
4     1551.038277    0.000071  0.000014  ...  0.000012  7.632118e+06  1.735712e+09
...           ...         ...       ...  ...       ...           ...           ...
1587  1551.044081    0.000073  0.000018  ...  0.000012  7.627431e+06  1.735728e+09
1588  1551.036430    0.000073  0.000015  ...  0.000012  7.623863e+06  1.735728e+09
1589  1551.044043    0.000071  0.000017  ...  0.000012  7.634865e+06  1.735728e+09
1590  1551.036294    0.000071  0.000014  ...  0.000012  7.621045e+06  1.735728e+09
1591  1551.043913    0.000073  0.000018  ...  0.000012  7.630678e+06  1.735728e+09

[1592 rows x 13 columns]
CHANNEL_0_9
           cbragg  cbragg_err   credchi  ...  cdelta_n            cL     timestamp
0     1552.019740    0.000089  0.000015  ...  0.000012  7.755897e+06  1.735712e+09
1     1552.029547    0.000086  0.000027  ...  0.000012  7.696780e+06  1.735712e+09
2     1552.019819    0.000091  0.000016  ...  0.000012  7.748361e+06  1.735712e+09
3     1552.029560    0.000086  0.000027  ...  0.000012  7.707410e+06  1.735712e+09
4     1552.019758    0.000089  0.000015  ...  0.000012  7.691042e+06  1.735712e+09
...           ...         ...       ...  ...       ...           ...           ...
1587  1552.027790    0.000086  0.000027  ...  0.000012  7.688900e+06  1.735728e+09
1588  1552.017937    0.000092  0.000016  ...  0.000012  7.738849e+06  1.735728e+09
1589  1552.027747    0.000089  0.000028  ...  0.000012  7.682241e+06  1.735728e+09
1590  1552.017853    0.000089  0.000015  ...  0.000012  7.735589e+06  1.735728e+09
1591  1552.027628    0.000124  0.000057  ...  0.000012  7.925893e+06  1.735728e+09

[1592 rows x 13 columns]
CHANNEL_0_10
           cbragg  cbragg_err   credchi  ...  cdelta_n            cL     timestamp
0     1553.029156    0.000093  0.000020  ...  0.000012  7.680832e+06  1.735712e+09
1     1553.030866    0.000095  0.000017  ...  0.000012  7.723189e+06  1.735712e+09
2     1553.029232    0.000095  0.000021  ...  0.000012  7.682425e+06  1.735712e+09
3     1553.030816    0.000096  0.000017  ...  0.000012  7.728066e+06  1.735712e+09
4     1553.029217    0.000095  0.000021  ...  0.000012  7.648996e+06  1.735712e+09
...           ...         ...       ...  ...       ...           ...           ...
1587  1553.028882    0.000095  0.000017  ...  0.000012  7.720590e+06  1.735728e+09
1588  1553.027358    0.000094  0.000021  ...  0.000012  7.694616e+06  1.735728e+09
1589  1553.028822    0.000096  0.000018  ...  0.000012  7.705303e+06  1.735728e+09
1590  1553.027391    0.000095  0.000021  ...  0.000012  7.656129e+06  1.735728e+09
1591  1553.028766    0.000097  0.000018  ...  0.000012  7.733655e+06  1.735728e+09

[1592 rows x 13 columns]
CHANNEL_0_11
           cbragg  cbragg_err   credchi  ...  cdelta_n            cL     timestamp
0     1554.034251    0.000135  0.000025  ...  0.000012  7.326424e+06  1.735712e+09
1     1554.044167    0.000073  0.000015  ...  0.000012  7.636719e+06  1.735712e+09
2     1554.034183    0.000074  0.000008  ...  0.000012  7.711393e+06  1.735712e+09
3     1554.044116    0.000070  0.000014  ...  0.000012  7.647453e+06  1.735712e+09
4     1554.034288    0.000073  0.000008  ...  0.000012  7.668586e+06  1.735712e+09
...           ...         ...       ...  ...       ...           ...           ...
1587  1554.042134    0.000075  0.000016  ...  0.000012  7.637381e+06  1.735728e+09
1588  1554.032474    0.000074  0.000008  ...  0.000012  7.726374e+06  1.735728e+09
1589  1554.042030    0.000073  0.000015  ...  0.000012  7.654263e+06  1.735728e+09
1590  1554.032572    0.000071  0.000008  ...  0.000012  7.715282e+06  1.735728e+09
1591  1554.042131    0.000074  0.000015  ...  0.000012  7.637765e+06  1.735728e+09

[1592 rows x 13 columns]
CHANNEL_0_12
           cbragg  cbragg_err   credchi  ...  cdelta_n            cL     timestamp
0     1555.062233    0.000114  0.000044  ...  0.000012  7.533902e+06  1.735712e+09
1     1555.065024    0.000116  0.000044  ...  0.000012  7.542208e+06  1.735712e+09
2     1555.062252    0.000114  0.000044  ...  0.000012  7.537434e+06  1.735712e+09
3     1555.064841    0.000116  0.000044  ...  0.000012  7.531265e+06  1.735712e+09
4     1555.062179    0.000117  0.000045  ...  0.000012  7.517927e+06  1.735712e+09
...           ...         ...       ...  ...       ...           ...           ...
1587  1555.063035    0.000113  0.000043  ...  0.000012  7.513342e+06  1.735728e+09
1588  1555.060453    0.000118  0.000046  ...  0.000012  7.505433e+06  1.735728e+09
1589  1555.062949    0.000114  0.000043  ...  0.000012  7.524213e+06  1.735728e+09
1590  1555.060468    0.000117  0.000046  ...  0.000012  7.506787e+06  1.735728e+09
1591  1555.062938    0.000116  0.000045  ...  0.000012  7.520463e+06  1.735728e+09

[1592 rows x 13 columns]
CHANNEL_0_13
           cbragg  cbragg_err   credchi  ...  cdelta_n            cL     timestamp
0     1556.034396    0.000138  0.000033  ...  0.000012  7.712707e+06  1.735712e+09
1     1556.043321    0.000137  0.000044  ...  0.000012  7.696530e+06  1.735712e+09
2     1556.034393    0.000139  0.000034  ...  0.000012  7.718165e+06  1.735712e+09
3     1556.043305    0.000138  0.000045  ...  0.000012  7.713576e+06  1.735712e+09
4     1556.034452    0.000137  0.000033  ...  0.000012  7.712432e+06  1.735712e+09
...           ...         ...       ...  ...       ...           ...           ...
1587  1556.041390    0.000137  0.000045  ...  0.000012  7.690675e+06  1.735728e+09
1588  1556.032721    0.000139  0.000034  ...  0.000012  7.694750e+06  1.735728e+09
1589  1556.041297    0.000135  0.000044  ...  0.000012  7.702123e+06  1.735728e+09
1590  1556.032661    0.000143  0.000036  ...  0.000012  7.689345e+06  1.735728e+09
1591  1556.041327    0.000135  0.000044  ...  0.000012  7.694040e+06  1.735728e+09

[1592 rows x 13 columns]
CHANNEL_0_14
           cbragg  cbragg_err   credchi  ...  cdelta_n            cL     timestamp
0     1557.007268    0.000101  0.000029  ...  0.000012  7.737584e+06  1.735712e+09
1     1557.011913    0.000104  0.000038  ...  0.000012  7.718043e+06  1.735712e+09
2     1557.007293    0.000097  0.000026  ...  0.000012  7.674301e+06  1.735712e+09
3     1557.011851    0.000099  0.000034  ...  0.000012  7.632152e+06  1.735712e+09
4     1557.007290    0.000102  0.000029  ...  0.000012  7.774861e+06  1.735712e+09
...           ...         ...       ...  ...       ...           ...           ...
1587  1557.009996    0.000102  0.000036  ...  0.000012  7.610942e+06  1.735728e+09
1588  1557.005542    0.000099  0.000028  ...  0.000012  7.663877e+06  1.735728e+09
1589  1557.009928    0.000101  0.000036  ...  0.000012  7.615683e+06  1.735728e+09
1590  1557.005539    0.000100  0.000028  ...  0.000012  7.664738e+06  1.735728e+09
1591  1557.009917    0.000101  0.000036  ...  0.000012  7.615840e+06  1.735728e+09

[1592 rows x 13 columns]
CHANNEL_1_1
           cbragg  cbragg_err   credchi  ...  cdelta_n            cL     timestamp
0     1556.163702    0.000078  0.000006  ...  0.000012  2.669941e+06  1.735712e+09
1     1556.163337    0.000900  0.001339  ...  0.000012  3.310056e+06  1.735712e+09
2     1556.162791    0.000067  0.000004  ...  0.000012  2.682757e+06  1.735712e+09
3     1556.162461    0.000076  0.000005  ...  0.000012  2.670425e+06  1.735712e+09
4     1556.161914    0.000732  0.000791  ...  0.000012  3.140930e+06  1.735712e+09
...           ...         ...       ...  ...       ...           ...           ...
1587  1556.160572    0.000080  0.000006  ...  0.000012  2.660293e+06  1.735728e+09
1588  1556.159999    0.000869  0.001179  ...  0.000012  3.222932e+06  1.735728e+09
1589  1556.159937    0.000651  0.000557  ...  0.000012  3.077085e+06  1.735728e+09
1590  1556.160583    0.000819  0.000995  ...  0.000012  3.175527e+06  1.735728e+09
1591  1556.161050    0.000083  0.000006  ...  0.000012  2.643215e+06  1.735728e+09

[1592 rows x 13 columns]
CHANNEL_1_2
           cbragg  cbragg_err   credchi  ...  cdelta_n            cL     timestamp
0     1558.200099    0.000231  0.000069  ...  0.000012  2.712339e+06  1.735712e+09
1     1558.202141    0.000275  0.000125  ...  0.000012  2.956699e+06  1.735712e+09
2     1558.198993    0.000741  0.001211  ...  0.000012  3.308722e+06  1.735712e+09
3     1558.202381    0.000138  0.000028  ...  0.000012  2.836322e+06  1.735712e+09
4     1558.198509    0.000818  0.001614  ...  0.000012  3.406127e+06  1.735712e+09
...           ...         ...       ...  ...       ...           ...           ...
1587  1558.200559    0.000633  0.000833  ...  0.000012  3.193732e+06  1.735728e+09
1588  1558.198742    0.000130  0.000024  ...  0.000012  2.789604e+06  1.735728e+09
1589  1558.200402    0.000813  0.001592  ...  0.000012  3.356140e+06  1.735728e+09
1590  1558.198825    0.000175  0.000041  ...  0.000012  2.740539e+06  1.735728e+09
1591  1558.200140    0.000836  0.001773  ...  0.000012  3.417142e+06  1.735728e+09

[1592 rows x 13 columns]
CHANNEL_1_3
           cbragg  cbragg_err   credchi  ...  cdelta_n            cL     timestamp
0     1561.013773    0.000051  0.000004  ...  0.000012  2.919822e+06  1.735712e+09
1     1561.010232    0.000050  0.000004  ...  0.000012  2.942097e+06  1.735712e+09
2     1561.013615    0.000114  0.000019  ...  0.000012  2.861956e+06  1.735712e+09
3     1561.010099    0.000051  0.000004  ...  0.000012  2.918304e+06  1.735712e+09
4     1561.013496    0.000786  0.001562  ...  0.000012  3.507940e+06  1.735712e+09
...           ...         ...       ...  ...       ...           ...           ...
1587  1561.009273    0.000048  0.000004  ...  0.000012  2.928238e+06  1.735728e+09
1588  1561.012521    0.000363  0.000225  ...  0.000012  3.066203e+06  1.735728e+09
1589  1561.007839    0.001236  0.004391  ...  0.000012  3.798630e+06  1.735728e+09
1590  1561.012613    0.000158  0.000037  ...  0.000012  2.833518e+06  1.735728e+09
1591  1561.009140    0.000087  0.000012  ...  0.000012  2.938810e+06  1.735728e+09

[1592 rows x 13 columns]
CHANNEL_2_1
           cbragg  cbragg_err   credchi  ...  cdelta_n            cL     timestamp
0     1543.583075    0.000081  0.000006  ...  0.000012  2.766220e+06  1.735712e+09
1     1543.582223    0.000076  0.000006  ...  0.000012  2.767693e+06  1.735712e+09
2     1543.583367    0.000079  0.000006  ...  0.000012  2.766836e+06  1.735712e+09
3     1543.582616    0.000078  0.000006  ...  0.000012  2.768570e+06  1.735712e+09
4     1543.583221    0.000083  0.000006  ...  0.000012  2.766494e+06  1.735712e+09
...           ...         ...       ...  ...       ...           ...           ...
1587  1543.580361    0.000088  0.000006  ...  0.000012  2.769993e+06  1.735728e+09
1588  1543.581127    0.000076  0.000006  ...  0.000012  2.768444e+06  1.735728e+09
1589  1543.580306    0.000077  0.000006  ...  0.000012  2.769871e+06  1.735728e+09
1590  1543.581195    0.000087  0.000006  ...  0.000012  2.767938e+06  1.735728e+09
1591  1543.580425    0.000076  0.000006  ...  0.000012  2.768393e+06  1.735728e+09

[1592 rows x 13 columns]
CHANNEL_2_2
           cbragg  cbragg_err   credchi  ...  cdelta_n            cL     timestamp
0     1545.923673    0.000118  0.000011  ...  0.000012  2.697449e+06  1.735712e+09
1     1545.924032    0.000768  0.000716  ...  0.000012  3.169930e+06  1.735712e+09
2     1545.923583    0.000114  0.000010  ...  0.000012  2.691611e+06  1.735712e+09
3     1545.923471    0.001181  0.002336  ...  0.000012  3.582612e+06  1.735712e+09
4     1545.923690    0.000117  0.000011  ...  0.000012  2.693895e+06  1.735712e+09
...           ...         ...       ...  ...       ...           ...           ...
1587  1545.922919    0.000683  0.000518  ...  0.000012  3.079960e+06  1.735728e+09
1588  1545.922476    0.000120  0.000011  ...  0.000012  2.670808e+06  1.735728e+09
1589  1545.923760    0.000117  0.000010  ...  0.000012  2.674023e+06  1.735728e+09
1590  1545.920523    0.000924  0.001119  ...  0.000012  3.280309e+06  1.735728e+09
1591  1545.923733    0.000118  0.000010  ...  0.000012  2.717677e+06  1.735728e+09

[1592 rows x 13 columns]
CHANNEL_2_3
           cbragg  cbragg_err   credchi  ...  cdelta_n            cL     timestamp
0     1548.517282    0.000227  0.000059  ...  0.000012  3.013734e+06  1.735712e+09
1     1548.519116    0.000102  0.000011  ...  0.000012  2.892612e+06  1.735712e+09
2     1548.517146    0.000101  0.000010  ...  0.000012  2.874992e+06  1.735712e+09
3     1548.518921    0.000104  0.000011  ...  0.000012  2.860257e+06  1.735712e+09
4     1548.517223    0.000103  0.000011  ...  0.000012  2.856317e+06  1.735712e+09
...           ...         ...       ...  ...       ...           ...           ...
1587  1548.517961    0.000099  0.000010  ...  0.000012  2.880355e+06  1.735728e+09
1588  1548.516234    0.000101  0.000011  ...  0.000012  2.877291e+06  1.735728e+09
1589  1548.518153    0.000229  0.000063  ...  0.000012  3.033475e+06  1.735728e+09
1590  1548.516825    0.000944  0.001706  ...  0.000012  3.632483e+06  1.735728e+09
1591  1548.517943    0.000101  0.000011  ...  0.000012  2.876680e+06  1.735728e+09

[1592 rows x 13 columns]
CHANNEL_3_1
           cbragg  cbragg_err   credchi  ...  cdelta_n            cL     timestamp
0     1544.128149    0.000352  0.000027  ...  0.000012  7.765054e+06  1.735712e+09
1     1544.126420    0.000364  0.000019  ...  0.000012  7.821097e+06  1.735712e+09
2     1544.128092    0.000128  0.000028  ...  0.000012  7.758856e+06  1.735712e+09
3     1544.126352    0.000126  0.000020  ...  0.000012  7.803522e+06  1.735712e+09
4     1544.128200    0.000113  0.000027  ...  0.000012  7.756969e+06  1.735712e+09
...           ...         ...       ...  ...       ...           ...           ...
1587  1544.124915    0.000127  0.000019  ...  0.000012  7.820937e+06  1.735728e+09
1588  1544.126740    0.000112  0.000027  ...  0.000012  7.763783e+06  1.735728e+09
1589  1544.124890    0.000123  0.000020  ...  0.000012  7.822399e+06  1.735728e+09
1590  1544.126697    0.000112  0.000027  ...  0.000012  7.767433e+06  1.735728e+09
1591  1544.125015    0.000190  0.000020  ...  0.000012  7.822960e+06  1.735728e+09

[1592 rows x 13 columns]
CHANNEL_3_2
           cbragg  cbragg_err   credchi  ...  cdelta_n            cL     timestamp
0     1545.019275    0.000112  0.000022  ...  0.000012  7.905668e+06  1.735712e+09
1     1545.030328    0.000112  0.000039  ...  0.000012  7.829889e+06  1.735712e+09
2     1545.019189    0.000109  0.000022  ...  0.000012  7.918815e+06  1.735712e+09
3     1545.030169    0.000110  0.000038  ...  0.000012  7.838024e+06  1.735712e+09
4     1545.019285    0.000275  0.000022  ...  0.000012  7.906175e+06  1.735712e+09
...           ...         ...       ...  ...       ...           ...           ...
1587  1545.028465    0.000110  0.000037  ...  0.000012  7.832593e+06  1.735728e+09
1588  1545.017464    0.000128  0.000022  ...  0.000012  7.927185e+06  1.735728e+09
1589  1545.028459    0.000187  0.000040  ...  0.000012  7.822108e+06  1.735728e+09
1590  1545.017341    0.000186  0.000023  ...  0.000012  7.915655e+06  1.735728e+09
1591  1545.028391    0.000323  0.000040  ...  0.000012  7.833820e+06  1.735728e+09

[1592 rows x 13 columns]
CHANNEL_3_3
           cbragg  cbragg_err   credchi  ...  cdelta_n            cL     timestamp
0     1545.707150    0.000108  0.000031  ...  0.000012  7.575634e+06  1.735712e+09
1     1545.709567    0.000114  0.000026  ...  0.000012  7.596095e+06  1.735712e+09
2     1545.707110    0.000110  0.000032  ...  0.000012  7.583334e+06  1.735712e+09
3     1545.709527    0.000116  0.000026  ...  0.000012  7.597100e+06  1.735712e+09
4     1545.707098    0.000112  0.000033  ...  0.000012  7.569886e+06  1.735712e+09
...           ...         ...       ...  ...       ...           ...           ...
1587  1545.708575    0.000113  0.000026  ...  0.000012  7.610039e+06  1.735728e+09
1588  1545.706016    0.000109  0.000032  ...  0.000012  7.567597e+06  1.735728e+09
1589  1545.708509    0.000116  0.000027  ...  0.000012  7.618008e+06  1.735728e+09
1590  1545.705983    0.000112  0.000034  ...  0.000012  7.612069e+06  1.735728e+09
1591  1545.708511    0.000117  0.000027  ...  0.000012  7.590816e+06  1.735728e+09

[1592 rows x 13 columns]
CHANNEL_3_4
           cbragg  cbragg_err   credchi  ...  cdelta_n            cL     timestamp
0     1546.678914    0.000098  0.000017  ...  0.000012  7.798298e+06  1.735712e+09
1     1546.687040    0.000101  0.000028  ...  0.000012  7.749075e+06  1.735712e+09
2     1546.678907    0.000097  0.000017  ...  0.000012  7.795983e+06  1.735712e+09
3     1546.687025    0.000100  0.000027  ...  0.000012  7.717519e+06  1.735712e+09
4     1546.678893    0.000099  0.000017  ...  0.000012  7.791602e+06  1.735712e+09
...           ...         ...       ...  ...       ...           ...           ...
1587  1546.685814    0.000099  0.000027  ...  0.000012  7.730829e+06  1.735728e+09
1588  1546.677954    0.000097  0.000017  ...  0.000012  7.806493e+06  1.735728e+09
1589  1546.685908    0.000098  0.000027  ...  0.000012  7.724137e+06  1.735728e+09
1590  1546.677903    0.000099  0.000017  ...  0.000012  7.791114e+06  1.735728e+09
1591  1546.685793    0.000099  0.000027  ...  0.000012  7.727792e+06  1.735728e+09

[1592 rows x 13 columns]
CHANNEL_3_5
           cbragg  cbragg_err   credchi  ...  cdelta_n            cL     timestamp
0     1547.699554    0.000075  0.000014  ...  0.000012  7.599923e+06  1.735712e+09
1     1547.706360    0.000078  0.000013  ...  0.000012  7.636651e+06  1.735712e+09
2     1547.699479    0.000077  0.000015  ...  0.000012  7.608287e+06  1.735712e+09
3     1547.706323    0.000078  0.000013  ...  0.000012  7.637325e+06  1.735712e+09
4     1547.699487    0.000076  0.000014  ...  0.000012  7.602657e+06  1.735712e+09
...           ...         ...       ...  ...       ...           ...           ...
1587  1547.705296    0.000079  0.000013  ...  0.000012  7.631825e+06  1.735728e+09
1588  1547.698380    0.000077  0.000014  ...  0.000012  7.595971e+06  1.735728e+09
1589  1547.705340    0.000078  0.000013  ...  0.000012  7.645655e+06  1.735728e+09
1590  1547.698289    0.000078  0.000015  ...  0.000012  7.589694e+06  1.735728e+09
1591  1547.705346    0.000077  0.000013  ...  0.000012  7.628131e+06  1.735728e+09

[1592 rows x 13 columns]
CHANNEL_3_6
           cbragg  cbragg_err   credchi  ...  cdelta_n            cL     timestamp
0     1548.688088    0.000081  0.000015  ...  0.000012  7.709215e+06  1.735712e+09
1     1548.690721    0.000082  0.000016  ...  0.000012  7.774119e+06  1.735712e+09
2     1548.687964    0.000086  0.000016  ...  0.000012  7.679858e+06  1.735712e+09
3     1548.690653    0.000098  0.000022  ...  0.000012  7.828318e+06  1.735712e+09
4     1548.688060    0.000083  0.000015  ...  0.000012  7.737812e+06  1.735712e+09
...           ...         ...       ...  ...       ...           ...           ...
1587  1548.689622    0.000081  0.000016  ...  0.000012  7.778379e+06  1.735728e+09
1588  1548.686888    0.000082  0.000015  ...  0.000012  7.712058e+06  1.735728e+09
1589  1548.689641    0.000081  0.000016  ...  0.000012  7.779515e+06  1.735728e+09
1590  1548.686973    0.000083  0.000015  ...  0.000012  7.755883e+06  1.735728e+09
1591  1548.689639    0.000082  0.000016  ...  0.000012  7.767878e+06  1.735728e+09

[1592 rows x 13 columns]
CHANNEL_3_7
           cbragg  cbragg_err   credchi  ...  cdelta_n            cL     timestamp
0     1549.703661    0.000088  0.000014  ...  0.000012  7.594189e+06  1.735712e+09
1     1549.713996    0.000086  0.000019  ...  0.000012  7.591386e+06  1.735712e+09
2     1549.703537    0.000087  0.000014  ...  0.000012  7.602081e+06  1.735712e+09
3     1549.713888    0.000085  0.000019  ...  0.000012  7.602833e+06  1.735712e+09
4     1549.703519    0.000088  0.000014  ...  0.000012  7.594783e+06  1.735712e+09
...           ...         ...       ...  ...       ...           ...           ...
1587  1549.712703    0.000086  0.000020  ...  0.000012  7.603176e+06  1.735728e+09
1588  1549.702162    0.000088  0.000014  ...  0.000012  7.600039e+06  1.735728e+09
1589  1549.712666    0.000087  0.000020  ...  0.000012  7.583405e+06  1.735728e+09
1590  1549.702189    0.000087  0.000014  ...  0.000012  7.607676e+06  1.735728e+09
1591  1549.712707    0.000085  0.000019  ...  0.000012  7.600622e+06  1.735728e+09

[1592 rows x 13 columns]
CHANNEL_3_8
           cbragg  cbragg_err   credchi  ...  cdelta_n            cL     timestamp
0     1550.662420    0.000109  0.000024  ...  0.000012  7.462258e+06  1.735712e+09
1     1550.659583    0.000095  0.000014  ...  0.000012  7.647634e+06  1.735712e+09
2     1550.662460    0.000092  0.000017  ...  0.000012  7.615833e+06  1.735712e+09
3     1550.659546    0.000095  0.000014  ...  0.000012  7.642709e+06  1.735712e+09
4     1550.662393    0.000092  0.000017  ...  0.000012  7.595376e+06  1.735712e+09
...           ...         ...       ...  ...       ...           ...           ...
1587  1550.658302    0.000097  0.000015  ...  0.000012  7.648416e+06  1.735728e+09
1588  1550.660848    0.000091  0.000017  ...  0.000012  7.616851e+06  1.735728e+09
1589  1550.658210    0.000094  0.000014  ...  0.000012  7.663285e+06  1.735728e+09
1590  1550.660842    0.000090  0.000016  ...  0.000012  7.629528e+06  1.735728e+09
1591  1550.658218    0.000095  0.000014  ...  0.000012  7.649334e+06  1.735728e+09

[1592 rows x 13 columns]
CHANNEL_3_9
           cbragg  cbragg_err   credchi  ...  cdelta_n            cL     timestamp
0     1551.652400    0.000093  0.000011  ...  0.000012  7.749145e+06  1.735712e+09
1     1551.661681    0.000090  0.000017  ...  0.000012  7.674029e+06  1.735712e+09
2     1551.652440    0.000091  0.000010  ...  0.000012  7.746978e+06  1.735712e+09
3     1551.661764    0.000089  0.000017  ...  0.000012  7.655132e+06  1.735712e+09
4     1551.652303    0.000090  0.000010  ...  0.000012  7.750465e+06  1.735712e+09
...           ...         ...       ...  ...       ...           ...           ...
1587  1551.660428    0.000107  0.000025  ...  0.000012  7.477640e+06  1.735728e+09
1588  1551.650701    0.000093  0.000011  ...  0.000012  7.755172e+06  1.735728e+09
1589  1551.660214    0.000091  0.000018  ...  0.000012  7.687159e+06  1.735728e+09
1590  1551.650813    0.000092  0.000011  ...  0.000012  7.752886e+06  1.735728e+09
1591  1551.660217    0.000090  0.000018  ...  0.000012  7.686384e+06  1.735728e+09

[1592 rows x 13 columns]
CHANNEL_3_10
           cbragg  cbragg_err   credchi  ...  cdelta_n            cL     timestamp
0     1552.666277    0.000103  0.000020  ...  0.000012  7.723671e+06  1.735712e+09
1     1552.662461    0.000110  0.000013  ...  0.000012  7.762547e+06  1.735712e+09
2     1552.666363    0.000102  0.000020  ...  0.000012  7.721314e+06  1.735712e+09
3     1552.662461    0.000112  0.000013  ...  0.000012  7.761165e+06  1.735712e+09
4     1552.666162    0.000101  0.000020  ...  0.000012  7.732497e+06  1.735712e+09
...           ...         ...       ...  ...       ...           ...           ...
1587  1552.661087    0.000112  0.000013  ...  0.000012  7.762362e+06  1.735728e+09
1588  1552.664769    0.000104  0.000021  ...  0.000012  7.720690e+06  1.735728e+09
1589  1552.661241    0.000114  0.000014  ...  0.000012  7.746932e+06  1.735728e+09
1590  1552.664744    0.000103  0.000021  ...  0.000012  7.713991e+06  1.735728e+09
1591  1552.661129    0.000111  0.000013  ...  0.000012  7.757800e+06  1.735728e+09

[1592 rows x 13 columns]
CHANNEL_3_11
           cbragg  cbragg_err   credchi  ...  cdelta_n            cL     timestamp
0     1553.629285    0.000131  0.000025  ...  0.000012  7.935874e+06  1.735712e+09
1     1553.633556    0.000130  0.000038  ...  0.000012  7.860551e+06  1.735712e+09
2     1553.629296    0.000131  0.000026  ...  0.000012  7.960540e+06  1.735712e+09
3     1553.633451    0.000129  0.000037  ...  0.000012  7.848762e+06  1.735712e+09
4     1553.629251    0.000129  0.000025  ...  0.000012  7.939584e+06  1.735712e+09
...           ...         ...       ...  ...       ...           ...           ...
1587  1553.632006    0.000131  0.000039  ...  0.000012  7.860370e+06  1.735728e+09
1588  1553.627664    0.000134  0.000027  ...  0.000012  7.875888e+06  1.735728e+09
1589  1553.632029    0.000130  0.000038  ...  0.000012  7.859952e+06  1.735728e+09
1590  1553.627669    0.000134  0.000027  ...  0.000012  7.918431e+06  1.735728e+09
1591  1553.632054    0.000130  0.000038  ...  0.000012  7.856990e+06  1.735728e+09

[1592 rows x 13 columns]
CHANNEL_3_12
           cbragg  cbragg_err   credchi  ...  cdelta_n            cL     timestamp
0     1554.608224    0.000139  0.000037  ...  0.000012  7.444049e+06  1.735712e+09
1     1554.607048    0.000102  0.000014  ...  0.000012  7.817009e+06  1.735712e+09
2     1554.608108    0.000144  0.000039  ...  0.000012  7.424977e+06  1.735712e+09
3     1554.607053    0.000103  0.000014  ...  0.000012  7.836563e+06  1.735712e+09
4     1554.608131    0.000154  0.000044  ...  0.000012  7.386111e+06  1.735712e+09
...           ...         ...       ...  ...       ...           ...           ...
1587  1554.605810    0.000104  0.000014  ...  0.000012  7.838527e+06  1.735728e+09
1588  1554.606618    0.000097  0.000019  ...  0.000012  7.779500e+06  1.735728e+09
1589  1554.605719    0.000148  0.000027  ...  0.000012  7.476398e+06  1.735728e+09
1590  1554.606625    0.000096  0.000019  ...  0.000012  7.778419e+06  1.735728e+09
1591  1554.605705    0.000105  0.000014  ...  0.000012  7.829563e+06  1.735728e+09

[1592 rows x 13 columns]
CHANNEL_3_13
           cbragg  cbragg_err   credchi  ...  cdelta_n            cL     timestamp
0     1555.610224    0.000088  0.000009  ...  0.000012  7.651743e+06  1.735712e+09
1     1555.618736    0.000087  0.000016  ...  0.000012  7.595263e+06  1.735712e+09
2     1555.610332    0.000090  0.000009  ...  0.000012  7.649401e+06  1.735712e+09
3     1555.618901    0.000086  0.000016  ...  0.000012  7.591187e+06  1.735712e+09
4     1555.610261    0.000085  0.000009  ...  0.000012  7.661453e+06  1.735712e+09
...           ...         ...       ...  ...       ...           ...           ...
1587  1555.617341    0.000087  0.000016  ...  0.000012  7.582094e+06  1.735728e+09
1588  1555.608869    0.000086  0.000009  ...  0.000012  7.667216e+06  1.735728e+09
1589  1555.617356    0.000086  0.000016  ...  0.000012  7.584597e+06  1.735728e+09
1590  1555.608831    0.000124  0.000017  ...  0.000012  7.357176e+06  1.735728e+09
1591  1555.617278    0.000086  0.000016  ...  0.000012  7.587293e+06  1.735728e+09

[1592 rows x 13 columns]
CHANNEL_3_14
           cbragg  cbragg_err   credchi  ...  cdelta_n            cL     timestamp
0     1556.570678    0.000188  0.000075  ...  0.000012  7.710614e+06  1.735712e+09
1     1556.567512    0.000181  0.000044  ...  0.000012  7.766634e+06  1.735712e+09
2     1556.570660    0.000184  0.000071  ...  0.000012  7.698705e+06  1.735712e+09
3     1556.567462    0.000182  0.000044  ...  0.000012  7.761199e+06  1.735712e+09
4     1556.570573    0.000184  0.000071  ...  0.000012  7.704089e+06  1.735712e+09
...           ...         ...       ...  ...       ...           ...           ...
1587  1556.566207    0.000183  0.000045  ...  0.000012  7.761020e+06  1.735728e+09
1588  1556.569353    0.000187  0.000075  ...  0.000012  7.701764e+06  1.735728e+09
1589  1556.566204    0.000183  0.000045  ...  0.000012  7.758169e+06  1.735728e+09
1590  1556.569360    0.000187  0.000074  ...  0.000012  7.698032e+06  1.735728e+09
1591  1556.566142    0.000183  0.000045  ...  0.000012  7.757114e+06  1.735728e+09

[1592 rows x 13 columns]
