CHANNEL_0_1
           cbragg  cbragg_err   credchi  ...  cdelta_n            cL     timestamp
0     1544.616598    0.000154  0.000047  ...  0.000012  7.667753e+06  1.735315e+09
1     1544.624630    0.000102  0.000055  ...  0.000012  7.666212e+06  1.735315e+09
2     1544.616682    0.000109  0.000046  ...  0.000012  7.664206e+06  1.735315e+09
3     1544.624645    0.000431  0.000058  ...  0.000012  7.661438e+06  1.735315e+09
4     1544.616556    0.000104  0.000047  ...  0.000012  7.672775e+06  1.735315e+09
...           ...         ...       ...  ...       ...           ...           ...
1587  1544.623975    0.000105  0.000056  ...  0.000012  7.666794e+06  1.735331e+09
1588  1544.616057    0.000103  0.000047  ...  0.000012  7.661637e+06  1.735331e+09
1589  1544.624106    0.000151  0.000057  ...  0.000012  7.670994e+06  1.735331e+09
1590  1544.616062    0.000189  0.000046  ...  0.000012  7.673955e+06  1.735331e+09
1591  1544.624113    0.000155  0.000059  ...  0.000012  7.662509e+06  1.735331e+09

[1592 rows x 13 columns]
CHANNEL_0_2
           cbragg  cbragg_err   credchi  ...  cdelta_n            cL     timestamp
0     1545.453991    0.000092  0.000018  ...  0.000012  7.599047e+06  1.735315e+09
1     1545.454979    0.000091  0.000019  ...  0.000012  7.596487e+06  1.735315e+09
2     1545.454097    0.000089  0.000017  ...  0.000012  7.604511e+06  1.735315e+09
3     1545.454761    0.000094  0.000020  ...  0.000012  7.603950e+06  1.735315e+09
4     1545.453946    0.000092  0.000018  ...  0.000012  7.604547e+06  1.735315e+09
...           ...         ...       ...  ...       ...           ...           ...
1587  1545.453981    0.000091  0.000019  ...  0.000012  7.593300e+06  1.735331e+09
1588  1545.453140    0.000092  0.000018  ...  0.000012  7.595597e+06  1.735331e+09
1589  1545.454015    0.000094  0.000020  ...  0.000012  7.589688e+06  1.735331e+09
1590  1545.453137    0.000092  0.000018  ...  0.000012  7.601705e+06  1.735331e+09
1591  1545.454064    0.000093  0.000020  ...  0.000012  7.598407e+06  1.735331e+09

[1592 rows x 13 columns]
CHANNEL_0_3
           cbragg  cbragg_err   credchi  ...  cdelta_n            cL     timestamp
0     1546.165453    0.000106  0.000037  ...  0.000012  7.646991e+06  1.735315e+09
1     1546.173499    0.000104  0.000047  ...  0.000012  7.617932e+06  1.735315e+09
2     1546.165612    0.000104  0.000036  ...  0.000012  7.645648e+06  1.735315e+09
3     1546.173486    0.000104  0.000048  ...  0.000012  7.635291e+06  1.735315e+09
4     1546.165575    0.000107  0.000038  ...  0.000012  7.628523e+06  1.735315e+09
...           ...         ...       ...  ...       ...           ...           ...
1587  1546.171592    0.000104  0.000047  ...  0.000012  7.647230e+06  1.735331e+09
1588  1546.163525    0.000109  0.000039  ...  0.000012  7.645572e+06  1.735331e+09
1589  1546.171704    0.000108  0.000050  ...  0.000012  7.606463e+06  1.735331e+09
1590  1546.163611    0.000107  0.000038  ...  0.000012  7.636925e+06  1.735331e+09
1591  1546.171640    0.000106  0.000049  ...  0.000012  7.638967e+06  1.735331e+09

[1592 rows x 13 columns]
CHANNEL_0_4
           cbragg  cbragg_err   credchi  ...  cdelta_n            cL     timestamp
0     1547.116331    0.000117  0.000049  ...  0.000012  7.854285e+06  1.735315e+09
1     1547.116874    0.000123  0.000060  ...  0.000012  8.003290e+06  1.735315e+09
2     1547.116327    0.000117  0.000049  ...  0.000012  7.853227e+06  1.735315e+09
3     1547.116987    0.000115  0.000051  ...  0.000012  7.855891e+06  1.735315e+09
4     1547.116262    0.000116  0.000048  ...  0.000012  7.846589e+06  1.735315e+09
...           ...         ...       ...  ...       ...           ...           ...
1587  1547.116902    0.000114  0.000050  ...  0.000012  7.853521e+06  1.735331e+09
1588  1547.116300    0.000118  0.000050  ...  0.000012  7.847683e+06  1.735331e+09
1589  1547.116876    0.000118  0.000053  ...  0.000012  7.851038e+06  1.735331e+09
1590  1547.116350    0.000116  0.000048  ...  0.000012  7.852463e+06  1.735331e+09
1591  1547.116927    0.000116  0.000052  ...  0.000012  7.854077e+06  1.735331e+09

[1592 rows x 13 columns]
CHANNEL_0_5
           cbragg  cbragg_err   credchi  ...  cdelta_n            cL     timestamp
0     1548.090585    0.000114  0.000067  ...  0.000012  7.889062e+06  1.735315e+09
1     1548.094104    0.000099  0.000040  ...  0.000012  7.673810e+06  1.735315e+09
2     1548.090122    0.000093  0.000044  ...  0.000012  7.740827e+06  1.735315e+09
3     1548.094126    0.000097  0.000039  ...  0.000012  7.776637e+06  1.735315e+09
4     1548.090112    0.000091  0.000041  ...  0.000012  7.689867e+06  1.735315e+09
...           ...         ...       ...  ...       ...           ...           ...
1587  1548.094169    0.000097  0.000039  ...  0.000012  7.683740e+06  1.735331e+09
1588  1548.090027    0.000096  0.000045  ...  0.000012  7.756474e+06  1.735331e+09
1589  1548.094172    0.000097  0.000038  ...  0.000012  7.701571e+06  1.735331e+09
1590  1548.090223    0.000101  0.000051  ...  0.000012  7.804117e+06  1.735331e+09
1591  1548.094172    0.000098  0.000039  ...  0.000012  7.689846e+06  1.735331e+09

[1592 rows x 13 columns]
CHANNEL_0_6
           cbragg  cbragg_err   credchi  ...  cdelta_n            cL     timestamp
0     1549.067927    0.000078  0.000023  ...  0.000012  7.535462e+06  1.735315e+09
1     1549.076703    0.000145  0.000132  ...  0.000012  7.656433e+06  1.735315e+09
2     1549.068048    0.000078  0.000023  ...  0.000012  7.554268e+06  1.735315e+09
3     1549.076793    0.000082  0.000043  ...  0.000012  7.479223e+06  1.735315e+09
4     1549.068180    0.000079  0.000023  ...  0.000012  7.550634e+06  1.735315e+09
...           ...         ...       ...  ...       ...           ...           ...
1587  1549.076912    0.000087  0.000049  ...  0.000012  7.555357e+06  1.735331e+09
1588  1549.068164    0.000079  0.000023  ...  0.000012  7.557866e+06  1.735331e+09
1589  1549.076952    0.000083  0.000044  ...  0.000012  7.463596e+06  1.735331e+09
1590  1549.068217    0.000078  0.000023  ...  0.000012  7.557921e+06  1.735331e+09
1591  1549.076984    0.000083  0.000044  ...  0.000012  7.451364e+06  1.735331e+09

[1592 rows x 13 columns]
CHANNEL_0_7
           cbragg  cbragg_err   credchi  ...  cdelta_n            cL     timestamp
0     1550.073291    0.000194  0.000111  ...  0.000012  7.823815e+06  1.735315e+09
1     1550.074605    0.000140  0.000060  ...  0.000012  7.803889e+06  1.735315e+09
2     1550.073449    0.000125  0.000047  ...  0.000012  7.638962e+06  1.735315e+09
3     1550.074589    0.000124  0.000046  ...  0.000012  7.616240e+06  1.735315e+09
4     1550.073346    0.000124  0.000047  ...  0.000012  7.593298e+06  1.735315e+09
...           ...         ...       ...  ...       ...           ...           ...
1587  1550.074578    0.000124  0.000047  ...  0.000012  7.600825e+06  1.735331e+09
1588  1550.073358    0.000124  0.000046  ...  0.000012  7.589045e+06  1.735331e+09
1589  1550.074542    0.000123  0.000046  ...  0.000012  7.609489e+06  1.735331e+09
1590  1550.073367    0.000124  0.000046  ...  0.000012  7.601445e+06  1.735331e+09
1591  1550.074665    0.000123  0.000046  ...  0.000012  7.604022e+06  1.735331e+09

[1592 rows x 13 columns]
CHANNEL_0_8
           cbragg  cbragg_err   credchi  ...  cdelta_n            cL     timestamp
0     1551.045582    0.000073  0.000016  ...  0.000012  7.618981e+06  1.735315e+09
1     1551.051791    0.000072  0.000017  ...  0.000012  7.627914e+06  1.735315e+09
2     1551.045673    0.000072  0.000015  ...  0.000012  7.618396e+06  1.735315e+09
3     1551.051885    0.000071  0.000017  ...  0.000012  7.628428e+06  1.735315e+09
4     1551.045686    0.000073  0.000016  ...  0.000012  7.613416e+06  1.735315e+09
...           ...         ...       ...  ...       ...           ...           ...
1587  1551.052868    0.000072  0.000017  ...  0.000012  7.621607e+06  1.735331e+09
1588  1551.046632    0.000074  0.000016  ...  0.000012  7.611743e+06  1.735331e+09
1589  1551.052825    0.000074  0.000018  ...  0.000012  7.617467e+06  1.735331e+09
1590  1551.046629    0.000072  0.000015  ...  0.000012  7.607995e+06  1.735331e+09
1591  1551.052926    0.000074  0.000018  ...  0.000012  7.628694e+06  1.735331e+09

[1592 rows x 13 columns]
CHANNEL_0_9
           cbragg  cbragg_err   credchi  ...  cdelta_n            cL     timestamp
0     1552.027059    0.000091  0.000016  ...  0.000012  7.722298e+06  1.735315e+09
1     1552.035722    0.000088  0.000027  ...  0.000012  7.663993e+06  1.735315e+09
2     1552.027014    0.000094  0.000017  ...  0.000012  7.715414e+06  1.735315e+09
3     1552.035765    0.000089  0.000028  ...  0.000012  7.667173e+06  1.735315e+09
4     1552.027036    0.000091  0.000016  ...  0.000012  7.721014e+06  1.735315e+09
...           ...         ...       ...  ...       ...           ...           ...
1587  1552.036770    0.000089  0.000028  ...  0.000012  7.667893e+06  1.735331e+09
1588  1552.027991    0.000103  0.000020  ...  0.000012  7.536594e+06  1.735331e+09
1589  1552.036682    0.000088  0.000028  ...  0.000012  7.670892e+06  1.735331e+09
1590  1552.028024    0.000092  0.000016  ...  0.000012  7.712886e+06  1.735331e+09
1591  1552.036772    0.000088  0.000028  ...  0.000012  7.667265e+06  1.735331e+09

[1592 rows x 13 columns]
CHANNEL_0_10
           cbragg  cbragg_err   credchi  ...  cdelta_n            cL     timestamp
0     1553.036910    0.000092  0.000021  ...  0.000012  7.686836e+06  1.735315e+09
1     1553.036410    0.000095  0.000017  ...  0.000012  7.717185e+06  1.735315e+09
2     1553.036786    0.000091  0.000020  ...  0.000012  7.690053e+06  1.735315e+09
3     1553.036432    0.000093  0.000016  ...  0.000012  7.669245e+06  1.735315e+09
4     1553.036855    0.000094  0.000022  ...  0.000012  7.689152e+06  1.735315e+09
...           ...         ...       ...  ...       ...           ...           ...
1587  1553.037516    0.000092  0.000016  ...  0.000012  7.736636e+06  1.735331e+09
1588  1553.037915    0.000093  0.000021  ...  0.000012  7.683186e+06  1.735331e+09
1589  1553.037539    0.000187  0.000062  ...  0.000012  7.267911e+06  1.735331e+09
1590  1553.037825    0.000094  0.000022  ...  0.000012  7.642661e+06  1.735331e+09
1591  1553.037544    0.000092  0.000016  ...  0.000012  7.745898e+06  1.735331e+09

[1592 rows x 13 columns]
CHANNEL_0_11
           cbragg  cbragg_err   credchi  ...  cdelta_n            cL     timestamp
0     1554.041773    0.000073  0.000008  ...  0.000012  7.698474e+06  1.735315e+09
1     1554.050076    0.000074  0.000015  ...  0.000012  7.643959e+06  1.735315e+09
2     1554.041723    0.000092  0.000013  ...  0.000012  7.482288e+06  1.735315e+09
3     1554.050258    0.000072  0.000014  ...  0.000012  7.628350e+06  1.735315e+09
4     1554.041811    0.000073  0.000008  ...  0.000012  7.693972e+06  1.735315e+09
...           ...         ...       ...  ...       ...           ...           ...
1587  1554.051267    0.000072  0.000014  ...  0.000012  7.639987e+06  1.735331e+09
1588  1554.042847    0.000072  0.000008  ...  0.000012  7.698253e+06  1.735331e+09
1589  1554.051181    0.000072  0.000014  ...  0.000012  7.647081e+06  1.735331e+09
1590  1554.042854    0.000074  0.000009  ...  0.000012  7.690351e+06  1.735331e+09
1591  1554.051272    0.000073  0.000015  ...  0.000012  7.630626e+06  1.735331e+09

[1592 rows x 13 columns]
CHANNEL_0_12
           cbragg  cbragg_err   credchi  ...  cdelta_n            cL     timestamp
0     1555.070203    0.000118  0.000048  ...  0.000012  7.492322e+06  1.735315e+09
1     1555.070568    0.000120  0.000047  ...  0.000012  7.491252e+06  1.735315e+09
2     1555.070131    0.000121  0.000051  ...  0.000012  7.567610e+06  1.735315e+09
3     1555.070836    0.000155  0.000079  ...  0.000012  7.710540e+06  1.735315e+09
4     1555.070241    0.000120  0.000052  ...  0.000012  7.600502e+06  1.735315e+09
...           ...         ...       ...  ...       ...           ...           ...
1587  1555.071726    0.000202  0.000132  ...  0.000012  7.773991e+06  1.735331e+09
1588  1555.071168    0.000116  0.000047  ...  0.000012  7.494589e+06  1.735331e+09
1589  1555.071817    0.000118  0.000046  ...  0.000012  7.511800e+06  1.735331e+09
1590  1555.071193    0.000117  0.000048  ...  0.000012  7.504927e+06  1.735331e+09
1591  1555.071885    0.000118  0.000045  ...  0.000012  7.512393e+06  1.735331e+09

[1592 rows x 13 columns]
CHANNEL_0_13
           cbragg  cbragg_err   credchi  ...  cdelta_n            cL     timestamp
0     1556.042345    0.000141  0.000037  ...  0.000012  7.617868e+06  1.735315e+09
1     1556.049401    0.000137  0.000045  ...  0.000012  7.680238e+06  1.735315e+09
2     1556.042249    0.000142  0.000037  ...  0.000012  7.664184e+06  1.735315e+09
3     1556.049379    0.000137  0.000044  ...  0.000012  7.687072e+06  1.735315e+09
4     1556.042445    0.000141  0.000037  ...  0.000012  7.615907e+06  1.735315e+09
...           ...         ...       ...  ...       ...           ...           ...
1587  1556.050442    0.000137  0.000045  ...  0.000012  7.643199e+06  1.735331e+09
1588  1556.043413    0.000141  0.000037  ...  0.000012  7.667976e+06  1.735331e+09
1589  1556.050431    0.000137  0.000045  ...  0.000012  7.683985e+06  1.735331e+09
1590  1556.043444    0.000142  0.000037  ...  0.000012  7.667782e+06  1.735331e+09
1591  1556.050555    0.000138  0.000045  ...  0.000012  7.685872e+06  1.735331e+09

[1592 rows x 13 columns]
CHANNEL_0_14
           cbragg  cbragg_err   credchi  ...  cdelta_n            cL     timestamp
0     1557.014904    0.000100  0.000028  ...  0.000012  7.648257e+06  1.735315e+09
1     1557.018061    0.000100  0.000036  ...  0.000012  7.613032e+06  1.735315e+09
2     1557.014876    0.000098  0.000027  ...  0.000012  7.662184e+06  1.735315e+09
3     1557.018124    0.000101  0.000037  ...  0.000012  7.612956e+06  1.735315e+09
4     1557.014990    0.000099  0.000027  ...  0.000012  7.655225e+06  1.735315e+09
...           ...         ...       ...  ...       ...           ...           ...
1587  1557.019225    0.000103  0.000039  ...  0.000012  7.607693e+06  1.735331e+09
1588  1557.015996    0.000100  0.000028  ...  0.000012  7.658252e+06  1.735331e+09
1589  1557.019266    0.000101  0.000037  ...  0.000012  7.612758e+06  1.735331e+09
1590  1557.016005    0.000099  0.000028  ...  0.000012  7.652772e+06  1.735331e+09
1591  1557.019231    0.000104  0.000039  ...  0.000012  7.668224e+06  1.735331e+09

[1592 rows x 13 columns]
CHANNEL_1_1
           cbragg  cbragg_err   credchi  ...  cdelta_n            cL     timestamp
0     1556.180496    0.000811  0.000370  ...  0.000012  2.316516e+06  1.735315e+09
1     1556.178606    0.000450  0.000147  ...  0.000012  2.459722e+06  1.735315e+09
2     1556.178594    0.000677  0.000699  ...  0.000012  3.129159e+06  1.735315e+09
3     1556.178437    0.000633  0.000541  ...  0.000012  3.067628e+06  1.735315e+09
4     1556.177056    0.000960  0.001480  ...  0.000012  3.264535e+06  1.735315e+09
...           ...         ...       ...  ...       ...           ...           ...
1587  1556.177670    0.000078  0.000005  ...  0.000012  2.644626e+06  1.735331e+09
1588  1556.178127    0.000077  0.000006  ...  0.000012  2.657970e+06  1.735331e+09
1589  1556.178244    0.000081  0.000006  ...  0.000012  2.653164e+06  1.735331e+09
1590  1556.177434    0.001059  0.002125  ...  0.000012  3.433754e+06  1.735331e+09
1591  1556.177958    0.000074  0.000005  ...  0.000012  2.666105e+06  1.735331e+09

[1592 rows x 13 columns]
CHANNEL_1_2
           cbragg  cbragg_err   credchi  ...  cdelta_n            cL     timestamp
0     1558.200084    0.000518  0.000286  ...  0.000012  2.539830e+06  1.735315e+09
1     1558.203075    0.000156  0.000034  ...  0.000012  2.758642e+06  1.735315e+09
2     1558.200104    0.000388  0.000167  ...  0.000012  2.598451e+06  1.735315e+09
3     1558.201630    0.001068  0.002857  ...  0.000012  3.499718e+06  1.735315e+09
4     1558.199813    0.000122  0.000021  ...  0.000012  2.813049e+06  1.735315e+09
...           ...         ...       ...  ...       ...           ...           ...
1587  1558.203437    0.000417  0.000244  ...  0.000012  2.704699e+06  1.735331e+09
1588  1558.199135    0.001013  0.002560  ...  0.000012  3.503830e+06  1.735331e+09
1589  1558.203073    0.000156  0.000036  ...  0.000012  2.775033e+06  1.735331e+09
1590  1558.200331    0.000131  0.000024  ...  0.000012  2.775874e+06  1.735331e+09
1591  1558.202275    0.000943  0.002360  ...  0.000012  3.490150e+06  1.735331e+09

[1592 rows x 13 columns]
CHANNEL_1_3
           cbragg  cbragg_err   credchi  ...  cdelta_n            cL     timestamp
0     1561.015871    0.000050  0.000004  ...  0.000012  2.925914e+06  1.735315e+09
1     1561.012170    0.001044  0.002795  ...  0.000012  3.606124e+06  1.735315e+09
2     1561.015932    0.000051  0.000004  ...  0.000012  2.924023e+06  1.735315e+09
3     1561.012167    0.000049  0.000004  ...  0.000012  2.942099e+06  1.735315e+09
4     1561.016155    0.000052  0.000004  ...  0.000012  2.939562e+06  1.735315e+09
...           ...         ...       ...  ...       ...           ...           ...
1587  1561.014256    0.000323  0.000196  ...  0.000012  3.110804e+06  1.735331e+09
1588  1561.016987    0.000063  0.000006  ...  0.000012  2.929886e+06  1.735331e+09
1589  1561.013304    0.000345  0.000177  ...  0.000012  2.794864e+06  1.735331e+09
1590  1561.017079    0.000661  0.001061  ...  0.000012  3.413390e+06  1.735331e+09
1591  1561.013280    0.000087  0.000012  ...  0.000012  2.874255e+06  1.735331e+09

[1592 rows x 13 columns]
CHANNEL_2_1
           cbragg  cbragg_err   credchi  ...  cdelta_n            cL     timestamp
0     1543.598407    0.000128  0.000006  ...  0.000012  2.768290e+06  1.735315e+09
1     1543.597326    0.000114  0.000006  ...  0.000012  2.766019e+06  1.735315e+09
2     1543.598704    0.000081  0.000007  ...  0.000012  2.766514e+06  1.735315e+09
3     1543.597716    0.000079  0.000006  ...  0.000012  2.768271e+06  1.735315e+09
4     1543.598679    0.000087  0.000007  ...  0.000012  2.768586e+06  1.735315e+09
...           ...         ...       ...  ...       ...           ...           ...
1587  1543.596948    0.000083  0.000006  ...  0.000012  2.768158e+06  1.735331e+09
1588  1543.598502    0.000082  0.000007  ...  0.000012  2.766153e+06  1.735331e+09
1589  1543.597487    0.000078  0.000006  ...  0.000012  2.769001e+06  1.735331e+09
1590  1543.598676    0.000083  0.000006  ...  0.000012  2.768310e+06  1.735331e+09
1591  1543.597481    0.000080  0.000006  ...  0.000012  2.768039e+06  1.735331e+09

[1592 rows x 13 columns]
CHANNEL_2_2
           cbragg  cbragg_err   credchi  ...  cdelta_n            cL     timestamp
0     1545.922827    0.000121  0.000011  ...  0.000012  2.687210e+06  1.735315e+09
1     1545.923153    0.000696  0.000552  ...  0.000012  3.097313e+06  1.735315e+09
2     1545.921512    0.000624  0.000462  ...  0.000012  3.099501e+06  1.735315e+09
3     1545.922514    0.000897  0.001100  ...  0.000012  3.294852e+06  1.735315e+09
4     1545.923074    0.000152  0.000017  ...  0.000012  2.709096e+06  1.735315e+09
...           ...         ...       ...  ...       ...           ...           ...
1587  1545.925118    0.000119  0.000011  ...  0.000012  2.698987e+06  1.735331e+09
1588  1545.921923    0.000707  0.000600  ...  0.000012  3.138108e+06  1.735331e+09
1589  1545.925277    0.000117  0.000011  ...  0.000012  2.681019e+06  1.735331e+09
1590  1545.923337    0.000141  0.000015  ...  0.000012  2.721011e+06  1.735331e+09
1591  1545.923181    0.000937  0.001226  ...  0.000012  3.323049e+06  1.735331e+09

[1592 rows x 13 columns]
CHANNEL_2_3
           cbragg  cbragg_err   credchi  ...  cdelta_n            cL     timestamp
0     1548.519695    0.000098  0.000010  ...  0.000012  2.918620e+06  1.735315e+09
1     1548.520735    0.000111  0.000012  ...  0.000012  2.848894e+06  1.735315e+09
2     1548.519666    0.000098  0.000010  ...  0.000012  2.887987e+06  1.735315e+09
3     1548.520650    0.000154  0.000024  ...  0.000012  2.832571e+06  1.735315e+09
4     1548.519785    0.000230  0.000056  ...  0.000012  2.856325e+06  1.735315e+09
...           ...         ...       ...  ...       ...           ...           ...
1587  1548.521820    0.000108  0.000012  ...  0.000012  2.851284e+06  1.735331e+09
1588  1548.520465    0.000140  0.000022  ...  0.000012  2.966145e+06  1.735331e+09
1589  1548.521956    0.000097  0.000010  ...  0.000012  2.884341e+06  1.735331e+09
1590  1548.520706    0.001069  0.002216  ...  0.000012  3.698233e+06  1.735331e+09
1591  1548.521893    0.000097  0.000010  ...  0.000012  2.887916e+06  1.735331e+09

[1592 rows x 13 columns]
CHANNEL_3_1
           cbragg  cbragg_err   credchi  ...  cdelta_n            cL     timestamp
0     1544.140635    0.000126  0.000027  ...  0.000012  7.778288e+06  1.735315e+09
1     1544.136616    0.000117  0.000019  ...  0.000012  7.821839e+06  1.735315e+09
2     1544.140661    0.000114  0.000028  ...  0.000012  7.775932e+06  1.735315e+09
3     1544.136690    0.000118  0.000019  ...  0.000012  7.824811e+06  1.735315e+09
4     1544.140635    0.000134  0.000028  ...  0.000012  7.764165e+06  1.735315e+09
...           ...         ...       ...  ...       ...           ...           ...
1587  1544.136007    0.000430  0.000018  ...  0.000012  7.822879e+06  1.735331e+09
1588  1544.140108    0.000155  0.000027  ...  0.000012  7.770634e+06  1.735331e+09
1589  1544.136249    0.000294  0.000019  ...  0.000012  7.820107e+06  1.735331e+09
1590  1544.140101    0.000111  0.000027  ...  0.000012  7.770813e+06  1.735331e+09
1591  1544.136320    0.000127  0.000019  ...  0.000012  7.804766e+06  1.735331e+09

[1592 rows x 13 columns]
CHANNEL_3_2
           cbragg  cbragg_err   credchi  ...  cdelta_n            cL     timestamp
0     1545.038753    0.000109  0.000021  ...  0.000012  7.903209e+06  1.735315e+09
1     1545.048576    0.000519  0.000039  ...  0.000012  7.821034e+06  1.735315e+09
2     1545.038674    0.000164  0.000022  ...  0.000012  7.905520e+06  1.735315e+09
3     1545.048565    0.000114  0.000041  ...  0.000012  7.808124e+06  1.735315e+09
4     1545.038859    0.000112  0.000023  ...  0.000012  7.886347e+06  1.735315e+09
...           ...         ...       ...  ...       ...           ...           ...
1587  1545.047764    0.000175  0.000041  ...  0.000012  7.818129e+06  1.735331e+09
1588  1545.037861    0.000134  0.000023  ...  0.000012  7.898859e+06  1.735331e+09
1589  1545.047771    0.000331  0.000040  ...  0.000012  7.823636e+06  1.735331e+09
1590  1545.037955    0.000155  0.000023  ...  0.000012  7.905060e+06  1.735331e+09
1591  1545.047781    0.000112  0.000041  ...  0.000012  7.807415e+06  1.735331e+09

[1592 rows x 13 columns]
CHANNEL_3_3
           cbragg  cbragg_err   credchi  ...  cdelta_n            cL     timestamp
0     1545.771226    0.000109  0.000034  ...  0.000012  7.575521e+06  1.735315e+09
1     1545.771003    0.000114  0.000025  ...  0.000012  7.604210e+06  1.735315e+09
2     1545.771396    0.000101  0.000029  ...  0.000012  7.583164e+06  1.735315e+09
3     1545.771000    0.000115  0.000025  ...  0.000012  7.602243e+06  1.735315e+09
4     1545.771356    0.000105  0.000032  ...  0.000012  7.563493e+06  1.735315e+09
...           ...         ...       ...  ...       ...           ...           ...
1587  1545.769192    0.000111  0.000024  ...  0.000012  7.603823e+06  1.735331e+09
1588  1545.769337    0.000105  0.000032  ...  0.000012  7.582493e+06  1.735331e+09
1589  1545.769124    0.000114  0.000025  ...  0.000012  7.591910e+06  1.735331e+09
1590  1545.769452    0.000104  0.000031  ...  0.000012  7.547494e+06  1.735331e+09
1591  1545.769286    0.000115  0.000025  ...  0.000012  7.582864e+06  1.735331e+09

[1592 rows x 13 columns]
CHANNEL_3_4
           cbragg  cbragg_err   credchi  ...  cdelta_n            cL     timestamp
0     1546.684396    0.000098  0.000017  ...  0.000012  7.776519e+06  1.735315e+09
1     1546.691261    0.000098  0.000028  ...  0.000012  7.726851e+06  1.735315e+09
2     1546.684366    0.000097  0.000017  ...  0.000012  7.782631e+06  1.735315e+09
3     1546.691310    0.000099  0.000028  ...  0.000012  7.729509e+06  1.735315e+09
4     1546.684521    0.000099  0.000017  ...  0.000012  7.774355e+06  1.735315e+09
...           ...         ...       ...  ...       ...           ...           ...
1587  1546.691316    0.000098  0.000027  ...  0.000012  7.731084e+06  1.735331e+09
1588  1546.684428    0.000098  0.000017  ...  0.000012  7.790946e+06  1.735331e+09
1589  1546.691263    0.000100  0.000028  ...  0.000012  7.726018e+06  1.735331e+09
1590  1546.684517    0.000098  0.000017  ...  0.000012  7.793824e+06  1.735331e+09
1591  1546.691315    0.000099  0.000028  ...  0.000012  7.722571e+06  1.735331e+09

[1592 rows x 13 columns]
CHANNEL_3_5
           cbragg  cbragg_err   credchi  ...  cdelta_n            cL     timestamp
0     1547.705138    0.000240  0.000136  ...  0.000012  7.016758e+06  1.735315e+09
1     1547.710191    0.000080  0.000013  ...  0.000012  7.569377e+06  1.735315e+09
2     1547.705481    0.000077  0.000015  ...  0.000012  7.584611e+06  1.735315e+09
3     1547.710222    0.000079  0.000013  ...  0.000012  7.611757e+06  1.735315e+09
4     1547.705457    0.000078  0.000015  ...  0.000012  7.585356e+06  1.735315e+09
...           ...         ...       ...  ...       ...           ...           ...
1587  1547.710280    0.000080  0.000013  ...  0.000012  7.619575e+06  1.735331e+09
1588  1547.705338    0.000077  0.000015  ...  0.000012  7.583691e+06  1.735331e+09
1589  1547.710347    0.000078  0.000013  ...  0.000012  7.621475e+06  1.735331e+09
1590  1547.705440    0.000077  0.000015  ...  0.000012  7.578317e+06  1.735331e+09
1591  1547.710353    0.000079  0.000013  ...  0.000012  7.623510e+06  1.735331e+09

[1592 rows x 13 columns]
CHANNEL_3_6
           cbragg  cbragg_err   credchi  ...  cdelta_n            cL     timestamp
0     1548.693749    0.000082  0.000016  ...  0.000012  7.761864e+06  1.735315e+09
1     1548.694506    0.000082  0.000016  ...  0.000012  7.758810e+06  1.735315e+09
2     1548.693848    0.000081  0.000015  ...  0.000012  7.768162e+06  1.735315e+09
3     1548.694535    0.000082  0.000016  ...  0.000012  7.750469e+06  1.735315e+09
4     1548.694008    0.000082  0.000016  ...  0.000012  7.765515e+06  1.735315e+09
...           ...         ...       ...  ...       ...           ...           ...
1587  1548.694650    0.000082  0.000016  ...  0.000012  7.763768e+06  1.735331e+09
1588  1548.693879    0.000081  0.000015  ...  0.000012  7.765179e+06  1.735331e+09
1589  1548.694761    0.000081  0.000016  ...  0.000012  7.759803e+06  1.735331e+09
1590  1548.693982    0.000081  0.000015  ...  0.000012  7.758699e+06  1.735331e+09
1591  1548.694810    0.000083  0.000017  ...  0.000012  7.762199e+06  1.735331e+09

[1592 rows x 13 columns]
CHANNEL_3_7
           cbragg  cbragg_err   credchi  ...  cdelta_n            cL     timestamp
0     1549.709098    0.000089  0.000015  ...  0.000012  7.586509e+06  1.735315e+09
1     1549.717821    0.000086  0.000019  ...  0.000012  7.583911e+06  1.735315e+09
2     1549.709179    0.000088  0.000015  ...  0.000012  7.586089e+06  1.735315e+09
3     1549.717807    0.000087  0.000020  ...  0.000012  7.577598e+06  1.735315e+09
4     1549.709088    0.000088  0.000015  ...  0.000012  7.582749e+06  1.735315e+09
...           ...         ...       ...  ...       ...           ...           ...
1587  1549.718087    0.000140  0.000050  ...  0.000012  7.752787e+06  1.735331e+09
1588  1549.709074    0.000088  0.000015  ...  0.000012  7.588551e+06  1.735331e+09
1589  1549.717899    0.000089  0.000021  ...  0.000012  7.574121e+06  1.735331e+09
1590  1549.709089    0.000087  0.000015  ...  0.000012  7.591553e+06  1.735331e+09
1591  1549.717911    0.000088  0.000020  ...  0.000012  7.589077e+06  1.735331e+09

[1592 rows x 13 columns]
CHANNEL_3_8
           cbragg  cbragg_err   credchi  ...  cdelta_n            cL     timestamp
0     1550.669329    0.000122  0.000030  ...  0.000012  7.374497e+06  1.735315e+09
1     1550.664117    0.000092  0.000013  ...  0.000012  7.664819e+06  1.735315e+09
2     1550.669263    0.000101  0.000021  ...  0.000012  7.450625e+06  1.735315e+09
3     1550.664164    0.000094  0.000014  ...  0.000012  7.660369e+06  1.735315e+09
4     1550.669310    0.000089  0.000017  ...  0.000012  7.639071e+06  1.735315e+09
...           ...         ...       ...  ...       ...           ...           ...
1587  1550.665205    0.000094  0.000014  ...  0.000012  7.656469e+06  1.735331e+09
1588  1550.670108    0.000088  0.000016  ...  0.000012  7.640312e+06  1.735331e+09
1589  1550.665156    0.000094  0.000014  ...  0.000012  7.662516e+06  1.735331e+09
1590  1550.670178    0.000093  0.000018  ...  0.000012  7.580736e+06  1.735331e+09
1591  1550.665207    0.000096  0.000014  ...  0.000012  7.663408e+06  1.735331e+09

[1592 rows x 13 columns]
CHANNEL_3_9
           cbragg  cbragg_err   credchi  ...  cdelta_n            cL     timestamp
0     1551.659257    0.000094  0.000011  ...  0.000012  7.674078e+06  1.735315e+09
1     1551.666717    0.000092  0.000019  ...  0.000012  7.625638e+06  1.735315e+09
2     1551.659290    0.000092  0.000011  ...  0.000012  7.703273e+06  1.735315e+09
3     1551.666745    0.000118  0.000029  ...  0.000012  7.420419e+06  1.735315e+09
4     1551.659309    0.000093  0.000011  ...  0.000012  7.715472e+06  1.735315e+09
...           ...         ...       ...  ...       ...           ...           ...
1587  1551.667829    0.000090  0.000018  ...  0.000012  7.680027e+06  1.735331e+09
1588  1551.660110    0.000092  0.000011  ...  0.000012  7.732499e+06  1.735331e+09
1589  1551.667759    0.000092  0.000019  ...  0.000012  7.677779e+06  1.735331e+09
1590  1551.660340    0.000093  0.000011  ...  0.000012  7.733826e+06  1.735331e+09
1591  1551.667862    0.000092  0.000019  ...  0.000012  7.677776e+06  1.735331e+09

[1592 rows x 13 columns]
CHANNEL_3_10
           cbragg  cbragg_err   credchi  ...  cdelta_n            cL     timestamp
0     1552.672936    0.000103  0.000021  ...  0.000012  7.730029e+06  1.735315e+09
1     1552.667239    0.000310  0.000086  ...  0.000012  6.937908e+06  1.735315e+09
2     1552.673073    0.000102  0.000021  ...  0.000012  7.681155e+06  1.735315e+09
3     1552.667055    0.000113  0.000014  ...  0.000012  7.768256e+06  1.735315e+09
4     1552.673154    0.000102  0.000021  ...  0.000012  7.722455e+06  1.735315e+09
...           ...         ...       ...  ...       ...           ...           ...
1587  1552.668247    0.000111  0.000014  ...  0.000012  7.759087e+06  1.735331e+09
1588  1552.674058    0.000102  0.000021  ...  0.000012  7.728504e+06  1.735331e+09
1589  1552.668225    0.000110  0.000013  ...  0.000012  7.722108e+06  1.735331e+09
1590  1552.674152    0.000103  0.000021  ...  0.000012  7.720981e+06  1.735331e+09
1591  1552.668316    0.000112  0.000014  ...  0.000012  7.769965e+06  1.735331e+09

[1592 rows x 13 columns]
CHANNEL_3_11
           cbragg  cbragg_err   credchi  ...  cdelta_n            cL     timestamp
0     1553.635414    0.000133  0.000026  ...  0.000012  7.937674e+06  1.735315e+09
1     1553.638609    0.000130  0.000038  ...  0.000012  7.863440e+06  1.735315e+09
2     1553.635543    0.000132  0.000026  ...  0.000012  7.926343e+06  1.735315e+09
3     1553.638690    0.000131  0.000039  ...  0.000012  7.851319e+06  1.735315e+09
4     1553.635560    0.000134  0.000027  ...  0.000012  7.924782e+06  1.735315e+09
...           ...         ...       ...  ...       ...           ...           ...
1587  1553.639647    0.000130  0.000039  ...  0.000012  7.841654e+06  1.735331e+09
1588  1553.636486    0.000133  0.000026  ...  0.000012  7.916468e+06  1.735331e+09
1589  1553.639713    0.000134  0.000041  ...  0.000012  7.833868e+06  1.735331e+09
1590  1553.636567    0.000134  0.000027  ...  0.000012  7.923700e+06  1.735331e+09
1591  1553.639723    0.000131  0.000039  ...  0.000012  7.860740e+06  1.735331e+09

[1592 rows x 13 columns]
CHANNEL_3_12
           cbragg  cbragg_err   credchi  ...  cdelta_n            cL     timestamp
0     1554.615299    0.000097  0.000020  ...  0.000012  7.771335e+06  1.735315e+09
1     1554.611389    0.000217  0.000054  ...  0.000012  7.242847e+06  1.735315e+09
2     1554.615415    0.000096  0.000020  ...  0.000012  7.769437e+06  1.735315e+09
3     1554.611384    0.000105  0.000014  ...  0.000012  7.847833e+06  1.735315e+09
4     1554.615387    0.000097  0.000020  ...  0.000012  7.755898e+06  1.735315e+09
...           ...         ...       ...  ...       ...           ...           ...
1587  1554.612418    0.000105  0.000014  ...  0.000012  7.834956e+06  1.735331e+09
1588  1554.616267    0.000096  0.000020  ...  0.000012  7.778166e+06  1.735331e+09
1589  1554.612382    0.000101  0.000013  ...  0.000012  7.853016e+06  1.735331e+09
1590  1554.616331    0.000096  0.000020  ...  0.000012  7.779454e+06  1.735331e+09
1591  1554.612527    0.000101  0.000013  ...  0.000012  7.849360e+06  1.735331e+09

[1592 rows x 13 columns]
CHANNEL_3_13
           cbragg  cbragg_err   credchi  ...  cdelta_n            cL     timestamp
0     1555.617239    0.000087  0.000009  ...  0.000012  7.633517e+06  1.735315e+09
1     1555.624227    0.000090  0.000017  ...  0.000012  7.563381e+06  1.735315e+09
2     1555.617453    0.000089  0.000009  ...  0.000012  7.617146e+06  1.735315e+09
3     1555.624159    0.000088  0.000017  ...  0.000012  7.558406e+06  1.735315e+09
4     1555.617399    0.000090  0.000010  ...  0.000012  7.571306e+06  1.735315e+09
...           ...         ...       ...  ...       ...           ...           ...
1587  1555.625272    0.000087  0.000016  ...  0.000012  7.560700e+06  1.735331e+09
1588  1555.618319    0.000090  0.000010  ...  0.000012  7.631715e+06  1.735331e+09
1589  1555.625236    0.000088  0.000017  ...  0.000012  7.562023e+06  1.735331e+09
1590  1555.618505    0.000088  0.000009  ...  0.000012  7.645076e+06  1.735331e+09
1591  1555.625354    0.000087  0.000016  ...  0.000012  7.575709e+06  1.735331e+09

[1592 rows x 13 columns]
CHANNEL_3_14
           cbragg  cbragg_err   credchi  ...  cdelta_n            cL     timestamp
0     1556.578071    0.000187  0.000076  ...  0.000012  7.702759e+06  1.735315e+09
1     1556.572219    0.000186  0.000047  ...  0.000012  7.771613e+06  1.735315e+09
2     1556.578104    0.000185  0.000075  ...  0.000012  7.699182e+06  1.735315e+09
3     1556.572238    0.000183  0.000045  ...  0.000012  7.768003e+06  1.735315e+09
4     1556.578103    0.000186  0.000076  ...  0.000012  7.702269e+06  1.735315e+09
...           ...         ...       ...  ...       ...           ...           ...
1587  1556.573301    0.000188  0.000047  ...  0.000012  7.770888e+06  1.735331e+09
1588  1556.579128    0.000200  0.000084  ...  0.000012  7.455863e+06  1.735331e+09
1589  1556.573306    0.000185  0.000046  ...  0.000012  7.765607e+06  1.735331e+09
1590  1556.579188    0.000189  0.000078  ...  0.000012  7.699195e+06  1.735331e+09
1591  1556.573437    0.000186  0.000047  ...  0.000012  7.769135e+06  1.735331e+09

[1592 rows x 13 columns]
