000 (11451992.490.000) 01/28 14:31:49 Job submitted from host: <188.185.114.121:9618?addrs=188.185.114.121-9618+[2001-1458-d00-a--100-273]-9618&alias=bigbird19.cern.ch&noUDP&sock=schedd_2045_4743>
...
040 (11451992.490.000) 01/28 16:34:02 Started transferring input files
	Transferring to host: <188.185.198.119:9618?addrs=188.185.198.119-9618+[2001-1458-303-25--100-73]-9618&alias=b9p15p3832.cern.ch&noUDP&sock=slot1_18_3846013_d5c6_39152>
...
040 (11451992.490.000) 01/28 16:34:02 Finished transferring input files
...
001 (11451992.490.000) 01/28 16:34:03 Job executing on host: <188.185.198.119:9618?addrs=188.185.198.119-9618+[2001-1458-303-25--100-73]-9618&alias=b9p15p3832.cern.ch&noUDP&sock=startd_4495_c64c>
	SlotName: slot1_18@b9p15p3832.cern.ch
	CondorScratchDir = "/pool/condor/dir_1092319"
	Cpus = 1
	Disk = 3851
	GPUs = 0
	Memory = 3000
...
006 (11451992.490.000) 01/28 16:34:11 Image size of job updated: 98252
	96  -  MemoryUsage of job (MB)
	98252  -  ResidentSetSize of job (KB)
...
040 (11451992.490.000) 01/28 16:34:27 Started transferring output files
...
040 (11451992.490.000) 01/28 16:34:27 Finished transferring output files
...
005 (11451992.490.000) 01/28 16:34:27 Job terminated.
	(1) Normal termination (return value 0)
		Usr 0 00:00:20, Sys 0 00:00:00  -  Run Remote Usage
		Usr 0 00:00:00, Sys 0 00:00:00  -  Run Local Usage
		Usr 0 00:00:20, Sys 0 00:00:00  -  Total Remote Usage
		Usr 0 00:00:00, Sys 0 00:00:00  -  Total Local Usage
	14883  -  Run Bytes Sent By Job
	5797  -  Run Bytes Received By Job
	14883  -  Total Bytes Sent By Job
	5797  -  Total Bytes Received By Job
	Partitionable Resources :    Usage  Request Allocated 
	   Cpus                 :                 1         1 
	   Disk (KB)            :       35       10      3851 
	   GPUs                 :                           0 
	   Memory (MB)          :       96     3000      3000 

	Job terminated of its own accord at 2025-01-28T15:34:27Z with exit-code 0.
...
