000 (11451992.246.000) 01/28 14:31:49 Job submitted from host: <188.185.114.121:9618?addrs=188.185.114.121-9618+[2001-1458-d00-a--100-273]-9618&alias=bigbird19.cern.ch&noUDP&sock=schedd_2045_4743>
...
040 (11451992.246.000) 01/28 14:40:53 Started transferring input files
	Transferring to host: <188.185.193.133:9618?addrs=188.185.193.133-9618+[2001-1458-303-20--100-81]-9618&alias=b9p19p1708.cern.ch&noUDP&sock=slot1_14_2258576_dcbd_62598>
...
040 (11451992.246.000) 01/28 14:40:53 Finished transferring input files
...
001 (11451992.246.000) 01/28 14:40:54 Job executing on host: <188.185.193.133:9618?addrs=188.185.193.133-9618+[2001-1458-303-20--100-81]-9618&alias=b9p19p1708.cern.ch&noUDP&sock=startd_2472259_9e69>
	SlotName: slot1_14@b9p19p1708.cern.ch
	CondorScratchDir = "/pool/condor/dir_3351833"
	Cpus = 1
	Disk = 3023694
	Memory = 3000
...
006 (11451992.246.000) 01/28 14:41:03 Image size of job updated: 1
	0  -  MemoryUsage of job (MB)
	0  -  ResidentSetSize of job (KB)
...
006 (11451992.246.000) 01/28 14:41:33 Image size of job updated: 84316
	3  -  MemoryUsage of job (MB)
	2828  -  ResidentSetSize of job (KB)
...
040 (11451992.246.000) 01/28 14:41:33 Started transferring output files
...
040 (11451992.246.000) 01/28 14:41:33 Finished transferring output files
...
005 (11451992.246.000) 01/28 14:41:33 Job terminated.
	(1) Normal termination (return value 0)
		Usr 0 00:00:13, Sys 0 00:00:00  -  Run Remote Usage
		Usr 0 00:00:00, Sys 0 00:00:00  -  Run Local Usage
		Usr 0 00:00:13, Sys 0 00:00:00  -  Total Remote Usage
		Usr 0 00:00:00, Sys 0 00:00:00  -  Total Local Usage
	14886  -  Run Bytes Sent By Job
	5797  -  Run Bytes Received By Job
	14886  -  Total Bytes Sent By Job
	5797  -  Total Bytes Received By Job
	Partitionable Resources :    Usage  Request Allocated 
	   Cpus                 :        0        1         1 
	   Disk (KB)            :       42       10   3023694 
	   Memory (MB)          :        3     3000      3000 

	Job terminated of its own accord at 2025-01-28T13:41:33Z with exit-code 0.
...
