000 (11451992.288.000) 01/28 14:31:49 Job submitted from host: <188.185.114.121:9618?addrs=188.185.114.121-9618+[2001-1458-d00-a--100-273]-9618&alias=bigbird19.cern.ch&noUDP&sock=schedd_2045_4743>
...
040 (11451992.288.000) 01/28 14:41:20 Started transferring input files
	Transferring to host: <188.185.198.140:9618?addrs=188.185.198.140-9618+[2001-1458-303-25--100-88]-9618&alias=b9p15p5294.cern.ch&noUDP&sock=slot1_18_7308_e5a2_99628>
...
040 (11451992.288.000) 01/28 14:41:20 Finished transferring input files
...
001 (11451992.288.000) 01/28 14:41:21 Job executing on host: <188.185.198.140:9618?addrs=188.185.198.140-9618+[2001-1458-303-25--100-88]-9618&alias=b9p15p5294.cern.ch&noUDP&sock=startd_6006_31e6>
	SlotName: slot1_18@b9p15p5294.cern.ch
	CondorScratchDir = "/pool/condor/dir_142336"
	Cpus = 1
	Disk = 3896
	GPUs = 0
	Memory = 3000
...
006 (11451992.288.000) 01/28 14:41:30 Image size of job updated: 79772
	78  -  MemoryUsage of job (MB)
	79772  -  ResidentSetSize of job (KB)
...
006 (11451992.288.000) 01/28 14:46:31 Image size of job updated: 86900
	85  -  MemoryUsage of job (MB)
	86900  -  ResidentSetSize of job (KB)
...
006 (11451992.288.000) 01/28 14:51:32 Image size of job updated: 89948
	88  -  MemoryUsage of job (MB)
	89948  -  ResidentSetSize of job (KB)
...
006 (11451992.288.000) 01/28 14:56:32 Image size of job updated: 93620
	92  -  MemoryUsage of job (MB)
	93620  -  ResidentSetSize of job (KB)
...
006 (11451992.288.000) 01/28 15:01:32 Image size of job updated: 97204
	95  -  MemoryUsage of job (MB)
	97204  -  ResidentSetSize of job (KB)
...
006 (11451992.288.000) 01/28 15:06:33 Image size of job updated: 100904
	99  -  MemoryUsage of job (MB)
	100904  -  ResidentSetSize of job (KB)
...
006 (11451992.288.000) 01/28 15:11:33 Image size of job updated: 104372
	102  -  MemoryUsage of job (MB)
	104372  -  ResidentSetSize of job (KB)
...
006 (11451992.288.000) 01/28 15:16:33 Image size of job updated: 107508
	105  -  MemoryUsage of job (MB)
	107508  -  ResidentSetSize of job (KB)
...
006 (11451992.288.000) 01/28 15:21:34 Image size of job updated: 111080
	109  -  MemoryUsage of job (MB)
	111080  -  ResidentSetSize of job (KB)
...
006 (11451992.288.000) 01/28 15:26:35 Image size of job updated: 115172
	113  -  MemoryUsage of job (MB)
	115172  -  ResidentSetSize of job (KB)
...
006 (11451992.288.000) 01/28 15:31:36 Image size of job updated: 118572
	116  -  MemoryUsage of job (MB)
	118572  -  ResidentSetSize of job (KB)
...
006 (11451992.288.000) 01/28 15:36:36 Image size of job updated: 121928
	120  -  MemoryUsage of job (MB)
	121928  -  ResidentSetSize of job (KB)
...
006 (11451992.288.000) 01/28 15:41:36 Image size of job updated: 127780
	125  -  MemoryUsage of job (MB)
	127780  -  ResidentSetSize of job (KB)
...
006 (11451992.288.000) 01/28 15:46:37 Image size of job updated: 134156
	132  -  MemoryUsage of job (MB)
	134156  -  ResidentSetSize of job (KB)
...
006 (11451992.288.000) 01/28 15:51:37 Image size of job updated: 141156
	138  -  MemoryUsage of job (MB)
	141156  -  ResidentSetSize of job (KB)
...
006 (11451992.288.000) 01/28 15:56:37 Image size of job updated: 142996
	140  -  MemoryUsage of job (MB)
	142996  -  ResidentSetSize of job (KB)
...
006 (11451992.288.000) 01/28 16:01:38 Image size of job updated: 147292
	144  -  MemoryUsage of job (MB)
	147292  -  ResidentSetSize of job (KB)
...
006 (11451992.288.000) 01/28 16:06:39 Image size of job updated: 151924
	149  -  MemoryUsage of job (MB)
	151924  -  ResidentSetSize of job (KB)
...
006 (11451992.288.000) 01/28 16:11:39 Image size of job updated: 155984
	153  -  MemoryUsage of job (MB)
	155984  -  ResidentSetSize of job (KB)
...
006 (11451992.288.000) 01/28 16:16:40 Image size of job updated: 159012
	156  -  MemoryUsage of job (MB)
	159012  -  ResidentSetSize of job (KB)
...
006 (11451992.288.000) 01/28 16:21:41 Image size of job updated: 162340
	159  -  MemoryUsage of job (MB)
	162340  -  ResidentSetSize of job (KB)
...
006 (11451992.288.000) 01/28 16:26:41 Image size of job updated: 165384
	162  -  MemoryUsage of job (MB)
	165384  -  ResidentSetSize of job (KB)
...
006 (11451992.288.000) 01/28 16:31:41 Image size of job updated: 168392
	165  -  MemoryUsage of job (MB)
	168392  -  ResidentSetSize of job (KB)
...
006 (11451992.288.000) 01/28 16:36:42 Image size of job updated: 171284
	168  -  MemoryUsage of job (MB)
	171284  -  ResidentSetSize of job (KB)
...
006 (11451992.288.000) 01/28 16:41:42 Image size of job updated: 173996
	170  -  MemoryUsage of job (MB)
	173996  -  ResidentSetSize of job (KB)
...
006 (11451992.288.000) 01/28 16:46:42 Image size of job updated: 176164
	173  -  MemoryUsage of job (MB)
	176164  -  ResidentSetSize of job (KB)
...
006 (11451992.288.000) 01/28 16:51:44 Image size of job updated: 178492
	175  -  MemoryUsage of job (MB)
	178492  -  ResidentSetSize of job (KB)
...
006 (11451992.288.000) 01/28 16:56:44 Image size of job updated: 183392
	180  -  MemoryUsage of job (MB)
	183392  -  ResidentSetSize of job (KB)
...
040 (11451992.288.000) 01/28 17:10:17 Started transferring output files
...
040 (11451992.288.000) 01/28 17:10:17 Finished transferring output files
...
005 (11451992.288.000) 01/28 17:10:17 Job terminated.
	(1) Normal termination (return value 0)
		Usr 0 02:17:29, Sys 0 00:00:23  -  Run Remote Usage
		Usr 0 00:00:00, Sys 0 00:00:00  -  Run Local Usage
		Usr 0 02:17:29, Sys 0 00:00:23  -  Total Remote Usage
		Usr 0 00:00:00, Sys 0 00:00:00  -  Total Local Usage
	40692  -  Run Bytes Sent By Job
	5797  -  Run Bytes Received By Job
	40692  -  Total Bytes Sent By Job
	5797  -  Total Bytes Received By Job
	Partitionable Resources :    Usage  Request Allocated 
	   Cpus                 :     0.97        1         1 
	   Disk (KB)            :    69          10      3896 
	   GPUs                 :                           0 
	   Memory (MB)          :   180        3000      3000 

	Job terminated of its own accord at 2025-01-28T16:10:17Z with exit-code 0.
...
