000 (11451992.509.000) 01/28 14:31:49 Job submitted from host: <188.185.114.121:9618?addrs=188.185.114.121-9618+[2001-1458-d00-a--100-273]-9618&alias=bigbird19.cern.ch&noUDP&sock=schedd_2045_4743>
...
040 (11451992.509.000) 01/28 16:41:37 Started transferring input files
	Transferring to host: <188.185.198.110:9618?addrs=188.185.198.110-9618+[2001-1458-303-25--100-6a]-9618&alias=b9p15p1446.cern.ch&noUDP&sock=slot1_15_1425082_f018_172466>
...
040 (11451992.509.000) 01/28 16:41:37 Finished transferring input files
...
001 (11451992.509.000) 01/28 16:41:38 Job executing on host: <188.185.198.110:9618?addrs=188.185.198.110-9618+[2001-1458-303-25--100-6a]-9618&alias=b9p15p1446.cern.ch&noUDP&sock=startd_10658_1479>
	SlotName: slot1_15@b9p15p1446.cern.ch
	CondorScratchDir = "/pool/condor/dir_58273"
	Cpus = 1
	Disk = 2955663
	Memory = 3000
...
006 (11451992.509.000) 01/28 16:41:46 Image size of job updated: 91944
	90  -  MemoryUsage of job (MB)
	91940  -  ResidentSetSize of job (KB)
...
006 (11451992.509.000) 01/28 16:46:46 Image size of job updated: 164252
	161  -  MemoryUsage of job (MB)
	164124  -  ResidentSetSize of job (KB)
...
006 (11451992.509.000) 01/28 16:51:47 Image size of job updated: 235660
	231  -  MemoryUsage of job (MB)
	235532  -  ResidentSetSize of job (KB)
...
006 (11451992.509.000) 01/28 16:56:48 Image size of job updated: 302108
	296  -  MemoryUsage of job (MB)
	302108  -  ResidentSetSize of job (KB)
...
006 (11451992.509.000) 01/28 17:01:48 Image size of job updated: 370564
	362  -  MemoryUsage of job (MB)
	370188  -  ResidentSetSize of job (KB)
...
006 (11451992.509.000) 01/28 17:06:49 Image size of job updated: 439560
	430  -  MemoryUsage of job (MB)
	439560  -  ResidentSetSize of job (KB)
...
006 (11451992.509.000) 01/28 17:11:50 Image size of job updated: 511224
	500  -  MemoryUsage of job (MB)
	511096  -  ResidentSetSize of job (KB)
...
006 (11451992.509.000) 01/28 17:16:50 Image size of job updated: 582120
	569  -  MemoryUsage of job (MB)
	581936  -  ResidentSetSize of job (KB)
...
006 (11451992.509.000) 01/28 17:21:50 Image size of job updated: 655960
	641  -  MemoryUsage of job (MB)
	655704  -  ResidentSetSize of job (KB)
...
006 (11451992.509.000) 01/28 17:26:51 Image size of job updated: 728680
	712  -  MemoryUsage of job (MB)
	728552  -  ResidentSetSize of job (KB)
...
006 (11451992.509.000) 01/28 17:31:51 Image size of job updated: 802644
	784  -  MemoryUsage of job (MB)
	802388  -  ResidentSetSize of job (KB)
...
006 (11451992.509.000) 01/28 17:36:51 Image size of job updated: 873248
	853  -  MemoryUsage of job (MB)
	873248  -  ResidentSetSize of job (KB)
...
006 (11451992.509.000) 01/28 17:41:52 Image size of job updated: 945976
	924  -  MemoryUsage of job (MB)
	945976  -  ResidentSetSize of job (KB)
...
006 (11451992.509.000) 01/28 17:46:53 Image size of job updated: 1476600
	1442  -  MemoryUsage of job (MB)
	1476352  -  ResidentSetSize of job (KB)
...
006 (11451992.509.000) 01/28 17:51:53 Image size of job updated: 1778808
	1738  -  MemoryUsage of job (MB)
	1778808  -  ResidentSetSize of job (KB)
...
006 (11451992.509.000) 01/28 17:56:54 Image size of job updated: 1837764
	1795  -  MemoryUsage of job (MB)
	1837608  -  ResidentSetSize of job (KB)
...
006 (11451992.509.000) 01/28 18:01:55 Image size of job updated: 1898644
	1855  -  MemoryUsage of job (MB)
	1898640  -  ResidentSetSize of job (KB)
...
006 (11451992.509.000) 01/28 18:06:55 Image size of job updated: 1921180
	1877  -  MemoryUsage of job (MB)
	1921140  -  ResidentSetSize of job (KB)
...
006 (11451992.509.000) 01/28 18:11:55 Image size of job updated: 1927928
	1877  -  MemoryUsage of job (MB)
	1921140  -  ResidentSetSize of job (KB)
...
006 (11451992.509.000) 01/28 18:26:56 Image size of job updated: 1931484
	1887  -  MemoryUsage of job (MB)
	1931284  -  ResidentSetSize of job (KB)
...
006 (11451992.509.000) 01/28 18:31:57 Image size of job updated: 1943872
	1891  -  MemoryUsage of job (MB)
	1935628  -  ResidentSetSize of job (KB)
...
006 (11451992.509.000) 01/28 18:36:58 Image size of job updated: 1944124
	1891  -  MemoryUsage of job (MB)
	1935628  -  ResidentSetSize of job (KB)
...
006 (11451992.509.000) 01/28 18:52:00 Image size of job updated: 1948936
	1904  -  MemoryUsage of job (MB)
	1948784  -  ResidentSetSize of job (KB)
...
006 (11451992.509.000) 01/28 18:57:00 Image size of job updated: 1964160
	1918  -  MemoryUsage of job (MB)
	1964000  -  ResidentSetSize of job (KB)
...
006 (11451992.509.000) 01/28 19:02:00 Image size of job updated: 1979720
	1934  -  MemoryUsage of job (MB)
	1979576  -  ResidentSetSize of job (KB)
...
006 (11451992.509.000) 01/28 19:07:01 Image size of job updated: 1994092
	1948  -  MemoryUsage of job (MB)
	1993892  -  ResidentSetSize of job (KB)
...
006 (11451992.509.000) 01/28 19:07:20 Image size of job updated: 2009984
	1948  -  MemoryUsage of job (MB)
	1993892  -  ResidentSetSize of job (KB)
...
040 (11451992.509.000) 01/28 19:07:20 Started transferring output files
...
040 (11451992.509.000) 01/28 19:07:20 Finished transferring output files
...
005 (11451992.509.000) 01/28 19:07:20 Job terminated.
	(1) Normal termination (return value 0)
		Usr 0 02:22:10, Sys 0 00:00:28  -  Run Remote Usage
		Usr 0 00:00:00, Sys 0 00:00:00  -  Run Local Usage
		Usr 0 02:22:10, Sys 0 00:00:28  -  Total Remote Usage
		Usr 0 00:00:00, Sys 0 00:00:00  -  Total Local Usage
	40692  -  Run Bytes Sent By Job
	5797  -  Run Bytes Received By Job
	40692  -  Total Bytes Sent By Job
	5797  -  Total Bytes Received By Job
	Partitionable Resources :    Usage  Request Allocated 
	   Cpus                 :     0.98        1         1 
	   Disk (KB)            :    68          10   2955663 
	   Memory (MB)          :  1948        3000      3000 

	Job terminated of its own accord at 2025-01-28T18:07:20Z with exit-code 0.
...
