000 (11451992.542.000) 01/28 14:31:49 Job submitted from host: <188.185.114.121:9618?addrs=188.185.114.121-9618+[2001-1458-d00-a--100-273]-9618&alias=bigbird19.cern.ch&noUDP&sock=schedd_2045_4743>
...
040 (11451992.542.000) 01/28 16:50:06 Started transferring input files
	Transferring to host: <188.185.215.137:9618?addrs=188.185.215.137-9618+[2001-1458-303-26--100-5]-9618&alias=b9p18p3576.cern.ch&noUDP&sock=slot1_33_1188200_23b7_76277>
...
040 (11451992.542.000) 01/28 16:50:06 Finished transferring input files
...
001 (11451992.542.000) 01/28 16:50:07 Job executing on host: <188.185.215.137:9618?addrs=188.185.215.137-9618+[2001-1458-303-26--100-5]-9618&alias=b9p18p3576.cern.ch&noUDP&sock=startd_7403_6bb4>
	SlotName: slot1_33@b9p18p3576.cern.ch
	CondorScratchDir = "/pool/condor/dir_1028648"
	Cpus = 1
	Disk = 3715
	GPUs = 0
	Memory = 3000
...
006 (11451992.542.000) 01/28 16:50:16 Image size of job updated: 1804
	2  -  MemoryUsage of job (MB)
	1804  -  ResidentSetSize of job (KB)
...
006 (11451992.542.000) 01/28 16:55:17 Image size of job updated: 96776
	95  -  MemoryUsage of job (MB)
	96776  -  ResidentSetSize of job (KB)
...
006 (11451992.542.000) 01/28 17:00:18 Image size of job updated: 100580
	99  -  MemoryUsage of job (MB)
	100580  -  ResidentSetSize of job (KB)
...
006 (11451992.542.000) 01/28 17:05:18 Image size of job updated: 104376
	102  -  MemoryUsage of job (MB)
	104376  -  ResidentSetSize of job (KB)
...
006 (11451992.542.000) 01/28 17:10:18 Image size of job updated: 108612
	107  -  MemoryUsage of job (MB)
	108612  -  ResidentSetSize of job (KB)
...
006 (11451992.542.000) 01/28 17:15:19 Image size of job updated: 112708
	111  -  MemoryUsage of job (MB)
	112708  -  ResidentSetSize of job (KB)
...
006 (11451992.542.000) 01/28 17:20:19 Image size of job updated: 116900
	115  -  MemoryUsage of job (MB)
	116900  -  ResidentSetSize of job (KB)
...
006 (11451992.542.000) 01/28 17:25:19 Image size of job updated: 120788
	118  -  MemoryUsage of job (MB)
	120788  -  ResidentSetSize of job (KB)
...
006 (11451992.542.000) 01/28 17:30:20 Image size of job updated: 124820
	122  -  MemoryUsage of job (MB)
	124820  -  ResidentSetSize of job (KB)
...
006 (11451992.542.000) 01/28 17:35:20 Image size of job updated: 129292
	127  -  MemoryUsage of job (MB)
	129292  -  ResidentSetSize of job (KB)
...
006 (11451992.542.000) 01/28 17:40:20 Image size of job updated: 134392
	132  -  MemoryUsage of job (MB)
	134392  -  ResidentSetSize of job (KB)
...
006 (11451992.542.000) 01/28 17:45:21 Image size of job updated: 144748
	142  -  MemoryUsage of job (MB)
	144748  -  ResidentSetSize of job (KB)
...
006 (11451992.542.000) 01/28 17:50:22 Image size of job updated: 155576
	152  -  MemoryUsage of job (MB)
	155576  -  ResidentSetSize of job (KB)
...
006 (11451992.542.000) 01/28 17:55:22 Image size of job updated: 163140
	160  -  MemoryUsage of job (MB)
	163140  -  ResidentSetSize of job (KB)
...
006 (11451992.542.000) 01/28 18:00:23 Image size of job updated: 168440
	165  -  MemoryUsage of job (MB)
	168440  -  ResidentSetSize of job (KB)
...
006 (11451992.542.000) 01/28 18:05:24 Image size of job updated: 172152
	169  -  MemoryUsage of job (MB)
	172152  -  ResidentSetSize of job (KB)
...
006 (11451992.542.000) 01/28 18:10:24 Image size of job updated: 175900
	172  -  MemoryUsage of job (MB)
	175900  -  ResidentSetSize of job (KB)
...
006 (11451992.542.000) 01/28 18:15:24 Image size of job updated: 179640
	176  -  MemoryUsage of job (MB)
	179640  -  ResidentSetSize of job (KB)
...
006 (11451992.542.000) 01/28 18:20:25 Image size of job updated: 182888
	179  -  MemoryUsage of job (MB)
	182888  -  ResidentSetSize of job (KB)
...
006 (11451992.542.000) 01/28 18:25:25 Image size of job updated: 186044
	182  -  MemoryUsage of job (MB)
	186044  -  ResidentSetSize of job (KB)
...
006 (11451992.542.000) 01/28 18:30:25 Image size of job updated: 188088
	184  -  MemoryUsage of job (MB)
	188088  -  ResidentSetSize of job (KB)
...
006 (11451992.542.000) 01/28 18:35:26 Image size of job updated: 190548
	187  -  MemoryUsage of job (MB)
	190548  -  ResidentSetSize of job (KB)
...
006 (11451992.542.000) 01/28 18:40:27 Image size of job updated: 193856
	190  -  MemoryUsage of job (MB)
	193856  -  ResidentSetSize of job (KB)
...
006 (11451992.542.000) 01/28 18:45:27 Image size of job updated: 196400
	192  -  MemoryUsage of job (MB)
	196400  -  ResidentSetSize of job (KB)
...
040 (11451992.542.000) 01/28 18:45:56 Started transferring output files
...
040 (11451992.542.000) 01/28 18:45:56 Finished transferring output files
...
005 (11451992.542.000) 01/28 18:45:56 Job terminated.
	(1) Normal termination (return value 0)
		Usr 0 01:44:36, Sys 0 00:00:50  -  Run Remote Usage
		Usr 0 00:00:00, Sys 0 00:00:00  -  Run Local Usage
		Usr 0 01:44:36, Sys 0 00:00:50  -  Total Remote Usage
		Usr 0 00:00:00, Sys 0 00:00:00  -  Total Local Usage
	40692  -  Run Bytes Sent By Job
	5797  -  Run Bytes Received By Job
	40692  -  Total Bytes Sent By Job
	5797  -  Total Bytes Received By Job
	Partitionable Resources :    Usage  Request Allocated 
	   Cpus                 :     0.97        1         1 
	   Disk (KB)            :    69          10      3715 
	   GPUs                 :                           0 
	   Memory (MB)          :   192        3000      3000 

	Job terminated of its own accord at 2025-01-28T17:45:56Z with exit-code 0.
...
