CHANNEL_0_1
          cbragg  cbragg_err   credchi  ...  cdelta_n            cL     timestamp
0    1544.729970    0.000103  0.000058  ...  0.000012  7.657201e+06  1.734101e+09
1    1544.729981    0.000102  0.000058  ...  0.000012  7.655652e+06  1.734101e+09
2    1544.729981    0.000111  0.000058  ...  0.000012  7.663713e+06  1.734101e+09
3    1544.730033    0.000102  0.000058  ...  0.000012  7.654961e+06  1.734101e+09
4    1544.729629    0.000105  0.000057  ...  0.000012  7.651388e+06  1.734101e+09
..           ...         ...       ...  ...       ...           ...           ...
501  1544.729850    0.000105  0.000060  ...  0.000012  7.648928e+06  1.734101e+09
502  1544.729904    0.000103  0.000059  ...  0.000012  7.660137e+06  1.734101e+09
503  1544.729873    0.000104  0.000059  ...  0.000012  7.652860e+06  1.734101e+09
504  1544.730075    0.000103  0.000059  ...  0.000012  7.653163e+06  1.734101e+09
505  1544.730138    0.000103  0.000058  ...  0.000012  7.662979e+06  1.734101e+09

[506 rows x 13 columns]
CHANNEL_0_2
          cbragg  cbragg_err   credchi  ...  cdelta_n            cL     timestamp
0    1545.553202    0.000090  0.000014  ...  0.000012  7.750753e+06  1.734101e+09
1    1545.553230    0.000090  0.000014  ...  0.000012  7.717195e+06  1.734101e+09
2    1545.553316    0.000206  0.000064  ...  0.000012  7.198777e+06  1.734101e+09
3    1545.553269    0.000087  0.000013  ...  0.000012  7.709178e+06  1.734101e+09
4    1545.552880    0.000087  0.000013  ...  0.000012  7.753785e+06  1.734101e+09
..           ...         ...       ...  ...       ...           ...           ...
501  1545.553176    0.000091  0.000014  ...  0.000012  7.752772e+06  1.734101e+09
502  1545.553230    0.000091  0.000014  ...  0.000012  7.757090e+06  1.734101e+09
503  1545.553276    0.000126  0.000026  ...  0.000012  7.454677e+06  1.734101e+09
504  1545.553304    0.000092  0.000015  ...  0.000012  7.767257e+06  1.734101e+09
505  1545.553253    0.000092  0.000015  ...  0.000012  7.759499e+06  1.734101e+09

[506 rows x 13 columns]
CHANNEL_0_3
          cbragg  cbragg_err   credchi  ...  cdelta_n            cL     timestamp
0    1546.306944    0.000124  0.000065  ...  0.000012  7.773080e+06  1.734101e+09
1    1546.306967    0.000110  0.000049  ...  0.000012  7.595463e+06  1.734101e+09
2    1546.306985    0.000109  0.000049  ...  0.000012  7.598561e+06  1.734101e+09
3    1546.307072    0.000111  0.000051  ...  0.000012  7.682335e+06  1.734101e+09
4    1546.306393    0.000109  0.000049  ...  0.000012  7.608855e+06  1.734101e+09
..           ...         ...       ...  ...       ...           ...           ...
501  1546.306894    0.000110  0.000049  ...  0.000012  7.603030e+06  1.734101e+09
502  1546.306868    0.000109  0.000048  ...  0.000012  7.599397e+06  1.734101e+09
503  1546.306964    0.000109  0.000049  ...  0.000012  7.602211e+06  1.734101e+09
504  1546.307012    0.000109  0.000049  ...  0.000012  7.600870e+06  1.734101e+09
505  1546.307077    0.000107  0.000047  ...  0.000012  7.604810e+06  1.734101e+09

[506 rows x 13 columns]
CHANNEL_0_4
          cbragg  cbragg_err   credchi  ...  cdelta_n            cL     timestamp
0    1547.106996    0.000110  0.000033  ...  0.000012  7.966787e+06  1.734101e+09
1    1547.106942    0.000109  0.000033  ...  0.000012  7.965620e+06  1.734101e+09
2    1547.107061    0.000107  0.000032  ...  0.000012  7.974834e+06  1.734101e+09
3    1547.107003    0.000109  0.000033  ...  0.000012  7.913235e+06  1.734101e+09
4    1547.106564    0.000110  0.000033  ...  0.000012  7.904418e+06  1.734101e+09
..           ...         ...       ...  ...       ...           ...           ...
501  1547.107144    0.000109  0.000033  ...  0.000012  7.962324e+06  1.734101e+09
502  1547.107110    0.000108  0.000033  ...  0.000012  7.963695e+06  1.734101e+09
503  1547.107116    0.000109  0.000033  ...  0.000012  7.910532e+06  1.734101e+09
504  1547.107101    0.000108  0.000033  ...  0.000012  7.971998e+06  1.734101e+09
505  1547.107185    0.000108  0.000032  ...  0.000012  7.966967e+06  1.734101e+09

[506 rows x 13 columns]
CHANNEL_0_5
          cbragg  cbragg_err   credchi  ...  cdelta_n            cL     timestamp
0    1548.087338    0.000092  0.000041  ...  0.000012  7.795341e+06  1.734101e+09
1    1548.088096    0.000122  0.000075  ...  0.000012  7.939434e+06  1.734101e+09
2    1548.088207    0.000126  0.000079  ...  0.000012  7.942527e+06  1.734101e+09
3    1548.087352    0.000096  0.000046  ...  0.000012  7.880210e+06  1.734101e+09
4    1548.086738    0.000085  0.000034  ...  0.000012  7.722369e+06  1.734101e+09
..           ...         ...       ...  ...       ...           ...           ...
501  1548.087752    0.000111  0.000061  ...  0.000012  7.910484e+06  1.734101e+09
502  1548.087988    0.000118  0.000068  ...  0.000012  7.913677e+06  1.734101e+09
503  1548.087434    0.000085  0.000035  ...  0.000012  7.722407e+06  1.734101e+09
504  1548.088409    0.000129  0.000082  ...  0.000012  7.933659e+06  1.734101e+09
505  1548.087617    0.000120  0.000071  ...  0.000012  7.899283e+06  1.734101e+09

[506 rows x 13 columns]
CHANNEL_0_6
          cbragg  cbragg_err   credchi  ...  cdelta_n            cL     timestamp
0    1549.063854    0.000115  0.000061  ...  0.000012  7.770498e+06  1.734101e+09
1    1549.063817    0.000079  0.000028  ...  0.000012  7.538528e+06  1.734101e+09
2    1549.063894    0.000077  0.000026  ...  0.000012  7.544588e+06  1.734101e+09
3    1549.064014    0.000076  0.000025  ...  0.000012  7.540790e+06  1.734101e+09
4    1549.063375    0.000077  0.000026  ...  0.000012  7.537887e+06  1.734101e+09
..           ...         ...       ...  ...       ...           ...           ...
501  1549.063968    0.000076  0.000026  ...  0.000012  7.542342e+06  1.734101e+09
502  1549.063935    0.000077  0.000026  ...  0.000012  7.540648e+06  1.734101e+09
503  1549.063934    0.000076  0.000026  ...  0.000012  7.542679e+06  1.734101e+09
504  1549.063885    0.000077  0.000026  ...  0.000012  7.547003e+06  1.734101e+09
505  1549.063856    0.000134  0.000083  ...  0.000012  7.842586e+06  1.734101e+09

[506 rows x 13 columns]
CHANNEL_0_7
          cbragg  cbragg_err   credchi  ...  cdelta_n            cL     timestamp
0    1550.066842    0.000128  0.000040  ...  0.000012  7.641229e+06  1.734101e+09
1    1550.066864    0.000128  0.000040  ...  0.000012  7.640173e+06  1.734101e+09
2    1550.066913    0.000130  0.000041  ...  0.000012  7.639011e+06  1.734101e+09
3    1550.066971    0.000129  0.000040  ...  0.000012  7.621221e+06  1.734101e+09
4    1550.066439    0.000128  0.000040  ...  0.000012  7.640976e+06  1.734101e+09
..           ...         ...       ...  ...       ...           ...           ...
501  1550.067009    0.000129  0.000040  ...  0.000012  7.638718e+06  1.734101e+09
502  1550.066842    0.000128  0.000040  ...  0.000012  7.642805e+06  1.734101e+09
503  1550.066883    0.000128  0.000040  ...  0.000012  7.640922e+06  1.734101e+09
504  1550.066937    0.000129  0.000040  ...  0.000012  7.640722e+06  1.734101e+09
505  1550.066910    0.000129  0.000040  ...  0.000012  7.642341e+06  1.734101e+09

[506 rows x 13 columns]
CHANNEL_0_8
          cbragg  cbragg_err   credchi  ...  cdelta_n            cL     timestamp
0    1551.039976    0.000075  0.000017  ...  0.000012  7.592560e+06  1.734101e+09
1    1551.039955    0.000075  0.000017  ...  0.000012  7.595026e+06  1.734101e+09
2    1551.039952    0.000076  0.000017  ...  0.000012  7.576352e+06  1.734101e+09
3    1551.039868    0.000075  0.000017  ...  0.000012  7.588427e+06  1.734101e+09
4    1551.040103    0.000077  0.000018  ...  0.000012  7.620438e+06  1.734101e+09
..           ...         ...       ...  ...       ...           ...           ...
501  1551.040160    0.000081  0.000020  ...  0.000012  7.666897e+06  1.734101e+09
502  1551.040020    0.000075  0.000017  ...  0.000012  7.595497e+06  1.734101e+09
503  1551.040009    0.000077  0.000018  ...  0.000012  7.589286e+06  1.734101e+09
504  1551.039961    0.000076  0.000017  ...  0.000012  7.591926e+06  1.734101e+09
505  1551.039898    0.000077  0.000018  ...  0.000012  7.550491e+06  1.734101e+09

[506 rows x 13 columns]
CHANNEL_0_9
          cbragg  cbragg_err   credchi  ...  cdelta_n            cL     timestamp
0    1552.021920    0.000097  0.000022  ...  0.000012  7.669390e+06  1.734101e+09
1    1552.021861    0.000096  0.000022  ...  0.000012  7.655260e+06  1.734101e+09
2    1552.021932    0.000098  0.000023  ...  0.000012  7.663204e+06  1.734101e+09
3    1552.021963    0.000097  0.000022  ...  0.000012  7.666135e+06  1.734101e+09
4    1552.022090    0.000095  0.000021  ...  0.000012  7.673480e+06  1.734101e+09
..           ...         ...       ...  ...       ...           ...           ...
501  1552.022144    0.000098  0.000022  ...  0.000012  7.665767e+06  1.734101e+09
502  1552.021932    0.000098  0.000023  ...  0.000012  7.665092e+06  1.734101e+09
503  1552.021933    0.000097  0.000022  ...  0.000012  7.673604e+06  1.734101e+09
504  1552.021893    0.000098  0.000022  ...  0.000012  7.669595e+06  1.734101e+09
505  1552.021984    0.000095  0.000021  ...  0.000012  7.669649e+06  1.734101e+09

[506 rows x 13 columns]
CHANNEL_0_10
          cbragg  cbragg_err   credchi  ...  cdelta_n            cL     timestamp
0    1553.027521    0.000087  0.000013  ...  0.000012  7.699279e+06  1.734101e+09
1    1553.027511    0.000085  0.000013  ...  0.000012  7.745357e+06  1.734101e+09
2    1553.027552    0.000088  0.000013  ...  0.000012  7.734141e+06  1.734101e+09
3    1553.027520    0.000086  0.000013  ...  0.000012  7.749254e+06  1.734101e+09
4    1553.027501    0.000085  0.000013  ...  0.000012  7.748884e+06  1.734101e+09
..           ...         ...       ...  ...       ...           ...           ...
501  1553.027716    0.000088  0.000014  ...  0.000012  7.715938e+06  1.734101e+09
502  1553.027485    0.000088  0.000014  ...  0.000012  7.740776e+06  1.734101e+09
503  1553.027572    0.000085  0.000013  ...  0.000012  7.752560e+06  1.734101e+09
504  1553.027526    0.000086  0.000013  ...  0.000012  7.736840e+06  1.734101e+09
505  1553.027522    0.000089  0.000014  ...  0.000012  7.736326e+06  1.734101e+09

[506 rows x 13 columns]
CHANNEL_0_11
          cbragg  cbragg_err   credchi  ...  cdelta_n            cL     timestamp
0    1554.035343    0.000069  0.000009  ...  0.000012  7.709033e+06  1.734101e+09
1    1554.035222    0.000071  0.000010  ...  0.000012  7.719806e+06  1.734101e+09
2    1554.035236    0.000066  0.000008  ...  0.000012  7.717518e+06  1.734101e+09
3    1554.035165    0.000070  0.000009  ...  0.000012  7.700312e+06  1.734101e+09
4    1554.035330    0.000068  0.000009  ...  0.000012  7.720462e+06  1.734101e+09
..           ...         ...       ...  ...       ...           ...           ...
501  1554.035446    0.000069  0.000009  ...  0.000012  7.703710e+06  1.734101e+09
502  1554.035379    0.000069  0.000009  ...  0.000012  7.718963e+06  1.734101e+09
503  1554.035424    0.000070  0.000009  ...  0.000012  7.674709e+06  1.734101e+09
504  1554.035293    0.000069  0.000009  ...  0.000012  7.714732e+06  1.734101e+09
505  1554.035420    0.000067  0.000009  ...  0.000012  7.702919e+06  1.734101e+09

[506 rows x 13 columns]
CHANNEL_0_12
          cbragg  cbragg_err   credchi  ...  cdelta_n            cL     timestamp
0    1555.057009    0.000122  0.000039  ...  0.000012  7.659641e+06  1.734101e+09
1    1555.057061    0.000123  0.000039  ...  0.000012  7.625764e+06  1.734101e+09
2    1555.056918    0.000122  0.000039  ...  0.000012  7.639369e+06  1.734101e+09
3    1555.056880    0.000125  0.000040  ...  0.000012  7.628977e+06  1.734101e+09
4    1555.056982    0.000124  0.000041  ...  0.000012  7.646435e+06  1.734101e+09
..           ...         ...       ...  ...       ...           ...           ...
501  1555.057025    0.000129  0.000043  ...  0.000012  7.626886e+06  1.734101e+09
502  1555.057031    0.000122  0.000039  ...  0.000012  7.632277e+06  1.734101e+09
503  1555.057139    0.000123  0.000039  ...  0.000012  7.629911e+06  1.734101e+09
504  1555.056892    0.000122  0.000039  ...  0.000012  7.678644e+06  1.734101e+09
505  1555.057027    0.000125  0.000041  ...  0.000012  7.577583e+06  1.734101e+09

[506 rows x 13 columns]
CHANNEL_0_13
          cbragg  cbragg_err   credchi  ...  cdelta_n            cL     timestamp
0    1556.037590    0.000139  0.000043  ...  0.000012  7.632508e+06  1.734101e+09
1    1556.037530    0.000141  0.000044  ...  0.000012  7.643418e+06  1.734101e+09
2    1556.037535    0.000143  0.000045  ...  0.000012  7.584514e+06  1.734101e+09
3    1556.037417    0.000139  0.000043  ...  0.000012  7.660483e+06  1.734101e+09
4    1556.037497    0.000141  0.000044  ...  0.000012  7.641970e+06  1.734101e+09
..           ...         ...       ...  ...       ...           ...           ...
501  1556.037848    0.000142  0.000044  ...  0.000012  7.632991e+06  1.734101e+09
502  1556.037671    0.000142  0.000044  ...  0.000012  7.632133e+06  1.734101e+09
503  1556.037655    0.000142  0.000045  ...  0.000012  7.648143e+06  1.734101e+09
504  1556.037676    0.000143  0.000045  ...  0.000012  7.590683e+06  1.734101e+09
505  1556.037637    0.000141  0.000044  ...  0.000012  7.650357e+06  1.734101e+09

[506 rows x 13 columns]
CHANNEL_0_14
          cbragg  cbragg_err   credchi  ...  cdelta_n            cL     timestamp
0    1557.003937    0.000106  0.000032  ...  0.000012  7.897031e+06  1.734101e+09
1    1557.003736    0.000097  0.000026  ...  0.000012  7.783413e+06  1.734101e+09
2    1557.003753    0.000097  0.000026  ...  0.000012  7.784548e+06  1.734101e+09
3    1557.003751    0.000098  0.000027  ...  0.000012  7.777189e+06  1.734101e+09
4    1557.003787    0.000097  0.000026  ...  0.000012  7.779486e+06  1.734101e+09
..           ...         ...       ...  ...       ...           ...           ...
501  1557.003933    0.000096  0.000026  ...  0.000012  7.784597e+06  1.734101e+09
502  1557.003788    0.000096  0.000026  ...  0.000012  7.778301e+06  1.734101e+09
503  1557.003791    0.000097  0.000026  ...  0.000012  7.773960e+06  1.734101e+09
504  1557.003536    0.000143  0.000057  ...  0.000012  7.958279e+06  1.734101e+09
505  1557.003726    0.000097  0.000026  ...  0.000012  7.775730e+06  1.734101e+09

[506 rows x 13 columns]
CHANNEL_1_1
          cbragg  cbragg_err   credchi  ...  cdelta_n            cL     timestamp
0    1556.466853    0.000194  0.000032  ...  0.000012  2.583249e+06  1.734101e+09
1    1556.466493    0.000085  0.000007  ...  0.000012  2.648322e+06  1.734101e+09
2    1556.465193    0.000471  0.000291  ...  0.000012  2.992714e+06  1.734101e+09
3    1556.464871    0.001122  0.002388  ...  0.000012  3.479397e+06  1.734101e+09
4    1556.467299    0.000773  0.000378  ...  0.000012  2.346090e+06  1.734101e+09
..           ...         ...       ...  ...       ...           ...           ...
501  1556.465687    0.001040  0.001959  ...  0.000012  3.413165e+06  1.734101e+09
502  1556.467552    0.000784  0.000348  ...  0.000012  2.326839e+06  1.734101e+09
503  1556.466261    0.000066  0.000004  ...  0.000012  2.693229e+06  1.734101e+09
504  1556.466728    0.000064  0.000004  ...  0.000012  2.680079e+06  1.734101e+09
505  1556.467711    0.000514  0.000183  ...  0.000012  2.439014e+06  1.734101e+09

[506 rows x 13 columns]
CHANNEL_1_2
          cbragg  cbragg_err   credchi  ...  cdelta_n            cL     timestamp
0    1558.215498    0.000480  0.000463  ...  0.000012  3.117134e+06  1.734101e+09
1    1558.215962    0.000429  0.000213  ...  0.000012  2.587270e+06  1.734101e+09
2    1558.216128    0.000945  0.000767  ...  0.000012  2.361699e+06  1.734101e+09
3    1558.215273    0.000924  0.002217  ...  0.000012  3.474361e+06  1.734101e+09
4    1558.215337    0.000352  0.000231  ...  0.000012  3.032927e+06  1.734101e+09
..           ...         ...       ...  ...       ...           ...           ...
501  1558.215293    0.000899  0.000790  ...  0.000012  2.421434e+06  1.734101e+09
502  1558.215890    0.000123  0.000021  ...  0.000012  2.769804e+06  1.734101e+09
503  1558.215418    0.000540  0.000578  ...  0.000012  3.138158e+06  1.734101e+09
504  1558.215469    0.000932  0.000759  ...  0.000012  2.370913e+06  1.734101e+09
505  1558.215758    0.000124  0.000022  ...  0.000012  2.773371e+06  1.734101e+09

[506 rows x 13 columns]
CHANNEL_1_3
          cbragg  cbragg_err   credchi  ...  cdelta_n            cL     timestamp
0    1561.029085    0.000189  0.000066  ...  0.000012  3.053651e+06  1.734101e+09
1    1561.028075    0.000063  0.000006  ...  0.000012  2.891601e+06  1.734101e+09
2    1561.027720    0.000179  0.000057  ...  0.000012  3.038538e+06  1.734101e+09
3    1561.027272    0.000926  0.002415  ...  0.000012  3.638713e+06  1.734101e+09
4    1561.028205    0.000050  0.000004  ...  0.000012  2.938247e+06  1.734101e+09
..           ...         ...       ...  ...       ...           ...           ...
501  1561.028590    0.000606  0.000813  ...  0.000012  3.322913e+06  1.734101e+09
502  1561.028071    0.000685  0.001145  ...  0.000012  3.422943e+06  1.734101e+09
503  1561.027926    0.000045  0.000003  ...  0.000012  2.932908e+06  1.734101e+09
504  1561.028057    0.000423  0.000286  ...  0.000012  2.829629e+06  1.734101e+09
505  1561.027924    0.000438  0.000408  ...  0.000012  3.233993e+06  1.734101e+09

[506 rows x 13 columns]
CHANNEL_2_1
          cbragg  cbragg_err   credchi  ...  cdelta_n            cL     timestamp
0    1543.876647    0.000078  0.000006  ...  0.000012  2.767479e+06  1.734101e+09
1    1543.876622    0.000080  0.000006  ...  0.000012  2.766028e+06  1.734101e+09
2    1543.876907    0.000387  0.000007  ...  0.000012  2.764779e+06  1.734101e+09
3    1543.876963    0.000140  0.000007  ...  0.000012  2.767722e+06  1.734101e+09
4    1543.876387    0.000080  0.000007  ...  0.000012  2.766614e+06  1.734101e+09
..           ...         ...       ...  ...       ...           ...           ...
501  1543.877421    0.000081  0.000007  ...  0.000012  2.766150e+06  1.734101e+09
502  1543.876531    0.000093  0.000007  ...  0.000012  2.766270e+06  1.734101e+09
503  1543.876527    0.000085  0.000007  ...  0.000012  2.769303e+06  1.734101e+09
504  1543.876854    0.000088  0.000007  ...  0.000012  2.768162e+06  1.734101e+09
505  1543.877075    0.000080  0.000007  ...  0.000012  2.765854e+06  1.734101e+09

[506 rows x 13 columns]
CHANNEL_2_2
          cbragg  cbragg_err   credchi  ...  cdelta_n            cL     timestamp
0    1545.937751    0.000145  0.000015  ...  0.000012  2.635913e+06  1.734101e+09
1    1545.937523    0.000127  0.000012  ...  0.000012  2.686943e+06  1.734101e+09
2    1545.936304    0.000629  0.000435  ...  0.000012  3.059444e+06  1.734101e+09
3    1545.937539    0.000127  0.000012  ...  0.000012  2.672308e+06  1.734101e+09
4    1545.936995    0.000135  0.000014  ...  0.000012  2.715035e+06  1.734101e+09
..           ...         ...       ...  ...       ...           ...           ...
501  1545.935922    0.000615  0.000411  ...  0.000012  3.059107e+06  1.734101e+09
502  1545.937722    0.000128  0.000012  ...  0.000012  2.683068e+06  1.734101e+09
503  1545.938250    0.000317  0.000063  ...  0.000012  2.548580e+06  1.734101e+09
504  1545.937476    0.000127  0.000012  ...  0.000012  2.668328e+06  1.734101e+09
505  1545.937496    0.000128  0.000012  ...  0.000012  2.673703e+06  1.734101e+09

[506 rows x 13 columns]
CHANNEL_2_3
          cbragg  cbragg_err   credchi  ...  cdelta_n            cL     timestamp
0    1548.532002    0.000095  0.000009  ...  0.000012  2.880923e+06  1.734101e+09
1    1548.532068    0.000096  0.000009  ...  0.000012  2.904560e+06  1.734101e+09
2    1548.532347    0.000290  0.000095  ...  0.000012  3.034465e+06  1.734101e+09
3    1548.533032    0.000551  0.000413  ...  0.000012  3.262278e+06  1.734101e+09
4    1548.532186    0.000096  0.000009  ...  0.000012  2.888629e+06  1.734101e+09
..           ...         ...       ...  ...       ...           ...           ...
501  1548.532138    0.000114  0.000013  ...  0.000012  2.844895e+06  1.734101e+09
502  1548.531817    0.000260  0.000058  ...  0.000012  2.748399e+06  1.734101e+09
503  1548.532198    0.000091  0.000009  ...  0.000012  2.903266e+06  1.734101e+09
504  1548.531813    0.000213  0.000041  ...  0.000012  2.784027e+06  1.734101e+09
505  1548.532054    0.000095  0.000009  ...  0.000012  2.884019e+06  1.734101e+09

[506 rows x 13 columns]
CHANNEL_3_1
          cbragg  cbragg_err   credchi  ...  cdelta_n            cL     timestamp
0    1544.346533    0.000112  0.000025  ...  0.000012  7.801689e+06  1.734101e+09
1    1544.346436    0.000153  0.000025  ...  0.000012  7.805840e+06  1.734101e+09
2    1544.346443    0.000115  0.000026  ...  0.000012  7.809774e+06  1.734101e+09
3    1544.346469    0.000112  0.000025  ...  0.000012  7.794121e+06  1.734101e+09
4    1544.345941    0.000116  0.000026  ...  0.000012  7.801553e+06  1.734101e+09
..           ...         ...       ...  ...       ...           ...           ...
501  1544.346233    0.000290  0.000026  ...  0.000012  7.797990e+06  1.734101e+09
502  1544.346267    0.000166  0.000025  ...  0.000012  7.796486e+06  1.734101e+09
503  1544.346347    0.000113  0.000025  ...  0.000012  7.804015e+06  1.734101e+09
504  1544.346515    0.000111  0.000024  ...  0.000012  7.809151e+06  1.734101e+09
505  1544.346502    0.000137  0.000025  ...  0.000012  7.814337e+06  1.734101e+09

[506 rows x 13 columns]
CHANNEL_3_2
          cbragg  cbragg_err   credchi  ...  cdelta_n            cL     timestamp
0    1545.241191    0.000114  0.000036  ...  0.000012  7.828003e+06  1.734101e+09
1    1545.241199    0.000157  0.000036  ...  0.000012  7.831221e+06  1.734101e+09
2    1545.241171    0.000120  0.000037  ...  0.000012  7.830208e+06  1.734101e+09
3    1545.241185    0.000141  0.000036  ...  0.000012  7.834515e+06  1.734101e+09
4    1545.240686    0.000235  0.000035  ...  0.000012  7.821383e+06  1.734101e+09
..           ...         ...       ...  ...       ...           ...           ...
501  1545.241076    0.000115  0.000037  ...  0.000012  7.825024e+06  1.734101e+09
502  1545.241195    0.000114  0.000036  ...  0.000012  7.820964e+06  1.734101e+09
503  1545.241243    0.000116  0.000036  ...  0.000012  7.813946e+06  1.734101e+09
504  1545.241199    0.000115  0.000036  ...  0.000012  7.824589e+06  1.734101e+09
505  1545.241245    0.000180  0.000036  ...  0.000012  7.822639e+06  1.734101e+09

[506 rows x 13 columns]
CHANNEL_3_3
          cbragg  cbragg_err   credchi  ...  cdelta_n            cL     timestamp
0    1546.006305    0.000146  0.000068  ...  0.000012  7.813251e+06  1.734101e+09
1    1546.006178    0.000109  0.000037  ...  0.000012  7.616677e+06  1.734101e+09
2    1546.006349    0.000111  0.000039  ...  0.000012  7.621072e+06  1.734101e+09
3    1546.006269    0.000109  0.000038  ...  0.000012  7.615355e+06  1.734101e+09
4    1546.005587    0.000106  0.000035  ...  0.000012  7.629681e+06  1.734101e+09
..           ...         ...       ...  ...       ...           ...           ...
501  1546.006141    0.000111  0.000039  ...  0.000012  7.621592e+06  1.734101e+09
502  1546.006070    0.000106  0.000036  ...  0.000012  7.625038e+06  1.734101e+09
503  1546.006118    0.000109  0.000038  ...  0.000012  7.621935e+06  1.734101e+09
504  1546.006187    0.000108  0.000037  ...  0.000012  7.627356e+06  1.734101e+09
505  1546.006293    0.000130  0.000055  ...  0.000012  7.815866e+06  1.734101e+09

[506 rows x 13 columns]
CHANNEL_3_4
          cbragg  cbragg_err   credchi  ...  cdelta_n            cL     timestamp
0    1546.774494    0.000095  0.000021  ...  0.000012  7.741476e+06  1.734101e+09
1    1546.774441    0.000097  0.000022  ...  0.000012  7.726100e+06  1.734101e+09
2    1546.774582    0.000096  0.000022  ...  0.000012  7.726475e+06  1.734101e+09
3    1546.774552    0.000093  0.000020  ...  0.000012  7.729913e+06  1.734101e+09
4    1546.773814    0.000095  0.000021  ...  0.000012  7.734639e+06  1.734101e+09
..           ...         ...       ...  ...       ...           ...           ...
501  1546.774604    0.000096  0.000022  ...  0.000012  7.734321e+06  1.734101e+09
502  1546.774481    0.000098  0.000022  ...  0.000012  7.722790e+06  1.734101e+09
503  1546.774563    0.000098  0.000023  ...  0.000012  7.722611e+06  1.734101e+09
504  1546.774652    0.000098  0.000023  ...  0.000012  7.731702e+06  1.734101e+09
505  1546.774534    0.000097  0.000022  ...  0.000012  7.729175e+06  1.734101e+09

[506 rows x 13 columns]
CHANNEL_3_5
          cbragg  cbragg_err   credchi  ...  cdelta_n            cL     timestamp
0    1547.798526    0.000078  0.000021  ...  0.000012  7.595618e+06  1.734101e+09
1    1547.798482    0.000079  0.000021  ...  0.000012  7.605412e+06  1.734101e+09
2    1547.798439    0.000080  0.000021  ...  0.000012  7.616228e+06  1.734101e+09
3    1547.798454    0.000077  0.000020  ...  0.000012  7.607720e+06  1.734101e+09
4    1547.797909    0.000077  0.000020  ...  0.000012  7.613382e+06  1.734101e+09
..           ...         ...       ...  ...       ...           ...           ...
501  1547.798531    0.000079  0.000021  ...  0.000012  7.616552e+06  1.734101e+09
502  1547.798513    0.000078  0.000021  ...  0.000012  7.611283e+06  1.734101e+09
503  1547.798575    0.000076  0.000019  ...  0.000012  7.612176e+06  1.734101e+09
504  1547.798485    0.000079  0.000021  ...  0.000012  7.608890e+06  1.734101e+09
505  1547.798444    0.000078  0.000020  ...  0.000012  7.607855e+06  1.734101e+09

[506 rows x 13 columns]
CHANNEL_3_6
          cbragg  cbragg_err   credchi  ...  cdelta_n            cL     timestamp
0    1548.782449    0.000082  0.000016  ...  0.000012  7.783948e+06  1.734101e+09
1    1548.782469    0.000084  0.000016  ...  0.000012  7.767989e+06  1.734101e+09
2    1548.782522    0.000083  0.000016  ...  0.000012  7.786599e+06  1.734101e+09
3    1548.782568    0.000082  0.000016  ...  0.000012  7.775880e+06  1.734101e+09
4    1548.782057    0.000084  0.000017  ...  0.000012  7.789003e+06  1.734101e+09
..           ...         ...       ...  ...       ...           ...           ...
501  1548.782533    0.000083  0.000016  ...  0.000012  7.793695e+06  1.734101e+09
502  1548.782492    0.000083  0.000016  ...  0.000012  7.783755e+06  1.734101e+09
503  1548.782555    0.000085  0.000017  ...  0.000012  7.722093e+06  1.734101e+09
504  1548.782456    0.000082  0.000016  ...  0.000012  7.729865e+06  1.734101e+09
505  1548.782450    0.000083  0.000016  ...  0.000012  7.780890e+06  1.734101e+09

[506 rows x 13 columns]
CHANNEL_3_7
          cbragg  cbragg_err   credchi  ...  cdelta_n            cL     timestamp
0    1549.804608    0.000082  0.000021  ...  0.000012  7.604894e+06  1.734101e+09
1    1549.804637    0.000081  0.000021  ...  0.000012  7.610721e+06  1.734101e+09
2    1549.804737    0.000081  0.000021  ...  0.000012  7.598745e+06  1.734101e+09
3    1549.804675    0.000084  0.000022  ...  0.000012  7.593705e+06  1.734101e+09
4    1549.804233    0.000082  0.000021  ...  0.000012  7.589851e+06  1.734101e+09
..           ...         ...       ...  ...       ...           ...           ...
501  1549.804845    0.000083  0.000022  ...  0.000012  7.590964e+06  1.734101e+09
502  1549.804673    0.000082  0.000021  ...  0.000012  7.595406e+06  1.734101e+09
503  1549.804677    0.000082  0.000021  ...  0.000012  7.602237e+06  1.734101e+09
504  1549.804693    0.000081  0.000021  ...  0.000012  7.607438e+06  1.734101e+09
505  1549.804700    0.000082  0.000021  ...  0.000012  7.600437e+06  1.734101e+09

[506 rows x 13 columns]
CHANNEL_3_8
          cbragg  cbragg_err   credchi  ...  cdelta_n            cL     timestamp
0    1550.754968    0.000088  0.000016  ...  0.000012  7.650573e+06  1.734101e+09
1    1550.755010    0.000090  0.000016  ...  0.000012  7.688013e+06  1.734101e+09
2    1550.754997    0.000088  0.000016  ...  0.000012  7.695218e+06  1.734101e+09
3    1550.754899    0.000090  0.000016  ...  0.000012  7.641587e+06  1.734101e+09
4    1550.755067    0.000090  0.000016  ...  0.000012  7.689272e+06  1.734101e+09
..           ...         ...       ...  ...       ...           ...           ...
501  1550.755074    0.000088  0.000016  ...  0.000012  7.698435e+06  1.734101e+09
502  1550.754964    0.000093  0.000017  ...  0.000012  7.716797e+06  1.734101e+09
503  1550.755042    0.000090  0.000017  ...  0.000012  7.630432e+06  1.734101e+09
504  1550.754950    0.000087  0.000015  ...  0.000012  7.694800e+06  1.734101e+09
505  1550.754894    0.000088  0.000016  ...  0.000012  7.687799e+06  1.734101e+09

[506 rows x 13 columns]
CHANNEL_3_9
          cbragg  cbragg_err   credchi  ...  cdelta_n            cL     timestamp
0    1551.751598    0.000088  0.000017  ...  0.000012  7.700257e+06  1.734101e+09
1    1551.751505    0.000124  0.000031  ...  0.000012  7.413661e+06  1.734101e+09
2    1551.751537    0.000086  0.000016  ...  0.000012  7.723348e+06  1.734101e+09
3    1551.751444    0.000087  0.000016  ...  0.000012  7.724582e+06  1.734101e+09
4    1551.751743    0.000088  0.000016  ...  0.000012  7.693380e+06  1.734101e+09
..           ...         ...       ...  ...       ...           ...           ...
501  1551.751800    0.000087  0.000016  ...  0.000012  7.732624e+06  1.734101e+09
502  1551.751601    0.000087  0.000016  ...  0.000012  7.667454e+06  1.734101e+09
503  1551.751635    0.000088  0.000016  ...  0.000012  7.720280e+06  1.734101e+09
504  1551.751688    0.000086  0.000016  ...  0.000012  7.707416e+06  1.734101e+09
505  1551.751504    0.000085  0.000015  ...  0.000012  7.726099e+06  1.734101e+09

[506 rows x 13 columns]
CHANNEL_3_10
          cbragg  cbragg_err   credchi  ...  cdelta_n            cL     timestamp
0    1552.758448    0.000106  0.000020  ...  0.000012  7.778308e+06  1.734101e+09
1    1552.758479    0.000102  0.000019  ...  0.000012  7.793847e+06  1.734101e+09
2    1552.758494    0.000105  0.000020  ...  0.000012  7.779872e+06  1.734101e+09
3    1552.758671    0.000105  0.000020  ...  0.000012  7.705660e+06  1.734101e+09
4    1552.758592    0.000105  0.000020  ...  0.000012  7.785812e+06  1.734101e+09
..           ...         ...       ...  ...       ...           ...           ...
501  1552.758586    0.000105  0.000020  ...  0.000012  7.722723e+06  1.734101e+09
502  1552.758506    0.000105  0.000020  ...  0.000012  7.779340e+06  1.734101e+09
503  1552.758647    0.000137  0.000032  ...  0.000012  7.480439e+06  1.734101e+09
504  1552.758397    0.000116  0.000024  ...  0.000012  7.611420e+06  1.734101e+09
505  1552.758513    0.000125  0.000027  ...  0.000012  7.537916e+06  1.734101e+09

[506 rows x 13 columns]
CHANNEL_3_11
          cbragg  cbragg_err   credchi  ...  cdelta_n            cL     timestamp
0    1553.721065    0.000141  0.000037  ...  0.000012  7.700164e+06  1.734101e+09
1    1553.721131    0.000129  0.000032  ...  0.000012  7.848182e+06  1.734101e+09
2    1553.720876    0.000133  0.000034  ...  0.000012  7.906537e+06  1.734101e+09
3    1553.720949    0.000130  0.000033  ...  0.000012  7.906768e+06  1.734101e+09
4    1553.721272    0.000129  0.000033  ...  0.000012  7.903518e+06  1.734101e+09
..           ...         ...       ...  ...       ...           ...           ...
501  1553.721176    0.000128  0.000032  ...  0.000012  7.902336e+06  1.734101e+09
502  1553.721120    0.000149  0.000043  ...  0.000012  7.662720e+06  1.734101e+09
503  1553.721017    0.000130  0.000033  ...  0.000012  7.904640e+06  1.734101e+09
504  1553.721018    0.000129  0.000033  ...  0.000012  7.906370e+06  1.734101e+09
505  1553.721030    0.000131  0.000033  ...  0.000012  7.849611e+06  1.734101e+09

[506 rows x 13 columns]
CHANNEL_3_12
          cbragg  cbragg_err   credchi  ...  cdelta_n            cL     timestamp
0    1554.702257    0.000094  0.000021  ...  0.000012  7.869719e+06  1.734101e+09
1    1554.702249    0.000092  0.000020  ...  0.000012  7.860709e+06  1.734101e+09
2    1554.702203    0.000093  0.000020  ...  0.000012  7.868392e+06  1.734101e+09
3    1554.702172    0.000094  0.000021  ...  0.000012  7.865788e+06  1.734101e+09
4    1554.702507    0.000093  0.000020  ...  0.000012  7.873242e+06  1.734101e+09
..           ...         ...       ...  ...       ...           ...           ...
501  1554.702284    0.000095  0.000021  ...  0.000012  7.865463e+06  1.734101e+09
502  1554.702310    0.000094  0.000021  ...  0.000012  7.866368e+06  1.734101e+09
503  1554.702344    0.000094  0.000021  ...  0.000012  7.854632e+06  1.734101e+09
504  1554.702231    0.000093  0.000020  ...  0.000012  7.867141e+06  1.734101e+09
505  1554.702200    0.000094  0.000021  ...  0.000012  7.863759e+06  1.734101e+09

[506 rows x 13 columns]
CHANNEL_3_13
          cbragg  cbragg_err   credchi  ...  cdelta_n            cL     timestamp
0    1555.707454    0.000085  0.000013  ...  0.000012  7.582157e+06  1.734101e+09
1    1555.707325    0.000088  0.000014  ...  0.000012  7.579641e+06  1.734101e+09
2    1555.707233    0.000087  0.000014  ...  0.000012  7.566581e+06  1.734101e+09
3    1555.707251    0.000087  0.000014  ...  0.000012  7.591512e+06  1.734101e+09
4    1555.707498    0.000086  0.000014  ...  0.000012  7.584533e+06  1.734101e+09
..           ...         ...       ...  ...       ...           ...           ...
501  1555.707493    0.000088  0.000014  ...  0.000012  7.587685e+06  1.734101e+09
502  1555.707469    0.000088  0.000014  ...  0.000012  7.572069e+06  1.734101e+09
503  1555.707432    0.000086  0.000014  ...  0.000012  7.569546e+06  1.734101e+09
504  1555.707389    0.000087  0.000014  ...  0.000012  7.579629e+06  1.734101e+09
505  1555.707341    0.000085  0.000013  ...  0.000012  7.568598e+06  1.734101e+09

[506 rows x 13 columns]
CHANNEL_3_14
          cbragg  cbragg_err   credchi  ...  cdelta_n            cL     timestamp
0    1556.663085    0.000194  0.000075  ...  0.000012  7.778621e+06  1.734101e+09
1    1556.663127    0.000192  0.000074  ...  0.000012  7.753770e+06  1.734101e+09
2    1556.663194    0.000198  0.000077  ...  0.000012  7.680460e+06  1.734101e+09
3    1556.663101    0.000194  0.000075  ...  0.000012  7.777096e+06  1.734101e+09
4    1556.663212    0.000197  0.000077  ...  0.000012  7.782761e+06  1.734101e+09
..           ...         ...       ...  ...       ...           ...           ...
501  1556.663203    0.000193  0.000074  ...  0.000012  7.749926e+06  1.734101e+09
502  1556.663186    0.000195  0.000075  ...  0.000012  7.777807e+06  1.734101e+09
503  1556.663177    0.000191  0.000073  ...  0.000012  7.775620e+06  1.734101e+09
504  1556.663167    0.000198  0.000078  ...  0.000012  7.774605e+06  1.734101e+09
505  1556.663094    0.000200  0.000079  ...  0.000012  7.796001e+06  1.734101e+09

[506 rows x 13 columns]
