CHANNEL_0_1
          cbragg  cbragg_err   credchi  ...  cdelta_n            cL     timestamp
0    1544.734453    0.000225  0.000056  ...  0.000012  7.656265e+06  1.734091e+09
1    1544.734450    0.000106  0.000060  ...  0.000012  7.659946e+06  1.734091e+09
2    1544.734538    0.000103  0.000058  ...  0.000012  7.653997e+06  1.734091e+09
3    1544.737293    0.000185  0.000059  ...  0.000012  7.644094e+06  1.734092e+09
4    1544.737255    0.000127  0.000058  ...  0.000012  7.654479e+06  1.734092e+09
..           ...         ...       ...  ...       ...           ...           ...
499  1544.737363    0.000105  0.000058  ...  0.000012  7.649723e+06  1.734092e+09
500  1544.737256    0.000105  0.000059  ...  0.000012  7.652546e+06  1.734092e+09
501  1544.737249    0.000109  0.000059  ...  0.000012  7.651623e+06  1.734092e+09
502  1544.737388    0.000115  0.000059  ...  0.000012  7.643570e+06  1.734092e+09
503  1544.737355    0.000108  0.000058  ...  0.000012  7.658262e+06  1.734092e+09

[504 rows x 13 columns]
CHANNEL_0_2
          cbragg  cbragg_err   credchi  ...  cdelta_n            cL     timestamp
0    1545.558105    0.000097  0.000016  ...  0.000012  7.751247e+06  1.734091e+09
1    1545.557843    0.000091  0.000014  ...  0.000012  7.748604e+06  1.734091e+09
2    1545.557836    0.000087  0.000013  ...  0.000012  7.764861e+06  1.734091e+09
3    1545.560601    0.000090  0.000014  ...  0.000012  7.771640e+06  1.734092e+09
4    1545.560629    0.000096  0.000016  ...  0.000012  7.773339e+06  1.734092e+09
..           ...         ...       ...  ...       ...           ...           ...
499  1545.560847    0.000091  0.000014  ...  0.000012  7.763232e+06  1.734092e+09
500  1545.560816    0.000095  0.000016  ...  0.000012  7.764584e+06  1.734092e+09
501  1545.560698    0.000091  0.000014  ...  0.000012  7.757361e+06  1.734092e+09
502  1545.560622    0.000095  0.000016  ...  0.000012  7.717106e+06  1.734092e+09
503  1545.560663    0.000092  0.000015  ...  0.000012  7.764375e+06  1.734092e+09

[504 rows x 13 columns]
CHANNEL_0_3
          cbragg  cbragg_err   credchi  ...  cdelta_n            cL     timestamp
0    1546.310388    0.000109  0.000047  ...  0.000012  7.596626e+06  1.734091e+09
1    1546.310420    0.000106  0.000046  ...  0.000012  7.611318e+06  1.734091e+09
2    1546.310597    0.000108  0.000047  ...  0.000012  7.612843e+06  1.734091e+09
3    1546.313381    0.000110  0.000049  ...  0.000012  7.597625e+06  1.734092e+09
4    1546.313291    0.000119  0.000059  ...  0.000012  7.763670e+06  1.734092e+09
..           ...         ...       ...  ...       ...           ...           ...
499  1546.313299    0.000108  0.000047  ...  0.000012  7.604426e+06  1.734092e+09
500  1546.313277    0.000110  0.000049  ...  0.000012  7.604146e+06  1.734092e+09
501  1546.313333    0.000112  0.000050  ...  0.000012  7.583382e+06  1.734092e+09
502  1546.313306    0.000109  0.000048  ...  0.000012  7.607383e+06  1.734092e+09
503  1546.313409    0.000109  0.000048  ...  0.000012  7.634782e+06  1.734092e+09

[504 rows x 13 columns]
CHANNEL_0_4
          cbragg  cbragg_err   credchi  ...  cdelta_n            cL     timestamp
0    1547.109774    0.000120  0.000038  ...  0.000012  7.765930e+06  1.734091e+09
1    1547.109721    0.000124  0.000041  ...  0.000012  7.755220e+06  1.734091e+09
2    1547.109631    0.000139  0.000050  ...  0.000012  7.677828e+06  1.734091e+09
3    1547.112111    0.000108  0.000032  ...  0.000012  7.979052e+06  1.734092e+09
4    1547.112088    0.000106  0.000031  ...  0.000012  7.981435e+06  1.734092e+09
..           ...         ...       ...  ...       ...           ...           ...
499  1547.111935    0.000108  0.000032  ...  0.000012  7.946395e+06  1.734092e+09
500  1547.112228    0.000142  0.000053  ...  0.000012  7.651958e+06  1.734092e+09
501  1547.111995    0.000107  0.000032  ...  0.000012  7.972809e+06  1.734092e+09
502  1547.112001    0.000109  0.000033  ...  0.000012  7.973404e+06  1.734092e+09
503  1547.111926    0.000108  0.000032  ...  0.000012  7.985227e+06  1.734092e+09

[504 rows x 13 columns]
CHANNEL_0_5
          cbragg  cbragg_err   credchi  ...  cdelta_n            cL     timestamp
0    1548.090383    0.000085  0.000034  ...  0.000012  7.725190e+06  1.734091e+09
1    1548.090420    0.000088  0.000037  ...  0.000012  7.760450e+06  1.734091e+09
2    1548.090569    0.000087  0.000036  ...  0.000012  7.782184e+06  1.734091e+09
3    1548.092710    0.000087  0.000036  ...  0.000012  7.720109e+06  1.734092e+09
4    1548.092754    0.000086  0.000035  ...  0.000012  7.719789e+06  1.734092e+09
..           ...         ...       ...  ...       ...           ...           ...
499  1548.092724    0.000093  0.000041  ...  0.000012  7.813961e+06  1.734092e+09
500  1548.092569    0.000096  0.000043  ...  0.000012  7.752786e+06  1.734092e+09
501  1548.092621    0.000087  0.000036  ...  0.000012  7.717888e+06  1.734092e+09
502  1548.092646    0.000096  0.000044  ...  0.000012  7.769430e+06  1.734092e+09
503  1548.093158    0.000109  0.000057  ...  0.000012  7.882550e+06  1.734092e+09

[504 rows x 13 columns]
CHANNEL_0_6
          cbragg  cbragg_err   credchi  ...  cdelta_n            cL     timestamp
0    1549.067258    0.000076  0.000025  ...  0.000012  7.549814e+06  1.734091e+09
1    1549.067228    0.000079  0.000027  ...  0.000012  7.549477e+06  1.734091e+09
2    1549.067323    0.000105  0.000048  ...  0.000012  7.669717e+06  1.734091e+09
3    1549.069645    0.000077  0.000026  ...  0.000012  7.538653e+06  1.734092e+09
4    1549.069572    0.000118  0.000065  ...  0.000012  7.823801e+06  1.734092e+09
..           ...         ...       ...  ...       ...           ...           ...
499  1549.069537    0.000078  0.000027  ...  0.000012  7.528364e+06  1.734092e+09
500  1549.069290    0.000165  0.000126  ...  0.000012  7.936410e+06  1.734092e+09
501  1549.069549    0.000079  0.000027  ...  0.000012  7.532762e+06  1.734092e+09
502  1549.069599    0.000078  0.000026  ...  0.000012  7.538683e+06  1.734092e+09
503  1549.069589    0.000076  0.000026  ...  0.000012  7.532051e+06  1.734092e+09

[504 rows x 13 columns]
CHANNEL_0_7
          cbragg  cbragg_err   credchi  ...  cdelta_n            cL     timestamp
0    1550.070381    0.000128  0.000039  ...  0.000012  7.589807e+06  1.734091e+09
1    1550.070456    0.000128  0.000039  ...  0.000012  7.587678e+06  1.734091e+09
2    1550.070468    0.000126  0.000038  ...  0.000012  7.637548e+06  1.734091e+09
3    1550.072613    0.000142  0.000047  ...  0.000012  7.426712e+06  1.734092e+09
4    1550.072606    0.000128  0.000039  ...  0.000012  7.634808e+06  1.734092e+09
..           ...         ...       ...  ...       ...           ...           ...
499  1550.072621    0.000127  0.000038  ...  0.000012  7.638782e+06  1.734092e+09
500  1550.072627    0.000129  0.000040  ...  0.000012  7.634661e+06  1.734092e+09
501  1550.072687    0.000127  0.000039  ...  0.000012  7.585424e+06  1.734092e+09
502  1550.072645    0.000129  0.000040  ...  0.000012  7.633320e+06  1.734092e+09
503  1550.072725    0.000147  0.000050  ...  0.000012  7.416923e+06  1.734092e+09

[504 rows x 13 columns]
CHANNEL_0_8
          cbragg  cbragg_err   credchi  ...  cdelta_n            cL     timestamp
0    1551.047274    0.000076  0.000017  ...  0.000012  7.586182e+06  1.734091e+09
1    1551.047326    0.000075  0.000017  ...  0.000012  7.574895e+06  1.734091e+09
2    1551.047226    0.000075  0.000017  ...  0.000012  7.586823e+06  1.734091e+09
3    1551.048399    0.000075  0.000017  ...  0.000012  7.587165e+06  1.734092e+09
4    1551.048406    0.000075  0.000017  ...  0.000012  7.592281e+06  1.734092e+09
..           ...         ...       ...  ...       ...           ...           ...
499  1551.048281    0.000075  0.000017  ...  0.000012  7.594177e+06  1.734092e+09
500  1551.048393    0.000076  0.000017  ...  0.000012  7.583244e+06  1.734092e+09
501  1551.048347    0.000075  0.000017  ...  0.000012  7.590486e+06  1.734092e+09
502  1551.048340    0.000076  0.000017  ...  0.000012  7.579874e+06  1.734092e+09
503  1551.048381    0.000075  0.000017  ...  0.000012  7.588574e+06  1.734092e+09

[504 rows x 13 columns]
CHANNEL_0_9
          cbragg  cbragg_err   credchi  ...  cdelta_n            cL     timestamp
0    1552.029392    0.000104  0.000024  ...  0.000012  7.509178e+06  1.734091e+09
1    1552.029413    0.000097  0.000022  ...  0.000012  7.666025e+06  1.734091e+09
2    1552.029243    0.000106  0.000025  ...  0.000012  7.489889e+06  1.734091e+09
3    1552.030379    0.000095  0.000021  ...  0.000012  7.669416e+06  1.734092e+09
4    1552.030385    0.000095  0.000021  ...  0.000012  7.664564e+06  1.734092e+09
..           ...         ...       ...  ...       ...           ...           ...
499  1552.030320    0.000096  0.000022  ...  0.000012  7.666007e+06  1.734092e+09
500  1552.030422    0.000096  0.000021  ...  0.000012  7.629205e+06  1.734092e+09
501  1552.030378    0.000096  0.000022  ...  0.000012  7.666105e+06  1.734092e+09
502  1552.030432    0.000097  0.000022  ...  0.000012  7.604256e+06  1.734092e+09
503  1552.030351    0.000093  0.000020  ...  0.000012  7.666888e+06  1.734092e+09

[504 rows x 13 columns]
CHANNEL_0_10
          cbragg  cbragg_err   credchi  ...  cdelta_n            cL     timestamp
0    1553.034894    0.000087  0.000013  ...  0.000012  7.761224e+06  1.734091e+09
1    1553.034948    0.000088  0.000014  ...  0.000012  7.745812e+06  1.734091e+09
2    1553.034913    0.000086  0.000013  ...  0.000012  7.740671e+06  1.734091e+09
3    1553.035915    0.000086  0.000013  ...  0.000012  7.754349e+06  1.734092e+09
4    1553.035873    0.000088  0.000014  ...  0.000012  7.747389e+06  1.734092e+09
..           ...         ...       ...  ...       ...           ...           ...
499  1553.035794    0.000087  0.000013  ...  0.000012  7.697668e+06  1.734092e+09
500  1553.035823    0.000088  0.000014  ...  0.000012  7.739288e+06  1.734092e+09
501  1553.035829    0.000086  0.000013  ...  0.000012  7.757489e+06  1.734092e+09
502  1553.035824    0.000088  0.000014  ...  0.000012  7.744431e+06  1.734092e+09
503  1553.035793    0.000086  0.000013  ...  0.000012  7.712581e+06  1.734092e+09

[504 rows x 13 columns]
CHANNEL_0_11
          cbragg  cbragg_err   credchi  ...  cdelta_n            cL     timestamp
0    1554.042758    0.000068  0.000009  ...  0.000012  7.718137e+06  1.734091e+09
1    1554.042809    0.000067  0.000009  ...  0.000012  7.720771e+06  1.734091e+09
2    1554.042591    0.000069  0.000009  ...  0.000012  7.718043e+06  1.734091e+09
3    1554.043489    0.000070  0.000009  ...  0.000012  7.714268e+06  1.734092e+09
4    1554.043532    0.000068  0.000009  ...  0.000012  7.707499e+06  1.734092e+09
..           ...         ...       ...  ...       ...           ...           ...
499  1554.043441    0.000071  0.000010  ...  0.000012  7.722923e+06  1.734092e+09
500  1554.043571    0.000067  0.000009  ...  0.000012  7.726209e+06  1.734092e+09
501  1554.043439    0.000071  0.000010  ...  0.000012  7.720986e+06  1.734092e+09
502  1554.043641    0.000072  0.000010  ...  0.000012  7.732958e+06  1.734092e+09
503  1554.043593    0.000072  0.000010  ...  0.000012  7.707446e+06  1.734092e+09

[504 rows x 13 columns]
CHANNEL_0_12
          cbragg  cbragg_err   credchi  ...  cdelta_n            cL     timestamp
0    1555.064508    0.000119  0.000037  ...  0.000012  7.637369e+06  1.734091e+09
1    1555.064637    0.000121  0.000038  ...  0.000012  7.624205e+06  1.734091e+09
2    1555.064328    0.000122  0.000038  ...  0.000012  7.620246e+06  1.734091e+09
3    1555.065367    0.000118  0.000036  ...  0.000012  7.590496e+06  1.734092e+09
4    1555.065326    0.000119  0.000037  ...  0.000012  7.621086e+06  1.734092e+09
..           ...         ...       ...  ...       ...           ...           ...
499  1555.065442    0.000120  0.000037  ...  0.000012  7.626780e+06  1.734092e+09
500  1555.065482    0.000124  0.000040  ...  0.000012  7.619760e+06  1.734092e+09
501  1555.065424    0.000119  0.000036  ...  0.000012  7.610429e+06  1.734092e+09
502  1555.065318    0.000121  0.000038  ...  0.000012  7.628621e+06  1.734092e+09
503  1555.065402    0.000119  0.000036  ...  0.000012  7.640268e+06  1.734092e+09

[504 rows x 13 columns]
CHANNEL_0_13
          cbragg  cbragg_err   credchi  ...  cdelta_n            cL     timestamp
0    1556.045067    0.000140  0.000042  ...  0.000012  7.638965e+06  1.734091e+09
1    1556.045035    0.000140  0.000042  ...  0.000012  7.648310e+06  1.734091e+09
2    1556.044975    0.000140  0.000043  ...  0.000012  7.643441e+06  1.734091e+09
3    1556.045985    0.000139  0.000042  ...  0.000012  7.643855e+06  1.734092e+09
4    1556.045927    0.000140  0.000043  ...  0.000012  7.651358e+06  1.734092e+09
..           ...         ...       ...  ...       ...           ...           ...
499  1556.045889    0.000142  0.000044  ...  0.000012  7.635520e+06  1.734092e+09
500  1556.045960    0.000137  0.000041  ...  0.000012  7.643545e+06  1.734092e+09
501  1556.045909    0.000140  0.000043  ...  0.000012  7.647425e+06  1.734092e+09
502  1556.045734    0.000141  0.000043  ...  0.000012  7.654760e+06  1.734092e+09
503  1556.045931    0.000140  0.000043  ...  0.000012  7.647954e+06  1.734092e+09

[504 rows x 13 columns]
CHANNEL_0_14
          cbragg  cbragg_err   credchi  ...  cdelta_n            cL     timestamp
0    1557.011374    0.000099  0.000027  ...  0.000012  7.768951e+06  1.734091e+09
1    1557.011456    0.000097  0.000026  ...  0.000012  7.760608e+06  1.734091e+09
2    1557.011291    0.000097  0.000026  ...  0.000012  7.764784e+06  1.734091e+09
3    1557.012247    0.000098  0.000027  ...  0.000012  7.765816e+06  1.734092e+09
4    1557.012263    0.000098  0.000026  ...  0.000012  7.764619e+06  1.734092e+09
..           ...         ...       ...  ...       ...           ...           ...
499  1557.012262    0.000099  0.000027  ...  0.000012  7.763317e+06  1.734092e+09
500  1557.012272    0.000097  0.000026  ...  0.000012  7.761205e+06  1.734092e+09
501  1557.012255    0.000098  0.000027  ...  0.000012  7.767712e+06  1.734092e+09
502  1557.012243    0.000098  0.000027  ...  0.000012  7.766796e+06  1.734092e+09
503  1557.012232    0.000099  0.000028  ...  0.000012  7.800821e+06  1.734092e+09

[504 rows x 13 columns]
CHANNEL_1_1
          cbragg  cbragg_err   credchi  ...  cdelta_n            cL     timestamp
0    1556.477434    0.001017  0.001938  ...  0.000012  3.434054e+06  1.734091e+09
1    1556.480188    0.000887  0.000478  ...  0.000012  2.334383e+06  1.734091e+09
2    1556.479259    0.000228  0.000043  ...  0.000012  2.564866e+06  1.734091e+09
3    1556.476246    0.000658  0.000644  ...  0.000012  3.135972e+06  1.734092e+09
4    1556.477977    0.000350  0.000094  ...  0.000012  2.512289e+06  1.734092e+09
..           ...         ...       ...  ...       ...           ...           ...
499  1556.478638    0.000395  0.000115  ...  0.000012  2.498960e+06  1.734092e+09
500  1556.477685    0.000063  0.000004  ...  0.000012  2.687418e+06  1.734092e+09
501  1556.478224    0.000299  0.000070  ...  0.000012  2.534244e+06  1.734092e+09
502  1556.477992    0.000241  0.000047  ...  0.000012  2.559613e+06  1.734092e+09
503  1556.477775    0.000074  0.000005  ...  0.000012  2.658740e+06  1.734092e+09

[504 rows x 13 columns]
CHANNEL_1_2
          cbragg  cbragg_err   credchi  ...  cdelta_n            cL     timestamp
0    1558.221976    0.000270  0.000093  ...  0.000012  2.667699e+06  1.734091e+09
1    1558.221543    0.000143  0.000031  ...  0.000012  2.869306e+06  1.734091e+09
2    1558.221884    0.000112  0.000018  ...  0.000012  2.796559e+06  1.734091e+09
3    1558.221892    0.000271  0.000094  ...  0.000012  2.667624e+06  1.734092e+09
4    1558.221278    0.000236  0.000094  ...  0.000012  2.949646e+06  1.734092e+09
..           ...         ...       ...  ...       ...           ...           ...
499  1558.221593    0.000196  0.000059  ...  0.000012  2.867756e+06  1.734092e+09
500  1558.221724    0.000116  0.000020  ...  0.000012  2.809576e+06  1.734092e+09
501  1558.221723    0.000113  0.000019  ...  0.000012  2.791082e+06  1.734092e+09
502  1558.221280    0.000438  0.000372  ...  0.000012  3.087080e+06  1.734092e+09
503  1558.221707    0.000113  0.000019  ...  0.000012  2.796939e+06  1.734092e+09

[504 rows x 13 columns]
CHANNEL_1_3
          cbragg  cbragg_err   credchi  ...  cdelta_n            cL     timestamp
0    1561.035802    0.001050  0.003186  ...  0.000012  3.723342e+06  1.734091e+09
1    1561.035886    0.000836  0.001848  ...  0.000012  3.544793e+06  1.734091e+09
2    1561.035828    0.000739  0.001297  ...  0.000012  3.424806e+06  1.734091e+09
3    1561.035718    0.000408  0.000337  ...  0.000012  3.190303e+06  1.734092e+09
4    1561.035759    0.000044  0.000003  ...  0.000012  2.921988e+06  1.734092e+09
..           ...         ...       ...  ...       ...           ...           ...
499  1561.035512    0.000396  0.000325  ...  0.000012  3.202108e+06  1.734092e+09
500  1561.035533    0.000662  0.000999  ...  0.000012  3.363781e+06  1.734092e+09
501  1561.035474    0.000048  0.000004  ...  0.000012  2.934530e+06  1.734092e+09
502  1561.035684    0.000110  0.000021  ...  0.000012  3.008156e+06  1.734092e+09
503  1561.035569    0.000136  0.000028  ...  0.000012  2.849591e+06  1.734092e+09

[504 rows x 13 columns]
CHANNEL_2_1
          cbragg  cbragg_err   credchi  ...  cdelta_n            cL     timestamp
0    1543.889923    0.000082  0.000006  ...  0.000012  2.771788e+06  1.734091e+09
1    1543.889891    0.000076  0.000006  ...  0.000012  2.772599e+06  1.734091e+09
2    1543.889595    0.000076  0.000006  ...  0.000012  2.771948e+06  1.734091e+09
3    1543.888544    0.000077  0.000006  ...  0.000012  2.770063e+06  1.734092e+09
4    1543.888430    0.000085  0.000006  ...  0.000012  2.769482e+06  1.734092e+09
..           ...         ...       ...  ...       ...           ...           ...
499  1543.888399    0.000079  0.000006  ...  0.000012  2.768993e+06  1.734092e+09
500  1543.888289    0.000087  0.000006  ...  0.000012  2.770120e+06  1.734092e+09
501  1543.888200    0.000181  0.000006  ...  0.000012  2.769137e+06  1.734092e+09
502  1543.888640    0.000099  0.000006  ...  0.000012  2.769842e+06  1.734092e+09
503  1543.888560    0.000079  0.000006  ...  0.000012  2.768978e+06  1.734092e+09

[504 rows x 13 columns]
CHANNEL_2_2
          cbragg  cbragg_err   credchi  ...  cdelta_n            cL     timestamp
0    1545.943873    0.000122  0.000011  ...  0.000012  2.677200e+06  1.734091e+09
1    1545.943968    0.000193  0.000028  ...  0.000012  2.663851e+06  1.734091e+09
2    1545.941917    0.001213  0.002246  ...  0.000012  3.514417e+06  1.734091e+09
3    1545.941903    0.000828  0.000916  ...  0.000012  3.263962e+06  1.734092e+09
4    1545.943936    0.000125  0.000011  ...  0.000012  2.669259e+06  1.734092e+09
..           ...         ...       ...  ...       ...           ...           ...
499  1545.943802    0.000123  0.000011  ...  0.000012  2.688961e+06  1.734092e+09
500  1545.944001    0.000123  0.000011  ...  0.000012  2.679755e+06  1.734092e+09
501  1545.943967    0.000122  0.000011  ...  0.000012  2.678467e+06  1.734092e+09
502  1545.944049    0.000126  0.000012  ...  0.000012  2.680009e+06  1.734092e+09
503  1545.941865    0.000789  0.000759  ...  0.000012  3.197136e+06  1.734092e+09

[504 rows x 13 columns]
CHANNEL_2_3
          cbragg  cbragg_err   credchi  ...  cdelta_n            cL     timestamp
0    1548.539892    0.000101  0.000010  ...  0.000012  2.890745e+06  1.734091e+09
1    1548.540393    0.000734  0.000854  ...  0.000012  3.426829e+06  1.734091e+09
2    1548.539987    0.000100  0.000010  ...  0.000012  2.880523e+06  1.734091e+09
3    1548.539863    0.000099  0.000010  ...  0.000012  2.874508e+06  1.734092e+09
4    1548.540801    0.001013  0.001829  ...  0.000012  3.649719e+06  1.734092e+09
..           ...         ...       ...  ...       ...           ...           ...
499  1548.540040    0.000736  0.000809  ...  0.000012  3.384710e+06  1.734092e+09
500  1548.539834    0.000207  0.000041  ...  0.000012  2.837677e+06  1.734092e+09
501  1548.539518    0.000103  0.000011  ...  0.000012  2.859755e+06  1.734092e+09
502  1548.539658    0.000100  0.000010  ...  0.000012  2.877239e+06  1.734092e+09
503  1548.539679    0.000102  0.000010  ...  0.000012  2.899404e+06  1.734092e+09

[504 rows x 13 columns]
CHANNEL_3_1
          cbragg  cbragg_err   credchi  ...  cdelta_n            cL     timestamp
0    1544.357100    0.000167  0.000024  ...  0.000012  7.817407e+06  1.734091e+09
1    1544.357124    0.000322  0.000023  ...  0.000012  7.822071e+06  1.734091e+09
2    1544.357060    0.000116  0.000024  ...  0.000012  7.817696e+06  1.734091e+09
3    1544.356450    0.000137  0.000024  ...  0.000012  7.806771e+06  1.734092e+09
4    1544.356369    0.000226  0.000025  ...  0.000012  7.806692e+06  1.734092e+09
..           ...         ...       ...  ...       ...           ...           ...
499  1544.356391    0.000263  0.000024  ...  0.000012  7.799841e+06  1.734092e+09
500  1544.356352    0.000114  0.000025  ...  0.000012  7.799648e+06  1.734092e+09
501  1544.356328    0.000143  0.000024  ...  0.000012  7.817409e+06  1.734092e+09
502  1544.356436    0.000115  0.000024  ...  0.000012  7.817571e+06  1.734092e+09
503  1544.356415    0.000123  0.000025  ...  0.000012  7.817428e+06  1.734092e+09

[504 rows x 13 columns]
CHANNEL_3_2
          cbragg  cbragg_err   credchi  ...  cdelta_n            cL     timestamp
0    1545.252010    0.000121  0.000037  ...  0.000012  7.809067e+06  1.734091e+09
1    1545.251944    0.000114  0.000035  ...  0.000012  7.825438e+06  1.734091e+09
2    1545.251828    0.000117  0.000035  ...  0.000012  7.832234e+06  1.734091e+09
3    1545.251305    0.000117  0.000038  ...  0.000012  7.826346e+06  1.734092e+09
4    1545.251341    0.000121  0.000037  ...  0.000012  7.832875e+06  1.734092e+09
..           ...         ...       ...  ...       ...           ...           ...
499  1545.251392    0.000118  0.000038  ...  0.000012  7.805481e+06  1.734092e+09
500  1545.251446    0.000113  0.000035  ...  0.000012  7.833078e+06  1.734092e+09
501  1545.251351    0.000119  0.000038  ...  0.000012  7.816861e+06  1.734092e+09
502  1545.251304    0.000121  0.000038  ...  0.000012  7.828928e+06  1.734092e+09
503  1545.251278    0.000258  0.000037  ...  0.000012  7.807914e+06  1.734092e+09

[504 rows x 13 columns]
CHANNEL_3_3
          cbragg  cbragg_err   credchi  ...  cdelta_n            cL     timestamp
0    1546.015598    0.000106  0.000035  ...  0.000012  7.628391e+06  1.734091e+09
1    1546.015543    0.000108  0.000037  ...  0.000012  7.621243e+06  1.734091e+09
2    1546.015669    0.000108  0.000036  ...  0.000012  7.623529e+06  1.734091e+09
3    1546.015389    0.000109  0.000037  ...  0.000012  7.618107e+06  1.734092e+09
4    1546.015362    0.000108  0.000036  ...  0.000012  7.617503e+06  1.734092e+09
..           ...         ...       ...  ...       ...           ...           ...
499  1546.015624    0.000110  0.000038  ...  0.000012  7.574984e+06  1.734092e+09
500  1546.015461    0.000107  0.000036  ...  0.000012  7.622165e+06  1.734092e+09
501  1546.015418    0.000108  0.000036  ...  0.000012  7.616548e+06  1.734092e+09
502  1546.015442    0.000108  0.000036  ...  0.000012  7.618378e+06  1.734092e+09
503  1546.015558    0.000108  0.000036  ...  0.000012  7.617941e+06  1.734092e+09

[504 rows x 13 columns]
CHANNEL_3_4
          cbragg  cbragg_err   credchi  ...  cdelta_n            cL     timestamp
0    1546.782017    0.000097  0.000022  ...  0.000012  7.714497e+06  1.734091e+09
1    1546.781968    0.000114  0.000029  ...  0.000012  7.510868e+06  1.734091e+09
2    1546.782142    0.000097  0.000022  ...  0.000012  7.731803e+06  1.734091e+09
3    1546.781611    0.000098  0.000022  ...  0.000012  7.671650e+06  1.734092e+09
4    1546.781516    0.000098  0.000022  ...  0.000012  7.725191e+06  1.734092e+09
..           ...         ...       ...  ...       ...           ...           ...
499  1546.781424    0.000097  0.000022  ...  0.000012  7.725288e+06  1.734092e+09
500  1546.781549    0.000097  0.000022  ...  0.000012  7.721758e+06  1.734092e+09
501  1546.781522    0.000097  0.000022  ...  0.000012  7.729330e+06  1.734092e+09
502  1546.781434    0.000095  0.000021  ...  0.000012  7.729282e+06  1.734092e+09
503  1546.781538    0.000116  0.000030  ...  0.000012  7.490892e+06  1.734092e+09

[504 rows x 13 columns]
CHANNEL_3_5
          cbragg  cbragg_err   credchi  ...  cdelta_n            cL     timestamp
0    1547.806040    0.000076  0.000019  ...  0.000012  7.615489e+06  1.734091e+09
1    1547.805893    0.000078  0.000020  ...  0.000012  7.611062e+06  1.734091e+09
2    1547.806110    0.000076  0.000019  ...  0.000012  7.604808e+06  1.734091e+09
3    1547.805622    0.000079  0.000021  ...  0.000012  7.608686e+06  1.734092e+09
4    1547.805577    0.000081  0.000022  ...  0.000012  7.602822e+06  1.734092e+09
..           ...         ...       ...  ...       ...           ...           ...
499  1547.805497    0.000078  0.000020  ...  0.000012  7.617853e+06  1.734092e+09
500  1547.805525    0.000079  0.000021  ...  0.000012  7.598987e+06  1.734092e+09
501  1547.805539    0.000075  0.000019  ...  0.000012  7.616160e+06  1.734092e+09
502  1547.805525    0.000077  0.000020  ...  0.000012  7.606645e+06  1.734092e+09
503  1547.805591    0.000079  0.000021  ...  0.000012  7.606244e+06  1.734092e+09

[504 rows x 13 columns]
CHANNEL_3_6
          cbragg  cbragg_err   credchi  ...  cdelta_n            cL     timestamp
0    1548.790069    0.000082  0.000015  ...  0.000012  7.786782e+06  1.734091e+09
1    1548.789961    0.000082  0.000016  ...  0.000012  7.781919e+06  1.734091e+09
2    1548.790226    0.000083  0.000016  ...  0.000012  7.786934e+06  1.734091e+09
3    1548.789780    0.000082  0.000016  ...  0.000012  7.788981e+06  1.734092e+09
4    1548.789648    0.000083  0.000016  ...  0.000012  7.786607e+06  1.734092e+09
..           ...         ...       ...  ...       ...           ...           ...
499  1548.789659    0.000081  0.000015  ...  0.000012  7.739580e+06  1.734092e+09
500  1548.789639    0.000082  0.000016  ...  0.000012  7.785975e+06  1.734092e+09
501  1548.789647    0.000081  0.000015  ...  0.000012  7.788747e+06  1.734092e+09
502  1548.789649    0.000079  0.000015  ...  0.000012  7.794551e+06  1.734092e+09
503  1548.789645    0.000082  0.000016  ...  0.000012  7.789423e+06  1.734092e+09

[504 rows x 13 columns]
CHANNEL_3_7
          cbragg  cbragg_err   credchi  ...  cdelta_n            cL     timestamp
0    1549.812150    0.000083  0.000021  ...  0.000012  7.596625e+06  1.734091e+09
1    1549.812186    0.000084  0.000022  ...  0.000012  7.590585e+06  1.734091e+09
2    1549.812244    0.000083  0.000021  ...  0.000012  7.607265e+06  1.734091e+09
3    1549.811833    0.000082  0.000021  ...  0.000012  7.594259e+06  1.734092e+09
4    1549.811734    0.000083  0.000021  ...  0.000012  7.597888e+06  1.734092e+09
..           ...         ...       ...  ...       ...           ...           ...
499  1549.811684    0.000080  0.000020  ...  0.000012  7.601960e+06  1.734092e+09
500  1549.811720    0.000080  0.000020  ...  0.000012  7.611364e+06  1.734092e+09
501  1549.811753    0.000083  0.000022  ...  0.000012  7.595806e+06  1.734092e+09
502  1549.811809    0.000084  0.000022  ...  0.000012  7.601651e+06  1.734092e+09
503  1549.811771    0.000082  0.000021  ...  0.000012  7.613781e+06  1.734092e+09

[504 rows x 13 columns]
CHANNEL_3_8
          cbragg  cbragg_err   credchi  ...  cdelta_n            cL     timestamp
0    1550.764047    0.000087  0.000015  ...  0.000012  7.703679e+06  1.734091e+09
1    1550.764014    0.000088  0.000016  ...  0.000012  7.696917e+06  1.734091e+09
2    1550.763970    0.000086  0.000015  ...  0.000012  7.703057e+06  1.734091e+09
3    1550.762890    0.000088  0.000016  ...  0.000012  7.683437e+06  1.734092e+09
4    1550.762895    0.000088  0.000016  ...  0.000012  7.698112e+06  1.734092e+09
..           ...         ...       ...  ...       ...           ...           ...
499  1550.762902    0.000087  0.000015  ...  0.000012  7.696532e+06  1.734092e+09
500  1550.762822    0.000088  0.000015  ...  0.000012  7.651666e+06  1.734092e+09
501  1550.762848    0.000088  0.000016  ...  0.000012  7.687358e+06  1.734092e+09
502  1550.762904    0.000086  0.000015  ...  0.000012  7.699962e+06  1.734092e+09
503  1550.762845    0.000089  0.000016  ...  0.000012  7.646418e+06  1.734092e+09

[504 rows x 13 columns]
CHANNEL_3_9
          cbragg  cbragg_err   credchi  ...  cdelta_n            cL     timestamp
0    1551.760707    0.000089  0.000017  ...  0.000012  7.696720e+06  1.734091e+09
1    1551.760759    0.000086  0.000016  ...  0.000012  7.717489e+06  1.734091e+09
2    1551.760710    0.000088  0.000017  ...  0.000012  7.677973e+06  1.734091e+09
3    1551.759584    0.000108  0.000024  ...  0.000012  7.490674e+06  1.734092e+09
4    1551.759614    0.000091  0.000018  ...  0.000012  7.713648e+06  1.734092e+09
..           ...         ...       ...  ...       ...           ...           ...
499  1551.759602    0.000087  0.000016  ...  0.000012  7.728866e+06  1.734092e+09
500  1551.759601    0.000087  0.000016  ...  0.000012  7.713306e+06  1.734092e+09
501  1551.759549    0.000088  0.000017  ...  0.000012  7.725514e+06  1.734092e+09
502  1551.759712    0.000086  0.000016  ...  0.000012  7.726697e+06  1.734092e+09
503  1551.759683    0.000087  0.000016  ...  0.000012  7.664040e+06  1.734092e+09

[504 rows x 13 columns]
CHANNEL_3_10
          cbragg  cbragg_err   credchi  ...  cdelta_n            cL     timestamp
0    1552.767602    0.000106  0.000020  ...  0.000012  7.784751e+06  1.734091e+09
1    1552.767692    0.000109  0.000021  ...  0.000012  7.754755e+06  1.734091e+09
2    1552.767523    0.000108  0.000020  ...  0.000012  7.752847e+06  1.734091e+09
3    1552.766408    0.000107  0.000020  ...  0.000012  7.769338e+06  1.734092e+09
4    1552.766549    0.000108  0.000021  ...  0.000012  7.762024e+06  1.734092e+09
..           ...         ...       ...  ...       ...           ...           ...
499  1552.766503    0.000172  0.000047  ...  0.000012  7.336669e+06  1.734092e+09
500  1552.766471    0.000105  0.000019  ...  0.000012  7.756818e+06  1.734092e+09
501  1552.766482    0.000107  0.000020  ...  0.000012  7.769084e+06  1.734092e+09
502  1552.766631    0.000107  0.000020  ...  0.000012  7.765957e+06  1.734092e+09
503  1552.766578    0.000108  0.000020  ...  0.000012  7.756359e+06  1.734092e+09

[504 rows x 13 columns]
CHANNEL_3_11
          cbragg  cbragg_err   credchi  ...  cdelta_n            cL     timestamp
0    1553.730360    0.000130  0.000033  ...  0.000012  7.851090e+06  1.734091e+09
1    1553.730409    0.000130  0.000033  ...  0.000012  7.905486e+06  1.734091e+09
2    1553.730319    0.000131  0.000033  ...  0.000012  7.884608e+06  1.734091e+09
3    1553.729135    0.000131  0.000033  ...  0.000012  7.882528e+06  1.734092e+09
4    1553.729025    0.000130  0.000033  ...  0.000012  7.902138e+06  1.734092e+09
..           ...         ...       ...  ...       ...           ...           ...
499  1553.729076    0.000129  0.000033  ...  0.000012  7.888699e+06  1.734092e+09
500  1553.729048    0.000129  0.000032  ...  0.000012  7.861269e+06  1.734092e+09
501  1553.729129    0.000128  0.000032  ...  0.000012  7.894410e+06  1.734092e+09
502  1553.729107    0.000132  0.000034  ...  0.000012  7.899516e+06  1.734092e+09
503  1553.729167    0.000131  0.000033  ...  0.000012  7.881586e+06  1.734092e+09

[504 rows x 13 columns]
CHANNEL_3_12
          cbragg  cbragg_err   credchi  ...  cdelta_n            cL     timestamp
0    1554.711480    0.000136  0.000039  ...  0.000012  7.523189e+06  1.734091e+09
1    1554.711442    0.000096  0.000021  ...  0.000012  7.852472e+06  1.734091e+09
2    1554.711379    0.000095  0.000021  ...  0.000012  7.824212e+06  1.734091e+09
3    1554.710164    0.000096  0.000021  ...  0.000012  7.859247e+06  1.734092e+09
4    1554.710225    0.000095  0.000021  ...  0.000012  7.858616e+06  1.734092e+09
..           ...         ...       ...  ...       ...           ...           ...
499  1554.710207    0.000095  0.000021  ...  0.000012  7.855586e+06  1.734092e+09
500  1554.710235    0.000094  0.000021  ...  0.000012  7.856406e+06  1.734092e+09
501  1554.710236    0.000094  0.000021  ...  0.000012  7.849857e+06  1.734092e+09
502  1554.710251    0.000094  0.000020  ...  0.000012  7.856449e+06  1.734092e+09
503  1554.710205    0.000095  0.000021  ...  0.000012  7.856822e+06  1.734092e+09

[504 rows x 13 columns]
CHANNEL_3_13
          cbragg  cbragg_err   credchi  ...  cdelta_n            cL     timestamp
0    1555.716717    0.000087  0.000014  ...  0.000012  7.574816e+06  1.734091e+09
1    1555.716622    0.000088  0.000014  ...  0.000012  7.578322e+06  1.734091e+09
2    1555.716606    0.000087  0.000014  ...  0.000012  7.567487e+06  1.734091e+09
3    1555.715547    0.000102  0.000018  ...  0.000012  7.385402e+06  1.734092e+09
4    1555.715463    0.000087  0.000014  ...  0.000012  7.532089e+06  1.734092e+09
..           ...         ...       ...  ...       ...           ...           ...
499  1555.715355    0.000086  0.000013  ...  0.000012  7.582381e+06  1.734092e+09
500  1555.715499    0.000085  0.000013  ...  0.000012  7.571005e+06  1.734092e+09
501  1555.715385    0.000086  0.000013  ...  0.000012  7.534210e+06  1.734092e+09
502  1555.715524    0.000088  0.000014  ...  0.000012  7.575445e+06  1.734092e+09
503  1555.715464    0.000087  0.000014  ...  0.000012  7.567527e+06  1.734092e+09

[504 rows x 13 columns]
CHANNEL_3_14
          cbragg  cbragg_err   credchi  ...  cdelta_n            cL     timestamp
0    1556.672341    0.000194  0.000073  ...  0.000012  7.769548e+06  1.734091e+09
1    1556.672352    0.000193  0.000072  ...  0.000012  7.767477e+06  1.734091e+09
2    1556.672231    0.000195  0.000074  ...  0.000012  7.769853e+06  1.734091e+09
3    1556.671067    0.000195  0.000074  ...  0.000012  7.766488e+06  1.734092e+09
4    1556.671090    0.000195  0.000074  ...  0.000012  7.764174e+06  1.734092e+09
..           ...         ...       ...  ...       ...           ...           ...
499  1556.671019    0.000195  0.000075  ...  0.000012  7.771753e+06  1.734092e+09
500  1556.671102    0.000197  0.000076  ...  0.000012  7.768059e+06  1.734092e+09
501  1556.671068    0.000195  0.000074  ...  0.000012  7.765913e+06  1.734092e+09
502  1556.671064    0.000197  0.000076  ...  0.000012  7.770711e+06  1.734092e+09
503  1556.671072    0.000197  0.000076  ...  0.000012  7.763861e+06  1.734092e+09

[504 rows x 13 columns]
