000 (11451992.021.000) 01/28 14:31:48 Job submitted from host: <188.185.114.121:9618?addrs=188.185.114.121-9618+[2001-1458-d00-a--100-273]-9618&alias=bigbird19.cern.ch&noUDP&sock=schedd_2045_4743>
...
040 (11451992.021.000) 01/28 14:36:01 Started transferring input files
	Transferring to host: <188.185.196.64:9618?addrs=188.185.196.64-9618+[2001-1458-303-23--100-3c]-9618&alias=b9p16p7116.cern.ch&noUDP&sock=slot1_14_2064023_ac76_79643>
...
040 (11451992.021.000) 01/28 14:36:01 Finished transferring input files
...
001 (11451992.021.000) 01/28 14:36:02 Job executing on host: <188.185.196.64:9618?addrs=188.185.196.64-9618+[2001-1458-303-23--100-3c]-9618&alias=b9p16p7116.cern.ch&noUDP&sock=startd_5820_9d48>
	SlotName: slot1_14@b9p16p7116.cern.ch
	CondorScratchDir = "/pool/condor/dir_284525"
	Cpus = 1
	Disk = 3872
	GPUs = 0
	Memory = 3000
...
006 (11451992.021.000) 01/28 14:36:10 Image size of job updated: 26324
	26  -  MemoryUsage of job (MB)
	26324  -  ResidentSetSize of job (KB)
...
006 (11451992.021.000) 01/28 14:41:10 Image size of job updated: 157460
	154  -  MemoryUsage of job (MB)
	157460  -  ResidentSetSize of job (KB)
...
006 (11451992.021.000) 01/28 14:46:11 Image size of job updated: 161436
	158  -  MemoryUsage of job (MB)
	161436  -  ResidentSetSize of job (KB)
...
006 (11451992.021.000) 01/28 14:51:11 Image size of job updated: 164488
	161  -  MemoryUsage of job (MB)
	164488  -  ResidentSetSize of job (KB)
...
006 (11451992.021.000) 01/28 14:56:11 Image size of job updated: 167756
	164  -  MemoryUsage of job (MB)
	167756  -  ResidentSetSize of job (KB)
...
006 (11451992.021.000) 01/28 15:01:12 Image size of job updated: 171220
	168  -  MemoryUsage of job (MB)
	171220  -  ResidentSetSize of job (KB)
...
006 (11451992.021.000) 01/28 15:06:13 Image size of job updated: 174284
	171  -  MemoryUsage of job (MB)
	174284  -  ResidentSetSize of job (KB)
...
006 (11451992.021.000) 01/28 15:11:13 Image size of job updated: 177384
	174  -  MemoryUsage of job (MB)
	177384  -  ResidentSetSize of job (KB)
...
006 (11451992.021.000) 01/28 15:16:14 Image size of job updated: 180888
	177  -  MemoryUsage of job (MB)
	180888  -  ResidentSetSize of job (KB)
...
006 (11451992.021.000) 01/28 15:21:15 Image size of job updated: 183752
	180  -  MemoryUsage of job (MB)
	183752  -  ResidentSetSize of job (KB)
...
006 (11451992.021.000) 01/28 15:26:15 Image size of job updated: 186976
	183  -  MemoryUsage of job (MB)
	186976  -  ResidentSetSize of job (KB)
...
006 (11451992.021.000) 01/28 15:31:16 Image size of job updated: 190148
	186  -  MemoryUsage of job (MB)
	190148  -  ResidentSetSize of job (KB)
...
006 (11451992.021.000) 01/28 15:36:17 Image size of job updated: 193124
	189  -  MemoryUsage of job (MB)
	193124  -  ResidentSetSize of job (KB)
...
006 (11451992.021.000) 01/28 15:41:17 Image size of job updated: 196124
	192  -  MemoryUsage of job (MB)
	196124  -  ResidentSetSize of job (KB)
...
006 (11451992.021.000) 01/28 15:46:17 Image size of job updated: 200784
	197  -  MemoryUsage of job (MB)
	200784  -  ResidentSetSize of job (KB)
...
006 (11451992.021.000) 01/28 15:51:18 Image size of job updated: 209408
	205  -  MemoryUsage of job (MB)
	209408  -  ResidentSetSize of job (KB)
...
006 (11451992.021.000) 01/28 15:56:18 Image size of job updated: 216804
	212  -  MemoryUsage of job (MB)
	216804  -  ResidentSetSize of job (KB)
...
006 (11451992.021.000) 01/28 16:01:18 Image size of job updated: 222576
	218  -  MemoryUsage of job (MB)
	222576  -  ResidentSetSize of job (KB)
...
006 (11451992.021.000) 01/28 16:06:19 Image size of job updated: 229052
	224  -  MemoryUsage of job (MB)
	229052  -  ResidentSetSize of job (KB)
...
006 (11451992.021.000) 01/28 16:11:20 Image size of job updated: 232740
	228  -  MemoryUsage of job (MB)
	232740  -  ResidentSetSize of job (KB)
...
006 (11451992.021.000) 01/28 16:16:20 Image size of job updated: 235652
	231  -  MemoryUsage of job (MB)
	235652  -  ResidentSetSize of job (KB)
...
006 (11451992.021.000) 01/28 16:21:21 Image size of job updated: 239156
	234  -  MemoryUsage of job (MB)
	239156  -  ResidentSetSize of job (KB)
...
006 (11451992.021.000) 01/28 16:26:22 Image size of job updated: 242520
	237  -  MemoryUsage of job (MB)
	242520  -  ResidentSetSize of job (KB)
...
006 (11451992.021.000) 01/28 16:31:22 Image size of job updated: 244920
	240  -  MemoryUsage of job (MB)
	244920  -  ResidentSetSize of job (KB)
...
006 (11451992.021.000) 01/28 16:36:22 Image size of job updated: 246952
	242  -  MemoryUsage of job (MB)
	246952  -  ResidentSetSize of job (KB)
...
006 (11451992.021.000) 01/28 16:41:23 Image size of job updated: 249064
	244  -  MemoryUsage of job (MB)
	249064  -  ResidentSetSize of job (KB)
...
006 (11451992.021.000) 01/28 16:46:23 Image size of job updated: 250608
	245  -  MemoryUsage of job (MB)
	250608  -  ResidentSetSize of job (KB)
...
006 (11451992.021.000) 01/28 16:51:23 Image size of job updated: 252680
	247  -  MemoryUsage of job (MB)
	252680  -  ResidentSetSize of job (KB)
...
006 (11451992.021.000) 01/28 16:56:25 Image size of job updated: 254748
	249  -  MemoryUsage of job (MB)
	254748  -  ResidentSetSize of job (KB)
...
006 (11451992.021.000) 01/28 17:01:25 Image size of job updated: 256544
	251  -  MemoryUsage of job (MB)
	256544  -  ResidentSetSize of job (KB)
...
006 (11451992.021.000) 01/28 17:06:25 Image size of job updated: 258180
	253  -  MemoryUsage of job (MB)
	258180  -  ResidentSetSize of job (KB)
...
006 (11451992.021.000) 01/28 17:11:26 Image size of job updated: 260740
	255  -  MemoryUsage of job (MB)
	260740  -  ResidentSetSize of job (KB)
...
006 (11451992.021.000) 01/28 17:16:27 Image size of job updated: 262448
	257  -  MemoryUsage of job (MB)
	262448  -  ResidentSetSize of job (KB)
...
040 (11451992.021.000) 01/28 17:20:00 Started transferring output files
...
040 (11451992.021.000) 01/28 17:20:00 Finished transferring output files
...
005 (11451992.021.000) 01/28 17:20:00 Job terminated.
	(1) Normal termination (return value 0)
		Usr 0 02:28:25, Sys 0 00:00:42  -  Run Remote Usage
		Usr 0 00:00:00, Sys 0 00:00:00  -  Run Local Usage
		Usr 0 02:28:25, Sys 0 00:00:42  -  Total Remote Usage
		Usr 0 00:00:00, Sys 0 00:00:00  -  Total Local Usage
	40692  -  Run Bytes Sent By Job
	5797  -  Run Bytes Received By Job
	40692  -  Total Bytes Sent By Job
	5797  -  Total Bytes Received By Job
	Partitionable Resources :    Usage  Request Allocated 
	   Cpus                 :     0.94        1         1 
	   Disk (KB)            :    68          10      3872 
	   GPUs                 :                           0 
	   Memory (MB)          :   257        3000      3000 

	Job terminated of its own accord at 2025-01-28T16:20:00Z with exit-code 0.
...
