000 (11451992.095.000) 01/28 14:31:49 Job submitted from host: <188.185.114.121:9618?addrs=188.185.114.121-9618+[2001-1458-d00-a--100-273]-9618&alias=bigbird19.cern.ch&noUDP&sock=schedd_2045_4743>
...
040 (11451992.095.000) 01/28 14:36:25 Started transferring input files
	Transferring to host: <188.185.195.61:9618?addrs=188.185.195.61-9618+[2001-1458-303-22--100-39]-9618&alias=b9p17p4356.cern.ch&noUDP&sock=slot1_6_6334_a03b_69020>
...
040 (11451992.095.000) 01/28 14:36:25 Finished transferring input files
...
001 (11451992.095.000) 01/28 14:36:26 Job executing on host: <188.185.195.61:9618?addrs=188.185.195.61-9618+[2001-1458-303-22--100-39]-9618&alias=b9p17p4356.cern.ch&noUDP&sock=startd_4565_c9ed>
	SlotName: slot1_6@b9p17p4356.cern.ch
	CondorScratchDir = "/pool/condor/dir_591254"
	Cpus = 1
	Disk = 3834
	GPUs = 0
	Memory = 3000
...
006 (11451992.095.000) 01/28 14:36:35 Image size of job updated: 11188
	11  -  MemoryUsage of job (MB)
	11188  -  ResidentSetSize of job (KB)
...
006 (11451992.095.000) 01/28 14:40:42 Image size of job updated: 75224
	74  -  MemoryUsage of job (MB)
	75224  -  ResidentSetSize of job (KB)
...
040 (11451992.095.000) 01/28 14:40:42 Started transferring output files
...
040 (11451992.095.000) 01/28 14:40:42 Finished transferring output files
...
005 (11451992.095.000) 01/28 14:40:42 Job terminated.
	(1) Normal termination (return value 0)
		Usr 0 00:00:12, Sys 0 00:00:01  -  Run Remote Usage
		Usr 0 00:00:00, Sys 0 00:00:00  -  Run Local Usage
		Usr 0 00:00:12, Sys 0 00:00:01  -  Total Remote Usage
		Usr 0 00:00:00, Sys 0 00:00:00  -  Total Local Usage
	14880  -  Run Bytes Sent By Job
	5797  -  Run Bytes Received By Job
	14880  -  Total Bytes Sent By Job
	5797  -  Total Bytes Received By Job
	Partitionable Resources :    Usage  Request Allocated 
	   Cpus                 :        0        1         1 
	   Disk (KB)            :       43       10      3834 
	   GPUs                 :                           0 
	   Memory (MB)          :       74     3000      3000 

	Job terminated of its own accord at 2025-01-28T13:40:42Z with exit-code 0.
...
