000 (11451992.121.000) 01/28 14:31:49 Job submitted from host: <188.185.114.121:9618?addrs=188.185.114.121-9618+[2001-1458-d00-a--100-273]-9618&alias=bigbird19.cern.ch&noUDP&sock=schedd_2045_4743>
...
040 (11451992.121.000) 01/28 14:36:33 Started transferring input files
	Transferring to host: <188.185.194.57:9618?addrs=188.185.194.57-9618+[2001-1458-303-21--100-35]-9618&alias=b9p20p9132.cern.ch&noUDP&sock=slot1_36_1333155_0cdd_13703>
...
040 (11451992.121.000) 01/28 14:36:33 Finished transferring input files
...
001 (11451992.121.000) 01/28 14:36:34 Job executing on host: <188.185.194.57:9618?addrs=188.185.194.57-9618+[2001-1458-303-21--100-35]-9618&alias=b9p20p9132.cern.ch&noUDP&sock=startd_8605_e48a>
	SlotName: slot1_36@b9p20p9132.cern.ch
	CondorScratchDir = "/pool/condor/dir_1459872"
	Cpus = 1
	Disk = 3874
	GPUs = 0
	Memory = 3000
...
006 (11451992.121.000) 01/28 14:36:42 Image size of job updated: 14552
	15  -  MemoryUsage of job (MB)
	14552  -  ResidentSetSize of job (KB)
...
006 (11451992.121.000) 01/28 14:41:42 Image size of job updated: 112372
	110  -  MemoryUsage of job (MB)
	112372  -  ResidentSetSize of job (KB)
...
006 (11451992.121.000) 01/28 14:46:43 Image size of job updated: 115892
	114  -  MemoryUsage of job (MB)
	115892  -  ResidentSetSize of job (KB)
...
006 (11451992.121.000) 01/28 14:51:44 Image size of job updated: 118720
	116  -  MemoryUsage of job (MB)
	118720  -  ResidentSetSize of job (KB)
...
006 (11451992.121.000) 01/28 14:56:44 Image size of job updated: 122316
	120  -  MemoryUsage of job (MB)
	122316  -  ResidentSetSize of job (KB)
...
006 (11451992.121.000) 01/28 15:01:45 Image size of job updated: 125712
	123  -  MemoryUsage of job (MB)
	125712  -  ResidentSetSize of job (KB)
...
006 (11451992.121.000) 01/28 15:06:46 Image size of job updated: 128736
	126  -  MemoryUsage of job (MB)
	128736  -  ResidentSetSize of job (KB)
...
006 (11451992.121.000) 01/28 15:11:46 Image size of job updated: 132012
	129  -  MemoryUsage of job (MB)
	132012  -  ResidentSetSize of job (KB)
...
006 (11451992.121.000) 01/28 15:16:46 Image size of job updated: 135708
	133  -  MemoryUsage of job (MB)
	135708  -  ResidentSetSize of job (KB)
...
006 (11451992.121.000) 01/28 15:21:47 Image size of job updated: 138892
	136  -  MemoryUsage of job (MB)
	138892  -  ResidentSetSize of job (KB)
...
006 (11451992.121.000) 01/28 15:26:47 Image size of job updated: 142040
	139  -  MemoryUsage of job (MB)
	142040  -  ResidentSetSize of job (KB)
...
006 (11451992.121.000) 01/28 15:31:47 Image size of job updated: 144988
	142  -  MemoryUsage of job (MB)
	144988  -  ResidentSetSize of job (KB)
...
006 (11451992.121.000) 01/28 15:36:48 Image size of job updated: 154816
	152  -  MemoryUsage of job (MB)
	154816  -  ResidentSetSize of job (KB)
...
006 (11451992.121.000) 01/28 15:41:49 Image size of job updated: 160644
	157  -  MemoryUsage of job (MB)
	160644  -  ResidentSetSize of job (KB)
...
006 (11451992.121.000) 01/28 15:46:49 Image size of job updated: 168336
	165  -  MemoryUsage of job (MB)
	168336  -  ResidentSetSize of job (KB)
...
006 (11451992.121.000) 01/28 15:51:50 Image size of job updated: 175184
	172  -  MemoryUsage of job (MB)
	175184  -  ResidentSetSize of job (KB)
...
006 (11451992.121.000) 01/28 15:56:51 Image size of job updated: 179072
	175  -  MemoryUsage of job (MB)
	179072  -  ResidentSetSize of job (KB)
...
006 (11451992.121.000) 01/28 16:01:51 Image size of job updated: 183468
	180  -  MemoryUsage of job (MB)
	183468  -  ResidentSetSize of job (KB)
...
006 (11451992.121.000) 01/28 16:06:51 Image size of job updated: 188880
	185  -  MemoryUsage of job (MB)
	188880  -  ResidentSetSize of job (KB)
...
006 (11451992.121.000) 01/28 16:11:52 Image size of job updated: 191636
	188  -  MemoryUsage of job (MB)
	191636  -  ResidentSetSize of job (KB)
...
006 (11451992.121.000) 01/28 16:16:52 Image size of job updated: 194432
	190  -  MemoryUsage of job (MB)
	194432  -  ResidentSetSize of job (KB)
...
006 (11451992.121.000) 01/28 16:21:52 Image size of job updated: 196900
	193  -  MemoryUsage of job (MB)
	196900  -  ResidentSetSize of job (KB)
...
006 (11451992.121.000) 01/28 16:26:53 Image size of job updated: 199992
	196  -  MemoryUsage of job (MB)
	199992  -  ResidentSetSize of job (KB)
...
006 (11451992.121.000) 01/28 16:31:54 Image size of job updated: 202668
	198  -  MemoryUsage of job (MB)
	202668  -  ResidentSetSize of job (KB)
...
006 (11451992.121.000) 01/28 16:36:54 Image size of job updated: 205000
	201  -  MemoryUsage of job (MB)
	205000  -  ResidentSetSize of job (KB)
...
006 (11451992.121.000) 01/28 16:41:55 Image size of job updated: 207544
	203  -  MemoryUsage of job (MB)
	207544  -  ResidentSetSize of job (KB)
...
006 (11451992.121.000) 01/28 16:46:56 Image size of job updated: 209712
	205  -  MemoryUsage of job (MB)
	209712  -  ResidentSetSize of job (KB)
...
006 (11451992.121.000) 01/28 16:51:56 Image size of job updated: 211596
	207  -  MemoryUsage of job (MB)
	211596  -  ResidentSetSize of job (KB)
...
006 (11451992.121.000) 01/28 16:56:56 Image size of job updated: 213404
	209  -  MemoryUsage of job (MB)
	213404  -  ResidentSetSize of job (KB)
...
006 (11451992.121.000) 01/28 17:01:57 Image size of job updated: 215148
	211  -  MemoryUsage of job (MB)
	215148  -  ResidentSetSize of job (KB)
...
006 (11451992.121.000) 01/28 17:06:57 Image size of job updated: 216780
	212  -  MemoryUsage of job (MB)
	216780  -  ResidentSetSize of job (KB)
...
006 (11451992.121.000) 01/28 17:11:57 Image size of job updated: 219220
	215  -  MemoryUsage of job (MB)
	219220  -  ResidentSetSize of job (KB)
...
006 (11451992.121.000) 01/28 17:16:59 Image size of job updated: 221036
	216  -  MemoryUsage of job (MB)
	221036  -  ResidentSetSize of job (KB)
...
040 (11451992.121.000) 01/28 17:19:53 Started transferring output files
...
040 (11451992.121.000) 01/28 17:19:53 Finished transferring output files
...
005 (11451992.121.000) 01/28 17:19:53 Job terminated.
	(1) Normal termination (return value 0)
		Usr 0 02:26:32, Sys 0 00:00:38  -  Run Remote Usage
		Usr 0 00:00:00, Sys 0 00:00:00  -  Run Local Usage
		Usr 0 02:26:32, Sys 0 00:00:38  -  Total Remote Usage
		Usr 0 00:00:00, Sys 0 00:00:00  -  Total Local Usage
	40692  -  Run Bytes Sent By Job
	5797  -  Run Bytes Received By Job
	40692  -  Total Bytes Sent By Job
	5797  -  Total Bytes Received By Job
	Partitionable Resources :    Usage  Request Allocated 
	   Cpus                 :     0.98        1         1 
	   Disk (KB)            :    67          10      3874 
	   GPUs                 :                           0 
	   Memory (MB)          :   216        3000      3000 

	Job terminated of its own accord at 2025-01-28T16:19:53Z with exit-code 0.
...
