CHANNEL_0_1
           cbragg  cbragg_err   credchi  ...  cdelta_n            cL     timestamp
0     1544.217255    0.000160  0.000041  ...  0.000012  7.700753e+06  1.737612e+09
1     1544.218139    0.000125  0.000053  ...  0.000012  7.650657e+06  1.737612e+09
2     1544.217208    0.000127  0.000042  ...  0.000012  7.699631e+06  1.737612e+09
3     1544.218193    0.000102  0.000054  ...  0.000012  7.637835e+06  1.737612e+09
4     1544.217289    0.000098  0.000041  ...  0.000012  7.703175e+06  1.737612e+09
...           ...         ...       ...  ...       ...           ...           ...
1587  1544.221987    0.000397  0.000052  ...  0.000012  7.651632e+06  1.737628e+09
1588  1544.221039    0.000105  0.000040  ...  0.000012  7.710158e+06  1.737628e+09
1589  1544.222170    0.000103  0.000054  ...  0.000012  7.649283e+06  1.737628e+09
1590  1544.221014    0.000178  0.000041  ...  0.000012  7.700401e+06  1.737628e+09
1591  1544.222147    0.000192  0.000053  ...  0.000012  7.650819e+06  1.737628e+09

[1592 rows x 13 columns]
CHANNEL_0_2
           cbragg  cbragg_err   credchi  ...  cdelta_n            cL     timestamp
0     1545.171828    0.000082  0.000018  ...  0.000012  7.681452e+06  1.737612e+09
1     1545.171612    0.000195  0.000014  ...  0.000012  7.669641e+06  1.737612e+09
2     1545.171840    0.000091  0.000018  ...  0.000012  7.670029e+06  1.737612e+09
3     1545.171529    0.000108  0.000014  ...  0.000012  7.680953e+06  1.737612e+09
4     1545.171820    0.000097  0.000019  ...  0.000012  7.670363e+06  1.737612e+09
...           ...         ...       ...  ...       ...           ...           ...
1587  1545.175467    0.000087  0.000014  ...  0.000012  7.674286e+06  1.737628e+09
1588  1545.175516    0.000085  0.000018  ...  0.000012  7.683997e+06  1.737628e+09
1589  1545.175666    0.000085  0.000014  ...  0.000012  7.667086e+06  1.737628e+09
1590  1545.175536    0.000080  0.000017  ...  0.000012  7.689948e+06  1.737628e+09
1591  1545.175738    0.000084  0.000014  ...  0.000012  7.680575e+06  1.737628e+09

[1592 rows x 13 columns]
CHANNEL_0_3
           cbragg  cbragg_err   credchi  ...  cdelta_n            cL     timestamp
0     1546.157434    0.000113  0.000049  ...  0.000012  7.655701e+06  1.737612e+09
1     1546.154610    0.000115  0.000049  ...  0.000012  7.645122e+06  1.737612e+09
2     1546.157475    0.000112  0.000048  ...  0.000012  7.647278e+06  1.737612e+09
3     1546.154718    0.000111  0.000046  ...  0.000012  7.618771e+06  1.737612e+09
4     1546.157422    0.000111  0.000047  ...  0.000012  7.646015e+06  1.737612e+09
...           ...         ...       ...  ...       ...           ...           ...
1587  1546.158690    0.000110  0.000045  ...  0.000012  7.600862e+06  1.737628e+09
1588  1546.161315    0.000110  0.000046  ...  0.000012  7.615108e+06  1.737628e+09
1589  1546.158842    0.000110  0.000045  ...  0.000012  7.630004e+06  1.737628e+09
1590  1546.161291    0.000120  0.000056  ...  0.000012  7.789086e+06  1.737628e+09
1591  1546.158882    0.000110  0.000045  ...  0.000012  7.617102e+06  1.737628e+09

[1592 rows x 13 columns]
CHANNEL_0_4
           cbragg  cbragg_err   credchi  ...  cdelta_n            cL     timestamp
0     1547.149483    0.000116  0.000057  ...  0.000012  7.844585e+06  1.737612e+09
1     1547.149683    0.000116  0.000044  ...  0.000012  7.863238e+06  1.737612e+09
2     1547.149500    0.000114  0.000056  ...  0.000012  7.844742e+06  1.737612e+09
3     1547.149664    0.000118  0.000046  ...  0.000012  7.871330e+06  1.737612e+09
4     1547.149542    0.000114  0.000056  ...  0.000012  7.846271e+06  1.737612e+09
...           ...         ...       ...  ...       ...           ...           ...
1587  1547.153828    0.000118  0.000045  ...  0.000012  7.861790e+06  1.737628e+09
1588  1547.153313    0.000152  0.000102  ...  0.000012  8.137246e+06  1.737628e+09
1589  1547.154046    0.000119  0.000046  ...  0.000012  7.852955e+06  1.737628e+09
1590  1547.153354    0.000115  0.000056  ...  0.000012  7.834030e+06  1.737628e+09
1591  1547.153974    0.000119  0.000046  ...  0.000012  7.864058e+06  1.737628e+09

[1592 rows x 13 columns]
CHANNEL_0_5
           cbragg  cbragg_err   credchi  ...  cdelta_n            cL     timestamp
0     1548.123316    0.000094  0.000033  ...  0.000012  7.702934e+06  1.737612e+09
1     1548.126230    0.000094  0.000049  ...  0.000012  7.633237e+06  1.737612e+09
2     1548.123340    0.000095  0.000034  ...  0.000012  7.693953e+06  1.737612e+09
3     1548.126206    0.000092  0.000047  ...  0.000012  7.638571e+06  1.737612e+09
4     1548.123379    0.000095  0.000034  ...  0.000012  7.692663e+06  1.737612e+09
...           ...         ...       ...  ...       ...           ...           ...
1587  1548.130339    0.000091  0.000046  ...  0.000012  7.648442e+06  1.737628e+09
1588  1548.127394    0.000132  0.000064  ...  0.000012  7.851533e+06  1.737628e+09
1589  1548.130393    0.000094  0.000049  ...  0.000012  7.642335e+06  1.737628e+09
1590  1548.127464    0.000095  0.000034  ...  0.000012  7.693839e+06  1.737628e+09
1591  1548.130424    0.000093  0.000048  ...  0.000012  7.642321e+06  1.737628e+09

[1592 rows x 13 columns]
CHANNEL_0_6
           cbragg  cbragg_err   credchi  ...  cdelta_n            cL     timestamp
0     1549.109925    0.000083  0.000046  ...  0.000012  7.464216e+06  1.737612e+09
1     1549.101323    0.000078  0.000024  ...  0.000012  7.567974e+06  1.737612e+09
2     1549.109848    0.000082  0.000044  ...  0.000012  7.470617e+06  1.737612e+09
3     1549.101311    0.000078  0.000024  ...  0.000012  7.542587e+06  1.737612e+09
4     1549.110059    0.000081  0.000044  ...  0.000012  7.463792e+06  1.737612e+09
...           ...         ...       ...  ...       ...           ...           ...
1587  1549.105578    0.000078  0.000024  ...  0.000012  7.530458e+06  1.737628e+09
1588  1549.113966    0.000082  0.000044  ...  0.000012  7.477714e+06  1.737628e+09
1589  1549.105606    0.000078  0.000024  ...  0.000012  7.545262e+06  1.737628e+09
1590  1549.113990    0.000083  0.000045  ...  0.000012  7.459928e+06  1.737628e+09
1591  1549.105643    0.000077  0.000023  ...  0.000012  7.523855e+06  1.737628e+09

[1592 rows x 13 columns]
CHANNEL_0_7
           cbragg  cbragg_err   credchi  ...  cdelta_n            cL     timestamp
0     1550.105393    0.000121  0.000044  ...  0.000012  7.619355e+06  1.737612e+09
1     1550.109417    0.000119  0.000047  ...  0.000012  7.633846e+06  1.737612e+09
2     1550.105424    0.000120  0.000044  ...  0.000012  7.628600e+06  1.737612e+09
3     1550.109432    0.000119  0.000048  ...  0.000012  7.628307e+06  1.737612e+09
4     1550.105549    0.000121  0.000044  ...  0.000012  7.625762e+06  1.737612e+09
...           ...         ...       ...  ...       ...           ...           ...
1587  1550.113590    0.000117  0.000046  ...  0.000012  7.646183e+06  1.737628e+09
1588  1550.109484    0.000120  0.000043  ...  0.000012  7.629408e+06  1.737628e+09
1589  1550.113649    0.000119  0.000048  ...  0.000012  7.633912e+06  1.737628e+09
1590  1550.109434    0.000120  0.000043  ...  0.000012  7.624603e+06  1.737628e+09
1591  1550.113650    0.000118  0.000047  ...  0.000012  7.637818e+06  1.737628e+09

[1592 rows x 13 columns]
CHANNEL_0_8
           cbragg  cbragg_err   credchi  ...  cdelta_n            cL     timestamp
0     1551.085999    0.000071  0.000015  ...  0.000012  7.618131e+06  1.737612e+09
1     1551.085659    0.000073  0.000019  ...  0.000012  7.594778e+06  1.737612e+09
2     1551.086025    0.000074  0.000016  ...  0.000012  7.612291e+06  1.737612e+09
3     1551.085747    0.000072  0.000018  ...  0.000012  7.592984e+06  1.737612e+09
4     1551.086011    0.000074  0.000017  ...  0.000012  7.608333e+06  1.737612e+09
...           ...         ...       ...  ...       ...           ...           ...
1587  1551.089695    0.000072  0.000018  ...  0.000012  7.600508e+06  1.737628e+09
1588  1551.090067    0.000071  0.000015  ...  0.000012  7.611843e+06  1.737628e+09
1589  1551.089786    0.000071  0.000018  ...  0.000012  7.599643e+06  1.737628e+09
1590  1551.090102    0.000073  0.000016  ...  0.000012  7.614285e+06  1.737628e+09
1591  1551.089922    0.000072  0.000018  ...  0.000012  7.595078e+06  1.737628e+09

[1592 rows x 13 columns]
CHANNEL_0_9
           cbragg  cbragg_err   credchi  ...  cdelta_n            cL     timestamp
0     1552.071217    0.000087  0.000025  ...  0.000012  7.680458e+06  1.737612e+09
1     1552.066405    0.000088  0.000018  ...  0.000012  7.696760e+06  1.737612e+09
2     1552.071353    0.000085  0.000024  ...  0.000012  7.692896e+06  1.737612e+09
3     1552.066521    0.000089  0.000018  ...  0.000012  7.695294e+06  1.737612e+09
4     1552.071421    0.000085  0.000024  ...  0.000012  7.684128e+06  1.737612e+09
...           ...         ...       ...  ...       ...           ...           ...
1587  1552.070402    0.000089  0.000018  ...  0.000012  7.706776e+06  1.737628e+09
1588  1552.075328    0.000087  0.000025  ...  0.000012  7.682489e+06  1.737628e+09
1589  1552.070487    0.000103  0.000023  ...  0.000012  7.512073e+06  1.737628e+09
1590  1552.075367    0.000090  0.000028  ...  0.000012  7.777567e+06  1.737628e+09
1591  1552.070552    0.000105  0.000024  ...  0.000012  7.495369e+06  1.737628e+09

[1592 rows x 13 columns]
CHANNEL_0_10
           cbragg  cbragg_err   credchi  ...  cdelta_n            cL     timestamp
0     1553.072309    0.000094  0.000019  ...  0.000012  7.707436e+06  1.737612e+09
1     1553.075204    0.000093  0.000021  ...  0.000012  7.712660e+06  1.737612e+09
2     1553.072289    0.000093  0.000019  ...  0.000012  7.704201e+06  1.737612e+09
3     1553.075232    0.000093  0.000021  ...  0.000012  7.708043e+06  1.737612e+09
4     1553.072408    0.000090  0.000018  ...  0.000012  7.712927e+06  1.737612e+09
...           ...         ...       ...  ...       ...           ...           ...
1587  1553.079142    0.000090  0.000020  ...  0.000012  7.718015e+06  1.737628e+09
1588  1553.076314    0.000089  0.000017  ...  0.000012  7.711459e+06  1.737628e+09
1589  1553.079229    0.000092  0.000021  ...  0.000012  7.715324e+06  1.737628e+09
1590  1553.076310    0.000092  0.000019  ...  0.000012  7.714243e+06  1.737628e+09
1591  1553.079396    0.000092  0.000021  ...  0.000012  7.715425e+06  1.737628e+09

[1592 rows x 13 columns]
CHANNEL_0_11
           cbragg  cbragg_err   credchi  ...  cdelta_n            cL     timestamp
0     1554.086639    0.000069  0.000012  ...  0.000012  7.613545e+06  1.737612e+09
1     1554.079666    0.000079  0.000011  ...  0.000012  7.644214e+06  1.737612e+09
2     1554.086705    0.000071  0.000013  ...  0.000012  7.652612e+06  1.737612e+09
3     1554.079618    0.000075  0.000010  ...  0.000012  7.642484e+06  1.737612e+09
4     1554.086749    0.000072  0.000013  ...  0.000012  7.648377e+06  1.737612e+09
...           ...         ...       ...  ...       ...           ...           ...
1587  1554.083592    0.000074  0.000010  ...  0.000012  7.624570e+06  1.737628e+09
1588  1554.090736    0.000069  0.000012  ...  0.000012  7.636360e+06  1.737628e+09
1589  1554.083801    0.000073  0.000010  ...  0.000012  7.648632e+06  1.737628e+09
1590  1554.090744    0.000071  0.000013  ...  0.000012  7.635255e+06  1.737628e+09
1591  1554.083838    0.000073  0.000010  ...  0.000012  7.641253e+06  1.737628e+09

[1592 rows x 13 columns]
CHANNEL_0_12
           cbragg  cbragg_err   credchi  ...  cdelta_n            cL     timestamp
0     1555.108307    0.000112  0.000052  ...  0.000012  7.523346e+06  1.737612e+09
1     1555.106120    0.000117  0.000043  ...  0.000012  7.544007e+06  1.737612e+09
2     1555.108196    0.000153  0.000096  ...  0.000012  7.677290e+06  1.737612e+09
3     1555.106000    0.000116  0.000042  ...  0.000012  7.528683e+06  1.737612e+09
4     1555.108202    0.000113  0.000053  ...  0.000012  7.556692e+06  1.737612e+09
...           ...         ...       ...  ...       ...           ...           ...
1587  1555.110055    0.000143  0.000067  ...  0.000012  7.802746e+06  1.737628e+09
1588  1555.112243    0.000111  0.000050  ...  0.000012  7.527602e+06  1.737628e+09
1589  1555.110097    0.000114  0.000040  ...  0.000012  7.539942e+06  1.737628e+09
1590  1555.112200    0.000111  0.000050  ...  0.000012  7.519585e+06  1.737628e+09
1591  1555.110194    0.000112  0.000039  ...  0.000012  7.543644e+06  1.737628e+09

[1592 rows x 13 columns]
CHANNEL_0_13
           cbragg  cbragg_err   credchi  ...  cdelta_n            cL     timestamp
0     1556.081573    0.000142  0.000036  ...  0.000012  7.690707e+06  1.737612e+09
1     1556.081829    0.000139  0.000045  ...  0.000012  7.646187e+06  1.737612e+09
2     1556.081704    0.000137  0.000033  ...  0.000012  7.628675e+06  1.737612e+09
3     1556.081922    0.000140  0.000046  ...  0.000012  7.605673e+06  1.737612e+09
4     1556.081773    0.000146  0.000038  ...  0.000012  7.664696e+06  1.737612e+09
...           ...         ...       ...  ...       ...           ...           ...
1587  1556.085941    0.000137  0.000044  ...  0.000012  7.640706e+06  1.737628e+09
1588  1556.085733    0.000145  0.000037  ...  0.000012  7.677554e+06  1.737628e+09
1589  1556.085960    0.000137  0.000044  ...  0.000012  7.647008e+06  1.737628e+09
1590  1556.085838    0.000139  0.000034  ...  0.000012  7.693285e+06  1.737628e+09
1591  1556.085991    0.000135  0.000042  ...  0.000012  7.642259e+06  1.737628e+09

[1592 rows x 13 columns]
CHANNEL_0_14
           cbragg  cbragg_err   credchi  ...  cdelta_n            cL     timestamp
0     1557.056260    0.000096  0.000042  ...  0.000012  7.643902e+06  1.737612e+09
1     1557.048703    0.000093  0.000021  ...  0.000012  7.723811e+06  1.737612e+09
2     1557.056254    0.000110  0.000056  ...  0.000012  7.790317e+06  1.737612e+09
3     1557.048675    0.000093  0.000021  ...  0.000012  7.716337e+06  1.737612e+09
4     1557.056210    0.000114  0.000060  ...  0.000012  7.827450e+06  1.737612e+09
...           ...         ...       ...  ...       ...           ...           ...
1587  1557.052753    0.000092  0.000021  ...  0.000012  7.724074e+06  1.737628e+09
1588  1557.060278    0.000152  0.000111  ...  0.000012  8.016686e+06  1.737628e+09
1589  1557.052868    0.000093  0.000021  ...  0.000012  7.721069e+06  1.737628e+09
1590  1557.060334    0.000096  0.000042  ...  0.000012  7.646787e+06  1.737628e+09
1591  1557.052968    0.000092  0.000020  ...  0.000012  7.719540e+06  1.737628e+09

[1592 rows x 13 columns]
CHANNEL_1_1
           cbragg  cbragg_err   credchi  ...  cdelta_n            cL     timestamp
0     1555.117469    0.000582  0.000177  ...  0.000012  2.347514e+06  1.737612e+09
1     1555.120113    0.000130  0.000013  ...  0.000012  2.567939e+06  1.737612e+09
2     1555.116673    0.000622  0.000438  ...  0.000012  3.007504e+06  1.737612e+09
3     1555.120066    0.000116  0.000010  ...  0.000012  2.578230e+06  1.737612e+09
4     1555.116049    0.001045  0.001606  ...  0.000012  3.335364e+06  1.737612e+09
...           ...         ...       ...  ...       ...           ...           ...
1587  1555.123786    0.000183  0.000029  ...  0.000012  2.695367e+06  1.737628e+09
1588  1555.120651    0.000101  0.000008  ...  0.000012  2.656777e+06  1.737628e+09
1589  1555.124043    0.000451  0.000124  ...  0.000012  2.400533e+06  1.737628e+09
1590  1555.121065    0.000279  0.000049  ...  0.000012  2.478121e+06  1.737628e+09
1591  1555.124065    0.000273  0.000051  ...  0.000012  2.489143e+06  1.737628e+09

[1592 rows x 13 columns]
CHANNEL_1_2
           cbragg  cbragg_err   credchi  ...  cdelta_n            cL     timestamp
0     1558.266137    0.000114  0.000019  ...  0.000012  2.803730e+06  1.737612e+09
1     1558.268933    0.000107  0.000016  ...  0.000012  2.815870e+06  1.737612e+09
2     1558.266197    0.000117  0.000019  ...  0.000012  2.781968e+06  1.737612e+09
3     1558.268306    0.000386  0.000270  ...  0.000012  3.056296e+06  1.737612e+09
4     1558.264811    0.000941  0.002254  ...  0.000012  3.479755e+06  1.737612e+09
...           ...         ...       ...  ...       ...           ...           ...
1587  1558.273101    0.000117  0.000019  ...  0.000012  2.806762e+06  1.737628e+09
1588  1558.271154    0.000797  0.000602  ...  0.000012  2.433374e+06  1.737628e+09
1589  1558.273243    0.000139  0.000026  ...  0.000012  2.751002e+06  1.737628e+09
1590  1558.268629    0.001045  0.002778  ...  0.000012  3.528200e+06  1.737628e+09
1591  1558.271353    0.001276  0.004580  ...  0.000012  3.740622e+06  1.737628e+09

[1592 rows x 13 columns]
CHANNEL_1_3
           cbragg  cbragg_err   credchi  ...  cdelta_n            cL     timestamp
0     1561.086791    0.000096  0.000015  ...  0.000012  2.877741e+06  1.737612e+09
1     1561.083853    0.000272  0.000102  ...  0.000012  2.810378e+06  1.737612e+09
2     1561.086107    0.000882  0.002261  ...  0.000012  3.618814e+06  1.737612e+09
3     1561.083813    0.000062  0.000006  ...  0.000012  2.936620e+06  1.737612e+09
4     1561.086814    0.000193  0.000056  ...  0.000012  2.815073e+06  1.737612e+09
...           ...         ...       ...  ...       ...           ...           ...
1587  1561.087700    0.000085  0.000011  ...  0.000012  2.900034e+06  1.737628e+09
1588  1561.090487    0.000684  0.001190  ...  0.000012  3.430875e+06  1.737628e+09
1589  1561.087492    0.001142  0.003229  ...  0.000012  3.689485e+06  1.737628e+09
1590  1561.091059    0.000037  0.000002  ...  0.000012  2.927984e+06  1.737628e+09
1591  1561.087772    0.000035  0.000002  ...  0.000012  2.922528e+06  1.737628e+09

[1592 rows x 13 columns]
CHANNEL_2_1
           cbragg  cbragg_err   credchi  ...  cdelta_n            cL     timestamp
0     1542.580536         NaN  0.003173  ...  0.000012  1.351288e+06  1.737612e+09
1     1542.569960    0.000071  0.000004  ...  0.000012  2.746815e+06  1.737612e+09
2     1542.579953         NaN  0.003060  ...  0.000012  1.388293e+06  1.737612e+09
3     1542.580792    0.013518  0.003968  ...  0.000012  1.068000e+06  1.737612e+09
4     1542.570173    0.000066  0.000004  ...  0.000012  2.746100e+06  1.737612e+09
...           ...         ...       ...  ...       ...           ...           ...
1587  1542.573827    0.000065  0.000003  ...  0.000012  2.749526e+06  1.737628e+09
1588  1542.574261    0.000062  0.000003  ...  0.000012  2.750315e+06  1.737628e+09
1589  1542.574012    0.000061  0.000003  ...  0.000012  2.752946e+06  1.737628e+09
1590  1542.574174    0.000105  0.000004  ...  0.000012  2.749117e+06  1.737628e+09
1591  1542.574007    0.000065  0.000004  ...  0.000012  2.748546e+06  1.737628e+09

[1592 rows x 13 columns]
CHANNEL_2_2
           cbragg  cbragg_err   credchi  ...  cdelta_n            cL     timestamp
0     1546.004009    0.000763  0.000282  ...  0.000012  2.318876e+06  1.737612e+09
1     1546.005217    0.000147  0.000018  ...  0.000012  2.655984e+06  1.737612e+09
2     1546.005327    0.000553  0.000343  ...  0.000012  3.021783e+06  1.737612e+09
3     1546.004713    0.000970  0.000463  ...  0.000012  2.259124e+06  1.737612e+09
4     1546.005434    0.001047  0.001539  ...  0.000012  3.355620e+06  1.737612e+09
...           ...         ...       ...  ...       ...           ...           ...
1587  1546.010079    0.000182  0.000028  ...  0.000012  2.639401e+06  1.737628e+09
1588  1546.008975    0.000152  0.000018  ...  0.000012  2.661167e+06  1.737628e+09
1589  1546.009895    0.000526  0.000321  ...  0.000012  2.988609e+06  1.737628e+09
1590  1546.008988    0.000152  0.000018  ...  0.000012  2.667752e+06  1.737628e+09
1591  1546.009375    0.000150  0.000019  ...  0.000012  2.661407e+06  1.737628e+09

[1592 rows x 13 columns]
CHANNEL_2_3
           cbragg  cbragg_err   credchi  ...  cdelta_n            cL     timestamp
0     1548.597121    0.000102  0.000011  ...  0.000012  2.909985e+06  1.737612e+09
1     1548.599354    0.000112  0.000014  ...  0.000012  2.896808e+06  1.737612e+09
2     1548.597173    0.000110  0.000012  ...  0.000012  2.893239e+06  1.737612e+09
3     1548.599532    0.000097  0.000010  ...  0.000012  2.883287e+06  1.737612e+09
4     1548.597047    0.000098  0.000010  ...  0.000012  2.895679e+06  1.737612e+09
...           ...         ...       ...  ...       ...           ...           ...
1587  1548.603328    0.000111  0.000013  ...  0.000012  2.873834e+06  1.737628e+09
1588  1548.601213    0.000209  0.000041  ...  0.000012  2.786836e+06  1.737628e+09
1589  1548.603623    0.000280  0.000089  ...  0.000012  2.978418e+06  1.737628e+09
1590  1548.601100    0.000108  0.000012  ...  0.000012  2.876195e+06  1.737628e+09
1591  1548.603549    0.000681  0.000728  ...  0.000012  3.346822e+06  1.737628e+09

[1592 rows x 13 columns]
CHANNEL_3_1
           cbragg  cbragg_err   credchi  ...  cdelta_n            cL     timestamp
0     1543.627427    0.000115  0.000023  ...  0.000012  7.848620e+06  1.737612e+09
1     1543.614201    0.000105  0.000015  ...  0.000012  7.914013e+06  1.737612e+09
2     1543.627525    0.000102  0.000022  ...  0.000012  7.850225e+06  1.737612e+09
3     1543.614254    0.000101  0.000014  ...  0.000012  7.904483e+06  1.737612e+09
4     1543.627522    0.000110  0.000022  ...  0.000012  7.840836e+06  1.737612e+09
...           ...         ...       ...  ...       ...           ...           ...
1587  1543.618173    0.000103  0.000014  ...  0.000012  7.911760e+06  1.737628e+09
1588  1543.631516    0.000157  0.000022  ...  0.000012  7.846135e+06  1.737628e+09
1589  1543.618284    0.000166  0.000014  ...  0.000012  7.906539e+06  1.737628e+09
1590  1543.631547    0.000107  0.000022  ...  0.000012  7.855899e+06  1.737628e+09
1591  1543.618411    0.000101  0.000014  ...  0.000012  7.904713e+06  1.737628e+09

[1592 rows x 13 columns]
CHANNEL_3_2
           cbragg  cbragg_err   credchi  ...  cdelta_n            cL     timestamp
0     1544.653051    0.000141  0.000029  ...  0.000012  7.869803e+06  1.737612e+09
1     1544.646314    0.000132  0.000034  ...  0.000012  7.825499e+06  1.737612e+09
2     1544.653053    0.000117  0.000029  ...  0.000012  7.884155e+06  1.737612e+09
3     1544.646341    0.000125  0.000034  ...  0.000012  7.835171e+06  1.737612e+09
4     1544.653030    0.000223  0.000029  ...  0.000012  7.876583e+06  1.737612e+09
...           ...         ...       ...  ...       ...           ...           ...
1587  1544.650132    0.000120  0.000033  ...  0.000012  7.821869e+06  1.737628e+09
1588  1544.657095    0.000217  0.000028  ...  0.000012  7.879450e+06  1.737628e+09
1589  1544.650149    0.000128  0.000033  ...  0.000012  7.825107e+06  1.737628e+09
1590  1544.657274    0.000116  0.000028  ...  0.000012  7.870764e+06  1.737628e+09
1591  1544.650328    0.000314  0.000033  ...  0.000012  7.826326e+06  1.737628e+09

[1592 rows x 13 columns]
CHANNEL_3_3
           cbragg  cbragg_err   credchi  ...  cdelta_n            cL     timestamp
0     1545.651870    0.000110  0.000037  ...  0.000012  7.615531e+06  1.737612e+09
1     1545.642513    0.000110  0.000024  ...  0.000012  7.642077e+06  1.737612e+09
2     1545.652104    0.000131  0.000051  ...  0.000012  7.713987e+06  1.737612e+09
3     1545.642551    0.000108  0.000023  ...  0.000012  7.638078e+06  1.737612e+09
4     1545.651977    0.000114  0.000039  ...  0.000012  7.628735e+06  1.737612e+09
...           ...         ...       ...  ...       ...           ...           ...
1587  1545.646541    0.000108  0.000023  ...  0.000012  7.633459e+06  1.737628e+09
1588  1545.655848    0.000107  0.000035  ...  0.000012  7.612584e+06  1.737628e+09
1589  1545.646698    0.000107  0.000022  ...  0.000012  7.633531e+06  1.737628e+09
1590  1545.655956    0.000108  0.000035  ...  0.000012  7.598408e+06  1.737628e+09
1591  1545.646706    0.000107  0.000022  ...  0.000012  7.629669e+06  1.737628e+09

[1592 rows x 13 columns]
CHANNEL_3_4
           cbragg  cbragg_err   credchi  ...  cdelta_n            cL     timestamp
0     1546.625142    0.000098  0.000024  ...  0.000012  7.771925e+06  1.737612e+09
1     1546.615137    0.000096  0.000021  ...  0.000012  7.761580e+06  1.737612e+09
2     1546.625263    0.000095  0.000022  ...  0.000012  7.774753e+06  1.737612e+09
3     1546.615158    0.000095  0.000021  ...  0.000012  7.759574e+06  1.737612e+09
4     1546.625224    0.000096  0.000023  ...  0.000012  7.775293e+06  1.737612e+09
...           ...         ...       ...  ...       ...           ...           ...
1587  1546.618897    0.000096  0.000021  ...  0.000012  7.768641e+06  1.737628e+09
1588  1546.629326    0.000094  0.000022  ...  0.000012  7.778866e+06  1.737628e+09
1589  1546.619043    0.000095  0.000020  ...  0.000012  7.765497e+06  1.737628e+09
1590  1546.629376    0.000099  0.000024  ...  0.000012  7.642805e+06  1.737628e+09
1591  1546.619116    0.000093  0.000020  ...  0.000012  7.775076e+06  1.737628e+09

[1592 rows x 13 columns]
CHANNEL_3_5
           cbragg  cbragg_err   credchi  ...  cdelta_n            cL     timestamp
0     1547.640706    0.000079  0.000015  ...  0.000012  7.524691e+06  1.737612e+09
1     1547.638212    0.000077  0.000015  ...  0.000012  7.594090e+06  1.737612e+09
2     1547.640844    0.000078  0.000014  ...  0.000012  7.606137e+06  1.737612e+09
3     1547.638263    0.000075  0.000014  ...  0.000012  7.603674e+06  1.737612e+09
4     1547.640822    0.000080  0.000015  ...  0.000012  7.604056e+06  1.737612e+09
...           ...         ...       ...  ...       ...           ...           ...
1587  1547.642125    0.000078  0.000015  ...  0.000012  7.600017e+06  1.737628e+09
1588  1547.644639    0.000079  0.000014  ...  0.000012  7.621005e+06  1.737628e+09
1589  1547.642238    0.000076  0.000014  ...  0.000012  7.587431e+06  1.737628e+09
1590  1547.644707    0.000080  0.000015  ...  0.000012  7.612651e+06  1.737628e+09
1591  1547.642300    0.000077  0.000014  ...  0.000012  7.593724e+06  1.737628e+09

[1592 rows x 13 columns]
CHANNEL_3_6
           cbragg  cbragg_err   credchi  ...  cdelta_n            cL     timestamp
0     1548.630801    0.000076  0.000019  ...  0.000012  7.828354e+06  1.737612e+09
1     1548.618769    0.000084  0.000013  ...  0.000012  7.955308e+06  1.737612e+09
2     1548.630743    0.000076  0.000019  ...  0.000012  7.822937e+06  1.737612e+09
3     1548.618702    0.000074  0.000010  ...  0.000012  7.900160e+06  1.737612e+09
4     1548.630939    0.000076  0.000019  ...  0.000012  7.811740e+06  1.737612e+09
...           ...         ...       ...  ...       ...           ...           ...
1587  1548.622642    0.000076  0.000011  ...  0.000012  7.903833e+06  1.737628e+09
1588  1548.634770    0.000079  0.000020  ...  0.000012  7.804587e+06  1.737628e+09
1589  1548.622757    0.000075  0.000011  ...  0.000012  7.897868e+06  1.737628e+09
1590  1548.634833    0.000080  0.000020  ...  0.000012  7.800617e+06  1.737628e+09
1591  1548.622665    0.000075  0.000010  ...  0.000012  7.901331e+06  1.737628e+09

[1592 rows x 13 columns]
CHANNEL_3_7
           cbragg  cbragg_err   credchi  ...  cdelta_n            cL     timestamp
0     1549.644709    0.000090  0.000015  ...  0.000012  7.568153e+06  1.737612e+09
1     1549.645465    0.000092  0.000024  ...  0.000012  7.601393e+06  1.737612e+09
2     1549.644698    0.000087  0.000014  ...  0.000012  7.573510e+06  1.737612e+09
3     1549.645427    0.000086  0.000021  ...  0.000012  7.509518e+06  1.737612e+09
4     1549.644864    0.000087  0.000014  ...  0.000012  7.567781e+06  1.737612e+09
...           ...         ...       ...  ...       ...           ...           ...
1587  1549.649450    0.000086  0.000021  ...  0.000012  7.521826e+06  1.737628e+09
1588  1549.648628    0.000089  0.000014  ...  0.000012  7.561037e+06  1.737628e+09
1589  1549.649482    0.000087  0.000021  ...  0.000012  7.527247e+06  1.737628e+09
1590  1549.648616    0.000090  0.000014  ...  0.000012  7.568141e+06  1.737628e+09
1591  1549.649524    0.000087  0.000021  ...  0.000012  7.526985e+06  1.737628e+09

[1592 rows x 13 columns]
CHANNEL_3_8
           cbragg  cbragg_err   credchi  ...  cdelta_n            cL     timestamp
0     1550.604353    0.000090  0.000019  ...  0.000012  7.625064e+06  1.737612e+09
1     1550.594468    0.000088  0.000011  ...  0.000012  7.721670e+06  1.737612e+09
2     1550.604379    0.000090  0.000019  ...  0.000012  7.636195e+06  1.737612e+09
3     1550.594550    0.000087  0.000011  ...  0.000012  7.721067e+06  1.737612e+09
4     1550.604460    0.000090  0.000019  ...  0.000012  7.606191e+06  1.737612e+09
...           ...         ...       ...  ...       ...           ...           ...
1587  1550.598576    0.000088  0.000011  ...  0.000012  7.707542e+06  1.737628e+09
1588  1550.608342    0.000088  0.000018  ...  0.000012  7.634497e+06  1.737628e+09
1589  1550.598729    0.000090  0.000011  ...  0.000012  7.717971e+06  1.737628e+09
1590  1550.608440    0.000089  0.000019  ...  0.000012  7.629654e+06  1.737628e+09
1591  1550.598823    0.000089  0.000011  ...  0.000012  7.713257e+06  1.737628e+09

[1592 rows x 13 columns]
CHANNEL_3_9
           cbragg  cbragg_err   credchi  ...  cdelta_n            cL     timestamp
0     1551.598451    0.000093  0.000012  ...  0.000012  7.697372e+06  1.737612e+09
1     1551.595534    0.000089  0.000016  ...  0.000012  7.668439e+06  1.737612e+09
2     1551.598543    0.000094  0.000013  ...  0.000012  7.649746e+06  1.737612e+09
3     1551.595650    0.000089  0.000016  ...  0.000012  7.667091e+06  1.737612e+09
4     1551.598643    0.000091  0.000012  ...  0.000012  7.693129e+06  1.737612e+09
...           ...         ...       ...  ...       ...           ...           ...
1587  1551.599564    0.000090  0.000016  ...  0.000012  7.614797e+06  1.737628e+09
1588  1551.602538    0.000092  0.000012  ...  0.000012  7.702039e+06  1.737628e+09
1589  1551.599773    0.000088  0.000015  ...  0.000012  7.645796e+06  1.737628e+09
1590  1551.602642    0.000093  0.000012  ...  0.000012  7.706638e+06  1.737628e+09
1591  1551.599787    0.000091  0.000016  ...  0.000012  7.672210e+06  1.737628e+09

[1592 rows x 13 columns]
CHANNEL_3_10
           cbragg  cbragg_err   credchi  ...  cdelta_n            cL     timestamp
0     1552.607616    0.000120  0.000024  ...  0.000012  7.521852e+06  1.737612e+09
1     1552.600002    0.000101  0.000014  ...  0.000012  7.788951e+06  1.737612e+09
2     1552.607498    0.000101  0.000017  ...  0.000012  7.763248e+06  1.737612e+09
3     1552.599982    0.000102  0.000014  ...  0.000012  7.805564e+06  1.737612e+09
4     1552.607476    0.000101  0.000018  ...  0.000012  7.758044e+06  1.737612e+09
...           ...         ...       ...  ...       ...           ...           ...
1587  1552.603982    0.000104  0.000015  ...  0.000012  7.803320e+06  1.737628e+09
1588  1552.611256    0.000101  0.000017  ...  0.000012  7.722298e+06  1.737628e+09
1589  1552.604076    0.000104  0.000015  ...  0.000012  7.812586e+06  1.737628e+09
1590  1552.611487    0.000105  0.000018  ...  0.000012  7.750621e+06  1.737628e+09
1591  1552.604230    0.000102  0.000014  ...  0.000012  7.796604e+06  1.737628e+09

[1592 rows x 13 columns]
CHANNEL_3_11
           cbragg  cbragg_err   credchi  ...  cdelta_n            cL     timestamp
0     1553.576172    0.000125  0.000034  ...  0.000012  7.955251e+06  1.737612e+09
1     1553.565481    0.000125  0.000028  ...  0.000012  7.946780e+06  1.737612e+09
2     1553.576099    0.000123  0.000033  ...  0.000012  7.965960e+06  1.737612e+09
3     1553.565466    0.000125  0.000028  ...  0.000012  7.935658e+06  1.737612e+09
4     1553.576117    0.000124  0.000034  ...  0.000012  7.963725e+06  1.737612e+09
...           ...         ...       ...  ...       ...           ...           ...
1587  1553.569432    0.000124  0.000027  ...  0.000012  7.943014e+06  1.737628e+09
1588  1553.580217    0.000124  0.000033  ...  0.000012  7.964109e+06  1.737628e+09
1589  1553.569533    0.000122  0.000027  ...  0.000012  7.977345e+06  1.737628e+09
1590  1553.580202    0.000125  0.000034  ...  0.000012  7.974621e+06  1.737628e+09
1591  1553.569466    0.000125  0.000028  ...  0.000012  7.960817e+06  1.737628e+09

[1592 rows x 13 columns]
CHANNEL_3_12
           cbragg  cbragg_err   credchi  ...  cdelta_n            cL     timestamp
0     1554.549770    0.000096  0.000018  ...  0.000012  7.808509e+06  1.737612e+09
1     1554.544109    0.000097  0.000014  ...  0.000012  7.869653e+06  1.737612e+09
2     1554.549600    0.000093  0.000017  ...  0.000012  7.826304e+06  1.737612e+09
3     1554.544025    0.000097  0.000014  ...  0.000012  7.804473e+06  1.737612e+09
4     1554.549610    0.000095  0.000018  ...  0.000012  7.820450e+06  1.737612e+09
...           ...         ...       ...  ...       ...           ...           ...
1587  1554.548356    0.000095  0.000013  ...  0.000012  7.853237e+06  1.737628e+09
1588  1554.553687    0.000191  0.000065  ...  0.000012  7.301009e+06  1.737628e+09
1589  1554.548464    0.000094  0.000013  ...  0.000012  7.855149e+06  1.737628e+09
1590  1554.553632    0.000095  0.000017  ...  0.000012  7.817711e+06  1.737628e+09
1591  1554.548405    0.000098  0.000014  ...  0.000012  7.828871e+06  1.737628e+09

[1592 rows x 13 columns]
CHANNEL_3_13
           cbragg  cbragg_err   credchi  ...  cdelta_n            cL     timestamp
0     1555.557182    0.000086  0.000012  ...  0.000012  7.641544e+06  1.737612e+09
1     1555.551724    0.000087  0.000013  ...  0.000012  7.573396e+06  1.737612e+09
2     1555.557239    0.000088  0.000012  ...  0.000012  7.635685e+06  1.737612e+09
3     1555.551749    0.000087  0.000014  ...  0.000012  7.581780e+06  1.737612e+09
4     1555.557350    0.000085  0.000011  ...  0.000012  7.637444e+06  1.737612e+09
...           ...         ...       ...  ...       ...           ...           ...
1587  1555.555695    0.000087  0.000013  ...  0.000012  7.574078e+06  1.737628e+09
1588  1555.561342    0.000131  0.000025  ...  0.000012  7.308717e+06  1.737628e+09
1589  1555.555705    0.000086  0.000013  ...  0.000012  7.593702e+06  1.737628e+09
1590  1555.561416    0.000089  0.000012  ...  0.000012  7.633950e+06  1.737628e+09
1591  1555.555837    0.000087  0.000013  ...  0.000012  7.585032e+06  1.737628e+09

[1592 rows x 13 columns]
CHANNEL_3_14
           cbragg  cbragg_err   credchi  ...  cdelta_n            cL     timestamp
0     1556.511717    0.000183  0.000074  ...  0.000012  7.738138e+06  1.737612e+09
1     1556.504411    0.000180  0.000045  ...  0.000012  7.811726e+06  1.737612e+09
2     1556.511733    0.000180  0.000072  ...  0.000012  7.738676e+06  1.737612e+09
3     1556.504526    0.000177  0.000043  ...  0.000012  7.801987e+06  1.737612e+09
4     1556.511829    0.000181  0.000073  ...  0.000012  7.742640e+06  1.737612e+09
...           ...         ...       ...  ...       ...           ...           ...
1587  1556.508676    0.000184  0.000047  ...  0.000012  7.796268e+06  1.737628e+09
1588  1556.515718    0.000181  0.000071  ...  0.000012  7.734591e+06  1.737628e+09
1589  1556.508805    0.000184  0.000046  ...  0.000012  7.801845e+06  1.737628e+09
1590  1556.515763    0.000186  0.000076  ...  0.000012  7.769044e+06  1.737628e+09
1591  1556.508834    0.000182  0.000046  ...  0.000012  7.800548e+06  1.737628e+09

[1592 rows x 13 columns]
