CHANNEL_0_1
           cbragg  cbragg_err   credchi  ...  cdelta_n            cL     timestamp
0     1544.618193    0.000192  0.000046  ...  0.000012  7.663490e+06  1.735283e+09
1     1544.626217    0.000152  0.000058  ...  0.000012  7.661882e+06  1.735283e+09
2     1544.618079    0.000102  0.000046  ...  0.000012  7.666397e+06  1.735283e+09
3     1544.626225    0.000200  0.000056  ...  0.000012  7.667682e+06  1.735283e+09
4     1544.618147    0.000102  0.000046  ...  0.000012  7.671464e+06  1.735283e+09
...           ...         ...       ...  ...       ...           ...           ...
1587  1544.625611    0.000120  0.000057  ...  0.000012  7.669392e+06  1.735299e+09
1588  1544.617511    0.000343  0.000045  ...  0.000012  7.668986e+06  1.735299e+09
1589  1544.625652    0.000119  0.000055  ...  0.000012  7.673036e+06  1.735299e+09
1590  1544.617583    0.000114  0.000047  ...  0.000012  7.667729e+06  1.735299e+09
1591  1544.625663    0.000107  0.000055  ...  0.000012  7.663576e+06  1.735299e+09

[1592 rows x 13 columns]
CHANNEL_0_2
           cbragg  cbragg_err   credchi  ...  cdelta_n            cL     timestamp
0     1545.455942    0.000092  0.000018  ...  0.000012  7.589540e+06  1.735283e+09
1     1545.456593    0.000092  0.000019  ...  0.000012  7.584538e+06  1.735283e+09
2     1545.455921    0.000092  0.000018  ...  0.000012  7.590664e+06  1.735283e+09
3     1545.456523    0.000091  0.000019  ...  0.000012  7.585470e+06  1.735283e+09
4     1545.455889    0.000091  0.000018  ...  0.000012  7.545320e+06  1.735283e+09
...           ...         ...       ...  ...       ...           ...           ...
1587  1545.455705    0.000092  0.000019  ...  0.000012  7.616859e+06  1.735299e+09
1588  1545.455070    0.000092  0.000018  ...  0.000012  7.607830e+06  1.735299e+09
1589  1545.455843    0.000093  0.000019  ...  0.000012  7.603829e+06  1.735299e+09
1590  1545.455128    0.000091  0.000018  ...  0.000012  7.583883e+06  1.735299e+09
1591  1545.455880    0.000093  0.000020  ...  0.000012  7.595737e+06  1.735299e+09

[1592 rows x 13 columns]
CHANNEL_0_3
           cbragg  cbragg_err   credchi  ...  cdelta_n            cL     timestamp
0     1546.169483    0.000104  0.000035  ...  0.000012  7.639732e+06  1.735283e+09
1     1546.177384    0.000103  0.000046  ...  0.000012  7.619675e+06  1.735283e+09
2     1546.169417    0.000104  0.000035  ...  0.000012  7.628002e+06  1.735283e+09
3     1546.177386    0.000109  0.000051  ...  0.000012  7.613019e+06  1.735283e+09
4     1546.169547    0.000108  0.000038  ...  0.000012  7.619787e+06  1.735283e+09
...           ...         ...       ...  ...       ...           ...           ...
1587  1546.175299    0.000104  0.000046  ...  0.000012  7.623967e+06  1.735299e+09
1588  1546.167477    0.000108  0.000038  ...  0.000012  7.639071e+06  1.735299e+09
1589  1546.175332    0.000102  0.000045  ...  0.000012  7.630326e+06  1.735299e+09
1590  1546.167546    0.000105  0.000036  ...  0.000012  7.642307e+06  1.735299e+09
1591  1546.175321    0.000105  0.000048  ...  0.000012  7.630468e+06  1.735299e+09

[1592 rows x 13 columns]
CHANNEL_0_4
           cbragg  cbragg_err   credchi  ...  cdelta_n            cL     timestamp
0     1547.116754    0.000119  0.000050  ...  0.000012  7.855292e+06  1.735283e+09
1     1547.117090    0.000115  0.000050  ...  0.000012  7.864604e+06  1.735283e+09
2     1547.116623    0.000118  0.000049  ...  0.000012  7.845235e+06  1.735283e+09
3     1547.116989    0.000116  0.000051  ...  0.000012  7.855071e+06  1.735283e+09
4     1547.116721    0.000117  0.000049  ...  0.000012  7.853140e+06  1.735283e+09
...           ...         ...       ...  ...       ...           ...           ...
1587  1547.117515    0.000113  0.000048  ...  0.000012  7.844913e+06  1.735299e+09
1588  1547.117162    0.000118  0.000049  ...  0.000012  7.838459e+06  1.735299e+09
1589  1547.117538    0.000114  0.000049  ...  0.000012  7.856097e+06  1.735299e+09
1590  1547.117176    0.000118  0.000049  ...  0.000012  7.853262e+06  1.735299e+09
1591  1547.117511    0.000121  0.000055  ...  0.000012  7.931414e+06  1.735299e+09

[1592 rows x 13 columns]
CHANNEL_0_5
           cbragg  cbragg_err   credchi  ...  cdelta_n            cL     timestamp
0     1548.090990    0.000109  0.000060  ...  0.000012  7.840748e+06  1.735283e+09
1     1548.094736    0.000097  0.000038  ...  0.000012  7.714933e+06  1.735283e+09
2     1548.090507    0.000095  0.000044  ...  0.000012  7.654199e+06  1.735283e+09
3     1548.094390    0.000099  0.000039  ...  0.000012  7.670925e+06  1.735283e+09
4     1548.091161    0.000125  0.000079  ...  0.000012  7.858333e+06  1.735283e+09
...           ...         ...       ...  ...       ...           ...           ...
1587  1548.094862    0.000100  0.000041  ...  0.000012  7.766328e+06  1.735299e+09
1588  1548.090891    0.000093  0.000042  ...  0.000012  7.673074e+06  1.735299e+09
1589  1548.094779    0.000131  0.000071  ...  0.000012  7.887224e+06  1.735299e+09
1590  1548.091057    0.000093  0.000042  ...  0.000012  7.703346e+06  1.735299e+09
1591  1548.095003    0.000097  0.000038  ...  0.000012  7.686245e+06  1.735299e+09

[1592 rows x 13 columns]
CHANNEL_0_6
           cbragg  cbragg_err   credchi  ...  cdelta_n            cL     timestamp
0     1549.068637    0.000078  0.000023  ...  0.000012  7.549606e+06  1.735283e+09
1     1549.077068    0.000147  0.000145  ...  0.000012  7.811782e+06  1.735283e+09
2     1549.068672    0.000089  0.000030  ...  0.000012  7.663859e+06  1.735283e+09
3     1549.077207    0.000084  0.000044  ...  0.000012  7.455830e+06  1.735283e+09
4     1549.068675    0.000078  0.000023  ...  0.000012  7.544954e+06  1.735283e+09
...           ...         ...       ...  ...       ...           ...           ...
1587  1549.077501    0.000083  0.000044  ...  0.000012  7.482330e+06  1.735299e+09
1588  1549.068920    0.000079  0.000023  ...  0.000012  7.541805e+06  1.735299e+09
1589  1549.077946    0.000226  0.000343  ...  0.000012  8.012721e+06  1.735299e+09
1590  1549.068881    0.000078  0.000023  ...  0.000012  7.537365e+06  1.735299e+09
1591  1549.077451    0.000084  0.000045  ...  0.000012  7.477049e+06  1.735299e+09

[1592 rows x 13 columns]
CHANNEL_0_7
           cbragg  cbragg_err   credchi  ...  cdelta_n            cL     timestamp
0     1550.074061    0.000124  0.000046  ...  0.000012  7.602769e+06  1.735283e+09
1     1550.075032    0.000126  0.000048  ...  0.000012  7.697250e+06  1.735283e+09
2     1550.074095    0.000123  0.000046  ...  0.000012  7.613953e+06  1.735283e+09
3     1550.075118    0.000122  0.000044  ...  0.000012  7.613685e+06  1.735283e+09
4     1550.074008    0.000124  0.000046  ...  0.000012  7.609227e+06  1.735283e+09
...           ...         ...       ...  ...       ...           ...           ...
1587  1550.075163    0.000122  0.000045  ...  0.000012  7.613573e+06  1.735299e+09
1588  1550.074183    0.000122  0.000045  ...  0.000012  7.614536e+06  1.735299e+09
1589  1550.075362    0.000168  0.000085  ...  0.000012  7.856369e+06  1.735299e+09
1590  1550.074085    0.000123  0.000045  ...  0.000012  7.615286e+06  1.735299e+09
1591  1550.075186    0.000124  0.000046  ...  0.000012  7.610086e+06  1.735299e+09

[1592 rows x 13 columns]
CHANNEL_0_8
           cbragg  cbragg_err   credchi  ...  cdelta_n            cL     timestamp
0     1551.045582    0.000105  0.000033  ...  0.000012  7.825537e+06  1.735283e+09
1     1551.051560    0.000073  0.000017  ...  0.000012  7.624537e+06  1.735283e+09
2     1551.045591    0.000074  0.000016  ...  0.000012  7.610842e+06  1.735283e+09
3     1551.051550    0.000074  0.000018  ...  0.000012  7.626144e+06  1.735283e+09
4     1551.045550    0.000074  0.000016  ...  0.000012  7.573345e+06  1.735283e+09
...           ...         ...       ...  ...       ...           ...           ...
1587  1551.052137    0.000074  0.000018  ...  0.000012  7.618831e+06  1.735299e+09
1588  1551.046120    0.000073  0.000016  ...  0.000012  7.612121e+06  1.735299e+09
1589  1551.052111    0.000072  0.000017  ...  0.000012  7.626796e+06  1.735299e+09
1590  1551.046122    0.000072  0.000015  ...  0.000012  7.614068e+06  1.735299e+09
1591  1551.052144    0.000072  0.000017  ...  0.000012  7.626360e+06  1.735299e+09

[1592 rows x 13 columns]
CHANNEL_0_9
           cbragg  cbragg_err   credchi  ...  cdelta_n            cL     timestamp
0     1552.026847    0.000091  0.000016  ...  0.000012  7.723200e+06  1.735283e+09
1     1552.035377    0.000087  0.000027  ...  0.000012  7.678359e+06  1.735283e+09
2     1552.026943    0.000091  0.000016  ...  0.000012  7.715099e+06  1.735283e+09
3     1552.035496    0.000089  0.000028  ...  0.000012  7.677605e+06  1.735283e+09
4     1552.026936    0.000092  0.000016  ...  0.000012  7.714640e+06  1.735283e+09
...           ...         ...       ...  ...       ...           ...           ...
1587  1552.036108    0.000088  0.000027  ...  0.000012  7.674331e+06  1.735299e+09
1588  1552.027566    0.000091  0.000016  ...  0.000012  7.732410e+06  1.735299e+09
1589  1552.036155    0.000088  0.000028  ...  0.000012  7.682015e+06  1.735299e+09
1590  1552.027548    0.000154  0.000042  ...  0.000012  7.329586e+06  1.735299e+09
1591  1552.036051    0.000089  0.000028  ...  0.000012  7.669982e+06  1.735299e+09

[1592 rows x 13 columns]
CHANNEL_0_10
           cbragg  cbragg_err   credchi  ...  cdelta_n            cL     timestamp
0     1553.036692    0.000091  0.000021  ...  0.000012  7.699495e+06  1.735283e+09
1     1553.036199    0.000093  0.000016  ...  0.000012  7.734559e+06  1.735283e+09
2     1553.036754    0.000096  0.000023  ...  0.000012  7.686498e+06  1.735283e+09
3     1553.036184    0.000095  0.000017  ...  0.000012  7.726587e+06  1.735283e+09
4     1553.036630    0.000095  0.000022  ...  0.000012  7.669629e+06  1.735283e+09
...           ...         ...       ...  ...       ...           ...           ...
1587  1553.036845    0.000093  0.000016  ...  0.000012  7.733301e+06  1.735299e+09
1588  1553.037257    0.000093  0.000021  ...  0.000012  7.681028e+06  1.735299e+09
1589  1553.036831    0.000094  0.000017  ...  0.000012  7.677470e+06  1.735299e+09
1590  1553.037173    0.000094  0.000022  ...  0.000012  7.686445e+06  1.735299e+09
1591  1553.036779    0.000184  0.000059  ...  0.000012  7.275840e+06  1.735299e+09

[1592 rows x 13 columns]
CHANNEL_0_11
           cbragg  cbragg_err   credchi  ...  cdelta_n            cL     timestamp
0     1554.041675    0.000072  0.000008  ...  0.000012  7.707659e+06  1.735283e+09
1     1554.050096    0.000070  0.000014  ...  0.000012  7.647163e+06  1.735283e+09
2     1554.041679    0.000073  0.000008  ...  0.000012  7.681990e+06  1.735283e+09
3     1554.049902    0.000074  0.000015  ...  0.000012  7.615948e+06  1.735283e+09
4     1554.041551    0.000073  0.000008  ...  0.000012  7.685728e+06  1.735283e+09
...           ...         ...       ...  ...       ...           ...           ...
1587  1554.050514    0.000073  0.000014  ...  0.000012  7.632486e+06  1.735299e+09
1588  1554.042081    0.000074  0.000008  ...  0.000012  7.656255e+06  1.735299e+09
1589  1554.050555    0.000073  0.000015  ...  0.000012  7.620203e+06  1.735299e+09
1590  1554.042210    0.000073  0.000008  ...  0.000012  7.702756e+06  1.735299e+09
1591  1554.050513    0.000073  0.000015  ...  0.000012  7.627109e+06  1.735299e+09

[1592 rows x 13 columns]
CHANNEL_0_12
           cbragg  cbragg_err   credchi  ...  cdelta_n            cL     timestamp
0     1555.070045    0.000117  0.000048  ...  0.000012  7.500336e+06  1.735283e+09
1     1555.070434    0.000116  0.000044  ...  0.000012  7.524510e+06  1.735283e+09
2     1555.069928    0.000117  0.000047  ...  0.000012  7.513049e+06  1.735283e+09
3     1555.070325    0.000119  0.000046  ...  0.000012  7.525032e+06  1.735283e+09
4     1555.069876    0.000126  0.000055  ...  0.000012  7.564421e+06  1.735283e+09
...           ...         ...       ...  ...       ...           ...           ...
1587  1555.071005    0.000117  0.000044  ...  0.000012  7.511986e+06  1.735299e+09
1588  1555.070551    0.000134  0.000061  ...  0.000012  7.570322e+06  1.735299e+09
1589  1555.071039    0.000117  0.000044  ...  0.000012  7.530210e+06  1.735299e+09
1590  1555.070474    0.000119  0.000050  ...  0.000012  7.594666e+06  1.735299e+09
1591  1555.070934    0.000116  0.000044  ...  0.000012  7.529173e+06  1.735299e+09

[1592 rows x 13 columns]
CHANNEL_0_13
           cbragg  cbragg_err   credchi  ...  cdelta_n            cL     timestamp
0     1556.042177    0.000141  0.000036  ...  0.000012  7.673046e+06  1.735283e+09
1     1556.049167    0.000134  0.000042  ...  0.000012  7.698624e+06  1.735283e+09
2     1556.042190    0.000141  0.000037  ...  0.000012  7.675078e+06  1.735283e+09
3     1556.049090    0.000139  0.000046  ...  0.000012  7.694047e+06  1.735283e+09
4     1556.042232    0.000142  0.000037  ...  0.000012  7.611049e+06  1.735283e+09
...           ...         ...       ...  ...       ...           ...           ...
1587  1556.049722    0.000137  0.000044  ...  0.000012  7.682338e+06  1.735299e+09
1588  1556.042717    0.000141  0.000036  ...  0.000012  7.668270e+06  1.735299e+09
1589  1556.049757    0.000136  0.000043  ...  0.000012  7.686247e+06  1.735299e+09
1590  1556.042659    0.000143  0.000037  ...  0.000012  7.676227e+06  1.735299e+09
1591  1556.049741    0.000137  0.000044  ...  0.000012  7.690558e+06  1.735299e+09

[1592 rows x 13 columns]
CHANNEL_0_14
           cbragg  cbragg_err   credchi  ...  cdelta_n            cL     timestamp
0     1557.014800    0.000098  0.000027  ...  0.000012  7.652325e+06  1.735283e+09
1     1557.017843    0.000101  0.000036  ...  0.000012  7.614011e+06  1.735283e+09
2     1557.014714    0.000098  0.000027  ...  0.000012  7.678335e+06  1.735283e+09
3     1557.017741    0.000101  0.000037  ...  0.000012  7.606889e+06  1.735283e+09
4     1557.014733    0.000231  0.000027  ...  0.000012  7.653673e+06  1.735283e+09
...           ...         ...       ...  ...       ...           ...           ...
1587  1557.018428    0.000100  0.000036  ...  0.000012  7.616473e+06  1.735299e+09
1588  1557.015334    0.000098  0.000027  ...  0.000012  7.663251e+06  1.735299e+09
1589  1557.018429    0.000102  0.000037  ...  0.000012  7.612494e+06  1.735299e+09
1590  1557.015233    0.000098  0.000027  ...  0.000012  7.651394e+06  1.735299e+09
1591  1557.018381    0.000101  0.000037  ...  0.000012  7.614624e+06  1.735299e+09

[1592 rows x 13 columns]
CHANNEL_1_1
           cbragg  cbragg_err   credchi  ...  cdelta_n            cL     timestamp
0     1556.180828    0.000073  0.000005  ...  0.000012  2.686773e+06  1.735283e+09
1     1556.180972    0.000315  0.000076  ...  0.000012  2.519160e+06  1.735283e+09
2     1556.181197    0.000759  0.000857  ...  0.000012  3.142143e+06  1.735283e+09
3     1556.181160    0.000307  0.000076  ...  0.000012  2.545840e+06  1.735283e+09
4     1556.180601    0.000074  0.000005  ...  0.000012  2.658640e+06  1.735283e+09
...           ...         ...       ...  ...       ...           ...           ...
1587  1556.179751    0.000082  0.000006  ...  0.000012  2.648361e+06  1.735299e+09
1588  1556.180131    0.000276  0.000067  ...  0.000012  2.557906e+06  1.735299e+09
1589  1556.179938    0.000826  0.001018  ...  0.000012  3.195291e+06  1.735299e+09
1590  1556.179491    0.000608  0.000251  ...  0.000012  2.382432e+06  1.735299e+09
1591  1556.178621    0.000982  0.001673  ...  0.000012  3.369676e+06  1.735299e+09

[1592 rows x 13 columns]
CHANNEL_1_2
           cbragg  cbragg_err   credchi  ...  cdelta_n            cL     timestamp
0     1558.200870    0.000126  0.000022  ...  0.000012  2.798793e+06  1.735283e+09
1     1558.203378    0.000407  0.000318  ...  0.000012  3.068185e+06  1.735283e+09
2     1558.200505    0.000916  0.002096  ...  0.000012  3.456509e+06  1.735283e+09
3     1558.203900    0.000120  0.000021  ...  0.000012  2.787933e+06  1.735283e+09
4     1558.200736    0.000214  0.000073  ...  0.000012  2.923360e+06  1.735283e+09
...           ...         ...       ...  ...       ...           ...           ...
1587  1558.202914    0.000116  0.000020  ...  0.000012  2.795879e+06  1.735299e+09
1588  1558.200181    0.000156  0.000033  ...  0.000012  2.739245e+06  1.735299e+09
1589  1558.202825    0.000115  0.000019  ...  0.000012  2.786302e+06  1.735299e+09
1590  1558.200760    0.000988  0.000900  ...  0.000012  2.397939e+06  1.735299e+09
1591  1558.202101    0.001065  0.003053  ...  0.000012  3.560057e+06  1.735299e+09

[1592 rows x 13 columns]
CHANNEL_1_3
           cbragg  cbragg_err   credchi  ...  cdelta_n            cL     timestamp
0     1561.014803    0.000118  0.000022  ...  0.000012  2.886133e+06  1.735283e+09
1     1561.011167    0.000265  0.000108  ...  0.000012  2.834992e+06  1.735283e+09
2     1561.014681    0.000057  0.000005  ...  0.000012  2.929316e+06  1.735283e+09
3     1561.010979    0.000051  0.000004  ...  0.000012  2.906386e+06  1.735283e+09
4     1561.014556    0.000051  0.000004  ...  0.000012  2.941407e+06  1.735283e+09
...           ...         ...       ...  ...       ...           ...           ...
1587  1561.012278    0.000448  0.000428  ...  0.000012  3.243249e+06  1.735299e+09
1588  1561.016279    0.000052  0.000004  ...  0.000012  2.924932e+06  1.735299e+09
1589  1561.012591    0.000112  0.000019  ...  0.000012  2.857459e+06  1.735299e+09
1590  1561.016301    0.000051  0.000004  ...  0.000012  2.920352e+06  1.735299e+09
1591  1561.012463    0.000050  0.000004  ...  0.000012  2.940242e+06  1.735299e+09

[1592 rows x 13 columns]
CHANNEL_2_1
           cbragg  cbragg_err   credchi  ...  cdelta_n            cL     timestamp
0     1543.601361    0.000092  0.000007  ...  0.000012  2.764390e+06  1.735283e+09
1     1543.600238    0.000093  0.000006  ...  0.000012  2.767543e+06  1.735283e+09
2     1543.600991    0.000083  0.000007  ...  0.000012  2.764840e+06  1.735283e+09
3     1543.599722    0.000206  0.000006  ...  0.000012  2.767976e+06  1.735283e+09
4     1543.600898    0.000080  0.000007  ...  0.000012  2.767129e+06  1.735283e+09
...           ...         ...       ...  ...       ...           ...           ...
1587  1543.598876    0.000079  0.000006  ...  0.000012  2.768117e+06  1.735299e+09
1588  1543.599909    0.000082  0.000007  ...  0.000012  2.767118e+06  1.735299e+09
1589  1543.598715    0.000079  0.000006  ...  0.000012  2.769029e+06  1.735299e+09
1590  1543.600389    0.000130  0.000006  ...  0.000012  2.767099e+06  1.735299e+09
1591  1543.599098    0.000078  0.000006  ...  0.000012  2.768625e+06  1.735299e+09

[1592 rows x 13 columns]
CHANNEL_2_2
           cbragg  cbragg_err   credchi  ...  cdelta_n            cL     timestamp
0     1545.924309    0.000117  0.000010  ...  0.000012  2.686872e+06  1.735283e+09
1     1545.925524    0.000294  0.000078  ...  0.000012  2.842764e+06  1.735283e+09
2     1545.922422    0.000621  0.000453  ...  0.000012  3.103747e+06  1.735283e+09
3     1545.926306    0.000135  0.000014  ...  0.000012  2.649177e+06  1.735283e+09
4     1545.924721    0.000262  0.000048  ...  0.000012  2.600814e+06  1.735283e+09
...           ...         ...       ...  ...       ...           ...           ...
1587  1545.925215    0.000285  0.000061  ...  0.000012  2.652810e+06  1.735299e+09
1588  1545.923105    0.000119  0.000010  ...  0.000012  2.690999e+06  1.735299e+09
1589  1545.925233    0.000119  0.000011  ...  0.000012  2.681960e+06  1.735299e+09
1590  1545.923318    0.000118  0.000011  ...  0.000012  2.711913e+06  1.735299e+09
1591  1545.923642    0.000601  0.000396  ...  0.000012  3.052127e+06  1.735299e+09

[1592 rows x 13 columns]
CHANNEL_2_3
           cbragg  cbragg_err   credchi  ...  cdelta_n            cL     timestamp
0     1548.518853    0.000952  0.001653  ...  0.000012  3.595716e+06  1.735283e+09
1     1548.519636    0.000097  0.000010  ...  0.000012  2.890295e+06  1.735283e+09
2     1548.521053    0.001349  0.003837  ...  0.000012  3.930658e+06  1.735283e+09
3     1548.519523    0.000098  0.000010  ...  0.000012  2.875380e+06  1.735283e+09
4     1548.518687    0.000269  0.000087  ...  0.000012  3.043313e+06  1.735283e+09
...           ...         ...       ...  ...       ...           ...           ...
1587  1548.521165    0.000101  0.000011  ...  0.000012  2.875426e+06  1.735299e+09
1588  1548.520179    0.000095  0.000009  ...  0.000012  2.897921e+06  1.735299e+09
1589  1548.521277    0.000097  0.000010  ...  0.000012  2.893419e+06  1.735299e+09
1590  1548.520769    0.000768  0.000992  ...  0.000012  3.453527e+06  1.735299e+09
1591  1548.521410    0.000173  0.000034  ...  0.000012  2.994810e+06  1.735299e+09

[1592 rows x 13 columns]
CHANNEL_3_1
           cbragg  cbragg_err   credchi  ...  cdelta_n            cL     timestamp
0     1544.142076    0.000113  0.000028  ...  0.000012  7.762873e+06  1.735283e+09
1     1544.137949    0.000119  0.000019  ...  0.000012  7.804129e+06  1.735283e+09
2     1544.142072    0.000112  0.000027  ...  0.000012  7.764039e+06  1.735283e+09
3     1544.137861    0.000135  0.000019  ...  0.000012  7.815764e+06  1.735283e+09
4     1544.142040    0.000155  0.000027  ...  0.000012  7.765631e+06  1.735283e+09
...           ...         ...       ...  ...       ...           ...           ...
1587  1544.137515    0.000118  0.000019  ...  0.000012  7.817233e+06  1.735299e+09
1588  1544.141579    0.000119  0.000027  ...  0.000012  7.771061e+06  1.735299e+09
1589  1544.137593    0.000118  0.000020  ...  0.000012  7.812950e+06  1.735299e+09
1590  1544.141636    0.000341  0.000028  ...  0.000012  7.759547e+06  1.735299e+09
1591  1544.137704    0.000117  0.000019  ...  0.000012  7.800932e+06  1.735299e+09

[1592 rows x 13 columns]
CHANNEL_3_2
           cbragg  cbragg_err   credchi  ...  cdelta_n            cL     timestamp
0     1545.040421    0.000231  0.000024  ...  0.000012  7.893752e+06  1.735283e+09
1     1545.050465    0.000170  0.000039  ...  0.000012  7.822679e+06  1.735283e+09
2     1545.040373    0.000125  0.000022  ...  0.000012  7.899484e+06  1.735283e+09
3     1545.050298    0.000117  0.000040  ...  0.000012  7.819066e+06  1.735283e+09
4     1545.040520    0.000118  0.000022  ...  0.000012  7.884247e+06  1.735283e+09
...           ...         ...       ...  ...       ...           ...           ...
1587  1545.049615    0.000177  0.000039  ...  0.000012  7.823988e+06  1.735299e+09
1588  1545.039615    0.000117  0.000021  ...  0.000012  7.897389e+06  1.735299e+09
1589  1545.049568    0.000110  0.000039  ...  0.000012  7.828182e+06  1.735299e+09
1590  1545.039621    0.000309  0.000023  ...  0.000012  7.901415e+06  1.735299e+09
1591  1545.049598    0.000111  0.000039  ...  0.000012  7.824204e+06  1.735299e+09

[1592 rows x 13 columns]
CHANNEL_3_3
           cbragg  cbragg_err   credchi  ...  cdelta_n            cL     timestamp
0     1545.775262    0.000107  0.000032  ...  0.000012  7.578742e+06  1.735283e+09
1     1545.774747    0.000114  0.000025  ...  0.000012  7.617985e+06  1.735283e+09
2     1545.775115    0.000104  0.000031  ...  0.000012  7.587434e+06  1.735283e+09
3     1545.774536    0.000111  0.000024  ...  0.000012  7.610877e+06  1.735283e+09
4     1545.775444    0.000104  0.000031  ...  0.000012  7.577217e+06  1.735283e+09
...           ...         ...       ...  ...       ...           ...           ...
1587  1545.772583    0.000112  0.000024  ...  0.000012  7.603971e+06  1.735299e+09
1588  1545.773031    0.000103  0.000030  ...  0.000012  7.576297e+06  1.735299e+09
1589  1545.772359    0.000115  0.000025  ...  0.000012  7.601514e+06  1.735299e+09
1590  1545.773127    0.000107  0.000032  ...  0.000012  7.573180e+06  1.735299e+09
1591  1545.772538    0.000114  0.000025  ...  0.000012  7.604410e+06  1.735299e+09

[1592 rows x 13 columns]
CHANNEL_3_4
           cbragg  cbragg_err   credchi  ...  cdelta_n            cL     timestamp
0     1546.684880    0.000100  0.000017  ...  0.000012  7.780888e+06  1.735283e+09
1     1546.691784    0.000099  0.000027  ...  0.000012  7.719205e+06  1.735283e+09
2     1546.684811    0.000099  0.000017  ...  0.000012  7.783602e+06  1.735283e+09
3     1546.691790    0.000098  0.000027  ...  0.000012  7.716437e+06  1.735283e+09
4     1546.684898    0.000098  0.000017  ...  0.000012  7.773476e+06  1.735283e+09
...           ...         ...       ...  ...       ...           ...           ...
1587  1546.692191    0.000101  0.000029  ...  0.000012  7.717128e+06  1.735299e+09
1588  1546.685033    0.000099  0.000017  ...  0.000012  7.791675e+06  1.735299e+09
1589  1546.691977    0.000102  0.000029  ...  0.000012  7.699920e+06  1.735299e+09
1590  1546.685038    0.000098  0.000017  ...  0.000012  7.785155e+06  1.735299e+09
1591  1546.692213    0.000101  0.000029  ...  0.000012  7.713893e+06  1.735299e+09

[1592 rows x 13 columns]
CHANNEL_3_5
           cbragg  cbragg_err   credchi  ...  cdelta_n            cL     timestamp
0     1547.706115    0.000077  0.000015  ...  0.000012  7.576072e+06  1.735283e+09
1     1547.710464    0.000081  0.000013  ...  0.000012  7.619346e+06  1.735283e+09
2     1547.706122    0.000078  0.000016  ...  0.000012  7.612832e+06  1.735283e+09
3     1547.710514    0.000079  0.000013  ...  0.000012  7.617387e+06  1.735283e+09
4     1547.706193    0.000077  0.000015  ...  0.000012  7.594174e+06  1.735283e+09
...           ...         ...       ...  ...       ...           ...           ...
1587  1547.710869    0.000078  0.000012  ...  0.000012  7.619714e+06  1.735299e+09
1588  1547.706198    0.000076  0.000015  ...  0.000012  7.575183e+06  1.735299e+09
1589  1547.710794    0.000079  0.000013  ...  0.000012  7.622323e+06  1.735299e+09
1590  1547.706216    0.000076  0.000015  ...  0.000012  7.586229e+06  1.735299e+09
1591  1547.710829    0.000081  0.000013  ...  0.000012  7.612028e+06  1.735299e+09

[1592 rows x 13 columns]
CHANNEL_3_6
           cbragg  cbragg_err   credchi  ...  cdelta_n            cL     timestamp
0     1548.694461    0.000081  0.000015  ...  0.000012  7.776550e+06  1.735283e+09
1     1548.695113    0.000081  0.000016  ...  0.000012  7.764776e+06  1.735283e+09
2     1548.694528    0.000083  0.000016  ...  0.000012  7.771144e+06  1.735283e+09
3     1548.695106    0.000082  0.000016  ...  0.000012  7.707298e+06  1.735283e+09
4     1548.694480    0.000082  0.000015  ...  0.000012  7.771139e+06  1.735283e+09
...           ...         ...       ...  ...       ...           ...           ...
1587  1548.695305    0.000080  0.000015  ...  0.000012  7.713938e+06  1.735299e+09
1588  1548.694519    0.000083  0.000016  ...  0.000012  7.768167e+06  1.735299e+09
1589  1548.695236    0.000082  0.000016  ...  0.000012  7.701705e+06  1.735299e+09
1590  1548.694552    0.000082  0.000015  ...  0.000012  7.766977e+06  1.735299e+09
1591  1548.695211    0.000082  0.000016  ...  0.000012  7.744876e+06  1.735299e+09

[1592 rows x 13 columns]
CHANNEL_3_7
           cbragg  cbragg_err   credchi  ...  cdelta_n            cL     timestamp
0     1549.709935    0.000088  0.000015  ...  0.000012  7.578178e+06  1.735283e+09
1     1549.718211    0.000086  0.000019  ...  0.000012  7.576034e+06  1.735283e+09
2     1549.710001    0.000089  0.000015  ...  0.000012  7.579739e+06  1.735283e+09
3     1549.718366    0.000089  0.000021  ...  0.000012  7.576679e+06  1.735283e+09
4     1549.709908    0.000089  0.000015  ...  0.000012  7.584195e+06  1.735283e+09
...           ...         ...       ...  ...       ...           ...           ...
1587  1549.718313    0.000087  0.000019  ...  0.000012  7.576620e+06  1.735299e+09
1588  1549.709965    0.000088  0.000015  ...  0.000012  7.580805e+06  1.735299e+09
1589  1549.718353    0.000087  0.000020  ...  0.000012  7.581489e+06  1.735299e+09
1590  1549.709815    0.000088  0.000015  ...  0.000012  7.588684e+06  1.735299e+09
1591  1549.718251    0.000085  0.000019  ...  0.000012  7.584816e+06  1.735299e+09

[1592 rows x 13 columns]
CHANNEL_3_8
           cbragg  cbragg_err   credchi  ...  cdelta_n            cL     timestamp
0     1550.669182    0.000089  0.000016  ...  0.000012  7.586573e+06  1.735283e+09
1     1550.663734    0.000093  0.000013  ...  0.000012  7.667418e+06  1.735283e+09
2     1550.669160    0.000091  0.000017  ...  0.000012  7.638637e+06  1.735283e+09
3     1550.663803    0.000094  0.000014  ...  0.000012  7.659572e+06  1.735283e+09
4     1550.669076    0.000090  0.000017  ...  0.000012  7.646589e+06  1.735283e+09
...           ...         ...       ...  ...       ...           ...           ...
1587  1550.664482    0.000093  0.000013  ...  0.000012  7.661369e+06  1.735299e+09
1588  1550.669707    0.000099  0.000020  ...  0.000012  7.476867e+06  1.735299e+09
1589  1550.664372    0.000093  0.000013  ...  0.000012  7.653030e+06  1.735299e+09
1590  1550.669650    0.000091  0.000017  ...  0.000012  7.633480e+06  1.735299e+09
1591  1550.664387    0.000094  0.000014  ...  0.000012  7.664203e+06  1.735299e+09

[1592 rows x 13 columns]
CHANNEL_3_9
           cbragg  cbragg_err   credchi  ...  cdelta_n            cL     timestamp
0     1551.659391    0.000241  0.000064  ...  0.000012  7.085648e+06  1.735283e+09
1     1551.666380    0.000090  0.000018  ...  0.000012  7.677773e+06  1.735283e+09
2     1551.659256    0.000096  0.000011  ...  0.000012  7.717993e+06  1.735283e+09
3     1551.666487    0.000089  0.000017  ...  0.000012  7.672260e+06  1.735283e+09
4     1551.659249    0.000096  0.000011  ...  0.000012  7.721356e+06  1.735283e+09
...           ...         ...       ...  ...       ...           ...           ...
1587  1551.667163    0.000090  0.000018  ...  0.000012  7.662322e+06  1.735299e+09
1588  1551.659840    0.000093  0.000011  ...  0.000012  7.704151e+06  1.735299e+09
1589  1551.667037    0.000091  0.000018  ...  0.000012  7.674833e+06  1.735299e+09
1590  1551.659741    0.000096  0.000011  ...  0.000012  7.663864e+06  1.735299e+09
1591  1551.667108    0.000091  0.000018  ...  0.000012  7.674136e+06  1.735299e+09

[1592 rows x 13 columns]
CHANNEL_3_10
           cbragg  cbragg_err   credchi  ...  cdelta_n            cL     timestamp
0     1552.673047    0.000102  0.000021  ...  0.000012  7.729089e+06  1.735283e+09
1     1552.666903    0.000112  0.000014  ...  0.000012  7.769377e+06  1.735283e+09
2     1552.673028    0.000102  0.000021  ...  0.000012  7.730410e+06  1.735283e+09
3     1552.666925    0.000111  0.000013  ...  0.000012  7.778507e+06  1.735283e+09
4     1552.672923    0.000102  0.000020  ...  0.000012  7.727078e+06  1.735283e+09
...           ...         ...       ...  ...       ...           ...           ...
1587  1552.667361    0.000114  0.000014  ...  0.000012  7.781899e+06  1.735299e+09
1588  1552.673512    0.000105  0.000022  ...  0.000012  7.714028e+06  1.735299e+09
1589  1552.667399    0.000111  0.000013  ...  0.000012  7.780029e+06  1.735299e+09
1590  1552.673473    0.000105  0.000022  ...  0.000012  7.714789e+06  1.735299e+09
1591  1552.667371    0.000112  0.000014  ...  0.000012  7.784579e+06  1.735299e+09

[1592 rows x 13 columns]
CHANNEL_3_11
           cbragg  cbragg_err   credchi  ...  cdelta_n            cL     timestamp
0     1553.635454    0.000131  0.000025  ...  0.000012  7.917377e+06  1.735283e+09
1     1553.638442    0.000132  0.000040  ...  0.000012  7.862778e+06  1.735283e+09
2     1553.635393    0.000132  0.000026  ...  0.000012  7.917500e+06  1.735283e+09
3     1553.638598    0.000130  0.000039  ...  0.000012  7.851282e+06  1.735283e+09
4     1553.635223    0.000131  0.000025  ...  0.000012  7.917412e+06  1.735283e+09
...           ...         ...       ...  ...       ...           ...           ...
1587  1553.639170    0.000132  0.000039  ...  0.000012  7.854446e+06  1.735299e+09
1588  1553.636009    0.000133  0.000026  ...  0.000012  7.920103e+06  1.735299e+09
1589  1553.639225    0.000129  0.000038  ...  0.000012  7.859529e+06  1.735299e+09
1590  1553.635884    0.000133  0.000026  ...  0.000012  7.919205e+06  1.735299e+09
1591  1553.639097    0.000132  0.000040  ...  0.000012  7.850057e+06  1.735299e+09

[1592 rows x 13 columns]
CHANNEL_3_12
           cbragg  cbragg_err   credchi  ...  cdelta_n            cL     timestamp
0     1554.615217    0.000094  0.000019  ...  0.000012  7.779335e+06  1.735283e+09
1     1554.610924    0.000103  0.000013  ...  0.000012  7.843656e+06  1.735283e+09
2     1554.615180    0.000096  0.000020  ...  0.000012  7.786801e+06  1.735283e+09
3     1554.610847    0.000103  0.000014  ...  0.000012  7.826136e+06  1.735283e+09
4     1554.615117    0.000095  0.000019  ...  0.000012  7.788255e+06  1.735283e+09
...           ...         ...       ...  ...       ...           ...           ...
1587  1554.611660    0.000101  0.000013  ...  0.000012  7.855255e+06  1.735299e+09
1588  1554.615736    0.000095  0.000019  ...  0.000012  7.781465e+06  1.735299e+09
1589  1554.611626    0.000101  0.000013  ...  0.000012  7.859689e+06  1.735299e+09
1590  1554.615653    0.000096  0.000020  ...  0.000012  7.787693e+06  1.735299e+09
1591  1554.611612    0.000102  0.000013  ...  0.000012  7.850309e+06  1.735299e+09

[1592 rows x 13 columns]
CHANNEL_3_13
           cbragg  cbragg_err   credchi  ...  cdelta_n            cL     timestamp
0     1555.617094    0.000089  0.000009  ...  0.000012  7.633228e+06  1.735283e+09
1     1555.623867    0.000086  0.000016  ...  0.000012  7.579218e+06  1.735283e+09
2     1555.617232    0.000090  0.000010  ...  0.000012  7.627791e+06  1.735283e+09
3     1555.623918    0.000087  0.000016  ...  0.000012  7.588484e+06  1.735283e+09
4     1555.617184    0.000088  0.000009  ...  0.000012  7.641911e+06  1.735283e+09
...           ...         ...       ...  ...       ...           ...           ...
1587  1555.624485    0.000087  0.000016  ...  0.000012  7.582572e+06  1.735299e+09
1588  1555.617646    0.000089  0.000009  ...  0.000012  7.633148e+06  1.735299e+09
1589  1555.624500    0.000088  0.000016  ...  0.000012  7.570682e+06  1.735299e+09
1590  1555.617604    0.000091  0.000010  ...  0.000012  7.634243e+06  1.735299e+09
1591  1555.624581    0.000085  0.000015  ...  0.000012  7.591146e+06  1.735299e+09

[1592 rows x 13 columns]
CHANNEL_3_14
           cbragg  cbragg_err   credchi  ...  cdelta_n            cL     timestamp
0     1556.577835    0.000184  0.000074  ...  0.000012  7.701749e+06  1.735283e+09
1     1556.571777    0.000186  0.000047  ...  0.000012  7.776292e+06  1.735283e+09
2     1556.577920    0.000186  0.000075  ...  0.000012  7.703534e+06  1.735283e+09
3     1556.571855    0.000185  0.000046  ...  0.000012  7.763311e+06  1.735283e+09
4     1556.577796    0.000187  0.000076  ...  0.000012  7.706274e+06  1.735283e+09
...           ...         ...       ...  ...       ...           ...           ...
1587  1556.572559    0.000186  0.000046  ...  0.000012  7.770914e+06  1.735299e+09
1588  1556.578458    0.000187  0.000076  ...  0.000012  7.705982e+06  1.735299e+09
1589  1556.572493    0.000181  0.000044  ...  0.000012  7.769402e+06  1.735299e+09
1590  1556.578376    0.000185  0.000075  ...  0.000012  7.709913e+06  1.735299e+09
1591  1556.572512    0.000183  0.000045  ...  0.000012  7.768994e+06  1.735299e+09

[1592 rows x 13 columns]
