CHANNEL_0_1
        cbragg  cbragg_err   credchi  ...  cdelta_n            cL     timestamp
0  1544.223342    0.000098  0.000041  ...  0.000012  7.708707e+06  1.737723e+09
1  1544.224667    0.000102  0.000054  ...  0.000012  7.643150e+06  1.737723e+09

[2 rows x 13 columns]
CHANNEL_0_2
        cbragg  cbragg_err   credchi  ...  cdelta_n            cL     timestamp
0  1545.177762    0.000080  0.000017  ...  0.000012  7.689629e+06  1.737723e+09
1  1545.178136    0.000112  0.000014  ...  0.000012  7.687927e+06  1.737723e+09

[2 rows x 13 columns]
CHANNEL_0_3
        cbragg  cbragg_err   credchi  ...  cdelta_n            cL     timestamp
0  1546.163665    0.000111  0.000047  ...  0.000012  7.651722e+06  1.737723e+09
1  1546.161416    0.000111  0.000046  ...  0.000012  7.624357e+06  1.737723e+09

[2 rows x 13 columns]
CHANNEL_0_4
        cbragg  cbragg_err   credchi  ...  cdelta_n            cL     timestamp
0  1547.156019    0.000115  0.000056  ...  0.000012  7.819757e+06  1.737723e+09
1  1547.156831    0.000117  0.000046  ...  0.000012  7.858296e+06  1.737723e+09

[2 rows x 13 columns]
CHANNEL_0_5
        cbragg  cbragg_err   credchi  ...  cdelta_n            cL     timestamp
0  1548.130697    0.000092  0.000031  ...  0.000012  7.700145e+06  1.737723e+09
1  1548.133839    0.000109  0.000068  ...  0.000012  7.799564e+06  1.737723e+09

[2 rows x 13 columns]
CHANNEL_0_6
        cbragg  cbragg_err   credchi  ...  cdelta_n            cL     timestamp
0  1549.117330    0.000082  0.000044  ...  0.000012  7.479414e+06  1.737723e+09
1  1549.109135    0.000078  0.000024  ...  0.000012  7.526642e+06  1.737723e+09

[2 rows x 13 columns]
CHANNEL_0_7
        cbragg  cbragg_err   credchi  ...  cdelta_n            cL     timestamp
0  1550.112831    0.000119  0.000042  ...  0.000012  7.641873e+06  1.737723e+09
1  1550.117227    0.000119  0.000048  ...  0.000012  7.646571e+06  1.737723e+09

[2 rows x 13 columns]
CHANNEL_0_8
        cbragg  cbragg_err   credchi  ...  cdelta_n            cL     timestamp
0  1551.087426    0.000073  0.000016  ...  0.000012  7.618041e+06  1.737723e+09
1  1551.087493    0.000072  0.000018  ...  0.000012  7.599754e+06  1.737723e+09

[2 rows x 13 columns]
CHANNEL_0_9
        cbragg  cbragg_err   credchi  ...  cdelta_n            cL     timestamp
0  1552.072788    0.000085  0.000024  ...  0.000012  7.687492e+06  1.737723e+09
1  1552.068167    0.000089  0.000018  ...  0.000012  7.697969e+06  1.737723e+09

[2 rows x 13 columns]
CHANNEL_0_10
        cbragg  cbragg_err   credchi  ...  cdelta_n            cL     timestamp
0  1553.073681    0.000093  0.000019  ...  0.000012  7.711242e+06  1.737723e+09
1  1553.076880    0.000093  0.000022  ...  0.000012  7.719364e+06  1.737723e+09

[2 rows x 13 columns]
CHANNEL_0_11
        cbragg  cbragg_err   credchi  ...  cdelta_n            cL     timestamp
0  1554.088009    0.000069  0.000012  ...  0.000012  7.636037e+06  1.737723e+09
1  1554.081397    0.000074  0.000010  ...  0.000012  7.655355e+06  1.737723e+09

[2 rows x 13 columns]
CHANNEL_0_12
        cbragg  cbragg_err   credchi  ...  cdelta_n            cL     timestamp
0  1555.109525    0.000109  0.000048  ...  0.000012  7.528926e+06  1.737723e+09
1  1555.107694    0.000116  0.000042  ...  0.000012  7.534264e+06  1.737723e+09

[2 rows x 13 columns]
CHANNEL_0_13
        cbragg  cbragg_err   credchi  ...  cdelta_n            cL     timestamp
0  1556.083146    0.000139  0.000034  ...  0.000012  7.675607e+06  1.737723e+09
1  1556.083518    0.000136  0.000044  ...  0.000012  7.649121e+06  1.737723e+09

[2 rows x 13 columns]
CHANNEL_0_14
        cbragg  cbragg_err   credchi  ...  cdelta_n            cL     timestamp
0  1557.057670    0.000096  0.000041  ...  0.000012  7.648113e+06  1.737723e+09
1  1557.050497    0.000094  0.000021  ...  0.000012  7.718191e+06  1.737723e+09

[2 rows x 13 columns]
CHANNEL_1_1
        cbragg  cbragg_err   credchi  ...  cdelta_n            cL     timestamp
0  1555.122588    0.000095  0.000007  ...  0.000012  2.607169e+06  1.737723e+09
1  1555.125680    0.001000  0.001587  ...  0.000012  3.334282e+06  1.737723e+09

[2 rows x 13 columns]
CHANNEL_1_2
        cbragg  cbragg_err   credchi  ...  cdelta_n            cL     timestamp
0  1558.272571    0.000394  0.000274  ...  0.000012  3.024465e+06  1.737723e+09
1  1558.273737    0.000889  0.001901  ...  0.000012  3.442288e+06  1.737723e+09

[2 rows x 13 columns]
CHANNEL_1_3
        cbragg  cbragg_err   credchi  ...  cdelta_n            cL     timestamp
0  1561.089104    0.000055  0.000005  ...  0.000012  2.914494e+06  1.737723e+09
1  1561.086089    0.000245  0.000078  ...  0.000012  2.783365e+06  1.737723e+09

[2 rows x 13 columns]
CHANNEL_2_1
        cbragg  cbragg_err   credchi  ...  cdelta_n            cL     timestamp
0  1542.576482    0.000065  0.000004  ...  0.000012  2.748647e+06  1.737723e+09
1  1542.576168    0.000082  0.000004  ...  0.000012  2.747168e+06  1.737723e+09

[2 rows x 13 columns]
CHANNEL_2_2
        cbragg  cbragg_err   credchi  ...  cdelta_n            cL     timestamp
0  1546.010942    0.000155  0.000018  ...  0.000012  2.643715e+06  1.737723e+09
1  1546.011461    0.000162  0.000022  ...  0.000012  2.652439e+06  1.737723e+09

[2 rows x 13 columns]
CHANNEL_2_3
        cbragg  cbragg_err   credchi  ...  cdelta_n            cL     timestamp
0  1548.599352    0.000119  0.000014  ...  0.000012  2.852521e+06  1.737723e+09
1  1548.601559    0.000110  0.000013  ...  0.000012  2.876695e+06  1.737723e+09

[2 rows x 13 columns]
CHANNEL_3_1
        cbragg  cbragg_err   credchi  ...  cdelta_n            cL     timestamp
0  1543.634076    0.000109  0.000023  ...  0.000012  7.853282e+06  1.737723e+09
1  1543.620916    0.000109  0.000014  ...  0.000012  7.908885e+06  1.737723e+09

[2 rows x 13 columns]
CHANNEL_3_2
        cbragg  cbragg_err   credchi  ...  cdelta_n            cL     timestamp
0  1544.659504    0.000114  0.000028  ...  0.000012  7.864262e+06  1.737723e+09
1  1544.652734    0.000112  0.000033  ...  0.000012  7.823479e+06  1.737723e+09

[2 rows x 13 columns]
CHANNEL_3_3
        cbragg  cbragg_err   credchi  ...  cdelta_n            cL     timestamp
0  1545.658128    0.000107  0.000035  ...  0.000012  7.613647e+06  1.737723e+09
1  1545.649083    0.000109  0.000023  ...  0.000012  7.629888e+06  1.737723e+09

[2 rows x 13 columns]
CHANNEL_3_4
        cbragg  cbragg_err   credchi  ...  cdelta_n            cL     timestamp
0  1546.631458    0.000094  0.000022  ...  0.000012  7.736701e+06  1.737723e+09
1  1546.621285    0.000095  0.000020  ...  0.000012  7.765517e+06  1.737723e+09

[2 rows x 13 columns]
CHANNEL_3_5
        cbragg  cbragg_err   credchi  ...  cdelta_n            cL     timestamp
0  1547.646622    0.000080  0.000015  ...  0.000012  7.611283e+06  1.737723e+09
1  1547.644384    0.000078  0.000015  ...  0.000012  7.596357e+06  1.737723e+09

[2 rows x 13 columns]
CHANNEL_3_6
        cbragg  cbragg_err  credchi  ...  cdelta_n            cL     timestamp
0  1548.636761    0.000079  0.00002  ...  0.000012  7.808923e+06  1.737723e+09
1  1548.624876    0.000075  0.00001  ...  0.000012  7.891095e+06  1.737723e+09

[2 rows x 13 columns]
CHANNEL_3_7
        cbragg  cbragg_err   credchi  ...  cdelta_n            cL     timestamp
0  1549.650625    0.000089  0.000014  ...  0.000012  7.565773e+06  1.737723e+09
1  1549.651597    0.000085  0.000020  ...  0.000012  7.526755e+06  1.737723e+09

[2 rows x 13 columns]
CHANNEL_3_8
        cbragg  cbragg_err   credchi  ...  cdelta_n            cL     timestamp
0  1550.606533    0.000088  0.000018  ...  0.000012  7.639205e+06  1.737723e+09
1  1550.596973    0.000089  0.000011  ...  0.000012  7.713991e+06  1.737723e+09

[2 rows x 13 columns]
CHANNEL_3_9
        cbragg  cbragg_err   credchi  ...  cdelta_n            cL     timestamp
0  1551.600815    0.000094  0.000013  ...  0.000012  7.698329e+06  1.737723e+09
1  1551.598059    0.000088  0.000016  ...  0.000012  7.617050e+06  1.737723e+09

[2 rows x 13 columns]
CHANNEL_3_10
        cbragg  cbragg_err   credchi  ...  cdelta_n            cL     timestamp
0  1552.609551    0.000102  0.000017  ...  0.000012  7.766735e+06  1.737723e+09
1  1552.602421    0.000103  0.000015  ...  0.000012  7.801030e+06  1.737723e+09

[2 rows x 13 columns]
CHANNEL_3_11
        cbragg  cbragg_err   credchi  ...  cdelta_n            cL     timestamp
0  1553.578419    0.000125  0.000034  ...  0.000012  7.970575e+06  1.737723e+09
1  1553.567744    0.000232  0.000090  ...  0.000012  7.399986e+06  1.737723e+09

[2 rows x 13 columns]
CHANNEL_3_12
        cbragg  cbragg_err   credchi  ...  cdelta_n            cL     timestamp
0  1554.551807    0.000096  0.000018  ...  0.000012  7.818044e+06  1.737723e+09
1  1554.546825    0.000096  0.000014  ...  0.000012  7.851701e+06  1.737723e+09

[2 rows x 13 columns]
CHANNEL_3_13
        cbragg  cbragg_err   credchi  ...  cdelta_n            cL     timestamp
0  1555.559655    0.000087  0.000012  ...  0.000012  7.629352e+06  1.737723e+09
1  1555.554004    0.000086  0.000013  ...  0.000012  7.587988e+06  1.737723e+09

[2 rows x 13 columns]
CHANNEL_3_14
        cbragg  cbragg_err   credchi  ...  cdelta_n            cL     timestamp
0  1556.513936    0.000182  0.000072  ...  0.000012  7.731623e+06  1.737723e+09
1  1556.507114    0.000185  0.000048  ...  0.000012  7.798541e+06  1.737723e+09

[2 rows x 13 columns]
