000 (11451992.047.000) 01/28 14:31:48 Job submitted from host: <188.185.114.121:9618?addrs=188.185.114.121-9618+[2001-1458-d00-a--100-273]-9618&alias=bigbird19.cern.ch&noUDP&sock=schedd_2045_4743>
...
040 (11451992.047.000) 01/28 14:36:10 Started transferring input files
	Transferring to host: <188.185.198.128:9618?addrs=188.185.198.128-9618+[2001-1458-303-25--100-7c]-9618&alias=b9p15p3297.cern.ch&noUDP&sock=slot1_26_2867565_b45a_64278>
...
040 (11451992.047.000) 01/28 14:36:10 Finished transferring input files
...
001 (11451992.047.000) 01/28 14:36:11 Job executing on host: <188.185.198.128:9618?addrs=188.185.198.128-9618+[2001-1458-303-25--100-7c]-9618&alias=b9p15p3297.cern.ch&noUDP&sock=startd_10457_35f0>
	SlotName: slot1_26@b9p15p3297.cern.ch
	CondorScratchDir = "/pool/condor/dir_1731885"
	Cpus = 1
	Disk = 3076081
	Memory = 3000
...
006 (11451992.047.000) 01/28 14:36:19 Image size of job updated: 14848
	15  -  MemoryUsage of job (MB)
	14596  -  ResidentSetSize of job (KB)
...
006 (11451992.047.000) 01/28 14:41:19 Image size of job updated: 156600
	153  -  MemoryUsage of job (MB)
	156344  -  ResidentSetSize of job (KB)
...
006 (11451992.047.000) 01/28 14:46:20 Image size of job updated: 221732
	217  -  MemoryUsage of job (MB)
	221364  -  ResidentSetSize of job (KB)
...
006 (11451992.047.000) 01/28 14:51:20 Image size of job updated: 287424
	281  -  MemoryUsage of job (MB)
	287424  -  ResidentSetSize of job (KB)
...
006 (11451992.047.000) 01/28 14:56:20 Image size of job updated: 355668
	348  -  MemoryUsage of job (MB)
	355540  -  ResidentSetSize of job (KB)
...
006 (11451992.047.000) 01/28 15:01:21 Image size of job updated: 426252
	417  -  MemoryUsage of job (MB)
	426248  -  ResidentSetSize of job (KB)
...
006 (11451992.047.000) 01/28 15:06:22 Image size of job updated: 498228
	487  -  MemoryUsage of job (MB)
	497976  -  ResidentSetSize of job (KB)
...
006 (11451992.047.000) 01/28 15:11:22 Image size of job updated: 569172
	556  -  MemoryUsage of job (MB)
	568936  -  ResidentSetSize of job (KB)
...
006 (11451992.047.000) 01/28 15:16:23 Image size of job updated: 639864
	625  -  MemoryUsage of job (MB)
	639612  -  ResidentSetSize of job (KB)
...
006 (11451992.047.000) 01/28 15:21:24 Image size of job updated: 660676
	625  -  MemoryUsage of job (MB)
	639612  -  ResidentSetSize of job (KB)
...
006 (11451992.047.000) 01/28 15:51:27 Image size of job updated: 1082624
	1058  -  MemoryUsage of job (MB)
	1082624  -  ResidentSetSize of job (KB)
...
006 (11451992.047.000) 01/28 15:56:27 Image size of job updated: 1303224
	1273  -  MemoryUsage of job (MB)
	1302996  -  ResidentSetSize of job (KB)
...
006 (11451992.047.000) 01/28 16:01:27 Image size of job updated: 1484608
	1450  -  MemoryUsage of job (MB)
	1484608  -  ResidentSetSize of job (KB)
...
006 (11451992.047.000) 01/28 16:06:28 Image size of job updated: 1571844
	1535  -  MemoryUsage of job (MB)
	1571688  -  ResidentSetSize of job (KB)
...
006 (11451992.047.000) 01/28 16:11:29 Image size of job updated: 1608764
	1571  -  MemoryUsage of job (MB)
	1608608  -  ResidentSetSize of job (KB)
...
006 (11451992.047.000) 01/28 16:16:29 Image size of job updated: 1641808
	1604  -  MemoryUsage of job (MB)
	1641768  -  ResidentSetSize of job (KB)
...
006 (11451992.047.000) 01/28 16:21:30 Image size of job updated: 1674488
	1636  -  MemoryUsage of job (MB)
	1674488  -  ResidentSetSize of job (KB)
...
006 (11451992.047.000) 01/28 16:26:31 Image size of job updated: 1708024
	1668  -  MemoryUsage of job (MB)
	1707772  -  ResidentSetSize of job (KB)
...
006 (11451992.047.000) 01/28 16:31:31 Image size of job updated: 1738852
	1698  -  MemoryUsage of job (MB)
	1738748  -  ResidentSetSize of job (KB)
...
006 (11451992.047.000) 01/28 16:36:31 Image size of job updated: 1771472
	1730  -  MemoryUsage of job (MB)
	1771216  -  ResidentSetSize of job (KB)
...
006 (11451992.047.000) 01/28 16:41:32 Image size of job updated: 1804540
	1763  -  MemoryUsage of job (MB)
	1804532  -  ResidentSetSize of job (KB)
...
006 (11451992.047.000) 01/28 16:46:32 Image size of job updated: 1835720
	1793  -  MemoryUsage of job (MB)
	1835716  -  ResidentSetSize of job (KB)
...
006 (11451992.047.000) 01/28 16:51:32 Image size of job updated: 1867632
	1824  -  MemoryUsage of job (MB)
	1867416  -  ResidentSetSize of job (KB)
...
006 (11451992.047.000) 01/28 16:56:33 Image size of job updated: 1900640
	1857  -  MemoryUsage of job (MB)
	1900636  -  ResidentSetSize of job (KB)
...
006 (11451992.047.000) 01/28 17:01:34 Image size of job updated: 1919340
	1875  -  MemoryUsage of job (MB)
	1919336  -  ResidentSetSize of job (KB)
...
006 (11451992.047.000) 01/28 17:06:34 Image size of job updated: 1933648
	1889  -  MemoryUsage of job (MB)
	1933648  -  ResidentSetSize of job (KB)
...
006 (11451992.047.000) 01/28 17:11:35 Image size of job updated: 1948800
	1904  -  MemoryUsage of job (MB)
	1948800  -  ResidentSetSize of job (KB)
...
006 (11451992.047.000) 01/28 17:14:49 Image size of job updated: 1974888
	1904  -  MemoryUsage of job (MB)
	1948800  -  ResidentSetSize of job (KB)
...
040 (11451992.047.000) 01/28 17:14:49 Started transferring output files
...
040 (11451992.047.000) 01/28 17:14:49 Finished transferring output files
...
005 (11451992.047.000) 01/28 17:14:49 Job terminated.
	(1) Normal termination (return value 0)
		Usr 0 02:30:51, Sys 0 00:00:33  -  Run Remote Usage
		Usr 0 00:00:00, Sys 0 00:00:00  -  Run Local Usage
		Usr 0 02:30:51, Sys 0 00:00:33  -  Total Remote Usage
		Usr 0 00:00:00, Sys 0 00:00:00  -  Total Local Usage
	40692  -  Run Bytes Sent By Job
	5797  -  Run Bytes Received By Job
	40692  -  Total Bytes Sent By Job
	5797  -  Total Bytes Received By Job
	Partitionable Resources :    Usage  Request Allocated 
	   Cpus                 :     0.98        1         1 
	   Disk (KB)            :    67          10   3076081 
	   Memory (MB)          :  1904        3000      3000 

	Job terminated of its own accord at 2025-01-28T16:14:49Z with exit-code 0.
...
