000 (11451992.158.000) 01/28 14:31:49 Job submitted from host: <188.185.114.121:9618?addrs=188.185.114.121-9618+[2001-1458-d00-a--100-273]-9618&alias=bigbird19.cern.ch&noUDP&sock=schedd_2045_4743>
...
040 (11451992.158.000) 01/28 14:39:37 Started transferring input files
	Transferring to host: <188.185.215.143:9618?addrs=188.185.215.143-9618+[2001-1458-303-26--100-b]-9618&alias=b9p18p1249.cern.ch&noUDP&sock=slot1_40_6104_91f1_99528>
...
040 (11451992.158.000) 01/28 14:39:37 Finished transferring input files
...
001 (11451992.158.000) 01/28 14:39:38 Job executing on host: <188.185.215.143:9618?addrs=188.185.215.143-9618+[2001-1458-303-26--100-b]-9618&alias=b9p18p1249.cern.ch&noUDP&sock=startd_4461_7413>
	SlotName: slot1_40@b9p18p1249.cern.ch
	CondorScratchDir = "/pool/condor/dir_2490687"
	Cpus = 1
	Disk = 3940
	GPUs = 0
	Memory = 3000
...
006 (11451992.158.000) 01/28 14:39:46 Image size of job updated: 80512
	79  -  MemoryUsage of job (MB)
	80512  -  ResidentSetSize of job (KB)
...
040 (11451992.158.000) 01/28 14:39:48 Started transferring output files
...
040 (11451992.158.000) 01/28 14:39:49 Finished transferring output files
...
005 (11451992.158.000) 01/28 14:39:49 Job terminated.
	(1) Normal termination (return value 0)
		Usr 0 00:00:09, Sys 0 00:00:00  -  Run Remote Usage
		Usr 0 00:00:00, Sys 0 00:00:00  -  Run Local Usage
		Usr 0 00:00:09, Sys 0 00:00:00  -  Total Remote Usage
		Usr 0 00:00:00, Sys 0 00:00:00  -  Total Local Usage
	14886  -  Run Bytes Sent By Job
	5797  -  Run Bytes Received By Job
	14886  -  Total Bytes Sent By Job
	5797  -  Total Bytes Received By Job
	Partitionable Resources :    Usage  Request Allocated 
	   Cpus                 :        0        1         1 
	   Disk (KB)            :       44       10      3940 
	   GPUs                 :                           0 
	   Memory (MB)          :       79     3000      3000 

	Job terminated of its own accord at 2025-01-28T13:39:48Z with exit-code 0.
...
