000 (11451992.061.000) 01/28 14:31:49 Job submitted from host: <188.185.114.121:9618?addrs=188.185.114.121-9618+[2001-1458-d00-a--100-273]-9618&alias=bigbird19.cern.ch&noUDP&sock=schedd_2045_4743>
...
040 (11451992.061.000) 01/28 14:36:14 Started transferring input files
	Transferring to host: <188.185.195.91:9618?addrs=188.185.195.91-9618+[2001-1458-303-22--100-57]-9618&alias=b9p17p4939.cern.ch&noUDP&sock=slot1_11_9456_5b7a_69187>
...
040 (11451992.061.000) 01/28 14:36:14 Finished transferring input files
...
001 (11451992.061.000) 01/28 14:36:15 Job executing on host: <188.185.195.91:9618?addrs=188.185.195.91-9618+[2001-1458-303-22--100-57]-9618&alias=b9p17p4939.cern.ch&noUDP&sock=startd_8329_9467>
	SlotName: slot1_11@b9p17p4939.cern.ch
	CondorScratchDir = "/pool/condor/dir_2409726"
	Cpus = 1
	Disk = 3976
	GPUs = 0
	Memory = 3000
...
006 (11451992.061.000) 01/28 14:36:23 Image size of job updated: 11856
	12  -  MemoryUsage of job (MB)
	11856  -  ResidentSetSize of job (KB)
...
006 (11451992.061.000) 01/28 14:40:37 Image size of job updated: 75080
	74  -  MemoryUsage of job (MB)
	75080  -  ResidentSetSize of job (KB)
...
040 (11451992.061.000) 01/28 14:40:37 Started transferring output files
...
040 (11451992.061.000) 01/28 14:40:37 Finished transferring output files
...
005 (11451992.061.000) 01/28 14:40:37 Job terminated.
	(1) Normal termination (return value 0)
		Usr 0 00:00:15, Sys 0 00:00:01  -  Run Remote Usage
		Usr 0 00:00:00, Sys 0 00:00:00  -  Run Local Usage
		Usr 0 00:00:15, Sys 0 00:00:01  -  Total Remote Usage
		Usr 0 00:00:00, Sys 0 00:00:00  -  Total Local Usage
	14883  -  Run Bytes Sent By Job
	5797  -  Run Bytes Received By Job
	14883  -  Total Bytes Sent By Job
	5797  -  Total Bytes Received By Job
	Partitionable Resources :    Usage  Request Allocated 
	   Cpus                 :        0        1         1 
	   Disk (KB)            :       43       10      3976 
	   GPUs                 :                           0 
	   Memory (MB)          :       74     3000      3000 

	Job terminated of its own accord at 2025-01-28T13:40:37Z with exit-code 0.
...
