CHANNEL_0_1
           cbragg  cbragg_err   credchi  ...  cdelta_n            cL     timestamp
0     1544.228839    0.000193  0.000041  ...  0.000012  7.706722e+06  1.737961e+09
1     1544.230433    0.000101  0.000053  ...  0.000012  7.649627e+06  1.737961e+09
2     1544.228601    0.000099  0.000041  ...  0.000012  7.709622e+06  1.737961e+09
3     1544.230203    0.000102  0.000054  ...  0.000012  7.649201e+06  1.737961e+09
4     1544.228654    0.000098  0.000041  ...  0.000012  7.708125e+06  1.737962e+09
...           ...         ...       ...  ...       ...           ...           ...
1587  1544.230629    0.000102  0.000054  ...  0.000012  7.643791e+06  1.737977e+09
1588  1544.228938    0.000098  0.000041  ...  0.000012  7.707903e+06  1.737977e+09
1589  1544.230634    0.000107  0.000056  ...  0.000012  7.642052e+06  1.737977e+09
1590  1544.228842    0.000249  0.000041  ...  0.000012  7.699431e+06  1.737977e+09
1591  1544.230590    0.000232  0.000054  ...  0.000012  7.649528e+06  1.737977e+09

[1592 rows x 13 columns]
CHANNEL_0_2
           cbragg  cbragg_err   credchi  ...  cdelta_n            cL     timestamp
0     1545.183107    0.000085  0.000017  ...  0.000012  7.686301e+06  1.737961e+09
1     1545.183947    0.000088  0.000015  ...  0.000012  7.685054e+06  1.737961e+09
2     1545.182976    0.000087  0.000017  ...  0.000012  7.672941e+06  1.737961e+09
3     1545.183912    0.000083  0.000014  ...  0.000012  7.701258e+06  1.737961e+09
4     1545.183008    0.000107  0.000017  ...  0.000012  7.674044e+06  1.737962e+09
...           ...         ...       ...  ...       ...           ...           ...
1587  1545.184226    0.000084  0.000014  ...  0.000012  7.694096e+06  1.737977e+09
1588  1545.183192    0.000083  0.000018  ...  0.000012  7.669902e+06  1.737977e+09
1589  1545.184259    0.000085  0.000014  ...  0.000012  7.686683e+06  1.737977e+09
1590  1545.183263    0.000083  0.000018  ...  0.000012  7.679493e+06  1.737977e+09
1591  1545.184381    0.000084  0.000014  ...  0.000012  7.682540e+06  1.737977e+09

[1592 rows x 13 columns]
CHANNEL_0_3
           cbragg  cbragg_err   credchi  ...  cdelta_n            cL     timestamp
0     1546.168955    0.000113  0.000049  ...  0.000012  7.638165e+06  1.737961e+09
1     1546.167106    0.000110  0.000046  ...  0.000012  7.608465e+06  1.737961e+09
2     1546.168846    0.000120  0.000057  ...  0.000012  7.795765e+06  1.737961e+09
3     1546.167034    0.000112  0.000048  ...  0.000012  7.611841e+06  1.737961e+09
4     1546.168898    0.000112  0.000049  ...  0.000012  7.639893e+06  1.737962e+09
...           ...         ...       ...  ...       ...           ...           ...
1587  1546.167391    0.000112  0.000048  ...  0.000012  7.623013e+06  1.737977e+09
1588  1546.169182    0.000111  0.000048  ...  0.000012  7.613591e+06  1.737977e+09
1589  1546.167473    0.000110  0.000047  ...  0.000012  7.582141e+06  1.737977e+09
1590  1546.169150    0.000111  0.000048  ...  0.000012  7.597632e+06  1.737977e+09
1591  1546.167347    0.000110  0.000047  ...  0.000012  7.627503e+06  1.737977e+09

[1592 rows x 13 columns]
CHANNEL_0_4
           cbragg  cbragg_err   credchi  ...  cdelta_n            cL     timestamp
0     1547.160923    0.000115  0.000056  ...  0.000012  7.822276e+06  1.737961e+09
1     1547.162381    0.000117  0.000047  ...  0.000012  7.852272e+06  1.737961e+09
2     1547.160738    0.000115  0.000055  ...  0.000012  7.846544e+06  1.737961e+09
3     1547.162257    0.000122  0.000052  ...  0.000012  7.965759e+06  1.737961e+09
4     1547.160777    0.000115  0.000056  ...  0.000012  7.855104e+06  1.737962e+09
...           ...         ...       ...  ...       ...           ...           ...
1587  1547.162701    0.000116  0.000047  ...  0.000012  7.847781e+06  1.737977e+09
1588  1547.161072    0.000115  0.000056  ...  0.000012  7.838263e+06  1.737977e+09
1589  1547.162756    0.000118  0.000048  ...  0.000012  7.860989e+06  1.737977e+09
1590  1547.161099    0.000113  0.000054  ...  0.000012  7.826278e+06  1.737977e+09
1591  1547.162714    0.000118  0.000048  ...  0.000012  7.849986e+06  1.737977e+09

[1592 rows x 13 columns]
CHANNEL_0_5
           cbragg  cbragg_err   credchi  ...  cdelta_n            cL     timestamp
0     1548.135518    0.000091  0.000031  ...  0.000012  7.674493e+06  1.737961e+09
1     1548.138920    0.000092  0.000048  ...  0.000012  7.642642e+06  1.737961e+09
2     1548.135381    0.000092  0.000032  ...  0.000012  7.685590e+06  1.737961e+09
3     1548.138760    0.000092  0.000048  ...  0.000012  7.635271e+06  1.737961e+09
4     1548.135416    0.000095  0.000034  ...  0.000012  7.676398e+06  1.737962e+09
...           ...         ...       ...  ...       ...           ...           ...
1587  1548.139052    0.000094  0.000050  ...  0.000012  7.625272e+06  1.737977e+09
1588  1548.135631    0.000096  0.000035  ...  0.000012  7.701077e+06  1.737977e+09
1589  1548.139127    0.000161  0.000156  ...  0.000012  8.023261e+06  1.737977e+09
1590  1548.135639    0.000097  0.000036  ...  0.000012  7.781509e+06  1.737977e+09
1591  1548.139097    0.000093  0.000049  ...  0.000012  7.637107e+06  1.737977e+09

[1592 rows x 13 columns]
CHANNEL_0_6
           cbragg  cbragg_err   credchi  ...  cdelta_n            cL     timestamp
0     1549.122070    0.000084  0.000046  ...  0.000012  7.467779e+06  1.737961e+09
1     1549.114193    0.000102  0.000042  ...  0.000012  7.719502e+06  1.737961e+09
2     1549.121896    0.000084  0.000046  ...  0.000012  7.459321e+06  1.737961e+09
3     1549.114133    0.000078  0.000024  ...  0.000012  7.526969e+06  1.737961e+09
4     1549.121928    0.000087  0.000050  ...  0.000012  7.522427e+06  1.737962e+09
...           ...         ...       ...  ...       ...           ...           ...
1587  1549.114365    0.000089  0.000032  ...  0.000012  7.644515e+06  1.737977e+09
1588  1549.122153    0.000084  0.000047  ...  0.000012  7.451389e+06  1.737977e+09
1589  1549.114380    0.000129  0.000068  ...  0.000012  7.808495e+06  1.737977e+09
1590  1549.122141    0.000082  0.000045  ...  0.000012  7.448159e+06  1.737977e+09
1591  1549.114443    0.000078  0.000024  ...  0.000012  7.526523e+06  1.737977e+09

[1592 rows x 13 columns]
CHANNEL_0_7
           cbragg  cbragg_err   credchi  ...  cdelta_n            cL     timestamp
0     1550.117360    0.000118  0.000042  ...  0.000012  7.642194e+06  1.737961e+09
1     1550.121984    0.000116  0.000048  ...  0.000012  7.647193e+06  1.737961e+09
2     1550.117296    0.000119  0.000042  ...  0.000012  7.624696e+06  1.737961e+09
3     1550.121939    0.000117  0.000048  ...  0.000012  7.653037e+06  1.737961e+09
4     1550.117390    0.000120  0.000043  ...  0.000012  7.641978e+06  1.737962e+09
...           ...         ...       ...  ...       ...           ...           ...
1587  1550.122136    0.000117  0.000049  ...  0.000012  7.640220e+06  1.737977e+09
1588  1550.117579    0.000120  0.000043  ...  0.000012  7.623665e+06  1.737977e+09
1589  1550.122318    0.000116  0.000048  ...  0.000012  7.644457e+06  1.737977e+09
1590  1550.117578    0.000120  0.000043  ...  0.000012  7.623671e+06  1.737977e+09
1591  1550.122267    0.000118  0.000049  ...  0.000012  7.636054e+06  1.737977e+09

[1592 rows x 13 columns]
CHANNEL_0_8
           cbragg  cbragg_err   credchi  ...  cdelta_n            cL     timestamp
0     1551.090999    0.000073  0.000016  ...  0.000012  7.622738e+06  1.737961e+09
1     1551.091150    0.000072  0.000018  ...  0.000012  7.593379e+06  1.737961e+09
2     1551.090944    0.000073  0.000016  ...  0.000012  7.611195e+06  1.737961e+09
3     1551.091054    0.000073  0.000019  ...  0.000012  7.594068e+06  1.737961e+09
4     1551.090935    0.000073  0.000016  ...  0.000012  7.613992e+06  1.737962e+09
...           ...         ...       ...  ...       ...           ...           ...
1587  1551.092011    0.000072  0.000019  ...  0.000012  7.590064e+06  1.737977e+09
1588  1551.091889    0.000073  0.000016  ...  0.000012  7.610263e+06  1.737977e+09
1589  1551.091986    0.000073  0.000019  ...  0.000012  7.594848e+06  1.737977e+09
1590  1551.091909    0.000073  0.000016  ...  0.000012  7.596631e+06  1.737977e+09
1591  1551.092016    0.000072  0.000019  ...  0.000012  7.590712e+06  1.737977e+09

[1592 rows x 13 columns]
CHANNEL_0_9
           cbragg  cbragg_err   credchi  ...  cdelta_n            cL     timestamp
0     1552.076342    0.000087  0.000025  ...  0.000012  7.679289e+06  1.737961e+09
1     1552.071859    0.000091  0.000019  ...  0.000012  7.694953e+06  1.737961e+09
2     1552.076295    0.000086  0.000025  ...  0.000012  7.664296e+06  1.737961e+09
3     1552.071807    0.000091  0.000019  ...  0.000012  7.686561e+06  1.737961e+09
4     1552.076293    0.000086  0.000025  ...  0.000012  7.683737e+06  1.737962e+09
...           ...         ...       ...  ...       ...           ...           ...
1587  1552.072527    0.000091  0.000019  ...  0.000012  7.690220e+06  1.737977e+09
1588  1552.077218    0.000088  0.000026  ...  0.000012  7.677541e+06  1.737977e+09
1589  1552.072553    0.000090  0.000018  ...  0.000012  7.690724e+06  1.737977e+09
1590  1552.077229    0.000090  0.000028  ...  0.000012  7.676147e+06  1.737977e+09
1591  1552.072671    0.000093  0.000020  ...  0.000012  7.680373e+06  1.737977e+09

[1592 rows x 13 columns]
CHANNEL_0_10
           cbragg  cbragg_err   credchi  ...  cdelta_n            cL     timestamp
0     1553.077116    0.000092  0.000018  ...  0.000012  7.720194e+06  1.737961e+09
1     1553.080621    0.000091  0.000021  ...  0.000012  7.715851e+06  1.737961e+09
2     1553.077129    0.000092  0.000018  ...  0.000012  7.713881e+06  1.737961e+09
3     1553.080522    0.000092  0.000022  ...  0.000012  7.722491e+06  1.737961e+09
4     1553.077020    0.000091  0.000018  ...  0.000012  7.714634e+06  1.737962e+09
...           ...         ...       ...  ...       ...           ...           ...
1587  1553.081444    0.000090  0.000020  ...  0.000012  7.708984e+06  1.737977e+09
1588  1553.077975    0.000091  0.000018  ...  0.000012  7.665807e+06  1.737977e+09
1589  1553.081385    0.000089  0.000020  ...  0.000012  7.718926e+06  1.737977e+09
1590  1553.077976    0.000090  0.000018  ...  0.000012  7.717264e+06  1.737977e+09
1591  1553.081498    0.000088  0.000020  ...  0.000012  7.717532e+06  1.737977e+09

[1592 rows x 13 columns]
CHANNEL_0_11
           cbragg  cbragg_err   credchi  ...  cdelta_n            cL     timestamp
0     1554.091799    0.000071  0.000013  ...  0.000012  7.644215e+06  1.737961e+09
1     1554.085110    0.000076  0.000011  ...  0.000012  7.640670e+06  1.737961e+09
2     1554.091734    0.000068  0.000012  ...  0.000012  7.640834e+06  1.737961e+09
3     1554.085013    0.000075  0.000010  ...  0.000012  7.652093e+06  1.737961e+09
4     1554.091479    0.000073  0.000013  ...  0.000012  7.627013e+06  1.737962e+09
...           ...         ...       ...  ...       ...           ...           ...
1587  1554.085958    0.000073  0.000010  ...  0.000012  7.639251e+06  1.737977e+09
1588  1554.092546    0.000071  0.000013  ...  0.000012  7.648956e+06  1.737977e+09
1589  1554.085842    0.000072  0.000010  ...  0.000012  7.658547e+06  1.737977e+09
1590  1554.092463    0.000071  0.000013  ...  0.000012  7.645635e+06  1.737977e+09
1591  1554.085846    0.000073  0.000010  ...  0.000012  7.656956e+06  1.737977e+09

[1592 rows x 13 columns]
CHANNEL_0_12
           cbragg  cbragg_err   credchi  ...  cdelta_n            cL     timestamp
0     1555.113140    0.000113  0.000052  ...  0.000012  7.540212e+06  1.737961e+09
1     1555.111573    0.000142  0.000069  ...  0.000012  7.800946e+06  1.737961e+09
2     1555.112935    0.000111  0.000050  ...  0.000012  7.522533e+06  1.737961e+09
3     1555.111520    0.000113  0.000041  ...  0.000012  7.554796e+06  1.737961e+09
4     1555.112945    0.000114  0.000052  ...  0.000012  7.521851e+06  1.737962e+09
...           ...         ...       ...  ...       ...           ...           ...
1587  1555.112379    0.000115  0.000043  ...  0.000012  7.529032e+06  1.737977e+09
1588  1555.113796    0.000115  0.000053  ...  0.000012  7.512755e+06  1.737977e+09
1589  1555.112305    0.000116  0.000043  ...  0.000012  7.521740e+06  1.737977e+09
1590  1555.113877    0.000113  0.000051  ...  0.000012  7.490958e+06  1.737977e+09
1591  1555.112418    0.000114  0.000042  ...  0.000012  7.553022e+06  1.737977e+09

[1592 rows x 13 columns]
CHANNEL_0_13
           cbragg  cbragg_err   credchi  ...  cdelta_n            cL     timestamp
0     1556.086968    0.000146  0.000038  ...  0.000012  7.675086e+06  1.737961e+09
1     1556.087426    0.000138  0.000045  ...  0.000012  7.641801e+06  1.737961e+09
2     1556.086860    0.000143  0.000037  ...  0.000012  7.684974e+06  1.737961e+09
3     1556.087304    0.000137  0.000045  ...  0.000012  7.649613e+06  1.737961e+09
4     1556.086731    0.000141  0.000036  ...  0.000012  7.688392e+06  1.737962e+09
...           ...         ...       ...  ...       ...           ...           ...
1587  1556.088359    0.000140  0.000047  ...  0.000012  7.641663e+06  1.737977e+09
1588  1556.087813    0.000144  0.000038  ...  0.000012  7.672679e+06  1.737977e+09
1589  1556.088352    0.000136  0.000044  ...  0.000012  7.646595e+06  1.737977e+09
1590  1556.087877    0.000143  0.000037  ...  0.000012  7.669730e+06  1.737977e+09
1591  1556.088287    0.000140  0.000047  ...  0.000012  7.639509e+06  1.737977e+09

[1592 rows x 13 columns]
CHANNEL_0_14
           cbragg  cbragg_err   credchi  ...  cdelta_n            cL     timestamp
0     1557.061382    0.000097  0.000042  ...  0.000012  7.636273e+06  1.737961e+09
1     1557.054459    0.000094  0.000022  ...  0.000012  7.685530e+06  1.737961e+09
2     1557.061359    0.000096  0.000041  ...  0.000012  7.602598e+06  1.737961e+09
3     1557.054409    0.000094  0.000022  ...  0.000012  7.708665e+06  1.737961e+09
4     1557.061276    0.000101  0.000046  ...  0.000012  7.713351e+06  1.737962e+09
...           ...         ...       ...  ...       ...           ...           ...
1587  1557.055398    0.000093  0.000022  ...  0.000012  7.650498e+06  1.737977e+09
1588  1557.062170    0.000175  0.000139  ...  0.000012  7.892497e+06  1.737977e+09
1589  1557.055362    0.000094  0.000022  ...  0.000012  7.687131e+06  1.737977e+09
1590  1557.062148    0.000099  0.000044  ...  0.000012  7.611850e+06  1.737977e+09
1591  1557.055367    0.000095  0.000022  ...  0.000012  7.701197e+06  1.737977e+09

[1592 rows x 13 columns]
CHANNEL_1_1
           cbragg  cbragg_err   credchi  ...  cdelta_n            cL     timestamp
0     1555.126884    0.000100  0.000008  ...  0.000012  2.613662e+06  1.737961e+09
1     1555.130198    0.000091  0.000007  ...  0.000012  2.643005e+06  1.737961e+09
2     1555.126174    0.000550  0.000326  ...  0.000012  2.956796e+06  1.737961e+09
3     1555.130016    0.000093  0.000007  ...  0.000012  2.626220e+06  1.737961e+09
4     1555.126172    0.000436  0.000168  ...  0.000012  2.813584e+06  1.737962e+09
...           ...         ...       ...  ...       ...           ...           ...
1587  1555.130188    0.000086  0.000006  ...  0.000012  2.626093e+06  1.737977e+09
1588  1555.127118    0.000424  0.000120  ...  0.000012  2.494529e+06  1.737977e+09
1589  1555.130240    0.000092  0.000007  ...  0.000012  2.598941e+06  1.737977e+09
1590  1555.126681    0.000090  0.000006  ...  0.000012  2.615920e+06  1.737977e+09
1591  1555.130154    0.000089  0.000006  ...  0.000012  2.605486e+06  1.737977e+09

[1592 rows x 13 columns]
CHANNEL_1_2
           cbragg  cbragg_err   credchi  ...  cdelta_n            cL     timestamp
0     1558.275810    0.000216  0.000063  ...  0.000012  2.721234e+06  1.737961e+09
1     1558.278955    0.000202  0.000053  ...  0.000012  2.724011e+06  1.737961e+09
2     1558.274112    0.000824  0.001660  ...  0.000012  3.399745e+06  1.737961e+09
3     1558.278712    0.000134  0.000024  ...  0.000012  2.767846e+06  1.737961e+09
4     1558.275221    0.000532  0.000549  ...  0.000012  3.124694e+06  1.737962e+09
...           ...         ...       ...  ...       ...           ...           ...
1587  1558.277254    0.000826  0.001554  ...  0.000012  3.376169e+06  1.737977e+09
1588  1558.274041    0.001034  0.002738  ...  0.000012  3.529294e+06  1.737977e+09
1589  1558.279621    0.000509  0.000274  ...  0.000012  2.563356e+06  1.737977e+09
1590  1558.274131    0.000986  0.002510  ...  0.000012  3.511358e+06  1.737977e+09
1591  1558.278702    0.000365  0.000190  ...  0.000012  2.751274e+06  1.737977e+09

[1592 rows x 13 columns]
CHANNEL_1_3
           cbragg  cbragg_err   credchi  ...  cdelta_n            cL     timestamp
0     1561.089387    0.000036  0.000002  ...  0.000012  2.937521e+06  1.737961e+09
1     1561.086257    0.000106  0.000016  ...  0.000012  2.868375e+06  1.737961e+09
2     1561.088473    0.000968  0.002715  ...  0.000012  3.659744e+06  1.737961e+09
3     1561.086005    0.000111  0.000018  ...  0.000012  2.885087e+06  1.737961e+09
4     1561.089035    0.000913  0.002454  ...  0.000012  3.641842e+06  1.737962e+09
...           ...         ...       ...  ...       ...           ...           ...
1587  1561.086875    0.000039  0.000002  ...  0.000012  2.928119e+06  1.737977e+09
1588  1561.090121    0.000749  0.001441  ...  0.000012  3.460128e+06  1.737977e+09
1589  1561.086811    0.000052  0.000004  ...  0.000012  2.920120e+06  1.737977e+09
1590  1561.089855    0.000489  0.000556  ...  0.000012  3.285764e+06  1.737977e+09
1591  1561.086952    0.000250  0.000084  ...  0.000012  2.801117e+06  1.737977e+09

[1592 rows x 13 columns]
CHANNEL_2_1
           cbragg  cbragg_err   credchi  ...  cdelta_n            cL     timestamp
0     1542.582224    0.012551  0.004017  ...  0.000012  1.070848e+06  1.737961e+09
1     1542.589349    0.013690  0.004009  ...  0.000012  1.070880e+06  1.737961e+09
2     1542.581135    0.012516  0.004014  ...  0.000012  1.070961e+06  1.737961e+09
3     1542.577352    0.000072  0.000004  ...  0.000012  2.746639e+06  1.737961e+09
4     1542.594185    0.014143  0.003997  ...  0.000012  1.072423e+06  1.737962e+09
...           ...         ...       ...  ...       ...           ...           ...
1587  1542.577634    0.000069  0.000004  ...  0.000012  2.746759e+06  1.737977e+09
1588  1542.585232    0.009848  0.003670  ...  0.000012  1.202253e+06  1.737977e+09
1589  1542.577632    0.000071  0.000004  ...  0.000012  2.746453e+06  1.737977e+09
1590  1542.577973    0.000067  0.000004  ...  0.000012  2.747054e+06  1.737977e+09
1591  1542.577525    0.000071  0.000005  ...  0.000012  2.747471e+06  1.737977e+09

[1592 rows x 13 columns]
CHANNEL_2_2
           cbragg  cbragg_err   credchi  ...  cdelta_n            cL     timestamp
0     1546.012622    0.000148  0.000017  ...  0.000012  2.662474e+06  1.737961e+09
1     1546.013229    0.000148  0.000019  ...  0.000012  2.667691e+06  1.737961e+09
2     1546.012423    0.000149  0.000017  ...  0.000012  2.658730e+06  1.737961e+09
3     1546.013681    0.000860  0.001042  ...  0.000012  3.215449e+06  1.737961e+09
4     1546.012519    0.000156  0.000018  ...  0.000012  2.658451e+06  1.737962e+09
...           ...         ...       ...  ...       ...           ...           ...
1587  1546.013204    0.000318  0.000075  ...  0.000012  2.531921e+06  1.737977e+09
1588  1546.013021    0.000935  0.001281  ...  0.000012  3.334114e+06  1.737977e+09
1589  1546.014095    0.001149  0.002392  ...  0.000012  3.523881e+06  1.737977e+09
1590  1546.012664    0.000223  0.000045  ...  0.000012  2.784837e+06  1.737977e+09
1591  1546.013758    0.000689  0.000586  ...  0.000012  3.057175e+06  1.737977e+09

[1592 rows x 13 columns]
CHANNEL_2_3
           cbragg  cbragg_err   credchi  ...  cdelta_n            cL     timestamp
0     1548.602950    0.000304  0.000116  ...  0.000012  3.086920e+06  1.737961e+09
1     1548.604890    0.000103  0.000012  ...  0.000012  2.879728e+06  1.737961e+09
2     1548.602877    0.000257  0.000082  ...  0.000012  3.057353e+06  1.737961e+09
3     1548.604969    0.000210  0.000043  ...  0.000012  2.776920e+06  1.737961e+09
4     1548.602500    0.000123  0.000015  ...  0.000012  2.860422e+06  1.737962e+09
...           ...         ...       ...  ...       ...           ...           ...
1587  1548.605695    0.000132  0.000019  ...  0.000012  2.836084e+06  1.737977e+09
1588  1548.603431    0.000431  0.000251  ...  0.000012  3.164087e+06  1.737977e+09
1589  1548.605653    0.000119  0.000015  ...  0.000012  2.844697e+06  1.737977e+09
1590  1548.603534    0.000115  0.000014  ...  0.000012  2.866496e+06  1.737977e+09
1591  1548.604478    0.000989  0.001900  ...  0.000012  3.619649e+06  1.737977e+09

[1592 rows x 13 columns]
CHANNEL_3_1
           cbragg  cbragg_err   credchi  ...  cdelta_n            cL     timestamp
0     1543.638065    0.000102  0.000023  ...  0.000012  7.844059e+06  1.737961e+09
1     1543.625102    0.000101  0.000014  ...  0.000012  7.907616e+06  1.737961e+09
2     1543.637872    0.000102  0.000023  ...  0.000012  7.847983e+06  1.737961e+09
3     1543.624901    0.000109  0.000014  ...  0.000012  7.894600e+06  1.737961e+09
4     1543.637870    0.000122  0.000024  ...  0.000012  7.842944e+06  1.737962e+09
...           ...         ...       ...  ...       ...           ...           ...
1587  1543.625299    0.000103  0.000014  ...  0.000012  7.896014e+06  1.737977e+09
1588  1543.638157    0.000156  0.000023  ...  0.000012  7.847883e+06  1.737977e+09
1589  1543.625340    0.000170  0.000015  ...  0.000012  7.891633e+06  1.737977e+09
1590  1543.638034    0.000128  0.000024  ...  0.000012  7.835001e+06  1.737977e+09
1591  1543.625302    0.000112  0.000014  ...  0.000012  7.895380e+06  1.737977e+09

[1592 rows x 13 columns]
CHANNEL_3_2
           cbragg  cbragg_err   credchi  ...  cdelta_n            cL     timestamp
0     1544.663605    0.000221  0.000029  ...  0.000012  7.870249e+06  1.737961e+09
1     1544.656493    0.000197  0.000033  ...  0.000012  7.828610e+06  1.737961e+09
2     1544.663619    0.000114  0.000029  ...  0.000012  7.867920e+06  1.737961e+09
3     1544.656402    0.000155  0.000034  ...  0.000012  7.830755e+06  1.737961e+09
4     1544.663560    0.000154  0.000030  ...  0.000012  7.869445e+06  1.737962e+09
...           ...         ...       ...  ...       ...           ...           ...
1587  1544.656504    0.000113  0.000033  ...  0.000012  7.830986e+06  1.737977e+09
1588  1544.663906    0.000116  0.000029  ...  0.000012  7.873521e+06  1.737977e+09
1589  1544.656615    0.000127  0.000033  ...  0.000012  7.832075e+06  1.737977e+09
1590  1544.663877    0.000181  0.000029  ...  0.000012  7.875147e+06  1.737977e+09
1591  1544.656603    0.000161  0.000033  ...  0.000012  7.837110e+06  1.737977e+09

[1592 rows x 13 columns]
CHANNEL_3_3
           cbragg  cbragg_err   credchi  ...  cdelta_n            cL     timestamp
0     1545.662200    0.000118  0.000042  ...  0.000012  7.695021e+06  1.737961e+09
1     1545.653575    0.000107  0.000023  ...  0.000012  7.628262e+06  1.737961e+09
2     1545.662064    0.000107  0.000034  ...  0.000012  7.593363e+06  1.737961e+09
3     1545.653471    0.000107  0.000023  ...  0.000012  7.623046e+06  1.737961e+09
4     1545.662071    0.000108  0.000035  ...  0.000012  7.640499e+06  1.737962e+09
...           ...         ...       ...  ...       ...           ...           ...
1587  1545.653573    0.000109  0.000024  ...  0.000012  7.633537e+06  1.737977e+09
1588  1545.662356    0.000109  0.000036  ...  0.000012  7.598922e+06  1.737977e+09
1589  1545.653745    0.000110  0.000024  ...  0.000012  7.627533e+06  1.737977e+09
1590  1545.662240    0.000108  0.000035  ...  0.000012  7.601185e+06  1.737977e+09
1591  1545.653657    0.000110  0.000024  ...  0.000012  7.571890e+06  1.737977e+09

[1592 rows x 13 columns]
CHANNEL_3_4
           cbragg  cbragg_err   credchi  ...  cdelta_n            cL     timestamp
0     1546.635867    0.000094  0.000022  ...  0.000012  7.781141e+06  1.737961e+09
1     1546.625301    0.000094  0.000020  ...  0.000012  7.782781e+06  1.737961e+09
2     1546.635723    0.000095  0.000023  ...  0.000012  7.775515e+06  1.737961e+09
3     1546.625238    0.000095  0.000020  ...  0.000012  7.775956e+06  1.737961e+09
4     1546.635748    0.000094  0.000022  ...  0.000012  7.788291e+06  1.737962e+09
...           ...         ...       ...  ...       ...           ...           ...
1587  1546.625335    0.000094  0.000020  ...  0.000012  7.779353e+06  1.737977e+09
1588  1546.635949    0.000096  0.000023  ...  0.000012  7.774871e+06  1.737977e+09
1589  1546.625385    0.000095  0.000020  ...  0.000012  7.779624e+06  1.737977e+09
1590  1546.635926    0.000096  0.000024  ...  0.000012  7.777078e+06  1.737977e+09
1591  1546.625354    0.000095  0.000020  ...  0.000012  7.779590e+06  1.737977e+09

[1592 rows x 13 columns]
CHANNEL_3_5
           cbragg  cbragg_err   credchi  ...  cdelta_n            cL     timestamp
0     1547.650920    0.000079  0.000014  ...  0.000012  7.600843e+06  1.737961e+09
1     1547.648844    0.000078  0.000015  ...  0.000012  7.595487e+06  1.737961e+09
2     1547.650699    0.000080  0.000014  ...  0.000012  7.594849e+06  1.737961e+09
3     1547.648658    0.000078  0.000015  ...  0.000012  7.588513e+06  1.737961e+09
4     1547.650776    0.000080  0.000014  ...  0.000012  7.610894e+06  1.737962e+09
...           ...         ...       ...  ...       ...           ...           ...
1587  1547.648932    0.000078  0.000015  ...  0.000012  7.583375e+06  1.737977e+09
1588  1547.651038    0.000079  0.000014  ...  0.000012  7.608707e+06  1.737977e+09
1589  1547.648959    0.000081  0.000016  ...  0.000012  7.643246e+06  1.737977e+09
1590  1547.650977    0.000079  0.000014  ...  0.000012  7.604123e+06  1.737977e+09
1591  1547.648942    0.000077  0.000015  ...  0.000012  7.581703e+06  1.737977e+09

[1592 rows x 13 columns]
CHANNEL_3_6
           cbragg  cbragg_err   credchi  ...  cdelta_n            cL     timestamp
0     1548.641251    0.000107  0.000036  ...  0.000012  7.873082e+06  1.737961e+09
1     1548.629496    0.000074  0.000010  ...  0.000012  7.902526e+06  1.737961e+09
2     1548.641150    0.000079  0.000020  ...  0.000012  7.804053e+06  1.737961e+09
3     1548.629307    0.000074  0.000010  ...  0.000012  7.902965e+06  1.737961e+09
4     1548.641240    0.000078  0.000020  ...  0.000012  7.814999e+06  1.737962e+09
...           ...         ...       ...  ...       ...           ...           ...
1587  1548.629552    0.000072  0.000010  ...  0.000012  7.912452e+06  1.737977e+09
1588  1548.641417    0.000076  0.000019  ...  0.000012  7.777786e+06  1.737977e+09
1589  1548.629642    0.000073  0.000010  ...  0.000012  7.897228e+06  1.737977e+09
1590  1548.641306    0.000079  0.000021  ...  0.000012  7.835449e+06  1.737977e+09
1591  1548.629560    0.000074  0.000010  ...  0.000012  7.906771e+06  1.737977e+09

[1592 rows x 13 columns]
CHANNEL_3_7
           cbragg  cbragg_err   credchi  ...  cdelta_n            cL     timestamp
0     1549.655059    0.000087  0.000014  ...  0.000012  7.578556e+06  1.737961e+09
1     1549.656287    0.000086  0.000021  ...  0.000012  7.531101e+06  1.737961e+09
2     1549.655004    0.000088  0.000014  ...  0.000012  7.572352e+06  1.737961e+09
3     1549.656251    0.000086  0.000021  ...  0.000012  7.557003e+06  1.737961e+09
4     1549.655131    0.000088  0.000014  ...  0.000012  7.576592e+06  1.737962e+09
...           ...         ...       ...  ...       ...           ...           ...
1587  1549.656492    0.000085  0.000021  ...  0.000012  7.520835e+06  1.737977e+09
1588  1549.655239    0.000125  0.000026  ...  0.000012  7.278919e+06  1.737977e+09
1589  1549.656538    0.000088  0.000022  ...  0.000012  7.515416e+06  1.737977e+09
1590  1549.655254    0.000090  0.000014  ...  0.000012  7.561288e+06  1.737977e+09
1591  1549.656612    0.000086  0.000021  ...  0.000012  7.524329e+06  1.737977e+09

[1592 rows x 13 columns]
CHANNEL_3_8
           cbragg  cbragg_err   credchi  ...  cdelta_n            cL     timestamp
0     1550.610814    0.000087  0.000018  ...  0.000012  7.634126e+06  1.737961e+09
1     1550.601880    0.000090  0.000011  ...  0.000012  7.705236e+06  1.737961e+09
2     1550.610728    0.000090  0.000019  ...  0.000012  7.623669e+06  1.737961e+09
3     1550.601786    0.000090  0.000011  ...  0.000012  7.701610e+06  1.737961e+09
4     1550.610728    0.000089  0.000019  ...  0.000012  7.633703e+06  1.737962e+09
...           ...         ...       ...  ...       ...           ...           ...
1587  1550.602669    0.000092  0.000012  ...  0.000012  7.704213e+06  1.737977e+09
1588  1550.611501    0.000090  0.000019  ...  0.000012  7.622933e+06  1.737977e+09
1589  1550.602728    0.000091  0.000011  ...  0.000012  7.696834e+06  1.737977e+09
1590  1550.611497    0.000088  0.000019  ...  0.000012  7.632020e+06  1.737977e+09
1591  1550.602728    0.000094  0.000012  ...  0.000012  7.699591e+06  1.737977e+09

[1592 rows x 13 columns]
CHANNEL_3_9
           cbragg  cbragg_err   credchi  ...  cdelta_n            cL     timestamp
0     1551.605323    0.000095  0.000013  ...  0.000012  7.673993e+06  1.737961e+09
1     1551.602888    0.000091  0.000017  ...  0.000012  7.642829e+06  1.737961e+09
2     1551.605356    0.000095  0.000013  ...  0.000012  7.704689e+06  1.737961e+09
3     1551.602855    0.000090  0.000017  ...  0.000012  7.663611e+06  1.737961e+09
4     1551.605219    0.000094  0.000013  ...  0.000012  7.707910e+06  1.737962e+09
...           ...         ...       ...  ...       ...           ...           ...
1587  1551.603810    0.000091  0.000017  ...  0.000012  7.652672e+06  1.737977e+09
1588  1551.606220    0.000095  0.000013  ...  0.000012  7.641528e+06  1.737977e+09
1589  1551.603825    0.000090  0.000017  ...  0.000012  7.661629e+06  1.737977e+09
1590  1551.606260    0.000109  0.000017  ...  0.000012  7.490199e+06  1.737977e+09
1591  1551.603841    0.000090  0.000016  ...  0.000012  7.660348e+06  1.737977e+09

[1592 rows x 13 columns]
CHANNEL_3_10
           cbragg  cbragg_err   credchi  ...  cdelta_n            cL     timestamp
0     1552.613894    0.000105  0.000018  ...  0.000012  7.755220e+06  1.737961e+09
1     1552.607441    0.000103  0.000015  ...  0.000012  7.790983e+06  1.737961e+09
2     1552.613734    0.000103  0.000018  ...  0.000012  7.776605e+06  1.737961e+09
3     1552.607391    0.000106  0.000016  ...  0.000012  7.764054e+06  1.737961e+09
4     1552.613817    0.000103  0.000018  ...  0.000012  7.754269e+06  1.737962e+09
...           ...         ...       ...  ...       ...           ...           ...
1587  1552.608429    0.000227  0.000064  ...  0.000012  7.194525e+06  1.737977e+09
1588  1552.614726    0.000104  0.000018  ...  0.000012  7.746678e+06  1.737977e+09
1589  1552.608433    0.000102  0.000015  ...  0.000012  7.798995e+06  1.737977e+09
1590  1552.614663    0.000104  0.000018  ...  0.000012  7.749412e+06  1.737977e+09
1591  1552.608341    0.000102  0.000015  ...  0.000012  7.790930e+06  1.737977e+09

[1592 rows x 13 columns]
CHANNEL_3_11
           cbragg  cbragg_err   credchi  ...  cdelta_n            cL     timestamp
0     1553.583147    0.000124  0.000035  ...  0.000012  7.973577e+06  1.737961e+09
1     1553.572516    0.000122  0.000027  ...  0.000012  7.963646e+06  1.737961e+09
2     1553.583112    0.000123  0.000034  ...  0.000012  7.962292e+06  1.737961e+09
3     1553.572429    0.000123  0.000027  ...  0.000012  7.957205e+06  1.737961e+09
4     1553.583072    0.000180  0.000072  ...  0.000012  7.636788e+06  1.737962e+09
...           ...         ...       ...  ...       ...           ...           ...
1587  1553.573253    0.000124  0.000027  ...  0.000012  7.953462e+06  1.737977e+09
1588  1553.583969    0.000124  0.000035  ...  0.000012  7.974559e+06  1.737977e+09
1589  1553.573226    0.000123  0.000027  ...  0.000012  7.953129e+06  1.737977e+09
1590  1553.584032    0.000123  0.000035  ...  0.000012  7.971547e+06  1.737977e+09
1591  1553.573346    0.000123  0.000027  ...  0.000012  7.953281e+06  1.737977e+09

[1592 rows x 13 columns]
CHANNEL_3_12
           cbragg  cbragg_err   credchi  ...  cdelta_n            cL     timestamp
0     1554.556364    0.000093  0.000017  ...  0.000012  7.823314e+06  1.737961e+09
1     1554.552111    0.000095  0.000014  ...  0.000012  7.849054e+06  1.737961e+09
2     1554.556333    0.000095  0.000017  ...  0.000012  7.816865e+06  1.737961e+09
3     1554.552010    0.000097  0.000015  ...  0.000012  7.836154e+06  1.737961e+09
4     1554.556241    0.000095  0.000017  ...  0.000012  7.822045e+06  1.737962e+09
...           ...         ...       ...  ...       ...           ...           ...
1587  1554.553210    0.000094  0.000014  ...  0.000012  7.830681e+06  1.737977e+09
1588  1554.557236    0.000096  0.000018  ...  0.000012  7.813449e+06  1.737977e+09
1589  1554.553117    0.000096  0.000014  ...  0.000012  7.834788e+06  1.737977e+09
1590  1554.557301    0.000094  0.000017  ...  0.000012  7.815751e+06  1.737977e+09
1591  1554.553228    0.000117  0.000021  ...  0.000012  7.603144e+06  1.737977e+09

[1592 rows x 13 columns]
CHANNEL_3_13
           cbragg  cbragg_err   credchi  ...  cdelta_n            cL     timestamp
0     1555.564448    0.000085  0.000012  ...  0.000012  7.632554e+06  1.737961e+09
1     1555.558534    0.000085  0.000013  ...  0.000012  7.583655e+06  1.737961e+09
2     1555.564320    0.000087  0.000012  ...  0.000012  7.627794e+06  1.737961e+09
3     1555.558417    0.000085  0.000013  ...  0.000012  7.586407e+06  1.737961e+09
4     1555.564314    0.000088  0.000013  ...  0.000012  7.631821e+06  1.737962e+09
...           ...         ...       ...  ...       ...           ...           ...
1587  1555.559159    0.000086  0.000013  ...  0.000012  7.595962e+06  1.737977e+09
1588  1555.565362    0.000086  0.000012  ...  0.000012  7.633524e+06  1.737977e+09
1589  1555.559402    0.000086  0.000013  ...  0.000012  7.572226e+06  1.737977e+09
1590  1555.565296    0.000087  0.000012  ...  0.000012  7.625476e+06  1.737977e+09
1591  1555.559289    0.000086  0.000013  ...  0.000012  7.577302e+06  1.737977e+09

[1592 rows x 13 columns]
CHANNEL_3_14
           cbragg  cbragg_err   credchi  ...  cdelta_n            cL     timestamp
0     1556.518504    0.000186  0.000075  ...  0.000012  7.595021e+06  1.737961e+09
1     1556.512337    0.000185  0.000049  ...  0.000012  7.796851e+06  1.737961e+09
2     1556.518449    0.000207  0.000091  ...  0.000012  7.815890e+06  1.737961e+09
3     1556.512236    0.000183  0.000048  ...  0.000012  7.797913e+06  1.737961e+09
4     1556.518416    0.000181  0.000072  ...  0.000012  7.656554e+06  1.737962e+09
...           ...         ...       ...  ...       ...           ...           ...
1587  1556.513284    0.000185  0.000049  ...  0.000012  7.793316e+06  1.737977e+09
1588  1556.519352    0.000184  0.000075  ...  0.000012  7.733230e+06  1.737977e+09
1589  1556.513262    0.000185  0.000049  ...  0.000012  7.788488e+06  1.737977e+09
1590  1556.519376    0.000181  0.000072  ...  0.000012  7.699593e+06  1.737977e+09
1591  1556.513263    0.000187  0.000050  ...  0.000012  7.788915e+06  1.737977e+09

[1592 rows x 13 columns]
