CHANNEL_0_1
           cbragg  cbragg_err   credchi  ...  cdelta_n            cL     timestamp
0     1544.812631    0.000121  0.000227  ...  0.000012  7.687281e+06  1.734008e+09
1     1544.807045    0.000097  0.000264  ...  0.000012  7.659299e+06  1.734008e+09
2     1544.813046    0.000109  0.000224  ...  0.000012  7.694157e+06  1.734008e+09
3     1544.807372    0.000105  0.000261  ...  0.000012  7.665646e+06  1.734008e+09
4     1544.812945    0.000219  0.000221  ...  0.000012  7.693169e+06  1.734008e+09
...           ...         ...       ...  ...       ...           ...           ...
1587  1544.801662    0.000094  0.000251  ...  0.000012  7.666625e+06  1.734024e+09
1588  1544.808641    0.000094  0.000225  ...  0.000012  7.695616e+06  1.734024e+09
1589  1544.801921    0.000104  0.000256  ...  0.000012  7.663738e+06  1.734024e+09
1590  1544.808598    0.000208  0.000217  ...  0.000012  7.703528e+06  1.734024e+09
1591  1544.801911    0.000206  0.000257  ...  0.000012  7.659591e+06  1.734024e+09

[1592 rows x 13 columns]
CHANNEL_0_2
           cbragg  cbragg_err   credchi  ...  cdelta_n            cL     timestamp
0     1545.673207    0.000073  0.000096  ...  0.000012  7.722703e+06  1.734008e+09
1     1545.662442    0.000084  0.000069  ...  0.000012  7.839732e+06  1.734008e+09
2     1545.673413    0.000074  0.000098  ...  0.000012  7.706516e+06  1.734008e+09
3     1545.662555    0.000075  0.000054  ...  0.000012  7.799407e+06  1.734008e+09
4     1545.673902    0.000074  0.000100  ...  0.000012  7.723522e+06  1.734008e+09
...           ...         ...       ...  ...       ...           ...           ...
1587  1545.645890    0.000074  0.000053  ...  0.000012  7.744567e+06  1.734024e+09
1588  1545.657834    0.000070  0.000087  ...  0.000012  7.712638e+06  1.734024e+09
1589  1545.646112    0.000069  0.000046  ...  0.000012  7.769965e+06  1.734024e+09
1590  1545.657794    0.000067  0.000081  ...  0.000012  7.689585e+06  1.734024e+09
1591  1545.646122    0.000071  0.000049  ...  0.000012  7.769534e+06  1.734024e+09

[1592 rows x 13 columns]
CHANNEL_0_3
           cbragg  cbragg_err   credchi  ...  cdelta_n            cL     timestamp
0     1546.419579    0.000104  0.000224  ...  0.000012  7.680081e+06  1.734008e+09
1     1546.412028    0.000097  0.000208  ...  0.000012  7.598146e+06  1.734008e+09
2     1546.418487    0.000120  0.000299  ...  0.000012  7.734647e+06  1.734008e+09
3     1546.411688    0.000097  0.000212  ...  0.000012  7.693624e+06  1.734008e+09
4     1546.420186    0.000108  0.000246  ...  0.000012  7.587277e+06  1.734008e+09
...           ...         ...       ...  ...       ...           ...           ...
1587  1546.369020    0.000098  0.000203  ...  0.000012  7.648943e+06  1.734024e+09
1588  1546.377943    0.000102  0.000228  ...  0.000012  7.758967e+06  1.734024e+09
1589  1546.368908    0.000103  0.000232  ...  0.000012  7.787584e+06  1.734024e+09
1590  1546.377723    0.000102  0.000222  ...  0.000012  7.654911e+06  1.734024e+09
1591  1546.368972    0.000098  0.000204  ...  0.000012  7.619816e+06  1.734024e+09

[1592 rows x 13 columns]
CHANNEL_0_4
           cbragg  cbragg_err   credchi  ...  cdelta_n            cL     timestamp
0     1547.155407    0.000157  0.000685  ...  0.000012  8.077940e+06  1.734008e+09
1     1547.142340    0.000114  0.000205  ...  0.000012  7.916587e+06  1.734008e+09
2     1547.155167    0.000106  0.000324  ...  0.000012  7.920958e+06  1.734008e+09
3     1547.142209    0.000102  0.000164  ...  0.000012  8.034521e+06  1.734008e+09
4     1547.155563    0.000145  0.000598  ...  0.000012  8.095144e+06  1.734008e+09
...           ...         ...       ...  ...       ...           ...           ...
1587  1547.137030    0.000367  0.001871  ...  0.000012  7.094921e+06  1.734024e+09
1588  1547.150252    0.000105  0.000308  ...  0.000012  7.894306e+06  1.734024e+09
1589  1547.136353    0.000099  0.000154  ...  0.000012  8.048629e+06  1.734024e+09
1590  1547.150072    0.000183  0.001040  ...  0.000012  8.438167e+06  1.734024e+09
1591  1547.136428    0.000391  0.002089  ...  0.000012  7.034224e+06  1.734024e+09

[1592 rows x 13 columns]
CHANNEL_0_5
           cbragg  cbragg_err   credchi  ...  cdelta_n            cL     timestamp
0     1548.127315    0.000091  0.000218  ...  0.000012  7.821714e+06  1.734008e+09
1     1548.121582    0.000169  0.000747  ...  0.000012  8.070714e+06  1.734008e+09
2     1548.127266    0.000125  0.000413  ...  0.000012  7.977537e+06  1.734008e+09
3     1548.121312    0.000089  0.000197  ...  0.000012  7.682166e+06  1.734008e+09
4     1548.127227    0.000086  0.000187  ...  0.000012  7.709492e+06  1.734008e+09
...           ...         ...       ...  ...       ...           ...           ...
1587  1548.116256    0.000127  0.000407  ...  0.000012  8.014672e+06  1.734024e+09
1588  1548.123517    0.000085  0.000195  ...  0.000012  7.758793e+06  1.734024e+09
1589  1548.116243    0.000087  0.000182  ...  0.000012  7.712206e+06  1.734024e+09
1590  1548.123668    0.000109  0.000318  ...  0.000012  7.853399e+06  1.734024e+09
1591  1548.116361    0.000086  0.000181  ...  0.000012  7.769817e+06  1.734024e+09

[1592 rows x 13 columns]
CHANNEL_0_6
           cbragg  cbragg_err   credchi  ...  cdelta_n            cL     timestamp
0     1549.110717    0.000202  0.001464  ...  0.000012  8.076997e+06  1.734008e+09
1     1549.098524    0.000133  0.000465  ...  0.000012  7.881115e+06  1.734008e+09
2     1549.110610    0.000086  0.000247  ...  0.000012  7.622113e+06  1.734008e+09
3     1549.098399    0.000123  0.000373  ...  0.000012  7.725230e+06  1.734008e+09
4     1549.110553    0.000137  0.000648  ...  0.000012  7.853301e+06  1.734008e+09
...           ...         ...       ...  ...       ...           ...           ...
1587  1549.094795    0.000090  0.000202  ...  0.000012  7.660544e+06  1.734024e+09
1588  1549.107304    0.000097  0.000327  ...  0.000012  7.732539e+06  1.734024e+09
1589  1549.094942    0.000077  0.000149  ...  0.000012  7.567922e+06  1.734024e+09
1590  1549.107294    0.000078  0.000203  ...  0.000012  7.547904e+06  1.734024e+09
1591  1549.094801    0.000084  0.000177  ...  0.000012  7.654433e+06  1.734024e+09

[1592 rows x 13 columns]
CHANNEL_0_7
           cbragg  cbragg_err   credchi  ...  cdelta_n            cL     timestamp
0     1550.110319    0.000118  0.000319  ...  0.000012  7.741423e+06  1.734008e+09
1     1550.101075    0.000135  0.000229  ...  0.000012  7.708519e+06  1.734008e+09
2     1550.110263    0.000188  0.000823  ...  0.000012  7.995801e+06  1.734008e+09
3     1550.100910    0.000113  0.000165  ...  0.000012  7.654283e+06  1.734008e+09
4     1550.110293    0.000169  0.000688  ...  0.000012  8.027244e+06  1.734008e+09
...           ...         ...       ...  ...       ...           ...           ...
1587  1550.096635    0.000212  0.000590  ...  0.000012  8.115363e+06  1.734024e+09
1588  1550.107452    0.000182  0.000713  ...  0.000012  7.240612e+06  1.734024e+09
1589  1550.096830    0.000112  0.000160  ...  0.000012  7.680895e+06  1.734024e+09
1590  1550.107326    0.000130  0.000399  ...  0.000012  7.835534e+06  1.734024e+09
1591  1550.096700    0.000146  0.000287  ...  0.000012  7.968117e+06  1.734024e+09

[1592 rows x 13 columns]
CHANNEL_0_8
           cbragg  cbragg_err   credchi  ...  cdelta_n            cL     timestamp
0     1551.082917    0.000068  0.000097  ...  0.000012  7.608830e+06  1.734008e+09
1     1551.073212    0.000066  0.000071  ...  0.000012  7.642632e+06  1.734008e+09
2     1551.082774    0.000064  0.000086  ...  0.000012  7.650638e+06  1.734008e+09
3     1551.073087    0.000066  0.000070  ...  0.000012  7.648125e+06  1.734008e+09
4     1551.082820    0.000074  0.000116  ...  0.000012  7.737379e+06  1.734008e+09
...           ...         ...       ...  ...       ...           ...           ...
1587  1551.069060    0.000066  0.000067  ...  0.000012  7.642366e+06  1.734024e+09
1588  1551.079709    0.000067  0.000097  ...  0.000012  7.653594e+06  1.734024e+09
1589  1551.068933    0.000064  0.000063  ...  0.000012  7.649001e+06  1.734024e+09
1590  1551.079858    0.000094  0.000200  ...  0.000012  7.862005e+06  1.734024e+09
1591  1551.068781    0.000065  0.000066  ...  0.000012  7.658291e+06  1.734024e+09

[1592 rows x 13 columns]
CHANNEL_0_9
           cbragg  cbragg_err   credchi  ...  cdelta_n            cL     timestamp
0     1552.066671    0.000090  0.000147  ...  0.000012  7.748973e+06  1.734008e+09
1     1552.055542    0.000081  0.000084  ...  0.000012  7.683066e+06  1.734008e+09
2     1552.066696    0.000099  0.000183  ...  0.000012  7.905876e+06  1.734008e+09
3     1552.055459    0.000081  0.000083  ...  0.000012  7.720048e+06  1.734008e+09
4     1552.066609    0.000078  0.000113  ...  0.000012  7.744174e+06  1.734008e+09
...           ...         ...       ...  ...       ...           ...           ...
1587  1552.051537    0.000134  0.000221  ...  0.000012  7.831358e+06  1.734024e+09
1588  1552.064599    0.000822  0.017057  ...  0.000012  1.097631e+07  1.734024e+09
1589  1552.051537    0.000081  0.000084  ...  0.000012  7.730686e+06  1.734024e+09
1590  1552.063514    0.000079  0.000114  ...  0.000012  7.722807e+06  1.734024e+09
1591  1552.051486    0.000082  0.000087  ...  0.000012  7.724221e+06  1.734024e+09

[1592 rows x 13 columns]
CHANNEL_0_10
           cbragg  cbragg_err   credchi  ...  cdelta_n            cL     timestamp
0     1553.071081    0.000072  0.000087  ...  0.000012  7.762729e+06  1.734008e+09
1     1553.060750    0.000078  0.000060  ...  0.000012  7.809049e+06  1.734008e+09
2     1553.070932    0.000072  0.000088  ...  0.000012  7.795055e+06  1.734008e+09
3     1553.060644    0.000076  0.000058  ...  0.000012  7.797239e+06  1.734008e+09
4     1553.070913    0.000074  0.000092  ...  0.000012  7.787029e+06  1.734008e+09
...           ...         ...       ...  ...       ...           ...           ...
1587  1553.056864    0.000075  0.000055  ...  0.000012  7.813078e+06  1.734024e+09
1588  1553.067892    0.000071  0.000084  ...  0.000012  7.792590e+06  1.734024e+09
1589  1553.056752    0.000074  0.000055  ...  0.000012  7.825788e+06  1.734024e+09
1590  1553.067800    0.000074  0.000091  ...  0.000012  7.851737e+06  1.734024e+09
1591  1553.056851    0.000140  0.000209  ...  0.000012  8.215617e+06  1.734024e+09

[1592 rows x 13 columns]
CHANNEL_0_11
           cbragg  cbragg_err   credchi  ...  cdelta_n            cL     timestamp
0     1554.081935    0.000061  0.000054  ...  0.000012  7.720606e+06  1.734008e+09
1     1554.068956    0.000061  0.000039  ...  0.000012  7.767517e+06  1.734008e+09
2     1554.081860    0.000072  0.000074  ...  0.000012  7.596202e+06  1.734008e+09
3     1554.068806    0.000061  0.000038  ...  0.000012  7.753798e+06  1.734008e+09
4     1554.081746    0.000066  0.000063  ...  0.000012  7.713802e+06  1.734008e+09
...           ...         ...       ...  ...       ...           ...           ...
1587  1554.064985    0.000064  0.000042  ...  0.000012  7.730457e+06  1.734024e+09
1588  1554.078522    0.000060  0.000054  ...  0.000012  7.722920e+06  1.734024e+09
1589  1554.065099    0.000056  0.000033  ...  0.000012  7.782613e+06  1.734024e+09
1590  1554.078548    0.000065  0.000063  ...  0.000012  7.733131e+06  1.734024e+09
1591  1554.064862    0.000063  0.000040  ...  0.000012  7.776152e+06  1.734024e+09

[1592 rows x 13 columns]
CHANNEL_0_12
           cbragg  cbragg_err   credchi  ...  cdelta_n            cL     timestamp
0     1555.106101    0.000163  0.000781  ...  0.000012  7.988708e+06  1.734008e+09
1     1555.091140    0.000213  0.000710  ...  0.000012  8.179275e+06  1.734008e+09
2     1555.106008    0.000156  0.000691  ...  0.000012  7.899311e+06  1.734008e+09
3     1555.091076    0.000154  0.000325  ...  0.000012  7.299078e+06  1.734008e+09
4     1555.106101    0.000159  0.000729  ...  0.000012  7.936625e+06  1.734008e+09
...           ...         ...       ...  ...       ...           ...           ...
1587  1555.087528    0.000178  0.000477  ...  0.000012  7.978480e+06  1.734024e+09
1588  1555.102863    0.000109  0.000318  ...  0.000012  7.591498e+06  1.734024e+09
1589  1555.087532    0.000119  0.000207  ...  0.000012  7.691103e+06  1.734024e+09
1590  1555.102865    0.000104  0.000291  ...  0.000012  7.595731e+06  1.734024e+09
1591  1555.087437    0.000146  0.000330  ...  0.000012  7.963581e+06  1.734024e+09

[1592 rows x 13 columns]
CHANNEL_0_13
           cbragg  cbragg_err   credchi  ...  cdelta_n            cL     timestamp
0     1556.079509    0.000138  0.000219  ...  0.000012  7.869040e+06  1.734008e+09
1     1556.071146    0.000129  0.000193  ...  0.000012  7.699467e+06  1.734008e+09
2     1556.079284    0.000392  0.001568  ...  0.000012  6.844350e+06  1.734008e+09
3     1556.071013    0.000227  0.000634  ...  0.000012  8.212658e+06  1.734008e+09
4     1556.078766    0.000275  0.000956  ...  0.000012  8.457298e+06  1.734008e+09
...           ...         ...       ...  ...       ...           ...           ...
1587  1556.066859    0.000130  0.000188  ...  0.000012  7.711830e+06  1.734024e+09
1588  1556.076473    0.000127  0.000193  ...  0.000012  7.735429e+06  1.734024e+09
1589  1556.066955    0.000127  0.000179  ...  0.000012  7.711750e+06  1.734024e+09
1590  1556.077018    0.000529  0.003043  ...  0.000012  6.661691e+06  1.734024e+09
1591  1556.066856    0.000129  0.000185  ...  0.000012  7.696159e+06  1.734024e+09

[1592 rows x 13 columns]
CHANNEL_0_14
           cbragg  cbragg_err   credchi  ...  cdelta_n            cL     timestamp
0     1557.052138    0.000092  0.000190  ...  0.000012  7.706520e+06  1.734008e+09
1     1557.039044    0.000091  0.000133  ...  0.000012  7.737179e+06  1.734008e+09
2     1557.051978    0.000112  0.000297  ...  0.000012  7.913873e+06  1.734008e+09
3     1557.039007    0.000092  0.000135  ...  0.000012  7.735392e+06  1.734008e+09
4     1557.052042    0.000091  0.000187  ...  0.000012  7.717056e+06  1.734008e+09
...           ...         ...       ...  ...       ...           ...           ...
1587  1557.035504    0.000092  0.000138  ...  0.000012  7.736560e+06  1.734024e+09
1588  1557.048639    0.000091  0.000183  ...  0.000012  7.713627e+06  1.734024e+09
1589  1557.035520    0.000092  0.000140  ...  0.000012  7.733097e+06  1.734024e+09
1590  1557.048716    0.000106  0.000258  ...  0.000012  7.886135e+06  1.734024e+09
1591  1557.035529    0.000091  0.000137  ...  0.000012  7.737694e+06  1.734024e+09

[1592 rows x 13 columns]
CHANNEL_1_1
           cbragg  cbragg_err   credchi  ...  cdelta_n            cL     timestamp
0     1556.601014    0.001088  0.003186  ...  0.000012  2.228040e+06  1.734008e+09
1     1556.595541    0.000061  0.000020  ...  0.000012  2.683648e+06  1.734008e+09
2     1556.604286    0.001104  0.003180  ...  0.000012  2.231654e+06  1.734008e+09
3     1556.598749    0.000383  0.000625  ...  0.000012  2.505417e+06  1.734008e+09
4     1556.601003    0.000066  0.000024  ...  0.000012  2.684644e+06  1.734008e+09
...           ...         ...       ...  ...       ...           ...           ...
1587  1556.605592    0.000089  0.000042  ...  0.000012  2.670660e+06  1.734024e+09
1588  1556.611261    0.001070  0.003169  ...  0.000012  2.236637e+06  1.734024e+09
1589  1556.605992    0.000317  0.000451  ...  0.000012  2.514789e+06  1.734024e+09
1590  1556.611279    0.001073  0.003224  ...  0.000012  2.238898e+06  1.734024e+09
1591  1556.605658    0.000109  0.000062  ...  0.000012  2.628441e+06  1.734024e+09

[1592 rows x 13 columns]
CHANNEL_1_2
           cbragg  cbragg_err   credchi  ...  cdelta_n            cL     timestamp
0     1558.274853    0.000351  0.000938  ...  0.000012  2.693551e+06  1.734008e+09
1     1558.272972    0.000148  0.000193  ...  0.000012  2.863062e+06  1.734008e+09
2     1558.274902    0.000395  0.001079  ...  0.000012  2.619535e+06  1.734008e+09
3     1558.268960    0.001239  0.020443  ...  0.000012  3.524057e+06  1.734008e+09
4     1558.274552    0.000175  0.000237  ...  0.000012  2.737239e+06  1.734008e+09
...           ...         ...       ...  ...       ...           ...           ...
1587  1558.262264    0.000119  0.000109  ...  0.000012  2.782215e+06  1.734024e+09
1588  1558.262824    0.000619  0.004357  ...  0.000012  3.184580e+06  1.734024e+09
1589  1558.262917    0.000723  0.002845  ...  0.000012  2.460569e+06  1.734024e+09
1590  1558.263331    0.000522  0.002920  ...  0.000012  3.123700e+06  1.734024e+09
1591  1558.262220    0.000116  0.000106  ...  0.000012  2.812261e+06  1.734024e+09

[1592 rows x 13 columns]
CHANNEL_1_3
           cbragg  cbragg_err   credchi  ...  cdelta_n            cL     timestamp
0     1561.089651    0.000259  0.000516  ...  0.000012  2.773355e+06  1.734008e+09
1     1561.090299    0.000035  0.000011  ...  0.000012  2.924111e+06  1.734008e+09
2     1561.089540    0.000233  0.000430  ...  0.000012  2.790081e+06  1.734008e+09
3     1561.090232    0.000034  0.000010  ...  0.000012  2.920815e+06  1.734008e+09
4     1561.089201    0.000034  0.000011  ...  0.000012  2.920879e+06  1.734008e+09
...           ...         ...       ...  ...       ...           ...           ...
1587  1561.077637    0.000037  0.000013  ...  0.000012  2.919187e+06  1.734024e+09
1588  1561.076400    0.000124  0.000132  ...  0.000012  2.853506e+06  1.734024e+09
1589  1561.077729    0.000477  0.001642  ...  0.000012  2.683763e+06  1.734024e+09
1590  1561.076217    0.000039  0.000014  ...  0.000012  2.927461e+06  1.734024e+09
1591  1561.077782    0.000663  0.002746  ...  0.000012  2.581601e+06  1.734024e+09

[1592 rows x 13 columns]
CHANNEL_2_1
           cbragg  cbragg_err   credchi  ...  cdelta_n            cL     timestamp
0     1544.013166    0.000075  0.000006  ...  0.000012  2.771789e+06  1.734008e+09
1     1544.009842    0.000073  0.000006  ...  0.000012  2.774766e+06  1.734008e+09
2     1544.014403    0.000076  0.000006  ...  0.000012  2.770389e+06  1.734008e+09
3     1544.011310    0.000070  0.000005  ...  0.000012  2.775896e+06  1.734008e+09
4     1544.013530    0.000075  0.000006  ...  0.000012  2.773917e+06  1.734008e+09
...           ...         ...       ...  ...       ...           ...           ...
1587  1544.021422    0.000067  0.000005  ...  0.000012  2.780150e+06  1.734024e+09
1588  1544.024487    0.000069  0.000005  ...  0.000012  2.775770e+06  1.734024e+09
1589  1544.020963    0.000069  0.000005  ...  0.000012  2.779351e+06  1.734024e+09
1590  1544.024720    0.000073  0.000005  ...  0.000012  2.777526e+06  1.734024e+09
1591  1544.021384    0.000069  0.000005  ...  0.000012  2.779778e+06  1.734024e+09

[1592 rows x 13 columns]
CHANNEL_2_2
           cbragg  cbragg_err   credchi  ...  cdelta_n            cL     timestamp
0     1545.994071    0.000970  0.001291  ...  0.000012  3.305975e+06  1.734008e+09
1     1545.994316    0.000770  0.000320  ...  0.000012  2.314286e+06  1.734008e+09
2     1545.993868    0.001222  0.002434  ...  0.000012  3.550915e+06  1.734008e+09
3     1545.994892    0.000159  0.000021  ...  0.000012  2.628182e+06  1.734008e+09
4     1545.993780    0.001122  0.001805  ...  0.000012  3.402826e+06  1.734008e+09
...           ...         ...       ...  ...       ...           ...           ...
1587  1545.984985    0.000357  0.000096  ...  0.000012  2.529473e+06  1.734024e+09
1588  1545.983095    0.000197  0.000030  ...  0.000012  2.649518e+06  1.734024e+09
1589  1545.984846    0.000133  0.000016  ...  0.000012  2.671544e+06  1.734024e+09
1590  1545.983302    0.000137  0.000015  ...  0.000012  2.673200e+06  1.734024e+09
1591  1545.984857    0.000149  0.000019  ...  0.000012  2.640416e+06  1.734024e+09

[1592 rows x 13 columns]
CHANNEL_2_3
           cbragg  cbragg_err   credchi  ...  cdelta_n            cL     timestamp
0     1548.585662    0.000213  0.000041  ...  0.000012  2.774069e+06  1.734008e+09
1     1548.585613    0.001223  0.003246  ...  0.000012  3.776262e+06  1.734008e+09
2     1548.585656    0.000119  0.000014  ...  0.000012  2.881063e+06  1.734008e+09
3     1548.586878    0.000118  0.000017  ...  0.000012  2.883317e+06  1.734008e+09
4     1548.584585    0.000436  0.000239  ...  0.000012  3.152589e+06  1.734008e+09
...           ...         ...       ...  ...       ...           ...           ...
1587  1548.575557    0.000115  0.000015  ...  0.000012  2.875365e+06  1.734024e+09
1588  1548.574069    0.000145  0.000021  ...  0.000012  2.869253e+06  1.734024e+09
1589  1548.575236    0.000116  0.000016  ...  0.000012  2.881834e+06  1.734024e+09
1590  1548.574036    0.000181  0.000030  ...  0.000012  2.801380e+06  1.734024e+09
1591  1548.575293    0.000250  0.000065  ...  0.000012  2.760203e+06  1.734024e+09

[1592 rows x 13 columns]
CHANNEL_3_1
           cbragg  cbragg_err   credchi  ...  cdelta_n            cL     timestamp
0     1544.454060    0.000368  0.000026  ...  0.000012  7.787965e+06  1.734008e+09
1     1544.459880    0.000111  0.000023  ...  0.000012  7.805394e+06  1.734008e+09
2     1544.454611    0.000108  0.000026  ...  0.000012  7.783427e+06  1.734008e+09
3     1544.460219    0.000266  0.000022  ...  0.000012  7.803998e+06  1.734008e+09
4     1544.454306    0.000108  0.000027  ...  0.000012  7.774637e+06  1.734008e+09
...           ...         ...       ...  ...       ...           ...           ...
1587  1544.450177    0.000337  0.000024  ...  0.000012  7.795993e+06  1.734024e+09
1588  1544.444483    0.000164  0.000027  ...  0.000012  7.773834e+06  1.734024e+09
1589  1544.450267    0.000382  0.000024  ...  0.000012  7.805743e+06  1.734024e+09
1590  1544.444326    0.000117  0.000027  ...  0.000012  7.785598e+06  1.734024e+09
1591  1544.450151    0.000151  0.000023  ...  0.000012  7.808230e+06  1.734024e+09

[1592 rows x 13 columns]
CHANNEL_3_2
           cbragg  cbragg_err   credchi  ...  cdelta_n            cL     timestamp
0     1545.384753    0.000130  0.000037  ...  0.000012  7.820227e+06  1.734008e+09
1     1545.386722    0.000118  0.000039  ...  0.000012  7.803910e+06  1.734008e+09
2     1545.385032    0.000323  0.000037  ...  0.000012  7.814994e+06  1.734008e+09
3     1545.386731    0.000117  0.000039  ...  0.000012  7.819275e+06  1.734008e+09
4     1545.385495    0.000115  0.000036  ...  0.000012  7.818022e+06  1.734008e+09
...           ...         ...       ...  ...       ...           ...           ...
1587  1545.365104    0.000115  0.000037  ...  0.000012  7.798914e+06  1.734024e+09
1588  1545.364570    0.000115  0.000035  ...  0.000012  7.824402e+06  1.734024e+09
1589  1545.365285    0.000172  0.000035  ...  0.000012  7.814885e+06  1.734024e+09
1590  1545.364545    0.000159  0.000036  ...  0.000012  7.821693e+06  1.734024e+09
1591  1545.365266    0.000114  0.000036  ...  0.000012  7.810882e+06  1.734024e+09

[1592 rows x 13 columns]
CHANNEL_3_3
           cbragg  cbragg_err   credchi  ...  cdelta_n            cL     timestamp
0     1546.138895    0.000107  0.000031  ...  0.000012  7.629950e+06  1.734008e+09
1     1546.148076    0.000143  0.000065  ...  0.000012  7.898573e+06  1.734008e+09
2     1546.138343    0.000104  0.000029  ...  0.000012  7.630365e+06  1.734008e+09
3     1546.147703    0.000109  0.000036  ...  0.000012  7.678858e+06  1.734008e+09
4     1546.139288    0.000108  0.000032  ...  0.000012  7.647195e+06  1.734008e+09
...           ...         ...       ...  ...       ...           ...           ...
1587  1546.099362    0.000110  0.000037  ...  0.000012  7.616773e+06  1.734024e+09
1588  1546.090241    0.000112  0.000033  ...  0.000012  7.626165e+06  1.734024e+09
1589  1546.099295    0.000112  0.000038  ...  0.000012  7.627415e+06  1.734024e+09
1590  1546.090334    0.000114  0.000035  ...  0.000012  7.716619e+06  1.734024e+09
1591  1546.099404    0.000113  0.000038  ...  0.000012  7.595686e+06  1.734024e+09

[1592 rows x 13 columns]
CHANNEL_3_4
           cbragg  cbragg_err   credchi  ...  cdelta_n            cL     timestamp
0     1546.847039    0.000102  0.000029  ...  0.000012  7.706074e+06  1.734008e+09
1     1546.847932    0.000100  0.000025  ...  0.000012  7.719454e+06  1.734008e+09
2     1546.847010    0.000101  0.000028  ...  0.000012  7.704667e+06  1.734008e+09
3     1546.847781    0.000101  0.000025  ...  0.000012  7.715934e+06  1.734008e+09
4     1546.847204    0.000102  0.000029  ...  0.000012  7.711280e+06  1.734008e+09
...           ...         ...       ...  ...       ...           ...           ...
1587  1546.835509    0.000101  0.000024  ...  0.000012  7.723028e+06  1.734024e+09
1588  1546.836077    0.000101  0.000029  ...  0.000012  7.713398e+06  1.734024e+09
1589  1546.835509    0.000101  0.000024  ...  0.000012  7.732585e+06  1.734024e+09
1590  1546.835979    0.000100  0.000028  ...  0.000012  7.711544e+06  1.734024e+09
1591  1546.835500    0.000101  0.000024  ...  0.000012  7.723997e+06  1.734024e+09

[1592 rows x 13 columns]
CHANNEL_3_5
           cbragg  cbragg_err   credchi  ...  cdelta_n            cL     timestamp
0     1547.859880    0.000070  0.000010  ...  0.000012  7.711808e+06  1.734008e+09
1     1547.871885    0.000073  0.000018  ...  0.000012  7.662020e+06  1.734008e+09
2     1547.859755    0.000071  0.000011  ...  0.000012  7.702921e+06  1.734008e+09
3     1547.871773    0.000071  0.000017  ...  0.000012  7.659255e+06  1.734008e+09
4     1547.859850    0.000069  0.000010  ...  0.000012  7.712951e+06  1.734008e+09
...           ...         ...       ...  ...       ...           ...           ...
1587  1547.860664    0.000090  0.000028  ...  0.000012  7.782379e+06  1.734024e+09
1588  1547.848893    0.000072  0.000011  ...  0.000012  7.620215e+06  1.734024e+09
1589  1547.860516    0.000073  0.000018  ...  0.000012  7.619239e+06  1.734024e+09
1590  1547.849025    0.000071  0.000010  ...  0.000012  7.678776e+06  1.734024e+09
1591  1547.860578    0.000156  0.000080  ...  0.000012  7.842093e+06  1.734024e+09

[1592 rows x 13 columns]
CHANNEL_3_6
           cbragg  cbragg_err   credchi  ...  cdelta_n            cL     timestamp
0     1548.851331    0.000082  0.000021  ...  0.000012  7.760754e+06  1.734008e+09
1     1548.855331    0.000082  0.000016  ...  0.000012  7.816295e+06  1.734008e+09
2     1548.851190    0.000083  0.000022  ...  0.000012  7.754864e+06  1.734008e+09
3     1548.855090    0.000081  0.000016  ...  0.000012  7.810853e+06  1.734008e+09
4     1548.851285    0.000083  0.000022  ...  0.000012  7.804253e+06  1.734008e+09
...           ...         ...       ...  ...       ...           ...           ...
1587  1548.844026    0.000081  0.000015  ...  0.000012  7.816889e+06  1.734024e+09
1588  1548.840754    0.000114  0.000042  ...  0.000012  7.955898e+06  1.734024e+09
1589  1548.844060    0.000083  0.000016  ...  0.000012  7.773301e+06  1.734024e+09
1590  1548.840766    0.000169  0.000093  ...  0.000012  8.078718e+06  1.734024e+09
1591  1548.844072    0.000080  0.000015  ...  0.000012  7.811219e+06  1.734024e+09

[1592 rows x 13 columns]
CHANNEL_3_7
           cbragg  cbragg_err   credchi  ...  cdelta_n            cL     timestamp
0     1549.866091    0.000084  0.000015  ...  0.000012  7.628479e+06  1.734008e+09
1     1549.877962    0.000087  0.000024  ...  0.000012  7.571091e+06  1.734008e+09
2     1549.865888    0.000083  0.000014  ...  0.000012  7.569795e+06  1.734008e+09
3     1549.877892    0.000086  0.000024  ...  0.000012  7.574060e+06  1.734008e+09
4     1549.865945    0.000083  0.000014  ...  0.000012  7.615578e+06  1.734008e+09
...           ...         ...       ...  ...       ...           ...           ...
1587  1549.867057    0.000085  0.000023  ...  0.000012  7.583323e+06  1.734024e+09
1588  1549.855974    0.000084  0.000015  ...  0.000012  7.635750e+06  1.734024e+09
1589  1549.867165    0.000085  0.000023  ...  0.000012  7.538506e+06  1.734024e+09
1590  1549.856049    0.000082  0.000014  ...  0.000012  7.626433e+06  1.734024e+09
1591  1549.867043    0.000086  0.000023  ...  0.000012  7.566095e+06  1.734024e+09

[1592 rows x 13 columns]
CHANNEL_3_8
           cbragg  cbragg_err   credchi  ...  cdelta_n            cL     timestamp
0     1550.819912    0.000087  0.000018  ...  0.000012  7.646744e+06  1.734008e+09
1     1550.826573    0.000090  0.000016  ...  0.000012  7.688522e+06  1.734008e+09
2     1550.819798    0.000088  0.000018  ...  0.000012  7.638643e+06  1.734008e+09
3     1550.826393    0.000088  0.000015  ...  0.000012  7.684635e+06  1.734008e+09
4     1550.819828    0.000088  0.000018  ...  0.000012  7.640791e+06  1.734008e+09
...           ...         ...       ...  ...       ...           ...           ...
1587  1550.817310    0.000091  0.000016  ...  0.000012  7.627325e+06  1.734024e+09
1588  1550.810650    0.000088  0.000018  ...  0.000012  7.630064e+06  1.734024e+09
1589  1550.817267    0.000091  0.000016  ...  0.000012  7.678785e+06  1.734024e+09
1590  1550.810573    0.000088  0.000018  ...  0.000012  7.630396e+06  1.734024e+09
1591  1550.817170    0.000136  0.000035  ...  0.000012  7.394915e+06  1.734024e+09

[1592 rows x 13 columns]
CHANNEL_3_9
           cbragg  cbragg_err   credchi  ...  cdelta_n            cL     timestamp
0     1551.815342    0.000091  0.000014  ...  0.000012  7.716561e+06  1.734008e+09
1     1551.824355    0.000111  0.000026  ...  0.000012  7.443336e+06  1.734008e+09
2     1551.815190    0.000093  0.000015  ...  0.000012  7.733701e+06  1.734008e+09
3     1551.824365    0.000090  0.000018  ...  0.000012  7.696947e+06  1.734008e+09
4     1551.815211    0.000093  0.000015  ...  0.000012  7.730243e+06  1.734008e+09
...           ...         ...       ...  ...       ...           ...           ...
1587  1551.814695    0.000091  0.000018  ...  0.000012  7.688709e+06  1.734024e+09
1588  1551.806607    0.000092  0.000015  ...  0.000012  7.716256e+06  1.734024e+09
1589  1551.814808    0.000090  0.000018  ...  0.000012  7.630403e+06  1.734024e+09
1590  1551.806481    0.000091  0.000014  ...  0.000012  7.725081e+06  1.734024e+09
1591  1551.814711    0.000087  0.000017  ...  0.000012  7.692363e+06  1.734024e+09

[1592 rows x 13 columns]
CHANNEL_3_10
           cbragg  cbragg_err   credchi  ...  cdelta_n            cL     timestamp
0     1552.824814    0.000102  0.000021  ...  0.000012  7.719655e+06  1.734008e+09
1     1552.830441    0.000103  0.000018  ...  0.000012  7.798635e+06  1.734008e+09
2     1552.824733    0.000101  0.000020  ...  0.000012  7.769621e+06  1.734008e+09
3     1552.830262    0.000100  0.000017  ...  0.000012  7.802958e+06  1.734008e+09
4     1552.824707    0.000101  0.000020  ...  0.000012  7.763950e+06  1.734008e+09
...           ...         ...       ...  ...       ...           ...           ...
1587  1552.821333    0.000099  0.000017  ...  0.000012  7.735770e+06  1.734024e+09
1588  1552.815529    0.000100  0.000019  ...  0.000012  7.750300e+06  1.734024e+09
1589  1552.821261    0.000104  0.000018  ...  0.000012  7.799162e+06  1.734024e+09
1590  1552.815345    0.000104  0.000021  ...  0.000012  7.761713e+06  1.734024e+09
1591  1552.821108    0.000103  0.000018  ...  0.000012  7.788322e+06  1.734024e+09

[1592 rows x 13 columns]
CHANNEL_3_11
           cbragg  cbragg_err   credchi  ...  cdelta_n            cL     timestamp
0     1553.794610    0.000130  0.000039  ...  0.000012  7.888291e+06  1.734008e+09
1     1553.793757    0.000129  0.000034  ...  0.000012  7.902940e+06  1.734008e+09
2     1553.794538    0.000130  0.000039  ...  0.000012  7.847467e+06  1.734008e+09
3     1553.793591    0.000130  0.000034  ...  0.000012  7.873703e+06  1.734008e+09
4     1553.794605    0.000130  0.000039  ...  0.000012  7.879937e+06  1.734008e+09
...           ...         ...       ...  ...       ...           ...           ...
1587  1553.783852    0.000129  0.000033  ...  0.000012  7.909849e+06  1.734024e+09
1588  1553.785683    0.000129  0.000039  ...  0.000012  7.894341e+06  1.734024e+09
1589  1553.783776    0.000193  0.000067  ...  0.000012  7.447239e+06  1.734024e+09
1590  1553.785617    0.000179  0.000070  ...  0.000012  7.495162e+06  1.734024e+09
1591  1553.783686    0.000130  0.000033  ...  0.000012  7.967815e+06  1.734024e+09

[1592 rows x 13 columns]
CHANNEL_3_12
           cbragg  cbragg_err   credchi  ...  cdelta_n            cL     timestamp
0     1554.766739    0.000093  0.000017  ...  0.000012  7.827863e+06  1.734008e+09
1     1554.774908    0.000092  0.000018  ...  0.000012  7.839655e+06  1.734008e+09
2     1554.766642    0.000094  0.000017  ...  0.000012  7.821055e+06  1.734008e+09
3     1554.774754    0.000092  0.000018  ...  0.000012  7.861010e+06  1.734008e+09
4     1554.766707    0.000093  0.000017  ...  0.000012  7.829105e+06  1.734008e+09
...           ...         ...       ...  ...       ...           ...           ...
1587  1554.765379    0.000093  0.000018  ...  0.000012  7.780783e+06  1.734024e+09
1588  1554.757321    0.000095  0.000017  ...  0.000012  7.810001e+06  1.734024e+09
1589  1554.765363    0.000094  0.000019  ...  0.000012  7.827198e+06  1.734024e+09
1590  1554.757231    0.000095  0.000017  ...  0.000012  7.810816e+06  1.734024e+09
1591  1554.765272    0.000093  0.000019  ...  0.000012  7.829573e+06  1.734024e+09

[1592 rows x 13 columns]
CHANNEL_3_13
           cbragg  cbragg_err   credchi  ...  cdelta_n            cL     timestamp
0     1555.778235    0.000085  0.000013  ...  0.000012  7.603429e+06  1.734008e+09
1     1555.781299    0.000084  0.000014  ...  0.000012  7.595812e+06  1.734008e+09
2     1555.778144    0.000086  0.000013  ...  0.000012  7.609956e+06  1.734008e+09
3     1555.781129    0.000084  0.000014  ...  0.000012  7.592819e+06  1.734008e+09
4     1555.778197    0.000085  0.000013  ...  0.000012  7.616617e+06  1.734008e+09
...           ...         ...       ...  ...       ...           ...           ...
1587  1555.771335    0.000083  0.000013  ...  0.000012  7.578235e+06  1.734024e+09
1588  1555.769273    0.000087  0.000014  ...  0.000012  7.597501e+06  1.734024e+09
1589  1555.771282    0.000086  0.000014  ...  0.000012  7.516906e+06  1.734024e+09
1590  1555.769234    0.000083  0.000013  ...  0.000012  7.593675e+06  1.734024e+09
1591  1555.771321    0.000085  0.000014  ...  0.000012  7.567051e+06  1.734024e+09

[1592 rows x 13 columns]
CHANNEL_3_14
           cbragg  cbragg_err   credchi  ...  cdelta_n            cL     timestamp
0     1556.730587    0.000199  0.000088  ...  0.000012  7.484133e+06  1.734008e+09
1     1556.735715    0.000185  0.000063  ...  0.000012  7.766872e+06  1.734008e+09
2     1556.730462    0.000200  0.000089  ...  0.000012  7.472866e+06  1.734008e+09
3     1556.735531    0.000189  0.000065  ...  0.000012  7.773246e+06  1.734008e+09
4     1556.730468    0.000187  0.000081  ...  0.000012  7.718185e+06  1.734008e+09
...           ...         ...       ...  ...       ...           ...           ...
1587  1556.726190    0.000191  0.000066  ...  0.000012  7.741256e+06  1.734024e+09
1588  1556.721198    0.000188  0.000080  ...  0.000012  7.682651e+06  1.734024e+09
1589  1556.726150    0.000194  0.000068  ...  0.000012  7.683189e+06  1.734024e+09
1590  1556.721123    0.000188  0.000079  ...  0.000012  7.701723e+06  1.734024e+09
1591  1556.726014    0.000189  0.000065  ...  0.000012  7.751962e+06  1.734024e+09

[1592 rows x 13 columns]
