CHANNEL_0_1
        cbragg  cbragg_err   credchi  ...  cdelta_n            cL     timestamp
0  1544.937963    0.000132  0.000225  ...  0.000012  7.709452e+06  1.733913e+09
1  1544.931258    0.000703  0.010267  ...  0.000012  6.096667e+06  1.733913e+09

[2 rows x 13 columns]
CHANNEL_0_2
        cbragg  cbragg_err   credchi  ...  cdelta_n            cL     timestamp
0  1545.866444    0.000087  0.000134  ...  0.000012  7.724692e+06  1.733913e+09
1  1545.852928    0.000120  0.000151  ...  0.000012  8.037381e+06  1.733913e+09

[2 rows x 13 columns]
CHANNEL_0_3
        cbragg  cbragg_err   credchi  ...  cdelta_n            cL     timestamp
0  1546.803680    0.000100  0.000237  ...  0.000012  7.626582e+06  1.733913e+09
1  1546.794967    0.000103  0.000218  ...  0.000012  7.621448e+06  1.733913e+09

[2 rows x 13 columns]
CHANNEL_0_4
        cbragg  cbragg_err   credchi  ...  cdelta_n            cL     timestamp
0  1547.750852    0.000103  0.000310  ...  0.000012  7.993713e+06  1.733913e+09
1  1547.737170    0.000104  0.000193  ...  0.000012  8.121927e+06  1.733913e+09

[2 rows x 13 columns]
CHANNEL_0_5
        cbragg  cbragg_err   credchi  ...  cdelta_n            cL     timestamp
0  1548.640118    0.000107  0.000413  ...  0.000012  7.929080e+06  1.733913e+09
1  1548.627980    0.000075  0.000114  ...  0.000012  7.798381e+06  1.733913e+09

[2 rows x 13 columns]
CHANNEL_0_6
        cbragg  cbragg_err   credchi  ...  cdelta_n            cL     timestamp
0  1549.332261    0.000071  0.000141  ...  0.000012  7.516280e+06  1.733913e+09
1  1549.326510    0.000084  0.000215  ...  0.000012  7.551376e+06  1.733913e+09

[2 rows x 13 columns]
CHANNEL_0_7
        cbragg  cbragg_err   credchi  ...  cdelta_n            cL     timestamp
0  1550.125297    0.000113  0.000316  ...  0.000012  7.868131e+06  1.733913e+09
1  1550.110115    0.000436  0.002131  ...  0.000012  6.743960e+06  1.733913e+09

[2 rows x 13 columns]
CHANNEL_0_8
        cbragg  cbragg_err   credchi  ...  cdelta_n            cL     timestamp
0  1551.098327    0.000123  0.000395  ...  0.000012  7.961639e+06  1.733913e+09
1  1551.084916    0.000060  0.000048  ...  0.000012  7.718952e+06  1.733913e+09

[2 rows x 13 columns]
CHANNEL_0_9
        cbragg  cbragg_err   credchi  ...  cdelta_n            cL     timestamp
0  1552.081301    0.000077  0.000105  ...  0.000012  7.756637e+06  1.733913e+09
1  1552.070689    0.000080  0.000091  ...  0.000012  7.700982e+06  1.733913e+09

[2 rows x 13 columns]
CHANNEL_0_10
        cbragg  cbragg_err   credchi  ...  cdelta_n            cL     timestamp
0  1553.086844    0.000078  0.000099  ...  0.000012  7.804414e+06  1.733913e+09
1  1553.072814    0.000072  0.000053  ...  0.000012  7.875391e+06  1.733913e+09

[2 rows x 13 columns]
CHANNEL_0_11
        cbragg  cbragg_err   credchi  ...  cdelta_n            cL     timestamp
0  1554.095490    0.000237  0.000904  ...  0.000012  8.231581e+06  1.733913e+09
1  1554.084454    0.000165  0.000272  ...  0.000012  8.121504e+06  1.733913e+09

[2 rows x 13 columns]
CHANNEL_0_12
        cbragg  cbragg_err   credchi  ...  cdelta_n            cL     timestamp
0  1555.120675    0.000101  0.000260  ...  0.000012  7.629427e+06  1.733913e+09
1  1555.106732    0.000635  0.008281  ...  0.000012  9.856141e+06  1.733913e+09

[2 rows x 13 columns]
CHANNEL_0_13
        cbragg  cbragg_err   credchi  ...  cdelta_n            cL     timestamp
0  1556.095631    0.000240  0.000965  ...  0.000012  8.391499e+06  1.733913e+09
1  1556.083187    0.000128  0.000152  ...  0.000012  7.778227e+06  1.733913e+09

[2 rows x 13 columns]
CHANNEL_0_14
        cbragg  cbragg_err   credchi  ...  cdelta_n            cL     timestamp
0  1557.065738    0.000089  0.000142  ...  0.000012  7.712212e+06  1.733913e+09
1  1557.056388    0.000089  0.000154  ...  0.000012  7.684270e+06  1.733913e+09

[2 rows x 13 columns]
CHANNEL_1_1
        cbragg  cbragg_err   credchi  ...  cdelta_n            cL     timestamp
0  1556.867339    0.000972  0.002925  ...  0.000012  2.253845e+06  1.733913e+09
1  1556.864626    0.000516  0.001084  ...  0.000012  2.419889e+06  1.733913e+09

[2 rows x 13 columns]
CHANNEL_1_2
        cbragg  cbragg_err   credchi  ...  cdelta_n            cL     timestamp
0  1559.012630    0.003095  0.233374  ...  0.000012  5.572935e+06  1.733913e+09
1  1559.039297    0.001795  0.054966  ...  0.000012  3.979128e+06  1.733913e+09

[2 rows x 13 columns]
CHANNEL_1_3
        cbragg  cbragg_err   credchi  ...  cdelta_n            cL     timestamp
0  1561.108154    0.000038  0.000013  ...  0.000012  2.933837e+06  1.733913e+09
1  1561.105801    0.000039  0.000014  ...  0.000012  2.927488e+06  1.733913e+09

[2 rows x 13 columns]
CHANNEL_2_1
        cbragg  cbragg_err   credchi  ...  cdelta_n            cL     timestamp
0  1544.278340    0.012462  0.004737  ...  0.000012  1.118115e+06  1.733913e+09
1  1544.272266    0.012630  0.004912  ...  0.000012  1.125937e+06  1.733913e+09

[2 rows x 13 columns]
CHANNEL_2_2
        cbragg  cbragg_err   credchi  ...  cdelta_n            cL     timestamp
0  1546.688295    0.000102  0.000008  ...  0.000012  2.689980e+06  1.733913e+09
1  1546.689611    0.001353  0.004016  ...  0.000012  3.766300e+06  1.733913e+09

[2 rows x 13 columns]
CHANNEL_2_3
        cbragg  cbragg_err   credchi  ...  cdelta_n            cL     timestamp
0  1548.609219    0.000810  0.001038  ...  0.000012  3.453327e+06  1.733913e+09
1  1548.609895    0.000766  0.001068  ...  0.000012  3.449335e+06  1.733913e+09

[2 rows x 13 columns]
CHANNEL_3_1
        cbragg  cbragg_err   credchi  ...  cdelta_n            cL     timestamp
0  1544.584180    0.000106  0.000026  ...  0.000012  7.803032e+06  1.733913e+09
1  1544.592068    0.000118  0.000023  ...  0.000012  7.806839e+06  1.733913e+09

[2 rows x 13 columns]
CHANNEL_3_2
        cbragg  cbragg_err   credchi  ...  cdelta_n            cL     timestamp
0  1545.581423    0.000112  0.000035  ...  0.000012  7.829993e+06  1.733913e+09
1  1545.586260    0.000111  0.000037  ...  0.000012  7.796160e+06  1.733913e+09

[2 rows x 13 columns]
CHANNEL_3_3
        cbragg  cbragg_err   credchi  ...  cdelta_n            cL     timestamp
0  1546.528173    0.000114  0.000038  ...  0.000012  7.746679e+06  1.733913e+09
1  1546.538231    0.000104  0.000032  ...  0.000012  7.620925e+06  1.733913e+09

[2 rows x 13 columns]
CHANNEL_3_4
        cbragg  cbragg_err   credchi  ...  cdelta_n            cL     timestamp
0  1547.454694    0.000098  0.000024  ...  0.000012  7.732557e+06  1.733913e+09
1  1547.461130    0.000098  0.000028  ...  0.000012  7.707500e+06  1.733913e+09

[2 rows x 13 columns]
CHANNEL_3_5
        cbragg  cbragg_err   credchi  ...  cdelta_n            cL     timestamp
0  1548.383496    0.000076  0.000017  ...  0.000012  7.641249e+06  1.733913e+09
1  1548.393255    0.000075  0.000015  ...  0.000012  7.642765e+06  1.733913e+09

[2 rows x 13 columns]
CHANNEL_3_6
        cbragg  cbragg_err   credchi  ...  cdelta_n            cL     timestamp
0  1549.085562    0.000077  0.000016  ...  0.000012  7.779658e+06  1.733913e+09
1  1549.092586    0.000078  0.000018  ...  0.000012  7.790844e+06  1.733913e+09

[2 rows x 13 columns]
CHANNEL_3_7
        cbragg  cbragg_err   credchi  ...  cdelta_n            cL     timestamp
0  1549.886018    0.000087  0.000019  ...  0.000012  7.576562e+06  1.733913e+09
1  1549.897674    0.000083  0.000020  ...  0.000012  7.611126e+06  1.733913e+09

[2 rows x 13 columns]
CHANNEL_3_8
        cbragg  cbragg_err   credchi  ...  cdelta_n            cL     timestamp
0  1550.841766    0.000095  0.000020  ...  0.000012  7.624966e+06  1.733913e+09
1  1550.843228    0.000095  0.000017  ...  0.000012  7.632752e+06  1.733913e+09

[2 rows x 13 columns]
CHANNEL_3_9
        cbragg  cbragg_err   credchi  ...  cdelta_n            cL     timestamp
0  1551.833517    0.000086  0.000012  ...  0.000012  7.764336e+06  1.733913e+09
1  1551.844992    0.000085  0.000018  ...  0.000012  7.721272e+06  1.733913e+09

[2 rows x 13 columns]
CHANNEL_3_10
        cbragg  cbragg_err   credchi  ...  cdelta_n            cL     timestamp
0  1552.846853    0.000101  0.000024  ...  0.000012  7.745162e+06  1.733913e+09
1  1552.846073    0.000105  0.000014  ...  0.000012  7.790784e+06  1.733913e+09

[2 rows x 13 columns]
CHANNEL_3_11
        cbragg  cbragg_err   credchi  ...  cdelta_n            cL     timestamp
0  1553.808789    0.000126  0.000028  ...  0.000012  7.966526e+06  1.733913e+09
1  1553.817356    0.000123  0.000042  ...  0.000012  7.857531e+06  1.733913e+09

[2 rows x 13 columns]
CHANNEL_3_12
        cbragg  cbragg_err   credchi  ...  cdelta_n            cL     timestamp
0  1554.789269    0.000097  0.000022  ...  0.000012  7.798492e+06  1.733913e+09
1  1554.790840    0.000096  0.000015  ...  0.000012  7.874530e+06  1.733913e+09

[2 rows x 13 columns]
CHANNEL_3_13
        cbragg  cbragg_err   credchi  ...  cdelta_n            cL     timestamp
0  1555.793211    0.000081  0.000010  ...  0.000012  7.698134e+06  1.733913e+09
1  1555.804909    0.000080  0.000016  ...  0.000012  7.656360e+06  1.733913e+09

[2 rows x 13 columns]
CHANNEL_3_14
        cbragg  cbragg_err   credchi  ...  cdelta_n            cL     timestamp
0  1556.752182    0.000194  0.000091  ...  0.000012  7.742219e+06  1.733913e+09
1  1556.752843    0.000190  0.000063  ...  0.000012  7.781049e+06  1.733913e+09

[2 rows x 13 columns]
