000 (11451992.143.000) 01/28 14:31:49 Job submitted from host: <188.185.114.121:9618?addrs=188.185.114.121-9618+[2001-1458-d00-a--100-273]-9618&alias=bigbird19.cern.ch&noUDP&sock=schedd_2045_4743>
...
040 (11451992.143.000) 01/28 14:36:42 Started transferring input files
	Transferring to host: <188.185.193.143:9618?addrs=188.185.193.143-9618+[2001-1458-303-20--100-8b]-9618&alias=b9p19p5754.cern.ch&noUDP&sock=slot1_2_986293_6484_80087>
...
040 (11451992.143.000) 01/28 14:36:42 Finished transferring input files
...
001 (11451992.143.000) 01/28 14:36:43 Job executing on host: <188.185.193.143:9618?addrs=188.185.193.143-9618+[2001-1458-303-20--100-8b]-9618&alias=b9p19p5754.cern.ch&noUDP&sock=startd_10348_721d>
	SlotName: slot1_2@b9p19p5754.cern.ch
	CondorScratchDir = "/pool/condor/dir_1680798"
	Cpus = 1
	Disk = 3888
	GPUs = 0
	Memory = 3000
...
006 (11451992.143.000) 01/28 14:36:51 Image size of job updated: 7768
	8  -  MemoryUsage of job (MB)
	7768  -  ResidentSetSize of job (KB)
...
006 (11451992.143.000) 01/28 14:41:52 Image size of job updated: 157864
	155  -  MemoryUsage of job (MB)
	157864  -  ResidentSetSize of job (KB)
...
006 (11451992.143.000) 01/28 14:46:53 Image size of job updated: 158716
	155  -  MemoryUsage of job (MB)
	158716  -  ResidentSetSize of job (KB)
...
006 (11451992.143.000) 01/28 14:51:53 Image size of job updated: 163888
	161  -  MemoryUsage of job (MB)
	163888  -  ResidentSetSize of job (KB)
...
006 (11451992.143.000) 01/28 14:56:53 Image size of job updated: 167020
	164  -  MemoryUsage of job (MB)
	167020  -  ResidentSetSize of job (KB)
...
006 (11451992.143.000) 01/28 15:46:58 Image size of job updated: 168548
	165  -  MemoryUsage of job (MB)
	168548  -  ResidentSetSize of job (KB)
...
006 (11451992.143.000) 01/28 15:52:00 Image size of job updated: 179248
	176  -  MemoryUsage of job (MB)
	179248  -  ResidentSetSize of job (KB)
...
006 (11451992.143.000) 01/28 15:57:00 Image size of job updated: 184168
	180  -  MemoryUsage of job (MB)
	184168  -  ResidentSetSize of job (KB)
...
006 (11451992.143.000) 01/28 16:02:00 Image size of job updated: 188788
	185  -  MemoryUsage of job (MB)
	188788  -  ResidentSetSize of job (KB)
...
006 (11451992.143.000) 01/28 16:07:01 Image size of job updated: 194432
	190  -  MemoryUsage of job (MB)
	194432  -  ResidentSetSize of job (KB)
...
006 (11451992.143.000) 01/28 16:12:02 Image size of job updated: 197592
	193  -  MemoryUsage of job (MB)
	197592  -  ResidentSetSize of job (KB)
...
006 (11451992.143.000) 01/28 16:17:02 Image size of job updated: 200212
	196  -  MemoryUsage of job (MB)
	200212  -  ResidentSetSize of job (KB)
...
006 (11451992.143.000) 01/28 16:22:03 Image size of job updated: 203096
	199  -  MemoryUsage of job (MB)
	203096  -  ResidentSetSize of job (KB)
...
006 (11451992.143.000) 01/28 16:27:04 Image size of job updated: 205656
	201  -  MemoryUsage of job (MB)
	205656  -  ResidentSetSize of job (KB)
...
006 (11451992.143.000) 01/28 16:32:04 Image size of job updated: 208440
	204  -  MemoryUsage of job (MB)
	208440  -  ResidentSetSize of job (KB)
...
006 (11451992.143.000) 01/28 16:37:04 Image size of job updated: 211536
	207  -  MemoryUsage of job (MB)
	211536  -  ResidentSetSize of job (KB)
...
006 (11451992.143.000) 01/28 16:42:06 Image size of job updated: 214128
	210  -  MemoryUsage of job (MB)
	214128  -  ResidentSetSize of job (KB)
...
006 (11451992.143.000) 01/28 16:47:06 Image size of job updated: 216264
	212  -  MemoryUsage of job (MB)
	216264  -  ResidentSetSize of job (KB)
...
006 (11451992.143.000) 01/28 16:52:06 Image size of job updated: 218368
	214  -  MemoryUsage of job (MB)
	218368  -  ResidentSetSize of job (KB)
...
006 (11451992.143.000) 01/28 16:57:07 Image size of job updated: 221320
	217  -  MemoryUsage of job (MB)
	221320  -  ResidentSetSize of job (KB)
...
006 (11451992.143.000) 01/28 17:02:08 Image size of job updated: 223568
	219  -  MemoryUsage of job (MB)
	223568  -  ResidentSetSize of job (KB)
...
006 (11451992.143.000) 01/28 17:07:08 Image size of job updated: 225716
	221  -  MemoryUsage of job (MB)
	225716  -  ResidentSetSize of job (KB)
...
040 (11451992.143.000) 01/28 17:10:50 Started transferring output files
...
040 (11451992.143.000) 01/28 17:10:50 Finished transferring output files
...
005 (11451992.143.000) 01/28 17:10:50 Job terminated.
	(1) Normal termination (return value 0)
		Usr 0 02:27:26, Sys 0 00:00:16  -  Run Remote Usage
		Usr 0 00:00:00, Sys 0 00:00:00  -  Run Local Usage
		Usr 0 02:27:26, Sys 0 00:00:16  -  Total Remote Usage
		Usr 0 00:00:00, Sys 0 00:00:00  -  Total Local Usage
	40692  -  Run Bytes Sent By Job
	5797  -  Run Bytes Received By Job
	40692  -  Total Bytes Sent By Job
	5797  -  Total Bytes Received By Job
	Partitionable Resources :    Usage  Request Allocated 
	   Cpus                 :     0.99        1         1 
	   Disk (KB)            :    68          10      3888 
	   GPUs                 :                           0 
	   Memory (MB)          :   221        3000      3000 

	Job terminated of its own accord at 2025-01-28T16:10:50Z with exit-code 0.
...
