000 (11451992.275.000) 01/28 14:31:49 Job submitted from host: <188.185.114.121:9618?addrs=188.185.114.121-9618+[2001-1458-d00-a--100-273]-9618&alias=bigbird19.cern.ch&noUDP&sock=schedd_2045_4743>
...
040 (11451992.275.000) 01/28 14:41:04 Started transferring input files
	Transferring to host: <188.185.193.118:9618?addrs=188.185.193.118-9618+[2001-1458-303-20--100-72]-9618&alias=b9p19p4217.cern.ch&noUDP&sock=slot1_3_3639459_db36_150688>
...
040 (11451992.275.000) 01/28 14:41:04 Finished transferring input files
...
001 (11451992.275.000) 01/28 14:41:05 Job executing on host: <188.185.193.118:9618?addrs=188.185.193.118-9618+[2001-1458-303-20--100-72]-9618&alias=b9p19p4217.cern.ch&noUDP&sock=startd_128389_c0e7>
	SlotName: slot1_3@b9p19p4217.cern.ch
	CondorScratchDir = "/pool/condor/dir_3373496"
	Cpus = 1
	Disk = 2952582
	Memory = 3000
...
006 (11451992.275.000) 01/28 14:41:14 Image size of job updated: 82796
	81  -  MemoryUsage of job (MB)
	82792  -  ResidentSetSize of job (KB)
...
006 (11451992.275.000) 01/28 14:46:15 Image size of job updated: 156260
	153  -  MemoryUsage of job (MB)
	156132  -  ResidentSetSize of job (KB)
...
006 (11451992.275.000) 01/28 14:51:15 Image size of job updated: 202536
	196  -  MemoryUsage of job (MB)
	200152  -  ResidentSetSize of job (KB)
...
006 (11451992.275.000) 01/28 14:56:15 Image size of job updated: 271552
	266  -  MemoryUsage of job (MB)
	271424  -  ResidentSetSize of job (KB)
...
006 (11451992.275.000) 01/28 15:01:16 Image size of job updated: 358924
	351  -  MemoryUsage of job (MB)
	358672  -  ResidentSetSize of job (KB)
...
006 (11451992.275.000) 01/28 15:06:17 Image size of job updated: 438592
	429  -  MemoryUsage of job (MB)
	438592  -  ResidentSetSize of job (KB)
...
006 (11451992.275.000) 01/28 15:11:17 Image size of job updated: 519648
	508  -  MemoryUsage of job (MB)
	519456  -  ResidentSetSize of job (KB)
...
006 (11451992.275.000) 01/28 15:16:18 Image size of job updated: 596736
	583  -  MemoryUsage of job (MB)
	596736  -  ResidentSetSize of job (KB)
...
006 (11451992.275.000) 01/28 15:21:19 Image size of job updated: 673540
	658  -  MemoryUsage of job (MB)
	673444  -  ResidentSetSize of job (KB)
...
006 (11451992.275.000) 01/28 15:26:19 Image size of job updated: 749260
	732  -  MemoryUsage of job (MB)
	749092  -  ResidentSetSize of job (KB)
...
006 (11451992.275.000) 01/28 15:31:19 Image size of job updated: 825200
	806  -  MemoryUsage of job (MB)
	825196  -  ResidentSetSize of job (KB)
...
006 (11451992.275.000) 01/28 15:36:20 Image size of job updated: 902968
	882  -  MemoryUsage of job (MB)
	902840  -  ResidentSetSize of job (KB)
...
006 (11451992.275.000) 01/28 15:41:20 Image size of job updated: 1325344
	1295  -  MemoryUsage of job (MB)
	1325340  -  ResidentSetSize of job (KB)
...
006 (11451992.275.000) 01/28 15:46:20 Image size of job updated: 1749480
	1709  -  MemoryUsage of job (MB)
	1749324  -  ResidentSetSize of job (KB)
...
006 (11451992.275.000) 01/28 15:51:21 Image size of job updated: 1828468
	1786  -  MemoryUsage of job (MB)
	1828468  -  ResidentSetSize of job (KB)
...
006 (11451992.275.000) 01/28 15:56:22 Image size of job updated: 1860440
	1795  -  MemoryUsage of job (MB)
	1837624  -  ResidentSetSize of job (KB)
...
040 (11451992.275.000) 01/28 16:59:11 Started transferring output files
...
040 (11451992.275.000) 01/28 16:59:11 Finished transferring output files
...
005 (11451992.275.000) 01/28 16:59:11 Job terminated.
	(1) Normal termination (return value 0)
		Usr 0 02:14:43, Sys 0 00:00:26  -  Run Remote Usage
		Usr 0 00:00:00, Sys 0 00:00:00  -  Run Local Usage
		Usr 0 02:14:43, Sys 0 00:00:26  -  Total Remote Usage
		Usr 0 00:00:00, Sys 0 00:00:00  -  Total Local Usage
	40692  -  Run Bytes Sent By Job
	5797  -  Run Bytes Received By Job
	40692  -  Total Bytes Sent By Job
	5797  -  Total Bytes Received By Job
	Partitionable Resources :    Usage  Request Allocated 
	   Cpus                 :     0.99        1         1 
	   Disk (KB)            :    68          10   2952582 
	   Memory (MB)          :  1795        3000      3000 

	Job terminated of its own accord at 2025-01-28T15:59:11Z with exit-code 0.
...
