000 (11451992.299.000) 01/28 14:31:49 Job submitted from host: <188.185.114.121:9618?addrs=188.185.114.121-9618+[2001-1458-d00-a--100-273]-9618&alias=bigbird19.cern.ch&noUDP&sock=schedd_2045_4743>
...
040 (11451992.299.000) 01/28 14:41:35 Started transferring input files
	Transferring to host: <188.185.193.16:9618?addrs=188.185.193.16-9618+[2001-1458-303-20--100-c]-9618&alias=b9p19p4171.cern.ch&noUDP&sock=slot1_35_501085_7672_100015>
...
040 (11451992.299.000) 01/28 14:41:35 Finished transferring input files
...
001 (11451992.299.000) 01/28 14:41:36 Job executing on host: <188.185.193.16:9618?addrs=188.185.193.16-9618+[2001-1458-303-20--100-c]-9618&alias=b9p19p4171.cern.ch&noUDP&sock=startd_128615_c54f>
	SlotName: slot1_35@b9p19p4171.cern.ch
	CondorScratchDir = "/pool/condor/dir_213346"
	Cpus = 1
	Disk = 2904848
	Memory = 3000
...
006 (11451992.299.000) 01/28 14:41:45 Image size of job updated: 84796
	83  -  MemoryUsage of job (MB)
	84560  -  ResidentSetSize of job (KB)
...
006 (11451992.299.000) 01/28 14:41:51 Image size of job updated: 86456
	83  -  MemoryUsage of job (MB)
	84560  -  ResidentSetSize of job (KB)
...
040 (11451992.299.000) 01/28 14:41:51 Started transferring output files
...
040 (11451992.299.000) 01/28 14:41:51 Finished transferring output files
...
005 (11451992.299.000) 01/28 14:41:51 Job terminated.
	(1) Normal termination (return value 0)
		Usr 0 00:00:13, Sys 0 00:00:00  -  Run Remote Usage
		Usr 0 00:00:00, Sys 0 00:00:00  -  Run Local Usage
		Usr 0 00:00:13, Sys 0 00:00:00  -  Total Remote Usage
		Usr 0 00:00:00, Sys 0 00:00:00  -  Total Local Usage
	14886  -  Run Bytes Sent By Job
	5797  -  Run Bytes Received By Job
	14886  -  Total Bytes Sent By Job
	5797  -  Total Bytes Received By Job
	Partitionable Resources :    Usage  Request Allocated 
	   Cpus                 :        0        1         1 
	   Disk (KB)            :       43       10   2904848 
	   Memory (MB)          :       83     3000      3000 

	Job terminated of its own accord at 2025-01-28T13:41:51Z with exit-code 0.
...
