CHANNEL_0_1
           cbragg  cbragg_err   credchi  ...  cdelta_n            cL     timestamp
0     1544.611262    0.000103  0.000046  ...  0.000012  7.680744e+06  1.735521e+09
1     1544.619933    0.000118  0.000056  ...  0.000012  7.679170e+06  1.735521e+09
2     1544.611185    0.000129  0.000046  ...  0.000012  7.679154e+06  1.735521e+09
3     1544.619871    0.000118  0.000058  ...  0.000012  7.665242e+06  1.735521e+09
4     1544.611278    0.000106  0.000047  ...  0.000012  7.679446e+06  1.735521e+09
...           ...         ...       ...  ...       ...           ...           ...
1587  1544.619276    0.000126  0.000057  ...  0.000012  7.670692e+06  1.735537e+09
1588  1544.610450    0.000102  0.000045  ...  0.000012  7.676759e+06  1.735537e+09
1589  1544.619257    0.000109  0.000056  ...  0.000012  7.676206e+06  1.735537e+09
1590  1544.610320    0.000102  0.000046  ...  0.000012  7.682597e+06  1.735537e+09
1591  1544.619134    0.000104  0.000056  ...  0.000012  7.673507e+06  1.735537e+09

[1592 rows x 13 columns]
CHANNEL_0_2
           cbragg  cbragg_err   credchi  ...  cdelta_n            cL     timestamp
0     1545.444813    0.000137  0.000038  ...  0.000012  7.332603e+06  1.735521e+09
1     1545.446506    0.000093  0.000020  ...  0.000012  7.602546e+06  1.735521e+09
2     1545.444770    0.000094  0.000019  ...  0.000012  7.601576e+06  1.735521e+09
3     1545.446454    0.000092  0.000019  ...  0.000012  7.617731e+06  1.735521e+09
4     1545.444753    0.000094  0.000019  ...  0.000012  7.617260e+06  1.735521e+09
...           ...         ...       ...  ...       ...           ...           ...
1587  1545.445297    0.000094  0.000020  ...  0.000012  7.560302e+06  1.735537e+09
1588  1545.443527    0.000097  0.000020  ...  0.000012  7.561643e+06  1.735537e+09
1589  1545.445366    0.000095  0.000020  ...  0.000012  7.612773e+06  1.735537e+09
1590  1545.443552    0.000096  0.000019  ...  0.000012  7.560117e+06  1.735537e+09
1591  1545.445408    0.000095  0.000021  ...  0.000012  7.612177e+06  1.735537e+09

[1592 rows x 13 columns]
CHANNEL_0_3
           cbragg  cbragg_err   credchi  ...  cdelta_n            cL     timestamp
0     1546.135119    0.000093  0.000029  ...  0.000012  7.712510e+06  1.735521e+09
1     1546.143774    0.000095  0.000041  ...  0.000012  7.702826e+06  1.735521e+09
2     1546.135161    0.000097  0.000032  ...  0.000012  7.713661e+06  1.735521e+09
3     1546.143791    0.000097  0.000043  ...  0.000012  7.683078e+06  1.735521e+09
4     1546.135172    0.000093  0.000029  ...  0.000012  7.724188e+06  1.735521e+09
...           ...         ...       ...  ...       ...           ...           ...
1587  1546.132834    0.000143  0.000100  ...  0.000012  8.070817e+06  1.735537e+09
1588  1546.124091    0.000076  0.000020  ...  0.000012  7.817009e+06  1.735537e+09
1589  1546.132777    0.000076  0.000027  ...  0.000012  7.703836e+06  1.735537e+09
1590  1546.124037    0.000073  0.000018  ...  0.000012  7.755719e+06  1.735537e+09
1591  1546.132609    0.000075  0.000026  ...  0.000012  7.713692e+06  1.735537e+09

[1592 rows x 13 columns]
CHANNEL_0_4
           cbragg  cbragg_err   credchi  ...  cdelta_n            cL     timestamp
0     1547.113571    0.000117  0.000048  ...  0.000012  7.859583e+06  1.735521e+09
1     1547.115060    0.000114  0.000050  ...  0.000012  7.865961e+06  1.735521e+09
2     1547.113453    0.000116  0.000047  ...  0.000012  7.855678e+06  1.735521e+09
3     1547.114920    0.000113  0.000050  ...  0.000012  7.867167e+06  1.735521e+09
4     1547.113484    0.000115  0.000047  ...  0.000012  7.855952e+06  1.735521e+09
...           ...         ...       ...  ...       ...           ...           ...
1587  1547.114671    0.000114  0.000050  ...  0.000012  7.853397e+06  1.735537e+09
1588  1547.113112    0.000115  0.000046  ...  0.000012  7.855286e+06  1.735537e+09
1589  1547.114732    0.000115  0.000051  ...  0.000012  7.853884e+06  1.735537e+09
1590  1547.113007    0.000116  0.000047  ...  0.000012  7.853505e+06  1.735537e+09
1591  1547.114712    0.000113  0.000049  ...  0.000012  7.866689e+06  1.735537e+09

[1592 rows x 13 columns]
CHANNEL_0_5
           cbragg  cbragg_err   credchi  ...  cdelta_n            cL     timestamp
0     1548.087445    0.000092  0.000041  ...  0.000012  7.691536e+06  1.735521e+09
1     1548.092272    0.000097  0.000039  ...  0.000012  7.696036e+06  1.735521e+09
2     1548.087339    0.000092  0.000041  ...  0.000012  7.676769e+06  1.735521e+09
3     1548.092154    0.000095  0.000038  ...  0.000012  7.688463e+06  1.735521e+09
4     1548.087374    0.000091  0.000041  ...  0.000012  7.681540e+06  1.735521e+09
...           ...         ...       ...  ...       ...           ...           ...
1587  1548.091935    0.000095  0.000038  ...  0.000012  7.692228e+06  1.735537e+09
1588  1548.086885    0.000092  0.000041  ...  0.000012  7.690474e+06  1.735537e+09
1589  1548.091877    0.000097  0.000039  ...  0.000012  7.685929e+06  1.735537e+09
1590  1548.086961    0.000091  0.000040  ...  0.000012  7.679117e+06  1.735537e+09
1591  1548.092272    0.000108  0.000048  ...  0.000012  7.709993e+06  1.735537e+09

[1592 rows x 13 columns]
CHANNEL_0_6
           cbragg  cbragg_err   credchi  ...  cdelta_n            cL     timestamp
0     1549.065451    0.000077  0.000023  ...  0.000012  7.524335e+06  1.735521e+09
1     1549.074729    0.000204  0.000287  ...  0.000012  8.016510e+06  1.735521e+09
2     1549.065409    0.000112  0.000047  ...  0.000012  7.642563e+06  1.735521e+09
3     1549.074704    0.000106  0.000075  ...  0.000012  7.676391e+06  1.735521e+09
4     1549.065522    0.000118  0.000053  ...  0.000012  7.751110e+06  1.735521e+09
...           ...         ...       ...  ...       ...           ...           ...
1587  1549.074436    0.000087  0.000049  ...  0.000012  7.574711e+06  1.735537e+09
1588  1549.064969    0.000078  0.000023  ...  0.000012  7.553866e+06  1.735537e+09
1589  1549.074360    0.000096  0.000060  ...  0.000012  7.619964e+06  1.735537e+09
1590  1549.065038    0.000079  0.000023  ...  0.000012  7.560195e+06  1.735537e+09
1591  1549.074335    0.000162  0.000177  ...  0.000012  7.868987e+06  1.735537e+09

[1592 rows x 13 columns]
CHANNEL_0_7
           cbragg  cbragg_err   credchi  ...  cdelta_n            cL     timestamp
0     1550.070530    0.000124  0.000046  ...  0.000012  7.598816e+06  1.735521e+09
1     1550.072761    0.000123  0.000047  ...  0.000012  7.625583e+06  1.735521e+09
2     1550.070601    0.000124  0.000046  ...  0.000012  7.594624e+06  1.735521e+09
3     1550.072901    0.000125  0.000049  ...  0.000012  7.705132e+06  1.735521e+09
4     1550.070706    0.000124  0.000046  ...  0.000012  7.595991e+06  1.735521e+09
...           ...         ...       ...  ...       ...           ...           ...
1587  1550.072477    0.000129  0.000052  ...  0.000012  7.735512e+06  1.735537e+09
1588  1550.070117    0.000124  0.000045  ...  0.000012  7.595548e+06  1.735537e+09
1589  1550.072540    0.000122  0.000046  ...  0.000012  7.613661e+06  1.735537e+09
1590  1550.070083    0.000124  0.000045  ...  0.000012  7.598161e+06  1.735537e+09
1591  1550.072493    0.000123  0.000047  ...  0.000012  7.624100e+06  1.735537e+09

[1592 rows x 13 columns]
CHANNEL_0_8
           cbragg  cbragg_err   credchi  ...  cdelta_n            cL     timestamp
0     1551.045407    0.000072  0.000015  ...  0.000012  7.619004e+06  1.735521e+09
1     1551.052576    0.000072  0.000018  ...  0.000012  7.631996e+06  1.735521e+09
2     1551.045277    0.000072  0.000015  ...  0.000012  7.619076e+06  1.735521e+09
3     1551.052511    0.000073  0.000018  ...  0.000012  7.627452e+06  1.735521e+09
4     1551.045320    0.000072  0.000015  ...  0.000012  7.616200e+06  1.735521e+09
...           ...         ...       ...  ...       ...           ...           ...
1587  1551.052010    0.000074  0.000018  ...  0.000012  7.626013e+06  1.735537e+09
1588  1551.044741    0.000073  0.000015  ...  0.000012  7.595389e+06  1.735537e+09
1589  1551.051970    0.000072  0.000018  ...  0.000012  7.628165e+06  1.735537e+09
1590  1551.044793    0.000073  0.000015  ...  0.000012  7.623733e+06  1.735537e+09
1591  1551.051998    0.000074  0.000019  ...  0.000012  7.635575e+06  1.735537e+09

[1592 rows x 13 columns]
CHANNEL_0_9
           cbragg  cbragg_err   credchi  ...  cdelta_n            cL     timestamp
0     1552.026833    0.000111  0.000023  ...  0.000012  7.500895e+06  1.735521e+09
1     1552.036339    0.000086  0.000027  ...  0.000012  7.688618e+06  1.735521e+09
2     1552.026775    0.000091  0.000016  ...  0.000012  7.732703e+06  1.735521e+09
3     1552.036320    0.000088  0.000028  ...  0.000012  7.683209e+06  1.735521e+09
4     1552.026847    0.000089  0.000015  ...  0.000012  7.742524e+06  1.735521e+09
...           ...         ...       ...  ...       ...           ...           ...
1587  1552.035850    0.000089  0.000029  ...  0.000012  7.687209e+06  1.735537e+09
1588  1552.026238    0.000139  0.000035  ...  0.000012  7.385481e+06  1.735537e+09
1589  1552.035801    0.000089  0.000029  ...  0.000012  7.686211e+06  1.735537e+09
1590  1552.026281    0.000088  0.000015  ...  0.000012  7.735260e+06  1.735537e+09
1591  1552.035915    0.000088  0.000028  ...  0.000012  7.680398e+06  1.735537e+09

[1592 rows x 13 columns]
CHANNEL_0_10
           cbragg  cbragg_err   credchi  ...  cdelta_n            cL     timestamp
0     1553.036580    0.000094  0.000021  ...  0.000012  7.687100e+06  1.735521e+09
1     1553.037399    0.000095  0.000017  ...  0.000012  7.747786e+06  1.735521e+09
2     1553.036542    0.000094  0.000021  ...  0.000012  7.658178e+06  1.735521e+09
3     1553.037352    0.000095  0.000017  ...  0.000012  7.721160e+06  1.735521e+09
4     1553.036570    0.000100  0.000024  ...  0.000012  7.609409e+06  1.735521e+09
...           ...         ...       ...  ...       ...           ...           ...
1587  1553.036782    0.000096  0.000018  ...  0.000012  7.732734e+06  1.735537e+09
1588  1553.035861    0.000093  0.000021  ...  0.000012  7.699802e+06  1.735537e+09
1589  1553.036737    0.000094  0.000017  ...  0.000012  7.733401e+06  1.735537e+09
1590  1553.035984    0.000093  0.000021  ...  0.000012  7.688047e+06  1.735537e+09
1591  1553.036843    0.000096  0.000018  ...  0.000012  7.726793e+06  1.735537e+09

[1592 rows x 13 columns]
CHANNEL_0_11
           cbragg  cbragg_err   credchi  ...  cdelta_n            cL     timestamp
0     1554.041570    0.000074  0.000009  ...  0.000012  7.692881e+06  1.735521e+09
1     1554.050769    0.000073  0.000015  ...  0.000012  7.628054e+06  1.735521e+09
2     1554.041470    0.000075  0.000009  ...  0.000012  7.703687e+06  1.735521e+09
3     1554.050815    0.000074  0.000015  ...  0.000012  7.634400e+06  1.735521e+09
4     1554.041505    0.000077  0.000009  ...  0.000012  7.709260e+06  1.735521e+09
...           ...         ...       ...  ...       ...           ...           ...
1587  1554.050388    0.000072  0.000014  ...  0.000012  7.632973e+06  1.735537e+09
1588  1554.040837    0.000125  0.000023  ...  0.000012  7.373390e+06  1.735537e+09
1589  1554.050296    0.000072  0.000014  ...  0.000012  7.634810e+06  1.735537e+09
1590  1554.040887    0.000071  0.000008  ...  0.000012  7.706371e+06  1.735537e+09
1591  1554.050370    0.000072  0.000014  ...  0.000012  7.643230e+06  1.735537e+09

[1592 rows x 13 columns]
CHANNEL_0_12
           cbragg  cbragg_err   credchi  ...  cdelta_n            cL     timestamp
0     1555.069826    0.000115  0.000045  ...  0.000012  7.507133e+06  1.735521e+09
1     1555.071591    0.000119  0.000047  ...  0.000012  7.517939e+06  1.735521e+09
2     1555.069721    0.000118  0.000048  ...  0.000012  7.527711e+06  1.735521e+09
3     1555.071516    0.000127  0.000055  ...  0.000012  7.645655e+06  1.735521e+09
4     1555.069773    0.000116  0.000046  ...  0.000012  7.508077e+06  1.735521e+09
...           ...         ...       ...  ...       ...           ...           ...
1587  1555.071096    0.000118  0.000046  ...  0.000012  7.519921e+06  1.735537e+09
1588  1555.069052    0.000135  0.000063  ...  0.000012  7.698577e+06  1.735537e+09
1589  1555.071108    0.000113  0.000043  ...  0.000012  7.524075e+06  1.735537e+09
1590  1555.069057    0.000143  0.000069  ...  0.000012  7.661564e+06  1.735537e+09
1591  1555.070991    0.000115  0.000044  ...  0.000012  7.513172e+06  1.735537e+09

[1592 rows x 13 columns]
CHANNEL_0_13
           cbragg  cbragg_err   credchi  ...  cdelta_n            cL     timestamp
0     1556.042099    0.000140  0.000036  ...  0.000012  7.677071e+06  1.735521e+09
1     1556.050030    0.000135  0.000044  ...  0.000012  7.691515e+06  1.735521e+09
2     1556.041949    0.000140  0.000036  ...  0.000012  7.643011e+06  1.735521e+09
3     1556.050080    0.000138  0.000046  ...  0.000012  7.694720e+06  1.735521e+09
4     1556.042030    0.000137  0.000034  ...  0.000012  7.689928e+06  1.735521e+09
...           ...         ...       ...  ...       ...           ...           ...
1587  1556.049554    0.000137  0.000045  ...  0.000012  7.696489e+06  1.735537e+09
1588  1556.041334    0.000141  0.000036  ...  0.000012  7.682724e+06  1.735537e+09
1589  1556.049439    0.000136  0.000044  ...  0.000012  7.693372e+06  1.735537e+09
1590  1556.041295    0.000136  0.000034  ...  0.000012  7.682965e+06  1.735537e+09
1591  1556.049385    0.000138  0.000046  ...  0.000012  7.645467e+06  1.735537e+09

[1592 rows x 13 columns]
CHANNEL_0_14
           cbragg  cbragg_err   credchi  ...  cdelta_n            cL     timestamp
0     1557.014768    0.000097  0.000027  ...  0.000012  7.657527e+06  1.735521e+09
1     1557.018720    0.000105  0.000040  ...  0.000012  7.704037e+06  1.735521e+09
2     1557.014638    0.000098  0.000027  ...  0.000012  7.665211e+06  1.735521e+09
3     1557.018719    0.000101  0.000037  ...  0.000012  7.634906e+06  1.735521e+09
4     1557.014794    0.000097  0.000027  ...  0.000012  7.665122e+06  1.735521e+09
...           ...         ...       ...  ...       ...           ...           ...
1587  1557.018183    0.000100  0.000036  ...  0.000012  7.621310e+06  1.735537e+09
1588  1557.014125    0.000097  0.000027  ...  0.000012  7.665531e+06  1.735537e+09
1589  1557.018189    0.000101  0.000036  ...  0.000012  7.617780e+06  1.735537e+09
1590  1557.014045    0.000098  0.000027  ...  0.000012  7.665786e+06  1.735537e+09
1591  1557.018170    0.000101  0.000036  ...  0.000012  7.618201e+06  1.735537e+09

[1592 rows x 13 columns]
CHANNEL_1_1
           cbragg  cbragg_err   credchi  ...  cdelta_n            cL     timestamp
0     1556.170739    0.000141  0.000019  ...  0.000012  2.665857e+06  1.735521e+09
1     1556.170653    0.000076  0.000005  ...  0.000012  2.678104e+06  1.735521e+09
2     1556.170641    0.000360  0.000104  ...  0.000012  2.497611e+06  1.735521e+09
3     1556.170176    0.000540  0.000358  ...  0.000012  2.981247e+06  1.735521e+09
4     1556.171088    0.000172  0.000026  ...  0.000012  2.591243e+06  1.735521e+09
...           ...         ...       ...  ...       ...           ...           ...
1587  1556.169925    0.000078  0.000005  ...  0.000012  2.678506e+06  1.735537e+09
1588  1556.170343    0.000086  0.000007  ...  0.000012  2.648306e+06  1.735537e+09
1589  1556.170215    0.000130  0.000014  ...  0.000012  2.611316e+06  1.735537e+09
1590  1556.170516    0.000273  0.000062  ...  0.000012  2.545790e+06  1.735537e+09
1591  1556.169937    0.000079  0.000006  ...  0.000012  2.677456e+06  1.735537e+09

[1592 rows x 13 columns]
CHANNEL_1_2
           cbragg  cbragg_err   credchi  ...  cdelta_n            cL     timestamp
0     1558.200849    0.001225  0.004491  ...  0.000012  3.759842e+06  1.735521e+09
1     1558.203632    0.000114  0.000019  ...  0.000012  2.789706e+06  1.735521e+09
2     1558.199275    0.001124  0.003205  ...  0.000012  3.580161e+06  1.735521e+09
3     1558.202832    0.000783  0.001412  ...  0.000012  3.322525e+06  1.735521e+09
4     1558.201009    0.000125  0.000022  ...  0.000012  2.795177e+06  1.735521e+09
...           ...         ...       ...  ...       ...           ...           ...
1587  1558.203609    0.000117  0.000020  ...  0.000012  2.794488e+06  1.735537e+09
1588  1558.200883    0.000125  0.000022  ...  0.000012  2.789214e+06  1.735537e+09
1589  1558.203086    0.000231  0.000086  ...  0.000012  2.919760e+06  1.735537e+09
1590  1558.201101    0.000178  0.000042  ...  0.000012  2.721401e+06  1.735537e+09
1591  1558.204651    0.000864  0.000634  ...  0.000012  2.395673e+06  1.735537e+09

[1592 rows x 13 columns]
CHANNEL_1_3
           cbragg  cbragg_err   credchi  ...  cdelta_n            cL     timestamp
0     1561.018282    0.000087  0.000012  ...  0.000012  2.900665e+06  1.735521e+09
1     1561.014642    0.000135  0.000029  ...  0.000012  2.873585e+06  1.735521e+09
2     1561.018140    0.000049  0.000004  ...  0.000012  2.921670e+06  1.735521e+09
3     1561.014589    0.000648  0.001025  ...  0.000012  3.405062e+06  1.735521e+09
4     1561.018151    0.000613  0.000817  ...  0.000012  3.320365e+06  1.735521e+09
...           ...         ...       ...  ...       ...           ...           ...
1587  1561.014284    0.000290  0.000151  ...  0.000012  3.071177e+06  1.735537e+09
1588  1561.017464    0.000057  0.000005  ...  0.000012  2.916460e+06  1.735537e+09
1589  1561.013994    0.000060  0.000006  ...  0.000012  2.905812e+06  1.735537e+09
1590  1561.017455    0.000050  0.000004  ...  0.000012  2.934928e+06  1.735537e+09
1591  1561.013978    0.000106  0.000018  ...  0.000012  2.963463e+06  1.735537e+09

[1592 rows x 13 columns]
CHANNEL_2_1
           cbragg  cbragg_err   credchi  ...  cdelta_n            cL     timestamp
0     1543.591234    0.000080  0.000007  ...  0.000012  2.768280e+06  1.735521e+09
1     1543.590224    0.000081  0.000006  ...  0.000012  2.768699e+06  1.735521e+09
2     1543.590945    0.000078  0.000006  ...  0.000012  2.769572e+06  1.735521e+09
3     1543.590024    0.000077  0.000006  ...  0.000012  2.769820e+06  1.735521e+09
4     1543.591719    0.000079  0.000006  ...  0.000012  2.768771e+06  1.735521e+09
...           ...         ...       ...  ...       ...           ...           ...
1587  1543.589639    0.000077  0.000006  ...  0.000012  2.769531e+06  1.735537e+09
1588  1543.590349    0.000087  0.000006  ...  0.000012  2.768413e+06  1.735537e+09
1589  1543.589424    0.000076  0.000006  ...  0.000012  2.769041e+06  1.735537e+09
1590  1543.590536    0.000149  0.000006  ...  0.000012  2.766885e+06  1.735537e+09
1591  1543.589499    0.000167  0.000006  ...  0.000012  2.769327e+06  1.735537e+09

[1592 rows x 13 columns]
CHANNEL_2_2
           cbragg  cbragg_err   credchi  ...  cdelta_n            cL     timestamp
0     1545.924432    0.000118  0.000010  ...  0.000012  2.689923e+06  1.735521e+09
1     1545.924156    0.000734  0.000615  ...  0.000012  3.120477e+06  1.735521e+09
2     1545.924303    0.000118  0.000010  ...  0.000012  2.688720e+06  1.735521e+09
3     1545.925848    0.000115  0.000010  ...  0.000012  2.684897e+06  1.735521e+09
4     1545.922272    0.001022  0.001419  ...  0.000012  3.339717e+06  1.735521e+09
...           ...         ...       ...  ...       ...           ...           ...
1587  1545.926080    0.000117  0.000010  ...  0.000012  2.693644e+06  1.735537e+09
1588  1545.924404    0.000120  0.000011  ...  0.000012  2.676840e+06  1.735537e+09
1589  1545.925280    0.000346  0.000111  ...  0.000012  2.881190e+06  1.735537e+09
1590  1545.924384    0.000116  0.000010  ...  0.000012  2.691439e+06  1.735537e+09
1591  1545.926007    0.000115  0.000010  ...  0.000012  2.696421e+06  1.735537e+09

[1592 rows x 13 columns]
CHANNEL_2_3
           cbragg  cbragg_err   credchi  ...  cdelta_n            cL     timestamp
0     1548.521769    0.000099  0.000010  ...  0.000012  2.879579e+06  1.735521e+09
1     1548.523000    0.000192  0.000036  ...  0.000012  2.800947e+06  1.735521e+09
2     1548.522458    0.001107  0.002446  ...  0.000012  3.739767e+06  1.735521e+09
3     1548.523243    0.000097  0.000010  ...  0.000012  2.880071e+06  1.735521e+09
4     1548.522141    0.000961  0.001650  ...  0.000012  3.581397e+06  1.735521e+09
...           ...         ...       ...  ...       ...           ...           ...
1587  1548.522563    0.000100  0.000010  ...  0.000012  2.894812e+06  1.735537e+09
1588  1548.521149    0.000973  0.001699  ...  0.000012  3.590836e+06  1.735537e+09
1589  1548.522494    0.000120  0.000015  ...  0.000012  2.920298e+06  1.735537e+09
1590  1548.521009    0.000095  0.000010  ...  0.000012  2.884875e+06  1.735537e+09
1591  1548.522572    0.000257  0.000075  ...  0.000012  3.000876e+06  1.735537e+09

[1592 rows x 13 columns]
CHANNEL_3_1
           cbragg  cbragg_err   credchi  ...  cdelta_n            cL     timestamp
0     1544.134821    0.000154  0.000027  ...  0.000012  7.774382e+06  1.735521e+09
1     1544.132022    0.000119  0.000019  ...  0.000012  7.796852e+06  1.735521e+09
2     1544.134784    0.000119  0.000027  ...  0.000012  7.763873e+06  1.735521e+09
3     1544.131995    0.000122  0.000020  ...  0.000012  7.802437e+06  1.735521e+09
4     1544.134869    0.000142  0.000027  ...  0.000012  7.754367e+06  1.735521e+09
...           ...         ...       ...  ...       ...           ...           ...
1587  1544.131379    0.000117  0.000019  ...  0.000012  7.821654e+06  1.735537e+09
1588  1544.133898    0.000116  0.000027  ...  0.000012  7.777722e+06  1.735537e+09
1589  1544.131251    0.000116  0.000019  ...  0.000012  7.813626e+06  1.735537e+09
1590  1544.133945    0.000111  0.000027  ...  0.000012  7.772293e+06  1.735537e+09
1591  1544.131184    0.000118  0.000020  ...  0.000012  7.825328e+06  1.735537e+09

[1592 rows x 13 columns]
CHANNEL_3_2
           cbragg  cbragg_err   credchi  ...  cdelta_n            cL     timestamp
0     1545.029285    0.000391  0.000022  ...  0.000012  7.904739e+06  1.735521e+09
1     1545.039772    0.000212  0.000039  ...  0.000012  7.817875e+06  1.735521e+09
2     1545.029174    0.000593  0.000022  ...  0.000012  7.886035e+06  1.735521e+09
3     1545.039794    0.000111  0.000039  ...  0.000012  7.832740e+06  1.735521e+09
4     1545.029330    0.000123  0.000023  ...  0.000012  7.883684e+06  1.735521e+09
...           ...         ...       ...  ...       ...           ...           ...
1587  1545.038466    0.000109  0.000037  ...  0.000012  7.841536e+06  1.735537e+09
1588  1545.027904    0.000110  0.000022  ...  0.000012  7.902291e+06  1.735537e+09
1589  1545.038621    0.000150  0.000037  ...  0.000012  7.835944e+06  1.735537e+09
1590  1545.027983    0.000115  0.000022  ...  0.000012  7.913545e+06  1.735537e+09
1591  1545.038643    0.000114  0.000041  ...  0.000012  7.824879e+06  1.735537e+09

[1592 rows x 13 columns]
CHANNEL_3_3
           cbragg  cbragg_err   credchi  ...  cdelta_n            cL     timestamp
0     1545.747021    0.000110  0.000034  ...  0.000012  7.551322e+06  1.735521e+09
1     1545.748214    0.000113  0.000025  ...  0.000012  7.601284e+06  1.735521e+09
2     1545.747015    0.000109  0.000033  ...  0.000012  7.572518e+06  1.735521e+09
3     1545.748236    0.000113  0.000025  ...  0.000012  7.588782e+06  1.735521e+09
4     1545.747056    0.000108  0.000032  ...  0.000012  7.559834e+06  1.735521e+09
...           ...         ...       ...  ...       ...           ...           ...
1587  1545.745189    0.000108  0.000023  ...  0.000012  7.590840e+06  1.735537e+09
1588  1545.743717    0.000104  0.000030  ...  0.000012  7.552272e+06  1.735537e+09
1589  1545.745096    0.000111  0.000024  ...  0.000012  7.587045e+06  1.735537e+09
1590  1545.743649    0.000104  0.000030  ...  0.000012  7.562719e+06  1.735537e+09
1591  1545.745175    0.000112  0.000025  ...  0.000012  7.591132e+06  1.735537e+09

[1592 rows x 13 columns]
CHANNEL_3_4
           cbragg  cbragg_err   credchi  ...  cdelta_n            cL     timestamp
0     1546.682341    0.000096  0.000016  ...  0.000012  7.796009e+06  1.735521e+09
1     1546.689668    0.000097  0.000026  ...  0.000012  7.727653e+06  1.735521e+09
2     1546.682164    0.000098  0.000017  ...  0.000012  7.785117e+06  1.735521e+09
3     1546.689526    0.000098  0.000027  ...  0.000012  7.732585e+06  1.735521e+09
4     1546.682214    0.000098  0.000017  ...  0.000012  7.792601e+06  1.735521e+09
...           ...         ...       ...  ...       ...           ...           ...
1587  1546.689287    0.000098  0.000027  ...  0.000012  7.732227e+06  1.735537e+09
1588  1546.681810    0.000098  0.000017  ...  0.000012  7.794549e+06  1.735537e+09
1589  1546.689224    0.000098  0.000027  ...  0.000012  7.733364e+06  1.735537e+09
1590  1546.681788    0.000099  0.000017  ...  0.000012  7.795074e+06  1.735537e+09
1591  1546.689212    0.000100  0.000028  ...  0.000012  7.744134e+06  1.735537e+09

[1592 rows x 13 columns]
CHANNEL_3_5
           cbragg  cbragg_err   credchi  ...  cdelta_n            cL     timestamp
0     1547.702747    0.000077  0.000015  ...  0.000012  7.595141e+06  1.735521e+09
1     1547.709026    0.000076  0.000013  ...  0.000012  7.625164e+06  1.735521e+09
2     1547.702664    0.000076  0.000015  ...  0.000012  7.592347e+06  1.735521e+09
3     1547.708771    0.000078  0.000013  ...  0.000012  7.623419e+06  1.735521e+09
4     1547.702731    0.000076  0.000014  ...  0.000012  7.601232e+06  1.735521e+09
...           ...         ...       ...  ...       ...           ...           ...
1587  1547.708586    0.000079  0.000013  ...  0.000012  7.621820e+06  1.735537e+09
1588  1547.702324    0.000079  0.000014  ...  0.000012  7.588666e+06  1.735537e+09
1589  1547.708670    0.000076  0.000012  ...  0.000012  7.621995e+06  1.735537e+09
1590  1547.702353    0.000078  0.000015  ...  0.000012  7.587654e+06  1.735537e+09
1591  1547.708596    0.000079  0.000013  ...  0.000012  7.626275e+06  1.735537e+09

[1592 rows x 13 columns]
CHANNEL_3_6
           cbragg  cbragg_err   credchi  ...  cdelta_n            cL     timestamp
0     1548.691309    0.000082  0.000015  ...  0.000012  7.760193e+06  1.735521e+09
1     1548.693099    0.000080  0.000015  ...  0.000012  7.768436e+06  1.735521e+09
2     1548.691321    0.000081  0.000015  ...  0.000012  7.762898e+06  1.735521e+09
3     1548.693052    0.000080  0.000015  ...  0.000012  7.773656e+06  1.735521e+09
4     1548.691432    0.000081  0.000015  ...  0.000012  7.770229e+06  1.735521e+09
...           ...         ...       ...  ...       ...           ...           ...
1587  1548.692946    0.000080  0.000016  ...  0.000012  7.769055e+06  1.735537e+09
1588  1548.690931    0.000080  0.000015  ...  0.000012  7.769913e+06  1.735537e+09
1589  1548.692804    0.000083  0.000016  ...  0.000012  7.707769e+06  1.735537e+09
1590  1548.690975    0.000083  0.000015  ...  0.000012  7.760928e+06  1.735537e+09
1591  1548.692891    0.000081  0.000016  ...  0.000012  7.771910e+06  1.735537e+09

[1592 rows x 13 columns]
CHANNEL_3_7
           cbragg  cbragg_err   credchi  ...  cdelta_n            cL     timestamp
0     1549.706301    0.000089  0.000015  ...  0.000012  7.574288e+06  1.735521e+09
1     1549.716314    0.000088  0.000020  ...  0.000012  7.605699e+06  1.735521e+09
2     1549.706361    0.000088  0.000015  ...  0.000012  7.593806e+06  1.735521e+09
3     1549.716219    0.000085  0.000019  ...  0.000012  7.588597e+06  1.735521e+09
4     1549.706337    0.000087  0.000014  ...  0.000012  7.587801e+06  1.735521e+09
...           ...         ...       ...  ...       ...           ...           ...
1587  1549.716038    0.000084  0.000019  ...  0.000012  7.607051e+06  1.735537e+09
1588  1549.706005    0.000087  0.000014  ...  0.000012  7.600966e+06  1.735537e+09
1589  1549.716066    0.000087  0.000020  ...  0.000012  7.592503e+06  1.735537e+09
1590  1549.706106    0.000086  0.000014  ...  0.000012  7.606163e+06  1.735537e+09
1591  1549.716068    0.000087  0.000020  ...  0.000012  7.577455e+06  1.735537e+09

[1592 rows x 13 columns]
CHANNEL_3_8
           cbragg  cbragg_err   credchi  ...  cdelta_n            cL     timestamp
0     1550.669031    0.000088  0.000016  ...  0.000012  7.621659e+06  1.735521e+09
1     1550.665407    0.000107  0.000014  ...  0.000012  7.649148e+06  1.735521e+09
2     1550.669043    0.000091  0.000017  ...  0.000012  7.628958e+06  1.735521e+09
3     1550.665334    0.000094  0.000014  ...  0.000012  7.649130e+06  1.735521e+09
4     1550.668945    0.000090  0.000017  ...  0.000012  7.628629e+06  1.735521e+09
...           ...         ...       ...  ...       ...           ...           ...
1587  1550.664873    0.000094  0.000014  ...  0.000012  7.653427e+06  1.735537e+09
1588  1550.668384    0.000090  0.000017  ...  0.000012  7.633152e+06  1.735537e+09
1589  1550.664832    0.000092  0.000013  ...  0.000012  7.666428e+06  1.735537e+09
1590  1550.668461    0.000090  0.000017  ...  0.000012  7.627422e+06  1.735537e+09
1591  1550.664844    0.000094  0.000014  ...  0.000012  7.651450e+06  1.735537e+09

[1592 rows x 13 columns]
CHANNEL_3_9
           cbragg  cbragg_err   credchi  ...  cdelta_n            cL     timestamp
0     1551.659060    0.000092  0.000010  ...  0.000012  7.692861e+06  1.735521e+09
1     1551.667773    0.000088  0.000017  ...  0.000012  7.677411e+06  1.735521e+09
2     1551.658968    0.000093  0.000011  ...  0.000012  7.748516e+06  1.735521e+09
3     1551.667709    0.000090  0.000018  ...  0.000012  7.683892e+06  1.735521e+09
4     1551.658987    0.000092  0.000010  ...  0.000012  7.694986e+06  1.735521e+09
...           ...         ...       ...  ...       ...           ...           ...
1587  1551.667157    0.000091  0.000018  ...  0.000012  7.628236e+06  1.735537e+09
1588  1551.658448    0.000092  0.000011  ...  0.000012  7.738657e+06  1.735537e+09
1589  1551.667195    0.000090  0.000018  ...  0.000012  7.629824e+06  1.735537e+09
1590  1551.658441    0.000093  0.000011  ...  0.000012  7.740991e+06  1.735537e+09
1591  1551.667296    0.000090  0.000018  ...  0.000012  7.669398e+06  1.735537e+09

[1592 rows x 13 columns]
CHANNEL_3_10
           cbragg  cbragg_err   credchi  ...  cdelta_n            cL     timestamp
0     1552.673006    0.000101  0.000020  ...  0.000012  7.669162e+06  1.735521e+09
1     1552.668400    0.000111  0.000013  ...  0.000012  7.814200e+06  1.735521e+09
2     1552.672902    0.000105  0.000022  ...  0.000012  7.705484e+06  1.735521e+09
3     1552.668215    0.000112  0.000014  ...  0.000012  7.768660e+06  1.735521e+09
4     1552.673057    0.000102  0.000021  ...  0.000012  7.713421e+06  1.735521e+09
...           ...         ...       ...  ...       ...           ...           ...
1587  1552.667778    0.000112  0.000013  ...  0.000012  7.776573e+06  1.735537e+09
1588  1552.672381    0.000103  0.000021  ...  0.000012  7.684797e+06  1.735537e+09
1589  1552.667805    0.000113  0.000014  ...  0.000012  7.770994e+06  1.735537e+09
1590  1552.672294    0.000100  0.000020  ...  0.000012  7.733566e+06  1.735537e+09
1591  1552.667890    0.000114  0.000014  ...  0.000012  7.755467e+06  1.735537e+09

[1592 rows x 13 columns]
CHANNEL_3_11
           cbragg  cbragg_err   credchi  ...  cdelta_n            cL     timestamp
0     1553.635698    0.000132  0.000026  ...  0.000012  7.930867e+06  1.735521e+09
1     1553.639430    0.000131  0.000039  ...  0.000012  7.851936e+06  1.735521e+09
2     1553.635848    0.000131  0.000026  ...  0.000012  7.921027e+06  1.735521e+09
3     1553.639406    0.000132  0.000039  ...  0.000012  7.853765e+06  1.735521e+09
4     1553.635794    0.000131  0.000026  ...  0.000012  7.929371e+06  1.735521e+09
...           ...         ...       ...  ...       ...           ...           ...
1587  1553.638832    0.000133  0.000040  ...  0.000012  7.844834e+06  1.735537e+09
1588  1553.635168    0.000133  0.000027  ...  0.000012  7.926957e+06  1.735537e+09
1589  1553.638936    0.000129  0.000038  ...  0.000012  7.860956e+06  1.735537e+09
1590  1553.635164    0.000132  0.000026  ...  0.000012  7.924882e+06  1.735537e+09
1591  1553.638871    0.000131  0.000039  ...  0.000012  7.860420e+06  1.735537e+09

[1592 rows x 13 columns]
CHANNEL_3_12
           cbragg  cbragg_err   credchi  ...  cdelta_n            cL     timestamp
0     1554.615116    0.000095  0.000019  ...  0.000012  7.783998e+06  1.735521e+09
1     1554.612906    0.000100  0.000013  ...  0.000012  7.844470e+06  1.735521e+09
2     1554.615058    0.000096  0.000020  ...  0.000012  7.778646e+06  1.735521e+09
3     1554.612645    0.000108  0.000015  ...  0.000012  7.819442e+06  1.735521e+09
4     1554.615042    0.000094  0.000019  ...  0.000012  7.779720e+06  1.735521e+09
...           ...         ...       ...  ...       ...           ...           ...
1587  1554.612305    0.000101  0.000013  ...  0.000012  7.849464e+06  1.735537e+09
1588  1554.614472    0.000095  0.000019  ...  0.000012  7.774418e+06  1.735537e+09
1589  1554.612184    0.000103  0.000014  ...  0.000012  7.833644e+06  1.735537e+09
1590  1554.614352    0.000096  0.000019  ...  0.000012  7.776903e+06  1.735537e+09
1591  1554.612339    0.000102  0.000014  ...  0.000012  7.856063e+06  1.735537e+09

[1592 rows x 13 columns]
CHANNEL_3_13
           cbragg  cbragg_err   credchi  ...  cdelta_n            cL     timestamp
0     1555.617363    0.000090  0.000010  ...  0.000012  7.648329e+06  1.735521e+09
1     1555.624958    0.000087  0.000016  ...  0.000012  7.581714e+06  1.735521e+09
2     1555.617291    0.000088  0.000009  ...  0.000012  7.644966e+06  1.735521e+09
3     1555.624867    0.000088  0.000016  ...  0.000012  7.580291e+06  1.735521e+09
4     1555.617485    0.000088  0.000009  ...  0.000012  7.652573e+06  1.735521e+09
...           ...         ...       ...  ...       ...           ...           ...
1587  1555.624286    0.000086  0.000016  ...  0.000012  7.572880e+06  1.735537e+09
1588  1555.616521    0.000086  0.000009  ...  0.000012  7.647420e+06  1.735537e+09
1589  1555.624422    0.000086  0.000016  ...  0.000012  7.584938e+06  1.735537e+09
1590  1555.616628    0.000087  0.000009  ...  0.000012  7.642374e+06  1.735537e+09
1591  1555.624363    0.000087  0.000016  ...  0.000012  7.576450e+06  1.735537e+09

[1592 rows x 13 columns]
CHANNEL_3_14
           cbragg  cbragg_err   credchi  ...  cdelta_n            cL     timestamp
0     1556.577912    0.000186  0.000076  ...  0.000012  7.698170e+06  1.735521e+09
1     1556.573484    0.000183  0.000045  ...  0.000012  7.706620e+06  1.735521e+09
2     1556.577890    0.000189  0.000078  ...  0.000012  7.699472e+06  1.735521e+09
3     1556.573365    0.000183  0.000045  ...  0.000012  7.753557e+06  1.735521e+09
4     1556.577894    0.000186  0.000075  ...  0.000012  7.702245e+06  1.735521e+09
...           ...         ...       ...  ...       ...           ...           ...
1587  1556.572898    0.000184  0.000045  ...  0.000012  7.767381e+06  1.735537e+09
1588  1556.577205    0.000186  0.000074  ...  0.000012  7.696962e+06  1.735537e+09
1589  1556.572949    0.000177  0.000042  ...  0.000012  7.757633e+06  1.735537e+09
1590  1556.577206    0.000186  0.000075  ...  0.000012  7.700025e+06  1.735537e+09
1591  1556.572936    0.000188  0.000047  ...  0.000012  7.765004e+06  1.735537e+09

[1592 rows x 13 columns]
