CHANNEL_0_1
        cbragg  cbragg_err   credchi  ...  cdelta_n            cL     timestamp
0  1545.019429    0.000097  0.000328  ...  0.000012  7.721222e+06  1.733802e+09
1  1545.005281    0.000121  0.000200  ...  0.000012  7.798106e+06  1.733802e+09

[2 rows x 13 columns]
CHANNEL_0_2
        cbragg  cbragg_err   credchi  ...  cdelta_n            cL     timestamp
0  1545.939456    0.000082  0.000097  ...  0.000012  7.661531e+06  1.733802e+09
1  1545.931785    0.000078  0.000080  ...  0.000012  7.717144e+06  1.733802e+09

[2 rows x 13 columns]
CHANNEL_0_3
        cbragg  cbragg_err   credchi  ...  cdelta_n            cL     timestamp
0  1546.888095    0.000127  0.000432  ...  0.000012  7.944724e+06  1.733802e+09
1  1546.875524    0.000103  0.000212  ...  0.000012  7.801661e+06  1.733802e+09

[2 rows x 13 columns]
CHANNEL_0_4
        cbragg  cbragg_err   credchi  ...  cdelta_n            cL     timestamp
0  1547.853242    0.000102  0.000300  ...  0.000012  7.877581e+06  1.733802e+09
1  1547.842590    0.000157  0.000468  ...  0.000012  8.344433e+06  1.733802e+09

[2 rows x 13 columns]
CHANNEL_0_5
        cbragg  cbragg_err   credchi  ...  cdelta_n            cL     timestamp
0  1548.795461    0.000125  0.000434  ...  0.000012  8.032028e+06  1.733802e+09
1  1548.789444    0.000102  0.000303  ...  0.000012  7.893925e+06  1.733802e+09

[2 rows x 13 columns]
CHANNEL_0_6
        cbragg  cbragg_err   credchi  ...  cdelta_n            cL     timestamp
0  1549.763337    0.000144  0.000652  ...  0.000012  7.766257e+06  1.733802e+09
1  1549.752116    0.000109  0.000353  ...  0.000012  7.739550e+06  1.733802e+09

[2 rows x 13 columns]
CHANNEL_0_7
        cbragg  cbragg_err   credchi  ...  cdelta_n            cL     timestamp
0  1550.741894    0.000109  0.000304  ...  0.000012  7.784271e+06  1.733802e+09
1  1550.731259    0.000104  0.000152  ...  0.000012  7.757092e+06  1.733802e+09

[2 rows x 13 columns]
CHANNEL_0_8
        cbragg  cbragg_err   credchi  ...  cdelta_n            cL     timestamp
0  1551.688167    0.000086  0.000169  ...  0.000012  7.747623e+06  1.733802e+09
1  1551.678822    0.000066  0.000070  ...  0.000012  7.638085e+06  1.733802e+09

[2 rows x 13 columns]
CHANNEL_0_9
        cbragg  cbragg_err   credchi  ...  cdelta_n            cL     timestamp
0  1552.615878    0.000091  0.000128  ...  0.000012  7.695254e+06  1.733802e+09
1  1552.610121    0.000112  0.000217  ...  0.000012  7.909049e+06  1.733802e+09

[2 rows x 13 columns]
CHANNEL_0_10
        cbragg  cbragg_err   credchi  ...  cdelta_n            cL     timestamp
0  1553.351801    0.000073  0.000091  ...  0.000012  7.758355e+06  1.733802e+09
1  1553.336806    0.000077  0.000063  ...  0.000012  7.807615e+06  1.733802e+09

[2 rows x 13 columns]
CHANNEL_0_11
        cbragg  cbragg_err   credchi  ...  cdelta_n            cL     timestamp
0  1554.067556    0.000072  0.000065  ...  0.000012  7.676601e+06  1.733802e+09
1  1554.063315    0.000288  0.000840  ...  0.000012  6.909437e+06  1.733802e+09

[2 rows x 13 columns]
CHANNEL_0_12
        cbragg  cbragg_err   credchi  ...  cdelta_n            cL     timestamp
0  1555.094306    0.000279  0.002039  ...  0.000012  8.271767e+06  1.733802e+09
1  1555.083927    0.000115  0.000224  ...  0.000012  7.581331e+06  1.733802e+09

[2 rows x 13 columns]
CHANNEL_0_13
        cbragg  cbragg_err   credchi  ...  cdelta_n            cL     timestamp
0  1556.068215    0.000149  0.000298  ...  0.000012  7.902241e+06  1.733802e+09
1  1556.062825    0.000134  0.000185  ...  0.000012  7.764632e+06  1.733802e+09

[2 rows x 13 columns]
CHANNEL_0_14
        cbragg  cbragg_err   credchi  ...  cdelta_n            cL     timestamp
0  1557.038636    0.000095  0.000146  ...  0.000012  7.676146e+06  1.733802e+09
1  1557.033933    0.000095  0.000192  ...  0.000012  7.634134e+06  1.733802e+09

[2 rows x 13 columns]
CHANNEL_1_1
        cbragg  cbragg_err   credchi  ...  cdelta_n            cL     timestamp
0  1557.117113    0.000101  0.000049  ...  0.000012  2.681024e+06  1.733802e+09
1  1557.113009    0.000094  0.000050  ...  0.000012  2.674908e+06  1.733802e+09

[2 rows x 13 columns]
CHANNEL_1_2
        cbragg  cbragg_err   credchi  ...  cdelta_n            cL     timestamp
0  1559.874664    0.001368  0.033272  ...  0.000012  3.799887e+06  1.733802e+09
1  1559.872331    0.002877  0.194649  ...  0.000012  5.223317e+06  1.733802e+09

[2 rows x 13 columns]
CHANNEL_1_3
        cbragg  cbragg_err   credchi  ...  cdelta_n            cL     timestamp
0  1561.130075    0.000552  0.002094  ...  0.000012  2.643471e+06  1.733802e+09
1  1561.125378    0.001761  0.010957  ...  0.000012  2.187511e+06  1.733802e+09

[2 rows x 13 columns]
CHANNEL_2_1
       cbragg  cbragg_err   credchi  ...  cdelta_n            cL     timestamp
0  1544.54550    0.000046  0.000002  ...  0.000012  2.780848e+06  1.733802e+09
1  1544.54097    0.000045  0.000002  ...  0.000012  2.786327e+06  1.733802e+09

[2 rows x 13 columns]
CHANNEL_2_2
        cbragg  cbragg_err   credchi  ...  cdelta_n            cL     timestamp
0  1547.578547    0.000119  0.000013  ...  0.000012  2.695044e+06  1.733802e+09
1  1547.582430    0.000720  0.000802  ...  0.000012  3.164773e+06  1.733802e+09

[2 rows x 13 columns]
CHANNEL_2_3
        cbragg  cbragg_err   credchi  ...  cdelta_n            cL     timestamp
0  1548.639441    0.000094  0.000010  ...  0.000012  2.893244e+06  1.733802e+09
1  1548.639809    0.000382  0.000198  ...  0.000012  3.115184e+06  1.733802e+09

[2 rows x 13 columns]
CHANNEL_3_1
        cbragg  cbragg_err   credchi  ...  cdelta_n            cL     timestamp
0  1544.578805    0.000140  0.000026  ...  0.000012  7.760920e+06  1.733802e+09
1  1544.579073    0.000208  0.000025  ...  0.000012  7.758045e+06  1.733802e+09

[2 rows x 13 columns]
CHANNEL_3_2
        cbragg  cbragg_err   credchi  ...  cdelta_n            cL     timestamp
0  1545.575119    0.000113  0.000038  ...  0.000012  7.819694e+06  1.733802e+09
1  1545.567989    0.000110  0.000035  ...  0.000012  7.834003e+06  1.733802e+09

[2 rows x 13 columns]
CHANNEL_3_3
        cbragg  cbragg_err   credchi  ...  cdelta_n            cL     timestamp
0  1546.528710    0.000107  0.000035  ...  0.000012  7.562603e+06  1.733802e+09
1  1546.528558    0.000109  0.000032  ...  0.000012  7.567752e+06  1.733802e+09

[2 rows x 13 columns]
CHANNEL_3_4
        cbragg  cbragg_err   credchi  ...  cdelta_n            cL     timestamp
0  1547.476884    0.000101  0.000026  ...  0.000012  7.724301e+06  1.733802e+09
1  1547.472135    0.000100  0.000029  ...  0.000012  7.698070e+06  1.733802e+09

[2 rows x 13 columns]
CHANNEL_3_5
        cbragg  cbragg_err   credchi  ...  cdelta_n            cL     timestamp
0  1548.459877    0.000079  0.000019  ...  0.000012  7.547950e+06  1.733802e+09
1  1548.460063    0.000078  0.000015  ...  0.000012  7.559268e+06  1.733802e+09

[2 rows x 13 columns]
CHANNEL_3_6
        cbragg  cbragg_err  credchi  ...  cdelta_n            cL     timestamp
0  1549.431267    0.000086  0.00002  ...  0.000012  7.751376e+06  1.733802e+09
1  1549.426550    0.000083  0.00002  ...  0.000012  7.768193e+06  1.733802e+09

[2 rows x 13 columns]
CHANNEL_3_7
        cbragg  cbragg_err   credchi  ...  cdelta_n            cL     timestamp
0  1550.427558    0.000091  0.000026  ...  0.000012  7.547835e+06  1.733802e+09
1  1550.426249    0.000090  0.000020  ...  0.000012  7.575149e+06  1.733802e+09

[2 rows x 13 columns]
CHANNEL_3_8
        cbragg  cbragg_err   credchi  ...  cdelta_n            cL     timestamp
0  1551.356628    0.000090  0.000017  ...  0.000012  7.641047e+06  1.733802e+09
1  1551.349950    0.000088  0.000018  ...  0.000012  7.628412e+06  1.733802e+09

[2 rows x 13 columns]
CHANNEL_3_9
        cbragg  cbragg_err   credchi  ...  cdelta_n            cL     timestamp
0  1552.302806    0.000090  0.000020  ...  0.000012  7.648575e+06  1.733802e+09
1  1552.297075    0.000096  0.000016  ...  0.000012  7.637167e+06  1.733802e+09

[2 rows x 13 columns]
CHANNEL_3_10
        cbragg  cbragg_err   credchi  ...  cdelta_n            cL     timestamp
0  1553.042103    0.000109  0.000019  ...  0.000012  7.738663e+06  1.733802e+09
1  1553.036910    0.000159  0.000048  ...  0.000012  7.387017e+06  1.733802e+09

[2 rows x 13 columns]
CHANNEL_3_11
        cbragg  cbragg_err   credchi  ...  cdelta_n            cL     timestamp
0  1553.706507    0.000131  0.000037  ...  0.000012  7.843906e+06  1.733802e+09
1  1553.707416    0.000195  0.000077  ...  0.000012  7.427409e+06  1.733802e+09

[2 rows x 13 columns]
CHANNEL_3_12
        cbragg  cbragg_err   credchi  ...  cdelta_n            cL     timestamp
0  1554.686944    0.000092  0.000018  ...  0.000012  7.862543e+06  1.733802e+09
1  1554.679331    0.000093  0.000017  ...  0.000012  7.850473e+06  1.733802e+09

[2 rows x 13 columns]
CHANNEL_3_13
        cbragg  cbragg_err   credchi  ...  cdelta_n            cL     timestamp
0  1555.696084    0.000098  0.000020  ...  0.000012  7.394703e+06  1.733802e+09
1  1555.691075    0.000088  0.000013  ...  0.000012  7.583523e+06  1.733802e+09

[2 rows x 13 columns]
CHANNEL_3_14
        cbragg  cbragg_err   credchi  ...  cdelta_n            cL     timestamp
0  1556.649046    0.000195  0.000072  ...  0.000012  7.794783e+06  1.733802e+09
1  1556.643472    0.000206  0.000094  ...  0.000012  7.505842e+06  1.733802e+09

[2 rows x 13 columns]
