000 (11451992.364.000) 01/28 14:31:49 Job submitted from host: <188.185.114.121:9618?addrs=188.185.114.121-9618+[2001-1458-d00-a--100-273]-9618&alias=bigbird19.cern.ch&noUDP&sock=schedd_2045_4743>
...
040 (11451992.364.000) 01/28 15:35:24 Started transferring input files
	Transferring to host: <188.185.209.20:9618?addrs=188.185.209.20-9618+[2001-1458-303-11--100-11]-9618&alias=b9p11p8179.cern.ch&noUDP&sock=slot1_37_5005_39a5_166513>
...
040 (11451992.364.000) 01/28 15:35:24 Finished transferring input files
...
001 (11451992.364.000) 01/28 15:35:25 Job executing on host: <188.185.209.20:9618?addrs=188.185.209.20-9618+[2001-1458-303-11--100-11]-9618&alias=b9p11p8179.cern.ch&noUDP&sock=startd_4194_504a>
	SlotName: slot1_37@b9p11p8179.cern.ch
	CondorScratchDir = "/pool/condor/dir_1562811"
	Cpus = 1
	Disk = 2802437
	Memory = 3000
...
006 (11451992.364.000) 01/28 15:35:33 Image size of job updated: 61824
	60  -  MemoryUsage of job (MB)
	60540  -  ResidentSetSize of job (KB)
...
006 (11451992.364.000) 01/28 15:36:13 Image size of job updated: 180508
	98  -  MemoryUsage of job (MB)
	99872  -  ResidentSetSize of job (KB)
...
040 (11451992.364.000) 01/28 15:36:13 Started transferring output files
...
040 (11451992.364.000) 01/28 15:36:13 Finished transferring output files
...
005 (11451992.364.000) 01/28 15:36:14 Job terminated.
	(1) Normal termination (return value 0)
		Usr 0 00:00:06, Sys 0 00:00:00  -  Run Remote Usage
		Usr 0 00:00:00, Sys 0 00:00:00  -  Run Local Usage
		Usr 0 00:00:06, Sys 0 00:00:00  -  Total Remote Usage
		Usr 0 00:00:00, Sys 0 00:00:00  -  Total Local Usage
	14886  -  Run Bytes Sent By Job
	5797  -  Run Bytes Received By Job
	14886  -  Total Bytes Sent By Job
	5797  -  Total Bytes Received By Job
	Partitionable Resources :    Usage  Request Allocated 
	   Cpus                 :        0        1         1 
	   Disk (KB)            :       45       10   2802437 
	   Memory (MB)          :       98     3000      3000 

	Job terminated of its own accord at 2025-01-28T14:36:13Z with exit-code 0.
...
