CHANNEL_0_1
           cbragg  cbragg_err   credchi  ...  cdelta_n            cL     timestamp
0     1544.215261    0.000278  0.000041  ...  0.000012  7.706696e+06  1.737438e+09
1     1544.215364    0.000107  0.000053  ...  0.000012  7.647086e+06  1.737438e+09
2     1544.215117    0.000159  0.000040  ...  0.000012  7.702150e+06  1.737438e+09
3     1544.215076    0.000271  0.000052  ...  0.000012  7.643749e+06  1.737438e+09
4     1544.215099    0.000105  0.000041  ...  0.000012  7.707451e+06  1.737438e+09
...           ...         ...       ...  ...       ...           ...           ...
1587  1544.215807    0.000104  0.000053  ...  0.000012  7.647675e+06  1.737453e+09
1588  1544.215618    0.000115  0.000041  ...  0.000012  7.694224e+06  1.737453e+09
1589  1544.215780    0.000114  0.000052  ...  0.000012  7.649095e+06  1.737453e+09
1590  1544.215672    0.000100  0.000039  ...  0.000012  7.705437e+06  1.737453e+09
1591  1544.215919    0.000103  0.000053  ...  0.000012  7.643807e+06  1.737453e+09

[1592 rows x 13 columns]
CHANNEL_0_2
           cbragg  cbragg_err   credchi  ...  cdelta_n            cL     timestamp
0     1545.170022    0.000085  0.000020  ...  0.000012  7.683557e+06  1.737438e+09
1     1545.168005    0.000090  0.000014  ...  0.000012  7.679407e+06  1.737438e+09
2     1545.170040    0.000091  0.000019  ...  0.000012  7.685522e+06  1.737438e+09
3     1545.167906    0.000088  0.000014  ...  0.000012  7.691181e+06  1.737438e+09
4     1545.170013    0.000082  0.000018  ...  0.000012  7.692591e+06  1.737438e+09
...           ...         ...       ...  ...       ...           ...           ...
1587  1545.168469    0.000089  0.000014  ...  0.000012  7.688266e+06  1.737453e+09
1588  1545.170471    0.000112  0.000019  ...  0.000012  7.686281e+06  1.737453e+09
1589  1545.168686    0.000087  0.000014  ...  0.000012  7.689937e+06  1.737453e+09
1590  1545.170466    0.000081  0.000018  ...  0.000012  7.693681e+06  1.737453e+09
1591  1545.168720    0.000090  0.000014  ...  0.000012  7.696874e+06  1.737453e+09

[1592 rows x 13 columns]
CHANNEL_0_3
           cbragg  cbragg_err   credchi  ...  cdelta_n            cL     timestamp
0     1546.155377    0.000144  0.000078  ...  0.000012  7.469808e+06  1.737438e+09
1     1546.151612    0.000113  0.000045  ...  0.000012  7.573272e+06  1.737438e+09
2     1546.155404    0.000115  0.000049  ...  0.000012  7.646566e+06  1.737438e+09
3     1546.151541    0.000113  0.000045  ...  0.000012  7.611788e+06  1.737438e+09
4     1546.155409    0.000119  0.000053  ...  0.000012  7.750362e+06  1.737438e+09
...           ...         ...       ...  ...       ...           ...           ...
1587  1546.152198    0.000113  0.000045  ...  0.000012  7.600675e+06  1.737453e+09
1588  1546.155872    0.000114  0.000047  ...  0.000012  7.629191e+06  1.737453e+09
1589  1546.152135    0.000113  0.000045  ...  0.000012  7.614529e+06  1.737453e+09
1590  1546.155963    0.000114  0.000048  ...  0.000012  7.651164e+06  1.737453e+09
1591  1546.152206    0.000113  0.000046  ...  0.000012  7.619686e+06  1.737453e+09

[1592 rows x 13 columns]
CHANNEL_0_4
           cbragg  cbragg_err   credchi  ...  cdelta_n            cL     timestamp
0     1547.148074    0.000116  0.000058  ...  0.000012  7.823860e+06  1.737438e+09
1     1547.146347    0.000134  0.000053  ...  0.000012  7.663505e+06  1.737438e+09
2     1547.148128    0.000114  0.000056  ...  0.000012  7.827440e+06  1.737438e+09
3     1547.146021    0.000119  0.000042  ...  0.000012  7.819893e+06  1.737438e+09
4     1547.147995    0.000116  0.000059  ...  0.000012  7.823759e+06  1.737438e+09
...           ...         ...       ...  ...       ...           ...           ...
1587  1547.146641    0.000130  0.000049  ...  0.000012  7.665142e+06  1.737453e+09
1588  1547.148465    0.000116  0.000058  ...  0.000012  7.829926e+06  1.737453e+09
1589  1547.146478    0.000141  0.000057  ...  0.000012  7.597463e+06  1.737453e+09
1590  1547.148522    0.000117  0.000059  ...  0.000012  7.830702e+06  1.737453e+09
1591  1547.146778    0.000120  0.000043  ...  0.000012  7.850922e+06  1.737453e+09

[1592 rows x 13 columns]
CHANNEL_0_5
           cbragg  cbragg_err   credchi  ...  cdelta_n            cL     timestamp
0     1548.121807    0.000092  0.000030  ...  0.000012  7.670975e+06  1.737438e+09
1     1548.123448    0.000091  0.000044  ...  0.000012  7.641935e+06  1.737438e+09
2     1548.121607    0.000093  0.000031  ...  0.000012  7.682243e+06  1.737438e+09
3     1548.123363    0.000092  0.000045  ...  0.000012  7.631331e+06  1.737438e+09
4     1548.121587    0.000095  0.000032  ...  0.000012  7.680453e+06  1.737438e+09
...           ...         ...       ...  ...       ...           ...           ...
1587  1548.123674    0.000092  0.000045  ...  0.000012  7.637181e+06  1.737453e+09
1588  1548.121770    0.000092  0.000030  ...  0.000012  7.690315e+06  1.737453e+09
1589  1548.123684    0.000092  0.000045  ...  0.000012  7.636396e+06  1.737453e+09
1590  1548.121900    0.000092  0.000030  ...  0.000012  7.693061e+06  1.737453e+09
1591  1548.123750    0.000092  0.000045  ...  0.000012  7.637015e+06  1.737453e+09

[1592 rows x 13 columns]
CHANNEL_0_6
           cbragg  cbragg_err   credchi  ...  cdelta_n            cL     timestamp
0     1549.108060    0.000083  0.000043  ...  0.000012  7.472948e+06  1.737438e+09
1     1549.098229    0.000076  0.000022  ...  0.000012  7.541813e+06  1.737438e+09
2     1549.108099    0.000121  0.000091  ...  0.000012  7.586767e+06  1.737438e+09
3     1549.098198    0.000078  0.000023  ...  0.000012  7.550201e+06  1.737438e+09
4     1549.108046    0.000150  0.000146  ...  0.000012  7.771317e+06  1.737438e+09
...           ...         ...       ...  ...       ...           ...           ...
1587  1549.098576    0.000075  0.000021  ...  0.000012  7.534932e+06  1.737453e+09
1588  1549.108083    0.000198  0.000251  ...  0.000012  7.882663e+06  1.737453e+09
1589  1549.098547    0.000076  0.000022  ...  0.000012  7.544710e+06  1.737453e+09
1590  1549.108261    0.000081  0.000041  ...  0.000012  7.474002e+06  1.737453e+09
1591  1549.098580    0.000075  0.000021  ...  0.000012  7.542389e+06  1.737453e+09

[1592 rows x 13 columns]
CHANNEL_0_7
           cbragg  cbragg_err   credchi  ...  cdelta_n            cL     timestamp
0     1550.103693    0.000119  0.000043  ...  0.000012  7.638480e+06  1.737438e+09
1     1550.106346    0.000118  0.000042  ...  0.000012  7.643514e+06  1.737438e+09
2     1550.103833    0.000118  0.000042  ...  0.000012  7.642309e+06  1.737438e+09
3     1550.106383    0.000117  0.000042  ...  0.000012  7.655537e+06  1.737438e+09
4     1550.103757    0.000120  0.000044  ...  0.000012  7.694184e+06  1.737438e+09
...           ...         ...       ...  ...       ...           ...           ...
1587  1550.106609    0.000118  0.000043  ...  0.000012  7.655913e+06  1.737453e+09
1588  1550.103763    0.000118  0.000042  ...  0.000012  7.650508e+06  1.737453e+09
1589  1550.106496    0.000118  0.000042  ...  0.000012  7.657750e+06  1.737453e+09
1590  1550.103794    0.000117  0.000042  ...  0.000012  7.643878e+06  1.737453e+09
1591  1550.106565    0.000118  0.000042  ...  0.000012  7.652971e+06  1.737453e+09

[1592 rows x 13 columns]
CHANNEL_0_8
           cbragg  cbragg_err   credchi  ...  cdelta_n            cL     timestamp
0     1551.083296    0.000074  0.000016  ...  0.000012  7.566426e+06  1.737438e+09
1     1551.082157    0.000077  0.000020  ...  0.000012  7.571489e+06  1.737438e+09
2     1551.083216    0.000074  0.000016  ...  0.000012  7.621402e+06  1.737438e+09
3     1551.082037    0.000073  0.000018  ...  0.000012  7.574070e+06  1.737438e+09
4     1551.083271    0.000074  0.000016  ...  0.000012  7.571580e+06  1.737438e+09
...           ...         ...       ...  ...       ...           ...           ...
1587  1551.081759    0.000098  0.000033  ...  0.000012  7.744704e+06  1.737453e+09
1588  1551.082653    0.000074  0.000016  ...  0.000012  7.627368e+06  1.737453e+09
1589  1551.081672    0.000073  0.000018  ...  0.000012  7.600893e+06  1.737453e+09
1590  1551.082627    0.000074  0.000016  ...  0.000012  7.625056e+06  1.737453e+09
1591  1551.081658    0.000092  0.000029  ...  0.000012  7.748672e+06  1.737453e+09

[1592 rows x 13 columns]
CHANNEL_0_9
           cbragg  cbragg_err   credchi  ...  cdelta_n            cL     timestamp
0     1552.068550    0.000087  0.000024  ...  0.000012  7.695169e+06  1.737438e+09
1     1552.063123    0.000108  0.000025  ...  0.000012  7.476865e+06  1.737438e+09
2     1552.068444    0.000085  0.000023  ...  0.000012  7.681656e+06  1.737438e+09
3     1552.062982    0.000089  0.000018  ...  0.000012  7.696226e+06  1.737438e+09
4     1552.068533    0.000098  0.000032  ...  0.000012  7.843609e+06  1.737438e+09
...           ...         ...       ...  ...       ...           ...           ...
1587  1552.062680    0.000103  0.000023  ...  0.000012  7.507744e+06  1.737453e+09
1588  1552.067893    0.000088  0.000025  ...  0.000012  7.719708e+06  1.737453e+09
1589  1552.062722    0.000088  0.000018  ...  0.000012  7.707260e+06  1.737453e+09
1590  1552.067953    0.000087  0.000024  ...  0.000012  7.700659e+06  1.737453e+09
1591  1552.062661    0.000089  0.000018  ...  0.000012  7.703028e+06  1.737453e+09

[1592 rows x 13 columns]
CHANNEL_0_10
           cbragg  cbragg_err   credchi  ...  cdelta_n            cL     timestamp
0     1553.069979    0.000092  0.000019  ...  0.000012  7.677494e+06  1.737438e+09
1     1553.071602    0.000096  0.000021  ...  0.000012  7.688920e+06  1.737438e+09
2     1553.069984    0.000093  0.000019  ...  0.000012  7.685948e+06  1.737438e+09
3     1553.071638    0.000095  0.000020  ...  0.000012  7.632062e+06  1.737438e+09
4     1553.069990    0.000091  0.000018  ...  0.000012  7.686833e+06  1.737438e+09
...           ...         ...       ...  ...       ...           ...           ...
1587  1553.071230    0.000094  0.000019  ...  0.000012  7.687207e+06  1.737453e+09
1588  1553.069346    0.000092  0.000018  ...  0.000012  7.693642e+06  1.737453e+09
1589  1553.071311    0.000092  0.000019  ...  0.000012  7.699655e+06  1.737453e+09
1590  1553.069378    0.000096  0.000020  ...  0.000012  7.644829e+06  1.737453e+09
1591  1553.071294    0.000093  0.000019  ...  0.000012  7.697480e+06  1.737453e+09

[1592 rows x 13 columns]
CHANNEL_0_11
           cbragg  cbragg_err   credchi  ...  cdelta_n            cL     timestamp
0     1554.084111    0.000069  0.000011  ...  0.000012  7.650100e+06  1.737438e+09
1     1554.076461    0.000076  0.000010  ...  0.000012  7.645474e+06  1.737438e+09
2     1554.084119    0.000076  0.000014  ...  0.000012  7.614394e+06  1.737438e+09
3     1554.076445    0.000072  0.000009  ...  0.000012  7.647724e+06  1.737438e+09
4     1554.084034    0.000070  0.000012  ...  0.000012  7.652764e+06  1.737438e+09
...           ...         ...       ...  ...       ...           ...           ...
1587  1554.075933    0.000078  0.000011  ...  0.000012  7.640357e+06  1.737453e+09
1588  1554.083490    0.000071  0.000012  ...  0.000012  7.646922e+06  1.737453e+09
1589  1554.076226    0.000074  0.000010  ...  0.000012  7.636742e+06  1.737453e+09
1590  1554.083597    0.000072  0.000012  ...  0.000012  7.664396e+06  1.737453e+09
1591  1554.076104    0.000074  0.000010  ...  0.000012  7.650994e+06  1.737453e+09

[1592 rows x 13 columns]
CHANNEL_0_12
           cbragg  cbragg_err   credchi  ...  cdelta_n            cL     timestamp
0     1555.105904    0.000112  0.000053  ...  0.000012  7.553156e+06  1.737438e+09
1     1555.102265    0.000117  0.000040  ...  0.000012  7.545001e+06  1.737438e+09
2     1555.105931    0.000110  0.000050  ...  0.000012  7.547657e+06  1.737438e+09
3     1555.102237    0.000115  0.000039  ...  0.000012  7.567989e+06  1.737438e+09
4     1555.105838    0.000110  0.000051  ...  0.000012  7.559363e+06  1.737438e+09
...           ...         ...       ...  ...       ...           ...           ...
1587  1555.101942    0.000118  0.000041  ...  0.000012  7.546412e+06  1.737453e+09
1588  1555.105349    0.000111  0.000051  ...  0.000012  7.549417e+06  1.737453e+09
1589  1555.101911    0.000121  0.000044  ...  0.000012  7.656695e+06  1.737453e+09
1590  1555.105401    0.000110  0.000050  ...  0.000012  7.546721e+06  1.737453e+09
1591  1555.102014    0.000115  0.000039  ...  0.000012  7.582032e+06  1.737453e+09

[1592 rows x 13 columns]
CHANNEL_0_13
           cbragg  cbragg_err   credchi  ...  cdelta_n            cL     timestamp
0     1556.078875    0.000145  0.000035  ...  0.000012  7.684047e+06  1.737438e+09
1     1556.078637    0.000137  0.000043  ...  0.000012  7.635991e+06  1.737438e+09
2     1556.078820    0.000207  0.000066  ...  0.000012  7.228551e+06  1.737438e+09
3     1556.078512    0.000140  0.000045  ...  0.000012  7.636677e+06  1.737438e+09
4     1556.078666    0.000146  0.000036  ...  0.000012  7.689074e+06  1.737438e+09
...           ...         ...       ...  ...       ...           ...           ...
1587  1556.078032    0.000138  0.000043  ...  0.000012  7.659316e+06  1.737453e+09
1588  1556.078125    0.000145  0.000035  ...  0.000012  7.699263e+06  1.737453e+09
1589  1556.078173    0.000161  0.000057  ...  0.000012  7.704925e+06  1.737453e+09
1590  1556.078308    0.000146  0.000036  ...  0.000012  7.696003e+06  1.737453e+09
1591  1556.078107    0.000139  0.000044  ...  0.000012  7.648690e+06  1.737453e+09

[1592 rows x 13 columns]
CHANNEL_0_14
           cbragg  cbragg_err   credchi  ...  cdelta_n            cL     timestamp
0     1557.053700    0.000091  0.000036  ...  0.000012  7.676952e+06  1.737438e+09
1     1557.045121    0.000090  0.000019  ...  0.000012  7.748121e+06  1.737438e+09
2     1557.053583    0.000093  0.000037  ...  0.000012  7.680359e+06  1.737438e+09
3     1557.045043    0.000089  0.000019  ...  0.000012  7.750937e+06  1.737438e+09
4     1557.053583    0.000092  0.000036  ...  0.000012  7.681117e+06  1.737438e+09
...           ...         ...       ...  ...       ...           ...           ...
1587  1557.044637    0.000090  0.000019  ...  0.000012  7.747881e+06  1.737453e+09
1588  1557.053025    0.000091  0.000036  ...  0.000012  7.677029e+06  1.737453e+09
1589  1557.044701    0.000090  0.000019  ...  0.000012  7.749085e+06  1.737453e+09
1590  1557.053093    0.000091  0.000036  ...  0.000012  7.686217e+06  1.737453e+09
1591  1557.044693    0.000102  0.000019  ...  0.000012  7.745884e+06  1.737453e+09

[1592 rows x 13 columns]
CHANNEL_1_1
           cbragg  cbragg_err   credchi  ...  cdelta_n            cL     timestamp
0     1555.116405    0.000298  0.000059  ...  0.000012  2.496368e+06  1.737438e+09
1     1555.119441    0.000168  0.000021  ...  0.000012  2.545652e+06  1.737438e+09
2     1555.116315    0.000221  0.000032  ...  0.000012  2.503870e+06  1.737438e+09
3     1555.119367    0.000111  0.000010  ...  0.000012  2.627885e+06  1.737438e+09
4     1555.116165    0.000115  0.000010  ...  0.000012  2.585252e+06  1.737438e+09
...           ...         ...       ...  ...       ...           ...           ...
1587  1555.119211    0.000874  0.001012  ...  0.000012  3.158236e+06  1.737453e+09
1588  1555.115904    0.000136  0.000013  ...  0.000012  2.557289e+06  1.737453e+09
1589  1555.118881    0.000107  0.000009  ...  0.000012  2.606283e+06  1.737453e+09
1590  1555.115941    0.000803  0.000843  ...  0.000012  3.164319e+06  1.737453e+09
1591  1555.119116    0.000129  0.000013  ...  0.000012  2.585232e+06  1.737453e+09

[1592 rows x 13 columns]
CHANNEL_1_2
           cbragg  cbragg_err   credchi  ...  cdelta_n            cL     timestamp
0     1558.266559    0.000113  0.000019  ...  0.000012  2.799062e+06  1.737438e+09
1     1558.268605    0.000111  0.000017  ...  0.000012  2.811443e+06  1.737438e+09
2     1558.266588    0.000146  0.000029  ...  0.000012  2.741077e+06  1.737438e+09
3     1558.268948    0.000364  0.000149  ...  0.000012  2.611207e+06  1.737438e+09
4     1558.266560    0.000119  0.000021  ...  0.000012  2.824212e+06  1.737438e+09
...           ...         ...       ...  ...       ...           ...           ...
1587  1558.268037    0.000138  0.000026  ...  0.000012  2.758497e+06  1.737453e+09
1588  1558.266001    0.000202  0.000053  ...  0.000012  2.703103e+06  1.737453e+09
1589  1558.267447    0.000679  0.000998  ...  0.000012  3.277353e+06  1.737453e+09
1590  1558.265933    0.000134  0.000026  ...  0.000012  2.821818e+06  1.737453e+09
1591  1558.268130    0.000113  0.000018  ...  0.000012  2.801313e+06  1.737453e+09

[1592 rows x 13 columns]
CHANNEL_1_3
           cbragg  cbragg_err   credchi  ...  cdelta_n            cL     timestamp
0     1561.085777    0.000034  0.000002  ...  0.000012  2.925660e+06  1.737438e+09
1     1561.083454    0.000106  0.000016  ...  0.000012  2.865538e+06  1.737438e+09
2     1561.085944    0.000233  0.000079  ...  0.000012  2.790995e+06  1.737438e+09
3     1561.083467    0.000034  0.000002  ...  0.000012  2.935678e+06  1.737438e+09
4     1561.085740    0.000117  0.000022  ...  0.000012  2.887200e+06  1.737438e+09
...           ...         ...       ...  ...       ...           ...           ...
1587  1561.082792    0.000083  0.000010  ...  0.000012  2.879472e+06  1.737453e+09
1588  1561.085370    0.000770  0.001564  ...  0.000012  3.499105e+06  1.737453e+09
1589  1561.082988    0.000282  0.000104  ...  0.000012  2.778264e+06  1.737453e+09
1590  1561.083641    0.001227  0.004373  ...  0.000012  3.790957e+06  1.737453e+09
1591  1561.083132    0.000200  0.000069  ...  0.000012  3.072975e+06  1.737453e+09

[1592 rows x 13 columns]
CHANNEL_2_1
           cbragg  cbragg_err   credchi  ...  cdelta_n            cL     timestamp
0     1542.568867    0.000064  0.000003  ...  0.000012  2.751410e+06  1.737438e+09
1     1542.569008    0.000061  0.000003  ...  0.000012  2.750995e+06  1.737438e+09
2     1542.568767    0.000055  0.000003  ...  0.000012  2.754744e+06  1.737438e+09
3     1542.568974    0.000054  0.000002  ...  0.000012  2.754901e+06  1.737438e+09
4     1542.568672    0.000057  0.000003  ...  0.000012  2.752544e+06  1.737438e+09
...           ...         ...       ...  ...       ...           ...           ...
1587  1542.569186    0.000058  0.000003  ...  0.000012  2.751507e+06  1.737453e+09
1588  1542.572236    0.010949  0.003714  ...  0.000012  1.134454e+06  1.737453e+09
1589  1542.568991    0.000060  0.000003  ...  0.000012  2.750748e+06  1.737453e+09
1590  1542.569213    0.000129  0.000003  ...  0.000012  2.751879e+06  1.737453e+09
1591  1542.582334    0.013357  0.003712  ...  0.000012  1.095782e+06  1.737453e+09

[1592 rows x 13 columns]
CHANNEL_2_2
           cbragg  cbragg_err   credchi  ...  cdelta_n            cL     timestamp
0     1546.003628    0.000384  0.000097  ...  0.000012  2.522990e+06  1.737438e+09
1     1546.003101    0.001150  0.002247  ...  0.000012  3.528356e+06  1.737438e+09
2     1546.003390    0.000222  0.000037  ...  0.000012  2.653100e+06  1.737438e+09
3     1546.003719    0.000227  0.000037  ...  0.000012  2.567457e+06  1.737438e+09
4     1546.003460    0.000151  0.000017  ...  0.000012  2.666259e+06  1.737438e+09
...           ...         ...       ...  ...       ...           ...           ...
1587  1546.003733    0.001045  0.001749  ...  0.000012  3.426575e+06  1.737453e+09
1588  1546.003454    0.000760  0.000267  ...  0.000012  2.308842e+06  1.737453e+09
1589  1546.004010    0.000156  0.000019  ...  0.000012  2.626436e+06  1.737453e+09
1590  1546.003934    0.000148  0.000016  ...  0.000012  2.675797e+06  1.737453e+09
1591  1546.004173    0.000147  0.000017  ...  0.000012  2.657613e+06  1.737453e+09

[1592 rows x 13 columns]
CHANNEL_2_3
           cbragg  cbragg_err   credchi  ...  cdelta_n            cL     timestamp
0     1548.596269    0.000153  0.000024  ...  0.000012  2.941959e+06  1.737438e+09
1     1548.598841    0.000112  0.000013  ...  0.000012  2.889859e+06  1.737438e+09
2     1548.596222    0.000098  0.000010  ...  0.000012  2.911362e+06  1.737438e+09
3     1548.598971    0.000245  0.000070  ...  0.000012  3.021515e+06  1.737438e+09
4     1548.596178    0.000109  0.000012  ...  0.000012  2.895686e+06  1.737438e+09
...           ...         ...       ...  ...       ...           ...           ...
1587  1548.598120    0.000105  0.000012  ...  0.000012  2.887802e+06  1.737453e+09
1588  1548.595181    0.000252  0.000074  ...  0.000012  3.051558e+06  1.737453e+09
1589  1548.598203    0.000105  0.000012  ...  0.000012  2.891231e+06  1.737453e+09
1590  1548.595887    0.001012  0.001843  ...  0.000012  3.651178e+06  1.737453e+09
1591  1548.598155    0.000247  0.000055  ...  0.000012  2.763248e+06  1.737453e+09

[1592 rows x 13 columns]
CHANNEL_3_1
           cbragg  cbragg_err   credchi  ...  cdelta_n            cL     timestamp
0     1543.627309    0.000107  0.000022  ...  0.000012  7.869207e+06  1.737438e+09
1     1543.613680    0.000102  0.000014  ...  0.000012  7.914588e+06  1.737438e+09
2     1543.627080    0.000115  0.000022  ...  0.000012  7.875061e+06  1.737438e+09
3     1543.613513    0.000107  0.000015  ...  0.000012  7.916264e+06  1.737438e+09
4     1543.627046    0.000121  0.000022  ...  0.000012  7.872412e+06  1.737438e+09
...           ...         ...       ...  ...       ...           ...           ...
1587  1543.613468    0.000103  0.000015  ...  0.000012  7.921310e+06  1.737453e+09
1588  1543.627004    0.000104  0.000022  ...  0.000012  7.861676e+06  1.737453e+09
1589  1543.613428    0.000116  0.000014  ...  0.000012  7.920992e+06  1.737453e+09
1590  1543.627176    0.000102  0.000022  ...  0.000012  7.871995e+06  1.737453e+09
1591  1543.613562    0.000100  0.000014  ...  0.000012  7.920119e+06  1.737453e+09

[1592 rows x 13 columns]
CHANNEL_3_2
           cbragg  cbragg_err   credchi  ...  cdelta_n            cL     timestamp
0     1544.652094    0.000316  0.000027  ...  0.000012  7.869881e+06  1.737438e+09
1     1544.645897    0.000112  0.000033  ...  0.000012  7.814670e+06  1.737438e+09
2     1544.652052    0.000124  0.000028  ...  0.000012  7.861482e+06  1.737438e+09
3     1544.645885    0.000113  0.000033  ...  0.000012  7.812446e+06  1.737438e+09
4     1544.652097    0.000123  0.000027  ...  0.000012  7.867431e+06  1.737438e+09
...           ...         ...       ...  ...       ...           ...           ...
1587  1544.645992    0.000114  0.000032  ...  0.000012  7.818278e+06  1.737453e+09
1588  1544.652203    0.000115  0.000028  ...  0.000012  7.857795e+06  1.737453e+09
1589  1544.646058    0.000126  0.000033  ...  0.000012  7.815299e+06  1.737453e+09
1590  1544.652144    0.000128  0.000026  ...  0.000012  7.868780e+06  1.737453e+09
1591  1544.646053    0.000486  0.000033  ...  0.000012  7.809311e+06  1.737453e+09

[1592 rows x 13 columns]
CHANNEL_3_3
           cbragg  cbragg_err   credchi  ...  cdelta_n            cL     timestamp
0     1545.651628    0.000104  0.000033  ...  0.000012  7.623765e+06  1.737438e+09
1     1545.640680    0.000104  0.000020  ...  0.000012  7.674745e+06  1.737438e+09
2     1545.651624    0.000109  0.000036  ...  0.000012  7.618416e+06  1.737438e+09
3     1545.640721    0.000107  0.000021  ...  0.000012  7.672414e+06  1.737438e+09
4     1545.651733    0.000132  0.000052  ...  0.000012  7.723339e+06  1.737438e+09
...           ...         ...       ...  ...       ...           ...           ...
1587  1545.641036    0.000108  0.000021  ...  0.000012  7.654501e+06  1.737453e+09
1588  1545.651728    0.000110  0.000037  ...  0.000012  7.621276e+06  1.737453e+09
1589  1545.640976    0.000108  0.000021  ...  0.000012  7.666685e+06  1.737453e+09
1590  1545.651937    0.000108  0.000035  ...  0.000012  7.622753e+06  1.737453e+09
1591  1545.641107    0.000111  0.000023  ...  0.000012  7.657078e+06  1.737453e+09

[1592 rows x 13 columns]
CHANNEL_3_4
           cbragg  cbragg_err   credchi  ...  cdelta_n            cL     timestamp
0     1546.624055    0.000096  0.000021  ...  0.000012  7.779560e+06  1.737438e+09
1     1546.615019    0.000095  0.000021  ...  0.000012  7.736604e+06  1.737438e+09
2     1546.624106    0.000093  0.000020  ...  0.000012  7.789271e+06  1.737438e+09
3     1546.615080    0.000094  0.000021  ...  0.000012  7.699469e+06  1.737438e+09
4     1546.624071    0.000094  0.000021  ...  0.000012  7.786104e+06  1.737438e+09
...           ...         ...       ...  ...       ...           ...           ...
1587  1546.615382    0.000097  0.000022  ...  0.000012  7.705429e+06  1.737453e+09
1588  1546.624378    0.000095  0.000021  ...  0.000012  7.785123e+06  1.737453e+09
1589  1546.615502    0.000097  0.000022  ...  0.000012  7.742528e+06  1.737453e+09
1590  1546.624495    0.000096  0.000021  ...  0.000012  7.787730e+06  1.737453e+09
1591  1546.615491    0.000096  0.000022  ...  0.000012  7.735181e+06  1.737453e+09

[1592 rows x 13 columns]
CHANNEL_3_5
           cbragg  cbragg_err   credchi  ...  cdelta_n            cL     timestamp
0     1547.640241    0.000082  0.000016  ...  0.000012  7.594939e+06  1.737438e+09
1     1547.636737    0.000077  0.000014  ...  0.000012  7.615947e+06  1.737438e+09
2     1547.640211    0.000081  0.000015  ...  0.000012  7.600700e+06  1.737438e+09
3     1547.636701    0.000078  0.000014  ...  0.000012  7.602310e+06  1.737438e+09
4     1547.640106    0.000082  0.000016  ...  0.000012  7.603006e+06  1.737438e+09
...           ...         ...       ...  ...       ...           ...           ...
1587  1547.637220    0.000085  0.000016  ...  0.000012  7.614869e+06  1.737453e+09
1588  1547.640632    0.000080  0.000015  ...  0.000012  7.609027e+06  1.737453e+09
1589  1547.637253    0.000079  0.000014  ...  0.000012  7.608016e+06  1.737453e+09
1590  1547.640665    0.000080  0.000015  ...  0.000012  7.599087e+06  1.737453e+09
1591  1547.637294    0.000079  0.000014  ...  0.000012  7.597488e+06  1.737453e+09

[1592 rows x 13 columns]
CHANNEL_3_6
           cbragg  cbragg_err   credchi  ...  cdelta_n            cL     timestamp
0     1548.629845    0.000080  0.000020  ...  0.000012  7.811688e+06  1.737438e+09
1     1548.617495    0.000078  0.000011  ...  0.000012  7.887114e+06  1.737438e+09
2     1548.629866    0.000080  0.000020  ...  0.000012  7.814186e+06  1.737438e+09
3     1548.617670    0.000174  0.000055  ...  0.000012  7.489323e+06  1.737438e+09
4     1548.629865    0.000079  0.000019  ...  0.000012  7.766919e+06  1.737438e+09
...           ...         ...       ...  ...       ...           ...           ...
1587  1548.618260    0.000077  0.000011  ...  0.000012  7.875536e+06  1.737453e+09
1588  1548.630424    0.000081  0.000020  ...  0.000012  7.805322e+06  1.737453e+09
1589  1548.618350    0.000076  0.000011  ...  0.000012  7.884787e+06  1.737453e+09
1590  1548.630532    0.000081  0.000021  ...  0.000012  7.798121e+06  1.737453e+09
1591  1548.618335    0.000076  0.000011  ...  0.000012  7.874703e+06  1.737453e+09

[1592 rows x 13 columns]
CHANNEL_3_7
           cbragg  cbragg_err   credchi  ...  cdelta_n            cL     timestamp
0     1549.644075    0.000087  0.000014  ...  0.000012  7.557134e+06  1.737438e+09
1     1549.644086    0.000084  0.000019  ...  0.000012  7.542858e+06  1.737438e+09
2     1549.644231    0.000086  0.000014  ...  0.000012  7.561526e+06  1.737438e+09
3     1549.644081    0.000094  0.000025  ...  0.000012  7.647207e+06  1.737438e+09
4     1549.644083    0.000126  0.000028  ...  0.000012  7.264229e+06  1.737438e+09
...           ...         ...       ...  ...       ...           ...           ...
1587  1549.644906    0.000085  0.000019  ...  0.000012  7.542592e+06  1.737453e+09
1588  1549.644680    0.000088  0.000014  ...  0.000012  7.580737e+06  1.737453e+09
1589  1549.644911    0.000086  0.000020  ...  0.000012  7.533570e+06  1.737453e+09
1590  1549.644824    0.000087  0.000014  ...  0.000012  7.575672e+06  1.737453e+09
1591  1549.644802    0.000171  0.000076  ...  0.000012  7.719708e+06  1.737453e+09

[1592 rows x 13 columns]
CHANNEL_3_8
           cbragg  cbragg_err   credchi  ...  cdelta_n            cL     timestamp
0     1550.602480    0.000091  0.000019  ...  0.000012  7.648766e+06  1.737438e+09
1     1550.591166    0.000087  0.000010  ...  0.000012  7.734097e+06  1.737438e+09
2     1550.602496    0.000088  0.000018  ...  0.000012  7.654327e+06  1.737438e+09
3     1550.591047    0.000088  0.000010  ...  0.000012  7.736118e+06  1.737438e+09
4     1550.602436    0.000088  0.000018  ...  0.000012  7.650727e+06  1.737438e+09
...           ...         ...       ...  ...       ...           ...           ...
1587  1550.590743    0.000088  0.000010  ...  0.000012  7.739677e+06  1.737453e+09
1588  1550.601985    0.000087  0.000018  ...  0.000012  7.649311e+06  1.737453e+09
1589  1550.590917    0.000089  0.000011  ...  0.000012  7.728997e+06  1.737453e+09
1590  1550.602076    0.000089  0.000019  ...  0.000012  7.635415e+06  1.737453e+09
1591  1550.590800    0.000086  0.000010  ...  0.000012  7.722620e+06  1.737453e+09

[1592 rows x 13 columns]
CHANNEL_3_9
           cbragg  cbragg_err   credchi  ...  cdelta_n            cL     timestamp
0     1551.596053    0.000095  0.000013  ...  0.000012  7.718618e+06  1.737438e+09
1     1551.592536    0.000088  0.000015  ...  0.000012  7.685866e+06  1.737438e+09
2     1551.596068    0.000093  0.000012  ...  0.000012  7.712966e+06  1.737438e+09
3     1551.592499    0.000089  0.000016  ...  0.000012  7.682425e+06  1.737438e+09
4     1551.596035    0.000094  0.000012  ...  0.000012  7.717302e+06  1.737438e+09
...           ...         ...       ...  ...       ...           ...           ...
1587  1551.592095    0.000090  0.000016  ...  0.000012  7.681732e+06  1.737453e+09
1588  1551.595560    0.000095  0.000012  ...  0.000012  7.711007e+06  1.737453e+09
1589  1551.592138    0.000089  0.000016  ...  0.000012  7.689326e+06  1.737453e+09
1590  1551.595608    0.000094  0.000012  ...  0.000012  7.712383e+06  1.737453e+09
1591  1551.592168    0.000089  0.000015  ...  0.000012  7.674200e+06  1.737453e+09

[1592 rows x 13 columns]
CHANNEL_3_10
           cbragg  cbragg_err   credchi  ...  cdelta_n            cL     timestamp
0     1552.605715    0.000103  0.000018  ...  0.000012  7.772751e+06  1.737438e+09
1     1552.596242    0.000101  0.000014  ...  0.000012  7.835487e+06  1.737438e+09
2     1552.605507    0.000102  0.000018  ...  0.000012  7.781656e+06  1.737438e+09
3     1552.596283    0.000104  0.000014  ...  0.000012  7.799027e+06  1.737438e+09
4     1552.605492    0.000100  0.000017  ...  0.000012  7.741126e+06  1.737438e+09
...           ...         ...       ...  ...       ...           ...           ...
1587  1552.595902    0.000103  0.000014  ...  0.000012  7.821532e+06  1.737453e+09
1588  1552.605028    0.000100  0.000017  ...  0.000012  7.780981e+06  1.737453e+09
1589  1552.595890    0.000104  0.000015  ...  0.000012  7.825491e+06  1.737453e+09
1590  1552.605160    0.000101  0.000017  ...  0.000012  7.712177e+06  1.737453e+09
1591  1552.595867    0.000103  0.000014  ...  0.000012  7.826674e+06  1.737453e+09

[1592 rows x 13 columns]
CHANNEL_3_11
           cbragg  cbragg_err   credchi  ...  cdelta_n            cL     timestamp
0     1553.572873    0.000126  0.000031  ...  0.000012  7.966340e+06  1.737438e+09
1     1553.562861    0.000125  0.000029  ...  0.000012  7.991642e+06  1.737438e+09
2     1553.572858    0.000126  0.000031  ...  0.000012  7.960764e+06  1.737438e+09
3     1553.562778    0.000125  0.000029  ...  0.000012  8.009395e+06  1.737438e+09
4     1553.572741    0.000126  0.000031  ...  0.000012  7.971256e+06  1.737438e+09
...           ...         ...       ...  ...       ...           ...           ...
1587  1553.562205    0.000124  0.000028  ...  0.000012  7.955322e+06  1.737453e+09
1588  1553.572356    0.000126  0.000031  ...  0.000012  7.973728e+06  1.737453e+09
1589  1553.562369    0.000122  0.000027  ...  0.000012  7.955648e+06  1.737453e+09
1590  1553.572426    0.000126  0.000031  ...  0.000012  7.974033e+06  1.737453e+09
1591  1553.562364    0.000123  0.000028  ...  0.000012  7.964115e+06  1.737453e+09

[1592 rows x 13 columns]
CHANNEL_3_12
           cbragg  cbragg_err   credchi  ...  cdelta_n            cL     timestamp
0     1554.547669    0.000108  0.000023  ...  0.000012  7.657703e+06  1.737438e+09
1     1554.539608    0.000105  0.000015  ...  0.000012  7.956233e+06  1.737438e+09
2     1554.547532    0.000094  0.000018  ...  0.000012  7.822092e+06  1.737438e+09
3     1554.539482    0.000097  0.000013  ...  0.000012  7.876533e+06  1.737438e+09
4     1554.547405    0.000095  0.000018  ...  0.000012  7.823228e+06  1.737438e+09
...           ...         ...       ...  ...       ...           ...           ...
1587  1554.539105    0.000100  0.000014  ...  0.000012  7.886262e+06  1.737453e+09
1588  1554.547106    0.000157  0.000046  ...  0.000012  7.404530e+06  1.737453e+09
1589  1554.539204    0.000289  0.000097  ...  0.000012  7.078928e+06  1.737453e+09
1590  1554.547110    0.000156  0.000046  ...  0.000012  7.412878e+06  1.737453e+09
1591  1554.539341    0.000097  0.000013  ...  0.000012  7.884636e+06  1.737453e+09

[1592 rows x 13 columns]
CHANNEL_3_13
           cbragg  cbragg_err   credchi  ...  cdelta_n            cL     timestamp
0     1555.553830    0.000088  0.000011  ...  0.000012  7.637481e+06  1.737438e+09
1     1555.549257    0.000089  0.000014  ...  0.000012  7.558622e+06  1.737438e+09
2     1555.553730    0.000090  0.000011  ...  0.000012  7.602842e+06  1.737438e+09
3     1555.549230    0.000086  0.000013  ...  0.000012  7.571077e+06  1.737438e+09
4     1555.553722    0.000088  0.000011  ...  0.000012  7.602183e+06  1.737438e+09
...           ...         ...       ...  ...       ...           ...           ...
1587  1555.548599    0.000086  0.000013  ...  0.000012  7.583808e+06  1.737453e+09
1588  1555.553105    0.000090  0.000011  ...  0.000012  7.615055e+06  1.737453e+09
1589  1555.548647    0.000086  0.000013  ...  0.000012  7.580144e+06  1.737453e+09
1590  1555.553281    0.000089  0.000011  ...  0.000012  7.613875e+06  1.737453e+09
1591  1555.548607    0.000088  0.000014  ...  0.000012  7.566864e+06  1.737453e+09

[1592 rows x 13 columns]
CHANNEL_3_14
           cbragg  cbragg_err   credchi  ...  cdelta_n            cL     timestamp
0     1556.509364    0.000182  0.000073  ...  0.000012  7.694683e+06  1.737438e+09
1     1556.499988    0.000181  0.000043  ...  0.000012  7.839750e+06  1.737438e+09
2     1556.509274    0.000184  0.000075  ...  0.000012  7.742838e+06  1.737438e+09
3     1556.499957    0.000182  0.000044  ...  0.000012  7.852167e+06  1.737438e+09
4     1556.509254    0.000183  0.000074  ...  0.000012  7.746129e+06  1.737438e+09
...           ...         ...       ...  ...       ...           ...           ...
1587  1556.499532    0.000180  0.000042  ...  0.000012  7.828983e+06  1.737453e+09
1588  1556.508789    0.000183  0.000073  ...  0.000012  7.680906e+06  1.737453e+09
1589  1556.499585    0.000179  0.000042  ...  0.000012  7.839219e+06  1.737453e+09
1590  1556.508798    0.000183  0.000074  ...  0.000012  7.739358e+06  1.737453e+09
1591  1556.499636    0.000181  0.000043  ...  0.000012  7.842582e+06  1.737453e+09

[1592 rows x 13 columns]
