000 (11451992.266.000) 01/28 14:31:49 Job submitted from host: <188.185.114.121:9618?addrs=188.185.114.121-9618+[2001-1458-d00-a--100-273]-9618&alias=bigbird19.cern.ch&noUDP&sock=schedd_2045_4743>
...
040 (11451992.266.000) 01/28 14:41:01 Started transferring input files
	Transferring to host: <188.185.193.89:9618?addrs=188.185.193.89-9618+[2001-1458-303-20--100-55]-9618&alias=b9p19p9121.cern.ch&noUDP&sock=slot1_43_7401_6c86_62983>
...
040 (11451992.266.000) 01/28 14:41:01 Finished transferring input files
...
001 (11451992.266.000) 01/28 14:41:02 Job executing on host: <188.185.193.89:9618?addrs=188.185.193.89-9618+[2001-1458-303-20--100-55]-9618&alias=b9p19p9121.cern.ch&noUDP&sock=startd_128689_8751>
	SlotName: slot1_43@b9p19p9121.cern.ch
	CondorScratchDir = "/pool/condor/dir_2258093"
	Cpus = 1
	Disk = 2927352
	Memory = 3000
...
006 (11451992.266.000) 01/28 14:41:11 Image size of job updated: 1
	0  -  MemoryUsage of job (MB)
	0  -  ResidentSetSize of job (KB)
...
006 (11451992.266.000) 01/28 14:41:43 Image size of job updated: 84440
	3  -  MemoryUsage of job (MB)
	2616  -  ResidentSetSize of job (KB)
...
040 (11451992.266.000) 01/28 14:41:43 Started transferring output files
...
040 (11451992.266.000) 01/28 14:41:43 Finished transferring output files
...
005 (11451992.266.000) 01/28 14:41:43 Job terminated.
	(1) Normal termination (return value 0)
		Usr 0 00:00:14, Sys 0 00:00:00  -  Run Remote Usage
		Usr 0 00:00:00, Sys 0 00:00:00  -  Run Local Usage
		Usr 0 00:00:14, Sys 0 00:00:00  -  Total Remote Usage
		Usr 0 00:00:00, Sys 0 00:00:00  -  Total Local Usage
	14886  -  Run Bytes Sent By Job
	5797  -  Run Bytes Received By Job
	14886  -  Total Bytes Sent By Job
	5797  -  Total Bytes Received By Job
	Partitionable Resources :    Usage  Request Allocated 
	   Cpus                 :        0        1         1 
	   Disk (KB)            :       43       10   2927352 
	   Memory (MB)          :        3     3000      3000 

	Job terminated of its own accord at 2025-01-28T13:41:43Z with exit-code 0.
...
