000 (11451992.420.000) 01/28 14:31:49 Job submitted from host: <188.185.114.121:9618?addrs=188.185.114.121-9618+[2001-1458-d00-a--100-273]-9618&alias=bigbird19.cern.ch&noUDP&sock=schedd_2045_4743>
...
040 (11451992.420.000) 01/28 16:19:15 Started transferring input files
	Transferring to host: <188.185.205.161:9618?addrs=188.185.205.161-9618+[2001-1458-303-a--100-1e]-9618&alias=b9p04p8568.cern.ch&noUDP&sock=slot1_32_4751_425a_184437>
...
040 (11451992.420.000) 01/28 16:19:15 Finished transferring input files
...
001 (11451992.420.000) 01/28 16:19:16 Job executing on host: <188.185.205.161:9618?addrs=188.185.205.161-9618+[2001-1458-303-a--100-1e]-9618&alias=b9p04p8568.cern.ch&noUDP&sock=startd_4025_64c8>
	SlotName: slot1_32@b9p04p8568.cern.ch
	CondorScratchDir = "/pool/condor/dir_720138"
	Cpus = 1
	Disk = 2828642
	Memory = 3000
...
006 (11451992.420.000) 01/28 16:19:25 Image size of job updated: 106396
	104  -  MemoryUsage of job (MB)
	106140  -  ResidentSetSize of job (KB)
...
006 (11451992.420.000) 01/28 16:19:27 Image size of job updated: 107164
	104  -  MemoryUsage of job (MB)
	106140  -  ResidentSetSize of job (KB)
...
040 (11451992.420.000) 01/28 16:19:27 Started transferring output files
...
040 (11451992.420.000) 01/28 16:19:27 Finished transferring output files
...
005 (11451992.420.000) 01/28 16:19:27 Job terminated.
	(1) Normal termination (return value 0)
		Usr 0 00:00:04, Sys 0 00:00:00  -  Run Remote Usage
		Usr 0 00:00:00, Sys 0 00:00:00  -  Run Local Usage
		Usr 0 00:00:04, Sys 0 00:00:00  -  Total Remote Usage
		Usr 0 00:00:00, Sys 0 00:00:00  -  Total Local Usage
	14886  -  Run Bytes Sent By Job
	5797  -  Run Bytes Received By Job
	14886  -  Total Bytes Sent By Job
	5797  -  Total Bytes Received By Job
	Partitionable Resources :    Usage  Request Allocated 
	   Cpus                 :        0        1         1 
	   Disk (KB)            :       46       10   2828642 
	   Memory (MB)          :      104     3000      3000 

	Job terminated of its own accord at 2025-01-28T15:19:27Z with exit-code 0.
...
