CHANNEL_0_1
           cbragg  cbragg_err   credchi  ...  cdelta_n            cL     timestamp
0     1544.609420    0.000135  0.000046  ...  0.000012  7.676222e+06  1.735617e+09
1     1544.618328    0.000152  0.000056  ...  0.000012  7.680809e+06  1.735617e+09
2     1544.609456    0.000105  0.000045  ...  0.000012  7.682471e+06  1.735617e+09
3     1544.618355    0.000105  0.000056  ...  0.000012  7.677235e+06  1.735617e+09
4     1544.609574    0.000282  0.000047  ...  0.000012  7.684065e+06  1.735617e+09
...           ...         ...       ...  ...       ...           ...           ...
1587  1544.618177    0.000177  0.000056  ...  0.000012  7.662593e+06  1.735632e+09
1588  1544.609383    0.000117  0.000046  ...  0.000012  7.681802e+06  1.735632e+09
1589  1544.618212    0.000108  0.000057  ...  0.000012  7.679603e+06  1.735632e+09
1590  1544.609396    0.000102  0.000045  ...  0.000012  7.667663e+06  1.735633e+09
1591  1544.618324    0.000174  0.000055  ...  0.000012  7.678059e+06  1.735633e+09

[1592 rows x 13 columns]
CHANNEL_0_2
           cbragg  cbragg_err   credchi  ...  cdelta_n            cL     timestamp
0     1545.440861    0.000101  0.000021  ...  0.000012  7.618393e+06  1.735617e+09
1     1545.442914    0.000099  0.000022  ...  0.000012  7.618744e+06  1.735617e+09
2     1545.440786    0.000099  0.000020  ...  0.000012  7.615608e+06  1.735617e+09
3     1545.442855    0.000097  0.000022  ...  0.000012  7.615512e+06  1.735617e+09
4     1545.440708    0.000101  0.000022  ...  0.000012  7.620308e+06  1.735617e+09
...           ...         ...       ...  ...       ...           ...           ...
1587  1545.442586    0.000096  0.000021  ...  0.000012  7.620987e+06  1.735632e+09
1588  1545.440437    0.000098  0.000020  ...  0.000012  7.616251e+06  1.735632e+09
1589  1545.442602    0.000095  0.000021  ...  0.000012  7.618372e+06  1.735632e+09
1590  1545.440438    0.000102  0.000022  ...  0.000012  7.609695e+06  1.735633e+09
1591  1545.442584    0.000098  0.000022  ...  0.000012  7.616989e+06  1.735633e+09

[1592 rows x 13 columns]
CHANNEL_0_3
           cbragg  cbragg_err   credchi  ...  cdelta_n            cL     timestamp
0     1546.110434    0.000109  0.000038  ...  0.000012  7.685927e+06  1.735617e+09
1     1546.119340    0.000109  0.000053  ...  0.000012  7.699936e+06  1.735617e+09
2     1546.110462    0.000108  0.000037  ...  0.000012  7.681383e+06  1.735617e+09
3     1546.119324    0.000112  0.000057  ...  0.000012  7.756416e+06  1.735617e+09
4     1546.110492    0.000110  0.000038  ...  0.000012  7.653874e+06  1.735617e+09
...           ...         ...       ...  ...       ...           ...           ...
1587  1546.119335    0.000112  0.000055  ...  0.000012  7.652782e+06  1.735632e+09
1588  1546.110498    0.000108  0.000037  ...  0.000012  7.632988e+06  1.735632e+09
1589  1546.119296    0.000128  0.000073  ...  0.000012  7.822649e+06  1.735632e+09
1590  1546.110478    0.000110  0.000039  ...  0.000012  7.639669e+06  1.735633e+09
1591  1546.119381    0.000110  0.000054  ...  0.000012  7.663856e+06  1.735633e+09

[1592 rows x 13 columns]
CHANNEL_0_4
           cbragg  cbragg_err   credchi  ...  cdelta_n            cL     timestamp
0     1547.113448    0.000118  0.000049  ...  0.000012  7.880811e+06  1.735617e+09
1     1547.115318    0.000115  0.000051  ...  0.000012  7.865832e+06  1.735617e+09
2     1547.113468    0.000118  0.000048  ...  0.000012  7.849716e+06  1.735617e+09
3     1547.115313    0.000115  0.000051  ...  0.000012  7.855887e+06  1.735617e+09
4     1547.113605    0.000115  0.000046  ...  0.000012  7.858875e+06  1.735617e+09
...           ...         ...       ...  ...       ...           ...           ...
1587  1547.115119    0.000115  0.000051  ...  0.000012  7.856681e+06  1.735632e+09
1588  1547.113323    0.000118  0.000049  ...  0.000012  7.849281e+06  1.735632e+09
1589  1547.115142    0.000115  0.000051  ...  0.000012  7.853224e+06  1.735632e+09
1590  1547.113445    0.000116  0.000047  ...  0.000012  7.856323e+06  1.735633e+09
1591  1547.115202    0.000115  0.000051  ...  0.000012  7.853782e+06  1.735633e+09

[1592 rows x 13 columns]
CHANNEL_0_5
           cbragg  cbragg_err   credchi  ...  cdelta_n            cL     timestamp
0     1548.087411    0.000091  0.000040  ...  0.000012  7.690777e+06  1.735617e+09
1     1548.092670    0.000096  0.000038  ...  0.000012  7.677101e+06  1.735617e+09
2     1548.087690    0.000116  0.000067  ...  0.000012  7.859584e+06  1.735617e+09
3     1548.092575    0.000094  0.000037  ...  0.000012  7.684851e+06  1.735617e+09
4     1548.087500    0.000093  0.000042  ...  0.000012  7.684643e+06  1.735617e+09
...           ...         ...       ...  ...       ...           ...           ...
1587  1548.092527    0.000111  0.000051  ...  0.000012  7.747505e+06  1.735632e+09
1588  1548.087437    0.000093  0.000042  ...  0.000012  7.682155e+06  1.735632e+09
1589  1548.092563    0.000095  0.000038  ...  0.000012  7.674413e+06  1.735632e+09
1590  1548.087359    0.000091  0.000040  ...  0.000012  7.688260e+06  1.735633e+09
1591  1548.092576    0.000112  0.000051  ...  0.000012  7.748730e+06  1.735633e+09

[1592 rows x 13 columns]
CHANNEL_0_6
           cbragg  cbragg_err   credchi  ...  cdelta_n            cL     timestamp
0     1549.065548    0.000078  0.000023  ...  0.000012  7.555480e+06  1.735617e+09
1     1549.074988    0.000159  0.000170  ...  0.000012  7.869579e+06  1.735617e+09
2     1549.065612    0.000078  0.000023  ...  0.000012  7.551668e+06  1.735617e+09
3     1549.075019    0.000082  0.000042  ...  0.000012  7.505906e+06  1.735617e+09
4     1549.065533    0.000157  0.000097  ...  0.000012  7.924490e+06  1.735617e+09
...           ...         ...       ...  ...       ...           ...           ...
1587  1549.074888    0.000082  0.000042  ...  0.000012  7.481723e+06  1.735632e+09
1588  1549.065369    0.000151  0.000088  ...  0.000012  7.856337e+06  1.735632e+09
1589  1549.074888    0.000082  0.000043  ...  0.000012  7.476202e+06  1.735632e+09
1590  1549.065391    0.000084  0.000027  ...  0.000012  7.592871e+06  1.735633e+09
1591  1549.074818    0.000082  0.000042  ...  0.000012  7.480822e+06  1.735633e+09

[1592 rows x 13 columns]
CHANNEL_0_7
           cbragg  cbragg_err   credchi  ...  cdelta_n            cL     timestamp
0     1550.070614    0.000125  0.000045  ...  0.000012  7.539012e+06  1.735617e+09
1     1550.073210    0.000121  0.000045  ...  0.000012  7.638065e+06  1.735617e+09
2     1550.070610    0.000123  0.000044  ...  0.000012  7.609328e+06  1.735617e+09
3     1550.073262    0.000123  0.000046  ...  0.000012  7.625235e+06  1.735617e+09
4     1550.070699    0.000123  0.000044  ...  0.000012  7.609666e+06  1.735617e+09
...           ...         ...       ...  ...       ...           ...           ...
1587  1550.073255    0.000148  0.000071  ...  0.000012  7.886971e+06  1.735632e+09
1588  1550.070398    0.000124  0.000045  ...  0.000012  7.606355e+06  1.735632e+09
1589  1550.073074    0.000120  0.000045  ...  0.000012  7.631266e+06  1.735632e+09
1590  1550.070574    0.000123  0.000044  ...  0.000012  7.617400e+06  1.735633e+09
1591  1550.073165    0.000122  0.000046  ...  0.000012  7.635950e+06  1.735633e+09

[1592 rows x 13 columns]
CHANNEL_0_8
           cbragg  cbragg_err   credchi  ...  cdelta_n            cL     timestamp
0     1551.043109    0.000072  0.000015  ...  0.000012  7.624476e+06  1.735617e+09
1     1551.050723    0.000073  0.000018  ...  0.000012  7.656166e+06  1.735617e+09
2     1551.043136    0.000071  0.000014  ...  0.000012  7.623696e+06  1.735617e+09
3     1551.050613    0.000071  0.000017  ...  0.000012  7.642046e+06  1.735617e+09
4     1551.043201    0.000071  0.000015  ...  0.000012  7.627422e+06  1.735617e+09
...           ...         ...       ...  ...       ...           ...           ...
1587  1551.050770    0.000072  0.000018  ...  0.000012  7.635638e+06  1.735632e+09
1588  1551.043269    0.000072  0.000015  ...  0.000012  7.636576e+06  1.735632e+09
1589  1551.050705    0.000072  0.000018  ...  0.000012  7.642877e+06  1.735632e+09
1590  1551.043371    0.000072  0.000015  ...  0.000012  7.625373e+06  1.735633e+09
1591  1551.050714    0.000072  0.000017  ...  0.000012  7.643783e+06  1.735633e+09

[1592 rows x 13 columns]
CHANNEL_0_9
           cbragg  cbragg_err   credchi  ...  cdelta_n            cL     timestamp
0     1552.024644    0.000092  0.000016  ...  0.000012  7.734200e+06  1.735617e+09
1     1552.034425    0.000088  0.000028  ...  0.000012  7.686031e+06  1.735617e+09
2     1552.024685    0.000088  0.000015  ...  0.000012  7.737688e+06  1.735617e+09
3     1552.034455    0.000087  0.000027  ...  0.000012  7.673332e+06  1.735617e+09
4     1552.024728    0.000091  0.000016  ...  0.000012  7.730456e+06  1.735617e+09
...           ...         ...       ...  ...       ...           ...           ...
1587  1552.034616    0.000086  0.000026  ...  0.000012  7.682321e+06  1.735632e+09
1588  1552.024921    0.000091  0.000016  ...  0.000012  7.746903e+06  1.735632e+09
1589  1552.034670    0.000086  0.000026  ...  0.000012  7.690553e+06  1.735632e+09
1590  1552.024809    0.000118  0.000026  ...  0.000012  7.470512e+06  1.735633e+09
1591  1552.034587    0.000086  0.000026  ...  0.000012  7.680742e+06  1.735633e+09

[1592 rows x 13 columns]
CHANNEL_0_10
           cbragg  cbragg_err   credchi  ...  cdelta_n            cL     timestamp
0     1553.034340    0.000094  0.000021  ...  0.000012  7.687107e+06  1.735617e+09
1     1553.035545    0.000135  0.000033  ...  0.000012  7.408715e+06  1.735617e+09
2     1553.034318    0.000092  0.000020  ...  0.000012  7.689544e+06  1.735617e+09
3     1553.035496    0.000095  0.000017  ...  0.000012  7.717065e+06  1.735617e+09
4     1553.034367    0.000094  0.000021  ...  0.000012  7.683273e+06  1.735617e+09
...           ...         ...       ...  ...       ...           ...           ...
1587  1553.035694    0.000096  0.000017  ...  0.000012  7.700678e+06  1.735632e+09
1588  1553.034565    0.000093  0.000021  ...  0.000012  7.671654e+06  1.735632e+09
1589  1553.035747    0.000094  0.000017  ...  0.000012  7.730558e+06  1.735632e+09
1590  1553.034164    0.000121  0.000033  ...  0.000012  7.435768e+06  1.735633e+09
1591  1553.035703    0.000092  0.000016  ...  0.000012  7.713485e+06  1.735633e+09

[1592 rows x 13 columns]
CHANNEL_0_11
           cbragg  cbragg_err   credchi  ...  cdelta_n            cL     timestamp
0     1554.039291    0.000073  0.000008  ...  0.000012  7.697423e+06  1.735617e+09
1     1554.048962    0.000069  0.000013  ...  0.000012  7.649932e+06  1.735617e+09
2     1554.039345    0.000073  0.000008  ...  0.000012  7.720935e+06  1.735617e+09
3     1554.048927    0.000073  0.000015  ...  0.000012  7.641025e+06  1.735617e+09
4     1554.039356    0.000070  0.000008  ...  0.000012  7.709900e+06  1.735617e+09
...           ...         ...       ...  ...       ...           ...           ...
1587  1554.049052    0.000075  0.000015  ...  0.000012  7.612281e+06  1.735632e+09
1588  1554.039534    0.000072  0.000008  ...  0.000012  7.715783e+06  1.735632e+09
1589  1554.049192    0.000068  0.000013  ...  0.000012  7.650184e+06  1.735632e+09
1590  1554.039477    0.000072  0.000008  ...  0.000012  7.702990e+06  1.735633e+09
1591  1554.049110    0.000070  0.000014  ...  0.000012  7.646678e+06  1.735633e+09

[1592 rows x 13 columns]
CHANNEL_0_12
           cbragg  cbragg_err   credchi  ...  cdelta_n            cL     timestamp
0     1555.067554    0.000114  0.000044  ...  0.000012  7.506064e+06  1.735617e+09
1     1555.069842    0.000115  0.000044  ...  0.000012  7.534422e+06  1.735617e+09
2     1555.067530    0.000117  0.000046  ...  0.000012  7.504175e+06  1.735617e+09
3     1555.069783    0.000116  0.000045  ...  0.000012  7.518160e+06  1.735617e+09
4     1555.067607    0.000116  0.000045  ...  0.000012  7.507752e+06  1.735617e+09
...           ...         ...       ...  ...       ...           ...           ...
1587  1555.069862    0.000114  0.000044  ...  0.000012  7.529224e+06  1.735632e+09
1588  1555.067521    0.000117  0.000046  ...  0.000012  7.512988e+06  1.735632e+09
1589  1555.069787    0.000119  0.000047  ...  0.000012  7.517652e+06  1.735632e+09
1590  1555.067545    0.000116  0.000046  ...  0.000012  7.512072e+06  1.735633e+09
1591  1555.069817    0.000115  0.000044  ...  0.000012  7.520939e+06  1.735633e+09

[1592 rows x 13 columns]
CHANNEL_0_13
           cbragg  cbragg_err   credchi  ...  cdelta_n            cL     timestamp
0     1556.039765    0.000141  0.000036  ...  0.000012  7.673841e+06  1.735617e+09
1     1556.048259    0.000137  0.000045  ...  0.000012  7.692936e+06  1.735617e+09
2     1556.039859    0.000142  0.000036  ...  0.000012  7.678253e+06  1.735617e+09
3     1556.048163    0.000132  0.000042  ...  0.000012  7.699363e+06  1.735617e+09
4     1556.039899    0.000139  0.000035  ...  0.000012  7.683346e+06  1.735617e+09
...           ...         ...       ...  ...       ...           ...           ...
1587  1556.048210    0.000135  0.000044  ...  0.000012  7.700939e+06  1.735632e+09
1588  1556.039894    0.000140  0.000035  ...  0.000012  7.686332e+06  1.735632e+09
1589  1556.048202    0.000140  0.000046  ...  0.000012  7.707160e+06  1.735632e+09
1590  1556.039950    0.000137  0.000034  ...  0.000012  7.687583e+06  1.735633e+09
1591  1556.048191    0.000138  0.000045  ...  0.000012  7.702959e+06  1.735633e+09

[1592 rows x 13 columns]
CHANNEL_0_14
           cbragg  cbragg_err   credchi  ...  cdelta_n            cL     timestamp
0     1557.012476    0.000099  0.000028  ...  0.000012  7.694432e+06  1.735617e+09
1     1557.016837    0.000101  0.000036  ...  0.000012  7.615155e+06  1.735617e+09
2     1557.012462    0.000097  0.000027  ...  0.000012  7.662657e+06  1.735617e+09
3     1557.016777    0.000101  0.000036  ...  0.000012  7.612695e+06  1.735617e+09
4     1557.012539    0.000097  0.000026  ...  0.000012  7.666601e+06  1.735617e+09
...           ...         ...       ...  ...       ...           ...           ...
1587  1557.016895    0.000101  0.000036  ...  0.000012  7.609992e+06  1.735632e+09
1588  1557.012575    0.000099  0.000027  ...  0.000012  7.665355e+06  1.735632e+09
1589  1557.016929    0.000100  0.000036  ...  0.000012  7.614399e+06  1.735632e+09
1590  1557.012583    0.000097  0.000027  ...  0.000012  7.664777e+06  1.735633e+09
1591  1557.016930    0.000101  0.000036  ...  0.000012  7.623042e+06  1.735633e+09

[1592 rows x 13 columns]
CHANNEL_1_1
           cbragg  cbragg_err   credchi  ...  cdelta_n            cL     timestamp
0     1556.167263    0.000312  0.000081  ...  0.000012  2.532041e+06  1.735617e+09
1     1556.166699    0.000070  0.000004  ...  0.000012  2.682437e+06  1.735617e+09
2     1556.167075    0.000664  0.000622  ...  0.000012  3.072664e+06  1.735617e+09
3     1556.167040    0.000076  0.000005  ...  0.000012  2.681684e+06  1.735617e+09
4     1556.167092    0.000244  0.000051  ...  0.000012  2.584367e+06  1.735617e+09
...           ...         ...       ...  ...       ...           ...           ...
1587  1556.166225    0.001439  0.004390  ...  0.000012  3.763986e+06  1.735632e+09
1588  1556.167645    0.000563  0.000223  ...  0.000012  2.429101e+06  1.735632e+09
1589  1556.166483    0.000264  0.000055  ...  0.000012  2.538706e+06  1.735632e+09
1590  1556.167157    0.000070  0.000005  ...  0.000012  2.673080e+06  1.735633e+09
1591  1556.166736    0.000134  0.000015  ...  0.000012  2.605126e+06  1.735633e+09

[1592 rows x 13 columns]
CHANNEL_1_2
           cbragg  cbragg_err   credchi  ...  cdelta_n            cL     timestamp
0     1558.201050    0.000181  0.000044  ...  0.000012  2.730109e+06  1.735617e+09
1     1558.203595    0.000115  0.000019  ...  0.000012  2.807049e+06  1.735617e+09
2     1558.200396    0.000447  0.000380  ...  0.000012  3.097120e+06  1.735617e+09
3     1558.203612    0.000115  0.000019  ...  0.000012  2.790947e+06  1.735617e+09
4     1558.200871    0.000165  0.000041  ...  0.000012  2.865801e+06  1.735617e+09
...           ...         ...       ...  ...       ...           ...           ...
1587  1558.203620    0.000114  0.000019  ...  0.000012  2.790930e+06  1.735632e+09
1588  1558.201657    0.000705  0.000496  ...  0.000012  2.484133e+06  1.735632e+09
1589  1558.201992    0.001293  0.004918  ...  0.000012  3.739807e+06  1.735632e+09
1590  1558.200367    0.000664  0.000949  ...  0.000012  3.256195e+06  1.735633e+09
1591  1558.202801    0.000672  0.001016  ...  0.000012  3.263783e+06  1.735633e+09

[1592 rows x 13 columns]
CHANNEL_1_3
           cbragg  cbragg_err   credchi  ...  cdelta_n            cL     timestamp
0     1561.018403    0.000057  0.000005  ...  0.000012  2.913750e+06  1.735617e+09
1     1561.014958    0.000135  0.000028  ...  0.000012  2.850232e+06  1.735617e+09
2     1561.018095    0.000861  0.001924  ...  0.000012  3.560144e+06  1.735617e+09
3     1561.015081    0.000049  0.000004  ...  0.000012  2.922163e+06  1.735617e+09
4     1561.018318    0.000099  0.000015  ...  0.000012  2.873857e+06  1.735617e+09
...           ...         ...       ...  ...       ...           ...           ...
1587  1561.015130    0.000458  0.000445  ...  0.000012  3.242175e+06  1.735632e+09
1588  1561.018697    0.000060  0.000006  ...  0.000012  2.932572e+06  1.735632e+09
1589  1561.015161    0.000107  0.000020  ...  0.000012  3.000416e+06  1.735632e+09
1590  1561.018144    0.000665  0.001024  ...  0.000012  3.392955e+06  1.735633e+09
1591  1561.015211    0.000204  0.000076  ...  0.000012  3.059226e+06  1.735633e+09

[1592 rows x 13 columns]
CHANNEL_2_1
           cbragg  cbragg_err   credchi  ...  cdelta_n            cL     timestamp
0     1543.587027    0.000084  0.000006  ...  0.000012  2.767429e+06  1.735617e+09
1     1543.586132    0.000077  0.000006  ...  0.000012  2.769084e+06  1.735617e+09
2     1543.587173    0.000079  0.000006  ...  0.000012  2.768299e+06  1.735617e+09
3     1543.586381    0.000118  0.000006  ...  0.000012  2.769242e+06  1.735617e+09
4     1543.587022    0.000078  0.000006  ...  0.000012  2.768365e+06  1.735617e+09
...           ...         ...       ...  ...       ...           ...           ...
1587  1543.586088    0.000078  0.000006  ...  0.000012  2.768692e+06  1.735632e+09
1588  1543.587102    0.000078  0.000006  ...  0.000012  2.768162e+06  1.735632e+09
1589  1543.586237    0.000080  0.000006  ...  0.000012  2.769566e+06  1.735632e+09
1590  1543.587300    0.000077  0.000006  ...  0.000012  2.767907e+06  1.735633e+09
1591  1543.586354    0.000076  0.000006  ...  0.000012  2.768847e+06  1.735633e+09

[1592 rows x 13 columns]
CHANNEL_2_2
           cbragg  cbragg_err   credchi  ...  cdelta_n            cL     timestamp
0     1545.922539    0.000906  0.001128  ...  0.000012  3.306037e+06  1.735617e+09
1     1545.925242    0.000733  0.000659  ...  0.000012  3.157782e+06  1.735617e+09
2     1545.924115    0.000178  0.000027  ...  0.000012  2.782920e+06  1.735617e+09
3     1545.924640    0.000886  0.001074  ...  0.000012  3.290884e+06  1.735617e+09
4     1545.924303    0.000114  0.000009  ...  0.000012  2.702283e+06  1.735617e+09
...           ...         ...       ...  ...       ...           ...           ...
1587  1545.926102    0.000115  0.000010  ...  0.000012  2.678348e+06  1.735632e+09
1588  1545.924623    0.000121  0.000011  ...  0.000012  2.682673e+06  1.735632e+09
1589  1545.924802    0.000710  0.000580  ...  0.000012  3.107219e+06  1.735632e+09
1590  1545.925055    0.000262  0.000047  ...  0.000012  2.590221e+06  1.735633e+09
1591  1545.926091    0.000113  0.000010  ...  0.000012  2.692526e+06  1.735633e+09

[1592 rows x 13 columns]
CHANNEL_2_3
           cbragg  cbragg_err   credchi  ...  cdelta_n            cL     timestamp
0     1548.522067    0.000210  0.000052  ...  0.000012  3.017397e+06  1.735617e+09
1     1548.523626    0.000110  0.000012  ...  0.000012  2.850228e+06  1.735617e+09
2     1548.522221    0.000100  0.000011  ...  0.000012  2.893715e+06  1.735617e+09
3     1548.524147    0.000881  0.001359  ...  0.000012  3.538640e+06  1.735617e+09
4     1548.522036    0.000148  0.000022  ...  0.000012  2.818157e+06  1.735617e+09
...           ...         ...       ...  ...       ...           ...           ...
1587  1548.523896    0.000099  0.000010  ...  0.000012  2.891475e+06  1.735632e+09
1588  1548.522298    0.000098  0.000010  ...  0.000012  2.881787e+06  1.735632e+09
1589  1548.523960    0.000144  0.000022  ...  0.000012  2.873657e+06  1.735632e+09
1590  1548.522181    0.000097  0.000010  ...  0.000012  2.877527e+06  1.735633e+09
1591  1548.523582    0.000095  0.000009  ...  0.000012  2.877393e+06  1.735633e+09

[1592 rows x 13 columns]
CHANNEL_3_1
           cbragg  cbragg_err   credchi  ...  cdelta_n            cL     timestamp
0     1544.132358    0.000112  0.000027  ...  0.000012  7.766298e+06  1.735617e+09
1     1544.130091    0.000214  0.000019  ...  0.000012  7.814573e+06  1.735617e+09
2     1544.132396    0.000118  0.000027  ...  0.000012  7.776689e+06  1.735617e+09
3     1544.130052    0.000137  0.000020  ...  0.000012  7.806107e+06  1.735617e+09
4     1544.132427    0.000112  0.000027  ...  0.000012  7.762698e+06  1.735617e+09
...           ...         ...       ...  ...       ...           ...           ...
1587  1544.130017    0.000116  0.000019  ...  0.000012  7.821684e+06  1.735632e+09
1588  1544.132230    0.000314  0.000026  ...  0.000012  7.771139e+06  1.735632e+09
1589  1544.129943    0.000128  0.000019  ...  0.000012  7.801126e+06  1.735632e+09
1590  1544.132323    0.000112  0.000027  ...  0.000012  7.777034e+06  1.735633e+09
1591  1544.130064    0.000117  0.000019  ...  0.000012  7.823215e+06  1.735633e+09

[1592 rows x 13 columns]
CHANNEL_3_2
           cbragg  cbragg_err   credchi  ...  cdelta_n            cL     timestamp
0     1545.024967    0.000122  0.000022  ...  0.000012  7.910592e+06  1.735617e+09
1     1545.035630    0.000159  0.000040  ...  0.000012  7.817337e+06  1.735617e+09
2     1545.024864    0.000116  0.000023  ...  0.000012  7.912695e+06  1.735617e+09
3     1545.035538    0.000108  0.000036  ...  0.000012  7.849245e+06  1.735617e+09
4     1545.024807    0.000239  0.000023  ...  0.000012  7.909150e+06  1.735617e+09
...           ...         ...       ...  ...       ...           ...           ...
1587  1545.035326    0.000259  0.000040  ...  0.000012  7.825146e+06  1.735632e+09
1588  1545.024567    0.000115  0.000022  ...  0.000012  7.908963e+06  1.735632e+09
1589  1545.035235    0.000120  0.000039  ...  0.000012  7.823016e+06  1.735632e+09
1590  1545.024617    0.000162  0.000022  ...  0.000012  7.900583e+06  1.735633e+09
1591  1545.035176    0.000251  0.000042  ...  0.000012  7.829322e+06  1.735633e+09

[1592 rows x 13 columns]
CHANNEL_3_3
           cbragg  cbragg_err   credchi  ...  cdelta_n            cL     timestamp
0     1545.709888    0.000107  0.000031  ...  0.000012  7.565494e+06  1.735617e+09
1     1545.711736    0.000113  0.000025  ...  0.000012  7.599760e+06  1.735617e+09
2     1545.709932    0.000106  0.000031  ...  0.000012  7.563695e+06  1.735617e+09
3     1545.711899    0.000113  0.000025  ...  0.000012  7.613412e+06  1.735617e+09
4     1545.709929    0.000116  0.000037  ...  0.000012  7.619789e+06  1.735617e+09
...           ...         ...       ...  ...       ...           ...           ...
1587  1545.711825    0.000111  0.000024  ...  0.000012  7.602709e+06  1.735632e+09
1588  1545.709775    0.000112  0.000034  ...  0.000012  7.536338e+06  1.735632e+09
1589  1545.711758    0.000110  0.000024  ...  0.000012  7.608181e+06  1.735632e+09
1590  1545.709779    0.000109  0.000032  ...  0.000012  7.569712e+06  1.735633e+09
1591  1545.711763    0.000113  0.000025  ...  0.000012  7.608631e+06  1.735633e+09

[1592 rows x 13 columns]
CHANNEL_3_4
           cbragg  cbragg_err   credchi  ...  cdelta_n            cL     timestamp
0     1546.681971    0.000098  0.000017  ...  0.000012  7.795746e+06  1.735617e+09
1     1546.689529    0.000098  0.000026  ...  0.000012  7.735030e+06  1.735617e+09
2     1546.682021    0.000097  0.000017  ...  0.000012  7.755479e+06  1.735617e+09
3     1546.689660    0.000097  0.000026  ...  0.000012  7.726926e+06  1.735617e+09
4     1546.682047    0.000099  0.000017  ...  0.000012  7.790459e+06  1.735617e+09
...           ...         ...       ...  ...       ...           ...           ...
1587  1546.689522    0.000100  0.000028  ...  0.000012  7.727073e+06  1.735632e+09
1588  1546.681848    0.000193  0.000059  ...  0.000012  7.272672e+06  1.735632e+09
1589  1546.689528    0.000098  0.000026  ...  0.000012  7.730614e+06  1.735632e+09
1590  1546.681927    0.000096  0.000016  ...  0.000012  7.789925e+06  1.735633e+09
1591  1546.689566    0.000101  0.000028  ...  0.000012  7.727809e+06  1.735633e+09

[1592 rows x 13 columns]
CHANNEL_3_5
           cbragg  cbragg_err   credchi  ...  cdelta_n            cL     timestamp
0     1547.702458    0.000075  0.000014  ...  0.000012  7.605133e+06  1.735617e+09
1     1547.709129    0.000077  0.000013  ...  0.000012  7.628127e+06  1.735617e+09
2     1547.702487    0.000076  0.000014  ...  0.000012  7.595747e+06  1.735617e+09
3     1547.709091    0.000079  0.000013  ...  0.000012  7.632545e+06  1.735617e+09
4     1547.702507    0.000075  0.000014  ...  0.000012  7.603307e+06  1.735617e+09
...           ...         ...       ...  ...       ...           ...           ...
1587  1547.708924    0.000103  0.000022  ...  0.000012  7.416563e+06  1.735632e+09
1588  1547.702481    0.000076  0.000014  ...  0.000012  7.604981e+06  1.735632e+09
1589  1547.709076    0.000077  0.000013  ...  0.000012  7.639397e+06  1.735632e+09
1590  1547.702331    0.000077  0.000014  ...  0.000012  7.600925e+06  1.735633e+09
1591  1547.708974    0.000077  0.000013  ...  0.000012  7.627292e+06  1.735633e+09

[1592 rows x 13 columns]
CHANNEL_3_6
           cbragg  cbragg_err   credchi  ...  cdelta_n            cL     timestamp
0     1548.691164    0.000081  0.000015  ...  0.000012  7.769770e+06  1.735617e+09
1     1548.693417    0.000081  0.000016  ...  0.000012  7.775926e+06  1.735617e+09
2     1548.691211    0.000082  0.000015  ...  0.000012  7.764625e+06  1.735617e+09
3     1548.693488    0.000081  0.000016  ...  0.000012  7.766567e+06  1.735617e+09
4     1548.691122    0.000081  0.000015  ...  0.000012  7.766048e+06  1.735617e+09
...           ...         ...       ...  ...       ...           ...           ...
1587  1548.693268    0.000080  0.000015  ...  0.000012  7.775298e+06  1.735632e+09
1588  1548.691042    0.000082  0.000015  ...  0.000012  7.763447e+06  1.735632e+09
1589  1548.693247    0.000081  0.000016  ...  0.000012  7.775795e+06  1.735632e+09
1590  1548.690991    0.000082  0.000015  ...  0.000012  7.720511e+06  1.735633e+09
1591  1548.693238    0.000081  0.000016  ...  0.000012  7.775065e+06  1.735633e+09

[1592 rows x 13 columns]
CHANNEL_3_7
           cbragg  cbragg_err   credchi  ...  cdelta_n            cL     timestamp
0     1549.706318    0.000087  0.000014  ...  0.000012  7.609832e+06  1.735617e+09
1     1549.716542    0.000088  0.000021  ...  0.000012  7.594794e+06  1.735617e+09
2     1549.706404    0.000087  0.000014  ...  0.000012  7.580464e+06  1.735617e+09
3     1549.716537    0.000089  0.000021  ...  0.000012  7.592204e+06  1.735617e+09
4     1549.706280    0.000087  0.000014  ...  0.000012  7.614599e+06  1.735617e+09
...           ...         ...       ...  ...       ...           ...           ...
1587  1549.716504    0.000085  0.000019  ...  0.000012  7.588539e+06  1.735632e+09
1588  1549.706061    0.000087  0.000014  ...  0.000012  7.615068e+06  1.735632e+09
1589  1549.716334    0.000086  0.000019  ...  0.000012  7.585850e+06  1.735632e+09
1590  1549.706155    0.000088  0.000014  ...  0.000012  7.598572e+06  1.735633e+09
1591  1549.716405    0.000086  0.000020  ...  0.000012  7.588294e+06  1.735633e+09

[1592 rows x 13 columns]
CHANNEL_3_8
           cbragg  cbragg_err   credchi  ...  cdelta_n            cL     timestamp
0     1550.667217    0.000092  0.000017  ...  0.000012  7.624036e+06  1.735617e+09
1     1550.664114    0.000096  0.000014  ...  0.000012  7.648154e+06  1.735617e+09
2     1550.667297    0.000088  0.000016  ...  0.000012  7.624069e+06  1.735617e+09
3     1550.664115    0.000095  0.000014  ...  0.000012  7.643448e+06  1.735617e+09
4     1550.667303    0.000091  0.000017  ...  0.000012  7.622423e+06  1.735617e+09
...           ...         ...       ...  ...       ...           ...           ...
1587  1550.664346    0.000093  0.000014  ...  0.000012  7.646028e+06  1.735632e+09
1588  1550.667357    0.000090  0.000017  ...  0.000012  7.625753e+06  1.735632e+09
1589  1550.664246    0.000095  0.000014  ...  0.000012  7.645461e+06  1.735632e+09
1590  1550.667443    0.000090  0.000017  ...  0.000012  7.570992e+06  1.735633e+09
1591  1550.664310    0.000095  0.000014  ...  0.000012  7.600195e+06  1.735633e+09

[1592 rows x 13 columns]
CHANNEL_3_9
           cbragg  cbragg_err   credchi  ...  cdelta_n            cL     timestamp
0     1551.657249    0.000092  0.000010  ...  0.000012  7.743347e+06  1.735617e+09
1     1551.666410    0.000090  0.000018  ...  0.000012  7.634235e+06  1.735617e+09
2     1551.657217    0.000092  0.000010  ...  0.000012  7.750633e+06  1.735617e+09
3     1551.666460    0.000092  0.000019  ...  0.000012  7.668150e+06  1.735617e+09
4     1551.657336    0.000092  0.000010  ...  0.000012  7.747637e+06  1.735617e+09
...           ...         ...       ...  ...       ...           ...           ...
1587  1551.666558    0.000091  0.000018  ...  0.000012  7.693067e+06  1.735632e+09
1588  1551.657366    0.000090  0.000010  ...  0.000012  7.746958e+06  1.735632e+09
1589  1551.666479    0.000088  0.000017  ...  0.000012  7.684550e+06  1.735632e+09
1590  1551.657396    0.000091  0.000010  ...  0.000012  7.747081e+06  1.735633e+09
1591  1551.666547    0.000090  0.000018  ...  0.000012  7.668086e+06  1.735633e+09

[1592 rows x 13 columns]
CHANNEL_3_10
           cbragg  cbragg_err   credchi  ...  cdelta_n            cL     timestamp
0     1552.671206    0.000104  0.000021  ...  0.000012  7.721723e+06  1.735617e+09
1     1552.666900    0.000112  0.000013  ...  0.000012  7.775562e+06  1.735617e+09
2     1552.671269    0.000104  0.000021  ...  0.000012  7.714743e+06  1.735617e+09
3     1552.667152    0.000387  0.000128  ...  0.000012  6.755605e+06  1.735617e+09
4     1552.671215    0.000103  0.000021  ...  0.000012  7.721340e+06  1.735617e+09
...           ...         ...       ...  ...       ...           ...           ...
1587  1552.667302    0.000110  0.000013  ...  0.000012  7.767891e+06  1.735632e+09
1588  1552.671415    0.000102  0.000020  ...  0.000012  7.675948e+06  1.735632e+09
1589  1552.667290    0.000114  0.000014  ...  0.000012  7.715639e+06  1.735632e+09
1590  1552.671521    0.000119  0.000028  ...  0.000012  7.570626e+06  1.735633e+09
1591  1552.667323    0.000112  0.000013  ...  0.000012  7.756433e+06  1.735633e+09

[1592 rows x 13 columns]
CHANNEL_3_11
           cbragg  cbragg_err   credchi  ...  cdelta_n            cL     timestamp
0     1553.634062    0.000133  0.000026  ...  0.000012  7.925680e+06  1.735617e+09
1     1553.638150    0.000131  0.000039  ...  0.000012  7.799632e+06  1.735617e+09
2     1553.634119    0.000133  0.000026  ...  0.000012  7.922100e+06  1.735617e+09
3     1553.638113    0.000133  0.000040  ...  0.000012  7.851858e+06  1.735617e+09
4     1553.634229    0.000201  0.000055  ...  0.000012  7.445568e+06  1.735617e+09
...           ...         ...       ...  ...       ...           ...           ...
1587  1553.638344    0.000131  0.000039  ...  0.000012  7.849921e+06  1.735632e+09
1588  1553.634299    0.000133  0.000026  ...  0.000012  7.916397e+06  1.735632e+09
1589  1553.638224    0.000130  0.000038  ...  0.000012  7.854213e+06  1.735632e+09
1590  1553.634259    0.000131  0.000026  ...  0.000012  7.937646e+06  1.735633e+09
1591  1553.638223    0.000131  0.000039  ...  0.000012  7.849318e+06  1.735633e+09

[1592 rows x 13 columns]
CHANNEL_3_12
           cbragg  cbragg_err   credchi  ...  cdelta_n            cL     timestamp
0     1554.613300    0.000094  0.000018  ...  0.000012  7.778603e+06  1.735617e+09
1     1554.611733    0.000178  0.000038  ...  0.000012  7.358837e+06  1.735617e+09
2     1554.613273    0.000096  0.000019  ...  0.000012  7.721801e+06  1.735617e+09
3     1554.611690    0.000106  0.000015  ...  0.000012  7.814426e+06  1.735617e+09
4     1554.613296    0.000096  0.000019  ...  0.000012  7.781986e+06  1.735617e+09
...           ...         ...       ...  ...       ...           ...           ...
1587  1554.611832    0.000101  0.000013  ...  0.000012  7.823857e+06  1.735632e+09
1588  1554.613337    0.000096  0.000019  ...  0.000012  7.780291e+06  1.735632e+09
1589  1554.611715    0.000100  0.000013  ...  0.000012  7.840259e+06  1.735632e+09
1590  1554.613356    0.000125  0.000031  ...  0.000012  7.495681e+06  1.735633e+09
1591  1554.611798    0.000101  0.000013  ...  0.000012  7.829262e+06  1.735633e+09

[1592 rows x 13 columns]
CHANNEL_3_13
           cbragg  cbragg_err   credchi  ...  cdelta_n            cL     timestamp
0     1555.615376    0.000090  0.000010  ...  0.000012  7.646943e+06  1.735617e+09
1     1555.623604    0.000087  0.000016  ...  0.000012  7.586540e+06  1.735617e+09
2     1555.615427    0.000089  0.000009  ...  0.000012  7.663810e+06  1.735617e+09
3     1555.623588    0.000086  0.000016  ...  0.000012  7.583599e+06  1.735617e+09
4     1555.615579    0.000087  0.000009  ...  0.000012  7.645576e+06  1.735617e+09
...           ...         ...       ...  ...       ...           ...           ...
1587  1555.623724    0.000088  0.000016  ...  0.000012  7.583545e+06  1.735632e+09
1588  1555.615500    0.000088  0.000009  ...  0.000012  7.632705e+06  1.735632e+09
1589  1555.623646    0.000089  0.000017  ...  0.000012  7.572163e+06  1.735632e+09
1590  1555.615571    0.000090  0.000010  ...  0.000012  7.606881e+06  1.735633e+09
1591  1555.623771    0.000088  0.000016  ...  0.000012  7.579693e+06  1.735633e+09

[1592 rows x 13 columns]
CHANNEL_3_14
           cbragg  cbragg_err   credchi  ...  cdelta_n            cL     timestamp
0     1556.576001    0.000185  0.000074  ...  0.000012  7.643943e+06  1.735617e+09
1     1556.572172    0.000186  0.000046  ...  0.000012  7.703593e+06  1.735617e+09
2     1556.576040    0.000185  0.000074  ...  0.000012  7.650562e+06  1.735617e+09
3     1556.572261    0.000183  0.000045  ...  0.000012  7.755771e+06  1.735617e+09
4     1556.576063    0.000187  0.000076  ...  0.000012  7.686113e+06  1.735617e+09
...           ...         ...       ...  ...       ...           ...           ...
1587  1556.572391    0.000189  0.000048  ...  0.000012  7.762379e+06  1.735632e+09
1588  1556.576158    0.000189  0.000077  ...  0.000012  7.694394e+06  1.735632e+09
1589  1556.572350    0.000185  0.000046  ...  0.000012  7.766498e+06  1.735632e+09
1590  1556.576075    0.000185  0.000073  ...  0.000012  7.696644e+06  1.735633e+09
1591  1556.572371    0.000182  0.000044  ...  0.000012  7.760604e+06  1.735633e+09

[1592 rows x 13 columns]
