000 (11451992.160.000) 01/28 14:31:49 Job submitted from host: <188.185.114.121:9618?addrs=188.185.114.121-9618+[2001-1458-d00-a--100-273]-9618&alias=bigbird19.cern.ch&noUDP&sock=schedd_2045_4743>
...
040 (11451992.160.000) 01/28 14:39:38 Started transferring input files
	Transferring to host: <188.185.192.145:9618?addrs=188.185.192.145-9618+[2001-1458-303-1f--100-8d]-9618&alias=b9p13p7425.cern.ch&noUDP&sock=slot1_47_3034041_1b4b_62287>
...
040 (11451992.160.000) 01/28 14:39:38 Finished transferring input files
...
001 (11451992.160.000) 01/28 14:39:39 Job executing on host: <188.185.192.145:9618?addrs=188.185.192.145-9618+[2001-1458-303-1f--100-8d]-9618&alias=b9p13p7425.cern.ch&noUDP&sock=startd_11206_f65f>
	SlotName: slot1_47@b9p13p7425.cern.ch
	CondorScratchDir = "/pool/condor/dir_4143449"
	Cpus = 1
	Disk = 3886
	GPUs = 0
	Memory = 3000
...
006 (11451992.160.000) 01/28 14:39:48 Image size of job updated: 80824
	79  -  MemoryUsage of job (MB)
	80824  -  ResidentSetSize of job (KB)
...
040 (11451992.160.000) 01/28 14:39:50 Started transferring output files
...
040 (11451992.160.000) 01/28 14:39:51 Finished transferring output files
...
005 (11451992.160.000) 01/28 14:39:51 Job terminated.
	(1) Normal termination (return value 0)
		Usr 0 00:00:09, Sys 0 00:00:00  -  Run Remote Usage
		Usr 0 00:00:00, Sys 0 00:00:00  -  Run Local Usage
		Usr 0 00:00:09, Sys 0 00:00:00  -  Total Remote Usage
		Usr 0 00:00:00, Sys 0 00:00:00  -  Total Local Usage
	14886  -  Run Bytes Sent By Job
	5797  -  Run Bytes Received By Job
	14886  -  Total Bytes Sent By Job
	5797  -  Total Bytes Received By Job
	Partitionable Resources :    Usage  Request Allocated 
	   Cpus                 :        0        1         1 
	   Disk (KB)            :       44       10      3886 
	   GPUs                 :                           0 
	   Memory (MB)          :       79     3000      3000 

	Job terminated of its own accord at 2025-01-28T13:39:50Z with exit-code 0.
...
