CHANNEL_0_1
           cbragg  cbragg_err   credchi  ...  cdelta_n            cL     timestamp
0     1544.617505    0.000187  0.000060  ...  0.000012  7.696668e+06  1.736521e+09
1     1544.609629    0.000162  0.000049  ...  0.000012  7.690929e+06  1.736521e+09
2     1544.617587    0.000138  0.000060  ...  0.000012  7.692544e+06  1.736521e+09
3     1544.609604    0.000136  0.000049  ...  0.000012  7.694129e+06  1.736521e+09
4     1544.617563    0.000156  0.000061  ...  0.000012  7.687762e+06  1.736521e+09
...           ...         ...       ...  ...       ...           ...           ...
1587  1544.593289    0.000151  0.000048  ...  0.000012  7.708813e+06  1.736537e+09
1588  1544.600505    0.000102  0.000059  ...  0.000012  7.707830e+06  1.736537e+09
1589  1544.593321    0.000116  0.000047  ...  0.000012  7.706350e+06  1.736537e+09
1590  1544.600508    0.000182  0.000058  ...  0.000012  7.701903e+06  1.736537e+09
1591  1544.593287    0.000104  0.000048  ...  0.000012  7.709205e+06  1.736537e+09

[1592 rows x 13 columns]
CHANNEL_0_2
           cbragg  cbragg_err   credchi  ...  cdelta_n            cL     timestamp
0     1545.410115    0.000086  0.000018  ...  0.000012  7.681380e+06  1.736521e+09
1     1545.409314    0.000084  0.000016  ...  0.000012  7.664179e+06  1.736521e+09
2     1545.409976    0.000087  0.000018  ...  0.000012  7.659716e+06  1.736521e+09
3     1545.409259    0.000086  0.000017  ...  0.000012  7.666896e+06  1.736521e+09
4     1545.409955    0.000086  0.000018  ...  0.000012  7.661866e+06  1.736521e+09
...           ...         ...       ...  ...       ...           ...           ...
1587  1545.381324    0.000087  0.000018  ...  0.000012  7.645193e+06  1.736537e+09
1588  1545.380619    0.000093  0.000020  ...  0.000012  7.631583e+06  1.736537e+09
1589  1545.381310    0.000085  0.000017  ...  0.000012  7.630997e+06  1.736537e+09
1590  1545.380693    0.000093  0.000020  ...  0.000012  7.645904e+06  1.736537e+09
1591  1545.381286    0.000089  0.000019  ...  0.000012  7.635693e+06  1.736537e+09

[1592 rows x 13 columns]
CHANNEL_0_3
           cbragg  cbragg_err   credchi  ...  cdelta_n            cL     timestamp
0     1546.141669    0.000111  0.000058  ...  0.000012  7.684631e+06  1.736521e+09
1     1546.133202    0.000116  0.000043  ...  0.000012  7.663071e+06  1.736521e+09
2     1546.141699    0.000112  0.000059  ...  0.000012  7.681257e+06  1.736521e+09
3     1546.133289    0.000111  0.000040  ...  0.000012  7.702383e+06  1.736521e+09
4     1546.141613    0.000111  0.000057  ...  0.000012  7.657227e+06  1.736521e+09
...           ...         ...       ...  ...       ...           ...           ...
1587  1546.134845    0.000115  0.000042  ...  0.000012  7.698071e+06  1.736537e+09
1588  1546.142043    0.000118  0.000066  ...  0.000012  7.731437e+06  1.736537e+09
1589  1546.134984    0.000115  0.000041  ...  0.000012  7.680390e+06  1.736537e+09
1590  1546.142698    0.000110  0.000057  ...  0.000012  7.658511e+06  1.736537e+09
1591  1546.135001    0.000115  0.000041  ...  0.000012  7.663749e+06  1.736537e+09

[1592 rows x 13 columns]
CHANNEL_0_4
           cbragg  cbragg_err   credchi  ...  cdelta_n            cL     timestamp
0     1547.131656    0.000121  0.000059  ...  0.000012  7.973841e+06  1.736521e+09
1     1547.130965    0.000115  0.000050  ...  0.000012  7.866112e+06  1.736521e+09
2     1547.131785    0.000115  0.000053  ...  0.000012  7.860297e+06  1.736521e+09
3     1547.131054    0.000117  0.000051  ...  0.000012  7.842054e+06  1.736521e+09
4     1547.131713    0.000114  0.000052  ...  0.000012  7.869848e+06  1.736521e+09
...           ...         ...       ...  ...       ...           ...           ...
1587  1547.132969    0.000119  0.000054  ...  0.000012  7.853907e+06  1.736537e+09
1588  1547.132340    0.000117  0.000053  ...  0.000012  7.861502e+06  1.736537e+09
1589  1547.133111    0.000117  0.000052  ...  0.000012  7.850948e+06  1.736537e+09
1590  1547.132336    0.000114  0.000050  ...  0.000012  7.863054e+06  1.736537e+09
1591  1547.133011    0.000118  0.000054  ...  0.000012  7.902716e+06  1.736537e+09

[1592 rows x 13 columns]
CHANNEL_0_5
           cbragg  cbragg_err   credchi  ...  cdelta_n            cL     timestamp
0     1548.109104    0.000096  0.000040  ...  0.000012  7.687837e+06  1.736521e+09
1     1548.104404    0.000091  0.000041  ...  0.000012  7.697957e+06  1.736521e+09
2     1548.109208    0.000097  0.000040  ...  0.000012  7.679258e+06  1.736521e+09
3     1548.104430    0.000092  0.000042  ...  0.000012  7.691301e+06  1.736521e+09
4     1548.109317    0.000171  0.000124  ...  0.000012  7.936426e+06  1.736521e+09
...           ...         ...       ...  ...       ...           ...           ...
1587  1548.105829    0.000093  0.000042  ...  0.000012  7.681344e+06  1.736537e+09
1588  1548.110098    0.000096  0.000040  ...  0.000012  7.691038e+06  1.736537e+09
1589  1548.106724    0.000158  0.000123  ...  0.000012  7.976113e+06  1.736537e+09
1590  1548.110115    0.000098  0.000042  ...  0.000012  7.686952e+06  1.736537e+09
1591  1548.105843    0.000092  0.000041  ...  0.000012  7.693327e+06  1.736537e+09

[1592 rows x 13 columns]
CHANNEL_0_6
           cbragg  cbragg_err   credchi  ...  cdelta_n            cL     timestamp
0     1549.091745    0.000085  0.000048  ...  0.000012  7.464835e+06  1.736521e+09
1     1549.082963    0.000078  0.000024  ...  0.000012  7.567401e+06  1.736521e+09
2     1549.091807    0.000084  0.000047  ...  0.000012  7.470978e+06  1.736521e+09
3     1549.082908    0.000129  0.000068  ...  0.000012  7.814990e+06  1.736521e+09
4     1549.091840    0.000083  0.000045  ...  0.000012  7.472988e+06  1.736521e+09
...           ...         ...       ...  ...       ...           ...           ...
1587  1549.085007    0.000080  0.000026  ...  0.000012  7.545909e+06  1.736537e+09
1588  1549.092346    0.000084  0.000045  ...  0.000012  7.461862e+06  1.736537e+09
1589  1549.085032    0.000081  0.000026  ...  0.000012  7.544061e+06  1.736537e+09
1590  1549.092412    0.000082  0.000043  ...  0.000012  7.469066e+06  1.736537e+09
1591  1549.084982    0.000079  0.000025  ...  0.000012  7.545607e+06  1.736537e+09

[1592 rows x 13 columns]
CHANNEL_0_7
           cbragg  cbragg_err   credchi  ...  cdelta_n            cL     timestamp
0     1550.089722    0.000127  0.000050  ...  0.000012  7.595999e+06  1.736521e+09
1     1550.088146    0.000126  0.000049  ...  0.000012  7.534578e+06  1.736521e+09
2     1550.089825    0.000127  0.000049  ...  0.000012  7.602530e+06  1.736521e+09
3     1550.088107    0.000128  0.000050  ...  0.000012  7.586384e+06  1.736521e+09
4     1550.089783    0.000126  0.000049  ...  0.000012  7.587528e+06  1.736521e+09
...           ...         ...       ...  ...       ...           ...           ...
1587  1550.089716    0.000126  0.000050  ...  0.000012  7.597255e+06  1.736537e+09
1588  1550.090673    0.000126  0.000047  ...  0.000012  7.612826e+06  1.736537e+09
1589  1550.089751    0.000126  0.000050  ...  0.000012  7.582325e+06  1.736537e+09
1590  1550.090603    0.000126  0.000048  ...  0.000012  7.604635e+06  1.736537e+09
1591  1550.089772    0.000126  0.000050  ...  0.000012  7.588229e+06  1.736537e+09

[1592 rows x 13 columns]
CHANNEL_0_8
           cbragg  cbragg_err   credchi  ...  cdelta_n            cL     timestamp
0     1551.070503    0.000074  0.000019  ...  0.000012  7.620756e+06  1.736521e+09
1     1551.064110    0.000075  0.000017  ...  0.000012  7.604312e+06  1.736521e+09
2     1551.070485    0.000073  0.000019  ...  0.000012  7.607752e+06  1.736521e+09
3     1551.064098    0.000075  0.000017  ...  0.000012  7.605762e+06  1.736521e+09
4     1551.070562    0.000076  0.000020  ...  0.000012  7.613323e+06  1.736521e+09
...           ...         ...       ...  ...       ...           ...           ...
1587  1551.065112    0.000075  0.000017  ...  0.000012  7.593953e+06  1.736537e+09
1588  1551.070757    0.000074  0.000020  ...  0.000012  7.616912e+06  1.736537e+09
1589  1551.065184    0.000075  0.000017  ...  0.000012  7.609231e+06  1.736537e+09
1590  1551.070625    0.000075  0.000020  ...  0.000012  7.616735e+06  1.736537e+09
1591  1551.065179    0.000076  0.000017  ...  0.000012  7.608782e+06  1.736537e+09

[1592 rows x 13 columns]
CHANNEL_0_9
           cbragg  cbragg_err   credchi  ...  cdelta_n            cL     timestamp
0     1552.054446    0.000092  0.000031  ...  0.000012  7.663009e+06  1.736521e+09
1     1552.045763    0.000094  0.000018  ...  0.000012  7.703999e+06  1.736521e+09
2     1552.054484    0.000089  0.000029  ...  0.000012  7.659379e+06  1.736521e+09
3     1552.045820    0.000093  0.000018  ...  0.000012  7.711830e+06  1.736521e+09
4     1552.054483    0.000089  0.000029  ...  0.000012  7.652236e+06  1.736521e+09
...           ...         ...       ...  ...       ...           ...           ...
1587  1552.047041    0.000094  0.000018  ...  0.000012  7.705538e+06  1.736537e+09
1588  1552.054695    0.000091  0.000030  ...  0.000012  7.654980e+06  1.736537e+09
1589  1552.047018    0.000095  0.000018  ...  0.000012  7.707879e+06  1.736537e+09
1590  1552.054615    0.000089  0.000029  ...  0.000012  7.657628e+06  1.736537e+09
1591  1552.046984    0.000093  0.000017  ...  0.000012  7.703195e+06  1.736537e+09

[1592 rows x 13 columns]
CHANNEL_0_10
           cbragg  cbragg_err   credchi  ...  cdelta_n            cL     timestamp
0     1553.055821    0.000094  0.000018  ...  0.000012  7.730491e+06  1.736521e+09
1     1553.056047    0.000093  0.000022  ...  0.000012  7.639112e+06  1.736521e+09
2     1553.055736    0.000094  0.000017  ...  0.000012  7.731653e+06  1.736521e+09
3     1553.055915    0.000094  0.000023  ...  0.000012  7.661333e+06  1.736521e+09
4     1553.055790    0.000094  0.000017  ...  0.000012  7.738092e+06  1.736521e+09
...           ...         ...       ...  ...       ...           ...           ...
1587  1553.056842    0.000093  0.000023  ...  0.000012  7.655969e+06  1.736537e+09
1588  1553.055942    0.000094  0.000017  ...  0.000012  7.732631e+06  1.736537e+09
1589  1553.056821    0.000093  0.000023  ...  0.000012  7.692509e+06  1.736537e+09
1590  1553.055944    0.000096  0.000017  ...  0.000012  7.663015e+06  1.736537e+09
1591  1553.056840    0.000093  0.000023  ...  0.000012  7.690747e+06  1.736537e+09

[1592 rows x 13 columns]
CHANNEL_0_11
           cbragg  cbragg_err   credchi  ...  cdelta_n            cL     timestamp
0     1554.069190    0.000070  0.000014  ...  0.000012  7.619671e+06  1.736521e+09
1     1554.061025    0.000077  0.000010  ...  0.000012  7.682064e+06  1.736521e+09
2     1554.069048    0.000075  0.000016  ...  0.000012  7.641190e+06  1.736521e+09
3     1554.061050    0.000077  0.000010  ...  0.000012  7.683254e+06  1.736521e+09
4     1554.069103    0.000075  0.000016  ...  0.000012  7.621951e+06  1.736521e+09
...           ...         ...       ...  ...       ...           ...           ...
1587  1554.062277    0.000082  0.000011  ...  0.000012  7.653589e+06  1.736537e+09
1588  1554.069311    0.000076  0.000017  ...  0.000012  7.615310e+06  1.736537e+09
1589  1554.062263    0.000078  0.000010  ...  0.000012  7.616361e+06  1.736537e+09
1590  1554.069199    0.000074  0.000015  ...  0.000012  7.623785e+06  1.736537e+09
1591  1554.062436    0.000078  0.000010  ...  0.000012  7.662174e+06  1.736537e+09

[1592 rows x 13 columns]
CHANNEL_0_12
           cbragg  cbragg_err   credchi  ...  cdelta_n            cL     timestamp
0     1555.090125    0.000116  0.000047  ...  0.000012  7.509519e+06  1.736521e+09
1     1555.089413    0.000119  0.000052  ...  0.000012  7.504907e+06  1.736521e+09
2     1555.090161    0.000117  0.000047  ...  0.000012  7.510284e+06  1.736521e+09
3     1555.089357    0.000118  0.000051  ...  0.000012  7.491137e+06  1.736521e+09
4     1555.090119    0.000117  0.000047  ...  0.000012  7.521367e+06  1.736521e+09
...           ...         ...       ...  ...       ...           ...           ...
1587  1555.090447    0.000117  0.000052  ...  0.000012  7.500177e+06  1.736537e+09
1588  1555.090370    0.000120  0.000049  ...  0.000012  7.531665e+06  1.736537e+09
1589  1555.090588    0.000115  0.000050  ...  0.000012  7.505749e+06  1.736537e+09
1590  1555.090245    0.000117  0.000046  ...  0.000012  7.522412e+06  1.736537e+09
1591  1555.090535    0.000120  0.000056  ...  0.000012  7.581442e+06  1.736537e+09

[1592 rows x 13 columns]
CHANNEL_0_13
           cbragg  cbragg_err   credchi  ...  cdelta_n            cL     timestamp
0     1556.068562    0.000136  0.000047  ...  0.000012  7.677893e+06  1.736521e+09
1     1556.060590    0.000144  0.000038  ...  0.000012  7.674211e+06  1.736521e+09
2     1556.068565    0.000138  0.000048  ...  0.000012  7.684828e+06  1.736521e+09
3     1556.060544    0.000144  0.000037  ...  0.000012  7.684332e+06  1.736521e+09
4     1556.068523    0.000135  0.000046  ...  0.000012  7.693357e+06  1.736521e+09
...           ...         ...       ...  ...       ...           ...           ...
1587  1556.061221    0.000143  0.000036  ...  0.000012  7.620635e+06  1.736537e+09
1588  1556.068978    0.000138  0.000050  ...  0.000012  7.681602e+06  1.736537e+09
1589  1556.061244    0.000144  0.000036  ...  0.000012  7.692454e+06  1.736537e+09
1590  1556.068961    0.000135  0.000047  ...  0.000012  7.677513e+06  1.736537e+09
1591  1556.061265    0.000144  0.000036  ...  0.000012  7.684088e+06  1.736537e+09

[1592 rows x 13 columns]
CHANNEL_0_14
           cbragg  cbragg_err   credchi  ...  cdelta_n            cL     timestamp
0     1557.037295    0.000136  0.000070  ...  0.000012  7.830360e+06  1.736521e+09
1     1557.034069    0.000102  0.000032  ...  0.000012  7.591085e+06  1.736521e+09
2     1557.037383    0.000102  0.000039  ...  0.000012  7.606878e+06  1.736521e+09
3     1557.034047    0.000102  0.000032  ...  0.000012  7.653463e+06  1.736521e+09
4     1557.037415    0.000102  0.000039  ...  0.000012  7.607787e+06  1.736521e+09
...           ...         ...       ...  ...       ...           ...           ...
1587  1557.035268    0.000099  0.000031  ...  0.000012  7.648621e+06  1.736537e+09
1588  1557.037461    0.000102  0.000038  ...  0.000012  7.613459e+06  1.736537e+09
1589  1557.035252    0.000100  0.000031  ...  0.000012  7.648081e+06  1.736537e+09
1590  1557.037355    0.000101  0.000037  ...  0.000012  7.618582e+06  1.736537e+09
1591  1557.035277    0.000100  0.000031  ...  0.000012  7.660105e+06  1.736537e+09

[1592 rows x 13 columns]
CHANNEL_1_1
           cbragg  cbragg_err   credchi  ...  cdelta_n            cL     timestamp
0     1556.145726    0.000611  0.000540  ...  0.000012  3.068503e+06  1.736521e+09
1     1556.145180    0.000076  0.000005  ...  0.000012  2.673874e+06  1.736521e+09
2     1556.145735    0.000084  0.000007  ...  0.000012  2.673005e+06  1.736521e+09
3     1556.145066    0.000072  0.000005  ...  0.000012  2.666533e+06  1.736521e+09
4     1556.145820    0.000353  0.000152  ...  0.000012  2.887000e+06  1.736521e+09
...           ...         ...       ...  ...       ...           ...           ...
1587  1556.113549    0.000733  0.000736  ...  0.000012  3.123391e+06  1.736537e+09
1588  1556.114307    0.000095  0.000008  ...  0.000012  2.634066e+06  1.736537e+09
1589  1556.113765    0.000802  0.000941  ...  0.000012  3.192519e+06  1.736537e+09
1590  1556.114279    0.000099  0.000010  ...  0.000012  2.700477e+06  1.736537e+09
1591  1556.114044    0.000534  0.000341  ...  0.000012  2.973739e+06  1.736537e+09

[1592 rows x 13 columns]
CHANNEL_1_2
           cbragg  cbragg_err   credchi  ...  cdelta_n            cL     timestamp
0     1558.224647    0.000126  0.000022  ...  0.000012  2.798822e+06  1.736521e+09
1     1558.227266    0.000129  0.000023  ...  0.000012  2.769844e+06  1.736521e+09
2     1558.224395    0.000165  0.000039  ...  0.000012  2.841998e+06  1.736521e+09
3     1558.225917    0.001117  0.003231  ...  0.000012  3.534328e+06  1.736521e+09
4     1558.225611    0.000788  0.000540  ...  0.000012  2.418954e+06  1.736521e+09
...           ...         ...       ...  ...       ...           ...           ...
1587  1558.233268    0.001040  0.002919  ...  0.000012  3.545627e+06  1.736537e+09
1588  1558.231410    0.000152  0.000030  ...  0.000012  2.737143e+06  1.736537e+09
1589  1558.234137    0.000114  0.000019  ...  0.000012  2.782064e+06  1.736537e+09
1590  1558.230804    0.000576  0.000661  ...  0.000012  3.169673e+06  1.736537e+09
1591  1558.233761    0.000195  0.000061  ...  0.000012  2.897675e+06  1.736537e+09

[1592 rows x 13 columns]
CHANNEL_1_3
           cbragg  cbragg_err   credchi  ...  cdelta_n            cL     timestamp
0     1561.037559    0.000373  0.000274  ...  0.000012  3.169077e+06  1.736521e+09
1     1561.034038    0.000431  0.000231  ...  0.000012  2.689098e+06  1.736521e+09
2     1561.037242    0.000045  0.000003  ...  0.000012  2.922666e+06  1.736521e+09
3     1561.033496    0.000540  0.000662  ...  0.000012  3.311433e+06  1.736521e+09
4     1561.037566    0.000701  0.001173  ...  0.000012  3.421845e+06  1.736521e+09
...           ...         ...       ...  ...       ...           ...           ...
1587  1561.041161    0.000045  0.000003  ...  0.000012  2.916253e+06  1.736537e+09
1588  1561.044741    0.000147  0.000033  ...  0.000012  2.863537e+06  1.736537e+09
1589  1561.041103    0.000044  0.000003  ...  0.000012  2.919877e+06  1.736537e+09
1590  1561.044756    0.001040  0.003102  ...  0.000012  3.718180e+06  1.736537e+09
1591  1561.041424    0.000079  0.000010  ...  0.000012  2.977479e+06  1.736537e+09

[1592 rows x 13 columns]
CHANNEL_2_1
           cbragg  cbragg_err   credchi  ...  cdelta_n            cL     timestamp
0     1543.566138    0.011784  0.004695  ...  0.000012  1.111778e+06  1.736521e+09
1     1543.570247    0.000065  0.000005  ...  0.000012  2.778996e+06  1.736521e+09
2     1543.569558    0.011551  0.004685  ...  0.000012  1.112077e+06  1.736521e+09
3     1543.559899    0.012719  0.004704  ...  0.000012  1.113283e+06  1.736521e+09
4     1543.566797    0.011710  0.004680  ...  0.000012  1.111862e+06  1.736521e+09
...           ...         ...       ...  ...       ...           ...           ...
1587  1543.536981    0.000075  0.000005  ...  0.000012  2.772437e+06  1.736537e+09
1588  1543.536886    0.000074  0.000006  ...  0.000012  2.770403e+06  1.736537e+09
1589  1543.536945    0.000076  0.000006  ...  0.000012  2.769944e+06  1.736537e+09
1590  1543.536803    0.000074  0.000006  ...  0.000012  2.768962e+06  1.736537e+09
1591  1543.537008    0.000077  0.000006  ...  0.000012  2.769609e+06  1.736537e+09

[1592 rows x 13 columns]
CHANNEL_2_2
           cbragg  cbragg_err   credchi  ...  cdelta_n            cL     timestamp
0     1545.954201    0.000321  0.000068  ...  0.000012  2.542302e+06  1.736521e+09
1     1545.950672    0.000515  0.000277  ...  0.000012  2.972961e+06  1.736521e+09
2     1545.953370    0.000114  0.000010  ...  0.000012  2.690363e+06  1.736521e+09
3     1545.952206    0.000138  0.000015  ...  0.000012  2.649745e+06  1.736521e+09
4     1545.951604    0.001143  0.002090  ...  0.000012  3.468904e+06  1.736521e+09
...           ...         ...       ...  ...       ...           ...           ...
1587  1545.958024    0.000634  0.000479  ...  0.000012  3.074105e+06  1.736537e+09
1588  1545.960220    0.000115  0.000011  ...  0.000012  2.681135e+06  1.736537e+09
1589  1545.958749    0.000256  0.000057  ...  0.000012  2.790652e+06  1.736537e+09
1590  1545.960170    0.000112  0.000010  ...  0.000012  2.695445e+06  1.736537e+09
1591  1545.958903    0.000149  0.000019  ...  0.000012  2.760775e+06  1.736537e+09

[1592 rows x 13 columns]
CHANNEL_2_3
           cbragg  cbragg_err   credchi  ...  cdelta_n            cL     timestamp
0     1548.547537    0.001129  0.002492  ...  0.000012  3.702298e+06  1.736521e+09
1     1548.547079    0.001163  0.002709  ...  0.000012  3.742210e+06  1.736521e+09
2     1548.547591    0.000099  0.000011  ...  0.000012  2.881647e+06  1.736521e+09
3     1548.546182    0.000132  0.000020  ...  0.000012  2.957776e+06  1.736521e+09
4     1548.548217    0.000625  0.000638  ...  0.000012  3.341528e+06  1.736521e+09
...           ...         ...       ...  ...       ...           ...           ...
1587  1548.553450    0.000094  0.000010  ...  0.000012  2.884099e+06  1.736537e+09
1588  1548.554993    0.000099  0.000011  ...  0.000012  2.889371e+06  1.736537e+09
1589  1548.553413    0.000100  0.000011  ...  0.000012  2.907421e+06  1.736537e+09
1590  1548.555093    0.000097  0.000010  ...  0.000012  2.874907e+06  1.736537e+09
1591  1548.553413    0.000106  0.000012  ...  0.000012  2.851717e+06  1.736537e+09

[1592 rows x 13 columns]
CHANNEL_3_1
           cbragg  cbragg_err   credchi  ...  cdelta_n            cL     timestamp
0     1544.116584    0.000125  0.000023  ...  0.000012  7.783352e+06  1.736521e+09
1     1544.118755    0.000116  0.000029  ...  0.000012  7.750020e+06  1.736521e+09
2     1544.116605    0.000143  0.000024  ...  0.000012  7.766203e+06  1.736521e+09
3     1544.118788    0.000113  0.000029  ...  0.000012  7.754263e+06  1.736521e+09
4     1544.116549    0.000142  0.000023  ...  0.000012  7.775248e+06  1.736521e+09
...           ...         ...       ...  ...       ...           ...           ...
1587  1544.101726    0.000128  0.000029  ...  0.000012  7.734076e+06  1.736537e+09
1588  1544.100596    0.000124  0.000022  ...  0.000012  7.755371e+06  1.736537e+09
1589  1544.101707    0.000158  0.000028  ...  0.000012  7.733867e+06  1.736537e+09
1590  1544.100547    0.000210  0.000021  ...  0.000012  7.759687e+06  1.736537e+09
1591  1544.101594    0.000134  0.000028  ...  0.000012  7.723877e+06  1.736537e+09

[1592 rows x 13 columns]
CHANNEL_3_2
           cbragg  cbragg_err   credchi  ...  cdelta_n            cL     timestamp
0     1544.989491    0.000157  0.000041  ...  0.000012  7.842474e+06  1.736521e+09
1     1544.978995    0.000426  0.000025  ...  0.000012  7.921600e+06  1.736521e+09
2     1544.989467    0.000133  0.000043  ...  0.000012  7.835326e+06  1.736521e+09
3     1544.978906    0.000117  0.000025  ...  0.000012  7.932232e+06  1.736521e+09
4     1544.989327    0.000115  0.000042  ...  0.000012  7.831187e+06  1.736521e+09
...           ...         ...       ...  ...       ...           ...           ...
1587  1544.949600    0.000158  0.000025  ...  0.000012  7.929486e+06  1.736537e+09
1588  1544.960800    0.000219  0.000044  ...  0.000012  7.851796e+06  1.736537e+09
1589  1544.949491    0.000113  0.000024  ...  0.000012  7.945027e+06  1.736537e+09
1590  1544.960864    0.000122  0.000045  ...  0.000012  7.843800e+06  1.736537e+09
1591  1544.949549    0.000116  0.000025  ...  0.000012  7.930731e+06  1.736537e+09

[1592 rows x 13 columns]
CHANNEL_3_3
           cbragg  cbragg_err   credchi  ...  cdelta_n            cL     timestamp
0     1545.722752    0.000119  0.000031  ...  0.000012  7.620915e+06  1.736521e+09
1     1545.719586    0.000115  0.000037  ...  0.000012  7.569089e+06  1.736521e+09
2     1545.722885    0.000117  0.000029  ...  0.000012  7.602289e+06  1.736521e+09
3     1545.719614    0.000116  0.000038  ...  0.000012  7.567314e+06  1.736521e+09
4     1545.722765    0.000121  0.000031  ...  0.000012  7.610558e+06  1.736521e+09
...           ...         ...       ...  ...       ...           ...           ...
1587  1545.720348    0.000115  0.000036  ...  0.000012  7.559681e+06  1.736537e+09
1588  1545.724583    0.000116  0.000029  ...  0.000012  7.607444e+06  1.736537e+09
1589  1545.720395    0.000111  0.000034  ...  0.000012  7.593836e+06  1.736537e+09
1590  1545.724430    0.000118  0.000030  ...  0.000012  7.609846e+06  1.736537e+09
1591  1545.720507    0.000115  0.000036  ...  0.000012  7.564335e+06  1.736537e+09

[1592 rows x 13 columns]
CHANNEL_3_4
           cbragg  cbragg_err   credchi  ...  cdelta_n            cL     timestamp
0     1546.697248    0.000101  0.000029  ...  0.000012  7.739122e+06  1.736521e+09
1     1546.690075    0.000102  0.000020  ...  0.000012  7.780019e+06  1.736521e+09
2     1546.697231    0.000103  0.000030  ...  0.000012  7.714848e+06  1.736521e+09
3     1546.690106    0.000102  0.000020  ...  0.000012  7.792835e+06  1.736521e+09
4     1546.697208    0.000102  0.000030  ...  0.000012  7.732959e+06  1.736521e+09
...           ...         ...       ...  ...       ...           ...           ...
1587  1546.690555    0.000103  0.000020  ...  0.000012  7.796032e+06  1.736537e+09
1588  1546.699012    0.000102  0.000030  ...  0.000012  7.742597e+06  1.736537e+09
1589  1546.690749    0.000181  0.000056  ...  0.000012  7.310328e+06  1.736537e+09
1590  1546.698986    0.000102  0.000030  ...  0.000012  7.739218e+06  1.736537e+09
1591  1546.690626    0.000102  0.000020  ...  0.000012  7.793444e+06  1.736537e+09

[1592 rows x 13 columns]
CHANNEL_3_5
           cbragg  cbragg_err   credchi  ...  cdelta_n            cL     timestamp
0     1547.717204    0.000081  0.000015  ...  0.000012  7.623726e+06  1.736521e+09
1     1547.708769    0.000082  0.000016  ...  0.000012  7.597245e+06  1.736521e+09
2     1547.717135    0.000081  0.000015  ...  0.000012  7.557910e+06  1.736521e+09
3     1547.708800    0.000081  0.000016  ...  0.000012  7.593901e+06  1.736521e+09
4     1547.717031    0.000081  0.000015  ...  0.000012  7.625413e+06  1.736521e+09
...           ...         ...       ...  ...       ...           ...           ...
1587  1547.709767    0.000082  0.000016  ...  0.000012  7.591285e+06  1.736537e+09
1588  1547.718504    0.000082  0.000016  ...  0.000012  7.630334e+06  1.736537e+09
1589  1547.709771    0.000081  0.000016  ...  0.000012  7.597306e+06  1.736537e+09
1590  1547.718571    0.000081  0.000015  ...  0.000012  7.622834e+06  1.736537e+09
1591  1547.709745    0.000081  0.000016  ...  0.000012  7.601032e+06  1.736537e+09

[1592 rows x 13 columns]
CHANNEL_3_6
           cbragg  cbragg_err   credchi  ...  cdelta_n            cL     timestamp
0     1548.701241    0.000086  0.000018  ...  0.000012  7.750265e+06  1.736521e+09
1     1548.697993    0.000086  0.000018  ...  0.000012  7.745241e+06  1.736521e+09
2     1548.701354    0.000086  0.000018  ...  0.000012  7.757323e+06  1.736521e+09
3     1548.697908    0.000087  0.000018  ...  0.000012  7.748108e+06  1.736521e+09
4     1548.701252    0.000087  0.000019  ...  0.000012  7.753554e+06  1.736521e+09
...           ...         ...       ...  ...       ...           ...           ...
1587  1548.698477    0.000086  0.000017  ...  0.000012  7.755171e+06  1.736537e+09
1588  1548.703066    0.000086  0.000019  ...  0.000012  7.768014e+06  1.736537e+09
1589  1548.698417    0.000086  0.000017  ...  0.000012  7.747049e+06  1.736537e+09
1590  1548.703027    0.000084  0.000018  ...  0.000012  7.765714e+06  1.736537e+09
1591  1548.698365    0.000088  0.000018  ...  0.000012  7.751639e+06  1.736537e+09

[1592 rows x 13 columns]
CHANNEL_3_7
           cbragg  cbragg_err   credchi  ...  cdelta_n            cL     timestamp
0     1549.724231    0.000092  0.000023  ...  0.000012  7.586013e+06  1.736521e+09
1     1549.712758    0.000092  0.000016  ...  0.000012  7.633279e+06  1.736521e+09
2     1549.724293    0.000105  0.000032  ...  0.000012  7.753453e+06  1.736521e+09
3     1549.712765    0.000091  0.000016  ...  0.000012  7.614832e+06  1.736521e+09
4     1549.724281    0.000090  0.000022  ...  0.000012  7.588410e+06  1.736521e+09
...           ...         ...       ...  ...       ...           ...           ...
1587  1549.713793    0.000090  0.000016  ...  0.000012  7.656010e+06  1.736537e+09
1588  1549.725568    0.000089  0.000022  ...  0.000012  7.597159e+06  1.736537e+09
1589  1549.713918    0.000091  0.000016  ...  0.000012  7.626486e+06  1.736537e+09
1590  1549.725681    0.000100  0.000028  ...  0.000012  7.729091e+06  1.736537e+09
1591  1549.713874    0.000090  0.000016  ...  0.000012  7.626241e+06  1.736537e+09

[1592 rows x 13 columns]
CHANNEL_3_8
           cbragg  cbragg_err   credchi  ...  cdelta_n            cL     timestamp
0     1550.673950    0.000189  0.000052  ...  0.000012  7.157359e+06  1.736521e+09
1     1550.675666    0.000094  0.000018  ...  0.000012  7.617512e+06  1.736521e+09
2     1550.674033    0.000100  0.000016  ...  0.000012  7.652526e+06  1.736521e+09
3     1550.675723    0.000097  0.000019  ...  0.000012  7.587464e+06  1.736521e+09
4     1550.674039    0.000101  0.000016  ...  0.000012  7.641098e+06  1.736521e+09
...           ...         ...       ...  ...       ...           ...           ...
1587  1550.675812    0.000094  0.000018  ...  0.000012  7.619233e+06  1.736537e+09
1588  1550.675243    0.000101  0.000017  ...  0.000012  7.638937e+06  1.736537e+09
1589  1550.675927    0.000095  0.000018  ...  0.000012  7.613097e+06  1.736537e+09
1590  1550.675339    0.000099  0.000016  ...  0.000012  7.583381e+06  1.736537e+09
1591  1550.675881    0.000096  0.000018  ...  0.000012  7.618976e+06  1.736537e+09

[1592 rows x 13 columns]
CHANNEL_3_9
           cbragg  cbragg_err   credchi  ...  cdelta_n            cL     timestamp
0     1551.676125    0.000093  0.000020  ...  0.000012  7.690442e+06  1.736521e+09
1     1551.665971    0.000098  0.000013  ...  0.000012  7.763390e+06  1.736521e+09
2     1551.676151    0.000095  0.000021  ...  0.000012  7.679269e+06  1.736521e+09
3     1551.666068    0.000097  0.000012  ...  0.000012  7.773281e+06  1.736521e+09
4     1551.676171    0.000093  0.000020  ...  0.000012  7.682236e+06  1.736521e+09
...           ...         ...       ...  ...       ...           ...           ...
1587  1551.666518    0.000094  0.000012  ...  0.000012  7.763884e+06  1.736537e+09
1588  1551.677140    0.000093  0.000020  ...  0.000012  7.701756e+06  1.736537e+09
1589  1551.666466    0.000097  0.000012  ...  0.000012  7.717874e+06  1.736537e+09
1590  1551.677074    0.000095  0.000021  ...  0.000012  7.701620e+06  1.736537e+09
1591  1551.666390    0.000096  0.000012  ...  0.000012  7.761616e+06  1.736537e+09

[1592 rows x 13 columns]
CHANNEL_3_10
           cbragg  cbragg_err   credchi  ...  cdelta_n            cL     timestamp
0     1552.677261    0.000120  0.000016  ...  0.000012  7.761674e+06  1.736521e+09
1     1552.680579    0.000110  0.000024  ...  0.000012  7.654500e+06  1.736521e+09
2     1552.677234    0.000123  0.000017  ...  0.000012  7.746435e+06  1.736521e+09
3     1552.680377    0.000111  0.000025  ...  0.000012  7.682763e+06  1.736521e+09
4     1552.677222    0.000119  0.000016  ...  0.000012  7.771324e+06  1.736521e+09
...           ...         ...       ...  ...       ...           ...           ...
1587  1552.680772    0.000107  0.000023  ...  0.000012  7.711155e+06  1.736537e+09
1588  1552.678457    0.000124  0.000017  ...  0.000012  7.732454e+06  1.736537e+09
1589  1552.680725    0.000107  0.000023  ...  0.000012  7.706468e+06  1.736537e+09
1590  1552.678475    0.000121  0.000017  ...  0.000012  7.741022e+06  1.736537e+09
1591  1552.680759    0.000108  0.000024  ...  0.000012  7.710366e+06  1.736537e+09

[1592 rows x 13 columns]
CHANNEL_3_11
           cbragg  cbragg_err   credchi  ...  cdelta_n            cL     timestamp
0     1553.647407    0.000137  0.000043  ...  0.000012  7.839983e+06  1.736521e+09
1     1553.643565    0.000140  0.000030  ...  0.000012  7.902111e+06  1.736521e+09
2     1553.647320    0.000138  0.000044  ...  0.000012  7.827480e+06  1.736521e+09
3     1553.643528    0.000140  0.000030  ...  0.000012  7.909026e+06  1.736521e+09
4     1553.647435    0.000137  0.000043  ...  0.000012  7.804521e+06  1.736521e+09
...           ...         ...       ...  ...       ...           ...           ...
1587  1553.643608    0.000140  0.000030  ...  0.000012  7.911185e+06  1.736537e+09
1588  1553.648707    0.000136  0.000043  ...  0.000012  7.857402e+06  1.736537e+09
1589  1553.643555    0.000140  0.000030  ...  0.000012  7.895622e+06  1.736537e+09
1590  1553.648693    0.000136  0.000043  ...  0.000012  7.840673e+06  1.736537e+09
1591  1553.643459    0.000141  0.000031  ...  0.000012  7.915446e+06  1.736537e+09

[1592 rows x 13 columns]
CHANNEL_3_12
           cbragg  cbragg_err   credchi  ...  cdelta_n            cL     timestamp
0     1554.622642    0.000258  0.000082  ...  0.000012  7.114831e+06  1.736521e+09
1     1554.623047    0.000103  0.000023  ...  0.000012  7.749369e+06  1.736521e+09
2     1554.622472    0.000122  0.000021  ...  0.000012  7.624751e+06  1.736521e+09
3     1554.622961    0.000102  0.000023  ...  0.000012  7.767107e+06  1.736521e+09
4     1554.622625    0.000110  0.000017  ...  0.000012  7.801290e+06  1.736521e+09
...           ...         ...       ...  ...       ...           ...           ...
1587  1554.623357    0.000103  0.000023  ...  0.000012  7.757747e+06  1.736537e+09
1588  1554.623866    0.000111  0.000018  ...  0.000012  7.807521e+06  1.736537e+09
1589  1554.623302    0.000102  0.000022  ...  0.000012  7.767551e+06  1.736537e+09
1590  1554.623812    0.000115  0.000019  ...  0.000012  7.797207e+06  1.736537e+09
1591  1554.623313    0.000103  0.000023  ...  0.000012  7.711115e+06  1.736537e+09

[1592 rows x 13 columns]
CHANNEL_3_13
           cbragg  cbragg_err   credchi  ...  cdelta_n            cL     timestamp
0     1555.633205    0.000091  0.000018  ...  0.000012  7.560501e+06  1.736521e+09
1     1555.625488    0.000092  0.000011  ...  0.000012  7.632685e+06  1.736521e+09
2     1555.633163    0.000091  0.000018  ...  0.000012  7.564531e+06  1.736521e+09
3     1555.625403    0.000093  0.000011  ...  0.000012  7.626711e+06  1.736521e+09
4     1555.633221    0.000091  0.000018  ...  0.000012  7.560150e+06  1.736521e+09
...           ...         ...       ...  ...       ...           ...           ...
1587  1555.625679    0.000093  0.000011  ...  0.000012  7.638220e+06  1.736537e+09
1588  1555.634383    0.000092  0.000018  ...  0.000012  7.572162e+06  1.736537e+09
1589  1555.625618    0.000093  0.000011  ...  0.000012  7.620339e+06  1.736537e+09
1590  1555.634301    0.000091  0.000018  ...  0.000012  7.580193e+06  1.736537e+09
1591  1555.625587    0.000093  0.000011  ...  0.000012  7.638935e+06  1.736537e+09

[1592 rows x 13 columns]
CHANNEL_3_14
           cbragg  cbragg_err   credchi  ...  cdelta_n            cL     timestamp
0     1556.583219    0.000198  0.000055  ...  0.000012  7.726709e+06  1.736521e+09
1     1556.585814    0.000193  0.000085  ...  0.000012  7.672119e+06  1.736521e+09
2     1556.583146    0.000194  0.000053  ...  0.000012  7.734316e+06  1.736521e+09
3     1556.585756    0.000189  0.000082  ...  0.000012  7.647636e+06  1.736521e+09
4     1556.583268    0.000198  0.000055  ...  0.000012  7.725286e+06  1.736521e+09
...           ...         ...       ...  ...       ...           ...           ...
1587  1556.585997    0.000196  0.000086  ...  0.000012  7.670884e+06  1.736537e+09
1588  1556.584640    0.000195  0.000055  ...  0.000012  7.722507e+06  1.736537e+09
1589  1556.586080    0.000209  0.000094  ...  0.000012  7.414890e+06  1.736537e+09
1590  1556.584596    0.000258  0.000091  ...  0.000012  7.271103e+06  1.736537e+09
1591  1556.586006    0.000193  0.000084  ...  0.000012  7.600360e+06  1.736537e+09

[1592 rows x 13 columns]
