CHANNEL_0_1
        cbragg  cbragg_err   credchi  ...  cdelta_n            cL     timestamp
0  1544.607609     0.00017  0.000047  ...  0.000012  7.669428e+06  1.735664e+09
1  1544.616347     0.00042  0.000057  ...  0.000012  7.673378e+06  1.735664e+09

[2 rows x 13 columns]
CHANNEL_0_2
        cbragg  cbragg_err   credchi  ...  cdelta_n            cL     timestamp
0  1545.438332    0.000102  0.000022  ...  0.000012  7.571558e+06  1.735664e+09
1  1545.440400    0.000096  0.000022  ...  0.000012  7.625692e+06  1.735664e+09

[2 rows x 13 columns]
CHANNEL_0_3
        cbragg  cbragg_err   credchi  ...  cdelta_n            cL     timestamp
0  1546.109960    0.000112  0.000041  ...  0.000012  7.681801e+06  1.735664e+09
1  1546.118844    0.000110  0.000054  ...  0.000012  7.672524e+06  1.735664e+09

[2 rows x 13 columns]
CHANNEL_0_4
        cbragg  cbragg_err   credchi  ...  cdelta_n            cL     timestamp
0  1547.112057    0.000120  0.000051  ...  0.000012  7.939030e+06  1.735664e+09
1  1547.113880    0.000112  0.000049  ...  0.000012  7.869988e+06  1.735664e+09

[2 rows x 13 columns]
CHANNEL_0_5
        cbragg  cbragg_err   credchi  ...  cdelta_n            cL     timestamp
0  1548.086080    0.000090  0.000040  ...  0.000012  7.687444e+06  1.735664e+09
1  1548.091171    0.000103  0.000045  ...  0.000012  7.798508e+06  1.735664e+09

[2 rows x 13 columns]
CHANNEL_0_6
        cbragg  cbragg_err   credchi  ...  cdelta_n            cL     timestamp
0  1549.064189    0.000130  0.000069  ...  0.000012  7.892123e+06  1.735664e+09
1  1549.073714    0.000141  0.000131  ...  0.000012  7.784367e+06  1.735664e+09

[2 rows x 13 columns]
CHANNEL_0_7
       cbragg  cbragg_err   credchi  ...  cdelta_n            cL     timestamp
0  1550.06920    0.000125  0.000046  ...  0.000012  7.593239e+06  1.735664e+09
1  1550.07186    0.000122  0.000046  ...  0.000012  7.625556e+06  1.735664e+09

[2 rows x 13 columns]
CHANNEL_0_8
        cbragg  cbragg_err   credchi  ...  cdelta_n            cL     timestamp
0  1551.041937    0.000072  0.000015  ...  0.000012  7.627617e+06  1.735664e+09
1  1551.049520    0.000072  0.000018  ...  0.000012  7.630057e+06  1.735664e+09

[2 rows x 13 columns]
CHANNEL_0_9
        cbragg  cbragg_err   credchi  ...  cdelta_n            cL     timestamp
0  1552.023477     0.00009  0.000016  ...  0.000012  7.729499e+06  1.735664e+09
1  1552.033310     0.00011  0.000045  ...  0.000012  7.885586e+06  1.735664e+09

[2 rows x 13 columns]
CHANNEL_0_10
        cbragg  cbragg_err   credchi  ...  cdelta_n            cL     timestamp
0  1553.033185    0.000095  0.000022  ...  0.000012  7.692164e+06  1.735664e+09
1  1553.034418    0.000093  0.000017  ...  0.000012  7.687002e+06  1.735664e+09

[2 rows x 13 columns]
CHANNEL_0_11
        cbragg  cbragg_err   credchi  ...  cdelta_n            cL     timestamp
0  1554.038009    0.000074  0.000008  ...  0.000012  7.716629e+06  1.735664e+09
1  1554.047865    0.000070  0.000014  ...  0.000012  7.624609e+06  1.735664e+09

[2 rows x 13 columns]
CHANNEL_0_12
        cbragg  cbragg_err   credchi  ...  cdelta_n            cL     timestamp
0  1555.066367    0.000119  0.000048  ...  0.000012  7.533703e+06  1.735664e+09
1  1555.068483    0.000139  0.000067  ...  0.000012  7.713626e+06  1.735664e+09

[2 rows x 13 columns]
CHANNEL_0_13
        cbragg  cbragg_err   credchi  ...  cdelta_n            cL     timestamp
0  1556.038672    0.000140  0.000035  ...  0.000012  7.683580e+06  1.735664e+09
1  1556.047027    0.000135  0.000044  ...  0.000012  7.701190e+06  1.735664e+09

[2 rows x 13 columns]
CHANNEL_0_14
        cbragg  cbragg_err   credchi  ...  cdelta_n            cL     timestamp
0  1557.011265    0.000100  0.000028  ...  0.000012  7.656918e+06  1.735664e+09
1  1557.015645    0.000101  0.000037  ...  0.000012  7.631552e+06  1.735664e+09

[2 rows x 13 columns]
CHANNEL_1_1
        cbragg  cbragg_err   credchi  ...  cdelta_n            cL     timestamp
0  1556.165397    0.000124  0.000014  ...  0.000012  2.622669e+06  1.735664e+09
1  1556.163914    0.000714  0.000763  ...  0.000012  3.175854e+06  1.735664e+09

[2 rows x 13 columns]
CHANNEL_1_2
        cbragg  cbragg_err   credchi  ...  cdelta_n            cL     timestamp
0  1558.200616    0.000127  0.000023  ...  0.000012  2.786713e+06  1.735664e+09
1  1558.203158    0.000208  0.000067  ...  0.000012  2.862191e+06  1.735664e+09

[2 rows x 13 columns]
CHANNEL_1_3
        cbragg  cbragg_err   credchi  ...  cdelta_n            cL     timestamp
0  1561.017152    0.000066  0.000007  ...  0.000012  2.971330e+06  1.735664e+09
1  1561.013844    0.000114  0.000020  ...  0.000012  2.860175e+06  1.735664e+09

[2 rows x 13 columns]
CHANNEL_2_1
        cbragg  cbragg_err   credchi  ...  cdelta_n            cL     timestamp
0  1543.585256    0.000079  0.000006  ...  0.000012  2.769959e+06  1.735664e+09
1  1543.584420    0.000076  0.000006  ...  0.000012  2.769832e+06  1.735664e+09

[2 rows x 13 columns]
CHANNEL_2_2
        cbragg  cbragg_err   credchi  ...  cdelta_n            cL     timestamp
0  1545.924355    0.000119  0.000011  ...  0.000012  2.688134e+06  1.735664e+09
1  1545.924903    0.000500  0.000271  ...  0.000012  3.000825e+06  1.735664e+09

[2 rows x 13 columns]
CHANNEL_2_3
        cbragg  cbragg_err   credchi  ...  cdelta_n            cL     timestamp
0  1548.520795    0.000100  0.000011  ...  0.000012  2.906816e+06  1.735664e+09
1  1548.523829    0.000362  0.000157  ...  0.000012  3.066439e+06  1.735664e+09

[2 rows x 13 columns]
CHANNEL_3_1
        cbragg  cbragg_err   credchi  ...  cdelta_n            cL     timestamp
0  1544.130432    0.000162  0.000027  ...  0.000012  7.772222e+06  1.735664e+09
1  1544.128255    0.000206  0.000019  ...  0.000012  7.826545e+06  1.735664e+09

[2 rows x 13 columns]
CHANNEL_3_2
        cbragg  cbragg_err   credchi  ...  cdelta_n            cL     timestamp
0  1545.022540    0.000107  0.000021  ...  0.000012  7.907638e+06  1.735664e+09
1  1545.033218    0.000137  0.000038  ...  0.000012  7.831428e+06  1.735664e+09

[2 rows x 13 columns]
CHANNEL_3_3
        cbragg  cbragg_err   credchi  ...  cdelta_n            cL     timestamp
0  1545.708738    0.000112  0.000034  ...  0.000012  7.566167e+06  1.735664e+09
1  1545.710897    0.000113  0.000026  ...  0.000012  7.604996e+06  1.735664e+09

[2 rows x 13 columns]
CHANNEL_3_4
        cbragg  cbragg_err   credchi  ...  cdelta_n            cL     timestamp
0  1546.680697    0.000097  0.000017  ...  0.000012  7.788879e+06  1.735664e+09
1  1546.688207    0.000159  0.000072  ...  0.000012  8.049760e+06  1.735664e+09

[2 rows x 13 columns]
CHANNEL_3_5
        cbragg  cbragg_err   credchi  ...  cdelta_n            cL     timestamp
0  1547.701080    0.000076  0.000014  ...  0.000012  7.589407e+06  1.735664e+09
1  1547.707768    0.000078  0.000013  ...  0.000012  7.638155e+06  1.735664e+09

[2 rows x 13 columns]
CHANNEL_3_6
        cbragg  cbragg_err   credchi  ...  cdelta_n            cL     timestamp
0  1548.689829    0.000082  0.000015  ...  0.000012  7.765539e+06  1.735664e+09
1  1548.692160    0.000080  0.000015  ...  0.000012  7.779060e+06  1.735664e+09

[2 rows x 13 columns]
CHANNEL_3_7
        cbragg  cbragg_err   credchi  ...  cdelta_n            cL     timestamp
0  1549.704764    0.000086  0.000014  ...  0.000012  7.616907e+06  1.735664e+09
1  1549.715206    0.000091  0.000023  ...  0.000012  7.671349e+06  1.735664e+09

[2 rows x 13 columns]
CHANNEL_3_8
        cbragg  cbragg_err   credchi  ...  cdelta_n            cL     timestamp
0  1550.665914    0.000089  0.000016  ...  0.000012  7.633706e+06  1.735664e+09
1  1550.663004    0.000093  0.000013  ...  0.000012  7.655939e+06  1.735664e+09

[2 rows x 13 columns]
CHANNEL_3_9
        cbragg  cbragg_err   credchi  ...  cdelta_n            cL     timestamp
0  1551.656025    0.000092  0.000010  ...  0.000012  7.747494e+06  1.735664e+09
1  1551.665266    0.000091  0.000018  ...  0.000012  7.628518e+06  1.735664e+09

[2 rows x 13 columns]
CHANNEL_3_10
        cbragg  cbragg_err   credchi  ...  cdelta_n            cL     timestamp
0  1552.670061    0.000104  0.000021  ...  0.000012  7.710223e+06  1.735664e+09
1  1552.665991    0.000334  0.000097  ...  0.000012  6.876822e+06  1.735664e+09

[2 rows x 13 columns]
CHANNEL_3_11
        cbragg  cbragg_err   credchi  ...  cdelta_n            cL     timestamp
0  1553.632733    0.000131  0.000026  ...  0.000012  7.916808e+06  1.735664e+09
1  1553.636944    0.000130  0.000038  ...  0.000012  7.854919e+06  1.735664e+09

[2 rows x 13 columns]
CHANNEL_3_12
        cbragg  cbragg_err   credchi  ...  cdelta_n            cL     timestamp
0  1554.611985    0.000096  0.000019  ...  0.000012  7.791803e+06  1.735664e+09
1  1554.610719    0.000147  0.000027  ...  0.000012  7.475652e+06  1.735664e+09

[2 rows x 13 columns]
CHANNEL_3_13
        cbragg  cbragg_err   credchi  ...  cdelta_n            cL     timestamp
0  1555.614314    0.000089  0.000009  ...  0.000012  7.646064e+06  1.735664e+09
1  1555.622264    0.000090  0.000017  ...  0.000012  7.577979e+06  1.735664e+09

[2 rows x 13 columns]
CHANNEL_3_14
        cbragg  cbragg_err   credchi  ...  cdelta_n            cL     timestamp
0  1556.574785    0.000189  0.000077  ...  0.000012  7.693974e+06  1.735664e+09
1  1556.571174    0.000184  0.000046  ...  0.000012  7.757071e+06  1.735664e+09

[2 rows x 13 columns]
