CHANNEL_0_1
        cbragg  cbragg_err   credchi  ...  cdelta_n            cL     timestamp
0  1544.623359    0.000185  0.000048  ...  0.000012  7.666655e+06  1.735172e+09
1  1544.630736    0.000131  0.000057  ...  0.000012  7.662849e+06  1.735172e+09

[2 rows x 13 columns]
CHANNEL_0_2
        cbragg  cbragg_err   credchi  ...  cdelta_n            cL     timestamp
0  1545.462942    0.000091  0.000018  ...  0.000012  7.594312e+06  1.735172e+09
1  1545.462835    0.000094  0.000020  ...  0.000012  7.602535e+06  1.735172e+09

[2 rows x 13 columns]
CHANNEL_0_3
        cbragg  cbragg_err   credchi  ...  cdelta_n            cL     timestamp
0  1546.184328    0.000103  0.000035  ...  0.000012  7.627538e+06  1.735172e+09
1  1546.191618    0.000103  0.000045  ...  0.000012  7.615283e+06  1.735172e+09

[2 rows x 13 columns]
CHANNEL_0_4
        cbragg  cbragg_err   credchi  ...  cdelta_n            cL     timestamp
0  1547.119975    0.000116  0.000049  ...  0.000012  7.855316e+06  1.735172e+09
1  1547.119589    0.000115  0.000050  ...  0.000012  7.860171e+06  1.735172e+09

[2 rows x 13 columns]
CHANNEL_0_5
        cbragg  cbragg_err   credchi  ...  cdelta_n            cL     timestamp
0  1548.093733    0.000089  0.000040  ...  0.000012  7.681707e+06  1.735172e+09
1  1548.096863    0.000097  0.000038  ...  0.000012  7.681282e+06  1.735172e+09

[2 rows x 13 columns]
CHANNEL_0_6
        cbragg  cbragg_err   credchi  ...  cdelta_n            cL     timestamp
0  1549.071613    0.000137  0.000074  ...  0.000012  7.854386e+06  1.735172e+09
1  1549.079778    0.000084  0.000045  ...  0.000012  7.465809e+06  1.735172e+09

[2 rows x 13 columns]
CHANNEL_0_7
        cbragg  cbragg_err   credchi  ...  cdelta_n            cL     timestamp
0  1550.077038    0.000124  0.000047  ...  0.000012  7.618078e+06  1.735172e+09
1  1550.077234    0.000199  0.000113  ...  0.000012  7.814305e+06  1.735172e+09

[2 rows x 13 columns]
CHANNEL_0_8
        cbragg  cbragg_err   credchi  ...  cdelta_n            cL     timestamp
0  1551.052074    0.000073  0.000016  ...  0.000012  7.612879e+06  1.735172e+09
1  1551.056609    0.000356  0.000381  ...  0.000012  6.845705e+06  1.735172e+09

[2 rows x 13 columns]
CHANNEL_0_9
        cbragg  cbragg_err   credchi  ...  cdelta_n            cL     timestamp
0  1552.033233    0.000093  0.000017  ...  0.000012  7.694654e+06  1.735172e+09
1  1552.041155    0.000090  0.000029  ...  0.000012  7.659175e+06  1.735172e+09

[2 rows x 13 columns]
CHANNEL_0_10
        cbragg  cbragg_err   credchi  ...  cdelta_n            cL     timestamp
0  1553.043256    0.000092  0.000021  ...  0.000012  7.684221e+06  1.735172e+09
1  1553.041786    0.000090  0.000015  ...  0.000012  7.737572e+06  1.735172e+09

[2 rows x 13 columns]
CHANNEL_0_11
        cbragg  cbragg_err   credchi  ...  cdelta_n            cL     timestamp
0  1554.048179    0.000077  0.000009  ...  0.000012  7.690019e+06  1.735172e+09
1  1554.055745    0.000071  0.000014  ...  0.000012  7.637852e+06  1.735172e+09

[2 rows x 13 columns]
CHANNEL_0_12
        cbragg  cbragg_err   credchi  ...  cdelta_n            cL     timestamp
0  1555.076663    0.000116  0.000048  ...  0.000012  7.510348e+06  1.735172e+09
1  1555.076016    0.000117  0.000044  ...  0.000012  7.512917e+06  1.735172e+09

[2 rows x 13 columns]
CHANNEL_0_13
        cbragg  cbragg_err   credchi  ...  cdelta_n            cL     timestamp
0  1556.048938    0.000140  0.000037  ...  0.000012  7.661132e+06  1.735172e+09
1  1556.054962    0.000136  0.000043  ...  0.000012  7.686030e+06  1.735172e+09

[2 rows x 13 columns]
CHANNEL_0_14
        cbragg  cbragg_err   credchi  ...  cdelta_n            cL     timestamp
0  1557.021441    0.000099  0.000027  ...  0.000012  7.686672e+06  1.735172e+09
1  1557.023849    0.000114  0.000048  ...  0.000012  7.767498e+06  1.735172e+09

[2 rows x 13 columns]
CHANNEL_1_1
        cbragg  cbragg_err   credchi  ...  cdelta_n            cL     timestamp
0  1556.186904    0.000097  0.000009  ...  0.000012  2.680641e+06  1.735172e+09
1  1556.187175    0.000078  0.000005  ...  0.000012  2.665278e+06  1.735172e+09

[2 rows x 13 columns]
CHANNEL_1_2
        cbragg  cbragg_err   credchi  ...  cdelta_n            cL     timestamp
0  1558.202042    0.000732  0.001181  ...  0.000012  3.287135e+06  1.735172e+09
1  1558.205362    0.000264  0.000088  ...  0.000012  2.662745e+06  1.735172e+09

[2 rows x 13 columns]
CHANNEL_1_3
        cbragg  cbragg_err   credchi  ...  cdelta_n            cL     timestamp
0  1561.019541    0.000060  0.000006  ...  0.000012  2.928518e+06  1.735172e+09
1  1561.015722    0.000073  0.000009  ...  0.000012  2.912266e+06  1.735172e+09

[2 rows x 13 columns]
CHANNEL_2_1
        cbragg  cbragg_err   credchi  ...  cdelta_n            cL     timestamp
0  1543.607422    0.000084  0.000007  ...  0.000012  2.766487e+06  1.735172e+09
1  1543.606198    0.000082  0.000007  ...  0.000012  2.767074e+06  1.735172e+09

[2 rows x 13 columns]
CHANNEL_2_2
        cbragg  cbragg_err   credchi  ...  cdelta_n            cL     timestamp
0  1545.925521    0.000128  0.000012  ...  0.000012  2.699536e+06  1.735172e+09
1  1545.926044    0.000573  0.000365  ...  0.000012  3.040868e+06  1.735172e+09

[2 rows x 13 columns]
CHANNEL_2_3
        cbragg  cbragg_err   credchi  ...  cdelta_n            cL     timestamp
0  1548.523407    0.000355  0.000166  ...  0.000012  3.120942e+06  1.735172e+09
1  1548.524260    0.000097  0.000010  ...  0.000012  2.879820e+06  1.735172e+09

[2 rows x 13 columns]
CHANNEL_3_1
       cbragg  cbragg_err   credchi  ...  cdelta_n            cL     timestamp
0  1544.14714    0.000216  0.000026  ...  0.000012  7.779736e+06  1.735172e+09
1  1544.14217    0.000112  0.000018  ...  0.000012  7.825822e+06  1.735172e+09

[2 rows x 13 columns]
CHANNEL_3_2
        cbragg  cbragg_err   credchi  ...  cdelta_n            cL     timestamp
0  1545.047072    0.000223  0.000024  ...  0.000012  7.877385e+06  1.735172e+09
1  1545.056507    0.000117  0.000040  ...  0.000012  7.803994e+06  1.735172e+09

[2 rows x 13 columns]
CHANNEL_3_3
        cbragg  cbragg_err   credchi  ...  cdelta_n            cL     timestamp
0  1545.789776    0.000105  0.000032  ...  0.000012  7.591669e+06  1.735172e+09
1  1545.788149    0.000118  0.000027  ...  0.000012  7.617980e+06  1.735172e+09

[2 rows x 13 columns]
CHANNEL_3_4
        cbragg  cbragg_err   credchi  ...  cdelta_n            cL     timestamp
0  1546.687562    0.000100  0.000017  ...  0.000012  7.779827e+06  1.735172e+09
1  1546.694206    0.000098  0.000027  ...  0.000012  7.711305e+06  1.735172e+09

[2 rows x 13 columns]
CHANNEL_3_5
        cbragg  cbragg_err   credchi  ...  cdelta_n            cL     timestamp
0  1547.709295    0.000076  0.000015  ...  0.000012  7.578078e+06  1.735172e+09
1  1547.712393    0.000127  0.000031  ...  0.000012  7.299936e+06  1.735172e+09

[2 rows x 13 columns]
CHANNEL_3_6
        cbragg  cbragg_err   credchi  ...  cdelta_n            cL     timestamp
0  1548.697470    0.000082  0.000015  ...  0.000012  7.763388e+06  1.735172e+09
1  1548.697406    0.000081  0.000016  ...  0.000012  7.766172e+06  1.735172e+09

[2 rows x 13 columns]
CHANNEL_3_7
        cbragg  cbragg_err   credchi  ...  cdelta_n            cL     timestamp
0  1549.713035    0.000089  0.000015  ...  0.000012  7.575304e+06  1.735172e+09
1  1549.720364    0.000089  0.000020  ...  0.000012  7.565692e+06  1.735172e+09

[2 rows x 13 columns]
CHANNEL_3_8
        cbragg  cbragg_err   credchi  ...  cdelta_n            cL     timestamp
0  1550.675511    0.000090  0.000017  ...  0.000012  7.648303e+06  1.735172e+09
1  1550.669250    0.000095  0.000014  ...  0.000012  7.651017e+06  1.735172e+09

[2 rows x 13 columns]
CHANNEL_3_9
        cbragg  cbragg_err   credchi  ...  cdelta_n            cL     timestamp
0  1551.665724    0.000095  0.000011  ...  0.000012  7.708813e+06  1.735172e+09
1  1551.671972    0.000092  0.000019  ...  0.000012  7.666128e+06  1.735172e+09

[2 rows x 13 columns]
CHANNEL_3_10
        cbragg  cbragg_err   credchi  ...  cdelta_n            cL     timestamp
0  1552.679433    0.000115  0.000025  ...  0.000012  7.535171e+06  1.735172e+09
1  1552.672361    0.000110  0.000013  ...  0.000012  7.781510e+06  1.735172e+09

[2 rows x 13 columns]
CHANNEL_3_11
        cbragg  cbragg_err   credchi  ...  cdelta_n            cL     timestamp
0  1553.641467    0.000135  0.000025  ...  0.000012  7.918423e+06  1.735172e+09
1  1553.644217    0.000132  0.000040  ...  0.000012  7.852363e+06  1.735172e+09

[2 rows x 13 columns]
CHANNEL_3_12
        cbragg  cbragg_err   credchi  ...  cdelta_n            cL     timestamp
0  1554.621789    0.000096  0.000020  ...  0.000012  7.787970e+06  1.735172e+09
1  1554.616306    0.000101  0.000013  ...  0.000012  7.843949e+06  1.735172e+09

[2 rows x 13 columns]
CHANNEL_3_13
        cbragg  cbragg_err   credchi  ...  cdelta_n            cL     timestamp
0  1555.623803    0.000091  0.000010  ...  0.000012  7.631442e+06  1.735172e+09
1  1555.629645    0.000089  0.000017  ...  0.000012  7.569738e+06  1.735172e+09

[2 rows x 13 columns]
CHANNEL_3_14
        cbragg  cbragg_err   credchi  ...  cdelta_n            cL     timestamp
0  1556.584489    0.000188  0.000078  ...  0.000012  7.683876e+06  1.735172e+09
1  1556.577466    0.000183  0.000046  ...  0.000012  7.781064e+06  1.735172e+09

[2 rows x 13 columns]
