000 (11451992.063.000) 01/28 14:31:49 Job submitted from host: <188.185.114.121:9618?addrs=188.185.114.121-9618+[2001-1458-d00-a--100-273]-9618&alias=bigbird19.cern.ch&noUDP&sock=schedd_2045_4743>
...
040 (11451992.063.000) 01/28 14:36:15 Started transferring input files
	Transferring to host: <128.142.51.201:9618?addrs=128.142.51.201-9618+[2001-1458-301-3--100-6]-9618&alias=b9g02p2419.cern.ch&noUDP&sock=slot1_36_8242_fc08_7836>
...
040 (11451992.063.000) 01/28 14:36:15 Finished transferring input files
...
001 (11451992.063.000) 01/28 14:36:16 Job executing on host: <128.142.51.201:9618?addrs=128.142.51.201-9618+[2001-1458-301-3--100-6]-9618&alias=b9g02p2419.cern.ch&noUDP&sock=startd_6970_6b32>
	SlotName: slot1_36@b9g02p2419.cern.ch
	CondorScratchDir = "/pool/condor/dir_2364574"
	Cpus = 1
	Disk = 2940256
	Memory = 3000
...
006 (11451992.063.000) 01/28 14:36:24 Image size of job updated: 12392
	12  -  MemoryUsage of job (MB)
	12228  -  ResidentSetSize of job (KB)
...
006 (11451992.063.000) 01/28 14:40:42 Image size of job updated: 139352
	58  -  MemoryUsage of job (MB)
	58396  -  ResidentSetSize of job (KB)
...
040 (11451992.063.000) 01/28 14:40:42 Started transferring output files
...
040 (11451992.063.000) 01/28 14:40:42 Finished transferring output files
...
005 (11451992.063.000) 01/28 14:40:42 Job terminated.
	(1) Normal termination (return value 0)
		Usr 0 00:00:22, Sys 0 00:00:01  -  Run Remote Usage
		Usr 0 00:00:00, Sys 0 00:00:00  -  Run Local Usage
		Usr 0 00:00:22, Sys 0 00:00:01  -  Total Remote Usage
		Usr 0 00:00:00, Sys 0 00:00:00  -  Total Local Usage
	14886  -  Run Bytes Sent By Job
	5797  -  Run Bytes Received By Job
	14886  -  Total Bytes Sent By Job
	5797  -  Total Bytes Received By Job
	Partitionable Resources :    Usage  Request Allocated 
	   Cpus                 :        0        1         1 
	   Disk (KB)            :       41       10   2940256 
	   Memory (MB)          :       58     3000      3000 

	Job terminated of its own accord at 2025-01-28T13:40:42Z with exit-code 0.
...
