CHANNEL_0_1
        cbragg  cbragg_err   credchi  ...  cdelta_n            cL     timestamp
0  1544.217142    0.000099  0.000040  ...  0.000012  7.715888e+06  1.737612e+09
1  1544.218073    0.000109  0.000054  ...  0.000012  7.647842e+06  1.737612e+09

[2 rows x 13 columns]
CHANNEL_0_2
        cbragg  cbragg_err   credchi  ...  cdelta_n            cL     timestamp
0  1545.171662    0.000082  0.000018  ...  0.000012  7.658243e+06  1.737612e+09
1  1545.171434    0.000090  0.000015  ...  0.000012  7.674802e+06  1.737612e+09

[2 rows x 13 columns]
CHANNEL_0_3
        cbragg  cbragg_err   credchi  ...  cdelta_n            cL     timestamp
0  1546.157349    0.000112  0.000048  ...  0.000012  7.646313e+06  1.737612e+09
1  1546.154665    0.000111  0.000046  ...  0.000012  7.567774e+06  1.737612e+09

[2 rows x 13 columns]
CHANNEL_0_4
        cbragg  cbragg_err   credchi  ...  cdelta_n            cL     timestamp
0  1547.149366    0.000121  0.000062  ...  0.000012  7.860063e+06  1.737612e+09
1  1547.149602    0.000119  0.000047  ...  0.000012  7.864458e+06  1.737612e+09

[2 rows x 13 columns]
CHANNEL_0_5
        cbragg  cbragg_err   credchi  ...  cdelta_n            cL     timestamp
0  1548.123313    0.000096  0.000034  ...  0.000012  7.694877e+06  1.737612e+09
1  1548.126162    0.000093  0.000049  ...  0.000012  7.642310e+06  1.737612e+09

[2 rows x 13 columns]
CHANNEL_0_6
        cbragg  cbragg_err   credchi  ...  cdelta_n            cL     timestamp
0  1549.109893    0.000091  0.000054  ...  0.000012  7.482151e+06  1.737612e+09
1  1549.101321    0.000078  0.000024  ...  0.000012  7.536746e+06  1.737612e+09

[2 rows x 13 columns]
CHANNEL_0_7
        cbragg  cbragg_err   credchi  ...  cdelta_n            cL     timestamp
0  1550.105378    0.000121  0.000044  ...  0.000012  7.618341e+06  1.737612e+09
1  1550.109397    0.000120  0.000048  ...  0.000012  7.622464e+06  1.737612e+09

[2 rows x 13 columns]
CHANNEL_0_8
        cbragg  cbragg_err   credchi  ...  cdelta_n            cL     timestamp
0  1551.085845    0.000072  0.000016  ...  0.000012  7.623447e+06  1.737612e+09
1  1551.085603    0.000073  0.000019  ...  0.000012  7.594928e+06  1.737612e+09

[2 rows x 13 columns]
CHANNEL_0_9
        cbragg  cbragg_err   credchi  ...  cdelta_n            cL     timestamp
0  1552.071186    0.000088  0.000026  ...  0.000012  7.736797e+06  1.737612e+09
1  1552.066306    0.000091  0.000019  ...  0.000012  7.671344e+06  1.737612e+09

[2 rows x 13 columns]
CHANNEL_0_10
        cbragg  cbragg_err   credchi  ...  cdelta_n            cL     timestamp
0  1553.072171    0.000093  0.000019  ...  0.000012  7.703340e+06  1.737612e+09
1  1553.075034    0.000093  0.000021  ...  0.000012  7.717952e+06  1.737612e+09

[2 rows x 13 columns]
CHANNEL_0_11
        cbragg  cbragg_err   credchi  ...  cdelta_n            cL     timestamp
0  1554.086564    0.000073  0.000013  ...  0.000012  7.642914e+06  1.737612e+09
1  1554.079568    0.000074  0.000010  ...  0.000012  7.641512e+06  1.737612e+09

[2 rows x 13 columns]
CHANNEL_0_12
        cbragg  cbragg_err   credchi  ...  cdelta_n            cL     timestamp
0  1555.108122    0.000113  0.000053  ...  0.000012  7.568781e+06  1.737612e+09
1  1555.106001    0.000114  0.000041  ...  0.000012  7.538178e+06  1.737612e+09

[2 rows x 13 columns]
CHANNEL_0_13
        cbragg  cbragg_err   credchi  ...  cdelta_n            cL     timestamp
0  1556.081462    0.000141  0.000035  ...  0.000012  7.688189e+06  1.737612e+09
1  1556.081740    0.000138  0.000045  ...  0.000012  7.654160e+06  1.737612e+09

[2 rows x 13 columns]
CHANNEL_0_14
        cbragg  cbragg_err   credchi  ...  cdelta_n            cL     timestamp
0  1557.056197    0.000096  0.000042  ...  0.000012  7.663213e+06  1.737612e+09
1  1557.048648    0.000092  0.000021  ...  0.000012  7.721294e+06  1.737612e+09

[2 rows x 13 columns]
CHANNEL_1_1
        cbragg  cbragg_err   credchi  ...  cdelta_n            cL     timestamp
0  1555.116873    0.000089  0.000006  ...  0.000012  2.612238e+06  1.737612e+09
1  1555.119676    0.000816  0.000771  ...  0.000012  3.031444e+06  1.737612e+09

[2 rows x 13 columns]
CHANNEL_1_2
        cbragg  cbragg_err   credchi  ...  cdelta_n            cL     timestamp
0  1558.266227    0.000115  0.000019  ...  0.000012  2.792101e+06  1.737612e+09
1  1558.268408    0.000283  0.000134  ...  0.000012  2.984653e+06  1.737612e+09

[2 rows x 13 columns]
CHANNEL_1_3
        cbragg  cbragg_err   credchi  ...  cdelta_n            cL     timestamp
0  1561.086947    0.000040  0.000003  ...  0.000012  2.945125e+06  1.737612e+09
1  1561.083626    0.000036  0.000002  ...  0.000012  2.939855e+06  1.737612e+09

[2 rows x 13 columns]
CHANNEL_2_1
        cbragg  cbragg_err   credchi  ...  cdelta_n            cL     timestamp
0  1542.584082    0.014449  0.004000  ...  0.000012  1.072309e+06  1.737612e+09
1  1542.589906         NaN  0.003739  ...  0.000012  1.144831e+06  1.737612e+09

[2 rows x 13 columns]
CHANNEL_2_2
        cbragg  cbragg_err   credchi  ...  cdelta_n            cL     timestamp
0  1546.005485    0.000685  0.000550  ...  0.000012  3.094941e+06  1.737612e+09
1  1546.005468    0.000493  0.000279  ...  0.000012  2.969419e+06  1.737612e+09

[2 rows x 13 columns]
CHANNEL_2_3
        cbragg  cbragg_err   credchi  ...  cdelta_n            cL     timestamp
0  1548.597232    0.000109  0.000012  ...  0.000012  2.876719e+06  1.737612e+09
1  1548.598938    0.000376  0.000182  ...  0.000012  3.100310e+06  1.737612e+09

[2 rows x 13 columns]
CHANNEL_3_1
        cbragg  cbragg_err   credchi  ...  cdelta_n            cL     timestamp
0  1543.627474    0.000102  0.000022  ...  0.000012  7.855289e+06  1.737612e+09
1  1543.614198    0.000231  0.000014  ...  0.000012  7.912127e+06  1.737612e+09

[2 rows x 13 columns]
CHANNEL_3_2
        cbragg  cbragg_err   credchi  ...  cdelta_n            cL     timestamp
0  1544.652998    0.000244  0.000029  ...  0.000012  7.874404e+06  1.737612e+09
1  1544.646233    0.000200  0.000033  ...  0.000012  7.831960e+06  1.737612e+09

[2 rows x 13 columns]
CHANNEL_3_3
        cbragg  cbragg_err   credchi  ...  cdelta_n            cL     timestamp
0  1545.652013    0.000109  0.000036  ...  0.000012  7.617725e+06  1.737612e+09
1  1545.642498    0.000106  0.000022  ...  0.000012  7.633935e+06  1.737612e+09

[2 rows x 13 columns]
CHANNEL_3_4
        cbragg  cbragg_err   credchi  ...  cdelta_n            cL     timestamp
0  1546.625152    0.000096  0.000023  ...  0.000012  7.770561e+06  1.737612e+09
1  1546.615082    0.000096  0.000021  ...  0.000012  7.769472e+06  1.737612e+09

[2 rows x 13 columns]
CHANNEL_3_5
        cbragg  cbragg_err   credchi  ...  cdelta_n            cL     timestamp
0  1547.640813    0.000078  0.000014  ...  0.000012  7.613715e+06  1.737612e+09
1  1547.638198    0.000077  0.000015  ...  0.000012  7.591910e+06  1.737612e+09

[2 rows x 13 columns]
CHANNEL_3_6
       cbragg  cbragg_err  credchi  ...  cdelta_n            cL     timestamp
0  1548.63082    0.000078  0.00002  ...  0.000012  7.818971e+06  1.737612e+09
1  1548.61873    0.000074  0.00001  ...  0.000012  7.865791e+06  1.737612e+09

[2 rows x 13 columns]
CHANNEL_3_7
        cbragg  cbragg_err   credchi  ...  cdelta_n            cL     timestamp
0  1549.644774    0.000089  0.000015  ...  0.000012  7.568263e+06  1.737612e+09
1  1549.645434    0.000093  0.000025  ...  0.000012  7.604726e+06  1.737612e+09

[2 rows x 13 columns]
CHANNEL_3_8
        cbragg  cbragg_err   credchi  ...  cdelta_n            cL     timestamp
0  1550.604288    0.000089  0.000019  ...  0.000012  7.648099e+06  1.737612e+09
1  1550.594464    0.000090  0.000011  ...  0.000012  7.713793e+06  1.737612e+09

[2 rows x 13 columns]
CHANNEL_3_9
        cbragg  cbragg_err   credchi  ...  cdelta_n            cL     timestamp
0  1551.598477    0.000094  0.000013  ...  0.000012  7.696887e+06  1.737612e+09
1  1551.595554    0.000089  0.000016  ...  0.000012  7.659446e+06  1.737612e+09

[2 rows x 13 columns]
CHANNEL_3_10
        cbragg  cbragg_err   credchi  ...  cdelta_n            cL     timestamp
0  1552.607380    0.000103  0.000018  ...  0.000012  7.648203e+06  1.737612e+09
1  1552.599778    0.000100  0.000014  ...  0.000012  7.807255e+06  1.737612e+09

[2 rows x 13 columns]
CHANNEL_3_11
        cbragg  cbragg_err   credchi  ...  cdelta_n            cL     timestamp
0  1553.576042    0.000123  0.000033  ...  0.000012  7.962680e+06  1.737612e+09
1  1553.565415    0.000125  0.000028  ...  0.000012  7.922375e+06  1.737612e+09

[2 rows x 13 columns]
CHANNEL_3_12
        cbragg  cbragg_err   credchi  ...  cdelta_n            cL     timestamp
0  1554.549565    0.000095  0.000018  ...  0.000012  7.817864e+06  1.737612e+09
1  1554.544069    0.000095  0.000013  ...  0.000012  7.855825e+06  1.737612e+09

[2 rows x 13 columns]
CHANNEL_3_13
        cbragg  cbragg_err   credchi  ...  cdelta_n            cL     timestamp
0  1555.557297    0.000086  0.000012  ...  0.000012  7.617401e+06  1.737612e+09
1  1555.551683    0.000086  0.000013  ...  0.000012  7.590951e+06  1.737612e+09

[2 rows x 13 columns]
CHANNEL_3_14
        cbragg  cbragg_err   credchi  ...  cdelta_n            cL     timestamp
0  1556.511668    0.000182  0.000073  ...  0.000012  7.740026e+06  1.737612e+09
1  1556.504439    0.000177  0.000043  ...  0.000012  7.814275e+06  1.737612e+09

[2 rows x 13 columns]
