CHANNEL_0_1
           cbragg  cbragg_err   credchi  ...  cdelta_n            cL     timestamp
0     1544.641299    0.000351  0.000057  ...  0.000012  7.623487e+06  1.734728e+09
1     1544.639280    0.000242  0.000046  ...  0.000012  7.650398e+06  1.734728e+09
2     1544.641248    0.000124  0.000059  ...  0.000012  7.621117e+06  1.734728e+09
3     1544.639275    0.000111  0.000044  ...  0.000012  7.659974e+06  1.734728e+09
4     1544.641283    0.000301  0.000059  ...  0.000012  7.629355e+06  1.734728e+09
...           ...         ...       ...  ...       ...           ...           ...
1587  1544.637388    0.000107  0.000048  ...  0.000012  7.640560e+06  1.734743e+09
1588  1544.638509    0.000369  0.000057  ...  0.000012  7.625696e+06  1.734743e+09
1589  1544.637291    0.000167  0.000046  ...  0.000012  7.646656e+06  1.734743e+09
1590  1544.638449    0.000254  0.000057  ...  0.000012  7.632840e+06  1.734743e+09
1591  1544.637293    0.000104  0.000047  ...  0.000012  7.644778e+06  1.734743e+09

[1592 rows x 13 columns]
CHANNEL_0_2
           cbragg  cbragg_err   credchi  ...  cdelta_n            cL     timestamp
0     1545.480059    0.000095  0.000020  ...  0.000012  7.612209e+06  1.734728e+09
1     1545.475388    0.000092  0.000020  ...  0.000012  7.611586e+06  1.734728e+09
2     1545.479987    0.000096  0.000020  ...  0.000012  7.592432e+06  1.734728e+09
3     1545.475284    0.000092  0.000020  ...  0.000012  7.616236e+06  1.734728e+09
4     1545.480148    0.000128  0.000034  ...  0.000012  7.337998e+06  1.734728e+09
...           ...         ...       ...  ...       ...           ...           ...
1587  1545.473326    0.000089  0.000018  ...  0.000012  7.620929e+06  1.734743e+09
1588  1545.478085    0.000089  0.000017  ...  0.000012  7.620648e+06  1.734743e+09
1589  1545.473184    0.000093  0.000020  ...  0.000012  7.615748e+06  1.734743e+09
1590  1545.478038    0.000095  0.000020  ...  0.000012  7.619011e+06  1.734743e+09
1591  1545.473294    0.000087  0.000018  ...  0.000012  7.621114e+06  1.734743e+09

[1592 rows x 13 columns]
CHANNEL_0_3
           cbragg  cbragg_err   credchi  ...  cdelta_n            cL     timestamp
0     1546.227343    0.000105  0.000047  ...  0.000012  7.677381e+06  1.734728e+09
1     1546.226202    0.000111  0.000042  ...  0.000012  7.630087e+06  1.734728e+09
2     1546.227235    0.000103  0.000045  ...  0.000012  7.629808e+06  1.734728e+09
3     1546.226053    0.000110  0.000042  ...  0.000012  7.649514e+06  1.734728e+09
4     1546.227548    0.000104  0.000046  ...  0.000012  7.677353e+06  1.734728e+09
...           ...         ...       ...  ...       ...           ...           ...
1587  1546.223943    0.000111  0.000044  ...  0.000012  7.647284e+06  1.734743e+09
1588  1546.224540    0.000124  0.000064  ...  0.000012  7.794814e+06  1.734743e+09
1589  1546.223907    0.000114  0.000046  ...  0.000012  7.538526e+06  1.734743e+09
1590  1546.224424    0.000106  0.000046  ...  0.000012  7.633639e+06  1.734743e+09
1591  1546.223827    0.000132  0.000061  ...  0.000012  7.736290e+06  1.734743e+09

[1592 rows x 13 columns]
CHANNEL_0_4
           cbragg  cbragg_err   credchi  ...  cdelta_n            cL     timestamp
0     1547.118586    0.000113  0.000048  ...  0.000012  7.890333e+06  1.734728e+09
1     1547.114060    0.000112  0.000048  ...  0.000012  7.846322e+06  1.734728e+09
2     1547.118642    0.000117  0.000051  ...  0.000012  7.953009e+06  1.734728e+09
3     1547.114133    0.000110  0.000047  ...  0.000012  7.867803e+06  1.734728e+09
4     1547.118803    0.000112  0.000046  ...  0.000012  7.875381e+06  1.734728e+09
...           ...         ...       ...  ...       ...           ...           ...
1587  1547.112864    0.000112  0.000047  ...  0.000012  7.842173e+06  1.734743e+09
1588  1547.117712    0.000117  0.000052  ...  0.000012  7.962698e+06  1.734743e+09
1589  1547.112797    0.000116  0.000048  ...  0.000012  7.848469e+06  1.734743e+09
1590  1547.117785    0.000113  0.000048  ...  0.000012  7.875499e+06  1.734743e+09
1591  1547.113000    0.000115  0.000050  ...  0.000012  7.887401e+06  1.734743e+09

[1592 rows x 13 columns]
CHANNEL_0_5
           cbragg  cbragg_err   credchi  ...  cdelta_n            cL     timestamp
0     1548.094084    0.000090  0.000047  ...  0.000012  7.692464e+06  1.734728e+09
1     1548.088163    0.000090  0.000029  ...  0.000012  7.772773e+06  1.734728e+09
2     1548.094087    0.000090  0.000047  ...  0.000012  7.686695e+06  1.734728e+09
3     1548.088232    0.000088  0.000027  ...  0.000012  7.765377e+06  1.734728e+09
4     1548.094125    0.000090  0.000047  ...  0.000012  7.690203e+06  1.734728e+09
...           ...         ...       ...  ...       ...           ...           ...
1587  1548.087534    0.000095  0.000031  ...  0.000012  7.731131e+06  1.734743e+09
1588  1548.092866    0.000092  0.000048  ...  0.000012  7.674376e+06  1.734743e+09
1589  1548.087546    0.000094  0.000031  ...  0.000012  7.733493e+06  1.734743e+09
1590  1548.092915    0.000094  0.000051  ...  0.000012  7.739279e+06  1.734743e+09
1591  1548.087644    0.000092  0.000030  ...  0.000012  7.737008e+06  1.734743e+09

[1592 rows x 13 columns]
CHANNEL_0_6
           cbragg  cbragg_err   credchi  ...  cdelta_n            cL     timestamp
0     1549.069712    0.000078  0.000023  ...  0.000012  7.531342e+06  1.734728e+09
1     1549.074590    0.000195  0.000265  ...  0.000012  7.963375e+06  1.734728e+09
2     1549.069656    0.000079  0.000023  ...  0.000012  7.531223e+06  1.734728e+09
3     1549.074510    0.000141  0.000138  ...  0.000012  7.797784e+06  1.734728e+09
4     1549.069820    0.000078  0.000023  ...  0.000012  7.517431e+06  1.734728e+09
...           ...         ...       ...  ...       ...           ...           ...
1587  1549.073636    0.000084  0.000045  ...  0.000012  7.458693e+06  1.734743e+09
1588  1549.068787    0.000080  0.000024  ...  0.000012  7.513532e+06  1.734743e+09
1589  1549.073458    0.000165  0.000189  ...  0.000012  7.883234e+06  1.734743e+09
1590  1549.068843    0.000080  0.000023  ...  0.000012  7.528356e+06  1.734743e+09
1591  1549.073520    0.000086  0.000048  ...  0.000012  7.472314e+06  1.734743e+09

[1592 rows x 13 columns]
CHANNEL_0_7
           cbragg  cbragg_err   credchi  ...  cdelta_n            cL     timestamp
0     1550.076986    0.000123  0.000051  ...  0.000012  7.619163e+06  1.734728e+09
1     1550.069112    0.000124  0.000043  ...  0.000012  7.656285e+06  1.734728e+09
2     1550.076970    0.000123  0.000050  ...  0.000012  7.620087e+06  1.734728e+09
3     1550.068913    0.000140  0.000054  ...  0.000012  7.751581e+06  1.734728e+09
4     1550.077168    0.000124  0.000051  ...  0.000012  7.621925e+06  1.734728e+09
...           ...         ...       ...  ...       ...           ...           ...
1587  1550.068260    0.000126  0.000043  ...  0.000012  7.672464e+06  1.734743e+09
1588  1550.076018    0.000200  0.000134  ...  0.000012  7.900637e+06  1.734743e+09
1589  1550.068440    0.000122  0.000040  ...  0.000012  7.648437e+06  1.734743e+09
1590  1550.076011    0.000124  0.000052  ...  0.000012  7.698021e+06  1.734743e+09
1591  1550.068352    0.000124  0.000042  ...  0.000012  7.642936e+06  1.734743e+09

[1592 rows x 13 columns]
CHANNEL_0_8
           cbragg  cbragg_err   credchi  ...  cdelta_n            cL     timestamp
0     1551.051773    0.000074  0.000020  ...  0.000012  7.580337e+06  1.734728e+09
1     1551.048138    0.000076  0.000015  ...  0.000012  7.612660e+06  1.734728e+09
2     1551.051958    0.000075  0.000020  ...  0.000012  7.577433e+06  1.734728e+09
3     1551.048256    0.000076  0.000015  ...  0.000012  7.616226e+06  1.734728e+09
4     1551.052005    0.000074  0.000020  ...  0.000012  7.576965e+06  1.734728e+09
...           ...         ...       ...  ...       ...           ...           ...
1587  1551.046226    0.000075  0.000015  ...  0.000012  7.604123e+06  1.734743e+09
1588  1551.049383    0.000072  0.000019  ...  0.000012  7.584291e+06  1.734743e+09
1589  1551.046352    0.000076  0.000015  ...  0.000012  7.576521e+06  1.734743e+09
1590  1551.049436    0.000073  0.000019  ...  0.000012  7.582029e+06  1.734743e+09
1591  1551.046373    0.000076  0.000015  ...  0.000012  7.585702e+06  1.734743e+09

[1592 rows x 13 columns]
CHANNEL_0_9
           cbragg  cbragg_err   credchi  ...  cdelta_n            cL     timestamp
0     1552.032976    0.000097  0.000020  ...  0.000012  7.637833e+06  1.734728e+09
1     1552.033925    0.000093  0.000027  ...  0.000012  7.628959e+06  1.734728e+09
2     1552.033141    0.000096  0.000020  ...  0.000012  7.617602e+06  1.734728e+09
3     1552.034001    0.000093  0.000028  ...  0.000012  7.627084e+06  1.734728e+09
4     1552.033037    0.000099  0.000021  ...  0.000012  7.640104e+06  1.734728e+09
...           ...         ...       ...  ...       ...           ...           ...
1587  1552.031702    0.000090  0.000027  ...  0.000012  7.629851e+06  1.734743e+09
1588  1552.030405    0.000097  0.000020  ...  0.000012  7.644790e+06  1.734743e+09
1589  1552.031796    0.000091  0.000027  ...  0.000012  7.643114e+06  1.734743e+09
1590  1552.030543    0.000094  0.000018  ...  0.000012  7.654409e+06  1.734743e+09
1591  1552.031871    0.000090  0.000027  ...  0.000012  7.635244e+06  1.734743e+09

[1592 rows x 13 columns]
CHANNEL_0_10
           cbragg  cbragg_err   credchi  ...  cdelta_n            cL     timestamp
0     1553.042285    0.000084  0.000018  ...  0.000012  7.726816e+06  1.734728e+09
1     1553.034320    0.000082  0.000013  ...  0.000012  7.777121e+06  1.734728e+09
2     1553.042303    0.000087  0.000019  ...  0.000012  7.728663e+06  1.734728e+09
3     1553.034367    0.000083  0.000013  ...  0.000012  7.754988e+06  1.734728e+09
4     1553.042284    0.000087  0.000019  ...  0.000012  7.728330e+06  1.734728e+09
...           ...         ...       ...  ...       ...           ...           ...
1587  1553.031846    0.000083  0.000013  ...  0.000012  7.775540e+06  1.734743e+09
1588  1553.039669    0.000087  0.000019  ...  0.000012  7.733594e+06  1.734743e+09
1589  1553.031937    0.000084  0.000013  ...  0.000012  7.768990e+06  1.734743e+09
1590  1553.039789    0.000087  0.000019  ...  0.000012  7.709474e+06  1.734743e+09
1591  1553.031919    0.000086  0.000014  ...  0.000012  7.770464e+06  1.734743e+09

[1592 rows x 13 columns]
CHANNEL_0_11
           cbragg  cbragg_err   credchi  ...  cdelta_n            cL     timestamp
0     1554.047514    0.000076  0.000011  ...  0.000012  7.602074e+06  1.734728e+09
1     1554.049147    0.000075  0.000013  ...  0.000012  7.624510e+06  1.734728e+09
2     1554.047684    0.000075  0.000011  ...  0.000012  7.625395e+06  1.734728e+09
3     1554.049188    0.000073  0.000013  ...  0.000012  7.631297e+06  1.734728e+09
4     1554.047691    0.000073  0.000011  ...  0.000012  7.646415e+06  1.734728e+09
...           ...         ...       ...  ...       ...           ...           ...
1587  1554.046820    0.000071  0.000012  ...  0.000012  7.639468e+06  1.734743e+09
1588  1554.044954    0.000075  0.000010  ...  0.000012  7.645947e+06  1.734743e+09
1589  1554.046827    0.000075  0.000013  ...  0.000012  7.623853e+06  1.734743e+09
1590  1554.045032    0.000073  0.000010  ...  0.000012  7.627973e+06  1.734743e+09
1591  1554.046870    0.000077  0.000014  ...  0.000012  7.621465e+06  1.734743e+09

[1592 rows x 13 columns]
CHANNEL_0_12
           cbragg  cbragg_err   credchi  ...  cdelta_n            cL     timestamp
0     1555.074948    0.000119  0.000050  ...  0.000012  7.501028e+06  1.734728e+09
1     1555.069437    0.000118  0.000046  ...  0.000012  7.502406e+06  1.734728e+09
2     1555.074908    0.000119  0.000050  ...  0.000012  7.498219e+06  1.734728e+09
3     1555.069249    0.000119  0.000048  ...  0.000012  7.503665e+06  1.734728e+09
4     1555.075081    0.000120  0.000051  ...  0.000012  7.519229e+06  1.734728e+09
...           ...         ...       ...  ...       ...           ...           ...
1587  1555.066733    0.000118  0.000045  ...  0.000012  7.508820e+06  1.734743e+09
1588  1555.072596    0.000119  0.000050  ...  0.000012  7.511459e+06  1.734743e+09
1589  1555.066831    0.000116  0.000044  ...  0.000012  7.515993e+06  1.734743e+09
1590  1555.072610    0.000118  0.000049  ...  0.000012  7.507133e+06  1.734743e+09
1591  1555.066917    0.000118  0.000045  ...  0.000012  7.513769e+06  1.734743e+09

[1592 rows x 13 columns]
CHANNEL_0_13
           cbragg  cbragg_err   credchi  ...  cdelta_n            cL     timestamp
0     1556.049403    0.000139  0.000046  ...  0.000012  7.636827e+06  1.734728e+09
1     1556.046709    0.000140  0.000036  ...  0.000012  7.654594e+06  1.734728e+09
2     1556.049540    0.000140  0.000047  ...  0.000012  7.645820e+06  1.734728e+09
3     1556.046877    0.000143  0.000038  ...  0.000012  7.651465e+06  1.734728e+09
4     1556.049634    0.000139  0.000046  ...  0.000012  7.636037e+06  1.734728e+09
...           ...         ...       ...  ...       ...           ...           ...
1587  1556.044471    0.000141  0.000037  ...  0.000012  7.662800e+06  1.734743e+09
1588  1556.046589    0.000140  0.000045  ...  0.000012  7.652154e+06  1.734743e+09
1589  1556.044662    0.000142  0.000038  ...  0.000012  7.656470e+06  1.734743e+09
1590  1556.046801    0.000139  0.000044  ...  0.000012  7.641490e+06  1.734743e+09
1591  1556.044731    0.000142  0.000038  ...  0.000012  7.653438e+06  1.734743e+09

[1592 rows x 13 columns]
CHANNEL_0_14
           cbragg  cbragg_err   credchi  ...  cdelta_n            cL     timestamp
0     1557.018584    0.000101  0.000026  ...  0.000012  7.658901e+06  1.734728e+09
1     1557.018709    0.000110  0.000050  ...  0.000012  7.682821e+06  1.734728e+09
2     1557.018611    0.000102  0.000027  ...  0.000012  7.664432e+06  1.734728e+09
3     1557.018659    0.000120  0.000061  ...  0.000012  7.764665e+06  1.734728e+09
4     1557.018609    0.000102  0.000027  ...  0.000012  7.655459e+06  1.734728e+09
...           ...         ...       ...  ...       ...           ...           ...
1587  1557.016086    0.000103  0.000042  ...  0.000012  7.581876e+06  1.734743e+09
1588  1557.016184    0.000101  0.000026  ...  0.000012  7.643503e+06  1.734743e+09
1589  1557.016137    0.000104  0.000044  ...  0.000012  7.650128e+06  1.734743e+09
1590  1557.016287    0.000100  0.000025  ...  0.000012  7.650676e+06  1.734743e+09
1591  1557.016156    0.000103  0.000042  ...  0.000012  7.587360e+06  1.734743e+09

[1592 rows x 13 columns]
CHANNEL_1_1
           cbragg  cbragg_err   credchi  ...  cdelta_n            cL     timestamp
0     1556.215890    0.000067  0.000004  ...  0.000012  2.682810e+06  1.734728e+09
1     1556.217073    0.000849  0.001104  ...  0.000012  3.216343e+06  1.734728e+09
2     1556.216084    0.000341  0.000139  ...  0.000012  2.888236e+06  1.734728e+09
3     1556.218009    0.000264  0.000056  ...  0.000012  2.535416e+06  1.734728e+09
4     1556.215937    0.000276  0.000061  ...  0.000012  2.531995e+06  1.734728e+09
...           ...         ...       ...  ...       ...           ...           ...
1587  1556.213656    0.001041  0.001839  ...  0.000012  3.354514e+06  1.734743e+09
1588  1556.213042    0.000072  0.000005  ...  0.000012  2.673965e+06  1.734743e+09
1589  1556.214398    0.000178  0.000027  ...  0.000012  2.578551e+06  1.734743e+09
1590  1556.213238    0.000782  0.000890  ...  0.000012  3.143716e+06  1.734743e+09
1591  1556.214068    0.000357  0.000152  ...  0.000012  2.899402e+06  1.734743e+09

[1592 rows x 13 columns]
CHANNEL_1_2
           cbragg  cbragg_err   credchi  ...  cdelta_n            cL     timestamp
0     1558.193616    0.000706  0.001048  ...  0.000012  3.231818e+06  1.734728e+09
1     1558.197489    0.000641  0.000850  ...  0.000012  3.193123e+06  1.734728e+09
2     1558.193318    0.000751  0.001197  ...  0.000012  3.258739e+06  1.734728e+09
3     1558.197539    0.000943  0.002285  ...  0.000012  3.474071e+06  1.734728e+09
4     1558.193920    0.000450  0.000236  ...  0.000012  2.595564e+06  1.734728e+09
...           ...         ...       ...  ...       ...           ...           ...
1587  1558.197317    0.000414  0.000271  ...  0.000012  2.941374e+06  1.734743e+09
1588  1558.193798    0.000932  0.000768  ...  0.000012  2.373236e+06  1.734743e+09
1589  1558.197165    0.000543  0.000589  ...  0.000012  3.144462e+06  1.734743e+09
1590  1558.193829    0.000133  0.000025  ...  0.000012  2.776367e+06  1.734743e+09
1591  1558.197457    0.000118  0.000020  ...  0.000012  2.790755e+06  1.734743e+09

[1592 rows x 13 columns]
CHANNEL_1_3
           cbragg  cbragg_err   credchi  ...  cdelta_n            cL     timestamp
0     1561.012416    0.000047  0.000004  ...  0.000012  2.928619e+06  1.734728e+09
1     1561.007583    0.000793  0.001629  ...  0.000012  3.533549e+06  1.734728e+09
2     1561.012956    0.000213  0.000086  ...  0.000012  3.066955e+06  1.734728e+09
3     1561.007707    0.000052  0.000004  ...  0.000012  2.948785e+06  1.734728e+09
4     1561.011815    0.001101  0.003171  ...  0.000012  3.623873e+06  1.734728e+09
...           ...         ...       ...  ...       ...           ...           ...
1587  1561.005562    0.000098  0.000015  ...  0.000012  2.897902e+06  1.734743e+09
1588  1561.010224    0.000521  0.000619  ...  0.000012  3.293163e+06  1.734743e+09
1589  1561.005460    0.000056  0.000005  ...  0.000012  2.896056e+06  1.734743e+09
1590  1561.010301    0.000067  0.000008  ...  0.000012  2.962078e+06  1.734743e+09
1591  1561.005846    0.000530  0.000608  ...  0.000012  3.296953e+06  1.734743e+09

[1592 rows x 13 columns]
CHANNEL_2_1
           cbragg  cbragg_err   credchi  ...  cdelta_n            cL     timestamp
0     1543.631734    0.000079  0.000006  ...  0.000012  2.767731e+06  1.734728e+09
1     1543.629842    0.000080  0.000006  ...  0.000012  2.769375e+06  1.734728e+09
2     1543.631761    0.000090  0.000007  ...  0.000012  2.767523e+06  1.734728e+09
3     1543.629954    0.000084  0.000006  ...  0.000012  2.770738e+06  1.734728e+09
4     1543.631932    0.000265  0.000007  ...  0.000012  2.770876e+06  1.734728e+09
...           ...         ...       ...  ...       ...           ...           ...
1587  1543.626745    0.000081  0.000006  ...  0.000012  2.771195e+06  1.734743e+09
1588  1543.628792    0.000098  0.000007  ...  0.000012  2.767009e+06  1.734743e+09
1589  1543.626963    0.000087  0.000006  ...  0.000012  2.770282e+06  1.734743e+09
1590  1543.628831    0.000149  0.000007  ...  0.000012  2.767948e+06  1.734743e+09
1591  1543.626942    0.000082  0.000006  ...  0.000012  2.770551e+06  1.734743e+09

[1592 rows x 13 columns]
CHANNEL_2_2
           cbragg  cbragg_err   credchi  ...  cdelta_n            cL     timestamp
0     1545.914250    0.000136  0.000014  ...  0.000012  2.676761e+06  1.734728e+09
1     1545.916678    0.000132  0.000014  ...  0.000012  2.686665e+06  1.734728e+09
2     1545.913098    0.000924  0.001083  ...  0.000012  3.229334e+06  1.734728e+09
3     1545.916717    0.000159  0.000020  ...  0.000012  2.627978e+06  1.734728e+09
4     1545.914459    0.000139  0.000015  ...  0.000012  2.649284e+06  1.734728e+09
...           ...         ...       ...  ...       ...           ...           ...
1587  1545.914338    0.001139  0.002127  ...  0.000012  3.493102e+06  1.734743e+09
1588  1545.914033    0.000134  0.000014  ...  0.000012  2.680474e+06  1.734743e+09
1589  1545.916602    0.000131  0.000014  ...  0.000012  2.677906e+06  1.734743e+09
1590  1545.913922    0.000133  0.000013  ...  0.000012  2.665646e+06  1.734743e+09
1591  1545.916566    0.000165  0.000020  ...  0.000012  2.627146e+06  1.734743e+09

[1592 rows x 13 columns]
CHANNEL_2_3
           cbragg  cbragg_err   credchi  ...  cdelta_n            cL     timestamp
0     1548.512968    0.000088  0.000008  ...  0.000012  2.902744e+06  1.734728e+09
1     1548.512092    0.000095  0.000010  ...  0.000012  2.891670e+06  1.734728e+09
2     1548.513233    0.000796  0.001060  ...  0.000012  3.447504e+06  1.734728e+09
3     1548.512415    0.000306  0.000121  ...  0.000012  3.092133e+06  1.734728e+09
4     1548.513721    0.000817  0.001156  ...  0.000012  3.485474e+06  1.734728e+09
...           ...         ...       ...  ...       ...           ...           ...
1587  1548.511006    0.000273  0.000089  ...  0.000012  3.061312e+06  1.734743e+09
1588  1548.510351    0.000322  0.000111  ...  0.000012  2.826737e+06  1.734743e+09
1589  1548.510045    0.000090  0.000008  ...  0.000012  2.892086e+06  1.734743e+09
1590  1548.511211    0.000315  0.000131  ...  0.000012  3.112263e+06  1.734743e+09
1591  1548.510206    0.000090  0.000009  ...  0.000012  2.893000e+06  1.734743e+09

[1592 rows x 13 columns]
CHANNEL_3_1
           cbragg  cbragg_err   credchi  ...  cdelta_n            cL     timestamp
0     1544.159859    0.000117  0.000023  ...  0.000012  7.779595e+06  1.734728e+09
1     1544.158816    0.000158  0.000023  ...  0.000012  7.784732e+06  1.734728e+09
2     1544.159932    0.000142  0.000024  ...  0.000012  7.781316e+06  1.734728e+09
3     1544.158740    0.000158  0.000023  ...  0.000012  7.779527e+06  1.734728e+09
4     1544.159835    0.000115  0.000024  ...  0.000012  7.781788e+06  1.734728e+09
...           ...         ...       ...  ...       ...           ...           ...
1587  1544.155687    0.000203  0.000022  ...  0.000012  7.781105e+06  1.734743e+09
1588  1544.157658    0.000152  0.000024  ...  0.000012  7.781100e+06  1.734743e+09
1589  1544.155601    0.000117  0.000022  ...  0.000012  7.773520e+06  1.734743e+09
1590  1544.157531    0.000148  0.000024  ...  0.000012  7.776611e+06  1.734743e+09
1591  1544.155556    0.000170  0.000022  ...  0.000012  7.792254e+06  1.734743e+09

[1592 rows x 13 columns]
CHANNEL_3_2
           cbragg  cbragg_err   credchi  ...  cdelta_n            cL     timestamp
0     1545.063710    0.000372  0.000027  ...  0.000012  7.883275e+06  1.734728e+09
1     1545.073326    0.000136  0.000038  ...  0.000012  7.848175e+06  1.734728e+09
2     1545.063673    0.000147  0.000028  ...  0.000012  7.870302e+06  1.734728e+09
3     1545.073317    0.000399  0.000037  ...  0.000012  7.847260e+06  1.734728e+09
4     1545.063668    0.000113  0.000026  ...  0.000012  7.891469e+06  1.734728e+09
...           ...         ...       ...  ...       ...           ...           ...
1587  1545.070995    0.000386  0.000037  ...  0.000012  7.850023e+06  1.734743e+09
1588  1545.061417    0.000130  0.000027  ...  0.000012  7.877724e+06  1.734743e+09
1589  1545.070940    0.000234  0.000036  ...  0.000012  7.850774e+06  1.734743e+09
1590  1545.061327    0.000112  0.000026  ...  0.000012  7.884445e+06  1.734743e+09
1591  1545.070908    0.000110  0.000036  ...  0.000012  7.852458e+06  1.734743e+09

[1592 rows x 13 columns]
CHANNEL_3_3
           cbragg  cbragg_err   credchi  ...  cdelta_n            cL     timestamp
0     1545.829772    0.000105  0.000029  ...  0.000012  7.589492e+06  1.734728e+09
1     1545.827258    0.000111  0.000027  ...  0.000012  7.572214e+06  1.734728e+09
2     1545.829692    0.000110  0.000032  ...  0.000012  7.579502e+06  1.734728e+09
3     1545.827116    0.000110  0.000026  ...  0.000012  7.573750e+06  1.734728e+09
4     1545.829813    0.000107  0.000031  ...  0.000012  7.594795e+06  1.734728e+09
...           ...         ...       ...  ...       ...           ...           ...
1587  1545.824151    0.000146  0.000043  ...  0.000012  7.333611e+06  1.734743e+09
1588  1545.827085    0.000105  0.000030  ...  0.000012  7.610417e+06  1.734743e+09
1589  1545.824042    0.000114  0.000027  ...  0.000012  7.617932e+06  1.734743e+09
1590  1545.826881    0.000108  0.000032  ...  0.000012  7.574658e+06  1.734743e+09
1591  1545.823943    0.000112  0.000026  ...  0.000012  7.603098e+06  1.734743e+09

[1592 rows x 13 columns]
CHANNEL_3_4
           cbragg  cbragg_err   credchi  ...  cdelta_n            cL     timestamp
0     1546.684793    0.000095  0.000016  ...  0.000012  7.828901e+06  1.734728e+09
1     1546.694537    0.000095  0.000028  ...  0.000012  7.758832e+06  1.734728e+09
2     1546.684893    0.000096  0.000016  ...  0.000012  7.819346e+06  1.734728e+09
3     1546.694672    0.000098  0.000029  ...  0.000012  7.741298e+06  1.734728e+09
4     1546.684983    0.000093  0.000015  ...  0.000012  7.821345e+06  1.734728e+09
...           ...         ...       ...  ...       ...           ...           ...
1587  1546.693624    0.000096  0.000028  ...  0.000012  7.750037e+06  1.734743e+09
1588  1546.684322    0.000096  0.000016  ...  0.000012  7.823454e+06  1.734743e+09
1589  1546.693707    0.000095  0.000028  ...  0.000012  7.752740e+06  1.734743e+09
1590  1546.684376    0.000201  0.000063  ...  0.000012  7.283739e+06  1.734743e+09
1591  1546.693787    0.000099  0.000030  ...  0.000012  7.743595e+06  1.734743e+09

[1592 rows x 13 columns]
CHANNEL_3_5
           cbragg  cbragg_err   credchi  ...  cdelta_n            cL     timestamp
0     1547.710770    0.000075  0.000017  ...  0.000012  7.576166e+06  1.734728e+09
1     1547.707915    0.000084  0.000012  ...  0.000012  7.594362e+06  1.734728e+09
2     1547.710667    0.000077  0.000018  ...  0.000012  7.572418e+06  1.734728e+09
3     1547.707895    0.000081  0.000011  ...  0.000012  7.610090e+06  1.734728e+09
4     1547.710772    0.000076  0.000017  ...  0.000012  7.570770e+06  1.734728e+09
...           ...         ...       ...  ...       ...           ...           ...
1587  1547.707297    0.000082  0.000011  ...  0.000012  7.647338e+06  1.734743e+09
1588  1547.710197    0.000076  0.000017  ...  0.000012  7.566453e+06  1.734743e+09
1589  1547.707020    0.000213  0.000071  ...  0.000012  7.071697e+06  1.734743e+09
1590  1547.710099    0.000077  0.000017  ...  0.000012  7.566346e+06  1.734743e+09
1591  1547.707305    0.000082  0.000012  ...  0.000012  7.614714e+06  1.734743e+09

[1592 rows x 13 columns]
CHANNEL_3_6
           cbragg  cbragg_err   credchi  ...  cdelta_n            cL     timestamp
0     1548.694184    0.000083  0.000013  ...  0.000012  7.795235e+06  1.734728e+09
1     1548.697629    0.000080  0.000019  ...  0.000012  7.730464e+06  1.734728e+09
2     1548.694002    0.000083  0.000013  ...  0.000012  7.795085e+06  1.734728e+09
3     1548.697462    0.000081  0.000019  ...  0.000012  7.730986e+06  1.734728e+09
4     1548.694296    0.000082  0.000013  ...  0.000012  7.802098e+06  1.734728e+09
...           ...         ...       ...  ...       ...           ...           ...
1587  1548.696557    0.000081  0.000019  ...  0.000012  7.729052e+06  1.734743e+09
1588  1548.694115    0.000081  0.000013  ...  0.000012  7.792800e+06  1.734743e+09
1589  1548.696595    0.000080  0.000018  ...  0.000012  7.738708e+06  1.734743e+09
1590  1548.694081    0.000081  0.000013  ...  0.000012  7.797386e+06  1.734743e+09
1591  1548.696552    0.000080  0.000018  ...  0.000012  7.733153e+06  1.734743e+09

[1592 rows x 13 columns]
CHANNEL_3_7
           cbragg  cbragg_err   credchi  ...  cdelta_n            cL     timestamp
0     1549.715906    0.000091  0.000022  ...  0.000012  7.527117e+06  1.734728e+09
1     1549.715004    0.000091  0.000016  ...  0.000012  7.580356e+06  1.734728e+09
2     1549.715806    0.000089  0.000021  ...  0.000012  7.534911e+06  1.734728e+09
3     1549.714985    0.000091  0.000016  ...  0.000012  7.583807e+06  1.734728e+09
4     1549.716016    0.000090  0.000021  ...  0.000012  7.534636e+06  1.734728e+09
...           ...         ...       ...  ...       ...           ...           ...
1587  1549.714722    0.000090  0.000016  ...  0.000012  7.532613e+06  1.734743e+09
1588  1549.715270    0.000089  0.000021  ...  0.000012  7.532098e+06  1.734743e+09
1589  1549.714686    0.000109  0.000022  ...  0.000012  7.364664e+06  1.734743e+09
1590  1549.715227    0.000090  0.000021  ...  0.000012  7.533107e+06  1.734743e+09
1591  1549.714818    0.000091  0.000016  ...  0.000012  7.567079e+06  1.734743e+09

[1592 rows x 13 columns]
CHANNEL_3_8
           cbragg  cbragg_err   credchi  ...  cdelta_n            cL     timestamp
0     1550.672181    0.000125  0.000026  ...  0.000012  7.371070e+06  1.734728e+09
1     1550.667954    0.000090  0.000016  ...  0.000012  7.636868e+06  1.734728e+09
2     1550.672185    0.000094  0.000016  ...  0.000012  7.703783e+06  1.734728e+09
3     1550.667984    0.000089  0.000015  ...  0.000012  7.640314e+06  1.734728e+09
4     1550.672275    0.000089  0.000014  ...  0.000012  7.663973e+06  1.734728e+09
...           ...         ...       ...  ...       ...           ...           ...
1587  1550.665235    0.000089  0.000015  ...  0.000012  7.636927e+06  1.734743e+09
1588  1550.670541    0.000090  0.000014  ...  0.000012  7.675808e+06  1.734743e+09
1589  1550.665260    0.000091  0.000016  ...  0.000012  7.641978e+06  1.734743e+09
1590  1550.670485    0.000090  0.000015  ...  0.000012  7.653304e+06  1.734743e+09
1591  1550.665293    0.000091  0.000016  ...  0.000012  7.590230e+06  1.734743e+09

[1592 rows x 13 columns]
CHANNEL_3_9
           cbragg  cbragg_err   credchi  ...  cdelta_n            cL     timestamp
0     1551.665909    0.000157  0.000039  ...  0.000012  7.309090e+06  1.734728e+09
1     1551.667150    0.000094  0.000016  ...  0.000012  7.628173e+06  1.734728e+09
2     1551.665949    0.000096  0.000015  ...  0.000012  7.641580e+06  1.734728e+09
3     1551.667157    0.000095  0.000016  ...  0.000012  7.624011e+06  1.734728e+09
4     1551.666040    0.000093  0.000014  ...  0.000012  7.653034e+06  1.734728e+09
...           ...         ...       ...  ...       ...           ...           ...
1587  1551.664997    0.000094  0.000016  ...  0.000012  7.668258e+06  1.734743e+09
1588  1551.663696    0.000096  0.000014  ...  0.000012  7.663748e+06  1.734743e+09
1589  1551.665034    0.000095  0.000016  ...  0.000012  7.675842e+06  1.734743e+09
1590  1551.663644    0.000094  0.000014  ...  0.000012  7.668925e+06  1.734743e+09
1591  1551.665111    0.000094  0.000016  ...  0.000012  7.658106e+06  1.734743e+09

[1592 rows x 13 columns]
CHANNEL_3_10
           cbragg  cbragg_err   credchi  ...  cdelta_n            cL     timestamp
0     1552.675900    0.000104  0.000019  ...  0.000012  7.747117e+06  1.734728e+09
1     1552.670827    0.000109  0.000016  ...  0.000012  7.753408e+06  1.734728e+09
2     1552.676095    0.000105  0.000019  ...  0.000012  7.725203e+06  1.734728e+09
3     1552.671050    0.000219  0.000061  ...  0.000012  7.245665e+06  1.734728e+09
4     1552.676284    0.000166  0.000044  ...  0.000012  7.305982e+06  1.734728e+09
...           ...         ...       ...  ...       ...           ...           ...
1587  1552.668277    0.000107  0.000015  ...  0.000012  7.761920e+06  1.734743e+09
1588  1552.674130    0.000105  0.000019  ...  0.000012  7.741293e+06  1.734743e+09
1589  1552.668234    0.000107  0.000015  ...  0.000012  7.763768e+06  1.734743e+09
1590  1552.674218    0.000104  0.000019  ...  0.000012  7.739618e+06  1.734743e+09
1591  1552.668307    0.000109  0.000016  ...  0.000012  7.759849e+06  1.734743e+09

[1592 rows x 13 columns]
CHANNEL_3_11
           cbragg  cbragg_err   credchi  ...  cdelta_n            cL     timestamp
0     1553.635757    0.000131  0.000025  ...  0.000012  7.952567e+06  1.734728e+09
1     1553.643661    0.000128  0.000040  ...  0.000012  7.877605e+06  1.734728e+09
2     1553.635917    0.000299  0.000114  ...  0.000012  7.168671e+06  1.734728e+09
3     1553.643636    0.000131  0.000042  ...  0.000012  7.883416e+06  1.734728e+09
4     1553.635870    0.000130  0.000025  ...  0.000012  7.950643e+06  1.734728e+09
...           ...         ...       ...  ...       ...           ...           ...
1587  1553.641037    0.000129  0.000041  ...  0.000012  7.881857e+06  1.734743e+09
1588  1553.633820    0.000129  0.000024  ...  0.000012  7.948014e+06  1.734743e+09
1589  1553.641162    0.000131  0.000042  ...  0.000012  7.873596e+06  1.734743e+09
1590  1553.633880    0.000132  0.000025  ...  0.000012  7.938347e+06  1.734743e+09
1591  1553.641242    0.000129  0.000041  ...  0.000012  7.874567e+06  1.734743e+09

[1592 rows x 13 columns]
CHANNEL_3_12
           cbragg  cbragg_err   credchi  ...  cdelta_n            cL     timestamp
0     1554.619438    0.000096  0.000019  ...  0.000012  7.792607e+06  1.734728e+09
1     1554.613171    0.000101  0.000015  ...  0.000012  7.838517e+06  1.734728e+09
2     1554.619373    0.000097  0.000019  ...  0.000012  7.790898e+06  1.734728e+09
3     1554.613038    0.000101  0.000015  ...  0.000012  7.848184e+06  1.734728e+09
4     1554.619497    0.000098  0.000019  ...  0.000012  7.803210e+06  1.734728e+09
...           ...         ...       ...  ...       ...           ...           ...
1587  1554.610637    0.000277  0.000094  ...  0.000012  7.097236e+06  1.734743e+09
1588  1554.617330    0.000097  0.000019  ...  0.000012  7.803109e+06  1.734743e+09
1589  1554.610541    0.000099  0.000014  ...  0.000012  7.806399e+06  1.734743e+09
1590  1554.617329    0.000095  0.000018  ...  0.000012  7.805598e+06  1.734743e+09
1591  1554.610652    0.000099  0.000014  ...  0.000012  7.841783e+06  1.734743e+09

[1592 rows x 13 columns]
CHANNEL_3_13
           cbragg  cbragg_err   credchi  ...  cdelta_n            cL     timestamp
0     1555.622368    0.000090  0.000012  ...  0.000012  7.580098e+06  1.734728e+09
1     1555.627339    0.000087  0.000015  ...  0.000012  7.591869e+06  1.734728e+09
2     1555.622336    0.000089  0.000011  ...  0.000012  7.563640e+06  1.734728e+09
3     1555.627394    0.000086  0.000014  ...  0.000012  7.595030e+06  1.734728e+09
4     1555.622412    0.000088  0.000011  ...  0.000012  7.582488e+06  1.734728e+09
...           ...         ...       ...  ...       ...           ...           ...
1587  1555.624853    0.000087  0.000015  ...  0.000012  7.592061e+06  1.734743e+09
1588  1555.619644    0.000090  0.000011  ...  0.000012  7.586916e+06  1.734743e+09
1589  1555.624873    0.000085  0.000014  ...  0.000012  7.588366e+06  1.734743e+09
1590  1555.619690    0.000092  0.000011  ...  0.000012  7.573290e+06  1.734743e+09
1591  1555.624989    0.000086  0.000015  ...  0.000012  7.591517e+06  1.734743e+09

[1592 rows x 13 columns]
CHANNEL_3_14
           cbragg  cbragg_err   credchi  ...  cdelta_n            cL     timestamp
0     1556.581011    0.000192  0.000066  ...  0.000012  7.717042e+06  1.734728e+09
1     1556.576058    0.000185  0.000059  ...  0.000012  7.717508e+06  1.734728e+09
2     1556.581061    0.000189  0.000064  ...  0.000012  7.717898e+06  1.734728e+09
3     1556.576089    0.000187  0.000061  ...  0.000012  7.717596e+06  1.734728e+09
4     1556.581059    0.000194  0.000068  ...  0.000012  7.715856e+06  1.734728e+09
...           ...         ...       ...  ...       ...           ...           ...
1587  1556.573167    0.000184  0.000057  ...  0.000012  7.729629e+06  1.734743e+09
1588  1556.578845    0.000188  0.000064  ...  0.000012  7.719498e+06  1.734743e+09
1589  1556.573265    0.000183  0.000056  ...  0.000012  7.732633e+06  1.734743e+09
1590  1556.578852    0.000190  0.000066  ...  0.000012  7.722042e+06  1.734743e+09
1591  1556.573323    0.000185  0.000057  ...  0.000012  7.730292e+06  1.734743e+09

[1592 rows x 13 columns]
