CHANNEL_0_1
        cbragg  cbragg_err   credchi  ...  cdelta_n            cL     timestamp
0  1544.228760    0.000101  0.000041  ...  0.000012  7.707413e+06  1.737961e+09
1  1544.230446    0.000119  0.000054  ...  0.000012  7.645874e+06  1.737961e+09

[2 rows x 13 columns]
CHANNEL_0_2
        cbragg  cbragg_err   credchi  ...  cdelta_n            cL     timestamp
0  1545.183121    0.000082  0.000018  ...  0.000012  7.671428e+06  1.737961e+09
1  1545.184004    0.000085  0.000014  ...  0.000012  7.702360e+06  1.737961e+09

[2 rows x 13 columns]
CHANNEL_0_3
        cbragg  cbragg_err   credchi  ...  cdelta_n            cL     timestamp
0  1546.169021    0.000112  0.000048  ...  0.000012  7.653371e+06  1.737961e+09
1  1546.167076    0.000159  0.000100  ...  0.000012  7.911902e+06  1.737961e+09

[2 rows x 13 columns]
CHANNEL_0_4
        cbragg  cbragg_err   credchi  ...  cdelta_n            cL     timestamp
0  1547.160844    0.000117  0.000057  ...  0.000012  7.829311e+06  1.737961e+09
1  1547.162338    0.000119  0.000048  ...  0.000012  7.852156e+06  1.737961e+09

[2 rows x 13 columns]
CHANNEL_0_5
        cbragg  cbragg_err   credchi  ...  cdelta_n            cL     timestamp
0  1548.135499    0.000092  0.000032  ...  0.000012  7.692304e+06  1.737961e+09
1  1548.138931    0.000092  0.000047  ...  0.000012  7.639079e+06  1.737961e+09

[2 rows x 13 columns]
CHANNEL_0_6
        cbragg  cbragg_err   credchi  ...  cdelta_n            cL     timestamp
0  1549.121972    0.000082  0.000045  ...  0.000012  7.463929e+06  1.737961e+09
1  1549.114201    0.000079  0.000024  ...  0.000012  7.516681e+06  1.737961e+09

[2 rows x 13 columns]
CHANNEL_0_7
        cbragg  cbragg_err   credchi  ...  cdelta_n            cL     timestamp
0  1550.117396    0.000118  0.000042  ...  0.000012  7.646577e+06  1.737961e+09
1  1550.122164    0.000117  0.000048  ...  0.000012  7.642889e+06  1.737961e+09

[2 rows x 13 columns]
CHANNEL_0_8
        cbragg  cbragg_err   credchi  ...  cdelta_n            cL     timestamp
0  1551.091023    0.000072  0.000016  ...  0.000012  7.611343e+06  1.737961e+09
1  1551.091184    0.000074  0.000019  ...  0.000012  7.587918e+06  1.737961e+09

[2 rows x 13 columns]
CHANNEL_0_9
        cbragg  cbragg_err   credchi  ...  cdelta_n            cL     timestamp
0  1552.076378    0.000089  0.000027  ...  0.000012  7.754362e+06  1.737961e+09
1  1552.071883    0.000091  0.000019  ...  0.000012  7.696569e+06  1.737961e+09

[2 rows x 13 columns]
CHANNEL_0_10
        cbragg  cbragg_err   credchi  ...  cdelta_n            cL     timestamp
0  1553.077195    0.000091  0.000018  ...  0.000012  7.659504e+06  1.737961e+09
1  1553.080628    0.000090  0.000021  ...  0.000012  7.700511e+06  1.737961e+09

[2 rows x 13 columns]
CHANNEL_0_11
        cbragg  cbragg_err   credchi  ...  cdelta_n            cL     timestamp
0  1554.091652    0.000071  0.000013  ...  0.000012  7.641976e+06  1.737961e+09
1  1554.084964    0.000078  0.000011  ...  0.000012  7.654723e+06  1.737961e+09

[2 rows x 13 columns]
CHANNEL_0_12
        cbragg  cbragg_err   credchi  ...  cdelta_n            cL     timestamp
0  1555.113023    0.000112  0.000050  ...  0.000012  7.517698e+06  1.737961e+09
1  1555.111631    0.000114  0.000042  ...  0.000012  7.530602e+06  1.737961e+09

[2 rows x 13 columns]
CHANNEL_0_13
        cbragg  cbragg_err   credchi  ...  cdelta_n            cL     timestamp
0  1556.086967    0.000143  0.000037  ...  0.000012  7.686241e+06  1.737961e+09
1  1556.087504    0.000136  0.000044  ...  0.000012  7.645287e+06  1.737961e+09

[2 rows x 13 columns]
CHANNEL_0_14
        cbragg  cbragg_err   credchi  ...  cdelta_n            cL     timestamp
0  1557.061385    0.000097  0.000042  ...  0.000012  7.608352e+06  1.737961e+09
1  1557.054426    0.000094  0.000022  ...  0.000012  7.706337e+06  1.737961e+09

[2 rows x 13 columns]
CHANNEL_1_1
        cbragg  cbragg_err   credchi  ...  cdelta_n            cL     timestamp
0  1555.126906    0.000158  0.000017  ...  0.000012  2.546568e+06  1.737961e+09
1  1555.130205    0.000260  0.000048  ...  0.000012  2.505748e+06  1.737961e+09

[2 rows x 13 columns]
CHANNEL_1_2
        cbragg  cbragg_err   credchi  ...  cdelta_n            cL     timestamp
0  1558.276653    0.000586  0.000338  ...  0.000012  2.510671e+06  1.737961e+09
1  1558.278276    0.000444  0.000363  ...  0.000012  3.085708e+06  1.737961e+09

[2 rows x 13 columns]
CHANNEL_1_3
       cbragg  cbragg_err   credchi  ...  cdelta_n            cL     timestamp
0  1561.08932    0.000086  0.000012  ...  0.000012  2.875821e+06  1.737961e+09
1  1561.08598    0.000038  0.000002  ...  0.000012  2.929613e+06  1.737961e+09

[2 rows x 13 columns]
CHANNEL_2_1
        cbragg  cbragg_err   credchi  ...  cdelta_n            cL     timestamp
0  1542.590431    0.013790  0.004000  ...  0.000012  1.071650e+06  1.737961e+09
1  1542.601755    0.015193  0.003974  ...  0.000012  1.073703e+06  1.737961e+09

[2 rows x 13 columns]
CHANNEL_2_2
        cbragg  cbragg_err   credchi  ...  cdelta_n            cL     timestamp
0  1546.012497    0.000153  0.000018  ...  0.000012  2.656108e+06  1.737961e+09
1  1546.013172    0.000157  0.000020  ...  0.000012  2.642376e+06  1.737961e+09

[2 rows x 13 columns]
CHANNEL_2_3
       cbragg  cbragg_err   credchi  ...  cdelta_n            cL     timestamp
0  1548.60301    0.000461  0.000277  ...  0.000012  3.153827e+06  1.737961e+09
1  1548.60495    0.000309  0.000093  ...  0.000012  2.737924e+06  1.737961e+09

[2 rows x 13 columns]
CHANNEL_3_1
        cbragg  cbragg_err   credchi  ...  cdelta_n            cL     timestamp
0  1543.637914    0.000180  0.000023  ...  0.000012  7.846543e+06  1.737961e+09
1  1543.625129    0.000103  0.000014  ...  0.000012  7.902059e+06  1.737961e+09

[2 rows x 13 columns]
CHANNEL_3_2
        cbragg  cbragg_err   credchi  ...  cdelta_n            cL     timestamp
0  1544.663709    0.000113  0.000028  ...  0.000012  7.869595e+06  1.737961e+09
1  1544.656533    0.000131  0.000033  ...  0.000012  7.836303e+06  1.737961e+09

[2 rows x 13 columns]
CHANNEL_3_3
        cbragg  cbragg_err   credchi  ...  cdelta_n            cL     timestamp
0  1545.662177    0.000107  0.000034  ...  0.000012  7.611565e+06  1.737961e+09
1  1545.653549    0.000111  0.000025  ...  0.000012  7.631073e+06  1.737961e+09

[2 rows x 13 columns]
CHANNEL_3_4
        cbragg  cbragg_err   credchi  ...  cdelta_n            cL     timestamp
0  1546.635765    0.000094  0.000022  ...  0.000012  7.778255e+06  1.737961e+09
1  1546.625297    0.000095  0.000020  ...  0.000012  7.775565e+06  1.737961e+09

[2 rows x 13 columns]
CHANNEL_3_5
        cbragg  cbragg_err   credchi  ...  cdelta_n            cL     timestamp
0  1547.650848    0.000080  0.000015  ...  0.000012  7.610388e+06  1.737961e+09
1  1547.648871    0.000079  0.000015  ...  0.000012  7.584829e+06  1.737961e+09

[2 rows x 13 columns]
CHANNEL_3_6
        cbragg  cbragg_err   credchi  ...  cdelta_n            cL     timestamp
0  1548.641277    0.000076  0.000019  ...  0.000012  7.815881e+06  1.737961e+09
1  1548.629448    0.000072  0.000010  ...  0.000012  7.909546e+06  1.737961e+09

[2 rows x 13 columns]
CHANNEL_3_7
        cbragg  cbragg_err   credchi  ...  cdelta_n            cL     timestamp
0  1549.655117    0.000087  0.000014  ...  0.000012  7.516312e+06  1.737961e+09
1  1549.656344    0.000085  0.000020  ...  0.000012  7.528586e+06  1.737961e+09

[2 rows x 13 columns]
CHANNEL_3_8
        cbragg  cbragg_err   credchi  ...  cdelta_n            cL     timestamp
0  1550.610701    0.000089  0.000019  ...  0.000012  7.632271e+06  1.737961e+09
1  1550.601786    0.000091  0.000011  ...  0.000012  7.708136e+06  1.737961e+09

[2 rows x 13 columns]
CHANNEL_3_9
        cbragg  cbragg_err   credchi  ...  cdelta_n            cL     timestamp
0  1551.605410    0.000231  0.000068  ...  0.000012  7.073417e+06  1.737961e+09
1  1551.602972    0.000090  0.000016  ...  0.000012  7.671183e+06  1.737961e+09

[2 rows x 13 columns]
CHANNEL_3_10
        cbragg  cbragg_err   credchi  ...  cdelta_n            cL     timestamp
0  1552.613795    0.000105  0.000019  ...  0.000012  7.750333e+06  1.737961e+09
1  1552.607451    0.000101  0.000014  ...  0.000012  7.804745e+06  1.737961e+09

[2 rows x 13 columns]
CHANNEL_3_11
        cbragg  cbragg_err   credchi  ...  cdelta_n            cL     timestamp
0  1553.583120    0.000124  0.000035  ...  0.000012  7.971492e+06  1.737961e+09
1  1553.572443    0.000125  0.000028  ...  0.000012  7.959355e+06  1.737961e+09

[2 rows x 13 columns]
CHANNEL_3_12
        cbragg  cbragg_err   credchi  ...  cdelta_n            cL     timestamp
0  1554.556378    0.000094  0.000017  ...  0.000012  7.822912e+06  1.737961e+09
1  1554.552107    0.000098  0.000015  ...  0.000012  7.849785e+06  1.737961e+09

[2 rows x 13 columns]
CHANNEL_3_13
        cbragg  cbragg_err   credchi  ...  cdelta_n            cL     timestamp
0  1555.564375    0.000087  0.000012  ...  0.000012  7.641899e+06  1.737961e+09
1  1555.558559    0.000087  0.000013  ...  0.000012  7.585729e+06  1.737961e+09

[2 rows x 13 columns]
CHANNEL_3_14
        cbragg  cbragg_err   credchi  ...  cdelta_n            cL     timestamp
0  1556.518437    0.000179  0.000071  ...  0.000012  7.731888e+06  1.737961e+09
1  1556.512215    0.000186  0.000049  ...  0.000012  7.798596e+06  1.737961e+09

[2 rows x 13 columns]
