000 (11451992.264.000) 01/28 14:31:49 Job submitted from host: <188.185.114.121:9618?addrs=188.185.114.121-9618+[2001-1458-d00-a--100-273]-9618&alias=bigbird19.cern.ch&noUDP&sock=schedd_2045_4743>
...
040 (11451992.264.000) 01/28 14:41:00 Started transferring input files
	Transferring to host: <188.185.196.61:9618?addrs=188.185.196.61-9618+[2001-1458-303-23--100-39]-9618&alias=b9p16p0681.cern.ch&noUDP&sock=slot1_16_2032854_4b22_77385>
...
040 (11451992.264.000) 01/28 14:41:00 Finished transferring input files
...
001 (11451992.264.000) 01/28 14:41:01 Job executing on host: <188.185.196.61:9618?addrs=188.185.196.61-9618+[2001-1458-303-23--100-39]-9618&alias=b9p16p0681.cern.ch&noUDP&sock=startd_6100_abcd>
	SlotName: slot1_16@b9p16p0681.cern.ch
	CondorScratchDir = "/pool/condor/dir_811527"
	Cpus = 1
	Disk = 3828
	GPUs = 0
	Memory = 3000
...
006 (11451992.264.000) 01/28 14:41:10 Image size of job updated: 81460
	80  -  MemoryUsage of job (MB)
	81460  -  ResidentSetSize of job (KB)
...
040 (11451992.264.000) 01/28 14:41:17 Started transferring output files
...
040 (11451992.264.000) 01/28 14:41:17 Finished transferring output files
...
005 (11451992.264.000) 01/28 14:41:17 Job terminated.
	(1) Normal termination (return value 0)
		Usr 0 00:00:15, Sys 0 00:00:00  -  Run Remote Usage
		Usr 0 00:00:00, Sys 0 00:00:00  -  Run Local Usage
		Usr 0 00:00:15, Sys 0 00:00:00  -  Total Remote Usage
		Usr 0 00:00:00, Sys 0 00:00:00  -  Total Local Usage
	14886  -  Run Bytes Sent By Job
	5797  -  Run Bytes Received By Job
	14886  -  Total Bytes Sent By Job
	5797  -  Total Bytes Received By Job
	Partitionable Resources :    Usage  Request Allocated 
	   Cpus                 :        0        1         1 
	   Disk (KB)            :       44       10      3828 
	   GPUs                 :                           0 
	   Memory (MB)          :       80     3000      3000 

	Job terminated of its own accord at 2025-01-28T13:41:17Z with exit-code 0.
...
