CHANNEL_0_1
        cbragg  cbragg_err   credchi  ...  cdelta_n            cL     timestamp
0  1544.609164    0.000193  0.000045  ...  0.000012  7.680355e+06  1.735966e+09
1  1544.618072    0.000114  0.000056  ...  0.000012  7.676672e+06  1.735966e+09

[2 rows x 13 columns]
CHANNEL_0_2
        cbragg  cbragg_err  credchi  ...  cdelta_n            cL     timestamp
0  1545.433012    0.000097  0.00002  ...  0.000012  7.613696e+06  1.735966e+09
1  1545.435296    0.000093  0.00002  ...  0.000012  7.619322e+06  1.735966e+09

[2 rows x 13 columns]
CHANNEL_0_3
        cbragg  cbragg_err   credchi  ...  cdelta_n            cL     timestamp
0  1546.117725    0.000112  0.000040  ...  0.000012  7.682778e+06  1.735966e+09
1  1546.126698    0.000115  0.000058  ...  0.000012  7.620757e+06  1.735966e+09

[2 rows x 13 columns]
CHANNEL_0_4
        cbragg  cbragg_err   credchi  ...  cdelta_n            cL     timestamp
0  1547.117484    0.000118  0.000048  ...  0.000012  7.843440e+06  1.735966e+09
1  1547.119304    0.000118  0.000053  ...  0.000012  7.847163e+06  1.735966e+09

[2 rows x 13 columns]
CHANNEL_0_5
        cbragg  cbragg_err   credchi  ...  cdelta_n            cL     timestamp
0  1548.091676    0.000091  0.000040  ...  0.000012  7.660498e+06  1.735966e+09
1  1548.097107    0.000093  0.000036  ...  0.000012  7.671385e+06  1.735966e+09

[2 rows x 13 columns]
CHANNEL_0_6
        cbragg  cbragg_err   credchi  ...  cdelta_n            cL     timestamp
0  1549.069882    0.000077  0.000022  ...  0.000012  7.549555e+06  1.735966e+09
1  1549.079372    0.000083  0.000043  ...  0.000012  7.478439e+06  1.735966e+09

[2 rows x 13 columns]
CHANNEL_0_7
        cbragg  cbragg_err   credchi  ...  cdelta_n            cL     timestamp
0  1550.074869    0.000121  0.000043  ...  0.000012  7.651597e+06  1.735966e+09
1  1550.077646    0.000121  0.000046  ...  0.000012  7.645236e+06  1.735966e+09

[2 rows x 13 columns]
CHANNEL_0_8
        cbragg  cbragg_err   credchi  ...  cdelta_n            cL     timestamp
0  1551.045242    0.000071  0.000014  ...  0.000012  7.647250e+06  1.735966e+09
1  1551.052982    0.000072  0.000018  ...  0.000012  7.638012e+06  1.735966e+09

[2 rows x 13 columns]
CHANNEL_0_9
        cbragg  cbragg_err   credchi  ...  cdelta_n            cL     timestamp
0  1552.026787    0.000089  0.000015  ...  0.000012  7.758824e+06  1.735966e+09
1  1552.036708    0.000087  0.000027  ...  0.000012  7.695422e+06  1.735966e+09

[2 rows x 13 columns]
CHANNEL_0_10
        cbragg  cbragg_err   credchi  ...  cdelta_n            cL     timestamp
0  1553.036316    0.000095  0.000021  ...  0.000012  7.659944e+06  1.735966e+09
1  1553.037672    0.000101  0.000020  ...  0.000012  7.714740e+06  1.735966e+09

[2 rows x 13 columns]
CHANNEL_0_11
        cbragg  cbragg_err   credchi  ...  cdelta_n            cL     timestamp
0  1554.041366    0.000073  0.000008  ...  0.000012  7.691668e+06  1.735966e+09
1  1554.051203    0.000072  0.000014  ...  0.000012  7.644056e+06  1.735966e+09

[2 rows x 13 columns]
CHANNEL_0_12
        cbragg  cbragg_err   credchi  ...  cdelta_n            cL     timestamp
0  1555.069392    0.000113  0.000043  ...  0.000012  7.538993e+06  1.735966e+09
1  1555.071958    0.000115  0.000044  ...  0.000012  7.539996e+06  1.735966e+09

[2 rows x 13 columns]
CHANNEL_0_13
        cbragg  cbragg_err   credchi  ...  cdelta_n            cL     timestamp
0  1556.041504    0.000140  0.000035  ...  0.000012  7.708438e+06  1.735966e+09
1  1556.050297    0.000134  0.000043  ...  0.000012  7.698202e+06  1.735966e+09

[2 rows x 13 columns]
CHANNEL_0_14
        cbragg  cbragg_err   credchi  ...  cdelta_n            cL     timestamp
0  1557.014480    0.000095  0.000025  ...  0.000012  7.675088e+06  1.735966e+09
1  1557.019047    0.000111  0.000046  ...  0.000012  7.798237e+06  1.735966e+09

[2 rows x 13 columns]
CHANNEL_1_1
        cbragg  cbragg_err   credchi  ...  cdelta_n            cL     timestamp
0  1556.158549    0.000072  0.000005  ...  0.000012  2.667467e+06  1.735966e+09
1  1556.157391    0.000972  0.001639  ...  0.000012  3.378457e+06  1.735966e+09

[2 rows x 13 columns]
CHANNEL_1_2
        cbragg  cbragg_err   credchi  ...  cdelta_n            cL     timestamp
0  1558.204008    0.000128  0.000023  ...  0.000012  2.837074e+06  1.735966e+09
1  1558.206570    0.000122  0.000021  ...  0.000012  2.778978e+06  1.735966e+09

[2 rows x 13 columns]
CHANNEL_1_3
        cbragg  cbragg_err   credchi  ...  cdelta_n            cL     timestamp
0  1561.016810    0.000057  0.000005  ...  0.000012  2.907247e+06  1.735966e+09
1  1561.013476    0.000048  0.000004  ...  0.000012  2.931665e+06  1.735966e+09

[2 rows x 13 columns]
CHANNEL_2_1
        cbragg  cbragg_err   credchi  ...  cdelta_n            cL     timestamp
0  1543.578633    0.000226  0.000006  ...  0.000012  2.767374e+06  1.735966e+09
1  1543.578108    0.000076  0.000006  ...  0.000012  2.768721e+06  1.735966e+09

[2 rows x 13 columns]
CHANNEL_2_2
        cbragg  cbragg_err   credchi  ...  cdelta_n            cL     timestamp
0  1545.928189    0.000662  0.000524  ...  0.000012  3.119686e+06  1.735966e+09
1  1545.929358    0.000674  0.000569  ...  0.000012  3.151667e+06  1.735966e+09

[2 rows x 13 columns]
CHANNEL_2_3
        cbragg  cbragg_err  credchi  ...  cdelta_n            cL     timestamp
0  1548.523719    0.000173  0.00003  ...  0.000012  2.827714e+06  1.735966e+09
1  1548.525384    0.000099  0.00001  ...  0.000012  2.877011e+06  1.735966e+09

[2 rows x 13 columns]
CHANNEL_3_1
        cbragg  cbragg_err   credchi  ...  cdelta_n            cL     timestamp
0  1544.124916    0.000238  0.000026  ...  0.000012  7.771704e+06  1.735966e+09
1  1544.123596    0.000123  0.000020  ...  0.000012  7.815793e+06  1.735966e+09

[2 rows x 13 columns]
CHANNEL_3_2
        cbragg  cbragg_err   credchi  ...  cdelta_n            cL     timestamp
0  1545.010173    0.000116  0.000022  ...  0.000012  7.925680e+06  1.735966e+09
1  1545.021278    0.000208  0.000039  ...  0.000012  7.826177e+06  1.735966e+09

[2 rows x 13 columns]
CHANNEL_3_3
        cbragg  cbragg_err   credchi  ...  cdelta_n            cL     timestamp
0  1545.708029    0.000113  0.000034  ...  0.000012  7.570323e+06  1.735966e+09
1  1545.711115    0.000117  0.000028  ...  0.000012  7.610057e+06  1.735966e+09

[2 rows x 13 columns]
CHANNEL_3_4
        cbragg  cbragg_err   credchi  ...  cdelta_n            cL     timestamp
0  1546.680008    0.000099  0.000018  ...  0.000012  7.787716e+06  1.735966e+09
1  1546.687873    0.000100  0.000027  ...  0.000012  7.730557e+06  1.735966e+09

[2 rows x 13 columns]
CHANNEL_3_5
        cbragg  cbragg_err   credchi  ...  cdelta_n            cL     timestamp
0  1547.699963    0.000075  0.000013  ...  0.000012  7.607821e+06  1.735966e+09
1  1547.707570    0.000078  0.000013  ...  0.000012  7.627706e+06  1.735966e+09

[2 rows x 13 columns]
CHANNEL_3_6
        cbragg  cbragg_err   credchi  ...  cdelta_n            cL     timestamp
0  1548.688702    0.000084  0.000016  ...  0.000012  7.717584e+06  1.735966e+09
1  1548.691869    0.000081  0.000016  ...  0.000012  7.777985e+06  1.735966e+09

[2 rows x 13 columns]
CHANNEL_3_7
        cbragg  cbragg_err   credchi  ...  cdelta_n            cL     timestamp
0  1549.703799    0.000086  0.000014  ...  0.000012  7.612909e+06  1.735966e+09
1  1549.714868    0.000087  0.000020  ...  0.000012  7.598073e+06  1.735966e+09

[2 rows x 13 columns]
CHANNEL_3_8
        cbragg  cbragg_err   credchi  ...  cdelta_n            cL     timestamp
0  1550.661878    0.000107  0.000023  ...  0.000012  7.414348e+06  1.735966e+09
1  1550.660009    0.000096  0.000015  ...  0.000012  7.631859e+06  1.735966e+09

[2 rows x 13 columns]
CHANNEL_3_9
        cbragg  cbragg_err   credchi  ...  cdelta_n            cL     timestamp
0  1551.651881    0.000090  0.000010  ...  0.000012  7.760256e+06  1.735966e+09
1  1551.662025    0.000089  0.000017  ...  0.000012  7.701282e+06  1.735966e+09

[2 rows x 13 columns]
CHANNEL_3_10
        cbragg  cbragg_err   credchi  ...  cdelta_n            cL     timestamp
0  1552.665856    0.000103  0.000021  ...  0.000012  7.717957e+06  1.735966e+09
1  1552.662986    0.000112  0.000013  ...  0.000012  7.761819e+06  1.735966e+09

[2 rows x 13 columns]
CHANNEL_3_11
        cbragg  cbragg_err   credchi  ...  cdelta_n            cL     timestamp
0  1553.628959    0.000131  0.000026  ...  0.000012  7.919279e+06  1.735966e+09
1  1553.633567    0.000130  0.000038  ...  0.000012  7.853116e+06  1.735966e+09

[2 rows x 13 columns]
CHANNEL_3_12
        cbragg  cbragg_err   credchi  ...  cdelta_n            cL     timestamp
0  1554.607746    0.000096  0.000019  ...  0.000012  7.771616e+06  1.735966e+09
1  1554.607530    0.000105  0.000015  ...  0.000012  7.822302e+06  1.735966e+09

[2 rows x 13 columns]
CHANNEL_3_13
        cbragg  cbragg_err   credchi  ...  cdelta_n            cL     timestamp
0  1555.610077    0.000085  0.000009  ...  0.000012  7.666384e+06  1.735966e+09
1  1555.618748    0.000088  0.000016  ...  0.000012  7.576273e+06  1.735966e+09

[2 rows x 13 columns]
CHANNEL_3_14
        cbragg  cbragg_err   credchi  ...  cdelta_n            cL     timestamp
0  1556.570502    0.000187  0.000075  ...  0.000012  7.653532e+06  1.735966e+09
1  1556.568084    0.000186  0.000047  ...  0.000012  7.752849e+06  1.735966e+09

[2 rows x 13 columns]
