CHANNEL_0_1
        cbragg  cbragg_err   credchi  ...  cdelta_n            cL     timestamp
0  1545.002509    0.000121  0.000534  ...  0.000012  7.969803e+06  1.733833e+09
1  1544.987391    0.000088  0.000177  ...  0.000012  7.845400e+06  1.733833e+09

[2 rows x 13 columns]
CHANNEL_0_2
        cbragg  cbragg_err   credchi  ...  cdelta_n            cL     timestamp
0  1545.925074    0.000077  0.000088  ...  0.000012  7.729009e+06  1.733833e+09
1  1545.915422    0.000072  0.000067  ...  0.000012  7.718682e+06  1.733833e+09

[2 rows x 13 columns]
CHANNEL_0_3
        cbragg  cbragg_err   credchi  ...  cdelta_n            cL     timestamp
0  1546.870837    0.000116  0.000366  ...  0.000012  7.807759e+06  1.733833e+09
1  1546.856647    0.000111  0.000231  ...  0.000012  7.880504e+06  1.733833e+09

[2 rows x 13 columns]
CHANNEL_0_4
        cbragg  cbragg_err   credchi  ...  cdelta_n            cL     timestamp
0  1547.834280    0.000117  0.000389  ...  0.000012  8.138548e+06  1.733833e+09
1  1547.822569    0.000100  0.000185  ...  0.000012  7.936386e+06  1.733833e+09

[2 rows x 13 columns]
CHANNEL_0_5
        cbragg  cbragg_err   credchi  ...  cdelta_n            cL     timestamp
0  1548.771884    0.000094  0.000251  ...  0.000012  7.886383e+06  1.733833e+09
1  1548.763000    0.000083  0.000179  ...  0.000012  7.722111e+06  1.733833e+09

[2 rows x 13 columns]
CHANNEL_0_6
        cbragg  cbragg_err   credchi  ...  cdelta_n            cL     timestamp
0  1549.733995    0.000164  0.000948  ...  0.000012  7.842348e+06  1.733833e+09
1  1549.720345    0.000126  0.000402  ...  0.000012  7.635583e+06  1.733833e+09

[2 rows x 13 columns]
CHANNEL_0_7
        cbragg  cbragg_err   credchi  ...  cdelta_n            cL     timestamp
0  1550.700537    0.000112  0.000309  ...  0.000012  7.715053e+06  1.733833e+09
1  1550.688723    0.000112  0.000178  ...  0.000012  7.736990e+06  1.733833e+09

[2 rows x 13 columns]
CHANNEL_0_8
        cbragg  cbragg_err   credchi  ...  cdelta_n            cL     timestamp
0  1551.589956    0.000066  0.000096  ...  0.000012  7.654466e+06  1.733833e+09
1  1551.578178    0.000061  0.000061  ...  0.000012  7.689677e+06  1.733833e+09

[2 rows x 13 columns]
CHANNEL_0_9
        cbragg  cbragg_err   credchi  ...  cdelta_n            cL     timestamp
0  1552.173380    0.000273  0.001127  ...  0.000012  7.982430e+06  1.733833e+09
1  1552.162846    0.000211  0.000713  ...  0.000012  8.274754e+06  1.733833e+09

[2 rows x 13 columns]
CHANNEL_0_10
        cbragg  cbragg_err   credchi  ...  cdelta_n            cL     timestamp
0  1553.070219    0.000078  0.000106  ...  0.000012  7.867741e+06  1.733833e+09
1  1553.057601    0.000072  0.000050  ...  0.000012  7.818338e+06  1.733833e+09

[2 rows x 13 columns]
CHANNEL_0_11
        cbragg  cbragg_err   credchi  ...  cdelta_n            cL     timestamp
0  1554.080111    0.000062  0.000052  ...  0.000012  7.706277e+06  1.733833e+09
1  1554.069980    0.000061  0.000041  ...  0.000012  7.684058e+06  1.733833e+09

[2 rows x 13 columns]
CHANNEL_0_12
        cbragg  cbragg_err   credchi  ...  cdelta_n            cL     timestamp
0  1555.105328    0.000116  0.000364  ...  0.000012  7.649743e+06  1.733833e+09
1  1555.090731    0.000107  0.000169  ...  0.000012  7.616891e+06  1.733833e+09

[2 rows x 13 columns]
CHANNEL_0_13
        cbragg  cbragg_err   credchi  ...  cdelta_n            cL     timestamp
0  1556.078236    0.000130  0.000190  ...  0.000012  7.695625e+06  1.733833e+09
1  1556.071986    0.000211  0.000576  ...  0.000012  8.178869e+06  1.733833e+09

[2 rows x 13 columns]
CHANNEL_0_14
        cbragg  cbragg_err   credchi  ...  cdelta_n            cL     timestamp
0  1557.051232    0.000091  0.000170  ...  0.000012  7.708021e+06  1.733833e+09
1  1557.039616    0.000090  0.000143  ...  0.000012  7.716478e+06  1.733833e+09

[2 rows x 13 columns]
CHANNEL_1_1
        cbragg  cbragg_err   credchi  ...  cdelta_n            cL     timestamp
0  1557.043148    0.000095  0.000049  ...  0.000012  2.680056e+06  1.733833e+09
1  1557.039715    0.000101  0.000058  ...  0.000012  2.674638e+06  1.733833e+09

[2 rows x 13 columns]
CHANNEL_1_2
        cbragg  cbragg_err   credchi  ...  cdelta_n            cL     timestamp
0  1559.775606    0.000267  0.000733  ...  0.000012  2.972798e+06  1.733833e+09
1  1559.778081    0.000699  0.006699  ...  0.000012  3.267400e+06  1.733833e+09

[2 rows x 13 columns]
CHANNEL_1_3
        cbragg  cbragg_err   credchi  ...  cdelta_n            cL     timestamp
0  1561.115094    0.000113  0.000111  ...  0.000012  2.859868e+06  1.733833e+09
1  1561.110638    0.000036  0.000012  ...  0.000012  2.927646e+06  1.733833e+09

[2 rows x 13 columns]
CHANNEL_2_1
        cbragg  cbragg_err   credchi  ...  cdelta_n            cL     timestamp
0  1544.467503    0.000065  0.000005  ...  0.000012  2.775897e+06  1.733833e+09
1  1544.463611    0.000065  0.000005  ...  0.000012  2.778288e+06  1.733833e+09

[2 rows x 13 columns]
CHANNEL_2_2
        cbragg  cbragg_err   credchi  ...  cdelta_n            cL     timestamp
0  1547.475538    0.000142  0.000018  ...  0.000012  2.719442e+06  1.733833e+09
1  1547.478267    0.000122  0.000015  ...  0.000012  2.697293e+06  1.733833e+09

[2 rows x 13 columns]
CHANNEL_2_3
        cbragg  cbragg_err   credchi  ...  cdelta_n            cL     timestamp
0  1548.621919    0.000093  0.000009  ...  0.000012  2.900536e+06  1.733833e+09
1  1548.620457    0.000091  0.000010  ...  0.000012  2.896472e+06  1.733833e+09

[2 rows x 13 columns]
CHANNEL_3_1
        cbragg  cbragg_err   credchi  ...  cdelta_n            cL     timestamp
0  1544.609267    0.000374  0.000027  ...  0.000012  7.786193e+06  1.733833e+09
1  1544.611765    0.000109  0.000024  ...  0.000012  7.790373e+06  1.733833e+09

[2 rows x 13 columns]
CHANNEL_3_2
        cbragg  cbragg_err   credchi  ...  cdelta_n            cL     timestamp
0  1545.607175    0.000113  0.000037  ...  0.000012  7.812165e+06  1.733833e+09
1  1545.602598    0.000131  0.000049  ...  0.000012  7.629576e+06  1.733833e+09

[2 rows x 13 columns]
CHANNEL_3_3
        cbragg  cbragg_err   credchi  ...  cdelta_n            cL     timestamp
0  1546.558159    0.000109  0.000036  ...  0.000012  7.570050e+06  1.733833e+09
1  1546.561086    0.000109  0.000033  ...  0.000012  7.574761e+06  1.733833e+09

[2 rows x 13 columns]
CHANNEL_3_4
        cbragg  cbragg_err   credchi  ...  cdelta_n            cL     timestamp
0  1547.504485    0.000098  0.000024  ...  0.000012  7.681280e+06  1.733833e+09
1  1547.502368    0.000096  0.000027  ...  0.000012  7.709232e+06  1.733833e+09

[2 rows x 13 columns]
CHANNEL_3_5
        cbragg  cbragg_err   credchi  ...  cdelta_n            cL     timestamp
0  1548.481433    0.000098  0.000030  ...  0.000012  7.730311e+06  1.733833e+09
1  1548.484635    0.000079  0.000016  ...  0.000012  7.604617e+06  1.733833e+09

[2 rows x 13 columns]
CHANNEL_3_6
        cbragg  cbragg_err   credchi  ...  cdelta_n            cL     timestamp
0  1549.447957    0.000081  0.000019  ...  0.000012  7.775956e+06  1.733833e+09
1  1549.445999    0.000079  0.000018  ...  0.000012  7.757462e+06  1.733833e+09

[2 rows x 13 columns]
CHANNEL_3_7
        cbragg  cbragg_err   credchi  ...  cdelta_n            cL     timestamp
0  1550.432149    0.000095  0.000027  ...  0.000012  7.530007e+06  1.733833e+09
1  1550.433812    0.000099  0.000024  ...  0.000012  7.630122e+06  1.733833e+09

[2 rows x 13 columns]
CHANNEL_3_8
        cbragg  cbragg_err   credchi  ...  cdelta_n            cL     timestamp
0  1551.301934    0.000094  0.000018  ...  0.000012  7.610057e+06  1.733833e+09
1  1551.297257    0.000093  0.000020  ...  0.000012  7.603946e+06  1.733833e+09

[2 rows x 13 columns]
CHANNEL_3_9
        cbragg  cbragg_err   credchi  ...  cdelta_n            cL     timestamp
0  1551.903828    0.000090  0.000018  ...  0.000012  7.690097e+06  1.733833e+09
1  1551.902355    0.000092  0.000016  ...  0.000012  7.716681e+06  1.733833e+09

[2 rows x 13 columns]
CHANNEL_3_10
        cbragg  cbragg_err   credchi  ...  cdelta_n            cL     timestamp
0  1552.795338    0.000107  0.000021  ...  0.000012  7.725046e+06  1.733833e+09
1  1552.790685    0.000108  0.000018  ...  0.000012  7.720311e+06  1.733833e+09

[2 rows x 13 columns]
CHANNEL_3_11
        cbragg  cbragg_err   credchi  ...  cdelta_n            cL     timestamp
0  1553.756372    0.000125  0.000029  ...  0.000012  7.965557e+06  1.733833e+09
1  1553.763123    0.000125  0.000041  ...  0.000012  7.908926e+06  1.733833e+09

[2 rows x 13 columns]
CHANNEL_3_12
        cbragg  cbragg_err   credchi  ...  cdelta_n            cL     timestamp
0  1554.739238    0.000099  0.000022  ...  0.000012  7.720405e+06  1.733833e+09
1  1554.732160    0.000099  0.000017  ...  0.000012  7.797381e+06  1.733833e+09

[2 rows x 13 columns]
CHANNEL_3_13
        cbragg  cbragg_err   credchi  ...  cdelta_n            cL     timestamp
0  1555.745116    0.000088  0.000014  ...  0.000012  7.571831e+06  1.733833e+09
1  1555.747615    0.000087  0.000015  ...  0.000012  7.575231e+06  1.733833e+09

[2 rows x 13 columns]
CHANNEL_3_14
        cbragg  cbragg_err   credchi  ...  cdelta_n            cL     timestamp
0  1556.701624    0.000201  0.000081  ...  0.000012  7.715094e+06  1.733833e+09
1  1556.696434    0.000194  0.000078  ...  0.000012  7.708671e+06  1.733833e+09

[2 rows x 13 columns]
