000 (11451992.561.000) 01/28 14:31:49 Job submitted from host: <188.185.114.121:9618?addrs=188.185.114.121-9618+[2001-1458-d00-a--100-273]-9618&alias=bigbird19.cern.ch&noUDP&sock=schedd_2045_4743>
...
040 (11451992.561.000) 01/28 16:54:04 Started transferring input files
	Transferring to host: <128.142.248.104:9618?addrs=128.142.248.104-9618+[2001-1458-301-73--100-158]-9618&alias=b9g23p5105.cern.ch&noUDP&sock=slot1_29_1130791_4e38_65658>
...
040 (11451992.561.000) 01/28 16:54:04 Finished transferring input files
...
001 (11451992.561.000) 01/28 16:54:05 Job executing on host: <128.142.248.104:9618?addrs=128.142.248.104-9618+[2001-1458-301-73--100-158]-9618&alias=b9g23p5105.cern.ch&noUDP&sock=startd_6728_6d47>
	SlotName: slot1_29@b9g23p5105.cern.ch
	CondorScratchDir = "/pool/condor/dir_3371558"
	Cpus = 1
	Disk = 3803
	GPUs = 0
	Memory = 3000
...
006 (11451992.561.000) 01/28 16:54:14 Image size of job updated: 136372
	134  -  MemoryUsage of job (MB)
	136372  -  ResidentSetSize of job (KB)
...
040 (11451992.561.000) 01/28 16:54:28 Started transferring output files
...
040 (11451992.561.000) 01/28 16:54:28 Finished transferring output files
...
005 (11451992.561.000) 01/28 16:54:28 Job terminated.
	(1) Normal termination (return value 0)
		Usr 0 00:00:12, Sys 0 00:00:01  -  Run Remote Usage
		Usr 0 00:00:00, Sys 0 00:00:00  -  Run Local Usage
		Usr 0 00:00:12, Sys 0 00:00:01  -  Total Remote Usage
		Usr 0 00:00:00, Sys 0 00:00:00  -  Total Local Usage
	14883  -  Run Bytes Sent By Job
	5797  -  Run Bytes Received By Job
	14883  -  Total Bytes Sent By Job
	5797  -  Total Bytes Received By Job
	Partitionable Resources :    Usage  Request Allocated 
	   Cpus                 :        0        1         1 
	   Disk (KB)            :       43       10      3803 
	   GPUs                 :                           0 
	   Memory (MB)          :      134     3000      3000 

	Job terminated of its own accord at 2025-01-28T15:54:28Z with exit-code 0.
...
