000 (11451992.477.000) 01/28 14:31:49 Job submitted from host: <188.185.114.121:9618?addrs=188.185.114.121-9618+[2001-1458-d00-a--100-273]-9618&alias=bigbird19.cern.ch&noUDP&sock=schedd_2045_4743>
...
040 (11451992.477.000) 01/28 16:27:40 Started transferring input files
	Transferring to host: <188.185.194.139:9618?addrs=188.185.194.139-9618+[2001-1458-303-21--100-87]-9618&alias=b9p20p2517.cern.ch&noUDP&sock=slot1_10_2908441_8b58_61036>
...
040 (11451992.477.000) 01/28 16:27:40 Finished transferring input files
...
001 (11451992.477.000) 01/28 16:27:41 Job executing on host: <188.185.194.139:9618?addrs=188.185.194.139-9618+[2001-1458-303-21--100-87]-9618&alias=b9p20p2517.cern.ch&noUDP&sock=startd_8941_5c5d>
	SlotName: slot1_10@b9p20p2517.cern.ch
	CondorScratchDir = "/pool/condor/dir_2759698"
	Cpus = 1
	Disk = 3826
	GPUs = 0
	Memory = 3000
...
006 (11451992.477.000) 01/28 16:27:50 Image size of job updated: 87916
	86  -  MemoryUsage of job (MB)
	87916  -  ResidentSetSize of job (KB)
...
006 (11451992.477.000) 01/28 16:32:51 Image size of job updated: 97416
	96  -  MemoryUsage of job (MB)
	97416  -  ResidentSetSize of job (KB)
...
006 (11451992.477.000) 01/28 16:37:52 Image size of job updated: 100944
	99  -  MemoryUsage of job (MB)
	100944  -  ResidentSetSize of job (KB)
...
006 (11451992.477.000) 01/28 16:42:52 Image size of job updated: 103916
	102  -  MemoryUsage of job (MB)
	103916  -  ResidentSetSize of job (KB)
...
006 (11451992.477.000) 01/28 16:47:52 Image size of job updated: 107332
	105  -  MemoryUsage of job (MB)
	107332  -  ResidentSetSize of job (KB)
...
006 (11451992.477.000) 01/28 16:52:53 Image size of job updated: 110828
	109  -  MemoryUsage of job (MB)
	110828  -  ResidentSetSize of job (KB)
...
006 (11451992.477.000) 01/28 16:57:53 Image size of job updated: 113912
	112  -  MemoryUsage of job (MB)
	113912  -  ResidentSetSize of job (KB)
...
006 (11451992.477.000) 01/28 17:02:53 Image size of job updated: 117896
	116  -  MemoryUsage of job (MB)
	117896  -  ResidentSetSize of job (KB)
...
006 (11451992.477.000) 01/28 17:07:54 Image size of job updated: 121052
	119  -  MemoryUsage of job (MB)
	121052  -  ResidentSetSize of job (KB)
...
006 (11451992.477.000) 01/28 17:12:55 Image size of job updated: 124304
	122  -  MemoryUsage of job (MB)
	124304  -  ResidentSetSize of job (KB)
...
006 (11451992.477.000) 01/28 17:17:55 Image size of job updated: 128404
	126  -  MemoryUsage of job (MB)
	128404  -  ResidentSetSize of job (KB)
...
006 (11451992.477.000) 01/28 17:22:56 Image size of job updated: 131244
	129  -  MemoryUsage of job (MB)
	131244  -  ResidentSetSize of job (KB)
...
006 (11451992.477.000) 01/28 17:27:57 Image size of job updated: 139844
	137  -  MemoryUsage of job (MB)
	139844  -  ResidentSetSize of job (KB)
...
006 (11451992.477.000) 01/28 17:32:57 Image size of job updated: 150508
	147  -  MemoryUsage of job (MB)
	150508  -  ResidentSetSize of job (KB)
...
006 (11451992.477.000) 01/28 17:37:57 Image size of job updated: 152940
	150  -  MemoryUsage of job (MB)
	152940  -  ResidentSetSize of job (KB)
...
006 (11451992.477.000) 01/28 17:42:58 Image size of job updated: 154788
	152  -  MemoryUsage of job (MB)
	154788  -  ResidentSetSize of job (KB)
...
006 (11451992.477.000) 01/28 17:47:58 Image size of job updated: 156428
	153  -  MemoryUsage of job (MB)
	156428  -  ResidentSetSize of job (KB)
...
006 (11451992.477.000) 01/28 17:52:58 Image size of job updated: 157076
	154  -  MemoryUsage of job (MB)
	157076  -  ResidentSetSize of job (KB)
...
006 (11451992.477.000) 01/28 18:18:02 Image size of job updated: 157232
	154  -  MemoryUsage of job (MB)
	157232  -  ResidentSetSize of job (KB)
...
006 (11451992.477.000) 01/28 18:23:02 Image size of job updated: 158312
	155  -  MemoryUsage of job (MB)
	158312  -  ResidentSetSize of job (KB)
...
006 (11451992.477.000) 01/28 18:28:03 Image size of job updated: 159000
	156  -  MemoryUsage of job (MB)
	159000  -  ResidentSetSize of job (KB)
...
006 (11451992.477.000) 01/28 18:33:04 Image size of job updated: 160304
	157  -  MemoryUsage of job (MB)
	160304  -  ResidentSetSize of job (KB)
...
006 (11451992.477.000) 01/28 18:38:04 Image size of job updated: 161264
	158  -  MemoryUsage of job (MB)
	161264  -  ResidentSetSize of job (KB)
...
006 (11451992.477.000) 01/28 18:43:04 Image size of job updated: 162436
	159  -  MemoryUsage of job (MB)
	162436  -  ResidentSetSize of job (KB)
...
006 (11451992.477.000) 01/28 18:48:05 Image size of job updated: 163824
	160  -  MemoryUsage of job (MB)
	163824  -  ResidentSetSize of job (KB)
...
006 (11451992.477.000) 01/28 18:53:05 Image size of job updated: 166340
	163  -  MemoryUsage of job (MB)
	166340  -  ResidentSetSize of job (KB)
...
006 (11451992.477.000) 01/28 18:58:05 Image size of job updated: 169672
	166  -  MemoryUsage of job (MB)
	169672  -  ResidentSetSize of job (KB)
...
006 (11451992.477.000) 01/28 19:03:06 Image size of job updated: 172500
	169  -  MemoryUsage of job (MB)
	172500  -  ResidentSetSize of job (KB)
...
006 (11451992.477.000) 01/28 19:08:07 Image size of job updated: 175344
	172  -  MemoryUsage of job (MB)
	175344  -  ResidentSetSize of job (KB)
...
006 (11451992.477.000) 01/28 19:13:07 Image size of job updated: 178448
	175  -  MemoryUsage of job (MB)
	178448  -  ResidentSetSize of job (KB)
...
006 (11451992.477.000) 01/28 19:18:08 Image size of job updated: 181048
	177  -  MemoryUsage of job (MB)
	181048  -  ResidentSetSize of job (KB)
...
006 (11451992.477.000) 01/28 19:23:09 Image size of job updated: 183696
	180  -  MemoryUsage of job (MB)
	183696  -  ResidentSetSize of job (KB)
...
006 (11451992.477.000) 01/28 19:28:09 Image size of job updated: 185720
	182  -  MemoryUsage of job (MB)
	185720  -  ResidentSetSize of job (KB)
...
006 (11451992.477.000) 01/28 19:33:09 Image size of job updated: 188044
	184  -  MemoryUsage of job (MB)
	188044  -  ResidentSetSize of job (KB)
...
006 (11451992.477.000) 01/28 19:38:10 Image size of job updated: 190388
	186  -  MemoryUsage of job (MB)
	190388  -  ResidentSetSize of job (KB)
...
006 (11451992.477.000) 01/28 19:43:10 Image size of job updated: 193488
	189  -  MemoryUsage of job (MB)
	193488  -  ResidentSetSize of job (KB)
...
040 (11451992.477.000) 01/28 19:47:05 Started transferring output files
...
040 (11451992.477.000) 01/28 19:47:05 Finished transferring output files
...
005 (11451992.477.000) 01/28 19:47:05 Job terminated.
	(1) Normal termination (return value 0)
		Usr 0 03:13:26, Sys 0 00:01:08  -  Run Remote Usage
		Usr 0 00:00:00, Sys 0 00:00:00  -  Run Local Usage
		Usr 0 03:13:26, Sys 0 00:01:08  -  Total Remote Usage
		Usr 0 00:00:00, Sys 0 00:00:00  -  Total Local Usage
	40692  -  Run Bytes Sent By Job
	5797  -  Run Bytes Received By Job
	40692  -  Total Bytes Sent By Job
	5797  -  Total Bytes Received By Job
	Partitionable Resources :    Usage  Request Allocated 
	   Cpus                 :     0.97        1         1 
	   Disk (KB)            :    68          10      3826 
	   GPUs                 :                           0 
	   Memory (MB)          :   189        3000      3000 

	Job terminated of its own accord at 2025-01-28T18:47:05Z with exit-code 0.
...
