000 (11451992.037.000) 01/28 14:31:48 Job submitted from host: <188.185.114.121:9618?addrs=188.185.114.121-9618+[2001-1458-d00-a--100-273]-9618&alias=bigbird19.cern.ch&noUDP&sock=schedd_2045_4743>
...
040 (11451992.037.000) 01/28 14:36:06 Started transferring input files
	Transferring to host: <128.142.161.78:9618?addrs=128.142.161.78-9618+[2001-1458-301-b8--100-c]-9618&alias=b9g03p1171.cern.ch&noUDP&sock=slot1_27_4052222_bae7_14802>
...
040 (11451992.037.000) 01/28 14:36:06 Finished transferring input files
...
001 (11451992.037.000) 01/28 14:36:07 Job executing on host: <128.142.161.78:9618?addrs=128.142.161.78-9618+[2001-1458-301-b8--100-c]-9618&alias=b9g03p1171.cern.ch&noUDP&sock=startd_3182_2a72>
	SlotName: slot1_27@b9g03p1171.cern.ch
	CondorScratchDir = "/pool/condor/dir_2912208"
	Cpus = 1
	Disk = 4040
	GPUs = 0
	Memory = 3000
...
006 (11451992.037.000) 01/28 14:36:15 Image size of job updated: 21116
	21  -  MemoryUsage of job (MB)
	21116  -  ResidentSetSize of job (KB)
...
006 (11451992.037.000) 01/28 14:41:15 Image size of job updated: 156444
	153  -  MemoryUsage of job (MB)
	156444  -  ResidentSetSize of job (KB)
...
006 (11451992.037.000) 01/28 14:46:17 Image size of job updated: 160156
	157  -  MemoryUsage of job (MB)
	160156  -  ResidentSetSize of job (KB)
...
006 (11451992.037.000) 01/28 14:51:17 Image size of job updated: 163500
	160  -  MemoryUsage of job (MB)
	163500  -  ResidentSetSize of job (KB)
...
006 (11451992.037.000) 01/28 14:56:17 Image size of job updated: 166380
	163  -  MemoryUsage of job (MB)
	166380  -  ResidentSetSize of job (KB)
...
006 (11451992.037.000) 01/28 15:01:18 Image size of job updated: 169636
	166  -  MemoryUsage of job (MB)
	169636  -  ResidentSetSize of job (KB)
...
006 (11451992.037.000) 01/28 15:06:19 Image size of job updated: 172716
	169  -  MemoryUsage of job (MB)
	172716  -  ResidentSetSize of job (KB)
...
006 (11451992.037.000) 01/28 15:11:19 Image size of job updated: 176224
	173  -  MemoryUsage of job (MB)
	176224  -  ResidentSetSize of job (KB)
...
006 (11451992.037.000) 01/28 15:16:20 Image size of job updated: 180624
	177  -  MemoryUsage of job (MB)
	180624  -  ResidentSetSize of job (KB)
...
006 (11451992.037.000) 01/28 15:21:21 Image size of job updated: 183824
	180  -  MemoryUsage of job (MB)
	183824  -  ResidentSetSize of job (KB)
...
006 (11451992.037.000) 01/28 15:26:21 Image size of job updated: 187240
	183  -  MemoryUsage of job (MB)
	187240  -  ResidentSetSize of job (KB)
...
006 (11451992.037.000) 01/28 15:31:21 Image size of job updated: 190128
	186  -  MemoryUsage of job (MB)
	190128  -  ResidentSetSize of job (KB)
...
006 (11451992.037.000) 01/28 15:36:22 Image size of job updated: 194040
	190  -  MemoryUsage of job (MB)
	194040  -  ResidentSetSize of job (KB)
...
006 (11451992.037.000) 01/28 15:41:22 Image size of job updated: 196984
	193  -  MemoryUsage of job (MB)
	196984  -  ResidentSetSize of job (KB)
...
006 (11451992.037.000) 01/28 15:46:22 Image size of job updated: 208116
	204  -  MemoryUsage of job (MB)
	208116  -  ResidentSetSize of job (KB)
...
006 (11451992.037.000) 01/28 15:51:23 Image size of job updated: 218216
	214  -  MemoryUsage of job (MB)
	218216  -  ResidentSetSize of job (KB)
...
006 (11451992.037.000) 01/28 15:56:24 Image size of job updated: 223120
	218  -  MemoryUsage of job (MB)
	223120  -  ResidentSetSize of job (KB)
...
006 (11451992.037.000) 01/28 16:01:24 Image size of job updated: 228088
	223  -  MemoryUsage of job (MB)
	228088  -  ResidentSetSize of job (KB)
...
006 (11451992.037.000) 01/28 16:06:25 Image size of job updated: 231404
	226  -  MemoryUsage of job (MB)
	231404  -  ResidentSetSize of job (KB)
...
006 (11451992.037.000) 01/28 16:11:26 Image size of job updated: 234620
	230  -  MemoryUsage of job (MB)
	234620  -  ResidentSetSize of job (KB)
...
006 (11451992.037.000) 01/28 16:16:26 Image size of job updated: 237356
	232  -  MemoryUsage of job (MB)
	237356  -  ResidentSetSize of job (KB)
...
006 (11451992.037.000) 01/28 16:21:26 Image size of job updated: 240212
	235  -  MemoryUsage of job (MB)
	240212  -  ResidentSetSize of job (KB)
...
006 (11451992.037.000) 01/28 16:26:27 Image size of job updated: 243384
	238  -  MemoryUsage of job (MB)
	243384  -  ResidentSetSize of job (KB)
...
006 (11451992.037.000) 01/28 16:31:27 Image size of job updated: 245976
	241  -  MemoryUsage of job (MB)
	245976  -  ResidentSetSize of job (KB)
...
006 (11451992.037.000) 01/28 16:36:27 Image size of job updated: 248300
	243  -  MemoryUsage of job (MB)
	248300  -  ResidentSetSize of job (KB)
...
006 (11451992.037.000) 01/28 16:41:28 Image size of job updated: 250580
	245  -  MemoryUsage of job (MB)
	250580  -  ResidentSetSize of job (KB)
...
006 (11451992.037.000) 01/28 16:46:28 Image size of job updated: 253036
	248  -  MemoryUsage of job (MB)
	253036  -  ResidentSetSize of job (KB)
...
006 (11451992.037.000) 01/28 16:51:28 Image size of job updated: 255388
	250  -  MemoryUsage of job (MB)
	255388  -  ResidentSetSize of job (KB)
...
006 (11451992.037.000) 01/28 16:56:29 Image size of job updated: 257540
	252  -  MemoryUsage of job (MB)
	257540  -  ResidentSetSize of job (KB)
...
006 (11451992.037.000) 01/28 17:01:30 Image size of job updated: 260052
	254  -  MemoryUsage of job (MB)
	260052  -  ResidentSetSize of job (KB)
...
006 (11451992.037.000) 01/28 17:06:30 Image size of job updated: 262524
	257  -  MemoryUsage of job (MB)
	262524  -  ResidentSetSize of job (KB)
...
040 (11451992.037.000) 01/28 17:11:28 Started transferring output files
...
040 (11451992.037.000) 01/28 17:11:28 Finished transferring output files
...
005 (11451992.037.000) 01/28 17:11:28 Job terminated.
	(1) Normal termination (return value 0)
		Usr 0 02:20:41, Sys 0 00:01:10  -  Run Remote Usage
		Usr 0 00:00:00, Sys 0 00:00:00  -  Run Local Usage
		Usr 0 02:20:41, Sys 0 00:01:10  -  Total Remote Usage
		Usr 0 00:00:00, Sys 0 00:00:00  -  Total Local Usage
	40692  -  Run Bytes Sent By Job
	5797  -  Run Bytes Received By Job
	40692  -  Total Bytes Sent By Job
	5797  -  Total Bytes Received By Job
	Partitionable Resources :    Usage  Request Allocated 
	   Cpus                 :     0.99        1         1 
	   Disk (KB)            :    67          10      4040 
	   GPUs                 :                           0 
	   Memory (MB)          :   257        3000      3000 

	Job terminated of its own accord at 2025-01-28T16:11:28Z with exit-code 0.
...
