000 (11451992.486.000) 01/28 14:31:49 Job submitted from host: <188.185.114.121:9618?addrs=188.185.114.121-9618+[2001-1458-d00-a--100-273]-9618&alias=bigbird19.cern.ch&noUDP&sock=schedd_2045_4743>
...
040 (11451992.486.000) 01/28 16:31:57 Started transferring input files
	Transferring to host: <188.185.204.181:9618?addrs=188.185.204.181-9618+[2001-1458-303-8--100-a9]-9618&alias=b9p02p9149.cern.ch&noUDP&sock=slot1_8_5102_9209_184077>
...
040 (11451992.486.000) 01/28 16:31:57 Finished transferring input files
...
001 (11451992.486.000) 01/28 16:31:58 Job executing on host: <188.185.204.181:9618?addrs=188.185.204.181-9618+[2001-1458-303-8--100-a9]-9618&alias=b9p02p9149.cern.ch&noUDP&sock=startd_4206_8b6d>
	SlotName: slot1_8@b9p02p9149.cern.ch
	CondorScratchDir = "/pool/condor/dir_3015698"
	Cpus = 1
	Disk = 2842500
	Memory = 3000
...
006 (11451992.486.000) 01/28 16:32:04 Image size of job updated: 91524
	4  -  MemoryUsage of job (MB)
	3176  -  ResidentSetSize of job (KB)
...
040 (11451992.486.000) 01/28 16:32:04 Started transferring output files
...
040 (11451992.486.000) 01/28 16:32:04 Finished transferring output files
...
005 (11451992.486.000) 01/28 16:32:04 Job terminated.
	(1) Normal termination (return value 0)
		Usr 0 00:00:05, Sys 0 00:00:00  -  Run Remote Usage
		Usr 0 00:00:00, Sys 0 00:00:00  -  Run Local Usage
		Usr 0 00:00:05, Sys 0 00:00:00  -  Total Remote Usage
		Usr 0 00:00:00, Sys 0 00:00:00  -  Total Local Usage
	14883  -  Run Bytes Sent By Job
	5797  -  Run Bytes Received By Job
	14883  -  Total Bytes Sent By Job
	5797  -  Total Bytes Received By Job
	Partitionable Resources :    Usage  Request Allocated 
	   Cpus                 :        0        1         1 
	   Disk (KB)            :       46       10   2842500 
	   Memory (MB)          :        4     3000      3000 

	Job terminated of its own accord at 2025-01-28T15:32:04Z with exit-code 0.
...
