CHANNEL_0_1
           cbragg  cbragg_err   credchi  ...  cdelta_n            cL     timestamp
0     1544.228388    0.000102  0.000041  ...  0.000012  7.701941e+06  1.737834e+09
1     1544.230304    0.000101  0.000055  ...  0.000012  7.637404e+06  1.737834e+09
2     1544.228399    0.000100  0.000041  ...  0.000012  7.691981e+06  1.737834e+09
3     1544.230211    0.000106  0.000056  ...  0.000012  7.633130e+06  1.737834e+09
4     1544.228408    0.000101  0.000041  ...  0.000012  7.689966e+06  1.737835e+09
...           ...         ...       ...  ...       ...           ...           ...
1587  1544.233157    0.000101  0.000055  ...  0.000012  7.643483e+06  1.737850e+09
1588  1544.231130    0.000099  0.000041  ...  0.000012  7.708848e+06  1.737850e+09
1589  1544.233181    0.000105  0.000056  ...  0.000012  7.645150e+06  1.737850e+09
1590  1544.231187    0.000163  0.000040  ...  0.000012  7.716067e+06  1.737850e+09
1591  1544.233136    0.000246  0.000055  ...  0.000012  7.650228e+06  1.737850e+09

[1592 rows x 13 columns]
CHANNEL_0_2
           cbragg  cbragg_err   credchi  ...  cdelta_n            cL     timestamp
0     1545.182567    0.000107  0.000018  ...  0.000012  7.648978e+06  1.737834e+09
1     1545.184051    0.000084  0.000014  ...  0.000012  7.674427e+06  1.737834e+09
2     1545.182566    0.000093  0.000018  ...  0.000012  7.663337e+06  1.737834e+09
3     1545.183958    0.000085  0.000014  ...  0.000012  7.653510e+06  1.737834e+09
4     1545.182586    0.000096  0.000017  ...  0.000012  7.656269e+06  1.737835e+09
...           ...         ...       ...  ...       ...           ...           ...
1587  1545.186690    0.000087  0.000014  ...  0.000012  7.693422e+06  1.737850e+09
1588  1545.185830    0.000082  0.000017  ...  0.000012  7.670811e+06  1.737850e+09
1589  1545.186639    0.000122  0.000015  ...  0.000012  7.680597e+06  1.737850e+09
1590  1545.185843    0.000083  0.000018  ...  0.000012  7.674860e+06  1.737850e+09
1591  1545.186689    0.000111  0.000014  ...  0.000012  7.695348e+06  1.737850e+09

[1592 rows x 13 columns]
CHANNEL_0_3
           cbragg  cbragg_err   credchi  ...  cdelta_n            cL     timestamp
0     1546.168829    0.000109  0.000047  ...  0.000012  7.661853e+06  1.737834e+09
1     1546.167180    0.000110  0.000047  ...  0.000012  7.617954e+06  1.737834e+09
2     1546.168754    0.000111  0.000049  ...  0.000012  7.646708e+06  1.737834e+09
3     1546.167192    0.000112  0.000048  ...  0.000012  7.619359e+06  1.737834e+09
4     1546.168748    0.000109  0.000047  ...  0.000012  7.657335e+06  1.737835e+09
...           ...         ...       ...  ...       ...           ...           ...
1587  1546.169928    0.000113  0.000049  ...  0.000012  7.607375e+06  1.737850e+09
1588  1546.171512    0.000114  0.000051  ...  0.000012  7.647820e+06  1.737850e+09
1589  1546.169982    0.000112  0.000048  ...  0.000012  7.610647e+06  1.737850e+09
1590  1546.171577    0.000112  0.000048  ...  0.000012  7.646966e+06  1.737850e+09
1591  1546.169973    0.000111  0.000048  ...  0.000012  7.609726e+06  1.737850e+09

[1592 rows x 13 columns]
CHANNEL_0_4
           cbragg  cbragg_err   credchi  ...  cdelta_n            cL     timestamp
0     1547.160579    0.000113  0.000054  ...  0.000012  7.850592e+06  1.737834e+09
1     1547.162586    0.000118  0.000049  ...  0.000012  7.869185e+06  1.737834e+09
2     1547.160543    0.000113  0.000054  ...  0.000012  7.855848e+06  1.737834e+09
3     1547.162580    0.000116  0.000048  ...  0.000012  7.865039e+06  1.737834e+09
4     1547.160573    0.000112  0.000053  ...  0.000012  7.854557e+06  1.737835e+09
...           ...         ...       ...  ...       ...           ...           ...
1587  1547.164940    0.000125  0.000055  ...  0.000012  7.958426e+06  1.737850e+09
1588  1547.163580    0.000115  0.000056  ...  0.000012  7.848553e+06  1.737850e+09
1589  1547.165057    0.000118  0.000048  ...  0.000012  7.864208e+06  1.737850e+09
1590  1547.163630    0.000121  0.000063  ...  0.000012  7.968930e+06  1.737850e+09
1591  1547.165047    0.000119  0.000048  ...  0.000012  7.841435e+06  1.737850e+09

[1592 rows x 13 columns]
CHANNEL_0_5
           cbragg  cbragg_err   credchi  ...  cdelta_n            cL     timestamp
0     1548.134762    0.000095  0.000035  ...  0.000012  7.721059e+06  1.737834e+09
1     1548.138181    0.000138  0.000114  ...  0.000012  7.953514e+06  1.737834e+09
2     1548.134860    0.000093  0.000033  ...  0.000012  7.716300e+06  1.737834e+09
3     1548.138177    0.000091  0.000048  ...  0.000012  7.667797e+06  1.737834e+09
4     1548.134871    0.000125  0.000062  ...  0.000012  7.937006e+06  1.737835e+09
...           ...         ...       ...  ...       ...           ...           ...
1587  1548.141367    0.000093  0.000049  ...  0.000012  7.631256e+06  1.737850e+09
1588  1548.137682    0.000093  0.000032  ...  0.000012  7.698452e+06  1.737850e+09
1589  1548.141363    0.000092  0.000048  ...  0.000012  7.645472e+06  1.737850e+09
1590  1548.137735    0.000092  0.000032  ...  0.000012  7.704318e+06  1.737850e+09
1591  1548.141359    0.000092  0.000048  ...  0.000012  7.643157e+06  1.737850e+09

[1592 rows x 13 columns]
CHANNEL_0_6
           cbragg  cbragg_err   credchi  ...  cdelta_n            cL     timestamp
0     1549.121184    0.000085  0.000048  ...  0.000012  7.487046e+06  1.737834e+09
1     1549.113482    0.000077  0.000024  ...  0.000012  7.523594e+06  1.737834e+09
2     1549.121190    0.000169  0.000200  ...  0.000012  7.813844e+06  1.737834e+09
3     1549.113419    0.000079  0.000025  ...  0.000012  7.545319e+06  1.737834e+09
4     1549.121128    0.000083  0.000046  ...  0.000012  7.473961e+06  1.737835e+09
...           ...         ...       ...  ...       ...           ...           ...
1587  1549.116515    0.000093  0.000035  ...  0.000012  7.673480e+06  1.737850e+09
1588  1549.124087    0.000117  0.000093  ...  0.000012  7.634205e+06  1.737850e+09
1589  1549.116414    0.000081  0.000026  ...  0.000012  7.547218e+06  1.737850e+09
1590  1549.124154    0.000096  0.000062  ...  0.000012  7.558397e+06  1.737850e+09
1591  1549.116464    0.000079  0.000025  ...  0.000012  7.527639e+06  1.737850e+09

[1592 rows x 13 columns]
CHANNEL_0_7
           cbragg  cbragg_err   credchi  ...  cdelta_n            cL     timestamp
0     1550.116326    0.000123  0.000045  ...  0.000012  7.595548e+06  1.737834e+09
1     1550.120882    0.000122  0.000052  ...  0.000012  7.614252e+06  1.737834e+09
2     1550.116324    0.000122  0.000045  ...  0.000012  7.599402e+06  1.737834e+09
3     1550.120854    0.000122  0.000053  ...  0.000012  7.621685e+06  1.737834e+09
4     1550.116325    0.000123  0.000045  ...  0.000012  7.602728e+06  1.737835e+09
...           ...         ...       ...  ...       ...           ...           ...
1587  1550.124165    0.000119  0.000050  ...  0.000012  7.637860e+06  1.737850e+09
1588  1550.119333    0.000118  0.000042  ...  0.000012  7.626832e+06  1.737850e+09
1589  1550.124093    0.000117  0.000048  ...  0.000012  7.646204e+06  1.737850e+09
1590  1550.119387    0.000122  0.000045  ...  0.000012  7.687909e+06  1.737850e+09
1591  1550.124213    0.000117  0.000048  ...  0.000012  7.656892e+06  1.737850e+09

[1592 rows x 13 columns]
CHANNEL_0_8
           cbragg  cbragg_err   credchi  ...  cdelta_n            cL     timestamp
0     1551.094107    0.000075  0.000017  ...  0.000012  7.592177e+06  1.737834e+09
1     1551.094063    0.000073  0.000019  ...  0.000012  7.577582e+06  1.737834e+09
2     1551.094001    0.000075  0.000017  ...  0.000012  7.595409e+06  1.737834e+09
3     1551.093993    0.000074  0.000019  ...  0.000012  7.578880e+06  1.737834e+09
4     1551.094058    0.000074  0.000017  ...  0.000012  7.604548e+06  1.737835e+09
...           ...         ...       ...  ...       ...           ...           ...
1587  1551.097493    0.000180  0.000117  ...  0.000012  7.873662e+06  1.737850e+09
1588  1551.097067    0.000086  0.000023  ...  0.000012  7.726042e+06  1.737850e+09
1589  1551.097447    0.000073  0.000020  ...  0.000012  7.611490e+06  1.737850e+09
1590  1551.097043    0.000073  0.000017  ...  0.000012  7.600256e+06  1.737850e+09
1591  1551.097406    0.000113  0.000046  ...  0.000012  7.692080e+06  1.737850e+09

[1592 rows x 13 columns]
CHANNEL_0_9
           cbragg  cbragg_err   credchi  ...  cdelta_n            cL     timestamp
0     1552.079408    0.000088  0.000026  ...  0.000012  7.655062e+06  1.737834e+09
1     1552.074710    0.000090  0.000018  ...  0.000012  7.673735e+06  1.737834e+09
2     1552.079293    0.000091  0.000028  ...  0.000012  7.657899e+06  1.737834e+09
3     1552.074586    0.000092  0.000019  ...  0.000012  7.617279e+06  1.737834e+09
4     1552.079376    0.000090  0.000027  ...  0.000012  7.648829e+06  1.737835e+09
...           ...         ...       ...  ...       ...           ...           ...
1587  1552.078336    0.000089  0.000019  ...  0.000012  7.686611e+06  1.737850e+09
1588  1552.082452    0.000087  0.000025  ...  0.000012  7.693677e+06  1.737850e+09
1589  1552.078084    0.000090  0.000019  ...  0.000012  7.694701e+06  1.737850e+09
1590  1552.082368    0.000088  0.000026  ...  0.000012  7.680538e+06  1.737850e+09
1591  1552.078072    0.000091  0.000019  ...  0.000012  7.634956e+06  1.737850e+09

[1592 rows x 13 columns]
CHANNEL_0_10
           cbragg  cbragg_err   credchi  ...  cdelta_n            cL     timestamp
0     1553.080215    0.000086  0.000016  ...  0.000012  7.727222e+06  1.737834e+09
1     1553.083669    0.000085  0.000018  ...  0.000012  7.727631e+06  1.737834e+09
2     1553.080130    0.000087  0.000016  ...  0.000012  7.731253e+06  1.737834e+09
3     1553.083604    0.000088  0.000020  ...  0.000012  7.731585e+06  1.737834e+09
4     1553.080059    0.000086  0.000016  ...  0.000012  7.668877e+06  1.737835e+09
...           ...         ...       ...  ...       ...           ...           ...
1587  1553.086796    0.000091  0.000021  ...  0.000012  7.715137e+06  1.737850e+09
1588  1553.083208    0.000091  0.000018  ...  0.000012  7.719922e+06  1.737850e+09
1589  1553.086742    0.000093  0.000022  ...  0.000012  7.717778e+06  1.737850e+09
1590  1553.083244    0.000094  0.000019  ...  0.000012  7.636776e+06  1.737850e+09
1591  1553.086791    0.000091  0.000021  ...  0.000012  7.719870e+06  1.737850e+09

[1592 rows x 13 columns]
CHANNEL_0_11
           cbragg  cbragg_err   credchi  ...  cdelta_n            cL     timestamp
0     1554.094618    0.000073  0.000014  ...  0.000012  7.648947e+06  1.737834e+09
1     1554.087997    0.000074  0.000010  ...  0.000012  7.656803e+06  1.737834e+09
2     1554.094650    0.000072  0.000014  ...  0.000012  7.728645e+06  1.737834e+09
3     1554.087965    0.000071  0.000010  ...  0.000012  7.618283e+06  1.737834e+09
4     1554.094558    0.000075  0.000014  ...  0.000012  7.647736e+06  1.737835e+09
...           ...         ...       ...  ...       ...           ...           ...
1587  1554.091342    0.000073  0.000010  ...  0.000012  7.591434e+06  1.737850e+09
1588  1554.097620    0.000071  0.000013  ...  0.000012  7.633579e+06  1.737850e+09
1589  1554.091170    0.000075  0.000010  ...  0.000012  7.642918e+06  1.737850e+09
1590  1554.097678    0.000072  0.000013  ...  0.000012  7.637317e+06  1.737850e+09
1591  1554.091263    0.000074  0.000010  ...  0.000012  7.641484e+06  1.737850e+09

[1592 rows x 13 columns]
CHANNEL_0_12
           cbragg  cbragg_err   credchi  ...  cdelta_n            cL     timestamp
0     1555.115830    0.000114  0.000051  ...  0.000012  7.494315e+06  1.737834e+09
1     1555.114629    0.000119  0.000045  ...  0.000012  7.499138e+06  1.737834e+09
2     1555.115810    0.000115  0.000052  ...  0.000012  7.493733e+06  1.737834e+09
3     1555.114597    0.000119  0.000046  ...  0.000012  7.556854e+06  1.737834e+09
4     1555.115880    0.000112  0.000049  ...  0.000012  7.494045e+06  1.737835e+09
...           ...         ...       ...  ...       ...           ...           ...
1587  1555.117837    0.000115  0.000042  ...  0.000012  7.550554e+06  1.737850e+09
1588  1555.119118    0.000111  0.000050  ...  0.000012  7.530130e+06  1.737850e+09
1589  1555.117705    0.000115  0.000043  ...  0.000012  7.541813e+06  1.737850e+09
1590  1555.119117    0.000112  0.000051  ...  0.000012  7.529992e+06  1.737850e+09
1591  1555.117727    0.000115  0.000043  ...  0.000012  7.553679e+06  1.737850e+09

[1592 rows x 13 columns]
CHANNEL_0_13
           cbragg  cbragg_err   credchi  ...  cdelta_n            cL     timestamp
0     1556.090205    0.000145  0.000039  ...  0.000012  7.653011e+06  1.737834e+09
1     1556.091008    0.000137  0.000046  ...  0.000012  7.633676e+06  1.737834e+09
2     1556.090196    0.000139  0.000036  ...  0.000012  7.652691e+06  1.737834e+09
3     1556.090890    0.000135  0.000045  ...  0.000012  7.639565e+06  1.737834e+09
4     1556.090224    0.000142  0.000037  ...  0.000012  7.646817e+06  1.737835e+09
...           ...         ...       ...  ...       ...           ...           ...
1587  1556.093879    0.000137  0.000046  ...  0.000012  7.591285e+06  1.737850e+09
1588  1556.092859    0.000142  0.000037  ...  0.000012  7.689247e+06  1.737850e+09
1589  1556.093674    0.000138  0.000047  ...  0.000012  7.637920e+06  1.737850e+09
1590  1556.092715    0.000142  0.000037  ...  0.000012  7.683182e+06  1.737850e+09
1591  1556.093545    0.000137  0.000046  ...  0.000012  7.602621e+06  1.737850e+09

[1592 rows x 13 columns]
CHANNEL_0_14
           cbragg  cbragg_err   credchi  ...  cdelta_n            cL     timestamp
0     1557.064457    0.000103  0.000048  ...  0.000012  7.663265e+06  1.737834e+09
1     1557.057917    0.000096  0.000023  ...  0.000012  7.687947e+06  1.737834e+09
2     1557.064357    0.000102  0.000048  ...  0.000012  7.673042e+06  1.737834e+09
3     1557.057808    0.000096  0.000023  ...  0.000012  7.688195e+06  1.737834e+09
4     1557.064827    0.000133  0.000081  ...  0.000012  7.769141e+06  1.737835e+09
...           ...         ...       ...  ...       ...           ...           ...
1587  1557.060847    0.000094  0.000022  ...  0.000012  7.734076e+06  1.737850e+09
1588  1557.067487    0.000096  0.000043  ...  0.000012  7.639837e+06  1.737850e+09
1589  1557.060772    0.000093  0.000022  ...  0.000012  7.708505e+06  1.737850e+09
1590  1557.067487    0.000131  0.000077  ...  0.000012  7.721493e+06  1.737850e+09
1591  1557.060734    0.000094  0.000022  ...  0.000012  7.676266e+06  1.737850e+09

[1592 rows x 13 columns]
CHANNEL_1_1
           cbragg  cbragg_err   credchi  ...  cdelta_n            cL     timestamp
0     1555.126291    0.000490  0.000136  ...  0.000012  2.394424e+06  1.737834e+09
1     1555.128822    0.000563  0.000366  ...  0.000012  2.978220e+06  1.737834e+09
2     1555.126106    0.000120  0.000010  ...  0.000012  2.575676e+06  1.737834e+09
3     1555.129760    0.000317  0.000069  ...  0.000012  2.483069e+06  1.737834e+09
4     1555.125979    0.000090  0.000006  ...  0.000012  2.621907e+06  1.737835e+09
...           ...         ...       ...  ...       ...           ...           ...
1587  1555.132616    0.000309  0.000068  ...  0.000012  2.499622e+06  1.737850e+09
1588  1555.129573    0.000398  0.000095  ...  0.000012  2.439351e+06  1.737850e+09
1589  1555.132435    0.000099  0.000008  ...  0.000012  2.618756e+06  1.737850e+09
1590  1555.129660    0.000453  0.000116  ...  0.000012  2.395247e+06  1.737850e+09
1591  1555.132533    0.000276  0.000062  ...  0.000012  2.587051e+06  1.737850e+09

[1592 rows x 13 columns]
CHANNEL_1_2
           cbragg  cbragg_err   credchi  ...  cdelta_n            cL     timestamp
0     1558.275256    0.000119  0.000020  ...  0.000012  2.796756e+06  1.737834e+09
1     1558.277400    0.001029  0.002391  ...  0.000012  3.433621e+06  1.737834e+09
2     1558.275353    0.000172  0.000041  ...  0.000012  2.740904e+06  1.737834e+09
3     1558.278169    0.000153  0.000036  ...  0.000012  2.875446e+06  1.737834e+09
4     1558.275236    0.000115  0.000019  ...  0.000012  2.797495e+06  1.737835e+09
...           ...         ...       ...  ...       ...           ...           ...
1587  1558.283524    0.000171  0.000042  ...  0.000012  2.834216e+06  1.737850e+09
1588  1558.278379    0.000111  0.000017  ...  0.000012  2.798706e+06  1.737850e+09
1589  1558.282597    0.000859  0.000626  ...  0.000012  2.398791e+06  1.737850e+09
1590  1558.276874    0.000835  0.001618  ...  0.000012  3.370877e+06  1.737850e+09
1591  1558.281437    0.000106  0.000016  ...  0.000012  2.817662e+06  1.737850e+09

[1592 rows x 13 columns]
CHANNEL_1_3
           cbragg  cbragg_err   credchi  ...  cdelta_n            cL     timestamp
0     1561.094469    0.000092  0.000015  ...  0.000012  2.995719e+06  1.737834e+09
1     1561.091146    0.000262  0.000097  ...  0.000012  2.824672e+06  1.737834e+09
2     1561.094311    0.000040  0.000003  ...  0.000012  2.923056e+06  1.737834e+09
3     1561.090975    0.000154  0.000036  ...  0.000012  2.904804e+06  1.737834e+09
4     1561.094593    0.000041  0.000003  ...  0.000012  2.939957e+06  1.737835e+09
...           ...         ...       ...  ...       ...           ...           ...
1587  1561.094249    0.000048  0.000004  ...  0.000012  2.934252e+06  1.737850e+09
1588  1561.097130    0.000047  0.000004  ...  0.000012  2.934078e+06  1.737850e+09
1589  1561.094113    0.000204  0.000059  ...  0.000012  2.835298e+06  1.737850e+09
1590  1561.097314    0.000056  0.000005  ...  0.000012  2.909664e+06  1.737850e+09
1591  1561.094022    0.000135  0.000026  ...  0.000012  2.853875e+06  1.737850e+09

[1592 rows x 13 columns]
CHANNEL_2_1
           cbragg  cbragg_err   credchi  ...  cdelta_n            cL     timestamp
0     1542.577488    0.000068  0.000004  ...  0.000012  2.747075e+06  1.737834e+09
1     1542.576995    0.000070  0.000004  ...  0.000012  2.746943e+06  1.737834e+09
2     1542.582915    0.012517  0.004063  ...  0.000012  1.077979e+06  1.737834e+09
3     1542.576977    0.000070  0.000004  ...  0.000012  2.746161e+06  1.737834e+09
4     1542.577320    0.000070  0.000004  ...  0.000012  2.746046e+06  1.737835e+09
...           ...         ...       ...  ...       ...           ...           ...
1587  1542.580062    0.000071  0.000004  ...  0.000012  2.747119e+06  1.737850e+09
1588  1542.580537    0.000078  0.000004  ...  0.000012  2.747006e+06  1.737850e+09
1589  1542.580065    0.000071  0.000004  ...  0.000012  2.745964e+06  1.737850e+09
1590  1542.580173    0.009854  0.003785  ...  0.000012  1.175613e+06  1.737850e+09
1591  1542.580084    0.000102  0.000005  ...  0.000012  2.743445e+06  1.737850e+09

[1592 rows x 13 columns]
CHANNEL_2_2
           cbragg  cbragg_err   credchi  ...  cdelta_n            cL     timestamp
0     1546.012646    0.001127  0.001949  ...  0.000012  3.448578e+06  1.737834e+09
1     1546.012834    0.000323  0.000076  ...  0.000012  2.517980e+06  1.737834e+09
2     1546.012118    0.000153  0.000018  ...  0.000012  2.658799e+06  1.737834e+09
3     1546.012797    0.000180  0.000027  ...  0.000012  2.611216e+06  1.737834e+09
4     1546.012058    0.000148  0.000017  ...  0.000012  2.660194e+06  1.737835e+09
...           ...         ...       ...  ...       ...           ...           ...
1587  1546.016137    0.000199  0.000037  ...  0.000012  2.752690e+06  1.737850e+09
1588  1546.015558    0.000384  0.000152  ...  0.000012  2.903604e+06  1.737850e+09
1589  1546.015931    0.000145  0.000018  ...  0.000012  2.669422e+06  1.737850e+09
1590  1546.014964    0.000578  0.000187  ...  0.000012  2.394166e+06  1.737850e+09
1591  1546.015940    0.000143  0.000018  ...  0.000012  2.677377e+06  1.737850e+09

[1592 rows x 13 columns]
CHANNEL_2_3
           cbragg  cbragg_err   credchi  ...  cdelta_n            cL     timestamp
0     1548.607766    0.000103  0.000011  ...  0.000012  2.902514e+06  1.737834e+09
1     1548.609670    0.000109  0.000013  ...  0.000012  2.871103e+06  1.737834e+09
2     1548.607530    0.000119  0.000014  ...  0.000012  2.885003e+06  1.737834e+09
3     1548.609487    0.000819  0.001220  ...  0.000012  3.482792e+06  1.737834e+09
4     1548.608100    0.001056  0.002172  ...  0.000012  3.691870e+06  1.737835e+09
...           ...         ...       ...  ...       ...           ...           ...
1587  1548.612937    0.000203  0.000041  ...  0.000012  2.781199e+06  1.737850e+09
1588  1548.610452    0.000097  0.000010  ...  0.000012  2.899744e+06  1.737850e+09
1589  1548.612654    0.000341  0.000116  ...  0.000012  2.746967e+06  1.737850e+09
1590  1548.610437    0.000105  0.000012  ...  0.000012  2.913013e+06  1.737850e+09
1591  1548.612734    0.000189  0.000036  ...  0.000012  2.791766e+06  1.737850e+09

[1592 rows x 13 columns]
CHANNEL_3_1
           cbragg  cbragg_err   credchi  ...  cdelta_n            cL     timestamp
0     1543.637468    0.000102  0.000023  ...  0.000012  7.840727e+06  1.737834e+09
1     1543.624792    0.000138  0.000015  ...  0.000012  7.897534e+06  1.737834e+09
2     1543.637491    0.000103  0.000023  ...  0.000012  7.836212e+06  1.737834e+09
3     1543.624646    0.000108  0.000014  ...  0.000012  7.896156e+06  1.737834e+09
4     1543.637449    0.000103  0.000023  ...  0.000012  7.843296e+06  1.737835e+09
...           ...         ...       ...  ...       ...           ...           ...
1587  1543.627686    0.000143  0.000014  ...  0.000012  7.911548e+06  1.737850e+09
1588  1543.640592    0.000123  0.000023  ...  0.000012  7.845176e+06  1.737850e+09
1589  1543.627648    0.000103  0.000014  ...  0.000012  7.898025e+06  1.737850e+09
1590  1543.640607    0.000104  0.000024  ...  0.000012  7.831540e+06  1.737850e+09
1591  1543.627672    0.000104  0.000015  ...  0.000012  7.893841e+06  1.737850e+09

[1592 rows x 13 columns]
CHANNEL_3_2
           cbragg  cbragg_err   credchi  ...  cdelta_n            cL     timestamp
0     1544.663262    0.000258  0.000029  ...  0.000012  7.884150e+06  1.737834e+09
1     1544.655572    0.000110  0.000032  ...  0.000012  7.844329e+06  1.737834e+09
2     1544.663298    0.000113  0.000029  ...  0.000012  7.884592e+06  1.737834e+09
3     1544.655543    0.000111  0.000032  ...  0.000012  7.846127e+06  1.737834e+09
4     1544.663187    0.000120  0.000029  ...  0.000012  7.885410e+06  1.737835e+09
...           ...         ...       ...  ...       ...           ...           ...
1587  1544.659153    0.000165  0.000034  ...  0.000012  7.833920e+06  1.737850e+09
1588  1544.666257    0.000135  0.000029  ...  0.000012  7.875745e+06  1.737850e+09
1589  1544.659198    0.000112  0.000034  ...  0.000012  7.831238e+06  1.737850e+09
1590  1544.666230    0.000115  0.000029  ...  0.000012  7.877703e+06  1.737850e+09
1591  1544.659071    0.000113  0.000034  ...  0.000012  7.839064e+06  1.737850e+09

[1592 rows x 13 columns]
CHANNEL_3_3
           cbragg  cbragg_err   credchi  ...  cdelta_n            cL     timestamp
0     1545.661659    0.000109  0.000036  ...  0.000012  7.592202e+06  1.737834e+09
1     1545.652931    0.000106  0.000023  ...  0.000012  7.634384e+06  1.737834e+09
2     1545.661657    0.000109  0.000036  ...  0.000012  7.604597e+06  1.737834e+09
3     1545.652804    0.000106  0.000023  ...  0.000012  7.626825e+06  1.737834e+09
4     1545.661644    0.000109  0.000036  ...  0.000012  7.591027e+06  1.737835e+09
...           ...         ...       ...  ...       ...           ...           ...
1587  1545.656172    0.000112  0.000025  ...  0.000012  7.617899e+06  1.737850e+09
1588  1545.664724    0.000108  0.000036  ...  0.000012  7.577550e+06  1.737850e+09
1589  1545.656100    0.000109  0.000024  ...  0.000012  7.611960e+06  1.737850e+09
1590  1545.664794    0.000112  0.000038  ...  0.000012  7.592989e+06  1.737850e+09
1591  1545.656261    0.000106  0.000023  ...  0.000012  7.632652e+06  1.737850e+09

[1592 rows x 13 columns]
CHANNEL_3_4
           cbragg  cbragg_err   credchi  ...  cdelta_n            cL     timestamp
0     1546.635429    0.000094  0.000023  ...  0.000012  7.784767e+06  1.737834e+09
1     1546.624689    0.000096  0.000021  ...  0.000012  7.783087e+06  1.737834e+09
2     1546.635419    0.000096  0.000024  ...  0.000012  7.780818e+06  1.737834e+09
3     1546.624585    0.000095  0.000020  ...  0.000012  7.777845e+06  1.737834e+09
4     1546.635407    0.000095  0.000023  ...  0.000012  7.770722e+06  1.737835e+09
...           ...         ...       ...  ...       ...           ...           ...
1587  1546.627988    0.000096  0.000021  ...  0.000012  7.768552e+06  1.737850e+09
1588  1546.638439    0.000096  0.000023  ...  0.000012  7.771352e+06  1.737850e+09
1589  1546.628034    0.000095  0.000020  ...  0.000012  7.714415e+06  1.737850e+09
1590  1546.638412    0.000096  0.000023  ...  0.000012  7.773340e+06  1.737850e+09
1591  1546.628001    0.000095  0.000020  ...  0.000012  7.772496e+06  1.737850e+09

[1592 rows x 13 columns]
CHANNEL_3_5
           cbragg  cbragg_err   credchi  ...  cdelta_n            cL     timestamp
0     1547.650482    0.000078  0.000014  ...  0.000012  7.615138e+06  1.737834e+09
1     1547.648338    0.000075  0.000014  ...  0.000012  7.583083e+06  1.737834e+09
2     1547.650474    0.000080  0.000014  ...  0.000012  7.593078e+06  1.737834e+09
3     1547.648316    0.000077  0.000015  ...  0.000012  7.618218e+06  1.737834e+09
4     1547.650441    0.000079  0.000014  ...  0.000012  7.604324e+06  1.737835e+09
...           ...         ...       ...  ...       ...           ...           ...
1587  1547.651695    0.000078  0.000015  ...  0.000012  7.585184e+06  1.737850e+09
1588  1547.653648    0.000080  0.000014  ...  0.000012  7.581580e+06  1.737850e+09
1589  1547.651681    0.000078  0.000015  ...  0.000012  7.586763e+06  1.737850e+09
1590  1547.653756    0.000079  0.000014  ...  0.000012  7.550196e+06  1.737850e+09
1591  1547.651630    0.000078  0.000015  ...  0.000012  7.600097e+06  1.737850e+09

[1592 rows x 13 columns]
CHANNEL_3_6
           cbragg  cbragg_err   credchi  ...  cdelta_n            cL     timestamp
0     1548.640978    0.000076  0.000019  ...  0.000012  7.808839e+06  1.737834e+09
1     1548.629257    0.000071  0.000010  ...  0.000012  7.907658e+06  1.737834e+09
2     1548.640932    0.000077  0.000019  ...  0.000012  7.806043e+06  1.737834e+09
3     1548.629171    0.000073  0.000010  ...  0.000012  7.905670e+06  1.737834e+09
4     1548.640950    0.000077  0.000020  ...  0.000012  7.794667e+06  1.737835e+09
...           ...         ...       ...  ...       ...           ...           ...
1587  1548.632358    0.000075  0.000011  ...  0.000012  7.900517e+06  1.737850e+09
1588  1548.644057    0.000076  0.000019  ...  0.000012  7.823172e+06  1.737850e+09
1589  1548.632338    0.000072  0.000010  ...  0.000012  7.886751e+06  1.737850e+09
1590  1548.644080    0.000076  0.000019  ...  0.000012  7.820512e+06  1.737850e+09
1591  1548.632406    0.000071  0.000010  ...  0.000012  7.902134e+06  1.737850e+09

[1592 rows x 13 columns]
CHANNEL_3_7
           cbragg  cbragg_err   credchi  ...  cdelta_n            cL     timestamp
0     1549.654992    0.000088  0.000014  ...  0.000012  7.571948e+06  1.737834e+09
1     1549.656268    0.000091  0.000024  ...  0.000012  7.534424e+06  1.737834e+09
2     1549.654887    0.000089  0.000014  ...  0.000012  7.570372e+06  1.737834e+09
3     1549.656271    0.000086  0.000021  ...  0.000012  7.521923e+06  1.737834e+09
4     1549.654923    0.000089  0.000014  ...  0.000012  7.581637e+06  1.737835e+09
...           ...         ...       ...  ...       ...           ...           ...
1587  1549.659180    0.000101  0.000030  ...  0.000012  7.654318e+06  1.737850e+09
1588  1549.657820    0.000093  0.000016  ...  0.000012  7.469961e+06  1.737850e+09
1589  1549.659203    0.000086  0.000021  ...  0.000012  7.521717e+06  1.737850e+09
1590  1549.657855    0.000094  0.000016  ...  0.000012  7.478503e+06  1.737850e+09
1591  1549.659182    0.000085  0.000021  ...  0.000012  7.530681e+06  1.737850e+09

[1592 rows x 13 columns]
CHANNEL_3_8
           cbragg  cbragg_err   credchi  ...  cdelta_n            cL     timestamp
0     1550.613165    0.000086  0.000018  ...  0.000012  7.615754e+06  1.737834e+09
1     1550.604794    0.000088  0.000011  ...  0.000012  7.700036e+06  1.737834e+09
2     1550.613247    0.000091  0.000020  ...  0.000012  7.628920e+06  1.737834e+09
3     1550.604703    0.000091  0.000012  ...  0.000012  7.701923e+06  1.737834e+09
4     1550.613235    0.000092  0.000020  ...  0.000012  7.619855e+06  1.737835e+09
...           ...         ...       ...  ...       ...           ...           ...
1587  1550.607595    0.000090  0.000011  ...  0.000012  7.716685e+06  1.737850e+09
1588  1550.616374    0.000089  0.000019  ...  0.000012  7.601048e+06  1.737850e+09
1589  1550.607426    0.000091  0.000011  ...  0.000012  7.711149e+06  1.737850e+09
1590  1550.616379    0.000088  0.000019  ...  0.000012  7.570412e+06  1.737850e+09
1591  1550.607340    0.000088  0.000011  ...  0.000012  7.713132e+06  1.737850e+09

[1592 rows x 13 columns]
CHANNEL_3_9
           cbragg  cbragg_err   credchi  ...  cdelta_n            cL     timestamp
0     1551.608247    0.000095  0.000014  ...  0.000012  7.695020e+06  1.737834e+09
1     1551.605905    0.000091  0.000017  ...  0.000012  7.654752e+06  1.737834e+09
2     1551.608187    0.000129  0.000024  ...  0.000012  7.409606e+06  1.737834e+09
3     1551.605929    0.000122  0.000029  ...  0.000012  7.379602e+06  1.737834e+09
4     1551.608297    0.000095  0.000013  ...  0.000012  7.686657e+06  1.737835e+09
...           ...         ...       ...  ...       ...           ...           ...
1587  1551.608787    0.000090  0.000017  ...  0.000012  7.659266e+06  1.737850e+09
1588  1551.610931    0.000094  0.000013  ...  0.000012  7.700900e+06  1.737850e+09
1589  1551.608576    0.000098  0.000019  ...  0.000012  7.508274e+06  1.737850e+09
1590  1551.610849    0.000094  0.000013  ...  0.000012  7.700834e+06  1.737850e+09
1591  1551.608527    0.000090  0.000017  ...  0.000012  7.670033e+06  1.737850e+09

[1592 rows x 13 columns]
CHANNEL_3_10
           cbragg  cbragg_err   credchi  ...  cdelta_n            cL     timestamp
0     1552.616432    0.000101  0.000017  ...  0.000012  7.770023e+06  1.737834e+09
1     1552.610653    0.000102  0.000015  ...  0.000012  7.785876e+06  1.737834e+09
2     1552.616572    0.000100  0.000017  ...  0.000012  7.765287e+06  1.737834e+09
3     1552.610652    0.000104  0.000015  ...  0.000012  7.771695e+06  1.737834e+09
4     1552.616476    0.000102  0.000017  ...  0.000012  7.765332e+06  1.737835e+09
...           ...         ...       ...  ...       ...           ...           ...
1587  1552.613146    0.000102  0.000015  ...  0.000012  7.797264e+06  1.737850e+09
1588  1552.619436    0.000105  0.000019  ...  0.000012  7.762853e+06  1.737850e+09
1589  1552.613090    0.000103  0.000015  ...  0.000012  7.791406e+06  1.737850e+09
1590  1552.619486    0.000104  0.000018  ...  0.000012  7.748846e+06  1.737850e+09
1591  1552.612971    0.000105  0.000015  ...  0.000012  7.790671e+06  1.737850e+09

[1592 rows x 13 columns]
CHANNEL_3_11
           cbragg  cbragg_err   credchi  ...  cdelta_n            cL     timestamp
0     1553.586036    0.000121  0.000034  ...  0.000012  7.969200e+06  1.737834e+09
1     1553.574913    0.000123  0.000027  ...  0.000012  7.964010e+06  1.737834e+09
2     1553.585961    0.000123  0.000035  ...  0.000012  7.963418e+06  1.737834e+09
3     1553.574867    0.000122  0.000026  ...  0.000012  7.956991e+06  1.737834e+09
4     1553.586071    0.000123  0.000035  ...  0.000012  7.965676e+06  1.737835e+09
...           ...         ...       ...  ...       ...           ...           ...
1587  1553.578296    0.000124  0.000028  ...  0.000012  7.948458e+06  1.737850e+09
1588  1553.588850    0.000123  0.000035  ...  0.000012  7.965116e+06  1.737850e+09
1589  1553.578159    0.000124  0.000028  ...  0.000012  7.949036e+06  1.737850e+09
1590  1553.588761    0.000125  0.000035  ...  0.000012  7.962107e+06  1.737850e+09
1591  1553.578092    0.000124  0.000028  ...  0.000012  7.938338e+06  1.737850e+09

[1592 rows x 13 columns]
CHANNEL_3_12
           cbragg  cbragg_err   credchi  ...  cdelta_n            cL     timestamp
0     1554.559118    0.000095  0.000018  ...  0.000012  7.775144e+06  1.737834e+09
1     1554.555290    0.000096  0.000014  ...  0.000012  7.831808e+06  1.737834e+09
2     1554.559101    0.000096  0.000018  ...  0.000012  7.812554e+06  1.737834e+09
3     1554.555233    0.000097  0.000015  ...  0.000012  7.834897e+06  1.737834e+09
4     1554.559177    0.000104  0.000021  ...  0.000012  7.675785e+06  1.737835e+09
...           ...         ...       ...  ...       ...           ...           ...
1587  1554.557897    0.000253  0.000084  ...  0.000012  7.138298e+06  1.737850e+09
1588  1554.562109    0.000119  0.000027  ...  0.000012  7.553706e+06  1.737850e+09
1589  1554.557738    0.000097  0.000015  ...  0.000012  7.840591e+06  1.737850e+09
1590  1554.561955    0.000161  0.000047  ...  0.000012  7.392677e+06  1.737850e+09
1591  1554.557745    0.000169  0.000040  ...  0.000012  7.387575e+06  1.737850e+09

[1592 rows x 13 columns]
CHANNEL_3_13
           cbragg  cbragg_err   credchi  ...  cdelta_n            cL     timestamp
0     1555.567209    0.000087  0.000012  ...  0.000012  7.629601e+06  1.737834e+09
1     1555.560872    0.000085  0.000012  ...  0.000012  7.588529e+06  1.737834e+09
2     1555.567027    0.000172  0.000044  ...  0.000012  7.186231e+06  1.737834e+09
3     1555.560794    0.000085  0.000012  ...  0.000012  7.597655e+06  1.737834e+09
4     1555.567237    0.000130  0.000026  ...  0.000012  7.323840e+06  1.737835e+09
...           ...         ...       ...  ...       ...           ...           ...
1587  1555.564537    0.000087  0.000013  ...  0.000012  7.592098e+06  1.737850e+09
1588  1555.570035    0.000087  0.000012  ...  0.000012  7.644448e+06  1.737850e+09
1589  1555.564275    0.000086  0.000013  ...  0.000012  7.564121e+06  1.737850e+09
1590  1555.570076    0.000087  0.000012  ...  0.000012  7.638769e+06  1.737850e+09
1591  1555.564354    0.000086  0.000013  ...  0.000012  7.585441e+06  1.737850e+09

[1592 rows x 13 columns]
CHANNEL_3_14
           cbragg  cbragg_err   credchi  ...  cdelta_n            cL     timestamp
0     1556.521284    0.000208  0.000091  ...  0.000012  7.416925e+06  1.737834e+09
1     1556.515175    0.000183  0.000049  ...  0.000012  7.785526e+06  1.737834e+09
2     1556.521113    0.000180  0.000072  ...  0.000012  7.727337e+06  1.737834e+09
3     1556.515006    0.000185  0.000050  ...  0.000012  7.786840e+06  1.737834e+09
4     1556.521213    0.000207  0.000090  ...  0.000012  7.422121e+06  1.737835e+09
...           ...         ...       ...  ...       ...           ...           ...
1587  1556.518079    0.000186  0.000050  ...  0.000012  7.803025e+06  1.737850e+09
1588  1556.524246    0.000180  0.000072  ...  0.000012  7.718210e+06  1.737850e+09
1589  1556.517976    0.000186  0.000050  ...  0.000012  7.794655e+06  1.737850e+09
1590  1556.524144    0.000182  0.000074  ...  0.000012  7.729171e+06  1.737850e+09
1591  1556.517924    0.000181  0.000047  ...  0.000012  7.782931e+06  1.737850e+09

[1592 rows x 13 columns]
