CHANNEL_0_1
           cbragg  cbragg_err   credchi  ...  cdelta_n            cL     timestamp
0     1544.223487    0.000098  0.000040  ...  0.000012  7.708080e+06  1.737739e+09
1     1544.224901    0.000179  0.000053  ...  0.000012  7.648377e+06  1.737739e+09
2     1544.223542    0.000270  0.000040  ...  0.000012  7.703257e+06  1.737739e+09
3     1544.224757    0.000114  0.000053  ...  0.000012  7.645940e+06  1.737739e+09
4     1544.223487    0.000171  0.000041  ...  0.000012  7.694794e+06  1.737739e+09
...           ...         ...       ...  ...       ...           ...           ...
1587  1544.224862    0.000100  0.000053  ...  0.000012  7.654056e+06  1.737755e+09
1588  1544.223470    0.000105  0.000041  ...  0.000012  7.701606e+06  1.737755e+09
1589  1544.224935    0.000113  0.000056  ...  0.000012  7.645634e+06  1.737755e+09
1590  1544.223357    0.000101  0.000042  ...  0.000012  7.701402e+06  1.737755e+09
1591  1544.224836    0.000105  0.000055  ...  0.000012  7.641970e+06  1.737755e+09

[1592 rows x 13 columns]
CHANNEL_0_2
           cbragg  cbragg_err   credchi  ...  cdelta_n            cL     timestamp
0     1545.177884    0.000079  0.000016  ...  0.000012  7.682978e+06  1.737739e+09
1     1545.178475    0.000085  0.000014  ...  0.000012  7.667426e+06  1.737739e+09
2     1545.177769    0.000080  0.000016  ...  0.000012  7.687627e+06  1.737739e+09
3     1545.178343    0.000088  0.000014  ...  0.000012  7.673608e+06  1.737739e+09
4     1545.177745    0.000085  0.000018  ...  0.000012  7.656707e+06  1.737739e+09
...           ...         ...       ...  ...       ...           ...           ...
1587  1545.178355    0.000084  0.000014  ...  0.000012  7.693752e+06  1.737755e+09
1588  1545.177905    0.000080  0.000017  ...  0.000012  7.678988e+06  1.737755e+09
1589  1545.178409    0.000153  0.000014  ...  0.000012  7.673800e+06  1.737755e+09
1590  1545.177889    0.000087  0.000017  ...  0.000012  7.656540e+06  1.737755e+09
1591  1545.178308    0.000098  0.000015  ...  0.000012  7.685218e+06  1.737755e+09

[1592 rows x 13 columns]
CHANNEL_0_3
           cbragg  cbragg_err   credchi  ...  cdelta_n            cL     timestamp
0     1546.163895    0.000109  0.000045  ...  0.000012  7.662735e+06  1.737739e+09
1     1546.161767    0.000110  0.000046  ...  0.000012  7.624508e+06  1.737739e+09
2     1546.163859    0.000110  0.000046  ...  0.000012  7.655193e+06  1.737739e+09
3     1546.161592    0.000112  0.000047  ...  0.000012  7.627987e+06  1.737739e+09
4     1546.163858    0.000109  0.000046  ...  0.000012  7.652193e+06  1.737739e+09
...           ...         ...       ...  ...       ...           ...           ...
1587  1546.161710    0.000110  0.000046  ...  0.000012  7.613307e+06  1.737755e+09
1588  1546.163670    0.000113  0.000050  ...  0.000012  7.652115e+06  1.737755e+09
1589  1546.161705    0.000111  0.000047  ...  0.000012  7.619356e+06  1.737755e+09
1590  1546.163788    0.000113  0.000049  ...  0.000012  7.646469e+06  1.737755e+09
1591  1546.161656    0.000113  0.000048  ...  0.000012  7.604402e+06  1.737755e+09

[1592 rows x 13 columns]
CHANNEL_0_4
           cbragg  cbragg_err   credchi  ...  cdelta_n            cL     timestamp
0     1547.155884    0.000114  0.000055  ...  0.000012  7.838553e+06  1.737739e+09
1     1547.157092    0.000118  0.000047  ...  0.000012  7.853226e+06  1.737739e+09
2     1547.155995    0.000114  0.000054  ...  0.000012  7.844036e+06  1.737739e+09
3     1547.157040    0.000117  0.000046  ...  0.000012  7.855171e+06  1.737739e+09
4     1547.155909    0.000115  0.000055  ...  0.000012  7.826563e+06  1.737739e+09
...           ...         ...       ...  ...       ...           ...           ...
1587  1547.156911    0.000118  0.000048  ...  0.000012  7.862570e+06  1.737755e+09
1588  1547.155880    0.000114  0.000055  ...  0.000012  7.846582e+06  1.737755e+09
1589  1547.156905    0.000119  0.000048  ...  0.000012  7.849415e+06  1.737755e+09
1590  1547.155880    0.000166  0.000122  ...  0.000012  8.196598e+06  1.737755e+09
1591  1547.156905    0.000119  0.000048  ...  0.000012  7.860550e+06  1.737755e+09

[1592 rows x 13 columns]
CHANNEL_0_5
           cbragg  cbragg_err   credchi  ...  cdelta_n            cL     timestamp
0     1548.130732    0.000092  0.000032  ...  0.000012  7.710077e+06  1.737739e+09
1     1548.134665    0.000173  0.000176  ...  0.000012  8.024134e+06  1.737739e+09
2     1548.130683    0.000095  0.000034  ...  0.000012  7.708892e+06  1.737739e+09
3     1548.133811    0.000111  0.000071  ...  0.000012  7.829145e+06  1.737739e+09
4     1548.130620    0.000093  0.000033  ...  0.000012  7.714177e+06  1.737739e+09
...           ...         ...       ...  ...       ...           ...           ...
1587  1548.133620    0.000092  0.000048  ...  0.000012  7.647382e+06  1.737755e+09
1588  1548.130252    0.000099  0.000037  ...  0.000012  7.752498e+06  1.737755e+09
1589  1548.133592    0.000095  0.000052  ...  0.000012  7.687206e+06  1.737755e+09
1590  1548.130405    0.000094  0.000033  ...  0.000012  7.697346e+06  1.737755e+09
1591  1548.133700    0.000092  0.000048  ...  0.000012  7.635122e+06  1.737755e+09

[1592 rows x 13 columns]
CHANNEL_0_6
           cbragg  cbragg_err   credchi  ...  cdelta_n            cL     timestamp
0     1549.117207    0.000173  0.000210  ...  0.000012  7.885490e+06  1.737739e+09
1     1549.109180    0.000078  0.000023  ...  0.000012  7.532905e+06  1.737739e+09
2     1549.117222    0.000082  0.000044  ...  0.000012  7.452461e+06  1.737739e+09
3     1549.109153    0.000078  0.000024  ...  0.000012  7.528126e+06  1.737739e+09
4     1549.117189    0.000084  0.000047  ...  0.000012  7.459819e+06  1.737739e+09
...           ...         ...       ...  ...       ...           ...           ...
1587  1549.108935    0.000079  0.000025  ...  0.000012  7.529552e+06  1.737755e+09
1588  1549.117004    0.000083  0.000046  ...  0.000012  7.459530e+06  1.737755e+09
1589  1549.109008    0.000080  0.000025  ...  0.000012  7.527968e+06  1.737755e+09
1590  1549.116918    0.000097  0.000064  ...  0.000012  7.601058e+06  1.737755e+09
1591  1549.108942    0.000079  0.000024  ...  0.000012  7.528040e+06  1.737755e+09

[1592 rows x 13 columns]
CHANNEL_0_7
           cbragg  cbragg_err   credchi  ...  cdelta_n            cL     timestamp
0     1550.112766    0.000118  0.000042  ...  0.000012  7.624752e+06  1.737739e+09
1     1550.117280    0.000117  0.000047  ...  0.000012  7.635733e+06  1.737739e+09
2     1550.112790    0.000120  0.000042  ...  0.000012  7.622885e+06  1.737739e+09
3     1550.117204    0.000118  0.000048  ...  0.000012  7.635607e+06  1.737739e+09
4     1550.112723    0.000119  0.000042  ...  0.000012  7.625376e+06  1.737739e+09
...           ...         ...       ...  ...       ...           ...           ...
1587  1550.117014    0.000117  0.000048  ...  0.000012  7.648202e+06  1.737755e+09
1588  1550.112434    0.000120  0.000043  ...  0.000012  7.629266e+06  1.737755e+09
1589  1550.116931    0.000119  0.000049  ...  0.000012  7.641156e+06  1.737755e+09
1590  1550.112556    0.000121  0.000044  ...  0.000012  7.625362e+06  1.737755e+09
1591  1550.116991    0.000118  0.000048  ...  0.000012  7.648925e+06  1.737755e+09

[1592 rows x 13 columns]
CHANNEL_0_8
           cbragg  cbragg_err   credchi  ...  cdelta_n            cL     timestamp
0     1551.089446    0.000073  0.000016  ...  0.000012  7.610078e+06  1.737739e+09
1     1551.089368    0.000072  0.000018  ...  0.000012  7.594229e+06  1.737739e+09
2     1551.089466    0.000073  0.000016  ...  0.000012  7.605966e+06  1.737739e+09
3     1551.089373    0.000072  0.000018  ...  0.000012  7.575211e+06  1.737739e+09
4     1551.089347    0.000074  0.000016  ...  0.000012  7.595079e+06  1.737739e+09
...           ...         ...       ...  ...       ...           ...           ...
1587  1551.090383    0.000091  0.000030  ...  0.000012  7.752859e+06  1.737755e+09
1588  1551.090339    0.000073  0.000016  ...  0.000012  7.611613e+06  1.737755e+09
1589  1551.090481    0.000072  0.000019  ...  0.000012  7.590615e+06  1.737755e+09
1590  1551.090327    0.000073  0.000016  ...  0.000012  7.618669e+06  1.737755e+09
1591  1551.090465    0.000073  0.000019  ...  0.000012  7.593396e+06  1.737755e+09

[1592 rows x 13 columns]
CHANNEL_0_9
           cbragg  cbragg_err   credchi  ...  cdelta_n            cL     timestamp
0     1552.074737    0.000088  0.000026  ...  0.000012  7.676570e+06  1.737739e+09
1     1552.070050    0.000089  0.000018  ...  0.000012  7.685475e+06  1.737739e+09
2     1552.074781    0.000089  0.000026  ...  0.000012  7.670761e+06  1.737739e+09
3     1552.070099    0.000101  0.000022  ...  0.000012  7.510395e+06  1.737739e+09
4     1552.074651    0.000088  0.000026  ...  0.000012  7.676839e+06  1.737739e+09
...           ...         ...       ...  ...       ...           ...           ...
1587  1552.071138    0.000089  0.000018  ...  0.000012  7.702336e+06  1.737755e+09
1588  1552.075682    0.000088  0.000026  ...  0.000012  7.670267e+06  1.737755e+09
1589  1552.071219    0.000090  0.000018  ...  0.000012  7.695070e+06  1.737755e+09
1590  1552.075627    0.000087  0.000026  ...  0.000012  7.672575e+06  1.737755e+09
1591  1552.071085    0.000090  0.000019  ...  0.000012  7.697544e+06  1.737755e+09

[1592 rows x 13 columns]
CHANNEL_0_10
           cbragg  cbragg_err   credchi  ...  cdelta_n            cL     timestamp
0     1553.075599    0.000091  0.000018  ...  0.000012  7.722310e+06  1.737739e+09
1     1553.078812    0.000091  0.000021  ...  0.000012  7.719619e+06  1.737739e+09
2     1553.075502    0.000091  0.000018  ...  0.000012  7.716468e+06  1.737739e+09
3     1553.078731    0.000091  0.000021  ...  0.000012  7.733694e+06  1.737739e+09
4     1553.075439    0.000093  0.000019  ...  0.000012  7.724918e+06  1.737739e+09
...           ...         ...       ...  ...       ...           ...           ...
1587  1553.079874    0.000091  0.000021  ...  0.000012  7.716464e+06  1.737755e+09
1588  1553.076513    0.000092  0.000019  ...  0.000012  7.716714e+06  1.737755e+09
1589  1553.079886    0.000091  0.000021  ...  0.000012  7.724403e+06  1.737755e+09
1590  1553.076622    0.000092  0.000018  ...  0.000012  7.703667e+06  1.737755e+09
1591  1553.079888    0.000092  0.000021  ...  0.000012  7.717143e+06  1.737755e+09

[1592 rows x 13 columns]
CHANNEL_0_11
           cbragg  cbragg_err   credchi  ...  cdelta_n            cL     timestamp
0     1554.090022    0.000072  0.000013  ...  0.000012  7.651104e+06  1.737739e+09
1     1554.083159    0.000073  0.000010  ...  0.000012  7.629066e+06  1.737739e+09
2     1554.090030    0.000072  0.000013  ...  0.000012  7.641260e+06  1.737739e+09
3     1554.083093    0.000076  0.000011  ...  0.000012  7.640420e+06  1.737739e+09
4     1554.089935    0.000071  0.000012  ...  0.000012  7.641283e+06  1.737739e+09
...           ...         ...       ...  ...       ...           ...           ...
1587  1554.084369    0.000073  0.000010  ...  0.000012  7.647710e+06  1.737755e+09
1588  1554.090943    0.000073  0.000013  ...  0.000012  7.632490e+06  1.737755e+09
1589  1554.084356    0.000074  0.000010  ...  0.000012  7.633711e+06  1.737755e+09
1590  1554.091007    0.000073  0.000013  ...  0.000012  7.641985e+06  1.737755e+09
1591  1554.084312    0.000076  0.000011  ...  0.000012  7.595682e+06  1.737755e+09

[1592 rows x 13 columns]
CHANNEL_0_12
           cbragg  cbragg_err   credchi  ...  cdelta_n            cL     timestamp
0     1555.111352    0.000113  0.000051  ...  0.000012  7.518312e+06  1.737739e+09
1     1555.109659    0.000116  0.000042  ...  0.000012  7.528371e+06  1.737739e+09
2     1555.111399    0.000112  0.000050  ...  0.000012  7.519770e+06  1.737739e+09
3     1555.109620    0.000128  0.000053  ...  0.000012  7.690562e+06  1.737739e+09
4     1555.111285    0.000112  0.000050  ...  0.000012  7.512677e+06  1.737739e+09
...           ...         ...       ...  ...       ...           ...           ...
1587  1555.110769    0.000116  0.000043  ...  0.000012  7.537790e+06  1.737755e+09
1588  1555.112483    0.000112  0.000051  ...  0.000012  7.525475e+06  1.737755e+09
1589  1555.110842    0.000115  0.000042  ...  0.000012  7.543238e+06  1.737755e+09
1590  1555.112457    0.000112  0.000051  ...  0.000012  7.514286e+06  1.737755e+09
1591  1555.110825    0.000116  0.000043  ...  0.000012  7.531231e+06  1.737755e+09

[1592 rows x 13 columns]
CHANNEL_0_13
           cbragg  cbragg_err   credchi  ...  cdelta_n            cL     timestamp
0     1556.085194    0.000141  0.000035  ...  0.000012  7.669943e+06  1.737739e+09
1     1556.085576    0.000137  0.000044  ...  0.000012  7.624490e+06  1.737739e+09
2     1556.085203    0.000142  0.000036  ...  0.000012  7.618318e+06  1.737739e+09
3     1556.085529    0.000138  0.000044  ...  0.000012  7.635960e+06  1.737739e+09
4     1556.085059    0.000144  0.000037  ...  0.000012  7.673397e+06  1.737739e+09
...           ...         ...       ...  ...       ...           ...           ...
1587  1556.086672    0.000140  0.000046  ...  0.000012  7.639912e+06  1.737755e+09
1588  1556.086091    0.000142  0.000036  ...  0.000012  7.683277e+06  1.737755e+09
1589  1556.086607    0.000135  0.000044  ...  0.000012  7.650602e+06  1.737755e+09
1590  1556.086086    0.000144  0.000037  ...  0.000012  7.671006e+06  1.737755e+09
1591  1556.086645    0.000137  0.000045  ...  0.000012  7.640201e+06  1.737755e+09

[1592 rows x 13 columns]
CHANNEL_0_14
           cbragg  cbragg_err   credchi  ...  cdelta_n            cL     timestamp
0     1557.059630    0.000097  0.000042  ...  0.000012  7.635996e+06  1.737739e+09
1     1557.052470    0.000095  0.000022  ...  0.000012  7.698487e+06  1.737739e+09
2     1557.059609    0.000097  0.000042  ...  0.000012  7.637322e+06  1.737739e+09
3     1557.052447    0.000093  0.000021  ...  0.000012  7.713566e+06  1.737739e+09
4     1557.059498    0.000098  0.000043  ...  0.000012  7.636597e+06  1.737739e+09
...           ...         ...       ...  ...       ...           ...           ...
1587  1557.053612    0.000092  0.000021  ...  0.000012  7.712757e+06  1.737755e+09
1588  1557.060640    0.000097  0.000043  ...  0.000012  7.638193e+06  1.737755e+09
1589  1557.053606    0.000093  0.000021  ...  0.000012  7.707896e+06  1.737755e+09
1590  1557.060767    0.000098  0.000043  ...  0.000012  7.636363e+06  1.737755e+09
1591  1557.053628    0.000093  0.000021  ...  0.000012  7.709229e+06  1.737755e+09

[1592 rows x 13 columns]
CHANNEL_1_1
           cbragg  cbragg_err   credchi  ...  cdelta_n            cL     timestamp
0     1555.122989    0.000093  0.000007  ...  0.000012  2.607875e+06  1.737739e+09
1     1555.126250    0.000097  0.000008  ...  0.000012  2.618642e+06  1.737739e+09
2     1555.122752    0.000089  0.000006  ...  0.000012  2.627708e+06  1.737739e+09
3     1555.126101    0.000103  0.000008  ...  0.000012  2.599134e+06  1.737739e+09
4     1555.121768    0.000774  0.000724  ...  0.000012  3.100358e+06  1.737739e+09
...           ...         ...       ...  ...       ...           ...           ...
1587  1555.125986    0.000233  0.000039  ...  0.000012  2.516633e+06  1.737755e+09
1588  1555.122500    0.000120  0.000011  ...  0.000012  2.604412e+06  1.737755e+09
1589  1555.126131    0.000762  0.000312  ...  0.000012  2.296713e+06  1.737755e+09
1590  1555.121709    0.000918  0.001093  ...  0.000012  3.194974e+06  1.737755e+09
1591  1555.125804    0.000092  0.000007  ...  0.000012  2.619609e+06  1.737755e+09

[1592 rows x 13 columns]
CHANNEL_1_2
           cbragg  cbragg_err   credchi  ...  cdelta_n            cL     timestamp
0     1558.272112    0.000116  0.000019  ...  0.000012  2.786612e+06  1.737739e+09
1     1558.275072    0.000106  0.000015  ...  0.000012  2.802012e+06  1.737739e+09
2     1558.272049    0.000156  0.000036  ...  0.000012  2.849872e+06  1.737739e+09
3     1558.275090    0.000109  0.000016  ...  0.000012  2.790501e+06  1.737739e+09
4     1558.272003    0.000120  0.000021  ...  0.000012  2.812069e+06  1.737739e+09
...           ...         ...       ...  ...       ...           ...           ...
1587  1558.274923    0.000110  0.000017  ...  0.000012  2.799838e+06  1.737755e+09
1588  1558.271987    0.000113  0.000018  ...  0.000012  2.798988e+06  1.737755e+09
1589  1558.274952    0.000108  0.000016  ...  0.000012  2.814897e+06  1.737755e+09
1590  1558.270294    0.000934  0.001984  ...  0.000012  3.391597e+06  1.737755e+09
1591  1558.274760    0.000108  0.000016  ...  0.000012  2.817704e+06  1.737755e+09

[1592 rows x 13 columns]
CHANNEL_1_3
           cbragg  cbragg_err   credchi  ...  cdelta_n            cL     timestamp
0     1561.091101    0.000312  0.000149  ...  0.000012  2.798309e+06  1.737739e+09
1     1561.087916    0.000103  0.000015  ...  0.000012  2.866532e+06  1.737739e+09
2     1561.091527    0.000069  0.000008  ...  0.000012  2.902139e+06  1.737739e+09
3     1561.087818    0.000048  0.000003  ...  0.000012  2.940010e+06  1.737739e+09
4     1561.091198    0.000289  0.000163  ...  0.000012  3.108105e+06  1.737739e+09
...           ...         ...       ...  ...       ...           ...           ...
1587  1561.088106    0.000712  0.001220  ...  0.000012  3.478675e+06  1.737755e+09
1588  1561.092121    0.000068  0.000008  ...  0.000012  2.916179e+06  1.737755e+09
1589  1561.088919    0.000039  0.000002  ...  0.000012  2.929120e+06  1.737755e+09
1590  1561.092308    0.000038  0.000002  ...  0.000012  2.929697e+06  1.737755e+09
1591  1561.089099    0.000057  0.000002  ...  0.000012  2.921574e+06  1.737755e+09

[1592 rows x 13 columns]
CHANNEL_2_1
           cbragg  cbragg_err   credchi  ...  cdelta_n            cL     timestamp
0     1542.601780    0.015769  0.003951  ...  0.000012  1.070122e+06  1.737739e+09
1     1542.576352    0.000063  0.000004  ...  0.000012  2.749811e+06  1.737739e+09
2     1542.576710    0.000061  0.000003  ...  0.000012  2.748578e+06  1.737739e+09
3     1542.576388    0.000064  0.000004  ...  0.000012  2.749273e+06  1.737739e+09
4     1542.576586    0.000061  0.000003  ...  0.000012  2.748681e+06  1.737739e+09
...           ...         ...       ...  ...       ...           ...           ...
1587  1542.581947         NaN  0.002183  ...  0.000012  1.666561e+06  1.737755e+09
1588  1542.576566    0.000071  0.000004  ...  0.000012  2.745306e+06  1.737755e+09
1589  1542.576273    0.000071  0.000004  ...  0.000012  2.744762e+06  1.737755e+09
1590  1542.576632    0.000064  0.000004  ...  0.000012  2.748445e+06  1.737755e+09
1591  1542.576327    0.000065  0.000004  ...  0.000012  2.749025e+06  1.737755e+09

[1592 rows x 13 columns]
CHANNEL_2_2
           cbragg  cbragg_err   credchi  ...  cdelta_n            cL     timestamp
0     1546.011437    0.001312  0.002259  ...  0.000012  3.394957e+06  1.737739e+09
1     1546.011487    0.000274  0.000074  ...  0.000012  2.817825e+06  1.737739e+09
2     1546.010972    0.000147  0.000017  ...  0.000012  2.669269e+06  1.737739e+09
3     1546.011724    0.001296  0.002823  ...  0.000012  3.547541e+06  1.737739e+09
4     1546.010827    0.000239  0.000039  ...  0.000012  2.576034e+06  1.737739e+09
...           ...         ...       ...  ...       ...           ...           ...
1587  1546.011352    0.000145  0.000018  ...  0.000012  2.670776e+06  1.737755e+09
1588  1546.010859    0.000179  0.000024  ...  0.000012  2.602158e+06  1.737755e+09
1589  1546.011317    0.000220  0.000046  ...  0.000012  2.765497e+06  1.737755e+09
1590  1546.010943    0.000241  0.000049  ...  0.000012  2.761117e+06  1.737755e+09
1591  1546.011362    0.000146  0.000018  ...  0.000012  2.663473e+06  1.737755e+09

[1592 rows x 13 columns]
CHANNEL_2_3
           cbragg  cbragg_err   credchi  ...  cdelta_n            cL     timestamp
0     1548.601241    0.000152  0.000023  ...  0.000012  2.822858e+06  1.737739e+09
1     1548.603361    0.000267  0.000090  ...  0.000012  3.057039e+06  1.737739e+09
2     1548.601379    0.000199  0.000037  ...  0.000012  2.785262e+06  1.737739e+09
3     1548.603550    0.000118  0.000015  ...  0.000012  2.850964e+06  1.737739e+09
4     1548.601183    0.000381  0.000124  ...  0.000012  2.689399e+06  1.737739e+09
...           ...         ...       ...  ...       ...           ...           ...
1587  1548.604532    0.000107  0.000012  ...  0.000012  2.875634e+06  1.737755e+09
1588  1548.602208    0.000125  0.000017  ...  0.000012  2.880868e+06  1.737755e+09
1589  1548.604565    0.000095  0.000010  ...  0.000012  2.889476e+06  1.737755e+09
1590  1548.602426    0.000101  0.000011  ...  0.000012  2.896263e+06  1.737755e+09
1591  1548.604591    0.000101  0.000011  ...  0.000012  2.876115e+06  1.737755e+09

[1592 rows x 13 columns]
CHANNEL_3_1
           cbragg  cbragg_err   credchi  ...  cdelta_n            cL     timestamp
0     1543.634102    0.000101  0.000022  ...  0.000012  7.855564e+06  1.737739e+09
1     1543.621075    0.000104  0.000015  ...  0.000012  7.894439e+06  1.737739e+09
2     1543.634130    0.000189  0.000022  ...  0.000012  7.852146e+06  1.737739e+09
3     1543.621006    0.000117  0.000014  ...  0.000012  7.898441e+06  1.737739e+09
4     1543.634000    0.000174  0.000023  ...  0.000012  7.846793e+06  1.737739e+09
...           ...         ...       ...  ...       ...           ...           ...
1587  1543.620777    0.000235  0.000014  ...  0.000012  7.893004e+06  1.737755e+09
1588  1543.633894    0.000120  0.000023  ...  0.000012  7.845227e+06  1.737755e+09
1589  1543.620782    0.000131  0.000015  ...  0.000012  7.907986e+06  1.737755e+09
1590  1543.633829    0.000196  0.000023  ...  0.000012  7.836940e+06  1.737755e+09
1591  1543.620787    0.000104  0.000014  ...  0.000012  7.904023e+06  1.737755e+09

[1592 rows x 13 columns]
CHANNEL_3_2
           cbragg  cbragg_err   credchi  ...  cdelta_n            cL     timestamp
0     1544.659846    0.000116  0.000029  ...  0.000012  7.869173e+06  1.737739e+09
1     1544.652626    0.000154  0.000033  ...  0.000012  7.822896e+06  1.737739e+09
2     1544.659789    0.000115  0.000028  ...  0.000012  7.880091e+06  1.737739e+09
3     1544.652643    0.000118  0.000033  ...  0.000012  7.826452e+06  1.737739e+09
4     1544.659789    0.000114  0.000029  ...  0.000012  7.873128e+06  1.737739e+09
...           ...         ...       ...  ...       ...           ...           ...
1587  1544.652581    0.000368  0.000034  ...  0.000012  7.828469e+06  1.737755e+09
1588  1544.659510    0.000149  0.000029  ...  0.000012  7.884542e+06  1.737755e+09
1589  1544.652495    0.000125  0.000034  ...  0.000012  7.836197e+06  1.737755e+09
1590  1544.659541    0.000138  0.000030  ...  0.000012  7.874144e+06  1.737755e+09
1591  1544.652555    0.000137  0.000034  ...  0.000012  7.836890e+06  1.737755e+09

[1592 rows x 13 columns]
CHANNEL_3_3
           cbragg  cbragg_err   credchi  ...  cdelta_n            cL     timestamp
0     1545.658270    0.000106  0.000034  ...  0.000012  7.621230e+06  1.737739e+09
1     1545.649257    0.000106  0.000022  ...  0.000012  7.633378e+06  1.737739e+09
2     1545.658181    0.000116  0.000041  ...  0.000012  7.721521e+06  1.737739e+09
3     1545.649275    0.000108  0.000023  ...  0.000012  7.632000e+06  1.737739e+09
4     1545.658193    0.000109  0.000036  ...  0.000012  7.616571e+06  1.737739e+09
...           ...         ...       ...  ...       ...           ...           ...
1587  1545.649156    0.000107  0.000023  ...  0.000012  7.635342e+06  1.737755e+09
1588  1545.657995    0.000110  0.000037  ...  0.000012  7.608463e+06  1.737755e+09
1589  1545.649078    0.000111  0.000025  ...  0.000012  7.622701e+06  1.737755e+09
1590  1545.658102    0.000106  0.000034  ...  0.000012  7.612059e+06  1.737755e+09
1591  1545.649127    0.000110  0.000024  ...  0.000012  7.633634e+06  1.737755e+09

[1592 rows x 13 columns]
CHANNEL_3_4
           cbragg  cbragg_err   credchi  ...  cdelta_n            cL     timestamp
0     1546.631601    0.000173  0.000081  ...  0.000012  8.249130e+06  1.737739e+09
1     1546.621108    0.000092  0.000019  ...  0.000012  7.789039e+06  1.737739e+09
2     1546.631504    0.000094  0.000022  ...  0.000012  7.727833e+06  1.737739e+09
3     1546.621089    0.000095  0.000020  ...  0.000012  7.767631e+06  1.737739e+09
4     1546.631572    0.000094  0.000022  ...  0.000012  7.786235e+06  1.737739e+09
...           ...         ...       ...  ...       ...           ...           ...
1587  1546.621109    0.000096  0.000021  ...  0.000012  7.731483e+06  1.737755e+09
1588  1546.631454    0.000096  0.000023  ...  0.000012  7.782723e+06  1.737755e+09
1589  1546.621119    0.000095  0.000020  ...  0.000012  7.754955e+06  1.737755e+09
1590  1546.631486    0.000096  0.000023  ...  0.000012  7.720231e+06  1.737755e+09
1591  1546.621113    0.000097  0.000021  ...  0.000012  7.758231e+06  1.737755e+09

[1592 rows x 13 columns]
CHANNEL_3_5
           cbragg  cbragg_err   credchi  ...  cdelta_n            cL     timestamp
0     1547.646710    0.000079  0.000014  ...  0.000012  7.615330e+06  1.737739e+09
1     1547.644388    0.000077  0.000015  ...  0.000012  7.590813e+06  1.737739e+09
2     1547.646704    0.000079  0.000014  ...  0.000012  7.611697e+06  1.737739e+09
3     1547.644352    0.000078  0.000015  ...  0.000012  7.596803e+06  1.737739e+09
4     1547.646759    0.000077  0.000013  ...  0.000012  7.620282e+06  1.737739e+09
...           ...         ...       ...  ...       ...           ...           ...
1587  1547.644280    0.000077  0.000015  ...  0.000012  7.591098e+06  1.737755e+09
1588  1547.646616    0.000079  0.000014  ...  0.000012  7.612080e+06  1.737755e+09
1589  1547.644359    0.000078  0.000015  ...  0.000012  7.589157e+06  1.737755e+09
1590  1547.646658    0.000079  0.000014  ...  0.000012  7.605791e+06  1.737755e+09
1591  1547.644375    0.000076  0.000014  ...  0.000012  7.587523e+06  1.737755e+09

[1592 rows x 13 columns]
CHANNEL_3_6
           cbragg  cbragg_err   credchi  ...  cdelta_n            cL     timestamp
0     1548.636877    0.000079  0.000020  ...  0.000012  7.808558e+06  1.737739e+09
1     1548.624827    0.000077  0.000011  ...  0.000012  7.890441e+06  1.737739e+09
2     1548.636904    0.000077  0.000019  ...  0.000012  7.807440e+06  1.737739e+09
3     1548.624909    0.000074  0.000010  ...  0.000012  7.893709e+06  1.737739e+09
4     1548.636843    0.000079  0.000020  ...  0.000012  7.811069e+06  1.737739e+09
...           ...         ...       ...  ...       ...           ...           ...
1587  1548.625098    0.000072  0.000010  ...  0.000012  7.910073e+06  1.737755e+09
1588  1548.636927    0.000076  0.000019  ...  0.000012  7.825649e+06  1.737755e+09
1589  1548.625011    0.000072  0.000010  ...  0.000012  7.911533e+06  1.737755e+09
1590  1548.636953    0.000075  0.000019  ...  0.000012  7.822587e+06  1.737755e+09
1591  1548.625078    0.000072  0.000010  ...  0.000012  7.892062e+06  1.737755e+09

[1592 rows x 13 columns]
CHANNEL_3_7
           cbragg  cbragg_err   credchi  ...  cdelta_n            cL     timestamp
0     1549.650891    0.000087  0.000014  ...  0.000012  7.574477e+06  1.737739e+09
1     1549.651752    0.000087  0.000021  ...  0.000012  7.528249e+06  1.737739e+09
2     1549.650860    0.000087  0.000014  ...  0.000012  7.574025e+06  1.737739e+09
3     1549.651790    0.000086  0.000020  ...  0.000012  7.546044e+06  1.737739e+09
4     1549.650752    0.000087  0.000013  ...  0.000012  7.578877e+06  1.737739e+09
...           ...         ...       ...  ...       ...           ...           ...
1587  1549.651730    0.000088  0.000022  ...  0.000012  7.523508e+06  1.737755e+09
1588  1549.650740    0.000089  0.000014  ...  0.000012  7.573332e+06  1.737755e+09
1589  1549.651779    0.000087  0.000021  ...  0.000012  7.526924e+06  1.737755e+09
1590  1549.650806    0.000089  0.000014  ...  0.000012  7.580654e+06  1.737755e+09
1591  1549.651804    0.000087  0.000021  ...  0.000012  7.528375e+06  1.737755e+09

[1592 rows x 13 columns]
CHANNEL_3_8
           cbragg  cbragg_err   credchi  ...  cdelta_n            cL     timestamp
0     1550.608214    0.000090  0.000019  ...  0.000012  7.627436e+06  1.737739e+09
1     1550.598948    0.000089  0.000011  ...  0.000012  7.712987e+06  1.737739e+09
2     1550.608227    0.000091  0.000020  ...  0.000012  7.636501e+06  1.737739e+09
3     1550.598940    0.000089  0.000011  ...  0.000012  7.702577e+06  1.737739e+09
4     1550.608165    0.000090  0.000019  ...  0.000012  7.615607e+06  1.737739e+09
...           ...         ...       ...  ...       ...           ...           ...
1587  1550.599881    0.000088  0.000011  ...  0.000012  7.719205e+06  1.737755e+09
1588  1550.609117    0.000089  0.000019  ...  0.000012  7.649752e+06  1.737755e+09
1589  1550.599843    0.000088  0.000011  ...  0.000012  7.659143e+06  1.737755e+09
1590  1550.609144    0.000088  0.000019  ...  0.000012  7.645253e+06  1.737755e+09
1591  1550.599827    0.000088  0.000011  ...  0.000012  7.715868e+06  1.737755e+09

[1592 rows x 13 columns]
CHANNEL_3_9
           cbragg  cbragg_err   credchi  ...  cdelta_n            cL     timestamp
0     1551.602655    0.000094  0.000013  ...  0.000012  7.705919e+06  1.737739e+09
1     1551.599996    0.000089  0.000016  ...  0.000012  7.659684e+06  1.737739e+09
2     1551.602715    0.000094  0.000013  ...  0.000012  7.706763e+06  1.737739e+09
3     1551.599944    0.000088  0.000016  ...  0.000012  7.678880e+06  1.737739e+09
4     1551.602644    0.000093  0.000012  ...  0.000012  7.701738e+06  1.737739e+09
...           ...         ...       ...  ...       ...           ...           ...
1587  1551.600936    0.000091  0.000017  ...  0.000012  7.660894e+06  1.737755e+09
1588  1551.603571    0.000096  0.000013  ...  0.000012  7.683738e+06  1.737755e+09
1589  1551.600984    0.000089  0.000016  ...  0.000012  7.668170e+06  1.737755e+09
1590  1551.603618    0.000092  0.000012  ...  0.000012  7.667573e+06  1.737755e+09
1591  1551.600901    0.000089  0.000016  ...  0.000012  7.665764e+06  1.737755e+09

[1592 rows x 13 columns]
CHANNEL_3_10
           cbragg  cbragg_err   credchi  ...  cdelta_n            cL     timestamp
0     1552.611386    0.000101  0.000017  ...  0.000012  7.710887e+06  1.737739e+09
1     1552.604527    0.000105  0.000015  ...  0.000012  7.782686e+06  1.737739e+09
2     1552.611168    0.000102  0.000018  ...  0.000012  7.766117e+06  1.737739e+09
3     1552.604375    0.000103  0.000015  ...  0.000012  7.798502e+06  1.737739e+09
4     1552.611165    0.000102  0.000017  ...  0.000012  7.771805e+06  1.737739e+09
...           ...         ...       ...  ...       ...           ...           ...
1587  1552.605393    0.000103  0.000015  ...  0.000012  7.798574e+06  1.737755e+09
1588  1552.612178    0.000102  0.000018  ...  0.000012  7.777480e+06  1.737755e+09
1589  1552.605347    0.000104  0.000015  ...  0.000012  7.797435e+06  1.737755e+09
1590  1552.612373    0.000099  0.000017  ...  0.000012  7.777353e+06  1.737755e+09
1591  1552.605499    0.000106  0.000015  ...  0.000012  7.784868e+06  1.737755e+09

[1592 rows x 13 columns]
CHANNEL_3_11
           cbragg  cbragg_err   credchi  ...  cdelta_n            cL     timestamp
0     1553.580334    0.000123  0.000034  ...  0.000012  7.967567e+06  1.737739e+09
1     1553.569650    0.000124  0.000027  ...  0.000012  7.940742e+06  1.737739e+09
2     1553.580344    0.000124  0.000034  ...  0.000012  7.960598e+06  1.737739e+09
3     1553.569521    0.000124  0.000027  ...  0.000012  7.940241e+06  1.737739e+09
4     1553.580360    0.000123  0.000034  ...  0.000012  7.971382e+06  1.737739e+09
...           ...         ...       ...  ...       ...           ...           ...
1587  1553.570683    0.000125  0.000028  ...  0.000012  7.936481e+06  1.737755e+09
1588  1553.581431    0.000125  0.000035  ...  0.000012  7.948119e+06  1.737755e+09
1589  1553.570598    0.000125  0.000028  ...  0.000012  7.933099e+06  1.737755e+09
1590  1553.581478    0.000124  0.000034  ...  0.000012  7.952869e+06  1.737755e+09
1591  1553.570675    0.000123  0.000027  ...  0.000012  7.944949e+06  1.737755e+09

[1592 rows x 13 columns]
CHANNEL_3_12
           cbragg  cbragg_err   credchi  ...  cdelta_n            cL     timestamp
0     1554.553647    0.000093  0.000017  ...  0.000012  7.815054e+06  1.737739e+09
1     1554.548907    0.000097  0.000014  ...  0.000012  7.839333e+06  1.737739e+09
2     1554.553637    0.000093  0.000017  ...  0.000012  7.820110e+06  1.737739e+09
3     1554.548903    0.000098  0.000014  ...  0.000012  7.835446e+06  1.737739e+09
4     1554.553572    0.000093  0.000017  ...  0.000012  7.816016e+06  1.737739e+09
...           ...         ...       ...  ...       ...           ...           ...
1587  1554.549916    0.000100  0.000015  ...  0.000012  7.889426e+06  1.737755e+09
1588  1554.554716    0.000095  0.000018  ...  0.000012  7.803196e+06  1.737755e+09
1589  1554.549972    0.000096  0.000014  ...  0.000012  7.835698e+06  1.737755e+09
1590  1554.554710    0.000093  0.000017  ...  0.000012  7.819997e+06  1.737755e+09
1591  1554.549962    0.000118  0.000020  ...  0.000012  7.896877e+06  1.737755e+09

[1592 rows x 13 columns]
CHANNEL_3_13
           cbragg  cbragg_err   credchi  ...  cdelta_n            cL     timestamp
0     1555.561561    0.000087  0.000012  ...  0.000012  7.627604e+06  1.737739e+09
1     1555.555805    0.000088  0.000013  ...  0.000012  7.579413e+06  1.737739e+09
2     1555.561698    0.000088  0.000012  ...  0.000012  7.628955e+06  1.737739e+09
3     1555.555703    0.000087  0.000013  ...  0.000012  7.595220e+06  1.737739e+09
4     1555.561527    0.000088  0.000012  ...  0.000012  7.633750e+06  1.737739e+09
...           ...         ...       ...  ...       ...           ...           ...
1587  1555.556864    0.000084  0.000012  ...  0.000012  7.608584e+06  1.737755e+09
1588  1555.562727    0.000086  0.000012  ...  0.000012  7.635697e+06  1.737755e+09
1589  1555.556899    0.000086  0.000013  ...  0.000012  7.584680e+06  1.737755e+09
1590  1555.562669    0.000084  0.000011  ...  0.000012  7.650660e+06  1.737755e+09
1591  1555.556989    0.000082  0.000012  ...  0.000012  7.584388e+06  1.737755e+09

[1592 rows x 13 columns]
CHANNEL_3_14
           cbragg  cbragg_err   credchi  ...  cdelta_n            cL     timestamp
0     1556.515780    0.000183  0.000073  ...  0.000012  7.735400e+06  1.737739e+09
1     1556.509280    0.000180  0.000045  ...  0.000012  7.799344e+06  1.737739e+09
2     1556.515798    0.000181  0.000071  ...  0.000012  7.735770e+06  1.737739e+09
3     1556.509231    0.000180  0.000045  ...  0.000012  7.790472e+06  1.737739e+09
4     1556.515737    0.000177  0.000068  ...  0.000012  7.729864e+06  1.737739e+09
...           ...         ...       ...  ...       ...           ...           ...
1587  1556.510210    0.000181  0.000046  ...  0.000012  7.800636e+06  1.737755e+09
1588  1556.516802    0.000180  0.000072  ...  0.000012  7.735711e+06  1.737755e+09
1589  1556.510130    0.000183  0.000048  ...  0.000012  7.796503e+06  1.737755e+09
1590  1556.516817    0.000181  0.000073  ...  0.000012  7.738783e+06  1.737755e+09
1591  1556.510206    0.000188  0.000050  ...  0.000012  7.803262e+06  1.737755e+09

[1592 rows x 13 columns]
