000 (11451992.155.000) 01/28 14:31:49 Job submitted from host: <188.185.114.121:9618?addrs=188.185.114.121-9618+[2001-1458-d00-a--100-273]-9618&alias=bigbird19.cern.ch&noUDP&sock=schedd_2045_4743>
...
040 (11451992.155.000) 01/28 14:36:45 Started transferring input files
	Transferring to host: <188.185.196.24:9618?addrs=188.185.196.24-9618+[2001-1458-303-23--100-14]-9618&alias=b9p16p0894.cern.ch&noUDP&sock=slot1_27_2006066_b961_63769>
...
040 (11451992.155.000) 01/28 14:36:45 Finished transferring input files
...
001 (11451992.155.000) 01/28 14:36:46 Job executing on host: <188.185.196.24:9618?addrs=188.185.196.24-9618+[2001-1458-303-23--100-14]-9618&alias=b9p16p0894.cern.ch&noUDP&sock=startd_7327_4a81>
	SlotName: slot1_27@b9p16p0894.cern.ch
	CondorScratchDir = "/pool/condor/dir_1179090"
	Cpus = 1
	Disk = 2899443
	Memory = 3000
...
006 (11451992.155.000) 01/28 14:36:54 Image size of job updated: 1
	0  -  MemoryUsage of job (MB)
	0  -  ResidentSetSize of job (KB)
...
006 (11451992.155.000) 01/28 14:41:54 Image size of job updated: 133112
	130  -  MemoryUsage of job (MB)
	132984  -  ResidentSetSize of job (KB)
...
006 (11451992.155.000) 01/28 14:46:55 Image size of job updated: 205084
	201  -  MemoryUsage of job (MB)
	204840  -  ResidentSetSize of job (KB)
...
006 (11451992.155.000) 01/28 14:51:56 Image size of job updated: 285936
	280  -  MemoryUsage of job (MB)
	285808  -  ResidentSetSize of job (KB)
...
006 (11451992.155.000) 01/28 14:56:56 Image size of job updated: 373484
	365  -  MemoryUsage of job (MB)
	373368  -  ResidentSetSize of job (KB)
...
006 (11451992.155.000) 01/28 15:01:57 Image size of job updated: 462260
	452  -  MemoryUsage of job (MB)
	462008  -  ResidentSetSize of job (KB)
...
006 (11451992.155.000) 01/28 15:06:58 Image size of job updated: 549288
	537  -  MemoryUsage of job (MB)
	549288  -  ResidentSetSize of job (KB)
...
006 (11451992.155.000) 01/28 15:11:58 Image size of job updated: 566892
	537  -  MemoryUsage of job (MB)
	549288  -  ResidentSetSize of job (KB)
...
006 (11451992.155.000) 01/28 15:16:58 Image size of job updated: 568208
	555  -  MemoryUsage of job (MB)
	568080  -  ResidentSetSize of job (KB)
...
006 (11451992.155.000) 01/28 15:21:59 Image size of job updated: 631392
	590  -  MemoryUsage of job (MB)
	603224  -  ResidentSetSize of job (KB)
...
006 (11451992.155.000) 01/28 15:26:59 Image size of job updated: 650720
	636  -  MemoryUsage of job (MB)
	650464  -  ResidentSetSize of job (KB)
...
006 (11451992.155.000) 01/28 15:31:59 Image size of job updated: 718056
	701  -  MemoryUsage of job (MB)
	717804  -  ResidentSetSize of job (KB)
...
006 (11451992.155.000) 01/28 15:37:00 Image size of job updated: 891140
	871  -  MemoryUsage of job (MB)
	891012  -  ResidentSetSize of job (KB)
...
006 (11451992.155.000) 01/28 15:42:01 Image size of job updated: 1070628
	1033  -  MemoryUsage of job (MB)
	1057064  -  ResidentSetSize of job (KB)
...
006 (11451992.155.000) 01/28 15:47:01 Image size of job updated: 1268220
	1225  -  MemoryUsage of job (MB)
	1253644  -  ResidentSetSize of job (KB)
...
006 (11451992.155.000) 01/28 15:52:02 Image size of job updated: 1338372
	1254  -  MemoryUsage of job (MB)
	1283272  -  ResidentSetSize of job (KB)
...
006 (11451992.155.000) 01/28 16:02:03 Image size of job updated: 1363180
	1332  -  MemoryUsage of job (MB)
	1363052  -  ResidentSetSize of job (KB)
...
006 (11451992.155.000) 01/28 16:07:03 Image size of job updated: 1422996
	1332  -  MemoryUsage of job (MB)
	1363052  -  ResidentSetSize of job (KB)
...
006 (11451992.155.000) 01/28 16:22:04 Image size of job updated: 1422996
	1341  -  MemoryUsage of job (MB)
	1372552  -  ResidentSetSize of job (KB)
...
006 (11451992.155.000) 01/28 16:42:07 Image size of job updated: 1422996
	1358  -  MemoryUsage of job (MB)
	1389724  -  ResidentSetSize of job (KB)
...
006 (11451992.155.000) 01/28 16:47:08 Image size of job updated: 1422996
	1376  -  MemoryUsage of job (MB)
	1408936  -  ResidentSetSize of job (KB)
...
006 (11451992.155.000) 01/28 16:52:08 Image size of job updated: 1433308
	1400  -  MemoryUsage of job (MB)
	1433160  -  ResidentSetSize of job (KB)
...
006 (11451992.155.000) 01/28 16:57:08 Image size of job updated: 1464560
	1431  -  MemoryUsage of job (MB)
	1464560  -  ResidentSetSize of job (KB)
...
006 (11451992.155.000) 01/28 17:02:09 Image size of job updated: 1499732
	1465  -  MemoryUsage of job (MB)
	1499732  -  ResidentSetSize of job (KB)
...
006 (11451992.155.000) 01/28 17:07:09 Image size of job updated: 1519360
	1484  -  MemoryUsage of job (MB)
	1519360  -  ResidentSetSize of job (KB)
...
006 (11451992.155.000) 01/28 17:12:09 Image size of job updated: 1542384
	1507  -  MemoryUsage of job (MB)
	1542384  -  ResidentSetSize of job (KB)
...
006 (11451992.155.000) 01/28 17:13:31 Image size of job updated: 1572544
	1507  -  MemoryUsage of job (MB)
	1542384  -  ResidentSetSize of job (KB)
...
040 (11451992.155.000) 01/28 17:13:31 Started transferring output files
...
040 (11451992.155.000) 01/28 17:13:31 Finished transferring output files
...
005 (11451992.155.000) 01/28 17:13:31 Job terminated.
	(1) Normal termination (return value 0)
		Usr 0 02:22:12, Sys 0 00:00:32  -  Run Remote Usage
		Usr 0 00:00:00, Sys 0 00:00:00  -  Run Local Usage
		Usr 0 02:22:12, Sys 0 00:00:32  -  Total Remote Usage
		Usr 0 00:00:00, Sys 0 00:00:00  -  Total Local Usage
	40692  -  Run Bytes Sent By Job
	5797  -  Run Bytes Received By Job
	40692  -  Total Bytes Sent By Job
	5797  -  Total Bytes Received By Job
	Partitionable Resources :    Usage  Request Allocated 
	   Cpus                 :     0.90        1         1 
	   Disk (KB)            :    66          10   2899443 
	   Memory (MB)          :  1507        3000      3000 

	Job terminated of its own accord at 2025-01-28T16:13:31Z with exit-code 0.
...
