CHANNEL_0_1
           cbragg  cbragg_err   credchi  ...  cdelta_n            cL     timestamp
0     1544.610381    0.000106  0.000048  ...  0.000012  7.692382e+06  1.735918e+09
1     1544.618789    0.000102  0.000057  ...  0.000012  7.680103e+06  1.735918e+09
2     1544.610353    0.000145  0.000047  ...  0.000012  7.695252e+06  1.735918e+09
3     1544.618834    0.000243  0.000057  ...  0.000012  7.688415e+06  1.735918e+09
4     1544.610383    0.000127  0.000048  ...  0.000012  7.694602e+06  1.735918e+09
...           ...         ...       ...  ...       ...           ...           ...
1587  1544.619672    0.000105  0.000059  ...  0.000012  7.665696e+06  1.735934e+09
1588  1544.611024    0.000147  0.000049  ...  0.000012  7.676604e+06  1.735934e+09
1589  1544.619636    0.000224  0.000057  ...  0.000012  7.679659e+06  1.735934e+09
1590  1544.610996    0.000182  0.000047  ...  0.000012  7.681176e+06  1.735934e+09
1591  1544.619669    0.000104  0.000056  ...  0.000012  7.683118e+06  1.735934e+09

[1592 rows x 13 columns]
CHANNEL_0_2
           cbragg  cbragg_err   credchi  ...  cdelta_n            cL     timestamp
0     1545.435475    0.000094  0.000020  ...  0.000012  7.678866e+06  1.735918e+09
1     1545.437560    0.000093  0.000022  ...  0.000012  7.673330e+06  1.735918e+09
2     1545.435304    0.000093  0.000019  ...  0.000012  7.682050e+06  1.735918e+09
3     1545.437297    0.000093  0.000021  ...  0.000012  7.674807e+06  1.735918e+09
4     1545.435347    0.000092  0.000019  ...  0.000012  7.672168e+06  1.735918e+09
...           ...         ...       ...  ...       ...           ...           ...
1587  1545.437791    0.000095  0.000022  ...  0.000012  7.639272e+06  1.735934e+09
1588  1545.435729    0.000096  0.000020  ...  0.000012  7.660233e+06  1.735934e+09
1589  1545.437808    0.000095  0.000022  ...  0.000012  7.593927e+06  1.735934e+09
1590  1545.435758    0.000095  0.000020  ...  0.000012  7.649049e+06  1.735934e+09
1591  1545.437800    0.000095  0.000022  ...  0.000012  7.642951e+06  1.735934e+09

[1592 rows x 13 columns]
CHANNEL_0_3
           cbragg  cbragg_err   credchi  ...  cdelta_n            cL     timestamp
0     1546.117888    0.000106  0.000037  ...  0.000012  7.686732e+06  1.735918e+09
1     1546.126766    0.000120  0.000066  ...  0.000012  7.789978e+06  1.735918e+09
2     1546.117724    0.000108  0.000039  ...  0.000012  7.682410e+06  1.735918e+09
3     1546.126794    0.000107  0.000052  ...  0.000012  7.666412e+06  1.735918e+09
4     1546.117706    0.000109  0.000039  ...  0.000012  7.711272e+06  1.735918e+09
...           ...         ...       ...  ...       ...           ...           ...
1587  1546.127744    0.000109  0.000054  ...  0.000012  7.665333e+06  1.735934e+09
1588  1546.118803    0.000109  0.000039  ...  0.000012  7.689755e+06  1.735934e+09
1589  1546.127694    0.000109  0.000053  ...  0.000012  7.669325e+06  1.735934e+09
1590  1546.118676    0.000109  0.000039  ...  0.000012  7.664790e+06  1.735934e+09
1591  1546.127732    0.000111  0.000055  ...  0.000012  7.663883e+06  1.735934e+09

[1592 rows x 13 columns]
CHANNEL_0_4
           cbragg  cbragg_err   credchi  ...  cdelta_n            cL     timestamp
0     1547.117507    0.000113  0.000047  ...  0.000012  7.869036e+06  1.735918e+09
1     1547.119648    0.000111  0.000050  ...  0.000012  7.868351e+06  1.735918e+09
2     1547.117252    0.000115  0.000047  ...  0.000012  7.871807e+06  1.735918e+09
3     1547.119338    0.000148  0.000091  ...  0.000012  8.107523e+06  1.735918e+09
4     1547.117363    0.000113  0.000046  ...  0.000012  7.869200e+06  1.735918e+09
...           ...         ...       ...  ...       ...           ...           ...
1587  1547.120332    0.000114  0.000052  ...  0.000012  7.845003e+06  1.735934e+09
1588  1547.118363    0.000116  0.000048  ...  0.000012  7.859617e+06  1.735934e+09
1589  1547.120262    0.000154  0.000099  ...  0.000012  8.173932e+06  1.735934e+09
1590  1547.118241    0.000116  0.000048  ...  0.000012  7.869317e+06  1.735934e+09
1591  1547.120221    0.000114  0.000053  ...  0.000012  7.915674e+06  1.735934e+09

[1592 rows x 13 columns]
CHANNEL_0_5
           cbragg  cbragg_err   credchi  ...  cdelta_n            cL     timestamp
0     1548.091175    0.000090  0.000041  ...  0.000012  7.709077e+06  1.735918e+09
1     1548.096382    0.000092  0.000036  ...  0.000012  7.720991e+06  1.735918e+09
2     1548.091115    0.000087  0.000038  ...  0.000012  7.724834e+06  1.735918e+09
3     1548.096283    0.000095  0.000039  ...  0.000012  7.718813e+06  1.735918e+09
4     1548.091287    0.000101  0.000051  ...  0.000012  7.809838e+06  1.735918e+09
...           ...         ...       ...  ...       ...           ...           ...
1587  1548.097462    0.000095  0.000038  ...  0.000012  7.692401e+06  1.735934e+09
1588  1548.092171    0.000094  0.000043  ...  0.000012  7.694193e+06  1.735934e+09
1589  1548.097449    0.000095  0.000038  ...  0.000012  7.686209e+06  1.735934e+09
1590  1548.092148    0.000093  0.000042  ...  0.000012  7.692782e+06  1.735934e+09
1591  1548.097458    0.000095  0.000038  ...  0.000012  7.720176e+06  1.735934e+09

[1592 rows x 13 columns]
CHANNEL_0_6
           cbragg  cbragg_err   credchi  ...  cdelta_n            cL     timestamp
0     1549.069086    0.000075  0.000022  ...  0.000012  7.582910e+06  1.735918e+09
1     1549.079138    0.000083  0.000046  ...  0.000012  7.483112e+06  1.735918e+09
2     1549.069069    0.000077  0.000023  ...  0.000012  7.583208e+06  1.735918e+09
3     1549.079142    0.000082  0.000045  ...  0.000012  7.493614e+06  1.735918e+09
4     1549.069126    0.000075  0.000022  ...  0.000012  7.590762e+06  1.735918e+09
...           ...         ...       ...  ...       ...           ...           ...
1587  1549.080191    0.000081  0.000042  ...  0.000012  7.489804e+06  1.735934e+09
1588  1549.070240    0.000076  0.000022  ...  0.000012  7.559715e+06  1.735934e+09
1589  1549.080045    0.000082  0.000044  ...  0.000012  7.484844e+06  1.735934e+09
1590  1549.070140    0.000091  0.000033  ...  0.000012  7.704325e+06  1.735934e+09
1591  1549.080088    0.000082  0.000044  ...  0.000012  7.486001e+06  1.735934e+09

[1592 rows x 13 columns]
CHANNEL_0_7
           cbragg  cbragg_err   credchi  ...  cdelta_n            cL     timestamp
0     1550.074305    0.000126  0.000046  ...  0.000012  7.586890e+06  1.735918e+09
1     1550.076926    0.000142  0.000067  ...  0.000012  7.830715e+06  1.735918e+09
2     1550.074285    0.000127  0.000047  ...  0.000012  7.585180e+06  1.735918e+09
3     1550.076912    0.000125  0.000049  ...  0.000012  7.610833e+06  1.735918e+09
4     1550.074276    0.000135  0.000054  ...  0.000012  7.637690e+06  1.735918e+09
...           ...         ...       ...  ...       ...           ...           ...
1587  1550.078002    0.000123  0.000048  ...  0.000012  7.628028e+06  1.735934e+09
1588  1550.075322    0.000140  0.000059  ...  0.000012  7.752020e+06  1.735934e+09
1589  1550.078078    0.000121  0.000046  ...  0.000012  7.619100e+06  1.735934e+09
1590  1550.075321    0.000124  0.000045  ...  0.000012  7.583457e+06  1.735934e+09
1591  1550.078081    0.000123  0.000048  ...  0.000012  7.638157e+06  1.735934e+09

[1592 rows x 13 columns]
CHANNEL_0_8
           cbragg  cbragg_err   credchi  ...  cdelta_n            cL     timestamp
0     1551.050074    0.000074  0.000016  ...  0.000012  7.612947e+06  1.735918e+09
1     1551.057510    0.000072  0.000018  ...  0.000012  7.618244e+06  1.735918e+09
2     1551.050041    0.000075  0.000017  ...  0.000012  7.612108e+06  1.735918e+09
3     1551.057514    0.000073  0.000019  ...  0.000012  7.608041e+06  1.735918e+09
4     1551.050150    0.000073  0.000016  ...  0.000012  7.616197e+06  1.735918e+09
...           ...         ...       ...  ...       ...           ...           ...
1587  1551.057975    0.000071  0.000018  ...  0.000012  7.621667e+06  1.735934e+09
1588  1551.050543    0.000071  0.000015  ...  0.000012  7.630594e+06  1.735934e+09
1589  1551.058170    0.000073  0.000018  ...  0.000012  7.620761e+06  1.735934e+09
1590  1551.050508    0.000071  0.000015  ...  0.000012  7.624279e+06  1.735934e+09
1591  1551.058082    0.000072  0.000018  ...  0.000012  7.627954e+06  1.735934e+09

[1592 rows x 13 columns]
CHANNEL_0_9
           cbragg  cbragg_err   credchi  ...  cdelta_n            cL     timestamp
0     1552.031435    0.000092  0.000017  ...  0.000012  7.726529e+06  1.735918e+09
1     1552.041428    0.000090  0.000030  ...  0.000012  7.644920e+06  1.735918e+09
2     1552.031449    0.000092  0.000017  ...  0.000012  7.721319e+06  1.735918e+09
3     1552.041361    0.000092  0.000032  ...  0.000012  7.730337e+06  1.735918e+09
4     1552.031557    0.000092  0.000017  ...  0.000012  7.760540e+06  1.735918e+09
...           ...         ...       ...  ...       ...           ...           ...
1587  1552.041865    0.000089  0.000029  ...  0.000012  7.670496e+06  1.735934e+09
1588  1552.032061    0.000090  0.000016  ...  0.000012  7.737641e+06  1.735934e+09
1589  1552.041981    0.000086  0.000027  ...  0.000012  7.671701e+06  1.735934e+09
1590  1552.032050    0.000091  0.000016  ...  0.000012  7.735306e+06  1.735934e+09
1591  1552.041995    0.000088  0.000028  ...  0.000012  7.687684e+06  1.735934e+09

[1592 rows x 13 columns]
CHANNEL_0_10
           cbragg  cbragg_err   credchi  ...  cdelta_n            cL     timestamp
0     1553.041793    0.000088  0.000020  ...  0.000012  7.705483e+06  1.735918e+09
1     1553.042601    0.000092  0.000017  ...  0.000012  7.739869e+06  1.735918e+09
2     1553.041778    0.000090  0.000020  ...  0.000012  7.696462e+06  1.735918e+09
3     1553.042686    0.000091  0.000017  ...  0.000012  7.736697e+06  1.735918e+09
4     1553.041918    0.000088  0.000019  ...  0.000012  7.691376e+06  1.735918e+09
...           ...         ...       ...  ...       ...           ...           ...
1587  1553.043122    0.000091  0.000016  ...  0.000012  7.740341e+06  1.735934e+09
1588  1553.041899    0.000094  0.000021  ...  0.000012  7.687920e+06  1.735934e+09
1589  1553.042996    0.000094  0.000017  ...  0.000012  7.739398e+06  1.735934e+09
1590  1553.041974    0.000093  0.000021  ...  0.000012  7.681143e+06  1.735934e+09
1591  1553.043124    0.000092  0.000017  ...  0.000012  7.682681e+06  1.735934e+09

[1592 rows x 13 columns]
CHANNEL_0_11
           cbragg  cbragg_err   credchi  ...  cdelta_n            cL     timestamp
0     1554.046518    0.000072  0.000008  ...  0.000012  7.706964e+06  1.735918e+09
1     1554.055996    0.000073  0.000016  ...  0.000012  7.696233e+06  1.735918e+09
2     1554.046651    0.000071  0.000008  ...  0.000012  7.708935e+06  1.735918e+09
3     1554.056127    0.000071  0.000015  ...  0.000012  7.655391e+06  1.735918e+09
4     1554.046604    0.000071  0.000008  ...  0.000012  7.719126e+06  1.735918e+09
...           ...         ...       ...  ...       ...           ...           ...
1587  1554.056602    0.000070  0.000014  ...  0.000012  7.645843e+06  1.735934e+09
1588  1554.046960    0.000072  0.000008  ...  0.000012  7.726812e+06  1.735934e+09
1589  1554.056634    0.000075  0.000016  ...  0.000012  7.626955e+06  1.735934e+09
1590  1554.046787    0.000071  0.000008  ...  0.000012  7.706701e+06  1.735934e+09
1591  1554.056548    0.000069  0.000013  ...  0.000012  7.647105e+06  1.735934e+09

[1592 rows x 13 columns]
CHANNEL_0_12
           cbragg  cbragg_err   credchi  ...  cdelta_n            cL     timestamp
0     1555.074898    0.000120  0.000050  ...  0.000012  7.481950e+06  1.735918e+09
1     1555.077107    0.000116  0.000047  ...  0.000012  7.502947e+06  1.735918e+09
2     1555.074839    0.000121  0.000051  ...  0.000012  7.480072e+06  1.735918e+09
3     1555.077016    0.000124  0.000054  ...  0.000012  7.610145e+06  1.735918e+09
4     1555.075028    0.000120  0.000051  ...  0.000012  7.481141e+06  1.735918e+09
...           ...         ...       ...  ...       ...           ...           ...
1587  1555.077540    0.000120  0.000050  ...  0.000012  7.617300e+06  1.735934e+09
1588  1555.075237    0.000118  0.000048  ...  0.000012  7.498470e+06  1.735934e+09
1589  1555.077455    0.000119  0.000048  ...  0.000012  7.510492e+06  1.735934e+09
1590  1555.075240    0.000117  0.000048  ...  0.000012  7.506877e+06  1.735934e+09
1591  1555.077545    0.000117  0.000047  ...  0.000012  7.512257e+06  1.735934e+09

[1592 rows x 13 columns]
CHANNEL_0_13
           cbragg  cbragg_err   credchi  ...  cdelta_n            cL     timestamp
0     1556.046917    0.000143  0.000038  ...  0.000012  7.679989e+06  1.735918e+09
1     1556.055294    0.000136  0.000045  ...  0.000012  7.692915e+06  1.735918e+09
2     1556.046944    0.000139  0.000036  ...  0.000012  7.684440e+06  1.735918e+09
3     1556.055210    0.000135  0.000045  ...  0.000012  7.681875e+06  1.735918e+09
4     1556.047027    0.000139  0.000036  ...  0.000012  7.673130e+06  1.735918e+09
...           ...         ...       ...  ...       ...           ...           ...
1587  1556.055739    0.000136  0.000046  ...  0.000012  7.692259e+06  1.735934e+09
1588  1556.047371    0.000141  0.000037  ...  0.000012  7.691574e+06  1.735934e+09
1589  1556.055769    0.000135  0.000045  ...  0.000012  7.693710e+06  1.735934e+09
1590  1556.047487    0.000141  0.000036  ...  0.000012  7.686056e+06  1.735934e+09
1591  1556.055735    0.000136  0.000045  ...  0.000012  7.699167e+06  1.735934e+09

[1592 rows x 13 columns]
CHANNEL_0_14
           cbragg  cbragg_err   credchi  ...  cdelta_n            cL     timestamp
0     1557.019632    0.000100  0.000030  ...  0.000012  7.655057e+06  1.735918e+09
1     1557.024112    0.000105  0.000041  ...  0.000012  7.607494e+06  1.735918e+09
2     1557.019662    0.000099  0.000029  ...  0.000012  7.660742e+06  1.735918e+09
3     1557.024163    0.000103  0.000040  ...  0.000012  7.600116e+06  1.735918e+09
4     1557.019680    0.000100  0.000029  ...  0.000012  7.649135e+06  1.735918e+09
...           ...         ...       ...  ...       ...           ...           ...
1587  1557.024675    0.000101  0.000037  ...  0.000012  7.634462e+06  1.735934e+09
1588  1557.020169    0.000097  0.000027  ...  0.000012  7.657138e+06  1.735934e+09
1589  1557.024701    0.000100  0.000037  ...  0.000012  7.620401e+06  1.735934e+09
1590  1557.020217    0.000098  0.000028  ...  0.000012  7.660762e+06  1.735934e+09
1591  1557.024680    0.000100  0.000036  ...  0.000012  7.620692e+06  1.735934e+09

[1592 rows x 13 columns]
CHANNEL_1_1
           cbragg  cbragg_err   credchi  ...  cdelta_n            cL     timestamp
0     1556.158458    0.000534  0.000398  ...  0.000012  3.021205e+06  1.735918e+09
1     1556.157856    0.000075  0.000005  ...  0.000012  2.664669e+06  1.735918e+09
2     1556.158864    0.000364  0.000133  ...  0.000012  2.751296e+06  1.735918e+09
3     1556.158439    0.000394  0.000123  ...  0.000012  2.524274e+06  1.735918e+09
4     1556.158506    0.001152  0.002674  ...  0.000012  3.513780e+06  1.735918e+09
...           ...         ...       ...  ...       ...           ...           ...
1587  1556.159529    0.000076  0.000005  ...  0.000012  2.662643e+06  1.735934e+09
1588  1556.159503    0.000078  0.000006  ...  0.000012  2.673145e+06  1.735934e+09
1589  1556.158865    0.000082  0.000006  ...  0.000012  2.658083e+06  1.735934e+09
1590  1556.159590    0.000183  0.000037  ...  0.000012  2.785258e+06  1.735934e+09
1591  1556.159096    0.000073  0.000005  ...  0.000012  2.684405e+06  1.735934e+09

[1592 rows x 13 columns]
CHANNEL_1_2
           cbragg  cbragg_err   credchi  ...  cdelta_n            cL     timestamp
0     1558.203809    0.000129  0.000024  ...  0.000012  2.782378e+06  1.735918e+09
1     1558.206291    0.000118  0.000021  ...  0.000012  2.784780e+06  1.735918e+09
2     1558.203708    0.000799  0.001479  ...  0.000012  3.352549e+06  1.735918e+09
3     1558.206374    0.000164  0.000038  ...  0.000012  2.731835e+06  1.735918e+09
4     1558.204021    0.000454  0.000222  ...  0.000012  2.558484e+06  1.735918e+09
...           ...         ...       ...  ...       ...           ...           ...
1587  1558.207528    0.000115  0.000019  ...  0.000012  2.800929e+06  1.735934e+09
1588  1558.205165    0.000229  0.000066  ...  0.000012  2.682317e+06  1.735934e+09
1589  1558.207372    0.000114  0.000019  ...  0.000012  2.796009e+06  1.735934e+09
1590  1558.205031    0.000294  0.000107  ...  0.000012  2.658129e+06  1.735934e+09
1591  1558.207572    0.000211  0.000061  ...  0.000012  2.711595e+06  1.735934e+09

[1592 rows x 13 columns]
CHANNEL_1_3
           cbragg  cbragg_err   credchi  ...  cdelta_n            cL     timestamp
0     1561.021304    0.000051  0.000004  ...  0.000012  2.937014e+06  1.735918e+09
1     1561.017751    0.000772  0.001537  ...  0.000012  3.492734e+06  1.735918e+09
2     1561.021387    0.000054  0.000005  ...  0.000012  2.942616e+06  1.735918e+09
3     1561.017672    0.000054  0.000005  ...  0.000012  2.937399e+06  1.735918e+09
4     1561.021131    0.000501  0.000535  ...  0.000012  3.266669e+06  1.735918e+09
...           ...         ...       ...  ...       ...           ...           ...
1587  1561.018000    0.000727  0.001238  ...  0.000012  3.407004e+06  1.735934e+09
1588  1561.021571    0.000074  0.000009  ...  0.000012  2.976522e+06  1.735934e+09
1589  1561.018445    0.000047  0.000004  ...  0.000012  2.911975e+06  1.735934e+09
1590  1561.021875    0.000148  0.000032  ...  0.000012  2.837497e+06  1.735934e+09
1591  1561.018419    0.000238  0.000085  ...  0.000012  2.817299e+06  1.735934e+09

[1592 rows x 13 columns]
CHANNEL_2_1
           cbragg  cbragg_err   credchi  ...  cdelta_n            cL     timestamp
0     1543.578906    0.000070  0.000005  ...  0.000012  2.777141e+06  1.735918e+09
1     1543.578174    0.000070  0.000005  ...  0.000012  2.777630e+06  1.735918e+09
2     1543.578848    0.000071  0.000005  ...  0.000012  2.777331e+06  1.735918e+09
3     1543.578159    0.000067  0.000005  ...  0.000012  2.777892e+06  1.735918e+09
4     1543.569650    0.007176  0.003617  ...  0.000012  1.402874e+06  1.735918e+09
...           ...         ...       ...  ...       ...           ...           ...
1587  1543.579119    0.000072  0.000005  ...  0.000012  2.771743e+06  1.735934e+09
1588  1543.579465    0.000081  0.000006  ...  0.000012  2.771730e+06  1.735934e+09
1589  1543.578938    0.000078  0.000005  ...  0.000012  2.771540e+06  1.735934e+09
1590  1543.579792    0.000082  0.000006  ...  0.000012  2.772330e+06  1.735934e+09
1591  1543.579190    0.000071  0.000005  ...  0.000012  2.772389e+06  1.735934e+09

[1592 rows x 13 columns]
CHANNEL_2_2
           cbragg  cbragg_err   credchi  ...  cdelta_n            cL     timestamp
0     1545.928911    0.000127  0.000012  ...  0.000012  2.678949e+06  1.735918e+09
1     1545.929599    0.000393  0.000154  ...  0.000012  2.902225e+06  1.735918e+09
2     1545.928934    0.000128  0.000013  ...  0.000012  2.678871e+06  1.735918e+09
3     1545.930359    0.000124  0.000012  ...  0.000012  2.689111e+06  1.735918e+09
4     1545.929003    0.000126  0.000013  ...  0.000012  2.684211e+06  1.735918e+09
...           ...         ...       ...  ...       ...           ...           ...
1587  1545.931436    0.000116  0.000010  ...  0.000012  2.699673e+06  1.735934e+09
1588  1545.930046    0.000135  0.000013  ...  0.000012  2.649105e+06  1.735934e+09
1589  1545.931280    0.000116  0.000010  ...  0.000012  2.680589e+06  1.735934e+09
1590  1545.929887    0.000118  0.000011  ...  0.000012  2.707227e+06  1.735934e+09
1591  1545.931420    0.000116  0.000010  ...  0.000012  2.688499e+06  1.735934e+09

[1592 rows x 13 columns]
CHANNEL_2_3
           cbragg  cbragg_err   credchi  ...  cdelta_n            cL     timestamp
0     1548.528369    0.000097  0.000010  ...  0.000012  2.876077e+06  1.735918e+09
1     1548.529876    0.000098  0.000010  ...  0.000012  2.886245e+06  1.735918e+09
2     1548.528830    0.000278  0.000098  ...  0.000012  3.064174e+06  1.735918e+09
3     1548.529651    0.000210  0.000043  ...  0.000012  2.779444e+06  1.735918e+09
4     1548.528488    0.000810  0.001157  ...  0.000012  3.479635e+06  1.735918e+09
...           ...         ...       ...  ...       ...           ...           ...
1587  1548.530598    0.000858  0.001195  ...  0.000012  3.449453e+06  1.735934e+09
1588  1548.528832    0.000095  0.000010  ...  0.000012  2.884203e+06  1.735934e+09
1589  1548.530387    0.000972  0.001783  ...  0.000012  3.619646e+06  1.735934e+09
1590  1548.528750    0.000097  0.000010  ...  0.000012  2.879709e+06  1.735934e+09
1591  1548.530237    0.000099  0.000010  ...  0.000012  2.891917e+06  1.735934e+09

[1592 rows x 13 columns]
CHANNEL_3_1
           cbragg  cbragg_err   credchi  ...  cdelta_n            cL     timestamp
0     1544.126476    0.000115  0.000028  ...  0.000012  7.767378e+06  1.735918e+09
1     1544.124682    0.000132  0.000019  ...  0.000012  7.802985e+06  1.735918e+09
2     1544.126510    0.000118  0.000026  ...  0.000012  7.763592e+06  1.735918e+09
3     1544.124670    0.000245  0.000019  ...  0.000012  7.819361e+06  1.735918e+09
4     1544.126399    0.000139  0.000027  ...  0.000012  7.769291e+06  1.735918e+09
...           ...         ...       ...  ...       ...           ...           ...
1587  1544.125317    0.000117  0.000019  ...  0.000012  7.816361e+06  1.735934e+09
1588  1544.126881    0.000244  0.000027  ...  0.000012  7.754995e+06  1.735934e+09
1589  1544.125028    0.000120  0.000020  ...  0.000012  7.821400e+06  1.735934e+09
1590  1544.126814    0.000165  0.000028  ...  0.000012  7.767420e+06  1.735934e+09
1591  1544.125097    0.000120  0.000020  ...  0.000012  7.797848e+06  1.735934e+09

[1592 rows x 13 columns]
CHANNEL_3_2
           cbragg  cbragg_err   credchi  ...  cdelta_n            cL     timestamp
0     1545.012895    0.000167  0.000023  ...  0.000012  7.899349e+06  1.735918e+09
1     1545.023337    0.000161  0.000041  ...  0.000012  7.834769e+06  1.735918e+09
2     1545.012813    0.000133  0.000023  ...  0.000012  7.904400e+06  1.735918e+09
3     1545.023201    0.000132  0.000040  ...  0.000012  7.830894e+06  1.735918e+09
4     1545.012875    0.000119  0.000023  ...  0.000012  7.901048e+06  1.735918e+09
...           ...         ...       ...  ...       ...           ...           ...
1587  1545.023654    0.000113  0.000040  ...  0.000012  7.827258e+06  1.735934e+09
1588  1545.012995    0.000109  0.000022  ...  0.000012  7.921091e+06  1.735934e+09
1589  1545.023651    0.000413  0.000040  ...  0.000012  7.824976e+06  1.735934e+09
1590  1545.012933    0.000111  0.000022  ...  0.000012  7.923108e+06  1.735934e+09
1591  1545.023589    0.000114  0.000040  ...  0.000012  7.820099e+06  1.735934e+09

[1592 rows x 13 columns]
CHANNEL_3_3
           cbragg  cbragg_err   credchi  ...  cdelta_n            cL     timestamp
0     1545.708862    0.000106  0.000031  ...  0.000012  7.579419e+06  1.735918e+09
1     1545.711979    0.000113  0.000027  ...  0.000012  7.618482e+06  1.735918e+09
2     1545.708875    0.000106  0.000031  ...  0.000012  7.584122e+06  1.735918e+09
3     1545.711926    0.000150  0.000045  ...  0.000012  7.312649e+06  1.735918e+09
4     1545.708797    0.000109  0.000033  ...  0.000012  7.580201e+06  1.735918e+09
...           ...         ...       ...  ...       ...           ...           ...
1587  1545.712686    0.000113  0.000027  ...  0.000012  7.619244e+06  1.735934e+09
1588  1545.709588    0.000111  0.000034  ...  0.000012  7.598407e+06  1.735934e+09
1589  1545.712630    0.000115  0.000027  ...  0.000012  7.597513e+06  1.735934e+09
1590  1545.709531    0.000109  0.000033  ...  0.000012  7.574924e+06  1.735934e+09
1591  1545.712486    0.000116  0.000028  ...  0.000012  7.606365e+06  1.735934e+09

[1592 rows x 13 columns]
CHANNEL_3_4
           cbragg  cbragg_err   credchi  ...  cdelta_n            cL     timestamp
0     1546.681169    0.000097  0.000018  ...  0.000012  7.794783e+06  1.735918e+09
1     1546.688307    0.000094  0.000025  ...  0.000012  7.751088e+06  1.735918e+09
2     1546.681016    0.000096  0.000017  ...  0.000012  7.803320e+06  1.735918e+09
3     1546.688107    0.000097  0.000026  ...  0.000012  7.747652e+06  1.735918e+09
4     1546.680974    0.000097  0.000018  ...  0.000012  7.804136e+06  1.735918e+09
...           ...         ...       ...  ...       ...           ...           ...
1587  1546.689076    0.000097  0.000026  ...  0.000012  7.736812e+06  1.735934e+09
1588  1546.681708    0.000097  0.000017  ...  0.000012  7.795153e+06  1.735934e+09
1589  1546.689048    0.000097  0.000026  ...  0.000012  7.739163e+06  1.735934e+09
1590  1546.681551    0.000097  0.000017  ...  0.000012  7.800180e+06  1.735934e+09
1591  1546.688903    0.000099  0.000027  ...  0.000012  7.746778e+06  1.735934e+09

[1592 rows x 13 columns]
CHANNEL_3_5
           cbragg  cbragg_err   credchi  ...  cdelta_n            cL     timestamp
0     1547.699900    0.000077  0.000014  ...  0.000012  7.593147e+06  1.735918e+09
1     1547.708089    0.000077  0.000014  ...  0.000012  7.611551e+06  1.735918e+09
2     1547.699841    0.000075  0.000013  ...  0.000012  7.605378e+06  1.735918e+09
3     1547.707965    0.000078  0.000014  ...  0.000012  7.633400e+06  1.735918e+09
4     1547.699873    0.000078  0.000014  ...  0.000012  7.590211e+06  1.735918e+09
...           ...         ...       ...  ...       ...           ...           ...
1587  1547.708943    0.000077  0.000014  ...  0.000012  7.634141e+06  1.735934e+09
1588  1547.701025    0.000077  0.000014  ...  0.000012  7.608892e+06  1.735934e+09
1589  1547.708939    0.000076  0.000013  ...  0.000012  7.636249e+06  1.735934e+09
1590  1547.700998    0.000077  0.000014  ...  0.000012  7.603509e+06  1.735934e+09
1591  1547.708910    0.000077  0.000013  ...  0.000012  7.656826e+06  1.735934e+09

[1592 rows x 13 columns]
CHANNEL_3_6
           cbragg  cbragg_err   credchi  ...  cdelta_n            cL     timestamp
0     1548.688898    0.000084  0.000017  ...  0.000012  7.694607e+06  1.735918e+09
1     1548.692013    0.000081  0.000016  ...  0.000012  7.755222e+06  1.735918e+09
2     1548.688887    0.000084  0.000017  ...  0.000012  7.743038e+06  1.735918e+09
3     1548.692075    0.000081  0.000016  ...  0.000012  7.757463e+06  1.735918e+09
4     1548.688848    0.000083  0.000016  ...  0.000012  7.742735e+06  1.735918e+09
...           ...         ...       ...  ...       ...           ...           ...
1587  1548.693118    0.000080  0.000016  ...  0.000012  7.772418e+06  1.735934e+09
1588  1548.689960    0.000081  0.000015  ...  0.000012  7.744979e+06  1.735934e+09
1589  1548.692994    0.000080  0.000016  ...  0.000012  7.767247e+06  1.735934e+09
1590  1548.689988    0.000120  0.000036  ...  0.000012  8.048927e+06  1.735934e+09
1591  1548.693058    0.000080  0.000016  ...  0.000012  7.774109e+06  1.735934e+09

[1592 rows x 13 columns]
CHANNEL_3_7
           cbragg  cbragg_err   credchi  ...  cdelta_n            cL     timestamp
0     1549.703604    0.000085  0.000014  ...  0.000012  7.634238e+06  1.735918e+09
1     1549.715066    0.000086  0.000020  ...  0.000012  7.611608e+06  1.735918e+09
2     1549.703604    0.000084  0.000014  ...  0.000012  7.646238e+06  1.735918e+09
3     1549.715074    0.000087  0.000021  ...  0.000012  7.604646e+06  1.735918e+09
4     1549.703631    0.000084  0.000013  ...  0.000012  7.648517e+06  1.735918e+09
...           ...         ...       ...  ...       ...           ...           ...
1587  1549.716077    0.000087  0.000021  ...  0.000012  7.597509e+06  1.735934e+09
1588  1549.704665    0.000086  0.000014  ...  0.000012  7.637050e+06  1.735934e+09
1589  1549.715983    0.000093  0.000024  ...  0.000012  7.707204e+06  1.735934e+09
1590  1549.704750    0.000087  0.000014  ...  0.000012  7.628398e+06  1.735934e+09
1591  1549.716069    0.000087  0.000020  ...  0.000012  7.596064e+06  1.735934e+09

[1592 rows x 13 columns]
CHANNEL_3_8
           cbragg  cbragg_err   credchi  ...  cdelta_n            cL     timestamp
0     1550.665823    0.000089  0.000016  ...  0.000012  7.572171e+06  1.735918e+09
1     1550.664210    0.000091  0.000013  ...  0.000012  7.650067e+06  1.735918e+09
2     1550.665890    0.000088  0.000016  ...  0.000012  7.619919e+06  1.735918e+09
3     1550.664347    0.000093  0.000014  ...  0.000012  7.663303e+06  1.735918e+09
4     1550.665928    0.000091  0.000017  ...  0.000012  7.589135e+06  1.735918e+09
...           ...         ...       ...  ...       ...           ...           ...
1587  1550.664791    0.000094  0.000014  ...  0.000012  7.644108e+06  1.735934e+09
1588  1550.666576    0.000092  0.000017  ...  0.000012  7.575255e+06  1.735934e+09
1589  1550.664926    0.000092  0.000013  ...  0.000012  7.657265e+06  1.735934e+09
1590  1550.666677    0.000089  0.000016  ...  0.000012  7.641779e+06  1.735934e+09
1591  1550.664920    0.000094  0.000014  ...  0.000012  7.645094e+06  1.735934e+09

[1592 rows x 13 columns]
CHANNEL_3_9
           cbragg  cbragg_err   credchi  ...  cdelta_n            cL     timestamp
0     1551.656074    0.000090  0.000010  ...  0.000012  7.772563e+06  1.735918e+09
1     1551.666199    0.000089  0.000018  ...  0.000012  7.700473e+06  1.735918e+09
2     1551.656068    0.000092  0.000011  ...  0.000012  7.737076e+06  1.735918e+09
3     1551.666205    0.000092  0.000019  ...  0.000012  7.604490e+06  1.735918e+09
4     1551.656132    0.000089  0.000010  ...  0.000012  7.725051e+06  1.735918e+09
...           ...         ...       ...  ...       ...           ...           ...
1587  1551.666733    0.000092  0.000019  ...  0.000012  7.638259e+06  1.735934e+09
1588  1551.656835    0.000088  0.000010  ...  0.000012  7.779879e+06  1.735934e+09
1589  1551.666880    0.000089  0.000018  ...  0.000012  7.638822e+06  1.735934e+09
1590  1551.656854    0.000090  0.000010  ...  0.000012  7.776135e+06  1.735934e+09
1591  1551.666891    0.000090  0.000018  ...  0.000012  7.679371e+06  1.735934e+09

[1592 rows x 13 columns]
CHANNEL_3_10
           cbragg  cbragg_err   credchi  ...  cdelta_n            cL     timestamp
0     1552.670329    0.000103  0.000021  ...  0.000012  7.707589e+06  1.735918e+09
1     1552.667233    0.000309  0.000088  ...  0.000012  6.931846e+06  1.735918e+09
2     1552.670273    0.000103  0.000021  ...  0.000012  7.705500e+06  1.735918e+09
3     1552.667246    0.000113  0.000014  ...  0.000012  7.746726e+06  1.735918e+09
4     1552.670385    0.000101  0.000021  ...  0.000012  7.705991e+06  1.735918e+09
...           ...         ...       ...  ...       ...           ...           ...
1587  1552.667834    0.000112  0.000014  ...  0.000012  7.762819e+06  1.735934e+09
1588  1552.670821    0.000102  0.000021  ...  0.000012  7.719588e+06  1.735934e+09
1589  1552.667604    0.000113  0.000014  ...  0.000012  7.763969e+06  1.735934e+09
1590  1552.670891    0.000101  0.000020  ...  0.000012  7.706825e+06  1.735934e+09
1591  1552.667715    0.000113  0.000014  ...  0.000012  7.763201e+06  1.735934e+09

[1592 rows x 13 columns]
CHANNEL_3_11
           cbragg  cbragg_err   credchi  ...  cdelta_n            cL     timestamp
0     1553.633195    0.000133  0.000027  ...  0.000012  7.920658e+06  1.735918e+09
1     1553.637233    0.000131  0.000039  ...  0.000012  7.866379e+06  1.735918e+09
2     1553.633309    0.000134  0.000027  ...  0.000012  7.907282e+06  1.735918e+09
3     1553.637375    0.000131  0.000039  ...  0.000012  7.864621e+06  1.735918e+09
4     1553.633319    0.000133  0.000028  ...  0.000012  7.929527e+06  1.735918e+09
...           ...         ...       ...  ...       ...           ...           ...
1587  1553.638134    0.000132  0.000039  ...  0.000012  7.865756e+06  1.735934e+09
1588  1553.633875    0.000131  0.000026  ...  0.000012  7.926465e+06  1.735934e+09
1589  1553.638124    0.000131  0.000039  ...  0.000012  7.855209e+06  1.735934e+09
1590  1553.633924    0.000131  0.000026  ...  0.000012  7.934543e+06  1.735934e+09
1591  1553.638332    0.000132  0.000040  ...  0.000012  7.850083e+06  1.735934e+09

[1592 rows x 13 columns]
CHANNEL_3_12
           cbragg  cbragg_err   credchi  ...  cdelta_n            cL     timestamp
0     1554.612587    0.000098  0.000020  ...  0.000012  7.773026e+06  1.735918e+09
1     1554.612212    0.000101  0.000014  ...  0.000012  7.834397e+06  1.735918e+09
2     1554.612572    0.000097  0.000020  ...  0.000012  7.775820e+06  1.735918e+09
3     1554.612224    0.000102  0.000015  ...  0.000012  7.831217e+06  1.735918e+09
4     1554.612719    0.000098  0.000020  ...  0.000012  7.768913e+06  1.735918e+09
...           ...         ...       ...  ...       ...           ...           ...
1587  1554.612649    0.000106  0.000015  ...  0.000012  7.812640e+06  1.735934e+09
1588  1554.613080    0.000098  0.000020  ...  0.000012  7.767452e+06  1.735934e+09
1589  1554.612658    0.000102  0.000014  ...  0.000012  7.822387e+06  1.735934e+09
1590  1554.613147    0.000097  0.000020  ...  0.000012  7.769947e+06  1.735934e+09
1591  1554.612692    0.000106  0.000015  ...  0.000012  7.776954e+06  1.735934e+09

[1592 rows x 13 columns]
CHANNEL_3_13
           cbragg  cbragg_err   credchi  ...  cdelta_n            cL     timestamp
0     1555.615313    0.000090  0.000010  ...  0.000012  7.558707e+06  1.735918e+09
1     1555.623062    0.000089  0.000017  ...  0.000012  7.571890e+06  1.735918e+09
2     1555.615263    0.000089  0.000010  ...  0.000012  7.625913e+06  1.735918e+09
3     1555.623121    0.000088  0.000017  ...  0.000012  7.572244e+06  1.735918e+09
4     1555.615270    0.000089  0.000010  ...  0.000012  7.638135e+06  1.735918e+09
...           ...         ...       ...  ...       ...           ...           ...
1587  1555.623672    0.000088  0.000016  ...  0.000012  7.576168e+06  1.735934e+09
1588  1555.615591    0.000085  0.000009  ...  0.000012  7.638725e+06  1.735934e+09
1589  1555.623861    0.000085  0.000016  ...  0.000012  7.592185e+06  1.735934e+09
1590  1555.615530    0.000087  0.000009  ...  0.000012  7.640169e+06  1.735934e+09
1591  1555.623705    0.000088  0.000016  ...  0.000012  7.586524e+06  1.735934e+09

[1592 rows x 13 columns]
CHANNEL_3_14
           cbragg  cbragg_err   credchi  ...  cdelta_n            cL     timestamp
0     1556.575560    0.000188  0.000080  ...  0.000012  7.678042e+06  1.735918e+09
1     1556.572828    0.000187  0.000049  ...  0.000012  7.749850e+06  1.735918e+09
2     1556.575582    0.000188  0.000079  ...  0.000012  7.626646e+06  1.735918e+09
3     1556.572833    0.000189  0.000050  ...  0.000012  7.742976e+06  1.735918e+09
4     1556.575599    0.000192  0.000082  ...  0.000012  7.688028e+06  1.735918e+09
...           ...         ...       ...  ...       ...           ...           ...
1587  1556.573291    0.000187  0.000048  ...  0.000012  7.751570e+06  1.735934e+09
1588  1556.576044    0.000189  0.000078  ...  0.000012  7.679446e+06  1.735934e+09
1589  1556.573242    0.000187  0.000048  ...  0.000012  7.752023e+06  1.735934e+09
1590  1556.576033    0.000189  0.000079  ...  0.000012  7.680261e+06  1.735934e+09
1591  1556.573262    0.000184  0.000046  ...  0.000012  7.750575e+06  1.735934e+09

[1592 rows x 13 columns]
