CHANNEL_0_1
           cbragg  cbragg_err   credchi  ...  cdelta_n            cL     timestamp
0     1544.216110    0.000280  0.000039  ...  0.000012  7.707209e+06  1.737533e+09
1     1544.216813    0.000112  0.000052  ...  0.000012  7.656684e+06  1.737533e+09
2     1544.215984    0.000108  0.000041  ...  0.000012  7.702110e+06  1.737533e+09
3     1544.216732    0.000136  0.000053  ...  0.000012  7.642363e+06  1.737533e+09
4     1544.215967    0.000100  0.000040  ...  0.000012  7.698784e+06  1.737533e+09
...           ...         ...       ...  ...       ...           ...           ...
1587  1544.216703    0.000247  0.000053  ...  0.000012  7.641710e+06  1.737549e+09
1588  1544.215870    0.000108  0.000040  ...  0.000012  7.708619e+06  1.737549e+09
1589  1544.216604    0.000154  0.000053  ...  0.000012  7.643065e+06  1.737549e+09
1590  1544.215884    0.000101  0.000039  ...  0.000012  7.715477e+06  1.737549e+09
1591  1544.216635    0.000129  0.000052  ...  0.000012  7.658382e+06  1.737549e+09

[1592 rows x 13 columns]
CHANNEL_0_2
           cbragg  cbragg_err   credchi  ...  cdelta_n            cL     timestamp
0     1545.170746    0.000084  0.000018  ...  0.000012  7.676602e+06  1.737533e+09
1     1545.169955    0.000098  0.000014  ...  0.000012  7.698147e+06  1.737533e+09
2     1545.170720    0.000083  0.000018  ...  0.000012  7.691451e+06  1.737533e+09
3     1545.169678    0.000087  0.000014  ...  0.000012  7.691515e+06  1.737533e+09
4     1545.170858    0.000083  0.000018  ...  0.000012  7.694482e+06  1.737533e+09
...           ...         ...       ...  ...       ...           ...           ...
1587  1545.169760    0.000086  0.000014  ...  0.000012  7.686801e+06  1.737549e+09
1588  1545.170626    0.000080  0.000017  ...  0.000012  7.687107e+06  1.737549e+09
1589  1545.169787    0.000085  0.000014  ...  0.000012  7.689222e+06  1.737549e+09
1590  1545.170598    0.000081  0.000017  ...  0.000012  7.679425e+06  1.737549e+09
1591  1545.169793    0.000088  0.000014  ...  0.000012  7.674604e+06  1.737549e+09

[1592 rows x 13 columns]
CHANNEL_0_3
           cbragg  cbragg_err   credchi  ...  cdelta_n            cL     timestamp
0     1546.156117    0.000113  0.000047  ...  0.000012  7.646138e+06  1.737533e+09
1     1546.153034    0.000113  0.000046  ...  0.000012  7.619218e+06  1.737533e+09
2     1546.156165    0.000111  0.000045  ...  0.000012  7.636397e+06  1.737533e+09
3     1546.153063    0.000110  0.000044  ...  0.000012  7.607711e+06  1.737533e+09
4     1546.156221    0.000113  0.000047  ...  0.000012  7.653660e+06  1.737533e+09
...           ...         ...       ...  ...       ...           ...           ...
1587  1546.152948    0.000109  0.000044  ...  0.000012  7.626699e+06  1.737549e+09
1588  1546.155962    0.000111  0.000047  ...  0.000012  7.611686e+06  1.737549e+09
1589  1546.152937    0.000111  0.000045  ...  0.000012  7.589115e+06  1.737549e+09
1590  1546.155998    0.000113  0.000048  ...  0.000012  7.653003e+06  1.737549e+09
1591  1546.153027    0.000111  0.000045  ...  0.000012  7.617339e+06  1.737549e+09

[1592 rows x 13 columns]
CHANNEL_0_4
           cbragg  cbragg_err   credchi  ...  cdelta_n            cL     timestamp
0     1547.148333    0.000142  0.000084  ...  0.000012  7.970906e+06  1.737533e+09
1     1547.147711    0.000120  0.000044  ...  0.000012  7.843481e+06  1.737533e+09
2     1547.148467    0.000119  0.000059  ...  0.000012  7.843555e+06  1.737533e+09
3     1547.147739    0.000141  0.000058  ...  0.000012  7.598609e+06  1.737533e+09
4     1547.148427    0.000117  0.000057  ...  0.000012  7.832150e+06  1.737533e+09
...           ...         ...       ...  ...       ...           ...           ...
1587  1547.147752    0.000119  0.000045  ...  0.000012  7.855169e+06  1.737549e+09
1588  1547.148259    0.000116  0.000057  ...  0.000012  7.830691e+06  1.737549e+09
1589  1547.147750    0.000119  0.000045  ...  0.000012  7.843802e+06  1.737549e+09
1590  1547.148072    0.000116  0.000057  ...  0.000012  7.828907e+06  1.737549e+09
1591  1547.147681    0.000121  0.000046  ...  0.000012  7.802855e+06  1.737549e+09

[1592 rows x 13 columns]
CHANNEL_0_5
           cbragg  cbragg_err   credchi  ...  cdelta_n            cL     timestamp
0     1548.121851    0.000093  0.000031  ...  0.000012  7.694625e+06  1.737533e+09
1     1548.124430    0.000092  0.000046  ...  0.000012  7.637204e+06  1.737533e+09
2     1548.121802    0.000096  0.000033  ...  0.000012  7.681160e+06  1.737533e+09
3     1548.124433    0.000093  0.000046  ...  0.000012  7.635017e+06  1.737533e+09
4     1548.121900    0.000093  0.000031  ...  0.000012  7.691624e+06  1.737533e+09
...           ...         ...       ...  ...       ...           ...           ...
1587  1548.124307    0.000094  0.000048  ...  0.000012  7.630540e+06  1.737549e+09
1588  1548.121760    0.000091  0.000030  ...  0.000012  7.698931e+06  1.737549e+09
1589  1548.124300    0.000092  0.000046  ...  0.000012  7.630401e+06  1.737549e+09
1590  1548.121639    0.000093  0.000032  ...  0.000012  7.700467e+06  1.737549e+09
1591  1548.124355    0.000092  0.000046  ...  0.000012  7.635448e+06  1.737549e+09

[1592 rows x 13 columns]
CHANNEL_0_6
           cbragg  cbragg_err   credchi  ...  cdelta_n            cL     timestamp
0     1549.108425    0.000081  0.000041  ...  0.000012  7.470317e+06  1.737533e+09
1     1549.099384    0.000077  0.000023  ...  0.000012  7.536318e+06  1.737533e+09
2     1549.108367    0.000081  0.000042  ...  0.000012  7.471001e+06  1.737533e+09
3     1549.099363    0.000076  0.000022  ...  0.000012  7.536860e+06  1.737533e+09
4     1549.108328    0.000082  0.000042  ...  0.000012  7.467768e+06  1.737533e+09
...           ...         ...       ...  ...       ...           ...           ...
1587  1549.099250    0.000076  0.000022  ...  0.000012  7.533403e+06  1.737549e+09
1588  1549.108146    0.000082  0.000043  ...  0.000012  7.462768e+06  1.737549e+09
1589  1549.099257    0.000077  0.000023  ...  0.000012  7.534640e+06  1.737549e+09
1590  1549.108194    0.000083  0.000044  ...  0.000012  7.467624e+06  1.737549e+09
1591  1549.099280    0.000077  0.000023  ...  0.000012  7.535784e+06  1.737549e+09

[1592 rows x 13 columns]
CHANNEL_0_7
           cbragg  cbragg_err   credchi  ...  cdelta_n            cL     timestamp
0     1550.103856    0.000119  0.000042  ...  0.000012  7.645213e+06  1.737533e+09
1     1550.107487    0.000117  0.000044  ...  0.000012  7.651944e+06  1.737533e+09
2     1550.103886    0.000117  0.000041  ...  0.000012  7.652807e+06  1.737533e+09
3     1550.107433    0.000117  0.000044  ...  0.000012  7.664779e+06  1.737533e+09
4     1550.103725    0.000118  0.000042  ...  0.000012  7.651615e+06  1.737533e+09
...           ...         ...       ...  ...       ...           ...           ...
1587  1550.107346    0.000118  0.000045  ...  0.000012  7.646996e+06  1.737549e+09
1588  1550.103566    0.000118  0.000042  ...  0.000012  7.638422e+06  1.737549e+09
1589  1550.107258    0.000118  0.000045  ...  0.000012  7.652038e+06  1.737549e+09
1590  1550.103641    0.000119  0.000042  ...  0.000012  7.628221e+06  1.737549e+09
1591  1550.107401    0.000118  0.000045  ...  0.000012  7.640435e+06  1.737549e+09

[1592 rows x 13 columns]
CHANNEL_0_8
           cbragg  cbragg_err   credchi  ...  cdelta_n            cL     timestamp
0     1551.080048    0.000108  0.000034  ...  0.000012  7.706656e+06  1.737533e+09
1     1551.079896    0.000093  0.000031  ...  0.000012  7.775694e+06  1.737533e+09
2     1551.080169    0.000074  0.000016  ...  0.000012  7.627218e+06  1.737533e+09
3     1551.079788    0.000073  0.000018  ...  0.000012  7.592628e+06  1.737533e+09
4     1551.080100    0.000095  0.000028  ...  0.000012  7.823358e+06  1.737533e+09
...           ...         ...       ...  ...       ...           ...           ...
1587  1551.079919    0.000072  0.000018  ...  0.000012  7.613890e+06  1.737549e+09
1588  1551.080273    0.000073  0.000016  ...  0.000012  7.619768e+06  1.737549e+09
1589  1551.079889    0.000072  0.000018  ...  0.000012  7.595763e+06  1.737549e+09
1590  1551.080175    0.000075  0.000017  ...  0.000012  7.648408e+06  1.737549e+09
1591  1551.079892    0.000073  0.000019  ...  0.000012  7.596603e+06  1.737549e+09

[1592 rows x 13 columns]
CHANNEL_0_9
           cbragg  cbragg_err   credchi  ...  cdelta_n            cL     timestamp
0     1552.065604    0.000092  0.000028  ...  0.000012  7.784158e+06  1.737533e+09
1     1552.060850    0.000089  0.000018  ...  0.000012  7.703277e+06  1.737533e+09
2     1552.065587    0.000085  0.000023  ...  0.000012  7.688270e+06  1.737533e+09
3     1552.060781    0.000090  0.000018  ...  0.000012  7.685954e+06  1.737533e+09
4     1552.065580    0.000087  0.000024  ...  0.000012  7.681865e+06  1.737533e+09
...           ...         ...       ...  ...       ...           ...           ...
1587  1552.060789    0.000089  0.000018  ...  0.000012  7.687370e+06  1.737549e+09
1588  1552.065503    0.000114  0.000044  ...  0.000012  7.916898e+06  1.737549e+09
1589  1552.060726    0.000090  0.000018  ...  0.000012  7.693949e+06  1.737549e+09
1590  1552.065509    0.000087  0.000025  ...  0.000012  7.742883e+06  1.737549e+09
1591  1552.060785    0.000090  0.000018  ...  0.000012  7.690656e+06  1.737549e+09

[1592 rows x 13 columns]
CHANNEL_0_10
           cbragg  cbragg_err   credchi  ...  cdelta_n            cL     timestamp
0     1553.066844    0.000093  0.000018  ...  0.000012  7.677682e+06  1.737533e+09
1     1553.069491    0.000091  0.000019  ...  0.000012  7.662331e+06  1.737533e+09
2     1553.066822    0.000091  0.000018  ...  0.000012  7.703120e+06  1.737533e+09
3     1553.069455    0.000091  0.000019  ...  0.000012  7.708088e+06  1.737533e+09
4     1553.066795    0.000097  0.000020  ...  0.000012  7.568600e+06  1.737533e+09
...           ...         ...       ...  ...       ...           ...           ...
1587  1553.069409    0.000094  0.000021  ...  0.000012  7.712464e+06  1.737549e+09
1588  1553.066665    0.000092  0.000018  ...  0.000012  7.700551e+06  1.737549e+09
1589  1553.069397    0.000092  0.000020  ...  0.000012  7.703668e+06  1.737549e+09
1590  1553.066743    0.000090  0.000018  ...  0.000012  7.707979e+06  1.737549e+09
1591  1553.069530    0.000090  0.000019  ...  0.000012  7.713387e+06  1.737549e+09

[1592 rows x 13 columns]
CHANNEL_0_11
           cbragg  cbragg_err   credchi  ...  cdelta_n            cL     timestamp
0     1554.081211    0.000069  0.000012  ...  0.000012  7.656331e+06  1.737533e+09
1     1554.074267    0.000072  0.000009  ...  0.000012  7.631987e+06  1.737533e+09
2     1554.081268    0.000067  0.000011  ...  0.000012  7.644866e+06  1.737533e+09
3     1554.074324    0.000071  0.000009  ...  0.000012  7.637777e+06  1.737533e+09
4     1554.081121    0.000071  0.000012  ...  0.000012  7.638260e+06  1.737533e+09
...           ...         ...       ...  ...       ...           ...           ...
1587  1554.074065    0.000077  0.000011  ...  0.000012  7.651715e+06  1.737549e+09
1588  1554.081105    0.000072  0.000013  ...  0.000012  7.659394e+06  1.737549e+09
1589  1554.074172    0.000075  0.000010  ...  0.000012  7.625709e+06  1.737549e+09
1590  1554.081071    0.000072  0.000013  ...  0.000012  7.647498e+06  1.737549e+09
1591  1554.074073    0.000076  0.000010  ...  0.000012  7.636456e+06  1.737549e+09

[1592 rows x 13 columns]
CHANNEL_0_12
           cbragg  cbragg_err   credchi  ...  cdelta_n            cL     timestamp
0     1555.102795    0.000109  0.000049  ...  0.000012  7.541958e+06  1.737533e+09
1     1555.100405    0.000186  0.000105  ...  0.000012  7.815773e+06  1.737533e+09
2     1555.102846    0.000111  0.000050  ...  0.000012  7.523715e+06  1.737533e+09
3     1555.100270    0.000117  0.000041  ...  0.000012  7.547644e+06  1.737533e+09
4     1555.102706    0.000109  0.000049  ...  0.000012  7.540156e+06  1.737533e+09
...           ...         ...       ...  ...       ...           ...           ...
1587  1555.100277    0.000115  0.000040  ...  0.000012  7.530234e+06  1.737549e+09
1588  1555.102680    0.000110  0.000049  ...  0.000012  7.526427e+06  1.737549e+09
1589  1555.100139    0.000116  0.000041  ...  0.000012  7.541097e+06  1.737549e+09
1590  1555.102683    0.000112  0.000051  ...  0.000012  7.537346e+06  1.737549e+09
1591  1555.100209    0.000117  0.000042  ...  0.000012  7.538018e+06  1.737549e+09

[1592 rows x 13 columns]
CHANNEL_0_13
           cbragg  cbragg_err   credchi  ...  cdelta_n            cL     timestamp
0     1556.075807    0.000143  0.000035  ...  0.000012  7.703871e+06  1.737533e+09
1     1556.076108    0.000137  0.000043  ...  0.000012  7.657210e+06  1.737533e+09
2     1556.075861    0.000146  0.000036  ...  0.000012  7.692990e+06  1.737533e+09
3     1556.076064    0.000138  0.000044  ...  0.000012  7.648612e+06  1.737533e+09
4     1556.075774    0.000143  0.000035  ...  0.000012  7.696187e+06  1.737533e+09
...           ...         ...       ...  ...       ...           ...           ...
1587  1556.076112    0.000138  0.000044  ...  0.000012  7.644919e+06  1.737549e+09
1588  1556.075814    0.000140  0.000034  ...  0.000012  7.690064e+06  1.737549e+09
1589  1556.076085    0.000137  0.000043  ...  0.000012  7.646057e+06  1.737549e+09
1590  1556.075923    0.000140  0.000034  ...  0.000012  7.623459e+06  1.737549e+09
1591  1556.076163    0.000137  0.000044  ...  0.000012  7.646475e+06  1.737549e+09

[1592 rows x 13 columns]
CHANNEL_0_14
           cbragg  cbragg_err   credchi  ...  cdelta_n            cL     timestamp
0     1557.050657    0.000093  0.000038  ...  0.000012  7.668981e+06  1.737533e+09
1     1557.042763    0.000090  0.000019  ...  0.000012  7.734745e+06  1.737533e+09
2     1557.050716    0.000093  0.000038  ...  0.000012  7.667635e+06  1.737533e+09
3     1557.042841    0.000091  0.000020  ...  0.000012  7.728759e+06  1.737533e+09
4     1557.050646    0.000094  0.000039  ...  0.000012  7.665061e+06  1.737533e+09
...           ...         ...       ...  ...       ...           ...           ...
1587  1557.042794    0.000092  0.000020  ...  0.000012  7.730931e+06  1.737549e+09
1588  1557.050614    0.000094  0.000039  ...  0.000012  7.657716e+06  1.737549e+09
1589  1557.042738    0.000091  0.000020  ...  0.000012  7.732343e+06  1.737549e+09
1590  1557.050563    0.000095  0.000040  ...  0.000012  7.658176e+06  1.737549e+09
1591  1557.042851    0.000092  0.000020  ...  0.000012  7.733309e+06  1.737549e+09

[1592 rows x 13 columns]
CHANNEL_1_1
           cbragg  cbragg_err   credchi  ...  cdelta_n            cL     timestamp
0     1555.115808    0.000179  0.000022  ...  0.000012  2.533856e+06  1.737533e+09
1     1555.118996    0.000166  0.000021  ...  0.000012  2.547526e+06  1.737533e+09
2     1555.116062    0.000102  0.000008  ...  0.000012  2.608779e+06  1.737533e+09
3     1555.119551    0.001032  0.001708  ...  0.000012  3.353250e+06  1.737533e+09
4     1555.115743    0.000132  0.000013  ...  0.000012  2.594441e+06  1.737533e+09
...           ...         ...       ...  ...       ...           ...           ...
1587  1555.118838    0.000107  0.000009  ...  0.000012  2.622042e+06  1.737549e+09
1588  1555.115621    0.000095  0.000007  ...  0.000012  2.618051e+06  1.737549e+09
1589  1555.118995    0.000895  0.001200  ...  0.000012  3.252465e+06  1.737549e+09
1590  1555.115760    0.000104  0.000008  ...  0.000012  2.596040e+06  1.737549e+09
1591  1555.118826    0.000105  0.000009  ...  0.000012  2.601835e+06  1.737549e+09

[1592 rows x 13 columns]
CHANNEL_1_2
           cbragg  cbragg_err   credchi  ...  cdelta_n            cL     timestamp
0     1558.265487    0.000261  0.000085  ...  0.000012  2.666414e+06  1.737533e+09
1     1558.267889    0.000190  0.000046  ...  0.000012  2.713118e+06  1.737533e+09
2     1558.264505    0.001143  0.003493  ...  0.000012  3.607678e+06  1.737533e+09
3     1558.267681    0.000133  0.000024  ...  0.000012  2.772078e+06  1.737533e+09
4     1558.265168    0.000117  0.000020  ...  0.000012  2.791145e+06  1.737533e+09
...           ...         ...       ...  ...       ...           ...           ...
1587  1558.267423    0.000136  0.000028  ...  0.000012  2.873868e+06  1.737549e+09
1588  1558.264865    0.000110  0.000017  ...  0.000012  2.823302e+06  1.737549e+09
1589  1558.267596    0.000110  0.000017  ...  0.000012  2.794097e+06  1.737549e+09
1590  1558.264813    0.000213  0.000067  ...  0.000012  2.873213e+06  1.737549e+09
1591  1558.267634    0.000113  0.000018  ...  0.000012  2.795010e+06  1.737549e+09

[1592 rows x 13 columns]
CHANNEL_1_3
           cbragg  cbragg_err   credchi  ...  cdelta_n            cL     timestamp
0     1561.083282    0.000034  0.000002  ...  0.000012  2.930252e+06  1.737533e+09
1     1561.080400    0.000037  0.000002  ...  0.000012  2.937036e+06  1.737533e+09
2     1561.083311    0.000066  0.000007  ...  0.000012  2.947596e+06  1.737533e+09
3     1561.080258    0.000975  0.002509  ...  0.000012  3.677252e+06  1.737533e+09
4     1561.083240    0.000061  0.000006  ...  0.000012  2.911804e+06  1.737533e+09
...           ...         ...       ...  ...       ...           ...           ...
1587  1561.080303    0.000885  0.001934  ...  0.000012  3.576236e+06  1.737549e+09
1588  1561.082795    0.000659  0.001068  ...  0.000012  3.402969e+06  1.737549e+09
1589  1561.080655    0.000033  0.000002  ...  0.000012  2.927417e+06  1.737549e+09
1590  1561.083463    0.000044  0.000003  ...  0.000012  2.907150e+06  1.737549e+09
1591  1561.080395    0.000751  0.001382  ...  0.000012  3.508535e+06  1.737549e+09

[1592 rows x 13 columns]
CHANNEL_2_1
           cbragg  cbragg_err   credchi  ...  cdelta_n            cL     timestamp
0     1542.568983    0.000073  0.000003  ...  0.000012  2.748617e+06  1.737533e+09
1     1542.568990    0.000051  0.000002  ...  0.000012  2.754225e+06  1.737533e+09
2     1542.569022    0.000065  0.000003  ...  0.000012  2.748816e+06  1.737533e+09
3     1542.575899    0.012216  0.003743  ...  0.000012  1.100482e+06  1.737533e+09
4     1542.568937    0.000072  0.000003  ...  0.000012  2.750499e+06  1.737533e+09
...           ...         ...       ...  ...       ...           ...           ...
1587  1542.568725    0.000127  0.000004  ...  0.000012  2.746662e+06  1.737549e+09
1588  1542.568843    0.000066  0.000003  ...  0.000012  2.751974e+06  1.737549e+09
1589  1542.568666    0.000066  0.000004  ...  0.000012  2.747539e+06  1.737549e+09
1590  1542.568816    0.000062  0.000003  ...  0.000012  2.749207e+06  1.737549e+09
1591  1542.568705    0.000061  0.000003  ...  0.000012  2.750494e+06  1.737549e+09

[1592 rows x 13 columns]
CHANNEL_2_2
           cbragg  cbragg_err   credchi  ...  cdelta_n            cL     timestamp
0     1546.004083    0.000154  0.000018  ...  0.000012  2.656650e+06  1.737533e+09
1     1546.004261    0.000235  0.000042  ...  0.000012  2.599015e+06  1.737533e+09
2     1546.003881    0.000197  0.000032  ...  0.000012  2.758719e+06  1.737533e+09
3     1546.004221    0.000149  0.000018  ...  0.000012  2.664895e+06  1.737533e+09
4     1546.003937    0.000147  0.000016  ...  0.000012  2.662590e+06  1.737533e+09
...           ...         ...       ...  ...       ...           ...           ...
1587  1546.003767    0.000217  0.000040  ...  0.000012  2.667575e+06  1.737549e+09
1588  1546.003766    0.000148  0.000016  ...  0.000012  2.642260e+06  1.737549e+09
1589  1546.004019    0.000528  0.000165  ...  0.000012  2.408853e+06  1.737549e+09
1590  1546.004466    0.000831  0.000857  ...  0.000012  3.185758e+06  1.737549e+09
1591  1546.004174    0.000149  0.000018  ...  0.000012  2.661495e+06  1.737549e+09

[1592 rows x 13 columns]
CHANNEL_2_3
           cbragg  cbragg_err   credchi  ...  cdelta_n            cL     timestamp
0     1548.593758    0.000103  0.000011  ...  0.000012  2.884806e+06  1.737533e+09
1     1548.596239    0.000138  0.000019  ...  0.000012  2.840665e+06  1.737533e+09
2     1548.593766    0.000122  0.000016  ...  0.000012  2.941499e+06  1.737533e+09
3     1548.596165    0.000116  0.000014  ...  0.000012  2.869039e+06  1.737533e+09
4     1548.593650    0.000115  0.000013  ...  0.000012  2.884743e+06  1.737533e+09
...           ...         ...       ...  ...       ...           ...           ...
1587  1548.596165    0.000114  0.000013  ...  0.000012  2.867862e+06  1.737549e+09
1588  1548.593822    0.000118  0.000014  ...  0.000012  2.868765e+06  1.737549e+09
1589  1548.596241    0.000492  0.000334  ...  0.000012  3.201308e+06  1.737549e+09
1590  1548.593884    0.000106  0.000012  ...  0.000012  2.883284e+06  1.737549e+09
1591  1548.596180    0.000108  0.000012  ...  0.000012  2.873041e+06  1.737549e+09

[1592 rows x 13 columns]
CHANNEL_3_1
           cbragg  cbragg_err   credchi  ...  cdelta_n            cL     timestamp
0     1543.626616    0.000130  0.000022  ...  0.000012  7.868757e+06  1.737533e+09
1     1543.613088    0.000105  0.000014  ...  0.000012  7.928424e+06  1.737533e+09
2     1543.626482    0.000103  0.000022  ...  0.000012  7.862104e+06  1.737533e+09
3     1543.612989    0.000347  0.000014  ...  0.000012  7.924777e+06  1.737533e+09
4     1543.626443    0.000138  0.000021  ...  0.000012  7.864492e+06  1.737533e+09
...           ...         ...       ...  ...       ...           ...           ...
1587  1543.612782    0.000102  0.000014  ...  0.000012  7.908770e+06  1.737549e+09
1588  1543.626385    0.000103  0.000023  ...  0.000012  7.858980e+06  1.737549e+09
1589  1543.612887    0.000102  0.000014  ...  0.000012  7.912700e+06  1.737549e+09
1590  1543.626317    0.000119  0.000022  ...  0.000012  7.860528e+06  1.737549e+09
1591  1543.612928    0.000101  0.000014  ...  0.000012  7.922781e+06  1.737549e+09

[1592 rows x 13 columns]
CHANNEL_3_2
           cbragg  cbragg_err   credchi  ...  cdelta_n            cL     timestamp
0     1544.651712    0.000114  0.000028  ...  0.000012  7.866473e+06  1.737533e+09
1     1544.645476    0.000114  0.000033  ...  0.000012  7.814985e+06  1.737533e+09
2     1544.651711    0.000116  0.000028  ...  0.000012  7.873858e+06  1.737533e+09
3     1544.645409    0.000114  0.000034  ...  0.000012  7.815645e+06  1.737533e+09
4     1544.651822    0.000179  0.000028  ...  0.000012  7.863838e+06  1.737533e+09
...           ...         ...       ...  ...       ...           ...           ...
1587  1544.645268    0.000172  0.000033  ...  0.000012  7.813073e+06  1.737549e+09
1588  1544.651653    0.000138  0.000028  ...  0.000012  7.873779e+06  1.737549e+09
1589  1544.645241    0.000115  0.000034  ...  0.000012  7.815419e+06  1.737549e+09
1590  1544.651697    0.000152  0.000027  ...  0.000012  7.870231e+06  1.737549e+09
1591  1544.645269    0.000124  0.000033  ...  0.000012  7.816174e+06  1.737549e+09

[1592 rows x 13 columns]
CHANNEL_3_3
           cbragg  cbragg_err   credchi  ...  cdelta_n            cL     timestamp
0     1545.651126    0.000112  0.000037  ...  0.000012  7.481326e+06  1.737533e+09
1     1545.640896    0.000109  0.000022  ...  0.000012  7.641880e+06  1.737533e+09
2     1545.651151    0.000112  0.000037  ...  0.000012  7.616149e+06  1.737533e+09
3     1545.640920    0.000109  0.000022  ...  0.000012  7.653369e+06  1.737533e+09
4     1545.651541    0.000187  0.000103  ...  0.000012  7.277115e+06  1.737533e+09
...           ...         ...       ...  ...       ...           ...           ...
1587  1545.640984    0.000107  0.000022  ...  0.000012  7.639261e+06  1.737549e+09
1588  1545.650836    0.000112  0.000037  ...  0.000012  7.603826e+06  1.737549e+09
1589  1545.641010    0.000106  0.000021  ...  0.000012  7.642561e+06  1.737549e+09
1590  1545.650838    0.000109  0.000035  ...  0.000012  7.611112e+06  1.737549e+09
1591  1545.641088    0.000107  0.000022  ...  0.000012  7.632385e+06  1.737549e+09

[1592 rows x 13 columns]
CHANNEL_3_4
           cbragg  cbragg_err   credchi  ...  cdelta_n            cL     timestamp
0     1546.624023    0.000093  0.000021  ...  0.000012  7.735728e+06  1.737533e+09
1     1546.614582    0.000095  0.000021  ...  0.000012  7.747682e+06  1.737533e+09
2     1546.624178    0.000092  0.000020  ...  0.000012  7.783755e+06  1.737533e+09
3     1546.614678    0.000094  0.000020  ...  0.000012  7.773959e+06  1.737533e+09
4     1546.624111    0.000095  0.000021  ...  0.000012  7.789060e+06  1.737533e+09
...           ...         ...       ...  ...       ...           ...           ...
1587  1546.614342    0.000095  0.000021  ...  0.000012  7.758257e+06  1.737549e+09
1588  1546.624004    0.000095  0.000022  ...  0.000012  7.775098e+06  1.737549e+09
1589  1546.614385    0.000093  0.000020  ...  0.000012  7.715829e+06  1.737549e+09
1590  1546.623856    0.000096  0.000022  ...  0.000012  7.781853e+06  1.737549e+09
1591  1546.614244    0.000095  0.000021  ...  0.000012  7.713942e+06  1.737549e+09

[1592 rows x 13 columns]
CHANNEL_3_5
           cbragg  cbragg_err   credchi  ...  cdelta_n            cL     timestamp
0     1547.639899    0.000080  0.000015  ...  0.000012  7.613544e+06  1.737533e+09
1     1547.637079    0.000078  0.000014  ...  0.000012  7.615388e+06  1.737533e+09
2     1547.639941    0.000080  0.000015  ...  0.000012  7.607269e+06  1.737533e+09
3     1547.637070    0.000077  0.000014  ...  0.000012  7.598429e+06  1.737533e+09
4     1547.639981    0.000081  0.000015  ...  0.000012  7.602728e+06  1.737533e+09
...           ...         ...       ...  ...       ...           ...           ...
1587  1547.636989    0.000079  0.000015  ...  0.000012  7.591721e+06  1.737549e+09
1588  1547.639794    0.000079  0.000014  ...  0.000012  7.609415e+06  1.737549e+09
1589  1547.637038    0.000077  0.000014  ...  0.000012  7.598629e+06  1.737549e+09
1590  1547.639738    0.000080  0.000015  ...  0.000012  7.601375e+06  1.737549e+09
1591  1547.636918    0.000079  0.000015  ...  0.000012  7.594633e+06  1.737549e+09

[1592 rows x 13 columns]
CHANNEL_3_6
           cbragg  cbragg_err   credchi  ...  cdelta_n            cL     timestamp
0     1548.629973    0.000079  0.000019  ...  0.000012  7.807714e+06  1.737533e+09
1     1548.617895    0.000075  0.000010  ...  0.000012  7.898823e+06  1.737533e+09
2     1548.629905    0.000080  0.000020  ...  0.000012  7.811023e+06  1.737533e+09
3     1548.617819    0.000077  0.000011  ...  0.000012  7.893225e+06  1.737533e+09
4     1548.629846    0.000080  0.000020  ...  0.000012  7.794397e+06  1.737533e+09
...           ...         ...       ...  ...       ...           ...           ...
1587  1548.617551    0.000075  0.000010  ...  0.000012  7.835915e+06  1.737549e+09
1588  1548.629657    0.000082  0.000021  ...  0.000012  7.800697e+06  1.737549e+09
1589  1548.617561    0.000075  0.000010  ...  0.000012  7.883449e+06  1.737549e+09
1590  1548.629621    0.000078  0.000019  ...  0.000012  7.807141e+06  1.737549e+09
1591  1548.617522    0.000075  0.000010  ...  0.000012  7.891837e+06  1.737549e+09

[1592 rows x 13 columns]
CHANNEL_3_7
           cbragg  cbragg_err   credchi  ...  cdelta_n            cL     timestamp
0     1549.644027    0.000089  0.000014  ...  0.000012  7.571348e+06  1.737533e+09
1     1549.644561    0.000084  0.000019  ...  0.000012  7.536825e+06  1.737533e+09
2     1549.644028    0.000086  0.000013  ...  0.000012  7.555636e+06  1.737533e+09
3     1549.644513    0.000085  0.000020  ...  0.000012  7.528110e+06  1.737533e+09
4     1549.643894    0.000086  0.000013  ...  0.000012  7.578113e+06  1.737533e+09
...           ...         ...       ...  ...       ...           ...           ...
1587  1549.644259    0.000087  0.000021  ...  0.000012  7.532270e+06  1.737549e+09
1588  1549.643703    0.000088  0.000014  ...  0.000012  7.571310e+06  1.737549e+09
1589  1549.644225    0.000086  0.000020  ...  0.000012  7.531532e+06  1.737549e+09
1590  1549.643695    0.000088  0.000014  ...  0.000012  7.579907e+06  1.737549e+09
1591  1549.644271    0.000085  0.000020  ...  0.000012  7.538412e+06  1.737549e+09

[1592 rows x 13 columns]
CHANNEL_3_8
           cbragg  cbragg_err   credchi  ...  cdelta_n            cL     timestamp
0     1550.599986    0.000090  0.000019  ...  0.000012  7.632378e+06  1.737533e+09
1     1550.589583    0.000089  0.000011  ...  0.000012  7.724138e+06  1.737533e+09
2     1550.600087    0.000089  0.000018  ...  0.000012  7.641145e+06  1.737533e+09
3     1550.589461    0.000089  0.000011  ...  0.000012  7.717505e+06  1.737533e+09
4     1550.600029    0.000090  0.000019  ...  0.000012  7.641245e+06  1.737533e+09
...           ...         ...       ...  ...       ...           ...           ...
1587  1550.589654    0.000090  0.000011  ...  0.000012  7.715575e+06  1.737549e+09
1588  1550.599927    0.000089  0.000019  ...  0.000012  7.635416e+06  1.737549e+09
1589  1550.589426    0.000089  0.000011  ...  0.000012  7.734231e+06  1.737549e+09
1590  1550.599853    0.000088  0.000018  ...  0.000012  7.641916e+06  1.737549e+09
1591  1550.589566    0.000088  0.000010  ...  0.000012  7.726260e+06  1.737549e+09

[1592 rows x 13 columns]
CHANNEL_3_9
           cbragg  cbragg_err   credchi  ...  cdelta_n            cL     timestamp
0     1551.593797    0.000096  0.000013  ...  0.000012  7.715520e+06  1.737533e+09
1     1551.590576    0.000090  0.000016  ...  0.000012  7.612871e+06  1.737533e+09
2     1551.593842    0.000093  0.000012  ...  0.000012  7.652835e+06  1.737533e+09
3     1551.590569    0.000088  0.000015  ...  0.000012  7.639703e+06  1.737533e+09
4     1551.593795    0.000094  0.000012  ...  0.000012  7.717215e+06  1.737533e+09
...           ...         ...       ...  ...       ...           ...           ...
1587  1551.590560    0.000088  0.000015  ...  0.000012  7.680038e+06  1.737549e+09
1588  1551.593650    0.000094  0.000012  ...  0.000012  7.682368e+06  1.737549e+09
1589  1551.590522    0.000089  0.000016  ...  0.000012  7.684291e+06  1.737549e+09
1590  1551.593620    0.000094  0.000012  ...  0.000012  7.703838e+06  1.737549e+09
1591  1551.590543    0.000089  0.000015  ...  0.000012  7.676290e+06  1.737549e+09

[1592 rows x 13 columns]
CHANNEL_3_10
           cbragg  cbragg_err   credchi  ...  cdelta_n            cL     timestamp
0     1552.603146    0.000100  0.000017  ...  0.000012  7.770307e+06  1.737533e+09
1     1552.594686    0.000106  0.000015  ...  0.000012  7.871935e+06  1.737533e+09
2     1552.603093    0.000100  0.000017  ...  0.000012  7.787787e+06  1.737533e+09
3     1552.594614    0.000103  0.000015  ...  0.000012  7.821342e+06  1.737533e+09
4     1552.603071    0.000103  0.000018  ...  0.000012  7.758431e+06  1.737533e+09
...           ...         ...       ...  ...       ...           ...           ...
1587  1552.594732    0.000266  0.000082  ...  0.000012  7.072155e+06  1.737549e+09
1588  1552.602784    0.000099  0.000017  ...  0.000012  7.781233e+06  1.737549e+09
1589  1552.594736    0.000101  0.000014  ...  0.000012  7.792060e+06  1.737549e+09
1590  1552.602939    0.000099  0.000017  ...  0.000012  7.782033e+06  1.737549e+09
1591  1552.594708    0.000102  0.000014  ...  0.000012  7.811140e+06  1.737549e+09

[1592 rows x 13 columns]
CHANNEL_3_11
           cbragg  cbragg_err   credchi  ...  cdelta_n            cL     timestamp
0     1553.570893    0.000126  0.000033  ...  0.000012  7.978509e+06  1.737533e+09
1     1553.560484    0.000125  0.000028  ...  0.000012  7.952175e+06  1.737533e+09
2     1553.570944    0.000126  0.000033  ...  0.000012  7.965437e+06  1.737533e+09
3     1553.560451    0.000123  0.000027  ...  0.000012  7.958721e+06  1.737533e+09
4     1553.570977    0.000210  0.000086  ...  0.000012  7.492174e+06  1.737533e+09
...           ...         ...       ...  ...       ...           ...           ...
1587  1553.560451    0.000124  0.000028  ...  0.000012  7.948114e+06  1.737549e+09
1588  1553.571150    0.000126  0.000033  ...  0.000012  7.966879e+06  1.737549e+09
1589  1553.560629    0.000123  0.000027  ...  0.000012  7.951812e+06  1.737549e+09
1590  1553.571135    0.000194  0.000076  ...  0.000012  7.558152e+06  1.737549e+09
1591  1553.560436    0.000123  0.000027  ...  0.000012  7.972545e+06  1.737549e+09

[1592 rows x 13 columns]
CHANNEL_3_12
           cbragg  cbragg_err   credchi  ...  cdelta_n            cL     timestamp
0     1554.545004    0.000094  0.000018  ...  0.000012  7.819358e+06  1.737533e+09
1     1554.538256    0.000096  0.000013  ...  0.000012  7.882826e+06  1.737533e+09
2     1554.545065    0.000095  0.000018  ...  0.000012  7.817280e+06  1.737533e+09
3     1554.538279    0.000096  0.000013  ...  0.000012  7.887709e+06  1.737533e+09
4     1554.544962    0.000095  0.000018  ...  0.000012  7.817147e+06  1.737533e+09
...           ...         ...       ...  ...       ...           ...           ...
1587  1554.538436    0.000097  0.000013  ...  0.000012  7.889099e+06  1.737549e+09
1588  1554.544924    0.000095  0.000018  ...  0.000012  7.816802e+06  1.737549e+09
1589  1554.538495    0.000096  0.000013  ...  0.000012  7.875136e+06  1.737549e+09
1590  1554.544930    0.000094  0.000017  ...  0.000012  7.814615e+06  1.737549e+09
1591  1554.538455    0.000096  0.000013  ...  0.000012  7.861368e+06  1.737549e+09

[1592 rows x 13 columns]
CHANNEL_3_13
           cbragg  cbragg_err   credchi  ...  cdelta_n            cL     timestamp
0     1555.551963    0.000089  0.000012  ...  0.000012  7.616996e+06  1.737533e+09
1     1555.546935    0.000086  0.000013  ...  0.000012  7.579185e+06  1.737533e+09
2     1555.552006    0.000090  0.000012  ...  0.000012  7.610361e+06  1.737533e+09
3     1555.546908    0.000085  0.000013  ...  0.000012  7.572281e+06  1.737533e+09
4     1555.551974    0.000088  0.000011  ...  0.000012  7.622601e+06  1.737533e+09
...           ...         ...       ...  ...       ...           ...           ...
1587  1555.546856    0.000085  0.000013  ...  0.000012  7.572726e+06  1.737549e+09
1588  1555.552115    0.000087  0.000011  ...  0.000012  7.633191e+06  1.737549e+09
1589  1555.546882    0.000089  0.000014  ...  0.000012  7.564070e+06  1.737549e+09
1590  1555.552126    0.000089  0.000012  ...  0.000012  7.621986e+06  1.737549e+09
1591  1555.546898    0.000087  0.000013  ...  0.000012  7.525855e+06  1.737549e+09

[1592 rows x 13 columns]
CHANNEL_3_14
           cbragg  cbragg_err   credchi  ...  cdelta_n            cL     timestamp
0     1556.506917    0.000181  0.000071  ...  0.000012  7.741722e+06  1.737533e+09
1     1556.498645    0.000179  0.000043  ...  0.000012  7.830202e+06  1.737533e+09
2     1556.506992    0.000183  0.000073  ...  0.000012  7.736099e+06  1.737533e+09
3     1556.498657    0.000182  0.000044  ...  0.000012  7.823525e+06  1.737533e+09
4     1556.506918    0.000182  0.000072  ...  0.000012  7.745885e+06  1.737533e+09
...           ...         ...       ...  ...       ...           ...           ...
1587  1556.498902    0.000181  0.000044  ...  0.000012  7.826772e+06  1.737549e+09
1588  1556.506914    0.000183  0.000073  ...  0.000012  7.742264e+06  1.737549e+09
1589  1556.498880    0.000181  0.000044  ...  0.000012  7.820711e+06  1.737549e+09
1590  1556.506900    0.000181  0.000072  ...  0.000012  7.741796e+06  1.737549e+09
1591  1556.498949    0.000185  0.000046  ...  0.000012  7.826139e+06  1.737549e+09

[1592 rows x 13 columns]
