000 (11451992.157.000) 01/28 14:31:49 Job submitted from host: <188.185.114.121:9618?addrs=188.185.114.121-9618+[2001-1458-d00-a--100-273]-9618&alias=bigbird19.cern.ch&noUDP&sock=schedd_2045_4743>
...
040 (11451992.157.000) 01/28 14:36:49 Started transferring input files
	Transferring to host: <128.142.161.107:9618?addrs=128.142.161.107-9618+[2001-1458-301-b8--100-29]-9618&alias=b9g03p5993.cern.ch&noUDP&sock=slot1_24_538987_d9b7_4092>
...
040 (11451992.157.000) 01/28 14:36:49 Finished transferring input files
...
001 (11451992.157.000) 01/28 14:36:50 Job executing on host: <128.142.161.107:9618?addrs=128.142.161.107-9618+[2001-1458-301-b8--100-29]-9618&alias=b9g03p5993.cern.ch&noUDP&sock=startd_3203_91ef>
	SlotName: slot1_24@b9g03p5993.cern.ch
	CondorScratchDir = "/pool/condor/dir_766366"
	Cpus = 1
	Disk = 4008
	GPUs = 0
	Memory = 3000
...
006 (11451992.157.000) 01/28 14:36:58 Image size of job updated: 80380
	79  -  MemoryUsage of job (MB)
	80380  -  ResidentSetSize of job (KB)
...
006 (11451992.157.000) 01/28 14:41:58 Image size of job updated: 87364
	86  -  MemoryUsage of job (MB)
	87364  -  ResidentSetSize of job (KB)
...
006 (11451992.157.000) 01/28 14:46:59 Image size of job updated: 91684
	90  -  MemoryUsage of job (MB)
	91684  -  ResidentSetSize of job (KB)
...
006 (11451992.157.000) 01/28 14:52:00 Image size of job updated: 96036
	94  -  MemoryUsage of job (MB)
	96036  -  ResidentSetSize of job (KB)
...
006 (11451992.157.000) 01/28 14:57:00 Image size of job updated: 100200
	98  -  MemoryUsage of job (MB)
	100200  -  ResidentSetSize of job (KB)
...
006 (11451992.157.000) 01/28 15:02:01 Image size of job updated: 104396
	102  -  MemoryUsage of job (MB)
	104396  -  ResidentSetSize of job (KB)
...
006 (11451992.157.000) 01/28 15:07:02 Image size of job updated: 108716
	107  -  MemoryUsage of job (MB)
	108716  -  ResidentSetSize of job (KB)
...
006 (11451992.157.000) 01/28 15:12:02 Image size of job updated: 112236
	110  -  MemoryUsage of job (MB)
	112236  -  ResidentSetSize of job (KB)
...
006 (11451992.157.000) 01/28 15:17:02 Image size of job updated: 116552
	114  -  MemoryUsage of job (MB)
	116552  -  ResidentSetSize of job (KB)
...
006 (11451992.157.000) 01/28 15:22:03 Image size of job updated: 121140
	119  -  MemoryUsage of job (MB)
	121140  -  ResidentSetSize of job (KB)
...
006 (11451992.157.000) 01/28 15:27:03 Image size of job updated: 128220
	126  -  MemoryUsage of job (MB)
	128220  -  ResidentSetSize of job (KB)
...
006 (11451992.157.000) 01/28 15:32:03 Image size of job updated: 139464
	137  -  MemoryUsage of job (MB)
	139464  -  ResidentSetSize of job (KB)
...
006 (11451992.157.000) 01/28 15:37:04 Image size of job updated: 147408
	144  -  MemoryUsage of job (MB)
	147408  -  ResidentSetSize of job (KB)
...
006 (11451992.157.000) 01/28 15:42:04 Image size of job updated: 154816
	152  -  MemoryUsage of job (MB)
	154816  -  ResidentSetSize of job (KB)
...
006 (11451992.157.000) 01/28 15:47:04 Image size of job updated: 159576
	156  -  MemoryUsage of job (MB)
	159576  -  ResidentSetSize of job (KB)
...
006 (11451992.157.000) 01/28 15:52:05 Image size of job updated: 163468
	160  -  MemoryUsage of job (MB)
	163468  -  ResidentSetSize of job (KB)
...
006 (11451992.157.000) 01/28 15:57:06 Image size of job updated: 167472
	164  -  MemoryUsage of job (MB)
	167472  -  ResidentSetSize of job (KB)
...
006 (11451992.157.000) 01/28 16:02:06 Image size of job updated: 171504
	168  -  MemoryUsage of job (MB)
	171504  -  ResidentSetSize of job (KB)
...
006 (11451992.157.000) 01/28 16:07:06 Image size of job updated: 174684
	171  -  MemoryUsage of job (MB)
	174684  -  ResidentSetSize of job (KB)
...
006 (11451992.157.000) 01/28 16:12:07 Image size of job updated: 177672
	174  -  MemoryUsage of job (MB)
	177672  -  ResidentSetSize of job (KB)
...
006 (11451992.157.000) 01/28 16:17:07 Image size of job updated: 180748
	177  -  MemoryUsage of job (MB)
	180748  -  ResidentSetSize of job (KB)
...
006 (11451992.157.000) 01/28 16:22:07 Image size of job updated: 184128
	180  -  MemoryUsage of job (MB)
	184128  -  ResidentSetSize of job (KB)
...
040 (11451992.157.000) 01/28 16:25:58 Started transferring output files
...
040 (11451992.157.000) 01/28 16:25:58 Finished transferring output files
...
005 (11451992.157.000) 01/28 16:25:58 Job terminated.
	(1) Normal termination (return value 0)
		Usr 0 01:45:06, Sys 0 00:00:02  -  Run Remote Usage
		Usr 0 00:00:00, Sys 0 00:00:00  -  Run Local Usage
		Usr 0 01:45:06, Sys 0 00:00:02  -  Total Remote Usage
		Usr 0 00:00:00, Sys 0 00:00:00  -  Total Local Usage
	40692  -  Run Bytes Sent By Job
	5797  -  Run Bytes Received By Job
	40692  -  Total Bytes Sent By Job
	5797  -  Total Bytes Received By Job
	Partitionable Resources :    Usage  Request Allocated 
	   Cpus                 :     0.98        1         1 
	   Disk (KB)            :    68          10      4008 
	   GPUs                 :                           0 
	   Memory (MB)          :   180        3000      3000 

	Job terminated of its own accord at 2025-01-28T15:25:58Z with exit-code 0.
...
