CHANNEL_0_1
           cbragg  cbragg_err   credchi  ...  cdelta_n            cL     timestamp
0     1546.528004    0.000103  0.000288  ...  0.000012  7.843786e+06  1.733500e+09
1     1546.537083    0.000170  0.001199  ...  0.000012  8.174147e+06  1.733500e+09
2     1546.531816    0.000150  0.000613  ...  0.000012  7.987418e+06  1.733500e+09
3     1546.539826    0.000091  0.000317  ...  0.000012  7.717045e+06  1.733500e+09
4     1546.528602    0.000130  0.000474  ...  0.000012  8.000885e+06  1.733500e+09
...           ...         ...       ...  ...       ...           ...           ...
1587  1545.914413    0.000093  0.000324  ...  0.000012  7.736595e+06  1.733516e+09
1588  1545.903596    0.000087  0.000193  ...  0.000012  7.795800e+06  1.733516e+09
1589  1545.914451    0.000103  0.000403  ...  0.000012  7.823639e+06  1.733516e+09
1590  1545.903173    0.000160  0.000687  ...  0.000012  8.151111e+06  1.733516e+09
1591  1545.914273    0.000154  0.000889  ...  0.000012  7.952318e+06  1.733516e+09

[1592 rows x 13 columns]
CHANNEL_0_2
           cbragg  cbragg_err   credchi  ...  cdelta_n            cL     timestamp
0     1547.463643    0.000277  0.001401  ...  0.000012  8.481727e+06  1.733500e+09
1     1547.470538    0.000083  0.000094  ...  0.000012  7.639253e+06  1.733500e+09
2     1547.463945    0.000080  0.000103  ...  0.000012  7.646421e+06  1.733500e+09
3     1547.470613    0.000090  0.000110  ...  0.000012  7.700336e+06  1.733500e+09
4     1547.464320    0.000266  0.001009  ...  0.000012  6.960893e+06  1.733500e+09
...           ...         ...       ...  ...       ...           ...           ...
1587  1546.839505    0.000277  0.000965  ...  0.000012  6.998263e+06  1.733516e+09
1588  1546.832367    0.000076  0.000090  ...  0.000012  7.674891e+06  1.733516e+09
1589  1546.839836    0.000078  0.000083  ...  0.000012  7.677628e+06  1.733516e+09
1590  1546.832009    0.000075  0.000086  ...  0.000012  7.683528e+06  1.733516e+09
1591  1546.839567    0.000077  0.000082  ...  0.000012  7.678217e+06  1.733516e+09

[1592 rows x 13 columns]
CHANNEL_0_3
           cbragg  cbragg_err   credchi  ...  cdelta_n            cL     timestamp
0     1548.410281    0.000128  0.000349  ...  0.000012  7.938165e+06  1.733500e+09
1     1548.421757    0.000101  0.000306  ...  0.000012  7.653574e+06  1.733500e+09
2     1548.410568    0.000102  0.000210  ...  0.000012  7.699999e+06  1.733500e+09
3     1548.422137    0.000106  0.000344  ...  0.000012  7.761361e+06  1.733500e+09
4     1548.411092    0.000100  0.000206  ...  0.000012  7.740951e+06  1.733500e+09
...           ...         ...       ...  ...       ...           ...           ...
1587  1547.772994    0.000106  0.000339  ...  0.000012  7.763147e+06  1.733516e+09
1588  1547.763750    0.000094  0.000171  ...  0.000012  7.783614e+06  1.733516e+09
1589  1547.775855    0.000102  0.000311  ...  0.000012  7.648091e+06  1.733516e+09
1590  1547.760310    0.000094  0.000172  ...  0.000012  7.798870e+06  1.733516e+09
1591  1547.772338    0.000114  0.000381  ...  0.000012  7.763842e+06  1.733516e+09

[1592 rows x 13 columns]
CHANNEL_0_4
           cbragg  cbragg_err   credchi  ...  cdelta_n            cL     timestamp
0     1549.377324    0.000105  0.000211  ...  0.000012  7.941152e+06  1.733500e+09
1     1549.387290    0.000126  0.000525  ...  0.000012  7.985763e+06  1.733500e+09
2     1549.377263    0.000105  0.000209  ...  0.000012  7.942224e+06  1.733500e+09
3     1549.387532    0.000165  0.000895  ...  0.000012  8.068365e+06  1.733500e+09
4     1549.379580    0.000126  0.000296  ...  0.000012  7.982576e+06  1.733500e+09
...           ...         ...       ...  ...       ...           ...           ...
1587  1548.736155    0.000109  0.000384  ...  0.000012  7.948550e+06  1.733516e+09
1588  1548.726952    0.000106  0.000213  ...  0.000012  7.936978e+06  1.733516e+09
1589  1548.736936    0.000108  0.000373  ...  0.000012  7.873489e+06  1.733516e+09
1590  1548.724742    0.000107  0.000215  ...  0.000012  7.935333e+06  1.733516e+09
1591  1548.734873    0.000117  0.000438  ...  0.000012  7.985315e+06  1.733516e+09

[1592 rows x 13 columns]
CHANNEL_0_5
           cbragg  cbragg_err   credchi  ...  cdelta_n            cL     timestamp
0     1550.327438    0.000088  0.000197  ...  0.000012  7.705816e+06  1.733500e+09
1     1550.334927    0.000224  0.002019  ...  0.000012  8.338940e+06  1.733500e+09
2     1550.329277    0.000092  0.000223  ...  0.000012  7.796795e+06  1.733500e+09
3     1550.335791    0.000103  0.000394  ...  0.000012  7.845468e+06  1.733500e+09
4     1550.323952    0.000087  0.000194  ...  0.000012  7.727383e+06  1.733500e+09
...           ...         ...       ...  ...       ...           ...           ...
1587  1549.704612    0.000091  0.000269  ...  0.000012  7.806335e+06  1.733516e+09
1588  1549.699051    0.000085  0.000210  ...  0.000012  7.811151e+06  1.733516e+09
1589  1549.704933    0.000087  0.000244  ...  0.000012  7.753247e+06  1.733516e+09
1590  1549.698347    0.000151  0.000608  ...  0.000012  7.331035e+06  1.733516e+09
1591  1549.704682    0.000086  0.000240  ...  0.000012  7.823755e+06  1.733516e+09

[1592 rows x 13 columns]
CHANNEL_0_6
           cbragg  cbragg_err   credchi  ...  cdelta_n            cL     timestamp
0     1551.289797    0.000090  0.000304  ...  0.000012  7.482338e+06  1.733500e+09
1     1551.291308    0.000086  0.000236  ...  0.000012  7.621056e+06  1.733500e+09
2     1551.289687    0.000130  0.000661  ...  0.000012  7.703609e+06  1.733500e+09
3     1551.291638    0.000126  0.000505  ...  0.000012  7.734906e+06  1.733500e+09
4     1551.290157    0.000124  0.000614  ...  0.000012  7.702860e+06  1.733500e+09
...           ...         ...       ...  ...       ...           ...           ...
1587  1550.660761    0.000079  0.000177  ...  0.000012  7.534701e+06  1.733516e+09
1588  1550.657940    0.000103  0.000415  ...  0.000012  7.604742e+06  1.733516e+09
1589  1550.660878    0.000277  0.001902  ...  0.000012  6.825082e+06  1.733516e+09
1590  1550.656405    0.000078  0.000241  ...  0.000012  7.473323e+06  1.733516e+09
1591  1550.659365    0.000103  0.000299  ...  0.000012  7.676438e+06  1.733516e+09

[1592 rows x 13 columns]
CHANNEL_0_7
           cbragg  cbragg_err   credchi  ...  cdelta_n            cL     timestamp
0     1552.268354    0.000126  0.000363  ...  0.000012  7.837020e+06  1.733500e+09
1     1552.274078    0.000115  0.000293  ...  0.000012  7.716590e+06  1.733500e+09
2     1552.268518    0.000125  0.000358  ...  0.000012  7.838603e+06  1.733500e+09
3     1552.277972    0.000164  0.000609  ...  0.000012  7.970372e+06  1.733500e+09
4     1552.267608    0.000184  0.000812  ...  0.000012  8.135183e+06  1.733500e+09
...           ...         ...       ...  ...       ...           ...           ...
1587  1551.646368    0.000110  0.000299  ...  0.000012  7.765485e+06  1.733516e+09
1588  1551.633109    0.000105  0.000213  ...  0.000012  7.719425e+06  1.733516e+09
1589  1551.643921    0.000206  0.001124  ...  0.000012  8.222274e+06  1.733516e+09
1590  1551.634574    0.000108  0.000222  ...  0.000012  7.698541e+06  1.733516e+09
1591  1551.645770    0.000108  0.000285  ...  0.000012  7.665460e+06  1.733516e+09

[1592 rows x 13 columns]
CHANNEL_0_8
           cbragg  cbragg_err   credchi  ...  cdelta_n            cL     timestamp
0     1553.213488    0.000122  0.000336  ...  0.000012  7.894470e+06  1.733500e+09
1     1553.221940    0.000067  0.000102  ...  0.000012  7.644948e+06  1.733500e+09
2     1553.214603    0.000115  0.000301  ...  0.000012  7.919160e+06  1.733500e+09
3     1553.222759    0.000105  0.000260  ...  0.000012  7.891058e+06  1.733500e+09
4     1553.215154    0.000077  0.000128  ...  0.000012  7.683257e+06  1.733500e+09
...           ...         ...       ...  ...       ...           ...           ...
1587  1552.595620    0.000109  0.000291  ...  0.000012  7.796829e+06  1.733516e+09
1588  1552.588013    0.000063  0.000074  ...  0.000012  7.663746e+06  1.733516e+09
1589  1552.596563    0.000136  0.000470  ...  0.000012  7.918859e+06  1.733516e+09
1590  1552.585832    0.000119  0.000267  ...  0.000012  7.865444e+06  1.733516e+09
1591  1552.594148    0.000062  0.000094  ...  0.000012  7.666451e+06  1.733516e+09

[1592 rows x 13 columns]
CHANNEL_0_9
           cbragg  cbragg_err   credchi  ...  cdelta_n            cL     timestamp
0     1554.181644    0.000105  0.000214  ...  0.000012  7.806417e+06  1.733500e+09
1     1554.187043    0.000082  0.000120  ...  0.000012  7.698710e+06  1.733500e+09
2     1554.183208    0.000087  0.000144  ...  0.000012  7.652611e+06  1.733500e+09
3     1554.188423    0.000085  0.000129  ...  0.000012  7.698039e+06  1.733500e+09
4     1554.181248    0.000087  0.000144  ...  0.000012  7.667620e+06  1.733500e+09
...           ...         ...       ...  ...       ...           ...           ...
1587  1553.560660    0.000210  0.001057  ...  0.000012  8.307108e+06  1.733516e+09
1588  1553.553288    0.000081  0.000102  ...  0.000012  7.726526e+06  1.733516e+09
1589  1553.563135    0.000080  0.000138  ...  0.000012  7.687814e+06  1.733516e+09
1590  1553.551185    0.000083  0.000104  ...  0.000012  7.693011e+06  1.733516e+09
1591  1553.560002    0.000083  0.000151  ...  0.000012  7.744046e+06  1.733516e+09

[1592 rows x 13 columns]
CHANNEL_0_10
           cbragg  cbragg_err   credchi  ...  cdelta_n            cL     timestamp
0     1555.167393    0.000074  0.000070  ...  0.000012  7.813789e+06  1.733500e+09
1     1555.177397    0.000078  0.000110  ...  0.000012  7.740287e+06  1.733500e+09
2     1555.169124    0.000134  0.000241  ...  0.000012  8.158231e+06  1.733500e+09
3     1555.177334    0.000077  0.000109  ...  0.000012  7.756036e+06  1.733500e+09
4     1555.166491    0.000074  0.000070  ...  0.000012  7.787128e+06  1.733500e+09
...           ...         ...       ...  ...       ...           ...           ...
1587  1554.551796    0.000074  0.000102  ...  0.000012  7.719862e+06  1.733516e+09
1588  1554.542666    0.000200  0.000492  ...  0.000012  8.380454e+06  1.733516e+09
1589  1554.549862    0.000074  0.000101  ...  0.000012  7.728064e+06  1.733516e+09
1590  1554.543264    0.000074  0.000062  ...  0.000012  7.753194e+06  1.733516e+09
1591  1554.551085    0.000078  0.000116  ...  0.000012  7.714219e+06  1.733516e+09

[1592 rows x 13 columns]
CHANNEL_0_11
           cbragg  cbragg_err   credchi  ...  cdelta_n            cL     timestamp
0     1556.161629    0.000065  0.000051  ...  0.000012  7.692933e+06  1.733500e+09
1     1556.165748    0.000063  0.000068  ...  0.000012  7.655847e+06  1.733500e+09
2     1556.161166    0.000065  0.000050  ...  0.000012  7.656633e+06  1.733500e+09
3     1556.165078    0.000063  0.000070  ...  0.000012  7.653519e+06  1.733500e+09
4     1556.158747    0.000111  0.000154  ...  0.000012  7.949197e+06  1.733500e+09
...           ...         ...       ...  ...       ...           ...           ...
1587  1555.540646    0.000196  0.000439  ...  0.000012  7.159970e+06  1.733516e+09
1588  1555.536417    0.000064  0.000063  ...  0.000012  7.651700e+06  1.733516e+09
1589  1555.538904    0.000069  0.000061  ...  0.000012  7.677282e+06  1.733516e+09
1590  1555.536373    0.000065  0.000065  ...  0.000012  7.664104e+06  1.733516e+09
1591  1555.538953    0.000072  0.000065  ...  0.000012  7.671330e+06  1.733516e+09

[1592 rows x 13 columns]
CHANNEL_0_12
           cbragg  cbragg_err   credchi  ...  cdelta_n            cL     timestamp
0     1557.163625    0.000291  0.002482  ...  0.000012  8.332930e+06  1.733500e+09
1     1557.166134    0.000119  0.000305  ...  0.000012  7.521197e+06  1.733500e+09
2     1557.167656    0.000120  0.000374  ...  0.000012  7.533085e+06  1.733500e+09
3     1557.170105    0.000118  0.000297  ...  0.000012  7.515351e+06  1.733500e+09
4     1557.165417    0.000151  0.000613  ...  0.000012  7.780067e+06  1.733500e+09
...           ...         ...       ...  ...       ...           ...           ...
1587  1556.546117    0.000153  0.000586  ...  0.000012  7.852641e+06  1.733516e+09
1588  1556.538886    0.000111  0.000272  ...  0.000012  7.579818e+06  1.733516e+09
1589  1556.545809    0.000125  0.000384  ...  0.000012  7.706317e+06  1.733516e+09
1590  1556.538730    0.000175  0.000705  ...  0.000012  7.935541e+06  1.733516e+09
1591  1556.545457    0.000114  0.000316  ...  0.000012  7.564315e+06  1.733516e+09

[1592 rows x 13 columns]
CHANNEL_0_13
           cbragg  cbragg_err   credchi  ...  cdelta_n            cL     timestamp
0     1558.115134    0.000137  0.000329  ...  0.000012  7.781373e+06  1.733500e+09
1     1558.115241    0.000131  0.000193  ...  0.000012  7.704059e+06  1.733500e+09
2     1558.113759    0.000137  0.000316  ...  0.000012  7.709061e+06  1.733500e+09
3     1558.113749    0.000130  0.000191  ...  0.000012  7.733071e+06  1.733500e+09
4     1558.112536    0.000133  0.000302  ...  0.000012  7.659195e+06  1.733500e+09
...           ...         ...       ...  ...       ...           ...           ...
1587  1557.487773    0.000124  0.000260  ...  0.000012  7.739747e+06  1.733516e+09
1588  1557.476642    0.000124  0.000174  ...  0.000012  7.907119e+06  1.733516e+09
1589  1557.487838    0.000124  0.000259  ...  0.000012  7.709743e+06  1.733516e+09
1590  1557.479413    0.000138  0.000220  ...  0.000012  8.013710e+06  1.733516e+09
1591  1557.489642    0.000128  0.000280  ...  0.000012  7.864783e+06  1.733516e+09

[1592 rows x 13 columns]
CHANNEL_0_14
           cbragg  cbragg_err   credchi  ...  cdelta_n            cL     timestamp
0     1558.943909    0.000088  0.000167  ...  0.000012  7.742850e+06  1.733500e+09
1     1558.953123    0.000098  0.000231  ...  0.000012  7.841255e+06  1.733500e+09
2     1558.951673    0.000191  0.000829  ...  0.000012  8.169954e+06  1.733500e+09
3     1558.954204    0.000169  0.000678  ...  0.000012  7.394437e+06  1.733500e+09
4     1558.917021    0.000090  0.000172  ...  0.000012  7.656542e+06  1.733500e+09
...           ...         ...       ...  ...       ...           ...           ...
1587  1558.192318    0.000093  0.000238  ...  0.000012  7.786902e+06  1.733516e+09
1588  1558.183260    0.000079  0.000113  ...  0.000012  7.801368e+06  1.733516e+09
1589  1558.192050    0.000097  0.000262  ...  0.000012  7.826999e+06  1.733516e+09
1590  1558.189469    0.000080  0.000117  ...  0.000012  7.769891e+06  1.733516e+09
1591  1558.196513    0.000260  0.002076  ...  0.000012  8.467303e+06  1.733516e+09

[1592 rows x 13 columns]
CHANNEL_1_1
           cbragg  cbragg_err   credchi  ...  cdelta_n            cL     timestamp
0     1559.875430    0.001519  0.006255  ...  0.000012  2.110763e+06  1.733500e+09
1     1559.876802    0.000107  0.000076  ...  0.000012  2.743508e+06  1.733500e+09
2     1559.865156    0.000106  0.000073  ...  0.000012  2.724424e+06  1.733500e+09
3     1559.864133    0.000108  0.000077  ...  0.000012  2.723998e+06  1.733500e+09
4     1559.863300    0.000101  0.000067  ...  0.000012  2.726982e+06  1.733500e+09
...           ...         ...       ...  ...       ...           ...           ...
1587  1559.227799    0.000092  0.000057  ...  0.000012  2.726802e+06  1.733516e+09
1588  1559.232058    0.002188  0.010909  ...  0.000012  1.973732e+06  1.733516e+09
1589  1559.233010    0.000097  0.000062  ...  0.000012  2.716656e+06  1.733516e+09
1590  1559.226741    0.000093  0.000056  ...  0.000012  2.722470e+06  1.733516e+09
1591  1559.227315    0.000092  0.000057  ...  0.000012  2.726141e+06  1.733516e+09

[1592 rows x 13 columns]
CHANNEL_1_2
           cbragg  cbragg_err   credchi  ...  cdelta_n            cL     timestamp
0     1562.600383    0.001084  0.021690  ...  0.000012  3.616538e+06  1.733500e+09
1     1562.601743    0.001430  0.045789  ...  0.000012  3.926195e+06  1.733500e+09
2     1562.598971    0.001882  0.083219  ...  0.000012  4.340370e+06  1.733500e+09
3     1562.602601    0.001344  0.040397  ...  0.000012  3.874249e+06  1.733500e+09
4     1562.601924    0.001628  0.056934  ...  0.000012  4.059851e+06  1.733500e+09
...           ...         ...       ...  ...       ...           ...           ...
1587  1561.898037    0.001052  0.019868  ...  0.000012  3.534432e+06  1.733516e+09
1588  1561.898261    0.002669  0.177710  ...  0.000012  5.078783e+06  1.733516e+09
1589  1561.902207    0.001285  0.035999  ...  0.000012  3.814459e+06  1.733516e+09
1590  1561.900296    0.001496  0.046971  ...  0.000012  3.964587e+06  1.733516e+09
1591  1561.901908    0.001376  0.037584  ...  0.000012  3.763778e+06  1.733516e+09

[1592 rows x 13 columns]
CHANNEL_1_3
           cbragg  cbragg_err   credchi  ...  cdelta_n            cL     timestamp
0     1565.344232    0.000811  0.009649  ...  0.000012  3.386281e+06  1.733500e+09
1     1565.339837    0.000080  0.000062  ...  0.000012  2.921536e+06  1.733500e+09
2     1565.343203    0.001429  0.041933  ...  0.000012  3.968712e+06  1.733500e+09
3     1565.340064    0.002013  0.095088  ...  0.000012  4.589484e+06  1.733500e+09
4     1565.343467    0.000746  0.003659  ...  0.000012  2.514547e+06  1.733500e+09
...           ...         ...       ...  ...       ...           ...           ...
1587  1564.635639    0.000073  0.000054  ...  0.000012  2.894687e+06  1.733516e+09
1588  1564.636723    0.000097  0.000096  ...  0.000012  2.956316e+06  1.733516e+09
1589  1564.633827    0.000293  0.000769  ...  0.000012  2.749484e+06  1.733516e+09
1590  1564.638878    0.000409  0.001269  ...  0.000012  2.673705e+06  1.733516e+09
1591  1564.628913    0.001677  0.055381  ...  0.000012  4.065139e+06  1.733516e+09

[1592 rows x 13 columns]
CHANNEL_2_1
           cbragg  cbragg_err   credchi  ...  cdelta_n            cL     timestamp
0     1547.318773    0.001046  0.002470  ...  0.000012  3.517170e+06  1.733500e+09
1     1547.316901    0.001116  0.003220  ...  0.000012  3.628790e+06  1.733500e+09
2     1547.314390    0.000404  0.000278  ...  0.000012  3.072769e+06  1.733500e+09
3     1547.311080    0.000070  0.000007  ...  0.000012  2.821133e+06  1.733500e+09
4     1547.307379    0.000890  0.001755  ...  0.000012  3.437216e+06  1.733500e+09
...           ...         ...       ...  ...       ...           ...           ...
1587  1546.614846    0.000534  0.000504  ...  0.000012  3.138538e+06  1.733516e+09
1588  1546.626731    0.000665  0.000824  ...  0.000012  3.243778e+06  1.733516e+09
1589  1546.623473    0.000245  0.000071  ...  0.000012  2.679928e+06  1.733516e+09
1590  1546.614840    0.000399  0.000160  ...  0.000012  2.596076e+06  1.733516e+09
1591  1546.611551    0.000078  0.000008  ...  0.000012  2.813790e+06  1.733516e+09

[1592 rows x 13 columns]
CHANNEL_2_2
           cbragg  cbragg_err   credchi  ...  cdelta_n            cL     timestamp
0     1550.288176    0.000107  0.000013  ...  0.000012  2.735891e+06  1.733500e+09
1     1550.287075    0.000268  0.000093  ...  0.000012  2.891805e+06  1.733500e+09
2     1550.290834    0.000356  0.000115  ...  0.000012  2.570447e+06  1.733500e+09
3     1550.290586    0.000107  0.000013  ...  0.000012  2.728601e+06  1.733500e+09
4     1550.291834    0.001175  0.003021  ...  0.000012  3.604241e+06  1.733500e+09
...           ...         ...       ...  ...       ...           ...           ...
1587  1549.558128    0.000155  0.000025  ...  0.000012  2.663753e+06  1.733516e+09
1588  1549.558375    0.000448  0.000161  ...  0.000012  2.527127e+06  1.733516e+09
1589  1549.559918    0.000098  0.000011  ...  0.000012  2.730628e+06  1.733516e+09
1590  1549.557218    0.000494  0.000321  ...  0.000012  3.039356e+06  1.733516e+09
1591  1549.558787    0.000103  0.000012  ...  0.000012  2.748929e+06  1.733516e+09

[1592 rows x 13 columns]
CHANNEL_2_3
           cbragg  cbragg_err   credchi  ...  cdelta_n            cL     timestamp
0     1552.887163    0.000723  0.000940  ...  0.000012  3.399835e+06  1.733500e+09
1     1552.891051    0.000076  0.000008  ...  0.000012  2.920070e+06  1.733500e+09
2     1552.889302    0.000133  0.000024  ...  0.000012  2.986797e+06  1.733500e+09
3     1552.892559    0.000393  0.000220  ...  0.000012  3.046809e+06  1.733500e+09
4     1552.885586    0.000193  0.000044  ...  0.000012  2.828237e+06  1.733500e+09
...           ...         ...       ...  ...       ...           ...           ...
1587  1552.142373    0.000629  0.000765  ...  0.000012  3.346904e+06  1.733516e+09
1588  1552.139515    0.000190  0.000039  ...  0.000012  2.812189e+06  1.733516e+09
1589  1552.141307    0.000069  0.000006  ...  0.000012  2.907513e+06  1.733516e+09
1590  1552.139960    0.000062  0.000004  ...  0.000012  2.894893e+06  1.733516e+09
1591  1552.142110    0.000788  0.001240  ...  0.000012  3.442853e+06  1.733516e+09

[1592 rows x 13 columns]
CHANNEL_3_1
           cbragg  cbragg_err   credchi  ...  cdelta_n            cL     timestamp
0     1545.810985    0.000108  0.000028  ...  0.000012  7.740986e+06  1.733500e+09
1     1545.804833    0.000105  0.000026  ...  0.000012  7.787316e+06  1.733500e+09
2     1545.815272    0.000109  0.000029  ...  0.000012  7.783128e+06  1.733500e+09
3     1545.807511    0.000107  0.000027  ...  0.000012  7.787488e+06  1.733500e+09
4     1545.812604    0.000109  0.000029  ...  0.000012  7.792520e+06  1.733500e+09
...           ...         ...       ...  ...       ...           ...           ...
1587  1545.313626    0.000110  0.000026  ...  0.000012  7.793723e+06  1.733516e+09
1588  1545.320691    0.000112  0.000029  ...  0.000012  7.791953e+06  1.733516e+09
1589  1545.313543    0.000109  0.000026  ...  0.000012  7.799450e+06  1.733516e+09
1590  1545.319684    0.000132  0.000029  ...  0.000012  7.792345e+06  1.733516e+09
1591  1545.312464    0.000181  0.000026  ...  0.000012  7.796164e+06  1.733516e+09

[1592 rows x 13 columns]
CHANNEL_3_2
           cbragg  cbragg_err   credchi  ...  cdelta_n            cL     timestamp
0     1546.810001    0.000112  0.000051  ...  0.000012  7.805748e+06  1.733500e+09
1     1546.802884    0.000112  0.000032  ...  0.000012  7.843897e+06  1.733500e+09
2     1546.810231    0.000110  0.000049  ...  0.000012  7.798585e+06  1.733500e+09
3     1546.803101    0.000112  0.000032  ...  0.000012  7.824576e+06  1.733500e+09
4     1546.811027    0.000111  0.000050  ...  0.000012  7.808592e+06  1.733500e+09
...           ...         ...       ...  ...       ...           ...           ...
1587  1546.307642    0.000109  0.000031  ...  0.000012  7.851401e+06  1.733516e+09
1588  1546.313310    0.000109  0.000045  ...  0.000012  7.812920e+06  1.733516e+09
1589  1546.307671    0.000109  0.000031  ...  0.000012  7.854272e+06  1.733516e+09
1590  1546.313213    0.000110  0.000046  ...  0.000012  7.816100e+06  1.733516e+09
1591  1546.307721    0.000108  0.000030  ...  0.000012  7.859349e+06  1.733516e+09

[1592 rows x 13 columns]
CHANNEL_3_3
           cbragg  cbragg_err   credchi  ...  cdelta_n            cL     timestamp
0     1547.767153    0.000110  0.000033  ...  0.000012  7.570429e+06  1.733500e+09
1     1547.764958    0.000109  0.000044  ...  0.000012  7.561644e+06  1.733500e+09
2     1547.767446    0.000110  0.000033  ...  0.000012  7.557954e+06  1.733500e+09
3     1547.765235    0.000106  0.000042  ...  0.000012  7.568567e+06  1.733500e+09
4     1547.768473    0.000112  0.000034  ...  0.000012  7.549207e+06  1.733500e+09
...           ...         ...       ...  ...       ...           ...           ...
1587  1547.250354    0.000107  0.000041  ...  0.000012  7.568091e+06  1.733516e+09
1588  1547.256409    0.000109  0.000032  ...  0.000012  7.563972e+06  1.733516e+09
1589  1547.252457    0.000110  0.000043  ...  0.000012  7.559408e+06  1.733516e+09
1590  1547.253374    0.000110  0.000033  ...  0.000012  7.575509e+06  1.733516e+09
1591  1547.249332    0.000109  0.000042  ...  0.000012  7.566931e+06  1.733516e+09

[1592 rows x 13 columns]
CHANNEL_3_4
           cbragg  cbragg_err   credchi  ...  cdelta_n            cL     timestamp
0     1548.717473    0.000096  0.000032  ...  0.000012  7.746887e+06  1.733500e+09
1     1548.705695    0.000095  0.000024  ...  0.000012  7.751719e+06  1.733500e+09
2     1548.717354    0.000099  0.000034  ...  0.000012  7.731827e+06  1.733500e+09
3     1548.705972    0.000096  0.000025  ...  0.000012  7.756298e+06  1.733500e+09
4     1548.719969    0.000098  0.000033  ...  0.000012  7.735312e+06  1.733500e+09
...           ...         ...       ...  ...       ...           ...           ...
1587  1548.188064    0.000093  0.000020  ...  0.000012  7.742584e+06  1.733516e+09
1588  1548.200350    0.000100  0.000037  ...  0.000012  7.723555e+06  1.733516e+09
1589  1548.188261    0.000094  0.000021  ...  0.000012  7.810184e+06  1.733516e+09
1590  1548.198805    0.000100  0.000037  ...  0.000012  7.707702e+06  1.733516e+09
1591  1548.186642    0.000095  0.000021  ...  0.000012  7.813607e+06  1.733516e+09

[1592 rows x 13 columns]
CHANNEL_3_5
           cbragg  cbragg_err   credchi  ...  cdelta_n            cL     timestamp
0     1549.697511    0.000078  0.000022  ...  0.000012  7.568146e+06  1.733500e+09
1     1549.692291    0.000081  0.000018  ...  0.000012  7.578646e+06  1.733500e+09
2     1549.700372    0.000079  0.000022  ...  0.000012  7.554840e+06  1.733500e+09
3     1549.694879    0.000078  0.000017  ...  0.000012  7.582671e+06  1.733500e+09
4     1549.695476    0.000079  0.000022  ...  0.000012  7.556690e+06  1.733500e+09
...           ...         ...       ...  ...       ...           ...           ...
1587  1549.173324    0.000081  0.000022  ...  0.000012  7.548268e+06  1.733516e+09
1588  1549.175666    0.000087  0.000020  ...  0.000012  7.560584e+06  1.733516e+09
1589  1549.173785    0.000080  0.000021  ...  0.000012  7.552090e+06  1.733516e+09
1590  1549.175164    0.000082  0.000018  ...  0.000012  7.563506e+06  1.733516e+09
1591  1549.173675    0.000082  0.000022  ...  0.000012  7.510125e+06  1.733516e+09

[1592 rows x 13 columns]
CHANNEL_3_6
           cbragg  cbragg_err   credchi  ...  cdelta_n            cL     timestamp
0     1550.657061    0.000085  0.000020  ...  0.000012  7.781126e+06  1.733500e+09
1     1550.651690    0.000085  0.000025  ...  0.000012  7.726375e+06  1.733500e+09
2     1550.657403    0.000085  0.000020  ...  0.000012  7.769592e+06  1.733500e+09
3     1550.652429    0.000085  0.000025  ...  0.000012  7.740081e+06  1.733500e+09
4     1550.658273    0.000086  0.000020  ...  0.000012  7.771899e+06  1.733500e+09
...           ...         ...       ...  ...       ...           ...           ...
1587  1550.127657    0.000082  0.000019  ...  0.000012  7.729073e+06  1.733516e+09
1588  1550.137335    0.000083  0.000022  ...  0.000012  7.776602e+06  1.733516e+09
1589  1550.127666    0.000081  0.000019  ...  0.000012  7.811613e+06  1.733516e+09
1590  1550.135652    0.000083  0.000022  ...  0.000012  7.754209e+06  1.733516e+09
1591  1550.126269    0.000081  0.000019  ...  0.000012  7.784585e+06  1.733516e+09

[1592 rows x 13 columns]
CHANNEL_3_7
           cbragg  cbragg_err   credchi  ...  cdelta_n            cL     timestamp
0     1551.659269    0.000099  0.000038  ...  0.000012  7.717739e+06  1.733500e+09
1     1551.645144    0.000079  0.000016  ...  0.000012  7.663587e+06  1.733500e+09
2     1551.659516    0.000086  0.000028  ...  0.000012  7.578035e+06  1.733500e+09
3     1551.647788    0.000081  0.000017  ...  0.000012  7.663154e+06  1.733500e+09
4     1551.659764    0.000086  0.000028  ...  0.000012  7.580613e+06  1.733500e+09
...           ...         ...       ...  ...       ...           ...           ...
1587  1551.128466    0.000094  0.000021  ...  0.000012  7.641753e+06  1.733516e+09
1588  1551.133793    0.000086  0.000027  ...  0.000012  7.544765e+06  1.733516e+09
1589  1551.126321    0.000083  0.000017  ...  0.000012  7.590626e+06  1.733516e+09
1590  1551.133988    0.000085  0.000026  ...  0.000012  7.542450e+06  1.733516e+09
1591  1551.127293    0.000087  0.000019  ...  0.000012  7.575642e+06  1.733516e+09

[1592 rows x 13 columns]
CHANNEL_3_8
           cbragg  cbragg_err   credchi  ...  cdelta_n            cL     timestamp
0     1552.581899    0.000093  0.000023  ...  0.000012  7.596283e+06  1.733500e+09
1     1552.577662    0.000093  0.000020  ...  0.000012  7.621133e+06  1.733500e+09
2     1552.582608    0.000092  0.000022  ...  0.000012  7.606636e+06  1.733500e+09
3     1552.578193    0.000092  0.000019  ...  0.000012  7.632133e+06  1.733500e+09
4     1552.585205    0.000093  0.000023  ...  0.000012  7.573431e+06  1.733500e+09
...           ...         ...       ...  ...       ...           ...           ...
1587  1552.057923    0.000090  0.000021  ...  0.000012  7.601037e+06  1.733516e+09
1588  1552.064680    0.000094  0.000019  ...  0.000012  7.640413e+06  1.733516e+09
1589  1552.058406    0.000087  0.000019  ...  0.000012  7.611914e+06  1.733516e+09
1590  1552.062370    0.000089  0.000017  ...  0.000012  7.641974e+06  1.733516e+09
1591  1552.055917    0.000090  0.000021  ...  0.000012  7.618889e+06  1.733516e+09

[1592 rows x 13 columns]
CHANNEL_3_9
           cbragg  cbragg_err   credchi  ...  cdelta_n            cL     timestamp
0     1553.568351    0.000096  0.000018  ...  0.000012  7.683481e+06  1.733500e+09
1     1553.562765    0.000089  0.000020  ...  0.000012  7.642594e+06  1.733500e+09
2     1553.568853    0.000149  0.000041  ...  0.000012  7.313268e+06  1.733500e+09
3     1553.564039    0.000091  0.000021  ...  0.000012  7.639062e+06  1.733500e+09
4     1553.569365    0.000094  0.000018  ...  0.000012  7.611665e+06  1.733500e+09
...           ...         ...       ...  ...       ...           ...           ...
1587  1553.038166    0.000086  0.000014  ...  0.000012  7.770342e+06  1.733516e+09
1588  1553.052215    0.000088  0.000021  ...  0.000012  7.698289e+06  1.733516e+09
1589  1553.039237    0.000083  0.000013  ...  0.000012  7.780641e+06  1.733516e+09
1590  1553.049059    0.000092  0.000023  ...  0.000012  7.721200e+06  1.733516e+09
1591  1553.036169    0.000089  0.000015  ...  0.000012  7.748452e+06  1.733516e+09

[1592 rows x 13 columns]
CHANNEL_3_10
           cbragg  cbragg_err   credchi  ...  cdelta_n            cL     timestamp
0     1554.565576    0.000096  0.000024  ...  0.000012  7.786472e+06  1.733500e+09
1     1554.555210    0.000100  0.000018  ...  0.000012  7.833457e+06  1.733500e+09
2     1554.566243    0.000098  0.000025  ...  0.000012  7.784825e+06  1.733500e+09
3     1554.555292    0.000097  0.000017  ...  0.000012  7.842873e+06  1.733500e+09
4     1554.565808    0.000094  0.000023  ...  0.000012  7.798363e+06  1.733500e+09
...           ...         ...       ...  ...       ...           ...           ...
1587  1554.038395    0.000100  0.000023  ...  0.000012  7.771396e+06  1.733516e+09
1588  1554.043104    0.000105  0.000020  ...  0.000012  7.757350e+06  1.733516e+09
1589  1554.037029    0.000104  0.000025  ...  0.000012  7.753531e+06  1.733516e+09
1590  1554.043544    0.000104  0.000020  ...  0.000012  7.703911e+06  1.733516e+09
1591  1554.037398    0.000112  0.000028  ...  0.000012  7.570778e+06  1.733516e+09

[1592 rows x 13 columns]
CHANNEL_3_11
           cbragg  cbragg_err   credchi  ...  cdelta_n            cL     timestamp
0     1555.509204    0.000130  0.000039  ...  0.000012  7.871276e+06  1.733500e+09
1     1555.507222    0.000131  0.000046  ...  0.000012  7.868805e+06  1.733500e+09
2     1555.509479    0.000131  0.000040  ...  0.000012  7.898734e+06  1.733500e+09
3     1555.507888    0.000129  0.000045  ...  0.000012  7.868828e+06  1.733500e+09
4     1555.508818    0.000131  0.000039  ...  0.000012  7.882631e+06  1.733500e+09
...           ...         ...       ...  ...       ...           ...           ...
1587  1554.983292    0.000123  0.000035  ...  0.000012  7.974611e+06  1.733516e+09
1588  1554.993769    0.000129  0.000046  ...  0.000012  7.938523e+06  1.733516e+09
1589  1554.981386    0.000122  0.000034  ...  0.000012  7.968164e+06  1.733516e+09
1590  1554.993794    0.000126  0.000044  ...  0.000012  7.937171e+06  1.733516e+09
1591  1554.981572    0.000125  0.000036  ...  0.000012  7.969028e+06  1.733516e+09

[1592 rows x 13 columns]
CHANNEL_3_12
           cbragg  cbragg_err   credchi  ...  cdelta_n            cL     timestamp
0     1556.477586    0.000095  0.000020  ...  0.000012  7.819386e+06  1.733500e+09
1     1556.470333    0.000098  0.000024  ...  0.000012  7.768837e+06  1.733500e+09
2     1556.481070    0.000097  0.000021  ...  0.000012  7.813997e+06  1.733500e+09
3     1556.474251    0.000098  0.000024  ...  0.000012  7.766903e+06  1.733500e+09
4     1556.480106    0.000098  0.000022  ...  0.000012  7.808299e+06  1.733500e+09
...           ...         ...       ...  ...       ...           ...           ...
1587  1555.947355    0.000090  0.000014  ...  0.000012  7.908534e+06  1.733516e+09
1588  1555.959852    0.000092  0.000025  ...  0.000012  7.841632e+06  1.733516e+09
1589  1555.947360    0.000087  0.000014  ...  0.000012  7.914952e+06  1.733516e+09
1590  1555.958456    0.000092  0.000025  ...  0.000012  7.832636e+06  1.733516e+09
1591  1555.946050    0.000088  0.000014  ...  0.000012  7.906779e+06  1.733516e+09

[1592 rows x 13 columns]
CHANNEL_3_13
           cbragg  cbragg_err   credchi  ...  cdelta_n            cL     timestamp
0     1557.452946    0.000151  0.000065  ...  0.000012  7.882902e+06  1.733500e+09
1     1557.440530    0.000086  0.000013  ...  0.000012  7.662587e+06  1.733500e+09
2     1557.451726    0.000113  0.000038  ...  0.000012  7.858297e+06  1.733500e+09
3     1557.439795    0.000085  0.000013  ...  0.000012  7.676399e+06  1.733500e+09
4     1557.451162    0.000179  0.000096  ...  0.000012  8.095559e+06  1.733500e+09
...           ...         ...       ...  ...       ...           ...           ...
1587  1556.915485    0.000082  0.000014  ...  0.000012  7.653341e+06  1.733516e+09
1588  1556.922751    0.000090  0.000017  ...  0.000012  7.615099e+06  1.733516e+09
1589  1556.915847    0.000086  0.000016  ...  0.000012  7.638973e+06  1.733516e+09
1590  1556.924458    0.000087  0.000016  ...  0.000012  7.644152e+06  1.733516e+09
1591  1556.916802    0.000084  0.000015  ...  0.000012  7.642881e+06  1.733516e+09

[1592 rows x 13 columns]
CHANNEL_3_14
           cbragg  cbragg_err   credchi  ...  cdelta_n            cL     timestamp
0     1558.279304    0.000127  0.000047  ...  0.000012  7.828171e+06  1.733500e+09
1     1558.275896    0.000125  0.000033  ...  0.000012  7.884420e+06  1.733500e+09
2     1558.289660    0.000125  0.000047  ...  0.000012  7.855768e+06  1.733500e+09
3     1558.279125    0.000124  0.000032  ...  0.000012  7.896984e+06  1.733500e+09
4     1558.255286    0.000123  0.000044  ...  0.000012  7.803589e+06  1.733500e+09
...           ...         ...       ...  ...       ...           ...           ...
1587  1557.619336    0.000141  0.000048  ...  0.000012  7.799735e+06  1.733516e+09
1588  1557.627054    0.000142  0.000048  ...  0.000012  7.831817e+06  1.733516e+09
1589  1557.618057    0.000141  0.000048  ...  0.000012  7.827673e+06  1.733516e+09
1590  1557.631008    0.000140  0.000047  ...  0.000012  7.849437e+06  1.733516e+09
1591  1557.619871    0.000136  0.000045  ...  0.000012  7.826683e+06  1.733516e+09

[1592 rows x 13 columns]
