000 (11451992.030.000) 01/28 14:31:48 Job submitted from host: <188.185.114.121:9618?addrs=188.185.114.121-9618+[2001-1458-d00-a--100-273]-9618&alias=bigbird19.cern.ch&noUDP&sock=schedd_2045_4743>
...
040 (11451992.030.000) 01/28 14:36:04 Started transferring input files
	Transferring to host: <188.185.196.186:9618?addrs=188.185.196.186-9618+[2001-1458-303-23--100-b6]-9618&alias=b9p16p0849.cern.ch&noUDP&sock=slot1_9_794357_1e07_54965>
...
040 (11451992.030.000) 01/28 14:36:04 Finished transferring input files
...
001 (11451992.030.000) 01/28 14:36:05 Job executing on host: <188.185.196.186:9618?addrs=188.185.196.186-9618+[2001-1458-303-23--100-b6]-9618&alias=b9p16p0849.cern.ch&noUDP&sock=startd_794237_1942>
	SlotName: slot1_9@b9p16p0849.cern.ch
	CondorScratchDir = "/pool/condor/dir_3056504"
	Cpus = 1
	Disk = 3840
	GPUs = 0
	Memory = 3000
...
006 (11451992.030.000) 01/28 14:36:14 Image size of job updated: 1792
	2  -  MemoryUsage of job (MB)
	1792  -  ResidentSetSize of job (KB)
...
006 (11451992.030.000) 01/28 14:40:44 Image size of job updated: 43132
	43  -  MemoryUsage of job (MB)
	43132  -  ResidentSetSize of job (KB)
...
040 (11451992.030.000) 01/28 14:40:44 Started transferring output files
...
040 (11451992.030.000) 01/28 14:40:44 Finished transferring output files
...
005 (11451992.030.000) 01/28 14:40:45 Job terminated.
	(1) Normal termination (return value 0)
		Usr 0 00:00:15, Sys 0 00:00:01  -  Run Remote Usage
		Usr 0 00:00:00, Sys 0 00:00:00  -  Run Local Usage
		Usr 0 00:00:15, Sys 0 00:00:01  -  Total Remote Usage
		Usr 0 00:00:00, Sys 0 00:00:00  -  Total Local Usage
	14883  -  Run Bytes Sent By Job
	5797  -  Run Bytes Received By Job
	14883  -  Total Bytes Sent By Job
	5797  -  Total Bytes Received By Job
	Partitionable Resources :    Usage  Request Allocated 
	   Cpus                 :     0.01        1         1 
	   Disk (KB)            :    43          10      3840 
	   GPUs                 :                           0 
	   Memory (MB)          :    43        3000      3000 

	Job terminated of its own accord at 2025-01-28T13:40:44Z with exit-code 0.
...
