000 (11451992.100.000) 01/28 14:31:49 Job submitted from host: <188.185.114.121:9618?addrs=188.185.114.121-9618+[2001-1458-d00-a--100-273]-9618&alias=bigbird19.cern.ch&noUDP&sock=schedd_2045_4743>
...
040 (11451992.100.000) 01/28 14:36:27 Started transferring input files
	Transferring to host: <188.185.192.183:9618?addrs=188.185.192.183-9618+[2001-1458-303-1f--100-b3]-9618&alias=b9p13p1896.cern.ch&noUDP&sock=slot1_3_6727_87ab_70265>
...
040 (11451992.100.000) 01/28 14:36:27 Finished transferring input files
...
001 (11451992.100.000) 01/28 14:36:28 Job executing on host: <188.185.192.183:9618?addrs=188.185.192.183-9618+[2001-1458-303-1f--100-b3]-9618&alias=b9p13p1896.cern.ch&noUDP&sock=startd_5247_9584>
	SlotName: slot1_3@b9p13p1896.cern.ch
	CondorScratchDir = "/pool/condor/dir_2381930"
	Cpus = 1
	Disk = 3851
	GPUs = 0
	Memory = 3000
...
006 (11451992.100.000) 01/28 14:36:37 Image size of job updated: 9852
	10  -  MemoryUsage of job (MB)
	9852  -  ResidentSetSize of job (KB)
...
006 (11451992.100.000) 01/28 14:40:43 Image size of job updated: 76484
	75  -  MemoryUsage of job (MB)
	76484  -  ResidentSetSize of job (KB)
...
040 (11451992.100.000) 01/28 14:40:43 Started transferring output files
...
040 (11451992.100.000) 01/28 14:40:43 Finished transferring output files
...
005 (11451992.100.000) 01/28 14:40:43 Job terminated.
	(1) Normal termination (return value 0)
		Usr 0 00:00:12, Sys 0 00:00:01  -  Run Remote Usage
		Usr 0 00:00:00, Sys 0 00:00:00  -  Run Local Usage
		Usr 0 00:00:12, Sys 0 00:00:01  -  Total Remote Usage
		Usr 0 00:00:00, Sys 0 00:00:00  -  Total Local Usage
	14886  -  Run Bytes Sent By Job
	5797  -  Run Bytes Received By Job
	14886  -  Total Bytes Sent By Job
	5797  -  Total Bytes Received By Job
	Partitionable Resources :    Usage  Request Allocated 
	   Cpus                 :     0.02        1         1 
	   Disk (KB)            :    42          10      3851 
	   GPUs                 :                           0 
	   Memory (MB)          :    75        3000      3000 

	Job terminated of its own accord at 2025-01-28T13:40:43Z with exit-code 0.
...
