CHANNEL_0_1
           cbragg  cbragg_err   credchi  ...  cdelta_n            cL     timestamp
0     1544.567093    0.000119  0.000056  ...  0.000012  7.692710e+06  1.736727e+09
1     1544.560821    0.000179  0.000046  ...  0.000012  7.693586e+06  1.736727e+09
2     1544.566988    0.000102  0.000055  ...  0.000012  7.704252e+06  1.736728e+09
3     1544.560721    0.000137  0.000044  ...  0.000012  7.683760e+06  1.736728e+09
4     1544.566990    0.000106  0.000056  ...  0.000012  7.706432e+06  1.736728e+09
...           ...         ...       ...  ...       ...           ...           ...
1587  1544.557829    0.000100  0.000043  ...  0.000012  7.692972e+06  1.736743e+09
1588  1544.563880    0.000101  0.000055  ...  0.000012  7.699148e+06  1.736743e+09
1589  1544.557746    0.000104  0.000046  ...  0.000012  7.681792e+06  1.736743e+09
1590  1544.563963    0.000105  0.000058  ...  0.000012  7.692780e+06  1.736743e+09
1591  1544.557733    0.000190  0.000046  ...  0.000012  7.696939e+06  1.736743e+09

[1592 rows x 13 columns]
CHANNEL_0_2
           cbragg  cbragg_err   credchi  ...  cdelta_n            cL     timestamp
0     1545.304944    0.000093  0.000019  ...  0.000012  7.649102e+06  1.736727e+09
1     1545.306645    0.000096  0.000019  ...  0.000012  7.659988e+06  1.736727e+09
2     1545.304844    0.000093  0.000019  ...  0.000012  7.653503e+06  1.736728e+09
3     1545.306602    0.000086  0.000018  ...  0.000012  7.661209e+06  1.736728e+09
4     1545.304831    0.000093  0.000019  ...  0.000012  7.649807e+06  1.736728e+09
...           ...         ...       ...  ...       ...           ...           ...
1587  1545.300221    0.000084  0.000017  ...  0.000012  7.651712e+06  1.736743e+09
1588  1545.298170    0.000095  0.000020  ...  0.000012  7.664517e+06  1.736743e+09
1589  1545.299889    0.000093  0.000020  ...  0.000012  7.662075e+06  1.736743e+09
1590  1545.298365    0.000093  0.000019  ...  0.000012  7.669749e+06  1.736743e+09
1591  1545.300071    0.000091  0.000020  ...  0.000012  7.670352e+06  1.736743e+09

[1592 rows x 13 columns]
CHANNEL_0_3
           cbragg  cbragg_err   credchi  ...  cdelta_n            cL     timestamp
0     1546.146926    0.000113  0.000060  ...  0.000012  7.641152e+06  1.736727e+09
1     1546.140072    0.000118  0.000041  ...  0.000012  7.654492e+06  1.736727e+09
2     1546.146851    0.000113  0.000060  ...  0.000012  7.673036e+06  1.736728e+09
3     1546.139972    0.000118  0.000041  ...  0.000012  7.661231e+06  1.736728e+09
4     1546.146865    0.000196  0.000180  ...  0.000012  7.964811e+06  1.736728e+09
...           ...         ...       ...  ...       ...           ...           ...
1587  1546.139004    0.000117  0.000041  ...  0.000012  7.648050e+06  1.736743e+09
1588  1546.145708    0.000114  0.000061  ...  0.000012  7.639197e+06  1.736743e+09
1589  1546.139014    0.000118  0.000041  ...  0.000012  7.630739e+06  1.736743e+09
1590  1546.145728    0.000115  0.000062  ...  0.000012  7.631600e+06  1.736743e+09
1591  1546.139022    0.000116  0.000041  ...  0.000012  7.651770e+06  1.736743e+09

[1592 rows x 13 columns]
CHANNEL_0_4
           cbragg  cbragg_err   credchi  ...  cdelta_n            cL     timestamp
0     1547.136486    0.000121  0.000053  ...  0.000012  7.851716e+06  1.736727e+09
1     1547.138206    0.000122  0.000058  ...  0.000012  7.831671e+06  1.736727e+09
2     1547.136476    0.000134  0.000064  ...  0.000012  7.890478e+06  1.736728e+09
3     1547.138179    0.000122  0.000057  ...  0.000012  7.822493e+06  1.736728e+09
4     1547.136528    0.000118  0.000051  ...  0.000012  7.853891e+06  1.736728e+09
...           ...         ...       ...  ...       ...           ...           ...
1587  1547.137145    0.000120  0.000055  ...  0.000012  7.816740e+06  1.736743e+09
1588  1547.135352    0.000120  0.000052  ...  0.000012  7.810153e+06  1.736743e+09
1589  1547.137029    0.000149  0.000091  ...  0.000012  8.128872e+06  1.736743e+09
1590  1547.135432    0.000128  0.000059  ...  0.000012  7.919083e+06  1.736743e+09
1591  1547.137149    0.000122  0.000057  ...  0.000012  7.814367e+06  1.736743e+09

[1592 rows x 13 columns]
CHANNEL_0_5
           cbragg  cbragg_err   credchi  ...  cdelta_n            cL     timestamp
0     1548.115033    0.000094  0.000039  ...  0.000012  7.670635e+06  1.736727e+09
1     1548.110783    0.000095  0.000041  ...  0.000012  7.660124e+06  1.736727e+09
2     1548.115080    0.000096  0.000041  ...  0.000012  7.655543e+06  1.736728e+09
3     1548.110798    0.000093  0.000039  ...  0.000012  7.662122e+06  1.736728e+09
4     1548.115157    0.000121  0.000066  ...  0.000012  7.877136e+06  1.736728e+09
...           ...         ...       ...  ...       ...           ...           ...
1587  1548.109659    0.000095  0.000041  ...  0.000012  7.652303e+06  1.736743e+09
1588  1548.113931    0.000095  0.000039  ...  0.000012  7.657292e+06  1.736743e+09
1589  1548.109718    0.000094  0.000040  ...  0.000012  7.661185e+06  1.736743e+09
1590  1548.113956    0.000095  0.000040  ...  0.000012  7.692449e+06  1.736743e+09
1591  1548.109764    0.000106  0.000051  ...  0.000012  7.794014e+06  1.736743e+09

[1592 rows x 13 columns]
CHANNEL_0_6
           cbragg  cbragg_err   credchi  ...  cdelta_n            cL     timestamp
0     1549.096868    0.000084  0.000043  ...  0.000012  7.448868e+06  1.736727e+09
1     1549.090495    0.000081  0.000026  ...  0.000012  7.512368e+06  1.736727e+09
2     1549.096793    0.000084  0.000044  ...  0.000012  7.453083e+06  1.736728e+09
3     1549.090410    0.000089  0.000032  ...  0.000012  7.621423e+06  1.736728e+09
4     1549.096929    0.000086  0.000046  ...  0.000012  7.444923e+06  1.736728e+09
...           ...         ...       ...  ...       ...           ...           ...
1587  1549.089308    0.000081  0.000026  ...  0.000012  7.521774e+06  1.736743e+09
1588  1549.095679    0.000083  0.000042  ...  0.000012  7.454430e+06  1.736743e+09
1589  1549.089424    0.000081  0.000026  ...  0.000012  7.516559e+06  1.736743e+09
1590  1549.095649    0.000082  0.000041  ...  0.000012  7.445252e+06  1.736743e+09
1591  1549.089301    0.000081  0.000026  ...  0.000012  7.515753e+06  1.736743e+09

[1592 rows x 13 columns]
CHANNEL_0_7
           cbragg  cbragg_err   credchi  ...  cdelta_n            cL     timestamp
0     1550.095456    0.000121  0.000043  ...  0.000012  7.651918e+06  1.736727e+09
1     1550.094340    0.000123  0.000048  ...  0.000012  7.626645e+06  1.736727e+09
2     1550.095455    0.000121  0.000043  ...  0.000012  7.666952e+06  1.736728e+09
3     1550.094569    0.000122  0.000047  ...  0.000012  7.634289e+06  1.736728e+09
4     1550.095518    0.000124  0.000045  ...  0.000012  7.645143e+06  1.736728e+09
...           ...         ...       ...  ...       ...           ...           ...
1587  1550.093246    0.000122  0.000047  ...  0.000012  7.638126e+06  1.736743e+09
1588  1550.094311    0.000122  0.000044  ...  0.000012  7.654714e+06  1.736743e+09
1589  1550.093291    0.000122  0.000047  ...  0.000012  7.653195e+06  1.736743e+09
1590  1550.094239    0.000124  0.000046  ...  0.000012  7.629271e+06  1.736743e+09
1591  1550.093229    0.000122  0.000047  ...  0.000012  7.631183e+06  1.736743e+09

[1592 rows x 13 columns]
CHANNEL_0_8
           cbragg  cbragg_err   credchi  ...  cdelta_n            cL     timestamp
0     1551.073034    0.000075  0.000020  ...  0.000012  7.623434e+06  1.736727e+09
1     1551.067355    0.000076  0.000016  ...  0.000012  7.573657e+06  1.736727e+09
2     1551.073030    0.000138  0.000069  ...  0.000012  7.856130e+06  1.736728e+09
3     1551.067420    0.000087  0.000022  ...  0.000012  7.757599e+06  1.736728e+09
4     1551.073158    0.000075  0.000020  ...  0.000012  7.609614e+06  1.736728e+09
...           ...         ...       ...  ...       ...           ...           ...
1587  1551.066046    0.000074  0.000016  ...  0.000012  7.631248e+06  1.736743e+09
1588  1551.071797    0.000076  0.000020  ...  0.000012  7.516447e+06  1.736743e+09
1589  1551.066049    0.000075  0.000016  ...  0.000012  7.635699e+06  1.736743e+09
1590  1551.071828    0.000074  0.000019  ...  0.000012  7.617922e+06  1.736743e+09
1591  1551.066081    0.000075  0.000016  ...  0.000012  7.626997e+06  1.736743e+09

[1592 rows x 13 columns]
CHANNEL_0_9
           cbragg  cbragg_err   credchi  ...  cdelta_n            cL     timestamp
0     1552.056901    0.000089  0.000028  ...  0.000012  7.675889e+06  1.736727e+09
1     1552.049348    0.000095  0.000018  ...  0.000012  7.677420e+06  1.736727e+09
2     1552.056950    0.000089  0.000028  ...  0.000012  7.673845e+06  1.736728e+09
3     1552.049372    0.000093  0.000018  ...  0.000012  7.725154e+06  1.736728e+09
4     1552.057028    0.000090  0.000028  ...  0.000012  7.673780e+06  1.736728e+09
...           ...         ...       ...  ...       ...           ...           ...
1587  1552.048048    0.000094  0.000018  ...  0.000012  7.736602e+06  1.736743e+09
1588  1552.055725    0.000089  0.000028  ...  0.000012  7.678167e+06  1.736743e+09
1589  1552.048093    0.000093  0.000017  ...  0.000012  7.689101e+06  1.736743e+09
1590  1552.055671    0.000091  0.000029  ...  0.000012  7.680730e+06  1.736743e+09
1591  1552.048113    0.000095  0.000018  ...  0.000012  7.719378e+06  1.736743e+09

[1592 rows x 13 columns]
CHANNEL_0_10
           cbragg  cbragg_err   credchi  ...  cdelta_n            cL     timestamp
0     1553.058446    0.000099  0.000018  ...  0.000012  7.649931e+06  1.736727e+09
1     1553.058981    0.000096  0.000024  ...  0.000012  7.655287e+06  1.736727e+09
2     1553.058456    0.000099  0.000018  ...  0.000012  7.696772e+06  1.736728e+09
3     1553.059049    0.000096  0.000023  ...  0.000012  7.635985e+06  1.736728e+09
4     1553.058512    0.000097  0.000018  ...  0.000012  7.708492e+06  1.736728e+09
...           ...         ...       ...  ...       ...           ...           ...
1587  1553.057594    0.000097  0.000024  ...  0.000012  7.650904e+06  1.736743e+09
1588  1553.057053    0.000100  0.000018  ...  0.000012  7.695480e+06  1.736743e+09
1589  1553.057629    0.000097  0.000024  ...  0.000012  7.607858e+06  1.736743e+09
1590  1553.057190    0.000099  0.000018  ...  0.000012  7.686723e+06  1.736743e+09
1591  1553.057659    0.000097  0.000024  ...  0.000012  7.660689e+06  1.736743e+09

[1592 rows x 13 columns]
CHANNEL_0_11
           cbragg  cbragg_err   credchi  ...  cdelta_n            cL     timestamp
0     1554.071717    0.000072  0.000014  ...  0.000012  7.624311e+06  1.736727e+09
1     1554.064583    0.000077  0.000009  ...  0.000012  7.660957e+06  1.736727e+09
2     1554.071760    0.000070  0.000014  ...  0.000012  7.599485e+06  1.736728e+09
3     1554.064576    0.000081  0.000010  ...  0.000012  7.639826e+06  1.736728e+09
4     1554.071786    0.000072  0.000014  ...  0.000012  7.620229e+06  1.736728e+09
...           ...         ...       ...  ...       ...           ...           ...
1587  1554.063112    0.000080  0.000010  ...  0.000012  7.662340e+06  1.736743e+09
1588  1554.070326    0.000073  0.000015  ...  0.000012  7.631268e+06  1.736743e+09
1589  1554.063229    0.000081  0.000010  ...  0.000012  7.646502e+06  1.736743e+09
1590  1554.070451    0.000071  0.000014  ...  0.000012  7.631887e+06  1.736743e+09
1591  1554.063292    0.000078  0.000010  ...  0.000012  7.656059e+06  1.736743e+09

[1592 rows x 13 columns]
CHANNEL_0_12
           cbragg  cbragg_err   credchi  ...  cdelta_n            cL     timestamp
0     1555.092758    0.000115  0.000044  ...  0.000012  7.554081e+06  1.736727e+09
1     1555.092648    0.000116  0.000050  ...  0.000012  7.523033e+06  1.736727e+09
2     1555.092762    0.000116  0.000045  ...  0.000012  7.549062e+06  1.736728e+09
3     1555.092707    0.000115  0.000049  ...  0.000012  7.531849e+06  1.736728e+09
4     1555.092832    0.000116  0.000045  ...  0.000012  7.536242e+06  1.736728e+09
...           ...         ...       ...  ...       ...           ...           ...
1587  1555.091297    0.000116  0.000050  ...  0.000012  7.532976e+06  1.736743e+09
1588  1555.091439    0.000117  0.000046  ...  0.000012  7.546952e+06  1.736743e+09
1589  1555.091269    0.000119  0.000053  ...  0.000012  7.530824e+06  1.736743e+09
1590  1555.091410    0.000117  0.000046  ...  0.000012  7.550197e+06  1.736743e+09
1591  1555.091305    0.000116  0.000050  ...  0.000012  7.539604e+06  1.736743e+09

[1592 rows x 13 columns]
CHANNEL_0_13
           cbragg  cbragg_err   credchi  ...  cdelta_n            cL     timestamp
0     1556.071403    0.000138  0.000050  ...  0.000012  7.697533e+06  1.736727e+09
1     1556.063372    0.000143  0.000034  ...  0.000012  7.683510e+06  1.736727e+09
2     1556.071509    0.000139  0.000051  ...  0.000012  7.692368e+06  1.736728e+09
3     1556.063547    0.000146  0.000036  ...  0.000012  7.688866e+06  1.736728e+09
4     1556.071469    0.000137  0.000049  ...  0.000012  7.700469e+06  1.736728e+09
...           ...         ...       ...  ...       ...           ...           ...
1587  1556.061913    0.000145  0.000035  ...  0.000012  7.695000e+06  1.736743e+09
1588  1556.070146    0.000140  0.000051  ...  0.000012  7.694882e+06  1.736743e+09
1589  1556.062151    0.000149  0.000037  ...  0.000012  7.685618e+06  1.736743e+09
1590  1556.070110    0.000134  0.000047  ...  0.000012  7.652041e+06  1.736743e+09
1591  1556.062121    0.000148  0.000037  ...  0.000012  7.615996e+06  1.736743e+09

[1592 rows x 13 columns]
CHANNEL_0_14
           cbragg  cbragg_err   credchi  ...  cdelta_n            cL     timestamp
0     1557.040090    0.000096  0.000033  ...  0.000012  7.650354e+06  1.736727e+09
1     1557.037693    0.000097  0.000029  ...  0.000012  7.670848e+06  1.736727e+09
2     1557.040051    0.000097  0.000034  ...  0.000012  7.648214e+06  1.736728e+09
3     1557.037750    0.000105  0.000034  ...  0.000012  7.779314e+06  1.736728e+09
4     1557.040224    0.000097  0.000034  ...  0.000012  7.650262e+06  1.736728e+09
...           ...         ...       ...  ...       ...           ...           ...
1587  1557.036333    0.000097  0.000029  ...  0.000012  7.674764e+06  1.736743e+09
1588  1557.038801    0.000096  0.000033  ...  0.000012  7.654510e+06  1.736743e+09
1589  1557.036479    0.000097  0.000028  ...  0.000012  7.677065e+06  1.736743e+09
1590  1557.038814    0.000097  0.000034  ...  0.000012  7.651828e+06  1.736743e+09
1591  1557.036411    0.000097  0.000029  ...  0.000012  7.676240e+06  1.736743e+09

[1592 rows x 13 columns]
CHANNEL_1_1
           cbragg  cbragg_err   credchi  ...  cdelta_n            cL     timestamp
0     1556.042071    0.000361  0.000109  ...  0.000012  2.539995e+06  1.736727e+09
1     1556.040678    0.000572  0.000428  ...  0.000012  3.048296e+06  1.736727e+09
2     1556.041757    0.000072  0.000005  ...  0.000012  2.661766e+06  1.736728e+09
3     1556.040437    0.000770  0.000754  ...  0.000012  3.090192e+06  1.736728e+09
4     1556.041532    0.000106  0.000011  ...  0.000012  2.719220e+06  1.736728e+09
...           ...         ...       ...  ...       ...           ...           ...
1587  1556.037369    0.000617  0.000494  ...  0.000012  3.063205e+06  1.736743e+09
1588  1556.039031    0.000282  0.000063  ...  0.000012  2.521071e+06  1.736743e+09
1589  1556.038405    0.000094  0.000008  ...  0.000012  2.626037e+06  1.736743e+09
1590  1556.039633    0.000607  0.000247  ...  0.000012  2.387245e+06  1.736743e+09
1591  1556.038614    0.000087  0.000007  ...  0.000012  2.664510e+06  1.736743e+09

[1592 rows x 13 columns]
CHANNEL_1_2
           cbragg  cbragg_err   credchi  ...  cdelta_n            cL     timestamp
0     1558.239533    0.000336  0.000178  ...  0.000012  2.970709e+06  1.736727e+09
1     1558.242825    0.000115  0.000019  ...  0.000012  2.775659e+06  1.736727e+09
2     1558.241042    0.000193  0.000053  ...  0.000012  2.875584e+06  1.736728e+09
3     1558.242528    0.000130  0.000026  ...  0.000012  2.847321e+06  1.736728e+09
4     1558.240174    0.000116  0.000018  ...  0.000012  2.804481e+06  1.736728e+09
...           ...         ...       ...  ...       ...           ...           ...
1587  1558.243819    0.000333  0.000195  ...  0.000012  2.996911e+06  1.736743e+09
1588  1558.238688    0.001027  0.002631  ...  0.000012  3.517569e+06  1.736743e+09
1589  1558.242939    0.000150  0.000032  ...  0.000012  2.757072e+06  1.736743e+09
1590  1558.239148    0.000556  0.000583  ...  0.000012  3.146915e+06  1.736743e+09
1591  1558.243388    0.000548  0.000317  ...  0.000012  2.522536e+06  1.736743e+09

[1592 rows x 13 columns]
CHANNEL_1_3
           cbragg  cbragg_err   credchi  ...  cdelta_n            cL     timestamp
0     1561.054870    0.000651  0.000982  ...  0.000012  3.385477e+06  1.736727e+09
1     1561.051564    0.000172  0.000051  ...  0.000012  3.031092e+06  1.736727e+09
2     1561.056030    0.000154  0.000035  ...  0.000012  2.841235e+06  1.736728e+09
3     1561.052195    0.000044  0.000003  ...  0.000012  2.931226e+06  1.736728e+09
4     1561.054796    0.000706  0.001179  ...  0.000012  3.422506e+06  1.736728e+09
...           ...         ...       ...  ...       ...           ...           ...
1587  1561.050536    0.000043  0.000003  ...  0.000012  2.943133e+06  1.736743e+09
1588  1561.054141    0.000043  0.000003  ...  0.000012  2.939601e+06  1.736743e+09
1589  1561.050825    0.000223  0.000069  ...  0.000012  2.794905e+06  1.736743e+09
1590  1561.054273    0.000297  0.000162  ...  0.000012  3.104716e+06  1.736743e+09
1591  1561.050369    0.000467  0.000464  ...  0.000012  3.247015e+06  1.736743e+09

[1592 rows x 13 columns]
CHANNEL_2_1
           cbragg  cbragg_err   credchi  ...  cdelta_n            cL     timestamp
0     1543.464534    0.000130  0.000005  ...  0.000012  2.766285e+06  1.736727e+09
1     1543.463506    0.000072  0.000005  ...  0.000012  2.770516e+06  1.736727e+09
2     1543.464351    0.000156  0.000005  ...  0.000012  2.767523e+06  1.736728e+09
3     1543.463313    0.000072  0.000005  ...  0.000012  2.769109e+06  1.736728e+09
4     1543.464488    0.000075  0.000005  ...  0.000012  2.768018e+06  1.736728e+09
...           ...         ...       ...  ...       ...           ...           ...
1587  1543.460197    0.000073  0.000005  ...  0.000012  2.770548e+06  1.736743e+09
1588  1543.461368    0.000074  0.000005  ...  0.000012  2.767547e+06  1.736743e+09
1589  1543.460254    0.000117  0.000005  ...  0.000012  2.770266e+06  1.736743e+09
1590  1543.461388    0.000073  0.000005  ...  0.000012  2.768200e+06  1.736743e+09
1591  1543.460208    0.000088  0.000005  ...  0.000012  2.768446e+06  1.736743e+09

[1592 rows x 13 columns]
CHANNEL_2_2
           cbragg  cbragg_err   credchi  ...  cdelta_n            cL     timestamp
0     1545.970700    0.000628  0.000215  ...  0.000012  2.375132e+06  1.736727e+09
1     1545.971200    0.000425  0.000195  ...  0.000012  2.935491e+06  1.736727e+09
2     1545.970132    0.000500  0.000142  ...  0.000012  2.427349e+06  1.736728e+09
3     1545.969923    0.000972  0.000446  ...  0.000012  2.257922e+06  1.736728e+09
4     1545.970875    0.001341  0.002967  ...  0.000012  3.608459e+06  1.736728e+09
...           ...         ...       ...  ...       ...           ...           ...
1587  1545.970639    0.000148  0.000018  ...  0.000012  2.665926e+06  1.736743e+09
1588  1545.971049    0.000144  0.000016  ...  0.000012  2.662729e+06  1.736743e+09
1589  1545.970842    0.000142  0.000016  ...  0.000012  2.674826e+06  1.736743e+09
1590  1545.970681    0.000285  0.000053  ...  0.000012  2.531393e+06  1.736743e+09
1591  1545.970536    0.000431  0.000130  ...  0.000012  2.512870e+06  1.736743e+09

[1592 rows x 13 columns]
CHANNEL_2_3
           cbragg  cbragg_err   credchi  ...  cdelta_n            cL     timestamp
0     1548.566988    0.000202  0.000049  ...  0.000012  3.012239e+06  1.736727e+09
1     1548.564042    0.000198  0.000046  ...  0.000012  2.995009e+06  1.736727e+09
2     1548.567007    0.000104  0.000011  ...  0.000012  2.885599e+06  1.736728e+09
3     1548.564675    0.000098  0.000010  ...  0.000012  2.876371e+06  1.736728e+09
4     1548.566885    0.000152  0.000025  ...  0.000012  2.866295e+06  1.736728e+09
...           ...         ...       ...  ...       ...           ...           ...
1587  1548.562229    0.000476  0.000258  ...  0.000012  3.081581e+06  1.736743e+09
1588  1548.565711    0.000358  0.000133  ...  0.000012  2.815274e+06  1.736743e+09
1589  1548.563169    0.000113  0.000013  ...  0.000012  2.848024e+06  1.736743e+09
1590  1548.565843    0.000904  0.001368  ...  0.000012  3.499004e+06  1.736743e+09
1591  1548.563250    0.000110  0.000012  ...  0.000012  2.867955e+06  1.736743e+09

[1592 rows x 13 columns]
CHANNEL_3_1
           cbragg  cbragg_err   credchi  ...  cdelta_n            cL     timestamp
0     1544.064132    0.000154  0.000022  ...  0.000012  7.756633e+06  1.736727e+09
1     1544.059255    0.000123  0.000024  ...  0.000012  7.755685e+06  1.736727e+09
2     1544.063959    0.000203  0.000023  ...  0.000012  7.754871e+06  1.736728e+09
3     1544.059283    0.000125  0.000025  ...  0.000012  7.747397e+06  1.736728e+09
4     1544.063945    0.000122  0.000024  ...  0.000012  7.745916e+06  1.736728e+09
...           ...         ...       ...  ...       ...           ...           ...
1587  1544.056250    0.000124  0.000025  ...  0.000012  7.748059e+06  1.736743e+09
1588  1544.061219    0.000118  0.000023  ...  0.000012  7.767864e+06  1.736743e+09
1589  1544.056073    0.000168  0.000025  ...  0.000012  7.767176e+06  1.736743e+09
1590  1544.061154    0.000119  0.000023  ...  0.000012  7.761476e+06  1.736743e+09
1591  1544.056029    0.000135  0.000026  ...  0.000012  7.742077e+06  1.736743e+09

[1592 rows x 13 columns]
CHANNEL_3_2
           cbragg  cbragg_err   credchi  ...  cdelta_n            cL     timestamp
0     1544.880783    0.000170  0.000036  ...  0.000012  7.885080e+06  1.736727e+09
1     1544.867092    0.000111  0.000025  ...  0.000012  7.950063e+06  1.736727e+09
2     1544.880739    0.000114  0.000039  ...  0.000012  7.875040e+06  1.736728e+09
3     1544.866930    0.000150  0.000025  ...  0.000012  7.958439e+06  1.736728e+09
4     1544.880582    0.000205  0.000037  ...  0.000012  7.877622e+06  1.736728e+09
...           ...         ...       ...  ...       ...           ...           ...
1587  1544.860540    0.000377  0.000026  ...  0.000012  7.943751e+06  1.736743e+09
1588  1544.874089    0.000209  0.000037  ...  0.000012  7.882993e+06  1.736743e+09
1589  1544.860456    0.000290  0.000025  ...  0.000012  7.945311e+06  1.736743e+09
1590  1544.874250    0.000116  0.000038  ...  0.000012  7.887578e+06  1.736743e+09
1591  1544.860674    0.000286  0.000025  ...  0.000012  7.962725e+06  1.736743e+09

[1592 rows x 13 columns]
CHANNEL_3_3
           cbragg  cbragg_err   credchi  ...  cdelta_n            cL     timestamp
0     1545.724186    0.000112  0.000030  ...  0.000012  7.625613e+06  1.736727e+09
1     1545.716868    0.000112  0.000032  ...  0.000012  7.594184e+06  1.736727e+09
2     1545.724108    0.000115  0.000031  ...  0.000012  7.619365e+06  1.736728e+09
3     1545.716914    0.000112  0.000031  ...  0.000012  7.563540e+06  1.736728e+09
4     1545.724166    0.000113  0.000030  ...  0.000012  7.623315e+06  1.736728e+09
...           ...         ...       ...  ...       ...           ...           ...
1587  1545.715606    0.000112  0.000031  ...  0.000012  7.583639e+06  1.736743e+09
1588  1545.723084    0.000118  0.000033  ...  0.000012  7.611367e+06  1.736743e+09
1589  1545.715649    0.000116  0.000034  ...  0.000012  7.583770e+06  1.736743e+09
1590  1545.723037    0.000116  0.000032  ...  0.000012  7.638959e+06  1.736743e+09
1591  1545.715779    0.000113  0.000032  ...  0.000012  7.571725e+06  1.736743e+09

[1592 rows x 13 columns]
CHANNEL_3_4
           cbragg  cbragg_err   credchi  ...  cdelta_n            cL     timestamp
0     1546.698926    0.000100  0.000028  ...  0.000012  7.776102e+06  1.736727e+09
1     1546.686038    0.000099  0.000018  ...  0.000012  7.853859e+06  1.736727e+09
2     1546.698913    0.000102  0.000030  ...  0.000012  7.774091e+06  1.736728e+09
3     1546.686140    0.000098  0.000018  ...  0.000012  7.862039e+06  1.736728e+09
4     1546.698889    0.000100  0.000029  ...  0.000012  7.777185e+06  1.736728e+09
...           ...         ...       ...  ...       ...           ...           ...
1587  1546.684888    0.000098  0.000018  ...  0.000012  7.840094e+06  1.736743e+09
1588  1546.697740    0.000101  0.000029  ...  0.000012  7.776651e+06  1.736743e+09
1589  1546.684830    0.000100  0.000018  ...  0.000012  7.849324e+06  1.736743e+09
1590  1546.697823    0.000099  0.000028  ...  0.000012  7.764395e+06  1.736743e+09
1591  1546.684913    0.000099  0.000018  ...  0.000012  7.847163e+06  1.736743e+09

[1592 rows x 13 columns]
CHANNEL_3_5
           cbragg  cbragg_err   credchi  ...  cdelta_n            cL     timestamp
0     1547.716696    0.000082  0.000014  ...  0.000012  7.623914e+06  1.736727e+09
1     1547.707873    0.000079  0.000016  ...  0.000012  7.592743e+06  1.736727e+09
2     1547.716625    0.000083  0.000015  ...  0.000012  7.622995e+06  1.736728e+09
3     1547.707930    0.000080  0.000016  ...  0.000012  7.600554e+06  1.736728e+09
4     1547.716789    0.000083  0.000015  ...  0.000012  7.623648e+06  1.736728e+09
...           ...         ...       ...  ...       ...           ...           ...
1587  1547.706746    0.000079  0.000015  ...  0.000012  7.616317e+06  1.736743e+09
1588  1547.715614    0.000081  0.000014  ...  0.000012  7.628049e+06  1.736743e+09
1589  1547.706808    0.000080  0.000016  ...  0.000012  7.602265e+06  1.736743e+09
1590  1547.715631    0.000081  0.000014  ...  0.000012  7.627508e+06  1.736743e+09
1591  1547.706840    0.000081  0.000016  ...  0.000012  7.615496e+06  1.736743e+09

[1592 rows x 13 columns]
CHANNEL_3_6
           cbragg  cbragg_err   credchi  ...  cdelta_n            cL     timestamp
0     1548.703556    0.000078  0.000018  ...  0.000012  7.790660e+06  1.736727e+09
1     1548.693535    0.000082  0.000014  ...  0.000012  7.828845e+06  1.736727e+09
2     1548.703482    0.000080  0.000019  ...  0.000012  7.802088e+06  1.736728e+09
3     1548.693512    0.000082  0.000014  ...  0.000012  7.830625e+06  1.736728e+09
4     1548.703561    0.000080  0.000019  ...  0.000012  7.805828e+06  1.736728e+09
...           ...         ...       ...  ...       ...           ...           ...
1587  1548.692187    0.000082  0.000014  ...  0.000012  7.832984e+06  1.736743e+09
1588  1548.702386    0.000079  0.000018  ...  0.000012  7.806869e+06  1.736743e+09
1589  1548.692300    0.000083  0.000014  ...  0.000012  7.825925e+06  1.736743e+09
1590  1548.702341    0.000081  0.000019  ...  0.000012  7.762134e+06  1.736743e+09
1591  1548.692222    0.000081  0.000013  ...  0.000012  7.824880e+06  1.736743e+09

[1592 rows x 13 columns]
CHANNEL_3_7
           cbragg  cbragg_err   credchi  ...  cdelta_n            cL     timestamp
0     1549.723459    0.000090  0.000019  ...  0.000012  7.604381e+06  1.736727e+09
1     1549.712597    0.000091  0.000018  ...  0.000012  7.595023e+06  1.736727e+09
2     1549.723428    0.000089  0.000019  ...  0.000012  7.597246e+06  1.736728e+09
3     1549.712646    0.000091  0.000018  ...  0.000012  7.604630e+06  1.736728e+09
4     1549.723354    0.000091  0.000019  ...  0.000012  7.596758e+06  1.736728e+09
...           ...         ...       ...  ...       ...           ...           ...
1587  1549.711499    0.000092  0.000018  ...  0.000012  7.590936e+06  1.736743e+09
1588  1549.722162    0.000091  0.000019  ...  0.000012  7.607634e+06  1.736743e+09
1589  1549.711595    0.000090  0.000018  ...  0.000012  7.600062e+06  1.736743e+09
1590  1549.722143    0.000092  0.000020  ...  0.000012  7.597978e+06  1.736743e+09
1591  1549.711472    0.000091  0.000018  ...  0.000012  7.595213e+06  1.736743e+09

[1592 rows x 13 columns]
CHANNEL_3_8
           cbragg  cbragg_err   credchi  ...  cdelta_n            cL     timestamp
0     1550.673428    0.000165  0.000048  ...  0.000012  7.224459e+06  1.736727e+09
1     1550.669131    0.000095  0.000015  ...  0.000012  7.644103e+06  1.736727e+09
2     1550.673328    0.000096  0.000018  ...  0.000012  7.633716e+06  1.736728e+09
3     1550.669176    0.000095  0.000015  ...  0.000012  7.638051e+06  1.736728e+09
4     1550.673514    0.000162  0.000046  ...  0.000012  7.224085e+06  1.736728e+09
...           ...         ...       ...  ...       ...           ...           ...
1587  1550.667656    0.000094  0.000015  ...  0.000012  7.636647e+06  1.736743e+09
1588  1550.672104    0.000097  0.000018  ...  0.000012  7.673736e+06  1.736743e+09
1589  1550.667716    0.000095  0.000015  ...  0.000012  7.644253e+06  1.736743e+09
1590  1550.672176    0.000122  0.000027  ...  0.000012  7.373864e+06  1.736743e+09
1591  1550.667695    0.000097  0.000016  ...  0.000012  7.640474e+06  1.736743e+09

[1592 rows x 13 columns]
CHANNEL_3_9
           cbragg  cbragg_err   credchi  ...  cdelta_n            cL     timestamp
0     1551.673705    0.000093  0.000018  ...  0.000012  7.718660e+06  1.736727e+09
1     1551.661667    0.000094  0.000013  ...  0.000012  7.717742e+06  1.736727e+09
2     1551.673644    0.000095  0.000019  ...  0.000012  7.710445e+06  1.736728e+09
3     1551.661671    0.000094  0.000013  ...  0.000012  7.770230e+06  1.736728e+09
4     1551.673780    0.000092  0.000018  ...  0.000012  7.727694e+06  1.736728e+09
...           ...         ...       ...  ...       ...           ...           ...
1587  1551.660311    0.000093  0.000013  ...  0.000012  7.772899e+06  1.736743e+09
1588  1551.672381    0.000094  0.000019  ...  0.000012  7.711789e+06  1.736743e+09
1589  1551.660265    0.000098  0.000014  ...  0.000012  7.748515e+06  1.736743e+09
1590  1551.672523    0.000093  0.000018  ...  0.000012  7.720701e+06  1.736743e+09
1591  1551.660434    0.000091  0.000012  ...  0.000012  7.756602e+06  1.736743e+09

[1592 rows x 13 columns]
CHANNEL_3_10
           cbragg  cbragg_err   credchi  ...  cdelta_n            cL     timestamp
0     1552.676413    0.000120  0.000016  ...  0.000012  7.734941e+06  1.736727e+09
1     1552.674580    0.000108  0.000022  ...  0.000012  7.707423e+06  1.736727e+09
2     1552.676392    0.000118  0.000016  ...  0.000012  7.748153e+06  1.736728e+09
3     1552.674714    0.000108  0.000022  ...  0.000012  7.703236e+06  1.736728e+09
4     1552.676669    0.000324  0.000098  ...  0.000012  6.879776e+06  1.736728e+09
...           ...         ...       ...  ...       ...           ...           ...
1587  1552.673139    0.000108  0.000022  ...  0.000012  7.709741e+06  1.736743e+09
1588  1552.675273    0.000227  0.000052  ...  0.000012  7.148822e+06  1.736743e+09
1589  1552.673181    0.000136  0.000037  ...  0.000012  7.974415e+06  1.736743e+09
1590  1552.675351    0.000266  0.000070  ...  0.000012  7.046065e+06  1.736743e+09
1591  1552.673256    0.000108  0.000022  ...  0.000012  7.643466e+06  1.736743e+09

[1592 rows x 13 columns]
CHANNEL_3_11
           cbragg  cbragg_err   credchi  ...  cdelta_n            cL     timestamp
0     1553.647145    0.000129  0.000041  ...  0.000012  7.856015e+06  1.736727e+09
1     1553.635858    0.000131  0.000025  ...  0.000012  7.988545e+06  1.736727e+09
2     1553.647190    0.000131  0.000042  ...  0.000012  7.903616e+06  1.736728e+09
3     1553.635928    0.000131  0.000026  ...  0.000012  7.990422e+06  1.736728e+09
4     1553.647152    0.000132  0.000043  ...  0.000012  7.898560e+06  1.736728e+09
...           ...         ...       ...  ...       ...           ...           ...
1587  1553.634346    0.000131  0.000025  ...  0.000012  7.991122e+06  1.736743e+09
1588  1553.645983    0.000132  0.000042  ...  0.000012  7.874882e+06  1.736743e+09
1589  1553.634405    0.000131  0.000025  ...  0.000012  8.000794e+06  1.736743e+09
1590  1553.646064    0.000132  0.000043  ...  0.000012  7.894553e+06  1.736743e+09
1591  1553.634520    0.000133  0.000026  ...  0.000012  7.988188e+06  1.736743e+09

[1592 rows x 13 columns]
CHANNEL_3_12
           cbragg  cbragg_err   credchi  ...  cdelta_n            cL     timestamp
0     1554.621503    0.000105  0.000017  ...  0.000012  7.821756e+06  1.736727e+09
1     1554.617234    0.000102  0.000020  ...  0.000012  7.777478e+06  1.736727e+09
2     1554.621384    0.000108  0.000018  ...  0.000012  7.816909e+06  1.736728e+09
3     1554.617205    0.000103  0.000021  ...  0.000012  7.769786e+06  1.736728e+09
4     1554.621536    0.000109  0.000018  ...  0.000012  7.815000e+06  1.736728e+09
...           ...         ...       ...  ...       ...           ...           ...
1587  1554.615720    0.000101  0.000020  ...  0.000012  7.789206e+06  1.736743e+09
1588  1554.620118    0.000107  0.000018  ...  0.000012  7.783023e+06  1.736743e+09
1589  1554.615738    0.000102  0.000020  ...  0.000012  7.761071e+06  1.736743e+09
1590  1554.620222    0.000109  0.000018  ...  0.000012  7.814541e+06  1.736743e+09
1591  1554.615796    0.000101  0.000020  ...  0.000012  7.777983e+06  1.736743e+09

[1592 rows x 13 columns]
CHANNEL_3_13
           cbragg  cbragg_err   credchi  ...  cdelta_n            cL     timestamp
0     1555.631705    0.000086  0.000016  ...  0.000012  7.625730e+06  1.736727e+09
1     1555.618926    0.000089  0.000010  ...  0.000012  7.676771e+06  1.736727e+09
2     1555.631693    0.000088  0.000016  ...  0.000012  7.626027e+06  1.736728e+09
3     1555.618896    0.000092  0.000011  ...  0.000012  7.676335e+06  1.736728e+09
4     1555.631699    0.000088  0.000016  ...  0.000012  7.631011e+06  1.736728e+09
...           ...         ...       ...  ...       ...           ...           ...
1587  1555.617529    0.000091  0.000011  ...  0.000012  7.674195e+06  1.736743e+09
1588  1555.630611    0.000087  0.000016  ...  0.000012  7.623218e+06  1.736743e+09
1589  1555.617491    0.000089  0.000010  ...  0.000012  7.691799e+06  1.736743e+09
1590  1555.630451    0.000087  0.000016  ...  0.000012  7.591480e+06  1.736743e+09
1591  1555.617570    0.000090  0.000010  ...  0.000012  7.685533e+06  1.736743e+09

[1592 rows x 13 columns]
CHANNEL_3_14
           cbragg  cbragg_err   credchi  ...  cdelta_n            cL     timestamp
0     1556.582766    0.000188  0.000057  ...  0.000012  7.735424e+06  1.736727e+09
1     1556.579369    0.000192  0.000074  ...  0.000012  7.695436e+06  1.736727e+09
2     1556.582808    0.000209  0.000067  ...  0.000012  7.455440e+06  1.736728e+09
3     1556.579424    0.000220  0.000091  ...  0.000012  7.356511e+06  1.736728e+09
4     1556.582934    0.000225  0.000079  ...  0.000012  7.398641e+06  1.736728e+09
...           ...         ...       ...  ...       ...           ...           ...
1587  1556.577879    0.000190  0.000071  ...  0.000012  7.701286e+06  1.736743e+09
1588  1556.581493    0.000191  0.000058  ...  0.000012  7.675790e+06  1.736743e+09
1589  1556.577862    0.000195  0.000075  ...  0.000012  7.643252e+06  1.736743e+09
1590  1556.581557    0.000189  0.000057  ...  0.000012  7.729218e+06  1.736743e+09
1591  1556.577908    0.000191  0.000072  ...  0.000012  7.694028e+06  1.736743e+09

[1592 rows x 13 columns]
