CHANNEL_0_1
           cbragg  cbragg_err   credchi  ...  cdelta_n            cL     timestamp
0     1544.210219    0.000096  0.000057  ...  0.000012  7.714541e+06  1.737025e+09
1     1544.199339    0.000139  0.000031  ...  0.000012  7.766193e+06  1.737025e+09
2     1544.210324    0.000112  0.000058  ...  0.000012  7.719710e+06  1.737025e+09
3     1544.209427    0.000101  0.000058  ...  0.000012  7.716234e+06  1.737026e+09
4     1544.209721    0.000098  0.000060  ...  0.000012  7.714694e+06  1.737035e+09
...           ...         ...       ...  ...       ...           ...           ...
1587  1544.197908    0.000093  0.000030  ...  0.000012  7.792557e+06  1.737035e+09
1588  1544.209818    0.000113  0.000060  ...  0.000012  7.709522e+06  1.737035e+09
1589  1544.197960    0.000108  0.000031  ...  0.000012  7.785573e+06  1.737035e+09
1590  1544.209716    0.000118  0.000058  ...  0.000012  7.725365e+06  1.737035e+09
1591  1544.197963    0.000217  0.000030  ...  0.000012  7.796309e+06  1.737035e+09

[1592 rows x 13 columns]
CHANNEL_0_2
           cbragg  cbragg_err   credchi  ...  cdelta_n            cL     timestamp
0     1545.162300    0.000086  0.000014  ...  0.000012  7.711569e+06  1.737025e+09
1     1545.160758    0.000079  0.000016  ...  0.000012  7.677215e+06  1.737025e+09
2     1545.162566    0.000088  0.000015  ...  0.000012  7.694912e+06  1.737025e+09
3     1545.162117    0.000087  0.000014  ...  0.000012  7.686287e+06  1.737026e+09
4     1545.163372    0.000089  0.000016  ...  0.000012  7.700143e+06  1.737035e+09
...           ...         ...       ...  ...       ...           ...           ...
1587  1545.160479    0.000081  0.000017  ...  0.000012  7.668246e+06  1.737035e+09
1588  1545.163416    0.000089  0.000015  ...  0.000012  7.702969e+06  1.737035e+09
1589  1545.160551    0.000082  0.000017  ...  0.000012  7.671685e+06  1.737035e+09
1590  1545.163354    0.000085  0.000014  ...  0.000012  7.693557e+06  1.737035e+09
1591  1545.160574    0.000081  0.000017  ...  0.000012  7.673660e+06  1.737035e+09

[1592 rows x 13 columns]
CHANNEL_0_3
           cbragg  cbragg_err   credchi  ...  cdelta_n            cL     timestamp
0     1546.149600    0.000108  0.000056  ...  0.000012  7.625555e+06  1.737025e+09
1     1546.142238    0.000111  0.000035  ...  0.000012  7.711230e+06  1.737025e+09
2     1546.149752    0.000151  0.000113  ...  0.000012  7.885887e+06  1.737025e+09
3     1546.149364    0.000109  0.000058  ...  0.000012  7.633692e+06  1.737026e+09
4     1546.150391    0.000109  0.000059  ...  0.000012  7.633388e+06  1.737035e+09
...           ...         ...       ...  ...       ...           ...           ...
1587  1546.142027    0.000109  0.000034  ...  0.000012  7.714044e+06  1.737035e+09
1588  1546.150549    0.000109  0.000058  ...  0.000012  7.628371e+06  1.737035e+09
1589  1546.142153    0.000109  0.000034  ...  0.000012  7.699239e+06  1.737035e+09
1590  1546.150507    0.000107  0.000057  ...  0.000012  7.646299e+06  1.737035e+09
1591  1546.142040    0.000111  0.000035  ...  0.000012  7.716194e+06  1.737035e+09

[1592 rows x 13 columns]
CHANNEL_0_4
           cbragg  cbragg_err   credchi  ...  cdelta_n            cL     timestamp
0     1547.140854    0.000116  0.000045  ...  0.000012  7.891685e+06  1.737025e+09
1     1547.138438    0.000129  0.000070  ...  0.000012  8.014566e+06  1.737025e+09
2     1547.141019    0.000122  0.000050  ...  0.000012  7.939094e+06  1.737025e+09
3     1547.140877    0.000119  0.000047  ...  0.000012  7.853626e+06  1.737026e+09
4     1547.142252    0.000118  0.000047  ...  0.000012  7.842608e+06  1.737035e+09
...           ...         ...       ...  ...       ...           ...           ...
1587  1547.138468    0.000117  0.000055  ...  0.000012  7.835467e+06  1.737035e+09
1588  1547.142230    0.000118  0.000048  ...  0.000012  7.876442e+06  1.737035e+09
1589  1547.138453    0.000117  0.000056  ...  0.000012  7.835377e+06  1.737035e+09
1590  1547.142301    0.000117  0.000047  ...  0.000012  7.873069e+06  1.737035e+09
1591  1547.138446    0.000117  0.000055  ...  0.000012  7.824757e+06  1.737035e+09

[1592 rows x 13 columns]
CHANNEL_0_5
           cbragg  cbragg_err   credchi  ...  cdelta_n            cL     timestamp
0     1548.119186    0.000091  0.000049  ...  0.000012  7.685204e+06  1.737025e+09
1     1548.109124    0.000088  0.000025  ...  0.000012  7.749855e+06  1.737025e+09
2     1548.119321    0.000092  0.000050  ...  0.000012  7.681711e+06  1.737025e+09
3     1548.119261    0.000124  0.000096  ...  0.000012  7.927932e+06  1.737026e+09
4     1548.120746    0.000091  0.000050  ...  0.000012  7.688851e+06  1.737035e+09
...           ...         ...       ...  ...       ...           ...           ...
1587  1548.109654    0.000104  0.000037  ...  0.000012  7.919040e+06  1.737035e+09
1588  1548.120764    0.000090  0.000049  ...  0.000012  7.692857e+06  1.737035e+09
1589  1548.109662    0.000086  0.000025  ...  0.000012  7.776184e+06  1.737035e+09
1590  1548.120781    0.000092  0.000051  ...  0.000012  7.676667e+06  1.737035e+09
1591  1548.109782    0.000086  0.000025  ...  0.000012  7.782163e+06  1.737035e+09

[1592 rows x 13 columns]
CHANNEL_0_6
           cbragg  cbragg_err   credchi  ...  cdelta_n            cL     timestamp
0     1549.095724    0.000082  0.000032  ...  0.000012  7.461080e+06  1.737025e+09
1     1549.095836    0.000083  0.000033  ...  0.000012  7.457926e+06  1.737025e+09
2     1549.095715    0.000081  0.000032  ...  0.000012  7.460352e+06  1.737025e+09
3     1549.095561    0.000081  0.000032  ...  0.000012  7.466210e+06  1.737026e+09
4     1549.097631    0.000081  0.000032  ...  0.000012  7.448407e+06  1.737035e+09
...           ...         ...       ...  ...       ...           ...           ...
1587  1549.096505    0.000081  0.000032  ...  0.000012  7.465292e+06  1.737035e+09
1588  1549.097571    0.000080  0.000032  ...  0.000012  7.473366e+06  1.737035e+09
1589  1549.096493    0.000217  0.000250  ...  0.000012  8.054334e+06  1.737035e+09
1590  1549.097469    0.000080  0.000032  ...  0.000012  7.463460e+06  1.737035e+09
1591  1549.096460    0.000083  0.000034  ...  0.000012  7.466815e+06  1.737035e+09

[1592 rows x 13 columns]
CHANNEL_0_7
           cbragg  cbragg_err   credchi  ...  cdelta_n            cL     timestamp
0     1550.100775    0.000117  0.000046  ...  0.000012  7.678782e+06  1.737025e+09
1     1550.092008    0.000117  0.000038  ...  0.000012  7.657525e+06  1.737025e+09
2     1550.101068    0.000166  0.000092  ...  0.000012  7.879649e+06  1.737025e+09
3     1550.100822    0.000131  0.000060  ...  0.000012  7.859390e+06  1.737026e+09
4     1550.102909    0.000116  0.000047  ...  0.000012  7.685361e+06  1.737035e+09
...           ...         ...       ...  ...       ...           ...           ...
1587  1550.093244    0.000115  0.000037  ...  0.000012  7.671259e+06  1.737035e+09
1588  1550.102977    0.000115  0.000047  ...  0.000012  7.666424e+06  1.737035e+09
1589  1550.093341    0.000116  0.000038  ...  0.000012  7.690702e+06  1.737035e+09
1590  1550.102897    0.000158  0.000092  ...  0.000012  8.020077e+06  1.737035e+09
1591  1550.093311    0.000116  0.000038  ...  0.000012  7.619195e+06  1.737035e+09

[1592 rows x 13 columns]
CHANNEL_0_8
           cbragg  cbragg_err   credchi  ...  cdelta_n            cL     timestamp
0     1551.073919    0.000070  0.000020  ...  0.000012  7.600578e+06  1.737025e+09
1     1551.065382    0.000071  0.000012  ...  0.000012  7.676956e+06  1.737025e+09
2     1551.073826    0.000069  0.000020  ...  0.000012  7.623325e+06  1.737025e+09
3     1551.074077    0.000070  0.000021  ...  0.000012  7.602736e+06  1.737026e+09
4     1551.079468    0.000070  0.000021  ...  0.000012  7.632965e+06  1.737035e+09
...           ...         ...       ...  ...       ...           ...           ...
1587  1551.069851    0.000070  0.000011  ...  0.000012  7.668368e+06  1.737035e+09
1588  1551.079378    0.000070  0.000021  ...  0.000012  7.619469e+06  1.737035e+09
1589  1551.069789    0.000071  0.000012  ...  0.000012  7.684834e+06  1.737035e+09
1590  1551.079435    0.000069  0.000021  ...  0.000012  7.617669e+06  1.737035e+09
1591  1551.069886    0.000071  0.000012  ...  0.000012  7.663951e+06  1.737035e+09

[1592 rows x 13 columns]
CHANNEL_0_9
           cbragg  cbragg_err   credchi  ...  cdelta_n            cL     timestamp
0     1552.055782    0.000090  0.000024  ...  0.000012  7.676196e+06  1.737025e+09
1     1552.050837    0.000089  0.000018  ...  0.000012  7.694117e+06  1.737025e+09
2     1552.055814    0.000089  0.000023  ...  0.000012  7.684167e+06  1.737025e+09
3     1552.055969    0.000087  0.000023  ...  0.000012  7.679024e+06  1.737026e+09
4     1552.061527    0.000089  0.000024  ...  0.000012  7.673154e+06  1.737035e+09
...           ...         ...       ...  ...       ...           ...           ...
1587  1552.055570    0.000090  0.000019  ...  0.000012  7.697451e+06  1.737035e+09
1588  1552.061452    0.000086  0.000023  ...  0.000012  7.692724e+06  1.737035e+09
1589  1552.055436    0.000089  0.000018  ...  0.000012  7.691418e+06  1.737035e+09
1590  1552.061535    0.000087  0.000023  ...  0.000012  7.697527e+06  1.737035e+09
1591  1552.055674    0.000089  0.000018  ...  0.000012  7.704972e+06  1.737035e+09

[1592 rows x 13 columns]
CHANNEL_0_10
           cbragg  cbragg_err   credchi  ...  cdelta_n            cL     timestamp
0     1553.061977    0.000093  0.000019  ...  0.000012  7.698194e+06  1.737025e+09
1     1553.055381    0.000086  0.000017  ...  0.000012  7.729039e+06  1.737025e+09
2     1553.062137    0.000093  0.000020  ...  0.000012  7.740045e+06  1.737025e+09
3     1553.062182    0.000091  0.000019  ...  0.000012  7.718046e+06  1.737026e+09
4     1553.067681    0.000092  0.000020  ...  0.000012  7.711645e+06  1.737035e+09
...           ...         ...       ...  ...       ...           ...           ...
1587  1553.059925    0.000089  0.000018  ...  0.000012  7.723471e+06  1.737035e+09
1588  1553.067605    0.000091  0.000020  ...  0.000012  7.738387e+06  1.737035e+09
1589  1553.059947    0.000090  0.000018  ...  0.000012  7.726346e+06  1.737035e+09
1590  1553.067679    0.000090  0.000019  ...  0.000012  7.744917e+06  1.737035e+09
1591  1553.059974    0.000091  0.000019  ...  0.000012  7.726839e+06  1.737035e+09

[1592 rows x 13 columns]
CHANNEL_0_11
           cbragg  cbragg_err   credchi  ...  cdelta_n            cL     timestamp
0     1554.069918    0.000071  0.000012  ...  0.000012  7.631824e+06  1.737025e+09
1     1554.067033    0.000074  0.000010  ...  0.000012  7.621267e+06  1.737025e+09
2     1554.069883    0.000073  0.000013  ...  0.000012  7.598211e+06  1.737025e+09
3     1554.070038    0.000074  0.000013  ...  0.000012  7.612182e+06  1.737026e+09
4     1554.075719    0.000071  0.000013  ...  0.000012  7.625792e+06  1.737035e+09
...           ...         ...       ...  ...       ...           ...           ...
1587  1554.071527    0.000075  0.000010  ...  0.000012  7.618077e+06  1.737035e+09
1588  1554.075644    0.000071  0.000012  ...  0.000012  7.619054e+06  1.737035e+09
1589  1554.071655    0.000075  0.000010  ...  0.000012  7.629379e+06  1.737035e+09
1590  1554.075679    0.000078  0.000015  ...  0.000012  7.600904e+06  1.737035e+09
1591  1554.071724    0.000073  0.000010  ...  0.000012  7.638074e+06  1.737035e+09

[1592 rows x 13 columns]
CHANNEL_0_12
           cbragg  cbragg_err   credchi  ...  cdelta_n            cL     timestamp
0     1555.094658    0.000114  0.000044  ...  0.000012  7.559173e+06  1.737025e+09
1     1555.090932    0.000114  0.000049  ...  0.000012  7.576584e+06  1.737025e+09
2     1555.094791    0.000113  0.000043  ...  0.000012  7.549545e+06  1.737025e+09
3     1555.094882    0.000116  0.000046  ...  0.000012  7.551445e+06  1.737026e+09
4     1555.100427    0.000114  0.000047  ...  0.000012  7.527902e+06  1.737035e+09
...           ...         ...       ...  ...       ...           ...           ...
1587  1555.095238    0.000115  0.000049  ...  0.000012  7.632018e+06  1.737035e+09
1588  1555.100408    0.000113  0.000046  ...  0.000012  7.567011e+06  1.737035e+09
1589  1555.095284    0.000109  0.000044  ...  0.000012  7.542504e+06  1.737035e+09
1590  1555.100567    0.000112  0.000044  ...  0.000012  7.568845e+06  1.737035e+09
1591  1555.095216    0.000112  0.000046  ...  0.000012  7.523502e+06  1.737035e+09

[1592 rows x 13 columns]
CHANNEL_0_13
           cbragg  cbragg_err   credchi  ...  cdelta_n            cL     timestamp
0     1556.071399    0.000133  0.000049  ...  0.000012  7.696379e+06  1.737025e+09
1     1556.062168    0.000141  0.000029  ...  0.000012  7.735769e+06  1.737025e+09
2     1556.071411    0.000135  0.000050  ...  0.000012  7.687264e+06  1.737025e+09
3     1556.071535    0.000132  0.000049  ...  0.000012  7.699043e+06  1.737026e+09
4     1556.076807    0.000131  0.000048  ...  0.000012  7.710992e+06  1.737035e+09
...           ...         ...       ...  ...       ...           ...           ...
1587  1556.066814    0.000138  0.000028  ...  0.000012  7.728977e+06  1.737035e+09
1588  1556.076809    0.000132  0.000049  ...  0.000012  7.706617e+06  1.737035e+09
1589  1556.066882    0.000138  0.000029  ...  0.000012  7.747741e+06  1.737035e+09
1590  1556.076838    0.000132  0.000049  ...  0.000012  7.707607e+06  1.737035e+09
1591  1556.066940    0.000137  0.000028  ...  0.000012  7.731667e+06  1.737035e+09

[1592 rows x 13 columns]
CHANNEL_0_14
           cbragg  cbragg_err   credchi  ...  cdelta_n            cL     timestamp
0     1557.038574    0.000094  0.000025  ...  0.000012  7.658327e+06  1.737025e+09
1     1557.038670    0.000131  0.000066  ...  0.000012  7.866026e+06  1.737025e+09
2     1557.038645    0.000094  0.000025  ...  0.000012  7.693173e+06  1.737025e+09
3     1557.038815    0.000095  0.000026  ...  0.000012  7.612564e+06  1.737026e+09
4     1557.044419    0.000093  0.000026  ...  0.000012  7.683904e+06  1.737035e+09
...           ...         ...       ...  ...       ...           ...           ...
1587  1557.043095    0.000096  0.000034  ...  0.000012  7.635812e+06  1.737035e+09
1588  1557.044338    0.000092  0.000026  ...  0.000012  7.686041e+06  1.737035e+09
1589  1557.043130    0.000095  0.000034  ...  0.000012  7.638842e+06  1.737035e+09
1590  1557.044412    0.000093  0.000026  ...  0.000012  7.685030e+06  1.737035e+09
1591  1557.043191    0.000096  0.000035  ...  0.000012  7.640609e+06  1.737035e+09

[1592 rows x 13 columns]
CHANNEL_1_1
           cbragg  cbragg_err   credchi  ...  cdelta_n            cL     timestamp
0     1555.370882    0.000116  0.000011  ...  0.000012  2.634002e+06  1.737025e+09
1     1555.372495    0.000884  0.001163  ...  0.000012  3.222288e+06  1.737025e+09
2     1555.370281    0.000792  0.000825  ...  0.000012  3.149517e+06  1.737025e+09
3     1555.365016    0.000494  0.000235  ...  0.000012  2.849960e+06  1.737026e+09
4     1555.316755    0.000869  0.001093  ...  0.000012  3.252215e+06  1.737035e+09
...           ...         ...       ...  ...       ...           ...           ...
1587  1555.319530    0.000206  0.000035  ...  0.000012  2.579360e+06  1.737035e+09
1588  1555.317717    0.000098  0.000008  ...  0.000012  2.643269e+06  1.737035e+09
1589  1555.319505    0.000166  0.000023  ...  0.000012  2.576689e+06  1.737035e+09
1590  1555.317659    0.000164  0.000022  ...  0.000012  2.641461e+06  1.737035e+09
1591  1555.319304    0.000088  0.000007  ...  0.000012  2.699380e+06  1.737035e+09

[1592 rows x 13 columns]
CHANNEL_1_2
           cbragg  cbragg_err   credchi  ...  cdelta_n            cL     timestamp
0     1558.276741    0.000775  0.001371  ...  0.000012  3.321927e+06  1.737025e+09
1     1558.280365    0.000124  0.000022  ...  0.000012  2.792771e+06  1.737025e+09
2     1558.276833    0.000119  0.000021  ...  0.000012  2.802503e+06  1.737025e+09
3     1558.276673    0.000114  0.000019  ...  0.000012  2.809985e+06  1.737026e+09
4     1558.275221    0.000879  0.001963  ...  0.000012  3.444481e+06  1.737035e+09
...           ...         ...       ...  ...       ...           ...           ...
1587  1558.279714    0.000166  0.000039  ...  0.000012  2.755000e+06  1.737035e+09
1588  1558.274617    0.001177  0.003820  ...  0.000012  3.647584e+06  1.737035e+09
1589  1558.279639    0.000116  0.000020  ...  0.000012  2.828080e+06  1.737035e+09
1590  1558.275957    0.000169  0.000040  ...  0.000012  2.822725e+06  1.737035e+09
1591  1558.279477    0.000117  0.000020  ...  0.000012  2.821257e+06  1.737035e+09

[1592 rows x 13 columns]
CHANNEL_1_3
           cbragg  cbragg_err   credchi  ...  cdelta_n            cL     timestamp
0     1561.093216    0.000093  0.000014  ...  0.000012  2.886231e+06  1.737025e+09
1     1561.090076    0.000165  0.000038  ...  0.000012  2.831589e+06  1.737025e+09
2     1561.093199    0.000038  0.000002  ...  0.000012  2.930551e+06  1.737025e+09
3     1561.093198    0.000424  0.000393  ...  0.000012  3.225554e+06  1.737026e+09
4     1561.090658    0.000045  0.000003  ...  0.000012  2.909541e+06  1.737035e+09
...           ...         ...       ...  ...       ...           ...           ...
1587  1561.087853    0.000105  0.000018  ...  0.000012  3.002587e+06  1.737035e+09
1588  1561.091022    0.000659  0.001088  ...  0.000012  3.407253e+06  1.737035e+09
1589  1561.087619    0.000042  0.000003  ...  0.000012  2.922538e+06  1.737035e+09
1590  1561.090732    0.000056  0.000005  ...  0.000012  2.932860e+06  1.737035e+09
1591  1561.087706    0.000038  0.000002  ...  0.000012  2.927796e+06  1.737035e+09

[1592 rows x 13 columns]
CHANNEL_2_1
           cbragg  cbragg_err   credchi  ...  cdelta_n            cL     timestamp
0     1542.740061         NaN  0.003572  ...  0.000012  1.210016e+06  1.737025e+09
1     1542.744392    0.000071  0.000004  ...  0.000012  2.754079e+06  1.737025e+09
2     1542.744713    0.000063  0.000004  ...  0.000012  2.751434e+06  1.737025e+09
3     1542.739584    0.000061  0.000003  ...  0.000012  2.753672e+06  1.737026e+09
4     1542.684645    0.000064  0.000004  ...  0.000012  2.747159e+06  1.737035e+09
...           ...         ...       ...  ...       ...           ...           ...
1587  1542.685627    0.000071  0.000005  ...  0.000012  2.750914e+06  1.737035e+09
1588  1542.685178    0.000063  0.000003  ...  0.000012  2.747206e+06  1.737035e+09
1589  1542.713390    0.016065  0.004039  ...  0.000012  1.077772e+06  1.737035e+09
1590  1542.685029    0.000057  0.000003  ...  0.000012  2.750302e+06  1.737035e+09
1591  1542.685276    0.000072  0.000005  ...  0.000012  2.750917e+06  1.737035e+09

[1592 rows x 13 columns]
CHANNEL_2_2
           cbragg  cbragg_err   credchi  ...  cdelta_n            cL     timestamp
0     1546.007493    0.000589  0.000197  ...  0.000012  2.402171e+06  1.737025e+09
1     1546.007055    0.000146  0.000016  ...  0.000012  2.649374e+06  1.737025e+09
2     1546.006941    0.000675  0.000258  ...  0.000012  2.382443e+06  1.737025e+09
3     1546.007069    0.000279  0.000057  ...  0.000012  2.575312e+06  1.737026e+09
4     1546.006728    0.000663  0.000242  ...  0.000012  2.368116e+06  1.737035e+09
...           ...         ...       ...  ...       ...           ...           ...
1587  1546.006250    0.000711  0.000270  ...  0.000012  2.342979e+06  1.737035e+09
1588  1546.006389    0.000803  0.000354  ...  0.000012  2.336509e+06  1.737035e+09
1589  1546.005806    0.000147  0.000017  ...  0.000012  2.652572e+06  1.737035e+09
1590  1546.005912    0.000819  0.000904  ...  0.000012  3.212586e+06  1.737035e+09
1591  1546.005915    0.000370  0.000087  ...  0.000012  2.487727e+06  1.737035e+09

[1592 rows x 13 columns]
CHANNEL_2_3
           cbragg  cbragg_err   credchi  ...  cdelta_n            cL     timestamp
0     1548.599350    0.000099  0.000010  ...  0.000012  2.905823e+06  1.737025e+09
1     1548.601081    0.000533  0.000398  ...  0.000012  3.233890e+06  1.737025e+09
2     1548.600110    0.000970  0.001628  ...  0.000012  3.580735e+06  1.737025e+09
3     1548.599467    0.000217  0.000057  ...  0.000012  3.038969e+06  1.737026e+09
4     1548.596356    0.000103  0.000011  ...  0.000012  2.886914e+06  1.737035e+09
...           ...         ...       ...  ...       ...           ...           ...
1587  1548.597818    0.000143  0.000024  ...  0.000012  2.980120e+06  1.737035e+09
1588  1548.596355    0.000090  0.000009  ...  0.000012  2.912582e+06  1.737035e+09
1589  1548.597850    0.000481  0.000339  ...  0.000012  3.221767e+06  1.737035e+09
1590  1548.596338    0.000104  0.000011  ...  0.000012  2.911816e+06  1.737035e+09
1591  1548.599001    0.000558  0.000473  ...  0.000012  3.291037e+06  1.737035e+09

[1592 rows x 13 columns]
CHANNEL_3_1
           cbragg  cbragg_err   credchi  ...  cdelta_n            cL     timestamp
0     1543.671459    0.000093  0.000012  ...  0.000012  7.880654e+06  1.737025e+09
1     1543.680896    0.000375  0.000017  ...  0.000012  7.832904e+06  1.737025e+09
2     1543.671009    0.000098  0.000013  ...  0.000012  7.897108e+06  1.737025e+09
3     1543.669199    0.000114  0.000017  ...  0.000012  7.851839e+06  1.737026e+09
4     1543.669709    0.000261  0.000017  ...  0.000012  7.880340e+06  1.737035e+09
...           ...         ...       ...  ...       ...           ...           ...
1587  1543.680364    0.000104  0.000023  ...  0.000012  7.821249e+06  1.737035e+09
1588  1543.669734    0.000109  0.000016  ...  0.000012  7.878737e+06  1.737035e+09
1589  1543.680388    0.000106  0.000023  ...  0.000012  7.815822e+06  1.737035e+09
1590  1543.669681    0.000106  0.000016  ...  0.000012  7.872199e+06  1.737035e+09
1591  1543.680371    0.000172  0.000023  ...  0.000012  7.816843e+06  1.737035e+09

[1592 rows x 13 columns]
CHANNEL_3_2
           cbragg  cbragg_err   credchi  ...  cdelta_n            cL     timestamp
0     1544.706025    0.000224  0.000032  ...  0.000012  7.831356e+06  1.737025e+09
1     1544.712892    0.000124  0.000028  ...  0.000012  7.865783e+06  1.737025e+09
2     1544.706291    0.000285  0.000033  ...  0.000012  7.839106e+06  1.737025e+09
3     1544.705880    0.000120  0.000032  ...  0.000012  7.842882e+06  1.737026e+09
4     1544.703632    0.000183  0.000032  ...  0.000012  7.849491e+06  1.737035e+09
...           ...         ...       ...  ...       ...           ...           ...
1587  1544.712198    0.000110  0.000027  ...  0.000012  7.888005e+06  1.737035e+09
1588  1544.703662    0.000225  0.000033  ...  0.000012  7.845657e+06  1.737035e+09
1589  1544.712248    0.000119  0.000028  ...  0.000012  7.886281e+06  1.737035e+09
1590  1544.703730    0.000155  0.000032  ...  0.000012  7.852915e+06  1.737035e+09
1591  1544.712194    0.000110  0.000027  ...  0.000012  7.883069e+06  1.737035e+09

[1592 rows x 13 columns]
CHANNEL_3_3
           cbragg  cbragg_err   credchi  ...  cdelta_n            cL     timestamp
0     1545.706107    0.000111  0.000028  ...  0.000012  7.561140e+06  1.737025e+09
1     1545.708969    0.000106  0.000028  ...  0.000012  7.594325e+06  1.737025e+09
2     1545.706322    0.000110  0.000028  ...  0.000012  7.614179e+06  1.737025e+09
3     1545.705740    0.000109  0.000027  ...  0.000012  7.612754e+06  1.737026e+09
4     1545.703075    0.000107  0.000026  ...  0.000012  7.627596e+06  1.737035e+09
...           ...         ...       ...  ...       ...           ...           ...
1587  1545.708730    0.000106  0.000030  ...  0.000012  7.618951e+06  1.737035e+09
1588  1545.702992    0.000108  0.000027  ...  0.000012  7.624425e+06  1.737035e+09
1589  1545.708852    0.000105  0.000029  ...  0.000012  7.588139e+06  1.737035e+09
1590  1545.703132    0.000107  0.000026  ...  0.000012  7.625560e+06  1.737035e+09
1591  1545.708816    0.000106  0.000029  ...  0.000012  7.604316e+06  1.737035e+09

[1592 rows x 13 columns]
CHANNEL_3_4
           cbragg  cbragg_err   credchi  ...  cdelta_n            cL     timestamp
0     1546.675826    0.000093  0.000019  ...  0.000012  7.792501e+06  1.737025e+09
1     1546.685307    0.000097  0.000024  ...  0.000012  7.761754e+06  1.737025e+09
2     1546.675914    0.000094  0.000019  ...  0.000012  7.785781e+06  1.737025e+09
3     1546.675569    0.000094  0.000019  ...  0.000012  7.793983e+06  1.737026e+09
4     1546.673410    0.000091  0.000019  ...  0.000012  7.822226e+06  1.737035e+09
...           ...         ...       ...  ...       ...           ...           ...
1587  1546.684460    0.000093  0.000023  ...  0.000012  7.779748e+06  1.737035e+09
1588  1546.673390    0.000092  0.000019  ...  0.000012  7.805158e+06  1.737035e+09
1589  1546.684375    0.000095  0.000023  ...  0.000012  7.789931e+06  1.737035e+09
1590  1546.673387    0.000091  0.000018  ...  0.000012  7.817638e+06  1.737035e+09
1591  1546.684418    0.000094  0.000023  ...  0.000012  7.792224e+06  1.737035e+09

[1592 rows x 13 columns]
CHANNEL_3_5
           cbragg  cbragg_err   credchi  ...  cdelta_n            cL     timestamp
0     1547.701248    0.000076  0.000016  ...  0.000012  7.560935e+06  1.737025e+09
1     1547.697910    0.000076  0.000011  ...  0.000012  7.615159e+06  1.737025e+09
2     1547.701299    0.000080  0.000017  ...  0.000012  7.554248e+06  1.737025e+09
3     1547.701039    0.000080  0.000018  ...  0.000012  7.593857e+06  1.737026e+09
4     1547.698063    0.000079  0.000017  ...  0.000012  7.560881e+06  1.737035e+09
...           ...         ...       ...  ...       ...           ...           ...
1587  1547.697673    0.000079  0.000012  ...  0.000012  7.600092e+06  1.737035e+09
1588  1547.698028    0.000078  0.000017  ...  0.000012  7.565947e+06  1.737035e+09
1589  1547.697702    0.000080  0.000013  ...  0.000012  7.603446e+06  1.737035e+09
1590  1547.698111    0.000079  0.000017  ...  0.000012  7.558765e+06  1.737035e+09
1591  1547.697810    0.000078  0.000012  ...  0.000012  7.596445e+06  1.737035e+09

[1592 rows x 13 columns]
CHANNEL_3_6
           cbragg  cbragg_err   credchi  ...  cdelta_n            cL     timestamp
0     1548.682141    0.000081  0.000012  ...  0.000012  7.816026e+06  1.737025e+09
1     1548.689526    0.000079  0.000019  ...  0.000012  7.762690e+06  1.737025e+09
2     1548.682177    0.000079  0.000011  ...  0.000012  7.828849e+06  1.737025e+09
3     1548.681819    0.000080  0.000012  ...  0.000012  7.847235e+06  1.737026e+09
4     1548.679130    0.000077  0.000011  ...  0.000012  7.851207e+06  1.737035e+09
...           ...         ...       ...  ...       ...           ...           ...
1587  1548.688935    0.000078  0.000019  ...  0.000012  7.757733e+06  1.737035e+09
1588  1548.678986    0.000076  0.000010  ...  0.000012  7.847949e+06  1.737035e+09
1589  1548.688947    0.000077  0.000019  ...  0.000012  7.774661e+06  1.737035e+09
1590  1548.678980    0.000079  0.000011  ...  0.000012  7.850855e+06  1.737035e+09
1591  1548.688901    0.000080  0.000021  ...  0.000012  7.834530e+06  1.737035e+09

[1592 rows x 13 columns]
CHANNEL_3_7
           cbragg  cbragg_err   credchi  ...  cdelta_n            cL     timestamp
0     1549.708060    0.000089  0.000023  ...  0.000012  7.545369e+06  1.737025e+09
1     1549.702791    0.000088  0.000013  ...  0.000012  7.604351e+06  1.737025e+09
2     1549.708210    0.000089  0.000023  ...  0.000012  7.541761e+06  1.737025e+09
3     1549.707966    0.000090  0.000024  ...  0.000012  7.538675e+06  1.737026e+09
4     1549.705508    0.000089  0.000023  ...  0.000012  7.538791e+06  1.737035e+09
...           ...         ...       ...  ...       ...           ...           ...
1587  1549.702882    0.000087  0.000013  ...  0.000012  7.600086e+06  1.737035e+09
1588  1549.705604    0.000089  0.000023  ...  0.000012  7.533908e+06  1.737035e+09
1589  1549.702969    0.000089  0.000014  ...  0.000012  7.595761e+06  1.737035e+09
1590  1549.705533    0.000088  0.000023  ...  0.000012  7.516732e+06  1.737035e+09
1591  1549.702804    0.000088  0.000014  ...  0.000012  7.595676e+06  1.737035e+09

[1592 rows x 13 columns]
CHANNEL_3_8
           cbragg  cbragg_err   credchi  ...  cdelta_n            cL     timestamp
0     1550.657830    0.000095  0.000013  ...  0.000012  7.657312e+06  1.737025e+09
1     1550.659556    0.000090  0.000018  ...  0.000012  7.624329e+06  1.737025e+09
2     1550.657763    0.000094  0.000013  ...  0.000012  7.659142e+06  1.737025e+09
3     1550.657721    0.000094  0.000013  ...  0.000012  7.665932e+06  1.737026e+09
4     1550.657049    0.000092  0.000012  ...  0.000012  7.675544e+06  1.737035e+09
...           ...         ...       ...  ...       ...           ...           ...
1587  1550.661373    0.000088  0.000018  ...  0.000012  7.644953e+06  1.737035e+09
1588  1550.657007    0.000092  0.000012  ...  0.000012  7.671277e+06  1.737035e+09
1589  1550.661434    0.000089  0.000019  ...  0.000012  7.632326e+06  1.737035e+09
1590  1550.657015    0.000093  0.000012  ...  0.000012  7.680841e+06  1.737035e+09
1591  1550.661438    0.000087  0.000017  ...  0.000012  7.625421e+06  1.737035e+09

[1592 rows x 13 columns]
CHANNEL_3_9
           cbragg  cbragg_err   credchi  ...  cdelta_n            cL     timestamp
0     1551.656468    0.000091  0.000017  ...  0.000012  7.670446e+06  1.737025e+09
1     1551.654498    0.000272  0.000088  ...  0.000012  6.973010e+06  1.737025e+09
2     1551.656426    0.000093  0.000017  ...  0.000012  7.654122e+06  1.737025e+09
3     1551.656359    0.000093  0.000017  ...  0.000012  7.658915e+06  1.737026e+09
4     1551.656035    0.000092  0.000017  ...  0.000012  7.664324e+06  1.737035e+09
...           ...         ...       ...  ...       ...           ...           ...
1587  1551.656846    0.000095  0.000013  ...  0.000012  7.672713e+06  1.737035e+09
1588  1551.655986    0.000091  0.000017  ...  0.000012  7.666691e+06  1.737035e+09
1589  1551.656774    0.000094  0.000013  ...  0.000012  7.703244e+06  1.737035e+09
1590  1551.656101    0.000092  0.000017  ...  0.000012  7.660119e+06  1.737035e+09
1591  1551.656786    0.000095  0.000013  ...  0.000012  7.694471e+06  1.737035e+09

[1592 rows x 13 columns]
CHANNEL_3_10
           cbragg  cbragg_err   credchi  ...  cdelta_n            cL     timestamp
0     1552.662835    0.000105  0.000016  ...  0.000012  7.751958e+06  1.737025e+09
1     1552.662567    0.000105  0.000017  ...  0.000012  7.720325e+06  1.737025e+09
2     1552.662913    0.000106  0.000016  ...  0.000012  7.729421e+06  1.737025e+09
3     1552.662831    0.000117  0.000020  ...  0.000012  7.599247e+06  1.737026e+09
4     1552.662449    0.000107  0.000017  ...  0.000012  7.719469e+06  1.737035e+09
...           ...         ...       ...  ...       ...           ...           ...
1587  1552.664266    0.000105  0.000017  ...  0.000012  7.731951e+06  1.737035e+09
1588  1552.662257    0.000107  0.000017  ...  0.000012  7.731071e+06  1.737035e+09
1589  1552.664438    0.000103  0.000016  ...  0.000012  7.719781e+06  1.737035e+09
1590  1552.662281    0.000129  0.000024  ...  0.000012  7.528937e+06  1.737035e+09
1591  1552.664377    0.000105  0.000017  ...  0.000012  7.727768e+06  1.737035e+09

[1592 rows x 13 columns]
CHANNEL_3_11
           cbragg  cbragg_err   credchi  ...  cdelta_n            cL     timestamp
0     1553.625898    0.000130  0.000029  ...  0.000012  7.909213e+06  1.737025e+09
1     1553.633078    0.000128  0.000035  ...  0.000012  7.898087e+06  1.737025e+09
2     1553.625973    0.000194  0.000059  ...  0.000012  7.464267e+06  1.737025e+09
3     1553.625802    0.000248  0.000093  ...  0.000012  7.267503e+06  1.737026e+09
4     1553.625302    0.000126  0.000028  ...  0.000012  7.970192e+06  1.737035e+09
...           ...         ...       ...  ...       ...           ...           ...
1587  1553.634753    0.000197  0.000080  ...  0.000012  7.488612e+06  1.737035e+09
1588  1553.625299    0.000130  0.000029  ...  0.000012  7.952196e+06  1.737035e+09
1589  1553.634802    0.000189  0.000077  ...  0.000012  7.567855e+06  1.737035e+09
1590  1553.625400    0.000125  0.000027  ...  0.000012  7.950050e+06  1.737035e+09
1591  1553.634708    0.000129  0.000036  ...  0.000012  7.907449e+06  1.737035e+09

[1592 rows x 13 columns]
CHANNEL_3_12
           cbragg  cbragg_err   credchi  ...  cdelta_n            cL     timestamp
0     1554.607696    0.000203  0.000062  ...  0.000012  7.267101e+06  1.737025e+09
1     1554.603959    0.000100  0.000016  ...  0.000012  7.797242e+06  1.737025e+09
2     1554.607635    0.000205  0.000064  ...  0.000012  7.255547e+06  1.737025e+09
3     1554.607530    0.000099  0.000017  ...  0.000012  7.799831e+06  1.737026e+09
4     1554.606685    0.000101  0.000017  ...  0.000012  7.808136e+06  1.737035e+09
...           ...         ...       ...  ...       ...           ...           ...
1587  1554.605901    0.000099  0.000016  ...  0.000012  7.795098e+06  1.737035e+09
1588  1554.606664    0.000098  0.000016  ...  0.000012  7.807468e+06  1.737035e+09
1589  1554.605909    0.000098  0.000016  ...  0.000012  7.799062e+06  1.737035e+09
1590  1554.606780    0.000100  0.000017  ...  0.000012  7.803905e+06  1.737035e+09
1591  1554.606000    0.000100  0.000017  ...  0.000012  7.786271e+06  1.737035e+09

[1592 rows x 13 columns]
CHANNEL_3_13
           cbragg  cbragg_err   credchi  ...  cdelta_n            cL     timestamp
0     1555.612497    0.000087  0.000013  ...  0.000012  7.568240e+06  1.737025e+09
1     1555.613701    0.000088  0.000012  ...  0.000012  7.604735e+06  1.737025e+09
2     1555.612396    0.000085  0.000012  ...  0.000012  7.518752e+06  1.737025e+09
3     1555.612492    0.000087  0.000013  ...  0.000012  7.575969e+06  1.737026e+09
4     1555.612039    0.000086  0.000013  ...  0.000012  7.557858e+06  1.737035e+09
...           ...         ...       ...  ...       ...           ...           ...
1587  1555.615406    0.000088  0.000012  ...  0.000012  7.596701e+06  1.737035e+09
1588  1555.611981    0.000086  0.000013  ...  0.000012  7.569790e+06  1.737035e+09
1589  1555.615343    0.000087  0.000012  ...  0.000012  7.608808e+06  1.737035e+09
1590  1555.612016    0.000085  0.000013  ...  0.000012  7.566156e+06  1.737035e+09
1591  1555.615370    0.000088  0.000012  ...  0.000012  7.591993e+06  1.737035e+09

[1592 rows x 13 columns]
CHANNEL_3_14
           cbragg  cbragg_err   credchi  ...  cdelta_n            cL     timestamp
0     1556.567666    0.000191  0.000053  ...  0.000012  7.752278e+06  1.737025e+09
1     1556.566080    0.000182  0.000063  ...  0.000012  7.698230e+06  1.737025e+09
2     1556.567655    0.000190  0.000053  ...  0.000012  7.744361e+06  1.737025e+09
3     1556.567633    0.000193  0.000055  ...  0.000012  7.741720e+06  1.737026e+09
4     1556.566797    0.000188  0.000051  ...  0.000012  7.740321e+06  1.737035e+09
...           ...         ...       ...  ...       ...           ...           ...
1587  1556.568219    0.000187  0.000070  ...  0.000012  7.704123e+06  1.737035e+09
1588  1556.566678    0.000190  0.000052  ...  0.000012  7.741060e+06  1.737035e+09
1589  1556.568264    0.000209  0.000085  ...  0.000012  7.420323e+06  1.737035e+09
1590  1556.566768    0.000190  0.000052  ...  0.000012  7.738886e+06  1.737035e+09
1591  1556.568226    0.000185  0.000068  ...  0.000012  7.694830e+06  1.737035e+09

[1592 rows x 13 columns]
