000 (11451992.187.000) 01/28 14:31:49 Job submitted from host: <188.185.114.121:9618?addrs=188.185.114.121-9618+[2001-1458-d00-a--100-273]-9618&alias=bigbird19.cern.ch&noUDP&sock=schedd_2045_4743>
...
040 (11451992.187.000) 01/28 14:40:29 Started transferring input files
	Transferring to host: <188.185.198.115:9618?addrs=188.185.198.115-9618+[2001-1458-303-25--100-6f]-9618&alias=b9p15p8791.cern.ch&noUDP&sock=slot1_2_3871684_607a_67958>
...
040 (11451992.187.000) 01/28 14:40:29 Finished transferring input files
...
001 (11451992.187.000) 01/28 14:40:30 Job executing on host: <188.185.198.115:9618?addrs=188.185.198.115-9618+[2001-1458-303-25--100-6f]-9618&alias=b9p15p8791.cern.ch&noUDP&sock=startd_6975_d92b>
	SlotName: slot1_2@b9p15p8791.cern.ch
	CondorScratchDir = "/pool/condor/dir_2667988"
	Cpus = 1
	Disk = 3854
	GPUs = 0
	Memory = 3000
...
006 (11451992.187.000) 01/28 14:40:38 Image size of job updated: 79408
	78  -  MemoryUsage of job (MB)
	79408  -  ResidentSetSize of job (KB)
...
006 (11451992.187.000) 01/28 14:45:38 Image size of job updated: 86968
	85  -  MemoryUsage of job (MB)
	86968  -  ResidentSetSize of job (KB)
...
006 (11451992.187.000) 01/28 14:50:39 Image size of job updated: 90716
	89  -  MemoryUsage of job (MB)
	90716  -  ResidentSetSize of job (KB)
...
006 (11451992.187.000) 01/28 14:55:39 Image size of job updated: 94100
	92  -  MemoryUsage of job (MB)
	94100  -  ResidentSetSize of job (KB)
...
006 (11451992.187.000) 01/28 15:00:39 Image size of job updated: 97740
	96  -  MemoryUsage of job (MB)
	97740  -  ResidentSetSize of job (KB)
...
006 (11451992.187.000) 01/28 15:05:40 Image size of job updated: 101280
	99  -  MemoryUsage of job (MB)
	101280  -  ResidentSetSize of job (KB)
...
006 (11451992.187.000) 01/28 15:10:41 Image size of job updated: 104632
	103  -  MemoryUsage of job (MB)
	104632  -  ResidentSetSize of job (KB)
...
006 (11451992.187.000) 01/28 15:15:41 Image size of job updated: 108136
	106  -  MemoryUsage of job (MB)
	108136  -  ResidentSetSize of job (KB)
...
006 (11451992.187.000) 01/28 15:20:42 Image size of job updated: 111660
	110  -  MemoryUsage of job (MB)
	111660  -  ResidentSetSize of job (KB)
...
006 (11451992.187.000) 01/28 15:25:43 Image size of job updated: 115368
	113  -  MemoryUsage of job (MB)
	115368  -  ResidentSetSize of job (KB)
...
006 (11451992.187.000) 01/28 15:30:43 Image size of job updated: 118964
	117  -  MemoryUsage of job (MB)
	118964  -  ResidentSetSize of job (KB)
...
006 (11451992.187.000) 01/28 15:35:43 Image size of job updated: 122432
	120  -  MemoryUsage of job (MB)
	122432  -  ResidentSetSize of job (KB)
...
006 (11451992.187.000) 01/28 15:40:44 Image size of job updated: 129032
	127  -  MemoryUsage of job (MB)
	129032  -  ResidentSetSize of job (KB)
...
006 (11451992.187.000) 01/28 15:45:44 Image size of job updated: 138896
	136  -  MemoryUsage of job (MB)
	138896  -  ResidentSetSize of job (KB)
...
006 (11451992.187.000) 01/28 15:50:44 Image size of job updated: 146284
	143  -  MemoryUsage of job (MB)
	146284  -  ResidentSetSize of job (KB)
...
006 (11451992.187.000) 01/28 15:55:45 Image size of job updated: 153048
	150  -  MemoryUsage of job (MB)
	153048  -  ResidentSetSize of job (KB)
...
006 (11451992.187.000) 01/28 16:00:46 Image size of job updated: 157540
	154  -  MemoryUsage of job (MB)
	157540  -  ResidentSetSize of job (KB)
...
006 (11451992.187.000) 01/28 16:05:46 Image size of job updated: 160036
	157  -  MemoryUsage of job (MB)
	160036  -  ResidentSetSize of job (KB)
...
006 (11451992.187.000) 01/28 16:10:47 Image size of job updated: 162792
	159  -  MemoryUsage of job (MB)
	162792  -  ResidentSetSize of job (KB)
...
006 (11451992.187.000) 01/28 16:15:48 Image size of job updated: 165276
	162  -  MemoryUsage of job (MB)
	165276  -  ResidentSetSize of job (KB)
...
006 (11451992.187.000) 01/28 16:20:48 Image size of job updated: 167780
	164  -  MemoryUsage of job (MB)
	167780  -  ResidentSetSize of job (KB)
...
006 (11451992.187.000) 01/28 16:25:49 Image size of job updated: 170368
	167  -  MemoryUsage of job (MB)
	170368  -  ResidentSetSize of job (KB)
...
006 (11451992.187.000) 01/28 16:30:50 Image size of job updated: 172644
	169  -  MemoryUsage of job (MB)
	172644  -  ResidentSetSize of job (KB)
...
006 (11451992.187.000) 01/28 16:35:50 Image size of job updated: 175084
	171  -  MemoryUsage of job (MB)
	175084  -  ResidentSetSize of job (KB)
...
006 (11451992.187.000) 01/28 16:40:50 Image size of job updated: 176972
	173  -  MemoryUsage of job (MB)
	176972  -  ResidentSetSize of job (KB)
...
006 (11451992.187.000) 01/28 16:45:51 Image size of job updated: 178680
	175  -  MemoryUsage of job (MB)
	178680  -  ResidentSetSize of job (KB)
...
006 (11451992.187.000) 01/28 16:50:51 Image size of job updated: 180652
	177  -  MemoryUsage of job (MB)
	180652  -  ResidentSetSize of job (KB)
...
006 (11451992.187.000) 01/28 16:55:51 Image size of job updated: 183112
	179  -  MemoryUsage of job (MB)
	183112  -  ResidentSetSize of job (KB)
...
006 (11451992.187.000) 01/28 17:00:52 Image size of job updated: 184856
	181  -  MemoryUsage of job (MB)
	184856  -  ResidentSetSize of job (KB)
...
040 (11451992.187.000) 01/28 17:05:26 Started transferring output files
...
040 (11451992.187.000) 01/28 17:05:26 Finished transferring output files
...
005 (11451992.187.000) 01/28 17:05:26 Job terminated.
	(1) Normal termination (return value 0)
		Usr 0 02:16:32, Sys 0 00:00:50  -  Run Remote Usage
		Usr 0 00:00:00, Sys 0 00:00:00  -  Run Local Usage
		Usr 0 02:16:32, Sys 0 00:00:50  -  Total Remote Usage
		Usr 0 00:00:00, Sys 0 00:00:00  -  Total Local Usage
	40692  -  Run Bytes Sent By Job
	5797  -  Run Bytes Received By Job
	40692  -  Total Bytes Sent By Job
	5797  -  Total Bytes Received By Job
	Partitionable Resources :    Usage  Request Allocated 
	   Cpus                 :     0.93        1         1 
	   Disk (KB)            :    67          10      3854 
	   GPUs                 :                           0 
	   Memory (MB)          :   181        3000      3000 

	Job terminated of its own accord at 2025-01-28T16:05:26Z with exit-code 0.
...
