000 (11451992.189.000) 01/28 14:31:49 Job submitted from host: <188.185.114.121:9618?addrs=188.185.114.121-9618+[2001-1458-d00-a--100-273]-9618&alias=bigbird19.cern.ch&noUDP&sock=schedd_2045_4743>
...
040 (11451992.189.000) 01/28 14:40:32 Started transferring input files
	Transferring to host: <188.185.192.106:9618?addrs=188.185.192.106-9618+[2001-1458-303-1f--100-66]-9618&alias=b9p13p0746.cern.ch&noUDP&sock=slot1_9_3488544_961e_65723>
...
040 (11451992.189.000) 01/28 14:40:32 Finished transferring input files
...
001 (11451992.189.000) 01/28 14:40:33 Job executing on host: <188.185.192.106:9618?addrs=188.185.192.106-9618+[2001-1458-303-1f--100-66]-9618&alias=b9p13p0746.cern.ch&noUDP&sock=startd_7301_750b>
	SlotName: slot1_9@b9p13p0746.cern.ch
	CondorScratchDir = "/pool/condor/dir_2758655"
	Cpus = 1
	Disk = 3836
	GPUs = 0
	Memory = 3000
...
006 (11451992.189.000) 01/28 14:40:42 Image size of job updated: 79328
	78  -  MemoryUsage of job (MB)
	79328  -  ResidentSetSize of job (KB)
...
006 (11451992.189.000) 01/28 14:45:43 Image size of job updated: 86276
	85  -  MemoryUsage of job (MB)
	86276  -  ResidentSetSize of job (KB)
...
006 (11451992.189.000) 01/28 14:50:44 Image size of job updated: 89052
	87  -  MemoryUsage of job (MB)
	89052  -  ResidentSetSize of job (KB)
...
006 (11451992.189.000) 01/28 14:55:44 Image size of job updated: 92520
	91  -  MemoryUsage of job (MB)
	92520  -  ResidentSetSize of job (KB)
...
006 (11451992.189.000) 01/28 15:00:45 Image size of job updated: 95424
	94  -  MemoryUsage of job (MB)
	95424  -  ResidentSetSize of job (KB)
...
006 (11451992.189.000) 01/28 15:05:46 Image size of job updated: 98304
	96  -  MemoryUsage of job (MB)
	98304  -  ResidentSetSize of job (KB)
...
006 (11451992.189.000) 01/28 15:10:46 Image size of job updated: 102032
	100  -  MemoryUsage of job (MB)
	102032  -  ResidentSetSize of job (KB)
...
006 (11451992.189.000) 01/28 15:15:46 Image size of job updated: 105000
	103  -  MemoryUsage of job (MB)
	105000  -  ResidentSetSize of job (KB)
...
006 (11451992.189.000) 01/28 15:20:47 Image size of job updated: 108160
	106  -  MemoryUsage of job (MB)
	108160  -  ResidentSetSize of job (KB)
...
006 (11451992.189.000) 01/28 15:25:47 Image size of job updated: 111240
	109  -  MemoryUsage of job (MB)
	111240  -  ResidentSetSize of job (KB)
...
006 (11451992.189.000) 01/28 15:30:47 Image size of job updated: 114612
	112  -  MemoryUsage of job (MB)
	114612  -  ResidentSetSize of job (KB)
...
006 (11451992.189.000) 01/28 15:35:48 Image size of job updated: 118708
	116  -  MemoryUsage of job (MB)
	118708  -  ResidentSetSize of job (KB)
...
006 (11451992.189.000) 01/28 15:40:49 Image size of job updated: 121800
	119  -  MemoryUsage of job (MB)
	121800  -  ResidentSetSize of job (KB)
...
006 (11451992.189.000) 01/28 15:45:49 Image size of job updated: 127360
	125  -  MemoryUsage of job (MB)
	127360  -  ResidentSetSize of job (KB)
...
006 (11451992.189.000) 01/28 15:50:50 Image size of job updated: 132944
	130  -  MemoryUsage of job (MB)
	132944  -  ResidentSetSize of job (KB)
...
006 (11451992.189.000) 01/28 15:55:51 Image size of job updated: 141096
	138  -  MemoryUsage of job (MB)
	141096  -  ResidentSetSize of job (KB)
...
006 (11451992.189.000) 01/28 16:00:51 Image size of job updated: 147524
	145  -  MemoryUsage of job (MB)
	147524  -  ResidentSetSize of job (KB)
...
006 (11451992.189.000) 01/28 16:05:51 Image size of job updated: 152036
	149  -  MemoryUsage of job (MB)
	152036  -  ResidentSetSize of job (KB)
...
006 (11451992.189.000) 01/28 16:10:52 Image size of job updated: 156120
	153  -  MemoryUsage of job (MB)
	156120  -  ResidentSetSize of job (KB)
...
006 (11451992.189.000) 01/28 16:15:52 Image size of job updated: 159200
	156  -  MemoryUsage of job (MB)
	159200  -  ResidentSetSize of job (KB)
...
006 (11451992.189.000) 01/28 16:20:52 Image size of job updated: 161808
	159  -  MemoryUsage of job (MB)
	161808  -  ResidentSetSize of job (KB)
...
006 (11451992.189.000) 01/28 16:25:53 Image size of job updated: 164316
	161  -  MemoryUsage of job (MB)
	164316  -  ResidentSetSize of job (KB)
...
006 (11451992.189.000) 01/28 16:30:54 Image size of job updated: 167124
	164  -  MemoryUsage of job (MB)
	167124  -  ResidentSetSize of job (KB)
...
006 (11451992.189.000) 01/28 16:35:54 Image size of job updated: 169232
	166  -  MemoryUsage of job (MB)
	169232  -  ResidentSetSize of job (KB)
...
006 (11451992.189.000) 01/28 16:40:55 Image size of job updated: 172032
	168  -  MemoryUsage of job (MB)
	172032  -  ResidentSetSize of job (KB)
...
006 (11451992.189.000) 01/28 16:45:56 Image size of job updated: 174028
	170  -  MemoryUsage of job (MB)
	174028  -  ResidentSetSize of job (KB)
...
006 (11451992.189.000) 01/28 16:50:56 Image size of job updated: 175928
	172  -  MemoryUsage of job (MB)
	175928  -  ResidentSetSize of job (KB)
...
006 (11451992.189.000) 01/28 16:55:56 Image size of job updated: 177740
	174  -  MemoryUsage of job (MB)
	177740  -  ResidentSetSize of job (KB)
...
006 (11451992.189.000) 01/28 17:00:57 Image size of job updated: 179740
	176  -  MemoryUsage of job (MB)
	179740  -  ResidentSetSize of job (KB)
...
006 (11451992.189.000) 01/28 17:05:57 Image size of job updated: 181540
	178  -  MemoryUsage of job (MB)
	181540  -  ResidentSetSize of job (KB)
...
006 (11451992.189.000) 01/28 17:10:57 Image size of job updated: 183464
	180  -  MemoryUsage of job (MB)
	183464  -  ResidentSetSize of job (KB)
...
006 (11451992.189.000) 01/28 17:15:58 Image size of job updated: 185932
	182  -  MemoryUsage of job (MB)
	185932  -  ResidentSetSize of job (KB)
...
006 (11451992.189.000) 01/28 17:20:59 Image size of job updated: 187996
	184  -  MemoryUsage of job (MB)
	187996  -  ResidentSetSize of job (KB)
...
040 (11451992.189.000) 01/28 17:21:18 Started transferring output files
...
040 (11451992.189.000) 01/28 17:21:18 Finished transferring output files
...
005 (11451992.189.000) 01/28 17:21:18 Job terminated.
	(1) Normal termination (return value 0)
		Usr 0 02:31:29, Sys 0 00:00:29  -  Run Remote Usage
		Usr 0 00:00:00, Sys 0 00:00:00  -  Run Local Usage
		Usr 0 02:31:29, Sys 0 00:00:29  -  Total Remote Usage
		Usr 0 00:00:00, Sys 0 00:00:00  -  Total Local Usage
	40692  -  Run Bytes Sent By Job
	5797  -  Run Bytes Received By Job
	40692  -  Total Bytes Sent By Job
	5797  -  Total Bytes Received By Job
	Partitionable Resources :    Usage  Request Allocated 
	   Cpus                 :     0.97        1         1 
	   Disk (KB)            :    68          10      3836 
	   GPUs                 :                           0 
	   Memory (MB)          :   184        3000      3000 

	Job terminated of its own accord at 2025-01-28T16:21:18Z with exit-code 0.
...
