000 (11451992.096.000) 01/28 14:31:49 Job submitted from host: <188.185.114.121:9618?addrs=188.185.114.121-9618+[2001-1458-d00-a--100-273]-9618&alias=bigbird19.cern.ch&noUDP&sock=schedd_2045_4743>
...
040 (11451992.096.000) 01/28 14:36:26 Started transferring input files
	Transferring to host: <188.185.192.49:9618?addrs=188.185.192.49-9618+[2001-1458-303-1f--100-2d]-9618&alias=b9p13p2491.cern.ch&noUDP&sock=slot1_23_444888_97a4_61024>
...
040 (11451992.096.000) 01/28 14:36:26 Finished transferring input files
...
001 (11451992.096.000) 01/28 14:36:27 Job executing on host: <188.185.192.49:9618?addrs=188.185.192.49-9618+[2001-1458-303-1f--100-2d]-9618&alias=b9p13p2491.cern.ch&noUDP&sock=startd_9594_43b5>
	SlotName: slot1_23@b9p13p2491.cern.ch
	CondorScratchDir = "/pool/condor/dir_1269218"
	Cpus = 1
	Disk = 3877
	GPUs = 0
	Memory = 3000
...
006 (11451992.096.000) 01/28 14:36:36 Image size of job updated: 10448
	11  -  MemoryUsage of job (MB)
	10448  -  ResidentSetSize of job (KB)
...
006 (11451992.096.000) 01/28 14:41:37 Image size of job updated: 156840
	154  -  MemoryUsage of job (MB)
	156840  -  ResidentSetSize of job (KB)
...
006 (11451992.096.000) 01/28 14:46:37 Image size of job updated: 160796
	158  -  MemoryUsage of job (MB)
	160796  -  ResidentSetSize of job (KB)
...
006 (11451992.096.000) 01/28 14:51:37 Image size of job updated: 163868
	161  -  MemoryUsage of job (MB)
	163868  -  ResidentSetSize of job (KB)
...
006 (11451992.096.000) 01/28 14:56:38 Image size of job updated: 167176
	164  -  MemoryUsage of job (MB)
	167176  -  ResidentSetSize of job (KB)
...
006 (11451992.096.000) 01/28 15:01:39 Image size of job updated: 170212
	167  -  MemoryUsage of job (MB)
	170212  -  ResidentSetSize of job (KB)
...
006 (11451992.096.000) 01/28 15:06:39 Image size of job updated: 173880
	170  -  MemoryUsage of job (MB)
	173880  -  ResidentSetSize of job (KB)
...
006 (11451992.096.000) 01/28 15:11:40 Image size of job updated: 176904
	173  -  MemoryUsage of job (MB)
	176904  -  ResidentSetSize of job (KB)
...
006 (11451992.096.000) 01/28 15:16:41 Image size of job updated: 179980
	176  -  MemoryUsage of job (MB)
	179980  -  ResidentSetSize of job (KB)
...
006 (11451992.096.000) 01/28 15:21:41 Image size of job updated: 183096
	179  -  MemoryUsage of job (MB)
	183096  -  ResidentSetSize of job (KB)
...
006 (11451992.096.000) 01/28 15:26:41 Image size of job updated: 187796
	184  -  MemoryUsage of job (MB)
	187796  -  ResidentSetSize of job (KB)
...
006 (11451992.096.000) 01/28 15:31:42 Image size of job updated: 191248
	187  -  MemoryUsage of job (MB)
	191248  -  ResidentSetSize of job (KB)
...
006 (11451992.096.000) 01/28 15:36:42 Image size of job updated: 195396
	191  -  MemoryUsage of job (MB)
	195396  -  ResidentSetSize of job (KB)
...
006 (11451992.096.000) 01/28 15:41:42 Image size of job updated: 199404
	195  -  MemoryUsage of job (MB)
	199404  -  ResidentSetSize of job (KB)
...
006 (11451992.096.000) 01/28 15:46:43 Image size of job updated: 205716
	201  -  MemoryUsage of job (MB)
	205716  -  ResidentSetSize of job (KB)
...
006 (11451992.096.000) 01/28 15:51:44 Image size of job updated: 213820
	209  -  MemoryUsage of job (MB)
	213820  -  ResidentSetSize of job (KB)
...
006 (11451992.096.000) 01/28 15:56:44 Image size of job updated: 223672
	219  -  MemoryUsage of job (MB)
	223672  -  ResidentSetSize of job (KB)
...
006 (11451992.096.000) 01/28 16:01:45 Image size of job updated: 231764
	227  -  MemoryUsage of job (MB)
	231764  -  ResidentSetSize of job (KB)
...
006 (11451992.096.000) 01/28 16:06:46 Image size of job updated: 234664
	230  -  MemoryUsage of job (MB)
	234664  -  ResidentSetSize of job (KB)
...
006 (11451992.096.000) 01/28 16:11:46 Image size of job updated: 237952
	233  -  MemoryUsage of job (MB)
	237952  -  ResidentSetSize of job (KB)
...
006 (11451992.096.000) 01/28 16:16:46 Image size of job updated: 241120
	236  -  MemoryUsage of job (MB)
	241120  -  ResidentSetSize of job (KB)
...
006 (11451992.096.000) 01/28 16:21:47 Image size of job updated: 244928
	240  -  MemoryUsage of job (MB)
	244928  -  ResidentSetSize of job (KB)
...
006 (11451992.096.000) 01/28 16:26:47 Image size of job updated: 247764
	242  -  MemoryUsage of job (MB)
	247764  -  ResidentSetSize of job (KB)
...
006 (11451992.096.000) 01/28 16:31:47 Image size of job updated: 249452
	244  -  MemoryUsage of job (MB)
	249452  -  ResidentSetSize of job (KB)
...
006 (11451992.096.000) 01/28 16:36:48 Image size of job updated: 252032
	247  -  MemoryUsage of job (MB)
	252032  -  ResidentSetSize of job (KB)
...
006 (11451992.096.000) 01/28 16:41:49 Image size of job updated: 254084
	249  -  MemoryUsage of job (MB)
	254084  -  ResidentSetSize of job (KB)
...
006 (11451992.096.000) 01/28 16:46:49 Image size of job updated: 256524
	251  -  MemoryUsage of job (MB)
	256524  -  ResidentSetSize of job (KB)
...
006 (11451992.096.000) 01/28 16:51:50 Image size of job updated: 259160
	254  -  MemoryUsage of job (MB)
	259160  -  ResidentSetSize of job (KB)
...
006 (11451992.096.000) 01/28 16:56:51 Image size of job updated: 261328
	256  -  MemoryUsage of job (MB)
	261328  -  ResidentSetSize of job (KB)
...
040 (11451992.096.000) 01/28 16:58:43 Started transferring output files
...
040 (11451992.096.000) 01/28 16:58:43 Finished transferring output files
...
005 (11451992.096.000) 01/28 16:58:43 Job terminated.
	(1) Normal termination (return value 0)
		Usr 0 02:13:10, Sys 0 00:00:24  -  Run Remote Usage
		Usr 0 00:00:00, Sys 0 00:00:00  -  Run Local Usage
		Usr 0 02:13:10, Sys 0 00:00:24  -  Total Remote Usage
		Usr 0 00:00:00, Sys 0 00:00:00  -  Total Local Usage
	41726  -  Run Bytes Sent By Job
	5797  -  Run Bytes Received By Job
	41726  -  Total Bytes Sent By Job
	5797  -  Total Bytes Received By Job
	Partitionable Resources :    Usage  Request Allocated 
	   Cpus                 :     0.94        1         1 
	   Disk (KB)            :    69          10      3877 
	   GPUs                 :                           0 
	   Memory (MB)          :   256        3000      3000 

	Job terminated of its own accord at 2025-01-28T15:58:43Z with exit-code 0.
...
