000 (11451992.382.000) 01/28 14:31:49 Job submitted from host: <188.185.114.121:9618?addrs=188.185.114.121-9618+[2001-1458-d00-a--100-273]-9618&alias=bigbird19.cern.ch&noUDP&sock=schedd_2045_4743>
...
040 (11451992.382.000) 01/28 15:36:37 Started transferring input files
	Transferring to host: <188.185.209.20:9618?addrs=188.185.209.20-9618+[2001-1458-303-11--100-11]-9618&alias=b9p11p8179.cern.ch&noUDP&sock=slot1_37_5005_39a5_166515>
...
040 (11451992.382.000) 01/28 15:36:37 Finished transferring input files
...
001 (11451992.382.000) 01/28 15:36:38 Job executing on host: <188.185.209.20:9618?addrs=188.185.209.20-9618+[2001-1458-303-11--100-11]-9618&alias=b9p11p8179.cern.ch&noUDP&sock=startd_4194_504a>
	SlotName: slot1_37@b9p11p8179.cern.ch
	CondorScratchDir = "/pool/condor/dir_1565585"
	Cpus = 1
	Disk = 2800903
	Memory = 3000
...
006 (11451992.382.000) 01/28 15:36:44 Image size of job updated: 84276
	3  -  MemoryUsage of job (MB)
	2728  -  ResidentSetSize of job (KB)
...
040 (11451992.382.000) 01/28 15:36:44 Started transferring output files
...
040 (11451992.382.000) 01/28 15:36:44 Finished transferring output files
...
005 (11451992.382.000) 01/28 15:36:44 Job terminated.
	(1) Normal termination (return value 0)
		Usr 0 00:00:05, Sys 0 00:00:00  -  Run Remote Usage
		Usr 0 00:00:00, Sys 0 00:00:00  -  Run Local Usage
		Usr 0 00:00:05, Sys 0 00:00:00  -  Total Remote Usage
		Usr 0 00:00:00, Sys 0 00:00:00  -  Total Local Usage
	14883  -  Run Bytes Sent By Job
	5797  -  Run Bytes Received By Job
	14883  -  Total Bytes Sent By Job
	5797  -  Total Bytes Received By Job
	Partitionable Resources :    Usage  Request Allocated 
	   Cpus                 :        0        1         1 
	   Disk (KB)            :       46       10   2800903 
	   Memory (MB)          :        3     3000      3000 

	Job terminated of its own accord at 2025-01-28T14:36:44Z with exit-code 0.
...
