CHANNEL_0_1
           cbragg  cbragg_err   credchi  ...  cdelta_n            cL     timestamp
0     1544.604044    0.000130  0.000046  ...  0.000012  7.680622e+06  1.735791e+09
1     1544.612750    0.000108  0.000058  ...  0.000012  7.665199e+06  1.735791e+09
2     1544.604129    0.000110  0.000047  ...  0.000012  7.695046e+06  1.735791e+09
3     1544.612890    0.000369  0.000056  ...  0.000012  7.686147e+06  1.735791e+09
4     1544.604054    0.000127  0.000048  ...  0.000012  7.680667e+06  1.735791e+09
...           ...         ...       ...  ...       ...           ...           ...
1587  1544.612777    0.000110  0.000057  ...  0.000012  7.672988e+06  1.735807e+09
1588  1544.603974    0.000244  0.000047  ...  0.000012  7.675532e+06  1.735807e+09
1589  1544.612787    0.000177  0.000057  ...  0.000012  7.683040e+06  1.735807e+09
1590  1544.603990    0.000111  0.000048  ...  0.000012  7.680174e+06  1.735807e+09
1591  1544.612699    0.000103  0.000057  ...  0.000012  7.678009e+06  1.735807e+09

[1592 rows x 13 columns]
CHANNEL_0_2
           cbragg  cbragg_err   credchi  ...  cdelta_n            cL     timestamp
0     1545.432244    0.000097  0.000020  ...  0.000012  7.653408e+06  1.735791e+09
1     1545.434340    0.000099  0.000023  ...  0.000012  7.621314e+06  1.735791e+09
2     1545.432102    0.000102  0.000022  ...  0.000012  7.629565e+06  1.735791e+09
3     1545.434211    0.000095  0.000021  ...  0.000012  7.645505e+06  1.735791e+09
4     1545.432106    0.000099  0.000021  ...  0.000012  7.605649e+06  1.735791e+09
...           ...         ...       ...  ...       ...           ...           ...
1587  1545.433691    0.000096  0.000022  ...  0.000012  7.606914e+06  1.735807e+09
1588  1545.431563    0.000094  0.000019  ...  0.000012  7.650705e+06  1.735807e+09
1589  1545.433660    0.000094  0.000021  ...  0.000012  7.626647e+06  1.735807e+09
1590  1545.431610    0.000096  0.000020  ...  0.000012  7.644076e+06  1.735807e+09
1591  1545.433608    0.000095  0.000022  ...  0.000012  7.640603e+06  1.735807e+09

[1592 rows x 13 columns]
CHANNEL_0_3
           cbragg  cbragg_err   credchi  ...  cdelta_n            cL     timestamp
0     1546.110163    0.000108  0.000038  ...  0.000012  7.690744e+06  1.735791e+09
1     1546.119138    0.000108  0.000053  ...  0.000012  7.666147e+06  1.735791e+09
2     1546.110177    0.000108  0.000038  ...  0.000012  7.691522e+06  1.735791e+09
3     1546.119157    0.000109  0.000053  ...  0.000012  7.674323e+06  1.735791e+09
4     1546.110135    0.000110  0.000039  ...  0.000012  7.685446e+06  1.735791e+09
...           ...         ...       ...  ...       ...           ...           ...
1587  1546.119423    0.000110  0.000054  ...  0.000012  7.674922e+06  1.735807e+09
1588  1546.110491    0.000108  0.000038  ...  0.000012  7.633418e+06  1.735807e+09
1589  1546.119480    0.000111  0.000055  ...  0.000012  7.666450e+06  1.735807e+09
1590  1546.110530    0.000108  0.000038  ...  0.000012  7.666971e+06  1.735807e+09
1591  1546.119499    0.000112  0.000057  ...  0.000012  7.711081e+06  1.735807e+09

[1592 rows x 13 columns]
CHANNEL_0_4
           cbragg  cbragg_err   credchi  ...  cdelta_n            cL     timestamp
0     1547.110969    0.000116  0.000048  ...  0.000012  7.816214e+06  1.735791e+09
1     1547.112814    0.000112  0.000049  ...  0.000012  7.871039e+06  1.735791e+09
2     1547.110879    0.000115  0.000047  ...  0.000012  7.866062e+06  1.735791e+09
3     1547.112816    0.000115  0.000052  ...  0.000012  7.862385e+06  1.735791e+09
4     1547.110988    0.000115  0.000047  ...  0.000012  7.860096e+06  1.735791e+09
...           ...         ...       ...  ...       ...           ...           ...
1587  1547.112998    0.000113  0.000050  ...  0.000012  7.869028e+06  1.735807e+09
1588  1547.111069    0.000115  0.000047  ...  0.000012  7.862063e+06  1.735807e+09
1589  1547.112956    0.000114  0.000051  ...  0.000012  7.857200e+06  1.735807e+09
1590  1547.111222    0.000114  0.000046  ...  0.000012  7.864218e+06  1.735807e+09
1591  1547.113075    0.000113  0.000050  ...  0.000012  7.867860e+06  1.735807e+09

[1592 rows x 13 columns]
CHANNEL_0_5
           cbragg  cbragg_err   credchi  ...  cdelta_n            cL     timestamp
0     1548.084698    0.000091  0.000040  ...  0.000012  7.698426e+06  1.735791e+09
1     1548.089946    0.000096  0.000039  ...  0.000012  7.695651e+06  1.735791e+09
2     1548.084709    0.000091  0.000040  ...  0.000012  7.698914e+06  1.735791e+09
3     1548.090064    0.000097  0.000039  ...  0.000012  7.686095e+06  1.735791e+09
4     1548.084821    0.000090  0.000040  ...  0.000012  7.699052e+06  1.735791e+09
...           ...         ...       ...  ...       ...           ...           ...
1587  1548.090263    0.000094  0.000037  ...  0.000012  7.695158e+06  1.735807e+09
1588  1548.084869    0.000091  0.000040  ...  0.000012  7.690390e+06  1.735807e+09
1589  1548.090362    0.000100  0.000042  ...  0.000012  7.749906e+06  1.735807e+09
1590  1548.084983    0.000090  0.000039  ...  0.000012  7.697791e+06  1.735807e+09
1591  1548.090259    0.000095  0.000038  ...  0.000012  7.725463e+06  1.735807e+09

[1592 rows x 13 columns]
CHANNEL_0_6
           cbragg  cbragg_err   credchi  ...  cdelta_n            cL     timestamp
0     1549.062936    0.000077  0.000023  ...  0.000012  7.566758e+06  1.735791e+09
1     1549.072528    0.000084  0.000046  ...  0.000012  7.523875e+06  1.735791e+09
2     1549.062942    0.000077  0.000023  ...  0.000012  7.566608e+06  1.735791e+09
3     1549.072623    0.000084  0.000045  ...  0.000012  7.523735e+06  1.735791e+09
4     1549.062940    0.000076  0.000022  ...  0.000012  7.565817e+06  1.735791e+09
...           ...         ...       ...  ...       ...           ...           ...
1587  1549.072605    0.000084  0.000045  ...  0.000012  7.493008e+06  1.735807e+09
1588  1549.062939    0.000077  0.000023  ...  0.000012  7.566963e+06  1.735807e+09
1589  1549.072651    0.000082  0.000043  ...  0.000012  7.482404e+06  1.735807e+09
1590  1549.063169    0.000076  0.000022  ...  0.000012  7.564692e+06  1.735807e+09
1591  1549.072763    0.000086  0.000048  ...  0.000012  7.553807e+06  1.735807e+09

[1592 rows x 13 columns]
CHANNEL_0_7
           cbragg  cbragg_err   credchi  ...  cdelta_n            cL     timestamp
0     1550.067792    0.000125  0.000046  ...  0.000012  7.596849e+06  1.735791e+09
1     1550.070644    0.000124  0.000048  ...  0.000012  7.639787e+06  1.735791e+09
2     1550.067830    0.000125  0.000045  ...  0.000012  7.592967e+06  1.735791e+09
3     1550.070586    0.000125  0.000048  ...  0.000012  7.610418e+06  1.735791e+09
4     1550.067894    0.000125  0.000046  ...  0.000012  7.601004e+06  1.735791e+09
...           ...         ...       ...  ...       ...           ...           ...
1587  1550.070784    0.000135  0.000058  ...  0.000012  7.751878e+06  1.735807e+09
1588  1550.067964    0.000125  0.000046  ...  0.000012  7.597387e+06  1.735807e+09
1589  1550.070833    0.000123  0.000047  ...  0.000012  7.620530e+06  1.735807e+09
1590  1550.067982    0.000125  0.000045  ...  0.000012  7.581118e+06  1.735807e+09
1591  1550.070696    0.000123  0.000047  ...  0.000012  7.635505e+06  1.735807e+09

[1592 rows x 13 columns]
CHANNEL_0_8
           cbragg  cbragg_err   credchi  ...  cdelta_n            cL     timestamp
0     1551.042837    0.000070  0.000014  ...  0.000012  7.632509e+06  1.735791e+09
1     1551.050550    0.000073  0.000018  ...  0.000012  7.627758e+06  1.735791e+09
2     1551.042849    0.000072  0.000015  ...  0.000012  7.624391e+06  1.735791e+09
3     1551.050589    0.000072  0.000018  ...  0.000012  7.619570e+06  1.735791e+09
4     1551.042872    0.000072  0.000015  ...  0.000012  7.624930e+06  1.735791e+09
...           ...         ...       ...  ...       ...           ...           ...
1587  1551.050837    0.000071  0.000018  ...  0.000012  7.636115e+06  1.735807e+09
1588  1551.043233    0.000071  0.000014  ...  0.000012  7.627247e+06  1.735807e+09
1589  1551.050865    0.000072  0.000018  ...  0.000012  7.634899e+06  1.735807e+09
1590  1551.043277    0.000072  0.000015  ...  0.000012  7.624492e+06  1.735807e+09
1591  1551.050876    0.000073  0.000019  ...  0.000012  7.632345e+06  1.735807e+09

[1592 rows x 13 columns]
CHANNEL_0_9
           cbragg  cbragg_err   credchi  ...  cdelta_n            cL     timestamp
0     1552.024287    0.000089  0.000015  ...  0.000012  7.740595e+06  1.735791e+09
1     1552.034249    0.000090  0.000030  ...  0.000012  7.675196e+06  1.735791e+09
2     1552.024370    0.000090  0.000016  ...  0.000012  7.735353e+06  1.735791e+09
3     1552.034393    0.000104  0.000040  ...  0.000012  7.851143e+06  1.735791e+09
4     1552.024394    0.000091  0.000016  ...  0.000012  7.730888e+06  1.735791e+09
...           ...         ...       ...  ...       ...           ...           ...
1587  1552.034684    0.000086  0.000027  ...  0.000012  7.689514e+06  1.735807e+09
1588  1552.024665    0.000092  0.000016  ...  0.000012  7.744870e+06  1.735807e+09
1589  1552.034582    0.000087  0.000028  ...  0.000012  7.677377e+06  1.735807e+09
1590  1552.024845    0.000090  0.000016  ...  0.000012  7.744416e+06  1.735807e+09
1591  1552.034759    0.000090  0.000029  ...  0.000012  7.672039e+06  1.735807e+09

[1592 rows x 13 columns]
CHANNEL_0_10
           cbragg  cbragg_err   credchi  ...  cdelta_n            cL     timestamp
0     1553.034238    0.000094  0.000021  ...  0.000012  7.697849e+06  1.735791e+09
1     1553.035378    0.000094  0.000017  ...  0.000012  7.725754e+06  1.735791e+09
2     1553.034146    0.000093  0.000021  ...  0.000012  7.699186e+06  1.735791e+09
3     1553.035461    0.000092  0.000017  ...  0.000012  7.732679e+06  1.735791e+09
4     1553.034164    0.000094  0.000021  ...  0.000012  7.684069e+06  1.735791e+09
...           ...         ...       ...  ...       ...           ...           ...
1587  1553.035858    0.000094  0.000017  ...  0.000012  7.723822e+06  1.735807e+09
1588  1553.034665    0.000092  0.000020  ...  0.000012  7.684266e+06  1.735807e+09
1589  1553.035852    0.000092  0.000017  ...  0.000012  7.668294e+06  1.735807e+09
1590  1553.034640    0.000092  0.000020  ...  0.000012  7.680384e+06  1.735807e+09
1591  1553.035840    0.000093  0.000017  ...  0.000012  7.700627e+06  1.735807e+09

[1592 rows x 13 columns]
CHANNEL_0_11
           cbragg  cbragg_err   credchi  ...  cdelta_n            cL     timestamp
0     1554.039023    0.000071  0.000008  ...  0.000012  7.725918e+06  1.735791e+09
1     1554.048716    0.000078  0.000017  ...  0.000012  7.749575e+06  1.735791e+09
2     1554.039077    0.000071  0.000008  ...  0.000012  7.679071e+06  1.735791e+09
3     1554.048711    0.000069  0.000014  ...  0.000012  7.652480e+06  1.735791e+09
4     1554.039065    0.000071  0.000008  ...  0.000012  7.726296e+06  1.735791e+09
...           ...         ...       ...  ...       ...           ...           ...
1587  1554.048997    0.000074  0.000015  ...  0.000012  7.644902e+06  1.735807e+09
1588  1554.039554    0.000071  0.000008  ...  0.000012  7.673694e+06  1.735807e+09
1589  1554.049150    0.000074  0.000015  ...  0.000012  7.649659e+06  1.735807e+09
1590  1554.039543    0.000073  0.000008  ...  0.000012  7.715459e+06  1.735807e+09
1591  1554.049185    0.000074  0.000015  ...  0.000012  7.644872e+06  1.735807e+09

[1592 rows x 13 columns]
CHANNEL_0_12
           cbragg  cbragg_err   credchi  ...  cdelta_n            cL     timestamp
0     1555.067349    0.000118  0.000048  ...  0.000012  7.497209e+06  1.735791e+09
1     1555.069537    0.000120  0.000048  ...  0.000012  7.509279e+06  1.735791e+09
2     1555.067276    0.000120  0.000049  ...  0.000012  7.501227e+06  1.735791e+09
3     1555.069691    0.000115  0.000045  ...  0.000012  7.530003e+06  1.735791e+09
4     1555.067516    0.000116  0.000045  ...  0.000012  7.493043e+06  1.735791e+09
...           ...         ...       ...  ...       ...           ...           ...
1587  1555.070115    0.000115  0.000045  ...  0.000012  7.511034e+06  1.735807e+09
1588  1555.067730    0.000117  0.000047  ...  0.000012  7.502013e+06  1.735807e+09
1589  1555.070138    0.000116  0.000046  ...  0.000012  7.526621e+06  1.735807e+09
1590  1555.067956    0.000117  0.000047  ...  0.000012  7.504025e+06  1.735807e+09
1591  1555.070266    0.000117  0.000046  ...  0.000012  7.520829e+06  1.735807e+09

[1592 rows x 13 columns]
CHANNEL_0_13
           cbragg  cbragg_err   credchi  ...  cdelta_n            cL     timestamp
0     1556.039657    0.000140  0.000035  ...  0.000012  7.681114e+06  1.735791e+09
1     1556.048099    0.000133  0.000043  ...  0.000012  7.700804e+06  1.735791e+09
2     1556.039627    0.000139  0.000035  ...  0.000012  7.700625e+06  1.735791e+09
3     1556.048072    0.000134  0.000044  ...  0.000012  7.700180e+06  1.735791e+09
4     1556.039550    0.000142  0.000036  ...  0.000012  7.684636e+06  1.735791e+09
...           ...         ...       ...  ...       ...           ...           ...
1587  1556.048559    0.000137  0.000046  ...  0.000012  7.631618e+06  1.735807e+09
1588  1556.040039    0.000139  0.000035  ...  0.000012  7.685141e+06  1.735807e+09
1589  1556.048482    0.000131  0.000042  ...  0.000012  7.709020e+06  1.735807e+09
1590  1556.040199    0.000142  0.000037  ...  0.000012  7.666221e+06  1.735807e+09
1591  1556.048602    0.000139  0.000047  ...  0.000012  7.701864e+06  1.735807e+09

[1592 rows x 13 columns]
CHANNEL_0_14
           cbragg  cbragg_err   credchi  ...  cdelta_n            cL     timestamp
0     1557.012277    0.000098  0.000028  ...  0.000012  7.661852e+06  1.735791e+09
1     1557.016709    0.000102  0.000037  ...  0.000012  7.604976e+06  1.735791e+09
2     1557.012304    0.000112  0.000036  ...  0.000012  7.787374e+06  1.735791e+09
3     1557.016697    0.000109  0.000043  ...  0.000012  7.710651e+06  1.735791e+09
4     1557.012347    0.000100  0.000028  ...  0.000012  7.664634e+06  1.735791e+09
...           ...         ...       ...  ...       ...           ...           ...
1587  1557.017208    0.000102  0.000037  ...  0.000012  7.614847e+06  1.735807e+09
1588  1557.012895    0.000100  0.000028  ...  0.000012  7.602229e+06  1.735807e+09
1589  1557.017316    0.000102  0.000037  ...  0.000012  7.617083e+06  1.735807e+09
1590  1557.012863    0.000099  0.000028  ...  0.000012  7.660894e+06  1.735807e+09
1591  1557.017246    0.000103  0.000038  ...  0.000012  7.607182e+06  1.735807e+09

[1592 rows x 13 columns]
CHANNEL_1_1
           cbragg  cbragg_err   credchi  ...  cdelta_n            cL     timestamp
0     1556.156997    0.000112  0.000012  ...  0.000012  2.678622e+06  1.735791e+09
1     1556.156218    0.001052  0.001785  ...  0.000012  3.351877e+06  1.735791e+09
2     1556.156933    0.000075  0.000005  ...  0.000012  2.671459e+06  1.735791e+09
3     1556.156581    0.000078  0.000006  ...  0.000012  2.673513e+06  1.735791e+09
4     1556.156840    0.000766  0.000906  ...  0.000012  3.170337e+06  1.735791e+09
...           ...         ...       ...  ...       ...           ...           ...
1587  1556.156100    0.000110  0.000010  ...  0.000012  2.620563e+06  1.735807e+09
1588  1556.156321    0.000093  0.000008  ...  0.000012  2.654066e+06  1.735807e+09
1589  1556.155799    0.000079  0.000006  ...  0.000012  2.666102e+06  1.735807e+09
1590  1556.156709    0.001213  0.002765  ...  0.000012  3.481659e+06  1.735807e+09
1591  1556.156346    0.000084  0.000006  ...  0.000012  2.666463e+06  1.735807e+09

[1592 rows x 13 columns]
CHANNEL_1_2
           cbragg  cbragg_err   credchi  ...  cdelta_n            cL     timestamp
0     1558.198319    0.000128  0.000023  ...  0.000012  2.775421e+06  1.735791e+09
1     1558.200396    0.001022  0.002568  ...  0.000012  3.462040e+06  1.735791e+09
2     1558.197978    0.000825  0.001578  ...  0.000012  3.371962e+06  1.735791e+09
3     1558.200996    0.000116  0.000020  ...  0.000012  2.800548e+06  1.735791e+09
4     1558.198544    0.000144  0.000028  ...  0.000012  2.753234e+06  1.735791e+09
...           ...         ...       ...  ...       ...           ...           ...
1587  1558.201140    0.000171  0.000046  ...  0.000012  2.870318e+06  1.735807e+09
1588  1558.198502    0.000304  0.000151  ...  0.000012  2.965993e+06  1.735807e+09
1589  1558.200636    0.000980  0.002294  ...  0.000012  3.422826e+06  1.735807e+09
1590  1558.198966    0.000128  0.000023  ...  0.000012  2.789729e+06  1.735807e+09
1591  1558.201505    0.000137  0.000027  ...  0.000012  2.752309e+06  1.735807e+09

[1592 rows x 13 columns]
CHANNEL_1_3
           cbragg  cbragg_err   credchi  ...  cdelta_n            cL     timestamp
0     1561.017023    0.000051  0.000004  ...  0.000012  2.931661e+06  1.735791e+09
1     1561.012918    0.001044  0.003191  ...  0.000012  3.728633e+06  1.735791e+09
2     1561.016977    0.000784  0.001639  ...  0.000012  3.537571e+06  1.735791e+09
3     1561.013417    0.000117  0.000021  ...  0.000012  2.874702e+06  1.735791e+09
4     1561.016868    0.000074  0.000009  ...  0.000012  2.918403e+06  1.735791e+09
...           ...         ...       ...  ...       ...           ...           ...
1587  1561.013639    0.000080  0.000011  ...  0.000012  2.977345e+06  1.735807e+09
1588  1561.017450    0.000524  0.000592  ...  0.000012  3.272801e+06  1.735807e+09
1589  1561.014118    0.000047  0.000004  ...  0.000012  2.925488e+06  1.735807e+09
1590  1561.017403    0.000056  0.000005  ...  0.000012  2.945374e+06  1.735807e+09
1591  1561.014119    0.000419  0.000371  ...  0.000012  3.221319e+06  1.735807e+09

[1592 rows x 13 columns]
CHANNEL_2_1
           cbragg  cbragg_err   credchi  ...  cdelta_n            cL     timestamp
0     1543.576760    0.000074  0.000006  ...  0.000012  2.771208e+06  1.735791e+09
1     1543.576200    0.000231  0.000005  ...  0.000012  2.771459e+06  1.735791e+09
2     1543.577128    0.000078  0.000006  ...  0.000012  2.771604e+06  1.735791e+09
3     1543.576584    0.000088  0.000005  ...  0.000012  2.772569e+06  1.735791e+09
4     1543.577385    0.000078  0.000006  ...  0.000012  2.770420e+06  1.735791e+09
...           ...         ...       ...  ...       ...           ...           ...
1587  1543.575960    0.000081  0.000006  ...  0.000012  2.771481e+06  1.735807e+09
1588  1543.576556    0.000077  0.000006  ...  0.000012  2.771890e+06  1.735807e+09
1589  1543.575784    0.000073  0.000005  ...  0.000012  2.771978e+06  1.735807e+09
1590  1543.576815    0.000076  0.000006  ...  0.000012  2.771435e+06  1.735807e+09
1591  1543.576074    0.000076  0.000005  ...  0.000012  2.771013e+06  1.735807e+09

[1592 rows x 13 columns]
CHANNEL_2_2
           cbragg  cbragg_err   credchi  ...  cdelta_n            cL     timestamp
0     1545.922834    0.000338  0.000079  ...  0.000012  2.584661e+06  1.735791e+09
1     1545.923601    0.000142  0.000016  ...  0.000012  2.722406e+06  1.735791e+09
2     1545.922522    0.000155  0.000018  ...  0.000012  2.628911e+06  1.735791e+09
3     1545.922072    0.000626  0.000452  ...  0.000012  3.089036e+06  1.735791e+09
4     1545.922837    0.000229  0.000036  ...  0.000012  2.586455e+06  1.735791e+09
...           ...         ...       ...  ...       ...           ...           ...
1587  1545.923884    0.000171  0.000024  ...  0.000012  2.756906e+06  1.735807e+09
1588  1545.922906    0.000149  0.000016  ...  0.000012  2.646597e+06  1.735807e+09
1589  1545.924102    0.000119  0.000011  ...  0.000012  2.690508e+06  1.735807e+09
1590  1545.922772    0.000119  0.000011  ...  0.000012  2.678298e+06  1.735807e+09
1591  1545.921829    0.000886  0.001111  ...  0.000012  3.312360e+06  1.735807e+09

[1592 rows x 13 columns]
CHANNEL_2_3
           cbragg  cbragg_err   credchi  ...  cdelta_n            cL     timestamp
0     1548.520687    0.000096  0.000010  ...  0.000012  2.886877e+06  1.735791e+09
1     1548.522199    0.000097  0.000010  ...  0.000012  2.890828e+06  1.735791e+09
2     1548.520825    0.000198  0.000047  ...  0.000012  3.007963e+06  1.735791e+09
3     1548.522309    0.000098  0.000010  ...  0.000012  2.889049e+06  1.735791e+09
4     1548.520788    0.000101  0.000011  ...  0.000012  2.923914e+06  1.735791e+09
...           ...         ...       ...  ...       ...           ...           ...
1587  1548.521986    0.000510  0.000215  ...  0.000012  2.660887e+06  1.735807e+09
1588  1548.521305    0.000094  0.000010  ...  0.000012  2.878009e+06  1.735807e+09
1589  1548.522771    0.000107  0.000012  ...  0.000012  2.902241e+06  1.735807e+09
1590  1548.521493    0.000140  0.000022  ...  0.000012  2.969657e+06  1.735807e+09
1591  1548.522753    0.000175  0.000030  ...  0.000012  2.798323e+06  1.735807e+09

[1592 rows x 13 columns]
CHANNEL_3_1
           cbragg  cbragg_err   credchi  ...  cdelta_n            cL     timestamp
0     1544.123692    0.000121  0.000027  ...  0.000012  7.760932e+06  1.735791e+09
1     1544.121908    0.000122  0.000020  ...  0.000012  7.812365e+06  1.735791e+09
2     1544.123694    0.000126  0.000026  ...  0.000012  7.772085e+06  1.735791e+09
3     1544.121896    0.000121  0.000021  ...  0.000012  7.821965e+06  1.735791e+09
4     1544.123754    0.000122  0.000027  ...  0.000012  7.767554e+06  1.735791e+09
...           ...         ...       ...  ...       ...           ...           ...
1587  1544.121659    0.000123  0.000019  ...  0.000012  7.822836e+06  1.735807e+09
1588  1544.123443    0.000109  0.000026  ...  0.000012  7.774555e+06  1.735807e+09
1589  1544.121695    0.000119  0.000020  ...  0.000012  7.812326e+06  1.735807e+09
1590  1544.123494    0.000164  0.000027  ...  0.000012  7.772560e+06  1.735807e+09
1591  1544.121681    0.000117  0.000019  ...  0.000012  7.815935e+06  1.735807e+09

[1592 rows x 13 columns]
CHANNEL_3_2
           cbragg  cbragg_err   credchi  ...  cdelta_n            cL     timestamp
0     1545.013323    0.000110  0.000022  ...  0.000012  7.926213e+06  1.735791e+09
1     1545.024130    0.000118  0.000041  ...  0.000012  7.820123e+06  1.735791e+09
2     1545.013210    0.000114  0.000022  ...  0.000012  7.901751e+06  1.735791e+09
3     1545.024074    0.000112  0.000040  ...  0.000012  7.823336e+06  1.735791e+09
4     1545.013329    0.000109  0.000022  ...  0.000012  7.928111e+06  1.735791e+09
...           ...         ...       ...  ...       ...           ...           ...
1587  1545.023466    0.000135  0.000041  ...  0.000012  7.829028e+06  1.735807e+09
1588  1545.012509    0.000107  0.000021  ...  0.000012  7.935816e+06  1.735807e+09
1589  1545.023375    0.000126  0.000040  ...  0.000012  7.819406e+06  1.735807e+09
1590  1545.012630    0.000113  0.000022  ...  0.000012  7.920429e+06  1.735807e+09
1591  1545.023341    0.000130  0.000038  ...  0.000012  7.831365e+06  1.735807e+09

[1592 rows x 13 columns]
CHANNEL_3_3
           cbragg  cbragg_err   credchi  ...  cdelta_n            cL     timestamp
0     1545.704381    0.000114  0.000035  ...  0.000012  7.554739e+06  1.735791e+09
1     1545.707252    0.000114  0.000027  ...  0.000012  7.623374e+06  1.735791e+09
2     1545.704490    0.000113  0.000035  ...  0.000012  7.560681e+06  1.735791e+09
3     1545.707229    0.000114  0.000026  ...  0.000012  7.612839e+06  1.735791e+09
4     1545.704391    0.000108  0.000031  ...  0.000012  7.562510e+06  1.735791e+09
...           ...         ...       ...  ...       ...           ...           ...
1587  1545.707339    0.000110  0.000025  ...  0.000012  7.619481e+06  1.735807e+09
1588  1545.704507    0.000123  0.000042  ...  0.000012  7.718598e+06  1.735807e+09
1589  1545.707463    0.000113  0.000026  ...  0.000012  7.602730e+06  1.735807e+09
1590  1545.704459    0.000110  0.000033  ...  0.000012  7.580848e+06  1.735807e+09
1591  1545.707395    0.000116  0.000028  ...  0.000012  7.605330e+06  1.735807e+09

[1592 rows x 13 columns]
CHANNEL_3_4
           cbragg  cbragg_err   credchi  ...  cdelta_n            cL     timestamp
0     1546.676198    0.000099  0.000018  ...  0.000012  7.799680e+06  1.735791e+09
1     1546.683807    0.000099  0.000027  ...  0.000012  7.741789e+06  1.735791e+09
2     1546.676198    0.000096  0.000017  ...  0.000012  7.802892e+06  1.735791e+09
3     1546.683842    0.000097  0.000026  ...  0.000012  7.734388e+06  1.735791e+09
4     1546.676257    0.000098  0.000018  ...  0.000012  7.802805e+06  1.735791e+09
...           ...         ...       ...  ...       ...           ...           ...
1587  1546.684132    0.000099  0.000027  ...  0.000012  7.738342e+06  1.735807e+09
1588  1546.676594    0.000097  0.000017  ...  0.000012  7.739519e+06  1.735807e+09
1589  1546.684114    0.000098  0.000027  ...  0.000012  7.678789e+06  1.735807e+09
1590  1546.676537    0.000097  0.000017  ...  0.000012  7.793335e+06  1.735807e+09
1591  1546.684147    0.000098  0.000027  ...  0.000012  7.734858e+06  1.735807e+09

[1592 rows x 13 columns]
CHANNEL_3_5
           cbragg  cbragg_err   credchi  ...  cdelta_n            cL     timestamp
0     1547.695966    0.000077  0.000014  ...  0.000012  7.589755e+06  1.735791e+09
1     1547.703496    0.000077  0.000013  ...  0.000012  7.631504e+06  1.735791e+09
2     1547.696094    0.000076  0.000014  ...  0.000012  7.584392e+06  1.735791e+09
3     1547.703529    0.000075  0.000013  ...  0.000012  7.641879e+06  1.735791e+09
4     1547.696012    0.000077  0.000014  ...  0.000012  7.597527e+06  1.735791e+09
...           ...         ...       ...  ...       ...           ...           ...
1587  1547.703783    0.000077  0.000013  ...  0.000012  7.633212e+06  1.735807e+09
1588  1547.696233    0.000077  0.000014  ...  0.000012  7.599581e+06  1.735807e+09
1589  1547.703818    0.000080  0.000014  ...  0.000012  7.632999e+06  1.735807e+09
1590  1547.696328    0.000076  0.000014  ...  0.000012  7.597336e+06  1.735807e+09
1591  1547.703891    0.000077  0.000013  ...  0.000012  7.630511e+06  1.735807e+09

[1592 rows x 13 columns]
CHANNEL_3_6
           cbragg  cbragg_err   credchi  ...  cdelta_n            cL     timestamp
0     1548.684914    0.000084  0.000016  ...  0.000012  7.755312e+06  1.735791e+09
1     1548.687757    0.000082  0.000016  ...  0.000012  7.762756e+06  1.735791e+09
2     1548.684938    0.000083  0.000016  ...  0.000012  7.757937e+06  1.735791e+09
3     1548.687832    0.000080  0.000016  ...  0.000012  7.760401e+06  1.735791e+09
4     1548.684886    0.000083  0.000016  ...  0.000012  7.752961e+06  1.735791e+09
...           ...         ...       ...  ...       ...           ...           ...
1587  1548.687891    0.000081  0.000016  ...  0.000012  7.754889e+06  1.735807e+09
1588  1548.685051    0.000083  0.000016  ...  0.000012  7.757127e+06  1.735807e+09
1589  1548.687942    0.000081  0.000016  ...  0.000012  7.767974e+06  1.735807e+09
1590  1548.685168    0.000082  0.000016  ...  0.000012  7.760019e+06  1.735807e+09
1591  1548.688078    0.000080  0.000016  ...  0.000012  7.769913e+06  1.735807e+09

[1592 rows x 13 columns]
CHANNEL_3_7
           cbragg  cbragg_err   credchi  ...  cdelta_n            cL     timestamp
0     1549.699711    0.000088  0.000014  ...  0.000012  7.628522e+06  1.735791e+09
1     1549.710793    0.000087  0.000021  ...  0.000012  7.594958e+06  1.735791e+09
2     1549.699787    0.000090  0.000015  ...  0.000012  7.569477e+06  1.735791e+09
3     1549.710778    0.000087  0.000020  ...  0.000012  7.611429e+06  1.735791e+09
4     1549.699777    0.000087  0.000014  ...  0.000012  7.628052e+06  1.735791e+09
...           ...         ...       ...  ...       ...           ...           ...
1587  1549.710966    0.000087  0.000021  ...  0.000012  7.590865e+06  1.735807e+09
1588  1549.699885    0.000086  0.000014  ...  0.000012  7.634779e+06  1.735807e+09
1589  1549.711103    0.000088  0.000021  ...  0.000012  7.596681e+06  1.735807e+09
1590  1549.700005    0.000084  0.000013  ...  0.000012  7.638197e+06  1.735807e+09
1591  1549.710966    0.000085  0.000020  ...  0.000012  7.609668e+06  1.735807e+09

[1592 rows x 13 columns]
CHANNEL_3_8
           cbragg  cbragg_err   credchi  ...  cdelta_n            cL     timestamp
0     1550.662313    0.000088  0.000016  ...  0.000012  7.628763e+06  1.735791e+09
1     1550.660165    0.000094  0.000014  ...  0.000012  7.667706e+06  1.735791e+09
2     1550.662393    0.000090  0.000017  ...  0.000012  7.628476e+06  1.735791e+09
3     1550.660275    0.000095  0.000014  ...  0.000012  7.641615e+06  1.735791e+09
4     1550.662353    0.000090  0.000016  ...  0.000012  7.640129e+06  1.735791e+09
...           ...         ...       ...  ...       ...           ...           ...
1587  1550.660662    0.000094  0.000014  ...  0.000012  7.654664e+06  1.735807e+09
1588  1550.662684    0.000110  0.000024  ...  0.000012  7.401401e+06  1.735807e+09
1589  1550.660718    0.000147  0.000032  ...  0.000012  7.299564e+06  1.735807e+09
1590  1550.662667    0.000090  0.000017  ...  0.000012  7.583613e+06  1.735807e+09
1591  1550.660693    0.000095  0.000014  ...  0.000012  7.655480e+06  1.735807e+09

[1592 rows x 13 columns]
CHANNEL_3_9
           cbragg  cbragg_err   credchi  ...  cdelta_n            cL     timestamp
0     1551.652376    0.000300  0.000096  ...  0.000012  6.958092e+06  1.735791e+09
1     1551.662231    0.000090  0.000018  ...  0.000012  7.652569e+06  1.735791e+09
2     1551.652524    0.000091  0.000010  ...  0.000012  7.734818e+06  1.735791e+09
3     1551.662305    0.000090  0.000018  ...  0.000012  7.693987e+06  1.735791e+09
4     1551.652424    0.000092  0.000011  ...  0.000012  7.756514e+06  1.735791e+09
...           ...         ...       ...  ...       ...           ...           ...
1587  1551.662732    0.000091  0.000019  ...  0.000012  7.691413e+06  1.735807e+09
1588  1551.652771    0.000092  0.000011  ...  0.000012  7.705889e+06  1.735807e+09
1589  1551.662660    0.000091  0.000018  ...  0.000012  7.689782e+06  1.735807e+09
1590  1551.652900    0.000089  0.000010  ...  0.000012  7.769543e+06  1.735807e+09
1591  1551.662824    0.000090  0.000018  ...  0.000012  7.663095e+06  1.735807e+09

[1592 rows x 13 columns]
CHANNEL_3_10
           cbragg  cbragg_err   credchi  ...  cdelta_n            cL     timestamp
0     1552.666434    0.000121  0.000028  ...  0.000012  7.479856e+06  1.735791e+09
1     1552.663118    0.000110  0.000013  ...  0.000012  7.760623e+06  1.735791e+09
2     1552.666420    0.000103  0.000021  ...  0.000012  7.704412e+06  1.735791e+09
3     1552.663058    0.000112  0.000014  ...  0.000012  7.769663e+06  1.735791e+09
4     1552.666440    0.000102  0.000021  ...  0.000012  7.718391e+06  1.735791e+09
...           ...         ...       ...  ...       ...           ...           ...
1587  1552.663389    0.000110  0.000013  ...  0.000012  7.786653e+06  1.735807e+09
1588  1552.666834    0.000104  0.000022  ...  0.000012  7.713735e+06  1.735807e+09
1589  1552.663717    0.000114  0.000014  ...  0.000012  7.758604e+06  1.735807e+09
1590  1552.666838    0.000103  0.000021  ...  0.000012  7.708006e+06  1.735807e+09
1591  1552.663712    0.000114  0.000014  ...  0.000012  7.753372e+06  1.735807e+09

[1592 rows x 13 columns]
CHANNEL_3_11
           cbragg  cbragg_err   credchi  ...  cdelta_n            cL     timestamp
0     1553.629362    0.000132  0.000027  ...  0.000012  7.927815e+06  1.735791e+09
1     1553.633577    0.000132  0.000039  ...  0.000012  7.855145e+06  1.735791e+09
2     1553.629363    0.000131  0.000026  ...  0.000012  7.923825e+06  1.735791e+09
3     1553.633640    0.000129  0.000038  ...  0.000012  7.863333e+06  1.735791e+09
4     1553.629365    0.000134  0.000027  ...  0.000012  7.932300e+06  1.735791e+09
...           ...         ...       ...  ...       ...           ...           ...
1587  1553.634020    0.000131  0.000039  ...  0.000012  7.851094e+06  1.735807e+09
1588  1553.629891    0.000131  0.000026  ...  0.000012  7.916432e+06  1.735807e+09
1589  1553.634164    0.000129  0.000038  ...  0.000012  7.873389e+06  1.735807e+09
1590  1553.629957    0.000132  0.000026  ...  0.000012  7.935667e+06  1.735807e+09
1591  1553.634195    0.000130  0.000038  ...  0.000012  7.860055e+06  1.735807e+09

[1592 rows x 13 columns]
CHANNEL_3_12
           cbragg  cbragg_err   credchi  ...  cdelta_n            cL     timestamp
0     1554.608467    0.000126  0.000032  ...  0.000012  7.498457e+06  1.735791e+09
1     1554.607707    0.000105  0.000015  ...  0.000012  7.860826e+06  1.735791e+09
2     1554.608461    0.000096  0.000019  ...  0.000012  7.748607e+06  1.735791e+09
3     1554.607751    0.000104  0.000015  ...  0.000012  7.828888e+06  1.735791e+09
4     1554.608560    0.000096  0.000019  ...  0.000012  7.782675e+06  1.735791e+09
...           ...         ...       ...  ...       ...           ...           ...
1587  1554.608260    0.000106  0.000015  ...  0.000012  7.823570e+06  1.735807e+09
1588  1554.608991    0.000099  0.000020  ...  0.000012  7.775913e+06  1.735807e+09
1589  1554.608315    0.000106  0.000015  ...  0.000012  7.888279e+06  1.735807e+09
1590  1554.609037    0.000097  0.000019  ...  0.000012  7.768726e+06  1.735807e+09
1591  1554.608432    0.000104  0.000015  ...  0.000012  7.827307e+06  1.735807e+09

[1592 rows x 13 columns]
CHANNEL_3_13
           cbragg  cbragg_err   credchi  ...  cdelta_n            cL     timestamp
0     1555.610746    0.000088  0.000009  ...  0.000012  7.645032e+06  1.735791e+09
1     1555.619222    0.000088  0.000017  ...  0.000012  7.571286e+06  1.735791e+09
2     1555.610919    0.000087  0.000009  ...  0.000012  7.630223e+06  1.735791e+09
3     1555.619172    0.000088  0.000016  ...  0.000012  7.568436e+06  1.735791e+09
4     1555.610890    0.000087  0.000009  ...  0.000012  7.645309e+06  1.735791e+09
...           ...         ...       ...  ...       ...           ...           ...
1587  1555.619714    0.000086  0.000016  ...  0.000012  7.580250e+06  1.735807e+09
1588  1555.611290    0.000086  0.000009  ...  0.000012  7.663372e+06  1.735807e+09
1589  1555.619821    0.000088  0.000016  ...  0.000012  7.574075e+06  1.735807e+09
1590  1555.611526    0.000089  0.000010  ...  0.000012  7.633641e+06  1.735807e+09
1591  1555.619877    0.000088  0.000017  ...  0.000012  7.568358e+06  1.735807e+09

[1592 rows x 13 columns]
CHANNEL_3_14
           cbragg  cbragg_err   credchi  ...  cdelta_n            cL     timestamp
0     1556.571334    0.000188  0.000077  ...  0.000012  7.690929e+06  1.735791e+09
1     1556.568307    0.000187  0.000048  ...  0.000012  7.757359e+06  1.735791e+09
2     1556.571341    0.000186  0.000075  ...  0.000012  7.688594e+06  1.735791e+09
3     1556.568351    0.000186  0.000048  ...  0.000012  7.754277e+06  1.735791e+09
4     1556.571417    0.000186  0.000075  ...  0.000012  7.694725e+06  1.735791e+09
...           ...         ...       ...  ...       ...           ...           ...
1587  1556.568928    0.000184  0.000046  ...  0.000012  7.754961e+06  1.735807e+09
1588  1556.572002    0.000190  0.000079  ...  0.000012  7.681980e+06  1.735807e+09
1589  1556.569006    0.000185  0.000047  ...  0.000012  7.757440e+06  1.735807e+09
1590  1556.571916    0.000185  0.000075  ...  0.000012  7.688376e+06  1.735807e+09
1591  1556.568982    0.000186  0.000048  ...  0.000012  7.746058e+06  1.735807e+09

[1592 rows x 13 columns]
