000 (11451992.361.000) 01/28 14:31:49 Job submitted from host: <188.185.114.121:9618?addrs=188.185.114.121-9618+[2001-1458-d00-a--100-273]-9618&alias=bigbird19.cern.ch&noUDP&sock=schedd_2045_4743>
...
040 (11451992.361.000) 01/28 15:35:25 Started transferring input files
	Transferring to host: <128.142.161.143:9618?addrs=128.142.161.143-9618+[2001-1458-301-b9--100-c]-9618&alias=b9g03p2726.cern.ch&noUDP&sock=slot1_17_2119413_f082_55524>
...
040 (11451992.361.000) 01/28 15:35:25 Finished transferring input files
...
001 (11451992.361.000) 01/28 15:35:26 Job executing on host: <128.142.161.143:9618?addrs=128.142.161.143-9618+[2001-1458-301-b9--100-c]-9618&alias=b9g03p2726.cern.ch&noUDP&sock=startd_6216_3cc9>
	SlotName: slot1_17@b9g03p2726.cern.ch
	CondorScratchDir = "/pool/condor/dir_3667661"
	Cpus = 1
	Disk = 3881
	GPUs = 0
	Memory = 3000
...
006 (11451992.361.000) 01/28 15:35:35 Image size of job updated: 36404
	36  -  MemoryUsage of job (MB)
	36404  -  ResidentSetSize of job (KB)
...
006 (11451992.361.000) 01/28 15:40:36 Image size of job updated: 158820
	156  -  MemoryUsage of job (MB)
	158820  -  ResidentSetSize of job (KB)
...
006 (11451992.361.000) 01/28 15:45:36 Image size of job updated: 161588
	158  -  MemoryUsage of job (MB)
	161588  -  ResidentSetSize of job (KB)
...
006 (11451992.361.000) 01/28 15:50:36 Image size of job updated: 164364
	161  -  MemoryUsage of job (MB)
	164364  -  ResidentSetSize of job (KB)
...
006 (11451992.361.000) 01/28 15:55:37 Image size of job updated: 167620
	164  -  MemoryUsage of job (MB)
	167620  -  ResidentSetSize of job (KB)
...
006 (11451992.361.000) 01/28 16:00:38 Image size of job updated: 170776
	167  -  MemoryUsage of job (MB)
	170776  -  ResidentSetSize of job (KB)
...
006 (11451992.361.000) 01/28 16:05:38 Image size of job updated: 174428
	171  -  MemoryUsage of job (MB)
	174428  -  ResidentSetSize of job (KB)
...
006 (11451992.361.000) 01/28 16:10:39 Image size of job updated: 177940
	174  -  MemoryUsage of job (MB)
	177940  -  ResidentSetSize of job (KB)
...
006 (11451992.361.000) 01/28 16:15:40 Image size of job updated: 182044
	178  -  MemoryUsage of job (MB)
	182044  -  ResidentSetSize of job (KB)
...
006 (11451992.361.000) 01/28 16:20:40 Image size of job updated: 185172
	181  -  MemoryUsage of job (MB)
	185172  -  ResidentSetSize of job (KB)
...
006 (11451992.361.000) 01/28 16:25:41 Image size of job updated: 188200
	184  -  MemoryUsage of job (MB)
	188200  -  ResidentSetSize of job (KB)
...
006 (11451992.361.000) 01/28 16:30:42 Image size of job updated: 191996
	188  -  MemoryUsage of job (MB)
	191996  -  ResidentSetSize of job (KB)
...
006 (11451992.361.000) 01/28 16:35:42 Image size of job updated: 194756
	191  -  MemoryUsage of job (MB)
	194756  -  ResidentSetSize of job (KB)
...
006 (11451992.361.000) 01/28 16:40:42 Image size of job updated: 199476
	195  -  MemoryUsage of job (MB)
	199476  -  ResidentSetSize of job (KB)
...
006 (11451992.361.000) 01/28 16:45:43 Image size of job updated: 207288
	203  -  MemoryUsage of job (MB)
	207288  -  ResidentSetSize of job (KB)
...
006 (11451992.361.000) 01/28 16:50:43 Image size of job updated: 215044
	211  -  MemoryUsage of job (MB)
	215044  -  ResidentSetSize of job (KB)
...
006 (11451992.361.000) 01/28 16:55:43 Image size of job updated: 219736
	215  -  MemoryUsage of job (MB)
	219736  -  ResidentSetSize of job (KB)
...
006 (11451992.361.000) 01/28 17:00:44 Image size of job updated: 223624
	219  -  MemoryUsage of job (MB)
	223624  -  ResidentSetSize of job (KB)
...
006 (11451992.361.000) 01/28 17:05:45 Image size of job updated: 227172
	222  -  MemoryUsage of job (MB)
	227172  -  ResidentSetSize of job (KB)
...
006 (11451992.361.000) 01/28 17:10:45 Image size of job updated: 231128
	226  -  MemoryUsage of job (MB)
	231128  -  ResidentSetSize of job (KB)
...
006 (11451992.361.000) 01/28 17:15:46 Image size of job updated: 233788
	229  -  MemoryUsage of job (MB)
	233788  -  ResidentSetSize of job (KB)
...
006 (11451992.361.000) 01/28 17:20:47 Image size of job updated: 236508
	231  -  MemoryUsage of job (MB)
	236508  -  ResidentSetSize of job (KB)
...
006 (11451992.361.000) 01/28 17:25:47 Image size of job updated: 239124
	234  -  MemoryUsage of job (MB)
	239124  -  ResidentSetSize of job (KB)
...
006 (11451992.361.000) 01/28 17:30:47 Image size of job updated: 241960
	237  -  MemoryUsage of job (MB)
	241960  -  ResidentSetSize of job (KB)
...
006 (11451992.361.000) 01/28 17:35:48 Image size of job updated: 243980
	239  -  MemoryUsage of job (MB)
	243980  -  ResidentSetSize of job (KB)
...
006 (11451992.361.000) 01/28 17:40:48 Image size of job updated: 246756
	241  -  MemoryUsage of job (MB)
	246756  -  ResidentSetSize of job (KB)
...
006 (11451992.361.000) 01/28 17:45:48 Image size of job updated: 253396
	248  -  MemoryUsage of job (MB)
	253396  -  ResidentSetSize of job (KB)
...
006 (11451992.361.000) 01/28 17:50:50 Image size of job updated: 255148
	250  -  MemoryUsage of job (MB)
	255148  -  ResidentSetSize of job (KB)
...
006 (11451992.361.000) 01/28 17:55:50 Image size of job updated: 257408
	252  -  MemoryUsage of job (MB)
	257408  -  ResidentSetSize of job (KB)
...
006 (11451992.361.000) 01/28 18:00:50 Image size of job updated: 259628
	254  -  MemoryUsage of job (MB)
	259628  -  ResidentSetSize of job (KB)
...
006 (11451992.361.000) 01/28 18:05:51 Image size of job updated: 261600
	256  -  MemoryUsage of job (MB)
	261600  -  ResidentSetSize of job (KB)
...
006 (11451992.361.000) 01/28 18:10:52 Image size of job updated: 264284
	259  -  MemoryUsage of job (MB)
	264284  -  ResidentSetSize of job (KB)
...
006 (11451992.361.000) 01/28 18:15:52 Image size of job updated: 266204
	260  -  MemoryUsage of job (MB)
	266204  -  ResidentSetSize of job (KB)
...
040 (11451992.361.000) 01/28 18:16:49 Started transferring output files
...
040 (11451992.361.000) 01/28 18:16:49 Finished transferring output files
...
005 (11451992.361.000) 01/28 18:16:50 Job terminated.
	(1) Normal termination (return value 0)
		Usr 0 02:31:40, Sys 0 00:00:36  -  Run Remote Usage
		Usr 0 00:00:00, Sys 0 00:00:00  -  Run Local Usage
		Usr 0 02:31:40, Sys 0 00:00:36  -  Total Remote Usage
		Usr 0 00:00:00, Sys 0 00:00:00  -  Total Local Usage
	40692  -  Run Bytes Sent By Job
	5797  -  Run Bytes Received By Job
	40692  -  Total Bytes Sent By Job
	5797  -  Total Bytes Received By Job
	Partitionable Resources :    Usage  Request Allocated 
	   Cpus                 :     0.98        1         1 
	   Disk (KB)            :    68          10      3881 
	   GPUs                 :                           0 
	   Memory (MB)          :   260        3000      3000 

	Job terminated of its own accord at 2025-01-28T17:16:49Z with exit-code 0.
...
