CHANNEL_0_1
           cbragg  cbragg_err   credchi  ...  cdelta_n            cL     timestamp
0     1544.606808    0.000103  0.000046  ...  0.000012  7.703826e+06  1.736093e+09
1     1544.615102    0.000291  0.000057  ...  0.000012  7.700618e+06  1.736093e+09
2     1544.606754    0.000101  0.000048  ...  0.000012  7.715484e+06  1.736093e+09
3     1544.615168    0.000129  0.000057  ...  0.000012  7.699537e+06  1.736093e+09
4     1544.606871    0.000098  0.000046  ...  0.000012  7.718849e+06  1.736093e+09
...           ...         ...       ...  ...       ...           ...           ...
1587  1544.615038    0.000101  0.000057  ...  0.000012  7.704709e+06  1.736109e+09
1588  1544.606626    0.000100  0.000047  ...  0.000012  7.714479e+06  1.736109e+09
1589  1544.615058    0.000104  0.000057  ...  0.000012  7.702287e+06  1.736109e+09
1590  1544.606598    0.000101  0.000048  ...  0.000012  7.712903e+06  1.736109e+09
1591  1544.615048    0.000101  0.000056  ...  0.000012  7.708240e+06  1.736109e+09

[1592 rows x 13 columns]
CHANNEL_0_2
           cbragg  cbragg_err   credchi  ...  cdelta_n            cL     timestamp
0     1545.427753    0.000088  0.000018  ...  0.000012  7.692508e+06  1.736093e+09
1     1545.430038    0.000085  0.000019  ...  0.000012  7.690052e+06  1.736093e+09
2     1545.427774    0.000087  0.000017  ...  0.000012  7.707794e+06  1.736093e+09
3     1545.430104    0.000086  0.000019  ...  0.000012  7.685813e+06  1.736093e+09
4     1545.427862    0.000086  0.000017  ...  0.000012  7.697025e+06  1.736093e+09
...           ...         ...       ...  ...       ...           ...           ...
1587  1545.429546    0.000085  0.000018  ...  0.000012  7.691240e+06  1.736109e+09
1588  1545.427185    0.000088  0.000018  ...  0.000012  7.693567e+06  1.736109e+09
1589  1545.429526    0.000087  0.000019  ...  0.000012  7.702803e+06  1.736109e+09
1590  1545.427290    0.000086  0.000017  ...  0.000012  7.677318e+06  1.736109e+09
1591  1545.429657    0.000087  0.000020  ...  0.000012  7.691966e+06  1.736109e+09

[1592 rows x 13 columns]
CHANNEL_0_3
           cbragg  cbragg_err   credchi  ...  cdelta_n            cL     timestamp
0     1546.120160    0.000108  0.000039  ...  0.000012  7.661794e+06  1.736093e+09
1     1546.129242    0.000110  0.000055  ...  0.000012  7.625413e+06  1.736093e+09
2     1546.120431    0.000107  0.000039  ...  0.000012  7.690835e+06  1.736093e+09
3     1546.129491    0.000110  0.000055  ...  0.000012  7.661456e+06  1.736093e+09
4     1546.120388    0.000107  0.000038  ...  0.000012  7.668818e+06  1.736093e+09
...           ...         ...       ...  ...       ...           ...           ...
1587  1546.129112    0.000110  0.000055  ...  0.000012  7.677715e+06  1.736109e+09
1588  1546.120037    0.000108  0.000039  ...  0.000012  7.658682e+06  1.736109e+09
1589  1546.129224    0.000110  0.000056  ...  0.000012  7.677922e+06  1.736109e+09
1590  1546.120036    0.000112  0.000043  ...  0.000012  7.793433e+06  1.736109e+09
1591  1546.129303    0.000109  0.000054  ...  0.000012  7.665860e+06  1.736109e+09

[1592 rows x 13 columns]
CHANNEL_0_4
           cbragg  cbragg_err   credchi  ...  cdelta_n            cL     timestamp
0     1547.117415    0.000114  0.000047  ...  0.000012  7.865396e+06  1.736093e+09
1     1547.119864    0.000110  0.000050  ...  0.000012  7.867922e+06  1.736093e+09
2     1547.117416    0.000113  0.000046  ...  0.000012  7.859258e+06  1.736093e+09
3     1547.120003    0.000109  0.000050  ...  0.000012  7.863656e+06  1.736093e+09
4     1547.117446    0.000113  0.000046  ...  0.000012  7.856566e+06  1.736093e+09
...           ...         ...       ...  ...       ...           ...           ...
1587  1547.119663    0.000110  0.000050  ...  0.000012  7.860811e+06  1.736109e+09
1588  1547.117106    0.000112  0.000046  ...  0.000012  7.870766e+06  1.736109e+09
1589  1547.119609    0.000111  0.000052  ...  0.000012  7.861710e+06  1.736109e+09
1590  1547.117223    0.000113  0.000046  ...  0.000012  7.871854e+06  1.736109e+09
1591  1547.119798    0.000110  0.000051  ...  0.000012  7.861391e+06  1.736109e+09

[1592 rows x 13 columns]
CHANNEL_0_5
           cbragg  cbragg_err   credchi  ...  cdelta_n            cL     timestamp
0     1548.091362    0.000084  0.000036  ...  0.000012  7.736709e+06  1.736093e+09
1     1548.096365    0.000174  0.000135  ...  0.000012  8.092972e+06  1.736093e+09
2     1548.091342    0.000084  0.000036  ...  0.000012  7.741175e+06  1.736093e+09
3     1548.096421    0.000092  0.000037  ...  0.000012  7.731919e+06  1.736093e+09
4     1548.091352    0.000084  0.000036  ...  0.000012  7.734905e+06  1.736093e+09
...           ...         ...       ...  ...       ...           ...           ...
1587  1548.096186    0.000147  0.000095  ...  0.000012  8.003137e+06  1.736109e+09
1588  1548.091044    0.000099  0.000052  ...  0.000012  7.883988e+06  1.736109e+09
1589  1548.096145    0.000093  0.000038  ...  0.000012  7.737214e+06  1.736109e+09
1590  1548.091102    0.000084  0.000036  ...  0.000012  7.729370e+06  1.736109e+09
1591  1548.096229    0.000091  0.000036  ...  0.000012  7.740700e+06  1.736109e+09

[1592 rows x 13 columns]
CHANNEL_0_6
           cbragg  cbragg_err   credchi  ...  cdelta_n            cL     timestamp
0     1549.069095    0.000073  0.000021  ...  0.000012  7.600757e+06  1.736093e+09
1     1549.079423    0.000081  0.000045  ...  0.000012  7.495878e+06  1.736093e+09
2     1549.068990    0.000073  0.000021  ...  0.000012  7.593411e+06  1.736093e+09
3     1549.079389    0.000081  0.000045  ...  0.000012  7.496309e+06  1.736093e+09
4     1549.069023    0.000073  0.000021  ...  0.000012  7.596094e+06  1.736093e+09
...           ...         ...       ...  ...       ...           ...           ...
1587  1549.079021    0.000080  0.000044  ...  0.000012  7.490649e+06  1.736109e+09
1588  1549.068764    0.000084  0.000029  ...  0.000012  7.705604e+06  1.736109e+09
1589  1549.079131    0.000079  0.000042  ...  0.000012  7.496677e+06  1.736109e+09
1590  1549.068714    0.000076  0.000023  ...  0.000012  7.672379e+06  1.736109e+09
1591  1549.079063    0.000080  0.000043  ...  0.000012  7.490590e+06  1.736109e+09

[1592 rows x 13 columns]
CHANNEL_0_7
           cbragg  cbragg_err   credchi  ...  cdelta_n            cL     timestamp
0     1550.074389    0.000129  0.000050  ...  0.000012  7.596805e+06  1.736093e+09
1     1550.076893    0.000152  0.000077  ...  0.000012  7.857641e+06  1.736093e+09
2     1550.074300    0.000136  0.000057  ...  0.000012  7.707011e+06  1.736093e+09
3     1550.076816    0.000134  0.000059  ...  0.000012  7.738292e+06  1.736093e+09
4     1550.074418    0.000129  0.000050  ...  0.000012  7.579017e+06  1.736093e+09
...           ...         ...       ...  ...       ...           ...           ...
1587  1550.076508    0.000127  0.000052  ...  0.000012  7.598670e+06  1.736109e+09
1588  1550.073851    0.000129  0.000049  ...  0.000012  7.571079e+06  1.736109e+09
1589  1550.076589    0.000126  0.000051  ...  0.000012  7.611974e+06  1.736109e+09
1590  1550.073944    0.000130  0.000050  ...  0.000012  7.564016e+06  1.736109e+09
1591  1550.076545    0.000127  0.000052  ...  0.000012  7.608370e+06  1.736109e+09

[1592 rows x 13 columns]
CHANNEL_0_8
           cbragg  cbragg_err   credchi  ...  cdelta_n            cL     timestamp
0     1551.050297    0.000074  0.000017  ...  0.000012  7.596011e+06  1.736093e+09
1     1551.057527    0.000075  0.000020  ...  0.000012  7.598262e+06  1.736093e+09
2     1551.050260    0.000075  0.000017  ...  0.000012  7.598234e+06  1.736093e+09
3     1551.057490    0.000074  0.000019  ...  0.000012  7.599745e+06  1.736093e+09
4     1551.050351    0.000074  0.000017  ...  0.000012  7.603525e+06  1.736093e+09
...           ...         ...       ...  ...       ...           ...           ...
1587  1551.057665    0.000075  0.000020  ...  0.000012  7.609178e+06  1.736109e+09
1588  1551.050266    0.000075  0.000017  ...  0.000012  7.599368e+06  1.736109e+09
1589  1551.057674    0.000075  0.000020  ...  0.000012  7.593506e+06  1.736109e+09
1590  1551.050221    0.000074  0.000017  ...  0.000012  7.605162e+06  1.736109e+09
1591  1551.057616    0.000073  0.000019  ...  0.000012  7.599385e+06  1.736109e+09

[1592 rows x 13 columns]
CHANNEL_0_9
           cbragg  cbragg_err   credchi  ...  cdelta_n            cL     timestamp
0     1552.031633    0.000134  0.000034  ...  0.000012  7.415138e+06  1.736093e+09
1     1552.041487    0.000093  0.000033  ...  0.000012  7.667107e+06  1.736093e+09
2     1552.031713    0.000094  0.000018  ...  0.000012  7.719795e+06  1.736093e+09
3     1552.041355    0.000097  0.000036  ...  0.000012  7.737867e+06  1.736093e+09
4     1552.031622    0.000095  0.000018  ...  0.000012  7.710100e+06  1.736093e+09
...           ...         ...       ...  ...       ...           ...           ...
1587  1552.041566    0.000094  0.000033  ...  0.000012  7.637860e+06  1.736109e+09
1588  1552.031623    0.000090  0.000016  ...  0.000012  7.713070e+06  1.736109e+09
1589  1552.041497    0.000092  0.000032  ...  0.000012  7.653427e+06  1.736109e+09
1590  1552.031506    0.000094  0.000018  ...  0.000012  7.725340e+06  1.736109e+09
1591  1552.041437    0.000092  0.000032  ...  0.000012  7.656827e+06  1.736109e+09

[1592 rows x 13 columns]
CHANNEL_0_10
           cbragg  cbragg_err   credchi  ...  cdelta_n            cL     timestamp
0     1553.042298    0.000086  0.000019  ...  0.000012  7.695397e+06  1.736093e+09
1     1553.042978    0.000090  0.000017  ...  0.000012  7.722156e+06  1.736093e+09
2     1553.042290    0.000087  0.000019  ...  0.000012  7.706000e+06  1.736093e+09
3     1553.043121    0.000086  0.000015  ...  0.000012  7.728817e+06  1.736093e+09
4     1553.042318    0.000086  0.000019  ...  0.000012  7.692361e+06  1.736093e+09
...           ...         ...       ...  ...       ...           ...           ...
1587  1553.043073    0.000088  0.000016  ...  0.000012  7.742163e+06  1.736109e+09
1588  1553.042288    0.000088  0.000020  ...  0.000012  7.700827e+06  1.736109e+09
1589  1553.043056    0.000091  0.000017  ...  0.000012  7.722323e+06  1.736109e+09
1590  1553.042242    0.000087  0.000019  ...  0.000012  7.678683e+06  1.736109e+09
1591  1553.043062    0.000088  0.000016  ...  0.000012  7.721417e+06  1.736109e+09

[1592 rows x 13 columns]
CHANNEL_0_11
           cbragg  cbragg_err   credchi  ...  cdelta_n            cL     timestamp
0     1554.046956    0.000073  0.000009  ...  0.000012  7.657573e+06  1.736093e+09
1     1554.056277    0.000068  0.000014  ...  0.000012  7.677091e+06  1.736093e+09
2     1554.047098    0.000070  0.000008  ...  0.000012  7.707718e+06  1.736093e+09
3     1554.056409    0.000069  0.000014  ...  0.000012  7.675681e+06  1.736093e+09
4     1554.047003    0.000071  0.000008  ...  0.000012  7.673876e+06  1.736093e+09
...           ...         ...       ...  ...       ...           ...           ...
1587  1554.056425    0.000068  0.000014  ...  0.000012  7.681598e+06  1.736109e+09
1588  1554.047080    0.000070  0.000008  ...  0.000012  7.726108e+06  1.736109e+09
1589  1554.056436    0.000068  0.000014  ...  0.000012  7.673787e+06  1.736109e+09
1590  1554.047019    0.000069  0.000008  ...  0.000012  7.719422e+06  1.736109e+09
1591  1554.056385    0.000069  0.000014  ...  0.000012  7.686365e+06  1.736109e+09

[1592 rows x 13 columns]
CHANNEL_0_12
           cbragg  cbragg_err   credchi  ...  cdelta_n            cL     timestamp
0     1555.075084    0.000136  0.000068  ...  0.000012  7.585686e+06  1.736093e+09
1     1555.077350    0.000123  0.000054  ...  0.000012  7.492198e+06  1.736093e+09
2     1555.075043    0.000125  0.000056  ...  0.000012  7.476904e+06  1.736093e+09
3     1555.077355    0.000119  0.000051  ...  0.000012  7.487805e+06  1.736093e+09
4     1555.075092    0.000126  0.000058  ...  0.000012  7.523540e+06  1.736093e+09
...           ...         ...       ...  ...       ...           ...           ...
1587  1555.077466    0.000121  0.000052  ...  0.000012  7.511088e+06  1.736109e+09
1588  1555.075215    0.000122  0.000053  ...  0.000012  7.460015e+06  1.736109e+09
1589  1555.077440    0.000123  0.000055  ...  0.000012  7.536727e+06  1.736109e+09
1590  1555.075302    0.000125  0.000056  ...  0.000012  7.467490e+06  1.736109e+09
1591  1555.077428    0.000122  0.000054  ...  0.000012  7.495799e+06  1.736109e+09

[1592 rows x 13 columns]
CHANNEL_0_13
           cbragg  cbragg_err   credchi  ...  cdelta_n            cL     timestamp
0     1556.046888    0.000142  0.000038  ...  0.000012  7.673011e+06  1.736093e+09
1     1556.055396    0.000136  0.000046  ...  0.000012  7.692930e+06  1.736093e+09
2     1556.046957    0.000143  0.000038  ...  0.000012  7.669695e+06  1.736093e+09
3     1556.055445    0.000138  0.000047  ...  0.000012  7.684598e+06  1.736093e+09
4     1556.046894    0.000144  0.000039  ...  0.000012  7.676997e+06  1.736093e+09
...           ...         ...       ...  ...       ...           ...           ...
1587  1556.055627    0.000136  0.000047  ...  0.000012  7.692588e+06  1.736109e+09
1588  1556.047031    0.000139  0.000036  ...  0.000012  7.684401e+06  1.736109e+09
1589  1556.055665    0.000136  0.000046  ...  0.000012  7.687635e+06  1.736109e+09
1590  1556.047113    0.000140  0.000036  ...  0.000012  7.675169e+06  1.736109e+09
1591  1556.055682    0.000138  0.000047  ...  0.000012  7.665911e+06  1.736109e+09

[1592 rows x 13 columns]
CHANNEL_0_14
           cbragg  cbragg_err   credchi  ...  cdelta_n            cL     timestamp
0     1557.019490    0.000107  0.000035  ...  0.000012  7.770265e+06  1.736093e+09
1     1557.024306    0.000105  0.000042  ...  0.000012  7.643949e+06  1.736093e+09
2     1557.019546    0.000101  0.000031  ...  0.000012  7.668365e+06  1.736093e+09
3     1557.024348    0.000104  0.000041  ...  0.000012  7.620290e+06  1.736093e+09
4     1557.019613    0.000100  0.000031  ...  0.000012  7.667780e+06  1.736093e+09
...           ...         ...       ...  ...       ...           ...           ...
1587  1557.024425    0.000105  0.000042  ...  0.000012  7.611830e+06  1.736109e+09
1588  1557.019745    0.000154  0.000072  ...  0.000012  7.881767e+06  1.736109e+09
1589  1557.024460    0.000122  0.000059  ...  0.000012  7.784150e+06  1.736109e+09
1590  1557.019633    0.000102  0.000031  ...  0.000012  7.649808e+06  1.736109e+09
1591  1557.024445    0.000103  0.000040  ...  0.000012  7.618952e+06  1.736109e+09

[1592 rows x 13 columns]
CHANNEL_1_1
           cbragg  cbragg_err   credchi  ...  cdelta_n            cL     timestamp
0     1556.150763    0.000250  0.000053  ...  0.000012  2.548371e+06  1.736093e+09
1     1556.150064    0.000072  0.000005  ...  0.000012  2.685016e+06  1.736093e+09
2     1556.150316    0.000902  0.001426  ...  0.000012  3.301544e+06  1.736093e+09
3     1556.149482    0.000085  0.000006  ...  0.000012  2.648397e+06  1.736093e+09
4     1556.150225    0.000108  0.000012  ...  0.000012  2.726133e+06  1.736093e+09
...           ...         ...       ...  ...       ...           ...           ...
1587  1556.149095    0.000204  0.000033  ...  0.000012  2.563920e+06  1.736109e+09
1588  1556.149470    0.000093  0.000008  ...  0.000012  2.643469e+06  1.736109e+09
1589  1556.148739    0.000073  0.000005  ...  0.000012  2.672144e+06  1.736109e+09
1590  1556.149656    0.000252  0.000054  ...  0.000012  2.542009e+06  1.736109e+09
1591  1556.147844    0.000800  0.000897  ...  0.000012  3.160095e+06  1.736109e+09

[1592 rows x 13 columns]
CHANNEL_1_2
           cbragg  cbragg_err   credchi  ...  cdelta_n            cL     timestamp
0     1558.203061    0.000124  0.000022  ...  0.000012  2.790734e+06  1.736093e+09
1     1558.205769    0.000306  0.000121  ...  0.000012  2.650746e+06  1.736093e+09
2     1558.203167    0.000473  0.000247  ...  0.000012  2.557951e+06  1.736093e+09
3     1558.205587    0.000116  0.000020  ...  0.000012  2.785937e+06  1.736093e+09
4     1558.202764    0.001003  0.002670  ...  0.000012  3.542024e+06  1.736093e+09
...           ...         ...       ...  ...       ...           ...           ...
1587  1558.205726    0.000335  0.000144  ...  0.000012  2.640542e+06  1.736109e+09
1588  1558.204075    0.000137  0.000027  ...  0.000012  2.797552e+06  1.736109e+09
1589  1558.205769    0.000194  0.000052  ...  0.000012  2.711306e+06  1.736109e+09
1590  1558.203209    0.000127  0.000023  ...  0.000012  2.797030e+06  1.736109e+09
1591  1558.205701    0.000219  0.000064  ...  0.000012  2.690340e+06  1.736109e+09

[1592 rows x 13 columns]
CHANNEL_1_3
           cbragg  cbragg_err   credchi  ...  cdelta_n            cL     timestamp
0     1561.019993    0.000665  0.000925  ...  0.000012  3.304440e+06  1.736093e+09
1     1561.016782    0.000161  0.000042  ...  0.000012  2.890905e+06  1.736093e+09
2     1561.020389    0.000044  0.000003  ...  0.000012  2.936745e+06  1.736093e+09
3     1561.016984    0.000045  0.000003  ...  0.000012  2.929942e+06  1.736093e+09
4     1561.020312    0.000047  0.000004  ...  0.000012  2.924723e+06  1.736093e+09
...           ...         ...       ...  ...       ...           ...           ...
1587  1561.016913    0.000047  0.000004  ...  0.000012  2.904818e+06  1.736109e+09
1588  1561.020542    0.000041  0.000003  ...  0.000012  2.942192e+06  1.736109e+09
1589  1561.017148    0.000045  0.000003  ...  0.000012  2.916419e+06  1.736109e+09
1590  1561.020379    0.000048  0.000004  ...  0.000012  2.913859e+06  1.736109e+09
1591  1561.017042    0.000058  0.000005  ...  0.000012  2.905604e+06  1.736109e+09

[1592 rows x 13 columns]
CHANNEL_2_1
           cbragg  cbragg_err   credchi  ...  cdelta_n            cL     timestamp
0     1543.569882    0.011475  0.004760  ...  0.000012  1.116229e+06  1.736093e+09
1     1543.570117    0.011484  0.004757  ...  0.000012  1.115423e+06  1.736093e+09
2     1543.569438    0.011470  0.004775  ...  0.000012  1.116544e+06  1.736093e+09
3     1543.567010    0.011672  0.004754  ...  0.000012  1.115502e+06  1.736093e+09
4     1543.566120    0.011768  0.004771  ...  0.000012  1.116566e+06  1.736093e+09
...           ...         ...       ...  ...       ...           ...           ...
1587  1543.576774    0.011981  0.004769  ...  0.000012  1.116981e+06  1.736109e+09
1588  1543.581898    0.012621  0.004753  ...  0.000012  1.118512e+06  1.736109e+09
1589  1543.575293    0.011919  0.004766  ...  0.000012  1.116997e+06  1.736109e+09
1590  1543.577064    0.012173  0.004770  ...  0.000012  1.117616e+06  1.736109e+09
1591  1543.573680         NaN  0.003361  ...  0.000012  1.504631e+06  1.736109e+09

[1592 rows x 13 columns]
CHANNEL_2_2
           cbragg  cbragg_err   credchi  ...  cdelta_n            cL     timestamp
0     1545.928916    0.000726  0.000627  ...  0.000012  3.078342e+06  1.736093e+09
1     1545.930003    0.000905  0.001243  ...  0.000012  3.313579e+06  1.736093e+09
2     1545.929866    0.000134  0.000015  ...  0.000012  2.683224e+06  1.736093e+09
3     1545.929855    0.000971  0.001476  ...  0.000012  3.362966e+06  1.736093e+09
4     1545.928385    0.000915  0.001238  ...  0.000012  3.299742e+06  1.736093e+09
...           ...         ...       ...  ...       ...           ...           ...
1587  1545.930428    0.000684  0.000605  ...  0.000012  3.119868e+06  1.736109e+09
1588  1545.928763    0.000812  0.000892  ...  0.000012  3.200847e+06  1.736109e+09
1589  1545.930432    0.000726  0.000638  ...  0.000012  3.091340e+06  1.736109e+09
1590  1545.930226    0.000134  0.000015  ...  0.000012  2.654675e+06  1.736109e+09
1591  1545.931551    0.000130  0.000014  ...  0.000012  2.675850e+06  1.736109e+09

[1592 rows x 13 columns]
CHANNEL_2_3
           cbragg  cbragg_err   credchi  ...  cdelta_n            cL     timestamp
0     1548.530012    0.000353  0.000155  ...  0.000012  3.049437e+06  1.736093e+09
1     1548.530427    0.000216  0.000047  ...  0.000012  2.785739e+06  1.736093e+09
2     1548.529393    0.000090  0.000009  ...  0.000012  2.886683e+06  1.736093e+09
3     1548.531103    0.000201  0.000049  ...  0.000012  3.019326e+06  1.736093e+09
4     1548.529826    0.000292  0.000109  ...  0.000012  3.061370e+06  1.736093e+09
...           ...         ...       ...  ...       ...           ...           ...
1587  1548.531394    0.000803  0.001106  ...  0.000012  3.446932e+06  1.736109e+09
1588  1548.529786    0.000502  0.000388  ...  0.000012  3.244104e+06  1.736109e+09
1589  1548.531434    0.000741  0.000969  ...  0.000012  3.438790e+06  1.736109e+09
1590  1548.529336    0.000092  0.000009  ...  0.000012  2.866364e+06  1.736109e+09
1591  1548.530531    0.000172  0.000030  ...  0.000012  2.803360e+06  1.736109e+09

[1592 rows x 13 columns]
CHANNEL_3_1
           cbragg  cbragg_err   credchi  ...  cdelta_n            cL     timestamp
0     1544.119657    0.000114  0.000029  ...  0.000012  7.752656e+06  1.736093e+09
1     1544.118132    0.000125  0.000021  ...  0.000012  7.797779e+06  1.736093e+09
2     1544.119685    0.000111  0.000028  ...  0.000012  7.751925e+06  1.736093e+09
3     1544.118342    0.000121  0.000021  ...  0.000012  7.797872e+06  1.736093e+09
4     1544.119739    0.000116  0.000027  ...  0.000012  7.759705e+06  1.736093e+09
...           ...         ...       ...  ...       ...           ...           ...
1587  1544.118018    0.000121  0.000021  ...  0.000012  7.801855e+06  1.736109e+09
1588  1544.119434    0.000112  0.000028  ...  0.000012  7.748771e+06  1.736109e+09
1589  1544.118053    0.000118  0.000020  ...  0.000012  7.779850e+06  1.736109e+09
1590  1544.119403    0.000173  0.000029  ...  0.000012  7.753521e+06  1.736109e+09
1591  1544.118000    0.000120  0.000020  ...  0.000012  7.783346e+06  1.736109e+09

[1592 rows x 13 columns]
CHANNEL_3_2
           cbragg  cbragg_err   credchi  ...  cdelta_n            cL     timestamp
0     1545.002344    0.000154  0.000022  ...  0.000012  7.914196e+06  1.736093e+09
1     1545.012767    0.000196  0.000037  ...  0.000012  7.854273e+06  1.736093e+09
2     1545.002375    0.000131  0.000022  ...  0.000012  7.936700e+06  1.736093e+09
3     1545.012787    0.000110  0.000039  ...  0.000012  7.848744e+06  1.736093e+09
4     1545.002394    0.000112  0.000023  ...  0.000012  7.916909e+06  1.736093e+09
...           ...         ...       ...  ...       ...           ...           ...
1587  1545.012368    0.000107  0.000038  ...  0.000012  7.848688e+06  1.736109e+09
1588  1545.001725    0.000133  0.000023  ...  0.000012  7.921774e+06  1.736109e+09
1589  1545.012312    0.000232  0.000038  ...  0.000012  7.854538e+06  1.736109e+09
1590  1545.001770    0.000163  0.000024  ...  0.000012  7.931294e+06  1.736109e+09
1591  1545.012344    0.000112  0.000038  ...  0.000012  7.853519e+06  1.736109e+09

[1592 rows x 13 columns]
CHANNEL_3_3
           cbragg  cbragg_err   credchi  ...  cdelta_n            cL     timestamp
0     1545.707643    0.000110  0.000034  ...  0.000012  7.566463e+06  1.736093e+09
1     1545.711588    0.000115  0.000029  ...  0.000012  7.620667e+06  1.736093e+09
2     1545.708012    0.000114  0.000036  ...  0.000012  7.592837e+06  1.736093e+09
3     1545.712171    0.000113  0.000028  ...  0.000012  7.628002e+06  1.736093e+09
4     1545.707608    0.000108  0.000033  ...  0.000012  7.587278e+06  1.736093e+09
...           ...         ...       ...  ...       ...           ...           ...
1587  1545.711698    0.000110  0.000027  ...  0.000012  7.625555e+06  1.736109e+09
1588  1545.707672    0.000110  0.000033  ...  0.000012  7.575462e+06  1.736109e+09
1589  1545.711715    0.000117  0.000030  ...  0.000012  7.635095e+06  1.736109e+09
1590  1545.707384    0.000113  0.000036  ...  0.000012  7.563946e+06  1.736109e+09
1591  1545.711214    0.000111  0.000027  ...  0.000012  7.631120e+06  1.736109e+09

[1592 rows x 13 columns]
CHANNEL_3_4
           cbragg  cbragg_err   credchi  ...  cdelta_n            cL     timestamp
0     1546.678846    0.000096  0.000018  ...  0.000012  7.735933e+06  1.736093e+09
1     1546.686032    0.000095  0.000026  ...  0.000012  7.753669e+06  1.736093e+09
2     1546.678860    0.000097  0.000018  ...  0.000012  7.792181e+06  1.736093e+09
3     1546.686139    0.000096  0.000026  ...  0.000012  7.731129e+06  1.736093e+09
4     1546.678863    0.000098  0.000018  ...  0.000012  7.792726e+06  1.736093e+09
...           ...         ...       ...  ...       ...           ...           ...
1587  1546.685835    0.000096  0.000026  ...  0.000012  7.767530e+06  1.736109e+09
1588  1546.678445    0.000095  0.000017  ...  0.000012  7.807761e+06  1.736109e+09
1589  1546.685784    0.000094  0.000025  ...  0.000012  7.744747e+06  1.736109e+09
1590  1546.678611    0.000095  0.000017  ...  0.000012  7.786520e+06  1.736109e+09
1591  1546.685888    0.000094  0.000025  ...  0.000012  7.755095e+06  1.736109e+09

[1592 rows x 13 columns]
CHANNEL_3_5
           cbragg  cbragg_err   credchi  ...  cdelta_n            cL     timestamp
0     1547.696941    0.000079  0.000015  ...  0.000012  7.606714e+06  1.736093e+09
1     1547.705928    0.000078  0.000014  ...  0.000012  7.635929e+06  1.736093e+09
2     1547.696960    0.000079  0.000015  ...  0.000012  7.600615e+06  1.736093e+09
3     1547.705961    0.000079  0.000015  ...  0.000012  7.634105e+06  1.736093e+09
4     1547.696979    0.000079  0.000015  ...  0.000012  7.605056e+06  1.736093e+09
...           ...         ...       ...  ...       ...           ...           ...
1587  1547.705689    0.000079  0.000015  ...  0.000012  7.634874e+06  1.736109e+09
1588  1547.696683    0.000078  0.000014  ...  0.000012  7.610041e+06  1.736109e+09
1589  1547.705665    0.000079  0.000015  ...  0.000012  7.634088e+06  1.736109e+09
1590  1547.696694    0.000078  0.000014  ...  0.000012  7.605819e+06  1.736109e+09
1591  1547.705662    0.000079  0.000015  ...  0.000012  7.635714e+06  1.736109e+09

[1592 rows x 13 columns]
CHANNEL_3_6
           cbragg  cbragg_err   credchi  ...  cdelta_n            cL     timestamp
0     1548.686020    0.000086  0.000018  ...  0.000012  7.743509e+06  1.736093e+09
1     1548.689851    0.000084  0.000018  ...  0.000012  7.753252e+06  1.736093e+09
2     1548.685995    0.000084  0.000017  ...  0.000012  7.731613e+06  1.736093e+09
3     1548.690001    0.000083  0.000017  ...  0.000012  7.754259e+06  1.736093e+09
4     1548.686019    0.000085  0.000017  ...  0.000012  7.725457e+06  1.736093e+09
...           ...         ...       ...  ...       ...           ...           ...
1587  1548.689675    0.000083  0.000017  ...  0.000012  7.759166e+06  1.736109e+09
1588  1548.685813    0.000085  0.000017  ...  0.000012  7.740687e+06  1.736109e+09
1589  1548.689689    0.000081  0.000017  ...  0.000012  7.760513e+06  1.736109e+09
1590  1548.685753    0.000087  0.000018  ...  0.000012  7.734712e+06  1.736109e+09
1591  1548.689652    0.000083  0.000017  ...  0.000012  7.757757e+06  1.736109e+09

[1592 rows x 13 columns]
CHANNEL_3_7
           cbragg  cbragg_err   credchi  ...  cdelta_n            cL     timestamp
0     1549.701078    0.000084  0.000014  ...  0.000012  7.662941e+06  1.736093e+09
1     1549.712985    0.000088  0.000022  ...  0.000012  7.609986e+06  1.736093e+09
2     1549.701027    0.000085  0.000014  ...  0.000012  7.650675e+06  1.736093e+09
3     1549.712822    0.000117  0.000041  ...  0.000012  7.847014e+06  1.736093e+09
4     1549.701066    0.000095  0.000017  ...  0.000012  7.470769e+06  1.736093e+09
...           ...         ...       ...  ...       ...           ...           ...
1587  1549.712593    0.000084  0.000020  ...  0.000012  7.609349e+06  1.736109e+09
1588  1549.700854    0.000083  0.000014  ...  0.000012  7.655390e+06  1.736109e+09
1589  1549.712664    0.000084  0.000020  ...  0.000012  7.620750e+06  1.736109e+09
1590  1549.700833    0.000082  0.000013  ...  0.000012  7.666600e+06  1.736109e+09
1591  1549.712648    0.000085  0.000020  ...  0.000012  7.618165e+06  1.736109e+09

[1592 rows x 13 columns]
CHANNEL_3_8
           cbragg  cbragg_err   credchi  ...  cdelta_n            cL     timestamp
0     1550.662377    0.000089  0.000016  ...  0.000012  7.634671e+06  1.736093e+09
1     1550.661520    0.000093  0.000014  ...  0.000012  7.643238e+06  1.736093e+09
2     1550.662482    0.000090  0.000017  ...  0.000012  7.624766e+06  1.736093e+09
3     1550.661600    0.000095  0.000015  ...  0.000012  7.641932e+06  1.736093e+09
4     1550.662576    0.000092  0.000017  ...  0.000012  7.620882e+06  1.736093e+09
...           ...         ...       ...  ...       ...           ...           ...
1587  1550.661680    0.000141  0.000030  ...  0.000012  7.314710e+06  1.736109e+09
1588  1550.662656    0.000089  0.000017  ...  0.000012  7.588553e+06  1.736109e+09
1589  1550.661719    0.000095  0.000015  ...  0.000012  7.597192e+06  1.736109e+09
1590  1550.662619    0.000092  0.000017  ...  0.000012  7.570486e+06  1.736109e+09
1591  1550.661654    0.000094  0.000015  ...  0.000012  7.653978e+06  1.736109e+09

[1592 rows x 13 columns]
CHANNEL_3_9
           cbragg  cbragg_err   credchi  ...  cdelta_n            cL     timestamp
0     1551.652867    0.000089  0.000011  ...  0.000012  7.772002e+06  1.736093e+09
1     1551.663387    0.000089  0.000018  ...  0.000012  7.715932e+06  1.736093e+09
2     1551.652867    0.000089  0.000011  ...  0.000012  7.797868e+06  1.736093e+09
3     1551.663424    0.000088  0.000018  ...  0.000012  7.710432e+06  1.736093e+09
4     1551.652987    0.000088  0.000010  ...  0.000012  7.788911e+06  1.736093e+09
...           ...         ...       ...  ...       ...           ...           ...
1587  1551.663529    0.000087  0.000018  ...  0.000012  7.712547e+06  1.736109e+09
1588  1551.653086    0.000088  0.000010  ...  0.000012  7.793773e+06  1.736109e+09
1589  1551.663543    0.000087  0.000018  ...  0.000012  7.720731e+06  1.736109e+09
1590  1551.652964    0.000088  0.000010  ...  0.000012  7.779182e+06  1.736109e+09
1591  1551.663406    0.000087  0.000018  ...  0.000012  7.725913e+06  1.736109e+09

[1592 rows x 13 columns]
CHANNEL_3_10
           cbragg  cbragg_err   credchi  ...  cdelta_n            cL     timestamp
0     1552.667113    0.000104  0.000022  ...  0.000012  7.703202e+06  1.736093e+09
1     1552.664603    0.000112  0.000014  ...  0.000012  7.742069e+06  1.736093e+09
2     1552.667206    0.000103  0.000022  ...  0.000012  7.717620e+06  1.736093e+09
3     1552.664643    0.000115  0.000015  ...  0.000012  7.766885e+06  1.736093e+09
4     1552.667112    0.000107  0.000023  ...  0.000012  7.696065e+06  1.736093e+09
...           ...         ...       ...  ...       ...           ...           ...
1587  1552.664720    0.000111  0.000014  ...  0.000012  7.769038e+06  1.736109e+09
1588  1552.667229    0.000105  0.000023  ...  0.000012  7.710674e+06  1.736109e+09
1589  1552.664818    0.000110  0.000014  ...  0.000012  7.748672e+06  1.736109e+09
1590  1552.667105    0.000104  0.000022  ...  0.000012  7.720330e+06  1.736109e+09
1591  1552.664556    0.000115  0.000015  ...  0.000012  7.764285e+06  1.736109e+09

[1592 rows x 13 columns]
CHANNEL_3_11
           cbragg  cbragg_err   credchi  ...  cdelta_n            cL     timestamp
0     1553.630277    0.000133  0.000028  ...  0.000012  7.939947e+06  1.736093e+09
1     1553.634310    0.000131  0.000040  ...  0.000012  7.868582e+06  1.736093e+09
2     1553.630338    0.000132  0.000027  ...  0.000012  7.927304e+06  1.736093e+09
3     1553.634475    0.000131  0.000039  ...  0.000012  7.873403e+06  1.736093e+09
4     1553.630320    0.000134  0.000028  ...  0.000012  7.927515e+06  1.736093e+09
...           ...         ...       ...  ...       ...           ...           ...
1587  1553.634541    0.000129  0.000039  ...  0.000012  7.875658e+06  1.736109e+09
1588  1553.630349    0.000133  0.000028  ...  0.000012  7.938470e+06  1.736109e+09
1589  1553.634589    0.000153  0.000053  ...  0.000012  7.618188e+06  1.736109e+09
1590  1553.630343    0.000134  0.000028  ...  0.000012  7.930699e+06  1.736109e+09
1591  1553.634413    0.000132  0.000040  ...  0.000012  7.865294e+06  1.736109e+09

[1592 rows x 13 columns]
CHANNEL_3_12
           cbragg  cbragg_err   credchi  ...  cdelta_n            cL     timestamp
0     1554.609539    0.000099  0.000021  ...  0.000012  7.764369e+06  1.736093e+09
1     1554.609876    0.000105  0.000016  ...  0.000012  7.825822e+06  1.736093e+09
2     1554.609532    0.000099  0.000021  ...  0.000012  7.766834e+06  1.736093e+09
3     1554.609838    0.000105  0.000016  ...  0.000012  7.814587e+06  1.736093e+09
4     1554.609683    0.000133  0.000036  ...  0.000012  7.460912e+06  1.736093e+09
...           ...         ...       ...  ...       ...           ...           ...
1587  1554.609995    0.000103  0.000015  ...  0.000012  7.839058e+06  1.736109e+09
1588  1554.609745    0.000098  0.000021  ...  0.000012  7.764371e+06  1.736109e+09
1589  1554.609929    0.000103  0.000016  ...  0.000012  7.822644e+06  1.736109e+09
1590  1554.609771    0.000097  0.000020  ...  0.000012  7.744992e+06  1.736109e+09
1591  1554.609994    0.000104  0.000016  ...  0.000012  7.811731e+06  1.736109e+09

[1592 rows x 13 columns]
CHANNEL_3_13
           cbragg  cbragg_err   credchi  ...  cdelta_n            cL     timestamp
0     1555.612509    0.000090  0.000010  ...  0.000012  7.594260e+06  1.736093e+09
1     1555.620339    0.000090  0.000018  ...  0.000012  7.566044e+06  1.736093e+09
2     1555.612515    0.000090  0.000010  ...  0.000012  7.612127e+06  1.736093e+09
3     1555.620379    0.000088  0.000017  ...  0.000012  7.570934e+06  1.736093e+09
4     1555.612495    0.000090  0.000010  ...  0.000012  7.609103e+06  1.736093e+09
...           ...         ...       ...  ...       ...           ...           ...
1587  1555.620271    0.000091  0.000018  ...  0.000012  7.560704e+06  1.736109e+09
1588  1555.612452    0.000090  0.000010  ...  0.000012  7.623860e+06  1.736109e+09
1589  1555.620428    0.000089  0.000017  ...  0.000012  7.568766e+06  1.736109e+09
1590  1555.612548    0.000089  0.000010  ...  0.000012  7.613213e+06  1.736109e+09
1591  1555.620393    0.000089  0.000017  ...  0.000012  7.561280e+06  1.736109e+09

[1592 rows x 13 columns]
CHANNEL_3_14
           cbragg  cbragg_err   credchi  ...  cdelta_n            cL     timestamp
0     1556.572247    0.000189  0.000082  ...  0.000012  7.680834e+06  1.736093e+09
1     1556.570390    0.000193  0.000054  ...  0.000012  7.749072e+06  1.736093e+09
2     1556.572294    0.000196  0.000088  ...  0.000012  7.692200e+06  1.736093e+09
3     1556.570416    0.000194  0.000055  ...  0.000012  7.753251e+06  1.736093e+09
4     1556.572422    0.000206  0.000094  ...  0.000012  7.449398e+06  1.736093e+09
...           ...         ...       ...  ...       ...           ...           ...
1587  1556.570475    0.000192  0.000053  ...  0.000012  7.762591e+06  1.736109e+09
1588  1556.572503    0.000198  0.000088  ...  0.000012  7.518611e+06  1.736109e+09
1589  1556.570523    0.000192  0.000053  ...  0.000012  7.751078e+06  1.736109e+09
1590  1556.572338    0.000188  0.000081  ...  0.000012  7.689322e+06  1.736109e+09
1591  1556.570516    0.000313  0.000122  ...  0.000012  7.056170e+06  1.736109e+09

[1592 rows x 13 columns]
