CHANNEL_0_1
           cbragg  cbragg_err   credchi  ...  cdelta_n            cL     timestamp
0     1544.648897    0.000302  0.000063  ...  0.000012  7.711084e+06  1.734378e+09
1     1544.648883    0.000261  0.000063  ...  0.000012  7.710206e+06  1.734378e+09
2     1544.648929    0.000103  0.000062  ...  0.000012  7.711539e+06  1.734378e+09
3     1544.648865    0.000103  0.000065  ...  0.000012  7.699784e+06  1.734378e+09
4     1544.648969    0.000100  0.000062  ...  0.000012  7.709062e+06  1.734378e+09
...           ...         ...       ...  ...       ...           ...           ...
1587  1544.641072    0.000100  0.000061  ...  0.000012  7.714066e+06  1.734394e+09
1588  1544.640939    0.000107  0.000062  ...  0.000012  7.700015e+06  1.734394e+09
1589  1544.641017    0.000145  0.000063  ...  0.000012  7.706088e+06  1.734394e+09
1590  1544.640991    0.000137  0.000062  ...  0.000012  7.695216e+06  1.734394e+09
1591  1544.640998    0.000103  0.000062  ...  0.000012  7.703550e+06  1.734394e+09

[1592 rows x 13 columns]
CHANNEL_0_2
           cbragg  cbragg_err   credchi  ...  cdelta_n            cL     timestamp
0     1545.476362    0.000101  0.000020  ...  0.000012  7.631988e+06  1.734378e+09
1     1545.476261    0.000141  0.000037  ...  0.000012  7.291197e+06  1.734378e+09
2     1545.476528    0.000105  0.000021  ...  0.000012  7.473749e+06  1.734378e+09
3     1545.476424    0.000101  0.000020  ...  0.000012  7.624896e+06  1.734378e+09
4     1545.476466    0.000098  0.000019  ...  0.000012  7.637245e+06  1.734378e+09
...           ...         ...       ...  ...       ...           ...           ...
1587  1545.469009    0.000096  0.000018  ...  0.000012  7.637361e+06  1.734394e+09
1588  1545.469028    0.000103  0.000020  ...  0.000012  7.607639e+06  1.734394e+09
1589  1545.469005    0.000124  0.000028  ...  0.000012  7.366702e+06  1.734394e+09
1590  1545.468959    0.000098  0.000019  ...  0.000012  7.633519e+06  1.734394e+09
1591  1545.468941    0.000100  0.000019  ...  0.000012  7.611045e+06  1.734394e+09

[1592 rows x 13 columns]
CHANNEL_0_3
           cbragg  cbragg_err   credchi  ...  cdelta_n            cL     timestamp
0     1546.241628    0.000102  0.000051  ...  0.000012  7.687894e+06  1.734378e+09
1     1546.241825    0.000106  0.000055  ...  0.000012  7.704819e+06  1.734378e+09
2     1546.241826    0.000102  0.000052  ...  0.000012  7.708723e+06  1.734378e+09
3     1546.241789    0.000104  0.000054  ...  0.000012  7.733125e+06  1.734378e+09
4     1546.241732    0.000103  0.000053  ...  0.000012  7.667853e+06  1.734378e+09
...           ...         ...       ...  ...       ...           ...           ...
1587  1546.233986    0.000100  0.000049  ...  0.000012  7.697401e+06  1.734394e+09
1588  1546.233911    0.000154  0.000118  ...  0.000012  7.973884e+06  1.734394e+09
1589  1546.234009    0.000099  0.000048  ...  0.000012  7.681625e+06  1.734394e+09
1590  1546.233863    0.000100  0.000049  ...  0.000012  7.674612e+06  1.734394e+09
1591  1546.233952    0.000099  0.000048  ...  0.000012  7.689920e+06  1.734394e+09

[1592 rows x 13 columns]
CHANNEL_0_4
           cbragg  cbragg_err   credchi  ...  cdelta_n            cL     timestamp
0     1547.088226    0.000117  0.000044  ...  0.000012  7.842117e+06  1.734378e+09
1     1547.088287    0.000114  0.000042  ...  0.000012  7.842437e+06  1.734378e+09
2     1547.088312    0.000114  0.000042  ...  0.000012  7.837992e+06  1.734378e+09
3     1547.088298    0.000117  0.000044  ...  0.000012  7.834481e+06  1.734378e+09
4     1547.088326    0.000116  0.000043  ...  0.000012  7.832960e+06  1.734378e+09
...           ...         ...       ...  ...       ...           ...           ...
1587  1547.083484    0.000115  0.000042  ...  0.000012  7.837289e+06  1.734394e+09
1588  1547.083476    0.000114  0.000041  ...  0.000012  7.851583e+06  1.734394e+09
1589  1547.083537    0.000115  0.000041  ...  0.000012  7.833543e+06  1.734394e+09
1590  1547.083626    0.000114  0.000041  ...  0.000012  7.849573e+06  1.734394e+09
1591  1547.083658    0.000115  0.000042  ...  0.000012  7.857968e+06  1.734394e+09

[1592 rows x 13 columns]
CHANNEL_0_5
           cbragg  cbragg_err   credchi  ...  cdelta_n            cL     timestamp
0     1548.066319    0.000079  0.000032  ...  0.000012  7.754229e+06  1.734378e+09
1     1548.066342    0.000078  0.000032  ...  0.000012  7.772662e+06  1.734378e+09
2     1548.066312    0.000080  0.000033  ...  0.000012  7.763807e+06  1.734378e+09
3     1548.066383    0.000078  0.000032  ...  0.000012  7.759253e+06  1.734378e+09
4     1548.066311    0.000078  0.000032  ...  0.000012  7.766526e+06  1.734378e+09
...           ...         ...       ...  ...       ...           ...           ...
1587  1548.061361    0.000079  0.000032  ...  0.000012  7.767472e+06  1.734394e+09
1588  1548.061332    0.000081  0.000034  ...  0.000012  7.773431e+06  1.734394e+09
1589  1548.061356    0.000081  0.000034  ...  0.000012  7.769311e+06  1.734394e+09
1590  1548.061488    0.000080  0.000033  ...  0.000012  7.764998e+06  1.734394e+09
1591  1548.061521    0.000080  0.000033  ...  0.000012  7.764448e+06  1.734394e+09

[1592 rows x 13 columns]
CHANNEL_0_6
           cbragg  cbragg_err   credchi  ...  cdelta_n            cL     timestamp
0     1549.044647    0.000079  0.000035  ...  0.000012  7.476396e+06  1.734378e+09
1     1549.044651    0.000110  0.000070  ...  0.000012  7.691865e+06  1.734378e+09
2     1549.044669    0.000078  0.000034  ...  0.000012  7.477009e+06  1.734378e+09
3     1549.044587    0.000078  0.000034  ...  0.000012  7.488118e+06  1.734378e+09
4     1549.044676    0.000077  0.000033  ...  0.000012  7.474929e+06  1.734378e+09
...           ...         ...       ...  ...       ...           ...           ...
1587  1549.039119    0.000083  0.000037  ...  0.000012  7.535296e+06  1.734394e+09
1588  1549.038804    0.000117  0.000076  ...  0.000012  7.712490e+06  1.734394e+09
1589  1549.039248    0.000079  0.000033  ...  0.000012  7.490473e+06  1.734394e+09
1590  1549.039198    0.000079  0.000033  ...  0.000012  7.491630e+06  1.734394e+09
1591  1549.039218    0.000078  0.000033  ...  0.000012  7.483688e+06  1.734394e+09

[1592 rows x 13 columns]
CHANNEL_0_7
           cbragg  cbragg_err   credchi  ...  cdelta_n            cL     timestamp
0     1550.046047    0.000135  0.000054  ...  0.000012  7.745054e+06  1.734378e+09
1     1550.045985    0.000130  0.000051  ...  0.000012  7.738458e+06  1.734378e+09
2     1550.046105    0.000126  0.000046  ...  0.000012  7.658402e+06  1.734378e+09
3     1550.046004    0.000132  0.000052  ...  0.000012  7.718996e+06  1.734378e+09
4     1550.046071    0.000130  0.000050  ...  0.000012  7.713022e+06  1.734378e+09
...           ...         ...       ...  ...       ...           ...           ...
1587  1550.040851    0.000128  0.000048  ...  0.000012  7.644172e+06  1.734394e+09
1588  1550.041051    0.000126  0.000046  ...  0.000012  7.649397e+06  1.734394e+09
1589  1550.041090    0.000128  0.000048  ...  0.000012  7.638087e+06  1.734394e+09
1590  1550.040970    0.000127  0.000047  ...  0.000012  7.654643e+06  1.734394e+09
1591  1550.040964    0.000126  0.000046  ...  0.000012  7.650124e+06  1.734394e+09

[1592 rows x 13 columns]
CHANNEL_0_8
           cbragg  cbragg_err   credchi  ...  cdelta_n            cL     timestamp
0     1551.021226    0.000075  0.000021  ...  0.000012  7.601467e+06  1.734378e+09
1     1551.021159    0.000077  0.000021  ...  0.000012  7.604014e+06  1.734378e+09
2     1551.021179    0.000076  0.000021  ...  0.000012  7.602882e+06  1.734378e+09
3     1551.021072    0.000076  0.000021  ...  0.000012  7.599539e+06  1.734378e+09
4     1551.021160    0.000076  0.000021  ...  0.000012  7.596755e+06  1.734378e+09
...           ...         ...       ...  ...       ...           ...           ...
1587  1551.016428    0.000077  0.000021  ...  0.000012  7.617643e+06  1.734394e+09
1588  1551.016411    0.000077  0.000021  ...  0.000012  7.627804e+06  1.734394e+09
1589  1551.016510    0.000076  0.000020  ...  0.000012  7.589166e+06  1.734394e+09
1590  1551.016457    0.000076  0.000021  ...  0.000012  7.609211e+06  1.734394e+09
1591  1551.016438    0.000076  0.000020  ...  0.000012  7.593165e+06  1.734394e+09

[1592 rows x 13 columns]
CHANNEL_0_9
           cbragg  cbragg_err   credchi  ...  cdelta_n            cL     timestamp
0     1552.003918    0.000096  0.000031  ...  0.000012  7.671656e+06  1.734378e+09
1     1552.003847    0.000092  0.000029  ...  0.000012  7.671250e+06  1.734378e+09
2     1552.003948    0.000106  0.000039  ...  0.000012  7.828896e+06  1.734378e+09
3     1552.003864    0.000094  0.000029  ...  0.000012  7.666930e+06  1.734378e+09
4     1552.003812    0.000090  0.000028  ...  0.000012  7.676772e+06  1.734378e+09
...           ...         ...       ...  ...       ...           ...           ...
1587  1551.998863    0.000099  0.000031  ...  0.000012  7.643100e+06  1.734394e+09
1588  1551.998965    0.000093  0.000027  ...  0.000012  7.653988e+06  1.734394e+09
1589  1551.998922    0.000102  0.000034  ...  0.000012  7.781657e+06  1.734394e+09
1590  1551.999023    0.000094  0.000028  ...  0.000012  7.654400e+06  1.734394e+09
1591  1551.998998    0.000093  0.000028  ...  0.000012  7.655187e+06  1.734394e+09

[1592 rows x 13 columns]
CHANNEL_0_10
           cbragg  cbragg_err   credchi  ...  cdelta_n            cL     timestamp
0     1553.007970    0.000087  0.000014  ...  0.000012  7.696508e+06  1.734378e+09
1     1553.008049    0.000087  0.000014  ...  0.000012  7.681483e+06  1.734378e+09
2     1553.008032    0.000090  0.000015  ...  0.000012  7.685694e+06  1.734378e+09
3     1553.008033    0.000087  0.000014  ...  0.000012  7.696609e+06  1.734378e+09
4     1553.007945    0.000089  0.000015  ...  0.000012  7.679625e+06  1.734378e+09
...           ...         ...       ...  ...       ...           ...           ...
1587  1553.003081    0.000084  0.000013  ...  0.000012  7.714652e+06  1.734394e+09
1588  1553.003124    0.000086  0.000014  ...  0.000012  7.704088e+06  1.734394e+09
1589  1553.003143    0.000090  0.000015  ...  0.000012  7.687291e+06  1.734394e+09
1590  1553.003186    0.000087  0.000014  ...  0.000012  7.697190e+06  1.734394e+09
1591  1553.003093    0.000089  0.000015  ...  0.000012  7.700830e+06  1.734394e+09

[1592 rows x 13 columns]
CHANNEL_0_11
           cbragg  cbragg_err   credchi  ...  cdelta_n            cL     timestamp
0     1554.018550    0.000068  0.000012  ...  0.000012  7.665569e+06  1.734378e+09
1     1554.018678    0.000066  0.000012  ...  0.000012  7.671934e+06  1.734378e+09
2     1554.018612    0.000065  0.000011  ...  0.000012  7.666378e+06  1.734378e+09
3     1554.018578    0.000067  0.000012  ...  0.000012  7.662834e+06  1.734378e+09
4     1554.018599    0.000065  0.000011  ...  0.000012  7.653590e+06  1.734378e+09
...           ...         ...       ...  ...       ...           ...           ...
1587  1554.013398    0.000070  0.000013  ...  0.000012  7.650884e+06  1.734394e+09
1588  1554.013664    0.000066  0.000011  ...  0.000012  7.645853e+06  1.734394e+09
1589  1554.013477    0.000070  0.000013  ...  0.000012  7.653213e+06  1.734394e+09
1590  1554.013570    0.000069  0.000013  ...  0.000012  7.648510e+06  1.734394e+09
1591  1554.013629    0.000070  0.000013  ...  0.000012  7.646628e+06  1.734394e+09

[1592 rows x 13 columns]
CHANNEL_0_12
           cbragg  cbragg_err   credchi  ...  cdelta_n            cL     timestamp
0     1555.040412    0.000130  0.000053  ...  0.000012  7.594290e+06  1.734378e+09
1     1555.040377    0.000141  0.000063  ...  0.000012  7.661943e+06  1.734378e+09
2     1555.040525    0.000127  0.000050  ...  0.000012  7.538948e+06  1.734378e+09
3     1555.040373    0.000128  0.000051  ...  0.000012  7.520973e+06  1.734378e+09
4     1555.040412    0.000128  0.000051  ...  0.000012  7.533308e+06  1.734378e+09
...           ...         ...       ...  ...       ...           ...           ...
1587  1555.035399    0.000132  0.000052  ...  0.000012  7.585455e+06  1.734394e+09
1588  1555.035657    0.000128  0.000049  ...  0.000012  7.520156e+06  1.734394e+09
1589  1555.035597    0.000128  0.000049  ...  0.000012  7.516689e+06  1.734394e+09
1590  1555.035605    0.000127  0.000048  ...  0.000012  7.508059e+06  1.734394e+09
1591  1555.035559    0.000147  0.000065  ...  0.000012  7.668211e+06  1.734394e+09

[1592 rows x 13 columns]
CHANNEL_0_13
           cbragg  cbragg_err   credchi  ...  cdelta_n            cL     timestamp
0     1556.019160    0.000139  0.000049  ...  0.000012  7.671669e+06  1.734378e+09
1     1556.019200    0.000137  0.000048  ...  0.000012  7.661311e+06  1.734378e+09
2     1556.019186    0.000139  0.000049  ...  0.000012  7.622166e+06  1.734378e+09
3     1556.019190    0.000138  0.000049  ...  0.000012  7.677814e+06  1.734378e+09
4     1556.019073    0.000139  0.000049  ...  0.000012  7.668160e+06  1.734378e+09
...           ...         ...       ...  ...       ...           ...           ...
1587  1556.014505    0.000138  0.000048  ...  0.000012  7.660707e+06  1.734394e+09
1588  1556.014580    0.000137  0.000047  ...  0.000012  7.653682e+06  1.734394e+09
1589  1556.014527    0.000137  0.000047  ...  0.000012  7.663976e+06  1.734394e+09
1590  1556.014682    0.000137  0.000047  ...  0.000012  7.658608e+06  1.734394e+09
1591  1556.014736    0.000139  0.000048  ...  0.000012  7.658385e+06  1.734394e+09

[1592 rows x 13 columns]
CHANNEL_0_14
           cbragg  cbragg_err   credchi  ...  cdelta_n            cL     timestamp
0     1556.985019    0.000100  0.000028  ...  0.000012  7.705933e+06  1.734378e+09
1     1556.985026    0.000103  0.000031  ...  0.000012  7.817805e+06  1.734378e+09
2     1556.985038    0.000098  0.000027  ...  0.000012  7.698895e+06  1.734378e+09
3     1556.984982    0.000098  0.000027  ...  0.000012  7.716548e+06  1.734378e+09
4     1556.984972    0.000098  0.000027  ...  0.000012  7.699991e+06  1.734378e+09
...           ...         ...       ...  ...       ...           ...           ...
1587  1556.980423    0.000100  0.000027  ...  0.000012  7.692501e+06  1.734394e+09
1588  1556.980449    0.000099  0.000027  ...  0.000012  7.692539e+06  1.734394e+09
1589  1556.980488    0.000099  0.000027  ...  0.000012  7.692772e+06  1.734394e+09
1590  1556.980499    0.000100  0.000028  ...  0.000012  7.691491e+06  1.734394e+09
1591  1556.980516    0.000100  0.000027  ...  0.000012  7.694377e+06  1.734394e+09

[1592 rows x 13 columns]
CHANNEL_1_1
           cbragg  cbragg_err   credchi  ...  cdelta_n            cL     timestamp
0     1556.279600    0.000709  0.000319  ...  0.000012  2.364682e+06  1.734378e+09
1     1556.278769    0.000733  0.000717  ...  0.000012  3.079639e+06  1.734378e+09
2     1556.278585    0.000081  0.000006  ...  0.000012  2.657784e+06  1.734378e+09
3     1556.278578    0.000070  0.000005  ...  0.000012  2.696533e+06  1.734378e+09
4     1556.277961    0.000511  0.000347  ...  0.000012  3.018067e+06  1.734378e+09
...           ...         ...       ...  ...       ...           ...           ...
1587  1556.266752    0.000889  0.001292  ...  0.000012  3.282425e+06  1.734394e+09
1588  1556.266722    0.001046  0.002131  ...  0.000012  3.476461e+06  1.734394e+09
1589  1556.266799    0.001021  0.001892  ...  0.000012  3.413485e+06  1.734394e+09
1590  1556.267319    0.000745  0.000348  ...  0.000012  2.341586e+06  1.734394e+09
1591  1556.267263    0.000128  0.000014  ...  0.000012  2.623273e+06  1.734394e+09

[1592 rows x 13 columns]
CHANNEL_1_2
           cbragg  cbragg_err   credchi  ...  cdelta_n            cL     timestamp
0     1558.175271    0.000121  0.000021  ...  0.000012  2.787262e+06  1.734378e+09
1     1558.175273    0.000144  0.000032  ...  0.000012  2.855202e+06  1.734378e+09
2     1558.175123    0.000117  0.000020  ...  0.000012  2.795739e+06  1.734378e+09
3     1558.175173    0.000121  0.000021  ...  0.000012  2.788598e+06  1.734378e+09
4     1558.175203    0.000715  0.001028  ...  0.000012  3.207247e+06  1.734378e+09
...           ...         ...       ...  ...       ...           ...           ...
1587  1558.170922    0.000119  0.000020  ...  0.000012  2.791316e+06  1.734394e+09
1588  1558.170997    0.000133  0.000025  ...  0.000012  2.763079e+06  1.734394e+09
1589  1558.171122    0.000120  0.000022  ...  0.000012  2.830492e+06  1.734394e+09
1590  1558.171033    0.000546  0.000608  ...  0.000012  3.161080e+06  1.734394e+09
1591  1558.171051    0.000124  0.000022  ...  0.000012  2.783765e+06  1.734394e+09

[1592 rows x 13 columns]
CHANNEL_1_3
           cbragg  cbragg_err   credchi  ...  cdelta_n            cL     timestamp
0     1560.984592    0.000043  0.000003  ...  0.000012  2.937594e+06  1.734378e+09
1     1560.984577    0.000082  0.000010  ...  0.000012  2.878833e+06  1.734378e+09
2     1560.984477    0.000061  0.000006  ...  0.000012  2.926619e+06  1.734378e+09
3     1560.984455    0.000095  0.000015  ...  0.000012  2.997604e+06  1.734378e+09
4     1560.984436    0.000044  0.000003  ...  0.000012  2.929578e+06  1.734378e+09
...           ...         ...       ...  ...       ...           ...           ...
1587  1560.980937    0.000050  0.000004  ...  0.000012  2.924083e+06  1.734394e+09
1588  1560.981175    0.000048  0.000004  ...  0.000012  2.923409e+06  1.734394e+09
1589  1560.981224    0.000045  0.000003  ...  0.000012  2.922920e+06  1.734394e+09
1590  1560.981531    0.001112  0.003454  ...  0.000012  3.761641e+06  1.734394e+09
1591  1560.981309    0.000050  0.000004  ...  0.000012  2.927942e+06  1.734394e+09

[1592 rows x 13 columns]
CHANNEL_2_1
           cbragg  cbragg_err   credchi  ...  cdelta_n            cL     timestamp
0     1543.685686    0.000067  0.000005  ...  0.000012  2.783744e+06  1.734378e+09
1     1543.685767    0.000067  0.000005  ...  0.000012  2.784852e+06  1.734378e+09
2     1543.686094    0.000069  0.000005  ...  0.000012  2.783615e+06  1.734378e+09
3     1543.685977    0.000067  0.000005  ...  0.000012  2.784511e+06  1.734378e+09
4     1543.685466    0.000066  0.000005  ...  0.000012  2.783449e+06  1.734378e+09
...           ...         ...       ...  ...       ...           ...           ...
1587  1543.673022    0.000066  0.000005  ...  0.000012  2.784831e+06  1.734394e+09
1588  1543.673603    0.000067  0.000005  ...  0.000012  2.785460e+06  1.734394e+09
1589  1543.673514    0.000070  0.000005  ...  0.000012  2.784858e+06  1.734394e+09
1590  1543.673441    0.000071  0.000005  ...  0.000012  2.785769e+06  1.734394e+09
1591  1543.673371    0.000066  0.000004  ...  0.000012  2.785303e+06  1.734394e+09

[1592 rows x 13 columns]
CHANNEL_2_2
           cbragg  cbragg_err   credchi  ...  cdelta_n            cL     timestamp
0     1545.893507    0.000270  0.000053  ...  0.000012  2.547170e+06  1.734378e+09
1     1545.893094    0.000391  0.000157  ...  0.000012  2.889112e+06  1.734378e+09
2     1545.893432    0.000366  0.000091  ...  0.000012  2.493945e+06  1.734378e+09
3     1545.893348    0.000148  0.000018  ...  0.000012  2.648035e+06  1.734378e+09
4     1545.893469    0.000145  0.000017  ...  0.000012  2.672939e+06  1.734378e+09
...           ...         ...       ...  ...       ...           ...           ...
1587  1545.889237    0.000152  0.000018  ...  0.000012  2.637133e+06  1.734394e+09
1588  1545.889323    0.000759  0.000744  ...  0.000012  3.157048e+06  1.734394e+09
1589  1545.888620    0.001235  0.002455  ...  0.000012  3.514476e+06  1.734394e+09
1590  1545.889306    0.000140  0.000016  ...  0.000012  2.675140e+06  1.734394e+09
1591  1545.889405    0.000269  0.000052  ...  0.000012  2.548126e+06  1.734394e+09

[1592 rows x 13 columns]
CHANNEL_2_3
           cbragg  cbragg_err   credchi  ...  cdelta_n            cL     timestamp
0     1548.487427    0.000101  0.000011  ...  0.000012  2.910685e+06  1.734378e+09
1     1548.487504    0.000092  0.000009  ...  0.000012  2.915923e+06  1.734378e+09
2     1548.488543    0.000294  0.000107  ...  0.000012  3.091027e+06  1.734378e+09
3     1548.487500    0.000144  0.000024  ...  0.000012  2.980246e+06  1.734378e+09
4     1548.487270    0.000100  0.000011  ...  0.000012  2.911711e+06  1.734378e+09
...           ...         ...       ...  ...       ...           ...           ...
1587  1548.484058    0.000091  0.000009  ...  0.000012  2.894490e+06  1.734394e+09
1588  1548.484018    0.000387  0.000127  ...  0.000012  2.699352e+06  1.734394e+09
1589  1548.484487    0.000218  0.000055  ...  0.000012  3.032033e+06  1.734394e+09
1590  1548.484384    0.000092  0.000009  ...  0.000012  2.902456e+06  1.734394e+09
1591  1548.484285    0.000091  0.000009  ...  0.000012  2.907297e+06  1.734394e+09

[1592 rows x 13 columns]
CHANNEL_3_1
           cbragg  cbragg_err   credchi  ...  cdelta_n            cL     timestamp
0     1544.189776    0.000194  0.000020  ...  0.000012  7.807082e+06  1.734378e+09
1     1544.189850    0.000114  0.000020  ...  0.000012  7.810236e+06  1.734378e+09
2     1544.189837    0.000123  0.000020  ...  0.000012  7.818590e+06  1.734378e+09
3     1544.189870    0.000177  0.000020  ...  0.000012  7.790729e+06  1.734378e+09
4     1544.189866    0.000115  0.000020  ...  0.000012  7.803635e+06  1.734378e+09
...           ...         ...       ...  ...       ...           ...           ...
1587  1544.179735    0.000114  0.000019  ...  0.000012  7.810202e+06  1.734394e+09
1588  1544.179727    0.000112  0.000019  ...  0.000012  7.806601e+06  1.734394e+09
1589  1544.179682    0.000114  0.000019  ...  0.000012  7.816374e+06  1.734394e+09
1590  1544.179825    0.000119  0.000019  ...  0.000012  7.830772e+06  1.734394e+09
1591  1544.179769    0.000112  0.000019  ...  0.000012  7.821346e+06  1.734394e+09

[1592 rows x 13 columns]
CHANNEL_3_2
           cbragg  cbragg_err   credchi  ...  cdelta_n            cL     timestamp
0     1545.099096    0.000111  0.000044  ...  0.000012  7.834052e+06  1.734378e+09
1     1545.099127    0.000130  0.000045  ...  0.000012  7.830888e+06  1.734378e+09
2     1545.099143    0.000129  0.000044  ...  0.000012  7.841875e+06  1.734378e+09
3     1545.099150    0.000197  0.000042  ...  0.000012  7.846033e+06  1.734378e+09
4     1545.099215    0.000176  0.000045  ...  0.000012  7.849069e+06  1.734378e+09
...           ...         ...       ...  ...       ...           ...           ...
1587  1545.090005    0.000135  0.000044  ...  0.000012  7.821441e+06  1.734394e+09
1588  1545.090045    0.000147  0.000043  ...  0.000012  7.833655e+06  1.734394e+09
1589  1545.090069    0.000118  0.000044  ...  0.000012  7.824625e+06  1.734394e+09
1590  1545.089963    0.000110  0.000042  ...  0.000012  7.831797e+06  1.734394e+09
1591  1545.090022    0.000157  0.000044  ...  0.000012  7.832631e+06  1.734394e+09

[1592 rows x 13 columns]
CHANNEL_3_3
           cbragg  cbragg_err   credchi  ...  cdelta_n            cL     timestamp
0     1545.868486    0.000109  0.000026  ...  0.000012  7.555511e+06  1.734378e+09
1     1545.868498    0.000109  0.000027  ...  0.000012  7.581257e+06  1.734378e+09
2     1545.868595    0.000110  0.000027  ...  0.000012  7.588561e+06  1.734378e+09
3     1545.868717    0.000109  0.000026  ...  0.000012  7.591710e+06  1.734378e+09
4     1545.868694    0.000107  0.000025  ...  0.000012  7.592579e+06  1.734378e+09
...           ...         ...       ...  ...       ...           ...           ...
1587  1545.858590    0.000109  0.000026  ...  0.000012  7.603929e+06  1.734394e+09
1588  1545.858528    0.000109  0.000025  ...  0.000012  7.579923e+06  1.734394e+09
1589  1545.858523    0.000106  0.000024  ...  0.000012  7.594667e+06  1.734394e+09
1590  1545.858377    0.000109  0.000025  ...  0.000012  7.582763e+06  1.734394e+09
1591  1545.858383    0.000111  0.000026  ...  0.000012  7.590867e+06  1.734394e+09

[1592 rows x 13 columns]
CHANNEL_3_4
           cbragg  cbragg_err   credchi  ...  cdelta_n            cL     timestamp
0     1546.691851    0.000098  0.000031  ...  0.000012  7.733417e+06  1.734378e+09
1     1546.692051    0.000113  0.000042  ...  0.000012  7.887899e+06  1.734378e+09
2     1546.691989    0.000097  0.000031  ...  0.000012  7.771392e+06  1.734378e+09
3     1546.691956    0.000098  0.000031  ...  0.000012  7.730950e+06  1.734378e+09
4     1546.691920    0.000098  0.000031  ...  0.000012  7.732982e+06  1.734378e+09
...           ...         ...       ...  ...       ...           ...           ...
1587  1546.685870    0.000096  0.000029  ...  0.000012  7.725029e+06  1.734394e+09
1588  1546.685854    0.000098  0.000031  ...  0.000012  7.730264e+06  1.734394e+09
1589  1546.685913    0.000095  0.000029  ...  0.000012  7.716371e+06  1.734394e+09
1590  1546.686051    0.000098  0.000030  ...  0.000012  7.716757e+06  1.734394e+09
1591  1546.685995    0.000099  0.000031  ...  0.000012  7.721750e+06  1.734394e+09

[1592 rows x 13 columns]
CHANNEL_3_5
           cbragg  cbragg_err   credchi  ...  cdelta_n            cL     timestamp
0     1547.711456    0.000074  0.000013  ...  0.000012  7.634955e+06  1.734378e+09
1     1547.711483    0.000075  0.000014  ...  0.000012  7.641144e+06  1.734378e+09
2     1547.711482    0.000074  0.000014  ...  0.000012  7.616527e+06  1.734378e+09
3     1547.711509    0.000074  0.000014  ...  0.000012  7.632766e+06  1.734378e+09
4     1547.711451    0.000074  0.000014  ...  0.000012  7.611424e+06  1.734378e+09
...           ...         ...       ...  ...       ...           ...           ...
1587  1547.705598    0.000073  0.000013  ...  0.000012  7.629628e+06  1.734394e+09
1588  1547.705626    0.000075  0.000014  ...  0.000012  7.627150e+06  1.734394e+09
1589  1547.705711    0.000075  0.000014  ...  0.000012  7.626918e+06  1.734394e+09
1590  1547.705761    0.000075  0.000014  ...  0.000012  7.619684e+06  1.734394e+09
1591  1547.705794    0.000077  0.000014  ...  0.000012  7.617092e+06  1.734394e+09

[1592 rows x 13 columns]
CHANNEL_3_6
           cbragg  cbragg_err   credchi  ...  cdelta_n            cL     timestamp
0     1548.695202    0.000079  0.000016  ...  0.000012  7.761148e+06  1.734378e+09
1     1548.695178    0.000081  0.000017  ...  0.000012  7.766204e+06  1.734378e+09
2     1548.695132    0.000079  0.000016  ...  0.000012  7.770600e+06  1.734378e+09
3     1548.695040    0.000080  0.000016  ...  0.000012  7.758406e+06  1.734378e+09
4     1548.695117    0.000078  0.000016  ...  0.000012  7.758273e+06  1.734378e+09
...           ...         ...       ...  ...       ...           ...           ...
1587  1548.689234    0.000080  0.000016  ...  0.000012  7.760946e+06  1.734394e+09
1588  1548.689280    0.000080  0.000016  ...  0.000012  7.762921e+06  1.734394e+09
1589  1548.689336    0.000080  0.000016  ...  0.000012  7.768273e+06  1.734394e+09
1590  1548.689290    0.000081  0.000016  ...  0.000012  7.767094e+06  1.734394e+09
1591  1548.689285    0.000087  0.000019  ...  0.000012  7.774061e+06  1.734394e+09

[1592 rows x 13 columns]
CHANNEL_3_7
           cbragg  cbragg_err   credchi  ...  cdelta_n            cL     timestamp
0     1549.718835    0.000088  0.000023  ...  0.000012  7.591588e+06  1.734378e+09
1     1549.718965    0.000087  0.000023  ...  0.000012  7.591128e+06  1.734378e+09
2     1549.718806    0.000086  0.000022  ...  0.000012  7.583997e+06  1.734378e+09
3     1549.718723    0.000085  0.000022  ...  0.000012  7.598882e+06  1.734378e+09
4     1549.718798    0.000086  0.000022  ...  0.000012  7.601908e+06  1.734378e+09
...           ...         ...       ...  ...       ...           ...           ...
1587  1549.713096    0.000085  0.000021  ...  0.000012  7.590570e+06  1.734394e+09
1588  1549.713298    0.000088  0.000023  ...  0.000012  7.581366e+06  1.734394e+09
1589  1549.713290    0.000087  0.000023  ...  0.000012  7.586342e+06  1.734394e+09
1590  1549.713215    0.000085  0.000022  ...  0.000012  7.588975e+06  1.734394e+09
1591  1549.713205    0.000085  0.000022  ...  0.000012  7.592317e+06  1.734394e+09

[1592 rows x 13 columns]
CHANNEL_3_8
           cbragg  cbragg_err   credchi  ...  cdelta_n            cL     timestamp
0     1550.663707    0.000092  0.000014  ...  0.000012  7.657739e+06  1.734378e+09
1     1550.663693    0.000092  0.000014  ...  0.000012  7.654239e+06  1.734378e+09
2     1550.663685    0.000092  0.000014  ...  0.000012  7.662348e+06  1.734378e+09
3     1550.663755    0.000091  0.000014  ...  0.000012  7.652080e+06  1.734378e+09
4     1550.663650    0.000093  0.000014  ...  0.000012  7.604123e+06  1.734378e+09
...           ...         ...       ...  ...       ...           ...           ...
1587  1550.658757    0.000137  0.000029  ...  0.000012  7.334705e+06  1.734394e+09
1588  1550.658700    0.000093  0.000014  ...  0.000012  7.667707e+06  1.734394e+09
1589  1550.658687    0.000092  0.000013  ...  0.000012  7.676444e+06  1.734394e+09
1590  1550.658631    0.000093  0.000014  ...  0.000012  7.670130e+06  1.734394e+09
1591  1550.658728    0.000094  0.000014  ...  0.000012  7.675160e+06  1.734394e+09

[1592 rows x 13 columns]
CHANNEL_3_9
           cbragg  cbragg_err   credchi  ...  cdelta_n            cL     timestamp
0     1551.666378    0.000088  0.000019  ...  0.000012  7.700877e+06  1.734378e+09
1     1551.666345    0.000087  0.000019  ...  0.000012  7.704588e+06  1.734378e+09
2     1551.666406    0.000086  0.000018  ...  0.000012  7.688057e+06  1.734378e+09
3     1551.666402    0.000086  0.000019  ...  0.000012  7.688695e+06  1.734378e+09
4     1551.666375    0.000088  0.000020  ...  0.000012  7.696658e+06  1.734378e+09
...           ...         ...       ...  ...       ...           ...           ...
1587  1551.661561    0.000087  0.000019  ...  0.000012  7.703201e+06  1.734394e+09
1588  1551.661629    0.000088  0.000019  ...  0.000012  7.688691e+06  1.734394e+09
1589  1551.661629    0.000087  0.000019  ...  0.000012  7.689013e+06  1.734394e+09
1590  1551.661714    0.000089  0.000019  ...  0.000012  7.646731e+06  1.734394e+09
1591  1551.661684    0.000089  0.000020  ...  0.000012  7.668258e+06  1.734394e+09

[1592 rows x 13 columns]
CHANNEL_3_10
           cbragg  cbragg_err   credchi  ...  cdelta_n            cL     timestamp
0     1552.667661    0.000111  0.000015  ...  0.000012  7.748968e+06  1.734378e+09
1     1552.667593    0.000112  0.000015  ...  0.000012  7.756478e+06  1.734378e+09
2     1552.667633    0.000110  0.000015  ...  0.000012  7.750748e+06  1.734378e+09
3     1552.667582    0.000111  0.000015  ...  0.000012  7.752035e+06  1.734378e+09
4     1552.667490    0.000110  0.000015  ...  0.000012  7.739482e+06  1.734378e+09
...           ...         ...       ...  ...       ...           ...           ...
1587  1552.662261    0.000107  0.000014  ...  0.000012  7.777329e+06  1.734394e+09
1588  1552.662258    0.000110  0.000015  ...  0.000012  7.763619e+06  1.734394e+09
1589  1552.662272    0.000107  0.000014  ...  0.000012  7.787351e+06  1.734394e+09
1590  1552.662477    0.000109  0.000015  ...  0.000012  7.775994e+06  1.734394e+09
1591  1552.662388    0.000110  0.000015  ...  0.000012  7.770371e+06  1.734394e+09

[1592 rows x 13 columns]
CHANNEL_3_11
           cbragg  cbragg_err   credchi  ...  cdelta_n            cL     timestamp
0     1553.638686    0.000129  0.000044  ...  0.000012  7.880226e+06  1.734378e+09
1     1553.638678    0.000126  0.000043  ...  0.000012  7.882905e+06  1.734378e+09
2     1553.638640    0.000127  0.000043  ...  0.000012  7.877819e+06  1.734378e+09
3     1553.638549    0.000129  0.000044  ...  0.000012  7.859495e+06  1.734378e+09
4     1553.638655    0.000128  0.000044  ...  0.000012  7.869782e+06  1.734378e+09
...           ...         ...       ...  ...       ...           ...           ...
1587  1553.633421    0.000127  0.000041  ...  0.000012  7.870648e+06  1.734394e+09
1588  1553.633462    0.000126  0.000041  ...  0.000012  7.865671e+06  1.734394e+09
1589  1553.633648    0.000158  0.000061  ...  0.000012  7.556529e+06  1.734394e+09
1590  1553.633615    0.000127  0.000042  ...  0.000012  7.876553e+06  1.734394e+09
1591  1553.633781    0.000128  0.000042  ...  0.000012  7.878845e+06  1.734394e+09

[1592 rows x 13 columns]
CHANNEL_3_12
           cbragg  cbragg_err   credchi  ...  cdelta_n            cL     timestamp
0     1554.613126    0.000103  0.000017  ...  0.000012  7.808561e+06  1.734378e+09
1     1554.613213    0.000148  0.000033  ...  0.000012  7.476025e+06  1.734378e+09
2     1554.613193    0.000100  0.000016  ...  0.000012  7.817724e+06  1.734378e+09
3     1554.613168    0.000102  0.000017  ...  0.000012  7.801937e+06  1.734378e+09
4     1554.613209    0.000098  0.000016  ...  0.000012  7.821004e+06  1.734378e+09
...           ...         ...       ...  ...       ...           ...           ...
1587  1554.607530    0.000102  0.000016  ...  0.000012  7.827879e+06  1.734394e+09
1588  1554.607809    0.000100  0.000015  ...  0.000012  7.831540e+06  1.734394e+09
1589  1554.607807    0.000099  0.000015  ...  0.000012  7.801871e+06  1.734394e+09
1590  1554.607740    0.000103  0.000016  ...  0.000012  7.819681e+06  1.734394e+09
1591  1554.607862    0.000250  0.000083  ...  0.000012  7.144280e+06  1.734394e+09

[1592 rows x 13 columns]
CHANNEL_3_13
           cbragg  cbragg_err   credchi  ...  cdelta_n            cL     timestamp
0     1555.625562    0.000082  0.000017  ...  0.000012  7.612551e+06  1.734378e+09
1     1555.625564    0.000084  0.000017  ...  0.000012  7.610365e+06  1.734378e+09
2     1555.625424    0.000084  0.000017  ...  0.000012  7.613362e+06  1.734378e+09
3     1555.625473    0.000084  0.000017  ...  0.000012  7.627025e+06  1.734378e+09
4     1555.625332    0.000086  0.000018  ...  0.000012  7.615035e+06  1.734378e+09
...           ...         ...       ...  ...       ...           ...           ...
1587  1555.620513    0.000084  0.000017  ...  0.000012  7.606707e+06  1.734394e+09
1588  1555.620609    0.000083  0.000017  ...  0.000012  7.608091e+06  1.734394e+09
1589  1555.620609    0.000082  0.000016  ...  0.000012  7.592213e+06  1.734394e+09
1590  1555.620730    0.000086  0.000018  ...  0.000012  7.598104e+06  1.734394e+09
1591  1555.620857    0.000084  0.000017  ...  0.000012  7.609131e+06  1.734394e+09

[1592 rows x 13 columns]
CHANNEL_3_14
           cbragg  cbragg_err   credchi  ...  cdelta_n            cL     timestamp
0     1556.575119    0.000189  0.000059  ...  0.000012  7.727448e+06  1.734378e+09
1     1556.575027    0.000191  0.000060  ...  0.000012  7.681696e+06  1.734378e+09
2     1556.575046    0.000190  0.000060  ...  0.000012  7.746011e+06  1.734378e+09
3     1556.575028    0.000189  0.000059  ...  0.000012  7.736112e+06  1.734378e+09
4     1556.575020    0.000188  0.000059  ...  0.000012  7.742699e+06  1.734378e+09
...           ...         ...       ...  ...       ...           ...           ...
1587  1556.569676    0.000184  0.000054  ...  0.000012  7.739462e+06  1.734394e+09
1588  1556.569680    0.000185  0.000054  ...  0.000012  7.739584e+06  1.734394e+09
1589  1556.569714    0.000181  0.000052  ...  0.000012  7.727173e+06  1.734394e+09
1590  1556.569785    0.000188  0.000055  ...  0.000012  7.745744e+06  1.734394e+09
1591  1556.569822    0.000187  0.000055  ...  0.000012  7.735648e+06  1.734394e+09

[1592 rows x 13 columns]
