CHANNEL_0_1
           cbragg  cbragg_err   credchi  ...  cdelta_n            cL     timestamp
0     1544.635269    0.000126  0.000066  ...  0.000012  7.671504e+06  1.734489e+09
1     1544.635243    0.000106  0.000066  ...  0.000012  7.671710e+06  1.734489e+09
2     1544.635213    0.000103  0.000066  ...  0.000012  7.678519e+06  1.734489e+09
3     1544.635129    0.000422  0.000065  ...  0.000012  7.678335e+06  1.734489e+09
4     1544.635117    0.000104  0.000067  ...  0.000012  7.666072e+06  1.734489e+09
...           ...         ...       ...  ...       ...           ...           ...
1587  1544.633822    0.000106  0.000066  ...  0.000012  7.666954e+06  1.734505e+09
1588  1544.633894    0.000105  0.000066  ...  0.000012  7.658158e+06  1.734505e+09
1589  1544.633940    0.000111  0.000064  ...  0.000012  7.671705e+06  1.734505e+09
1590  1544.633879    0.000103  0.000067  ...  0.000012  7.666104e+06  1.734505e+09
1591  1544.633923    0.000115  0.000066  ...  0.000012  7.664109e+06  1.734505e+09

[1592 rows x 13 columns]
CHANNEL_0_2
           cbragg  cbragg_err   credchi  ...  cdelta_n            cL     timestamp
0     1545.465001    0.000099  0.000018  ...  0.000012  7.644714e+06  1.734489e+09
1     1545.465075    0.000099  0.000018  ...  0.000012  7.586627e+06  1.734489e+09
2     1545.465097    0.000100  0.000018  ...  0.000012  7.623105e+06  1.734489e+09
3     1545.464912    0.000107  0.000021  ...  0.000012  7.608574e+06  1.734489e+09
4     1545.465021    0.000101  0.000019  ...  0.000012  7.612463e+06  1.734489e+09
...           ...         ...       ...  ...       ...           ...           ...
1587  1545.464297    0.000098  0.000018  ...  0.000012  7.635885e+06  1.734505e+09
1588  1545.464305    0.000101  0.000019  ...  0.000012  7.643060e+06  1.734505e+09
1589  1545.464151    0.000109  0.000022  ...  0.000012  7.598188e+06  1.734505e+09
1590  1545.464431    0.000105  0.000020  ...  0.000012  7.611626e+06  1.734505e+09
1591  1545.464308    0.000102  0.000019  ...  0.000012  7.628573e+06  1.734505e+09

[1592 rows x 13 columns]
CHANNEL_0_3
           cbragg  cbragg_err   credchi  ...  cdelta_n            cL     timestamp
0     1546.224105    0.000106  0.000057  ...  0.000012  7.759396e+06  1.734489e+09
1     1546.224937    0.000202  0.000200  ...  0.000012  7.984275e+06  1.734489e+09
2     1546.224066    0.000100  0.000049  ...  0.000012  7.648716e+06  1.734489e+09
3     1546.223987    0.000112  0.000063  ...  0.000012  7.758524e+06  1.734489e+09
4     1546.223911    0.000126  0.000080  ...  0.000012  7.851495e+06  1.734489e+09
...           ...         ...       ...  ...       ...           ...           ...
1587  1546.222935    0.000119  0.000069  ...  0.000012  7.765973e+06  1.734505e+09
1588  1546.222857    0.000109  0.000060  ...  0.000012  7.754665e+06  1.734505e+09
1589  1546.222731    0.000116  0.000068  ...  0.000012  7.805021e+06  1.734505e+09
1590  1546.222922    0.000104  0.000053  ...  0.000012  7.618024e+06  1.734505e+09
1591  1546.222627    0.000122  0.000074  ...  0.000012  7.829989e+06  1.734505e+09

[1592 rows x 13 columns]
CHANNEL_0_4
           cbragg  cbragg_err   credchi  ...  cdelta_n            cL     timestamp
0     1547.092263    0.000117  0.000043  ...  0.000012  7.848744e+06  1.734489e+09
1     1547.092363    0.000112  0.000040  ...  0.000012  7.859729e+06  1.734489e+09
2     1547.092161    0.000116  0.000042  ...  0.000012  7.853402e+06  1.734489e+09
3     1547.092140    0.000113  0.000040  ...  0.000012  7.859684e+06  1.734489e+09
4     1547.092275    0.000116  0.000042  ...  0.000012  7.844943e+06  1.734489e+09
...           ...         ...       ...  ...       ...           ...           ...
1587  1547.091805    0.000116  0.000042  ...  0.000012  7.845977e+06  1.734505e+09
1588  1547.091831    0.000115  0.000042  ...  0.000012  7.840791e+06  1.734505e+09
1589  1547.091866    0.000113  0.000040  ...  0.000012  7.865717e+06  1.734505e+09
1590  1547.091707    0.000115  0.000042  ...  0.000012  7.855736e+06  1.734505e+09
1591  1547.091769    0.000115  0.000041  ...  0.000012  7.851115e+06  1.734505e+09

[1592 rows x 13 columns]
CHANNEL_0_5
           cbragg  cbragg_err   credchi  ...  cdelta_n            cL     timestamp
0     1548.070998    0.000081  0.000036  ...  0.000012  7.753180e+06  1.734489e+09
1     1548.070951    0.000089  0.000042  ...  0.000012  7.813444e+06  1.734489e+09
2     1548.070892    0.000095  0.000050  ...  0.000012  7.900457e+06  1.734489e+09
3     1548.070878    0.000082  0.000036  ...  0.000012  7.754379e+06  1.734489e+09
4     1548.070904    0.000083  0.000037  ...  0.000012  7.746556e+06  1.734489e+09
...           ...         ...       ...  ...       ...           ...           ...
1587  1548.070526    0.000081  0.000036  ...  0.000012  7.748950e+06  1.734505e+09
1588  1548.070470    0.000081  0.000036  ...  0.000012  7.760967e+06  1.734505e+09
1589  1548.070499    0.000080  0.000035  ...  0.000012  7.753326e+06  1.734505e+09
1590  1548.070421    0.000081  0.000036  ...  0.000012  7.749883e+06  1.734505e+09
1591  1548.070434    0.000081  0.000036  ...  0.000012  7.744331e+06  1.734505e+09

[1592 rows x 13 columns]
CHANNEL_0_6
           cbragg  cbragg_err   credchi  ...  cdelta_n            cL     timestamp
0     1549.047143    0.000078  0.000028  ...  0.000012  7.485598e+06  1.734489e+09
1     1549.047135    0.000079  0.000029  ...  0.000012  7.489076e+06  1.734489e+09
2     1549.047108    0.000078  0.000028  ...  0.000012  7.484052e+06  1.734489e+09
3     1549.047037    0.000078  0.000029  ...  0.000012  7.492626e+06  1.734489e+09
4     1549.047086    0.000080  0.000030  ...  0.000012  7.483648e+06  1.734489e+09
...           ...         ...       ...  ...       ...           ...           ...
1587  1549.046455    0.000078  0.000028  ...  0.000012  7.485353e+06  1.734505e+09
1588  1549.046312    0.000079  0.000028  ...  0.000012  7.491744e+06  1.734505e+09
1589  1549.046386    0.000080  0.000029  ...  0.000012  7.487509e+06  1.734505e+09
1590  1549.046367    0.000079  0.000028  ...  0.000012  7.491593e+06  1.734505e+09
1591  1549.046406    0.000079  0.000028  ...  0.000012  7.484557e+06  1.734505e+09

[1592 rows x 13 columns]
CHANNEL_0_7
           cbragg  cbragg_err   credchi  ...  cdelta_n            cL     timestamp
0     1550.051278    0.000128  0.000049  ...  0.000012  7.645684e+06  1.734489e+09
1     1550.051303    0.000126  0.000048  ...  0.000012  7.647501e+06  1.734489e+09
2     1550.051354    0.000126  0.000048  ...  0.000012  7.649524e+06  1.734489e+09
3     1550.051264    0.000138  0.000057  ...  0.000012  7.773496e+06  1.734489e+09
4     1550.051266    0.000128  0.000050  ...  0.000012  7.645860e+06  1.734489e+09
...           ...         ...       ...  ...       ...           ...           ...
1587  1550.051110    0.000128  0.000050  ...  0.000012  7.626909e+06  1.734505e+09
1588  1550.051041    0.000128  0.000050  ...  0.000012  7.638854e+06  1.734505e+09
1589  1550.051052    0.000124  0.000047  ...  0.000012  7.650429e+06  1.734505e+09
1590  1550.050968    0.000126  0.000049  ...  0.000012  7.648160e+06  1.734505e+09
1591  1550.051090    0.000129  0.000051  ...  0.000012  7.721913e+06  1.734505e+09

[1592 rows x 13 columns]
CHANNEL_0_8
           cbragg  cbragg_err   credchi  ...  cdelta_n            cL     timestamp
0     1551.029123    0.000079  0.000022  ...  0.000012  7.601257e+06  1.734489e+09
1     1551.029161    0.000075  0.000020  ...  0.000012  7.576929e+06  1.734489e+09
2     1551.029287    0.000075  0.000020  ...  0.000012  7.578941e+06  1.734489e+09
3     1551.029166    0.000076  0.000020  ...  0.000012  7.537230e+06  1.734489e+09
4     1551.029236    0.000076  0.000021  ...  0.000012  7.575362e+06  1.734489e+09
...           ...         ...       ...  ...       ...           ...           ...
1587  1551.028752    0.000075  0.000020  ...  0.000012  7.574373e+06  1.734505e+09
1588  1551.028698    0.000076  0.000021  ...  0.000012  7.575279e+06  1.734505e+09
1589  1551.028721    0.000075  0.000020  ...  0.000012  7.578898e+06  1.734505e+09
1590  1551.028703    0.000075  0.000020  ...  0.000012  7.576992e+06  1.734505e+09
1591  1551.028648    0.000078  0.000021  ...  0.000012  7.576389e+06  1.734505e+09

[1592 rows x 13 columns]
CHANNEL_0_9
           cbragg  cbragg_err   credchi  ...  cdelta_n            cL     timestamp
0     1552.010900    0.000097  0.000026  ...  0.000012  7.636593e+06  1.734489e+09
1     1552.010959    0.000096  0.000026  ...  0.000012  7.634116e+06  1.734489e+09
2     1552.011076    0.000097  0.000026  ...  0.000012  7.627175e+06  1.734489e+09
3     1552.011102    0.000094  0.000025  ...  0.000012  7.650601e+06  1.734489e+09
4     1552.011058    0.000096  0.000026  ...  0.000012  7.640148e+06  1.734489e+09
...           ...         ...       ...  ...       ...           ...           ...
1587  1552.010380    0.000101  0.000028  ...  0.000012  7.726711e+06  1.734505e+09
1588  1552.010392    0.000096  0.000025  ...  0.000012  7.637833e+06  1.734505e+09
1589  1552.010454    0.000096  0.000025  ...  0.000012  7.642111e+06  1.734505e+09
1590  1552.010387    0.000099  0.000027  ...  0.000012  7.630767e+06  1.734505e+09
1591  1552.010362    0.000096  0.000025  ...  0.000012  7.636310e+06  1.734505e+09

[1592 rows x 13 columns]
CHANNEL_0_10
           cbragg  cbragg_err   credchi  ...  cdelta_n            cL     timestamp
0     1553.016648    0.000087  0.000015  ...  0.000012  7.710639e+06  1.734489e+09
1     1553.016657    0.000086  0.000014  ...  0.000012  7.718428e+06  1.734489e+09
2     1553.016689    0.000087  0.000015  ...  0.000012  7.723692e+06  1.734489e+09
3     1553.016758    0.000085  0.000014  ...  0.000012  7.670636e+06  1.734489e+09
4     1553.016684    0.000089  0.000015  ...  0.000012  7.692610e+06  1.734489e+09
...           ...         ...       ...  ...       ...           ...           ...
1587  1553.016470    0.000089  0.000015  ...  0.000012  7.719721e+06  1.734505e+09
1588  1553.016547    0.000120  0.000027  ...  0.000012  7.432873e+06  1.734505e+09
1589  1553.016428    0.000088  0.000015  ...  0.000012  7.663496e+06  1.734505e+09
1590  1553.016387    0.000087  0.000015  ...  0.000012  7.724905e+06  1.734505e+09
1591  1553.016465    0.000085  0.000014  ...  0.000012  7.718144e+06  1.734505e+09

[1592 rows x 13 columns]
CHANNEL_0_11
           cbragg  cbragg_err   credchi  ...  cdelta_n            cL     timestamp
0     1554.025233    0.000074  0.000013  ...  0.000012  7.640120e+06  1.734489e+09
1     1554.025384    0.000070  0.000012  ...  0.000012  7.654031e+06  1.734489e+09
2     1554.025343    0.000069  0.000012  ...  0.000012  7.657559e+06  1.734489e+09
3     1554.025432    0.000070  0.000012  ...  0.000012  7.621398e+06  1.734489e+09
4     1554.025546    0.000071  0.000013  ...  0.000012  7.672368e+06  1.734489e+09
...           ...         ...       ...  ...       ...           ...           ...
1587  1554.024837    0.000071  0.000012  ...  0.000012  7.614214e+06  1.734505e+09
1588  1554.024769    0.000071  0.000012  ...  0.000012  7.631770e+06  1.734505e+09
1589  1554.024827    0.000073  0.000013  ...  0.000012  7.624212e+06  1.734505e+09
1590  1554.024842    0.000071  0.000012  ...  0.000012  7.646998e+06  1.734505e+09
1591  1554.024829    0.000072  0.000012  ...  0.000012  7.638664e+06  1.734505e+09

[1592 rows x 13 columns]
CHANNEL_0_12
           cbragg  cbragg_err   credchi  ...  cdelta_n            cL     timestamp
0     1555.048464    0.000128  0.000049  ...  0.000012  7.497954e+06  1.734489e+09
1     1555.048523    0.000158  0.000079  ...  0.000012  7.793895e+06  1.734489e+09
2     1555.048759    0.000126  0.000048  ...  0.000012  7.502874e+06  1.734489e+09
3     1555.048678    0.000128  0.000049  ...  0.000012  7.505746e+06  1.734489e+09
4     1555.048701    0.000128  0.000048  ...  0.000012  7.491535e+06  1.734489e+09
...           ...         ...       ...  ...       ...           ...           ...
1587  1555.048250    0.000128  0.000049  ...  0.000012  7.500449e+06  1.734505e+09
1588  1555.048182    0.000131  0.000052  ...  0.000012  7.507482e+06  1.734505e+09
1589  1555.048236    0.000128  0.000049  ...  0.000012  7.494999e+06  1.734505e+09
1590  1555.048218    0.000127  0.000049  ...  0.000012  7.522954e+06  1.734505e+09
1591  1555.048260    0.000132  0.000052  ...  0.000012  7.501773e+06  1.734505e+09

[1592 rows x 13 columns]
CHANNEL_0_13
           cbragg  cbragg_err   credchi  ...  cdelta_n            cL     timestamp
0     1556.027323    0.000137  0.000049  ...  0.000012  7.675313e+06  1.734489e+09
1     1556.027262    0.000136  0.000048  ...  0.000012  7.661429e+06  1.734489e+09
2     1556.027452    0.000136  0.000048  ...  0.000012  7.682071e+06  1.734489e+09
3     1556.027473    0.000136  0.000049  ...  0.000012  7.679257e+06  1.734489e+09
4     1556.027367    0.000138  0.000050  ...  0.000012  7.676375e+06  1.734489e+09
...           ...         ...       ...  ...       ...           ...           ...
1587  1556.026840    0.000136  0.000048  ...  0.000012  7.651005e+06  1.734505e+09
1588  1556.026925    0.000138  0.000050  ...  0.000012  7.655254e+06  1.734505e+09
1589  1556.026834    0.000138  0.000050  ...  0.000012  7.664715e+06  1.734505e+09
1590  1556.026940    0.000139  0.000051  ...  0.000012  7.622659e+06  1.734505e+09
1591  1556.026850    0.000135  0.000048  ...  0.000012  7.640837e+06  1.734505e+09

[1592 rows x 13 columns]
CHANNEL_0_14
           cbragg  cbragg_err   credchi  ...  cdelta_n            cL     timestamp
0     1556.992904    0.000103  0.000027  ...  0.000012  7.689283e+06  1.734489e+09
1     1556.992929    0.000103  0.000026  ...  0.000012  7.674373e+06  1.734489e+09
2     1556.992982    0.000103  0.000027  ...  0.000012  7.678278e+06  1.734489e+09
3     1556.992977    0.000103  0.000027  ...  0.000012  7.685840e+06  1.734489e+09
4     1556.992992    0.000104  0.000027  ...  0.000012  7.677397e+06  1.734489e+09
...           ...         ...       ...  ...       ...           ...           ...
1587  1556.992644    0.000102  0.000026  ...  0.000012  7.687209e+06  1.734505e+09
1588  1556.992512    0.000102  0.000026  ...  0.000012  7.698094e+06  1.734505e+09
1589  1556.992693    0.000102  0.000026  ...  0.000012  7.690304e+06  1.734505e+09
1590  1556.992486    0.000102  0.000026  ...  0.000012  7.694490e+06  1.734505e+09
1591  1556.992462    0.000103  0.000026  ...  0.000012  7.691357e+06  1.734505e+09

[1592 rows x 13 columns]
CHANNEL_1_1
           cbragg  cbragg_err   credchi  ...  cdelta_n            cL     timestamp
0     1556.244463    0.000252  0.000052  ...  0.000012  2.552911e+06  1.734489e+09
1     1556.244576    0.000326  0.000086  ...  0.000012  2.529140e+06  1.734489e+09
2     1556.242377    0.001100  0.002166  ...  0.000012  3.431209e+06  1.734489e+09
3     1556.243487    0.000064  0.000004  ...  0.000012  2.676627e+06  1.734489e+09
4     1556.244280    0.000063  0.000004  ...  0.000012  2.678129e+06  1.734489e+09
...           ...         ...       ...  ...       ...           ...           ...
1587  1556.240217    0.000724  0.000767  ...  0.000012  3.137316e+06  1.734505e+09
1588  1556.240426    0.000071  0.000005  ...  0.000012  2.676591e+06  1.734505e+09
1589  1556.240376    0.000080  0.000006  ...  0.000012  2.687534e+06  1.734505e+09
1590  1556.241033    0.000089  0.000007  ...  0.000012  2.645082e+06  1.734505e+09
1591  1556.241222    0.000176  0.000027  ...  0.000012  2.588289e+06  1.734505e+09

[1592 rows x 13 columns]
CHANNEL_1_2
           cbragg  cbragg_err   credchi  ...  cdelta_n            cL     timestamp
0     1558.179727    0.000760  0.001339  ...  0.000012  3.334404e+06  1.734489e+09
1     1558.180691    0.000533  0.000298  ...  0.000012  2.525832e+06  1.734489e+09
2     1558.180354    0.000119  0.000020  ...  0.000012  2.788180e+06  1.734489e+09
3     1558.179909    0.000440  0.000373  ...  0.000012  3.096921e+06  1.734489e+09
4     1558.180492    0.000140  0.000027  ...  0.000012  2.752694e+06  1.734489e+09
...           ...         ...       ...  ...       ...           ...           ...
1587  1558.180821    0.000115  0.000019  ...  0.000012  2.789887e+06  1.734505e+09
1588  1558.180717    0.000128  0.000025  ...  0.000012  2.851474e+06  1.734505e+09
1589  1558.180726    0.000779  0.001273  ...  0.000012  3.258611e+06  1.734505e+09
1590  1558.179480    0.001251  0.004115  ...  0.000012  3.636949e+06  1.734505e+09
1591  1558.180723    0.000115  0.000019  ...  0.000012  2.827357e+06  1.734505e+09

[1592 rows x 13 columns]
CHANNEL_1_3
           cbragg  cbragg_err   credchi  ...  cdelta_n            cL     timestamp
0     1560.992782    0.000499  0.000455  ...  0.000012  3.173573e+06  1.734489e+09
1     1560.992862    0.000051  0.000004  ...  0.000012  2.915387e+06  1.734489e+09
2     1560.993266    0.000798  0.001463  ...  0.000012  3.459812e+06  1.734489e+09
3     1560.992512    0.000098  0.000015  ...  0.000012  2.901891e+06  1.734489e+09
4     1560.993024    0.000125  0.000026  ...  0.000012  3.003703e+06  1.734489e+09
...           ...         ...       ...  ...       ...           ...           ...
1587  1560.992714    0.000043  0.000003  ...  0.000012  2.933910e+06  1.734505e+09
1588  1560.992554    0.000060  0.000006  ...  0.000012  2.965593e+06  1.734505e+09
1589  1560.992493    0.000506  0.000524  ...  0.000012  3.265734e+06  1.734505e+09
1590  1560.992746    0.000907  0.001906  ...  0.000012  3.499784e+06  1.734505e+09
1591  1560.992620    0.000048  0.000004  ...  0.000012  2.927461e+06  1.734505e+09

[1592 rows x 13 columns]
CHANNEL_2_1
           cbragg  cbragg_err   credchi  ...  cdelta_n            cL     timestamp
0     1543.650158    0.000075  0.000006  ...  0.000012  2.780222e+06  1.734489e+09
1     1543.650218    0.000073  0.000005  ...  0.000012  2.782287e+06  1.734489e+09
2     1543.650652    0.000075  0.000006  ...  0.000012  2.780868e+06  1.734489e+09
3     1543.679812    0.015829  0.004503  ...  0.000012  1.102682e+06  1.734489e+09
4     1543.650557    0.000082  0.000005  ...  0.000012  2.783256e+06  1.734489e+09
...           ...         ...       ...  ...       ...           ...           ...
1587  1543.650393         NaN  0.000863  ...  0.000012  2.191422e+06  1.734505e+09
1588  1543.662495    0.013664  0.004522  ...  0.000012  1.099493e+06  1.734505e+09
1589  1543.660702         NaN  0.003048  ...  0.000012  1.526199e+06  1.734505e+09
1590  1543.661923    0.013879  0.004518  ...  0.000012  1.099374e+06  1.734505e+09
1591  1543.647438    0.000077  0.000006  ...  0.000012  2.777504e+06  1.734505e+09

[1592 rows x 13 columns]
CHANNEL_2_2
           cbragg  cbragg_err   credchi  ...  cdelta_n            cL     timestamp
0     1545.897467    0.000139  0.000016  ...  0.000012  2.680326e+06  1.734489e+09
1     1545.897492    0.000308  0.000087  ...  0.000012  2.794974e+06  1.734489e+09
2     1545.897697    0.000397  0.000118  ...  0.000012  2.543687e+06  1.734489e+09
3     1545.897490    0.000136  0.000015  ...  0.000012  2.670089e+06  1.734489e+09
4     1545.896817    0.000912  0.001259  ...  0.000012  3.310570e+06  1.734489e+09
...           ...         ...       ...  ...       ...           ...           ...
1587  1545.897557    0.000530  0.000322  ...  0.000012  2.996057e+06  1.734505e+09
1588  1545.898184    0.000315  0.000069  ...  0.000012  2.529024e+06  1.734505e+09
1589  1545.897842    0.000141  0.000017  ...  0.000012  2.660904e+06  1.734505e+09
1590  1545.898403    0.000313  0.000067  ...  0.000012  2.526965e+06  1.734505e+09
1591  1545.898005    0.000139  0.000016  ...  0.000012  2.684821e+06  1.734505e+09

[1592 rows x 13 columns]
CHANNEL_2_3
           cbragg  cbragg_err   credchi  ...  cdelta_n            cL     timestamp
0     1548.495686    0.000092  0.000009  ...  0.000012  2.911045e+06  1.734489e+09
1     1548.496011    0.000201  0.000045  ...  0.000012  3.009246e+06  1.734489e+09
2     1548.495580    0.000086  0.000008  ...  0.000012  2.908342e+06  1.734489e+09
3     1548.495484    0.000098  0.000010  ...  0.000012  2.901824e+06  1.734489e+09
4     1548.495978    0.000170  0.000033  ...  0.000012  3.000824e+06  1.734489e+09
...           ...         ...       ...  ...       ...           ...           ...
1587  1548.495729    0.000151  0.000023  ...  0.000012  2.863467e+06  1.734505e+09
1588  1548.495418    0.000091  0.000009  ...  0.000012  2.910343e+06  1.734505e+09
1589  1548.495816    0.000831  0.001126  ...  0.000012  3.468306e+06  1.734505e+09
1590  1548.495452    0.000491  0.000322  ...  0.000012  3.190020e+06  1.734505e+09
1591  1548.495570    0.000088  0.000008  ...  0.000012  2.914045e+06  1.734505e+09

[1592 rows x 13 columns]
CHANNEL_3_1
           cbragg  cbragg_err   credchi  ...  cdelta_n            cL     timestamp
0     1544.162118    0.000110  0.000018  ...  0.000012  7.891816e+06  1.734489e+09
1     1544.162057    0.000109  0.000019  ...  0.000012  7.886260e+06  1.734489e+09
2     1544.161996    0.000120  0.000018  ...  0.000012  7.887969e+06  1.734489e+09
3     1544.162053    0.000152  0.000018  ...  0.000012  7.890751e+06  1.734489e+09
4     1544.162106    0.000159  0.000018  ...  0.000012  7.888765e+06  1.734489e+09
...           ...         ...       ...  ...       ...           ...           ...
1587  1544.160588    0.000124  0.000019  ...  0.000012  7.899280e+06  1.734505e+09
1588  1544.160746    0.000279  0.000018  ...  0.000012  7.882688e+06  1.734505e+09
1589  1544.160661    0.000110  0.000018  ...  0.000012  7.900286e+06  1.734505e+09
1590  1544.160653    0.000105  0.000018  ...  0.000012  7.896166e+06  1.734505e+09
1591  1544.160586    0.000112  0.000018  ...  0.000012  7.895667e+06  1.734505e+09

[1592 rows x 13 columns]
CHANNEL_3_2
           cbragg  cbragg_err   credchi  ...  cdelta_n            cL     timestamp
0     1545.073049    0.000119  0.000041  ...  0.000012  7.807143e+06  1.734489e+09
1     1545.073100    0.000140  0.000042  ...  0.000012  7.808764e+06  1.734489e+09
2     1545.073061    0.000164  0.000041  ...  0.000012  7.792237e+06  1.734489e+09
3     1545.073025    0.000207  0.000040  ...  0.000012  7.817859e+06  1.734489e+09
4     1545.072960    0.000112  0.000042  ...  0.000012  7.800245e+06  1.734489e+09
...           ...         ...       ...  ...       ...           ...           ...
1587  1545.071512    0.000127  0.000040  ...  0.000012  7.805748e+06  1.734505e+09
1588  1545.071556    0.000133  0.000042  ...  0.000012  7.791357e+06  1.734505e+09
1589  1545.071632    0.000110  0.000040  ...  0.000012  7.807901e+06  1.734505e+09
1590  1545.071604    0.000111  0.000040  ...  0.000012  7.812904e+06  1.734505e+09
1591  1545.071580    0.000514  0.000041  ...  0.000012  7.809794e+06  1.734505e+09

[1592 rows x 13 columns]
CHANNEL_3_3
           cbragg  cbragg_err   credchi  ...  cdelta_n            cL     timestamp
0     1545.836559    0.000106  0.000024  ...  0.000012  7.641246e+06  1.734489e+09
1     1545.836726    0.000110  0.000026  ...  0.000012  7.623478e+06  1.734489e+09
2     1545.836457    0.000110  0.000026  ...  0.000012  7.621471e+06  1.734489e+09
3     1545.836565    0.000113  0.000027  ...  0.000012  7.626770e+06  1.734489e+09
4     1545.836498    0.000109  0.000025  ...  0.000012  7.629512e+06  1.734489e+09
...           ...         ...       ...  ...       ...           ...           ...
1587  1545.835347    0.000109  0.000026  ...  0.000012  7.588963e+06  1.734505e+09
1588  1545.835414    0.000110  0.000026  ...  0.000012  7.631738e+06  1.734505e+09
1589  1545.835298    0.000108  0.000025  ...  0.000012  7.632430e+06  1.734505e+09
1590  1545.835351    0.000107  0.000025  ...  0.000012  7.635486e+06  1.734505e+09
1591  1545.835330    0.000110  0.000026  ...  0.000012  7.642663e+06  1.734505e+09

[1592 rows x 13 columns]
CHANNEL_3_4
           cbragg  cbragg_err   credchi  ...  cdelta_n            cL     timestamp
0     1546.681292    0.000096  0.000026  ...  0.000012  7.734539e+06  1.734489e+09
1     1546.681229    0.000095  0.000026  ...  0.000012  7.753478e+06  1.734489e+09
2     1546.681089    0.000097  0.000027  ...  0.000012  7.734734e+06  1.734489e+09
3     1546.681055    0.000097  0.000027  ...  0.000012  7.726343e+06  1.734489e+09
4     1546.681148    0.000097  0.000027  ...  0.000012  7.733816e+06  1.734489e+09
...           ...         ...       ...  ...       ...           ...           ...
1587  1546.679872    0.000098  0.000026  ...  0.000012  7.724872e+06  1.734505e+09
1588  1546.679925    0.000095  0.000025  ...  0.000012  7.755769e+06  1.734505e+09
1589  1546.679962    0.000097  0.000026  ...  0.000012  7.739823e+06  1.734505e+09
1590  1546.679827    0.000096  0.000025  ...  0.000012  7.736029e+06  1.734505e+09
1591  1546.679804    0.000098  0.000027  ...  0.000012  7.747209e+06  1.734505e+09

[1592 rows x 13 columns]
CHANNEL_3_5
           cbragg  cbragg_err   credchi  ...  cdelta_n            cL     timestamp
0     1547.702866    0.000078  0.000015  ...  0.000012  7.581541e+06  1.734489e+09
1     1547.702899    0.000077  0.000015  ...  0.000012  7.581542e+06  1.734489e+09
2     1547.702830    0.000078  0.000015  ...  0.000012  7.580725e+06  1.734489e+09
3     1547.702878    0.000078  0.000015  ...  0.000012  7.585027e+06  1.734489e+09
4     1547.702773    0.000077  0.000015  ...  0.000012  7.576897e+06  1.734489e+09
...           ...         ...       ...  ...       ...           ...           ...
1587  1547.701998    0.000076  0.000015  ...  0.000012  7.584105e+06  1.734505e+09
1588  1547.701983    0.000076  0.000015  ...  0.000012  7.584503e+06  1.734505e+09
1589  1547.702048    0.000076  0.000015  ...  0.000012  7.579949e+06  1.734505e+09
1590  1547.701900    0.000079  0.000016  ...  0.000012  7.610039e+06  1.734505e+09
1591  1547.701949    0.000078  0.000016  ...  0.000012  7.580631e+06  1.734505e+09

[1592 rows x 13 columns]
CHANNEL_3_6
           cbragg  cbragg_err   credchi  ...  cdelta_n            cL     timestamp
0     1548.684096    0.000078  0.000013  ...  0.000012  7.824464e+06  1.734489e+09
1     1548.684143    0.000079  0.000013  ...  0.000012  7.816006e+06  1.734489e+09
2     1548.683980    0.000079  0.000013  ...  0.000012  7.821687e+06  1.734489e+09
3     1548.683991    0.000079  0.000013  ...  0.000012  7.818945e+06  1.734489e+09
4     1548.684070    0.000080  0.000013  ...  0.000012  7.816630e+06  1.734489e+09
...           ...         ...       ...  ...       ...           ...           ...
1587  1548.683038    0.000077  0.000012  ...  0.000012  7.827555e+06  1.734505e+09
1588  1548.683018    0.000091  0.000017  ...  0.000012  7.630275e+06  1.734505e+09
1589  1548.682926    0.000078  0.000012  ...  0.000012  7.831474e+06  1.734505e+09
1590  1548.682994    0.000078  0.000012  ...  0.000012  7.825911e+06  1.734505e+09
1591  1548.682916    0.000078  0.000013  ...  0.000012  7.829005e+06  1.734505e+09

[1592 rows x 13 columns]
CHANNEL_3_7
           cbragg  cbragg_err   credchi  ...  cdelta_n            cL     timestamp
0     1549.710820    0.000089  0.000024  ...  0.000012  7.550864e+06  1.734489e+09
1     1549.710762    0.000087  0.000024  ...  0.000012  7.557222e+06  1.734489e+09
2     1549.710703    0.000088  0.000024  ...  0.000012  7.543097e+06  1.734489e+09
3     1549.710745    0.000088  0.000024  ...  0.000012  7.558496e+06  1.734489e+09
4     1549.710855    0.000088  0.000024  ...  0.000012  7.550077e+06  1.734489e+09
...           ...         ...       ...  ...       ...           ...           ...
1587  1549.709901    0.000089  0.000025  ...  0.000012  7.545303e+06  1.734505e+09
1588  1549.709931    0.000089  0.000025  ...  0.000012  7.536979e+06  1.734505e+09
1589  1549.709852    0.000088  0.000024  ...  0.000012  7.545563e+06  1.734505e+09
1590  1549.709773    0.000089  0.000025  ...  0.000012  7.545318e+06  1.734505e+09
1591  1549.709831    0.000089  0.000024  ...  0.000012  7.546392e+06  1.734505e+09

[1592 rows x 13 columns]
CHANNEL_3_8
           cbragg  cbragg_err   credchi  ...  cdelta_n            cL     timestamp
0     1550.656152    0.000091  0.000012  ...  0.000012  7.725484e+06  1.734489e+09
1     1550.656175    0.000089  0.000012  ...  0.000012  7.725973e+06  1.734489e+09
2     1550.656310    0.000091  0.000012  ...  0.000012  7.726197e+06  1.734489e+09
3     1550.656321    0.000090  0.000012  ...  0.000012  7.716412e+06  1.734489e+09
4     1550.656220    0.000090  0.000012  ...  0.000012  7.730010e+06  1.734489e+09
...           ...         ...       ...  ...       ...           ...           ...
1587  1550.656222    0.000091  0.000012  ...  0.000012  7.730431e+06  1.734505e+09
1588  1550.656194    0.000091  0.000012  ...  0.000012  7.713266e+06  1.734505e+09
1589  1550.656175    0.000090  0.000012  ...  0.000012  7.718671e+06  1.734505e+09
1590  1550.656185    0.000089  0.000012  ...  0.000012  7.720477e+06  1.734505e+09
1591  1550.656153    0.000090  0.000012  ...  0.000012  7.723270e+06  1.734505e+09

[1592 rows x 13 columns]
CHANNEL_3_9
           cbragg  cbragg_err   credchi  ...  cdelta_n            cL     timestamp
0     1551.658799    0.000091  0.000020  ...  0.000012  7.662562e+06  1.734489e+09
1     1551.658881    0.000090  0.000019  ...  0.000012  7.659776e+06  1.734489e+09
2     1551.658891    0.000091  0.000020  ...  0.000012  7.658401e+06  1.734489e+09
3     1551.658862    0.000092  0.000020  ...  0.000012  7.665370e+06  1.734489e+09
4     1551.658848    0.000091  0.000020  ...  0.000012  7.646419e+06  1.734489e+09
...           ...         ...       ...  ...       ...           ...           ...
1587  1551.658435    0.000089  0.000019  ...  0.000012  7.661961e+06  1.734505e+09
1588  1551.658451    0.000090  0.000019  ...  0.000012  7.661522e+06  1.734505e+09
1589  1551.658544    0.000089  0.000019  ...  0.000012  7.670306e+06  1.734505e+09
1590  1551.658379    0.000090  0.000020  ...  0.000012  7.659276e+06  1.734505e+09
1591  1551.658429    0.000090  0.000019  ...  0.000012  7.657142e+06  1.734505e+09

[1592 rows x 13 columns]
CHANNEL_3_10
           cbragg  cbragg_err   credchi  ...  cdelta_n            cL     timestamp
0     1552.660838    0.000106  0.000016  ...  0.000012  7.816697e+06  1.734489e+09
1     1552.660754    0.000107  0.000016  ...  0.000012  7.793949e+06  1.734489e+09
2     1552.660978    0.000106  0.000016  ...  0.000012  7.788821e+06  1.734489e+09
3     1552.660985    0.000105  0.000015  ...  0.000012  7.717804e+06  1.734489e+09
4     1552.661028    0.000107  0.000016  ...  0.000012  7.772083e+06  1.734489e+09
...           ...         ...       ...  ...       ...           ...           ...
1587  1552.661018    0.000106  0.000016  ...  0.000012  7.779569e+06  1.734505e+09
1588  1552.661017    0.000106  0.000016  ...  0.000012  7.765323e+06  1.734505e+09
1589  1552.661006    0.000105  0.000016  ...  0.000012  7.788636e+06  1.734505e+09
1590  1552.660882    0.000171  0.000039  ...  0.000012  7.366079e+06  1.734505e+09
1591  1552.660953    0.000106  0.000016  ...  0.000012  7.781358e+06  1.734505e+09

[1592 rows x 13 columns]
CHANNEL_3_11
           cbragg  cbragg_err   credchi  ...  cdelta_n            cL     timestamp
0     1553.629027    0.000128  0.000037  ...  0.000012  7.885071e+06  1.734489e+09
1     1553.629116    0.000127  0.000036  ...  0.000012  7.886085e+06  1.734489e+09
2     1553.629006    0.000128  0.000037  ...  0.000012  7.891202e+06  1.734489e+09
3     1553.629027    0.000128  0.000037  ...  0.000012  7.885814e+06  1.734489e+09
4     1553.629290    0.000128  0.000037  ...  0.000012  7.876481e+06  1.734489e+09
...           ...         ...       ...  ...       ...           ...           ...
1587  1553.628519    0.000128  0.000036  ...  0.000012  7.896056e+06  1.734505e+09
1588  1553.628316    0.000127  0.000035  ...  0.000012  7.887436e+06  1.734505e+09
1589  1553.628442    0.000127  0.000035  ...  0.000012  7.896907e+06  1.734505e+09
1590  1553.628323    0.000127  0.000036  ...  0.000012  7.891454e+06  1.734505e+09
1591  1553.628368    0.000128  0.000036  ...  0.000012  7.889540e+06  1.734505e+09

[1592 rows x 13 columns]
CHANNEL_3_12
           cbragg  cbragg_err   credchi  ...  cdelta_n            cL     timestamp
0     1554.605403    0.000097  0.000014  ...  0.000012  7.844835e+06  1.734489e+09
1     1554.605273    0.000099  0.000015  ...  0.000012  7.845624e+06  1.734489e+09
2     1554.605503    0.000098  0.000015  ...  0.000012  7.838040e+06  1.734489e+09
3     1554.605559    0.000103  0.000016  ...  0.000012  7.834376e+06  1.734489e+09
4     1554.605397    0.000099  0.000015  ...  0.000012  7.843614e+06  1.734489e+09
...           ...         ...       ...  ...       ...           ...           ...
1587  1554.605402    0.000099  0.000015  ...  0.000012  7.838636e+06  1.734505e+09
1588  1554.605207    0.000100  0.000016  ...  0.000012  7.833280e+06  1.734505e+09
1589  1554.605249    0.000101  0.000016  ...  0.000012  7.838891e+06  1.734505e+09
1590  1554.605204    0.000101  0.000016  ...  0.000012  7.839016e+06  1.734505e+09
1591  1554.605302    0.000100  0.000016  ...  0.000012  7.843057e+06  1.734505e+09

[1592 rows x 13 columns]
CHANNEL_3_13
           cbragg  cbragg_err   credchi  ...  cdelta_n            cL     timestamp
0     1555.617032    0.000086  0.000017  ...  0.000012  7.573047e+06  1.734489e+09
1     1555.617123    0.000086  0.000017  ...  0.000012  7.561082e+06  1.734489e+09
2     1555.617204    0.000083  0.000016  ...  0.000012  7.579118e+06  1.734489e+09
3     1555.617264    0.000084  0.000016  ...  0.000012  7.571434e+06  1.734489e+09
4     1555.617109    0.000085  0.000016  ...  0.000012  7.570488e+06  1.734489e+09
...           ...         ...       ...  ...       ...           ...           ...
1587  1555.616687    0.000085  0.000016  ...  0.000012  7.566666e+06  1.734505e+09
1588  1555.616628    0.000087  0.000017  ...  0.000012  7.515714e+06  1.734505e+09
1589  1555.616666    0.000083  0.000015  ...  0.000012  7.561530e+06  1.734505e+09
1590  1555.616506    0.000087  0.000017  ...  0.000012  7.561229e+06  1.734505e+09
1591  1555.616518    0.000084  0.000016  ...  0.000012  7.581284e+06  1.734505e+09

[1592 rows x 13 columns]
CHANNEL_3_14
           cbragg  cbragg_err   credchi  ...  cdelta_n            cL     timestamp
0     1556.566704    0.000188  0.000052  ...  0.000012  7.776744e+06  1.734489e+09
1     1556.566742    0.000189  0.000053  ...  0.000012  7.777264e+06  1.734489e+09
2     1556.566747    0.000189  0.000053  ...  0.000012  7.781462e+06  1.734489e+09
3     1556.566749    0.000187  0.000052  ...  0.000012  7.763834e+06  1.734489e+09
4     1556.566888    0.000184  0.000050  ...  0.000012  7.773973e+06  1.734489e+09
...           ...         ...       ...  ...       ...           ...           ...
1587  1556.566680    0.000188  0.000052  ...  0.000012  7.776203e+06  1.734505e+09
1588  1556.566626    0.000189  0.000053  ...  0.000012  7.780425e+06  1.734505e+09
1589  1556.566753    0.000188  0.000053  ...  0.000012  7.774777e+06  1.734505e+09
1590  1556.566487    0.000184  0.000050  ...  0.000012  7.772965e+06  1.734505e+09
1591  1556.566571    0.000182  0.000049  ...  0.000012  7.776395e+06  1.734505e+09

[1592 rows x 13 columns]
