CHANNEL_0_1
        cbragg  cbragg_err   credchi  ...  cdelta_n            cL     timestamp
0  1544.646596    0.000102  0.000066  ...  0.000012  7.661129e+06  1.734559e+09
1  1544.637696    0.000105  0.000039  ...  0.000012  7.714960e+06  1.734559e+09

[2 rows x 13 columns]
CHANNEL_0_2
       cbragg  cbragg_err   credchi  ...  cdelta_n            cL     timestamp
0  1545.47867    0.000094  0.000017  ...  0.000012  7.628911e+06  1.734559e+09
1  1545.47576    0.000101  0.000028  ...  0.000012  7.628887e+06  1.734559e+09

[2 rows x 13 columns]
CHANNEL_0_3
        cbragg  cbragg_err   credchi  ...  cdelta_n            cL     timestamp
0  1546.234367    0.000103  0.000052  ...  0.000012  7.629976e+06  1.734559e+09
1  1546.228266    0.000109  0.000034  ...  0.000012  7.666974e+06  1.734559e+09

[2 rows x 13 columns]
CHANNEL_0_4
        cbragg  cbragg_err   credchi  ...  cdelta_n            cL     timestamp
0  1547.110210    0.000112  0.000042  ...  0.000012  7.865490e+06  1.734559e+09
1  1547.108652    0.000111  0.000053  ...  0.000012  7.819318e+06  1.734559e+09

[2 rows x 13 columns]
CHANNEL_0_5
        cbragg  cbragg_err   credchi  ...  cdelta_n            cL     timestamp
0  1548.088062    0.000121  0.000088  ...  0.000012  8.010201e+06  1.734559e+09
1  1548.079409    0.000078  0.000023  ...  0.000012  7.811104e+06  1.734559e+09

[2 rows x 13 columns]
CHANNEL_0_6
        cbragg  cbragg_err   credchi  ...  cdelta_n            cL     timestamp
0  1549.063242    0.000079  0.000027  ...  0.000012  7.450346e+06  1.734559e+09
1  1549.066058    0.000213  0.000271  ...  0.000012  7.964512e+06  1.734559e+09

[2 rows x 13 columns]
CHANNEL_0_7
        cbragg  cbragg_err   credchi  ...  cdelta_n            cL     timestamp
0  1550.069086    0.000125  0.000049  ...  0.000012  7.649844e+06  1.734559e+09
1  1550.061759    0.000124  0.000046  ...  0.000012  7.659617e+06  1.734559e+09

[2 rows x 13 columns]
CHANNEL_0_8
        cbragg  cbragg_err   credchi  ...  cdelta_n            cL     timestamp
0  1551.042689    0.000075  0.000021  ...  0.000012  7.568321e+06  1.734559e+09
1  1551.036059    0.000076  0.000015  ...  0.000012  7.620713e+06  1.734559e+09

[2 rows x 13 columns]
CHANNEL_0_9
        cbragg  cbragg_err   credchi  ...  cdelta_n            cL     timestamp
0  1552.024290    0.000097  0.000025  ...  0.000012  7.636248e+06  1.734559e+09
1  1552.021759    0.000096  0.000026  ...  0.000012  7.649342e+06  1.734559e+09

[2 rows x 13 columns]
CHANNEL_0_10
       cbragg  cbragg_err   credchi  ...  cdelta_n            cL     timestamp
0  1553.03131    0.000085  0.000015  ...  0.000012  7.725967e+06  1.734559e+09
1  1553.02516    0.000084  0.000016  ...  0.000012  7.686827e+06  1.734559e+09

[2 rows x 13 columns]
CHANNEL_0_11
        cbragg  cbragg_err   credchi  ...  cdelta_n            cL     timestamp
0  1554.038823    0.000070  0.000012  ...  0.000012  7.631109e+06  1.734559e+09
1  1554.037978    0.000072  0.000010  ...  0.000012  7.605131e+06  1.734559e+09

[2 rows x 13 columns]
CHANNEL_0_12
        cbragg  cbragg_err   credchi  ...  cdelta_n            cL     timestamp
0  1555.063282    0.000128  0.000053  ...  0.000012  7.509083e+06  1.734559e+09
1  1555.060400    0.000124  0.000058  ...  0.000012  7.514510e+06  1.734559e+09

[2 rows x 13 columns]
CHANNEL_0_13
        cbragg  cbragg_err   credchi  ...  cdelta_n            cL     timestamp
0  1556.040650    0.000140  0.000052  ...  0.000012  7.654680e+06  1.734559e+09
1  1556.033312    0.000148  0.000033  ...  0.000012  7.673295e+06  1.734559e+09

[2 rows x 13 columns]
CHANNEL_0_14
        cbragg  cbragg_err   credchi  ...  cdelta_n            cL     timestamp
0  1557.006701    0.000103  0.000027  ...  0.000012  7.694933e+06  1.734559e+09
1  1557.008838    0.000131  0.000075  ...  0.000012  7.829705e+06  1.734559e+09

[2 rows x 13 columns]
CHANNEL_1_1
        cbragg  cbragg_err   credchi  ...  cdelta_n            cL     timestamp
0  1556.236099    0.000063  0.000004  ...  0.000012  2.673259e+06  1.734559e+09
1  1556.233773    0.000071  0.000005  ...  0.000012  2.672840e+06  1.734559e+09

[2 rows x 13 columns]
CHANNEL_1_2
        cbragg  cbragg_err   credchi  ...  cdelta_n            cL     timestamp
0  1558.189225    0.001105  0.003331  ...  0.000012  3.599661e+06  1.734559e+09
1  1558.185141    0.000968  0.002454  ...  0.000012  3.500855e+06  1.734559e+09

[2 rows x 13 columns]
CHANNEL_1_3
        cbragg  cbragg_err   credchi  ...  cdelta_n            cL     timestamp
0  1561.000881    0.000503  0.000543  ...  0.000012  3.288479e+06  1.734559e+09
1  1561.005164    0.000039  0.000003  ...  0.000012  2.940559e+06  1.734559e+09

[2 rows x 13 columns]
CHANNEL_2_1
        cbragg  cbragg_err   credchi  ...  cdelta_n            cL     timestamp
0  1543.644622    0.000151  0.000006  ...  0.000012  2.771843e+06  1.734559e+09
1  1543.643303    0.000080  0.000007  ...  0.000012  2.773847e+06  1.734559e+09

[2 rows x 13 columns]
CHANNEL_2_2
        cbragg  cbragg_err   credchi  ...  cdelta_n            cL     timestamp
0  1545.904994    0.000146  0.000017  ...  0.000012  2.669793e+06  1.734559e+09
1  1545.907327    0.000269  0.000053  ...  0.000012  2.551240e+06  1.734559e+09

[2 rows x 13 columns]
CHANNEL_2_3
        cbragg  cbragg_err   credchi  ...  cdelta_n            cL     timestamp
0  1548.505099    0.000102  0.000011  ...  0.000012  2.903469e+06  1.734559e+09
1  1548.504019    0.000721  0.000856  ...  0.000012  3.416934e+06  1.734559e+09

[2 rows x 13 columns]
CHANNEL_3_1
        cbragg  cbragg_err   credchi  ...  cdelta_n            cL     timestamp
0  1544.162684    0.000112  0.000021  ...  0.000012  7.845521e+06  1.734559e+09
1  1544.172118    0.000106  0.000028  ...  0.000012  7.820505e+06  1.734559e+09

[2 rows x 13 columns]
CHANNEL_3_2
        cbragg  cbragg_err   credchi  ...  cdelta_n            cL     timestamp
0  1545.070965    0.000119  0.000038  ...  0.000012  7.815565e+06  1.734559e+09
1  1545.078179    0.000296  0.000036  ...  0.000012  7.861991e+06  1.734559e+09

[2 rows x 13 columns]
CHANNEL_3_3
        cbragg  cbragg_err   credchi  ...  cdelta_n            cL     timestamp
0  1545.836070    0.000105  0.000026  ...  0.000012  7.632210e+06  1.734559e+09
1  1545.842159    0.000108  0.000037  ...  0.000012  7.608506e+06  1.734559e+09

[2 rows x 13 columns]
CHANNEL_3_4
        cbragg  cbragg_err   credchi  ...  cdelta_n            cL     timestamp
0  1546.682802    0.000094  0.000022  ...  0.000012  7.746012e+06  1.734559e+09
1  1546.692446    0.000095  0.000025  ...  0.000012  7.796033e+06  1.734559e+09

[2 rows x 13 columns]
CHANNEL_3_5
       cbragg  cbragg_err   credchi  ...  cdelta_n            cL     timestamp
0  1547.70703     0.00008  0.000018  ...  0.000012  7.556693e+06  1.734559e+09
1  1547.70639     0.00008  0.000015  ...  0.000012  7.584386e+06  1.734559e+09

[2 rows x 13 columns]
CHANNEL_3_6
        cbragg  cbragg_err   credchi  ...  cdelta_n            cL     timestamp
0  1548.687317    0.000077  0.000012  ...  0.000012  7.795067e+06  1.734559e+09
1  1548.697355    0.000078  0.000022  ...  0.000012  7.770993e+06  1.734559e+09

[2 rows x 13 columns]
CHANNEL_3_7
        cbragg  cbragg_err   credchi  ...  cdelta_n            cL     timestamp
0  1549.714090    0.000087  0.000024  ...  0.000012  7.541968e+06  1.734559e+09
1  1549.710519    0.000088  0.000015  ...  0.000012  7.605671e+06  1.734559e+09

[2 rows x 13 columns]
CHANNEL_3_8
        cbragg  cbragg_err   credchi  ...  cdelta_n            cL     timestamp
0  1550.660769    0.000091  0.000013  ...  0.000012  7.699795e+06  1.734559e+09
1  1550.667737    0.000087  0.000020  ...  0.000012  7.639466e+06  1.734559e+09

[2 rows x 13 columns]
CHANNEL_3_9
        cbragg  cbragg_err   credchi  ...  cdelta_n            cL     timestamp
0  1551.661339    0.000088  0.000018  ...  0.000012  7.642439e+06  1.734559e+09
1  1551.661528    0.000097  0.000015  ...  0.000012  7.698407e+06  1.734559e+09

[2 rows x 13 columns]
CHANNEL_3_10
        cbragg  cbragg_err   credchi  ...  cdelta_n            cL     timestamp
0  1552.665653    0.000106  0.000018  ...  0.000012  7.752674e+06  1.734559e+09
1  1552.670648    0.000106  0.000022  ...  0.000012  7.732366e+06  1.734559e+09

[2 rows x 13 columns]
CHANNEL_3_11
        cbragg  cbragg_err   credchi  ...  cdelta_n            cL     timestamp
0  1553.630603    0.000128  0.000034  ...  0.000012  7.909820e+06  1.734559e+09
1  1553.639769    0.000128  0.000040  ...  0.000012  7.915914e+06  1.734559e+09

[2 rows x 13 columns]
CHANNEL_3_12
        cbragg  cbragg_err   credchi  ...  cdelta_n            cL     timestamp
0  1554.610149    0.000098  0.000017  ...  0.000012  7.828457e+06  1.734559e+09
1  1554.612315    0.000098  0.000021  ...  0.000012  7.785460e+06  1.734559e+09

[2 rows x 13 columns]
CHANNEL_3_13
        cbragg  cbragg_err   credchi  ...  cdelta_n            cL     timestamp
0  1555.619025    0.000088  0.000016  ...  0.000012  7.552501e+06  1.734559e+09
1  1555.621908    0.000088  0.000014  ...  0.000012  7.597307e+06  1.734559e+09

[2 rows x 13 columns]
CHANNEL_3_14
        cbragg  cbragg_err   credchi  ...  cdelta_n            cL     timestamp
0  1556.571343    0.000191  0.000059  ...  0.000012  7.778491e+06  1.734559e+09
1  1556.575352    0.000191  0.000091  ...  0.000012  7.697106e+06  1.734559e+09

[2 rows x 13 columns]
