000 (11451992.359.000) 01/28 14:31:49 Job submitted from host: <188.185.114.121:9618?addrs=188.185.114.121-9618+[2001-1458-d00-a--100-273]-9618&alias=bigbird19.cern.ch&noUDP&sock=schedd_2045_4743>
...
040 (11451992.359.000) 01/28 15:35:25 Started transferring input files
	Transferring to host: <188.185.194.13:9618?addrs=188.185.194.13-9618+[2001-1458-303-21--100-9]-9618&alias=b9p20p8620.cern.ch&noUDP&sock=slot1_7_861339_feeb_22987>
...
040 (11451992.359.000) 01/28 15:35:25 Finished transferring input files
...
001 (11451992.359.000) 01/28 15:35:26 Job executing on host: <188.185.194.13:9618?addrs=188.185.194.13-9618+[2001-1458-303-21--100-9]-9618&alias=b9p20p8620.cern.ch&noUDP&sock=startd_6536_bb18>
	SlotName: slot1_7@b9p20p8620.cern.ch
	CondorScratchDir = "/pool/condor/dir_4149568"
	Cpus = 1
	Disk = 3934
	GPUs = 0
	Memory = 3000
...
006 (11451992.359.000) 01/28 15:35:35 Image size of job updated: 35804
	35  -  MemoryUsage of job (MB)
	35804  -  ResidentSetSize of job (KB)
...
006 (11451992.359.000) 01/28 15:40:36 Image size of job updated: 158492
	155  -  MemoryUsage of job (MB)
	158492  -  ResidentSetSize of job (KB)
...
006 (11451992.359.000) 01/28 15:45:36 Image size of job updated: 161940
	159  -  MemoryUsage of job (MB)
	161940  -  ResidentSetSize of job (KB)
...
006 (11451992.359.000) 01/28 15:50:36 Image size of job updated: 164820
	161  -  MemoryUsage of job (MB)
	164820  -  ResidentSetSize of job (KB)
...
006 (11451992.359.000) 01/28 15:55:37 Image size of job updated: 167836
	164  -  MemoryUsage of job (MB)
	167836  -  ResidentSetSize of job (KB)
...
006 (11451992.359.000) 01/28 16:00:37 Image size of job updated: 171032
	168  -  MemoryUsage of job (MB)
	171032  -  ResidentSetSize of job (KB)
...
006 (11451992.359.000) 01/28 16:05:37 Image size of job updated: 179028
	175  -  MemoryUsage of job (MB)
	179028  -  ResidentSetSize of job (KB)
...
006 (11451992.359.000) 01/28 16:10:38 Image size of job updated: 183684
	180  -  MemoryUsage of job (MB)
	183684  -  ResidentSetSize of job (KB)
...
006 (11451992.359.000) 01/28 16:15:39 Image size of job updated: 187476
	184  -  MemoryUsage of job (MB)
	187476  -  ResidentSetSize of job (KB)
...
006 (11451992.359.000) 01/28 16:20:39 Image size of job updated: 190468
	187  -  MemoryUsage of job (MB)
	190468  -  ResidentSetSize of job (KB)
...
006 (11451992.359.000) 01/28 16:25:40 Image size of job updated: 192344
	188  -  MemoryUsage of job (MB)
	192344  -  ResidentSetSize of job (KB)
...
006 (11451992.359.000) 01/28 16:30:41 Image size of job updated: 195264
	191  -  MemoryUsage of job (MB)
	195264  -  ResidentSetSize of job (KB)
...
006 (11451992.359.000) 01/28 16:35:41 Image size of job updated: 198028
	194  -  MemoryUsage of job (MB)
	198028  -  ResidentSetSize of job (KB)
...
006 (11451992.359.000) 01/28 16:40:41 Image size of job updated: 200488
	196  -  MemoryUsage of job (MB)
	200488  -  ResidentSetSize of job (KB)
...
040 (11451992.359.000) 01/28 16:41:00 Started transferring output files
...
040 (11451992.359.000) 01/28 16:41:00 Finished transferring output files
...
005 (11451992.359.000) 01/28 16:41:00 Job terminated.
	(1) Normal termination (return value 0)
		Usr 0 01:02:16, Sys 0 00:00:21  -  Run Remote Usage
		Usr 0 00:00:00, Sys 0 00:00:00  -  Run Local Usage
		Usr 0 01:02:16, Sys 0 00:00:21  -  Total Remote Usage
		Usr 0 00:00:00, Sys 0 00:00:00  -  Total Local Usage
	40250  -  Run Bytes Sent By Job
	5797  -  Run Bytes Received By Job
	40250  -  Total Bytes Sent By Job
	5797  -  Total Bytes Received By Job
	Partitionable Resources :    Usage  Request Allocated 
	   Cpus                 :     0.97        1         1 
	   Disk (KB)            :    67          10      3934 
	   GPUs                 :                           0 
	   Memory (MB)          :   196        3000      3000 

	Job terminated of its own accord at 2025-01-28T15:41:00Z with exit-code 0.
...
