000 (11451992.185.000) 01/28 14:31:49 Job submitted from host: <188.185.114.121:9618?addrs=188.185.114.121-9618+[2001-1458-d00-a--100-273]-9618&alias=bigbird19.cern.ch&noUDP&sock=schedd_2045_4743>
...
040 (11451992.185.000) 01/28 14:40:32 Started transferring input files
	Transferring to host: <188.185.192.106:9618?addrs=188.185.192.106-9618+[2001-1458-303-1f--100-66]-9618&alias=b9p13p0746.cern.ch&noUDP&sock=slot1_34_3488544_961e_65722>
...
040 (11451992.185.000) 01/28 14:40:32 Finished transferring input files
...
001 (11451992.185.000) 01/28 14:40:33 Job executing on host: <188.185.192.106:9618?addrs=188.185.192.106-9618+[2001-1458-303-1f--100-66]-9618&alias=b9p13p0746.cern.ch&noUDP&sock=startd_7301_750b>
	SlotName: slot1_34@b9p13p0746.cern.ch
	CondorScratchDir = "/pool/condor/dir_2758653"
	Cpus = 1
	Disk = 3836
	GPUs = 0
	Memory = 3000
...
006 (11451992.185.000) 01/28 14:40:41 Image size of job updated: 78128
	77  -  MemoryUsage of job (MB)
	78128  -  ResidentSetSize of job (KB)
...
006 (11451992.185.000) 01/28 14:45:41 Image size of job updated: 86500
	85  -  MemoryUsage of job (MB)
	86500  -  ResidentSetSize of job (KB)
...
006 (11451992.185.000) 01/28 14:50:42 Image size of job updated: 89316
	88  -  MemoryUsage of job (MB)
	89316  -  ResidentSetSize of job (KB)
...
006 (11451992.185.000) 01/28 14:55:42 Image size of job updated: 92480
	91  -  MemoryUsage of job (MB)
	92480  -  ResidentSetSize of job (KB)
...
006 (11451992.185.000) 01/28 15:00:42 Image size of job updated: 95332
	94  -  MemoryUsage of job (MB)
	95332  -  ResidentSetSize of job (KB)
...
006 (11451992.185.000) 01/28 15:05:43 Image size of job updated: 98312
	97  -  MemoryUsage of job (MB)
	98312  -  ResidentSetSize of job (KB)
...
006 (11451992.185.000) 01/28 15:10:44 Image size of job updated: 101716
	100  -  MemoryUsage of job (MB)
	101716  -  ResidentSetSize of job (KB)
...
006 (11451992.185.000) 01/28 15:15:44 Image size of job updated: 104764
	103  -  MemoryUsage of job (MB)
	104764  -  ResidentSetSize of job (KB)
...
006 (11451992.185.000) 01/28 15:20:44 Image size of job updated: 107888
	106  -  MemoryUsage of job (MB)
	107888  -  ResidentSetSize of job (KB)
...
006 (11451992.185.000) 01/28 15:25:45 Image size of job updated: 110988
	109  -  MemoryUsage of job (MB)
	110988  -  ResidentSetSize of job (KB)
...
006 (11451992.185.000) 01/28 15:30:45 Image size of job updated: 114300
	112  -  MemoryUsage of job (MB)
	114300  -  ResidentSetSize of job (KB)
...
006 (11451992.185.000) 01/28 15:35:45 Image size of job updated: 117928
	116  -  MemoryUsage of job (MB)
	117928  -  ResidentSetSize of job (KB)
...
006 (11451992.185.000) 01/28 15:40:46 Image size of job updated: 120552
	118  -  MemoryUsage of job (MB)
	120552  -  ResidentSetSize of job (KB)
...
006 (11451992.185.000) 01/28 15:45:47 Image size of job updated: 125884
	123  -  MemoryUsage of job (MB)
	125884  -  ResidentSetSize of job (KB)
...
006 (11451992.185.000) 01/28 15:50:47 Image size of job updated: 135980
	133  -  MemoryUsage of job (MB)
	135980  -  ResidentSetSize of job (KB)
...
006 (11451992.185.000) 01/28 15:55:48 Image size of job updated: 144020
	141  -  MemoryUsage of job (MB)
	144020  -  ResidentSetSize of job (KB)
...
006 (11451992.185.000) 01/28 16:00:49 Image size of job updated: 150964
	148  -  MemoryUsage of job (MB)
	150964  -  ResidentSetSize of job (KB)
...
006 (11451992.185.000) 01/28 16:05:49 Image size of job updated: 157064
	154  -  MemoryUsage of job (MB)
	157064  -  ResidentSetSize of job (KB)
...
006 (11451992.185.000) 01/28 16:10:50 Image size of job updated: 160516
	157  -  MemoryUsage of job (MB)
	160516  -  ResidentSetSize of job (KB)
...
006 (11451992.185.000) 01/28 16:15:51 Image size of job updated: 163092
	160  -  MemoryUsage of job (MB)
	163092  -  ResidentSetSize of job (KB)
...
006 (11451992.185.000) 01/28 16:20:51 Image size of job updated: 165636
	162  -  MemoryUsage of job (MB)
	165636  -  ResidentSetSize of job (KB)
...
006 (11451992.185.000) 01/28 16:25:51 Image size of job updated: 168300
	165  -  MemoryUsage of job (MB)
	168300  -  ResidentSetSize of job (KB)
...
006 (11451992.185.000) 01/28 16:30:52 Image size of job updated: 170952
	167  -  MemoryUsage of job (MB)
	170952  -  ResidentSetSize of job (KB)
...
006 (11451992.185.000) 01/28 16:35:52 Image size of job updated: 173616
	170  -  MemoryUsage of job (MB)
	173616  -  ResidentSetSize of job (KB)
...
006 (11451992.185.000) 01/28 16:40:52 Image size of job updated: 175636
	172  -  MemoryUsage of job (MB)
	175636  -  ResidentSetSize of job (KB)
...
006 (11451992.185.000) 01/28 16:45:53 Image size of job updated: 177820
	174  -  MemoryUsage of job (MB)
	177820  -  ResidentSetSize of job (KB)
...
006 (11451992.185.000) 01/28 16:50:54 Image size of job updated: 179528
	176  -  MemoryUsage of job (MB)
	179528  -  ResidentSetSize of job (KB)
...
006 (11451992.185.000) 01/28 16:55:54 Image size of job updated: 181768
	178  -  MemoryUsage of job (MB)
	181768  -  ResidentSetSize of job (KB)
...
006 (11451992.185.000) 01/28 17:00:55 Image size of job updated: 183716
	180  -  MemoryUsage of job (MB)
	183716  -  ResidentSetSize of job (KB)
...
006 (11451992.185.000) 01/28 17:05:56 Image size of job updated: 185976
	182  -  MemoryUsage of job (MB)
	185976  -  ResidentSetSize of job (KB)
...
006 (11451992.185.000) 01/28 17:10:56 Image size of job updated: 188240
	184  -  MemoryUsage of job (MB)
	188240  -  ResidentSetSize of job (KB)
...
040 (11451992.185.000) 01/28 17:13:18 Started transferring output files
...
040 (11451992.185.000) 01/28 17:13:18 Finished transferring output files
...
005 (11451992.185.000) 01/28 17:13:18 Job terminated.
	(1) Normal termination (return value 0)
		Usr 0 02:28:41, Sys 0 00:00:30  -  Run Remote Usage
		Usr 0 00:00:00, Sys 0 00:00:00  -  Run Local Usage
		Usr 0 02:28:41, Sys 0 00:00:30  -  Total Remote Usage
		Usr 0 00:00:00, Sys 0 00:00:00  -  Total Local Usage
	40692  -  Run Bytes Sent By Job
	5797  -  Run Bytes Received By Job
	40692  -  Total Bytes Sent By Job
	5797  -  Total Bytes Received By Job
	Partitionable Resources :    Usage  Request Allocated 
	   Cpus                 :     0.99        1         1 
	   Disk (KB)            :    68          10      3836 
	   GPUs                 :                           0 
	   Memory (MB)          :   184        3000      3000 

	Job terminated of its own accord at 2025-01-28T16:13:18Z with exit-code 0.
...
