CHANNEL_0_1
        cbragg  cbragg_err   credchi  ...  cdelta_n            cL     timestamp
0  1544.217711    0.000216  0.000044  ...  0.000012  7.696888e+06  1.737374e+09
1  1544.213705    0.000102  0.000048  ...  0.000012  7.660247e+06  1.737374e+09

[2 rows x 13 columns]
CHANNEL_0_2
        cbragg  cbragg_err   credchi  ...  cdelta_n            cL     timestamp
0  1545.171717    0.000079  0.000017  ...  0.000012  7.703608e+06  1.737374e+09
1  1545.166977    0.000089  0.000014  ...  0.000012  7.707729e+06  1.737374e+09

[2 rows x 13 columns]
CHANNEL_0_3
        cbragg  cbragg_err   credchi  ...  cdelta_n            cL     timestamp
0  1546.157692    0.000110  0.000048  ...  0.000012  7.661514e+06  1.737374e+09
1  1546.150170    0.000114  0.000043  ...  0.000012  7.610894e+06  1.737374e+09

[2 rows x 13 columns]
CHANNEL_0_4
        cbragg  cbragg_err   credchi  ...  cdelta_n            cL     timestamp
0  1547.149896    0.000118  0.000061  ...  0.000012  7.821425e+06  1.737374e+09
1  1547.145086    0.000120  0.000042  ...  0.000012  7.874400e+06  1.737374e+09

[2 rows x 13 columns]
CHANNEL_0_5
        cbragg  cbragg_err   credchi  ...  cdelta_n            cL     timestamp
0  1548.124563    0.000092  0.000032  ...  0.000012  7.672114e+06  1.737374e+09
1  1548.122512    0.000093  0.000043  ...  0.000012  7.634481e+06  1.737374e+09

[2 rows x 13 columns]
CHANNEL_0_6
        cbragg  cbragg_err   credchi  ...  cdelta_n            cL     timestamp
0  1549.109745    0.000139  0.000129  ...  0.000012  7.805401e+06  1.737374e+09
1  1549.097783    0.000075  0.000021  ...  0.000012  7.569394e+06  1.737374e+09

[2 rows x 13 columns]
CHANNEL_0_7
        cbragg  cbragg_err   credchi  ...  cdelta_n            cL     timestamp
0  1550.106581    0.000120  0.000047  ...  0.000012  7.713760e+06  1.737374e+09
1  1550.105530    0.000121  0.000041  ...  0.000012  7.635069e+06  1.737374e+09

[2 rows x 13 columns]
CHANNEL_0_8
        cbragg  cbragg_err   credchi  ...  cdelta_n            cL     timestamp
0  1551.084336    0.000072  0.000017  ...  0.000012  7.633764e+06  1.737374e+09
1  1551.079468    0.000073  0.000017  ...  0.000012  7.600027e+06  1.737374e+09

[2 rows x 13 columns]
CHANNEL_0_9
        cbragg  cbragg_err   credchi  ...  cdelta_n            cL     timestamp
0  1552.069122    0.000083  0.000023  ...  0.000012  7.722622e+06  1.737374e+09
1  1552.060364    0.000089  0.000017  ...  0.000012  7.672423e+06  1.737374e+09

[2 rows x 13 columns]
CHANNEL_0_10
        cbragg  cbragg_err  credchi  ...  cdelta_n            cL     timestamp
0  1553.070702    0.000094  0.00002  ...  0.000012  7.670590e+06  1.737374e+09
1  1553.069438    0.000095  0.00002  ...  0.000012  7.676349e+06  1.737374e+09

[2 rows x 13 columns]
CHANNEL_0_11
        cbragg  cbragg_err   credchi  ...  cdelta_n            cL     timestamp
0  1554.084746    0.000070  0.000013  ...  0.000012  7.667854e+06  1.737374e+09
1  1554.074020    0.000149  0.000036  ...  0.000012  7.323960e+06  1.737374e+09

[2 rows x 13 columns]
CHANNEL_0_12
        cbragg  cbragg_err   credchi  ...  cdelta_n            cL     timestamp
0  1555.106692    0.000111  0.000053  ...  0.000012  7.576175e+06  1.737374e+09
1  1555.100080    0.000115  0.000038  ...  0.000012  7.578902e+06  1.737374e+09

[2 rows x 13 columns]
CHANNEL_0_13
        cbragg  cbragg_err   credchi  ...  cdelta_n            cL     timestamp
0  1556.079930    0.000140  0.000035  ...  0.000012  7.693226e+06  1.737374e+09
1  1556.076248    0.000138  0.000041  ...  0.000012  7.669674e+06  1.737374e+09

[2 rows x 13 columns]
CHANNEL_0_14
        cbragg  cbragg_err   credchi  ...  cdelta_n            cL     timestamp
0  1557.053953    0.000091  0.000037  ...  0.000012  7.701577e+06  1.737374e+09
1  1557.043375    0.000089  0.000019  ...  0.000012  7.751470e+06  1.737374e+09

[2 rows x 13 columns]
CHANNEL_1_1
        cbragg  cbragg_err   credchi  ...  cdelta_n            cL     timestamp
0  1555.120410    0.000846  0.000915  ...  0.000012  3.155611e+06  1.737374e+09
1  1555.123192    0.000112  0.000010  ...  0.000012  2.616851e+06  1.737374e+09

[2 rows x 13 columns]
CHANNEL_1_2
        cbragg  cbragg_err   credchi  ...  cdelta_n            cL     timestamp
0  1558.269771    0.000807  0.001521  ...  0.000012  3.363933e+06  1.737374e+09
1  1558.271612    0.000220  0.000063  ...  0.000012  2.698087e+06  1.737374e+09

[2 rows x 13 columns]
CHANNEL_1_3
        cbragg  cbragg_err   credchi  ...  cdelta_n            cL     timestamp
0  1561.084192    0.000322  0.000146  ...  0.000012  2.778502e+06  1.737374e+09
1  1561.083712    0.000044  0.000003  ...  0.000012  2.939991e+06  1.737374e+09

[2 rows x 13 columns]
CHANNEL_2_1
        cbragg  cbragg_err   credchi  ...  cdelta_n            cL     timestamp
0  1542.569298    0.000059  0.000003  ...  0.000012  2.753358e+06  1.737374e+09
1  1542.569502    0.000055  0.000002  ...  0.000012  2.752326e+06  1.737374e+09

[2 rows x 13 columns]
CHANNEL_2_2
        cbragg  cbragg_err   credchi  ...  cdelta_n            cL     timestamp
0  1546.003984    0.000161  0.000020  ...  0.000012  2.698899e+06  1.737374e+09
1  1546.003934    0.000145  0.000017  ...  0.000012  2.652295e+06  1.737374e+09

[2 rows x 13 columns]
CHANNEL_2_3
        cbragg  cbragg_err   credchi  ...  cdelta_n            cL     timestamp
0  1548.595671    0.000278  0.000087  ...  0.000012  3.039751e+06  1.737374e+09
1  1548.598793    0.001083  0.002220  ...  0.000012  3.705905e+06  1.737374e+09

[2 rows x 13 columns]
CHANNEL_3_1
        cbragg  cbragg_err   credchi  ...  cdelta_n            cL     timestamp
0  1543.626757    0.000105  0.000022  ...  0.000012  7.858707e+06  1.737374e+09
1  1543.613216    0.000103  0.000014  ...  0.000012  7.919811e+06  1.737374e+09

[2 rows x 13 columns]
CHANNEL_3_2
        cbragg  cbragg_err   credchi  ...  cdelta_n            cL     timestamp
0  1544.652057    0.000114  0.000027  ...  0.000012  7.862658e+06  1.737374e+09
1  1544.645562    0.000415  0.000032  ...  0.000012  7.815561e+06  1.737374e+09

[2 rows x 13 columns]
CHANNEL_3_3
        cbragg  cbragg_err   credchi  ...  cdelta_n            cL     timestamp
0  1545.651310    0.000109  0.000035  ...  0.000012  7.604652e+06  1.737374e+09
1  1545.641011    0.000107  0.000022  ...  0.000012  7.659037e+06  1.737374e+09

[2 rows x 13 columns]
CHANNEL_3_4
        cbragg  cbragg_err   credchi  ...  cdelta_n            cL     timestamp
0  1546.624339    0.000095  0.000021  ...  0.000012  7.786904e+06  1.737374e+09
1  1546.615303    0.000095  0.000021  ...  0.000012  7.751448e+06  1.737374e+09

[2 rows x 13 columns]
CHANNEL_3_5
        cbragg  cbragg_err   credchi  ...  cdelta_n            cL     timestamp
0  1547.639940    0.000080  0.000015  ...  0.000012  7.603159e+06  1.737374e+09
1  1547.637243    0.000078  0.000014  ...  0.000012  7.607704e+06  1.737374e+09

[2 rows x 13 columns]
CHANNEL_3_6
        cbragg  cbragg_err  credchi  ...  cdelta_n            cL     timestamp
0  1548.630061    0.000080  0.00002  ...  0.000012  7.757417e+06  1.737374e+09
1  1548.618330    0.000075  0.00001  ...  0.000012  7.812440e+06  1.737374e+09

[2 rows x 13 columns]
CHANNEL_3_7
        cbragg  cbragg_err   credchi  ...  cdelta_n            cL     timestamp
0  1549.644464    0.000088  0.000014  ...  0.000012  7.572970e+06  1.737374e+09
1  1549.645301    0.000084  0.000019  ...  0.000012  7.547598e+06  1.737374e+09

[2 rows x 13 columns]
CHANNEL_3_8
        cbragg  cbragg_err   credchi  ...  cdelta_n            cL     timestamp
0  1550.601607    0.000089  0.000019  ...  0.000012  7.647192e+06  1.737374e+09
1  1550.590923    0.000089  0.000010  ...  0.000012  7.723805e+06  1.737374e+09

[2 rows x 13 columns]
CHANNEL_3_9
        cbragg  cbragg_err   credchi  ...  cdelta_n            cL     timestamp
0  1551.595127    0.000095  0.000012  ...  0.000012  7.714514e+06  1.737374e+09
1  1551.592242    0.000088  0.000015  ...  0.000012  7.683485e+06  1.737374e+09

[2 rows x 13 columns]
CHANNEL_3_10
        cbragg  cbragg_err   credchi  ...  cdelta_n            cL     timestamp
0  1552.604834    0.000100  0.000017  ...  0.000012  7.779007e+06  1.737374e+09
1  1552.595828    0.000103  0.000014  ...  0.000012  7.813346e+06  1.737374e+09

[2 rows x 13 columns]
CHANNEL_3_11
        cbragg  cbragg_err   credchi  ...  cdelta_n            cL     timestamp
0  1553.571957    0.000126  0.000031  ...  0.000012  7.978415e+06  1.737374e+09
1  1553.562243    0.000124  0.000028  ...  0.000012  7.953606e+06  1.737374e+09

[2 rows x 13 columns]
CHANNEL_3_12
        cbragg  cbragg_err   credchi  ...  cdelta_n            cL     timestamp
0  1554.546798    0.000097  0.000019  ...  0.000012  7.802646e+06  1.737374e+09
1  1554.539025    0.000149  0.000029  ...  0.000012  7.544094e+06  1.737374e+09

[2 rows x 13 columns]
CHANNEL_3_13
        cbragg  cbragg_err   credchi  ...  cdelta_n            cL     timestamp
0  1555.552443    0.000091  0.000011  ...  0.000012  7.616124e+06  1.737374e+09
1  1555.548636    0.000087  0.000014  ...  0.000012  7.568407e+06  1.737374e+09

[2 rows x 13 columns]
CHANNEL_3_14
        cbragg  cbragg_err   credchi  ...  cdelta_n            cL     timestamp
0  1556.508496     0.00018  0.000072  ...  0.000012  7.680629e+06  1.737374e+09
1  1556.499210     0.00018  0.000042  ...  0.000012  7.843833e+06  1.737374e+09

[2 rows x 13 columns]
