CHANNEL_0_1
        cbragg  cbragg_err   credchi  ...  cdelta_n            cL     timestamp
0  1544.611803    0.000253  0.000047  ...  0.000012  7.666680e+06  1.735490e+09
1  1544.620278    0.000111  0.000059  ...  0.000012  7.668188e+06  1.735490e+09

[2 rows x 13 columns]
CHANNEL_0_2
        cbragg  cbragg_err   credchi  ...  cdelta_n            cL     timestamp
0  1545.445749    0.000094  0.000019  ...  0.000012  7.590089e+06  1.735490e+09
1  1545.447365    0.000093  0.000020  ...  0.000012  7.615572e+06  1.735490e+09

[2 rows x 13 columns]
CHANNEL_0_3
        cbragg  cbragg_err   credchi  ...  cdelta_n            cL     timestamp
0  1546.145270    0.000107  0.000038  ...  0.000012  7.627537e+06  1.735490e+09
1  1546.153966    0.000104  0.000048  ...  0.000012  7.649266e+06  1.735490e+09

[2 rows x 13 columns]
CHANNEL_0_4
        cbragg  cbragg_err   credchi  ...  cdelta_n            cL     timestamp
0  1547.114292    0.000116  0.000048  ...  0.000012  7.854927e+06  1.735490e+09
1  1547.115631    0.000116  0.000052  ...  0.000012  7.864536e+06  1.735490e+09

[2 rows x 13 columns]
CHANNEL_0_5
        cbragg  cbragg_err   credchi  ...  cdelta_n            cL     timestamp
0  1548.088128    0.000098  0.000048  ...  0.000012  7.806439e+06  1.735490e+09
1  1548.092865    0.000097  0.000039  ...  0.000012  7.687975e+06  1.735490e+09

[2 rows x 13 columns]
CHANNEL_0_6
        cbragg  cbragg_err   credchi  ...  cdelta_n            cL     timestamp
0  1549.066093    0.000086  0.000028  ...  0.000012  7.586610e+06  1.735490e+09
1  1549.075496    0.000081  0.000042  ...  0.000012  7.481388e+06  1.735490e+09

[2 rows x 13 columns]
CHANNEL_0_7
        cbragg  cbragg_err   credchi  ...  cdelta_n            cL     timestamp
0  1550.071195    0.000125  0.000046  ...  0.000012  7.597857e+06  1.735490e+09
1  1550.073382    0.000125  0.000049  ...  0.000012  7.680614e+06  1.735490e+09

[2 rows x 13 columns]
CHANNEL_0_8
        cbragg  cbragg_err   credchi  ...  cdelta_n            cL     timestamp
0  1551.045141    0.000072  0.000015  ...  0.000012  7.610309e+06  1.735490e+09
1  1551.052158    0.000074  0.000019  ...  0.000012  7.626050e+06  1.735490e+09

[2 rows x 13 columns]
CHANNEL_0_9
        cbragg  cbragg_err   credchi  ...  cdelta_n            cL     timestamp
0  1552.026520    0.000092  0.000016  ...  0.000012  7.730095e+06  1.735490e+09
1  1552.035951    0.000090  0.000029  ...  0.000012  7.673980e+06  1.735490e+09

[2 rows x 13 columns]
CHANNEL_0_10
        cbragg  cbragg_err   credchi  ...  cdelta_n            cL     timestamp
0  1553.036348    0.000092  0.000021  ...  0.000012  7.696045e+06  1.735490e+09
1  1553.036856    0.000094  0.000017  ...  0.000012  7.717780e+06  1.735490e+09

[2 rows x 13 columns]
CHANNEL_0_11
        cbragg  cbragg_err   credchi  ...  cdelta_n            cL     timestamp
0  1554.041209    0.000074  0.000009  ...  0.000012  7.673083e+06  1.735490e+09
1  1554.050385    0.000071  0.000014  ...  0.000012  7.648526e+06  1.735490e+09

[2 rows x 13 columns]
CHANNEL_0_12
        cbragg  cbragg_err   credchi  ...  cdelta_n            cL     timestamp
0  1555.069569    0.000153  0.000082  ...  0.000012  7.696055e+06  1.735490e+09
1  1555.071130    0.000117  0.000046  ...  0.000012  7.512030e+06  1.735490e+09

[2 rows x 13 columns]
CHANNEL_0_13
        cbragg  cbragg_err   credchi  ...  cdelta_n            cL     timestamp
0  1556.041902    0.000142  0.000037  ...  0.000012  7.675837e+06  1.735490e+09
1  1556.049728    0.000139  0.000046  ...  0.000012  7.685702e+06  1.735490e+09

[2 rows x 13 columns]
CHANNEL_0_14
        cbragg  cbragg_err   credchi  ...  cdelta_n            cL     timestamp
0  1557.014505    0.000100  0.000029  ...  0.000012  7.656971e+06  1.735490e+09
1  1557.018396    0.000102  0.000038  ...  0.000012  7.611934e+06  1.735490e+09

[2 rows x 13 columns]
CHANNEL_1_1
        cbragg  cbragg_err   credchi  ...  cdelta_n            cL     timestamp
0  1556.171570    0.000240  0.000048  ...  0.000012  2.554284e+06  1.735490e+09
1  1556.171076    0.000148  0.000018  ...  0.000012  2.593651e+06  1.735490e+09

[2 rows x 13 columns]
CHANNEL_1_2
        cbragg  cbragg_err   credchi  ...  cdelta_n            cL     timestamp
0  1558.200502    0.000126  0.000023  ...  0.000012  2.809336e+06  1.735490e+09
1  1558.202564    0.000855  0.001732  ...  0.000012  3.367730e+06  1.735490e+09

[2 rows x 13 columns]
CHANNEL_1_3
        cbragg  cbragg_err   credchi  ...  cdelta_n            cL     timestamp
0  1561.017149    0.000974  0.002593  ...  0.000012  3.643126e+06  1.735490e+09
1  1561.013779    0.000154  0.000037  ...  0.000012  2.910996e+06  1.735490e+09

[2 rows x 13 columns]
CHANNEL_2_1
        cbragg  cbragg_err   credchi  ...  cdelta_n            cL     timestamp
0  1543.592003    0.000079  0.000006  ...  0.000012  2.767021e+06  1.735490e+09
1  1543.591115    0.000079  0.000006  ...  0.000012  2.769905e+06  1.735490e+09

[2 rows x 13 columns]
CHANNEL_2_2
        cbragg  cbragg_err   credchi  ...  cdelta_n            cL     timestamp
0  1545.924075    0.000122  0.000011  ...  0.000012  2.667587e+06  1.735490e+09
1  1545.923346    0.001211  0.002286  ...  0.000012  3.512337e+06  1.735490e+09

[2 rows x 13 columns]
CHANNEL_2_3
        cbragg  cbragg_err   credchi  ...  cdelta_n            cL     timestamp
0  1548.521357    0.000286  0.000103  ...  0.000012  3.070842e+06  1.735490e+09
1  1548.522699    0.000103  0.000011  ...  0.000012  2.869101e+06  1.735490e+09

[2 rows x 13 columns]
CHANNEL_3_1
        cbragg  cbragg_err   credchi  ...  cdelta_n            cL     timestamp
0  1544.135657    0.000138  0.000028  ...  0.000012  7.770175e+06  1.735490e+09
1  1544.132585    0.000119  0.000020  ...  0.000012  7.805672e+06  1.735490e+09

[2 rows x 13 columns]
CHANNEL_3_2
        cbragg  cbragg_err   credchi  ...  cdelta_n            cL     timestamp
0  1545.030645    0.000109  0.000022  ...  0.000012  7.889266e+06  1.735490e+09
1  1545.040889    0.000112  0.000040  ...  0.000012  7.811986e+06  1.735490e+09

[2 rows x 13 columns]
CHANNEL_3_3
        cbragg  cbragg_err   credchi  ...  cdelta_n            cL     timestamp
0  1545.750651    0.000112  0.000035  ...  0.000012  7.555760e+06  1.735490e+09
1  1545.751699    0.000110  0.000024  ...  0.000012  7.600624e+06  1.735490e+09

[2 rows x 13 columns]
CHANNEL_3_4
        cbragg  cbragg_err   credchi  ...  cdelta_n            cL     timestamp
0  1546.682778    0.000098  0.000017  ...  0.000012  7.789716e+06  1.735490e+09
1  1546.689864    0.000098  0.000027  ...  0.000012  7.675811e+06  1.735490e+09

[2 rows x 13 columns]
CHANNEL_3_5
        cbragg  cbragg_err   credchi  ...  cdelta_n            cL     timestamp
0  1547.703116    0.000078  0.000015  ...  0.000012  7.580048e+06  1.735490e+09
1  1547.709214    0.000078  0.000013  ...  0.000012  7.623969e+06  1.735490e+09

[2 rows x 13 columns]
CHANNEL_3_6
        cbragg  cbragg_err   credchi  ...  cdelta_n            cL     timestamp
0  1548.691916    0.000081  0.000015  ...  0.000012  7.757437e+06  1.735490e+09
1  1548.693516    0.000082  0.000016  ...  0.000012  7.749239e+06  1.735490e+09

[2 rows x 13 columns]
CHANNEL_3_7
        cbragg  cbragg_err   credchi  ...  cdelta_n            cL     timestamp
0  1549.706724    0.000088  0.000014  ...  0.000012  7.612664e+06  1.735490e+09
1  1549.716619    0.000089  0.000021  ...  0.000012  7.588853e+06  1.735490e+09

[2 rows x 13 columns]
CHANNEL_3_8
        cbragg  cbragg_err   credchi  ...  cdelta_n            cL     timestamp
0  1550.668674    0.000089  0.000016  ...  0.000012  7.579820e+06  1.735490e+09
1  1550.664924    0.000094  0.000014  ...  0.000012  7.659027e+06  1.735490e+09

[2 rows x 13 columns]
CHANNEL_3_9
        cbragg  cbragg_err   credchi  ...  cdelta_n            cL     timestamp
0  1551.658704    0.000094  0.000011  ...  0.000012  7.751811e+06  1.735490e+09
1  1551.667237    0.000090  0.000018  ...  0.000012  7.685585e+06  1.735490e+09

[2 rows x 13 columns]
CHANNEL_3_10
        cbragg  cbragg_err   credchi  ...  cdelta_n            cL     timestamp
0  1552.672774    0.000103  0.000021  ...  0.000012  7.711921e+06  1.735490e+09
1  1552.667812    0.000114  0.000014  ...  0.000012  7.758554e+06  1.735490e+09

[2 rows x 13 columns]
CHANNEL_3_11
        cbragg  cbragg_err   credchi  ...  cdelta_n            cL     timestamp
0  1553.635354    0.000133  0.000027  ...  0.000012  7.923215e+06  1.735490e+09
1  1553.638882    0.000132  0.000040  ...  0.000012  7.845427e+06  1.735490e+09

[2 rows x 13 columns]
CHANNEL_3_12
        cbragg  cbragg_err   credchi  ...  cdelta_n            cL     timestamp
0  1554.614956    0.000096  0.000019  ...  0.000012  7.775570e+06  1.735490e+09
1  1554.612388    0.000105  0.000015  ...  0.000012  7.826798e+06  1.735490e+09

[2 rows x 13 columns]
CHANNEL_3_13
        cbragg  cbragg_err   credchi  ...  cdelta_n            cL     timestamp
0  1555.617160    0.000088  0.000009  ...  0.000012  7.636026e+06  1.735490e+09
1  1555.624632    0.000088  0.000017  ...  0.000012  7.567518e+06  1.735490e+09

[2 rows x 13 columns]
CHANNEL_3_14
        cbragg  cbragg_err   credchi  ...  cdelta_n            cL     timestamp
0  1556.577742    0.000188  0.000077  ...  0.000012  7.694442e+06  1.735490e+09
1  1556.573108    0.000189  0.000048  ...  0.000012  7.761849e+06  1.735490e+09

[2 rows x 13 columns]
