CHANNEL_0_1
           cbragg  cbragg_err   credchi  ...  cdelta_n            cL     timestamp
0     1544.624730    0.000163  0.000049  ...  0.000012  7.663129e+06  1.735140e+09
1     1544.631774    0.000136  0.000057  ...  0.000012  7.666856e+06  1.735140e+09
2     1544.624787    0.000245  0.000049  ...  0.000012  7.662669e+06  1.735140e+09
3     1544.631925    0.000110  0.000056  ...  0.000012  7.672716e+06  1.735140e+09
4     1544.624785    0.000122  0.000049  ...  0.000012  7.653931e+06  1.735140e+09
...           ...         ...       ...  ...       ...           ...           ...
1587  1544.631819    0.000109  0.000059  ...  0.000012  7.666247e+06  1.735156e+09
1588  1544.624696    0.000202  0.000048  ...  0.000012  7.665097e+06  1.735156e+09
1589  1544.631679    0.000132  0.000056  ...  0.000012  7.660956e+06  1.735156e+09
1590  1544.624696    0.000118  0.000049  ...  0.000012  7.655073e+06  1.735156e+09
1591  1544.631786    0.000104  0.000056  ...  0.000012  7.655719e+06  1.735156e+09

[1592 rows x 13 columns]
CHANNEL_0_2
           cbragg  cbragg_err   credchi  ...  cdelta_n            cL     timestamp
0     1545.464381    0.000098  0.000022  ...  0.000012  7.598722e+06  1.735140e+09
1     1545.464279    0.000094  0.000021  ...  0.000012  7.613092e+06  1.735140e+09
2     1545.464542    0.000094  0.000020  ...  0.000012  7.598708e+06  1.735140e+09
3     1545.464276    0.000093  0.000020  ...  0.000012  7.613357e+06  1.735140e+09
4     1545.464466    0.000096  0.000021  ...  0.000012  7.594520e+06  1.735140e+09
...           ...         ...       ...  ...       ...           ...           ...
1587  1545.464338    0.000098  0.000022  ...  0.000012  7.578551e+06  1.735156e+09
1588  1545.464542    0.000091  0.000018  ...  0.000012  7.582761e+06  1.735156e+09
1589  1545.464393    0.000094  0.000020  ...  0.000012  7.614586e+06  1.735156e+09
1590  1545.464671    0.000094  0.000019  ...  0.000012  7.595272e+06  1.735156e+09
1591  1545.464422    0.000093  0.000020  ...  0.000012  7.580286e+06  1.735156e+09

[1592 rows x 13 columns]
CHANNEL_0_3
           cbragg  cbragg_err   credchi  ...  cdelta_n            cL     timestamp
0     1546.187754    0.000106  0.000038  ...  0.000012  7.624719e+06  1.735140e+09
1     1546.194818    0.000111  0.000054  ...  0.000012  7.697612e+06  1.735140e+09
2     1546.187699    0.000103  0.000036  ...  0.000012  7.644772e+06  1.735140e+09
3     1546.194808    0.000103  0.000047  ...  0.000012  7.625270e+06  1.735140e+09
4     1546.187715    0.000105  0.000038  ...  0.000012  7.623174e+06  1.735140e+09
...           ...         ...       ...  ...       ...           ...           ...
1587  1546.194422    0.000103  0.000046  ...  0.000012  7.624603e+06  1.735156e+09
1588  1546.187182    0.000104  0.000036  ...  0.000012  7.637491e+06  1.735156e+09
1589  1546.194264    0.000105  0.000047  ...  0.000012  7.633654e+06  1.735156e+09
1590  1546.187343    0.000106  0.000038  ...  0.000012  7.639012e+06  1.735156e+09
1591  1546.194208    0.000107  0.000050  ...  0.000012  7.598102e+06  1.735156e+09

[1592 rows x 13 columns]
CHANNEL_0_4
           cbragg  cbragg_err   credchi  ...  cdelta_n            cL     timestamp
0     1547.120358    0.000115  0.000049  ...  0.000012  7.867381e+06  1.735140e+09
1     1547.120084    0.000113  0.000050  ...  0.000012  7.866829e+06  1.735140e+09
2     1547.120384    0.000113  0.000048  ...  0.000012  7.849381e+06  1.735140e+09
3     1547.120103    0.000113  0.000049  ...  0.000012  7.858002e+06  1.735140e+09
4     1547.120317    0.000113  0.000048  ...  0.000012  7.870817e+06  1.735140e+09
...           ...         ...       ...  ...       ...           ...           ...
1587  1547.120117    0.000114  0.000050  ...  0.000012  7.859080e+06  1.735156e+09
1588  1547.120536    0.000126  0.000059  ...  0.000012  7.997604e+06  1.735156e+09
1589  1547.120091    0.000113  0.000049  ...  0.000012  7.880001e+06  1.735156e+09
1590  1547.120621    0.000114  0.000048  ...  0.000012  7.857432e+06  1.735156e+09
1591  1547.120232    0.000114  0.000050  ...  0.000012  7.857319e+06  1.735156e+09

[1592 rows x 13 columns]
CHANNEL_0_5
           cbragg  cbragg_err   credchi  ...  cdelta_n            cL     timestamp
0     1548.093955    0.000093  0.000046  ...  0.000012  7.789966e+06  1.735140e+09
1     1548.096736    0.000191  0.000154  ...  0.000012  8.122198e+06  1.735140e+09
2     1548.093861    0.000091  0.000043  ...  0.000012  7.696690e+06  1.735140e+09
3     1548.096659    0.000130  0.000071  ...  0.000012  7.968088e+06  1.735140e+09
4     1548.093953    0.000089  0.000041  ...  0.000012  7.700904e+06  1.735140e+09
...           ...         ...       ...  ...       ...           ...           ...
1587  1548.096937    0.000097  0.000037  ...  0.000012  7.695042e+06  1.735156e+09
1588  1548.094137    0.000117  0.000068  ...  0.000012  7.782002e+06  1.735156e+09
1589  1548.096980    0.000096  0.000037  ...  0.000012  7.693933e+06  1.735156e+09
1590  1548.094200    0.000092  0.000043  ...  0.000012  7.689714e+06  1.735156e+09
1591  1548.097040    0.000095  0.000036  ...  0.000012  7.687641e+06  1.735156e+09

[1592 rows x 13 columns]
CHANNEL_0_6
           cbragg  cbragg_err   credchi  ...  cdelta_n            cL     timestamp
0     1549.071535    0.000076  0.000022  ...  0.000012  7.566800e+06  1.735140e+09
1     1549.079963    0.000082  0.000044  ...  0.000012  7.483628e+06  1.735140e+09
2     1549.071556    0.000078  0.000023  ...  0.000012  7.567290e+06  1.735140e+09
3     1549.079997    0.000081  0.000043  ...  0.000012  7.477850e+06  1.735140e+09
4     1549.071548    0.000079  0.000024  ...  0.000012  7.581648e+06  1.735140e+09
...           ...         ...       ...  ...       ...           ...           ...
1587  1549.080105    0.000085  0.000047  ...  0.000012  7.469849e+06  1.735156e+09
1588  1549.071839    0.000078  0.000023  ...  0.000012  7.555914e+06  1.735156e+09
1589  1549.080194    0.000081  0.000043  ...  0.000012  7.472458e+06  1.735156e+09
1590  1549.071884    0.000084  0.000027  ...  0.000012  7.634937e+06  1.735156e+09
1591  1549.080190    0.000083  0.000045  ...  0.000012  7.470665e+06  1.735156e+09

[1592 rows x 13 columns]
CHANNEL_0_7
           cbragg  cbragg_err   credchi  ...  cdelta_n            cL     timestamp
0     1550.077278    0.000125  0.000048  ...  0.000012  7.581213e+06  1.735140e+09
1     1550.077071    0.000151  0.000069  ...  0.000012  7.824231e+06  1.735140e+09
2     1550.077329    0.000127  0.000050  ...  0.000012  7.579234e+06  1.735140e+09
3     1550.077012    0.000126  0.000047  ...  0.000012  7.594773e+06  1.735140e+09
4     1550.077367    0.000126  0.000049  ...  0.000012  7.582288e+06  1.735140e+09
...           ...         ...       ...  ...       ...           ...           ...
1587  1550.077281    0.000125  0.000047  ...  0.000012  7.610995e+06  1.735156e+09
1588  1550.077487    0.000125  0.000048  ...  0.000012  7.594048e+06  1.735156e+09
1589  1550.077306    0.000125  0.000046  ...  0.000012  7.615439e+06  1.735156e+09
1590  1550.077495    0.000124  0.000048  ...  0.000012  7.604215e+06  1.735156e+09
1591  1550.077253    0.000124  0.000046  ...  0.000012  7.620427e+06  1.735156e+09

[1592 rows x 13 columns]
CHANNEL_0_8
           cbragg  cbragg_err   credchi  ...  cdelta_n            cL     timestamp
0     1551.053002    0.000075  0.000017  ...  0.000012  7.596269e+06  1.735140e+09
1     1551.057702    0.000075  0.000018  ...  0.000012  7.601373e+06  1.735140e+09
2     1551.052882    0.000075  0.000017  ...  0.000012  7.592004e+06  1.735140e+09
3     1551.057528    0.000096  0.000029  ...  0.000012  7.390833e+06  1.735140e+09
4     1551.052852    0.000076  0.000018  ...  0.000012  7.589523e+06  1.735140e+09
...           ...         ...       ...  ...       ...           ...           ...
1587  1551.057668    0.000077  0.000019  ...  0.000012  7.650597e+06  1.735156e+09
1588  1551.052854    0.000073  0.000016  ...  0.000012  7.602342e+06  1.735156e+09
1589  1551.057621    0.000159  0.000088  ...  0.000012  8.049991e+06  1.735156e+09
1590  1551.052972    0.000074  0.000017  ...  0.000012  7.599316e+06  1.735156e+09
1591  1551.057703    0.000096  0.000031  ...  0.000012  7.791844e+06  1.735156e+09

[1592 rows x 13 columns]
CHANNEL_0_9
           cbragg  cbragg_err   credchi  ...  cdelta_n            cL     timestamp
0     1552.034341    0.000094  0.000018  ...  0.000012  7.680846e+06  1.735140e+09
1     1552.041917    0.000092  0.000031  ...  0.000012  7.642821e+06  1.735140e+09
2     1552.034281    0.000094  0.000017  ...  0.000012  7.690961e+06  1.735140e+09
3     1552.041899    0.000101  0.000038  ...  0.000012  7.773627e+06  1.735140e+09
4     1552.034331    0.000093  0.000017  ...  0.000012  7.694958e+06  1.735140e+09
...           ...         ...       ...  ...       ...           ...           ...
1587  1552.041900    0.000089  0.000028  ...  0.000012  7.663919e+06  1.735156e+09
1588  1552.034302    0.000090  0.000016  ...  0.000012  7.712608e+06  1.735156e+09
1589  1552.041880    0.000088  0.000028  ...  0.000012  7.655205e+06  1.735156e+09
1590  1552.034258    0.000093  0.000017  ...  0.000012  7.699857e+06  1.735156e+09
1591  1552.041870    0.000090  0.000029  ...  0.000012  7.654882e+06  1.735156e+09

[1592 rows x 13 columns]
CHANNEL_0_10
           cbragg  cbragg_err   credchi  ...  cdelta_n            cL     timestamp
0     1553.044546    0.000091  0.000021  ...  0.000012  7.648170e+06  1.735140e+09
1     1553.042471    0.000091  0.000016  ...  0.000012  7.737841e+06  1.735140e+09
2     1553.044588    0.000089  0.000020  ...  0.000012  7.699473e+06  1.735140e+09
3     1553.042464    0.000092  0.000016  ...  0.000012  7.737677e+06  1.735140e+09
4     1553.044500    0.000091  0.000021  ...  0.000012  7.700264e+06  1.735140e+09
...           ...         ...       ...  ...       ...           ...           ...
1587  1553.042426    0.000092  0.000016  ...  0.000012  7.731817e+06  1.735156e+09
1588  1553.044339    0.000090  0.000021  ...  0.000012  7.697301e+06  1.735156e+09
1589  1553.042493    0.000140  0.000036  ...  0.000012  7.428312e+06  1.735156e+09
1590  1553.044334    0.000092  0.000021  ...  0.000012  7.697263e+06  1.735156e+09
1591  1553.042381    0.000094  0.000017  ...  0.000012  7.744031e+06  1.735156e+09

[1592 rows x 13 columns]
CHANNEL_0_11
           cbragg  cbragg_err   credchi  ...  cdelta_n            cL     timestamp
0     1554.049617    0.000072  0.000009  ...  0.000012  7.692697e+06  1.735140e+09
1     1554.056635    0.000072  0.000014  ...  0.000012  7.637608e+06  1.735140e+09
2     1554.049394    0.000073  0.000009  ...  0.000012  7.653704e+06  1.735140e+09
3     1554.056525    0.000070  0.000014  ...  0.000012  7.642277e+06  1.735140e+09
4     1554.049565    0.000071  0.000008  ...  0.000012  7.674682e+06  1.735140e+09
...           ...         ...       ...  ...       ...           ...           ...
1587  1554.056536    0.000076  0.000016  ...  0.000012  7.614647e+06  1.735156e+09
1588  1554.049371    0.000074  0.000009  ...  0.000012  7.688288e+06  1.735156e+09
1589  1554.056457    0.000072  0.000014  ...  0.000012  7.635060e+06  1.735156e+09
1590  1554.049337    0.000074  0.000009  ...  0.000012  7.637360e+06  1.735156e+09
1591  1554.056495    0.000074  0.000015  ...  0.000012  7.637794e+06  1.735156e+09

[1592 rows x 13 columns]
CHANNEL_0_12
           cbragg  cbragg_err   credchi  ...  cdelta_n            cL     timestamp
0     1555.078191    0.000116  0.000049  ...  0.000012  7.490898e+06  1.735140e+09
1     1555.077054    0.000117  0.000045  ...  0.000012  7.498733e+06  1.735140e+09
2     1555.077870    0.000119  0.000052  ...  0.000012  7.476016e+06  1.735140e+09
3     1555.076988    0.000119  0.000047  ...  0.000012  7.506484e+06  1.735140e+09
4     1555.077902    0.000120  0.000053  ...  0.000012  7.496192e+06  1.735140e+09
...           ...         ...       ...  ...       ...           ...           ...
1587  1555.076921    0.000138  0.000065  ...  0.000012  7.714855e+06  1.735156e+09
1588  1555.077803    0.000119  0.000051  ...  0.000012  7.487730e+06  1.735156e+09
1589  1555.076878    0.000117  0.000045  ...  0.000012  7.523731e+06  1.735156e+09
1590  1555.077856    0.000118  0.000050  ...  0.000012  7.493959e+06  1.735156e+09
1591  1555.076908    0.000118  0.000046  ...  0.000012  7.499129e+06  1.735156e+09

[1592 rows x 13 columns]
CHANNEL_0_13
           cbragg  cbragg_err   credchi  ...  cdelta_n            cL     timestamp
0     1556.050193    0.000142  0.000039  ...  0.000012  7.640205e+06  1.735140e+09
1     1556.055869    0.000138  0.000045  ...  0.000012  7.681825e+06  1.735140e+09
2     1556.050043    0.000140  0.000038  ...  0.000012  7.650186e+06  1.735140e+09
3     1556.055820    0.000140  0.000046  ...  0.000012  7.624546e+06  1.735140e+09
4     1556.050083    0.000144  0.000040  ...  0.000012  7.642458e+06  1.735140e+09
...           ...         ...       ...  ...       ...           ...           ...
1587  1556.055804    0.000139  0.000045  ...  0.000012  7.679955e+06  1.735156e+09
1588  1556.050113    0.000141  0.000038  ...  0.000012  7.654391e+06  1.735156e+09
1589  1556.055812    0.000141  0.000046  ...  0.000012  7.672288e+06  1.735156e+09
1590  1556.050320    0.000141  0.000038  ...  0.000012  7.643062e+06  1.735156e+09
1591  1556.055958    0.000138  0.000045  ...  0.000012  7.686022e+06  1.735156e+09

[1592 rows x 13 columns]
CHANNEL_0_14
           cbragg  cbragg_err   credchi  ...  cdelta_n            cL     timestamp
0     1557.022475    0.000101  0.000029  ...  0.000012  7.645251e+06  1.735140e+09
1     1557.024783    0.000103  0.000040  ...  0.000012  7.582921e+06  1.735140e+09
2     1557.022412    0.000102  0.000030  ...  0.000012  7.696138e+06  1.735140e+09
3     1557.024753    0.000103  0.000040  ...  0.000012  7.601602e+06  1.735140e+09
4     1557.022474    0.000101  0.000029  ...  0.000012  7.632528e+06  1.735140e+09
...           ...         ...       ...  ...       ...           ...           ...
1587  1557.024563    0.000139  0.000070  ...  0.000012  7.705280e+06  1.735156e+09
1588  1557.022456    0.000101  0.000028  ...  0.000012  7.646824e+06  1.735156e+09
1589  1557.024771    0.000103  0.000039  ...  0.000012  7.586724e+06  1.735156e+09
1590  1557.022528    0.000099  0.000027  ...  0.000012  7.638769e+06  1.735156e+09
1591  1557.024859    0.000102  0.000039  ...  0.000012  7.604599e+06  1.735156e+09

[1592 rows x 13 columns]
CHANNEL_1_1
           cbragg  cbragg_err   credchi  ...  cdelta_n            cL     timestamp
0     1556.187724    0.000070  0.000005  ...  0.000012  2.678190e+06  1.735140e+09
1     1556.187911    0.000071  0.000005  ...  0.000012  2.661205e+06  1.735140e+09
2     1556.188154    0.001074  0.002115  ...  0.000012  3.411712e+06  1.735140e+09
3     1556.188868    0.000071  0.000005  ...  0.000012  2.679763e+06  1.735140e+09
4     1556.188634    0.000983  0.001796  ...  0.000012  3.381980e+06  1.735140e+09
...           ...         ...       ...  ...       ...           ...           ...
1587  1556.188253    0.000078  0.000006  ...  0.000012  2.678074e+06  1.735156e+09
1588  1556.186497    0.000717  0.000744  ...  0.000012  3.130499e+06  1.735156e+09
1589  1556.188249    0.000559  0.000409  ...  0.000012  3.025889e+06  1.735156e+09
1590  1556.186893    0.000361  0.000162  ...  0.000012  2.915655e+06  1.735156e+09
1591  1556.187905    0.000167  0.000023  ...  0.000012  2.580740e+06  1.735156e+09

[1592 rows x 13 columns]
CHANNEL_1_2
           cbragg  cbragg_err   credchi  ...  cdelta_n            cL     timestamp
0     1558.201561    0.000123  0.000022  ...  0.000012  2.793305e+06  1.735140e+09
1     1558.204582    0.000165  0.000038  ...  0.000012  2.729274e+06  1.735140e+09
2     1558.201454    0.000141  0.000028  ...  0.000012  2.756807e+06  1.735140e+09
3     1558.204484    0.000120  0.000021  ...  0.000012  2.783124e+06  1.735140e+09
4     1558.201501    0.000145  0.000030  ...  0.000012  2.785456e+06  1.735140e+09
...           ...         ...       ...  ...       ...           ...           ...
1587  1558.205088    0.000126  0.000023  ...  0.000012  2.765237e+06  1.735156e+09
1588  1558.202122    0.000128  0.000023  ...  0.000012  2.811498e+06  1.735156e+09
1589  1558.205293    0.000204  0.000056  ...  0.000012  2.702931e+06  1.735156e+09
1590  1558.202214    0.000130  0.000024  ...  0.000012  2.787332e+06  1.735156e+09
1591  1558.205166    0.000373  0.000180  ...  0.000012  2.646441e+06  1.735156e+09

[1592 rows x 13 columns]
CHANNEL_1_3
           cbragg  cbragg_err   credchi  ...  cdelta_n            cL     timestamp
0     1561.020264    0.000062  0.000006  ...  0.000012  2.948082e+06  1.735140e+09
1     1561.016323    0.000180  0.000051  ...  0.000012  2.867282e+06  1.735140e+09
2     1561.019870    0.000869  0.001995  ...  0.000012  3.560042e+06  1.735140e+09
3     1561.016277    0.000045  0.000003  ...  0.000012  2.939679e+06  1.735140e+09
4     1561.020355    0.000048  0.000004  ...  0.000012  2.929800e+06  1.735140e+09
...           ...         ...       ...  ...       ...           ...           ...
1587  1561.016415    0.000589  0.000782  ...  0.000012  3.329509e+06  1.735156e+09
1588  1561.020238    0.000211  0.000082  ...  0.000012  3.074719e+06  1.735156e+09
1589  1561.016513    0.000052  0.000004  ...  0.000012  2.920325e+06  1.735156e+09
1590  1561.020153    0.000048  0.000004  ...  0.000012  2.925199e+06  1.735156e+09
1591  1561.016549    0.000184  0.000052  ...  0.000012  2.840940e+06  1.735156e+09

[1592 rows x 13 columns]
CHANNEL_2_1
           cbragg  cbragg_err   credchi  ...  cdelta_n            cL     timestamp
0     1543.596117    0.011133  0.004344  ...  0.000012  1.185395e+06  1.735140e+09
1     1543.607487    0.000082  0.000006  ...  0.000012  2.770924e+06  1.735140e+09
2     1543.608725    0.000078  0.000006  ...  0.000012  2.778088e+06  1.735140e+09
3     1543.607428    0.000102  0.000006  ...  0.000012  2.769460e+06  1.735140e+09
4     1543.608979    0.000080  0.000006  ...  0.000012  2.768669e+06  1.735140e+09
...           ...         ...       ...  ...       ...           ...           ...
1587  1543.607045    0.000084  0.000006  ...  0.000012  2.769076e+06  1.735156e+09
1588  1543.608557    0.000124  0.000007  ...  0.000012  2.767413e+06  1.735156e+09
1589  1543.607180    0.000080  0.000006  ...  0.000012  2.770240e+06  1.735156e+09
1590  1543.608462    0.000199  0.000007  ...  0.000012  2.767496e+06  1.735156e+09
1591  1543.607168    0.000097  0.000007  ...  0.000012  2.768311e+06  1.735156e+09

[1592 rows x 13 columns]
CHANNEL_2_2
           cbragg  cbragg_err   credchi  ...  cdelta_n            cL     timestamp
0     1545.922722    0.001092  0.001937  ...  0.000012  3.474110e+06  1.735140e+09
1     1545.926293    0.000304  0.000086  ...  0.000012  2.833000e+06  1.735140e+09
2     1545.923576    0.000688  0.000548  ...  0.000012  3.088209e+06  1.735140e+09
3     1545.926892    0.000136  0.000014  ...  0.000012  2.646563e+06  1.735140e+09
4     1545.922805    0.001082  0.001864  ...  0.000012  3.455904e+06  1.735140e+09
...           ...         ...       ...  ...       ...           ...           ...
1587  1545.927252    0.000127  0.000012  ...  0.000012  2.669821e+06  1.735156e+09
1588  1545.925550    0.000129  0.000013  ...  0.000012  2.697769e+06  1.735156e+09
1589  1545.927312    0.000122  0.000012  ...  0.000012  2.691169e+06  1.735156e+09
1590  1545.925523    0.000123  0.000012  ...  0.000012  2.693903e+06  1.735156e+09
1591  1545.927380    0.000125  0.000012  ...  0.000012  2.686957e+06  1.735156e+09

[1592 rows x 13 columns]
CHANNEL_2_3
           cbragg  cbragg_err   credchi  ...  cdelta_n            cL     timestamp
0     1548.523679    0.000176  0.000030  ...  0.000012  2.801222e+06  1.735140e+09
1     1548.524810    0.000091  0.000009  ...  0.000012  2.896098e+06  1.735140e+09
2     1548.524007    0.000091  0.000009  ...  0.000012  2.885208e+06  1.735140e+09
3     1548.525516    0.000338  0.000140  ...  0.000012  3.062051e+06  1.735140e+09
4     1548.524070    0.000120  0.000015  ...  0.000012  2.843256e+06  1.735140e+09
...           ...         ...       ...  ...       ...           ...           ...
1587  1548.525447    0.000448  0.000280  ...  0.000012  3.195950e+06  1.735156e+09
1588  1548.523911    0.000260  0.000070  ...  0.000012  2.805039e+06  1.735156e+09
1589  1548.525034    0.000097  0.000010  ...  0.000012  2.880425e+06  1.735156e+09
1590  1548.524034    0.000117  0.000014  ...  0.000012  2.837844e+06  1.735156e+09
1591  1548.524999    0.000097  0.000010  ...  0.000012  2.896012e+06  1.735156e+09

[1592 rows x 13 columns]
CHANNEL_3_1
           cbragg  cbragg_err   credchi  ...  cdelta_n            cL     timestamp
0     1544.148546    0.000109  0.000026  ...  0.000012  7.796999e+06  1.735140e+09
1     1544.143085    0.000120  0.000019  ...  0.000012  7.834668e+06  1.735140e+09
2     1544.148457    0.000112  0.000027  ...  0.000012  7.780287e+06  1.735140e+09
3     1544.143265    0.000116  0.000019  ...  0.000012  7.832948e+06  1.735140e+09
4     1544.148530    0.000184  0.000027  ...  0.000012  7.782390e+06  1.735140e+09
...           ...         ...       ...  ...       ...           ...           ...
1587  1544.143097    0.000123  0.000020  ...  0.000012  7.823736e+06  1.735156e+09
1588  1544.148292    0.000237  0.000026  ...  0.000012  7.786120e+06  1.735156e+09
1589  1544.143063    0.000124  0.000019  ...  0.000012  7.835511e+06  1.735156e+09
1590  1544.148336    0.000135  0.000026  ...  0.000012  7.793988e+06  1.735156e+09
1591  1544.143086    0.000156  0.000019  ...  0.000012  7.832113e+06  1.735156e+09

[1592 rows x 13 columns]
CHANNEL_3_2
           cbragg  cbragg_err   credchi  ...  cdelta_n            cL     timestamp
0     1545.048765    0.000117  0.000024  ...  0.000012  7.896123e+06  1.735140e+09
1     1545.057819    0.000152  0.000038  ...  0.000012  7.825102e+06  1.735140e+09
2     1545.048649    0.000116  0.000024  ...  0.000012  7.878513e+06  1.735140e+09
3     1545.057732    0.000401  0.000041  ...  0.000012  7.820326e+06  1.735140e+09
4     1545.048732    0.000124  0.000024  ...  0.000012  7.886513e+06  1.735140e+09
...           ...         ...       ...  ...       ...           ...           ...
1587  1545.058138    0.000113  0.000041  ...  0.000012  7.807723e+06  1.735156e+09
1588  1545.048785    0.000126  0.000024  ...  0.000012  7.892854e+06  1.735156e+09
1589  1545.057986    0.000162  0.000040  ...  0.000012  7.813824e+06  1.735156e+09
1590  1545.048823    0.000377  0.000025  ...  0.000012  7.879783e+06  1.735156e+09
1591  1545.058034    0.000239  0.000040  ...  0.000012  7.818791e+06  1.735156e+09

[1592 rows x 13 columns]
CHANNEL_3_3
           cbragg  cbragg_err   credchi  ...  cdelta_n            cL     timestamp
0     1545.793288    0.000108  0.000035  ...  0.000012  7.590629e+06  1.735140e+09
1     1545.791157    0.000112  0.000025  ...  0.000012  7.613987e+06  1.735140e+09
2     1545.793275    0.000106  0.000033  ...  0.000012  7.580202e+06  1.735140e+09
3     1545.791230    0.000116  0.000026  ...  0.000012  7.607888e+06  1.735140e+09
4     1545.793328    0.000104  0.000032  ...  0.000012  7.575770e+06  1.735140e+09
...           ...         ...       ...  ...       ...           ...           ...
1587  1545.790932    0.000112  0.000024  ...  0.000012  7.618937e+06  1.735156e+09
1588  1545.792631    0.000143  0.000062  ...  0.000012  7.838784e+06  1.735156e+09
1589  1545.790692    0.000111  0.000024  ...  0.000012  7.610835e+06  1.735156e+09
1590  1545.792768    0.000103  0.000032  ...  0.000012  7.595561e+06  1.735156e+09
1591  1545.790830    0.000111  0.000024  ...  0.000012  7.626210e+06  1.735156e+09

[1592 rows x 13 columns]
CHANNEL_3_4
           cbragg  cbragg_err   credchi  ...  cdelta_n            cL     timestamp
0     1546.688142    0.000099  0.000017  ...  0.000012  7.789422e+06  1.735140e+09
1     1546.694325    0.000097  0.000028  ...  0.000012  7.732630e+06  1.735140e+09
2     1546.688013    0.000099  0.000017  ...  0.000012  7.794036e+06  1.735140e+09
3     1546.694309    0.000096  0.000027  ...  0.000012  7.728730e+06  1.735140e+09
4     1546.687998    0.000098  0.000017  ...  0.000012  7.791017e+06  1.735140e+09
...           ...         ...       ...  ...       ...           ...           ...
1587  1546.694535    0.000099  0.000028  ...  0.000012  7.725214e+06  1.735156e+09
1588  1546.688349    0.000138  0.000032  ...  0.000012  7.479282e+06  1.735156e+09
1589  1546.694602    0.000098  0.000028  ...  0.000012  7.722343e+06  1.735156e+09
1590  1546.688306    0.000098  0.000017  ...  0.000012  7.785832e+06  1.735156e+09
1591  1546.694634    0.000098  0.000028  ...  0.000012  7.715531e+06  1.735156e+09

[1592 rows x 13 columns]
CHANNEL_3_5
           cbragg  cbragg_err   credchi  ...  cdelta_n            cL     timestamp
0     1547.709533    0.000079  0.000016  ...  0.000012  7.563111e+06  1.735140e+09
1     1547.712711    0.000081  0.000013  ...  0.000012  7.601156e+06  1.735140e+09
2     1547.709466    0.000078  0.000016  ...  0.000012  7.563807e+06  1.735140e+09
3     1547.712699    0.000081  0.000013  ...  0.000012  7.604983e+06  1.735140e+09
4     1547.709588    0.000076  0.000015  ...  0.000012  7.564670e+06  1.735140e+09
...           ...         ...       ...  ...       ...           ...           ...
1587  1547.712972    0.000079  0.000012  ...  0.000012  7.614333e+06  1.735156e+09
1588  1547.709686    0.000077  0.000016  ...  0.000012  7.567011e+06  1.735156e+09
1589  1547.713037    0.000078  0.000012  ...  0.000012  7.604271e+06  1.735156e+09
1590  1547.709750    0.000077  0.000016  ...  0.000012  7.577411e+06  1.735156e+09
1591  1547.713096    0.000079  0.000013  ...  0.000012  7.608164e+06  1.735156e+09

[1592 rows x 13 columns]
CHANNEL_3_6
           cbragg  cbragg_err   credchi  ...  cdelta_n            cL     timestamp
0     1548.697739    0.000084  0.000016  ...  0.000012  7.751828e+06  1.735140e+09
1     1548.697553    0.000081  0.000016  ...  0.000012  7.690790e+06  1.735140e+09
2     1548.697676    0.000083  0.000016  ...  0.000012  7.750724e+06  1.735140e+09
3     1548.697521    0.000083  0.000017  ...  0.000012  7.740768e+06  1.735140e+09
4     1548.697738    0.000081  0.000015  ...  0.000012  7.747816e+06  1.735140e+09
...           ...         ...       ...  ...       ...           ...           ...
1587  1548.697760    0.000081  0.000016  ...  0.000012  7.756431e+06  1.735156e+09
1588  1548.697916    0.000081  0.000015  ...  0.000012  7.767214e+06  1.735156e+09
1589  1548.697773    0.000081  0.000016  ...  0.000012  7.697453e+06  1.735156e+09
1590  1548.697995    0.000082  0.000016  ...  0.000012  7.767316e+06  1.735156e+09
1591  1548.697806    0.000081  0.000016  ...  0.000012  7.754529e+06  1.735156e+09

[1592 rows x 13 columns]
CHANNEL_3_7
           cbragg  cbragg_err   credchi  ...  cdelta_n            cL     timestamp
0     1549.713053    0.000088  0.000015  ...  0.000012  7.583304e+06  1.735140e+09
1     1549.720277    0.000088  0.000020  ...  0.000012  7.575558e+06  1.735140e+09
2     1549.713209    0.000090  0.000016  ...  0.000012  7.573039e+06  1.735140e+09
3     1549.720415    0.000086  0.000019  ...  0.000012  7.587229e+06  1.735140e+09
4     1549.713225    0.000090  0.000016  ...  0.000012  7.575248e+06  1.735140e+09
...           ...         ...       ...  ...       ...           ...           ...
1587  1549.720678    0.000087  0.000019  ...  0.000012  7.585952e+06  1.735156e+09
1588  1549.713314    0.000090  0.000016  ...  0.000012  7.583006e+06  1.735156e+09
1589  1549.720740    0.000087  0.000019  ...  0.000012  7.575355e+06  1.735156e+09
1590  1549.713281    0.000089  0.000015  ...  0.000012  7.588596e+06  1.735156e+09
1591  1549.720677    0.000088  0.000020  ...  0.000012  7.576963e+06  1.735156e+09

[1592 rows x 13 columns]
CHANNEL_3_8
           cbragg  cbragg_err   credchi  ...  cdelta_n            cL     timestamp
0     1550.676328    0.000087  0.000016  ...  0.000012  7.644030e+06  1.735140e+09
1     1550.669907    0.000090  0.000013  ...  0.000012  7.673129e+06  1.735140e+09
2     1550.676285    0.000089  0.000017  ...  0.000012  7.643596e+06  1.735140e+09
3     1550.669737    0.000093  0.000014  ...  0.000012  7.666719e+06  1.735140e+09
4     1550.676295    0.000087  0.000016  ...  0.000012  7.647709e+06  1.735140e+09
...           ...         ...       ...  ...       ...           ...           ...
1587  1550.669834    0.000095  0.000014  ...  0.000012  7.660410e+06  1.735156e+09
1588  1550.676243    0.000089  0.000017  ...  0.000012  7.652675e+06  1.735156e+09
1589  1550.669897    0.000094  0.000014  ...  0.000012  7.658607e+06  1.735156e+09
1590  1550.676311    0.000089  0.000017  ...  0.000012  7.627327e+06  1.735156e+09
1591  1550.669978    0.000093  0.000013  ...  0.000012  7.668716e+06  1.735156e+09

[1592 rows x 13 columns]
CHANNEL_3_9
           cbragg  cbragg_err   credchi  ...  cdelta_n            cL     timestamp
0     1551.666559    0.000096  0.000012  ...  0.000012  7.687220e+06  1.735140e+09
1     1551.672671    0.000093  0.000019  ...  0.000012  7.624607e+06  1.735140e+09
2     1551.666583    0.000096  0.000012  ...  0.000012  7.718359e+06  1.735140e+09
3     1551.672592    0.000092  0.000019  ...  0.000012  7.633129e+06  1.735140e+09
4     1551.666591    0.000094  0.000011  ...  0.000012  7.687022e+06  1.735140e+09
...           ...         ...       ...  ...       ...           ...           ...
1587  1551.672709    0.000091  0.000018  ...  0.000012  7.671728e+06  1.735156e+09
1588  1551.666555    0.000096  0.000012  ...  0.000012  7.707322e+06  1.735156e+09
1589  1551.672684    0.000090  0.000018  ...  0.000012  7.629374e+06  1.735156e+09
1590  1551.666529    0.000095  0.000011  ...  0.000012  7.718435e+06  1.735156e+09
1591  1551.672698    0.000093  0.000019  ...  0.000012  7.616214e+06  1.735156e+09

[1592 rows x 13 columns]
CHANNEL_3_10
           cbragg  cbragg_err   credchi  ...  cdelta_n            cL     timestamp
0     1552.680484    0.000101  0.000021  ...  0.000012  7.676887e+06  1.735140e+09
1     1552.673006    0.000109  0.000014  ...  0.000012  7.812813e+06  1.735140e+09
2     1552.680171    0.000101  0.000021  ...  0.000012  7.693859e+06  1.735140e+09
3     1552.672839    0.000111  0.000014  ...  0.000012  7.790828e+06  1.735140e+09
4     1552.680133    0.000101  0.000021  ...  0.000012  7.728668e+06  1.735140e+09
...           ...         ...       ...  ...       ...           ...           ...
1587  1552.673140    0.000162  0.000027  ...  0.000012  7.398152e+06  1.735156e+09
1588  1552.680199    0.000099  0.000020  ...  0.000012  7.708108e+06  1.735156e+09
1589  1552.673017    0.000110  0.000014  ...  0.000012  7.810532e+06  1.735156e+09
1590  1552.680091    0.000101  0.000021  ...  0.000012  7.741767e+06  1.735156e+09
1591  1552.672909    0.000109  0.000013  ...  0.000012  7.793337e+06  1.735156e+09

[1592 rows x 13 columns]
CHANNEL_3_11
           cbragg  cbragg_err   credchi  ...  cdelta_n            cL     timestamp
0     1553.642196    0.000135  0.000027  ...  0.000012  7.918728e+06  1.735140e+09
1     1553.644942    0.000130  0.000039  ...  0.000012  7.854137e+06  1.735140e+09
2     1553.642129    0.000135  0.000027  ...  0.000012  7.904623e+06  1.735140e+09
3     1553.644889    0.000130  0.000040  ...  0.000012  7.850618e+06  1.735140e+09
4     1553.642216    0.000134  0.000027  ...  0.000012  7.918098e+06  1.735140e+09
...           ...         ...       ...  ...       ...           ...           ...
1587  1553.644863    0.000129  0.000038  ...  0.000012  7.849119e+06  1.735156e+09
1588  1553.642250    0.000133  0.000026  ...  0.000012  7.921788e+06  1.735156e+09
1589  1553.644950    0.000132  0.000040  ...  0.000012  7.844608e+06  1.735156e+09
1590  1553.642279    0.000131  0.000025  ...  0.000012  7.931225e+06  1.735156e+09
1591  1553.645088    0.000132  0.000040  ...  0.000012  7.841705e+06  1.735156e+09

[1592 rows x 13 columns]
CHANNEL_3_12
           cbragg  cbragg_err   credchi  ...  cdelta_n            cL     timestamp
0     1554.622944    0.000096  0.000021  ...  0.000012  7.798310e+06  1.735140e+09
1     1554.617093    0.000100  0.000013  ...  0.000012  7.872622e+06  1.735140e+09
2     1554.622941    0.000095  0.000020  ...  0.000012  7.790620e+06  1.735140e+09
3     1554.617022    0.000101  0.000013  ...  0.000012  7.861065e+06  1.735140e+09
4     1554.622953    0.000094  0.000020  ...  0.000012  7.786305e+06  1.735140e+09
...           ...         ...       ...  ...       ...           ...           ...
1587  1554.617024    0.000101  0.000013  ...  0.000012  7.862449e+06  1.735156e+09
1588  1554.622741    0.000097  0.000021  ...  0.000012  7.777580e+06  1.735156e+09
1589  1554.617051    0.000102  0.000013  ...  0.000012  7.848561e+06  1.735156e+09
1590  1554.622787    0.000097  0.000021  ...  0.000012  7.780078e+06  1.735156e+09
1591  1554.617035    0.000108  0.000015  ...  0.000012  7.871766e+06  1.735156e+09

[1592 rows x 13 columns]
CHANNEL_3_13
           cbragg  cbragg_err   credchi  ...  cdelta_n            cL     timestamp
0     1555.625188    0.000091  0.000010  ...  0.000012  7.606041e+06  1.735140e+09
1     1555.630693    0.000088  0.000017  ...  0.000012  7.551341e+06  1.735140e+09
2     1555.625051    0.000092  0.000010  ...  0.000012  7.591598e+06  1.735140e+09
3     1555.630587    0.000084  0.000016  ...  0.000012  7.585886e+06  1.735140e+09
4     1555.625129    0.000091  0.000010  ...  0.000012  7.596767e+06  1.735140e+09
...           ...         ...       ...  ...       ...           ...           ...
1587  1555.630461    0.000089  0.000017  ...  0.000012  7.575596e+06  1.735156e+09
1588  1555.624927    0.000089  0.000010  ...  0.000012  7.614215e+06  1.735156e+09
1589  1555.630712    0.000090  0.000017  ...  0.000012  7.563793e+06  1.735156e+09
1590  1555.625046    0.000092  0.000010  ...  0.000012  7.604333e+06  1.735156e+09
1591  1555.630740    0.000088  0.000016  ...  0.000012  7.538433e+06  1.735156e+09

[1592 rows x 13 columns]
CHANNEL_3_14
           cbragg  cbragg_err   credchi  ...  cdelta_n            cL     timestamp
0     1556.585818    0.000205  0.000092  ...  0.000012  7.452587e+06  1.735140e+09
1     1556.578381    0.000274  0.000092  ...  0.000012  7.173498e+06  1.735140e+09
2     1556.585687    0.000191  0.000082  ...  0.000012  7.705059e+06  1.735140e+09
3     1556.578227    0.000190  0.000050  ...  0.000012  7.771251e+06  1.735140e+09
4     1556.585752    0.000203  0.000089  ...  0.000012  7.464785e+06  1.735140e+09
...           ...         ...       ...  ...       ...           ...           ...
1587  1556.578178    0.000185  0.000047  ...  0.000012  7.781896e+06  1.735156e+09
1588  1556.585596    0.000183  0.000074  ...  0.000012  7.665087e+06  1.735156e+09
1589  1556.578324    0.000184  0.000046  ...  0.000012  7.771374e+06  1.735156e+09
1590  1556.585564    0.000187  0.000077  ...  0.000012  7.705449e+06  1.735156e+09
1591  1556.578297    0.000185  0.000047  ...  0.000012  7.772671e+06  1.735156e+09

[1592 rows x 13 columns]
