CHANNEL_0_1
           cbragg  cbragg_err   credchi  ...  cdelta_n            cL     timestamp
0     1544.604990    0.000112  0.000046  ...  0.000012  7.680459e+06  1.735775e+09
1     1544.613783    0.000116  0.000056  ...  0.000012  7.671335e+06  1.735775e+09
2     1544.605004    0.000113  0.000048  ...  0.000012  7.675568e+06  1.735775e+09
3     1544.613782    0.000329  0.000057  ...  0.000012  7.673155e+06  1.735775e+09
4     1544.604915    0.000113  0.000047  ...  0.000012  7.683447e+06  1.735775e+09
...           ...         ...       ...  ...       ...           ...           ...
1587  1544.612840    0.000105  0.000059  ...  0.000012  7.682118e+06  1.735791e+09
1588  1544.604122    0.000292  0.000046  ...  0.000012  7.682135e+06  1.735791e+09
1589  1544.612716    0.000108  0.000058  ...  0.000012  7.670756e+06  1.735791e+09
1590  1544.604028    0.000104  0.000048  ...  0.000012  7.678373e+06  1.735791e+09
1591  1544.612701    0.000104  0.000057  ...  0.000012  7.675724e+06  1.735791e+09

[1592 rows x 13 columns]
CHANNEL_0_2
           cbragg  cbragg_err   credchi  ...  cdelta_n            cL     timestamp
0     1545.433376    0.000097  0.000020  ...  0.000012  7.643588e+06  1.735775e+09
1     1545.435460    0.000097  0.000022  ...  0.000012  7.646286e+06  1.735775e+09
2     1545.433361    0.000098  0.000021  ...  0.000012  7.632868e+06  1.735775e+09
3     1545.435569    0.000096  0.000022  ...  0.000012  7.639450e+06  1.735775e+09
4     1545.433350    0.000096  0.000020  ...  0.000012  7.637929e+06  1.735775e+09
...           ...         ...       ...  ...       ...           ...           ...
1587  1545.434289    0.000094  0.000021  ...  0.000012  7.649835e+06  1.735791e+09
1588  1545.432264    0.000095  0.000020  ...  0.000012  7.664261e+06  1.735791e+09
1589  1545.434257    0.000095  0.000021  ...  0.000012  7.617850e+06  1.735791e+09
1590  1545.432272    0.000094  0.000019  ...  0.000012  7.657195e+06  1.735791e+09
1591  1545.434290    0.000097  0.000022  ...  0.000012  7.644774e+06  1.735791e+09

[1592 rows x 13 columns]
CHANNEL_0_3
           cbragg  cbragg_err   credchi  ...  cdelta_n            cL     timestamp
0     1546.110164    0.000108  0.000038  ...  0.000012  7.688073e+06  1.735775e+09
1     1546.119217    0.000113  0.000059  ...  0.000012  7.786281e+06  1.735775e+09
2     1546.110151    0.000111  0.000040  ...  0.000012  7.689334e+06  1.735775e+09
3     1546.119273    0.000112  0.000056  ...  0.000012  7.661569e+06  1.735775e+09
4     1546.110231    0.000109  0.000039  ...  0.000012  7.684807e+06  1.735775e+09
...           ...         ...       ...  ...       ...           ...           ...
1587  1546.119013    0.000114  0.000060  ...  0.000012  7.780752e+06  1.735791e+09
1588  1546.110235    0.000108  0.000038  ...  0.000012  7.693723e+06  1.735791e+09
1589  1546.119065    0.000109  0.000053  ...  0.000012  7.678585e+06  1.735791e+09
1590  1546.110229    0.000108  0.000038  ...  0.000012  7.673090e+06  1.735791e+09
1591  1546.119107    0.000110  0.000054  ...  0.000012  7.667570e+06  1.735791e+09

[1592 rows x 13 columns]
CHANNEL_0_4
           cbragg  cbragg_err   credchi  ...  cdelta_n            cL     timestamp
0     1547.111354    0.000115  0.000047  ...  0.000012  7.856748e+06  1.735775e+09
1     1547.113212    0.000112  0.000049  ...  0.000012  7.868668e+06  1.735775e+09
2     1547.111245    0.000115  0.000047  ...  0.000012  7.855749e+06  1.735775e+09
3     1547.113146    0.000114  0.000051  ...  0.000012  7.844907e+06  1.735775e+09
4     1547.111195    0.000116  0.000048  ...  0.000012  7.857412e+06  1.735775e+09
...           ...         ...       ...  ...       ...           ...           ...
1587  1547.112795    0.000111  0.000048  ...  0.000012  7.875692e+06  1.735791e+09
1588  1547.110937    0.000116  0.000047  ...  0.000012  7.848378e+06  1.735791e+09
1589  1547.112740    0.000113  0.000050  ...  0.000012  7.871363e+06  1.735791e+09
1590  1547.110978    0.000116  0.000048  ...  0.000012  7.876906e+06  1.735791e+09
1591  1547.112805    0.000111  0.000049  ...  0.000012  7.866568e+06  1.735791e+09

[1592 rows x 13 columns]
CHANNEL_0_5
           cbragg  cbragg_err   credchi  ...  cdelta_n            cL     timestamp
0     1548.085031    0.000091  0.000040  ...  0.000012  7.694133e+06  1.735775e+09
1     1548.090768    0.000105  0.000046  ...  0.000012  7.738172e+06  1.735775e+09
2     1548.085076    0.000090  0.000040  ...  0.000012  7.695157e+06  1.735775e+09
3     1548.090390    0.000095  0.000038  ...  0.000012  7.690633e+06  1.735775e+09
4     1548.084952    0.000091  0.000040  ...  0.000012  7.699181e+06  1.735775e+09
...           ...         ...       ...  ...       ...           ...           ...
1587  1548.089951    0.000095  0.000039  ...  0.000012  7.695964e+06  1.735791e+09
1588  1548.084762    0.000092  0.000041  ...  0.000012  7.693967e+06  1.735791e+09
1589  1548.090077    0.000099  0.000041  ...  0.000012  7.733509e+06  1.735791e+09
1590  1548.084774    0.000092  0.000041  ...  0.000012  7.685135e+06  1.735791e+09
1591  1548.089997    0.000096  0.000039  ...  0.000012  7.710744e+06  1.735791e+09

[1592 rows x 13 columns]
CHANNEL_0_6
           cbragg  cbragg_err   credchi  ...  cdelta_n            cL     timestamp
0     1549.063120    0.000078  0.000024  ...  0.000012  7.564356e+06  1.735775e+09
1     1549.072729    0.000084  0.000045  ...  0.000012  7.488378e+06  1.735775e+09
2     1549.063243    0.000078  0.000024  ...  0.000012  7.564779e+06  1.735775e+09
3     1549.073037    0.000199  0.000272  ...  0.000012  7.973397e+06  1.735775e+09
4     1549.063120    0.000077  0.000023  ...  0.000012  7.564806e+06  1.735775e+09
...           ...         ...       ...  ...       ...           ...           ...
1587  1549.072432    0.000083  0.000044  ...  0.000012  7.485358e+06  1.735791e+09
1588  1549.062818    0.000078  0.000023  ...  0.000012  7.566610e+06  1.735791e+09
1589  1549.072422    0.000087  0.000049  ...  0.000012  7.554388e+06  1.735791e+09
1590  1549.062921    0.000078  0.000023  ...  0.000012  7.569045e+06  1.735791e+09
1591  1549.072490    0.000092  0.000055  ...  0.000012  7.605440e+06  1.735791e+09

[1592 rows x 13 columns]
CHANNEL_0_7
           cbragg  cbragg_err   credchi  ...  cdelta_n            cL     timestamp
0     1550.068084    0.000124  0.000045  ...  0.000012  7.606579e+06  1.735775e+09
1     1550.070891    0.000126  0.000050  ...  0.000012  7.689146e+06  1.735775e+09
2     1550.068151    0.000124  0.000045  ...  0.000012  7.603022e+06  1.735775e+09
3     1550.070983    0.000147  0.000068  ...  0.000012  7.802081e+06  1.735775e+09
4     1550.068060    0.000124  0.000045  ...  0.000012  7.592960e+06  1.735775e+09
...           ...         ...       ...  ...       ...           ...           ...
1587  1550.070434    0.000122  0.000047  ...  0.000012  7.635219e+06  1.735791e+09
1588  1550.067689    0.000126  0.000047  ...  0.000012  7.590350e+06  1.735791e+09
1589  1550.070451    0.000125  0.000049  ...  0.000012  7.601608e+06  1.735791e+09
1590  1550.067833    0.000125  0.000046  ...  0.000012  7.598641e+06  1.735791e+09
1591  1550.070687    0.000123  0.000048  ...  0.000012  7.646659e+06  1.735791e+09

[1592 rows x 13 columns]
CHANNEL_0_8
           cbragg  cbragg_err   credchi  ...  cdelta_n            cL     timestamp
0     1551.042937    0.000072  0.000015  ...  0.000012  7.625678e+06  1.735775e+09
1     1551.050553    0.000071  0.000018  ...  0.000012  7.633673e+06  1.735775e+09
2     1551.042796    0.000072  0.000015  ...  0.000012  7.615353e+06  1.735775e+09
3     1551.050539    0.000073  0.000019  ...  0.000012  7.659472e+06  1.735775e+09
4     1551.042987    0.000072  0.000015  ...  0.000012  7.630818e+06  1.735775e+09
...           ...         ...       ...  ...       ...           ...           ...
1587  1551.050414    0.000070  0.000017  ...  0.000012  7.632576e+06  1.735791e+09
1588  1551.042873    0.000071  0.000014  ...  0.000012  7.607872e+06  1.735791e+09
1589  1551.050449    0.000072  0.000018  ...  0.000012  7.631495e+06  1.735791e+09
1590  1551.042820    0.000072  0.000015  ...  0.000012  7.626473e+06  1.735791e+09
1591  1551.050445    0.000072  0.000018  ...  0.000012  7.634578e+06  1.735791e+09

[1592 rows x 13 columns]
CHANNEL_0_9
           cbragg  cbragg_err   credchi  ...  cdelta_n            cL     timestamp
0     1552.024393    0.000091  0.000016  ...  0.000012  7.737730e+06  1.735775e+09
1     1552.034318    0.000088  0.000028  ...  0.000012  7.684801e+06  1.735775e+09
2     1552.024305    0.000090  0.000016  ...  0.000012  7.737086e+06  1.735775e+09
3     1552.034338    0.000090  0.000029  ...  0.000012  7.671295e+06  1.735775e+09
4     1552.024365    0.000090  0.000016  ...  0.000012  7.744079e+06  1.735775e+09
...           ...         ...       ...  ...       ...           ...           ...
1587  1552.034262    0.000087  0.000028  ...  0.000012  7.681127e+06  1.735791e+09
1588  1552.024345    0.000090  0.000016  ...  0.000012  7.741972e+06  1.735791e+09
1589  1552.034261    0.000087  0.000028  ...  0.000012  7.681859e+06  1.735791e+09
1590  1552.024378    0.000133  0.000033  ...  0.000012  7.413022e+06  1.735791e+09
1591  1552.034253    0.000088  0.000028  ...  0.000012  7.682926e+06  1.735791e+09

[1592 rows x 13 columns]
CHANNEL_0_10
           cbragg  cbragg_err   credchi  ...  cdelta_n            cL     timestamp
0     1553.034228    0.000093  0.000021  ...  0.000012  7.689477e+06  1.735775e+09
1     1553.035395    0.000092  0.000017  ...  0.000012  7.732936e+06  1.735775e+09
2     1553.034163    0.000094  0.000021  ...  0.000012  7.696561e+06  1.735775e+09
3     1553.035523    0.000094  0.000017  ...  0.000012  7.715124e+06  1.735775e+09
4     1553.034249    0.000091  0.000020  ...  0.000012  7.648227e+06  1.735775e+09
...           ...         ...       ...  ...       ...           ...           ...
1587  1553.035400    0.000092  0.000017  ...  0.000012  7.722384e+06  1.735791e+09
1588  1553.034145    0.000092  0.000020  ...  0.000012  7.696500e+06  1.735791e+09
1589  1553.035378    0.000096  0.000018  ...  0.000012  7.738963e+06  1.735791e+09
1590  1553.034267    0.000092  0.000021  ...  0.000012  7.696117e+06  1.735791e+09
1591  1553.035463    0.000091  0.000016  ...  0.000012  7.731845e+06  1.735791e+09

[1592 rows x 13 columns]
CHANNEL_0_11
           cbragg  cbragg_err   credchi  ...  cdelta_n            cL     timestamp
0     1554.039226    0.000073  0.000008  ...  0.000012  7.714970e+06  1.735775e+09
1     1554.048763    0.000073  0.000015  ...  0.000012  7.657213e+06  1.735775e+09
2     1554.039128    0.000074  0.000009  ...  0.000012  7.719242e+06  1.735775e+09
3     1554.048989    0.000069  0.000014  ...  0.000012  7.646219e+06  1.735775e+09
4     1554.039125    0.000070  0.000008  ...  0.000012  7.725676e+06  1.735775e+09
...           ...         ...       ...  ...       ...           ...           ...
1587  1554.048766    0.000072  0.000015  ...  0.000012  7.665178e+06  1.735791e+09
1588  1554.039128    0.000070  0.000008  ...  0.000012  7.718505e+06  1.735791e+09
1589  1554.048813    0.000072  0.000014  ...  0.000012  7.646776e+06  1.735791e+09
1590  1554.039072    0.000070  0.000008  ...  0.000012  7.658294e+06  1.735791e+09
1591  1554.048699    0.000073  0.000015  ...  0.000012  7.636787e+06  1.735791e+09

[1592 rows x 13 columns]
CHANNEL_0_12
           cbragg  cbragg_err   credchi  ...  cdelta_n            cL     timestamp
0     1555.067491    0.000118  0.000048  ...  0.000012  7.505737e+06  1.735775e+09
1     1555.069901    0.000116  0.000045  ...  0.000012  7.518003e+06  1.735775e+09
2     1555.067461    0.000118  0.000047  ...  0.000012  7.497370e+06  1.735775e+09
3     1555.069827    0.000117  0.000046  ...  0.000012  7.512768e+06  1.735775e+09
4     1555.067589    0.000116  0.000046  ...  0.000012  7.504213e+06  1.735775e+09
...           ...         ...       ...  ...       ...           ...           ...
1587  1555.069655    0.000118  0.000047  ...  0.000012  7.465979e+06  1.735791e+09
1588  1555.067453    0.000115  0.000045  ...  0.000012  7.508883e+06  1.735791e+09
1589  1555.069623    0.000119  0.000048  ...  0.000012  7.509524e+06  1.735791e+09
1590  1555.067372    0.000119  0.000048  ...  0.000012  7.497693e+06  1.735791e+09
1591  1555.069681    0.000118  0.000047  ...  0.000012  7.520430e+06  1.735791e+09

[1592 rows x 13 columns]
CHANNEL_0_13
           cbragg  cbragg_err   credchi  ...  cdelta_n            cL     timestamp
0     1556.039815    0.000141  0.000036  ...  0.000012  7.700437e+06  1.735775e+09
1     1556.048186    0.000137  0.000046  ...  0.000012  7.685405e+06  1.735775e+09
2     1556.039710    0.000138  0.000035  ...  0.000012  7.688597e+06  1.735775e+09
3     1556.048241    0.000137  0.000046  ...  0.000012  7.689944e+06  1.735775e+09
4     1556.039760    0.000142  0.000036  ...  0.000012  7.685183e+06  1.735775e+09
...           ...         ...       ...  ...       ...           ...           ...
1587  1556.047996    0.000135  0.000044  ...  0.000012  7.699932e+06  1.735791e+09
1588  1556.039660    0.000140  0.000036  ...  0.000012  7.667122e+06  1.735791e+09
1589  1556.047950    0.000138  0.000047  ...  0.000012  7.699599e+06  1.735791e+09
1590  1556.039736    0.000141  0.000036  ...  0.000012  7.684887e+06  1.735791e+09
1591  1556.048064    0.000137  0.000046  ...  0.000012  7.693579e+06  1.735791e+09

[1592 rows x 13 columns]
CHANNEL_0_14
           cbragg  cbragg_err   credchi  ...  cdelta_n            cL     timestamp
0     1557.012477    0.000098  0.000028  ...  0.000012  7.661900e+06  1.735775e+09
1     1557.016859    0.000102  0.000038  ...  0.000012  7.644841e+06  1.735775e+09
2     1557.012459    0.000099  0.000028  ...  0.000012  7.658537e+06  1.735775e+09
3     1557.016885    0.000102  0.000037  ...  0.000012  7.611152e+06  1.735775e+09
4     1557.012461    0.000098  0.000028  ...  0.000012  7.661591e+06  1.735775e+09
...           ...         ...       ...  ...       ...           ...           ...
1587  1557.016665    0.000102  0.000037  ...  0.000012  7.609801e+06  1.735791e+09
1588  1557.012308    0.000107  0.000033  ...  0.000012  7.746915e+06  1.735791e+09
1589  1557.016762    0.000102  0.000037  ...  0.000012  7.620479e+06  1.735791e+09
1590  1557.012330    0.000105  0.000032  ...  0.000012  7.745003e+06  1.735791e+09
1591  1557.016725    0.000103  0.000038  ...  0.000012  7.598670e+06  1.735791e+09

[1592 rows x 13 columns]
CHANNEL_1_1
           cbragg  cbragg_err   credchi  ...  cdelta_n            cL     timestamp
0     1556.157728    0.000080  0.000006  ...  0.000012  2.688049e+06  1.735775e+09
1     1556.157441    0.000113  0.000012  ...  0.000012  2.651419e+06  1.735775e+09
2     1556.157597    0.000097  0.000009  ...  0.000012  2.637838e+06  1.735775e+09
3     1556.157165    0.000078  0.000006  ...  0.000012  2.665337e+06  1.735775e+09
4     1556.157671    0.000078  0.000006  ...  0.000012  2.673973e+06  1.735775e+09
...           ...         ...       ...  ...       ...           ...           ...
1587  1556.156331    0.000079  0.000006  ...  0.000012  2.669799e+06  1.735791e+09
1588  1556.156988    0.000079  0.000006  ...  0.000012  2.678856e+06  1.735791e+09
1589  1556.156496    0.000204  0.000034  ...  0.000012  2.576612e+06  1.735791e+09
1590  1556.156198    0.000796  0.000939  ...  0.000012  3.149054e+06  1.735791e+09
1591  1556.156109    0.000132  0.000017  ...  0.000012  2.738821e+06  1.735791e+09

[1592 rows x 13 columns]
CHANNEL_1_2
           cbragg  cbragg_err   credchi  ...  cdelta_n            cL     timestamp
0     1558.198128    0.000477  0.000436  ...  0.000012  3.110771e+06  1.735775e+09
1     1558.201082    0.000117  0.000020  ...  0.000012  2.798387e+06  1.735775e+09
2     1558.197987    0.000751  0.001280  ...  0.000012  3.322982e+06  1.735775e+09
3     1558.201459    0.000886  0.000736  ...  0.000012  2.402748e+06  1.735775e+09
4     1558.198645    0.000145  0.000028  ...  0.000012  2.750017e+06  1.735775e+09
...           ...         ...       ...  ...       ...           ...           ...
1587  1558.200797    0.000113  0.000019  ...  0.000012  2.793508e+06  1.735791e+09
1588  1558.198485    0.000128  0.000023  ...  0.000012  2.807053e+06  1.735791e+09
1589  1558.200525    0.000444  0.000391  ...  0.000012  3.093874e+06  1.735791e+09
1590  1558.198578    0.000129  0.000023  ...  0.000012  2.774362e+06  1.735791e+09
1591  1558.201163    0.000187  0.000046  ...  0.000012  2.715251e+06  1.735791e+09

[1592 rows x 13 columns]
CHANNEL_1_3
           cbragg  cbragg_err   credchi  ...  cdelta_n            cL     timestamp
0     1561.016839    0.000051  0.000004  ...  0.000012  2.940966e+06  1.735775e+09
1     1561.013438    0.000049  0.000004  ...  0.000012  2.915483e+06  1.735775e+09
2     1561.016735    0.000050  0.000004  ...  0.000012  2.920155e+06  1.735775e+09
3     1561.013454    0.000583  0.000417  ...  0.000012  2.635969e+06  1.735775e+09
4     1561.016952    0.000059  0.000005  ...  0.000012  2.910774e+06  1.735775e+09
...           ...         ...       ...  ...       ...           ...           ...
1587  1561.013339    0.000050  0.000004  ...  0.000012  2.918125e+06  1.735791e+09
1588  1561.016934    0.000053  0.000005  ...  0.000012  2.932033e+06  1.735791e+09
1589  1561.013495    0.000050  0.000004  ...  0.000012  2.930185e+06  1.735791e+09
1590  1561.016818    0.000049  0.000004  ...  0.000012  2.939108e+06  1.735791e+09
1591  1561.013354    0.000053  0.000005  ...  0.000012  2.952135e+06  1.735791e+09

[1592 rows x 13 columns]
CHANNEL_2_1
           cbragg  cbragg_err   credchi  ...  cdelta_n            cL     timestamp
0     1543.578461    0.000078  0.000006  ...  0.000012  2.770043e+06  1.735775e+09
1     1543.577655    0.000075  0.000005  ...  0.000012  2.771114e+06  1.735775e+09
2     1543.577834    0.000079  0.000006  ...  0.000012  2.771378e+06  1.735775e+09
3     1543.577118    0.000073  0.000005  ...  0.000012  2.770580e+06  1.735775e+09
4     1543.577865    0.000077  0.000006  ...  0.000012  2.771925e+06  1.735775e+09
...           ...         ...       ...  ...       ...           ...           ...
1587  1543.576352    0.000073  0.000005  ...  0.000012  2.772050e+06  1.735791e+09
1588  1543.576765    0.000077  0.000006  ...  0.000012  2.771975e+06  1.735791e+09
1589  1543.576132    0.000074  0.000006  ...  0.000012  2.773037e+06  1.735791e+09
1590  1543.577042    0.000076  0.000006  ...  0.000012  2.771712e+06  1.735791e+09
1591  1543.576317    0.000156  0.000006  ...  0.000012  2.771968e+06  1.735791e+09

[1592 rows x 13 columns]
CHANNEL_2_2
           cbragg  cbragg_err   credchi  ...  cdelta_n            cL     timestamp
0     1545.922303    0.000211  0.000034  ...  0.000012  2.640633e+06  1.735775e+09
1     1545.922115    0.000613  0.000428  ...  0.000012  3.068094e+06  1.735775e+09
2     1545.922303    0.000168  0.000021  ...  0.000012  2.664569e+06  1.735775e+09
3     1545.923517    0.000137  0.000015  ...  0.000012  2.734495e+06  1.735775e+09
4     1545.922861    0.000207  0.000030  ...  0.000012  2.602812e+06  1.735775e+09
...           ...         ...       ...  ...       ...           ...           ...
1587  1545.923658    0.000143  0.000016  ...  0.000012  2.671626e+06  1.735791e+09
1588  1545.922146    0.000120  0.000011  ...  0.000012  2.687535e+06  1.735791e+09
1589  1545.922414    0.000524  0.000301  ...  0.000012  3.013343e+06  1.735791e+09
1590  1545.923402    0.000466  0.000128  ...  0.000012  2.461879e+06  1.735791e+09
1591  1545.922672    0.000435  0.000193  ...  0.000012  2.949532e+06  1.735791e+09

[1592 rows x 13 columns]
CHANNEL_2_3
           cbragg  cbragg_err   credchi  ...  cdelta_n            cL     timestamp
0     1548.520634    0.000206  0.000047  ...  0.000012  2.961967e+06  1.735775e+09
1     1548.522081    0.000120  0.000015  ...  0.000012  2.863672e+06  1.735775e+09
2     1548.520898    0.000572  0.000464  ...  0.000012  3.238812e+06  1.735775e+09
3     1548.521955    0.000328  0.000100  ...  0.000012  2.736086e+06  1.735775e+09
4     1548.520762    0.000112  0.000013  ...  0.000012  2.890375e+06  1.735775e+09
...           ...         ...       ...  ...       ...           ...           ...
1587  1548.522916    0.001012  0.001668  ...  0.000012  3.520659e+06  1.735791e+09
1588  1548.521497    0.000836  0.001102  ...  0.000012  3.425762e+06  1.735791e+09
1589  1548.522171    0.000926  0.001556  ...  0.000012  3.574258e+06  1.735791e+09
1590  1548.520774    0.000103  0.000011  ...  0.000012  2.862599e+06  1.735791e+09
1591  1548.522242    0.000098  0.000010  ...  0.000012  2.879443e+06  1.735791e+09

[1592 rows x 13 columns]
CHANNEL_3_1
           cbragg  cbragg_err   credchi  ...  cdelta_n            cL     timestamp
0     1544.124719    0.000111  0.000026  ...  0.000012  7.763868e+06  1.735775e+09
1     1544.122821    0.000589  0.000020  ...  0.000012  7.825577e+06  1.735775e+09
2     1544.124701    0.000130  0.000027  ...  0.000012  7.757099e+06  1.735775e+09
3     1544.122895    0.000186  0.000019  ...  0.000012  7.821096e+06  1.735775e+09
4     1544.124678    0.000111  0.000027  ...  0.000012  7.767911e+06  1.735775e+09
...           ...         ...       ...  ...       ...           ...           ...
1587  1544.121949    0.000120  0.000021  ...  0.000012  7.813962e+06  1.735791e+09
1588  1544.123650    0.000111  0.000027  ...  0.000012  7.774982e+06  1.735791e+09
1589  1544.121904    0.000117  0.000020  ...  0.000012  7.813688e+06  1.735791e+09
1590  1544.123721    0.000197  0.000027  ...  0.000012  7.775706e+06  1.735791e+09
1591  1544.121953    0.000136  0.000019  ...  0.000012  7.803080e+06  1.735791e+09

[1592 rows x 13 columns]
CHANNEL_3_2
           cbragg  cbragg_err   credchi  ...  cdelta_n            cL     timestamp
0     1545.014611    0.000140  0.000022  ...  0.000012  7.912427e+06  1.735775e+09
1     1545.025429    0.000154  0.000039  ...  0.000012  7.828292e+06  1.735775e+09
2     1545.014584    0.000169  0.000022  ...  0.000012  7.913239e+06  1.735775e+09
3     1545.025352    0.000112  0.000040  ...  0.000012  7.826190e+06  1.735775e+09
4     1545.014521    0.000110  0.000022  ...  0.000012  7.896740e+06  1.735775e+09
...           ...         ...       ...  ...       ...           ...           ...
1587  1545.024098    0.000333  0.000040  ...  0.000012  7.833645e+06  1.735791e+09
1588  1545.013309    0.000110  0.000022  ...  0.000012  7.916235e+06  1.735791e+09
1589  1545.024153    0.000314  0.000041  ...  0.000012  7.823841e+06  1.735791e+09
1590  1545.013297    0.000118  0.000023  ...  0.000012  7.902565e+06  1.735791e+09
1591  1545.024166    0.000114  0.000040  ...  0.000012  7.825737e+06  1.735791e+09

[1592 rows x 13 columns]
CHANNEL_3_3
           cbragg  cbragg_err   credchi  ...  cdelta_n            cL     timestamp
0     1545.705058    0.000105  0.000030  ...  0.000012  7.550503e+06  1.735775e+09
1     1545.707698    0.000110  0.000025  ...  0.000012  7.618395e+06  1.735775e+09
2     1545.705041    0.000112  0.000035  ...  0.000012  7.662010e+06  1.735775e+09
3     1545.707699    0.000114  0.000027  ...  0.000012  7.596967e+06  1.735775e+09
4     1545.705027    0.000109  0.000032  ...  0.000012  7.542494e+06  1.735775e+09
...           ...         ...       ...  ...       ...           ...           ...
1587  1545.707193    0.000114  0.000026  ...  0.000012  7.627042e+06  1.735791e+09
1588  1545.704410    0.000115  0.000036  ...  0.000012  7.546563e+06  1.735791e+09
1589  1545.707184    0.000113  0.000026  ...  0.000012  7.601798e+06  1.735791e+09
1590  1545.704389    0.000110  0.000033  ...  0.000012  7.582006e+06  1.735791e+09
1591  1545.707231    0.000112  0.000026  ...  0.000012  7.616139e+06  1.735791e+09

[1592 rows x 13 columns]
CHANNEL_3_4
           cbragg  cbragg_err   credchi  ...  cdelta_n            cL     timestamp
0     1546.676666    0.000096  0.000017  ...  0.000012  7.800426e+06  1.735775e+09
1     1546.684266    0.000097  0.000026  ...  0.000012  7.743650e+06  1.735775e+09
2     1546.676669    0.000097  0.000017  ...  0.000012  7.800949e+06  1.735775e+09
3     1546.684337    0.000098  0.000027  ...  0.000012  7.747510e+06  1.735775e+09
4     1546.676554    0.000096  0.000017  ...  0.000012  7.794802e+06  1.735775e+09
...           ...         ...       ...  ...       ...           ...           ...
1587  1546.683762    0.000099  0.000027  ...  0.000012  7.701743e+06  1.735791e+09
1588  1546.676196    0.000097  0.000017  ...  0.000012  7.805131e+06  1.735791e+09
1589  1546.683820    0.000097  0.000026  ...  0.000012  7.739641e+06  1.735791e+09
1590  1546.676170    0.000098  0.000017  ...  0.000012  7.806642e+06  1.735791e+09
1591  1546.683828    0.000100  0.000028  ...  0.000012  7.732275e+06  1.735791e+09

[1592 rows x 13 columns]
CHANNEL_3_5
           cbragg  cbragg_err   credchi  ...  cdelta_n            cL     timestamp
0     1547.696442    0.000077  0.000014  ...  0.000012  7.597129e+06  1.735775e+09
1     1547.703869    0.000078  0.000014  ...  0.000012  7.633686e+06  1.735775e+09
2     1547.696495    0.000078  0.000015  ...  0.000012  7.584997e+06  1.735775e+09
3     1547.703886    0.000078  0.000014  ...  0.000012  7.626740e+06  1.735775e+09
4     1547.696434    0.000078  0.000015  ...  0.000012  7.598453e+06  1.735775e+09
...           ...         ...       ...  ...       ...           ...           ...
1587  1547.703484    0.000076  0.000013  ...  0.000012  7.634729e+06  1.735791e+09
1588  1547.696018    0.000076  0.000014  ...  0.000012  7.592993e+06  1.735791e+09
1589  1547.703483    0.000078  0.000013  ...  0.000012  7.633762e+06  1.735791e+09
1590  1547.696051    0.000077  0.000014  ...  0.000012  7.590388e+06  1.735791e+09
1591  1547.703556    0.000077  0.000013  ...  0.000012  7.633366e+06  1.735791e+09

[1592 rows x 13 columns]
CHANNEL_3_6
           cbragg  cbragg_err   credchi  ...  cdelta_n            cL     timestamp
0     1548.685180    0.000083  0.000016  ...  0.000012  7.749043e+06  1.735775e+09
1     1548.688011    0.000080  0.000015  ...  0.000012  7.769727e+06  1.735775e+09
2     1548.685306    0.000083  0.000016  ...  0.000012  7.752768e+06  1.735775e+09
3     1548.688106    0.000089  0.000019  ...  0.000012  7.785664e+06  1.735775e+09
4     1548.685215    0.000082  0.000015  ...  0.000012  7.759861e+06  1.735775e+09
...           ...         ...       ...  ...       ...           ...           ...
1587  1548.687664    0.000080  0.000016  ...  0.000012  7.715493e+06  1.735791e+09
1588  1548.684802    0.000081  0.000015  ...  0.000012  7.764866e+06  1.735791e+09
1589  1548.687655    0.000080  0.000016  ...  0.000012  7.763556e+06  1.735791e+09
1590  1548.684892    0.000082  0.000016  ...  0.000012  7.753223e+06  1.735791e+09
1591  1548.687803    0.000081  0.000016  ...  0.000012  7.759700e+06  1.735791e+09

[1592 rows x 13 columns]
CHANNEL_3_7
           cbragg  cbragg_err   credchi  ...  cdelta_n            cL     timestamp
0     1549.700043    0.000085  0.000014  ...  0.000012  7.628377e+06  1.735775e+09
1     1549.711013    0.000085  0.000020  ...  0.000012  7.603220e+06  1.735775e+09
2     1549.700152    0.000087  0.000014  ...  0.000012  7.627549e+06  1.735775e+09
3     1549.711109    0.000088  0.000021  ...  0.000012  7.602753e+06  1.735775e+09
4     1549.700071    0.000088  0.000015  ...  0.000012  7.631053e+06  1.735775e+09
...           ...         ...       ...  ...       ...           ...           ...
1587  1549.710617    0.000086  0.000020  ...  0.000012  7.608667e+06  1.735791e+09
1588  1549.699666    0.000087  0.000014  ...  0.000012  7.626969e+06  1.735791e+09
1589  1549.710720    0.000087  0.000020  ...  0.000012  7.600117e+06  1.735791e+09
1590  1549.699723    0.000089  0.000015  ...  0.000012  7.617128e+06  1.735791e+09
1591  1549.710695    0.000088  0.000021  ...  0.000012  7.595284e+06  1.735791e+09

[1592 rows x 13 columns]
CHANNEL_3_8
           cbragg  cbragg_err   credchi  ...  cdelta_n            cL     timestamp
0     1550.662416    0.000090  0.000017  ...  0.000012  7.627157e+06  1.735775e+09
1     1550.660249    0.000143  0.000030  ...  0.000012  7.296865e+06  1.735775e+09
2     1550.662398    0.000089  0.000016  ...  0.000012  7.640030e+06  1.735775e+09
3     1550.660166    0.000096  0.000014  ...  0.000012  7.645246e+06  1.735775e+09
4     1550.662499    0.000089  0.000016  ...  0.000012  7.615842e+06  1.735775e+09
...           ...         ...       ...  ...       ...           ...           ...
1587  1550.660201    0.000096  0.000015  ...  0.000012  7.655908e+06  1.735791e+09
1588  1550.662319    0.000091  0.000017  ...  0.000012  7.640889e+06  1.735791e+09
1589  1550.660166    0.000093  0.000014  ...  0.000012  7.651583e+06  1.735791e+09
1590  1550.662355    0.000089  0.000016  ...  0.000012  7.587468e+06  1.735791e+09
1591  1550.660197    0.000097  0.000015  ...  0.000012  7.660628e+06  1.735791e+09

[1592 rows x 13 columns]
CHANNEL_3_9
           cbragg  cbragg_err   credchi  ...  cdelta_n            cL     timestamp
0     1551.652435    0.000090  0.000010  ...  0.000012  7.765481e+06  1.735775e+09
1     1551.662248    0.000088  0.000017  ...  0.000012  7.703212e+06  1.735775e+09
2     1551.652432    0.000091  0.000010  ...  0.000012  7.762524e+06  1.735775e+09
3     1551.662141    0.000090  0.000018  ...  0.000012  7.667949e+06  1.735775e+09
4     1551.652440    0.000091  0.000010  ...  0.000012  7.767476e+06  1.735775e+09
...           ...         ...       ...  ...       ...           ...           ...
1587  1551.662166    0.000089  0.000018  ...  0.000012  7.686142e+06  1.735791e+09
1588  1551.652357    0.000091  0.000010  ...  0.000012  7.763685e+06  1.735791e+09
1589  1551.662277    0.000099  0.000021  ...  0.000012  7.525317e+06  1.735791e+09
1590  1551.652430    0.000090  0.000010  ...  0.000012  7.744794e+06  1.735791e+09
1591  1551.662267    0.000091  0.000019  ...  0.000012  7.668789e+06  1.735791e+09

[1592 rows x 13 columns]
CHANNEL_3_10
           cbragg  cbragg_err   credchi  ...  cdelta_n            cL     timestamp
0     1552.666411    0.000104  0.000021  ...  0.000012  7.720469e+06  1.735775e+09
1     1552.663013    0.000110  0.000013  ...  0.000012  7.784418e+06  1.735775e+09
2     1552.666465    0.000101  0.000020  ...  0.000012  7.727845e+06  1.735775e+09
3     1552.663000    0.000112  0.000014  ...  0.000012  7.784786e+06  1.735775e+09
4     1552.666463    0.000102  0.000021  ...  0.000012  7.717369e+06  1.735775e+09
...           ...         ...       ...  ...       ...           ...           ...
1587  1552.662904    0.000112  0.000014  ...  0.000012  7.779850e+06  1.735791e+09
1588  1552.666472    0.000104  0.000021  ...  0.000012  7.680435e+06  1.735791e+09
1589  1552.663046    0.000113  0.000014  ...  0.000012  7.757279e+06  1.735791e+09
1590  1552.666444    0.000103  0.000021  ...  0.000012  7.723452e+06  1.735791e+09
1591  1552.663060    0.000116  0.000015  ...  0.000012  7.758975e+06  1.735791e+09

[1592 rows x 13 columns]
CHANNEL_3_11
           cbragg  cbragg_err   credchi  ...  cdelta_n            cL     timestamp
0     1553.629406    0.000132  0.000026  ...  0.000012  7.929161e+06  1.735775e+09
1     1553.633653    0.000132  0.000039  ...  0.000012  7.853987e+06  1.735775e+09
2     1553.629401    0.000133  0.000027  ...  0.000012  7.921297e+06  1.735775e+09
3     1553.633686    0.000131  0.000039  ...  0.000012  7.851760e+06  1.735775e+09
4     1553.629461    0.000132  0.000026  ...  0.000012  7.942489e+06  1.735775e+09
...           ...         ...       ...  ...       ...           ...           ...
1587  1553.633610    0.000130  0.000038  ...  0.000012  7.868286e+06  1.735791e+09
1588  1553.629442    0.000133  0.000027  ...  0.000012  7.932222e+06  1.735791e+09
1589  1553.633743    0.000131  0.000039  ...  0.000012  7.825507e+06  1.735791e+09
1590  1553.629474    0.000130  0.000026  ...  0.000012  7.921811e+06  1.735791e+09
1591  1553.633786    0.000132  0.000040  ...  0.000012  7.841583e+06  1.735791e+09

[1592 rows x 13 columns]
CHANNEL_3_12
           cbragg  cbragg_err   credchi  ...  cdelta_n            cL     timestamp
0     1554.608584    0.000096  0.000019  ...  0.000012  7.757057e+06  1.735775e+09
1     1554.607814    0.000103  0.000014  ...  0.000012  7.834579e+06  1.735775e+09
2     1554.608640    0.000096  0.000019  ...  0.000012  7.779772e+06  1.735775e+09
3     1554.607782    0.000104  0.000015  ...  0.000012  7.818520e+06  1.735775e+09
4     1554.608598    0.000095  0.000019  ...  0.000012  7.760488e+06  1.735775e+09
...           ...         ...       ...  ...       ...           ...           ...
1587  1554.607795    0.000106  0.000015  ...  0.000012  7.804704e+06  1.735791e+09
1588  1554.608416    0.000096  0.000019  ...  0.000012  7.782908e+06  1.735791e+09
1589  1554.607874    0.000221  0.000059  ...  0.000012  7.238573e+06  1.735791e+09
1590  1554.608488    0.000097  0.000019  ...  0.000012  7.763336e+06  1.735791e+09
1591  1554.607872    0.000104  0.000015  ...  0.000012  7.827094e+06  1.735791e+09

[1592 rows x 13 columns]
CHANNEL_3_13
           cbragg  cbragg_err   credchi  ...  cdelta_n            cL     timestamp
0     1555.610881    0.000087  0.000009  ...  0.000012  7.653263e+06  1.735775e+09
1     1555.619171    0.000087  0.000016  ...  0.000012  7.577653e+06  1.735775e+09
2     1555.611024    0.000085  0.000009  ...  0.000012  7.651935e+06  1.735775e+09
3     1555.619389    0.000086  0.000016  ...  0.000012  7.579533e+06  1.735775e+09
4     1555.611011    0.000085  0.000009  ...  0.000012  7.602359e+06  1.735775e+09
...           ...         ...       ...  ...       ...           ...           ...
1587  1555.619110    0.000085  0.000016  ...  0.000012  7.578555e+06  1.735791e+09
1588  1555.610915    0.000089  0.000010  ...  0.000012  7.656767e+06  1.735791e+09
1589  1555.619124    0.000085  0.000015  ...  0.000012  7.576543e+06  1.735791e+09
1590  1555.610860    0.000087  0.000009  ...  0.000012  7.642902e+06  1.735791e+09
1591  1555.619129    0.000088  0.000016  ...  0.000012  7.544227e+06  1.735791e+09

[1592 rows x 13 columns]
CHANNEL_3_14
           cbragg  cbragg_err   credchi  ...  cdelta_n            cL     timestamp
0     1556.571517    0.000189  0.000078  ...  0.000012  7.692671e+06  1.735775e+09
1     1556.568415    0.000185  0.000047  ...  0.000012  7.758440e+06  1.735775e+09
2     1556.571528    0.000185  0.000075  ...  0.000012  7.687342e+06  1.735775e+09
3     1556.568424    0.000185  0.000047  ...  0.000012  7.755584e+06  1.735775e+09
4     1556.571612    0.000206  0.000088  ...  0.000012  7.422478e+06  1.735775e+09
...           ...         ...       ...  ...       ...           ...           ...
1587  1556.568376    0.000180  0.000044  ...  0.000012  7.751779e+06  1.735791e+09
1588  1556.571365    0.000187  0.000076  ...  0.000012  7.690875e+06  1.735791e+09
1589  1556.568355    0.000185  0.000047  ...  0.000012  7.758564e+06  1.735791e+09
1590  1556.571433    0.000187  0.000076  ...  0.000012  7.635509e+06  1.735791e+09
1591  1556.568408    0.000187  0.000048  ...  0.000012  7.703529e+06  1.735791e+09

[1592 rows x 13 columns]
