CHANNEL_0_1
        cbragg  cbragg_err   credchi  ...  cdelta_n            cL     timestamp
0  1544.635278    0.000133  0.000067  ...  0.000012  7.673696e+06  1.734489e+09
1  1544.635229    0.000103  0.000066  ...  0.000012  7.675677e+06  1.734489e+09

[2 rows x 13 columns]
CHANNEL_0_2
        cbragg  cbragg_err   credchi  ...  cdelta_n            cL     timestamp
0  1545.465193    0.000103  0.000019  ...  0.000012  7.615697e+06  1.734489e+09
1  1545.465105    0.000101  0.000019  ...  0.000012  7.625591e+06  1.734489e+09

[2 rows x 13 columns]
CHANNEL_0_3
        cbragg  cbragg_err   credchi  ...  cdelta_n            cL     timestamp
0  1546.224152    0.000102  0.000051  ...  0.000012  7.634675e+06  1.734489e+09
1  1546.224081    0.000103  0.000052  ...  0.000012  7.624886e+06  1.734489e+09

[2 rows x 13 columns]
CHANNEL_0_4
        cbragg  cbragg_err   credchi  ...  cdelta_n            cL     timestamp
0  1547.092328    0.000115  0.000041  ...  0.000012  7.852106e+06  1.734489e+09
1  1547.092228    0.000115  0.000041  ...  0.000012  7.845482e+06  1.734489e+09

[2 rows x 13 columns]
CHANNEL_0_5
        cbragg  cbragg_err   credchi  ...  cdelta_n            cL     timestamp
0  1548.070957    0.000082  0.000036  ...  0.000012  7.752691e+06  1.734489e+09
1  1548.070966    0.000082  0.000036  ...  0.000012  7.750012e+06  1.734489e+09

[2 rows x 13 columns]
CHANNEL_0_6
        cbragg  cbragg_err   credchi  ...  cdelta_n            cL     timestamp
0  1549.047088     0.00008  0.000030  ...  0.000012  7.484801e+06  1.734489e+09
1  1549.047120     0.00008  0.000029  ...  0.000012  7.483566e+06  1.734489e+09

[2 rows x 13 columns]
CHANNEL_0_7
        cbragg  cbragg_err   credchi  ...  cdelta_n            cL     timestamp
0  1550.051399    0.000127  0.000048  ...  0.000012  7.644397e+06  1.734489e+09
1  1550.051365    0.000126  0.000048  ...  0.000012  7.641465e+06  1.734489e+09

[2 rows x 13 columns]
CHANNEL_0_8
        cbragg  cbragg_err  credchi  ...  cdelta_n            cL     timestamp
0  1551.029151    0.000075  0.00002  ...  0.000012  7.579758e+06  1.734489e+09
1  1551.029185    0.000075  0.00002  ...  0.000012  7.580391e+06  1.734489e+09

[2 rows x 13 columns]
CHANNEL_0_9
        cbragg  cbragg_err   credchi  ...  cdelta_n            cL     timestamp
0  1552.011016    0.000099  0.000028  ...  0.000012  7.625971e+06  1.734489e+09
1  1552.011028    0.000097  0.000027  ...  0.000012  7.643356e+06  1.734489e+09

[2 rows x 13 columns]
CHANNEL_0_10
        cbragg  cbragg_err   credchi  ...  cdelta_n            cL     timestamp
0  1553.016568    0.000086  0.000014  ...  0.000012  7.704807e+06  1.734489e+09
1  1553.016660    0.000085  0.000014  ...  0.000012  7.718438e+06  1.734489e+09

[2 rows x 13 columns]
CHANNEL_0_11
        cbragg  cbragg_err   credchi  ...  cdelta_n            cL     timestamp
0  1554.025390    0.000072  0.000013  ...  0.000012  7.641707e+06  1.734489e+09
1  1554.025383    0.000071  0.000012  ...  0.000012  7.649915e+06  1.734489e+09

[2 rows x 13 columns]
CHANNEL_0_12
        cbragg  cbragg_err   credchi  ...  cdelta_n            cL     timestamp
0  1555.048503    0.000131  0.000051  ...  0.000012  7.492581e+06  1.734489e+09
1  1555.048549    0.000130  0.000050  ...  0.000012  7.491141e+06  1.734489e+09

[2 rows x 13 columns]
CHANNEL_0_13
        cbragg  cbragg_err   credchi  ...  cdelta_n            cL     timestamp
0  1556.027250    0.000135  0.000048  ...  0.000012  7.662539e+06  1.734489e+09
1  1556.027352    0.000136  0.000048  ...  0.000012  7.672854e+06  1.734489e+09

[2 rows x 13 columns]
CHANNEL_0_14
        cbragg  cbragg_err   credchi  ...  cdelta_n            cL     timestamp
0  1556.992970    0.000103  0.000027  ...  0.000012  7.680967e+06  1.734489e+09
1  1556.992927    0.000103  0.000027  ...  0.000012  7.681813e+06  1.734489e+09

[2 rows x 13 columns]
CHANNEL_1_1
        cbragg  cbragg_err   credchi  ...  cdelta_n            cL     timestamp
0  1556.244217    0.000227  0.000043  ...  0.000012  2.566585e+06  1.734489e+09
1  1556.243497    0.000821  0.001033  ...  0.000012  3.203554e+06  1.734489e+09

[2 rows x 13 columns]
CHANNEL_1_2
        cbragg  cbragg_err   credchi  ...  cdelta_n            cL     timestamp
0  1558.180679    0.000906  0.000721  ...  0.000012  2.389095e+06  1.734489e+09
1  1558.180448    0.000117  0.000020  ...  0.000012  2.802576e+06  1.734489e+09

[2 rows x 13 columns]
CHANNEL_1_3
        cbragg  cbragg_err   credchi  ...  cdelta_n            cL     timestamp
0  1560.992544    0.000832  0.001668  ...  0.000012  3.512436e+06  1.734489e+09
1  1560.992815    0.000051  0.000004  ...  0.000012  2.934906e+06  1.734489e+09

[2 rows x 13 columns]
CHANNEL_2_1
        cbragg  cbragg_err   credchi  ...  cdelta_n            cL     timestamp
0  1543.679462    0.015724  0.004497  ...  0.000012  1.103453e+06  1.734489e+09
1  1543.669047    0.016473  0.004528  ...  0.000012  1.100639e+06  1.734489e+09

[2 rows x 13 columns]
CHANNEL_2_2
        cbragg  cbragg_err   credchi  ...  cdelta_n            cL     timestamp
0  1545.897722    0.000164  0.000021  ...  0.000012  2.641803e+06  1.734489e+09
1  1545.897795    0.000157  0.000022  ...  0.000012  2.725837e+06  1.734489e+09

[2 rows x 13 columns]
CHANNEL_2_3
        cbragg  cbragg_err   credchi  ...  cdelta_n            cL     timestamp
0  1548.496727    0.000259  0.000078  ...  0.000012  3.075231e+06  1.734489e+09
1  1548.496171    0.000634  0.000480  ...  0.000012  3.145260e+06  1.734489e+09

[2 rows x 13 columns]
CHANNEL_3_1
        cbragg  cbragg_err   credchi  ...  cdelta_n            cL     timestamp
0  1544.161992    0.000273  0.000017  ...  0.000012  7.888285e+06  1.734489e+09
1  1544.162123    0.000109  0.000017  ...  0.000012  7.883486e+06  1.734489e+09

[2 rows x 13 columns]
CHANNEL_3_2
        cbragg  cbragg_err   credchi  ...  cdelta_n            cL     timestamp
0  1545.073134    0.000169  0.000040  ...  0.000012  7.806742e+06  1.734489e+09
1  1545.073050    0.000115  0.000041  ...  0.000012  7.810307e+06  1.734489e+09

[2 rows x 13 columns]
CHANNEL_3_3
        cbragg  cbragg_err   credchi  ...  cdelta_n            cL     timestamp
0  1545.836724    0.000108  0.000025  ...  0.000012  7.632457e+06  1.734489e+09
1  1545.836695    0.000118  0.000030  ...  0.000012  7.702532e+06  1.734489e+09

[2 rows x 13 columns]
CHANNEL_3_4
        cbragg  cbragg_err   credchi  ...  cdelta_n            cL     timestamp
0  1546.681219    0.000095  0.000026  ...  0.000012  7.738233e+06  1.734489e+09
1  1546.681200    0.000096  0.000026  ...  0.000012  7.734783e+06  1.734489e+09

[2 rows x 13 columns]
CHANNEL_3_5
        cbragg  cbragg_err   credchi  ...  cdelta_n            cL     timestamp
0  1547.702868    0.000077  0.000015  ...  0.000012  7.585910e+06  1.734489e+09
1  1547.702912    0.000079  0.000016  ...  0.000012  7.583127e+06  1.734489e+09

[2 rows x 13 columns]
CHANNEL_3_6
        cbragg  cbragg_err   credchi  ...  cdelta_n            cL     timestamp
0  1548.684062    0.000079  0.000013  ...  0.000012  7.827579e+06  1.734489e+09
1  1548.684046    0.000080  0.000013  ...  0.000012  7.824123e+06  1.734489e+09

[2 rows x 13 columns]
CHANNEL_3_7
        cbragg  cbragg_err   credchi  ...  cdelta_n            cL     timestamp
0  1549.710807    0.000089  0.000025  ...  0.000012  7.546203e+06  1.734489e+09
1  1549.710919    0.000089  0.000024  ...  0.000012  7.545306e+06  1.734489e+09

[2 rows x 13 columns]
CHANNEL_3_8
        cbragg  cbragg_err   credchi  ...  cdelta_n            cL     timestamp
0  1550.656140    0.000090  0.000012  ...  0.000012  7.721762e+06  1.734489e+09
1  1550.656213    0.000089  0.000012  ...  0.000012  7.725528e+06  1.734489e+09

[2 rows x 13 columns]
CHANNEL_3_9
        cbragg  cbragg_err   credchi  ...  cdelta_n            cL     timestamp
0  1551.658892    0.000090  0.000020  ...  0.000012  7.665610e+06  1.734489e+09
1  1551.658795    0.000089  0.000019  ...  0.000012  7.665915e+06  1.734489e+09

[2 rows x 13 columns]
CHANNEL_3_10
        cbragg  cbragg_err   credchi  ...  cdelta_n            cL     timestamp
0  1552.661049    0.000157  0.000033  ...  0.000012  7.416522e+06  1.734489e+09
1  1552.660722    0.000108  0.000016  ...  0.000012  7.801820e+06  1.734489e+09

[2 rows x 13 columns]
CHANNEL_3_11
        cbragg  cbragg_err   credchi  ...  cdelta_n            cL     timestamp
0  1553.628959    0.000128  0.000037  ...  0.000012  7.879910e+06  1.734489e+09
1  1553.629017    0.000126  0.000036  ...  0.000012  7.850122e+06  1.734489e+09

[2 rows x 13 columns]
CHANNEL_3_12
        cbragg  cbragg_err   credchi  ...  cdelta_n            cL     timestamp
0  1554.605328    0.000101  0.000016  ...  0.000012  7.844796e+06  1.734489e+09
1  1554.605301    0.000102  0.000016  ...  0.000012  7.830236e+06  1.734489e+09

[2 rows x 13 columns]
CHANNEL_3_13
        cbragg  cbragg_err   credchi  ...  cdelta_n            cL     timestamp
0  1555.617039    0.000084  0.000016  ...  0.000012  7.570091e+06  1.734489e+09
1  1555.617114    0.000085  0.000016  ...  0.000012  7.566003e+06  1.734489e+09

[2 rows x 13 columns]
CHANNEL_3_14
        cbragg  cbragg_err   credchi  ...  cdelta_n            cL     timestamp
0  1556.566752    0.000181  0.000049  ...  0.000012  7.781499e+06  1.734489e+09
1  1556.566759    0.000191  0.000054  ...  0.000012  7.763554e+06  1.734489e+09

[2 rows x 13 columns]
