000 (11451992.373.000) 01/28 14:31:49 Job submitted from host: <188.185.114.121:9618?addrs=188.185.114.121-9618+[2001-1458-d00-a--100-273]-9618&alias=bigbird19.cern.ch&noUDP&sock=schedd_2045_4743>
...
040 (11451992.373.000) 01/28 15:35:29 Started transferring input files
	Transferring to host: <188.185.206.218:9618?addrs=188.185.206.218-9618+[2001-1458-303-c--100-57]-9618&alias=b9p06p2595.cern.ch&noUDP&sock=slot1_21_65036_7ece_290820>
...
040 (11451992.373.000) 01/28 15:35:29 Finished transferring input files
...
001 (11451992.373.000) 01/28 15:35:30 Job executing on host: <188.185.206.218:9618?addrs=188.185.206.218-9618+[2001-1458-303-c--100-57]-9618&alias=b9p06p2595.cern.ch&noUDP&sock=startd_3387_c75c>
	SlotName: slot1_21@b9p06p2595.cern.ch
	CondorScratchDir = "/pool/condor/dir_1383367"
	Cpus = 1
	Disk = 2751358
	Memory = 3000
...
006 (11451992.373.000) 01/28 15:35:39 Image size of job updated: 31700
	31  -  MemoryUsage of job (MB)
	31408  -  ResidentSetSize of job (KB)
...
006 (11451992.373.000) 01/28 15:40:40 Image size of job updated: 328932
	322  -  MemoryUsage of job (MB)
	328932  -  ResidentSetSize of job (KB)
...
006 (11451992.373.000) 01/28 15:45:41 Image size of job updated: 519672
	508  -  MemoryUsage of job (MB)
	519672  -  ResidentSetSize of job (KB)
...
006 (11451992.373.000) 01/28 15:50:41 Image size of job updated: 715924
	700  -  MemoryUsage of job (MB)
	715924  -  ResidentSetSize of job (KB)
...
006 (11451992.373.000) 01/28 15:55:41 Image size of job updated: 912060
	891  -  MemoryUsage of job (MB)
	912060  -  ResidentSetSize of job (KB)
...
006 (11451992.373.000) 01/28 16:00:42 Image size of job updated: 1343432
	1312  -  MemoryUsage of job (MB)
	1343432  -  ResidentSetSize of job (KB)
...
006 (11451992.373.000) 01/28 16:05:43 Image size of job updated: 1901384
	1857  -  MemoryUsage of job (MB)
	1901384  -  ResidentSetSize of job (KB)
...
006 (11451992.373.000) 01/28 16:10:43 Image size of job updated: 1982664
	1937  -  MemoryUsage of job (MB)
	1982504  -  ResidentSetSize of job (KB)
...
006 (11451992.373.000) 01/28 16:15:44 Image size of job updated: 2062620
	2015  -  MemoryUsage of job (MB)
	2062616  -  ResidentSetSize of job (KB)
...
006 (11451992.373.000) 01/28 16:20:45 Image size of job updated: 2099216
	2051  -  MemoryUsage of job (MB)
	2099216  -  ResidentSetSize of job (KB)
...
006 (11451992.373.000) 01/28 16:25:45 Image size of job updated: 2135108
	2085  -  MemoryUsage of job (MB)
	2134952  -  ResidentSetSize of job (KB)
...
006 (11451992.373.000) 01/28 16:30:45 Image size of job updated: 2168516
	2118  -  MemoryUsage of job (MB)
	2168312  -  ResidentSetSize of job (KB)
...
006 (11451992.373.000) 01/28 16:35:46 Image size of job updated: 2201532
	2150  -  MemoryUsage of job (MB)
	2201296  -  ResidentSetSize of job (KB)
...
006 (11451992.373.000) 01/28 16:40:42 Image size of job updated: 2250188
	2150  -  MemoryUsage of job (MB)
	2201296  -  ResidentSetSize of job (KB)
...
040 (11451992.373.000) 01/28 16:40:42 Started transferring output files
...
040 (11451992.373.000) 01/28 16:40:42 Finished transferring output files
...
005 (11451992.373.000) 01/28 16:40:42 Job terminated.
	(1) Normal termination (return value 0)
		Usr 0 01:01:04, Sys 0 00:00:04  -  Run Remote Usage
		Usr 0 00:00:00, Sys 0 00:00:00  -  Run Local Usage
		Usr 0 01:01:04, Sys 0 00:00:04  -  Total Remote Usage
		Usr 0 00:00:00, Sys 0 00:00:00  -  Total Local Usage
	40692  -  Run Bytes Sent By Job
	5797  -  Run Bytes Received By Job
	40692  -  Total Bytes Sent By Job
	5797  -  Total Bytes Received By Job
	Partitionable Resources :    Usage  Request Allocated 
	   Cpus                 :     0.98        1         1 
	   Disk (KB)            :    70          10   2751358 
	   Memory (MB)          :  2150        3000      3000 

	Job terminated of its own accord at 2025-01-28T15:40:42Z with exit-code 0.
...
