000 (11451992.282.000) 01/28 14:31:49 Job submitted from host: <188.185.114.121:9618?addrs=188.185.114.121-9618+[2001-1458-d00-a--100-273]-9618&alias=bigbird19.cern.ch&noUDP&sock=schedd_2045_4743>
...
040 (11451992.282.000) 01/28 14:41:16 Started transferring input files
	Transferring to host: <188.185.192.174:9618?addrs=188.185.192.174-9618+[2001-1458-303-1f--100-aa]-9618&alias=b9p13p7531.cern.ch&noUDP&sock=slot1_18_760072_3bb5_1347>
...
040 (11451992.282.000) 01/28 14:41:16 Finished transferring input files
...
001 (11451992.282.000) 01/28 14:41:17 Job executing on host: <188.185.192.174:9618?addrs=188.185.192.174-9618+[2001-1458-303-1f--100-aa]-9618&alias=b9p13p7531.cern.ch&noUDP&sock=startd_5456_f0cf>
	SlotName: slot1_18@b9p13p7531.cern.ch
	CondorScratchDir = "/pool/condor/dir_191128"
	Cpus = 1
	Disk = 3910
	GPUs = 0
	Memory = 3000
...
006 (11451992.282.000) 01/28 14:41:26 Image size of job updated: 1780
	2  -  MemoryUsage of job (MB)
	1780  -  ResidentSetSize of job (KB)
...
006 (11451992.282.000) 01/28 14:46:27 Image size of job updated: 88644
	87  -  MemoryUsage of job (MB)
	88644  -  ResidentSetSize of job (KB)
...
006 (11451992.282.000) 01/28 14:51:27 Image size of job updated: 90976
	89  -  MemoryUsage of job (MB)
	90976  -  ResidentSetSize of job (KB)
...
006 (11451992.282.000) 01/28 14:56:27 Image size of job updated: 94428
	93  -  MemoryUsage of job (MB)
	94428  -  ResidentSetSize of job (KB)
...
006 (11451992.282.000) 01/28 15:01:28 Image size of job updated: 97908
	96  -  MemoryUsage of job (MB)
	97908  -  ResidentSetSize of job (KB)
...
006 (11451992.282.000) 01/28 15:06:29 Image size of job updated: 101576
	100  -  MemoryUsage of job (MB)
	101576  -  ResidentSetSize of job (KB)
...
006 (11451992.282.000) 01/28 15:11:29 Image size of job updated: 104792
	103  -  MemoryUsage of job (MB)
	104792  -  ResidentSetSize of job (KB)
...
006 (11451992.282.000) 01/28 15:16:29 Image size of job updated: 107796
	106  -  MemoryUsage of job (MB)
	107796  -  ResidentSetSize of job (KB)
...
006 (11451992.282.000) 01/28 15:21:30 Image size of job updated: 110564
	108  -  MemoryUsage of job (MB)
	110564  -  ResidentSetSize of job (KB)
...
006 (11451992.282.000) 01/28 15:26:30 Image size of job updated: 113792
	112  -  MemoryUsage of job (MB)
	113792  -  ResidentSetSize of job (KB)
...
006 (11451992.282.000) 01/28 15:31:30 Image size of job updated: 116744
	115  -  MemoryUsage of job (MB)
	116744  -  ResidentSetSize of job (KB)
...
006 (11451992.282.000) 01/28 15:36:31 Image size of job updated: 120448
	118  -  MemoryUsage of job (MB)
	120448  -  ResidentSetSize of job (KB)
...
006 (11451992.282.000) 01/28 15:41:32 Image size of job updated: 123960
	122  -  MemoryUsage of job (MB)
	123960  -  ResidentSetSize of job (KB)
...
006 (11451992.282.000) 01/28 15:46:32 Image size of job updated: 130808
	128  -  MemoryUsage of job (MB)
	130808  -  ResidentSetSize of job (KB)
...
006 (11451992.282.000) 01/28 15:51:33 Image size of job updated: 137732
	135  -  MemoryUsage of job (MB)
	137732  -  ResidentSetSize of job (KB)
...
006 (11451992.282.000) 01/28 15:56:34 Image size of job updated: 145932
	143  -  MemoryUsage of job (MB)
	145932  -  ResidentSetSize of job (KB)
...
006 (11451992.282.000) 01/28 16:01:34 Image size of job updated: 152956
	150  -  MemoryUsage of job (MB)
	152956  -  ResidentSetSize of job (KB)
...
006 (11451992.282.000) 01/28 16:06:34 Image size of job updated: 158124
	155  -  MemoryUsage of job (MB)
	158124  -  ResidentSetSize of job (KB)
...
006 (11451992.282.000) 01/28 16:11:35 Image size of job updated: 162148
	159  -  MemoryUsage of job (MB)
	162148  -  ResidentSetSize of job (KB)
...
006 (11451992.282.000) 01/28 16:16:35 Image size of job updated: 165872
	162  -  MemoryUsage of job (MB)
	165872  -  ResidentSetSize of job (KB)
...
006 (11451992.282.000) 01/28 16:21:35 Image size of job updated: 168740
	165  -  MemoryUsage of job (MB)
	168740  -  ResidentSetSize of job (KB)
...
006 (11451992.282.000) 01/28 16:26:36 Image size of job updated: 172360
	169  -  MemoryUsage of job (MB)
	172360  -  ResidentSetSize of job (KB)
...
006 (11451992.282.000) 01/28 16:31:37 Image size of job updated: 175136
	172  -  MemoryUsage of job (MB)
	175136  -  ResidentSetSize of job (KB)
...
006 (11451992.282.000) 01/28 16:36:37 Image size of job updated: 177836
	174  -  MemoryUsage of job (MB)
	177836  -  ResidentSetSize of job (KB)
...
006 (11451992.282.000) 01/28 16:41:37 Image size of job updated: 180684
	177  -  MemoryUsage of job (MB)
	180684  -  ResidentSetSize of job (KB)
...
006 (11451992.282.000) 01/28 16:46:38 Image size of job updated: 182928
	179  -  MemoryUsage of job (MB)
	182928  -  ResidentSetSize of job (KB)
...
006 (11451992.282.000) 01/28 16:51:39 Image size of job updated: 185616
	182  -  MemoryUsage of job (MB)
	185616  -  ResidentSetSize of job (KB)
...
006 (11451992.282.000) 01/28 16:56:39 Image size of job updated: 188260
	184  -  MemoryUsage of job (MB)
	188260  -  ResidentSetSize of job (KB)
...
040 (11451992.282.000) 01/28 16:57:46 Started transferring output files
...
040 (11451992.282.000) 01/28 16:57:46 Finished transferring output files
...
005 (11451992.282.000) 01/28 16:57:46 Job terminated.
	(1) Normal termination (return value 0)
		Usr 0 02:07:20, Sys 0 00:00:07  -  Run Remote Usage
		Usr 0 00:00:00, Sys 0 00:00:00  -  Run Local Usage
		Usr 0 02:07:20, Sys 0 00:00:07  -  Total Remote Usage
		Usr 0 00:00:00, Sys 0 00:00:00  -  Total Local Usage
	40692  -  Run Bytes Sent By Job
	5797  -  Run Bytes Received By Job
	40692  -  Total Bytes Sent By Job
	5797  -  Total Bytes Received By Job
	Partitionable Resources :    Usage  Request Allocated 
	   Cpus                 :     0.99        1         1 
	   Disk (KB)            :    69          10      3910 
	   GPUs                 :                           0 
	   Memory (MB)          :   184        3000      3000 

	Job terminated of its own accord at 2025-01-28T15:57:46Z with exit-code 0.
...
