CHANNEL_0_1
           cbragg  cbragg_err   credchi  ...  cdelta_n            cL     timestamp
0     1544.562912    0.000105  0.000059  ...  0.000012  7.688774e+06  1.736600e+09
1     1544.556281    0.000126  0.000048  ...  0.000012  7.671194e+06  1.736600e+09
2     1544.562958    0.000120  0.000060  ...  0.000012  7.684034e+06  1.736600e+09
3     1544.556351    0.000106  0.000046  ...  0.000012  7.669666e+06  1.736600e+09
4     1544.562959    0.000157  0.000057  ...  0.000012  7.684661e+06  1.736601e+09
...           ...         ...       ...  ...       ...           ...           ...
1587  1544.560284    0.000331  0.000047  ...  0.000012  7.688803e+06  1.736616e+09
1588  1544.566834    0.000209  0.000057  ...  0.000012  7.686614e+06  1.736616e+09
1589  1544.560431    0.000105  0.000046  ...  0.000012  7.679118e+06  1.736616e+09
1590  1544.566899    0.000121  0.000060  ...  0.000012  7.694262e+06  1.736616e+09
1591  1544.560460    0.000265  0.000046  ...  0.000012  7.685320e+06  1.736616e+09

[1592 rows x 13 columns]
CHANNEL_0_2
           cbragg  cbragg_err   credchi  ...  cdelta_n            cL     timestamp
0     1545.324791    0.000089  0.000017  ...  0.000012  7.674044e+06  1.736600e+09
1     1545.327199    0.000100  0.000019  ...  0.000012  7.650227e+06  1.736600e+09
2     1545.324840    0.000089  0.000017  ...  0.000012  7.646309e+06  1.736600e+09
3     1545.327323    0.000086  0.000019  ...  0.000012  7.659988e+06  1.736600e+09
4     1545.324770    0.000088  0.000017  ...  0.000012  7.645915e+06  1.736601e+09
...           ...         ...       ...  ...       ...           ...           ...
1587  1545.328492    0.000101  0.000020  ...  0.000012  7.679117e+06  1.736616e+09
1588  1545.326298    0.000089  0.000017  ...  0.000012  7.657495e+06  1.736616e+09
1589  1545.328494    0.000087  0.000019  ...  0.000012  7.664053e+06  1.736616e+09
1590  1545.326340    0.000088  0.000017  ...  0.000012  7.639951e+06  1.736616e+09
1591  1545.328469    0.000094  0.000020  ...  0.000012  7.651541e+06  1.736616e+09

[1592 rows x 13 columns]
CHANNEL_0_3
           cbragg  cbragg_err   credchi  ...  cdelta_n            cL     timestamp
0     1546.142809    0.000110  0.000059  ...  0.000012  7.649623e+06  1.736600e+09
1     1546.136244    0.000116  0.000041  ...  0.000012  7.669319e+06  1.736600e+09
2     1546.142598    0.000112  0.000061  ...  0.000012  7.655700e+06  1.736600e+09
3     1546.136154    0.000116  0.000041  ...  0.000012  7.664851e+06  1.736600e+09
4     1546.142647    0.000110  0.000059  ...  0.000012  7.655211e+06  1.736601e+09
...           ...         ...       ...  ...       ...           ...           ...
1587  1546.136301    0.000115  0.000041  ...  0.000012  7.686921e+06  1.736616e+09
1588  1546.142984    0.000110  0.000058  ...  0.000012  7.651904e+06  1.736616e+09
1589  1546.136377    0.000115  0.000040  ...  0.000012  7.664935e+06  1.736616e+09
1590  1546.143390    0.000115  0.000065  ...  0.000012  7.746507e+06  1.736616e+09
1591  1546.136429    0.000117  0.000041  ...  0.000012  7.670019e+06  1.736616e+09

[1592 rows x 13 columns]
CHANNEL_0_4
           cbragg  cbragg_err   credchi  ...  cdelta_n            cL     timestamp
0     1547.131709    0.000116  0.000049  ...  0.000012  7.879573e+06  1.736600e+09
1     1547.134352    0.000125  0.000066  ...  0.000012  8.025706e+06  1.736600e+09
2     1547.131596    0.000116  0.000049  ...  0.000012  7.871448e+06  1.736600e+09
3     1547.134320    0.000195  0.000155  ...  0.000012  8.161500e+06  1.736600e+09
4     1547.131549    0.000115  0.000048  ...  0.000012  7.858593e+06  1.736601e+09
...           ...         ...       ...  ...       ...           ...           ...
1587  1547.134370    0.000202  0.000164  ...  0.000012  8.176945e+06  1.736616e+09
1588  1547.132005    0.000117  0.000050  ...  0.000012  7.914668e+06  1.736616e+09
1589  1547.134433    0.000117  0.000055  ...  0.000012  7.883378e+06  1.736616e+09
1590  1547.132059    0.000117  0.000050  ...  0.000012  7.857606e+06  1.736616e+09
1591  1547.134471    0.000119  0.000058  ...  0.000012  7.946424e+06  1.736616e+09

[1592 rows x 13 columns]
CHANNEL_0_5
           cbragg  cbragg_err   credchi  ...  cdelta_n            cL     timestamp
0     1548.110201    0.000097  0.000043  ...  0.000012  7.672721e+06  1.736600e+09
1     1548.106274    0.000092  0.000039  ...  0.000012  7.697929e+06  1.736600e+09
2     1548.110058    0.000102  0.000049  ...  0.000012  7.767310e+06  1.736600e+09
3     1548.106209    0.000092  0.000039  ...  0.000012  7.707972e+06  1.736600e+09
4     1548.110029    0.000096  0.000043  ...  0.000012  7.685329e+06  1.736601e+09
...           ...         ...       ...  ...       ...           ...           ...
1587  1548.106538    0.000094  0.000041  ...  0.000012  7.688502e+06  1.736616e+09
1588  1548.110316    0.000109  0.000056  ...  0.000012  7.855003e+06  1.736616e+09
1589  1548.106572    0.000097  0.000044  ...  0.000012  7.769054e+06  1.736616e+09
1590  1548.110366    0.000096  0.000042  ...  0.000012  7.692206e+06  1.736616e+09
1591  1548.106518    0.000094  0.000041  ...  0.000012  7.692238e+06  1.736616e+09

[1592 rows x 13 columns]
CHANNEL_0_6
           cbragg  cbragg_err   credchi  ...  cdelta_n            cL     timestamp
0     1549.091483    0.000083  0.000043  ...  0.000012  7.457972e+06  1.736600e+09
1     1549.086596    0.000081  0.000028  ...  0.000012  7.552786e+06  1.736600e+09
2     1549.091482    0.000094  0.000056  ...  0.000012  7.564902e+06  1.736600e+09
3     1549.086609    0.000080  0.000027  ...  0.000012  7.521277e+06  1.736600e+09
4     1549.091417    0.000082  0.000042  ...  0.000012  7.464685e+06  1.736601e+09
...           ...         ...       ...  ...       ...           ...           ...
1587  1549.086596    0.000081  0.000027  ...  0.000012  7.522059e+06  1.736616e+09
1588  1549.091965    0.000083  0.000042  ...  0.000012  7.456936e+06  1.736616e+09
1589  1549.086650    0.000080  0.000027  ...  0.000012  7.526907e+06  1.736616e+09
1590  1549.091981    0.000085  0.000044  ...  0.000012  7.453442e+06  1.736616e+09
1591  1549.086595    0.000082  0.000028  ...  0.000012  7.529936e+06  1.736616e+09

[1592 rows x 13 columns]
CHANNEL_0_7
           cbragg  cbragg_err   credchi  ...  cdelta_n            cL     timestamp
0     1550.090572    0.000127  0.000047  ...  0.000012  7.612366e+06  1.736600e+09
1     1550.090522    0.000127  0.000053  ...  0.000012  7.574787e+06  1.736600e+09
2     1550.090454    0.000127  0.000047  ...  0.000012  7.611160e+06  1.736600e+09
3     1550.090356    0.000127  0.000053  ...  0.000012  7.569362e+06  1.736600e+09
4     1550.090665    0.000128  0.000047  ...  0.000012  7.614093e+06  1.736601e+09
...           ...         ...       ...  ...       ...           ...           ...
1587  1550.090756    0.000127  0.000053  ...  0.000012  7.588007e+06  1.736616e+09
1588  1550.090821    0.000128  0.000047  ...  0.000012  7.619004e+06  1.736616e+09
1589  1550.090708    0.000126  0.000052  ...  0.000012  7.568562e+06  1.736616e+09
1590  1550.090842    0.000128  0.000047  ...  0.000012  7.598347e+06  1.736616e+09
1591  1550.090755    0.000126  0.000052  ...  0.000012  7.580111e+06  1.736616e+09

[1592 rows x 13 columns]
CHANNEL_0_8
           cbragg  cbragg_err   credchi  ...  cdelta_n            cL     timestamp
0     1551.071106    0.000074  0.000020  ...  0.000012  7.596176e+06  1.736600e+09
1     1551.066396    0.000076  0.000017  ...  0.000012  7.591583e+06  1.736600e+09
2     1551.071098    0.000075  0.000021  ...  0.000012  7.583645e+06  1.736600e+09
3     1551.066603    0.000074  0.000016  ...  0.000012  7.596658e+06  1.736600e+09
4     1551.071022    0.000075  0.000021  ...  0.000012  7.593931e+06  1.736601e+09
...           ...         ...       ...  ...       ...           ...           ...
1587  1551.066992    0.000076  0.000017  ...  0.000012  7.595047e+06  1.736616e+09
1588  1551.071926    0.000278  0.000271  ...  0.000012  7.013671e+06  1.736616e+09
1589  1551.066912    0.000075  0.000017  ...  0.000012  7.590946e+06  1.736616e+09
1590  1551.071474    0.000091  0.000031  ...  0.000012  7.751723e+06  1.736616e+09
1591  1551.066846    0.000076  0.000017  ...  0.000012  7.590951e+06  1.736616e+09

[1592 rows x 13 columns]
CHANNEL_0_9
           cbragg  cbragg_err   credchi  ...  cdelta_n            cL     timestamp
0     1552.054913    0.000090  0.000029  ...  0.000012  7.643498e+06  1.736600e+09
1     1552.048849    0.000095  0.000019  ...  0.000012  7.696049e+06  1.736600e+09
2     1552.054906    0.000092  0.000029  ...  0.000012  7.630426e+06  1.736600e+09
3     1552.048919    0.000096  0.000020  ...  0.000012  7.676872e+06  1.736600e+09
4     1552.054843    0.000092  0.000030  ...  0.000012  7.629388e+06  1.736601e+09
...           ...         ...       ...  ...       ...           ...           ...
1587  1552.049335    0.000095  0.000019  ...  0.000012  7.698790e+06  1.736616e+09
1588  1552.055448    0.000092  0.000030  ...  0.000012  7.647345e+06  1.736616e+09
1589  1552.049143    0.000094  0.000019  ...  0.000012  7.690229e+06  1.736616e+09
1590  1552.055437    0.000091  0.000029  ...  0.000012  7.642897e+06  1.736616e+09
1591  1552.049047    0.000093  0.000018  ...  0.000012  7.695472e+06  1.736616e+09

[1592 rows x 13 columns]
CHANNEL_0_10
           cbragg  cbragg_err   credchi  ...  cdelta_n            cL     timestamp
0     1553.056727    0.000151  0.000040  ...  0.000012  7.351823e+06  1.736600e+09
1     1553.058085    0.000090  0.000023  ...  0.000012  7.693499e+06  1.736600e+09
2     1553.056711    0.000095  0.000017  ...  0.000012  7.722266e+06  1.736600e+09
3     1553.058045    0.000090  0.000023  ...  0.000012  7.669977e+06  1.736600e+09
4     1553.056663    0.000091  0.000016  ...  0.000012  7.725961e+06  1.736601e+09
...           ...         ...       ...  ...       ...           ...           ...
1587  1553.058516    0.000091  0.000023  ...  0.000012  7.638521e+06  1.736616e+09
1588  1553.057122    0.000095  0.000017  ...  0.000012  7.729917e+06  1.736616e+09
1589  1553.058401    0.000090  0.000022  ...  0.000012  7.695888e+06  1.736616e+09
1590  1553.057128    0.000096  0.000017  ...  0.000012  7.729270e+06  1.736616e+09
1591  1553.058306    0.000092  0.000024  ...  0.000012  7.702544e+06  1.736616e+09

[1592 rows x 13 columns]
CHANNEL_0_11
           cbragg  cbragg_err   credchi  ...  cdelta_n            cL     timestamp
0     1554.069421    0.000077  0.000017  ...  0.000012  7.617686e+06  1.736600e+09
1     1554.064354    0.000080  0.000011  ...  0.000012  7.652988e+06  1.736600e+09
2     1554.069276    0.000115  0.000039  ...  0.000012  7.859363e+06  1.736600e+09
3     1554.064296    0.000082  0.000011  ...  0.000012  7.654926e+06  1.736600e+09
4     1554.069353    0.000079  0.000018  ...  0.000012  7.617646e+06  1.736601e+09
...           ...         ...       ...  ...       ...           ...           ...
1587  1554.064562    0.000083  0.000011  ...  0.000012  7.626621e+06  1.736616e+09
1588  1554.069976    0.000076  0.000017  ...  0.000012  7.610500e+06  1.736616e+09
1589  1554.064488    0.000080  0.000011  ...  0.000012  7.603836e+06  1.736616e+09
1590  1554.069961    0.000077  0.000017  ...  0.000012  7.623046e+06  1.736616e+09
1591  1554.064547    0.000080  0.000011  ...  0.000012  7.651655e+06  1.736616e+09

[1592 rows x 13 columns]
CHANNEL_0_12
           cbragg  cbragg_err   credchi  ...  cdelta_n            cL     timestamp
0     1555.090502    0.000127  0.000055  ...  0.000012  7.624921e+06  1.736600e+09
1     1555.091931    0.000117  0.000054  ...  0.000012  7.493307e+06  1.736600e+09
2     1555.090552    0.000118  0.000046  ...  0.000012  7.502322e+06  1.736600e+09
3     1555.091826    0.000118  0.000055  ...  0.000012  7.487600e+06  1.736600e+09
4     1555.090607    0.000118  0.000047  ...  0.000012  7.510767e+06  1.736601e+09
...           ...         ...       ...  ...       ...           ...           ...
1587  1555.092198    0.000119  0.000055  ...  0.000012  7.494721e+06  1.736616e+09
1588  1555.091127    0.000116  0.000045  ...  0.000012  7.518069e+06  1.736616e+09
1589  1555.092174    0.000118  0.000054  ...  0.000012  7.483117e+06  1.736616e+09
1590  1555.091270    0.000119  0.000047  ...  0.000012  7.509259e+06  1.736616e+09
1591  1555.092144    0.000117  0.000054  ...  0.000012  7.509268e+06  1.736616e+09

[1592 rows x 13 columns]
CHANNEL_0_13
           cbragg  cbragg_err   credchi  ...  cdelta_n            cL     timestamp
0     1556.069541    0.000136  0.000050  ...  0.000012  7.673020e+06  1.736600e+09
1     1556.061741    0.000147  0.000035  ...  0.000012  7.691322e+06  1.736600e+09
2     1556.069460    0.000136  0.000050  ...  0.000012  7.675577e+06  1.736600e+09
3     1556.061862    0.000148  0.000036  ...  0.000012  7.683243e+06  1.736600e+09
4     1556.069547    0.000136  0.000050  ...  0.000012  7.681268e+06  1.736601e+09
...           ...         ...       ...  ...       ...           ...           ...
1587  1556.062360    0.000142  0.000033  ...  0.000012  7.676367e+06  1.736616e+09
1588  1556.070004    0.000137  0.000051  ...  0.000012  7.680938e+06  1.736616e+09
1589  1556.062392    0.000146  0.000035  ...  0.000012  7.682590e+06  1.736616e+09
1590  1556.069999    0.000137  0.000050  ...  0.000012  7.680784e+06  1.736616e+09
1591  1556.062179    0.000146  0.000035  ...  0.000012  7.688767e+06  1.736616e+09

[1592 rows x 13 columns]
CHANNEL_0_14
           cbragg  cbragg_err   credchi  ...  cdelta_n            cL     timestamp
0     1557.037533    0.000102  0.000037  ...  0.000012  7.606297e+06  1.736600e+09
1     1557.036535    0.000101  0.000033  ...  0.000012  7.630452e+06  1.736600e+09
2     1557.037418    0.000102  0.000037  ...  0.000012  7.614323e+06  1.736600e+09
3     1557.036570    0.000102  0.000033  ...  0.000012  7.631396e+06  1.736600e+09
4     1557.037524    0.000101  0.000037  ...  0.000012  7.609281e+06  1.736601e+09
...           ...         ...       ...  ...       ...           ...           ...
1587  1557.036973    0.000101  0.000033  ...  0.000012  7.636291e+06  1.736616e+09
1588  1557.038194    0.000102  0.000038  ...  0.000012  7.615122e+06  1.736616e+09
1589  1557.036812    0.000101  0.000032  ...  0.000012  7.619051e+06  1.736616e+09
1590  1557.038176    0.000176  0.000108  ...  0.000012  7.795245e+06  1.736616e+09
1591  1557.036781    0.000101  0.000032  ...  0.000012  7.642861e+06  1.736616e+09

[1592 rows x 13 columns]
CHANNEL_1_1
           cbragg  cbragg_err   credchi  ...  cdelta_n            cL     timestamp
0     1556.039172    0.001018  0.001984  ...  0.000012  3.420129e+06  1.736600e+09
1     1556.039808    0.000071  0.000004  ...  0.000012  2.657048e+06  1.736600e+09
2     1556.039172    0.000894  0.001372  ...  0.000012  3.291794e+06  1.736600e+09
3     1556.038718    0.000969  0.001637  ...  0.000012  3.382584e+06  1.736600e+09
4     1556.039848    0.000077  0.000006  ...  0.000012  2.659149e+06  1.736601e+09
...           ...         ...       ...  ...       ...           ...           ...
1587  1556.045730    0.000073  0.000005  ...  0.000012  2.673207e+06  1.736616e+09
1588  1556.045577    0.000724  0.000801  ...  0.000012  3.144041e+06  1.736616e+09
1589  1556.045444    0.000948  0.001076  ...  0.000012  3.080298e+06  1.736616e+09
1590  1556.046019    0.000080  0.000006  ...  0.000012  2.665040e+06  1.736616e+09
1591  1556.043128    0.001618  0.005708  ...  0.000012  3.899016e+06  1.736616e+09

[1592 rows x 13 columns]
CHANNEL_1_2
           cbragg  cbragg_err   credchi  ...  cdelta_n            cL     timestamp
0     1558.240473    0.000350  0.000212  ...  0.000012  3.005500e+06  1.736600e+09
1     1558.242635    0.000891  0.002062  ...  0.000012  3.440806e+06  1.736600e+09
2     1558.239642    0.000636  0.000830  ...  0.000012  3.217493e+06  1.736600e+09
3     1558.243409    0.000113  0.000019  ...  0.000012  2.805011e+06  1.736600e+09
4     1558.240871    0.000317  0.000118  ...  0.000012  2.636587e+06  1.736601e+09
...           ...         ...       ...  ...       ...           ...           ...
1587  1558.245061    0.000350  0.000202  ...  0.000012  2.956099e+06  1.736616e+09
1588  1558.240317    0.000122  0.000021  ...  0.000012  2.787676e+06  1.736616e+09
1589  1558.243128    0.000113  0.000019  ...  0.000012  2.815076e+06  1.736616e+09
1590  1558.239439    0.000434  0.000320  ...  0.000012  3.040476e+06  1.736616e+09
1591  1558.241004    0.001304  0.004645  ...  0.000012  3.665080e+06  1.736616e+09

[1592 rows x 13 columns]
CHANNEL_1_3
           cbragg  cbragg_err   credchi  ...  cdelta_n            cL     timestamp
0     1561.053416    0.000049  0.000004  ...  0.000012  2.921787e+06  1.736600e+09
1     1561.049528    0.000061  0.000006  ...  0.000012  2.939865e+06  1.736600e+09
2     1561.053362    0.000086  0.000012  ...  0.000012  2.956063e+06  1.736600e+09
3     1561.049570    0.000072  0.000008  ...  0.000012  2.886571e+06  1.736600e+09
4     1561.053970    0.000690  0.001105  ...  0.000012  3.397126e+06  1.736601e+09
...           ...         ...       ...  ...       ...           ...           ...
1587  1561.050070    0.000410  0.000338  ...  0.000012  3.191860e+06  1.736616e+09
1588  1561.054002    0.000074  0.000009  ...  0.000012  2.965405e+06  1.736616e+09
1589  1561.051358    0.000216  0.000084  ...  0.000012  3.056391e+06  1.736616e+09
1590  1561.053878    0.000498  0.000514  ...  0.000012  3.247438e+06  1.736616e+09
1591  1561.050317    0.000044  0.000003  ...  0.000012  2.918392e+06  1.736616e+09

[1592 rows x 13 columns]
CHANNEL_2_1
           cbragg  cbragg_err   credchi  ...  cdelta_n            cL     timestamp
0     1543.458699    0.000063  0.000004  ...  0.000012  2.777544e+06  1.736600e+09
1     1543.457598    0.011677  0.004660  ...  0.000012  1.108274e+06  1.736600e+09
2     1543.456549         NaN  0.003625  ...  0.000012  1.407860e+06  1.736600e+09
3     1543.446048    0.012939  0.004660  ...  0.000012  1.109492e+06  1.736600e+09
4     1543.458535         NaN  0.000580  ...  0.000012  2.320162e+06  1.736601e+09
...           ...         ...       ...  ...       ...           ...           ...
1587  1543.463682    0.000069  0.000005  ...  0.000012  2.777072e+06  1.736616e+09
1588  1543.464685    0.000066  0.000005  ...  0.000012  2.775036e+06  1.736616e+09
1589  1543.463758    0.000067  0.000005  ...  0.000012  2.776924e+06  1.736616e+09
1590  1543.464896    0.000076  0.000005  ...  0.000012  2.775068e+06  1.736616e+09
1591  1543.463890    0.000068  0.000005  ...  0.000012  2.776792e+06  1.736616e+09

[1592 rows x 13 columns]
CHANNEL_2_2
           cbragg  cbragg_err   credchi  ...  cdelta_n            cL     timestamp
0     1545.968498    0.000161  0.000022  ...  0.000012  2.758788e+06  1.736600e+09
1     1545.968907    0.000152  0.000020  ...  0.000012  2.718865e+06  1.736600e+09
2     1545.968841    0.000115  0.000011  ...  0.000012  2.696944e+06  1.736600e+09
3     1545.968373    0.000111  0.000010  ...  0.000012  2.697768e+06  1.736600e+09
4     1545.968933    0.000122  0.000012  ...  0.000012  2.685656e+06  1.736601e+09
...           ...         ...       ...  ...       ...           ...           ...
1587  1545.968209    0.000119  0.000012  ...  0.000012  2.680485e+06  1.736616e+09
1588  1545.968906    0.000202  0.000034  ...  0.000012  2.730011e+06  1.736616e+09
1589  1545.968296    0.000121  0.000013  ...  0.000012  2.708869e+06  1.736616e+09
1590  1545.967805    0.000772  0.000742  ...  0.000012  3.145402e+06  1.736616e+09
1591  1545.967837    0.000208  0.000040  ...  0.000012  2.796320e+06  1.736616e+09

[1592 rows x 13 columns]
CHANNEL_2_3
           cbragg  cbragg_err   credchi  ...  cdelta_n            cL     timestamp
0     1548.565605    0.000393  0.000143  ...  0.000012  2.695360e+06  1.736600e+09
1     1548.563312    0.000097  0.000010  ...  0.000012  2.890687e+06  1.736600e+09
2     1548.565568    0.000687  0.000737  ...  0.000012  3.331726e+06  1.736600e+09
3     1548.563071    0.000328  0.000112  ...  0.000012  2.797347e+06  1.736600e+09
4     1548.565746    0.000798  0.001083  ...  0.000012  3.440015e+06  1.736601e+09
...           ...         ...       ...  ...       ...           ...           ...
1587  1548.563977    0.000098  0.000011  ...  0.000012  2.869437e+06  1.736616e+09
1588  1548.566546    0.001016  0.001954  ...  0.000012  3.620755e+06  1.736616e+09
1589  1548.563947    0.000197  0.000042  ...  0.000012  2.829213e+06  1.736616e+09
1590  1548.566679    0.000159  0.000027  ...  0.000012  2.843826e+06  1.736616e+09
1591  1548.564038    0.000099  0.000011  ...  0.000012  2.888309e+06  1.736616e+09

[1592 rows x 13 columns]
CHANNEL_3_1
           cbragg  cbragg_err   credchi  ...  cdelta_n            cL     timestamp
0     1544.062993    0.000117  0.000023  ...  0.000012  7.746123e+06  1.736600e+09
1     1544.060051    0.000253  0.000025  ...  0.000012  7.726810e+06  1.736600e+09
2     1544.062994    0.000246  0.000023  ...  0.000012  7.753443e+06  1.736600e+09
3     1544.060119    0.000155  0.000025  ...  0.000012  7.743083e+06  1.736600e+09
4     1544.062912    0.000122  0.000024  ...  0.000012  7.739488e+06  1.736601e+09
...           ...         ...       ...  ...       ...           ...           ...
1587  1544.064076    0.000129  0.000025  ...  0.000012  7.734721e+06  1.736616e+09
1588  1544.067249    0.000160  0.000023  ...  0.000012  7.753337e+06  1.736616e+09
1589  1544.064215    0.000389  0.000026  ...  0.000012  7.735710e+06  1.736616e+09
1590  1544.067250    0.000128  0.000023  ...  0.000012  7.758455e+06  1.736616e+09
1591  1544.064091    0.000195  0.000026  ...  0.000012  7.729106e+06  1.736616e+09

[1592 rows x 13 columns]
CHANNEL_3_2
           cbragg  cbragg_err   credchi  ...  cdelta_n            cL     timestamp
0     1544.904669    0.000180  0.000039  ...  0.000012  7.877958e+06  1.736600e+09
1     1544.891293    0.000110  0.000024  ...  0.000012  7.945566e+06  1.736600e+09
2     1544.904870    0.000109  0.000037  ...  0.000012  7.894091e+06  1.736600e+09
3     1544.891342    0.000111  0.000025  ...  0.000012  7.943716e+06  1.736600e+09
4     1544.904723    0.000172  0.000039  ...  0.000012  7.864866e+06  1.736601e+09
...           ...         ...       ...  ...       ...           ...           ...
1587  1544.892723    0.000137  0.000026  ...  0.000012  7.934398e+06  1.736616e+09
1588  1544.906351    0.000111  0.000037  ...  0.000012  7.881482e+06  1.736616e+09
1589  1544.892737    0.000119  0.000025  ...  0.000012  7.950751e+06  1.736616e+09
1590  1544.906276    0.000124  0.000040  ...  0.000012  7.868454e+06  1.736616e+09
1591  1544.892846    0.000112  0.000025  ...  0.000012  7.934255e+06  1.736616e+09

[1592 rows x 13 columns]
CHANNEL_3_3
           cbragg  cbragg_err   credchi  ...  cdelta_n            cL     timestamp
0     1545.722591    0.000110  0.000028  ...  0.000012  7.631641e+06  1.736600e+09
1     1545.716986    0.000113  0.000034  ...  0.000012  7.630126e+06  1.736600e+09
2     1545.722386    0.000117  0.000032  ...  0.000012  7.620796e+06  1.736600e+09
3     1545.716738    0.000112  0.000034  ...  0.000012  7.603054e+06  1.736600e+09
4     1545.722513    0.000115  0.000031  ...  0.000012  7.622972e+06  1.736601e+09
...           ...         ...       ...  ...       ...           ...           ...
1587  1545.716811    0.000115  0.000035  ...  0.000012  7.598132e+06  1.736616e+09
1588  1545.723024    0.000115  0.000031  ...  0.000012  7.621448e+06  1.736616e+09
1589  1545.716874    0.000114  0.000034  ...  0.000012  7.595473e+06  1.736616e+09
1590  1545.723058    0.000114  0.000030  ...  0.000012  7.615830e+06  1.736616e+09
1591  1545.716895    0.000113  0.000034  ...  0.000012  7.623813e+06  1.736616e+09

[1592 rows x 13 columns]
CHANNEL_3_4
           cbragg  cbragg_err   credchi  ...  cdelta_n            cL     timestamp
0     1546.697850    0.000096  0.000028  ...  0.000012  7.787359e+06  1.736600e+09
1     1546.685610    0.000095  0.000017  ...  0.000012  7.859414e+06  1.736600e+09
2     1546.697806    0.000095  0.000027  ...  0.000012  7.776156e+06  1.736600e+09
3     1546.685516    0.000096  0.000017  ...  0.000012  7.855235e+06  1.736600e+09
4     1546.697697    0.000096  0.000028  ...  0.000012  7.786621e+06  1.736601e+09
...           ...         ...       ...  ...       ...           ...           ...
1587  1546.685806    0.000096  0.000017  ...  0.000012  7.860405e+06  1.736616e+09
1588  1546.698111    0.000099  0.000029  ...  0.000012  7.784790e+06  1.736616e+09
1589  1546.685882    0.000097  0.000018  ...  0.000012  7.856799e+06  1.736616e+09
1590  1546.698162    0.000099  0.000029  ...  0.000012  7.789677e+06  1.736616e+09
1591  1546.685843    0.000096  0.000017  ...  0.000012  7.859526e+06  1.736616e+09

[1592 rows x 13 columns]
CHANNEL_3_5
           cbragg  cbragg_err   credchi  ...  cdelta_n            cL     timestamp
0     1547.715233    0.000085  0.000015  ...  0.000012  7.611751e+06  1.736600e+09
1     1547.707497    0.000082  0.000017  ...  0.000012  7.580697e+06  1.736600e+09
2     1547.715170    0.000083  0.000015  ...  0.000012  7.616254e+06  1.736600e+09
3     1547.707388    0.000081  0.000017  ...  0.000012  7.571847e+06  1.736600e+09
4     1547.715049    0.000084  0.000015  ...  0.000012  7.613796e+06  1.736601e+09
...           ...         ...       ...  ...       ...           ...           ...
1587  1547.707476    0.000081  0.000016  ...  0.000012  7.597742e+06  1.736616e+09
1588  1547.715666    0.000090  0.000017  ...  0.000012  7.475218e+06  1.736616e+09
1589  1547.707526    0.000082  0.000017  ...  0.000012  7.581772e+06  1.736616e+09
1590  1547.715779    0.000083  0.000015  ...  0.000012  7.622260e+06  1.736616e+09
1591  1547.707582    0.000081  0.000017  ...  0.000012  7.583334e+06  1.736616e+09

[1592 rows x 13 columns]
CHANNEL_3_6
           cbragg  cbragg_err   credchi  ...  cdelta_n            cL     timestamp
0     1548.701753    0.000082  0.000019  ...  0.000012  7.717181e+06  1.736600e+09
1     1548.693107    0.000085  0.000015  ...  0.000012  7.797544e+06  1.736600e+09
2     1548.701806    0.000082  0.000019  ...  0.000012  7.772468e+06  1.736600e+09
3     1548.693097    0.000085  0.000015  ...  0.000012  7.784961e+06  1.736600e+09
4     1548.701667    0.000103  0.000031  ...  0.000012  7.913556e+06  1.736601e+09
...           ...         ...       ...  ...       ...           ...           ...
1587  1548.693203    0.000083  0.000014  ...  0.000012  7.803751e+06  1.736616e+09
1588  1548.702234    0.000081  0.000019  ...  0.000012  7.769739e+06  1.736616e+09
1589  1548.693351    0.000087  0.000016  ...  0.000012  7.800960e+06  1.736616e+09
1590  1548.702256    0.000081  0.000019  ...  0.000012  7.773602e+06  1.736616e+09
1591  1548.693310    0.000083  0.000014  ...  0.000012  7.781187e+06  1.736616e+09

[1592 rows x 13 columns]
CHANNEL_3_7
           cbragg  cbragg_err   credchi  ...  cdelta_n            cL     timestamp
0     1549.722200    0.000091  0.000020  ...  0.000012  7.601689e+06  1.736600e+09
1     1549.712276    0.000090  0.000018  ...  0.000012  7.600793e+06  1.736600e+09
2     1549.722114    0.000089  0.000020  ...  0.000012  7.582540e+06  1.736600e+09
3     1549.712152    0.000091  0.000018  ...  0.000012  7.602124e+06  1.736600e+09
4     1549.722251    0.000092  0.000021  ...  0.000012  7.602327e+06  1.736601e+09
...           ...         ...       ...  ...       ...           ...           ...
1587  1549.712300    0.000091  0.000018  ...  0.000012  7.596648e+06  1.736616e+09
1588  1549.722682    0.000090  0.000020  ...  0.000012  7.569058e+06  1.736616e+09
1589  1549.712422    0.000092  0.000019  ...  0.000012  7.595972e+06  1.736616e+09
1590  1549.723216    0.000116  0.000032  ...  0.000012  7.602580e+06  1.736616e+09
1591  1549.712440    0.000090  0.000018  ...  0.000012  7.590638e+06  1.736616e+09

[1592 rows x 13 columns]
CHANNEL_3_8
           cbragg  cbragg_err   credchi  ...  cdelta_n            cL     timestamp
0     1550.673920    0.000099  0.000018  ...  0.000012  7.626649e+06  1.736600e+09
1     1550.672126    0.000186  0.000056  ...  0.000012  7.148300e+06  1.736600e+09
2     1550.673869    0.000096  0.000017  ...  0.000012  7.636499e+06  1.736600e+09
3     1550.672039    0.000097  0.000017  ...  0.000012  7.576552e+06  1.736600e+09
4     1550.673748    0.000098  0.000018  ...  0.000012  7.634910e+06  1.736601e+09
...           ...         ...       ...  ...       ...           ...           ...
1587  1550.672160    0.000096  0.000017  ...  0.000012  7.629778e+06  1.736616e+09
1588  1550.674506    0.000097  0.000017  ...  0.000012  7.638784e+06  1.736616e+09
1589  1550.672183    0.000096  0.000016  ...  0.000012  7.572689e+06  1.736616e+09
1590  1550.674488    0.000096  0.000017  ...  0.000012  7.642587e+06  1.736616e+09
1591  1550.672101    0.000095  0.000016  ...  0.000012  7.624273e+06  1.736616e+09

[1592 rows x 13 columns]
CHANNEL_3_9
           cbragg  cbragg_err   credchi  ...  cdelta_n            cL     timestamp
0     1551.674860    0.000093  0.000019  ...  0.000012  7.711789e+06  1.736600e+09
1     1551.663902    0.000095  0.000013  ...  0.000012  7.714251e+06  1.736600e+09
2     1551.674961    0.000091  0.000018  ...  0.000012  7.726193e+06  1.736600e+09
3     1551.663994    0.000095  0.000013  ...  0.000012  7.708141e+06  1.736600e+09
4     1551.674755    0.000093  0.000019  ...  0.000012  7.717684e+06  1.736601e+09
...           ...         ...       ...  ...       ...           ...           ...
1587  1551.664250    0.000096  0.000013  ...  0.000012  7.764212e+06  1.736616e+09
1588  1551.675412    0.000093  0.000019  ...  0.000012  7.725049e+06  1.736616e+09
1589  1551.664178    0.000095  0.000013  ...  0.000012  7.762492e+06  1.736616e+09
1590  1551.675347    0.000092  0.000019  ...  0.000012  7.704546e+06  1.736616e+09
1591  1551.664126    0.000095  0.000013  ...  0.000012  7.766800e+06  1.736616e+09

[1592 rows x 13 columns]
CHANNEL_3_10
           cbragg  cbragg_err   credchi  ...  cdelta_n            cL     timestamp
0     1552.677062    0.000118  0.000016  ...  0.000012  7.747436e+06  1.736600e+09
1     1552.677402    0.000107  0.000023  ...  0.000012  7.705649e+06  1.736600e+09
2     1552.676807    0.000120  0.000016  ...  0.000012  7.752698e+06  1.736600e+09
3     1552.677240    0.000110  0.000024  ...  0.000012  7.692577e+06  1.736600e+09
4     1552.676919    0.000120  0.000017  ...  0.000012  7.734614e+06  1.736601e+09
...           ...         ...       ...  ...       ...           ...           ...
1587  1552.677641    0.000109  0.000023  ...  0.000012  7.711577e+06  1.736616e+09
1588  1552.677600    0.000119  0.000016  ...  0.000012  7.737884e+06  1.736616e+09
1589  1552.677564    0.000109  0.000023  ...  0.000012  7.694086e+06  1.736616e+09
1590  1552.677597    0.000120  0.000017  ...  0.000012  7.719932e+06  1.736616e+09
1591  1552.677576    0.000110  0.000024  ...  0.000012  7.693717e+06  1.736616e+09

[1592 rows x 13 columns]
CHANNEL_3_11
           cbragg  cbragg_err   credchi  ...  cdelta_n            cL     timestamp
0     1553.648126    0.000134  0.000045  ...  0.000012  7.829374e+06  1.736600e+09
1     1553.638273    0.000137  0.000028  ...  0.000012  7.966509e+06  1.736600e+09
2     1553.648101    0.000135  0.000046  ...  0.000012  7.886814e+06  1.736600e+09
3     1553.638279    0.000137  0.000028  ...  0.000012  7.976851e+06  1.736600e+09
4     1553.648154    0.000132  0.000044  ...  0.000012  7.838638e+06  1.736601e+09
...           ...         ...       ...  ...       ...           ...           ...
1587  1553.638645    0.000135  0.000027  ...  0.000012  7.979454e+06  1.736616e+09
1588  1553.648590    0.000133  0.000044  ...  0.000012  7.879908e+06  1.736616e+09
1589  1553.638649    0.000137  0.000028  ...  0.000012  7.967551e+06  1.736616e+09
1590  1553.648744    0.000135  0.000045  ...  0.000012  7.888117e+06  1.736616e+09
1591  1553.638753    0.000134  0.000027  ...  0.000012  7.979565e+06  1.736616e+09

[1592 rows x 13 columns]
CHANNEL_3_12
           cbragg  cbragg_err   credchi  ...  cdelta_n            cL     timestamp
0     1554.622023    0.000111  0.000019  ...  0.000012  7.807269e+06  1.736600e+09
1     1554.619880    0.000102  0.000022  ...  0.000012  7.775895e+06  1.736600e+09
2     1554.622091    0.000109  0.000018  ...  0.000012  7.804806e+06  1.736600e+09
3     1554.620015    0.000103  0.000022  ...  0.000012  7.763818e+06  1.736600e+09
4     1554.622242    0.000110  0.000018  ...  0.000012  7.807846e+06  1.736601e+09
...           ...         ...       ...  ...       ...           ...           ...
1587  1554.620348    0.000109  0.000024  ...  0.000012  7.622618e+06  1.736616e+09
1588  1554.622840    0.000109  0.000018  ...  0.000012  7.817354e+06  1.736616e+09
1589  1554.620172    0.000104  0.000022  ...  0.000012  7.766432e+06  1.736616e+09
1590  1554.622847    0.000110  0.000018  ...  0.000012  7.825131e+06  1.736616e+09
1591  1554.620282    0.000102  0.000021  ...  0.000012  7.779372e+06  1.736616e+09

[1592 rows x 13 columns]
CHANNEL_3_13
           cbragg  cbragg_err   credchi  ...  cdelta_n            cL     timestamp
0     1555.633083    0.000091  0.000018  ...  0.000012  7.612013e+06  1.736600e+09
1     1555.621222    0.000093  0.000011  ...  0.000012  7.657023e+06  1.736600e+09
2     1555.632995    0.000130  0.000018  ...  0.000012  7.610032e+06  1.736600e+09
3     1555.621159    0.000094  0.000011  ...  0.000012  7.650221e+06  1.736600e+09
4     1555.632975    0.000090  0.000018  ...  0.000012  7.600992e+06  1.736601e+09
...           ...         ...       ...  ...       ...           ...           ...
1587  1555.621626    0.000089  0.000010  ...  0.000012  7.665991e+06  1.736616e+09
1588  1555.633532    0.000089  0.000017  ...  0.000012  7.609145e+06  1.736616e+09
1589  1555.621451    0.000089  0.000010  ...  0.000012  7.622236e+06  1.736616e+09
1590  1555.633575    0.000089  0.000017  ...  0.000012  7.605919e+06  1.736616e+09
1591  1555.621561    0.000091  0.000010  ...  0.000012  7.655505e+06  1.736616e+09

[1592 rows x 13 columns]
CHANNEL_3_14
           cbragg  cbragg_err   credchi  ...  cdelta_n            cL     timestamp
0     1556.583461    0.000247  0.000095  ...  0.000012  7.355443e+06  1.736600e+09
1     1556.581971    0.000214  0.000093  ...  0.000012  7.417888e+06  1.736600e+09
2     1556.583301    0.000193  0.000059  ...  0.000012  7.729322e+06  1.736600e+09
3     1556.581914    0.000195  0.000081  ...  0.000012  7.678014e+06  1.736600e+09
4     1556.583248    0.000193  0.000058  ...  0.000012  7.685610e+06  1.736601e+09
...           ...         ...       ...  ...       ...           ...           ...
1587  1556.582262    0.000194  0.000080  ...  0.000012  7.671650e+06  1.736616e+09
1588  1556.583984    0.000194  0.000059  ...  0.000012  7.715313e+06  1.736616e+09
1589  1556.582201    0.000192  0.000078  ...  0.000012  7.680195e+06  1.736616e+09
1590  1556.584044    0.000193  0.000059  ...  0.000012  7.721046e+06  1.736616e+09
1591  1556.582322    0.000225  0.000101  ...  0.000012  7.347272e+06  1.736616e+09

[1592 rows x 13 columns]
