CHANNEL_0_1
        cbragg  cbragg_err   credchi  ...  cdelta_n            cL     timestamp
0  1545.220512    0.000295  0.000192  ...  0.000012  7.783342e+06  1.733627e+09
1  1545.230961    0.000095  0.000304  ...  0.000012  7.708225e+06  1.733627e+09

[2 rows x 13 columns]
CHANNEL_0_2
        cbragg  cbragg_err   credchi  ...  cdelta_n            cL     timestamp
0  1546.134819    0.000078  0.000087  ...  0.000012  7.779877e+06  1.733627e+09
1  1546.144129    0.000242  0.000727  ...  0.000012  7.065421e+06  1.733627e+09

[2 rows x 13 columns]
CHANNEL_0_3
        cbragg  cbragg_err   credchi  ...  cdelta_n            cL     timestamp
0  1547.071538    0.000097  0.000160  ...  0.000012  7.727288e+06  1.733627e+09
1  1547.084240    0.000144  0.000623  ...  0.000012  7.857307e+06  1.733627e+09

[2 rows x 13 columns]
CHANNEL_0_4
        cbragg  cbragg_err   credchi  ...  cdelta_n            cL     timestamp
0  1548.037871    0.000122  0.000302  ...  0.000012  7.851798e+06  1.733627e+09
1  1548.045711    0.000110  0.000298  ...  0.000012  7.837974e+06  1.733627e+09

[2 rows x 13 columns]
CHANNEL_0_5
        cbragg  cbragg_err   credchi  ...  cdelta_n            cL     timestamp
0  1548.989123    0.000081  0.000190  ...  0.000012  7.675883e+06  1.733627e+09
1  1548.997670    0.000087  0.000213  ...  0.000012  7.803713e+06  1.733627e+09

[2 rows x 13 columns]
CHANNEL_0_6
        cbragg  cbragg_err   credchi  ...  cdelta_n            cL     timestamp
0  1549.948751    0.000173  0.000815  ...  0.000012  8.094512e+06  1.733627e+09
1  1549.963174    0.000090  0.000299  ...  0.000012  7.514058e+06  1.733627e+09

[2 rows x 13 columns]
CHANNEL_0_7
        cbragg  cbragg_err   credchi  ...  cdelta_n            cL     timestamp
0  1550.940691    0.000189  0.000598  ...  0.000012  8.093655e+06  1.733627e+09
1  1550.948793    0.000158  0.000610  ...  0.000012  7.931691e+06  1.733627e+09

[2 rows x 13 columns]
CHANNEL_0_8
        cbragg  cbragg_err   credchi  ...  cdelta_n            cL     timestamp
0  1551.896516    0.000069  0.000083  ...  0.000012  7.639387e+06  1.733627e+09
1  1551.905786    0.000071  0.000115  ...  0.000012  7.624930e+06  1.733627e+09

[2 rows x 13 columns]
CHANNEL_0_9
        cbragg  cbragg_err   credchi  ...  cdelta_n            cL     timestamp
0  1552.871576    0.000091  0.000148  ...  0.000012  7.649401e+06  1.733627e+09
1  1552.878215    0.000092  0.000132  ...  0.000012  7.670322e+06  1.733627e+09

[2 rows x 13 columns]
CHANNEL_0_10
        cbragg  cbragg_err   credchi  ...  cdelta_n            cL     timestamp
0  1553.859141    0.000082  0.000074  ...  0.000012  7.641332e+06  1.733627e+09
1  1553.870916    0.000080  0.000110  ...  0.000012  7.709104e+06  1.733627e+09

[2 rows x 13 columns]
CHANNEL_0_11
        cbragg  cbragg_err   credchi  ...  cdelta_n            cL     timestamp
0  1554.849345    0.000069  0.000053  ...  0.000012  7.600209e+06  1.733627e+09
1  1554.854787    0.000061  0.000052  ...  0.000012  7.579207e+06  1.733627e+09

[2 rows x 13 columns]
CHANNEL_0_12
        cbragg  cbragg_err   credchi  ...  cdelta_n            cL     timestamp
0  1555.825155    0.000115  0.000291  ...  0.000012  7.542272e+06  1.733627e+09
1  1555.831435    0.000114  0.000262  ...  0.000012  7.566286e+06  1.733627e+09

[2 rows x 13 columns]
CHANNEL_0_13
        cbragg  cbragg_err   credchi  ...  cdelta_n            cL     timestamp
0  1556.513851    0.000130  0.000172  ...  0.000012  7.864246e+06  1.733627e+09
1  1556.524808    0.000131  0.000274  ...  0.000012  7.734602e+06  1.733627e+09

[2 rows x 13 columns]
CHANNEL_0_14
        cbragg  cbragg_err   credchi  ...  cdelta_n            cL     timestamp
0  1557.004981    0.000101  0.000196  ...  0.000012  7.696019e+06  1.733627e+09
1  1557.008575    0.000099  0.000184  ...  0.000012  7.648955e+06  1.733627e+09

[2 rows x 13 columns]
CHANNEL_1_1
        cbragg  cbragg_err   credchi  ...  cdelta_n            cL     timestamp
0  1557.666706    0.000282  0.000385  ...  0.000012  2.557981e+06  1.733627e+09
1  1557.665116    0.000261  0.000319  ...  0.000012  2.565724e+06  1.733627e+09

[2 rows x 13 columns]
CHANNEL_1_2
        cbragg  cbragg_err   credchi  ...  cdelta_n            cL     timestamp
0  1560.387831    0.002559  0.146892  ...  0.000012  4.834779e+06  1.733627e+09
1  1560.390562    0.002378  0.149303  ...  0.000012  4.983688e+06  1.733627e+09

[2 rows x 13 columns]
CHANNEL_1_3
        cbragg  cbragg_err   credchi  ...  cdelta_n            cL     timestamp
0  1563.109305    0.000834  0.004827  ...  0.000012  2.556931e+06  1.733627e+09
1  1563.106898    0.000756  0.003578  ...  0.000012  2.535979e+06  1.733627e+09

[2 rows x 13 columns]
CHANNEL_2_1
        cbragg  cbragg_err   credchi  ...  cdelta_n            cL     timestamp
0  1545.090747    0.000058  0.000004  ...  0.000012  2.777434e+06  1.733627e+09
1  1545.089538    0.000058  0.000004  ...  0.000012  2.782037e+06  1.733627e+09

[2 rows x 13 columns]
CHANNEL_2_2
        cbragg  cbragg_err   credchi  ...  cdelta_n            cL     timestamp
0  1548.083607    0.001319  0.003355  ...  0.000012  3.636293e+06  1.733627e+09
1  1548.084955    0.000127  0.000017  ...  0.000012  2.697668e+06  1.733627e+09

[2 rows x 13 columns]
CHANNEL_2_3
        cbragg  cbragg_err   credchi  ...  cdelta_n            cL     timestamp
0  1550.618954    0.000104  0.000012  ...  0.000012  2.921792e+06  1.733627e+09
1  1550.618788    0.000284  0.000114  ...  0.000012  3.066679e+06  1.733627e+09

[2 rows x 13 columns]
CHANNEL_3_1
        cbragg  cbragg_err   credchi  ...  cdelta_n            cL     timestamp
0  1544.765756    0.000114  0.000024  ...  0.000012  7.784025e+06  1.733627e+09
1  1544.762235    0.000148  0.000027  ...  0.000012  7.766392e+06  1.733627e+09

[2 rows x 13 columns]
CHANNEL_3_2
        cbragg  cbragg_err   credchi  ...  cdelta_n            cL     timestamp
0  1545.749076    0.000113  0.000046  ...  0.000012  7.782669e+06  1.733627e+09
1  1545.742405    0.000184  0.000069  ...  0.000012  7.383190e+06  1.733627e+09

[2 rows x 13 columns]
CHANNEL_3_3
       cbragg  cbragg_err   credchi  ...  cdelta_n            cL     timestamp
0  1546.69805     0.00011  0.000031  ...  0.000012  7.596349e+06  1.733627e+09
1  1546.69403     0.00011  0.000040  ...  0.000012  7.559340e+06  1.733627e+09

[2 rows x 13 columns]
CHANNEL_3_4
        cbragg  cbragg_err   credchi  ...  cdelta_n            cL     timestamp
0  1547.642656    0.000096  0.000034  ...  0.000012  7.753770e+06  1.733627e+09
1  1547.632651    0.000094  0.000018  ...  0.000012  7.772840e+06  1.733627e+09

[2 rows x 13 columns]
CHANNEL_3_5
        cbragg  cbragg_err   credchi  ...  cdelta_n            cL     timestamp
0  1548.631281    0.000082  0.000015  ...  0.000012  7.600796e+06  1.733627e+09
1  1548.629841    0.000081  0.000023  ...  0.000012  7.569794e+06  1.733627e+09

[2 rows x 13 columns]
CHANNEL_3_6
        cbragg  cbragg_err   credchi  ...  cdelta_n            cL     timestamp
0  1549.602001    0.000081  0.000025  ...  0.000012  7.786417e+06  1.733627e+09
1  1549.591343    0.000075  0.000012  ...  0.000012  7.892835e+06  1.733627e+09

[2 rows x 13 columns]
CHANNEL_3_7
        cbragg  cbragg_err   credchi  ...  cdelta_n            cL     timestamp
0  1550.603094    0.000095  0.000019  ...  0.000012  7.535975e+06  1.733627e+09
1  1550.604355    0.000090  0.000027  ...  0.000012  7.513869e+06  1.733627e+09

[2 rows x 13 columns]
CHANNEL_3_8
        cbragg  cbragg_err   credchi  ...  cdelta_n            cL     timestamp
0  1551.545258    0.000088  0.000022  ...  0.000012  7.683777e+06  1.733627e+09
1  1551.533282    0.000091  0.000015  ...  0.000012  7.760931e+06  1.733627e+09

[2 rows x 13 columns]
CHANNEL_3_9
        cbragg  cbragg_err   credchi  ...  cdelta_n            cL     timestamp
0  1552.531107    0.000098  0.000017  ...  0.000012  7.699331e+06  1.733627e+09
1  1552.530374    0.000092  0.000021  ...  0.000012  7.686241e+06  1.733627e+09

[2 rows x 13 columns]
CHANNEL_3_10
        cbragg  cbragg_err   credchi  ...  cdelta_n            cL     timestamp
0  1553.530355    0.000100  0.000021  ...  0.000012  7.762352e+06  1.733627e+09
1  1553.520886    0.000098  0.000016  ...  0.000012  7.800084e+06  1.733627e+09

[2 rows x 13 columns]
CHANNEL_3_11
        cbragg  cbragg_err   credchi  ...  cdelta_n            cL     timestamp
0  1554.470976    0.000129  0.000035  ...  0.000012  7.908043e+06  1.733627e+09
1  1554.471765    0.000132  0.000044  ...  0.000012  7.855875e+06  1.733627e+09

[2 rows x 13 columns]
CHANNEL_3_12
        cbragg  cbragg_err   credchi  ...  cdelta_n            cL     timestamp
0  1555.409708    0.000101  0.000022  ...  0.000012  7.805277e+06  1.733627e+09
1  1555.401544    0.000096  0.000019  ...  0.000012  7.771645e+06  1.733627e+09

[2 rows x 13 columns]
CHANNEL_3_13
        cbragg  cbragg_err   credchi  ...  cdelta_n            cL     timestamp
0  1556.127674    0.000098  0.000024  ...  0.000012  7.562874e+06  1.733627e+09
1  1556.117600    0.000104  0.000017  ...  0.000012  7.645367e+06  1.733627e+09

[2 rows x 13 columns]
CHANNEL_3_14
        cbragg  cbragg_err   credchi  ...  cdelta_n            cL     timestamp
0  1556.586800    0.000199  0.000067  ...  0.000012  7.716624e+06  1.733627e+09
1  1556.582446    0.000194  0.000084  ...  0.000012  7.694879e+06  1.733627e+09

[2 rows x 13 columns]
