CHANNEL_0_1
        cbragg  cbragg_err   credchi  ...  cdelta_n            cL     timestamp
0  1544.408110    0.000313  0.000059  ...  0.000012  7.658562e+06  1.736918e+09
1  1544.403569    0.000107  0.000042  ...  0.000012  7.679570e+06  1.736918e+09

[2 rows x 13 columns]
CHANNEL_0_2
        cbragg  cbragg_err   credchi  ...  cdelta_n            cL     timestamp
0  1545.156620    0.000095  0.000015  ...  0.000012  7.694652e+06  1.736918e+09
1  1545.162665    0.000083  0.000019  ...  0.000012  7.669257e+06  1.736918e+09

[2 rows x 13 columns]
CHANNEL_0_3
        cbragg  cbragg_err   credchi  ...  cdelta_n            cL     timestamp
0  1546.146194    0.000113  0.000058  ...  0.000012  7.611424e+06  1.736918e+09
1  1546.144530    0.000119  0.000041  ...  0.000012  7.636987e+06  1.736918e+09

[2 rows x 13 columns]
CHANNEL_0_4
        cbragg  cbragg_err   credchi  ...  cdelta_n            cL     timestamp
0  1547.135508    0.000125  0.000045  ...  0.000012  7.855408e+06  1.736918e+09
1  1547.141449    0.000118  0.000063  ...  0.000012  7.818490e+06  1.736918e+09

[2 rows x 13 columns]
CHANNEL_0_5
        cbragg  cbragg_err   credchi  ...  cdelta_n            cL     timestamp
0  1548.116156    0.000094  0.000046  ...  0.000012  7.648824e+06  1.736918e+09
1  1548.112530    0.000094  0.000032  ...  0.000012  7.671739e+06  1.736918e+09

[2 rows x 13 columns]
CHANNEL_0_6
        cbragg  cbragg_err   credchi  ...  cdelta_n            cL     timestamp
0  1549.093403    0.000084  0.000034  ...  0.000012  7.455846e+06  1.736918e+09
1  1549.097751    0.000082  0.000033  ...  0.000012  7.476227e+06  1.736918e+09

[2 rows x 13 columns]
CHANNEL_0_7
        cbragg  cbragg_err   credchi  ...  cdelta_n            cL     timestamp
0  1550.096798    0.000123  0.000042  ...  0.000012  7.654404e+06  1.736918e+09
1  1550.096032    0.000121  0.000048  ...  0.000012  7.656730e+06  1.736918e+09

[2 rows x 13 columns]
CHANNEL_0_8
        cbragg  cbragg_err   credchi  ...  cdelta_n            cL     timestamp
0  1551.072278    0.000082  0.000025  ...  0.000012  7.667917e+06  1.736918e+09
1  1551.070164    0.000079  0.000016  ...  0.000012  7.576188e+06  1.736918e+09

[2 rows x 13 columns]
CHANNEL_0_9
        cbragg  cbragg_err   credchi  ...  cdelta_n            cL     timestamp
0  1552.054668    0.000094  0.000025  ...  0.000012  7.680376e+06  1.736918e+09
1  1552.054396    0.000095  0.000021  ...  0.000012  7.692615e+06  1.736918e+09

[2 rows x 13 columns]
CHANNEL_0_10
        cbragg  cbragg_err   credchi  ...  cdelta_n            cL     timestamp
0  1553.059269    0.000099  0.000018  ...  0.000012  7.678778e+06  1.736918e+09
1  1553.060243    0.000096  0.000023  ...  0.000012  7.651481e+06  1.736918e+09

[2 rows x 13 columns]
CHANNEL_0_11
        cbragg  cbragg_err   credchi  ...  cdelta_n            cL     timestamp
0  1554.068875    0.000077  0.000013  ...  0.000012  7.575177e+06  1.736918e+09
1  1554.070632    0.000077  0.000011  ...  0.000012  7.615514e+06  1.736918e+09

[2 rows x 13 columns]
CHANNEL_0_12
        cbragg  cbragg_err   credchi  ...  cdelta_n            cL     timestamp
0  1555.091534    0.000119  0.000040  ...  0.000012  7.578822e+06  1.736918e+09
1  1555.095666    0.000113  0.000053  ...  0.000012  7.544864e+06  1.736918e+09

[2 rows x 13 columns]
CHANNEL_0_13
        cbragg  cbragg_err   credchi  ...  cdelta_n            cL     timestamp
0  1556.070901    0.000139  0.000054  ...  0.000012  7.670334e+06  1.736918e+09
1  1556.065953    0.000155  0.000035  ...  0.000012  7.668746e+06  1.736918e+09

[2 rows x 13 columns]
CHANNEL_0_14
        cbragg  cbragg_err   credchi  ...  cdelta_n            cL     timestamp
0  1557.037212    0.000095  0.000026  ...  0.000012  7.669887e+06  1.736918e+09
1  1557.042381    0.000097  0.000035  ...  0.000012  7.746843e+06  1.736918e+09

[2 rows x 13 columns]
CHANNEL_1_1
        cbragg  cbragg_err   credchi  ...  cdelta_n            cL     timestamp
0  1555.744451    0.000131  0.000014  ...  0.000012  2.587679e+06  1.736918e+09
1  1555.744268    0.000726  0.000785  ...  0.000012  3.167257e+06  1.736918e+09

[2 rows x 13 columns]
CHANNEL_1_2
        cbragg  cbragg_err   credchi  ...  cdelta_n            cL     timestamp
0  1558.262791    0.000692  0.000452  ...  0.000012  2.458714e+06  1.736918e+09
1  1558.265573    0.000123  0.000022  ...  0.000012  2.772837e+06  1.736918e+09

[2 rows x 13 columns]
CHANNEL_1_3
        cbragg  cbragg_err   credchi  ...  cdelta_n            cL     timestamp
0  1561.077565    0.000094  0.000014  ...  0.000012  2.869369e+06  1.736918e+09
1  1561.073747    0.000041  0.000003  ...  0.000012  2.910867e+06  1.736918e+09

[2 rows x 13 columns]
CHANNEL_2_1
        cbragg  cbragg_err   credchi  ...  cdelta_n            cL     timestamp
0  1543.153000    0.000063  0.000004  ...  0.000012  2.765311e+06  1.736918e+09
1  1543.149853    0.000078  0.000004  ...  0.000012  2.766948e+06  1.736918e+09

[2 rows x 13 columns]
CHANNEL_2_2
        cbragg  cbragg_err   credchi  ...  cdelta_n            cL     timestamp
0  1545.992213    0.000161  0.000019  ...  0.000012  2.653968e+06  1.736918e+09
1  1545.993522    0.000331  0.000075  ...  0.000012  2.534083e+06  1.736918e+09

[2 rows x 13 columns]
CHANNEL_2_3
        cbragg  cbragg_err   credchi  ...  cdelta_n            cL     timestamp
0  1548.587631    0.001146  0.002482  ...  0.000012  3.732747e+06  1.736918e+09
1  1548.586680    0.000294  0.000105  ...  0.000012  3.059446e+06  1.736918e+09

[2 rows x 13 columns]
CHANNEL_3_1
        cbragg  cbragg_err   credchi  ...  cdelta_n            cL     timestamp
0  1543.897755    0.000117  0.000024  ...  0.000012  7.832531e+06  1.736918e+09
1  1543.885235    0.000108  0.000018  ...  0.000012  7.852821e+06  1.736918e+09

[2 rows x 13 columns]
CHANNEL_3_2
        cbragg  cbragg_err   credchi  ...  cdelta_n            cL     timestamp
0  1544.714643    0.000124  0.000031  ...  0.000012  7.831223e+06  1.736918e+09
1  1544.710651    0.000116  0.000037  ...  0.000012  7.815541e+06  1.736918e+09

[2 rows x 13 columns]
CHANNEL_3_3
        cbragg  cbragg_err   credchi  ...  cdelta_n            cL     timestamp
0  1545.716787    0.000110  0.000039  ...  0.000012  7.634358e+06  1.736918e+09
1  1545.703734    0.000112  0.000023  ...  0.000012  7.657842e+06  1.736918e+09

[2 rows x 13 columns]
CHANNEL_3_4
        cbragg  cbragg_err   credchi  ...  cdelta_n            cL     timestamp
0  1546.687373    0.000106  0.000024  ...  0.000012  7.750658e+06  1.736918e+09
1  1546.680362    0.000103  0.000027  ...  0.000012  7.729108e+06  1.736918e+09

[2 rows x 13 columns]
CHANNEL_3_5
        cbragg  cbragg_err   credchi  ...  cdelta_n            cL     timestamp
0  1547.706411    0.000081  0.000018  ...  0.000012  7.601957e+06  1.736918e+09
1  1547.699257    0.000079  0.000013  ...  0.000012  7.604767e+06  1.736918e+09

[2 rows x 13 columns]
CHANNEL_3_6
        cbragg  cbragg_err   credchi  ...  cdelta_n            cL     timestamp
0  1548.695240    0.000079  0.000018  ...  0.000012  7.827729e+06  1.736918e+09
1  1548.682349    0.000079  0.000013  ...  0.000012  7.864414e+06  1.736918e+09

[2 rows x 13 columns]
CHANNEL_3_7
        cbragg  cbragg_err   credchi  ...  cdelta_n            cL     timestamp
0  1549.710985    0.000096  0.000019  ...  0.000012  7.547470e+06  1.736918e+09
1  1549.707296    0.000092  0.000021  ...  0.000012  7.544533e+06  1.736918e+09

[2 rows x 13 columns]
CHANNEL_3_8
        cbragg  cbragg_err   credchi  ...  cdelta_n            cL     timestamp
0  1550.668223    0.000091  0.000020  ...  0.000012  7.690011e+06  1.736918e+09
1  1550.654448    0.000091  0.000012  ...  0.000012  7.772582e+06  1.736918e+09

[2 rows x 13 columns]
CHANNEL_3_9
        cbragg  cbragg_err   credchi  ...  cdelta_n            cL     timestamp
0  1551.662482    0.000103  0.000016  ...  0.000012  7.695791e+06  1.736918e+09
1  1551.655893    0.000094  0.000017  ...  0.000012  7.676533e+06  1.736918e+09

[2 rows x 13 columns]
CHANNEL_3_10
        cbragg  cbragg_err   credchi  ...  cdelta_n            cL     timestamp
0  1552.671601    0.000105  0.000019  ...  0.000012  7.756905e+06  1.736918e+09
1  1552.660302    0.000111  0.000017  ...  0.000012  7.803903e+06  1.736918e+09

[2 rows x 13 columns]
CHANNEL_3_11
        cbragg  cbragg_err   credchi  ...  cdelta_n            cL     timestamp
0  1553.638947    0.000133  0.000035  ...  0.000012  7.949660e+06  1.736918e+09
1  1553.627865    0.000210  0.000073  ...  0.000012  7.415794e+06  1.736918e+09

[2 rows x 13 columns]
CHANNEL_3_12
        cbragg  cbragg_err   credchi  ...  cdelta_n            cL     timestamp
0  1554.614545    0.000101  0.000021  ...  0.000012  7.822839e+06  1.736918e+09
1  1554.603681    0.000104  0.000015  ...  0.000012  7.877173e+06  1.736918e+09

[2 rows x 13 columns]
CHANNEL_3_13
        cbragg  cbragg_err   credchi  ...  cdelta_n            cL     timestamp
0  1555.621236    0.000096  0.000014  ...  0.000012  7.627167e+06  1.736918e+09
1  1555.613244    0.000091  0.000014  ...  0.000012  7.588634e+06  1.736918e+09

[2 rows x 13 columns]
CHANNEL_3_14
        cbragg  cbragg_err   credchi  ...  cdelta_n            cL     timestamp
0  1556.576483    0.000184  0.000073  ...  0.000012  7.744391e+06  1.736918e+09
1  1556.564782    0.000189  0.000048  ...  0.000012  7.815652e+06  1.736918e+09

[2 rows x 13 columns]
