CHANNEL_0_1
           cbragg  cbragg_err   credchi  ...  cdelta_n            cL     timestamp
0     1544.203419    0.000123  0.000036  ...  0.000012  7.740648e+06  1.737247e+09
1     1544.213602    0.000097  0.000053  ...  0.000012  7.717148e+06  1.737247e+09
2     1544.203418    0.000098  0.000036  ...  0.000012  7.738804e+06  1.737247e+09
3     1544.213517    0.000097  0.000052  ...  0.000012  7.716999e+06  1.737247e+09
4     1544.203318    0.000099  0.000035  ...  0.000012  7.743158e+06  1.737247e+09
...           ...         ...       ...  ...       ...           ...           ...
1587  1544.218755    0.000101  0.000055  ...  0.000012  7.711796e+06  1.737263e+09
1588  1544.209351    0.000097  0.000034  ...  0.000012  7.743106e+06  1.737263e+09
1589  1544.218869    0.000103  0.000054  ...  0.000012  7.706068e+06  1.737263e+09
1590  1544.209305    0.000100  0.000036  ...  0.000012  7.734138e+06  1.737263e+09
1591  1544.218789    0.000165  0.000055  ...  0.000012  7.708017e+06  1.737263e+09

[1592 rows x 13 columns]
CHANNEL_0_2
           cbragg  cbragg_err   credchi  ...  cdelta_n            cL     timestamp
0     1545.162595    0.000082  0.000017  ...  0.000012  7.662720e+06  1.737247e+09
1     1545.162394    0.000086  0.000014  ...  0.000012  7.704711e+06  1.737247e+09
2     1545.162610    0.000082  0.000017  ...  0.000012  7.687213e+06  1.737247e+09
3     1545.162591    0.000094  0.000013  ...  0.000012  7.695949e+06  1.737247e+09
4     1545.162598    0.000083  0.000017  ...  0.000012  7.669773e+06  1.737247e+09
...           ...         ...       ...  ...       ...           ...           ...
1587  1545.167418    0.000164  0.000014  ...  0.000012  7.706488e+06  1.737263e+09
1588  1545.168886    0.000098  0.000019  ...  0.000012  7.669111e+06  1.737263e+09
1589  1545.167587    0.000093  0.000014  ...  0.000012  7.678267e+06  1.737263e+09
1590  1545.168989    0.000084  0.000018  ...  0.000012  7.677358e+06  1.737263e+09
1591  1545.167511    0.000092  0.000015  ...  0.000012  7.715775e+06  1.737263e+09

[1592 rows x 13 columns]
CHANNEL_0_3
           cbragg  cbragg_err   credchi  ...  cdelta_n            cL     timestamp
0     1546.142142    0.000106  0.000031  ...  0.000012  7.714371e+06  1.737247e+09
1     1546.151117    0.000106  0.000054  ...  0.000012  7.646039e+06  1.737247e+09
2     1546.142224    0.000110  0.000034  ...  0.000012  7.700570e+06  1.737247e+09
3     1546.151195    0.000107  0.000054  ...  0.000012  7.654850e+06  1.737247e+09
4     1546.142080    0.000107  0.000032  ...  0.000012  7.708698e+06  1.737247e+09
...           ...         ...       ...  ...       ...           ...           ...
1587  1546.156253    0.000108  0.000055  ...  0.000012  7.610446e+06  1.737263e+09
1588  1546.148794    0.000113  0.000035  ...  0.000012  7.678454e+06  1.737263e+09
1589  1546.156372    0.000109  0.000056  ...  0.000012  7.638323e+06  1.737263e+09
1590  1546.148696    0.000114  0.000036  ...  0.000012  7.689619e+06  1.737263e+09
1591  1546.156318    0.000109  0.000055  ...  0.000012  7.640347e+06  1.737263e+09

[1592 rows x 13 columns]
CHANNEL_0_4
           cbragg  cbragg_err   credchi  ...  cdelta_n            cL     timestamp
0     1547.140815    0.000118  0.000055  ...  0.000012  7.831950e+06  1.737247e+09
1     1547.140781    0.000116  0.000044  ...  0.000012  7.863113e+06  1.737247e+09
2     1547.140906    0.000123  0.000061  ...  0.000012  7.970118e+06  1.737247e+09
3     1547.140887    0.000118  0.000045  ...  0.000012  7.839433e+06  1.737247e+09
4     1547.140715    0.000125  0.000062  ...  0.000012  7.966024e+06  1.737247e+09
...           ...         ...       ...  ...       ...           ...           ...
1587  1547.145859    0.000118  0.000044  ...  0.000012  7.868115e+06  1.737263e+09
1588  1547.147212    0.000117  0.000056  ...  0.000012  7.815039e+06  1.737263e+09
1589  1547.145838    0.000165  0.000084  ...  0.000012  8.036161e+06  1.737263e+09
1590  1547.147131    0.000118  0.000057  ...  0.000012  7.813938e+06  1.737263e+09
1591  1547.145862    0.000118  0.000043  ...  0.000012  7.851082e+06  1.737263e+09

[1592 rows x 13 columns]
CHANNEL_0_5
           cbragg  cbragg_err   credchi  ...  cdelta_n            cL     timestamp
0     1548.112567    0.000112  0.000054  ...  0.000012  7.912711e+06  1.737247e+09
1     1548.120403    0.000091  0.000039  ...  0.000012  7.680058e+06  1.737247e+09
2     1548.112586    0.000090  0.000033  ...  0.000012  7.736967e+06  1.737247e+09
3     1548.120335    0.000095  0.000042  ...  0.000012  7.671150e+06  1.737247e+09
4     1548.112572    0.000089  0.000033  ...  0.000012  7.698103e+06  1.737247e+09
...           ...         ...       ...  ...       ...           ...           ...
1587  1548.125318    0.000093  0.000042  ...  0.000012  7.662054e+06  1.737263e+09
1588  1548.117925    0.000087  0.000030  ...  0.000012  7.704727e+06  1.737263e+09
1589  1548.125324    0.000090  0.000039  ...  0.000012  7.670217e+06  1.737263e+09
1590  1548.117913    0.000089  0.000031  ...  0.000012  7.691544e+06  1.737263e+09
1591  1548.125248    0.000093  0.000042  ...  0.000012  7.666984e+06  1.737263e+09

[1592 rows x 13 columns]
CHANNEL_0_6
           cbragg  cbragg_err   credchi  ...  cdelta_n            cL     timestamp
0     1549.095174    0.000080  0.000028  ...  0.000012  7.507735e+06  1.737247e+09
1     1549.100509    0.000083  0.000037  ...  0.000012  7.463046e+06  1.737247e+09
2     1549.095120    0.000079  0.000027  ...  0.000012  7.500985e+06  1.737247e+09
3     1549.100370    0.000082  0.000036  ...  0.000012  7.458088e+06  1.737247e+09
4     1549.095047    0.000080  0.000028  ...  0.000012  7.497353e+06  1.737247e+09
...           ...         ...       ...  ...       ...           ...           ...
1587  1549.104290    0.000174  0.000165  ...  0.000012  7.862554e+06  1.737263e+09
1588  1549.101491    0.000080  0.000029  ...  0.000012  7.479572e+06  1.737263e+09
1589  1549.104306    0.000085  0.000037  ...  0.000012  7.506026e+06  1.737263e+09
1590  1549.101476    0.000081  0.000030  ...  0.000012  7.490814e+06  1.737263e+09
1591  1549.104239    0.000082  0.000035  ...  0.000012  7.449111e+06  1.737263e+09

[1592 rows x 13 columns]
CHANNEL_0_7
           cbragg  cbragg_err   credchi  ...  cdelta_n            cL     timestamp
0     1550.096929    0.000118  0.000044  ...  0.000012  7.623283e+06  1.737247e+09
1     1550.102060    0.000144  0.000060  ...  0.000012  7.757300e+06  1.737247e+09
2     1550.096845    0.000119  0.000044  ...  0.000012  7.618834e+06  1.737247e+09
3     1550.101279    0.000118  0.000041  ...  0.000012  7.654098e+06  1.737247e+09
4     1550.096964    0.000118  0.000044  ...  0.000012  7.640908e+06  1.737247e+09
...           ...         ...       ...  ...       ...           ...           ...
1587  1550.106015    0.000118  0.000040  ...  0.000012  7.668994e+06  1.737263e+09
1588  1550.101915    0.000116  0.000044  ...  0.000012  7.632541e+06  1.737263e+09
1589  1550.105888    0.000118  0.000040  ...  0.000012  7.663896e+06  1.737263e+09
1590  1550.102018    0.000118  0.000045  ...  0.000012  7.674650e+06  1.737263e+09
1591  1550.106068    0.000117  0.000040  ...  0.000012  7.674423e+06  1.737263e+09

[1592 rows x 13 columns]
CHANNEL_0_8
           cbragg  cbragg_err   credchi  ...  cdelta_n            cL     timestamp
0     1551.071720    0.000071  0.000014  ...  0.000012  7.648181e+06  1.737247e+09
1     1551.079875    0.000070  0.000018  ...  0.000012  7.632751e+06  1.737247e+09
2     1551.071809    0.000071  0.000014  ...  0.000012  7.623292e+06  1.737247e+09
3     1551.079567    0.000143  0.000073  ...  0.000012  7.836891e+06  1.737247e+09
4     1551.071733    0.000072  0.000014  ...  0.000012  7.649650e+06  1.737247e+09
...           ...         ...       ...  ...       ...           ...           ...
1587  1551.081727    0.000069  0.000018  ...  0.000012  7.637696e+06  1.737263e+09
1588  1551.074555    0.000073  0.000014  ...  0.000012  7.622005e+06  1.737263e+09
1589  1551.081749    0.000070  0.000018  ...  0.000012  7.630163e+06  1.737263e+09
1590  1551.074609    0.000072  0.000014  ...  0.000012  7.622712e+06  1.737263e+09
1591  1551.081776    0.000070  0.000018  ...  0.000012  7.639889e+06  1.737263e+09

[1592 rows x 13 columns]
CHANNEL_0_9
           cbragg  cbragg_err   credchi  ...  cdelta_n            cL     timestamp
0     1552.054607    0.000087  0.000016  ...  0.000012  7.740114e+06  1.737247e+09
1     1552.063204    0.000084  0.000023  ...  0.000012  7.702079e+06  1.737247e+09
2     1552.054645    0.000089  0.000017  ...  0.000012  7.744853e+06  1.737247e+09
3     1552.063235    0.000085  0.000024  ...  0.000012  7.701485e+06  1.737247e+09
4     1552.054540    0.000091  0.000018  ...  0.000012  7.729131e+06  1.737247e+09
...           ...         ...       ...  ...       ...           ...           ...
1587  1552.064823    0.000112  0.000041  ...  0.000012  7.911796e+06  1.737263e+09
1588  1552.058065    0.000087  0.000017  ...  0.000012  7.722635e+06  1.737263e+09
1589  1552.065066    0.000145  0.000067  ...  0.000012  7.964043e+06  1.737263e+09
1590  1552.058053    0.000089  0.000018  ...  0.000012  7.724355e+06  1.737263e+09
1591  1552.064985    0.000087  0.000023  ...  0.000012  7.687691e+06  1.737263e+09

[1592 rows x 13 columns]
CHANNEL_0_10
           cbragg  cbragg_err   credchi  ...  cdelta_n            cL     timestamp
0     1553.063252    0.000092  0.000022  ...  0.000012  7.644312e+06  1.737247e+09
1     1553.065636    0.000096  0.000017  ...  0.000012  7.708956e+06  1.737247e+09
2     1553.063291    0.000096  0.000024  ...  0.000012  7.654982e+06  1.737247e+09
3     1553.065649    0.000100  0.000018  ...  0.000012  7.659729e+06  1.737247e+09
4     1553.063158    0.000091  0.000022  ...  0.000012  7.674853e+06  1.737247e+09
...           ...         ...       ...  ...       ...           ...           ...
1587  1553.067674    0.000094  0.000016  ...  0.000012  7.663823e+06  1.737263e+09
1588  1553.065764    0.000093  0.000023  ...  0.000012  7.669291e+06  1.737263e+09
1589  1553.067854    0.000095  0.000016  ...  0.000012  7.709710e+06  1.737263e+09
1590  1553.065820    0.000093  0.000023  ...  0.000012  7.670474e+06  1.737263e+09
1591  1553.067762    0.000098  0.000017  ...  0.000012  7.715965e+06  1.737263e+09

[1592 rows x 13 columns]
CHANNEL_0_11
           cbragg  cbragg_err   credchi  ...  cdelta_n            cL     timestamp
0     1554.069266    0.000074  0.000009  ...  0.000012  7.685766e+06  1.737247e+09
1     1554.077518    0.000068  0.000012  ...  0.000012  7.581938e+06  1.737247e+09
2     1554.069279    0.000075  0.000009  ...  0.000012  7.682458e+06  1.737247e+09
3     1554.077413    0.000071  0.000013  ...  0.000012  7.647645e+06  1.737247e+09
4     1554.069090    0.000073  0.000009  ...  0.000012  7.690581e+06  1.737247e+09
...           ...         ...       ...  ...       ...           ...           ...
1587  1554.078986    0.000076  0.000014  ...  0.000012  7.608534e+06  1.737263e+09
1588  1554.072727    0.000077  0.000010  ...  0.000012  7.654080e+06  1.737263e+09
1589  1554.078987    0.000070  0.000012  ...  0.000012  7.627558e+06  1.737263e+09
1590  1554.073064    0.000106  0.000017  ...  0.000012  7.382776e+06  1.737263e+09
1591  1554.079003    0.000070  0.000012  ...  0.000012  7.631654e+06  1.737263e+09

[1592 rows x 13 columns]
CHANNEL_0_12
           cbragg  cbragg_err   credchi  ...  cdelta_n            cL     timestamp
0     1555.096309    0.000161  0.000095  ...  0.000012  7.738233e+06  1.737247e+09
1     1555.098637    0.000114  0.000041  ...  0.000012  7.582843e+06  1.737247e+09
2     1555.096491    0.000201  0.000145  ...  0.000012  7.793475e+06  1.737247e+09
3     1555.098623    0.000113  0.000040  ...  0.000012  7.559824e+06  1.737247e+09
4     1555.096312    0.000115  0.000049  ...  0.000012  7.544288e+06  1.737247e+09
...           ...         ...       ...  ...       ...           ...           ...
1587  1555.100299    0.000112  0.000037  ...  0.000012  7.564500e+06  1.737263e+09
1588  1555.099670    0.000150  0.000089  ...  0.000012  7.787310e+06  1.737263e+09
1589  1555.100466    0.000114  0.000039  ...  0.000012  7.574118e+06  1.737263e+09
1590  1555.099534    0.000135  0.000073  ...  0.000012  7.746461e+06  1.737263e+09
1591  1555.100384    0.000113  0.000038  ...  0.000012  7.542489e+06  1.737263e+09

[1592 rows x 13 columns]
CHANNEL_0_13
           cbragg  cbragg_err   credchi  ...  cdelta_n            cL     timestamp
0     1556.067200    0.000137  0.000033  ...  0.000012  7.717437e+06  1.737247e+09
1     1556.076837    0.000133  0.000043  ...  0.000012  7.711053e+06  1.737247e+09
2     1556.067326    0.000133  0.000030  ...  0.000012  7.717484e+06  1.737247e+09
3     1556.076937    0.000134  0.000044  ...  0.000012  7.712880e+06  1.737247e+09
4     1556.067164    0.000135  0.000032  ...  0.000012  7.741471e+06  1.737247e+09
...           ...         ...       ...  ...       ...           ...           ...
1587  1556.078925    0.000136  0.000046  ...  0.000012  7.737104e+06  1.737263e+09
1588  1556.069578    0.000142  0.000033  ...  0.000012  7.742389e+06  1.737263e+09
1589  1556.079001    0.000133  0.000045  ...  0.000012  7.710463e+06  1.737263e+09
1590  1556.069692    0.000136  0.000031  ...  0.000012  7.683709e+06  1.737263e+09
1591  1556.078926    0.000134  0.000045  ...  0.000012  7.712538e+06  1.737263e+09

[1592 rows x 13 columns]
CHANNEL_0_14
           cbragg  cbragg_err   credchi  ...  cdelta_n            cL     timestamp
0     1557.040868    0.000093  0.000026  ...  0.000012  7.689651e+06  1.737247e+09
1     1557.045652    0.000122  0.000051  ...  0.000012  7.860883e+06  1.737247e+09
2     1557.040940    0.000093  0.000026  ...  0.000012  7.690384e+06  1.737247e+09
3     1557.045662    0.000118  0.000048  ...  0.000012  7.865944e+06  1.737247e+09
4     1557.040854    0.000093  0.000026  ...  0.000012  7.694333e+06  1.737247e+09
...           ...         ...       ...  ...       ...           ...           ...
1587  1557.046910    0.000093  0.000027  ...  0.000012  7.656793e+06  1.737263e+09
1588  1557.044430    0.000092  0.000027  ...  0.000012  7.689896e+06  1.737263e+09
1589  1557.046992    0.000094  0.000028  ...  0.000012  7.653838e+06  1.737263e+09
1590  1557.044498    0.000093  0.000028  ...  0.000012  7.681760e+06  1.737263e+09
1591  1557.047025    0.000094  0.000028  ...  0.000012  7.644319e+06  1.737263e+09

[1592 rows x 13 columns]
CHANNEL_1_1
           cbragg  cbragg_err   credchi  ...  cdelta_n            cL     timestamp
0     1555.122928    0.000764  0.000722  ...  0.000012  3.099542e+06  1.737247e+09
1     1555.125171    0.000123  0.000012  ...  0.000012  2.650246e+06  1.737247e+09
2     1555.122446    0.000235  0.000037  ...  0.000012  2.499554e+06  1.737247e+09
3     1555.125070    0.000146  0.000016  ...  0.000012  2.562025e+06  1.737247e+09
4     1555.122514    0.000106  0.000009  ...  0.000012  2.618142e+06  1.737247e+09
...           ...         ...       ...  ...       ...           ...           ...
1587  1555.124539    0.000120  0.000011  ...  0.000012  2.603832e+06  1.737263e+09
1588  1555.121727    0.000145  0.000015  ...  0.000012  2.564297e+06  1.737263e+09
1589  1555.124349    0.000344  0.000076  ...  0.000012  2.453623e+06  1.737263e+09
1590  1555.121631    0.000105  0.000008  ...  0.000012  2.613556e+06  1.737263e+09
1591  1555.124036    0.000623  0.000210  ...  0.000012  2.330046e+06  1.737263e+09

[1592 rows x 13 columns]
CHANNEL_1_2
           cbragg  cbragg_err   credchi  ...  cdelta_n            cL     timestamp
0     1558.272285    0.000114  0.000018  ...  0.000012  2.804890e+06  1.737247e+09
1     1558.272908    0.000278  0.000121  ...  0.000012  2.901347e+06  1.737247e+09
2     1558.272228    0.000117  0.000020  ...  0.000012  2.812763e+06  1.737247e+09
3     1558.272819    0.000117  0.000020  ...  0.000012  2.798467e+06  1.737247e+09
4     1558.272287    0.001288  0.004838  ...  0.000012  3.775934e+06  1.737247e+09
...           ...         ...       ...  ...       ...           ...           ...
1587  1558.272993    0.000820  0.000638  ...  0.000012  2.436574e+06  1.737263e+09
1588  1558.271863    0.000117  0.000019  ...  0.000012  2.788050e+06  1.737263e+09
1589  1558.272599    0.000767  0.001342  ...  0.000012  3.311965e+06  1.737263e+09
1590  1558.271850    0.000118  0.000020  ...  0.000012  2.793772e+06  1.737263e+09
1591  1558.273760    0.001152  0.001209  ...  0.000012  2.358653e+06  1.737263e+09

[1592 rows x 13 columns]
CHANNEL_1_3
           cbragg  cbragg_err   credchi  ...  cdelta_n            cL     timestamp
0     1561.084410    0.001059  0.002941  ...  0.000012  3.660137e+06  1.737247e+09
1     1561.083971    0.000059  0.000006  ...  0.000012  2.930024e+06  1.737247e+09
2     1561.083575    0.000235  0.000079  ...  0.000012  2.816231e+06  1.737247e+09
3     1561.083742    0.000050  0.000004  ...  0.000012  2.921776e+06  1.737247e+09
4     1561.083594    0.000351  0.000231  ...  0.000012  3.145043e+06  1.737247e+09
...           ...         ...       ...  ...       ...           ...           ...
1587  1561.085083    0.000092  0.000013  ...  0.000012  2.878990e+06  1.737263e+09
1588  1561.084723    0.000244  0.000097  ...  0.000012  2.895433e+06  1.737263e+09
1589  1561.085026    0.000212  0.000073  ...  0.000012  2.897755e+06  1.737263e+09
1590  1561.084977    0.000142  0.000030  ...  0.000012  2.855878e+06  1.737263e+09
1591  1561.085061    0.000264  0.000104  ...  0.000012  2.826378e+06  1.737263e+09

[1592 rows x 13 columns]
CHANNEL_2_1
           cbragg  cbragg_err   credchi  ...  cdelta_n            cL     timestamp
0     1542.570244    0.000056  0.000003  ...  0.000012  2.756623e+06  1.737247e+09
1     1542.572180    0.000049  0.000002  ...  0.000012  2.755560e+06  1.737247e+09
2     1542.570098    0.000059  0.000003  ...  0.000012  2.754442e+06  1.737247e+09
3     1542.572043    0.000267  0.000002  ...  0.000012  2.752028e+06  1.737247e+09
4     1542.557830    0.013388  0.003840  ...  0.000012  1.092149e+06  1.737247e+09
...           ...         ...       ...  ...       ...           ...           ...
1587  1542.570344    0.000050  0.000002  ...  0.000012  2.754424e+06  1.737263e+09
1588  1542.568795    0.000050  0.000002  ...  0.000012  2.758794e+06  1.737263e+09
1589  1542.570309    0.000053  0.000002  ...  0.000012  2.751999e+06  1.737263e+09
1590  1542.568692    0.000052  0.000002  ...  0.000012  2.757969e+06  1.737263e+09
1591  1542.570258    0.000060  0.000003  ...  0.000012  2.749840e+06  1.737263e+09

[1592 rows x 13 columns]
CHANNEL_2_2
           cbragg  cbragg_err   credchi  ...  cdelta_n            cL     timestamp
0     1546.006449    0.000796  0.000765  ...  0.000012  3.163518e+06  1.737247e+09
1     1546.005083    0.000950  0.001250  ...  0.000012  3.312203e+06  1.737247e+09
2     1546.007700    0.000556  0.000169  ...  0.000012  2.408932e+06  1.737247e+09
3     1546.005841    0.000152  0.000018  ...  0.000012  2.651676e+06  1.737247e+09
4     1546.007183    0.000231  0.000042  ...  0.000012  2.649680e+06  1.737247e+09
...           ...         ...       ...  ...       ...           ...           ...
1587  1546.003978    0.000245  0.000052  ...  0.000012  2.783974e+06  1.737263e+09
1588  1546.005320    0.000635  0.000439  ...  0.000012  3.034260e+06  1.737263e+09
1589  1546.003761    0.000749  0.000686  ...  0.000012  3.147884e+06  1.737263e+09
1590  1546.005279    0.000924  0.001195  ...  0.000012  3.310220e+06  1.737263e+09
1591  1546.004458    0.000918  0.000430  ...  0.000012  2.307465e+06  1.737263e+09

[1592 rows x 13 columns]
CHANNEL_2_3
           cbragg  cbragg_err   credchi  ...  cdelta_n            cL     timestamp
0     1548.594927    0.000105  0.000011  ...  0.000012  2.892256e+06  1.737247e+09
1     1548.597819    0.000107  0.000012  ...  0.000012  2.892368e+06  1.737247e+09
2     1548.594672    0.000099  0.000010  ...  0.000012  2.913424e+06  1.737247e+09
3     1548.597552    0.000226  0.000049  ...  0.000012  2.780000e+06  1.737247e+09
4     1548.594574    0.000840  0.001100  ...  0.000012  3.466242e+06  1.737247e+09
...           ...         ...       ...  ...       ...           ...           ...
1587  1548.599092    0.000100  0.000011  ...  0.000012  2.885390e+06  1.737263e+09
1588  1548.595951    0.000137  0.000020  ...  0.000012  2.956317e+06  1.737263e+09
1589  1548.599041    0.000099  0.000010  ...  0.000012  2.886538e+06  1.737263e+09
1590  1548.596633    0.000505  0.000340  ...  0.000012  3.231345e+06  1.737263e+09
1591  1548.599128    0.000237  0.000067  ...  0.000012  3.027041e+06  1.737263e+09

[1592 rows x 13 columns]
CHANNEL_3_1
           cbragg  cbragg_err   credchi  ...  cdelta_n            cL     timestamp
0     1543.618048    0.000113  0.000018  ...  0.000012  7.812052e+06  1.737247e+09
1     1543.622828    0.000236  0.000021  ...  0.000012  7.798472e+06  1.737247e+09
2     1543.618016    0.000112  0.000018  ...  0.000012  7.812588e+06  1.737247e+09
3     1543.622731    0.000131  0.000022  ...  0.000012  7.795199e+06  1.737247e+09
4     1543.617945    0.000122  0.000018  ...  0.000012  7.810082e+06  1.737247e+09
...           ...         ...       ...  ...       ...           ...           ...
1587  1543.622753    0.000214  0.000021  ...  0.000012  7.781701e+06  1.737263e+09
1588  1543.620687    0.000147  0.000019  ...  0.000012  7.789499e+06  1.737263e+09
1589  1543.622849    0.000199  0.000021  ...  0.000012  7.786280e+06  1.737263e+09
1590  1543.620615    0.000151  0.000019  ...  0.000012  7.794724e+06  1.737263e+09
1591  1543.622831    0.000105  0.000021  ...  0.000012  7.780954e+06  1.737263e+09

[1592 rows x 13 columns]
CHANNEL_3_2
           cbragg  cbragg_err   credchi  ...  cdelta_n            cL     timestamp
0     1544.643898    0.000111  0.000028  ...  0.000012  7.866601e+06  1.737247e+09
1     1544.652168    0.000168  0.000029  ...  0.000012  7.860361e+06  1.737247e+09
2     1544.643923    0.000117  0.000029  ...  0.000012  7.859917e+06  1.737247e+09
3     1544.652165    0.000118  0.000030  ...  0.000012  7.857824e+06  1.737247e+09
4     1544.643861    0.000112  0.000029  ...  0.000012  7.860229e+06  1.737247e+09
...           ...         ...       ...  ...       ...           ...           ...
1587  1544.653488    0.000111  0.000031  ...  0.000012  7.855790e+06  1.737263e+09
1588  1544.644572    0.000114  0.000028  ...  0.000012  7.865413e+06  1.737263e+09
1589  1544.653499    0.000127  0.000031  ...  0.000012  7.849183e+06  1.737263e+09
1590  1544.644528    0.000131  0.000027  ...  0.000012  7.871208e+06  1.737263e+09
1591  1544.653449    0.000112  0.000032  ...  0.000012  7.850623e+06  1.737263e+09

[1592 rows x 13 columns]
CHANNEL_3_3
           cbragg  cbragg_err   credchi  ...  cdelta_n            cL     timestamp
0     1545.646740    0.000106  0.000029  ...  0.000012  7.591380e+06  1.737247e+09
1     1545.647117    0.000108  0.000026  ...  0.000012  7.595668e+06  1.737247e+09
2     1545.646797    0.000107  0.000030  ...  0.000012  7.585123e+06  1.737247e+09
3     1545.647249    0.000109  0.000026  ...  0.000012  7.574440e+06  1.737247e+09
4     1545.646698    0.000108  0.000030  ...  0.000012  7.582625e+06  1.737247e+09
...           ...         ...       ...  ...       ...           ...           ...
1587  1545.647314    0.000111  0.000025  ...  0.000012  7.581886e+06  1.737263e+09
1588  1545.648428    0.000105  0.000031  ...  0.000012  7.598934e+06  1.737263e+09
1589  1545.647331    0.000111  0.000025  ...  0.000012  7.581175e+06  1.737263e+09
1590  1545.648393    0.000107  0.000032  ...  0.000012  7.593285e+06  1.737263e+09
1591  1545.647331    0.000108  0.000024  ...  0.000012  7.582284e+06  1.737263e+09

[1592 rows x 13 columns]
CHANNEL_3_4
           cbragg  cbragg_err   credchi  ...  cdelta_n            cL     timestamp
0     1546.613662    0.000095  0.000017  ...  0.000012  7.814071e+06  1.737247e+09
1     1546.624623    0.000093  0.000023  ...  0.000012  7.773538e+06  1.737247e+09
2     1546.613699    0.000092  0.000016  ...  0.000012  7.814440e+06  1.737247e+09
3     1546.624673    0.000094  0.000024  ...  0.000012  7.776233e+06  1.737247e+09
4     1546.613569    0.000093  0.000017  ...  0.000012  7.813032e+06  1.737247e+09
...           ...         ...       ...  ...       ...           ...           ...
1587  1546.625428    0.000095  0.000026  ...  0.000012  7.757323e+06  1.737263e+09
1588  1546.614688    0.000091  0.000015  ...  0.000012  7.835459e+06  1.737263e+09
1589  1546.625575    0.000094  0.000025  ...  0.000012  7.762451e+06  1.737263e+09
1590  1546.614535    0.000093  0.000016  ...  0.000012  7.810913e+06  1.737263e+09
1591  1546.625421    0.000093  0.000025  ...  0.000012  7.759939e+06  1.737263e+09

[1592 rows x 13 columns]
CHANNEL_3_5
           cbragg  cbragg_err   credchi  ...  cdelta_n            cL     timestamp
0     1547.639504    0.000077  0.000018  ...  0.000012  7.578560e+06  1.737247e+09
1     1547.637560    0.000083  0.000012  ...  0.000012  7.624560e+06  1.737247e+09
2     1547.639526    0.000078  0.000018  ...  0.000012  7.580114e+06  1.737247e+09
3     1547.637555    0.000082  0.000012  ...  0.000012  7.607570e+06  1.737247e+09
4     1547.639419    0.000079  0.000018  ...  0.000012  7.576682e+06  1.737247e+09
...           ...         ...       ...  ...       ...           ...           ...
1587  1547.638929    0.000084  0.000012  ...  0.000012  7.613141e+06  1.737263e+09
1588  1547.640390    0.000078  0.000018  ...  0.000012  7.583343e+06  1.737263e+09
1589  1547.638913    0.000083  0.000012  ...  0.000012  7.619351e+06  1.737263e+09
1590  1547.640349    0.000080  0.000019  ...  0.000012  7.575857e+06  1.737263e+09
1591  1547.638861    0.000083  0.000012  ...  0.000012  7.617229e+06  1.737263e+09

[1592 rows x 13 columns]
CHANNEL_3_6
           cbragg  cbragg_err   credchi  ...  cdelta_n            cL     timestamp
0     1548.621149    0.000085  0.000013  ...  0.000012  7.832158e+06  1.737247e+09
1     1548.628474    0.000084  0.000022  ...  0.000012  7.788307e+06  1.737247e+09
2     1548.621225    0.000082  0.000012  ...  0.000012  7.830678e+06  1.737247e+09
3     1548.628389    0.000083  0.000021  ...  0.000012  7.746571e+06  1.737247e+09
4     1548.621205    0.000165  0.000045  ...  0.000012  7.376833e+06  1.737247e+09
...           ...         ...       ...  ...       ...           ...           ...
1587  1548.628900    0.000083  0.000021  ...  0.000012  7.750300e+06  1.737263e+09
1588  1548.623021    0.000084  0.000013  ...  0.000012  7.807651e+06  1.737263e+09
1589  1548.628890    0.000083  0.000021  ...  0.000012  7.784800e+06  1.737263e+09
1590  1548.623001    0.000086  0.000014  ...  0.000012  7.802278e+06  1.737263e+09
1591  1548.628905    0.000081  0.000020  ...  0.000012  7.750564e+06  1.737263e+09

[1592 rows x 13 columns]
CHANNEL_3_7
           cbragg  cbragg_err   credchi  ...  cdelta_n            cL     timestamp
0     1549.645679    0.000087  0.000021  ...  0.000012  7.470805e+06  1.737247e+09
1     1549.644212    0.000140  0.000033  ...  0.000012  7.240507e+06  1.737247e+09
2     1549.645613    0.000096  0.000026  ...  0.000012  7.650457e+06  1.737247e+09
3     1549.644089    0.000085  0.000013  ...  0.000012  7.596870e+06  1.737247e+09
4     1549.645597    0.000110  0.000034  ...  0.000012  7.674707e+06  1.737247e+09
...           ...         ...       ...  ...       ...           ...           ...
1587  1549.646068    0.000085  0.000014  ...  0.000012  7.597400e+06  1.737263e+09
1588  1549.646005    0.000086  0.000019  ...  0.000012  7.528304e+06  1.737263e+09
1589  1549.645991    0.000085  0.000013  ...  0.000012  7.593596e+06  1.737263e+09
1590  1549.646013    0.000088  0.000020  ...  0.000012  7.507368e+06  1.737263e+09
1591  1549.646080    0.000086  0.000014  ...  0.000012  7.593153e+06  1.737263e+09

[1592 rows x 13 columns]
CHANNEL_3_8
           cbragg  cbragg_err   credchi  ...  cdelta_n            cL     timestamp
0     1550.598281    0.000096  0.000013  ...  0.000012  7.628668e+06  1.737247e+09
1     1550.598951    0.000087  0.000016  ...  0.000012  7.613903e+06  1.737247e+09
2     1550.598240    0.000095  0.000013  ...  0.000012  7.623493e+06  1.737247e+09
3     1550.598979    0.000087  0.000016  ...  0.000012  7.621009e+06  1.737247e+09
4     1550.598189    0.000095  0.000013  ...  0.000012  7.630777e+06  1.737247e+09
...           ...         ...       ...  ...       ...           ...           ...
1587  1550.597762    0.000115  0.000025  ...  0.000012  7.360243e+06  1.737263e+09
1588  1550.599090    0.000093  0.000014  ...  0.000012  7.632008e+06  1.737263e+09
1589  1550.597863    0.000125  0.000029  ...  0.000012  7.322700e+06  1.737263e+09
1590  1550.599056    0.000094  0.000014  ...  0.000012  7.629730e+06  1.737263e+09
1591  1550.597682    0.000089  0.000016  ...  0.000012  7.606000e+06  1.737263e+09

[1592 rows x 13 columns]
CHANNEL_3_9
           cbragg  cbragg_err   credchi  ...  cdelta_n            cL     timestamp
0     1551.594620    0.000091  0.000015  ...  0.000012  7.677156e+06  1.737247e+09
1     1551.596228    0.000091  0.000013  ...  0.000012  7.713438e+06  1.737247e+09
2     1551.594572    0.000092  0.000015  ...  0.000012  7.682126e+06  1.737247e+09
3     1551.596294    0.000091  0.000013  ...  0.000012  7.716358e+06  1.737247e+09
4     1551.594469    0.000091  0.000015  ...  0.000012  7.679997e+06  1.737247e+09
...           ...         ...       ...  ...       ...           ...           ...
1587  1551.596384    0.000093  0.000014  ...  0.000012  7.697390e+06  1.737263e+09
1588  1551.593845    0.000091  0.000014  ...  0.000012  7.682891e+06  1.737263e+09
1589  1551.596605    0.000091  0.000014  ...  0.000012  7.704322e+06  1.737263e+09
1590  1551.593844    0.000091  0.000014  ...  0.000012  7.678944e+06  1.737263e+09
1591  1551.596517    0.000089  0.000013  ...  0.000012  7.707007e+06  1.737263e+09

[1592 rows x 13 columns]
CHANNEL_3_10
           cbragg  cbragg_err   credchi  ...  cdelta_n            cL     timestamp
0     1552.602201    0.000104  0.000017  ...  0.000012  7.757406e+06  1.737247e+09
1     1552.601911    0.000105  0.000015  ...  0.000012  7.683973e+06  1.737247e+09
2     1552.602174    0.000106  0.000018  ...  0.000012  7.750708e+06  1.737247e+09
3     1552.601858    0.000104  0.000015  ...  0.000012  7.758414e+06  1.737247e+09
4     1552.602094    0.000103  0.000017  ...  0.000012  7.763370e+06  1.737247e+09
...           ...         ...       ...  ...       ...           ...           ...
1587  1552.600593    0.000108  0.000015  ...  0.000012  7.750919e+06  1.737263e+09
1588  1552.602828    0.000104  0.000019  ...  0.000012  7.749627e+06  1.737263e+09
1589  1552.600681    0.000106  0.000014  ...  0.000012  7.753278e+06  1.737263e+09
1590  1552.602820    0.000105  0.000019  ...  0.000012  7.749835e+06  1.737263e+09
1591  1552.600652    0.000106  0.000014  ...  0.000012  7.765780e+06  1.737263e+09

[1592 rows x 13 columns]
CHANNEL_3_11
           cbragg  cbragg_err   credchi  ...  cdelta_n            cL     timestamp
0     1553.562953    0.000123  0.000024  ...  0.000012  7.995698e+06  1.737247e+09
1     1553.573658    0.000123  0.000035  ...  0.000012  7.950803e+06  1.737247e+09
2     1553.562875    0.000124  0.000024  ...  0.000012  7.985924e+06  1.737247e+09
3     1553.573461    0.000126  0.000037  ...  0.000012  7.947373e+06  1.737247e+09
4     1553.562802    0.000121  0.000023  ...  0.000012  8.015658e+06  1.737247e+09
...           ...         ...       ...  ...       ...           ...           ...
1587  1553.573092    0.000124  0.000037  ...  0.000012  7.950948e+06  1.737263e+09
1588  1553.562655    0.000124  0.000023  ...  0.000012  8.002164e+06  1.737263e+09
1589  1553.573145    0.000124  0.000037  ...  0.000012  7.940293e+06  1.737263e+09
1590  1553.562734    0.000124  0.000023  ...  0.000012  8.014768e+06  1.737263e+09
1591  1553.573073    0.000125  0.000037  ...  0.000012  7.933567e+06  1.737263e+09

[1592 rows x 13 columns]
CHANNEL_3_12
           cbragg  cbragg_err   credchi  ...  cdelta_n            cL     timestamp
0     1554.545196    0.000099  0.000017  ...  0.000012  7.833995e+06  1.737247e+09
1     1554.544410    0.000099  0.000015  ...  0.000012  7.763394e+06  1.737247e+09
2     1554.545181    0.000098  0.000017  ...  0.000012  7.767668e+06  1.737247e+09
3     1554.544461    0.000099  0.000015  ...  0.000012  7.745084e+06  1.737247e+09
4     1554.545230    0.000099  0.000017  ...  0.000012  7.812726e+06  1.737247e+09
...           ...         ...       ...  ...       ...           ...           ...
1587  1554.543637    0.000099  0.000014  ...  0.000012  7.830798e+06  1.737263e+09
1588  1554.545893    0.000098  0.000018  ...  0.000012  7.812507e+06  1.737263e+09
1589  1554.543788    0.000102  0.000015  ...  0.000012  7.809127e+06  1.737263e+09
1590  1554.545651    0.000097  0.000017  ...  0.000012  7.808966e+06  1.737263e+09
1591  1554.543660    0.000097  0.000014  ...  0.000012  7.763224e+06  1.737263e+09

[1592 rows x 13 columns]
CHANNEL_3_13
           cbragg  cbragg_err   credchi  ...  cdelta_n            cL     timestamp
0     1555.548069    0.000088  0.000012  ...  0.000012  7.613006e+06  1.737247e+09
1     1555.555096    0.000087  0.000012  ...  0.000012  7.606027e+06  1.737247e+09
2     1555.548094    0.000086  0.000011  ...  0.000012  7.615793e+06  1.737247e+09
3     1555.555087    0.000086  0.000012  ...  0.000012  7.608898e+06  1.737247e+09
4     1555.548058    0.000088  0.000012  ...  0.000012  7.596970e+06  1.737247e+09
...           ...         ...       ...  ...       ...           ...           ...
1587  1555.555525    0.000086  0.000013  ...  0.000012  7.615035e+06  1.737263e+09
1588  1555.547152    0.000087  0.000011  ...  0.000012  7.619628e+06  1.737263e+09
1589  1555.555524    0.000089  0.000014  ...  0.000012  7.611388e+06  1.737263e+09
1590  1555.547142    0.000088  0.000011  ...  0.000012  7.625960e+06  1.737263e+09
1591  1555.555428    0.000086  0.000013  ...  0.000012  7.615754e+06  1.737263e+09

[1592 rows x 13 columns]
CHANNEL_3_14
           cbragg  cbragg_err   credchi  ...  cdelta_n            cL     timestamp
0     1556.505059    0.000189  0.000055  ...  0.000012  7.763896e+06  1.737247e+09
1     1556.507367    0.000183  0.000064  ...  0.000012  7.711451e+06  1.737247e+09
2     1556.505022    0.000188  0.000055  ...  0.000012  7.760053e+06  1.737247e+09
3     1556.507366    0.000184  0.000065  ...  0.000012  7.718280e+06  1.737247e+09
4     1556.504979    0.000188  0.000055  ...  0.000012  7.762616e+06  1.737247e+09
...           ...         ...       ...  ...       ...           ...           ...
1587  1556.506437    0.000184  0.000061  ...  0.000012  7.716263e+06  1.737263e+09
1588  1556.505617    0.000188  0.000059  ...  0.000012  7.755073e+06  1.737263e+09
1589  1556.506500    0.000184  0.000061  ...  0.000012  7.727042e+06  1.737263e+09
1590  1556.505603    0.000189  0.000059  ...  0.000012  7.752214e+06  1.737263e+09
1591  1556.506460    0.000183  0.000060  ...  0.000012  7.716276e+06  1.737263e+09

[1592 rows x 13 columns]
