CHANNEL_0_1
        cbragg  cbragg_err   credchi  ...  cdelta_n            cL     timestamp
0  1544.214736    0.000103  0.000040  ...  0.000012  7.705257e+06  1.737501e+09
1  1544.215175    0.000103  0.000052  ...  0.000012  7.651184e+06  1.737501e+09

[2 rows x 13 columns]
CHANNEL_0_2
        cbragg  cbragg_err   credchi  ...  cdelta_n            cL     timestamp
0  1545.169416    0.000081  0.000018  ...  0.000012  7.678924e+06  1.737501e+09
1  1545.168258    0.000088  0.000014  ...  0.000012  7.695557e+06  1.737501e+09

[2 rows x 13 columns]
CHANNEL_0_3
        cbragg  cbragg_err   credchi  ...  cdelta_n            cL     timestamp
0  1546.154847    0.000113  0.000048  ...  0.000012  7.656333e+06  1.737501e+09
1  1546.151566    0.000113  0.000046  ...  0.000012  7.621796e+06  1.737501e+09

[2 rows x 13 columns]
CHANNEL_0_4
        cbragg  cbragg_err   credchi  ...  cdelta_n            cL     timestamp
0  1547.147263    0.000115  0.000057  ...  0.000012  7.836163e+06  1.737501e+09
1  1547.146193    0.000120  0.000044  ...  0.000012  7.857782e+06  1.737501e+09

[2 rows x 13 columns]
CHANNEL_0_5
        cbragg  cbragg_err   credchi  ...  cdelta_n            cL     timestamp
0  1548.120757    0.000093  0.000030  ...  0.000012  7.687253e+06  1.737501e+09
1  1548.123042    0.000104  0.000046  ...  0.000012  7.642975e+06  1.737501e+09

[2 rows x 13 columns]
CHANNEL_0_6
        cbragg  cbragg_err   credchi  ...  cdelta_n            cL     timestamp
0  1549.106635    0.000276  0.000495  ...  0.000012  8.058818e+06  1.737501e+09
1  1549.097826    0.000077  0.000023  ...  0.000012  7.540455e+06  1.737501e+09

[2 rows x 13 columns]
CHANNEL_0_7
        cbragg  cbragg_err   credchi  ...  cdelta_n            cL     timestamp
0  1550.102608    0.000118  0.000042  ...  0.000012  7.592027e+06  1.737501e+09
1  1550.106000    0.000118  0.000043  ...  0.000012  7.647617e+06  1.737501e+09

[2 rows x 13 columns]
CHANNEL_0_8
        cbragg  cbragg_err   credchi  ...  cdelta_n            cL     timestamp
0  1551.080481    0.000073  0.000016  ...  0.000012  7.596766e+06  1.737501e+09
1  1551.079830    0.000073  0.000018  ...  0.000012  7.598916e+06  1.737501e+09

[2 rows x 13 columns]
CHANNEL_0_9
        cbragg  cbragg_err   credchi  ...  cdelta_n            cL     timestamp
0  1552.065832    0.000087  0.000024  ...  0.000012  7.677868e+06  1.737501e+09
1  1552.060771    0.000091  0.000018  ...  0.000012  7.693931e+06  1.737501e+09

[2 rows x 13 columns]
CHANNEL_0_10
        cbragg  cbragg_err   credchi  ...  cdelta_n            cL     timestamp
0  1553.067103    0.000090  0.000018  ...  0.000012  7.694481e+06  1.737501e+09
1  1553.069360    0.000092  0.000019  ...  0.000012  7.710041e+06  1.737501e+09

[2 rows x 13 columns]
CHANNEL_0_11
        cbragg  cbragg_err   credchi  ...  cdelta_n            cL     timestamp
0  1554.081334    0.000070  0.000012  ...  0.000012  7.647410e+06  1.737501e+09
1  1554.074118    0.000073  0.000010  ...  0.000012  7.640581e+06  1.737501e+09

[2 rows x 13 columns]
CHANNEL_0_12
        cbragg  cbragg_err   credchi  ...  cdelta_n            cL     timestamp
0  1555.103022    0.000109  0.000049  ...  0.000012  7.548575e+06  1.737501e+09
1  1555.100041    0.000117  0.000041  ...  0.000012  7.525233e+06  1.737501e+09

[2 rows x 13 columns]
CHANNEL_0_13
        cbragg  cbragg_err   credchi  ...  cdelta_n            cL     timestamp
0  1556.076097    0.000144  0.000035  ...  0.000012  7.696968e+06  1.737501e+09
1  1556.076180    0.000139  0.000044  ...  0.000012  7.636243e+06  1.737501e+09

[2 rows x 13 columns]
CHANNEL_0_14
        cbragg  cbragg_err   credchi  ...  cdelta_n            cL     timestamp
0  1557.050861    0.000094  0.000038  ...  0.000012  7.666080e+06  1.737501e+09
1  1557.042726    0.000091  0.000020  ...  0.000012  7.743316e+06  1.737501e+09

[2 rows x 13 columns]
CHANNEL_1_1
        cbragg  cbragg_err  credchi  ...  cdelta_n            cL     timestamp
0  1555.115234    0.000751  0.00065  ...  0.000012  3.064095e+06  1.737501e+09
1  1555.118307    0.000112  0.00001  ...  0.000012  2.637069e+06  1.737501e+09

[2 rows x 13 columns]
CHANNEL_1_2
        cbragg  cbragg_err   credchi  ...  cdelta_n            cL     timestamp
0  1558.264803    0.000120  0.000021  ...  0.000012  2.785799e+06  1.737501e+09
1  1558.267059    0.000281  0.000132  ...  0.000012  2.980944e+06  1.737501e+09

[2 rows x 13 columns]
CHANNEL_1_3
        cbragg  cbragg_err   credchi  ...  cdelta_n            cL     timestamp
0  1561.083364    0.000284  0.000115  ...  0.000012  2.766624e+06  1.737501e+09
1  1561.080594    0.000045  0.000003  ...  0.000012  2.909151e+06  1.737501e+09

[2 rows x 13 columns]
CHANNEL_2_1
        cbragg  cbragg_err   credchi  ...  cdelta_n            cL     timestamp
0  1542.568383    0.000057  0.000003  ...  0.000012  2.753257e+06  1.737501e+09
1  1542.568305    0.000062  0.000003  ...  0.000012  2.750778e+06  1.737501e+09

[2 rows x 13 columns]
CHANNEL_2_2
        cbragg  cbragg_err   credchi  ...  cdelta_n            cL     timestamp
0  1546.002623    0.001183  0.002077  ...  0.000012  3.482228e+06  1.737501e+09
1  1546.003242    0.000152  0.000018  ...  0.000012  2.650431e+06  1.737501e+09

[2 rows x 13 columns]
CHANNEL_2_3
        cbragg  cbragg_err   credchi  ...  cdelta_n            cL     timestamp
0  1548.593585    0.000115  0.000013  ...  0.000012  2.879946e+06  1.737501e+09
1  1548.596200    0.000104  0.000011  ...  0.000012  2.890604e+06  1.737501e+09

[2 rows x 13 columns]
CHANNEL_3_1
        cbragg  cbragg_err   credchi  ...  cdelta_n            cL     timestamp
0  1543.626239    0.000114  0.000022  ...  0.000012  7.862469e+06  1.737501e+09
1  1543.612758    0.000101  0.000014  ...  0.000012  7.920132e+06  1.737501e+09

[2 rows x 13 columns]
CHANNEL_3_2
        cbragg  cbragg_err   credchi  ...  cdelta_n            cL     timestamp
0  1544.651442    0.000138  0.000028  ...  0.000012  7.864386e+06  1.737501e+09
1  1544.645158    0.000155  0.000032  ...  0.000012  7.816487e+06  1.737501e+09

[2 rows x 13 columns]
CHANNEL_3_3
        cbragg  cbragg_err   credchi  ...  cdelta_n            cL     timestamp
0  1545.650747    0.000111  0.000037  ...  0.000012  7.614609e+06  1.737501e+09
1  1545.640452    0.000106  0.000021  ...  0.000012  7.651240e+06  1.737501e+09

[2 rows x 13 columns]
CHANNEL_3_4
        cbragg  cbragg_err   credchi  ...  cdelta_n            cL     timestamp
0  1546.623673    0.000094  0.000021  ...  0.000012  7.790008e+06  1.737501e+09
1  1546.614332    0.000095  0.000021  ...  0.000012  7.749207e+06  1.737501e+09

[2 rows x 13 columns]
CHANNEL_3_5
        cbragg  cbragg_err   credchi  ...  cdelta_n            cL     timestamp
0  1547.639618    0.000082  0.000015  ...  0.000012  7.608445e+06  1.737501e+09
1  1547.636497    0.000079  0.000014  ...  0.000012  7.600330e+06  1.737501e+09

[2 rows x 13 columns]
CHANNEL_3_6
        cbragg  cbragg_err   credchi  ...  cdelta_n            cL     timestamp
0  1548.629472    0.000081  0.000020  ...  0.000012  7.800475e+06  1.737501e+09
1  1548.617281    0.000077  0.000011  ...  0.000012  7.878273e+06  1.737501e+09

[2 rows x 13 columns]
CHANNEL_3_7
        cbragg  cbragg_err   credchi  ...  cdelta_n            cL     timestamp
0  1549.643585    0.000088  0.000014  ...  0.000012  7.568803e+06  1.737501e+09
1  1549.643996    0.000085  0.000019  ...  0.000012  7.536345e+06  1.737501e+09

[2 rows x 13 columns]
CHANNEL_3_8
        cbragg  cbragg_err   credchi  ...  cdelta_n            cL     timestamp
0  1550.599686    0.000090  0.000019  ...  0.000012  7.632153e+06  1.737501e+09
1  1550.588902    0.000089  0.000011  ...  0.000012  7.721299e+06  1.737501e+09

[2 rows x 13 columns]
CHANNEL_3_9
        cbragg  cbragg_err   credchi  ...  cdelta_n            cL     timestamp
0  1551.593436    0.000094  0.000012  ...  0.000012  7.719098e+06  1.737501e+09
1  1551.590150    0.000087  0.000015  ...  0.000012  7.683591e+06  1.737501e+09

[2 rows x 13 columns]
CHANNEL_3_10
        cbragg  cbragg_err   credchi  ...  cdelta_n            cL     timestamp
0  1552.602753    0.000102  0.000018  ...  0.000012  7.766704e+06  1.737501e+09
1  1552.594111    0.000102  0.000014  ...  0.000012  7.791498e+06  1.737501e+09

[2 rows x 13 columns]
CHANNEL_3_11
        cbragg  cbragg_err   credchi  ...  cdelta_n            cL     timestamp
0  1553.570440    0.000124  0.000032  ...  0.000012  8.002481e+06  1.737501e+09
1  1553.560212    0.000124  0.000028  ...  0.000012  7.946077e+06  1.737501e+09

[2 rows x 13 columns]
CHANNEL_3_12
        cbragg  cbragg_err   credchi  ...  cdelta_n            cL     timestamp
0  1554.544709    0.000095  0.000018  ...  0.000012  7.817744e+06  1.737501e+09
1  1554.537668    0.000195  0.000050  ...  0.000012  7.401762e+06  1.737501e+09

[2 rows x 13 columns]
CHANNEL_3_13
        cbragg  cbragg_err   credchi  ...  cdelta_n            cL     timestamp
0  1555.551483    0.000089  0.000012  ...  0.000012  7.622866e+06  1.737501e+09
1  1555.546563    0.000087  0.000014  ...  0.000012  7.572757e+06  1.737501e+09

[2 rows x 13 columns]
CHANNEL_3_14
        cbragg  cbragg_err   credchi  ...  cdelta_n            cL     timestamp
0  1556.506605    0.000185  0.000075  ...  0.000012  7.745498e+06  1.737501e+09
1  1556.498042    0.000180  0.000043  ...  0.000012  7.833091e+06  1.737501e+09

[2 rows x 13 columns]
