CHANNEL_0_1
           cbragg  cbragg_err   credchi  ...  cdelta_n            cL     timestamp
0     1544.198058    0.000099  0.000043  ...  0.000012  7.715048e+06  1.737124e+09
1     1544.206287    0.000098  0.000046  ...  0.000012  7.714704e+06  1.737124e+09
2     1544.198013    0.000154  0.000042  ...  0.000012  7.718051e+06  1.737124e+09
3     1544.206220    0.000100  0.000046  ...  0.000012  7.698647e+06  1.737124e+09
4     1544.197919    0.000106  0.000042  ...  0.000012  7.721854e+06  1.737124e+09
...           ...         ...       ...  ...       ...           ...           ...
1587  1544.206057    0.000098  0.000046  ...  0.000012  7.717159e+06  1.737124e+09
1588  1544.197948    0.000251  0.000042  ...  0.000012  7.720233e+06  1.737124e+09
1589  1544.206216    0.000098  0.000046  ...  0.000012  7.703923e+06  1.737124e+09
1590  1544.197998    0.000098  0.000043  ...  0.000012  7.715605e+06  1.737124e+09
1591  1544.206132    0.000109  0.000046  ...  0.000012  7.709175e+06  1.737124e+09

[1592 rows x 13 columns]
CHANNEL_0_2
           cbragg  cbragg_err   credchi  ...  cdelta_n            cL     timestamp
0     1545.154751    0.000084  0.000016  ...  0.000012  7.675110e+06  1.737124e+09
1     1545.156768    0.000087  0.000016  ...  0.000012  7.670712e+06  1.737124e+09
2     1545.154721    0.000088  0.000017  ...  0.000012  7.672039e+06  1.737124e+09
3     1545.156617    0.000089  0.000015  ...  0.000012  7.662166e+06  1.737124e+09
4     1545.154759    0.000134  0.000015  ...  0.000012  7.672170e+06  1.737124e+09
...           ...         ...       ...  ...       ...           ...           ...
1587  1545.156617    0.000092  0.000015  ...  0.000012  7.689946e+06  1.737124e+09
1588  1545.154669    0.000084  0.000016  ...  0.000012  7.675225e+06  1.737124e+09
1589  1545.156552    0.000087  0.000016  ...  0.000012  7.681926e+06  1.737124e+09
1590  1545.154772    0.000084  0.000015  ...  0.000012  7.676691e+06  1.737124e+09
1591  1545.156578    0.000090  0.000016  ...  0.000012  7.675217e+06  1.737124e+09

[1592 rows x 13 columns]
CHANNEL_0_3
           cbragg  cbragg_err   credchi  ...  cdelta_n            cL     timestamp
0     1546.135538    0.000104  0.000034  ...  0.000012  7.701878e+06  1.737124e+09
1     1546.145165    0.000108  0.000051  ...  0.000012  7.683408e+06  1.737124e+09
2     1546.135374    0.000105  0.000035  ...  0.000012  7.721140e+06  1.737124e+09
3     1546.145082    0.000108  0.000051  ...  0.000012  7.667810e+06  1.737124e+09
4     1546.135487    0.000103  0.000034  ...  0.000012  7.725294e+06  1.737124e+09
...           ...         ...       ...  ...       ...           ...           ...
1587  1546.145162    0.000160  0.000118  ...  0.000012  8.028261e+06  1.737124e+09
1588  1546.135366    0.000109  0.000037  ...  0.000012  7.709521e+06  1.737124e+09
1589  1546.145122    0.000108  0.000051  ...  0.000012  7.669840e+06  1.737124e+09
1590  1546.135391    0.000107  0.000036  ...  0.000012  7.716933e+06  1.737124e+09
1591  1546.145109    0.000120  0.000064  ...  0.000012  7.837352e+06  1.737124e+09

[1592 rows x 13 columns]
CHANNEL_0_4
           cbragg  cbragg_err   credchi  ...  cdelta_n            cL     timestamp
0     1547.132911    0.000124  0.000058  ...  0.000012  8.005770e+06  1.737124e+09
1     1547.135236    0.000117  0.000049  ...  0.000012  7.852334e+06  1.737124e+09
2     1547.133025    0.000117  0.000050  ...  0.000012  7.842261e+06  1.737124e+09
3     1547.135261    0.000116  0.000048  ...  0.000012  7.878640e+06  1.737124e+09
4     1547.132915    0.000118  0.000052  ...  0.000012  7.843503e+06  1.737124e+09
...           ...         ...       ...  ...       ...           ...           ...
1587  1547.135267    0.000116  0.000048  ...  0.000012  7.854354e+06  1.737124e+09
1588  1547.132978    0.000117  0.000051  ...  0.000012  7.847964e+06  1.737124e+09
1589  1547.135201    0.000143  0.000075  ...  0.000012  8.063197e+06  1.737124e+09
1590  1547.133048    0.000117  0.000050  ...  0.000012  7.854553e+06  1.737124e+09
1591  1547.135198    0.000128  0.000061  ...  0.000012  8.018873e+06  1.737124e+09

[1592 rows x 13 columns]
CHANNEL_0_5
           cbragg  cbragg_err   credchi  ...  cdelta_n            cL     timestamp
0     1548.106061    0.000092  0.000042  ...  0.000012  7.737269e+06  1.737124e+09
1     1548.112217    0.000095  0.000036  ...  0.000012  7.684339e+06  1.737124e+09
2     1548.106265    0.000091  0.000040  ...  0.000012  7.684654e+06  1.737124e+09
3     1548.112231    0.000091  0.000033  ...  0.000012  7.691532e+06  1.737124e+09
4     1548.106211    0.000091  0.000040  ...  0.000012  7.668650e+06  1.737124e+09
...           ...         ...       ...  ...       ...           ...           ...
1587  1548.112167    0.000119  0.000060  ...  0.000012  7.918465e+06  1.737124e+09
1588  1548.106320    0.000094  0.000043  ...  0.000012  7.739499e+06  1.737124e+09
1589  1548.112260    0.000095  0.000037  ...  0.000012  7.693135e+06  1.737124e+09
1590  1548.106255    0.000091  0.000040  ...  0.000012  7.682334e+06  1.737124e+09
1591  1548.112112    0.000091  0.000033  ...  0.000012  7.698311e+06  1.737124e+09

[1592 rows x 13 columns]
CHANNEL_0_6
           cbragg  cbragg_err   credchi  ...  cdelta_n            cL     timestamp
0     1549.084382    0.000086  0.000030  ...  0.000012  7.643410e+06  1.737124e+09
1     1549.094784    0.000081  0.000040  ...  0.000012  7.481281e+06  1.737124e+09
2     1549.084469    0.000075  0.000022  ...  0.000012  7.571738e+06  1.737124e+09
3     1549.094803    0.000082  0.000041  ...  0.000012  7.479531e+06  1.737124e+09
4     1549.084400    0.000076  0.000023  ...  0.000012  7.567634e+06  1.737124e+09
...           ...         ...       ...  ...       ...           ...           ...
1587  1549.094794    0.000084  0.000043  ...  0.000012  7.480195e+06  1.737124e+09
1588  1549.084396    0.000183  0.000141  ...  0.000012  7.996319e+06  1.737124e+09
1589  1549.094866    0.000081  0.000040  ...  0.000012  7.481404e+06  1.737124e+09
1590  1549.084357    0.000077  0.000024  ...  0.000012  7.564062e+06  1.737124e+09
1591  1549.094726    0.000081  0.000040  ...  0.000012  7.486316e+06  1.737124e+09

[1592 rows x 13 columns]
CHANNEL_0_7
           cbragg  cbragg_err   credchi  ...  cdelta_n            cL     timestamp
0     1550.089650    0.000121  0.000045  ...  0.000012  7.611927e+06  1.737124e+09
1     1550.093140    0.000119  0.000043  ...  0.000012  7.640831e+06  1.737124e+09
2     1550.089641    0.000121  0.000045  ...  0.000012  7.620100e+06  1.737124e+09
3     1550.093101    0.000120  0.000044  ...  0.000012  7.637174e+06  1.737124e+09
4     1550.089608    0.000122  0.000046  ...  0.000012  7.616564e+06  1.737124e+09
...           ...         ...       ...  ...       ...           ...           ...
1587  1550.093277    0.000119  0.000043  ...  0.000012  7.642626e+06  1.737124e+09
1588  1550.089668    0.000122  0.000045  ...  0.000012  7.601487e+06  1.737124e+09
1589  1550.093262    0.000119  0.000043  ...  0.000012  7.642345e+06  1.737124e+09
1590  1550.089611    0.000122  0.000045  ...  0.000012  7.616296e+06  1.737124e+09
1591  1550.093194    0.000120  0.000044  ...  0.000012  7.633563e+06  1.737124e+09

[1592 rows x 13 columns]
CHANNEL_0_8
           cbragg  cbragg_err   credchi  ...  cdelta_n            cL     timestamp
0     1551.063987    0.000069  0.000015  ...  0.000012  7.638073e+06  1.737124e+09
1     1551.072090    0.000122  0.000048  ...  0.000012  7.718607e+06  1.737124e+09
2     1551.063875    0.000070  0.000015  ...  0.000012  7.633770e+06  1.737124e+09
3     1551.071917    0.000072  0.000018  ...  0.000012  7.646902e+06  1.737124e+09
4     1551.063968    0.000071  0.000016  ...  0.000012  7.626905e+06  1.737124e+09
...           ...         ...       ...  ...       ...           ...           ...
1587  1551.072068    0.000071  0.000017  ...  0.000012  7.655603e+06  1.737124e+09
1588  1551.063906    0.000072  0.000016  ...  0.000012  7.625938e+06  1.737124e+09
1589  1551.072038    0.000071  0.000017  ...  0.000012  7.649536e+06  1.737124e+09
1590  1551.063897    0.000071  0.000016  ...  0.000012  7.630755e+06  1.737124e+09
1591  1551.072042    0.000073  0.000018  ...  0.000012  7.624401e+06  1.737124e+09

[1592 rows x 13 columns]
CHANNEL_0_9
           cbragg  cbragg_err   credchi  ...  cdelta_n            cL     timestamp
0     1552.045174    0.000086  0.000015  ...  0.000012  7.754926e+06  1.737124e+09
1     1552.055931    0.000086  0.000026  ...  0.000012  7.703215e+06  1.737124e+09
2     1552.045079    0.000088  0.000016  ...  0.000012  7.732523e+06  1.737124e+09
3     1552.055746    0.000082  0.000024  ...  0.000012  7.709166e+06  1.737124e+09
4     1552.045134    0.000088  0.000015  ...  0.000012  7.740426e+06  1.737124e+09
...           ...         ...       ...  ...       ...           ...           ...
1587  1552.055888    0.000085  0.000025  ...  0.000012  7.714230e+06  1.737124e+09
1588  1552.045114    0.000089  0.000016  ...  0.000012  7.744455e+06  1.737124e+09
1589  1552.055897    0.000082  0.000024  ...  0.000012  7.710239e+06  1.737124e+09
1590  1552.045116    0.000089  0.000016  ...  0.000012  7.734755e+06  1.737124e+09
1591  1552.055880    0.000086  0.000026  ...  0.000012  7.705205e+06  1.737124e+09

[1592 rows x 13 columns]
CHANNEL_0_10
           cbragg  cbragg_err   credchi  ...  cdelta_n            cL     timestamp
0     1553.055092    0.000095  0.000022  ...  0.000012  7.673455e+06  1.737124e+09
1     1553.057329    0.000096  0.000018  ...  0.000012  7.585486e+06  1.737124e+09
2     1553.054992    0.000093  0.000021  ...  0.000012  7.687550e+06  1.737124e+09
3     1553.057161    0.000090  0.000016  ...  0.000012  7.739778e+06  1.737124e+09
4     1553.055072    0.000094  0.000022  ...  0.000012  7.705557e+06  1.737124e+09
...           ...         ...       ...  ...       ...           ...           ...
1587  1553.057283    0.000090  0.000016  ...  0.000012  7.738068e+06  1.737124e+09
1588  1553.055073    0.000094  0.000021  ...  0.000012  7.680435e+06  1.737124e+09
1589  1553.057258    0.000091  0.000016  ...  0.000012  7.678857e+06  1.737124e+09
1590  1553.055090    0.000093  0.000021  ...  0.000012  7.696932e+06  1.737124e+09
1591  1553.057366    0.000135  0.000034  ...  0.000012  7.426431e+06  1.737124e+09

[1592 rows x 13 columns]
CHANNEL_0_11
           cbragg  cbragg_err   credchi  ...  cdelta_n            cL     timestamp
0     1554.059221    0.000070  0.000008  ...  0.000012  7.727106e+06  1.737124e+09
1     1554.070673    0.000067  0.000012  ...  0.000012  7.673580e+06  1.737124e+09
2     1554.059114    0.000073  0.000009  ...  0.000012  7.715541e+06  1.737124e+09
3     1554.070597    0.000065  0.000012  ...  0.000012  7.663125e+06  1.737124e+09
4     1554.059093    0.000073  0.000009  ...  0.000012  7.719757e+06  1.737124e+09
...           ...         ...       ...  ...       ...           ...           ...
1587  1554.070576    0.000072  0.000014  ...  0.000012  7.653903e+06  1.737124e+09
1588  1554.059122    0.000071  0.000008  ...  0.000012  7.721573e+06  1.737124e+09
1589  1554.070527    0.000102  0.000029  ...  0.000012  7.849457e+06  1.737124e+09
1590  1554.059106    0.000069  0.000008  ...  0.000012  7.715793e+06  1.737124e+09
1591  1554.070698    0.000068  0.000013  ...  0.000012  7.650222e+06  1.737124e+09

[1592 rows x 13 columns]
CHANNEL_0_12
           cbragg  cbragg_err   credchi  ...  cdelta_n            cL     timestamp
0     1555.086581    0.000128  0.000056  ...  0.000012  7.699365e+06  1.737124e+09
1     1555.091840    0.000114  0.000045  ...  0.000012  7.538984e+06  1.737124e+09
2     1555.086519    0.000114  0.000043  ...  0.000012  7.528724e+06  1.737124e+09
3     1555.091674    0.000112  0.000044  ...  0.000012  7.538137e+06  1.737124e+09
4     1555.086598    0.000113  0.000042  ...  0.000012  7.526695e+06  1.737124e+09
...           ...         ...       ...  ...       ...           ...           ...
1587  1555.091799    0.000115  0.000046  ...  0.000012  7.538517e+06  1.737124e+09
1588  1555.086540    0.000117  0.000045  ...  0.000012  7.538905e+06  1.737124e+09
1589  1555.091786    0.000115  0.000046  ...  0.000012  7.533460e+06  1.737124e+09
1590  1555.086598    0.000114  0.000043  ...  0.000012  7.527773e+06  1.737124e+09
1591  1555.091734    0.000113  0.000044  ...  0.000012  7.545110e+06  1.737124e+09

[1592 rows x 13 columns]
CHANNEL_0_13
           cbragg  cbragg_err   credchi  ...  cdelta_n            cL     timestamp
0     1556.060378    0.000137  0.000039  ...  0.000012  7.688519e+06  1.737124e+09
1     1556.068479    0.000135  0.000037  ...  0.000012  7.702229e+06  1.737124e+09
2     1556.060289    0.000136  0.000038  ...  0.000012  7.685637e+06  1.737124e+09
3     1556.068377    0.000135  0.000037  ...  0.000012  7.704026e+06  1.737124e+09
4     1556.060383    0.000133  0.000037  ...  0.000012  7.693549e+06  1.737124e+09
...           ...         ...       ...  ...       ...           ...           ...
1587  1556.068489    0.000138  0.000039  ...  0.000012  7.703284e+06  1.737124e+09
1588  1556.060360    0.000135  0.000038  ...  0.000012  7.685173e+06  1.737124e+09
1589  1556.068431    0.000140  0.000040  ...  0.000012  7.705594e+06  1.737124e+09
1590  1556.060394    0.000135  0.000038  ...  0.000012  7.685019e+06  1.737124e+09
1591  1556.068495    0.000135  0.000037  ...  0.000012  7.692800e+06  1.737124e+09

[1592 rows x 13 columns]
CHANNEL_0_14
           cbragg  cbragg_err   credchi  ...  cdelta_n            cL     timestamp
0     1557.030116    0.000092  0.000023  ...  0.000012  7.730882e+06  1.737124e+09
1     1557.039563    0.000096  0.000035  ...  0.000012  7.649081e+06  1.737124e+09
2     1557.030038    0.000095  0.000025  ...  0.000012  7.726233e+06  1.737124e+09
3     1557.039455    0.000096  0.000035  ...  0.000012  7.652946e+06  1.737124e+09
4     1557.030110    0.000093  0.000024  ...  0.000012  7.734563e+06  1.737124e+09
...           ...         ...       ...  ...       ...           ...           ...
1587  1557.039523    0.000097  0.000036  ...  0.000012  7.647628e+06  1.737124e+09
1588  1557.030070    0.000092  0.000024  ...  0.000012  7.733336e+06  1.737124e+09
1589  1557.039542    0.000096  0.000035  ...  0.000012  7.655876e+06  1.737124e+09
1590  1557.030093    0.000091  0.000023  ...  0.000012  7.731102e+06  1.737124e+09
1591  1557.039545    0.000096  0.000035  ...  0.000012  7.648891e+06  1.737124e+09

[1592 rows x 13 columns]
CHANNEL_1_1
           cbragg  cbragg_err   credchi  ...  cdelta_n            cL     timestamp
0     1555.123224    0.001137  0.002039  ...  0.000012  3.387795e+06  1.737124e+09
1     1555.125217    0.000140  0.000015  ...  0.000012  2.599764e+06  1.737124e+09
2     1555.123393    0.000101  0.000008  ...  0.000012  2.603746e+06  1.737124e+09
3     1555.125109    0.000121  0.000011  ...  0.000012  2.592310e+06  1.737124e+09
4     1555.123341    0.000746  0.000670  ...  0.000012  3.052728e+06  1.737124e+09
...           ...         ...       ...  ...       ...           ...           ...
1587  1555.125055    0.000114  0.000010  ...  0.000012  2.613696e+06  1.737124e+09
1588  1555.123400    0.000169  0.000021  ...  0.000012  2.535161e+06  1.737124e+09
1589  1555.125142    0.000112  0.000009  ...  0.000012  2.613588e+06  1.737124e+09
1590  1555.123365    0.000107  0.000009  ...  0.000012  2.608854e+06  1.737124e+09
1591  1555.125565    0.001300  0.002942  ...  0.000012  3.582292e+06  1.737124e+09

[1592 rows x 13 columns]
CHANNEL_1_2
           cbragg  cbragg_err   credchi  ...  cdelta_n            cL     timestamp
0     1558.273543    0.000847  0.001716  ...  0.000012  3.394918e+06  1.737124e+09
1     1558.273944    0.000131  0.000024  ...  0.000012  2.766663e+06  1.737124e+09
2     1558.274470    0.000199  0.000061  ...  0.000012  2.900217e+06  1.737124e+09
3     1558.273959    0.000131  0.000024  ...  0.000012  2.786198e+06  1.737124e+09
4     1558.273901    0.000161  0.000040  ...  0.000012  2.879349e+06  1.737124e+09
...           ...         ...       ...  ...       ...           ...           ...
1587  1558.273988    0.000872  0.001733  ...  0.000012  3.352323e+06  1.737124e+09
1588  1558.274077    0.000174  0.000043  ...  0.000012  2.826938e+06  1.737124e+09
1589  1558.273978    0.000142  0.000031  ...  0.000012  2.861926e+06  1.737124e+09
1590  1558.274063    0.000125  0.000023  ...  0.000012  2.818555e+06  1.737124e+09
1591  1558.273316    0.000696  0.001087  ...  0.000012  3.294319e+06  1.737124e+09

[1592 rows x 13 columns]
CHANNEL_1_3
           cbragg  cbragg_err   credchi  ...  cdelta_n            cL     timestamp
0     1561.087579    0.000296  0.000123  ...  0.000012  2.783340e+06  1.737124e+09
1     1561.088589    0.000047  0.000004  ...  0.000012  2.935945e+06  1.737124e+09
2     1561.087177    0.000228  0.000075  ...  0.000012  2.830692e+06  1.737124e+09
3     1561.088553    0.000073  0.000008  ...  0.000012  2.891965e+06  1.737124e+09
4     1561.087446    0.001035  0.002940  ...  0.000012  3.697256e+06  1.737124e+09
...           ...         ...       ...  ...       ...           ...           ...
1587  1561.088463    0.000188  0.000051  ...  0.000012  2.824637e+06  1.737124e+09
1588  1561.087285    0.000790  0.001526  ...  0.000012  3.484933e+06  1.737124e+09
1589  1561.087862    0.001052  0.003113  ...  0.000012  3.716438e+06  1.737124e+09
1590  1561.087201    0.000037  0.000002  ...  0.000012  2.919203e+06  1.737124e+09
1591  1561.088758    0.000439  0.000250  ...  0.000012  2.707309e+06  1.737124e+09

[1592 rows x 13 columns]
CHANNEL_2_1
           cbragg  cbragg_err   credchi  ...  cdelta_n            cL     timestamp
0     1542.570388    0.000057  0.000003  ...  0.000012  2.754200e+06  1.737124e+09
1     1542.572968    0.000049  0.000002  ...  0.000012  2.755622e+06  1.737124e+09
2     1542.570188    0.000056  0.000003  ...  0.000012  2.756041e+06  1.737124e+09
3     1542.572685    0.000060  0.000003  ...  0.000012  2.751014e+06  1.737124e+09
4     1542.570266    0.000057  0.000003  ...  0.000012  2.775146e+06  1.737124e+09
...           ...         ...       ...  ...       ...           ...           ...
1587  1542.572617    0.000059  0.000003  ...  0.000012  2.750386e+06  1.737124e+09
1588  1542.570272    0.000147  0.000002  ...  0.000012  2.756840e+06  1.737124e+09
1589  1542.572822    0.000106  0.000002  ...  0.000012  2.755150e+06  1.737124e+09
1590  1542.570218    0.000055  0.000003  ...  0.000012  2.756300e+06  1.737124e+09
1591  1542.572805    0.000052  0.000002  ...  0.000012  2.754952e+06  1.737124e+09

[1592 rows x 13 columns]
CHANNEL_2_2
           cbragg  cbragg_err   credchi  ...  cdelta_n            cL     timestamp
0     1546.008156    0.001080  0.001634  ...  0.000012  3.354544e+06  1.737124e+09
1     1546.006136    0.000153  0.000018  ...  0.000012  2.653014e+06  1.737124e+09
2     1546.007735    0.000491  0.000182  ...  0.000012  2.580548e+06  1.737124e+09
3     1546.005580    0.000907  0.001099  ...  0.000012  3.269151e+06  1.737124e+09
4     1546.007509    0.000141  0.000016  ...  0.000012  2.673520e+06  1.737124e+09
...           ...         ...       ...  ...       ...           ...           ...
1587  1546.006542    0.000828  0.000852  ...  0.000012  3.183368e+06  1.737124e+09
1588  1546.007749    0.000206  0.000030  ...  0.000012  2.593081e+06  1.737124e+09
1589  1546.006215    0.000155  0.000018  ...  0.000012  2.639611e+06  1.737124e+09
1590  1546.007318    0.000581  0.000348  ...  0.000012  2.971516e+06  1.737124e+09
1591  1546.006166    0.000211  0.000031  ...  0.000012  2.570914e+06  1.737124e+09

[1592 rows x 13 columns]
CHANNEL_2_3
           cbragg  cbragg_err   credchi  ...  cdelta_n            cL     timestamp
0     1548.597645    0.000449  0.000266  ...  0.000012  3.198127e+06  1.737124e+09
1     1548.601212    0.000989  0.001875  ...  0.000012  3.644618e+06  1.737124e+09
2     1548.597538    0.000184  0.000031  ...  0.000012  2.816459e+06  1.737124e+09
3     1548.600450    0.000132  0.000018  ...  0.000012  2.836058e+06  1.737124e+09
4     1548.597468    0.000107  0.000011  ...  0.000012  2.884936e+06  1.737124e+09
...           ...         ...       ...  ...       ...           ...           ...
1587  1548.600248    0.000112  0.000013  ...  0.000012  2.858776e+06  1.737124e+09
1588  1548.597391    0.000099  0.000010  ...  0.000012  2.882651e+06  1.737124e+09
1589  1548.600361    0.000100  0.000011  ...  0.000012  2.907252e+06  1.737124e+09
1590  1548.597445    0.000119  0.000015  ...  0.000012  2.953928e+06  1.737124e+09
1591  1548.599778    0.000111  0.000013  ...  0.000012  2.900683e+06  1.737124e+09

[1592 rows x 13 columns]
CHANNEL_3_1
           cbragg  cbragg_err   credchi  ...  cdelta_n            cL     timestamp
0     1543.618457    0.000136  0.000015  ...  0.000012  7.849736e+06  1.737124e+09
1     1543.627775    0.000133  0.000024  ...  0.000012  7.809716e+06  1.737124e+09
2     1543.618329    0.000134  0.000014  ...  0.000012  7.867843e+06  1.737124e+09
3     1543.627709    0.000117  0.000023  ...  0.000012  7.811375e+06  1.737124e+09
4     1543.618298    0.000121  0.000015  ...  0.000012  7.867385e+06  1.737124e+09
...           ...         ...       ...  ...       ...           ...           ...
1587  1543.627708    0.000104  0.000024  ...  0.000012  7.808848e+06  1.737124e+09
1588  1543.618345    0.000112  0.000015  ...  0.000012  7.852472e+06  1.737124e+09
1589  1543.627680    0.000112  0.000024  ...  0.000012  7.806721e+06  1.737124e+09
1590  1543.618402    0.000108  0.000015  ...  0.000012  7.862747e+06  1.737124e+09
1591  1543.627625    0.000112  0.000024  ...  0.000012  7.820563e+06  1.737124e+09

[1592 rows x 13 columns]
CHANNEL_3_2
           cbragg  cbragg_err   credchi  ...  cdelta_n            cL     timestamp
0     1544.651271    0.000160  0.000037  ...  0.000012  7.790875e+06  1.737124e+09
1     1544.650670    0.000148  0.000024  ...  0.000012  7.852288e+06  1.737124e+09
2     1544.651217    0.000118  0.000037  ...  0.000012  7.792705e+06  1.737124e+09
3     1544.650559    0.000183  0.000024  ...  0.000012  7.857506e+06  1.737124e+09
4     1544.651208    0.000166  0.000036  ...  0.000012  7.800313e+06  1.737124e+09
...           ...         ...       ...  ...       ...           ...           ...
1587  1544.650583    0.000175  0.000024  ...  0.000012  7.851076e+06  1.737124e+09
1588  1544.651214    0.000113  0.000036  ...  0.000012  7.795043e+06  1.737124e+09
1589  1544.650602    0.000113  0.000023  ...  0.000012  7.855381e+06  1.737124e+09
1590  1544.651236    0.000154  0.000037  ...  0.000012  7.797232e+06  1.737124e+09
1591  1544.650663    0.000227  0.000023  ...  0.000012  7.858659e+06  1.737124e+09

[1592 rows x 13 columns]
CHANNEL_3_3
           cbragg  cbragg_err   credchi  ...  cdelta_n            cL     timestamp
0     1545.648740    0.000112  0.000025  ...  0.000012  7.592326e+06  1.737124e+09
1     1545.650706    0.000109  0.000033  ...  0.000012  7.572493e+06  1.737124e+09
2     1545.648707    0.000109  0.000024  ...  0.000012  7.582964e+06  1.737124e+09
3     1545.650539    0.000107  0.000032  ...  0.000012  7.575597e+06  1.737124e+09
4     1545.648714    0.000111  0.000025  ...  0.000012  7.593380e+06  1.737124e+09
...           ...         ...       ...  ...       ...           ...           ...
1587  1545.650666    0.000110  0.000034  ...  0.000012  7.566530e+06  1.737124e+09
1588  1545.648627    0.000112  0.000025  ...  0.000012  7.533535e+06  1.737124e+09
1589  1545.650528    0.000105  0.000031  ...  0.000012  7.576642e+06  1.737124e+09
1590  1545.648790    0.000111  0.000025  ...  0.000012  7.585978e+06  1.737124e+09
1591  1545.650639    0.000106  0.000031  ...  0.000012  7.575569e+06  1.737124e+09

[1592 rows x 13 columns]
CHANNEL_3_4
           cbragg  cbragg_err   credchi  ...  cdelta_n            cL     timestamp
0     1546.620255    0.000098  0.000023  ...  0.000012  7.718327e+06  1.737124e+09
1     1546.624107    0.000098  0.000020  ...  0.000012  7.752151e+06  1.737124e+09
2     1546.620328    0.000098  0.000023  ...  0.000012  7.718006e+06  1.737124e+09
3     1546.624150    0.000097  0.000020  ...  0.000012  7.743583e+06  1.737124e+09
4     1546.620242    0.000097  0.000023  ...  0.000012  7.722763e+06  1.737124e+09
...           ...         ...       ...  ...       ...           ...           ...
1587  1546.624152    0.000096  0.000020  ...  0.000012  7.752208e+06  1.737124e+09
1588  1546.620256    0.000096  0.000022  ...  0.000012  7.711739e+06  1.737124e+09
1589  1546.624163    0.000097  0.000020  ...  0.000012  7.739702e+06  1.737124e+09
1590  1546.620336    0.000098  0.000023  ...  0.000012  7.715970e+06  1.737124e+09
1591  1546.624151    0.000097  0.000020  ...  0.000012  7.739493e+06  1.737124e+09

[1592 rows x 13 columns]
CHANNEL_3_5
           cbragg  cbragg_err   credchi  ...  cdelta_n            cL     timestamp
0     1547.643835    0.000081  0.000017  ...  0.000012  7.592232e+06  1.737124e+09
1     1547.638917    0.000082  0.000014  ...  0.000012  7.601494e+06  1.737124e+09
2     1547.643876    0.000080  0.000017  ...  0.000012  7.597163e+06  1.737124e+09
3     1547.638968    0.000078  0.000013  ...  0.000012  7.607930e+06  1.737124e+09
4     1547.643841    0.000079  0.000016  ...  0.000012  7.583673e+06  1.737124e+09
...           ...         ...       ...  ...       ...           ...           ...
1587  1547.638932    0.000080  0.000013  ...  0.000012  7.598563e+06  1.737124e+09
1588  1547.643965    0.000080  0.000017  ...  0.000012  7.600243e+06  1.737124e+09
1589  1547.639017    0.000082  0.000014  ...  0.000012  7.589045e+06  1.737124e+09
1590  1547.643891    0.000080  0.000017  ...  0.000012  7.601496e+06  1.737124e+09
1591  1547.638914    0.000080  0.000013  ...  0.000012  7.599660e+06  1.737124e+09

[1592 rows x 13 columns]
CHANNEL_3_6
           cbragg  cbragg_err   credchi  ...  cdelta_n            cL     timestamp
0     1548.624992    0.000083  0.000014  ...  0.000012  7.800291e+06  1.737124e+09
1     1548.630374    0.000082  0.000019  ...  0.000012  7.745041e+06  1.737124e+09
2     1548.624922    0.000083  0.000014  ...  0.000012  7.806002e+06  1.737124e+09
3     1548.630383    0.000084  0.000020  ...  0.000012  7.709624e+06  1.737124e+09
4     1548.624906    0.000082  0.000013  ...  0.000012  7.803677e+06  1.737124e+09
...           ...         ...       ...  ...       ...           ...           ...
1587  1548.630409    0.000082  0.000019  ...  0.000012  7.749889e+06  1.737124e+09
1588  1548.624912    0.000081  0.000013  ...  0.000012  7.801975e+06  1.737124e+09
1589  1548.630469    0.000085  0.000020  ...  0.000012  7.748247e+06  1.737124e+09
1590  1548.624972    0.000081  0.000013  ...  0.000012  7.804786e+06  1.737124e+09
1591  1548.630510    0.000093  0.000024  ...  0.000012  7.605707e+06  1.737124e+09

[1592 rows x 13 columns]
CHANNEL_3_7
           cbragg  cbragg_err   credchi  ...  cdelta_n            cL     timestamp
0     1549.651116    0.000084  0.000021  ...  0.000012  7.572347e+06  1.737124e+09
1     1549.642904    0.000083  0.000011  ...  0.000012  7.617075e+06  1.737124e+09
2     1549.651135    0.000085  0.000022  ...  0.000012  7.561903e+06  1.737124e+09
3     1549.642840    0.000082  0.000011  ...  0.000012  7.619102e+06  1.737124e+09
4     1549.651164    0.000084  0.000021  ...  0.000012  7.566072e+06  1.737124e+09
...           ...         ...       ...  ...       ...           ...           ...
1587  1549.643083    0.000082  0.000011  ...  0.000012  7.621495e+06  1.737124e+09
1588  1549.651174    0.000085  0.000022  ...  0.000012  7.563235e+06  1.737124e+09
1589  1549.642857    0.000081  0.000011  ...  0.000012  7.624608e+06  1.737124e+09
1590  1549.651123    0.000083  0.000021  ...  0.000012  7.580646e+06  1.737124e+09
1591  1549.642896    0.000083  0.000011  ...  0.000012  7.614835e+06  1.737124e+09

[1592 rows x 13 columns]
CHANNEL_3_8
           cbragg  cbragg_err   credchi  ...  cdelta_n            cL     timestamp
0     1550.598854    0.000095  0.000012  ...  0.000012  7.660021e+06  1.737124e+09
1     1550.603945    0.000088  0.000018  ...  0.000012  7.613712e+06  1.737124e+09
2     1550.598686    0.000093  0.000012  ...  0.000012  7.657023e+06  1.737124e+09
3     1550.603852    0.000085  0.000016  ...  0.000012  7.616979e+06  1.737124e+09
4     1550.598827    0.000094  0.000012  ...  0.000012  7.656429e+06  1.737124e+09
...           ...         ...       ...  ...       ...           ...           ...
1587  1550.603905    0.000090  0.000018  ...  0.000012  7.598213e+06  1.737124e+09
1588  1550.598746    0.000093  0.000012  ...  0.000012  7.659522e+06  1.737124e+09
1589  1550.603823    0.000088  0.000018  ...  0.000012  7.604679e+06  1.737124e+09
1590  1550.598748    0.000095  0.000012  ...  0.000012  7.659934e+06  1.737124e+09
1591  1550.603936    0.000088  0.000018  ...  0.000012  7.617379e+06  1.737124e+09

[1592 rows x 13 columns]
CHANNEL_3_9
           cbragg  cbragg_err   credchi  ...  cdelta_n            cL     timestamp
0     1551.600600    0.000088  0.000017  ...  0.000012  7.680012e+06  1.737124e+09
1     1551.595699    0.000093  0.000011  ...  0.000012  7.734454e+06  1.737124e+09
2     1551.600408    0.000088  0.000017  ...  0.000012  7.674962e+06  1.737124e+09
3     1551.595627    0.000091  0.000010  ...  0.000012  7.737553e+06  1.737124e+09
4     1551.600481    0.000089  0.000017  ...  0.000012  7.680338e+06  1.737124e+09
...           ...         ...       ...  ...       ...           ...           ...
1587  1551.595654    0.000093  0.000011  ...  0.000012  7.736958e+06  1.737124e+09
1588  1551.600490    0.000088  0.000017  ...  0.000012  7.628522e+06  1.737124e+09
1589  1551.595631    0.000092  0.000011  ...  0.000012  7.735452e+06  1.737124e+09
1590  1551.600464    0.000088  0.000017  ...  0.000012  7.680596e+06  1.737124e+09
1591  1551.595623    0.000092  0.000011  ...  0.000012  7.736068e+06  1.737124e+09

[1592 rows x 13 columns]
CHANNEL_3_10
           cbragg  cbragg_err   credchi  ...  cdelta_n            cL     timestamp
0     1552.602634    0.000106  0.000014  ...  0.000012  7.805183e+06  1.737124e+09
1     1552.607027    0.000105  0.000020  ...  0.000012  7.745207e+06  1.737124e+09
2     1552.602545    0.000131  0.000013  ...  0.000012  7.794848e+06  1.737124e+09
3     1552.606999    0.000099  0.000018  ...  0.000012  7.749335e+06  1.737124e+09
4     1552.602658    0.000110  0.000014  ...  0.000012  7.771485e+06  1.737124e+09
...           ...         ...       ...  ...       ...           ...           ...
1587  1552.607181    0.000179  0.000053  ...  0.000012  7.270898e+06  1.737124e+09
1588  1552.602618    0.000107  0.000014  ...  0.000012  7.780002e+06  1.737124e+09
1589  1552.607176    0.000181  0.000056  ...  0.000012  7.304624e+06  1.737124e+09
1590  1552.602452    0.000106  0.000013  ...  0.000012  7.798349e+06  1.737124e+09
1591  1552.606987    0.000103  0.000019  ...  0.000012  7.738659e+06  1.737124e+09

[1592 rows x 13 columns]
CHANNEL_3_11
           cbragg  cbragg_err   credchi  ...  cdelta_n            cL     timestamp
0     1553.569818    0.000199  0.000072  ...  0.000012  7.432885e+06  1.737124e+09
1     1553.573952    0.000129  0.000030  ...  0.000012  7.935176e+06  1.737124e+09
2     1553.569651    0.000128  0.000032  ...  0.000012  7.865866e+06  1.737124e+09
3     1553.573808    0.000127  0.000029  ...  0.000012  7.932393e+06  1.737124e+09
4     1553.569863    0.000126  0.000032  ...  0.000012  7.845304e+06  1.737124e+09
...           ...         ...       ...  ...       ...           ...           ...
1587  1553.573857    0.000128  0.000029  ...  0.000012  7.933013e+06  1.737124e+09
1588  1553.569731    0.000126  0.000032  ...  0.000012  7.929229e+06  1.737124e+09
1589  1553.573883    0.000129  0.000029  ...  0.000012  7.930235e+06  1.737124e+09
1590  1553.569692    0.000127  0.000032  ...  0.000012  7.924658e+06  1.737124e+09
1591  1553.573881    0.000127  0.000029  ...  0.000012  7.935889e+06  1.737124e+09

[1592 rows x 13 columns]
CHANNEL_3_12
           cbragg  cbragg_err   credchi  ...  cdelta_n            cL     timestamp
0     1554.546863    0.000103  0.000015  ...  0.000012  7.833928e+06  1.737124e+09
1     1554.548818    0.000097  0.000019  ...  0.000012  7.797112e+06  1.737124e+09
2     1554.546705    0.000099  0.000014  ...  0.000012  7.851649e+06  1.737124e+09
3     1554.548717    0.000096  0.000018  ...  0.000012  7.794090e+06  1.737124e+09
4     1554.546783    0.000171  0.000037  ...  0.000012  7.391097e+06  1.737124e+09
...           ...         ...       ...  ...       ...           ...           ...
1587  1554.548793    0.000096  0.000018  ...  0.000012  7.791076e+06  1.737124e+09
1588  1554.546780    0.000101  0.000014  ...  0.000012  7.843230e+06  1.737124e+09
1589  1554.548799    0.000096  0.000018  ...  0.000012  7.800356e+06  1.737124e+09
1590  1554.546747    0.000101  0.000014  ...  0.000012  7.841663e+06  1.737124e+09
1591  1554.548722    0.000096  0.000018  ...  0.000012  7.803084e+06  1.737124e+09

[1592 rows x 13 columns]
CHANNEL_3_13
           cbragg  cbragg_err   credchi  ...  cdelta_n            cL     timestamp
0     1555.555751    0.000088  0.000015  ...  0.000012  7.576667e+06  1.737124e+09
1     1555.553760    0.000088  0.000010  ...  0.000012  7.590124e+06  1.737124e+09
2     1555.555544    0.000088  0.000015  ...  0.000012  7.565432e+06  1.737124e+09
3     1555.553702    0.000091  0.000010  ...  0.000012  7.593451e+06  1.737124e+09
4     1555.555554    0.000089  0.000015  ...  0.000012  7.558611e+06  1.737124e+09
...           ...         ...       ...  ...       ...           ...           ...
1587  1555.553531    0.000093  0.000011  ...  0.000012  7.617556e+06  1.737124e+09
1588  1555.555497    0.000087  0.000015  ...  0.000012  7.575455e+06  1.737124e+09
1589  1555.553674    0.000093  0.000011  ...  0.000012  7.591567e+06  1.737124e+09
1590  1555.555588    0.000086  0.000015  ...  0.000012  7.576484e+06  1.737124e+09
1591  1555.553640    0.000090  0.000010  ...  0.000012  7.622633e+06  1.737124e+09

[1592 rows x 13 columns]
CHANNEL_3_14
           cbragg  cbragg_err   credchi  ...  cdelta_n            cL     timestamp
0     1556.506420    0.000182  0.000044  ...  0.000012  7.791648e+06  1.737124e+09
1     1556.511582    0.000187  0.000076  ...  0.000012  7.708168e+06  1.737124e+09
2     1556.506329    0.000185  0.000045  ...  0.000012  7.798235e+06  1.737124e+09
3     1556.511472    0.000187  0.000076  ...  0.000012  7.713417e+06  1.737124e+09
4     1556.506382    0.000184  0.000045  ...  0.000012  7.799473e+06  1.737124e+09
...           ...         ...       ...  ...       ...           ...           ...
1587  1556.511551    0.000184  0.000074  ...  0.000012  7.713648e+06  1.737124e+09
1588  1556.506395    0.000188  0.000046  ...  0.000012  7.792439e+06  1.737124e+09
1589  1556.511574    0.000187  0.000076  ...  0.000012  7.713231e+06  1.737124e+09
1590  1556.506432    0.000188  0.000047  ...  0.000012  7.794386e+06  1.737124e+09
1591  1556.511527    0.000184  0.000074  ...  0.000012  7.707249e+06  1.737124e+09

[1592 rows x 13 columns]
