CHANNEL_0_1
           cbragg  cbragg_err   credchi  ...  cdelta_n            cL     timestamp
0     1544.626466    0.000204  0.000049  ...  0.000012  7.651919e+06  1.735077e+09
1     1544.632899    0.000104  0.000056  ...  0.000012  7.665658e+06  1.735077e+09
2     1544.626544    0.000142  0.000050  ...  0.000012  7.645511e+06  1.735077e+09
3     1544.632856    0.000119  0.000055  ...  0.000012  7.667917e+06  1.735077e+09
4     1544.626525    0.000193  0.000050  ...  0.000012  7.647556e+06  1.735077e+09
...           ...         ...       ...  ...       ...           ...           ...
1587  1544.632633    0.000167  0.000057  ...  0.000012  7.653289e+06  1.735093e+09
1588  1544.626173    0.000108  0.000048  ...  0.000012  7.649411e+06  1.735093e+09
1589  1544.632695    0.000128  0.000056  ...  0.000012  7.666099e+06  1.735093e+09
1590  1544.626208    0.000190  0.000050  ...  0.000012  7.649767e+06  1.735093e+09
1591  1544.632748    0.000105  0.000055  ...  0.000012  7.661360e+06  1.735093e+09

[1592 rows x 13 columns]
CHANNEL_0_2
           cbragg  cbragg_err   credchi  ...  cdelta_n            cL     timestamp
0     1545.467523    0.000093  0.000019  ...  0.000012  7.582559e+06  1.735077e+09
1     1545.466629    0.000094  0.000020  ...  0.000012  7.591215e+06  1.735077e+09
2     1545.467529    0.000091  0.000018  ...  0.000012  7.597907e+06  1.735077e+09
3     1545.466580    0.000093  0.000020  ...  0.000012  7.601588e+06  1.735077e+09
4     1545.467606    0.000092  0.000019  ...  0.000012  7.596757e+06  1.735077e+09
...           ...         ...       ...  ...       ...           ...           ...
1587  1545.465901    0.000090  0.000018  ...  0.000012  7.602546e+06  1.735093e+09
1588  1545.466898    0.000089  0.000018  ...  0.000012  7.602088e+06  1.735093e+09
1589  1545.465920    0.000093  0.000019  ...  0.000012  7.591017e+06  1.735093e+09
1590  1545.466788    0.000092  0.000019  ...  0.000012  7.573961e+06  1.735093e+09
1591  1545.465964    0.000095  0.000021  ...  0.000012  7.588871e+06  1.735093e+09

[1592 rows x 13 columns]
CHANNEL_0_3
           cbragg  cbragg_err   credchi  ...  cdelta_n            cL     timestamp
0     1546.195097    0.000103  0.000036  ...  0.000012  7.616035e+06  1.735077e+09
1     1546.201408    0.000107  0.000050  ...  0.000012  7.684062e+06  1.735077e+09
2     1546.195338    0.000102  0.000036  ...  0.000012  7.596152e+06  1.735077e+09
3     1546.201907    0.000128  0.000068  ...  0.000012  7.678659e+06  1.735077e+09
4     1546.195208    0.000106  0.000038  ...  0.000012  7.608907e+06  1.735077e+09
...           ...         ...       ...  ...       ...           ...           ...
1587  1546.199856    0.000104  0.000046  ...  0.000012  7.632235e+06  1.735093e+09
1588  1546.193234    0.000105  0.000037  ...  0.000012  7.621976e+06  1.735093e+09
1589  1546.199676    0.000103  0.000046  ...  0.000012  7.617631e+06  1.735093e+09
1590  1546.193457    0.000105  0.000037  ...  0.000012  7.632285e+06  1.735093e+09
1591  1546.199848    0.000103  0.000046  ...  0.000012  7.624805e+06  1.735093e+09

[1592 rows x 13 columns]
CHANNEL_0_4
           cbragg  cbragg_err   credchi  ...  cdelta_n            cL     timestamp
0     1547.121056    0.000118  0.000051  ...  0.000012  7.877000e+06  1.735077e+09
1     1547.120008    0.000114  0.000050  ...  0.000012  7.865624e+06  1.735077e+09
2     1547.121053    0.000116  0.000050  ...  0.000012  7.855399e+06  1.735077e+09
3     1547.119944    0.000121  0.000057  ...  0.000012  7.969637e+06  1.735077e+09
4     1547.121140    0.000116  0.000049  ...  0.000012  7.855699e+06  1.735077e+09
...           ...         ...       ...  ...       ...           ...           ...
1587  1547.120383    0.000114  0.000050  ...  0.000012  7.883697e+06  1.735093e+09
1588  1547.121473    0.000116  0.000050  ...  0.000012  7.851998e+06  1.735093e+09
1589  1547.120494    0.000114  0.000049  ...  0.000012  7.866490e+06  1.735093e+09
1590  1547.121434    0.000117  0.000051  ...  0.000012  7.851689e+06  1.735093e+09
1591  1547.120403    0.000112  0.000048  ...  0.000012  7.880958e+06  1.735093e+09

[1592 rows x 13 columns]
CHANNEL_0_5
           cbragg  cbragg_err   credchi  ...  cdelta_n            cL     timestamp
0     1548.094602    0.000092  0.000043  ...  0.000012  7.679000e+06  1.735077e+09
1     1548.096591    0.000185  0.000143  ...  0.000012  8.122277e+06  1.735077e+09
2     1548.094567    0.000093  0.000044  ...  0.000012  7.688809e+06  1.735077e+09
3     1548.096689    0.000142  0.000080  ...  0.000012  7.912080e+06  1.735077e+09
4     1548.094684    0.000093  0.000044  ...  0.000012  7.678112e+06  1.735077e+09
...           ...         ...       ...  ...       ...           ...           ...
1587  1548.097229    0.000097  0.000037  ...  0.000012  7.688115e+06  1.735093e+09
1588  1548.095012    0.000091  0.000042  ...  0.000012  7.679357e+06  1.735093e+09
1589  1548.097279    0.000096  0.000037  ...  0.000012  7.689135e+06  1.735093e+09
1590  1548.094983    0.000093  0.000044  ...  0.000012  7.673740e+06  1.735093e+09
1591  1548.097210    0.000112  0.000052  ...  0.000012  7.874685e+06  1.735093e+09

[1592 rows x 13 columns]
CHANNEL_0_6
           cbragg  cbragg_err   credchi  ...  cdelta_n            cL     timestamp
0     1549.072263    0.000078  0.000023  ...  0.000012  7.554418e+06  1.735077e+09
1     1549.080111    0.000083  0.000044  ...  0.000012  7.461518e+06  1.735077e+09
2     1549.072280    0.000082  0.000026  ...  0.000012  7.621017e+06  1.735077e+09
3     1549.080133    0.000084  0.000045  ...  0.000012  7.455494e+06  1.735077e+09
4     1549.072293    0.000077  0.000022  ...  0.000012  7.555055e+06  1.735077e+09
...           ...         ...       ...  ...       ...           ...           ...
1587  1549.080606    0.000083  0.000044  ...  0.000012  7.474243e+06  1.735093e+09
1588  1549.072708    0.000079  0.000024  ...  0.000012  7.540703e+06  1.735093e+09
1589  1549.080505    0.000083  0.000044  ...  0.000012  7.469591e+06  1.735093e+09
1590  1549.072651    0.000079  0.000023  ...  0.000012  7.552005e+06  1.735093e+09
1591  1549.080465    0.000085  0.000046  ...  0.000012  7.461047e+06  1.735093e+09

[1592 rows x 13 columns]
CHANNEL_0_7
           cbragg  cbragg_err   credchi  ...  cdelta_n            cL     timestamp
0     1550.078019    0.000124  0.000048  ...  0.000012  7.590791e+06  1.735077e+09
1     1550.077048    0.000125  0.000045  ...  0.000012  7.611328e+06  1.735077e+09
2     1550.078101    0.000133  0.000057  ...  0.000012  7.741024e+06  1.735077e+09
3     1550.076940    0.000124  0.000045  ...  0.000012  7.619647e+06  1.735077e+09
4     1550.078095    0.000125  0.000049  ...  0.000012  7.587614e+06  1.735077e+09
...           ...         ...       ...  ...       ...           ...           ...
1587  1550.077606    0.000123  0.000044  ...  0.000012  7.600723e+06  1.735093e+09
1588  1550.078349    0.000124  0.000048  ...  0.000012  7.599233e+06  1.735093e+09
1589  1550.077492    0.000132  0.000052  ...  0.000012  7.751743e+06  1.735093e+09
1590  1550.078306    0.000124  0.000048  ...  0.000012  7.584425e+06  1.735093e+09
1591  1550.077424    0.000124  0.000045  ...  0.000012  7.655847e+06  1.735093e+09

[1592 rows x 13 columns]
CHANNEL_0_8
           cbragg  cbragg_err   credchi  ...  cdelta_n            cL     timestamp
0     1551.052521    0.000074  0.000017  ...  0.000012  7.588990e+06  1.735077e+09
1     1551.056453    0.000076  0.000018  ...  0.000012  7.618353e+06  1.735077e+09
2     1551.052436    0.000075  0.000017  ...  0.000012  7.598246e+06  1.735077e+09
3     1551.056393    0.000076  0.000018  ...  0.000012  7.618970e+06  1.735077e+09
4     1551.052510    0.000074  0.000017  ...  0.000012  7.588670e+06  1.735077e+09
...           ...         ...       ...  ...       ...           ...           ...
1587  1551.057071    0.000076  0.000018  ...  0.000012  7.611265e+06  1.735093e+09
1588  1551.052838    0.000073  0.000017  ...  0.000012  7.602928e+06  1.735093e+09
1589  1551.057014    0.000074  0.000017  ...  0.000012  7.609464e+06  1.735093e+09
1590  1551.052721    0.000074  0.000017  ...  0.000012  7.593625e+06  1.735093e+09
1591  1551.056887    0.000075  0.000018  ...  0.000012  7.606823e+06  1.735093e+09

[1592 rows x 13 columns]
CHANNEL_0_9
           cbragg  cbragg_err   credchi  ...  cdelta_n            cL     timestamp
0     1552.033778    0.000093  0.000017  ...  0.000012  7.698370e+06  1.735077e+09
1     1552.040704    0.000091  0.000029  ...  0.000012  7.641718e+06  1.735077e+09
2     1552.033741    0.000095  0.000018  ...  0.000012  7.637860e+06  1.735077e+09
3     1552.040807    0.000089  0.000028  ...  0.000012  7.644555e+06  1.735077e+09
4     1552.033882    0.000093  0.000017  ...  0.000012  7.699454e+06  1.735077e+09
...           ...         ...       ...  ...       ...           ...           ...
1587  1552.041205    0.000088  0.000028  ...  0.000012  7.655905e+06  1.735093e+09
1588  1552.034078    0.000093  0.000017  ...  0.000012  7.697990e+06  1.735093e+09
1589  1552.041194    0.000116  0.000049  ...  0.000012  7.871280e+06  1.735093e+09
1590  1552.034090    0.000092  0.000017  ...  0.000012  7.711110e+06  1.735093e+09
1591  1552.041166    0.000095  0.000033  ...  0.000012  7.768747e+06  1.735093e+09

[1592 rows x 13 columns]
CHANNEL_0_10
           cbragg  cbragg_err   credchi  ...  cdelta_n            cL     timestamp
0     1553.043873    0.000090  0.000021  ...  0.000012  7.684265e+06  1.735077e+09
1     1553.041175    0.000090  0.000015  ...  0.000012  7.740198e+06  1.735077e+09
2     1553.043924    0.000091  0.000021  ...  0.000012  7.696981e+06  1.735077e+09
3     1553.041156    0.000094  0.000016  ...  0.000012  7.734552e+06  1.735077e+09
4     1553.043914    0.000090  0.000021  ...  0.000012  7.693722e+06  1.735077e+09
...           ...         ...       ...  ...       ...           ...           ...
1587  1553.041772    0.000091  0.000015  ...  0.000012  7.733960e+06  1.735093e+09
1588  1553.044180    0.000092  0.000021  ...  0.000012  7.697160e+06  1.735093e+09
1589  1553.041602    0.000093  0.000016  ...  0.000012  7.737688e+06  1.735093e+09
1590  1553.044123    0.000092  0.000021  ...  0.000012  7.685328e+06  1.735093e+09
1591  1553.041673    0.000090  0.000015  ...  0.000012  7.728652e+06  1.735093e+09

[1592 rows x 13 columns]
CHANNEL_0_11
           cbragg  cbragg_err   credchi  ...  cdelta_n            cL     timestamp
0     1554.048852    0.000075  0.000009  ...  0.000012  7.670499e+06  1.735077e+09
1     1554.055461    0.000072  0.000014  ...  0.000012  7.621491e+06  1.735077e+09
2     1554.048958    0.000074  0.000009  ...  0.000012  7.675219e+06  1.735077e+09
3     1554.055418    0.000072  0.000014  ...  0.000012  7.634941e+06  1.735077e+09
4     1554.048936    0.000075  0.000009  ...  0.000012  7.665478e+06  1.735077e+09
...           ...         ...       ...  ...       ...           ...           ...
1587  1554.055808    0.000121  0.000041  ...  0.000012  7.869660e+06  1.735093e+09
1588  1554.049019    0.000075  0.000009  ...  0.000012  7.661717e+06  1.735093e+09
1589  1554.055768    0.000071  0.000014  ...  0.000012  7.636210e+06  1.735093e+09
1590  1554.049013    0.000075  0.000009  ...  0.000012  7.669598e+06  1.735093e+09
1591  1554.055720    0.000072  0.000014  ...  0.000012  7.663662e+06  1.735093e+09

[1592 rows x 13 columns]
CHANNEL_0_12
           cbragg  cbragg_err   credchi  ...  cdelta_n            cL     timestamp
0     1555.077260    0.000160  0.000094  ...  0.000012  7.740651e+06  1.735077e+09
1     1555.075470    0.000149  0.000077  ...  0.000012  7.789464e+06  1.735077e+09
2     1555.077320    0.000120  0.000052  ...  0.000012  7.481401e+06  1.735077e+09
3     1555.075679    0.000139  0.000063  ...  0.000012  7.662196e+06  1.735077e+09
4     1555.077381    0.000117  0.000050  ...  0.000012  7.495988e+06  1.735077e+09
...           ...         ...       ...  ...       ...           ...           ...
1587  1555.075988    0.000140  0.000066  ...  0.000012  7.734811e+06  1.735093e+09
1588  1555.077549    0.000118  0.000050  ...  0.000012  7.494326e+06  1.735093e+09
1589  1555.075905    0.000118  0.000045  ...  0.000012  7.481877e+06  1.735093e+09
1590  1555.077568    0.000137  0.000071  ...  0.000012  7.734547e+06  1.735093e+09
1591  1555.075939    0.000135  0.000061  ...  0.000012  7.713930e+06  1.735093e+09

[1592 rows x 13 columns]
CHANNEL_0_13
           cbragg  cbragg_err   credchi  ...  cdelta_n            cL     timestamp
0     1556.049574    0.000140  0.000038  ...  0.000012  7.654881e+06  1.735077e+09
1     1556.054563    0.000138  0.000044  ...  0.000012  7.663724e+06  1.735077e+09
2     1556.049621    0.000143  0.000040  ...  0.000012  7.647116e+06  1.735077e+09
3     1556.054518    0.000141  0.000045  ...  0.000012  7.673615e+06  1.735077e+09
4     1556.049661    0.000143  0.000040  ...  0.000012  7.646176e+06  1.735077e+09
...           ...         ...       ...  ...       ...           ...           ...
1587  1556.054980    0.000139  0.000045  ...  0.000012  7.662721e+06  1.735093e+09
1588  1556.049859    0.000142  0.000039  ...  0.000012  7.661147e+06  1.735093e+09
1589  1556.054865    0.000137  0.000043  ...  0.000012  7.672135e+06  1.735093e+09
1590  1556.049902    0.000142  0.000039  ...  0.000012  7.602346e+06  1.735093e+09
1591  1556.054932    0.000138  0.000044  ...  0.000012  7.667290e+06  1.735093e+09

[1592 rows x 13 columns]
CHANNEL_0_14
           cbragg  cbragg_err   credchi  ...  cdelta_n            cL     timestamp
0     1557.021733    0.000101  0.000028  ...  0.000012  7.644096e+06  1.735077e+09
1     1557.023585    0.000104  0.000040  ...  0.000012  7.648979e+06  1.735077e+09
2     1557.021739    0.000100  0.000028  ...  0.000012  7.649780e+06  1.735077e+09
3     1557.023598    0.000156  0.000096  ...  0.000012  7.948063e+06  1.735077e+09
4     1557.021715    0.000100  0.000028  ...  0.000012  7.649687e+06  1.735077e+09
...           ...         ...       ...  ...       ...           ...           ...
1587  1557.024063    0.000100  0.000037  ...  0.000012  7.588117e+06  1.735093e+09
1588  1557.022086    0.000100  0.000028  ...  0.000012  7.653858e+06  1.735093e+09
1589  1557.023942    0.000101  0.000038  ...  0.000012  7.604611e+06  1.735093e+09
1590  1557.022059    0.000099  0.000028  ...  0.000012  7.652369e+06  1.735093e+09
1591  1557.023912    0.000104  0.000040  ...  0.000012  7.648092e+06  1.735093e+09

[1592 rows x 13 columns]
CHANNEL_1_1
           cbragg  cbragg_err   credchi  ...  cdelta_n            cL     timestamp
0     1556.190074    0.000077  0.000006  ...  0.000012  2.668146e+06  1.735077e+09
1     1556.190248    0.000089  0.000007  ...  0.000012  2.637849e+06  1.735077e+09
2     1556.190218    0.001067  0.002143  ...  0.000012  3.429174e+06  1.735077e+09
3     1556.190669    0.000144  0.000018  ...  0.000012  2.614592e+06  1.735077e+09
4     1556.189952    0.000176  0.000033  ...  0.000012  2.771097e+06  1.735077e+09
...           ...         ...       ...  ...       ...           ...           ...
1587  1556.190351    0.000075  0.000005  ...  0.000012  2.669159e+06  1.735093e+09
1588  1556.189951    0.000071  0.000005  ...  0.000012  2.691779e+06  1.735093e+09
1589  1556.190208    0.000074  0.000005  ...  0.000012  2.674041e+06  1.735093e+09
1590  1556.190067    0.001148  0.002441  ...  0.000012  3.449235e+06  1.735093e+09
1591  1556.190380    0.000071  0.000005  ...  0.000012  2.664380e+06  1.735093e+09

[1592 rows x 13 columns]
CHANNEL_1_2
           cbragg  cbragg_err   credchi  ...  cdelta_n            cL     timestamp
0     1558.200122    0.000956  0.000834  ...  0.000012  2.389109e+06  1.735077e+09
1     1558.203199    0.000115  0.000020  ...  0.000012  2.799460e+06  1.735077e+09
2     1558.200028    0.000125  0.000023  ...  0.000012  2.796332e+06  1.735077e+09
3     1558.203155    0.000186  0.000053  ...  0.000012  2.847456e+06  1.735077e+09
4     1558.200150    0.000222  0.000064  ...  0.000012  2.697245e+06  1.735077e+09
...           ...         ...       ...  ...       ...           ...           ...
1587  1558.204212    0.000150  0.000031  ...  0.000012  2.738381e+06  1.735093e+09
1588  1558.200898    0.000879  0.001771  ...  0.000012  3.363863e+06  1.735093e+09
1589  1558.203579    0.000604  0.000762  ...  0.000012  3.180464e+06  1.735093e+09
1590  1558.200929    0.000138  0.000027  ...  0.000012  2.757668e+06  1.735093e+09
1591  1558.203940    0.000122  0.000022  ...  0.000012  2.794693e+06  1.735093e+09

[1592 rows x 13 columns]
CHANNEL_1_3
           cbragg  cbragg_err   credchi  ...  cdelta_n            cL     timestamp
0     1561.019331    0.000049  0.000004  ...  0.000012  2.923038e+06  1.735077e+09
1     1561.015316    0.000056  0.000005  ...  0.000012  2.908211e+06  1.735077e+09
2     1561.019445    0.000049  0.000004  ...  0.000012  2.928544e+06  1.735077e+09
3     1561.015345    0.000047  0.000004  ...  0.000012  2.920474e+06  1.735077e+09
4     1561.019378    0.000049  0.000004  ...  0.000012  2.945466e+06  1.735077e+09
...           ...         ...       ...  ...       ...           ...           ...
1587  1561.015718    0.000068  0.000007  ...  0.000012  2.894539e+06  1.735093e+09
1588  1561.019509    0.000048  0.000004  ...  0.000012  2.927817e+06  1.735093e+09
1589  1561.015608    0.000131  0.000030  ...  0.000012  3.015508e+06  1.735093e+09
1590  1561.019520    0.000118  0.000021  ...  0.000012  2.860010e+06  1.735093e+09
1591  1561.015598    0.000104  0.000017  ...  0.000012  2.867431e+06  1.735093e+09

[1592 rows x 13 columns]
CHANNEL_2_1
           cbragg  cbragg_err   credchi  ...  cdelta_n            cL     timestamp
0     1543.609828    0.000096  0.000007  ...  0.000012  2.768096e+06  1.735077e+09
1     1543.608410    0.000089  0.000006  ...  0.000012  2.767507e+06  1.735077e+09
2     1543.609755    0.000134  0.000007  ...  0.000012  2.767291e+06  1.735077e+09
3     1543.608435    0.000100  0.000006  ...  0.000012  2.789169e+06  1.735077e+09
4     1543.609826    0.000083  0.000007  ...  0.000012  2.767830e+06  1.735077e+09
...           ...         ...       ...  ...       ...           ...           ...
1587  1543.608704    0.000083  0.000007  ...  0.000012  2.768203e+06  1.735093e+09
1588  1543.609943    0.000080  0.000007  ...  0.000012  2.790076e+06  1.735093e+09
1589  1543.608465    0.000082  0.000007  ...  0.000012  2.769736e+06  1.735093e+09
1590  1543.610075    0.000189  0.000007  ...  0.000012  2.767594e+06  1.735093e+09
1591  1543.608512    0.000079  0.000006  ...  0.000012  2.768755e+06  1.735093e+09

[1592 rows x 13 columns]
CHANNEL_2_2
           cbragg  cbragg_err   credchi  ...  cdelta_n            cL     timestamp
0     1545.922136    0.000659  0.000489  ...  0.000012  3.072185e+06  1.735077e+09
1     1545.925548    0.000124  0.000012  ...  0.000012  2.689430e+06  1.735077e+09
2     1545.921563    0.000961  0.001359  ...  0.000012  3.359183e+06  1.735077e+09
3     1545.925534    0.000126  0.000013  ...  0.000012  2.675941e+06  1.735077e+09
4     1545.923522    0.000125  0.000012  ...  0.000012  2.691100e+06  1.735077e+09
...           ...         ...       ...  ...       ...           ...           ...
1587  1545.926321    0.000122  0.000012  ...  0.000012  2.686503e+06  1.735093e+09
1588  1545.924325    0.000126  0.000012  ...  0.000012  2.682878e+06  1.735093e+09
1589  1545.924939    0.000548  0.000339  ...  0.000012  3.032523e+06  1.735093e+09
1590  1545.924217    0.000126  0.000012  ...  0.000012  2.696223e+06  1.735093e+09
1591  1545.924344    0.000696  0.000591  ...  0.000012  3.137649e+06  1.735093e+09

[1592 rows x 13 columns]
CHANNEL_2_3
           cbragg  cbragg_err   credchi  ...  cdelta_n            cL     timestamp
0     1548.522997    0.000094  0.000009  ...  0.000012  2.886362e+06  1.735077e+09
1     1548.525464    0.000837  0.001105  ...  0.000012  3.443467e+06  1.735077e+09
2     1548.524121    0.000728  0.000860  ...  0.000012  3.404401e+06  1.735077e+09
3     1548.523956    0.000096  0.000010  ...  0.000012  2.883724e+06  1.735077e+09
4     1548.523447    0.001047  0.001910  ...  0.000012  3.584696e+06  1.735077e+09
...           ...         ...       ...  ...       ...           ...           ...
1587  1548.524517    0.000668  0.000662  ...  0.000012  3.311817e+06  1.735093e+09
1588  1548.523328    0.000133  0.000018  ...  0.000012  2.829759e+06  1.735093e+09
1589  1548.524981    0.000935  0.001648  ...  0.000012  3.609092e+06  1.735093e+09
1590  1548.523303    0.000094  0.000009  ...  0.000012  2.882818e+06  1.735093e+09
1591  1548.524146    0.000152  0.000026  ...  0.000012  2.962035e+06  1.735093e+09

[1592 rows x 13 columns]
CHANNEL_3_1
           cbragg  cbragg_err   credchi  ...  cdelta_n            cL     timestamp
0     1544.149597    0.000269  0.000026  ...  0.000012  7.773976e+06  1.735077e+09
1     1544.143908    0.000114  0.000019  ...  0.000012  7.841154e+06  1.735077e+09
2     1544.149489    0.000121  0.000027  ...  0.000012  7.774496e+06  1.735077e+09
3     1544.144046    0.000178  0.000019  ...  0.000012  7.818363e+06  1.735077e+09
4     1544.149557    0.000134  0.000027  ...  0.000012  7.775708e+06  1.735077e+09
...           ...         ...       ...  ...       ...           ...           ...
1587  1544.143836    0.000130  0.000019  ...  0.000012  7.830616e+06  1.735093e+09
1588  1544.149254    0.000113  0.000027  ...  0.000012  7.775362e+06  1.735093e+09
1589  1544.143944    0.000114  0.000018  ...  0.000012  7.824565e+06  1.735093e+09
1590  1544.149349    0.000112  0.000027  ...  0.000012  7.791081e+06  1.735093e+09
1591  1544.144127    0.000171  0.000019  ...  0.000012  7.811385e+06  1.735093e+09

[1592 rows x 13 columns]
CHANNEL_3_2
           cbragg  cbragg_err   credchi  ...  cdelta_n            cL     timestamp
0     1545.050967    0.000280  0.000023  ...  0.000012  7.892203e+06  1.735077e+09
1     1545.059965    0.000151  0.000043  ...  0.000012  7.800233e+06  1.735077e+09
2     1545.050974    0.000209  0.000025  ...  0.000012  7.892938e+06  1.735077e+09
3     1545.060065    0.000123  0.000040  ...  0.000012  7.814786e+06  1.735077e+09
4     1545.051170    0.000186  0.000024  ...  0.000012  7.896972e+06  1.735077e+09
...           ...         ...       ...  ...       ...           ...           ...
1587  1545.059476    0.000111  0.000040  ...  0.000012  7.826590e+06  1.735093e+09
1588  1545.050380    0.000194  0.000024  ...  0.000012  7.893366e+06  1.735093e+09
1589  1545.059501    0.000108  0.000038  ...  0.000012  7.841492e+06  1.735093e+09
1590  1545.050390    0.000121  0.000024  ...  0.000012  7.883698e+06  1.735093e+09
1591  1545.059537    0.000183  0.000043  ...  0.000012  7.822929e+06  1.735093e+09

[1592 rows x 13 columns]
CHANNEL_3_3
           cbragg  cbragg_err   credchi  ...  cdelta_n            cL     timestamp
0     1545.800034    0.000104  0.000032  ...  0.000012  7.610058e+06  1.735077e+09
1     1545.797450    0.000116  0.000026  ...  0.000012  7.612239e+06  1.735077e+09
2     1545.800277    0.000109  0.000035  ...  0.000012  7.588045e+06  1.735077e+09
3     1545.797544    0.000114  0.000025  ...  0.000012  7.612636e+06  1.735077e+09
4     1545.800270    0.000109  0.000035  ...  0.000012  7.575560e+06  1.735077e+09
...           ...         ...       ...  ...       ...           ...           ...
1587  1545.795919    0.000114  0.000025  ...  0.000012  7.630664e+06  1.735093e+09
1588  1545.798233    0.000106  0.000033  ...  0.000012  7.599427e+06  1.735093e+09
1589  1545.795889    0.000114  0.000025  ...  0.000012  7.621201e+06  1.735093e+09
1590  1545.798453    0.000104  0.000032  ...  0.000012  7.599652e+06  1.735093e+09
1591  1545.796026    0.000110  0.000023  ...  0.000012  7.633669e+06  1.735093e+09

[1592 rows x 13 columns]
CHANNEL_3_4
           cbragg  cbragg_err   credchi  ...  cdelta_n            cL     timestamp
0     1546.687751    0.000099  0.000017  ...  0.000012  7.794147e+06  1.735077e+09
1     1546.694063    0.000098  0.000028  ...  0.000012  7.722774e+06  1.735077e+09
2     1546.687739    0.000098  0.000017  ...  0.000012  7.767093e+06  1.735077e+09
3     1546.694088    0.000097  0.000028  ...  0.000012  7.727282e+06  1.735077e+09
4     1546.687830    0.000099  0.000017  ...  0.000012  7.790773e+06  1.735077e+09
...           ...         ...       ...  ...       ...           ...           ...
1587  1546.694670    0.000098  0.000028  ...  0.000012  7.717953e+06  1.735093e+09
1588  1546.688218    0.000098  0.000017  ...  0.000012  7.761535e+06  1.735093e+09
1589  1546.694656    0.000097  0.000027  ...  0.000012  7.724117e+06  1.735093e+09
1590  1546.688149    0.000098  0.000016  ...  0.000012  7.788395e+06  1.735093e+09
1591  1546.694656    0.000098  0.000028  ...  0.000012  7.713944e+06  1.735093e+09

[1592 rows x 13 columns]
CHANNEL_3_5
           cbragg  cbragg_err   credchi  ...  cdelta_n            cL     timestamp
0     1547.709665    0.000077  0.000016  ...  0.000012  7.566034e+06  1.735077e+09
1     1547.712012    0.000122  0.000027  ...  0.000012  7.302186e+06  1.735077e+09
2     1547.709755    0.000076  0.000016  ...  0.000012  7.577851e+06  1.735077e+09
3     1547.712049    0.000121  0.000027  ...  0.000012  7.306668e+06  1.735077e+09
4     1547.709806    0.000079  0.000017  ...  0.000012  7.557865e+06  1.735077e+09
...           ...         ...       ...  ...       ...           ...           ...
1587  1547.712732    0.000079  0.000012  ...  0.000012  7.612602e+06  1.735093e+09
1588  1547.710093    0.000076  0.000015  ...  0.000012  7.574262e+06  1.735093e+09
1589  1547.712740    0.000080  0.000013  ...  0.000012  7.608738e+06  1.735093e+09
1590  1547.710129    0.000077  0.000016  ...  0.000012  7.570433e+06  1.735093e+09
1591  1547.712807    0.000078  0.000012  ...  0.000012  7.611973e+06  1.735093e+09

[1592 rows x 13 columns]
CHANNEL_3_6
           cbragg  cbragg_err   credchi  ...  cdelta_n            cL     timestamp
0     1548.697645    0.000081  0.000015  ...  0.000012  7.765535e+06  1.735077e+09
1     1548.697254    0.000081  0.000016  ...  0.000012  7.698724e+06  1.735077e+09
2     1548.697659    0.000083  0.000016  ...  0.000012  7.763546e+06  1.735077e+09
3     1548.697260    0.000081  0.000016  ...  0.000012  7.747782e+06  1.735077e+09
4     1548.697826    0.000082  0.000016  ...  0.000012  7.717109e+06  1.735077e+09
...           ...         ...       ...  ...       ...           ...           ...
1587  1548.697808    0.000082  0.000016  ...  0.000012  7.755953e+06  1.735093e+09
1588  1548.698042    0.000080  0.000015  ...  0.000012  7.765635e+06  1.735093e+09
1589  1548.697768    0.000082  0.000016  ...  0.000012  7.694102e+06  1.735093e+09
1590  1548.698003    0.000080  0.000015  ...  0.000012  7.766923e+06  1.735093e+09
1591  1548.697696    0.000081  0.000016  ...  0.000012  7.755007e+06  1.735093e+09

[1592 rows x 13 columns]
CHANNEL_3_7
           cbragg  cbragg_err   credchi  ...  cdelta_n            cL     timestamp
0     1549.713410    0.000088  0.000016  ...  0.000012  7.563742e+06  1.735077e+09
1     1549.719845    0.000090  0.000020  ...  0.000012  7.569773e+06  1.735077e+09
2     1549.713400    0.000091  0.000016  ...  0.000012  7.566366e+06  1.735077e+09
3     1549.719829    0.000089  0.000020  ...  0.000012  7.567268e+06  1.735077e+09
4     1549.713475    0.000089  0.000016  ...  0.000012  7.558898e+06  1.735077e+09
...           ...         ...       ...  ...       ...           ...           ...
1587  1549.720474    0.000089  0.000020  ...  0.000012  7.570021e+06  1.735093e+09
1588  1549.713814    0.000090  0.000016  ...  0.000012  7.568146e+06  1.735093e+09
1589  1549.720469    0.000089  0.000020  ...  0.000012  7.601989e+06  1.735093e+09
1590  1549.713640    0.000089  0.000016  ...  0.000012  7.560272e+06  1.735093e+09
1591  1549.720370    0.000089  0.000020  ...  0.000012  7.563904e+06  1.735093e+09

[1592 rows x 13 columns]
CHANNEL_3_8
           cbragg  cbragg_err   credchi  ...  cdelta_n            cL     timestamp
0     1550.675821    0.000091  0.000017  ...  0.000012  7.646356e+06  1.735077e+09
1     1550.668941    0.000091  0.000013  ...  0.000012  7.681213e+06  1.735077e+09
2     1550.675967    0.000089  0.000017  ...  0.000012  7.649666e+06  1.735077e+09
3     1550.668995    0.000092  0.000013  ...  0.000012  7.665424e+06  1.735077e+09
4     1550.675894    0.000090  0.000017  ...  0.000012  7.643239e+06  1.735077e+09
...           ...         ...       ...  ...       ...           ...           ...
1587  1550.669589    0.000090  0.000013  ...  0.000012  7.676760e+06  1.735093e+09
1588  1550.676133    0.000092  0.000018  ...  0.000012  7.611072e+06  1.735093e+09
1589  1550.669399    0.000091  0.000013  ...  0.000012  7.675443e+06  1.735093e+09
1590  1550.676253    0.000088  0.000016  ...  0.000012  7.646080e+06  1.735093e+09
1591  1550.669418    0.000091  0.000013  ...  0.000012  7.674664e+06  1.735093e+09

[1592 rows x 13 columns]
CHANNEL_3_9
           cbragg  cbragg_err   credchi  ...  cdelta_n            cL     timestamp
0     1551.666285    0.000095  0.000012  ...  0.000012  7.714448e+06  1.735077e+09
1     1551.671646    0.000094  0.000019  ...  0.000012  7.670082e+06  1.735077e+09
2     1551.666371    0.000097  0.000012  ...  0.000012  7.699972e+06  1.735077e+09
3     1551.671760    0.000092  0.000018  ...  0.000012  7.658755e+06  1.735077e+09
4     1551.666278    0.000095  0.000012  ...  0.000012  7.700050e+06  1.735077e+09
...           ...         ...       ...  ...       ...           ...           ...
1587  1551.672248    0.000092  0.000018  ...  0.000012  7.667066e+06  1.735093e+09
1588  1551.666509    0.000095  0.000012  ...  0.000012  7.716866e+06  1.735093e+09
1589  1551.672241    0.000090  0.000018  ...  0.000012  7.674854e+06  1.735093e+09
1590  1551.666564    0.000095  0.000011  ...  0.000012  7.705154e+06  1.735093e+09
1591  1551.672063    0.000092  0.000018  ...  0.000012  7.664889e+06  1.735093e+09

[1592 rows x 13 columns]
CHANNEL_3_10
           cbragg  cbragg_err   credchi  ...  cdelta_n            cL     timestamp
0     1552.679673    0.000101  0.000020  ...  0.000012  7.725597e+06  1.735077e+09
1     1552.672032    0.000108  0.000013  ...  0.000012  7.807223e+06  1.735077e+09
2     1552.679865    0.000103  0.000021  ...  0.000012  7.725898e+06  1.735077e+09
3     1552.672028    0.000111  0.000014  ...  0.000012  7.783899e+06  1.735077e+09
4     1552.679726    0.000116  0.000026  ...  0.000012  7.535491e+06  1.735077e+09
...           ...         ...       ...  ...       ...           ...           ...
1587  1552.672433    0.000109  0.000014  ...  0.000012  7.758034e+06  1.735093e+09
1588  1552.680133    0.000100  0.000020  ...  0.000012  7.745779e+06  1.735093e+09
1589  1552.672598    0.000108  0.000013  ...  0.000012  7.826988e+06  1.735093e+09
1590  1552.680125    0.000100  0.000020  ...  0.000012  7.743638e+06  1.735093e+09
1591  1552.672560    0.000109  0.000013  ...  0.000012  7.807888e+06  1.735093e+09

[1592 rows x 13 columns]
CHANNEL_3_11
           cbragg  cbragg_err   credchi  ...  cdelta_n            cL     timestamp
0     1553.641421    0.000137  0.000028  ...  0.000012  7.905583e+06  1.735077e+09
1     1553.644312    0.000131  0.000040  ...  0.000012  7.849775e+06  1.735077e+09
2     1553.641498    0.000135  0.000027  ...  0.000012  7.913031e+06  1.735077e+09
3     1553.644260    0.000131  0.000040  ...  0.000012  7.853663e+06  1.735077e+09
4     1553.641527    0.000133  0.000026  ...  0.000012  7.929184e+06  1.735077e+09
...           ...         ...       ...  ...       ...           ...           ...
1587  1553.644755    0.000129  0.000039  ...  0.000012  7.869071e+06  1.735093e+09
1588  1553.641898    0.000133  0.000026  ...  0.000012  7.921858e+06  1.735093e+09
1589  1553.644684    0.000131  0.000040  ...  0.000012  7.862450e+06  1.735093e+09
1590  1553.641803    0.000133  0.000026  ...  0.000012  7.927576e+06  1.735093e+09
1591  1553.644650    0.000129  0.000038  ...  0.000012  7.846994e+06  1.735093e+09

[1592 rows x 13 columns]
CHANNEL_3_12
           cbragg  cbragg_err   credchi  ...  cdelta_n            cL     timestamp
0     1554.622427    0.000095  0.000020  ...  0.000012  7.788779e+06  1.735077e+09
1     1554.615801    0.000103  0.000013  ...  0.000012  7.864718e+06  1.735077e+09
2     1554.622434    0.000096  0.000020  ...  0.000012  7.787060e+06  1.735077e+09
3     1554.615926    0.000268  0.000079  ...  0.000012  7.125061e+06  1.735077e+09
4     1554.622359    0.000097  0.000021  ...  0.000012  7.785740e+06  1.735077e+09
...           ...         ...       ...  ...       ...           ...           ...
1587  1554.616585    0.000101  0.000013  ...  0.000012  7.853785e+06  1.735093e+09
1588  1554.622594    0.000133  0.000037  ...  0.000012  7.474574e+06  1.735093e+09
1589  1554.616361    0.000103  0.000014  ...  0.000012  7.840395e+06  1.735093e+09
1590  1554.622665    0.000096  0.000020  ...  0.000012  7.788105e+06  1.735093e+09
1591  1554.616340    0.000100  0.000013  ...  0.000012  7.860204e+06  1.735093e+09

[1592 rows x 13 columns]
CHANNEL_3_13
           cbragg  cbragg_err   credchi  ...  cdelta_n            cL     timestamp
0     1555.624364    0.000090  0.000010  ...  0.000012  7.604851e+06  1.735077e+09
1     1555.629734    0.000090  0.000017  ...  0.000012  7.567002e+06  1.735077e+09
2     1555.624370    0.000091  0.000010  ...  0.000012  7.610635e+06  1.735077e+09
3     1555.629711    0.000087  0.000016  ...  0.000012  7.570624e+06  1.735077e+09
4     1555.624432    0.000090  0.000010  ...  0.000012  7.605187e+06  1.735077e+09
...           ...         ...       ...  ...       ...           ...           ...
1587  1555.630258    0.000086  0.000016  ...  0.000012  7.576631e+06  1.735093e+09
1588  1555.624538    0.000089  0.000010  ...  0.000012  7.607322e+06  1.735093e+09
1589  1555.630209    0.000087  0.000016  ...  0.000012  7.570851e+06  1.735093e+09
1590  1555.624490    0.000090  0.000010  ...  0.000012  7.620221e+06  1.735093e+09
1591  1555.630180    0.000087  0.000016  ...  0.000012  7.565017e+06  1.735093e+09

[1592 rows x 13 columns]
CHANNEL_3_14
           cbragg  cbragg_err   credchi  ...  cdelta_n            cL     timestamp
0     1556.585037    0.000189  0.000079  ...  0.000012  7.702929e+06  1.735077e+09
1     1556.577187    0.000182  0.000046  ...  0.000012  7.768639e+06  1.735077e+09
2     1556.585090    0.000191  0.000081  ...  0.000012  7.703810e+06  1.735077e+09
3     1556.577260    0.000187  0.000048  ...  0.000012  7.781884e+06  1.735077e+09
4     1556.585158    0.000205  0.000088  ...  0.000012  7.437987e+06  1.735077e+09
...           ...         ...       ...  ...       ...           ...           ...
1587  1556.577888    0.000184  0.000047  ...  0.000012  7.777046e+06  1.735093e+09
1588  1556.585389    0.000189  0.000079  ...  0.000012  7.706799e+06  1.735093e+09
1589  1556.577764    0.000184  0.000046  ...  0.000012  7.776259e+06  1.735093e+09
1590  1556.585283    0.000189  0.000079  ...  0.000012  7.716539e+06  1.735093e+09
1591  1556.577661    0.000184  0.000047  ...  0.000012  7.777667e+06  1.735093e+09

[1592 rows x 13 columns]
