CHANNEL_0_1
           cbragg  cbragg_err   credchi  ...  cdelta_n            cL     timestamp
0     1544.622823    0.000102  0.000046  ...  0.000012  7.661739e+06  1.735188e+09
1     1544.630370    0.000150  0.000055  ...  0.000012  7.672636e+06  1.735188e+09
2     1544.622777    0.000188  0.000045  ...  0.000012  7.661903e+06  1.735188e+09
3     1544.630421    0.000120  0.000055  ...  0.000012  7.674336e+06  1.735188e+09
4     1544.622767    0.000334  0.000047  ...  0.000012  7.659571e+06  1.735188e+09
...           ...         ...       ...  ...       ...           ...           ...
1587  1544.629674    0.000105  0.000055  ...  0.000012  7.675544e+06  1.735204e+09
1588  1544.621945    0.000111  0.000045  ...  0.000012  7.658426e+06  1.735204e+09
1589  1544.629767    0.000104  0.000056  ...  0.000012  7.669764e+06  1.735204e+09
1590  1544.622023    0.000265  0.000046  ...  0.000012  7.660349e+06  1.735204e+09
1591  1544.629735    0.000103  0.000055  ...  0.000012  7.674790e+06  1.735204e+09

[1592 rows x 13 columns]
CHANNEL_0_2
           cbragg  cbragg_err   credchi  ...  cdelta_n            cL     timestamp
0     1545.462112    0.000089  0.000017  ...  0.000012  7.592680e+06  1.735188e+09
1     1545.462145    0.000092  0.000019  ...  0.000012  7.599026e+06  1.735188e+09
2     1545.462126    0.000091  0.000018  ...  0.000012  7.597925e+06  1.735188e+09
3     1545.462207    0.000090  0.000018  ...  0.000012  7.597869e+06  1.735188e+09
4     1545.462073    0.000090  0.000018  ...  0.000012  7.538954e+06  1.735188e+09
...           ...         ...       ...  ...       ...           ...           ...
1587  1545.461471    0.000089  0.000018  ...  0.000012  7.591287e+06  1.735204e+09
1588  1545.461232    0.000089  0.000017  ...  0.000012  7.611507e+06  1.735204e+09
1589  1545.461441    0.000091  0.000019  ...  0.000012  7.593841e+06  1.735204e+09
1590  1545.461425    0.000088  0.000017  ...  0.000012  7.608202e+06  1.735204e+09
1591  1545.461602    0.000090  0.000018  ...  0.000012  7.611310e+06  1.735204e+09

[1592 rows x 13 columns]
CHANNEL_0_3
           cbragg  cbragg_err   credchi  ...  cdelta_n            cL     timestamp
0     1546.182626    0.000104  0.000036  ...  0.000012  7.624499e+06  1.735188e+09
1     1546.189915    0.000105  0.000047  ...  0.000012  7.612415e+06  1.735188e+09
2     1546.182445    0.000103  0.000035  ...  0.000012  7.612227e+06  1.735188e+09
3     1546.189910    0.000109  0.000052  ...  0.000012  7.731334e+06  1.735188e+09
4     1546.182354    0.000104  0.000035  ...  0.000012  7.623050e+06  1.735188e+09
...           ...         ...       ...  ...       ...           ...           ...
1587  1546.188283    0.000103  0.000046  ...  0.000012  7.632000e+06  1.735204e+09
1588  1546.180721    0.000104  0.000036  ...  0.000012  7.629985e+06  1.735204e+09
1589  1546.188259    0.000100  0.000043  ...  0.000012  7.628794e+06  1.735204e+09
1590  1546.180791    0.000104  0.000036  ...  0.000012  7.634609e+06  1.735204e+09
1591  1546.188180    0.000106  0.000049  ...  0.000012  7.632169e+06  1.735204e+09

[1592 rows x 13 columns]
CHANNEL_0_4
           cbragg  cbragg_err   credchi  ...  cdelta_n            cL     timestamp
0     1547.119503    0.000119  0.000051  ...  0.000012  7.850228e+06  1.735188e+09
1     1547.119275    0.000121  0.000056  ...  0.000012  7.950535e+06  1.735188e+09
2     1547.119567    0.000116  0.000049  ...  0.000012  7.845696e+06  1.735188e+09
3     1547.119283    0.000116  0.000050  ...  0.000012  7.849141e+06  1.735188e+09
4     1547.119469    0.000148  0.000051  ...  0.000012  7.849429e+06  1.735188e+09
...           ...         ...       ...  ...       ...           ...           ...
1587  1547.119273    0.000114  0.000049  ...  0.000012  7.851126e+06  1.735204e+09
1588  1547.119261    0.000117  0.000050  ...  0.000012  7.885711e+06  1.735204e+09
1589  1547.119031    0.000123  0.000058  ...  0.000012  7.967067e+06  1.735204e+09
1590  1547.119285    0.000118  0.000050  ...  0.000012  7.855900e+06  1.735204e+09
1591  1547.119220    0.000118  0.000052  ...  0.000012  7.840559e+06  1.735204e+09

[1592 rows x 13 columns]
CHANNEL_0_5
           cbragg  cbragg_err   credchi  ...  cdelta_n            cL     timestamp
0     1548.093423    0.000094  0.000044  ...  0.000012  7.663126e+06  1.735188e+09
1     1548.096732    0.000102  0.000042  ...  0.000012  7.751898e+06  1.735188e+09
2     1548.093413    0.000093  0.000042  ...  0.000012  7.661514e+06  1.735188e+09
3     1548.096732    0.000098  0.000038  ...  0.000012  7.663257e+06  1.735188e+09
4     1548.093427    0.000093  0.000042  ...  0.000012  7.669383e+06  1.735188e+09
...           ...         ...       ...  ...       ...           ...           ...
1587  1548.096677    0.000096  0.000037  ...  0.000012  7.676599e+06  1.735204e+09
1588  1548.093213    0.000092  0.000041  ...  0.000012  7.669071e+06  1.735204e+09
1589  1548.096601    0.000097  0.000038  ...  0.000012  7.675667e+06  1.735204e+09
1590  1548.093181    0.000093  0.000043  ...  0.000012  7.665368e+06  1.735204e+09
1591  1548.096648    0.000093  0.000034  ...  0.000012  7.673448e+06  1.735204e+09

[1592 rows x 13 columns]
CHANNEL_0_6
           cbragg  cbragg_err   credchi  ...  cdelta_n            cL     timestamp
0     1549.071269    0.000079  0.000024  ...  0.000012  7.537063e+06  1.735188e+09
1     1549.079432    0.000083  0.000044  ...  0.000012  7.467169e+06  1.735188e+09
2     1549.071396    0.000078  0.000023  ...  0.000012  7.546185e+06  1.735188e+09
3     1549.079551    0.000082  0.000042  ...  0.000012  7.473220e+06  1.735188e+09
4     1549.071368    0.000081  0.000025  ...  0.000012  7.597342e+06  1.735188e+09
...           ...         ...       ...  ...       ...           ...           ...
1587  1549.079368    0.000082  0.000043  ...  0.000012  7.463215e+06  1.735204e+09
1588  1549.071159    0.000078  0.000023  ...  0.000012  7.531894e+06  1.735204e+09
1589  1549.079359    0.000082  0.000042  ...  0.000012  7.475341e+06  1.735204e+09
1590  1549.071145    0.000090  0.000031  ...  0.000012  7.680505e+06  1.735204e+09
1591  1549.079331    0.000083  0.000044  ...  0.000012  7.466702e+06  1.735204e+09

[1592 rows x 13 columns]
CHANNEL_0_7
           cbragg  cbragg_err   credchi  ...  cdelta_n            cL     timestamp
0     1550.076743    0.000121  0.000045  ...  0.000012  7.614500e+06  1.735188e+09
1     1550.076952    0.000122  0.000044  ...  0.000012  7.629691e+06  1.735188e+09
2     1550.076826    0.000123  0.000046  ...  0.000012  7.617700e+06  1.735188e+09
3     1550.077052    0.000122  0.000044  ...  0.000012  7.646408e+06  1.735188e+09
4     1550.076727    0.000123  0.000046  ...  0.000012  7.614155e+06  1.735188e+09
...           ...         ...       ...  ...       ...           ...           ...
1587  1550.077091    0.000122  0.000044  ...  0.000012  7.631949e+06  1.735204e+09
1588  1550.076612    0.000122  0.000046  ...  0.000012  7.587264e+06  1.735204e+09
1589  1550.076983    0.000121  0.000044  ...  0.000012  7.631520e+06  1.735204e+09
1590  1550.076448    0.000122  0.000046  ...  0.000012  7.648766e+06  1.735204e+09
1591  1550.076953    0.000122  0.000045  ...  0.000012  7.641598e+06  1.735204e+09

[1592 rows x 13 columns]
CHANNEL_0_8
           cbragg  cbragg_err   credchi  ...  cdelta_n            cL     timestamp
0     1551.050042    0.000072  0.000015  ...  0.000012  7.614168e+06  1.735188e+09
1     1551.055328    0.000072  0.000017  ...  0.000012  7.615179e+06  1.735188e+09
2     1551.050193    0.000072  0.000015  ...  0.000012  7.620508e+06  1.735188e+09
3     1551.055465    0.000112  0.000042  ...  0.000012  7.868325e+06  1.735188e+09
4     1551.050111    0.000074  0.000016  ...  0.000012  7.612002e+06  1.735188e+09
...           ...         ...       ...  ...       ...           ...           ...
1587  1551.053771    0.000073  0.000017  ...  0.000012  7.621891e+06  1.735204e+09
1588  1551.048395    0.000071  0.000015  ...  0.000012  7.617389e+06  1.735204e+09
1589  1551.053761    0.000074  0.000018  ...  0.000012  7.632590e+06  1.735204e+09
1590  1551.048450    0.000072  0.000015  ...  0.000012  7.612877e+06  1.735204e+09
1591  1551.053820    0.000074  0.000018  ...  0.000012  7.622433e+06  1.735204e+09

[1592 rows x 13 columns]
CHANNEL_0_9
           cbragg  cbragg_err   credchi  ...  cdelta_n            cL     timestamp
0     1552.031449    0.000089  0.000016  ...  0.000012  7.711881e+06  1.735188e+09
1     1552.039377    0.000086  0.000026  ...  0.000012  7.671927e+06  1.735188e+09
2     1552.031471    0.000092  0.000016  ...  0.000012  7.719486e+06  1.735188e+09
3     1552.039348    0.000088  0.000027  ...  0.000012  7.670762e+06  1.735188e+09
4     1552.031474    0.000093  0.000017  ...  0.000012  7.694645e+06  1.735188e+09
...           ...         ...       ...  ...       ...           ...           ...
1587  1552.037859    0.000086  0.000027  ...  0.000012  7.679329e+06  1.735204e+09
1588  1552.029734    0.000089  0.000015  ...  0.000012  7.721170e+06  1.735204e+09
1589  1552.037771    0.000088  0.000027  ...  0.000012  7.675176e+06  1.735204e+09
1590  1552.029761    0.000091  0.000016  ...  0.000012  7.721827e+06  1.735204e+09
1591  1552.037755    0.000089  0.000028  ...  0.000012  7.670083e+06  1.735204e+09

[1592 rows x 13 columns]
CHANNEL_0_10
           cbragg  cbragg_err   credchi  ...  cdelta_n            cL     timestamp
0     1553.041272    0.000096  0.000023  ...  0.000012  7.671277e+06  1.735188e+09
1     1553.039996    0.000093  0.000016  ...  0.000012  7.735394e+06  1.735188e+09
2     1553.041261    0.000094  0.000022  ...  0.000012  7.680525e+06  1.735188e+09
3     1553.040055    0.000095  0.000017  ...  0.000012  7.722304e+06  1.735188e+09
4     1553.041327    0.000097  0.000023  ...  0.000012  7.681787e+06  1.735188e+09
...           ...         ...       ...  ...       ...           ...           ...
1587  1553.038527    0.000134  0.000031  ...  0.000012  7.413329e+06  1.735204e+09
1588  1553.039486    0.000095  0.000022  ...  0.000012  7.665706e+06  1.735204e+09
1589  1553.038434    0.000095  0.000017  ...  0.000012  7.706091e+06  1.735204e+09
1590  1553.039594    0.000116  0.000033  ...  0.000012  7.504685e+06  1.735204e+09
1591  1553.038473    0.000095  0.000017  ...  0.000012  7.711819e+06  1.735204e+09

[1592 rows x 13 columns]
CHANNEL_0_11
           cbragg  cbragg_err   credchi  ...  cdelta_n            cL     timestamp
0     1554.046208    0.000075  0.000009  ...  0.000012  7.678323e+06  1.735188e+09
1     1554.053935    0.000073  0.000014  ...  0.000012  7.619740e+06  1.735188e+09
2     1554.046286    0.000076  0.000009  ...  0.000012  7.674500e+06  1.735188e+09
3     1554.053925    0.000074  0.000015  ...  0.000012  7.610614e+06  1.735188e+09
4     1554.046252    0.000074  0.000009  ...  0.000012  7.633968e+06  1.735188e+09
...           ...         ...       ...  ...       ...           ...           ...
1587  1554.052256    0.000072  0.000014  ...  0.000012  7.645633e+06  1.735204e+09
1588  1554.044362    0.000074  0.000009  ...  0.000012  7.691568e+06  1.735204e+09
1589  1554.052383    0.000074  0.000015  ...  0.000012  7.641873e+06  1.735204e+09
1590  1554.044488    0.000073  0.000008  ...  0.000012  7.691440e+06  1.735204e+09
1591  1554.052236    0.000074  0.000015  ...  0.000012  7.571369e+06  1.735204e+09

[1592 rows x 13 columns]
CHANNEL_0_12
           cbragg  cbragg_err   credchi  ...  cdelta_n            cL     timestamp
0     1555.074587    0.000115  0.000047  ...  0.000012  7.517967e+06  1.735188e+09
1     1555.074310    0.000116  0.000044  ...  0.000012  7.525213e+06  1.735188e+09
2     1555.074751    0.000117  0.000048  ...  0.000012  7.522167e+06  1.735188e+09
3     1555.074414    0.000120  0.000046  ...  0.000012  7.425279e+06  1.735188e+09
4     1555.074592    0.000116  0.000048  ...  0.000012  7.507116e+06  1.735188e+09
...           ...         ...       ...  ...       ...           ...           ...
1587  1555.072758    0.000116  0.000044  ...  0.000012  7.542353e+06  1.735204e+09
1588  1555.072910    0.000122  0.000053  ...  0.000012  7.618482e+06  1.735204e+09
1589  1555.072693    0.000113  0.000042  ...  0.000012  7.528783e+06  1.735204e+09
1590  1555.072949    0.000114  0.000045  ...  0.000012  7.531738e+06  1.735204e+09
1591  1555.072703    0.000143  0.000071  ...  0.000012  7.784107e+06  1.735204e+09

[1592 rows x 13 columns]
CHANNEL_0_13
           cbragg  cbragg_err   credchi  ...  cdelta_n            cL     timestamp
0     1556.046800    0.000142  0.000038  ...  0.000012  7.679710e+06  1.735188e+09
1     1556.053096    0.000136  0.000043  ...  0.000012  7.681250e+06  1.735188e+09
2     1556.046881    0.000137  0.000035  ...  0.000012  7.680923e+06  1.735188e+09
3     1556.053154    0.000137  0.000044  ...  0.000012  7.681085e+06  1.735188e+09
4     1556.046822    0.000141  0.000037  ...  0.000012  7.669231e+06  1.735188e+09
...           ...         ...       ...  ...       ...           ...           ...
1587  1556.051696    0.000139  0.000045  ...  0.000012  7.667523e+06  1.735204e+09
1588  1556.045133    0.000143  0.000038  ...  0.000012  7.667901e+06  1.735204e+09
1589  1556.051530    0.000138  0.000044  ...  0.000012  7.679529e+06  1.735204e+09
1590  1556.045102    0.000138  0.000035  ...  0.000012  7.621668e+06  1.735204e+09
1591  1556.051584    0.000137  0.000043  ...  0.000012  7.671866e+06  1.735204e+09

[1592 rows x 13 columns]
CHANNEL_0_14
           cbragg  cbragg_err   credchi  ...  cdelta_n            cL     timestamp
0     1557.019394    0.000097  0.000026  ...  0.000012  7.661325e+06  1.735188e+09
1     1557.021961    0.000100  0.000036  ...  0.000012  7.616135e+06  1.735188e+09
2     1557.019474    0.000098  0.000027  ...  0.000012  7.663454e+06  1.735188e+09
3     1557.021965    0.000100  0.000036  ...  0.000012  7.615700e+06  1.735188e+09
4     1557.019398    0.000098  0.000027  ...  0.000012  7.638604e+06  1.735188e+09
...           ...         ...       ...  ...       ...           ...           ...
1587  1557.020369    0.000100  0.000036  ...  0.000012  7.613570e+06  1.735204e+09
1588  1557.017665    0.000096  0.000026  ...  0.000012  7.666360e+06  1.735204e+09
1589  1557.020304    0.000100  0.000036  ...  0.000012  7.612666e+06  1.735204e+09
1590  1557.017661    0.000098  0.000027  ...  0.000012  7.660961e+06  1.735204e+09
1591  1557.020308    0.000100  0.000036  ...  0.000012  7.612767e+06  1.735204e+09

[1592 rows x 13 columns]
CHANNEL_1_1
           cbragg  cbragg_err   credchi  ...  cdelta_n            cL     timestamp
0     1556.185783    0.000067  0.000004  ...  0.000012  2.676676e+06  1.735188e+09
1     1556.186217    0.000099  0.000009  ...  0.000012  2.707615e+06  1.735188e+09
2     1556.186223    0.000080  0.000006  ...  0.000012  2.673502e+06  1.735188e+09
3     1556.186364    0.000160  0.000022  ...  0.000012  2.590356e+06  1.735188e+09
4     1556.186099    0.000243  0.000050  ...  0.000012  2.549591e+06  1.735188e+09
...           ...         ...       ...  ...       ...           ...           ...
1587  1556.186001    0.000184  0.000028  ...  0.000012  2.575432e+06  1.735204e+09
1588  1556.184636    0.000891  0.001384  ...  0.000012  3.304987e+06  1.735204e+09
1589  1556.185591    0.000069  0.000004  ...  0.000012  2.668366e+06  1.735204e+09
1590  1556.185811    0.000075  0.000005  ...  0.000012  2.672732e+06  1.735204e+09
1591  1556.185947    0.000073  0.000005  ...  0.000012  2.689635e+06  1.735204e+09

[1592 rows x 13 columns]
CHANNEL_1_2
           cbragg  cbragg_err   credchi  ...  cdelta_n            cL     timestamp
0     1558.202449    0.000128  0.000023  ...  0.000012  2.792703e+06  1.735188e+09
1     1558.204442    0.000631  0.000895  ...  0.000012  3.249352e+06  1.735188e+09
2     1558.202452    0.000129  0.000024  ...  0.000012  2.794504e+06  1.735188e+09
3     1558.204081    0.001065  0.003062  ...  0.000012  3.564598e+06  1.735188e+09
4     1558.202416    0.000141  0.000027  ...  0.000012  2.756993e+06  1.735188e+09
...           ...         ...       ...  ...       ...           ...           ...
1587  1558.205398    0.000118  0.000020  ...  0.000012  2.786419e+06  1.735204e+09
1588  1558.201548    0.000672  0.000940  ...  0.000012  3.235069e+06  1.735204e+09
1589  1558.205296    0.000115  0.000019  ...  0.000012  2.795996e+06  1.735204e+09
1590  1558.202682    0.000368  0.000158  ...  0.000012  2.615765e+06  1.735204e+09
1591  1558.205507    0.000167  0.000037  ...  0.000012  2.730409e+06  1.735204e+09

[1592 rows x 13 columns]
CHANNEL_1_3
           cbragg  cbragg_err   credchi  ...  cdelta_n            cL     timestamp
0     1561.017746    0.000550  0.000662  ...  0.000012  3.296799e+06  1.735188e+09
1     1561.013838    0.000043  0.000003  ...  0.000012  2.937283e+06  1.735188e+09
2     1561.017760    0.000066  0.000007  ...  0.000012  2.936990e+06  1.735188e+09
3     1561.013721    0.000140  0.000031  ...  0.000012  2.892918e+06  1.735188e+09
4     1561.017794    0.000222  0.000092  ...  0.000012  3.081769e+06  1.735188e+09
...           ...         ...       ...  ...       ...           ...           ...
1587  1561.012199    0.000051  0.000004  ...  0.000012  2.916043e+06  1.735204e+09
1588  1561.016184    0.000074  0.000009  ...  0.000012  2.906899e+06  1.735204e+09
1589  1561.012232    0.000047  0.000004  ...  0.000012  2.920145e+06  1.735204e+09
1590  1561.016398    0.000051  0.000004  ...  0.000012  2.931814e+06  1.735204e+09
1591  1561.012409    0.000094  0.000014  ...  0.000012  2.950957e+06  1.735204e+09

[1592 rows x 13 columns]
CHANNEL_2_1
           cbragg  cbragg_err   credchi  ...  cdelta_n            cL     timestamp
0     1543.606549    0.000089  0.000007  ...  0.000012  2.767497e+06  1.735188e+09
1     1543.605266    0.000078  0.000006  ...  0.000012  2.768150e+06  1.735188e+09
2     1543.606540    0.000081  0.000007  ...  0.000012  2.765031e+06  1.735188e+09
3     1543.605193    0.000081  0.000006  ...  0.000012  2.768067e+06  1.735188e+09
4     1543.606910    0.000080  0.000006  ...  0.000012  2.767142e+06  1.735188e+09
...           ...         ...       ...  ...       ...           ...           ...
1587  1543.604532    0.000083  0.000006  ...  0.000012  2.769088e+06  1.735204e+09
1588  1543.605902    0.000080  0.000006  ...  0.000012  2.767305e+06  1.735204e+09
1589  1543.604622    0.000080  0.000006  ...  0.000012  2.769147e+06  1.735204e+09
1590  1543.605853    0.000155  0.000007  ...  0.000012  2.768131e+06  1.735204e+09
1591  1543.604724    0.000082  0.000006  ...  0.000012  2.768518e+06  1.735204e+09

[1592 rows x 13 columns]
CHANNEL_2_2
           cbragg  cbragg_err   credchi  ...  cdelta_n            cL     timestamp
0     1545.926735    0.000776  0.000295  ...  0.000012  2.359644e+06  1.735188e+09
1     1545.927422    0.000117  0.000010  ...  0.000012  2.688419e+06  1.735188e+09
2     1545.925644    0.000116  0.000010  ...  0.000012  2.688076e+06  1.735188e+09
3     1545.926633    0.000374  0.000141  ...  0.000012  2.924711e+06  1.735188e+09
4     1545.924857    0.000377  0.000135  ...  0.000012  2.902750e+06  1.735188e+09
...           ...         ...       ...  ...       ...           ...           ...
1587  1545.927647    0.000154  0.000017  ...  0.000012  2.639635e+06  1.735204e+09
1588  1545.925621    0.000117  0.000010  ...  0.000012  2.700377e+06  1.735204e+09
1589  1545.927376    0.000114  0.000010  ...  0.000012  2.700191e+06  1.735204e+09
1590  1545.923151    0.000931  0.001227  ...  0.000012  3.345595e+06  1.735204e+09
1591  1545.927930    0.000246  0.000041  ...  0.000012  2.592801e+06  1.735204e+09

[1592 rows x 13 columns]
CHANNEL_2_3
           cbragg  cbragg_err   credchi  ...  cdelta_n            cL     timestamp
0     1548.521789    0.001283  0.003343  ...  0.000012  3.860444e+06  1.735188e+09
1     1548.522299    0.000211  0.000042  ...  0.000012  2.781444e+06  1.735188e+09
2     1548.521756    0.000689  0.000745  ...  0.000012  3.366804e+06  1.735188e+09
3     1548.522457    0.000099  0.000010  ...  0.000012  2.878185e+06  1.735188e+09
4     1548.521426    0.000100  0.000010  ...  0.000012  2.877796e+06  1.735188e+09
...           ...         ...       ...  ...       ...           ...           ...
1587  1548.520933    0.000095  0.000009  ...  0.000012  2.878436e+06  1.735204e+09
1588  1548.520807    0.001136  0.002298  ...  0.000012  3.663316e+06  1.735204e+09
1589  1548.520751    0.000100  0.000010  ...  0.000012  2.881801e+06  1.735204e+09
1590  1548.520727    0.000405  0.000181  ...  0.000012  3.010489e+06  1.735204e+09
1591  1548.521002    0.000098  0.000010  ...  0.000012  2.891877e+06  1.735204e+09

[1592 rows x 13 columns]
CHANNEL_3_1
           cbragg  cbragg_err   credchi  ...  cdelta_n            cL     timestamp
0     1544.146300    0.000163  0.000027  ...  0.000012  7.779748e+06  1.735188e+09
1     1544.141617    0.000119  0.000020  ...  0.000012  7.817062e+06  1.735188e+09
2     1544.146352    0.000126  0.000027  ...  0.000012  7.780212e+06  1.735188e+09
3     1544.141603    0.000124  0.000018  ...  0.000012  7.817919e+06  1.735188e+09
4     1544.146225    0.000116  0.000029  ...  0.000012  7.771440e+06  1.735188e+09
...           ...         ...       ...  ...       ...           ...           ...
1587  1544.140985    0.000116  0.000019  ...  0.000012  7.811926e+06  1.735204e+09
1588  1544.145730    0.000116  0.000026  ...  0.000012  7.765747e+06  1.735204e+09
1589  1544.141130    0.000131  0.000019  ...  0.000012  7.801376e+06  1.735204e+09
1590  1544.145704    0.000113  0.000028  ...  0.000012  7.762553e+06  1.735204e+09
1591  1544.141139    0.000133  0.000020  ...  0.000012  7.821449e+06  1.735204e+09

[1592 rows x 13 columns]
CHANNEL_3_2
           cbragg  cbragg_err   credchi  ...  cdelta_n            cL     timestamp
0     1545.045983    0.000112  0.000022  ...  0.000012  7.911977e+06  1.735188e+09
1     1545.055590    0.000136  0.000040  ...  0.000012  7.833072e+06  1.735188e+09
2     1545.046044    0.000114  0.000022  ...  0.000012  7.882004e+06  1.735188e+09
3     1545.055530    0.000145  0.000042  ...  0.000012  7.801948e+06  1.735188e+09
4     1545.046077    0.000110  0.000022  ...  0.000012  7.898230e+06  1.735188e+09
...           ...         ...       ...  ...       ...           ...           ...
1587  1545.054992    0.000148  0.000040  ...  0.000012  7.814847e+06  1.735204e+09
1588  1545.045146    0.000114  0.000023  ...  0.000012  7.906182e+06  1.735204e+09
1589  1545.054925    0.000119  0.000039  ...  0.000012  7.820170e+06  1.735204e+09
1590  1545.045224    0.000230  0.000023  ...  0.000012  7.902377e+06  1.735204e+09
1591  1545.054998    0.000230  0.000042  ...  0.000012  7.811913e+06  1.735204e+09

[1592 rows x 13 columns]
CHANNEL_3_3
           cbragg  cbragg_err   credchi  ...  cdelta_n            cL     timestamp
0     1545.787645    0.000107  0.000033  ...  0.000012  7.643795e+06  1.735188e+09
1     1545.786425    0.000111  0.000024  ...  0.000012  7.600826e+06  1.735188e+09
2     1545.787564    0.000104  0.000031  ...  0.000012  7.595987e+06  1.735188e+09
3     1545.786294    0.000114  0.000025  ...  0.000012  7.611276e+06  1.735188e+09
4     1545.787686    0.000103  0.000031  ...  0.000012  7.588387e+06  1.735188e+09
...           ...         ...       ...  ...       ...           ...           ...
1587  1545.784885    0.000117  0.000026  ...  0.000012  7.606537e+06  1.735204e+09
1588  1545.786053    0.000105  0.000032  ...  0.000012  7.581041e+06  1.735204e+09
1589  1545.784940    0.000114  0.000025  ...  0.000012  7.617516e+06  1.735204e+09
1590  1545.786100    0.000104  0.000031  ...  0.000012  7.597715e+06  1.735204e+09
1591  1545.784794    0.000110  0.000023  ...  0.000012  7.615235e+06  1.735204e+09

[1592 rows x 13 columns]
CHANNEL_3_4
           cbragg  cbragg_err   credchi  ...  cdelta_n            cL     timestamp
0     1546.687535    0.000099  0.000017  ...  0.000012  7.784228e+06  1.735188e+09
1     1546.694267    0.000099  0.000028  ...  0.000012  7.728691e+06  1.735188e+09
2     1546.687477    0.000101  0.000017  ...  0.000012  7.777856e+06  1.735188e+09
3     1546.694205    0.000100  0.000029  ...  0.000012  7.699415e+06  1.735188e+09
4     1546.687439    0.000100  0.000017  ...  0.000012  7.782800e+06  1.735188e+09
...           ...         ...       ...  ...       ...           ...           ...
1587  1546.694099    0.000102  0.000029  ...  0.000012  7.694941e+06  1.735204e+09
1588  1546.687239    0.000101  0.000017  ...  0.000012  7.778154e+06  1.735204e+09
1589  1546.694177    0.000103  0.000030  ...  0.000012  7.657700e+06  1.735204e+09
1590  1546.687285    0.000099  0.000017  ...  0.000012  7.785421e+06  1.735204e+09
1591  1546.694117    0.000100  0.000029  ...  0.000012  7.708544e+06  1.735204e+09

[1592 rows x 13 columns]
CHANNEL_3_5
           cbragg  cbragg_err   credchi  ...  cdelta_n            cL     timestamp
0     1547.709101    0.000077  0.000016  ...  0.000012  7.578911e+06  1.735188e+09
1     1547.712512    0.000080  0.000013  ...  0.000012  7.619946e+06  1.735188e+09
2     1547.708963    0.000077  0.000016  ...  0.000012  7.585424e+06  1.735188e+09
3     1547.712523    0.000093  0.000017  ...  0.000012  7.444282e+06  1.735188e+09
4     1547.709018    0.000078  0.000016  ...  0.000012  7.577334e+06  1.735188e+09
...           ...         ...       ...  ...       ...           ...           ...
1587  1547.712404    0.000081  0.000013  ...  0.000012  7.602590e+06  1.735204e+09
1588  1547.708802    0.000077  0.000016  ...  0.000012  7.586013e+06  1.735204e+09
1589  1547.712408    0.000114  0.000024  ...  0.000012  7.340552e+06  1.735204e+09
1590  1547.708741    0.000078  0.000016  ...  0.000012  7.575328e+06  1.735204e+09
1591  1547.712435    0.000081  0.000013  ...  0.000012  7.615586e+06  1.735204e+09

[1592 rows x 13 columns]
CHANNEL_3_6
           cbragg  cbragg_err   credchi  ...  cdelta_n            cL     timestamp
0     1548.697232    0.000082  0.000015  ...  0.000012  7.770967e+06  1.735188e+09
1     1548.697208    0.000081  0.000016  ...  0.000012  7.760509e+06  1.735188e+09
2     1548.697188    0.000083  0.000015  ...  0.000012  7.709997e+06  1.735188e+09
3     1548.697291    0.000080  0.000016  ...  0.000012  7.760396e+06  1.735188e+09
4     1548.697235    0.000082  0.000015  ...  0.000012  7.770201e+06  1.735188e+09
...           ...         ...       ...  ...       ...           ...           ...
1587  1548.697203    0.000082  0.000016  ...  0.000012  7.758581e+06  1.735204e+09
1588  1548.697040    0.000081  0.000015  ...  0.000012  7.779276e+06  1.735204e+09
1589  1548.697177    0.000081  0.000016  ...  0.000012  7.766142e+06  1.735204e+09
1590  1548.696961    0.000081  0.000015  ...  0.000012  7.774261e+06  1.735204e+09
1591  1548.697175    0.000081  0.000016  ...  0.000012  7.767877e+06  1.735204e+09

[1592 rows x 13 columns]
CHANNEL_3_7
           cbragg  cbragg_err   credchi  ...  cdelta_n            cL     timestamp
0     1549.712902    0.000088  0.000015  ...  0.000012  7.568747e+06  1.735188e+09
1     1549.720301    0.000089  0.000020  ...  0.000012  7.565823e+06  1.735188e+09
2     1549.713006    0.000089  0.000015  ...  0.000012  7.571806e+06  1.735188e+09
3     1549.720394    0.000088  0.000020  ...  0.000012  7.575313e+06  1.735188e+09
4     1549.712925    0.000090  0.000016  ...  0.000012  7.571492e+06  1.735188e+09
...           ...         ...       ...  ...       ...           ...           ...
1587  1549.720359    0.000087  0.000019  ...  0.000012  7.578314e+06  1.735204e+09
1588  1549.712730    0.000089  0.000015  ...  0.000012  7.524945e+06  1.735204e+09
1589  1549.720307    0.000087  0.000019  ...  0.000012  7.573429e+06  1.735204e+09
1590  1549.712608    0.000090  0.000016  ...  0.000012  7.575571e+06  1.735204e+09
1591  1549.720174    0.000089  0.000020  ...  0.000012  7.542154e+06  1.735204e+09

[1592 rows x 13 columns]
CHANNEL_3_8
           cbragg  cbragg_err   credchi  ...  cdelta_n            cL     timestamp
0     1550.673646    0.000089  0.000017  ...  0.000012  7.645336e+06  1.735188e+09
1     1550.667504    0.000095  0.000014  ...  0.000012  7.659629e+06  1.735188e+09
2     1550.673727    0.000090  0.000017  ...  0.000012  7.637824e+06  1.735188e+09
3     1550.667568    0.000093  0.000013  ...  0.000012  7.662854e+06  1.735188e+09
4     1550.673601    0.000091  0.000017  ...  0.000012  7.641632e+06  1.735188e+09
...           ...         ...       ...  ...       ...           ...           ...
1587  1550.665945    0.000094  0.000014  ...  0.000012  7.658013e+06  1.735204e+09
1588  1550.671951    0.000089  0.000016  ...  0.000012  7.646087e+06  1.735204e+09
1589  1550.665932    0.000093  0.000013  ...  0.000012  7.659084e+06  1.735204e+09
1590  1550.671938    0.000091  0.000017  ...  0.000012  7.629900e+06  1.735204e+09
1591  1550.665884    0.000095  0.000014  ...  0.000012  7.656689e+06  1.735204e+09

[1592 rows x 13 columns]
CHANNEL_3_9
           cbragg  cbragg_err   credchi  ...  cdelta_n            cL     timestamp
0     1551.663832    0.000096  0.000012  ...  0.000012  7.698815e+06  1.735188e+09
1     1551.670322    0.000091  0.000018  ...  0.000012  7.670185e+06  1.735188e+09
2     1551.663947    0.000095  0.000011  ...  0.000012  7.700172e+06  1.735188e+09
3     1551.670328    0.000092  0.000019  ...  0.000012  7.666905e+06  1.735188e+09
4     1551.663888    0.000095  0.000011  ...  0.000012  7.708064e+06  1.735188e+09
...           ...         ...       ...  ...       ...           ...           ...
1587  1551.668784    0.000093  0.000019  ...  0.000012  7.662018e+06  1.735204e+09
1588  1551.662131    0.000096  0.000011  ...  0.000012  7.712133e+06  1.735204e+09
1589  1551.668744    0.000090  0.000018  ...  0.000012  7.667351e+06  1.735204e+09
1590  1551.662203    0.000095  0.000011  ...  0.000012  7.710967e+06  1.735204e+09
1591  1551.668719    0.000093  0.000019  ...  0.000012  7.656112e+06  1.735204e+09

[1592 rows x 13 columns]
CHANNEL_3_10
           cbragg  cbragg_err   credchi  ...  cdelta_n            cL     timestamp
0     1552.677518    0.000161  0.000048  ...  0.000012  7.345536e+06  1.735188e+09
1     1552.670517    0.000112  0.000014  ...  0.000012  7.793515e+06  1.735188e+09
2     1552.677424    0.000103  0.000021  ...  0.000012  7.726311e+06  1.735188e+09
3     1552.670620    0.000112  0.000014  ...  0.000012  7.770997e+06  1.735188e+09
4     1552.677458    0.000102  0.000021  ...  0.000012  7.718152e+06  1.735188e+09
...           ...         ...       ...  ...       ...           ...           ...
1587  1552.668922    0.000113  0.000014  ...  0.000012  7.793795e+06  1.735204e+09
1588  1552.675806    0.000104  0.000021  ...  0.000012  7.734370e+06  1.735204e+09
1589  1552.668962    0.000110  0.000013  ...  0.000012  7.796728e+06  1.735204e+09
1590  1552.675828    0.000106  0.000022  ...  0.000012  7.724238e+06  1.735204e+09
1591  1552.669070    0.000109  0.000013  ...  0.000012  7.786551e+06  1.735204e+09

[1592 rows x 13 columns]
CHANNEL_3_11
           cbragg  cbragg_err   credchi  ...  cdelta_n            cL     timestamp
0     1553.639601    0.000132  0.000026  ...  0.000012  7.916620e+06  1.735188e+09
1     1553.642527    0.000131  0.000039  ...  0.000012  7.851238e+06  1.735188e+09
2     1553.639697    0.000132  0.000025  ...  0.000012  7.921043e+06  1.735188e+09
3     1553.642537    0.000132  0.000040  ...  0.000012  7.851922e+06  1.735188e+09
4     1553.639667    0.000133  0.000026  ...  0.000012  7.913152e+06  1.735188e+09
...           ...         ...       ...  ...       ...           ...           ...
1587  1553.640958    0.000132  0.000040  ...  0.000012  7.861230e+06  1.735204e+09
1588  1553.637852    0.000132  0.000026  ...  0.000012  7.925619e+06  1.735204e+09
1589  1553.640924    0.000130  0.000039  ...  0.000012  7.850526e+06  1.735204e+09
1590  1553.637899    0.000134  0.000027  ...  0.000012  7.918492e+06  1.735204e+09
1591  1553.641107    0.000130  0.000039  ...  0.000012  7.860315e+06  1.735204e+09

[1592 rows x 13 columns]
CHANNEL_3_12
           cbragg  cbragg_err   credchi  ...  cdelta_n            cL     timestamp
0     1554.619844    0.000127  0.000033  ...  0.000012  7.500033e+06  1.735188e+09
1     1554.614686    0.000103  0.000014  ...  0.000012  7.861854e+06  1.735188e+09
2     1554.619923    0.000127  0.000033  ...  0.000012  7.501909e+06  1.735188e+09
3     1554.614699    0.000103  0.000014  ...  0.000012  7.847501e+06  1.735188e+09
4     1554.619770    0.000096  0.000020  ...  0.000012  7.741431e+06  1.735188e+09
...           ...         ...       ...  ...       ...           ...           ...
1587  1554.613129    0.000103  0.000013  ...  0.000012  7.850667e+06  1.735204e+09
1588  1554.618091    0.000095  0.000020  ...  0.000012  7.782538e+06  1.735204e+09
1589  1554.613037    0.000102  0.000013  ...  0.000012  7.848759e+06  1.735204e+09
1590  1554.618048    0.000097  0.000020  ...  0.000012  7.782528e+06  1.735204e+09
1591  1554.612958    0.000105  0.000014  ...  0.000012  7.845976e+06  1.735204e+09

[1592 rows x 13 columns]
CHANNEL_3_13
           cbragg  cbragg_err   credchi  ...  cdelta_n            cL     timestamp
0     1555.621597    0.000092  0.000010  ...  0.000012  7.614894e+06  1.735188e+09
1     1555.627947    0.000087  0.000016  ...  0.000012  7.563068e+06  1.735188e+09
2     1555.621668    0.000092  0.000010  ...  0.000012  7.607412e+06  1.735188e+09
3     1555.628019    0.000087  0.000016  ...  0.000012  7.582036e+06  1.735188e+09
4     1555.621570    0.000092  0.000010  ...  0.000012  7.617248e+06  1.735188e+09
...           ...         ...       ...  ...       ...           ...           ...
1587  1555.626538    0.000088  0.000016  ...  0.000012  7.579721e+06  1.735204e+09
1588  1555.619922    0.000092  0.000010  ...  0.000012  7.625026e+06  1.735204e+09
1589  1555.626406    0.000088  0.000016  ...  0.000012  7.585810e+06  1.735204e+09
1590  1555.619985    0.000089  0.000009  ...  0.000012  7.635661e+06  1.735204e+09
1591  1555.626468    0.000084  0.000015  ...  0.000012  7.578934e+06  1.735204e+09

[1592 rows x 13 columns]
CHANNEL_3_14
           cbragg  cbragg_err   credchi  ...  cdelta_n            cL     timestamp
0     1556.582438    0.000187  0.000077  ...  0.000012  7.713178e+06  1.735188e+09
1     1556.575680    0.000182  0.000045  ...  0.000012  7.776079e+06  1.735188e+09
2     1556.582418    0.000188  0.000077  ...  0.000012  7.664958e+06  1.735188e+09
3     1556.575670    0.000184  0.000046  ...  0.000012  7.777577e+06  1.735188e+09
4     1556.582376    0.000189  0.000077  ...  0.000012  7.721412e+06  1.735188e+09
...           ...         ...       ...  ...       ...           ...           ...
1587  1556.574097    0.000184  0.000046  ...  0.000012  7.787284e+06  1.735204e+09
1588  1556.580722    0.000185  0.000075  ...  0.000012  7.709091e+06  1.735204e+09
1589  1556.574008    0.000184  0.000046  ...  0.000012  7.780002e+06  1.735204e+09
1590  1556.580760    0.000201  0.000084  ...  0.000012  7.473108e+06  1.735204e+09
1591  1556.574100    0.000183  0.000045  ...  0.000012  7.776966e+06  1.735204e+09

[1592 rows x 13 columns]
