000 (11451992.447.000) 01/28 14:31:49 Job submitted from host: <188.185.114.121:9618?addrs=188.185.114.121-9618+[2001-1458-d00-a--100-273]-9618&alias=bigbird19.cern.ch&noUDP&sock=schedd_2045_4743>
...
040 (11451992.447.000) 01/28 16:21:40 Started transferring input files
	Transferring to host: <188.185.198.92:9618?addrs=188.185.198.92-9618+[2001-1458-303-25--100-58]-9618&alias=b9p15p3439.cern.ch&noUDP&sock=slot1_3_613494_c5ad_3750>
...
040 (11451992.447.000) 01/28 16:21:40 Finished transferring input files
...
001 (11451992.447.000) 01/28 16:21:41 Job executing on host: <188.185.198.92:9618?addrs=188.185.198.92-9618+[2001-1458-303-25--100-58]-9618&alias=b9p15p3439.cern.ch&noUDP&sock=startd_11789_da16>
	SlotName: slot1_3@b9p15p3439.cern.ch
	CondorScratchDir = "/pool/condor/dir_3027046"
	Cpus = 1
	Disk = 2963502
	Memory = 3000
...
006 (11451992.447.000) 01/28 16:21:50 Image size of job updated: 1
	0  -  MemoryUsage of job (MB)
	0  -  ResidentSetSize of job (KB)
...
006 (11451992.447.000) 01/28 16:26:51 Image size of job updated: 178080
	174  -  MemoryUsage of job (MB)
	178080  -  ResidentSetSize of job (KB)
...
006 (11451992.447.000) 01/28 16:31:52 Image size of job updated: 260236
	254  -  MemoryUsage of job (MB)
	259980  -  ResidentSetSize of job (KB)
...
006 (11451992.447.000) 01/28 16:36:52 Image size of job updated: 347632
	340  -  MemoryUsage of job (MB)
	347504  -  ResidentSetSize of job (KB)
...
006 (11451992.447.000) 01/28 16:41:52 Image size of job updated: 436112
	426  -  MemoryUsage of job (MB)
	435980  -  ResidentSetSize of job (KB)
...
006 (11451992.447.000) 01/28 16:46:53 Image size of job updated: 521776
	510  -  MemoryUsage of job (MB)
	521776  -  ResidentSetSize of job (KB)
...
006 (11451992.447.000) 01/28 16:51:53 Image size of job updated: 611464
	598  -  MemoryUsage of job (MB)
	611336  -  ResidentSetSize of job (KB)
...
006 (11451992.447.000) 01/28 16:56:53 Image size of job updated: 702956
	687  -  MemoryUsage of job (MB)
	702828  -  ResidentSetSize of job (KB)
...
006 (11451992.447.000) 01/28 17:01:54 Image size of job updated: 784504
	767  -  MemoryUsage of job (MB)
	784504  -  ResidentSetSize of job (KB)
...
006 (11451992.447.000) 01/28 17:06:55 Image size of job updated: 875728
	855  -  MemoryUsage of job (MB)
	875348  -  ResidentSetSize of job (KB)
...
006 (11451992.447.000) 01/28 17:11:55 Image size of job updated: 1060500
	1036  -  MemoryUsage of job (MB)
	1060376  -  ResidentSetSize of job (KB)
...
006 (11451992.447.000) 01/28 17:16:56 Image size of job updated: 1635992
	1598  -  MemoryUsage of job (MB)
	1635992  -  ResidentSetSize of job (KB)
...
006 (11451992.447.000) 01/28 17:21:57 Image size of job updated: 1860488
	1817  -  MemoryUsage of job (MB)
	1860332  -  ResidentSetSize of job (KB)
...
006 (11451992.447.000) 01/28 17:26:57 Image size of job updated: 1952304
	1907  -  MemoryUsage of job (MB)
	1952148  -  ResidentSetSize of job (KB)
...
006 (11451992.447.000) 01/28 17:31:57 Image size of job updated: 1952404
	1907  -  MemoryUsage of job (MB)
	1952148  -  ResidentSetSize of job (KB)
...
040 (11451992.447.000) 01/28 18:14:12 Started transferring output files
...
040 (11451992.447.000) 01/28 18:14:12 Finished transferring output files
...
005 (11451992.447.000) 01/28 18:14:12 Job terminated.
	(1) Normal termination (return value 0)
		Usr 0 01:41:55, Sys 0 00:00:48  -  Run Remote Usage
		Usr 0 00:00:00, Sys 0 00:00:00  -  Run Local Usage
		Usr 0 01:41:55, Sys 0 00:00:48  -  Total Remote Usage
		Usr 0 00:00:00, Sys 0 00:00:00  -  Total Local Usage
	40692  -  Run Bytes Sent By Job
	5797  -  Run Bytes Received By Job
	40692  -  Total Bytes Sent By Job
	5797  -  Total Bytes Received By Job
	Partitionable Resources :    Usage  Request Allocated 
	   Cpus                 :     0.98        1         1 
	   Disk (KB)            :    68          10   2963502 
	   Memory (MB)          :  1907        3000      3000 

	Job terminated of its own accord at 2025-01-28T17:14:12Z with exit-code 0.
...
