CHANNEL_0_1
        cbragg  cbragg_err   credchi  ...  cdelta_n            cL     timestamp
0  1544.215472    0.000103  0.000040  ...  0.000012  7.706086e+06  1.737580e+09
1  1544.216213    0.000105  0.000053  ...  0.000012  7.648267e+06  1.737580e+09

[2 rows x 13 columns]
CHANNEL_0_2
        cbragg  cbragg_err   credchi  ...  cdelta_n            cL     timestamp
0  1545.170034    0.000080  0.000017  ...  0.000012  7.684948e+06  1.737580e+09
1  1545.169590    0.000086  0.000014  ...  0.000012  7.683417e+06  1.737580e+09

[2 rows x 13 columns]
CHANNEL_0_3
        cbragg  cbragg_err   credchi  ...  cdelta_n            cL     timestamp
0  1546.155541    0.000113  0.000048  ...  0.000012  7.651248e+06  1.737580e+09
1  1546.152581    0.000112  0.000046  ...  0.000012  7.627286e+06  1.737580e+09

[2 rows x 13 columns]
CHANNEL_0_4
        cbragg  cbragg_err   credchi  ...  cdelta_n            cL     timestamp
0  1547.147630    0.000117  0.000058  ...  0.000012  7.829746e+06  1.737580e+09
1  1547.147582    0.000118  0.000045  ...  0.000012  7.859048e+06  1.737580e+09

[2 rows x 13 columns]
CHANNEL_0_5
        cbragg  cbragg_err   credchi  ...  cdelta_n            cL     timestamp
0  1548.121327    0.000095  0.000033  ...  0.000012  7.690856e+06  1.737580e+09
1  1548.123971    0.000096  0.000050  ...  0.000012  7.634891e+06  1.737580e+09

[2 rows x 13 columns]
CHANNEL_0_6
        cbragg  cbragg_err   credchi  ...  cdelta_n            cL     timestamp
0  1549.107718    0.000091  0.000055  ...  0.000012  7.552169e+06  1.737580e+09
1  1549.098965    0.000078  0.000023  ...  0.000012  7.536276e+06  1.737580e+09

[2 rows x 13 columns]
CHANNEL_0_7
        cbragg  cbragg_err   credchi  ...  cdelta_n            cL     timestamp
0  1550.103192     0.00012  0.000043  ...  0.000012  7.629465e+06  1.737580e+09
1  1550.106987     0.00012  0.000047  ...  0.000012  7.626008e+06  1.737580e+09

[2 rows x 13 columns]
CHANNEL_0_8
        cbragg  cbragg_err   credchi  ...  cdelta_n            cL     timestamp
0  1551.080310    0.000073  0.000016  ...  0.000012  7.619026e+06  1.737580e+09
1  1551.079933    0.000073  0.000018  ...  0.000012  7.592807e+06  1.737580e+09

[2 rows x 13 columns]
CHANNEL_0_9
        cbragg  cbragg_err   credchi  ...  cdelta_n            cL     timestamp
0  1552.065592    0.000085  0.000024  ...  0.000012  7.678453e+06  1.737580e+09
1  1552.060794    0.000090  0.000018  ...  0.000012  7.687716e+06  1.737580e+09

[2 rows x 13 columns]
CHANNEL_0_10
        cbragg  cbragg_err   credchi  ...  cdelta_n            cL     timestamp
0  1553.066790    0.000091  0.000018  ...  0.000012  7.708610e+06  1.737580e+09
1  1553.069484    0.000090  0.000020  ...  0.000012  7.720987e+06  1.737580e+09

[2 rows x 13 columns]
CHANNEL_0_11
        cbragg  cbragg_err   credchi  ...  cdelta_n            cL     timestamp
0  1554.081081    0.000073  0.000013  ...  0.000012  7.629144e+06  1.737580e+09
1  1554.074024    0.000074  0.000010  ...  0.000012  7.649856e+06  1.737580e+09

[2 rows x 13 columns]
CHANNEL_0_12
        cbragg  cbragg_err   credchi  ...  cdelta_n            cL     timestamp
0  1555.102631    0.000112  0.000051  ...  0.000012  7.514874e+06  1.737580e+09
1  1555.100283    0.000117  0.000043  ...  0.000012  7.538046e+06  1.737580e+09

[2 rows x 13 columns]
CHANNEL_0_13
        cbragg  cbragg_err   credchi  ...  cdelta_n            cL     timestamp
0  1556.076005    0.000144  0.000036  ...  0.000012  7.666215e+06  1.737580e+09
1  1556.076039    0.000139  0.000044  ...  0.000012  7.647061e+06  1.737580e+09

[2 rows x 13 columns]
CHANNEL_0_14
        cbragg  cbragg_err   credchi  ...  cdelta_n            cL     timestamp
0  1557.050527    0.000096  0.000041  ...  0.000012  7.648387e+06  1.737580e+09
1  1557.042825    0.000092  0.000020  ...  0.000012  7.726802e+06  1.737580e+09

[2 rows x 13 columns]
CHANNEL_1_1
        cbragg  cbragg_err   credchi  ...  cdelta_n            cL     timestamp
0  1555.115218    0.000160  0.000018  ...  0.000012  2.547636e+06  1.737580e+09
1  1555.118544    0.000109  0.000009  ...  0.000012  2.617905e+06  1.737580e+09

[2 rows x 13 columns]
CHANNEL_1_2
        cbragg  cbragg_err   credchi  ...  cdelta_n            cL     timestamp
0  1558.264836    0.000279  0.000095  ...  0.000012  2.657329e+06  1.737580e+09
1  1558.267181    0.000111  0.000017  ...  0.000012  2.819776e+06  1.737580e+09

[2 rows x 13 columns]
CHANNEL_1_3
        cbragg  cbragg_err   credchi  ...  cdelta_n            cL     timestamp
0  1561.083550    0.000128  0.000030  ...  0.000012  3.025817e+06  1.737580e+09
1  1561.080537    0.000035  0.000002  ...  0.000012  2.932453e+06  1.737580e+09

[2 rows x 13 columns]
CHANNEL_2_1
        cbragg  cbragg_err   credchi  ...  cdelta_n            cL     timestamp
0  1542.568534     0.00008  0.000004  ...  0.000012  2.751067e+06  1.737580e+09
1  1542.568309     0.00006  0.000003  ...  0.000012  2.750973e+06  1.737580e+09

[2 rows x 13 columns]
CHANNEL_2_2
        cbragg  cbragg_err   credchi  ...  cdelta_n            cL     timestamp
0  1546.003229    0.000491  0.000253  ...  0.000012  2.975592e+06  1.737580e+09
1  1546.002598    0.001028  0.001557  ...  0.000012  3.337224e+06  1.737580e+09

[2 rows x 13 columns]
CHANNEL_2_3
        cbragg  cbragg_err   credchi  ...  cdelta_n            cL     timestamp
0  1548.593901    0.000193  0.000039  ...  0.000012  2.951451e+06  1.737580e+09
1  1548.596292    0.000111  0.000013  ...  0.000012  2.865920e+06  1.737580e+09

[2 rows x 13 columns]
CHANNEL_3_1
        cbragg  cbragg_err   credchi  ...  cdelta_n            cL     timestamp
0  1543.625690    0.000145  0.000022  ...  0.000012  7.865840e+06  1.737580e+09
1  1543.612399    0.000257  0.000014  ...  0.000012  7.914684e+06  1.737580e+09

[2 rows x 13 columns]
CHANNEL_3_2
        cbragg  cbragg_err   credchi  ...  cdelta_n            cL     timestamp
0  1544.651229    0.000155  0.000030  ...  0.000012  7.867634e+06  1.737580e+09
1  1544.644634    0.000176  0.000033  ...  0.000012  7.817818e+06  1.737580e+09

[2 rows x 13 columns]
CHANNEL_3_3
        cbragg  cbragg_err   credchi  ...  cdelta_n            cL     timestamp
0  1545.650316    0.000109  0.000036  ...  0.000012  7.609398e+06  1.737580e+09
1  1545.640777    0.000106  0.000022  ...  0.000012  7.647656e+06  1.737580e+09

[2 rows x 13 columns]
CHANNEL_3_4
        cbragg  cbragg_err   credchi  ...  cdelta_n            cL     timestamp
0  1546.623598    0.000093  0.000021  ...  0.000012  7.734220e+06  1.737580e+09
1  1546.613789    0.000093  0.000020  ...  0.000012  7.767442e+06  1.737580e+09

[2 rows x 13 columns]
CHANNEL_3_5
        cbragg  cbragg_err   credchi  ...  cdelta_n            cL     timestamp
0  1547.639250    0.000080  0.000015  ...  0.000012  7.616218e+06  1.737580e+09
1  1547.636634    0.000076  0.000014  ...  0.000012  7.600938e+06  1.737580e+09

[2 rows x 13 columns]
CHANNEL_3_6
        cbragg  cbragg_err   credchi  ...  cdelta_n            cL     timestamp
0  1548.629213    0.000080  0.000021  ...  0.000012  7.803437e+06  1.737580e+09
1  1548.617123    0.000073  0.000010  ...  0.000012  7.900332e+06  1.737580e+09

[2 rows x 13 columns]
CHANNEL_3_7
        cbragg  cbragg_err   credchi  ...  cdelta_n            cL     timestamp
0  1549.643211    0.000089  0.000014  ...  0.000012  7.550878e+06  1.737580e+09
1  1549.643847    0.000085  0.000020  ...  0.000012  7.535179e+06  1.737580e+09

[2 rows x 13 columns]
CHANNEL_3_8
        cbragg  cbragg_err  credchi  ...  cdelta_n            cL     timestamp
0  1550.599677    0.000091  0.00002  ...  0.000012  7.617631e+06  1.737580e+09
1  1550.589636    0.000085  0.00001  ...  0.000012  7.727884e+06  1.737580e+09

[2 rows x 13 columns]
CHANNEL_3_9
        cbragg  cbragg_err   credchi  ...  cdelta_n            cL     timestamp
0  1551.593737    0.000094  0.000012  ...  0.000012  7.699012e+06  1.737580e+09
1  1551.590682    0.000089  0.000016  ...  0.000012  7.668101e+06  1.737580e+09

[2 rows x 13 columns]
CHANNEL_3_10
        cbragg  cbragg_err   credchi  ...  cdelta_n            cL     timestamp
0  1552.602807    0.000104  0.000018  ...  0.000012  7.749539e+06  1.737580e+09
1  1552.594932    0.000167  0.000036  ...  0.000012  7.391100e+06  1.737580e+09

[2 rows x 13 columns]
CHANNEL_3_11
        cbragg  cbragg_err   credchi  ...  cdelta_n            cL     timestamp
0  1553.571237    0.000126  0.000034  ...  0.000012  7.970760e+06  1.737580e+09
1  1553.560641    0.000123  0.000027  ...  0.000012  7.945977e+06  1.737580e+09

[2 rows x 13 columns]
CHANNEL_3_12
        cbragg  cbragg_err   credchi  ...  cdelta_n            cL     timestamp
0  1554.544856    0.000094  0.000017  ...  0.000012  7.829221e+06  1.737580e+09
1  1554.538970    0.000097  0.000013  ...  0.000012  7.838173e+06  1.737580e+09

[2 rows x 13 columns]
CHANNEL_3_13
        cbragg  cbragg_err   credchi  ...  cdelta_n            cL     timestamp
0  1555.552342    0.000087  0.000012  ...  0.000012  7.624520e+06  1.737580e+09
1  1555.546871    0.000087  0.000014  ...  0.000012  7.585357e+06  1.737580e+09

[2 rows x 13 columns]
CHANNEL_3_14
        cbragg  cbragg_err   credchi  ...  cdelta_n            cL     timestamp
0  1556.506847    0.000181  0.000071  ...  0.000012  7.739907e+06  1.737580e+09
1  1556.499307    0.000179  0.000044  ...  0.000012  7.817278e+06  1.737580e+09

[2 rows x 13 columns]
