000 (11451992.325.000) 01/28 14:31:49 Job submitted from host: <188.185.114.121:9618?addrs=188.185.114.121-9618+[2001-1458-d00-a--100-273]-9618&alias=bigbird19.cern.ch&noUDP&sock=schedd_2045_4743>
...
040 (11451992.325.000) 01/28 15:11:12 Started transferring input files
	Transferring to host: <188.185.192.178:9618?addrs=188.185.192.178-9618+[2001-1458-303-1f--100-ae]-9618&alias=b9p13p4220.cern.ch&noUDP&sock=slot1_34_89886_9180_60097>
...
040 (11451992.325.000) 01/28 15:11:12 Finished transferring input files
...
001 (11451992.325.000) 01/28 15:11:13 Job executing on host: <188.185.192.178:9618?addrs=188.185.192.178-9618+[2001-1458-303-1f--100-ae]-9618&alias=b9p13p4220.cern.ch&noUDP&sock=startd_128528_1891>
	SlotName: slot1_34@b9p13p4220.cern.ch
	CondorScratchDir = "/pool/condor/dir_756441"
	Cpus = 1
	Disk = 2944408
	Memory = 3000
...
006 (11451992.325.000) 01/28 15:11:21 Image size of job updated: 111836
	110  -  MemoryUsage of job (MB)
	111648  -  ResidentSetSize of job (KB)
...
006 (11451992.325.000) 01/28 15:11:29 Image size of job updated: 118596
	110  -  MemoryUsage of job (MB)
	111648  -  ResidentSetSize of job (KB)
...
040 (11451992.325.000) 01/28 15:11:29 Started transferring output files
...
040 (11451992.325.000) 01/28 15:11:29 Finished transferring output files
...
005 (11451992.325.000) 01/28 15:11:29 Job terminated.
	(1) Normal termination (return value 0)
		Usr 0 00:00:13, Sys 0 00:00:00  -  Run Remote Usage
		Usr 0 00:00:00, Sys 0 00:00:00  -  Run Local Usage
		Usr 0 00:00:13, Sys 0 00:00:00  -  Total Remote Usage
		Usr 0 00:00:00, Sys 0 00:00:00  -  Total Local Usage
	14883  -  Run Bytes Sent By Job
	5797  -  Run Bytes Received By Job
	14883  -  Total Bytes Sent By Job
	5797  -  Total Bytes Received By Job
	Partitionable Resources :    Usage  Request Allocated 
	   Cpus                 :                 1         1 
	   Disk (KB)            :       35       10   2944408 
	   Memory (MB)          :      110     3000      3000 

	Job terminated of its own accord at 2025-01-28T14:11:29Z with exit-code 0.
...
