000 (11451992.020.000) 01/28 14:31:48 Job submitted from host: <188.185.114.121:9618?addrs=188.185.114.121-9618+[2001-1458-d00-a--100-273]-9618&alias=bigbird19.cern.ch&noUDP&sock=schedd_2045_4743>
...
040 (11451992.020.000) 01/28 14:36:01 Started transferring input files
	Transferring to host: <188.185.192.178:9618?addrs=188.185.192.178-9618+[2001-1458-303-1f--100-ae]-9618&alias=b9p13p4220.cern.ch&noUDP&sock=slot1_34_89886_9180_60071>
...
040 (11451992.020.000) 01/28 14:36:01 Finished transferring input files
...
001 (11451992.020.000) 01/28 14:36:02 Job executing on host: <188.185.192.178:9618?addrs=188.185.192.178-9618+[2001-1458-303-1f--100-ae]-9618&alias=b9p13p4220.cern.ch&noUDP&sock=startd_128528_1891>
	SlotName: slot1_34@b9p13p4220.cern.ch
	CondorScratchDir = "/pool/condor/dir_702162"
	Cpus = 1
	Disk = 2958722
	Memory = 3000
...
006 (11451992.020.000) 01/28 14:36:10 Image size of job updated: 29504
	29  -  MemoryUsage of job (MB)
	29268  -  ResidentSetSize of job (KB)
...
006 (11451992.020.000) 01/28 14:40:01 Image size of job updated: 181804
	99  -  MemoryUsage of job (MB)
	100820  -  ResidentSetSize of job (KB)
...
040 (11451992.020.000) 01/28 14:40:01 Started transferring output files
...
040 (11451992.020.000) 01/28 14:40:01 Finished transferring output files
...
005 (11451992.020.000) 01/28 14:40:01 Job terminated.
	(1) Normal termination (return value 0)
		Usr 0 00:00:12, Sys 0 00:00:01  -  Run Remote Usage
		Usr 0 00:00:00, Sys 0 00:00:00  -  Run Local Usage
		Usr 0 00:00:12, Sys 0 00:00:01  -  Total Remote Usage
		Usr 0 00:00:00, Sys 0 00:00:00  -  Total Local Usage
	14886  -  Run Bytes Sent By Job
	5797  -  Run Bytes Received By Job
	14886  -  Total Bytes Sent By Job
	5797  -  Total Bytes Received By Job
	Partitionable Resources :    Usage  Request Allocated 
	   Cpus                 :        0        1         1 
	   Disk (KB)            :       42       10   2958722 
	   Memory (MB)          :       99     3000      3000 

	Job terminated of its own accord at 2025-01-28T13:40:01Z with exit-code 0.
...
