CHANNEL_0_1
          cbragg  cbragg_err   credchi  ...  cdelta_n            cL     timestamp
0    1544.647719    0.000501  0.000070  ...  0.000012  7.640339e+06  1.734591e+09
1    1544.639969    0.000151  0.000039  ...  0.000012  7.695973e+06  1.734591e+09
2    1544.647620    0.000107  0.000067  ...  0.000012  7.648260e+06  1.734591e+09
3    1544.639861    0.000146  0.000040  ...  0.000012  7.685357e+06  1.734591e+09
4    1544.647768    0.000104  0.000068  ...  0.000012  7.650421e+06  1.734591e+09
..           ...         ...       ...  ...       ...           ...           ...
649  1544.639175    0.000258  0.000041  ...  0.000012  7.699281e+06  1.734597e+09
650  1544.646592    0.000183  0.000067  ...  0.000012  7.648966e+06  1.734597e+09
651  1544.639114    0.000105  0.000040  ...  0.000012  7.692900e+06  1.734597e+09
652  1544.646548    0.000118  0.000068  ...  0.000012  7.639849e+06  1.734597e+09
653  1544.639009    0.000106  0.000040  ...  0.000012  7.682860e+06  1.734597e+09

[654 rows x 13 columns]
CHANNEL_0_2
          cbragg  cbragg_err   credchi  ...  cdelta_n            cL     timestamp
0    1545.481373    0.000096  0.000019  ...  0.000012  7.636961e+06  1.734591e+09
1    1545.478238    0.000097  0.000025  ...  0.000012  7.588127e+06  1.734591e+09
2    1545.481314    0.000102  0.000021  ...  0.000012  7.609631e+06  1.734591e+09
3    1545.478340    0.000091  0.000022  ...  0.000012  7.625964e+06  1.734591e+09
4    1545.481309    0.000099  0.000020  ...  0.000012  7.631443e+06  1.734591e+09
..           ...         ...       ...  ...       ...           ...           ...
649  1545.477397    0.000105  0.000029  ...  0.000012  7.687643e+06  1.734597e+09
650  1545.480526    0.000096  0.000019  ...  0.000012  7.643295e+06  1.734597e+09
651  1545.477419    0.000094  0.000023  ...  0.000012  7.598803e+06  1.734597e+09
652  1545.480395    0.000106  0.000023  ...  0.000012  7.605879e+06  1.734597e+09
653  1545.477376    0.000094  0.000023  ...  0.000012  7.609175e+06  1.734597e+09

[654 rows x 13 columns]
CHANNEL_0_3
          cbragg  cbragg_err   credchi  ...  cdelta_n            cL     timestamp
0    1546.235879    0.000109  0.000060  ...  0.000012  7.749558e+06  1.734591e+09
1    1546.230540    0.000109  0.000036  ...  0.000012  7.670921e+06  1.734591e+09
2    1546.235919    0.000113  0.000064  ...  0.000012  7.753003e+06  1.734591e+09
3    1546.230515    0.000109  0.000036  ...  0.000012  7.669044e+06  1.734591e+09
4    1546.236217    0.000101  0.000050  ...  0.000012  7.625808e+06  1.734591e+09
..           ...         ...       ...  ...       ...           ...           ...
649  1546.229936    0.000111  0.000037  ...  0.000012  7.668040e+06  1.734597e+09
650  1546.235090    0.000123  0.000076  ...  0.000012  7.825284e+06  1.734597e+09
651  1546.229925    0.000111  0.000037  ...  0.000012  7.663943e+06  1.734597e+09
652  1546.235067    0.000102  0.000051  ...  0.000012  7.638263e+06  1.734597e+09
653  1546.229982    0.000110  0.000036  ...  0.000012  7.664076e+06  1.734597e+09

[654 rows x 13 columns]
CHANNEL_0_4
          cbragg  cbragg_err   credchi  ...  cdelta_n            cL     timestamp
0    1547.112227    0.000114  0.000044  ...  0.000012  7.872491e+06  1.734591e+09
1    1547.109906    0.000111  0.000052  ...  0.000012  7.831289e+06  1.734591e+09
2    1547.112259    0.000115  0.000045  ...  0.000012  7.880379e+06  1.734591e+09
3    1547.109911    0.000144  0.000085  ...  0.000012  7.944249e+06  1.734591e+09
4    1547.112391    0.000112  0.000042  ...  0.000012  7.882821e+06  1.734591e+09
..           ...         ...       ...  ...       ...           ...           ...
649  1547.109822    0.000111  0.000052  ...  0.000012  7.823038e+06  1.734597e+09
650  1547.112056    0.000116  0.000045  ...  0.000012  7.868826e+06  1.734597e+09
651  1547.109785    0.000111  0.000052  ...  0.000012  7.837961e+06  1.734597e+09
652  1547.112184    0.000115  0.000045  ...  0.000012  7.834058e+06  1.734597e+09
653  1547.109765    0.000111  0.000052  ...  0.000012  7.879687e+06  1.734597e+09

[654 rows x 13 columns]
CHANNEL_0_5
          cbragg  cbragg_err   credchi  ...  cdelta_n            cL     timestamp
0    1548.089459    0.000085  0.000042  ...  0.000012  7.711662e+06  1.734591e+09
1    1548.080832    0.000080  0.000024  ...  0.000012  7.808327e+06  1.734591e+09
2    1548.089033    0.000196  0.000244  ...  0.000012  8.263321e+06  1.734591e+09
3    1548.080825    0.000101  0.000039  ...  0.000012  8.010357e+06  1.734591e+09
4    1548.089435    0.000084  0.000041  ...  0.000012  7.727887e+06  1.734591e+09
..           ...         ...       ...  ...       ...           ...           ...
649  1548.080705    0.000078  0.000023  ...  0.000012  7.828298e+06  1.734597e+09
650  1548.089127    0.000088  0.000045  ...  0.000012  7.733791e+06  1.734597e+09
651  1548.080698    0.000081  0.000024  ...  0.000012  7.813347e+06  1.734597e+09
652  1548.089165    0.000085  0.000043  ...  0.000012  7.723907e+06  1.734597e+09
653  1548.080802    0.000079  0.000023  ...  0.000012  7.852796e+06  1.734597e+09

[654 rows x 13 columns]
CHANNEL_0_6
          cbragg  cbragg_err   credchi  ...  cdelta_n            cL     timestamp
0    1549.064200    0.000079  0.000026  ...  0.000012  7.517185e+06  1.734591e+09
1    1549.067754    0.000080  0.000038  ...  0.000012  7.483217e+06  1.734591e+09
2    1549.064183    0.000102  0.000044  ...  0.000012  7.670931e+06  1.734591e+09
3    1549.067741    0.000081  0.000039  ...  0.000012  7.481735e+06  1.734591e+09
4    1549.064175    0.000077  0.000025  ...  0.000012  7.518124e+06  1.734591e+09
..           ...         ...       ...  ...       ...           ...           ...
649  1549.067618    0.000080  0.000038  ...  0.000012  7.488991e+06  1.734597e+09
650  1549.063836    0.000086  0.000031  ...  0.000012  7.533327e+06  1.734597e+09
651  1549.067691    0.000079  0.000038  ...  0.000012  7.485501e+06  1.734597e+09
652  1549.063894    0.000079  0.000025  ...  0.000012  7.513586e+06  1.734597e+09
653  1549.067669    0.000082  0.000041  ...  0.000012  7.530375e+06  1.734597e+09

[654 rows x 13 columns]
CHANNEL_0_7
          cbragg  cbragg_err   credchi  ...  cdelta_n            cL     timestamp
0    1550.070600    0.000127  0.000052  ...  0.000012  7.626688e+06  1.734591e+09
1    1550.062599    0.000125  0.000046  ...  0.000012  7.654730e+06  1.734591e+09
2    1550.070482    0.000128  0.000052  ...  0.000012  7.632378e+06  1.734591e+09
3    1550.062628    0.000127  0.000047  ...  0.000012  7.652174e+06  1.734591e+09
4    1550.070417    0.000128  0.000053  ...  0.000012  7.678484e+06  1.734591e+09
..           ...         ...       ...  ...       ...           ...           ...
649  1550.062272    0.000127  0.000048  ...  0.000012  7.625775e+06  1.734597e+09
650  1550.070246    0.000128  0.000053  ...  0.000012  7.616654e+06  1.734597e+09
651  1550.062300    0.000126  0.000047  ...  0.000012  7.663345e+06  1.734597e+09
652  1550.070212    0.000126  0.000052  ...  0.000012  7.636442e+06  1.734597e+09
653  1550.062382    0.000126  0.000047  ...  0.000012  7.655266e+06  1.734597e+09

[654 rows x 13 columns]
CHANNEL_0_8
          cbragg  cbragg_err   credchi  ...  cdelta_n            cL     timestamp
0    1551.041932    0.000075  0.000021  ...  0.000012  7.579417e+06  1.734591e+09
1    1551.035632    0.000076  0.000015  ...  0.000012  7.621345e+06  1.734591e+09
2    1551.041967    0.000074  0.000020  ...  0.000012  7.573303e+06  1.734591e+09
3    1551.035657    0.000077  0.000015  ...  0.000012  7.614152e+06  1.734591e+09
4    1551.041851    0.000075  0.000022  ...  0.000012  7.577586e+06  1.734591e+09
..           ...         ...       ...  ...       ...           ...           ...
649  1551.036217    0.000090  0.000021  ...  0.000012  7.739655e+06  1.734597e+09
650  1551.042398    0.000076  0.000022  ...  0.000012  7.568923e+06  1.734597e+09
651  1551.036183    0.000077  0.000016  ...  0.000012  7.640421e+06  1.734597e+09
652  1551.042490    0.000075  0.000021  ...  0.000012  7.571003e+06  1.734597e+09
653  1551.036227    0.000076  0.000015  ...  0.000012  7.615718e+06  1.734597e+09

[654 rows x 13 columns]
CHANNEL_0_9
          cbragg  cbragg_err   credchi  ...  cdelta_n            cL     timestamp
0    1552.023442    0.000101  0.000026  ...  0.000012  7.630723e+06  1.734591e+09
1    1552.021436    0.000094  0.000025  ...  0.000012  7.642000e+06  1.734591e+09
2    1552.023333    0.000097  0.000024  ...  0.000012  7.634880e+06  1.734591e+09
3    1552.021398    0.000096  0.000027  ...  0.000012  7.640674e+06  1.734591e+09
4    1552.023317    0.000097  0.000024  ...  0.000012  7.633144e+06  1.734591e+09
..           ...         ...       ...  ...       ...           ...           ...
649  1552.022080    0.000095  0.000026  ...  0.000012  7.634831e+06  1.734597e+09
650  1552.023805    0.000099  0.000024  ...  0.000012  7.630679e+06  1.734597e+09
651  1552.022117    0.000098  0.000028  ...  0.000012  7.636732e+06  1.734597e+09
652  1552.023842    0.000098  0.000024  ...  0.000012  7.626421e+06  1.734597e+09
653  1552.022063    0.000096  0.000027  ...  0.000012  7.645939e+06  1.734597e+09

[654 rows x 13 columns]
CHANNEL_0_10
          cbragg  cbragg_err   credchi  ...  cdelta_n            cL     timestamp
0    1553.031191    0.000083  0.000015  ...  0.000012  7.723901e+06  1.734591e+09
1    1553.024180    0.000083  0.000015  ...  0.000012  7.681445e+06  1.734591e+09
2    1553.031014    0.000084  0.000016  ...  0.000012  7.727314e+06  1.734591e+09
3    1553.024168    0.000082  0.000015  ...  0.000012  7.675097e+06  1.734591e+09
4    1553.031079    0.000083  0.000015  ...  0.000012  7.719358e+06  1.734591e+09
..           ...         ...       ...  ...       ...           ...           ...
649  1553.024729    0.000081  0.000015  ...  0.000012  7.727265e+06  1.734597e+09
650  1553.031636    0.000085  0.000016  ...  0.000012  7.729258e+06  1.734597e+09
651  1553.024754    0.000083  0.000015  ...  0.000012  7.697237e+06  1.734597e+09
652  1553.031661    0.000085  0.000016  ...  0.000012  7.722803e+06  1.734597e+09
653  1553.024720    0.000084  0.000016  ...  0.000012  7.704555e+06  1.734597e+09

[654 rows x 13 columns]
CHANNEL_0_11
          cbragg  cbragg_err   credchi  ...  cdelta_n            cL     timestamp
0    1554.038008    0.000071  0.000012  ...  0.000012  7.632645e+06  1.734591e+09
1    1554.037585    0.000074  0.000011  ...  0.000012  7.656865e+06  1.734591e+09
2    1554.037941    0.000071  0.000012  ...  0.000012  7.653237e+06  1.734591e+09
3    1554.037560    0.000072  0.000011  ...  0.000012  7.656655e+06  1.734591e+09
4    1554.037963    0.000072  0.000012  ...  0.000012  7.647366e+06  1.734591e+09
..           ...         ...       ...  ...       ...           ...           ...
649  1554.038279    0.000071  0.000011  ...  0.000012  7.640914e+06  1.734597e+09
650  1554.038382    0.000073  0.000012  ...  0.000012  7.625398e+06  1.734597e+09
651  1554.038155    0.000071  0.000011  ...  0.000012  7.649512e+06  1.734597e+09
652  1554.038583    0.000071  0.000012  ...  0.000012  7.641660e+06  1.734597e+09
653  1554.038333    0.000071  0.000011  ...  0.000012  7.612218e+06  1.734597e+09

[654 rows x 13 columns]
CHANNEL_0_12
          cbragg  cbragg_err   credchi  ...  cdelta_n            cL     timestamp
0    1555.062983    0.000128  0.000054  ...  0.000012  7.499793e+06  1.734591e+09
1    1555.059423    0.000144  0.000075  ...  0.000012  7.566692e+06  1.734591e+09
2    1555.063099    0.000126  0.000052  ...  0.000012  7.487931e+06  1.734591e+09
3    1555.059504    0.000128  0.000060  ...  0.000012  7.474879e+06  1.734591e+09
4    1555.063011    0.000127  0.000053  ...  0.000012  7.491216e+06  1.734591e+09
..           ...         ...       ...  ...       ...           ...           ...
649  1555.060101    0.000128  0.000061  ...  0.000012  7.476765e+06  1.734597e+09
650  1555.063568    0.000159  0.000086  ...  0.000012  7.721581e+06  1.734597e+09
651  1555.060243    0.000127  0.000060  ...  0.000012  7.466833e+06  1.734597e+09
652  1555.063651    0.000128  0.000054  ...  0.000012  7.511979e+06  1.734597e+09
653  1555.060079    0.000130  0.000063  ...  0.000012  7.535885e+06  1.734597e+09

[654 rows x 13 columns]
CHANNEL_0_13
          cbragg  cbragg_err   credchi  ...  cdelta_n            cL     timestamp
0    1556.040001    0.000134  0.000048  ...  0.000012  7.648842e+06  1.734591e+09
1    1556.033316    0.000147  0.000034  ...  0.000012  7.664752e+06  1.734591e+09
2    1556.040014    0.000138  0.000050  ...  0.000012  7.644702e+06  1.734591e+09
3    1556.033340    0.000147  0.000033  ...  0.000012  7.654369e+06  1.734591e+09
4    1556.039953    0.000137  0.000050  ...  0.000012  7.659462e+06  1.734591e+09
..           ...         ...       ...  ...       ...           ...           ...
649  1556.034014    0.000147  0.000034  ...  0.000012  7.678139e+06  1.734597e+09
650  1556.040483    0.000145  0.000056  ...  0.000012  7.729795e+06  1.734597e+09
651  1556.033987    0.000148  0.000034  ...  0.000012  7.668438e+06  1.734597e+09
652  1556.040459    0.000138  0.000051  ...  0.000012  7.627196e+06  1.734597e+09
653  1556.033930    0.000148  0.000034  ...  0.000012  7.681216e+06  1.734597e+09

[654 rows x 13 columns]
CHANNEL_0_14
          cbragg  cbragg_err   credchi  ...  cdelta_n            cL     timestamp
0    1557.006354    0.000103  0.000027  ...  0.000012  7.693034e+06  1.734591e+09
1    1557.008190    0.000103  0.000046  ...  0.000012  7.645152e+06  1.734591e+09
2    1557.006322    0.000103  0.000027  ...  0.000012  7.695492e+06  1.734591e+09
3    1557.008204    0.000119  0.000064  ...  0.000012  7.817574e+06  1.734591e+09
4    1557.006344    0.000103  0.000027  ...  0.000012  7.696389e+06  1.734591e+09
..           ...         ...       ...  ...       ...           ...           ...
649  1557.008754    0.000121  0.000068  ...  0.000012  7.841241e+06  1.734597e+09
650  1557.007490    0.000109  0.000029  ...  0.000012  7.661957e+06  1.734597e+09
651  1557.008843    0.000124  0.000071  ...  0.000012  7.866372e+06  1.734597e+09
652  1557.006920    0.000104  0.000027  ...  0.000012  7.692875e+06  1.734597e+09
653  1557.008838    0.000108  0.000053  ...  0.000012  7.772721e+06  1.734597e+09

[654 rows x 13 columns]
CHANNEL_1_1
          cbragg  cbragg_err   credchi  ...  cdelta_n            cL     timestamp
0    1556.225374    0.001115  0.002278  ...  0.000012  3.459283e+06  1.734591e+09
1    1556.223876    0.000732  0.000751  ...  0.000012  3.097399e+06  1.734591e+09
2    1556.226163    0.000066  0.000004  ...  0.000012  2.681030e+06  1.734591e+09
3    1556.224157    0.000073  0.000005  ...  0.000012  2.672880e+06  1.734591e+09
4    1556.226230    0.000183  0.000035  ...  0.000012  2.787288e+06  1.734591e+09
..           ...         ...       ...  ...       ...           ...           ...
649  1556.223335    0.000205  0.000037  ...  0.000012  2.579066e+06  1.734597e+09
650  1556.224330    0.000471  0.000283  ...  0.000012  2.974789e+06  1.734597e+09
651  1556.221712    0.001380  0.004024  ...  0.000012  3.683447e+06  1.734597e+09
652  1556.224827    0.000629  0.000574  ...  0.000012  3.103936e+06  1.734597e+09
653  1556.223447    0.000073  0.000005  ...  0.000012  2.666869e+06  1.734597e+09

[654 rows x 13 columns]
CHANNEL_1_2
          cbragg  cbragg_err   credchi  ...  cdelta_n            cL     timestamp
0    1558.187552    0.001135  0.003352  ...  0.000012  3.571572e+06  1.734591e+09
1    1558.184359    0.000346  0.000152  ...  0.000012  2.649498e+06  1.734591e+09
2    1558.188279    0.000213  0.000060  ...  0.000012  2.695450e+06  1.734591e+09
3    1558.184025    0.000116  0.000020  ...  0.000012  2.830991e+06  1.734591e+09
4    1558.188055    0.000154  0.000033  ...  0.000012  2.732579e+06  1.734591e+09
..           ...         ...       ...  ...       ...           ...           ...
649  1558.183807    0.000146  0.000031  ...  0.000012  2.765609e+06  1.734597e+09
650  1558.187752    0.000500  0.000468  ...  0.000012  3.089241e+06  1.734597e+09
651  1558.183365    0.000554  0.000654  ...  0.000012  3.187167e+06  1.734597e+09
652  1558.187962    0.000205  0.000061  ...  0.000012  2.763958e+06  1.734597e+09
653  1558.183863    0.000116  0.000020  ...  0.000012  2.803808e+06  1.734597e+09

[654 rows x 13 columns]
CHANNEL_1_3
          cbragg  cbragg_err   credchi  ...  cdelta_n            cL     timestamp
0    1560.999180    0.000720  0.001197  ...  0.000012  3.430187e+06  1.734591e+09
1    1561.003935    0.000042  0.000003  ...  0.000012  2.941786e+06  1.734591e+09
2    1560.999281    0.000237  0.000077  ...  0.000012  2.792342e+06  1.734591e+09
3    1561.003702    0.000039  0.000003  ...  0.000012  2.949882e+06  1.734591e+09
4    1560.999244    0.000045  0.000003  ...  0.000012  2.916166e+06  1.734591e+09
..           ...         ...       ...  ...       ...           ...           ...
649  1561.004481    0.000178  0.000060  ...  0.000012  3.049011e+06  1.734597e+09
650  1560.999782    0.000100  0.000015  ...  0.000012  2.866836e+06  1.734597e+09
651  1561.004454    0.000485  0.000531  ...  0.000012  3.265755e+06  1.734597e+09
652  1561.000092    0.000690  0.001106  ...  0.000012  3.419239e+06  1.734597e+09
653  1561.004515    0.000038  0.000002  ...  0.000012  2.929126e+06  1.734597e+09

[654 rows x 13 columns]
CHANNEL_2_1
          cbragg  cbragg_err   credchi  ...  cdelta_n            cL     timestamp
0    1543.638562    0.000080  0.000007  ...  0.000012  2.768696e+06  1.734591e+09
1    1543.637009    0.000089  0.000007  ...  0.000012  2.769500e+06  1.734591e+09
2    1543.647655    0.011572  0.004600  ...  0.000012  1.144315e+06  1.734591e+09
3    1543.637431    0.000079  0.000007  ...  0.000012  2.769594e+06  1.734591e+09
4    1543.638534    0.000079  0.000007  ...  0.000012  2.790476e+06  1.734591e+09
..           ...         ...       ...  ...       ...           ...           ...
649  1543.636399    0.000091  0.000007  ...  0.000012  2.769773e+06  1.734597e+09
650  1543.637809    0.000078  0.000007  ...  0.000012  2.769342e+06  1.734597e+09
651  1543.636272    0.000178  0.000007  ...  0.000012  2.769183e+06  1.734597e+09
652  1543.637520    0.000078  0.000006  ...  0.000012  2.768968e+06  1.734597e+09
653  1543.635994    0.000084  0.000007  ...  0.000012  2.768625e+06  1.734597e+09

[654 rows x 13 columns]
CHANNEL_2_2
          cbragg  cbragg_err   credchi  ...  cdelta_n            cL     timestamp
0    1545.905143    0.000727  0.000281  ...  0.000012  2.335881e+06  1.734591e+09
1    1545.907414    0.000155  0.000021  ...  0.000012  2.661432e+06  1.734591e+09
2    1545.904905    0.000392  0.000147  ...  0.000012  2.852768e+06  1.734591e+09
3    1545.907171    0.000140  0.000017  ...  0.000012  2.668104e+06  1.734591e+09
4    1545.904686    0.000303  0.000088  ...  0.000012  2.833323e+06  1.734591e+09
..           ...         ...       ...  ...       ...           ...           ...
649  1545.907172    0.000474  0.000267  ...  0.000012  2.969763e+06  1.734597e+09
650  1545.904191    0.000883  0.001101  ...  0.000012  3.272990e+06  1.734597e+09
651  1545.906960    0.000147  0.000019  ...  0.000012  2.674010e+06  1.734597e+09
652  1545.904804    0.000197  0.000028  ...  0.000012  2.588738e+06  1.734597e+09
653  1545.906758    0.000996  0.001642  ...  0.000012  3.385625e+06  1.734597e+09

[654 rows x 13 columns]
CHANNEL_2_3
          cbragg  cbragg_err   credchi  ...  cdelta_n            cL     timestamp
0    1548.503080    0.000109  0.000013  ...  0.000012  2.885157e+06  1.734591e+09
1    1548.502479    0.000318  0.000122  ...  0.000012  3.065967e+06  1.734591e+09
2    1548.503045    0.000115  0.000016  ...  0.000012  2.953928e+06  1.734591e+09
3    1548.503389    0.000356  0.000159  ...  0.000012  3.085628e+06  1.734591e+09
4    1548.503404    0.000162  0.000032  ...  0.000012  2.996489e+06  1.734591e+09
..           ...         ...       ...  ...       ...           ...           ...
649  1548.502888    0.001164  0.002878  ...  0.000012  3.815640e+06  1.734597e+09
650  1548.503481    0.000128  0.000018  ...  0.000012  2.849113e+06  1.734597e+09
651  1548.501979    0.000237  0.000058  ...  0.000012  2.818591e+06  1.734597e+09
652  1548.503739    0.000111  0.000014  ...  0.000012  2.931673e+06  1.734597e+09
653  1548.502138    0.000110  0.000013  ...  0.000012  2.866024e+06  1.734597e+09

[654 rows x 13 columns]
CHANNEL_3_1
          cbragg  cbragg_err   credchi  ...  cdelta_n            cL     timestamp
0    1544.157377    0.000108  0.000020  ...  0.000012  7.844084e+06  1.734591e+09
1    1544.165325    0.000110  0.000029  ...  0.000012  7.807265e+06  1.734591e+09
2    1544.157330    0.000117  0.000022  ...  0.000012  7.835653e+06  1.734591e+09
3    1544.165331    0.000340  0.000028  ...  0.000012  7.811033e+06  1.734591e+09
4    1544.157363    0.000119  0.000022  ...  0.000012  7.849914e+06  1.734591e+09
..           ...         ...       ...  ...       ...           ...           ...
649  1544.164416    0.000257  0.000028  ...  0.000012  7.812790e+06  1.734597e+09
650  1544.156732    0.000221  0.000022  ...  0.000012  7.837983e+06  1.734597e+09
651  1544.164449    0.000225  0.000028  ...  0.000012  7.806117e+06  1.734597e+09
652  1544.156673    0.000116  0.000022  ...  0.000012  7.824695e+06  1.734597e+09
653  1544.164469    0.000110  0.000028  ...  0.000012  7.802705e+06  1.734597e+09

[654 rows x 13 columns]
CHANNEL_3_2
          cbragg  cbragg_err   credchi  ...  cdelta_n            cL     timestamp
0    1545.065198    0.000249  0.000036  ...  0.000012  7.831302e+06  1.734591e+09
1    1545.073493    0.000114  0.000036  ...  0.000012  7.859065e+06  1.734591e+09
2    1545.065137    0.000110  0.000036  ...  0.000012  7.837347e+06  1.734591e+09
3    1545.073488    0.000118  0.000038  ...  0.000012  7.858186e+06  1.734591e+09
4    1545.065234    0.000174  0.000037  ...  0.000012  7.824902e+06  1.734591e+09
..           ...         ...       ...  ...       ...           ...           ...
649  1545.073033    0.000115  0.000037  ...  0.000012  7.855956e+06  1.734597e+09
650  1545.064481    0.000162  0.000039  ...  0.000012  7.831737e+06  1.734597e+09
651  1545.072937    0.000176  0.000036  ...  0.000012  7.857702e+06  1.734597e+09
652  1545.064371    0.000376  0.000037  ...  0.000012  7.839095e+06  1.734597e+09
653  1545.072859    0.000117  0.000036  ...  0.000012  7.850250e+06  1.734597e+09

[654 rows x 13 columns]
CHANNEL_3_3
          cbragg  cbragg_err   credchi  ...  cdelta_n            cL     timestamp
0    1545.831114    0.000105  0.000028  ...  0.000012  7.615863e+06  1.734591e+09
1    1545.835971    0.000108  0.000035  ...  0.000012  7.599215e+06  1.734591e+09
2    1545.831174    0.000103  0.000027  ...  0.000012  7.615405e+06  1.734591e+09
3    1545.835896    0.000107  0.000034  ...  0.000012  7.598885e+06  1.734591e+09
4    1545.831286    0.000106  0.000028  ...  0.000012  7.607044e+06  1.734591e+09
..           ...         ...       ...  ...       ...           ...           ...
649  1545.835139    0.000107  0.000034  ...  0.000012  7.606857e+06  1.734597e+09
650  1545.830552    0.000106  0.000029  ...  0.000012  7.619231e+06  1.734597e+09
651  1545.835029    0.000106  0.000033  ...  0.000012  7.597577e+06  1.734597e+09
652  1545.830436    0.000107  0.000029  ...  0.000012  7.610884e+06  1.734597e+09
653  1545.835101    0.000114  0.000040  ...  0.000012  7.724979e+06  1.734597e+09

[654 rows x 13 columns]
CHANNEL_3_4
          cbragg  cbragg_err   credchi  ...  cdelta_n            cL     timestamp
0    1546.680102    0.000091  0.000020  ...  0.000012  7.818227e+06  1.734591e+09
1    1546.690558    0.000104  0.000032  ...  0.000012  7.862952e+06  1.734591e+09
2    1546.680078    0.000093  0.000021  ...  0.000012  7.807294e+06  1.734591e+09
3    1546.690485    0.000094  0.000026  ...  0.000012  7.793940e+06  1.734591e+09
4    1546.680080    0.000093  0.000021  ...  0.000012  7.804876e+06  1.734591e+09
..           ...         ...       ...  ...       ...           ...           ...
649  1546.690414    0.000095  0.000027  ...  0.000012  7.794099e+06  1.734597e+09
650  1546.679854    0.000092  0.000020  ...  0.000012  7.810607e+06  1.734597e+09
651  1546.690336    0.000094  0.000027  ...  0.000012  7.805192e+06  1.734597e+09
652  1546.679841    0.000092  0.000020  ...  0.000012  7.805377e+06  1.734597e+09
653  1546.690458    0.000094  0.000027  ...  0.000012  7.791529e+06  1.734597e+09

[654 rows x 13 columns]
CHANNEL_3_5
          cbragg  cbragg_err   credchi  ...  cdelta_n            cL     timestamp
0    1547.705056    0.000078  0.000018  ...  0.000012  7.570538e+06  1.734591e+09
1    1547.704058    0.000081  0.000015  ...  0.000012  7.589131e+06  1.734591e+09
2    1547.705046    0.000079  0.000018  ...  0.000012  7.552039e+06  1.734591e+09
3    1547.704030    0.000082  0.000015  ...  0.000012  7.588397e+06  1.734591e+09
4    1547.705087    0.000078  0.000018  ...  0.000012  7.566414e+06  1.734591e+09
..           ...         ...       ...  ...       ...           ...           ...
649  1547.703744    0.000093  0.000019  ...  0.000012  7.429932e+06  1.734597e+09
650  1547.704836    0.000079  0.000019  ...  0.000012  7.560158e+06  1.734597e+09
651  1547.703775    0.000081  0.000015  ...  0.000012  7.599545e+06  1.734597e+09
652  1547.704861    0.000080  0.000019  ...  0.000012  7.560515e+06  1.734597e+09
653  1547.703834    0.000081  0.000015  ...  0.000012  7.591919e+06  1.734597e+09

[654 rows x 13 columns]
CHANNEL_3_6
          cbragg  cbragg_err   credchi  ...  cdelta_n            cL     timestamp
0    1548.685518    0.000078  0.000012  ...  0.000012  7.842264e+06  1.734591e+09
1    1548.695095    0.000079  0.000023  ...  0.000012  7.785322e+06  1.734591e+09
2    1548.685575    0.000079  0.000012  ...  0.000012  7.816297e+06  1.734591e+09
3    1548.695080    0.000079  0.000023  ...  0.000012  7.760272e+06  1.734591e+09
4    1548.685451    0.000079  0.000012  ...  0.000012  7.805605e+06  1.734591e+09
..           ...         ...       ...  ...       ...           ...           ...
649  1548.694742    0.000079  0.000022  ...  0.000012  7.761879e+06  1.734597e+09
650  1548.685316    0.000078  0.000012  ...  0.000012  7.811331e+06  1.734597e+09
651  1548.694787    0.000080  0.000023  ...  0.000012  7.758761e+06  1.734597e+09
652  1548.685433    0.000078  0.000012  ...  0.000012  7.852939e+06  1.734597e+09
653  1548.694934    0.000080  0.000023  ...  0.000012  7.755949e+06  1.734597e+09

[654 rows x 13 columns]
CHANNEL_3_7
          cbragg  cbragg_err   credchi  ...  cdelta_n            cL     timestamp
0    1549.711782    0.000085  0.000024  ...  0.000012  7.558780e+06  1.734591e+09
1    1549.708599    0.000089  0.000015  ...  0.000012  7.607923e+06  1.734591e+09
2    1549.711758    0.000085  0.000024  ...  0.000012  7.549554e+06  1.734591e+09
3    1549.708601    0.000089  0.000016  ...  0.000012  7.600992e+06  1.734591e+09
4    1549.711578    0.000089  0.000026  ...  0.000012  7.539991e+06  1.734591e+09
..           ...         ...       ...  ...       ...           ...           ...
649  1549.708341    0.000090  0.000016  ...  0.000012  7.602171e+06  1.734597e+09
650  1549.711536    0.000087  0.000025  ...  0.000012  7.539207e+06  1.734597e+09
651  1549.708346    0.000089  0.000016  ...  0.000012  7.608174e+06  1.734597e+09
652  1549.711473    0.000088  0.000026  ...  0.000012  7.538337e+06  1.734597e+09
653  1549.708391    0.000088  0.000015  ...  0.000012  7.590942e+06  1.734597e+09

[654 rows x 13 columns]
CHANNEL_3_8
          cbragg  cbragg_err   credchi  ...  cdelta_n            cL     timestamp
0    1550.658332    0.000092  0.000014  ...  0.000012  7.683353e+06  1.734591e+09
1    1550.663526    0.000088  0.000020  ...  0.000012  7.629178e+06  1.734591e+09
2    1550.658333    0.000090  0.000013  ...  0.000012  7.670518e+06  1.734591e+09
3    1550.663602    0.000087  0.000020  ...  0.000012  7.623686e+06  1.734591e+09
4    1550.658294    0.000091  0.000013  ...  0.000012  7.687291e+06  1.734591e+09
..           ...         ...       ...  ...       ...           ...           ...
649  1550.663916    0.000086  0.000019  ...  0.000012  7.633278e+06  1.734597e+09
650  1550.659027    0.000091  0.000013  ...  0.000012  7.696028e+06  1.734597e+09
651  1550.663937    0.000089  0.000021  ...  0.000012  7.627201e+06  1.734597e+09
652  1550.658970    0.000095  0.000015  ...  0.000012  7.680849e+06  1.734597e+09
653  1550.664025    0.000087  0.000020  ...  0.000012  7.628470e+06  1.734597e+09

[654 rows x 13 columns]
CHANNEL_3_9
          cbragg  cbragg_err   credchi  ...  cdelta_n            cL     timestamp
0    1551.657549    0.000090  0.000018  ...  0.000012  7.666973e+06  1.734591e+09
1    1551.658097    0.000094  0.000014  ...  0.000012  7.707820e+06  1.734591e+09
2    1551.657462    0.000089  0.000018  ...  0.000012  7.670545e+06  1.734591e+09
3    1551.658107    0.000094  0.000014  ...  0.000012  7.721572e+06  1.734591e+09
4    1551.657460    0.000090  0.000018  ...  0.000012  7.676351e+06  1.734591e+09
..           ...         ...       ...  ...       ...           ...           ...
649  1551.658652    0.000094  0.000014  ...  0.000012  7.717790e+06  1.734597e+09
650  1551.658082    0.000092  0.000019  ...  0.000012  7.668997e+06  1.734597e+09
651  1551.658732    0.000096  0.000015  ...  0.000012  7.705539e+06  1.734597e+09
652  1551.658119    0.000091  0.000019  ...  0.000012  7.673156e+06  1.734597e+09
653  1551.658739    0.000095  0.000015  ...  0.000012  7.710829e+06  1.734597e+09

[654 rows x 13 columns]
CHANNEL_3_10
          cbragg  cbragg_err   credchi  ...  cdelta_n            cL     timestamp
0    1552.662989    0.000107  0.000019  ...  0.000012  7.771752e+06  1.734591e+09
1    1552.666364    0.000103  0.000020  ...  0.000012  7.730243e+06  1.734591e+09
2    1552.662970    0.000105  0.000018  ...  0.000012  7.755530e+06  1.734591e+09
3    1552.666347    0.000108  0.000022  ...  0.000012  7.723430e+06  1.734591e+09
4    1552.663041    0.000108  0.000019  ...  0.000012  7.729741e+06  1.734591e+09
..           ...         ...       ...  ...       ...           ...           ...
649  1552.666713    0.000110  0.000022  ...  0.000012  7.689995e+06  1.734597e+09
650  1552.663588    0.000104  0.000018  ...  0.000012  7.777764e+06  1.734597e+09
651  1552.666648    0.000105  0.000020  ...  0.000012  7.738723e+06  1.734597e+09
652  1552.663748    0.000107  0.000019  ...  0.000012  7.742426e+06  1.734597e+09
653  1552.666862    0.000107  0.000021  ...  0.000012  7.716737e+06  1.734597e+09

[654 rows x 13 columns]
CHANNEL_3_11
          cbragg  cbragg_err   credchi  ...  cdelta_n            cL     timestamp
0    1553.626587    0.000124  0.000031  ...  0.000012  7.958001e+06  1.734591e+09
1    1553.636207    0.000128  0.000041  ...  0.000012  7.918321e+06  1.734591e+09
2    1553.626480    0.000125  0.000031  ...  0.000012  7.937825e+06  1.734591e+09
3    1553.636202    0.000128  0.000041  ...  0.000012  7.909805e+06  1.734591e+09
4    1553.626463    0.000126  0.000032  ...  0.000012  7.959406e+06  1.734591e+09
..           ...         ...       ...  ...       ...           ...           ...
649  1553.636704    0.000130  0.000043  ...  0.000012  7.912387e+06  1.734597e+09
650  1553.627173    0.000181  0.000059  ...  0.000012  7.520042e+06  1.734597e+09
651  1553.636727    0.000129  0.000042  ...  0.000012  7.917923e+06  1.734597e+09
652  1553.627196    0.000197  0.000069  ...  0.000012  7.457786e+06  1.734597e+09
653  1553.636867    0.000127  0.000041  ...  0.000012  7.931913e+06  1.734597e+09

[654 rows x 13 columns]
CHANNEL_3_12
          cbragg  cbragg_err   credchi  ...  cdelta_n            cL     timestamp
0    1554.607258    0.000100  0.000018  ...  0.000012  7.814269e+06  1.734591e+09
1    1554.608192    0.000099  0.000020  ...  0.000012  7.789919e+06  1.734591e+09
2    1554.607231    0.000099  0.000018  ...  0.000012  7.811389e+06  1.734591e+09
3    1554.608135    0.000099  0.000020  ...  0.000012  7.774799e+06  1.734591e+09
4    1554.607091    0.000100  0.000018  ...  0.000012  7.814249e+06  1.734591e+09
..           ...         ...       ...  ...       ...           ...           ...
649  1554.608513    0.000100  0.000021  ...  0.000012  7.790307e+06  1.734597e+09
650  1554.607992    0.000100  0.000018  ...  0.000012  7.813015e+06  1.734597e+09
651  1554.608690    0.000160  0.000048  ...  0.000012  7.382681e+06  1.734597e+09
652  1554.607994    0.000098  0.000018  ...  0.000012  7.800884e+06  1.734597e+09
653  1554.608621    0.000099  0.000020  ...  0.000012  7.794187e+06  1.734597e+09

[654 rows x 13 columns]
CHANNEL_3_13
          cbragg  cbragg_err   credchi  ...  cdelta_n            cL     timestamp
0    1555.615094    0.000085  0.000015  ...  0.000012  7.553781e+06  1.734591e+09
1    1555.618735    0.000090  0.000015  ...  0.000012  7.587306e+06  1.734591e+09
2    1555.614907    0.000086  0.000015  ...  0.000012  7.562585e+06  1.734591e+09
3    1555.618737    0.000088  0.000014  ...  0.000012  7.600589e+06  1.734591e+09
4    1555.614853    0.000088  0.000015  ...  0.000012  7.550341e+06  1.734591e+09
..           ...         ...       ...  ...       ...           ...           ...
649  1555.619358    0.000089  0.000015  ...  0.000012  7.586880e+06  1.734597e+09
650  1555.615337    0.000089  0.000016  ...  0.000012  7.555697e+06  1.734597e+09
651  1555.619373    0.000090  0.000015  ...  0.000012  7.585859e+06  1.734597e+09
652  1555.615492    0.000088  0.000015  ...  0.000012  7.558754e+06  1.734597e+09
653  1555.619333    0.000089  0.000015  ...  0.000012  7.595016e+06  1.734597e+09

[654 rows x 13 columns]
CHANNEL_3_14
          cbragg  cbragg_err   credchi  ...  cdelta_n            cL     timestamp
0    1556.568376    0.000188  0.000058  ...  0.000012  7.750063e+06  1.734591e+09
1    1556.571148    0.000189  0.000087  ...  0.000012  7.691119e+06  1.734591e+09
2    1556.568338    0.000190  0.000060  ...  0.000012  7.749125e+06  1.734591e+09
3    1556.571186    0.000189  0.000087  ...  0.000012  7.696314e+06  1.734591e+09
4    1556.568274    0.000191  0.000060  ...  0.000012  7.750603e+06  1.734591e+09
..           ...         ...       ...  ...       ...           ...           ...
649  1556.571545    0.000190  0.000088  ...  0.000012  7.674528e+06  1.734597e+09
650  1556.569373    0.000192  0.000062  ...  0.000012  7.758419e+06  1.734597e+09
651  1556.571884    0.000192  0.000089  ...  0.000012  7.693680e+06  1.734597e+09
652  1556.569091    0.000191  0.000061  ...  0.000012  7.748779e+06  1.734597e+09
653  1556.571692    0.000191  0.000088  ...  0.000012  7.694728e+06  1.734597e+09

[654 rows x 13 columns]
