CHANNEL_0_1
           cbragg  cbragg_err   credchi  ...  cdelta_n            cL     timestamp
0     1544.612744    0.000135  0.000047  ...  0.000012  7.667911e+06  1.735410e+09
1     1544.620862    0.000115  0.000059  ...  0.000012  7.659077e+06  1.735410e+09
2     1544.612757    0.000114  0.000046  ...  0.000012  7.672529e+06  1.735410e+09
3     1544.621079    0.000109  0.000057  ...  0.000012  7.675674e+06  1.735410e+09
4     1544.612891    0.000124  0.000047  ...  0.000012  7.666473e+06  1.735410e+09
...           ...         ...       ...  ...       ...           ...           ...
1587  1544.620620    0.000105  0.000058  ...  0.000012  7.666610e+06  1.735426e+09
1588  1544.612265    0.000148  0.000047  ...  0.000012  7.669299e+06  1.735426e+09
1589  1544.620665    0.000103  0.000057  ...  0.000012  7.677072e+06  1.735426e+09
1590  1544.612248    0.000111  0.000048  ...  0.000012  7.673074e+06  1.735426e+09
1591  1544.620649    0.000105  0.000059  ...  0.000012  7.676256e+06  1.735426e+09

[1592 rows x 13 columns]
CHANNEL_0_2
           cbragg  cbragg_err   credchi  ...  cdelta_n            cL     timestamp
0     1545.448354    0.000094  0.000019  ...  0.000012  7.612079e+06  1.735410e+09
1     1545.449612    0.000094  0.000020  ...  0.000012  7.598548e+06  1.735410e+09
2     1545.448295    0.000088  0.000017  ...  0.000012  7.619215e+06  1.735410e+09
3     1545.449738    0.000096  0.000021  ...  0.000012  7.591326e+06  1.735410e+09
4     1545.448351    0.000094  0.000019  ...  0.000012  7.589590e+06  1.735410e+09
...           ...         ...       ...  ...       ...           ...           ...
1587  1545.449093    0.000094  0.000020  ...  0.000012  7.612390e+06  1.735426e+09
1588  1545.447560    0.000091  0.000018  ...  0.000012  7.615993e+06  1.735426e+09
1589  1545.448828    0.000095  0.000021  ...  0.000012  7.614064e+06  1.735426e+09
1590  1545.447571    0.000092  0.000018  ...  0.000012  7.613695e+06  1.735426e+09
1591  1545.448956    0.000095  0.000021  ...  0.000012  7.607684e+06  1.735426e+09

[1592 rows x 13 columns]
CHANNEL_0_3
           cbragg  cbragg_err   credchi  ...  cdelta_n            cL     timestamp
0     1546.153804    0.000108  0.000039  ...  0.000012  7.677712e+06  1.735410e+09
1     1546.162136    0.000107  0.000051  ...  0.000012  7.638225e+06  1.735410e+09
2     1546.153858    0.000109  0.000039  ...  0.000012  7.660401e+06  1.735410e+09
3     1546.162179    0.000105  0.000048  ...  0.000012  7.640816e+06  1.735410e+09
4     1546.153651    0.000110  0.000040  ...  0.000012  7.664035e+06  1.735410e+09
...           ...         ...       ...  ...       ...           ...           ...
1587  1546.160129    0.000105  0.000049  ...  0.000012  7.634547e+06  1.735426e+09
1588  1546.151821    0.000106  0.000037  ...  0.000012  7.665247e+06  1.735426e+09
1589  1546.160387    0.000107  0.000051  ...  0.000012  7.629291e+06  1.735426e+09
1590  1546.151709    0.000106  0.000038  ...  0.000012  7.682459e+06  1.735426e+09
1591  1546.159927    0.000132  0.000077  ...  0.000012  7.758446e+06  1.735426e+09

[1592 rows x 13 columns]
CHANNEL_0_4
           cbragg  cbragg_err   credchi  ...  cdelta_n            cL     timestamp
0     1547.114162    0.000115  0.000048  ...  0.000012  7.860217e+06  1.735410e+09
1     1547.115198    0.000112  0.000049  ...  0.000012  7.869598e+06  1.735410e+09
2     1547.114148    0.000117  0.000049  ...  0.000012  7.859568e+06  1.735410e+09
3     1547.115180    0.000113  0.000050  ...  0.000012  7.867667e+06  1.735410e+09
4     1547.114114    0.000116  0.000048  ...  0.000012  7.856201e+06  1.735410e+09
...           ...         ...       ...  ...       ...           ...           ...
1587  1547.115021    0.000114  0.000050  ...  0.000012  7.870432e+06  1.735426e+09
1588  1547.113836    0.000116  0.000048  ...  0.000012  7.858166e+06  1.735426e+09
1589  1547.115039    0.000113  0.000050  ...  0.000012  7.862873e+06  1.735426e+09
1590  1547.113852    0.000117  0.000049  ...  0.000012  7.858965e+06  1.735426e+09
1591  1547.115060    0.000114  0.000051  ...  0.000012  7.863966e+06  1.735426e+09

[1592 rows x 13 columns]
CHANNEL_0_5
           cbragg  cbragg_err   credchi  ...  cdelta_n            cL     timestamp
0     1548.087965    0.000091  0.000041  ...  0.000012  7.698916e+06  1.735410e+09
1     1548.092358    0.000096  0.000038  ...  0.000012  7.690632e+06  1.735410e+09
2     1548.087893    0.000107  0.000059  ...  0.000012  7.864723e+06  1.735410e+09
3     1548.092296    0.000102  0.000044  ...  0.000012  7.797438e+06  1.735410e+09
4     1548.087826    0.000091  0.000041  ...  0.000012  7.696275e+06  1.735410e+09
...           ...         ...       ...  ...       ...           ...           ...
1587  1548.092824    0.000113  0.000052  ...  0.000012  7.702961e+06  1.735426e+09
1588  1548.087808    0.000091  0.000040  ...  0.000012  7.704744e+06  1.735426e+09
1589  1548.092224    0.000193  0.000156  ...  0.000012  8.066843e+06  1.735426e+09
1590  1548.087683    0.000094  0.000043  ...  0.000012  7.724641e+06  1.735426e+09
1591  1548.092267    0.000095  0.000038  ...  0.000012  7.696170e+06  1.735426e+09

[1592 rows x 13 columns]
CHANNEL_0_6
           cbragg  cbragg_err   credchi  ...  cdelta_n            cL     timestamp
0     1549.065974    0.000078  0.000023  ...  0.000012  7.538572e+06  1.735410e+09
1     1549.075208    0.000205  0.000299  ...  0.000012  8.033094e+06  1.735410e+09
2     1549.065875    0.000094  0.000035  ...  0.000012  7.721538e+06  1.735410e+09
3     1549.075007    0.000082  0.000044  ...  0.000012  7.475973e+06  1.735410e+09
4     1549.065756    0.000077  0.000023  ...  0.000012  7.557530e+06  1.735410e+09
...           ...         ...       ...  ...       ...           ...           ...
1587  1549.074939    0.000103  0.000071  ...  0.000012  7.654631e+06  1.735426e+09
1588  1549.065755    0.000078  0.000023  ...  0.000012  7.565379e+06  1.735426e+09
1589  1549.074995    0.000091  0.000054  ...  0.000012  7.558810e+06  1.735426e+09
1590  1549.065823    0.000078  0.000023  ...  0.000012  7.566879e+06  1.735426e+09
1591  1549.075021    0.000084  0.000045  ...  0.000012  7.478388e+06  1.735426e+09

[1592 rows x 13 columns]
CHANNEL_0_7
           cbragg  cbragg_err   credchi  ...  cdelta_n            cL     timestamp
0     1550.071032    0.000124  0.000046  ...  0.000012  7.587109e+06  1.735410e+09
1     1550.072713    0.000125  0.000048  ...  0.000012  7.616099e+06  1.735410e+09
2     1550.071086    0.000125  0.000047  ...  0.000012  7.593904e+06  1.735410e+09
3     1550.072753    0.000123  0.000047  ...  0.000012  7.620884e+06  1.735410e+09
4     1550.071067    0.000125  0.000047  ...  0.000012  7.594892e+06  1.735410e+09
...           ...         ...       ...  ...       ...           ...           ...
1587  1550.073000    0.000205  0.000123  ...  0.000012  7.827771e+06  1.735426e+09
1588  1550.070909    0.000125  0.000046  ...  0.000012  7.588988e+06  1.735426e+09
1589  1550.072731    0.000123  0.000046  ...  0.000012  7.626104e+06  1.735426e+09
1590  1550.070936    0.000125  0.000046  ...  0.000012  7.596075e+06  1.735426e+09
1591  1550.072766    0.000124  0.000047  ...  0.000012  7.620265e+06  1.735426e+09

[1592 rows x 13 columns]
CHANNEL_0_8
           cbragg  cbragg_err   credchi  ...  cdelta_n            cL     timestamp
0     1551.046602    0.000073  0.000016  ...  0.000012  7.607420e+06  1.735410e+09
1     1551.053163    0.000074  0.000018  ...  0.000012  7.625050e+06  1.735410e+09
2     1551.046617    0.000073  0.000016  ...  0.000012  7.583204e+06  1.735410e+09
3     1551.053226    0.000071  0.000017  ...  0.000012  7.630152e+06  1.735410e+09
4     1551.046571    0.000073  0.000016  ...  0.000012  7.610583e+06  1.735410e+09
...           ...         ...       ...  ...       ...           ...           ...
1587  1551.053105    0.000073  0.000018  ...  0.000012  7.626544e+06  1.735426e+09
1588  1551.046303    0.000074  0.000016  ...  0.000012  7.612549e+06  1.735426e+09
1589  1551.053084    0.000072  0.000018  ...  0.000012  7.632983e+06  1.735426e+09
1590  1551.046340    0.000074  0.000016  ...  0.000012  7.613949e+06  1.735426e+09
1591  1551.053096    0.000074  0.000018  ...  0.000012  7.627717e+06  1.735426e+09

[1592 rows x 13 columns]
CHANNEL_0_9
           cbragg  cbragg_err   credchi  ...  cdelta_n            cL     timestamp
0     1552.028024    0.000090  0.000016  ...  0.000012  7.729783e+06  1.735410e+09
1     1552.037080    0.000089  0.000029  ...  0.000012  7.670734e+06  1.735410e+09
2     1552.027987    0.000092  0.000016  ...  0.000012  7.727652e+06  1.735410e+09
3     1552.037079    0.000086  0.000027  ...  0.000012  7.662167e+06  1.735410e+09
4     1552.028051    0.000112  0.000024  ...  0.000012  7.495309e+06  1.735410e+09
...           ...         ...       ...  ...       ...           ...           ...
1587  1552.036940    0.000088  0.000028  ...  0.000012  7.673659e+06  1.735426e+09
1588  1552.027749    0.000093  0.000017  ...  0.000012  7.661961e+06  1.735426e+09
1589  1552.036982    0.000090  0.000029  ...  0.000012  7.672072e+06  1.735426e+09
1590  1552.027779    0.000090  0.000016  ...  0.000012  7.722116e+06  1.735426e+09
1591  1552.037020    0.000088  0.000028  ...  0.000012  7.677272e+06  1.735426e+09

[1592 rows x 13 columns]
CHANNEL_0_10
           cbragg  cbragg_err   credchi  ...  cdelta_n            cL     timestamp
0     1553.037975    0.000092  0.000021  ...  0.000012  7.693988e+06  1.735410e+09
1     1553.037884    0.000095  0.000017  ...  0.000012  7.736400e+06  1.735410e+09
2     1553.037947    0.000093  0.000021  ...  0.000012  7.693779e+06  1.735410e+09
3     1553.037952    0.000094  0.000017  ...  0.000012  7.719571e+06  1.735410e+09
4     1553.037929    0.000100  0.000024  ...  0.000012  7.534729e+06  1.735410e+09
...           ...         ...       ...  ...       ...           ...           ...
1587  1553.037855    0.000093  0.000017  ...  0.000012  7.741859e+06  1.735426e+09
1588  1553.037692    0.000092  0.000021  ...  0.000012  7.694490e+06  1.735426e+09
1589  1553.037903    0.000091  0.000016  ...  0.000012  7.734622e+06  1.735426e+09
1590  1553.037669    0.000092  0.000021  ...  0.000012  7.698518e+06  1.735426e+09
1591  1553.037873    0.000092  0.000016  ...  0.000012  7.688584e+06  1.735426e+09

[1592 rows x 13 columns]
CHANNEL_0_11
           cbragg  cbragg_err   credchi  ...  cdelta_n            cL     timestamp
0     1554.042852    0.000073  0.000009  ...  0.000012  7.710003e+06  1.735410e+09
1     1554.051619    0.000085  0.000021  ...  0.000012  7.775190e+06  1.735410e+09
2     1554.042858    0.000071  0.000008  ...  0.000012  7.697720e+06  1.735410e+09
3     1554.051756    0.000070  0.000014  ...  0.000012  7.644102e+06  1.735410e+09
4     1554.042844    0.000074  0.000009  ...  0.000012  7.666985e+06  1.735410e+09
...           ...         ...       ...  ...       ...           ...           ...
1587  1554.051495    0.000072  0.000014  ...  0.000012  7.628622e+06  1.735426e+09
1588  1554.042517    0.000075  0.000009  ...  0.000012  7.704451e+06  1.735426e+09
1589  1554.051383    0.000076  0.000016  ...  0.000012  7.713795e+06  1.735426e+09
1590  1554.042563    0.000072  0.000008  ...  0.000012  7.704442e+06  1.735426e+09
1591  1554.051404    0.000073  0.000015  ...  0.000012  7.649304e+06  1.735426e+09

[1592 rows x 13 columns]
CHANNEL_0_12
           cbragg  cbragg_err   credchi  ...  cdelta_n            cL     timestamp
0     1555.071358    0.000115  0.000046  ...  0.000012  7.503349e+06  1.735410e+09
1     1555.072356    0.000117  0.000046  ...  0.000012  7.516542e+06  1.735410e+09
2     1555.071329    0.000116  0.000047  ...  0.000012  7.500234e+06  1.735410e+09
3     1555.072356    0.000116  0.000044  ...  0.000012  7.514700e+06  1.735410e+09
4     1555.071261    0.000117  0.000048  ...  0.000012  7.495917e+06  1.735410e+09
...           ...         ...       ...  ...       ...           ...           ...
1587  1555.072114    0.000119  0.000047  ...  0.000012  7.524254e+06  1.735426e+09
1588  1555.070975    0.000117  0.000047  ...  0.000012  7.496385e+06  1.735426e+09
1589  1555.072168    0.000121  0.000050  ...  0.000012  7.610625e+06  1.735426e+09
1590  1555.070998    0.000117  0.000047  ...  0.000012  7.497874e+06  1.735426e+09
1591  1555.072195    0.000116  0.000044  ...  0.000012  7.479052e+06  1.735426e+09

[1592 rows x 13 columns]
CHANNEL_0_13
           cbragg  cbragg_err   credchi  ...  cdelta_n            cL     timestamp
0     1556.043510    0.000142  0.000037  ...  0.000012  7.673792e+06  1.735410e+09
1     1556.050853    0.000136  0.000044  ...  0.000012  7.692014e+06  1.735410e+09
2     1556.043582    0.000141  0.000037  ...  0.000012  7.673893e+06  1.735410e+09
3     1556.050942    0.000137  0.000045  ...  0.000012  7.691164e+06  1.735410e+09
4     1556.043462    0.000141  0.000037  ...  0.000012  7.681939e+06  1.735410e+09
...           ...         ...       ...  ...       ...           ...           ...
1587  1556.050635    0.000136  0.000044  ...  0.000012  7.703015e+06  1.735426e+09
1588  1556.043260    0.000141  0.000037  ...  0.000012  7.669535e+06  1.735426e+09
1589  1556.050712    0.000137  0.000045  ...  0.000012  7.686029e+06  1.735426e+09
1590  1556.043255    0.000140  0.000036  ...  0.000012  7.674098e+06  1.735426e+09
1591  1556.050678    0.000141  0.000047  ...  0.000012  7.544325e+06  1.735426e+09

[1592 rows x 13 columns]
CHANNEL_0_14
           cbragg  cbragg_err   credchi  ...  cdelta_n            cL     timestamp
0     1557.016070    0.000098  0.000027  ...  0.000012  7.652514e+06  1.735410e+09
1     1557.019636    0.000108  0.000043  ...  0.000012  7.710000e+06  1.735410e+09
2     1557.016106    0.000099  0.000028  ...  0.000012  7.659122e+06  1.735410e+09
3     1557.019711    0.000102  0.000037  ...  0.000012  7.609441e+06  1.735410e+09
4     1557.016031    0.000100  0.000028  ...  0.000012  7.651097e+06  1.735410e+09
...           ...         ...       ...  ...       ...           ...           ...
1587  1557.019353    0.000103  0.000038  ...  0.000012  7.609437e+06  1.735426e+09
1588  1557.015760    0.000100  0.000028  ...  0.000012  7.641873e+06  1.735426e+09
1589  1557.019434    0.000103  0.000039  ...  0.000012  7.663291e+06  1.735426e+09
1590  1557.015753    0.000099  0.000028  ...  0.000012  7.655804e+06  1.735426e+09
1591  1557.019472    0.000107  0.000042  ...  0.000012  7.701271e+06  1.735426e+09

[1592 rows x 13 columns]
CHANNEL_1_1
           cbragg  cbragg_err   credchi  ...  cdelta_n            cL     timestamp
0     1556.173881    0.000739  0.000874  ...  0.000012  3.183824e+06  1.735410e+09
1     1556.173770    0.001189  0.002640  ...  0.000012  3.521424e+06  1.735410e+09
2     1556.174505    0.000072  0.000005  ...  0.000012  2.677442e+06  1.735410e+09
3     1556.174358    0.000108  0.000010  ...  0.000012  2.622184e+06  1.735410e+09
4     1556.174425    0.000070  0.000005  ...  0.000012  2.674497e+06  1.735410e+09
...           ...         ...       ...  ...       ...           ...           ...
1587  1556.173592    0.000803  0.000985  ...  0.000012  3.211356e+06  1.735426e+09
1588  1556.172395    0.000746  0.000850  ...  0.000012  3.165528e+06  1.735426e+09
1589  1556.173695    0.000696  0.000651  ...  0.000012  3.090686e+06  1.735426e+09
1590  1556.172684    0.000864  0.000986  ...  0.000012  3.089275e+06  1.735426e+09
1591  1556.173830    0.000854  0.001130  ...  0.000012  3.242360e+06  1.735426e+09

[1592 rows x 13 columns]
CHANNEL_1_2
           cbragg  cbragg_err   credchi  ...  cdelta_n            cL     timestamp
0     1558.200389    0.000124  0.000022  ...  0.000012  2.798426e+06  1.735410e+09
1     1558.203229    0.000116  0.000020  ...  0.000012  2.790987e+06  1.735410e+09
2     1558.200075    0.000429  0.000330  ...  0.000012  3.050358e+06  1.735410e+09
3     1558.204243    0.000818  0.000599  ...  0.000012  2.415474e+06  1.735410e+09
4     1558.199748    0.000532  0.000577  ...  0.000012  3.164288e+06  1.735410e+09
...           ...         ...       ...  ...       ...           ...           ...
1587  1558.202940    0.000121  0.000022  ...  0.000012  2.791505e+06  1.735426e+09
1588  1558.200293    0.000126  0.000022  ...  0.000012  2.788617e+06  1.735426e+09
1589  1558.201989    0.001019  0.002858  ...  0.000012  3.552850e+06  1.735426e+09
1590  1558.199735    0.000666  0.000956  ...  0.000012  3.251457e+06  1.735426e+09
1591  1558.203093    0.000184  0.000045  ...  0.000012  2.713921e+06  1.735426e+09

[1592 rows x 13 columns]
CHANNEL_1_3
           cbragg  cbragg_err   credchi  ...  cdelta_n            cL     timestamp
0     1561.017079    0.000110  0.000020  ...  0.000012  2.916092e+06  1.735410e+09
1     1561.013085    0.000842  0.001836  ...  0.000012  3.530134e+06  1.735410e+09
2     1561.017365    0.000062  0.000006  ...  0.000012  2.909944e+06  1.735410e+09
3     1561.013690    0.000048  0.000004  ...  0.000012  2.924895e+06  1.735410e+09
4     1561.017344    0.000046  0.000003  ...  0.000012  2.922888e+06  1.735410e+09
...           ...         ...       ...  ...       ...           ...           ...
1587  1561.013699    0.000049  0.000004  ...  0.000012  2.931200e+06  1.735426e+09
1588  1561.017378    0.000052  0.000004  ...  0.000012  2.935529e+06  1.735426e+09
1589  1561.013782    0.000049  0.000004  ...  0.000012  2.933664e+06  1.735426e+09
1590  1561.017516    0.000149  0.000039  ...  0.000012  3.033844e+06  1.735426e+09
1591  1561.013752    0.000049  0.000004  ...  0.000012  2.904668e+06  1.735426e+09

[1592 rows x 13 columns]
CHANNEL_2_1
           cbragg  cbragg_err   credchi  ...  cdelta_n            cL     timestamp
0     1543.595124    0.000110  0.000006  ...  0.000012  2.770067e+06  1.735410e+09
1     1543.594090    0.000078  0.000006  ...  0.000012  2.771041e+06  1.735410e+09
2     1543.594787    0.000142  0.000006  ...  0.000012  2.770774e+06  1.735410e+09
3     1543.593731    0.000078  0.000006  ...  0.000012  2.769118e+06  1.735410e+09
4     1543.594574    0.000077  0.000006  ...  0.000012  2.768309e+06  1.735410e+09
...           ...         ...       ...  ...       ...           ...           ...
1587  1543.592944    0.000076  0.000006  ...  0.000012  2.769370e+06  1.735426e+09
1588  1543.594083    0.000075  0.000006  ...  0.000012  2.769055e+06  1.735426e+09
1589  1543.593012    0.000076  0.000006  ...  0.000012  2.769795e+06  1.735426e+09
1590  1543.593917    0.000089  0.000006  ...  0.000012  2.769101e+06  1.735426e+09
1591  1543.592809    0.000150  0.000006  ...  0.000012  2.768231e+06  1.735426e+09

[1592 rows x 13 columns]
CHANNEL_2_2
           cbragg  cbragg_err   credchi  ...  cdelta_n            cL     timestamp
0     1545.923949    0.000122  0.000011  ...  0.000012  2.685816e+06  1.735410e+09
1     1545.925479    0.000121  0.000011  ...  0.000012  2.683733e+06  1.735410e+09
2     1545.921565    0.000784  0.000781  ...  0.000012  3.205766e+06  1.735410e+09
3     1545.925442    0.000119  0.000011  ...  0.000012  2.697137e+06  1.735410e+09
4     1545.921376    0.000938  0.001244  ...  0.000012  3.331248e+06  1.735410e+09
...           ...         ...       ...  ...       ...           ...           ...
1587  1545.925326    0.000117  0.000011  ...  0.000012  2.689799e+06  1.735426e+09
1588  1545.924399    0.000267  0.000046  ...  0.000012  2.567054e+06  1.735426e+09
1589  1545.925850    0.000253  0.000042  ...  0.000012  2.568310e+06  1.735426e+09
1590  1545.924080    0.000358  0.000085  ...  0.000012  2.561322e+06  1.735426e+09
1591  1545.925487    0.000128  0.000012  ...  0.000012  2.655995e+06  1.735426e+09

[1592 rows x 13 columns]
CHANNEL_2_3
           cbragg  cbragg_err   credchi  ...  cdelta_n            cL     timestamp
0     1548.520903    0.000098  0.000010  ...  0.000012  2.900466e+06  1.735410e+09
1     1548.522194    0.000097  0.000010  ...  0.000012  2.872271e+06  1.735410e+09
2     1548.521103    0.000096  0.000010  ...  0.000012  2.894817e+06  1.735410e+09
3     1548.522280    0.000096  0.000010  ...  0.000012  2.888381e+06  1.735410e+09
4     1548.521107    0.000097  0.000010  ...  0.000012  2.883903e+06  1.735410e+09
...           ...         ...       ...  ...       ...           ...           ...
1587  1548.522790    0.000725  0.000842  ...  0.000012  3.395225e+06  1.735426e+09
1588  1548.521518    0.000453  0.000292  ...  0.000012  3.205456e+06  1.735426e+09
1589  1548.522165    0.000102  0.000011  ...  0.000012  2.879846e+06  1.735426e+09
1590  1548.521117    0.000096  0.000010  ...  0.000012  2.881341e+06  1.735426e+09
1591  1548.522397    0.000099  0.000010  ...  0.000012  2.889260e+06  1.735426e+09

[1592 rows x 13 columns]
CHANNEL_3_1
           cbragg  cbragg_err   credchi  ...  cdelta_n            cL     timestamp
0     1544.136671    0.000164  0.000027  ...  0.000012  7.773995e+06  1.735410e+09
1     1544.133230    0.000124  0.000020  ...  0.000012  7.811230e+06  1.735410e+09
2     1544.136621    0.000117  0.000028  ...  0.000012  7.769744e+06  1.735410e+09
3     1544.133344    0.000134  0.000019  ...  0.000012  7.796057e+06  1.735410e+09
4     1544.136643    0.000153  0.000028  ...  0.000012  7.762054e+06  1.735410e+09
...           ...         ...       ...  ...       ...           ...           ...
1587  1544.132793    0.000186  0.000019  ...  0.000012  7.819968e+06  1.735426e+09
1588  1544.136189    0.000118  0.000026  ...  0.000012  7.772664e+06  1.735426e+09
1589  1544.132718    0.000116  0.000019  ...  0.000012  7.811666e+06  1.735426e+09
1590  1544.136181    0.000148  0.000027  ...  0.000012  7.772842e+06  1.735426e+09
1591  1544.132876    0.000117  0.000019  ...  0.000012  7.819391e+06  1.735426e+09

[1592 rows x 13 columns]
CHANNEL_3_2
           cbragg  cbragg_err   credchi  ...  cdelta_n            cL     timestamp
0     1545.033212    0.000115  0.000024  ...  0.000012  7.883261e+06  1.735410e+09
1     1545.043264    0.000112  0.000040  ...  0.000012  7.810495e+06  1.735410e+09
2     1545.033219    0.000163  0.000023  ...  0.000012  7.896201e+06  1.735410e+09
3     1545.043299    0.000112  0.000040  ...  0.000012  7.816388e+06  1.735410e+09
4     1545.033222    0.000111  0.000023  ...  0.000012  7.902419e+06  1.735410e+09
...           ...         ...       ...  ...       ...           ...           ...
1587  1545.042598    0.000292  0.000039  ...  0.000012  7.820517e+06  1.735426e+09
1588  1545.032394    0.000114  0.000023  ...  0.000012  7.906506e+06  1.735426e+09
1589  1545.042473    0.000118  0.000040  ...  0.000012  7.831106e+06  1.735426e+09
1590  1545.032369    0.000113  0.000023  ...  0.000012  7.883260e+06  1.735426e+09
1591  1545.042505    0.000261  0.000041  ...  0.000012  7.820141e+06  1.735426e+09

[1592 rows x 13 columns]
CHANNEL_3_3
           cbragg  cbragg_err   credchi  ...  cdelta_n            cL     timestamp
0     1545.759399    0.000110  0.000034  ...  0.000012  7.562188e+06  1.735410e+09
1     1545.759928    0.000113  0.000025  ...  0.000012  7.596299e+06  1.735410e+09
2     1545.759207    0.000107  0.000033  ...  0.000012  7.570114e+06  1.735410e+09
3     1545.759805    0.000115  0.000026  ...  0.000012  7.585768e+06  1.735410e+09
4     1545.759204    0.000106  0.000032  ...  0.000012  7.568052e+06  1.735410e+09
...           ...         ...       ...  ...       ...           ...           ...
1587  1545.757787    0.000116  0.000026  ...  0.000012  7.577725e+06  1.735426e+09
1588  1545.757259    0.000104  0.000031  ...  0.000012  7.576223e+06  1.735426e+09
1589  1545.757898    0.000111  0.000024  ...  0.000012  7.591191e+06  1.735426e+09
1590  1545.757067    0.000106  0.000032  ...  0.000012  7.572134e+06  1.735426e+09
1591  1545.757538    0.000115  0.000026  ...  0.000012  7.590969e+06  1.735426e+09

[1592 rows x 13 columns]
CHANNEL_3_4
           cbragg  cbragg_err   credchi  ...  cdelta_n            cL     timestamp
0     1546.682771    0.000101  0.000018  ...  0.000012  7.789107e+06  1.735410e+09
1     1546.689679    0.000098  0.000027  ...  0.000012  7.734804e+06  1.735410e+09
2     1546.682796    0.000187  0.000058  ...  0.000012  7.307906e+06  1.735410e+09
3     1546.689681    0.000098  0.000027  ...  0.000012  7.727540e+06  1.735410e+09
4     1546.682789    0.000099  0.000017  ...  0.000012  7.783731e+06  1.735410e+09
...           ...         ...       ...  ...       ...           ...           ...
1587  1546.689342    0.000098  0.000027  ...  0.000012  7.732366e+06  1.735426e+09
1588  1546.682385    0.000097  0.000017  ...  0.000012  7.793891e+06  1.735426e+09
1589  1546.689302    0.000099  0.000028  ...  0.000012  7.729496e+06  1.735426e+09
1590  1546.682452    0.000096  0.000016  ...  0.000012  7.784761e+06  1.735426e+09
1591  1546.689390    0.000097  0.000026  ...  0.000012  7.734348e+06  1.735426e+09

[1592 rows x 13 columns]
CHANNEL_3_5
           cbragg  cbragg_err   credchi  ...  cdelta_n            cL     timestamp
0     1547.703199    0.000077  0.000015  ...  0.000012  7.583236e+06  1.735410e+09
1     1547.708872    0.000078  0.000013  ...  0.000012  7.624625e+06  1.735410e+09
2     1547.703249    0.000077  0.000015  ...  0.000012  7.582545e+06  1.735410e+09
3     1547.708896    0.000078  0.000013  ...  0.000012  7.623731e+06  1.735410e+09
4     1547.703047    0.000076  0.000015  ...  0.000012  7.589232e+06  1.735410e+09
...           ...         ...       ...  ...       ...           ...           ...
1587  1547.708667    0.000077  0.000013  ...  0.000012  7.627484e+06  1.735426e+09
1588  1547.702906    0.000075  0.000014  ...  0.000012  7.592203e+06  1.735426e+09
1589  1547.708679    0.000078  0.000013  ...  0.000012  7.621178e+06  1.735426e+09
1590  1547.702909    0.000077  0.000015  ...  0.000012  7.575168e+06  1.735426e+09
1591  1547.708712    0.000079  0.000013  ...  0.000012  7.639534e+06  1.735426e+09

[1592 rows x 13 columns]
CHANNEL_3_6
           cbragg  cbragg_err   credchi  ...  cdelta_n            cL     timestamp
0     1548.691889    0.000082  0.000015  ...  0.000012  7.767433e+06  1.735410e+09
1     1548.693170    0.000080  0.000015  ...  0.000012  7.764044e+06  1.735410e+09
2     1548.691865    0.000079  0.000015  ...  0.000012  7.752340e+06  1.735410e+09
3     1548.693146    0.000079  0.000015  ...  0.000012  7.771251e+06  1.735410e+09
4     1548.691687    0.000082  0.000016  ...  0.000012  7.760374e+06  1.735410e+09
...           ...         ...       ...  ...       ...           ...           ...
1587  1548.692968    0.000082  0.000016  ...  0.000012  7.750531e+06  1.735426e+09
1588  1548.691538    0.000082  0.000016  ...  0.000012  7.708432e+06  1.735426e+09
1589  1548.692967    0.000081  0.000016  ...  0.000012  7.771185e+06  1.735426e+09
1590  1548.691673    0.000082  0.000016  ...  0.000012  7.762294e+06  1.735426e+09
1591  1548.693024    0.000080  0.000016  ...  0.000012  7.768114e+06  1.735426e+09

[1592 rows x 13 columns]
CHANNEL_3_7
           cbragg  cbragg_err   credchi  ...  cdelta_n            cL     timestamp
0     1549.706614    0.000088  0.000015  ...  0.000012  7.618923e+06  1.735410e+09
1     1549.716248    0.000087  0.000020  ...  0.000012  7.570456e+06  1.735410e+09
2     1549.706621    0.000089  0.000015  ...  0.000012  7.597762e+06  1.735410e+09
3     1549.716165    0.000088  0.000020  ...  0.000012  7.584518e+06  1.735410e+09
4     1549.706663    0.000086  0.000014  ...  0.000012  7.541956e+06  1.735410e+09
...           ...         ...       ...  ...       ...           ...           ...
1587  1549.716165    0.000088  0.000021  ...  0.000012  7.571221e+06  1.735426e+09
1588  1549.706501    0.000087  0.000014  ...  0.000012  7.602405e+06  1.735426e+09
1589  1549.716102    0.000086  0.000020  ...  0.000012  7.585113e+06  1.735426e+09
1590  1549.706646    0.000086  0.000014  ...  0.000012  7.606541e+06  1.735426e+09
1591  1549.716163    0.000086  0.000020  ...  0.000012  7.587469e+06  1.735426e+09

[1592 rows x 13 columns]
CHANNEL_3_8
           cbragg  cbragg_err   credchi  ...  cdelta_n            cL     timestamp
0     1550.670165    0.000090  0.000017  ...  0.000012  7.637005e+06  1.735410e+09
1     1550.665872    0.000096  0.000014  ...  0.000012  7.658647e+06  1.735410e+09
2     1550.670084    0.000091  0.000017  ...  0.000012  7.652715e+06  1.735410e+09
3     1550.665939    0.000094  0.000014  ...  0.000012  7.654825e+06  1.735410e+09
4     1550.670063    0.000090  0.000017  ...  0.000012  7.629122e+06  1.735410e+09
...           ...         ...       ...  ...       ...           ...           ...
1587  1550.665738    0.000093  0.000013  ...  0.000012  7.657984e+06  1.735426e+09
1588  1550.669887    0.000090  0.000017  ...  0.000012  7.638595e+06  1.735426e+09
1589  1550.665790    0.000093  0.000014  ...  0.000012  7.654075e+06  1.735426e+09
1590  1550.670001    0.000091  0.000017  ...  0.000012  7.629306e+06  1.735426e+09
1591  1550.665907    0.000094  0.000014  ...  0.000012  7.657768e+06  1.735426e+09

[1592 rows x 13 columns]
CHANNEL_3_9
           cbragg  cbragg_err   credchi  ...  cdelta_n            cL     timestamp
0     1551.660049    0.000093  0.000011  ...  0.000012  7.738778e+06  1.735410e+09
1     1551.668413    0.000092  0.000019  ...  0.000012  7.676480e+06  1.735410e+09
2     1551.660156    0.000093  0.000011  ...  0.000012  7.738511e+06  1.735410e+09
3     1551.668379    0.000091  0.000018  ...  0.000012  7.674343e+06  1.735410e+09
4     1551.660105    0.000093  0.000011  ...  0.000012  7.745730e+06  1.735410e+09
...           ...         ...       ...  ...       ...           ...           ...
1587  1551.668255    0.000091  0.000019  ...  0.000012  7.688360e+06  1.735426e+09
1588  1551.660015    0.000092  0.000011  ...  0.000012  7.708044e+06  1.735426e+09
1589  1551.668268    0.000091  0.000019  ...  0.000012  7.681208e+06  1.735426e+09
1590  1551.659954    0.000092  0.000011  ...  0.000012  7.736798e+06  1.735426e+09
1591  1551.668331    0.000091  0.000018  ...  0.000012  7.678033e+06  1.735426e+09

[1592 rows x 13 columns]
CHANNEL_3_10
           cbragg  cbragg_err   credchi  ...  cdelta_n            cL     timestamp
0     1552.674066    0.000103  0.000021  ...  0.000012  7.723804e+06  1.735410e+09
1     1552.668782    0.000116  0.000015  ...  0.000012  7.762622e+06  1.735410e+09
2     1552.674079    0.000102  0.000021  ...  0.000012  7.723658e+06  1.735410e+09
3     1552.668638    0.000114  0.000014  ...  0.000012  7.777461e+06  1.735410e+09
4     1552.674067    0.000103  0.000021  ...  0.000012  7.722788e+06  1.735410e+09
...           ...         ...       ...  ...       ...           ...           ...
1587  1552.668717    0.000112  0.000014  ...  0.000012  7.774791e+06  1.735426e+09
1588  1552.673949    0.000102  0.000021  ...  0.000012  7.718559e+06  1.735426e+09
1589  1552.668887    0.000112  0.000014  ...  0.000012  7.760909e+06  1.735426e+09
1590  1552.673883    0.000103  0.000021  ...  0.000012  7.720454e+06  1.735426e+09
1591  1552.668866    0.000114  0.000014  ...  0.000012  7.758211e+06  1.735426e+09

[1592 rows x 13 columns]
CHANNEL_3_11
           cbragg  cbragg_err   credchi  ...  cdelta_n            cL     timestamp
0     1553.636713    0.000214  0.000061  ...  0.000012  7.393880e+06  1.735410e+09
1     1553.640016    0.000135  0.000041  ...  0.000012  7.843372e+06  1.735410e+09
2     1553.636645    0.000132  0.000026  ...  0.000012  7.928412e+06  1.735410e+09
3     1553.640050    0.000129  0.000038  ...  0.000012  7.864593e+06  1.735410e+09
4     1553.636728    0.000141  0.000029  ...  0.000012  7.747388e+06  1.735410e+09
...           ...         ...       ...  ...       ...           ...           ...
1587  1553.639794    0.000132  0.000040  ...  0.000012  7.849325e+06  1.735426e+09
1588  1553.636527    0.000132  0.000026  ...  0.000012  7.922026e+06  1.735426e+09
1589  1553.639867    0.000130  0.000038  ...  0.000012  7.864265e+06  1.735426e+09
1590  1553.636639    0.000132  0.000026  ...  0.000012  7.926333e+06  1.735426e+09
1591  1553.640100    0.000134  0.000041  ...  0.000012  7.831211e+06  1.735426e+09

[1592 rows x 13 columns]
CHANNEL_3_12
           cbragg  cbragg_err   credchi  ...  cdelta_n            cL     timestamp
0     1554.616412    0.000098  0.000020  ...  0.000012  7.778258e+06  1.735410e+09
1     1554.613412    0.000104  0.000014  ...  0.000012  7.827722e+06  1.735410e+09
2     1554.616444    0.000096  0.000020  ...  0.000012  7.779541e+06  1.735410e+09
3     1554.613336    0.000104  0.000014  ...  0.000012  7.826185e+06  1.735410e+09
4     1554.616455    0.000096  0.000020  ...  0.000012  7.776897e+06  1.735410e+09
...           ...         ...       ...  ...       ...           ...           ...
1587  1554.613096    0.000105  0.000015  ...  0.000012  7.835143e+06  1.735426e+09
1588  1554.616112    0.000146  0.000042  ...  0.000012  7.423596e+06  1.735426e+09
1589  1554.613244    0.000104  0.000014  ...  0.000012  7.826592e+06  1.735426e+09
1590  1554.616224    0.000096  0.000020  ...  0.000012  7.778489e+06  1.735426e+09
1591  1554.613232    0.000101  0.000013  ...  0.000012  7.832889e+06  1.735426e+09

[1592 rows x 13 columns]
CHANNEL_3_13
           cbragg  cbragg_err   credchi  ...  cdelta_n            cL     timestamp
0     1555.618524    0.000088  0.000009  ...  0.000012  7.639944e+06  1.735410e+09
1     1555.625730    0.000086  0.000016  ...  0.000012  7.570495e+06  1.735410e+09
2     1555.618697    0.000086  0.000009  ...  0.000012  7.632654e+06  1.735410e+09
3     1555.625707    0.000087  0.000016  ...  0.000012  7.569467e+06  1.735410e+09
4     1555.618479    0.000089  0.000010  ...  0.000012  7.637831e+06  1.735410e+09
...           ...         ...       ...  ...       ...           ...           ...
1587  1555.625632    0.000086  0.000016  ...  0.000012  7.571700e+06  1.735426e+09
1588  1555.618443    0.000086  0.000009  ...  0.000012  7.632485e+06  1.735426e+09
1589  1555.625665    0.000088  0.000016  ...  0.000012  7.570829e+06  1.735426e+09
1590  1555.618376    0.000088  0.000009  ...  0.000012  7.651281e+06  1.735426e+09
1591  1555.625653    0.000087  0.000016  ...  0.000012  7.572935e+06  1.735426e+09

[1592 rows x 13 columns]
CHANNEL_3_14
           cbragg  cbragg_err   credchi  ...  cdelta_n            cL     timestamp
0     1556.579273    0.000186  0.000077  ...  0.000012  7.685916e+06  1.735410e+09
1     1556.574168    0.000184  0.000046  ...  0.000012  7.747679e+06  1.735410e+09
2     1556.579220    0.000189  0.000079  ...  0.000012  7.699408e+06  1.735410e+09
3     1556.574111    0.000188  0.000048  ...  0.000012  7.763619e+06  1.735410e+09
4     1556.579352    0.000197  0.000083  ...  0.000012  7.464396e+06  1.735410e+09
...           ...         ...       ...  ...       ...           ...           ...
1587  1556.573891    0.000188  0.000048  ...  0.000012  7.761888e+06  1.735426e+09
1588  1556.579032    0.000187  0.000077  ...  0.000012  7.698578e+06  1.735426e+09
1589  1556.573978    0.000185  0.000046  ...  0.000012  7.754771e+06  1.735426e+09
1590  1556.579063    0.000187  0.000077  ...  0.000012  7.695733e+06  1.735426e+09
1591  1556.574098    0.000185  0.000046  ...  0.000012  7.766256e+06  1.735426e+09

[1592 rows x 13 columns]
