000 (11451992.570.000) 01/28 14:31:49 Job submitted from host: <188.185.114.121:9618?addrs=188.185.114.121-9618+[2001-1458-d00-a--100-273]-9618&alias=bigbird19.cern.ch&noUDP&sock=schedd_2045_4743>
...
040 (11451992.570.000) 01/28 16:55:21 Started transferring input files
	Transferring to host: <188.185.194.101:9618?addrs=188.185.194.101-9618+[2001-1458-303-21--100-61]-9618&alias=b9p20p7979.cern.ch&noUDP&sock=slot1_6_954237_0a6d_76424>
...
040 (11451992.570.000) 01/28 16:55:21 Finished transferring input files
...
001 (11451992.570.000) 01/28 16:55:22 Job executing on host: <188.185.194.101:9618?addrs=188.185.194.101-9618+[2001-1458-303-21--100-61]-9618&alias=b9p20p7979.cern.ch&noUDP&sock=startd_3056200_931d>
	SlotName: slot1_6@b9p20p7979.cern.ch
	CondorScratchDir = "/pool/condor/dir_4105351"
	Cpus = 1
	Disk = 3096144
	Memory = 3000
...
006 (11451992.570.000) 01/28 16:55:30 Image size of job updated: 1
	0  -  MemoryUsage of job (MB)
	0  -  ResidentSetSize of job (KB)
...
006 (11451992.570.000) 01/28 17:00:30 Image size of job updated: 287956
	282  -  MemoryUsage of job (MB)
	287952  -  ResidentSetSize of job (KB)
...
006 (11451992.570.000) 01/28 17:05:31 Image size of job updated: 388052
	379  -  MemoryUsage of job (MB)
	387924  -  ResidentSetSize of job (KB)
...
006 (11451992.570.000) 01/28 17:10:32 Image size of job updated: 491408
	480  -  MemoryUsage of job (MB)
	491408  -  ResidentSetSize of job (KB)
...
006 (11451992.570.000) 01/28 17:15:32 Image size of job updated: 599392
	586  -  MemoryUsage of job (MB)
	599392  -  ResidentSetSize of job (KB)
...
006 (11451992.570.000) 01/28 17:20:32 Image size of job updated: 708780
	693  -  MemoryUsage of job (MB)
	708780  -  ResidentSetSize of job (KB)
...
006 (11451992.570.000) 01/28 17:25:33 Image size of job updated: 815452
	797  -  MemoryUsage of job (MB)
	815452  -  ResidentSetSize of job (KB)
...
006 (11451992.570.000) 01/28 17:30:33 Image size of job updated: 919252
	898  -  MemoryUsage of job (MB)
	919252  -  ResidentSetSize of job (KB)
...
006 (11451992.570.000) 01/28 17:35:33 Image size of job updated: 1025568
	1002  -  MemoryUsage of job (MB)
	1025568  -  ResidentSetSize of job (KB)
...
006 (11451992.570.000) 01/28 17:40:34 Image size of job updated: 1522364
	1487  -  MemoryUsage of job (MB)
	1522364  -  ResidentSetSize of job (KB)
...
006 (11451992.570.000) 01/28 17:45:35 Image size of job updated: 1934772
	1890  -  MemoryUsage of job (MB)
	1934764  -  ResidentSetSize of job (KB)
...
006 (11451992.570.000) 01/28 17:50:35 Image size of job updated: 2033364
	1986  -  MemoryUsage of job (MB)
	2033364  -  ResidentSetSize of job (KB)
...
006 (11451992.570.000) 01/28 17:55:35 Image size of job updated: 2076804
	2029  -  MemoryUsage of job (MB)
	2076804  -  ResidentSetSize of job (KB)
...
006 (11451992.570.000) 01/28 18:00:36 Image size of job updated: 2099112
	2050  -  MemoryUsage of job (MB)
	2099104  -  ResidentSetSize of job (KB)
...
006 (11451992.570.000) 01/28 18:05:37 Image size of job updated: 2121748
	2073  -  MemoryUsage of job (MB)
	2121748  -  ResidentSetSize of job (KB)
...
006 (11451992.570.000) 01/28 18:10:37 Image size of job updated: 2144444
	2094  -  MemoryUsage of job (MB)
	2144228  -  ResidentSetSize of job (KB)
...
006 (11451992.570.000) 01/28 18:15:37 Image size of job updated: 2164624
	2114  -  MemoryUsage of job (MB)
	2164624  -  ResidentSetSize of job (KB)
...
006 (11451992.570.000) 01/28 18:20:38 Image size of job updated: 2185312
	2134  -  MemoryUsage of job (MB)
	2185156  -  ResidentSetSize of job (KB)
...
006 (11451992.570.000) 01/28 18:25:38 Image size of job updated: 2207872
	2155  -  MemoryUsage of job (MB)
	2206048  -  ResidentSetSize of job (KB)
...
006 (11451992.570.000) 01/28 18:30:38 Image size of job updated: 2214624
	2155  -  MemoryUsage of job (MB)
	2206048  -  ResidentSetSize of job (KB)
...
040 (11451992.570.000) 01/28 18:36:13 Started transferring output files
...
040 (11451992.570.000) 01/28 18:36:13 Finished transferring output files
...
005 (11451992.570.000) 01/28 18:36:13 Job terminated.
	(1) Normal termination (return value 0)
		Usr 0 01:34:07, Sys 0 00:00:05  -  Run Remote Usage
		Usr 0 00:00:00, Sys 0 00:00:00  -  Run Local Usage
		Usr 0 01:34:07, Sys 0 00:00:05  -  Total Remote Usage
		Usr 0 00:00:00, Sys 0 00:00:00  -  Total Local Usage
	40692  -  Run Bytes Sent By Job
	5797  -  Run Bytes Received By Job
	40692  -  Total Bytes Sent By Job
	5797  -  Total Bytes Received By Job
	Partitionable Resources :    Usage  Request Allocated 
	   Cpus                 :     0.99        1         1 
	   Disk (KB)            :    67          10   3096144 
	   Memory (MB)          :  2155        3000      3000 

	Job terminated of its own accord at 2025-01-28T17:36:13Z with exit-code 0.
...
