000 (11451992.298.000) 01/28 14:31:49 Job submitted from host: <188.185.114.121:9618?addrs=188.185.114.121-9618+[2001-1458-d00-a--100-273]-9618&alias=bigbird19.cern.ch&noUDP&sock=schedd_2045_4743>
...
040 (11451992.298.000) 01/28 14:41:34 Started transferring input files
	Transferring to host: <128.142.161.139:9618?addrs=128.142.161.139-9618+[2001-1458-301-b9--100-8]-9618&alias=b9g03p5522.cern.ch&noUDP&sock=slot1_22_231982_0e13_21016>
...
040 (11451992.298.000) 01/28 14:41:34 Finished transferring input files
...
001 (11451992.298.000) 01/28 14:41:35 Job executing on host: <128.142.161.139:9618?addrs=128.142.161.139-9618+[2001-1458-301-b9--100-8]-9618&alias=b9g03p5522.cern.ch&noUDP&sock=startd_6589_159c>
	SlotName: slot1_22@b9g03p5522.cern.ch
	CondorScratchDir = "/pool/condor/dir_331789"
	Cpus = 1
	Disk = 3995
	GPUs = 0
	Memory = 3000
...
006 (11451992.298.000) 01/28 14:41:44 Image size of job updated: 1784
	2  -  MemoryUsage of job (MB)
	1784  -  ResidentSetSize of job (KB)
...
006 (11451992.298.000) 01/28 14:46:45 Image size of job updated: 86712
	85  -  MemoryUsage of job (MB)
	86712  -  ResidentSetSize of job (KB)
...
006 (11451992.298.000) 01/28 14:51:46 Image size of job updated: 89676
	88  -  MemoryUsage of job (MB)
	89676  -  ResidentSetSize of job (KB)
...
006 (11451992.298.000) 01/28 14:56:46 Image size of job updated: 93024
	91  -  MemoryUsage of job (MB)
	93024  -  ResidentSetSize of job (KB)
...
006 (11451992.298.000) 01/28 15:01:47 Image size of job updated: 95748
	94  -  MemoryUsage of job (MB)
	95748  -  ResidentSetSize of job (KB)
...
006 (11451992.298.000) 01/28 15:06:48 Image size of job updated: 99576
	98  -  MemoryUsage of job (MB)
	99576  -  ResidentSetSize of job (KB)
...
006 (11451992.298.000) 01/28 15:11:48 Image size of job updated: 102896
	101  -  MemoryUsage of job (MB)
	102896  -  ResidentSetSize of job (KB)
...
006 (11451992.298.000) 01/28 15:16:48 Image size of job updated: 106108
	104  -  MemoryUsage of job (MB)
	106108  -  ResidentSetSize of job (KB)
...
006 (11451992.298.000) 01/28 15:21:49 Image size of job updated: 109656
	108  -  MemoryUsage of job (MB)
	109656  -  ResidentSetSize of job (KB)
...
006 (11451992.298.000) 01/28 15:26:49 Image size of job updated: 112676
	111  -  MemoryUsage of job (MB)
	112676  -  ResidentSetSize of job (KB)
...
006 (11451992.298.000) 01/28 15:31:49 Image size of job updated: 116072
	114  -  MemoryUsage of job (MB)
	116072  -  ResidentSetSize of job (KB)
...
006 (11451992.298.000) 01/28 15:36:50 Image size of job updated: 119952
	118  -  MemoryUsage of job (MB)
	119952  -  ResidentSetSize of job (KB)
...
006 (11451992.298.000) 01/28 15:41:51 Image size of job updated: 124580
	122  -  MemoryUsage of job (MB)
	124580  -  ResidentSetSize of job (KB)
...
006 (11451992.298.000) 01/28 15:46:51 Image size of job updated: 132088
	129  -  MemoryUsage of job (MB)
	132088  -  ResidentSetSize of job (KB)
...
006 (11451992.298.000) 01/28 15:51:51 Image size of job updated: 141348
	139  -  MemoryUsage of job (MB)
	141348  -  ResidentSetSize of job (KB)
...
006 (11451992.298.000) 01/28 15:56:52 Image size of job updated: 145964
	143  -  MemoryUsage of job (MB)
	145964  -  ResidentSetSize of job (KB)
...
006 (11451992.298.000) 01/28 16:01:52 Image size of job updated: 152112
	149  -  MemoryUsage of job (MB)
	152112  -  ResidentSetSize of job (KB)
...
006 (11451992.298.000) 01/28 16:06:52 Image size of job updated: 156752
	154  -  MemoryUsage of job (MB)
	156752  -  ResidentSetSize of job (KB)
...
006 (11451992.298.000) 01/28 16:11:53 Image size of job updated: 159396
	156  -  MemoryUsage of job (MB)
	159396  -  ResidentSetSize of job (KB)
...
006 (11451992.298.000) 01/28 16:16:53 Image size of job updated: 162584
	159  -  MemoryUsage of job (MB)
	162584  -  ResidentSetSize of job (KB)
...
006 (11451992.298.000) 01/28 16:21:53 Image size of job updated: 165484
	162  -  MemoryUsage of job (MB)
	165484  -  ResidentSetSize of job (KB)
...
006 (11451992.298.000) 01/28 16:26:54 Image size of job updated: 168480
	165  -  MemoryUsage of job (MB)
	168480  -  ResidentSetSize of job (KB)
...
006 (11451992.298.000) 01/28 16:31:55 Image size of job updated: 172212
	169  -  MemoryUsage of job (MB)
	172212  -  ResidentSetSize of job (KB)
...
006 (11451992.298.000) 01/28 16:36:55 Image size of job updated: 173908
	170  -  MemoryUsage of job (MB)
	173908  -  ResidentSetSize of job (KB)
...
006 (11451992.298.000) 01/28 16:41:55 Image size of job updated: 175908
	172  -  MemoryUsage of job (MB)
	175908  -  ResidentSetSize of job (KB)
...
006 (11451992.298.000) 01/28 16:46:56 Image size of job updated: 178148
	174  -  MemoryUsage of job (MB)
	178148  -  ResidentSetSize of job (KB)
...
006 (11451992.298.000) 01/28 16:51:56 Image size of job updated: 180328
	177  -  MemoryUsage of job (MB)
	180328  -  ResidentSetSize of job (KB)
...
006 (11451992.298.000) 01/28 16:56:56 Image size of job updated: 181992
	178  -  MemoryUsage of job (MB)
	181992  -  ResidentSetSize of job (KB)
...
006 (11451992.298.000) 01/28 17:01:57 Image size of job updated: 184536
	181  -  MemoryUsage of job (MB)
	184536  -  ResidentSetSize of job (KB)
...
040 (11451992.298.000) 01/28 17:06:49 Started transferring output files
...
040 (11451992.298.000) 01/28 17:06:49 Finished transferring output files
...
005 (11451992.298.000) 01/28 17:06:49 Job terminated.
	(1) Normal termination (return value 0)
		Usr 0 02:15:06, Sys 0 00:00:42  -  Run Remote Usage
		Usr 0 00:00:00, Sys 0 00:00:00  -  Run Local Usage
		Usr 0 02:15:06, Sys 0 00:00:42  -  Total Remote Usage
		Usr 0 00:00:00, Sys 0 00:00:00  -  Total Local Usage
	40692  -  Run Bytes Sent By Job
	5797  -  Run Bytes Received By Job
	40692  -  Total Bytes Sent By Job
	5797  -  Total Bytes Received By Job
	Partitionable Resources :    Usage  Request Allocated 
	   Cpus                 :     0.98        1         1 
	   Disk (KB)            :    68          10      3995 
	   GPUs                 :                           0 
	   Memory (MB)          :   181        3000      3000 

	Job terminated of its own accord at 2025-01-28T16:06:49Z with exit-code 0.
...
