CHANNEL_0_1
        cbragg  cbragg_err   credchi  ...  cdelta_n            cL     timestamp
0  1544.631099    0.000106  0.000062  ...  0.000012  7.691417e+06  1.736362e+09
1  1544.622524    0.000119  0.000051  ...  0.000012  7.695351e+06  1.736362e+09

[2 rows x 13 columns]
CHANNEL_0_2
        cbragg  cbragg_err   credchi  ...  cdelta_n            cL     timestamp
0  1545.440526     0.00009  0.000021  ...  0.000012  7.693301e+06  1.736362e+09
1  1545.438369     0.00009  0.000019  ...  0.000012  7.669947e+06  1.736362e+09

[2 rows x 13 columns]
CHANNEL_0_3
        cbragg  cbragg_err   credchi  ...  cdelta_n            cL     timestamp
0  1546.136864    0.000111  0.000057  ...  0.000012  7.676686e+06  1.736362e+09
1  1546.127642    0.000109  0.000040  ...  0.000012  7.655202e+06  1.736362e+09

[2 rows x 13 columns]
CHANNEL_0_4
        cbragg  cbragg_err   credchi  ...  cdelta_n            cL     timestamp
0  1547.126881    0.000111  0.000051  ...  0.000012  7.863494e+06  1.736362e+09
1  1547.124392    0.000116  0.000049  ...  0.000012  7.856175e+06  1.736362e+09

[2 rows x 13 columns]
CHANNEL_0_5
        cbragg  cbragg_err   credchi  ...  cdelta_n            cL     timestamp
0  1548.102789    0.000093  0.000037  ...  0.000012  7.740274e+06  1.736362e+09
1  1548.097850    0.000088  0.000040  ...  0.000012  7.722586e+06  1.736362e+09

[2 rows x 13 columns]
CHANNEL_0_6
        cbragg  cbragg_err   credchi  ...  cdelta_n            cL     timestamp
0  1549.085705    0.000081  0.000045  ...  0.000012  7.440995e+06  1.736362e+09
1  1549.075402    0.000075  0.000023  ...  0.000012  7.600144e+06  1.736362e+09

[2 rows x 13 columns]
CHANNEL_0_7
        cbragg  cbragg_err   credchi  ...  cdelta_n            cL     timestamp
0  1550.083105    0.000143  0.000068  ...  0.000012  7.808228e+06  1.736362e+09
1  1550.081034    0.000132  0.000053  ...  0.000012  7.526585e+06  1.736362e+09

[2 rows x 13 columns]
CHANNEL_0_8
        cbragg  cbragg_err   credchi  ...  cdelta_n            cL     timestamp
0  1551.064077    0.000076  0.000020  ...  0.000012  7.596738e+06  1.736362e+09
1  1551.057181    0.000077  0.000019  ...  0.000012  7.591452e+06  1.736362e+09

[2 rows x 13 columns]
CHANNEL_0_9
        cbragg  cbragg_err   credchi  ...  cdelta_n            cL     timestamp
0  1552.048004    0.000095  0.000034  ...  0.000012  7.648464e+06  1.736362e+09
1  1552.038617    0.000100  0.000020  ...  0.000012  7.694634e+06  1.736362e+09

[2 rows x 13 columns]
CHANNEL_0_10
        cbragg  cbragg_err   credchi  ...  cdelta_n            cL     timestamp
0  1553.049454    0.000089  0.000016  ...  0.000012  7.691861e+06  1.736362e+09
1  1553.049271    0.000089  0.000021  ...  0.000012  7.681008e+06  1.736362e+09

[2 rows x 13 columns]
CHANNEL_0_11
        cbragg  cbragg_err   credchi  ...  cdelta_n            cL     timestamp
0  1554.062929    0.000071  0.000015  ...  0.000012  7.662949e+06  1.736362e+09
1  1554.053883    0.000076  0.000010  ...  0.000012  7.694596e+06  1.736362e+09

[2 rows x 13 columns]
CHANNEL_0_12
        cbragg  cbragg_err   credchi  ...  cdelta_n            cL     timestamp
0  1555.083981    0.000158  0.000090  ...  0.000012  7.703144e+06  1.736362e+09
1  1555.082166    0.000126  0.000059  ...  0.000012  7.477576e+06  1.736362e+09

[2 rows x 13 columns]
CHANNEL_0_13
        cbragg  cbragg_err   credchi  ...  cdelta_n            cL     timestamp
0  1556.061891    0.000137  0.000046  ...  0.000012  7.674614e+06  1.736362e+09
1  1556.053692    0.000143  0.000039  ...  0.000012  7.673513e+06  1.736362e+09

[2 rows x 13 columns]
CHANNEL_0_14
        cbragg  cbragg_err   credchi  ...  cdelta_n            cL     timestamp
0  1557.030832    0.000106  0.000044  ...  0.000012  7.611940e+06  1.736362e+09
1  1557.026514    0.000127  0.000052  ...  0.000012  7.894498e+06  1.736362e+09

[2 rows x 13 columns]
CHANNEL_1_1
        cbragg  cbragg_err   credchi  ...  cdelta_n            cL     timestamp
0  1556.165250    0.000782  0.000989  ...  0.000012  3.196181e+06  1.736362e+09
1  1556.164853    0.000218  0.000038  ...  0.000012  2.559872e+06  1.736362e+09

[2 rows x 13 columns]
CHANNEL_1_2
        cbragg  cbragg_err   credchi  ...  cdelta_n            cL     timestamp
0  1558.209751    0.000125  0.000022  ...  0.000012  2.800444e+06  1.736362e+09
1  1558.212736    0.000304  0.000125  ...  0.000012  2.691514e+06  1.736362e+09

[2 rows x 13 columns]
CHANNEL_1_3
        cbragg  cbragg_err   credchi  ...  cdelta_n            cL     timestamp
0  1561.026637    0.000382  0.000282  ...  0.000012  3.160673e+06  1.736362e+09
1  1561.023393    0.000049  0.000004  ...  0.000012  2.925439e+06  1.736362e+09

[2 rows x 13 columns]
CHANNEL_2_1
        cbragg  cbragg_err   credchi  ...  cdelta_n            cL     timestamp
0  1543.588298    0.000065  0.000005  ...  0.000012  2.778286e+06  1.736362e+09
1  1543.588991    0.000067  0.000005  ...  0.000012  2.779431e+06  1.736362e+09

[2 rows x 13 columns]
CHANNEL_2_2
        cbragg  cbragg_err   credchi  ...  cdelta_n            cL     timestamp
0  1545.938979    0.000130  0.000014  ...  0.000012  2.671667e+06  1.736362e+09
1  1545.937508    0.000145  0.000017  ...  0.000012  2.653896e+06  1.736362e+09

[2 rows x 13 columns]
CHANNEL_2_3
        cbragg  cbragg_err   credchi  ...  cdelta_n            cL     timestamp
0  1548.537341    0.000092  0.000009  ...  0.000012  2.887663e+06  1.736362e+09
1  1548.536279    0.000083  0.000008  ...  0.000012  2.887280e+06  1.736362e+09

[2 rows x 13 columns]
CHANNEL_3_1
        cbragg  cbragg_err   credchi  ...  cdelta_n            cL     timestamp
0  1544.130969    0.000123  0.000022  ...  0.000012  7.785722e+06  1.736362e+09
1  1544.134503    0.000116  0.000031  ...  0.000012  7.761805e+06  1.736362e+09

[2 rows x 13 columns]
CHANNEL_3_2
        cbragg  cbragg_err   credchi  ...  cdelta_n            cL     timestamp
0  1545.020676    0.000132  0.000043  ...  0.000012  7.830626e+06  1.736362e+09
1  1545.011589    0.000147  0.000026  ...  0.000012  7.903883e+06  1.736362e+09

[2 rows x 13 columns]
CHANNEL_3_3
        cbragg  cbragg_err   credchi  ...  cdelta_n            cL     timestamp
0  1545.716389    0.000120  0.000030  ...  0.000012  7.615885e+06  1.736362e+09
1  1545.714363    0.000114  0.000038  ...  0.000012  7.571994e+06  1.736362e+09

[2 rows x 13 columns]
CHANNEL_3_4
        cbragg  cbragg_err   credchi  ...  cdelta_n            cL     timestamp
0  1546.690636    0.000101  0.000029  ...  0.000012  7.727200e+06  1.736362e+09
1  1546.684884    0.000103  0.000021  ...  0.000012  7.763515e+06  1.736362e+09

[2 rows x 13 columns]
CHANNEL_3_5
        cbragg  cbragg_err   credchi  ...  cdelta_n            cL     timestamp
0  1547.710420    0.000083  0.000016  ...  0.000012  7.609035e+06  1.736362e+09
1  1547.702814    0.000083  0.000017  ...  0.000012  7.590217e+06  1.736362e+09

[2 rows x 13 columns]
CHANNEL_3_6
        cbragg  cbragg_err   credchi  ...  cdelta_n            cL     timestamp
0  1548.693910    0.000089  0.000019  ...  0.000012  7.735710e+06  1.736362e+09
1  1548.692188    0.000090  0.000020  ...  0.000012  7.722519e+06  1.736362e+09

[2 rows x 13 columns]
CHANNEL_3_7
        cbragg  cbragg_err   credchi  ...  cdelta_n            cL     timestamp
0  1549.717321    0.000090  0.000024  ...  0.000012  7.586429e+06  1.736362e+09
1  1549.706576    0.000088  0.000015  ...  0.000012  7.637334e+06  1.736362e+09

[2 rows x 13 columns]
CHANNEL_3_8
        cbragg  cbragg_err   credchi  ...  cdelta_n            cL     timestamp
0  1550.665962    0.000100  0.000016  ...  0.000012  7.641631e+06  1.736362e+09
1  1550.669130    0.000096  0.000020  ...  0.000012  7.561953e+06  1.736362e+09

[2 rows x 13 columns]
CHANNEL_3_9
        cbragg  cbragg_err   credchi  ...  cdelta_n            cL     timestamp
0  1551.668264    0.000094  0.000021  ...  0.000012  7.685144e+06  1.736362e+09
1  1551.659440    0.000097  0.000013  ...  0.000012  7.757905e+06  1.736362e+09

[2 rows x 13 columns]
CHANNEL_3_10
        cbragg  cbragg_err   credchi  ...  cdelta_n            cL     timestamp
0  1552.669130    0.000119  0.000016  ...  0.000012  7.761674e+06  1.736362e+09
1  1552.673646    0.000108  0.000024  ...  0.000012  7.700082e+06  1.736362e+09

[2 rows x 13 columns]
CHANNEL_3_11
        cbragg  cbragg_err   credchi  ...  cdelta_n            cL     timestamp
0  1553.639247    0.000137  0.000044  ...  0.000012  7.865427e+06  1.736362e+09
1  1553.637135    0.000142  0.000032  ...  0.000012  7.907992e+06  1.736362e+09

[2 rows x 13 columns]
CHANNEL_3_12
        cbragg  cbragg_err   credchi  ...  cdelta_n            cL     timestamp
0  1554.614493    0.000111  0.000018  ...  0.000012  7.813309e+06  1.736362e+09
1  1554.616455    0.000103  0.000024  ...  0.000012  7.761872e+06  1.736362e+09

[2 rows x 13 columns]
CHANNEL_3_13
        cbragg  cbragg_err   credchi  ...  cdelta_n            cL     timestamp
0  1555.625291    0.000092  0.000019  ...  0.000012  7.553801e+06  1.736362e+09
1  1555.619266    0.000096  0.000012  ...  0.000012  7.597608e+06  1.736362e+09

[2 rows x 13 columns]
CHANNEL_3_14
        cbragg  cbragg_err   credchi  ...  cdelta_n            cL     timestamp
0  1556.574810    0.000198  0.000056  ...  0.000012  7.750894e+06  1.736362e+09
1  1556.578806    0.000199  0.000094  ...  0.000012  7.689185e+06  1.736362e+09

[2 rows x 13 columns]
