CHANNEL_0_1
           cbragg  cbragg_err   credchi  ...  cdelta_n            cL     timestamp
0     1544.618661    0.000320  0.000045  ...  0.000012  7.670376e+06  1.735267e+09
1     1544.626747    0.000111  0.000054  ...  0.000012  7.674748e+06  1.735267e+09
2     1544.618660    0.000102  0.000045  ...  0.000012  7.671393e+06  1.735267e+09
3     1544.626734    0.000105  0.000056  ...  0.000012  7.662420e+06  1.735267e+09
4     1544.618617    0.000293  0.000045  ...  0.000012  7.671336e+06  1.735267e+09
...           ...         ...       ...  ...       ...           ...           ...
1587  1544.626243    0.000105  0.000056  ...  0.000012  7.681388e+06  1.735283e+09
1588  1544.618110    0.000185  0.000047  ...  0.000012  7.657676e+06  1.735283e+09
1589  1544.626276    0.000116  0.000057  ...  0.000012  7.669300e+06  1.735283e+09
1590  1544.618151    0.000145  0.000047  ...  0.000012  7.667865e+06  1.735283e+09
1591  1544.626187    0.000316  0.000058  ...  0.000012  7.669027e+06  1.735283e+09

[1592 rows x 13 columns]
CHANNEL_0_2
           cbragg  cbragg_err   credchi  ...  cdelta_n            cL     timestamp
0     1545.456859    0.000091  0.000018  ...  0.000012  7.601316e+06  1.735267e+09
1     1545.457459    0.000096  0.000021  ...  0.000012  7.551928e+06  1.735267e+09
2     1545.456806    0.000090  0.000017  ...  0.000012  7.599420e+06  1.735267e+09
3     1545.457415    0.000092  0.000019  ...  0.000012  7.592473e+06  1.735267e+09
4     1545.456921    0.000090  0.000017  ...  0.000012  7.613346e+06  1.735267e+09
...           ...         ...       ...  ...       ...           ...           ...
1587  1545.456558    0.000092  0.000019  ...  0.000012  7.585482e+06  1.735283e+09
1588  1545.455907    0.000092  0.000018  ...  0.000012  7.595655e+06  1.735283e+09
1589  1545.456585    0.000092  0.000019  ...  0.000012  7.589971e+06  1.735283e+09
1590  1545.455934    0.000091  0.000018  ...  0.000012  7.589754e+06  1.735283e+09
1591  1545.456552    0.000092  0.000019  ...  0.000012  7.600817e+06  1.735283e+09

[1592 rows x 13 columns]
CHANNEL_0_3
           cbragg  cbragg_err   credchi  ...  cdelta_n            cL     timestamp
0     1546.171863    0.000107  0.000037  ...  0.000012  7.629828e+06  1.735267e+09
1     1546.179871    0.000100  0.000044  ...  0.000012  7.632699e+06  1.735267e+09
2     1546.171829    0.000103  0.000035  ...  0.000012  7.646701e+06  1.735267e+09
3     1546.179617    0.000103  0.000046  ...  0.000012  7.620750e+06  1.735267e+09
4     1546.171836    0.000106  0.000036  ...  0.000012  7.631255e+06  1.735267e+09
...           ...         ...       ...  ...       ...           ...           ...
1587  1546.177264    0.000107  0.000049  ...  0.000012  7.618455e+06  1.735283e+09
1588  1546.169503    0.000103  0.000034  ...  0.000012  7.628758e+06  1.735283e+09
1589  1546.177344    0.000103  0.000046  ...  0.000012  7.622473e+06  1.735283e+09
1590  1546.169274    0.000108  0.000038  ...  0.000012  7.630414e+06  1.735283e+09
1591  1546.177212    0.000104  0.000047  ...  0.000012  7.623636e+06  1.735283e+09

[1592 rows x 13 columns]
CHANNEL_0_4
           cbragg  cbragg_err   credchi  ...  cdelta_n            cL     timestamp
0     1547.117383    0.000119  0.000051  ...  0.000012  7.848809e+06  1.735267e+09
1     1547.117696    0.000116  0.000050  ...  0.000012  7.855596e+06  1.735267e+09
2     1547.117443    0.000118  0.000050  ...  0.000012  7.852734e+06  1.735267e+09
3     1547.117743    0.000115  0.000050  ...  0.000012  7.853903e+06  1.735267e+09
4     1547.117521    0.000118  0.000050  ...  0.000012  7.841319e+06  1.735267e+09
...           ...         ...       ...  ...       ...           ...           ...
1587  1547.117080    0.000121  0.000050  ...  0.000012  7.844032e+06  1.735283e+09
1588  1547.116745    0.000118  0.000050  ...  0.000012  7.849860e+06  1.735283e+09
1589  1547.117129    0.000123  0.000058  ...  0.000012  7.996312e+06  1.735283e+09
1590  1547.116775    0.000117  0.000049  ...  0.000012  7.839820e+06  1.735283e+09
1591  1547.117108    0.000116  0.000050  ...  0.000012  7.855505e+06  1.735283e+09

[1592 rows x 13 columns]
CHANNEL_0_5
           cbragg  cbragg_err   credchi  ...  cdelta_n            cL     timestamp
0     1548.091300    0.000115  0.000068  ...  0.000012  7.895371e+06  1.735267e+09
1     1548.095147    0.000096  0.000037  ...  0.000012  7.684025e+06  1.735267e+09
2     1548.091268    0.000093  0.000042  ...  0.000012  7.665946e+06  1.735267e+09
3     1548.095174    0.000095  0.000036  ...  0.000012  7.666113e+06  1.735267e+09
4     1548.091440    0.000100  0.000050  ...  0.000012  7.794583e+06  1.735267e+09
...           ...         ...       ...  ...       ...           ...           ...
1587  1548.094588    0.000097  0.000038  ...  0.000012  7.677852e+06  1.735283e+09
1588  1548.090642    0.000092  0.000042  ...  0.000012  7.678251e+06  1.735283e+09
1589  1548.094594    0.000170  0.000122  ...  0.000012  8.064903e+06  1.735283e+09
1590  1548.091149    0.000111  0.000063  ...  0.000012  7.848970e+06  1.735283e+09
1591  1548.094468    0.000145  0.000085  ...  0.000012  7.857606e+06  1.735283e+09

[1592 rows x 13 columns]
CHANNEL_0_6
           cbragg  cbragg_err   credchi  ...  cdelta_n            cL     timestamp
0     1549.069332    0.000079  0.000023  ...  0.000012  7.535852e+06  1.735267e+09
1     1549.077711    0.000085  0.000046  ...  0.000012  7.452281e+06  1.735267e+09
2     1549.069374    0.000078  0.000023  ...  0.000012  7.550778e+06  1.735267e+09
3     1549.077802    0.000083  0.000044  ...  0.000012  7.473180e+06  1.735267e+09
4     1549.069461    0.000079  0.000023  ...  0.000012  7.541913e+06  1.735267e+09
...           ...         ...       ...  ...       ...           ...           ...
1587  1549.077210    0.000082  0.000043  ...  0.000012  7.471213e+06  1.735283e+09
1588  1549.068709    0.000083  0.000026  ...  0.000012  7.626821e+06  1.735283e+09
1589  1549.077192    0.000082  0.000043  ...  0.000012  7.454656e+06  1.735283e+09
1590  1549.068670    0.000079  0.000023  ...  0.000012  7.546210e+06  1.735283e+09
1591  1549.077197    0.000083  0.000044  ...  0.000012  7.471283e+06  1.735283e+09

[1592 rows x 13 columns]
CHANNEL_0_7
           cbragg  cbragg_err   credchi  ...  cdelta_n            cL     timestamp
0     1550.074758    0.000122  0.000045  ...  0.000012  7.602046e+06  1.735267e+09
1     1550.075594    0.000133  0.000054  ...  0.000012  7.792754e+06  1.735267e+09
2     1550.074669    0.000122  0.000045  ...  0.000012  7.649784e+06  1.735267e+09
3     1550.075634    0.000123  0.000045  ...  0.000012  7.611210e+06  1.735267e+09
4     1550.074681    0.000122  0.000045  ...  0.000012  7.604302e+06  1.735267e+09
...           ...         ...       ...  ...       ...           ...           ...
1587  1550.075119    0.000143  0.000064  ...  0.000012  7.854839e+06  1.735283e+09
1588  1550.074049    0.000124  0.000046  ...  0.000012  7.642004e+06  1.735283e+09
1589  1550.075013    0.000139  0.000060  ...  0.000012  7.828488e+06  1.735283e+09
1590  1550.074071    0.000124  0.000046  ...  0.000012  7.608696e+06  1.735283e+09
1591  1550.075099    0.000125  0.000048  ...  0.000012  7.701378e+06  1.735283e+09

[1592 rows x 13 columns]
CHANNEL_0_8
           cbragg  cbragg_err   credchi  ...  cdelta_n            cL     timestamp
0     1551.046621    0.000072  0.000015  ...  0.000012  7.619714e+06  1.735267e+09
1     1551.052472    0.000073  0.000018  ...  0.000012  7.623197e+06  1.735267e+09
2     1551.046705    0.000072  0.000015  ...  0.000012  7.620341e+06  1.735267e+09
3     1551.052633    0.000074  0.000018  ...  0.000012  7.620363e+06  1.735267e+09
4     1551.046755    0.000072  0.000015  ...  0.000012  7.608084e+06  1.735267e+09
...           ...         ...       ...  ...       ...           ...           ...
1587  1551.051562    0.000073  0.000018  ...  0.000012  7.631242e+06  1.735283e+09
1588  1551.045574    0.000073  0.000016  ...  0.000012  7.587927e+06  1.735283e+09
1589  1551.051516    0.000073  0.000017  ...  0.000012  7.627694e+06  1.735283e+09
1590  1551.045563    0.000072  0.000015  ...  0.000012  7.609110e+06  1.735283e+09
1591  1551.051522    0.000074  0.000018  ...  0.000012  7.622128e+06  1.735283e+09

[1592 rows x 13 columns]
CHANNEL_0_9
           cbragg  cbragg_err   credchi  ...  cdelta_n            cL     timestamp
0     1552.028038    0.000092  0.000016  ...  0.000012  7.716066e+06  1.735267e+09
1     1552.036477    0.000088  0.000027  ...  0.000012  7.663521e+06  1.735267e+09
2     1552.028090    0.000093  0.000017  ...  0.000012  7.676529e+06  1.735267e+09
3     1552.036520    0.000088  0.000027  ...  0.000012  7.674107e+06  1.735267e+09
4     1552.028132    0.000091  0.000016  ...  0.000012  7.722953e+06  1.735267e+09
...           ...         ...       ...  ...       ...           ...           ...
1587  1552.035538    0.000087  0.000027  ...  0.000012  7.672382e+06  1.735283e+09
1588  1552.027000    0.000134  0.000033  ...  0.000012  7.395482e+06  1.735283e+09
1589  1552.035449    0.000087  0.000027  ...  0.000012  7.678447e+06  1.735283e+09
1590  1552.026961    0.000090  0.000016  ...  0.000012  7.716459e+06  1.735283e+09
1591  1552.035520    0.000087  0.000027  ...  0.000012  7.676664e+06  1.735283e+09

[1592 rows x 13 columns]
CHANNEL_0_10
           cbragg  cbragg_err   credchi  ...  cdelta_n            cL     timestamp
0     1553.037731    0.000093  0.000021  ...  0.000012  7.664271e+06  1.735267e+09
1     1553.037078    0.000095  0.000017  ...  0.000012  7.744547e+06  1.735267e+09
2     1553.037861    0.000117  0.000033  ...  0.000012  7.497746e+06  1.735267e+09
3     1553.037202    0.000097  0.000017  ...  0.000012  7.668904e+06  1.735267e+09
4     1553.037767    0.000094  0.000021  ...  0.000012  7.617092e+06  1.735267e+09
...           ...         ...       ...  ...       ...           ...           ...
1587  1553.036264    0.000095  0.000017  ...  0.000012  7.743480e+06  1.735283e+09
1588  1553.036646    0.000094  0.000021  ...  0.000012  7.624451e+06  1.735283e+09
1589  1553.036111    0.000097  0.000018  ...  0.000012  7.674948e+06  1.735283e+09
1590  1553.036702    0.000094  0.000021  ...  0.000012  7.683234e+06  1.735283e+09
1591  1553.036198    0.000096  0.000017  ...  0.000012  7.719229e+06  1.735283e+09

[1592 rows x 13 columns]
CHANNEL_0_11
           cbragg  cbragg_err   credchi  ...  cdelta_n            cL     timestamp
0     1554.042787    0.000073  0.000008  ...  0.000012  7.683436e+06  1.735267e+09
1     1554.050910    0.000074  0.000015  ...  0.000012  7.639759e+06  1.735267e+09
2     1554.042701    0.000075  0.000009  ...  0.000012  7.687221e+06  1.735267e+09
3     1554.050957    0.000074  0.000015  ...  0.000012  7.613282e+06  1.735267e+09
4     1554.042725    0.000074  0.000008  ...  0.000012  7.689276e+06  1.735267e+09
...           ...         ...       ...  ...       ...           ...           ...
1587  1554.049987    0.000075  0.000015  ...  0.000012  7.627065e+06  1.735283e+09
1588  1554.041624    0.000072  0.000008  ...  0.000012  7.687380e+06  1.735283e+09
1589  1554.049948    0.000072  0.000014  ...  0.000012  7.625956e+06  1.735283e+09
1590  1554.041653    0.000074  0.000009  ...  0.000012  7.699371e+06  1.735283e+09
1591  1554.049960    0.000072  0.000014  ...  0.000012  7.629153e+06  1.735283e+09

[1592 rows x 13 columns]
CHANNEL_0_12
           cbragg  cbragg_err   credchi  ...  cdelta_n            cL     timestamp
0     1555.071075    0.000117  0.000047  ...  0.000012  7.523139e+06  1.735267e+09
1     1555.071327    0.000115  0.000043  ...  0.000012  7.519353e+06  1.735267e+09
2     1555.071053    0.000153  0.000086  ...  0.000012  7.825542e+06  1.735267e+09
3     1555.071312    0.000116  0.000044  ...  0.000012  7.534033e+06  1.735267e+09
4     1555.071048    0.000119  0.000049  ...  0.000012  7.553135e+06  1.735267e+09
...           ...         ...       ...  ...       ...           ...           ...
1587  1555.070432    0.000117  0.000045  ...  0.000012  7.518843e+06  1.735283e+09
1588  1555.069983    0.000117  0.000048  ...  0.000012  7.512714e+06  1.735283e+09
1589  1555.070452    0.000119  0.000045  ...  0.000012  7.520650e+06  1.735283e+09
1590  1555.069943    0.000115  0.000046  ...  0.000012  7.507443e+06  1.735283e+09
1591  1555.070376    0.000116  0.000043  ...  0.000012  7.521736e+06  1.735283e+09

[1592 rows x 13 columns]
CHANNEL_0_13
           cbragg  cbragg_err   credchi  ...  cdelta_n            cL     timestamp
0     1556.043246    0.000140  0.000036  ...  0.000012  7.682346e+06  1.735267e+09
1     1556.050112    0.000197  0.000045  ...  0.000012  7.693269e+06  1.735267e+09
2     1556.043229    0.000142  0.000037  ...  0.000012  7.677857e+06  1.735267e+09
3     1556.050253    0.000136  0.000043  ...  0.000012  7.641750e+06  1.735267e+09
4     1556.043266    0.000143  0.000037  ...  0.000012  7.679782e+06  1.735267e+09
...           ...         ...       ...  ...       ...           ...           ...
1587  1556.049123    0.000138  0.000044  ...  0.000012  7.681910e+06  1.735283e+09
1588  1556.042309    0.000141  0.000036  ...  0.000012  7.671062e+06  1.735283e+09
1589  1556.049281    0.000139  0.000045  ...  0.000012  7.679604e+06  1.735283e+09
1590  1556.042154    0.000141  0.000036  ...  0.000012  7.620646e+06  1.735283e+09
1591  1556.049145    0.000140  0.000046  ...  0.000012  7.685660e+06  1.735283e+09

[1592 rows x 13 columns]
CHANNEL_0_14
           cbragg  cbragg_err   credchi  ...  cdelta_n            cL     timestamp
0     1557.015879    0.000098  0.000027  ...  0.000012  7.654350e+06  1.735267e+09
1     1557.018801    0.000100  0.000036  ...  0.000012  7.616427e+06  1.735267e+09
2     1557.015871    0.000097  0.000026  ...  0.000012  7.664093e+06  1.735267e+09
3     1557.018885    0.000101  0.000036  ...  0.000012  7.591947e+06  1.735267e+09
4     1557.015939    0.000098  0.000027  ...  0.000012  7.658675e+06  1.735267e+09
...           ...         ...       ...  ...       ...           ...           ...
1587  1557.017867    0.000101  0.000037  ...  0.000012  7.612097e+06  1.735283e+09
1588  1557.014796    0.000099  0.000027  ...  0.000012  7.643391e+06  1.735283e+09
1589  1557.017868    0.000100  0.000036  ...  0.000012  7.615431e+06  1.735283e+09
1590  1557.014856    0.000098  0.000027  ...  0.000012  7.661260e+06  1.735283e+09
1591  1557.017864    0.000101  0.000037  ...  0.000012  7.616619e+06  1.735283e+09

[1592 rows x 13 columns]
CHANNEL_1_1
           cbragg  cbragg_err   credchi  ...  cdelta_n            cL     timestamp
0     1556.182158    0.000067  0.000004  ...  0.000012  2.672744e+06  1.735267e+09
1     1556.182187    0.000074  0.000005  ...  0.000012  2.663836e+06  1.735267e+09
2     1556.182070    0.000082  0.000006  ...  0.000012  2.652838e+06  1.735267e+09
3     1556.182085    0.000447  0.000220  ...  0.000012  2.884754e+06  1.735267e+09
4     1556.182018    0.000088  0.000007  ...  0.000012  2.676195e+06  1.735267e+09
...           ...         ...       ...  ...       ...           ...           ...
1587  1556.181198    0.000213  0.000037  ...  0.000012  2.567496e+06  1.735283e+09
1588  1556.180606    0.000095  0.000008  ...  0.000012  2.639036e+06  1.735283e+09
1589  1556.180715    0.000075  0.000005  ...  0.000012  2.661634e+06  1.735283e+09
1590  1556.180459    0.000167  0.000029  ...  0.000012  2.778857e+06  1.735283e+09
1591  1556.180944    0.000088  0.000007  ...  0.000012  2.664941e+06  1.735283e+09

[1592 rows x 13 columns]
CHANNEL_1_2
           cbragg  cbragg_err   credchi  ...  cdelta_n            cL     timestamp
0     1558.200638    0.001011  0.002624  ...  0.000012  3.523483e+06  1.735267e+09
1     1558.204351    0.000132  0.000024  ...  0.000012  2.758263e+06  1.735267e+09
2     1558.201580    0.000125  0.000022  ...  0.000012  2.787978e+06  1.735267e+09
3     1558.204499    0.000139  0.000027  ...  0.000012  2.746776e+06  1.735267e+09
4     1558.201663    0.000151  0.000031  ...  0.000012  2.742943e+06  1.735267e+09
...           ...         ...       ...  ...       ...           ...           ...
1587  1558.203741    0.000114  0.000019  ...  0.000012  2.794841e+06  1.735283e+09
1588  1558.200996    0.000130  0.000024  ...  0.000012  2.783367e+06  1.735283e+09
1589  1558.204042    0.000241  0.000077  ...  0.000012  2.684120e+06  1.735283e+09
1590  1558.200264    0.000776  0.001222  ...  0.000012  3.249123e+06  1.735283e+09
1591  1558.203810    0.000117  0.000020  ...  0.000012  2.788626e+06  1.735283e+09

[1592 rows x 13 columns]
CHANNEL_1_3
           cbragg  cbragg_err   credchi  ...  cdelta_n            cL     timestamp
0     1561.015373    0.000052  0.000004  ...  0.000012  2.928911e+06  1.735267e+09
1     1561.011475    0.000062  0.000006  ...  0.000012  2.908123e+06  1.735267e+09
2     1561.015487    0.000054  0.000005  ...  0.000012  2.913499e+06  1.735267e+09
3     1561.011701    0.000109  0.000021  ...  0.000012  3.000017e+06  1.735267e+09
4     1561.014812    0.001047  0.003196  ...  0.000012  3.734535e+06  1.735267e+09
...           ...         ...       ...  ...       ...           ...           ...
1587  1561.011066    0.000053  0.000005  ...  0.000012  2.919408e+06  1.735283e+09
1588  1561.014683    0.000049  0.000004  ...  0.000012  2.936033e+06  1.735283e+09
1589  1561.010698    0.000058  0.000005  ...  0.000012  2.945622e+06  1.735283e+09
1590  1561.014602    0.000049  0.000004  ...  0.000012  2.926229e+06  1.735283e+09
1591  1561.010785    0.000127  0.000028  ...  0.000012  3.003572e+06  1.735283e+09

[1592 rows x 13 columns]
CHANNEL_2_1
           cbragg  cbragg_err   credchi  ...  cdelta_n            cL     timestamp
0     1543.602101    0.000084  0.000007  ...  0.000012  2.765847e+06  1.735267e+09
1     1543.601028    0.000079  0.000006  ...  0.000012  2.768040e+06  1.735267e+09
2     1543.602062    0.000094  0.000006  ...  0.000012  2.767282e+06  1.735267e+09
3     1543.600941    0.000080  0.000006  ...  0.000012  2.768938e+06  1.735267e+09
4     1543.602260    0.000082  0.000007  ...  0.000012  2.766331e+06  1.735267e+09
...           ...         ...       ...  ...       ...           ...           ...
1587  1543.599883    0.000157  0.000006  ...  0.000012  2.766602e+06  1.735283e+09
1588  1543.601162    0.000080  0.000006  ...  0.000012  2.767344e+06  1.735283e+09
1589  1543.600001    0.000089  0.000006  ...  0.000012  2.768172e+06  1.735283e+09
1590  1543.601113    0.000082  0.000007  ...  0.000012  2.767905e+06  1.735283e+09
1591  1543.599985    0.000222  0.000006  ...  0.000012  2.766980e+06  1.735283e+09

[1592 rows x 13 columns]
CHANNEL_2_2
           cbragg  cbragg_err   credchi  ...  cdelta_n            cL     timestamp
0     1545.924789    0.000115  0.000010  ...  0.000012  2.686427e+06  1.735267e+09
1     1545.926866    0.000170  0.000021  ...  0.000012  2.629883e+06  1.735267e+09
2     1545.925015    0.000117  0.000010  ...  0.000012  2.687709e+06  1.735267e+09
3     1545.924360    0.001123  0.002073  ...  0.000012  3.524623e+06  1.735267e+09
4     1545.925526    0.000237  0.000037  ...  0.000012  2.581313e+06  1.735267e+09
...           ...         ...       ...  ...       ...           ...           ...
1587  1545.924625    0.000700  0.000540  ...  0.000012  3.085855e+06  1.735283e+09
1588  1545.924409    0.000126  0.000011  ...  0.000012  2.672627e+06  1.735283e+09
1589  1545.924985    0.000451  0.000202  ...  0.000012  2.951368e+06  1.735283e+09
1590  1545.924416    0.000122  0.000011  ...  0.000012  2.667377e+06  1.735283e+09
1591  1545.924941    0.000533  0.000324  ...  0.000012  3.042188e+06  1.735283e+09

[1592 rows x 13 columns]
CHANNEL_2_3
           cbragg  cbragg_err   credchi  ...  cdelta_n            cL     timestamp
0     1548.519245    0.000101  0.000011  ...  0.000012  2.890700e+06  1.735267e+09
1     1548.520594    0.000281  0.000095  ...  0.000012  3.054734e+06  1.735267e+09
2     1548.519272    0.000143  0.000021  ...  0.000012  2.921853e+06  1.735267e+09
3     1548.520260    0.000945  0.001593  ...  0.000012  3.579526e+06  1.735267e+09
4     1548.519385    0.000184  0.000035  ...  0.000012  2.924076e+06  1.735267e+09
...           ...         ...       ...  ...       ...           ...           ...
1587  1548.519890    0.000727  0.000833  ...  0.000012  3.388261e+06  1.735283e+09
1588  1548.518373    0.000190  0.000034  ...  0.000012  2.792735e+06  1.735283e+09
1589  1548.519393    0.000100  0.000010  ...  0.000012  2.886627e+06  1.735283e+09
1590  1548.519313    0.001143  0.002483  ...  0.000012  3.724651e+06  1.735283e+09
1591  1548.519351    0.000100  0.000010  ...  0.000012  2.875512e+06  1.735283e+09

[1592 rows x 13 columns]
CHANNEL_3_1
           cbragg  cbragg_err   credchi  ...  cdelta_n            cL     timestamp
0     1544.142649    0.000114  0.000027  ...  0.000012  7.767425e+06  1.735267e+09
1     1544.138506    0.000322  0.000018  ...  0.000012  7.813738e+06  1.735267e+09
2     1544.142585    0.000198  0.000027  ...  0.000012  7.777419e+06  1.735267e+09
3     1544.138435    0.000114  0.000019  ...  0.000012  7.820879e+06  1.735267e+09
4     1544.142461    0.000243  0.000028  ...  0.000012  7.761008e+06  1.735267e+09
...           ...         ...       ...  ...       ...           ...           ...
1587  1544.138002    0.000115  0.000018  ...  0.000012  7.820431e+06  1.735283e+09
1588  1544.142095    0.000163  0.000027  ...  0.000012  7.775097e+06  1.735283e+09
1589  1544.137967    0.000121  0.000019  ...  0.000012  7.798174e+06  1.735283e+09
1590  1544.142145    0.000118  0.000026  ...  0.000012  7.780172e+06  1.735283e+09
1591  1544.137919    0.000122  0.000018  ...  0.000012  7.824826e+06  1.735283e+09

[1592 rows x 13 columns]
CHANNEL_3_2
           cbragg  cbragg_err   credchi  ...  cdelta_n            cL     timestamp
0     1545.041367    0.000114  0.000023  ...  0.000012  7.898096e+06  1.735267e+09
1     1545.051190    0.000156  0.000040  ...  0.000012  7.819207e+06  1.735267e+09
2     1545.041338    0.000113  0.000022  ...  0.000012  7.889953e+06  1.735267e+09
3     1545.051160    0.000176  0.000040  ...  0.000012  7.830060e+06  1.735267e+09
4     1545.041220    0.000156  0.000023  ...  0.000012  7.884421e+06  1.735267e+09
...           ...         ...       ...  ...       ...           ...           ...
1587  1545.050304    0.000111  0.000040  ...  0.000012  7.827573e+06  1.735283e+09
1588  1545.040407    0.000128  0.000022  ...  0.000012  7.916364e+06  1.735283e+09
1589  1545.050384    0.000131  0.000039  ...  0.000012  7.828289e+06  1.735283e+09
1590  1545.040437    0.000277  0.000023  ...  0.000012  7.914552e+06  1.735283e+09
1591  1545.050337    0.000111  0.000040  ...  0.000012  7.832540e+06  1.735283e+09

[1592 rows x 13 columns]
CHANNEL_3_3
           cbragg  cbragg_err   credchi  ...  cdelta_n            cL     timestamp
0     1545.777585    0.000109  0.000034  ...  0.000012  7.582474e+06  1.735267e+09
1     1545.776996    0.000114  0.000025  ...  0.000012  7.603563e+06  1.735267e+09
2     1545.777458    0.000106  0.000032  ...  0.000012  7.576187e+06  1.735267e+09
3     1545.776809    0.000113  0.000025  ...  0.000012  7.599457e+06  1.735267e+09
4     1545.777393    0.000111  0.000035  ...  0.000012  7.577688e+06  1.735267e+09
...           ...         ...       ...  ...       ...           ...           ...
1587  1545.774677    0.000116  0.000026  ...  0.000012  7.606182e+06  1.735283e+09
1588  1545.775105    0.000106  0.000032  ...  0.000012  7.590210e+06  1.735283e+09
1589  1545.774448    0.000112  0.000024  ...  0.000012  7.606747e+06  1.735283e+09
1590  1545.775063    0.000110  0.000035  ...  0.000012  7.659247e+06  1.735283e+09
1591  1545.774482    0.000116  0.000026  ...  0.000012  7.601425e+06  1.735283e+09

[1592 rows x 13 columns]
CHANNEL_3_4
           cbragg  cbragg_err   credchi  ...  cdelta_n            cL     timestamp
0     1546.685529    0.000098  0.000017  ...  0.000012  7.785044e+06  1.735267e+09
1     1546.692504    0.000099  0.000028  ...  0.000012  7.710080e+06  1.735267e+09
2     1546.685581    0.000099  0.000017  ...  0.000012  7.788599e+06  1.735267e+09
3     1546.692496    0.000099  0.000028  ...  0.000012  7.703992e+06  1.735267e+09
4     1546.685580    0.000101  0.000017  ...  0.000012  7.727981e+06  1.735267e+09
...           ...         ...       ...  ...       ...           ...           ...
1587  1546.691833    0.000101  0.000029  ...  0.000012  7.703867e+06  1.735283e+09
1588  1546.685004    0.000097  0.000016  ...  0.000012  7.773892e+06  1.735283e+09
1589  1546.691866    0.000101  0.000029  ...  0.000012  7.719228e+06  1.735283e+09
1590  1546.684964    0.000126  0.000026  ...  0.000012  7.513758e+06  1.735283e+09
1591  1546.691863    0.000098  0.000027  ...  0.000012  7.721262e+06  1.735283e+09

[1592 rows x 13 columns]
CHANNEL_3_5
           cbragg  cbragg_err   credchi  ...  cdelta_n            cL     timestamp
0     1547.706780    0.000077  0.000015  ...  0.000012  7.585943e+06  1.735267e+09
1     1547.711021    0.000082  0.000013  ...  0.000012  7.615295e+06  1.735267e+09
2     1547.706805    0.000078  0.000016  ...  0.000012  7.592440e+06  1.735267e+09
3     1547.710895    0.000118  0.000027  ...  0.000012  7.329855e+06  1.735267e+09
4     1547.706885    0.000096  0.000024  ...  0.000012  7.646986e+06  1.735267e+09
...           ...         ...       ...  ...       ...           ...           ...
1587  1547.710434    0.000127  0.000031  ...  0.000012  7.299385e+06  1.735283e+09
1588  1547.706201    0.000075  0.000015  ...  0.000012  7.575950e+06  1.735283e+09
1589  1547.710574    0.000079  0.000013  ...  0.000012  7.624456e+06  1.735283e+09
1590  1547.706235    0.000076  0.000015  ...  0.000012  7.584743e+06  1.735283e+09
1591  1547.710610    0.000081  0.000013  ...  0.000012  7.616156e+06  1.735283e+09

[1592 rows x 13 columns]
CHANNEL_3_6
           cbragg  cbragg_err   credchi  ...  cdelta_n            cL     timestamp
0     1548.695197    0.000082  0.000015  ...  0.000012  7.724449e+06  1.735267e+09
1     1548.695691    0.000081  0.000016  ...  0.000012  7.762284e+06  1.735267e+09
2     1548.695183    0.000083  0.000016  ...  0.000012  7.772188e+06  1.735267e+09
3     1548.695708    0.000083  0.000016  ...  0.000012  7.763642e+06  1.735267e+09
4     1548.695245    0.000083  0.000016  ...  0.000012  7.773845e+06  1.735267e+09
...           ...         ...       ...  ...       ...           ...           ...
1587  1548.695141    0.000081  0.000016  ...  0.000012  7.762438e+06  1.735283e+09
1588  1548.694531    0.000081  0.000015  ...  0.000012  7.771423e+06  1.735283e+09
1589  1548.695123    0.000082  0.000016  ...  0.000012  7.765097e+06  1.735283e+09
1590  1548.694501    0.000083  0.000015  ...  0.000012  7.771542e+06  1.735283e+09
1591  1548.695158    0.000082  0.000016  ...  0.000012  7.770065e+06  1.735283e+09

[1592 rows x 13 columns]
CHANNEL_3_7
           cbragg  cbragg_err   credchi  ...  cdelta_n            cL     timestamp
0     1549.710779    0.000089  0.000015  ...  0.000012  7.573073e+06  1.735267e+09
1     1549.718862    0.000088  0.000020  ...  0.000012  7.572806e+06  1.735267e+09
2     1549.710628    0.000088  0.000015  ...  0.000012  7.581896e+06  1.735267e+09
3     1549.718766    0.000088  0.000020  ...  0.000012  7.582116e+06  1.735267e+09
4     1549.710630    0.000089  0.000015  ...  0.000012  7.572366e+06  1.735267e+09
...           ...         ...       ...  ...       ...           ...           ...
1587  1549.718300    0.000086  0.000019  ...  0.000012  7.583175e+06  1.735283e+09
1588  1549.709973    0.000087  0.000015  ...  0.000012  7.582932e+06  1.735283e+09
1589  1549.718169    0.000086  0.000019  ...  0.000012  7.585155e+06  1.735283e+09
1590  1549.709927    0.000089  0.000015  ...  0.000012  7.580324e+06  1.735283e+09
1591  1549.718223    0.000087  0.000020  ...  0.000012  7.585623e+06  1.735283e+09

[1592 rows x 13 columns]
CHANNEL_3_8
           cbragg  cbragg_err   credchi  ...  cdelta_n            cL     timestamp
0     1550.670297    0.000090  0.000017  ...  0.000012  7.635019e+06  1.735267e+09
1     1550.664721    0.000094  0.000014  ...  0.000012  7.660255e+06  1.735267e+09
2     1550.670324    0.000092  0.000017  ...  0.000012  7.634126e+06  1.735267e+09
3     1550.664844    0.000093  0.000013  ...  0.000012  7.654226e+06  1.735267e+09
4     1550.670388    0.000089  0.000016  ...  0.000012  7.648153e+06  1.735267e+09
...           ...         ...       ...  ...       ...           ...           ...
1587  1550.663836    0.000092  0.000013  ...  0.000012  7.660000e+06  1.735283e+09
1588  1550.669223    0.000090  0.000017  ...  0.000012  7.590557e+06  1.735283e+09
1589  1550.663696    0.000094  0.000014  ...  0.000012  7.667034e+06  1.735283e+09
1590  1550.669218    0.000090  0.000017  ...  0.000012  7.641065e+06  1.735283e+09
1591  1550.663773    0.000095  0.000014  ...  0.000012  7.656411e+06  1.735283e+09

[1592 rows x 13 columns]
CHANNEL_3_9
           cbragg  cbragg_err   credchi  ...  cdelta_n            cL     timestamp
0     1551.660500    0.000094  0.000011  ...  0.000012  7.708732e+06  1.735267e+09
1     1551.667484    0.000090  0.000018  ...  0.000012  7.675885e+06  1.735267e+09
2     1551.660457    0.000094  0.000011  ...  0.000012  7.720541e+06  1.735267e+09
3     1551.667460    0.000093  0.000019  ...  0.000012  7.661192e+06  1.735267e+09
4     1551.660514    0.000094  0.000011  ...  0.000012  7.721823e+06  1.735267e+09
...           ...         ...       ...  ...       ...           ...           ...
1587  1551.666456    0.000090  0.000018  ...  0.000012  7.669587e+06  1.735283e+09
1588  1551.659371    0.000095  0.000011  ...  0.000012  7.729315e+06  1.735283e+09
1589  1551.666519    0.000091  0.000018  ...  0.000012  7.662091e+06  1.735283e+09
1590  1551.659321    0.000094  0.000011  ...  0.000012  7.730303e+06  1.735283e+09
1591  1551.666462    0.000093  0.000019  ...  0.000012  7.661854e+06  1.735283e+09

[1592 rows x 13 columns]
CHANNEL_3_10
           cbragg  cbragg_err   credchi  ...  cdelta_n            cL     timestamp
0     1552.673948    0.000105  0.000022  ...  0.000012  7.725922e+06  1.735267e+09
1     1552.667694    0.000109  0.000013  ...  0.000012  7.779385e+06  1.735267e+09
2     1552.674138    0.000103  0.000021  ...  0.000012  7.732256e+06  1.735267e+09
3     1552.668067    0.000115  0.000014  ...  0.000012  7.757485e+06  1.735267e+09
4     1552.674141    0.000103  0.000021  ...  0.000012  7.725084e+06  1.735267e+09
...           ...         ...       ...  ...       ...           ...           ...
1587  1552.666792    0.000111  0.000013  ...  0.000012  7.785317e+06  1.735283e+09
1588  1552.673041    0.000101  0.000020  ...  0.000012  7.741679e+06  1.735283e+09
1589  1552.666834    0.000325  0.000096  ...  0.000012  6.923949e+06  1.735283e+09
1590  1552.673004    0.000101  0.000020  ...  0.000012  7.685452e+06  1.735283e+09
1591  1552.666928    0.000331  0.000097  ...  0.000012  6.893827e+06  1.735283e+09

[1592 rows x 13 columns]
CHANNEL_3_11
           cbragg  cbragg_err   credchi  ...  cdelta_n            cL     timestamp
0     1553.636488    0.000132  0.000026  ...  0.000012  7.920836e+06  1.735267e+09
1     1553.639578    0.000130  0.000038  ...  0.000012  7.848343e+06  1.735267e+09
2     1553.636472    0.000131  0.000025  ...  0.000012  7.921354e+06  1.735267e+09
3     1553.639700    0.000131  0.000039  ...  0.000012  7.852711e+06  1.735267e+09
4     1553.636490    0.000132  0.000026  ...  0.000012  7.932066e+06  1.735267e+09
...           ...         ...       ...  ...       ...           ...           ...
1587  1553.638606    0.000131  0.000039  ...  0.000012  7.854048e+06  1.735283e+09
1588  1553.635343    0.000131  0.000025  ...  0.000012  7.916128e+06  1.735283e+09
1589  1553.638414    0.000131  0.000039  ...  0.000012  7.801904e+06  1.735283e+09
1590  1553.635408    0.000134  0.000027  ...  0.000012  7.918825e+06  1.735283e+09
1591  1553.638427    0.000130  0.000039  ...  0.000012  7.876555e+06  1.735283e+09

[1592 rows x 13 columns]
CHANNEL_3_12
           cbragg  cbragg_err   credchi  ...  cdelta_n            cL     timestamp
0     1554.616198    0.000095  0.000019  ...  0.000012  7.776346e+06  1.735267e+09
1     1554.611903    0.000104  0.000014  ...  0.000012  7.856233e+06  1.735267e+09
2     1554.616211    0.000095  0.000019  ...  0.000012  7.791036e+06  1.735267e+09
3     1554.611851    0.000106  0.000014  ...  0.000012  7.842443e+06  1.735267e+09
4     1554.616240    0.000097  0.000020  ...  0.000012  7.791666e+06  1.735267e+09
...           ...         ...       ...  ...       ...           ...           ...
1587  1554.610986    0.000101  0.000013  ...  0.000012  7.859647e+06  1.735283e+09
1588  1554.615211    0.000096  0.000020  ...  0.000012  7.773004e+06  1.735283e+09
1589  1554.610807    0.000101  0.000013  ...  0.000012  7.858488e+06  1.735283e+09
1590  1554.615198    0.000095  0.000019  ...  0.000012  7.781195e+06  1.735283e+09
1591  1554.610908    0.000102  0.000013  ...  0.000012  7.846363e+06  1.735283e+09

[1592 rows x 13 columns]
CHANNEL_3_13
           cbragg  cbragg_err   credchi  ...  cdelta_n            cL     timestamp
0     1555.618152    0.000092  0.000010  ...  0.000012  7.633630e+06  1.735267e+09
1     1555.624933    0.000085  0.000015  ...  0.000012  7.591199e+06  1.735267e+09
2     1555.618256    0.000090  0.000009  ...  0.000012  7.619700e+06  1.735267e+09
3     1555.625013    0.000090  0.000017  ...  0.000012  7.582715e+06  1.735267e+09
4     1555.618153    0.000089  0.000009  ...  0.000012  7.645778e+06  1.735267e+09
...           ...         ...       ...  ...       ...           ...           ...
1587  1555.623890    0.000087  0.000016  ...  0.000012  7.581044e+06  1.735283e+09
1588  1555.617146    0.000089  0.000009  ...  0.000012  7.643721e+06  1.735283e+09
1589  1555.623895    0.000081  0.000014  ...  0.000012  7.592445e+06  1.735283e+09
1590  1555.617174    0.000091  0.000010  ...  0.000012  7.614759e+06  1.735283e+09
1591  1555.623900    0.000088  0.000017  ...  0.000012  7.585877e+06  1.735283e+09

[1592 rows x 13 columns]
CHANNEL_3_14
           cbragg  cbragg_err   credchi  ...  cdelta_n            cL     timestamp
0     1556.578888    0.000190  0.000079  ...  0.000012  7.703929e+06  1.735267e+09
1     1556.572780    0.000179  0.000043  ...  0.000012  7.768295e+06  1.735267e+09
2     1556.578959    0.000188  0.000077  ...  0.000012  7.711182e+06  1.735267e+09
3     1556.572764    0.000185  0.000046  ...  0.000012  7.777666e+06  1.735267e+09
4     1556.579009    0.000187  0.000076  ...  0.000012  7.709407e+06  1.735267e+09
...           ...         ...       ...  ...       ...           ...           ...
1587  1556.571822    0.000183  0.000045  ...  0.000012  7.774155e+06  1.735283e+09
1588  1556.577869    0.000187  0.000076  ...  0.000012  7.706921e+06  1.735283e+09
1589  1556.571855    0.000180  0.000044  ...  0.000012  7.772708e+06  1.735283e+09
1590  1556.577844    0.000189  0.000078  ...  0.000012  7.704683e+06  1.735283e+09
1591  1556.571816    0.000187  0.000047  ...  0.000012  7.775705e+06  1.735283e+09

[1592 rows x 13 columns]
