CHANNEL_0_1
          cbragg  cbragg_err   credchi  ...  cdelta_n            cL     timestamp
0    1544.736790    0.000107  0.000057  ...  0.000012  7.657570e+06  1.734084e+09
1    1544.736778    0.000111  0.000058  ...  0.000012  7.654115e+06  1.734084e+09
2    1544.736703    0.000150  0.000059  ...  0.000012  7.651194e+06  1.734084e+09
3    1544.736731    0.000105  0.000059  ...  0.000012  7.654169e+06  1.734084e+09
4    1544.736719    0.000175  0.000059  ...  0.000012  7.655204e+06  1.734084e+09
..           ...         ...       ...  ...       ...           ...           ...
635  1544.736753    0.000105  0.000059  ...  0.000012  7.655084e+06  1.734084e+09
636  1544.736745    0.000337  0.000059  ...  0.000012  7.666244e+06  1.734084e+09
637  1544.736718    0.000111  0.000059  ...  0.000012  7.652285e+06  1.734084e+09
638  1544.736705    0.000130  0.000060  ...  0.000012  7.646579e+06  1.734084e+09
639  1544.736755    0.000106  0.000058  ...  0.000012  7.653911e+06  1.734084e+09

[640 rows x 13 columns]
CHANNEL_0_2
          cbragg  cbragg_err   credchi  ...  cdelta_n            cL     timestamp
0    1545.560003    0.000094  0.000015  ...  0.000012  7.764104e+06  1.734084e+09
1    1545.560135    0.000088  0.000013  ...  0.000012  7.773632e+06  1.734084e+09
2    1545.560021    0.000095  0.000015  ...  0.000012  7.748561e+06  1.734084e+09
3    1545.560141    0.000145  0.000033  ...  0.000012  7.380482e+06  1.734084e+09
4    1545.559892    0.000099  0.000017  ...  0.000012  7.760816e+06  1.734084e+09
..           ...         ...       ...  ...       ...           ...           ...
635  1545.560064    0.000091  0.000014  ...  0.000012  7.754449e+06  1.734084e+09
636  1545.560051    0.000090  0.000014  ...  0.000012  7.750916e+06  1.734084e+09
637  1545.559999    0.000090  0.000014  ...  0.000012  7.764740e+06  1.734084e+09
638  1545.560118    0.000089  0.000014  ...  0.000012  7.778954e+06  1.734084e+09
639  1545.560112    0.000087  0.000013  ...  0.000012  7.754775e+06  1.734084e+09

[640 rows x 13 columns]
CHANNEL_0_3
          cbragg  cbragg_err   credchi  ...  cdelta_n            cL     timestamp
0    1546.311836    0.000109  0.000048  ...  0.000012  7.600311e+06  1.734084e+09
1    1546.311912    0.000110  0.000049  ...  0.000012  7.601028e+06  1.734084e+09
2    1546.311951    0.000110  0.000049  ...  0.000012  7.590251e+06  1.734084e+09
3    1546.311945    0.000109  0.000048  ...  0.000012  7.584430e+06  1.734084e+09
4    1546.311980    0.000109  0.000048  ...  0.000012  7.592518e+06  1.734084e+09
..           ...         ...       ...  ...       ...           ...           ...
635  1546.311900    0.000108  0.000048  ...  0.000012  7.611860e+06  1.734084e+09
636  1546.312040    0.000110  0.000049  ...  0.000012  7.589173e+06  1.734084e+09
637  1546.311844    0.000106  0.000045  ...  0.000012  7.599032e+06  1.734084e+09
638  1546.311973    0.000108  0.000047  ...  0.000012  7.620322e+06  1.734084e+09
639  1546.311922    0.000107  0.000047  ...  0.000012  7.600167e+06  1.734084e+09

[640 rows x 13 columns]
CHANNEL_0_4
          cbragg  cbragg_err   credchi  ...  cdelta_n            cL     timestamp
0    1547.110160    0.000116  0.000036  ...  0.000012  7.806629e+06  1.734084e+09
1    1547.110243    0.000135  0.000048  ...  0.000012  7.690681e+06  1.734084e+09
2    1547.110123    0.000110  0.000033  ...  0.000012  7.960557e+06  1.734084e+09
3    1547.110181    0.000106  0.000031  ...  0.000012  7.977566e+06  1.734084e+09
4    1547.110400    0.000143  0.000054  ...  0.000012  7.664146e+06  1.734084e+09
..           ...         ...       ...  ...       ...           ...           ...
635  1547.110227    0.000108  0.000032  ...  0.000012  7.967885e+06  1.734084e+09
636  1547.110028    0.000132  0.000046  ...  0.000012  7.703025e+06  1.734084e+09
637  1547.110119    0.000132  0.000046  ...  0.000012  7.709474e+06  1.734084e+09
638  1547.110105    0.000108  0.000032  ...  0.000012  7.967749e+06  1.734084e+09
639  1547.110102    0.000110  0.000033  ...  0.000012  7.961869e+06  1.734084e+09

[640 rows x 13 columns]
CHANNEL_0_5
          cbragg  cbragg_err   credchi  ...  cdelta_n            cL     timestamp
0    1548.090345    0.000105  0.000053  ...  0.000012  7.892464e+06  1.734084e+09
1    1548.090411    0.000086  0.000035  ...  0.000012  7.728533e+06  1.734084e+09
2    1548.090337    0.000089  0.000038  ...  0.000012  7.740226e+06  1.734084e+09
3    1548.090418    0.000084  0.000033  ...  0.000012  7.737728e+06  1.734084e+09
4    1548.090322    0.000085  0.000035  ...  0.000012  7.717213e+06  1.734084e+09
..           ...         ...       ...  ...       ...           ...           ...
635  1548.090377    0.000090  0.000039  ...  0.000012  7.809775e+06  1.734084e+09
636  1548.090445    0.000085  0.000034  ...  0.000012  7.723329e+06  1.734084e+09
637  1548.090392    0.000085  0.000034  ...  0.000012  7.716606e+06  1.734084e+09
638  1548.090424    0.000085  0.000034  ...  0.000012  7.728491e+06  1.734084e+09
639  1548.090438    0.000102  0.000049  ...  0.000012  7.811857e+06  1.734084e+09

[640 rows x 13 columns]
CHANNEL_0_6
          cbragg  cbragg_err   credchi  ...  cdelta_n            cL     timestamp
0    1549.067020    0.000136  0.000081  ...  0.000012  7.748413e+06  1.734084e+09
1    1549.067029    0.000077  0.000026  ...  0.000012  7.542156e+06  1.734084e+09
2    1549.067067    0.000087  0.000033  ...  0.000012  7.640028e+06  1.734084e+09
3    1549.067078    0.000078  0.000027  ...  0.000012  7.548332e+06  1.734084e+09
4    1549.067107    0.000078  0.000027  ...  0.000012  7.560768e+06  1.734084e+09
..           ...         ...       ...  ...       ...           ...           ...
635  1549.067065    0.000081  0.000029  ...  0.000012  7.619584e+06  1.734084e+09
636  1549.067048    0.000078  0.000027  ...  0.000012  7.551048e+06  1.734084e+09
637  1549.067060    0.000078  0.000027  ...  0.000012  7.541159e+06  1.734084e+09
638  1549.067049    0.000092  0.000038  ...  0.000012  7.697444e+06  1.734084e+09
639  1549.066991    0.000078  0.000027  ...  0.000012  7.544549e+06  1.734084e+09

[640 rows x 13 columns]
CHANNEL_0_7
          cbragg  cbragg_err   credchi  ...  cdelta_n            cL     timestamp
0    1550.069901    0.000128  0.000039  ...  0.000012  7.647351e+06  1.734084e+09
1    1550.069978    0.000128  0.000039  ...  0.000012  7.588144e+06  1.734084e+09
2    1550.069957    0.000129  0.000040  ...  0.000012  7.638190e+06  1.734084e+09
3    1550.069962    0.000129  0.000039  ...  0.000012  7.642327e+06  1.734084e+09
4    1550.069930    0.000127  0.000038  ...  0.000012  7.641230e+06  1.734084e+09
..           ...         ...       ...  ...       ...           ...           ...
635  1550.069884    0.000128  0.000039  ...  0.000012  7.642360e+06  1.734084e+09
636  1550.069966    0.000128  0.000039  ...  0.000012  7.644150e+06  1.734084e+09
637  1550.069902    0.000127  0.000038  ...  0.000012  7.641805e+06  1.734084e+09
638  1550.069936    0.000127  0.000038  ...  0.000012  7.653020e+06  1.734084e+09
639  1550.069843    0.000128  0.000039  ...  0.000012  7.635308e+06  1.734084e+09

[640 rows x 13 columns]
CHANNEL_0_8
          cbragg  cbragg_err   credchi  ...  cdelta_n            cL     timestamp
0    1551.045632    0.000075  0.000017  ...  0.000012  7.594563e+06  1.734084e+09
1    1551.045666    0.000075  0.000017  ...  0.000012  7.590490e+06  1.734084e+09
2    1551.045616    0.000085  0.000021  ...  0.000012  7.453248e+06  1.734084e+09
3    1551.045627    0.000076  0.000017  ...  0.000012  7.590431e+06  1.734084e+09
4    1551.045574    0.000076  0.000017  ...  0.000012  7.589387e+06  1.734084e+09
..           ...         ...       ...  ...       ...           ...           ...
635  1551.045510    0.000075  0.000017  ...  0.000012  7.587883e+06  1.734084e+09
636  1551.045562    0.000100  0.000029  ...  0.000012  7.366066e+06  1.734084e+09
637  1551.045509    0.000076  0.000017  ...  0.000012  7.617076e+06  1.734084e+09
638  1551.045607    0.000077  0.000018  ...  0.000012  7.585679e+06  1.734084e+09
639  1551.045519    0.000076  0.000017  ...  0.000012  7.598073e+06  1.734084e+09

[640 rows x 13 columns]
CHANNEL_0_9
          cbragg  cbragg_err   credchi  ...  cdelta_n            cL     timestamp
0    1552.027616    0.000095  0.000021  ...  0.000012  7.659028e+06  1.734084e+09
1    1552.027612    0.000097  0.000022  ...  0.000012  7.662214e+06  1.734084e+09
2    1552.027666    0.000097  0.000022  ...  0.000012  7.658792e+06  1.734084e+09
3    1552.027590    0.000096  0.000021  ...  0.000012  7.670709e+06  1.734084e+09
4    1552.027630    0.000096  0.000021  ...  0.000012  7.667946e+06  1.734084e+09
..           ...         ...       ...  ...       ...           ...           ...
635  1552.027634    0.000097  0.000022  ...  0.000012  7.615246e+06  1.734084e+09
636  1552.027627    0.000094  0.000021  ...  0.000012  7.671474e+06  1.734084e+09
637  1552.027528    0.000099  0.000023  ...  0.000012  7.646545e+06  1.734084e+09
638  1552.027643    0.000097  0.000022  ...  0.000012  7.673486e+06  1.734084e+09
639  1552.027618    0.000097  0.000022  ...  0.000012  7.666313e+06  1.734084e+09

[640 rows x 13 columns]
CHANNEL_0_10
          cbragg  cbragg_err   credchi  ...  cdelta_n            cL     timestamp
0    1553.033137    0.000084  0.000012  ...  0.000012  7.698328e+06  1.734084e+09
1    1553.033102    0.000086  0.000013  ...  0.000012  7.710076e+06  1.734084e+09
2    1553.033181    0.000085  0.000013  ...  0.000012  7.757937e+06  1.734084e+09
3    1553.033175    0.000138  0.000031  ...  0.000012  7.381512e+06  1.734084e+09
4    1553.033059    0.000088  0.000013  ...  0.000012  7.743298e+06  1.734084e+09
..           ...         ...       ...  ...       ...           ...           ...
635  1553.033009    0.000087  0.000013  ...  0.000012  7.751710e+06  1.734084e+09
636  1553.033121    0.000085  0.000013  ...  0.000012  7.766002e+06  1.734084e+09
637  1553.033097    0.000086  0.000013  ...  0.000012  7.724962e+06  1.734084e+09
638  1553.033060    0.000087  0.000013  ...  0.000012  7.755231e+06  1.734084e+09
639  1553.032998    0.000087  0.000013  ...  0.000012  7.758659e+06  1.734084e+09

[640 rows x 13 columns]
CHANNEL_0_11
          cbragg  cbragg_err   credchi  ...  cdelta_n            cL     timestamp
0    1554.041015    0.000067  0.000009  ...  0.000012  7.741647e+06  1.734084e+09
1    1554.041003    0.000068  0.000009  ...  0.000012  7.727543e+06  1.734084e+09
2    1554.040953    0.000072  0.000010  ...  0.000012  7.663503e+06  1.734084e+09
3    1554.040897    0.000067  0.000009  ...  0.000012  7.724405e+06  1.734084e+09
4    1554.040893    0.000067  0.000009  ...  0.000012  7.730074e+06  1.734084e+09
..           ...         ...       ...  ...       ...           ...           ...
635  1554.040922    0.000071  0.000010  ...  0.000012  7.715944e+06  1.734084e+09
636  1554.040965    0.000067  0.000009  ...  0.000012  7.728346e+06  1.734084e+09
637  1554.040849    0.000067  0.000009  ...  0.000012  7.723195e+06  1.734084e+09
638  1554.040927    0.000069  0.000009  ...  0.000012  7.726097e+06  1.734084e+09
639  1554.040915    0.000067  0.000009  ...  0.000012  7.748081e+06  1.734084e+09

[640 rows x 13 columns]
CHANNEL_0_12
          cbragg  cbragg_err   credchi  ...  cdelta_n            cL     timestamp
0    1555.062778    0.000123  0.000039  ...  0.000012  7.631807e+06  1.734084e+09
1    1555.062747    0.000121  0.000038  ...  0.000012  7.626788e+06  1.734084e+09
2    1555.062752    0.000122  0.000038  ...  0.000012  7.630723e+06  1.734084e+09
3    1555.062689    0.000121  0.000038  ...  0.000012  7.647290e+06  1.734084e+09
4    1555.062863    0.000121  0.000038  ...  0.000012  7.617174e+06  1.734084e+09
..           ...         ...       ...  ...       ...           ...           ...
635  1555.062689    0.000120  0.000037  ...  0.000012  7.621938e+06  1.734084e+09
636  1555.062694    0.000120  0.000037  ...  0.000012  7.630815e+06  1.734084e+09
637  1555.062775    0.000121  0.000038  ...  0.000012  7.649903e+06  1.734084e+09
638  1555.062706    0.000123  0.000039  ...  0.000012  7.626042e+06  1.734084e+09
639  1555.062593    0.000123  0.000039  ...  0.000012  7.616547e+06  1.734084e+09

[640 rows x 13 columns]
CHANNEL_0_13
          cbragg  cbragg_err   credchi  ...  cdelta_n            cL     timestamp
0    1556.043195    0.000139  0.000042  ...  0.000012  7.635165e+06  1.734084e+09
1    1556.043166    0.000141  0.000043  ...  0.000012  7.651285e+06  1.734084e+09
2    1556.043226    0.000140  0.000042  ...  0.000012  7.647615e+06  1.734084e+09
3    1556.043145    0.000140  0.000042  ...  0.000012  7.637286e+06  1.734084e+09
4    1556.043192    0.000140  0.000042  ...  0.000012  7.649709e+06  1.734084e+09
..           ...         ...       ...  ...       ...           ...           ...
635  1556.043226    0.000138  0.000041  ...  0.000012  7.651913e+06  1.734084e+09
636  1556.043269    0.000140  0.000043  ...  0.000012  7.642605e+06  1.734084e+09
637  1556.043228    0.000142  0.000043  ...  0.000012  7.587829e+06  1.734084e+09
638  1556.043159    0.000142  0.000044  ...  0.000012  7.652911e+06  1.734084e+09
639  1556.043117    0.000139  0.000042  ...  0.000012  7.643998e+06  1.734084e+09

[640 rows x 13 columns]
CHANNEL_0_14
          cbragg  cbragg_err   credchi  ...  cdelta_n            cL     timestamp
0    1557.009618    0.000098  0.000026  ...  0.000012  7.771277e+06  1.734084e+09
1    1557.009582    0.000097  0.000026  ...  0.000012  7.759565e+06  1.734084e+09
2    1557.009666    0.000099  0.000027  ...  0.000012  7.756364e+06  1.734084e+09
3    1557.009880    0.000126  0.000045  ...  0.000012  7.961024e+06  1.734084e+09
4    1557.009588    0.000097  0.000026  ...  0.000012  7.760554e+06  1.734084e+09
..           ...         ...       ...  ...       ...           ...           ...
635  1557.009662    0.000101  0.000028  ...  0.000012  7.830310e+06  1.734084e+09
636  1557.009593    0.000100  0.000028  ...  0.000012  7.841334e+06  1.734084e+09
637  1557.009587    0.000098  0.000027  ...  0.000012  7.772113e+06  1.734084e+09
638  1557.009616    0.000098  0.000027  ...  0.000012  7.772232e+06  1.734084e+09
639  1557.009588    0.000098  0.000027  ...  0.000012  7.771869e+06  1.734084e+09

[640 rows x 13 columns]
CHANNEL_1_1
          cbragg  cbragg_err   credchi  ...  cdelta_n            cL     timestamp
0    1556.486922    0.000472  0.000157  ...  0.000012  2.449021e+06  1.734084e+09
1    1556.485767    0.000131  0.000016  ...  0.000012  2.637646e+06  1.734084e+09
2    1556.485969    0.000302  0.000075  ...  0.000012  2.551960e+06  1.734084e+09
3    1556.487297    0.000851  0.000408  ...  0.000012  2.294939e+06  1.734084e+09
4    1556.485974    0.000178  0.000030  ...  0.000012  2.636133e+06  1.734084e+09
..           ...         ...       ...  ...       ...           ...           ...
635  1556.486790    0.000193  0.000032  ...  0.000012  2.585162e+06  1.734084e+09
636  1556.486921    0.000325  0.000083  ...  0.000012  2.518827e+06  1.734084e+09
637  1556.487662    0.000656  0.000267  ...  0.000012  2.375630e+06  1.734084e+09
638  1556.486228    0.000063  0.000004  ...  0.000012  2.694219e+06  1.734084e+09
639  1556.486861    0.000836  0.000447  ...  0.000012  2.358783e+06  1.734084e+09

[640 rows x 13 columns]
CHANNEL_1_2
          cbragg  cbragg_err   credchi  ...  cdelta_n            cL     timestamp
0    1558.224916    0.000171  0.000040  ...  0.000012  2.728790e+06  1.734084e+09
1    1558.224886    0.000115  0.000019  ...  0.000012  2.803549e+06  1.734084e+09
2    1558.224835    0.000114  0.000019  ...  0.000012  2.796352e+06  1.734084e+09
3    1558.224938    0.000123  0.000022  ...  0.000012  2.782362e+06  1.734084e+09
4    1558.224899    0.000137  0.000026  ...  0.000012  2.759471e+06  1.734084e+09
..           ...         ...       ...  ...       ...           ...           ...
635  1558.224808    0.000130  0.000024  ...  0.000012  2.777625e+06  1.734084e+09
636  1558.225716    0.000715  0.000510  ...  0.000012  2.467038e+06  1.734084e+09
637  1558.224858    0.000142  0.000028  ...  0.000012  2.758512e+06  1.734084e+09
638  1558.224787    0.000115  0.000019  ...  0.000012  2.795726e+06  1.734084e+09
639  1558.224836    0.000117  0.000020  ...  0.000012  2.802204e+06  1.734084e+09

[640 rows x 13 columns]
CHANNEL_1_3
          cbragg  cbragg_err   credchi  ...  cdelta_n            cL     timestamp
0    1561.039828    0.000045  0.000003  ...  0.000012  2.920821e+06  1.734084e+09
1    1561.039876    0.000044  0.000003  ...  0.000012  2.933941e+06  1.734084e+09
2    1561.039467    0.000646  0.000974  ...  0.000012  3.373624e+06  1.734084e+09
3    1561.039463    0.000608  0.000847  ...  0.000012  3.351887e+06  1.734084e+09
4    1561.039826    0.000048  0.000004  ...  0.000012  2.926391e+06  1.734084e+09
..           ...         ...       ...  ...       ...           ...           ...
635  1561.038842    0.001128  0.003577  ...  0.000012  3.739094e+06  1.734084e+09
636  1561.039736    0.000743  0.001398  ...  0.000012  3.475431e+06  1.734084e+09
637  1561.039895    0.000062  0.000006  ...  0.000012  2.919533e+06  1.734084e+09
638  1561.039766    0.000709  0.001005  ...  0.000012  3.271780e+06  1.734084e+09
639  1561.039821    0.000105  0.000019  ...  0.000012  2.997351e+06  1.734084e+09

[640 rows x 13 columns]
CHANNEL_2_1
          cbragg  cbragg_err   credchi  ...  cdelta_n            cL     timestamp
0    1543.897703    0.000077  0.000006  ...  0.000012  2.771208e+06  1.734084e+09
1    1543.897719    0.000074  0.000006  ...  0.000012  2.792672e+06  1.734084e+09
2    1543.897684    0.000075  0.000006  ...  0.000012  2.772851e+06  1.734084e+09
3    1543.897691    0.000074  0.000006  ...  0.000012  2.771322e+06  1.734084e+09
4    1543.897791    0.000084  0.000006  ...  0.000012  2.770545e+06  1.734084e+09
..           ...         ...       ...  ...       ...           ...           ...
635  1543.897007    0.000074  0.000006  ...  0.000012  2.772997e+06  1.734084e+09
636  1543.897124    0.000072  0.000005  ...  0.000012  2.773231e+06  1.734084e+09
637  1543.897342    0.000076  0.000006  ...  0.000012  2.773059e+06  1.734084e+09
638  1543.897522    0.000074  0.000006  ...  0.000012  2.772440e+06  1.734084e+09
639  1543.897732    0.000073  0.000006  ...  0.000012  2.773115e+06  1.734084e+09

[640 rows x 13 columns]
CHANNEL_2_2
          cbragg  cbragg_err   credchi  ...  cdelta_n            cL     timestamp
0    1545.947473    0.000150  0.000017  ...  0.000012  2.666906e+06  1.734084e+09
1    1545.947316    0.000173  0.000020  ...  0.000012  2.614713e+06  1.734084e+09
2    1545.944822    0.000958  0.001144  ...  0.000012  3.270299e+06  1.734084e+09
3    1545.947334    0.000152  0.000016  ...  0.000012  2.628128e+06  1.734084e+09
4    1545.947855    0.000273  0.000047  ...  0.000012  2.561953e+06  1.734084e+09
..           ...         ...       ...  ...       ...           ...           ...
635  1545.945522    0.000561  0.000331  ...  0.000012  3.030783e+06  1.734084e+09
636  1545.947151    0.000123  0.000011  ...  0.000012  2.697748e+06  1.734084e+09
637  1545.947056    0.000126  0.000011  ...  0.000012  2.691179e+06  1.734084e+09
638  1545.947023    0.000144  0.000016  ...  0.000012  2.679132e+06  1.734084e+09
639  1545.947590    0.000340  0.000072  ...  0.000012  2.533869e+06  1.734084e+09

[640 rows x 13 columns]
CHANNEL_2_3
          cbragg  cbragg_err   credchi  ...  cdelta_n            cL     timestamp
0    1548.543558    0.000105  0.000011  ...  0.000012  2.873196e+06  1.734084e+09
1    1548.543494    0.000103  0.000011  ...  0.000012  2.879275e+06  1.734084e+09
2    1548.543360    0.000413  0.000142  ...  0.000012  2.688643e+06  1.734084e+09
3    1548.543748    0.000101  0.000010  ...  0.000012  2.911790e+06  1.734084e+09
4    1548.543550    0.000102  0.000010  ...  0.000012  2.892935e+06  1.734084e+09
..           ...         ...       ...  ...       ...           ...           ...
635  1548.543798    0.000244  0.000067  ...  0.000012  3.019549e+06  1.734084e+09
636  1548.543943    0.000735  0.000852  ...  0.000012  3.418200e+06  1.734084e+09
637  1548.543696    0.000105  0.000011  ...  0.000012  2.912571e+06  1.734084e+09
638  1548.543511    0.000103  0.000010  ...  0.000012  2.865059e+06  1.734084e+09
639  1548.543575    0.000099  0.000010  ...  0.000012  2.878052e+06  1.734084e+09

[640 rows x 13 columns]
CHANNEL_3_1
          cbragg  cbragg_err   credchi  ...  cdelta_n            cL     timestamp
0    1544.362407    0.000177  0.000024  ...  0.000012  7.811561e+06  1.734084e+09
1    1544.362321    0.000341  0.000024  ...  0.000012  7.820684e+06  1.734084e+09
2    1544.362325    0.000157  0.000024  ...  0.000012  7.817633e+06  1.734084e+09
3    1544.362279    0.000116  0.000025  ...  0.000012  7.811737e+06  1.734084e+09
4    1544.362319    0.000113  0.000025  ...  0.000012  7.801688e+06  1.734084e+09
..           ...         ...       ...  ...       ...           ...           ...
635  1544.362381    0.000113  0.000025  ...  0.000012  7.809248e+06  1.734084e+09
636  1544.362315    0.000133  0.000025  ...  0.000012  7.818932e+06  1.734084e+09
637  1544.362336    0.000115  0.000024  ...  0.000012  7.815141e+06  1.734084e+09
638  1544.362319    0.000178  0.000024  ...  0.000012  7.821846e+06  1.734084e+09
639  1544.362364    0.000110  0.000024  ...  0.000012  7.812063e+06  1.734084e+09

[640 rows x 13 columns]
CHANNEL_3_2
          cbragg  cbragg_err   credchi  ...  cdelta_n            cL     timestamp
0    1545.257045    0.000119  0.000037  ...  0.000012  7.818894e+06  1.734084e+09
1    1545.257025    0.000197  0.000038  ...  0.000012  7.817439e+06  1.734084e+09
2    1545.257037    0.000130  0.000037  ...  0.000012  7.817189e+06  1.734084e+09
3    1545.256979    0.000461  0.000037  ...  0.000012  7.825663e+06  1.734084e+09
4    1545.256984    0.000120  0.000036  ...  0.000012  7.822602e+06  1.734084e+09
..           ...         ...       ...  ...       ...           ...           ...
635  1545.257145    0.000239  0.000037  ...  0.000012  7.811710e+06  1.734084e+09
636  1545.257096    0.000321  0.000036  ...  0.000012  7.816179e+06  1.734084e+09
637  1545.257113    0.000117  0.000037  ...  0.000012  7.817007e+06  1.734084e+09
638  1545.257140    0.000119  0.000039  ...  0.000012  7.817661e+06  1.734084e+09
639  1545.257091    0.000120  0.000036  ...  0.000012  7.818504e+06  1.734084e+09

[640 rows x 13 columns]
CHANNEL_3_3
          cbragg  cbragg_err   credchi  ...  cdelta_n            cL     timestamp
0    1546.019978    0.000109  0.000037  ...  0.000012  7.619611e+06  1.734084e+09
1    1546.019970    0.000105  0.000035  ...  0.000012  7.646031e+06  1.734084e+09
2    1546.019944    0.000104  0.000034  ...  0.000012  7.631655e+06  1.734084e+09
3    1546.019933    0.000108  0.000036  ...  0.000012  7.624792e+06  1.734084e+09
4    1546.019954    0.000107  0.000036  ...  0.000012  7.620696e+06  1.734084e+09
..           ...         ...       ...  ...       ...           ...           ...
635  1546.020037    0.000110  0.000038  ...  0.000012  7.627611e+06  1.734084e+09
636  1546.019993    0.000107  0.000036  ...  0.000012  7.625467e+06  1.734084e+09
637  1546.019970    0.000108  0.000036  ...  0.000012  7.631438e+06  1.734084e+09
638  1546.020000    0.000108  0.000036  ...  0.000012  7.601418e+06  1.734084e+09
639  1546.019983    0.000109  0.000037  ...  0.000012  7.630544e+06  1.734084e+09

[640 rows x 13 columns]
CHANNEL_3_4
          cbragg  cbragg_err   credchi  ...  cdelta_n            cL     timestamp
0    1546.786228    0.000095  0.000021  ...  0.000012  7.736030e+06  1.734084e+09
1    1546.786166    0.000098  0.000022  ...  0.000012  7.734181e+06  1.734084e+09
2    1546.786209    0.000096  0.000022  ...  0.000012  7.739584e+06  1.734084e+09
3    1546.786120    0.000095  0.000021  ...  0.000012  7.732043e+06  1.734084e+09
4    1546.786202    0.000097  0.000022  ...  0.000012  7.729943e+06  1.734084e+09
..           ...         ...       ...  ...       ...           ...           ...
635  1546.786197    0.000097  0.000022  ...  0.000012  7.721920e+06  1.734084e+09
636  1546.786154    0.000096  0.000021  ...  0.000012  7.726778e+06  1.734084e+09
637  1546.786172    0.000096  0.000021  ...  0.000012  7.734868e+06  1.734084e+09
638  1546.786130    0.000096  0.000022  ...  0.000012  7.739704e+06  1.734084e+09
639  1546.786136    0.000097  0.000022  ...  0.000012  7.732295e+06  1.734084e+09

[640 rows x 13 columns]
CHANNEL_3_5
          cbragg  cbragg_err   credchi  ...  cdelta_n            cL     timestamp
0    1547.810377    0.000079  0.000021  ...  0.000012  7.600491e+06  1.734084e+09
1    1547.810414    0.000077  0.000019  ...  0.000012  7.592968e+06  1.734084e+09
2    1547.810371    0.000077  0.000020  ...  0.000012  7.607187e+06  1.734084e+09
3    1547.810290    0.000079  0.000021  ...  0.000012  7.609244e+06  1.734084e+09
4    1547.810381    0.000078  0.000020  ...  0.000012  7.603455e+06  1.734084e+09
..           ...         ...       ...  ...       ...           ...           ...
635  1547.810415    0.000077  0.000019  ...  0.000012  7.611133e+06  1.734084e+09
636  1547.810395    0.000084  0.000024  ...  0.000012  7.702341e+06  1.734084e+09
637  1547.810455    0.000135  0.000060  ...  0.000012  7.780026e+06  1.734084e+09
638  1547.810456    0.000078  0.000020  ...  0.000012  7.600354e+06  1.734084e+09
639  1547.810437    0.000083  0.000023  ...  0.000012  7.678161e+06  1.734084e+09

[640 rows x 13 columns]
CHANNEL_3_6
          cbragg  cbragg_err   credchi  ...  cdelta_n            cL     timestamp
0    1548.794467    0.000079  0.000015  ...  0.000012  7.795240e+06  1.734084e+09
1    1548.794469    0.000081  0.000016  ...  0.000012  7.785628e+06  1.734084e+09
2    1548.794417    0.000081  0.000016  ...  0.000012  7.793662e+06  1.734084e+09
3    1548.794391    0.000082  0.000016  ...  0.000012  7.790008e+06  1.734084e+09
4    1548.794538    0.000082  0.000016  ...  0.000012  7.785859e+06  1.734084e+09
..           ...         ...       ...  ...       ...           ...           ...
635  1548.794540    0.000082  0.000016  ...  0.000012  7.778885e+06  1.734084e+09
636  1548.794526    0.000080  0.000015  ...  0.000012  7.793369e+06  1.734084e+09
637  1548.794462    0.000083  0.000016  ...  0.000012  7.784722e+06  1.734084e+09
638  1548.794479    0.000082  0.000016  ...  0.000012  7.734867e+06  1.734084e+09
639  1548.794488    0.000081  0.000015  ...  0.000012  7.720063e+06  1.734084e+09

[640 rows x 13 columns]
CHANNEL_3_7
          cbragg  cbragg_err   credchi  ...  cdelta_n            cL     timestamp
0    1549.816634    0.000084  0.000022  ...  0.000012  7.593020e+06  1.734084e+09
1    1549.816520    0.000109  0.000039  ...  0.000012  7.829293e+06  1.734084e+09
2    1549.816639    0.000083  0.000022  ...  0.000012  7.609230e+06  1.734084e+09
3    1549.816581    0.000083  0.000022  ...  0.000012  7.602374e+06  1.734084e+09
4    1549.816576    0.000084  0.000022  ...  0.000012  7.604115e+06  1.734084e+09
..           ...         ...       ...  ...       ...           ...           ...
635  1549.816562    0.000084  0.000022  ...  0.000012  7.601102e+06  1.734084e+09
636  1549.816591    0.000083  0.000022  ...  0.000012  7.597883e+06  1.734084e+09
637  1549.816630    0.000082  0.000021  ...  0.000012  7.611459e+06  1.734084e+09
638  1549.816659    0.000083  0.000021  ...  0.000012  7.599385e+06  1.734084e+09
639  1549.816592    0.000084  0.000022  ...  0.000012  7.599120e+06  1.734084e+09

[640 rows x 13 columns]
CHANNEL_3_8
          cbragg  cbragg_err   credchi  ...  cdelta_n            cL     timestamp
0    1550.770038    0.000087  0.000015  ...  0.000012  7.703780e+06  1.734084e+09
1    1550.770104    0.000086  0.000015  ...  0.000012  7.691153e+06  1.734084e+09
2    1550.770126    0.000089  0.000016  ...  0.000012  7.681374e+06  1.734084e+09
3    1550.770139    0.000088  0.000016  ...  0.000012  7.688535e+06  1.734084e+09
4    1550.770088    0.000088  0.000016  ...  0.000012  7.702349e+06  1.734084e+09
..           ...         ...       ...  ...       ...           ...           ...
635  1550.770088    0.000088  0.000016  ...  0.000012  7.691039e+06  1.734084e+09
636  1550.770093    0.000086  0.000015  ...  0.000012  7.702717e+06  1.734084e+09
637  1550.770091    0.000087  0.000015  ...  0.000012  7.694214e+06  1.734084e+09
638  1550.769980    0.000090  0.000016  ...  0.000012  7.695805e+06  1.734084e+09
639  1550.770057    0.000088  0.000016  ...  0.000012  7.671344e+06  1.734084e+09

[640 rows x 13 columns]
CHANNEL_3_9
          cbragg  cbragg_err   credchi  ...  cdelta_n            cL     timestamp
0    1551.766882    0.000091  0.000018  ...  0.000012  7.669679e+06  1.734084e+09
1    1551.766868    0.000090  0.000017  ...  0.000012  7.713995e+06  1.734084e+09
2    1551.766830    0.000088  0.000017  ...  0.000012  7.718807e+06  1.734084e+09
3    1551.766832    0.000089  0.000017  ...  0.000012  7.711882e+06  1.734084e+09
4    1551.766883    0.000090  0.000017  ...  0.000012  7.719857e+06  1.734084e+09
..           ...         ...       ...  ...       ...           ...           ...
635  1551.766863    0.000089  0.000017  ...  0.000012  7.710474e+06  1.734084e+09
636  1551.766871    0.000086  0.000016  ...  0.000012  7.733080e+06  1.734084e+09
637  1551.766895    0.000087  0.000016  ...  0.000012  7.727436e+06  1.734084e+09
638  1551.766906    0.000087  0.000016  ...  0.000012  7.722275e+06  1.734084e+09
639  1551.766819    0.000089  0.000017  ...  0.000012  7.717472e+06  1.734084e+09

[640 rows x 13 columns]
CHANNEL_3_10
          cbragg  cbragg_err   credchi  ...  cdelta_n            cL     timestamp
0    1552.773743    0.000104  0.000019  ...  0.000012  7.774145e+06  1.734084e+09
1    1552.773798    0.000107  0.000020  ...  0.000012  7.710484e+06  1.734084e+09
2    1552.773865    0.000107  0.000020  ...  0.000012  7.754073e+06  1.734084e+09
3    1552.773790    0.000104  0.000019  ...  0.000012  7.754842e+06  1.734084e+09
4    1552.773731    0.000106  0.000019  ...  0.000012  7.751610e+06  1.734084e+09
..           ...         ...       ...  ...       ...           ...           ...
635  1552.773845    0.000104  0.000019  ...  0.000012  7.753237e+06  1.734084e+09
636  1552.773832    0.000104  0.000019  ...  0.000012  7.764181e+06  1.734084e+09
637  1552.773792    0.000106  0.000020  ...  0.000012  7.769370e+06  1.734084e+09
638  1552.773597    0.000107  0.000020  ...  0.000012  7.702082e+06  1.734084e+09
639  1552.773576    0.000106  0.000020  ...  0.000012  7.770242e+06  1.734084e+09

[640 rows x 13 columns]
CHANNEL_3_11
          cbragg  cbragg_err   credchi  ...  cdelta_n            cL     timestamp
0    1553.736310    0.000129  0.000033  ...  0.000012  7.899572e+06  1.734084e+09
1    1553.736458    0.000136  0.000036  ...  0.000012  7.997149e+06  1.734084e+09
2    1553.736400    0.000129  0.000033  ...  0.000012  7.887474e+06  1.734084e+09
3    1553.736394    0.000130  0.000033  ...  0.000012  7.833708e+06  1.734084e+09
4    1553.736374    0.000128  0.000032  ...  0.000012  7.904937e+06  1.734084e+09
..           ...         ...       ...  ...       ...           ...           ...
635  1553.736372    0.000132  0.000034  ...  0.000012  7.905322e+06  1.734084e+09
636  1553.736436    0.000218  0.000083  ...  0.000012  7.361413e+06  1.734084e+09
637  1553.736332    0.000130  0.000033  ...  0.000012  7.887365e+06  1.734084e+09
638  1553.736320    0.000130  0.000033  ...  0.000012  7.901247e+06  1.734084e+09
639  1553.736359    0.000129  0.000033  ...  0.000012  7.894429e+06  1.734084e+09

[640 rows x 13 columns]
CHANNEL_3_12
          cbragg  cbragg_err   credchi  ...  cdelta_n            cL     timestamp
0    1554.717523    0.000094  0.000020  ...  0.000012  7.849471e+06  1.734084e+09
1    1554.717518    0.000095  0.000021  ...  0.000012  7.842364e+06  1.734084e+09
2    1554.717456    0.000097  0.000021  ...  0.000012  7.784665e+06  1.734084e+09
3    1554.717506    0.000095  0.000021  ...  0.000012  7.843897e+06  1.734084e+09
4    1554.717523    0.000096  0.000021  ...  0.000012  7.831674e+06  1.734084e+09
..           ...         ...       ...  ...       ...           ...           ...
635  1554.717421    0.000095  0.000021  ...  0.000012  7.849860e+06  1.734084e+09
636  1554.717557    0.000095  0.000021  ...  0.000012  7.843819e+06  1.734084e+09
637  1554.717525    0.000096  0.000021  ...  0.000012  7.834839e+06  1.734084e+09
638  1554.717481    0.000095  0.000021  ...  0.000012  7.849845e+06  1.734084e+09
639  1554.717441    0.000095  0.000021  ...  0.000012  7.828448e+06  1.734084e+09

[640 rows x 13 columns]
CHANNEL_3_13
          cbragg  cbragg_err   credchi  ...  cdelta_n            cL     timestamp
0    1555.722709    0.000086  0.000013  ...  0.000012  7.586833e+06  1.734084e+09
1    1555.722827    0.000090  0.000015  ...  0.000012  7.454537e+06  1.734084e+09
2    1555.722801    0.000086  0.000014  ...  0.000012  7.581184e+06  1.734084e+09
3    1555.722820    0.000086  0.000013  ...  0.000012  7.580086e+06  1.734084e+09
4    1555.722881    0.000087  0.000014  ...  0.000012  7.591966e+06  1.734084e+09
..           ...         ...       ...  ...       ...           ...           ...
635  1555.722810    0.000094  0.000016  ...  0.000012  7.451586e+06  1.734084e+09
636  1555.722823    0.000087  0.000014  ...  0.000012  7.576746e+06  1.734084e+09
637  1555.722828    0.000086  0.000013  ...  0.000012  7.590963e+06  1.734084e+09
638  1555.722769    0.000085  0.000013  ...  0.000012  7.593302e+06  1.734084e+09
639  1555.722779    0.000089  0.000014  ...  0.000012  7.574668e+06  1.734084e+09

[640 rows x 13 columns]
CHANNEL_3_14
          cbragg  cbragg_err   credchi  ...  cdelta_n            cL     timestamp
0    1556.678308    0.000193  0.000072  ...  0.000012  7.763420e+06  1.734084e+09
1    1556.678379    0.000194  0.000073  ...  0.000012  7.767641e+06  1.734084e+09
2    1556.678376    0.000197  0.000076  ...  0.000012  7.761002e+06  1.734084e+09
3    1556.678406    0.000194  0.000074  ...  0.000012  7.764414e+06  1.734084e+09
4    1556.678384    0.000197  0.000076  ...  0.000012  7.767890e+06  1.734084e+09
..           ...         ...       ...  ...       ...           ...           ...
635  1556.678288    0.000193  0.000072  ...  0.000012  7.756681e+06  1.734084e+09
636  1556.678324    0.000197  0.000076  ...  0.000012  7.752597e+06  1.734084e+09
637  1556.678316    0.000195  0.000074  ...  0.000012  7.763140e+06  1.734084e+09
638  1556.678306    0.000194  0.000073  ...  0.000012  7.758613e+06  1.734084e+09
639  1556.678300    0.000193  0.000073  ...  0.000012  7.761855e+06  1.734084e+09

[640 rows x 13 columns]
