CHANNEL_0_1
           cbragg  cbragg_err   credchi  ...  cdelta_n            cL     timestamp
0     1544.228684    0.000098  0.000040  ...  0.000012  7.708021e+06  1.738041e+09
1     1544.230357    0.000103  0.000054  ...  0.000012  7.645135e+06  1.738041e+09
2     1544.228727    0.000099  0.000041  ...  0.000012  7.708104e+06  1.738041e+09
3     1544.230429    0.000232  0.000053  ...  0.000012  7.649543e+06  1.738041e+09
4     1544.228797    0.000357  0.000041  ...  0.000012  7.707762e+06  1.738041e+09
...           ...         ...       ...  ...       ...           ...           ...
1587  1544.230467    0.000103  0.000055  ...  0.000012  7.644779e+06  1.738057e+09
1588  1544.228769    0.000208  0.000041  ...  0.000012  7.707318e+06  1.738057e+09
1589  1544.230443    0.000323  0.000055  ...  0.000012  7.649240e+06  1.738057e+09
1590  1544.228887    0.000099  0.000041  ...  0.000012  7.703930e+06  1.738057e+09
1591  1544.230537    0.000100  0.000052  ...  0.000012  7.649911e+06  1.738057e+09

[1592 rows x 13 columns]
CHANNEL_0_2
           cbragg  cbragg_err   credchi  ...  cdelta_n            cL     timestamp
0     1545.183120    0.000216  0.000016  ...  0.000012  7.671558e+06  1.738041e+09
1     1545.183932    0.000229  0.000014  ...  0.000012  7.691934e+06  1.738041e+09
2     1545.183093    0.000083  0.000018  ...  0.000012  7.683068e+06  1.738041e+09
3     1545.183977    0.000086  0.000015  ...  0.000012  7.679945e+06  1.738041e+09
4     1545.183246    0.000078  0.000016  ...  0.000012  7.686846e+06  1.738041e+09
...           ...         ...       ...  ...       ...           ...           ...
1587  1545.183967    0.000086  0.000015  ...  0.000012  7.701545e+06  1.738057e+09
1588  1545.183118    0.000085  0.000019  ...  0.000012  7.688696e+06  1.738057e+09
1589  1545.184027    0.000085  0.000014  ...  0.000012  7.689900e+06  1.738057e+09
1590  1545.183171    0.000082  0.000017  ...  0.000012  7.686164e+06  1.738057e+09
1591  1545.183967    0.000088  0.000015  ...  0.000012  7.687477e+06  1.738057e+09

[1592 rows x 13 columns]
CHANNEL_0_3
           cbragg  cbragg_err   credchi  ...  cdelta_n            cL     timestamp
0     1546.168973    0.000113  0.000049  ...  0.000012  7.643759e+06  1.738041e+09
1     1546.167057    0.000111  0.000046  ...  0.000012  7.607668e+06  1.738041e+09
2     1546.168957    0.000110  0.000047  ...  0.000012  7.661755e+06  1.738041e+09
3     1546.167050    0.000112  0.000047  ...  0.000012  7.598061e+06  1.738041e+09
4     1546.168914    0.000117  0.000053  ...  0.000012  7.732163e+06  1.738041e+09
...           ...         ...       ...  ...       ...           ...           ...
1587  1546.167196    0.000112  0.000047  ...  0.000012  7.607510e+06  1.738057e+09
1588  1546.168958    0.000112  0.000048  ...  0.000012  7.630785e+06  1.738057e+09
1589  1546.167107    0.000112  0.000047  ...  0.000012  7.607658e+06  1.738057e+09
1590  1546.168977    0.000113  0.000048  ...  0.000012  7.630585e+06  1.738057e+09
1591  1546.167153    0.000110  0.000046  ...  0.000012  7.617724e+06  1.738057e+09

[1592 rows x 13 columns]
CHANNEL_0_4
           cbragg  cbragg_err   credchi  ...  cdelta_n            cL     timestamp
0     1547.160771    0.000115  0.000056  ...  0.000012  7.837817e+06  1.738041e+09
1     1547.162336    0.000118  0.000047  ...  0.000012  7.854290e+06  1.738041e+09
2     1547.160856    0.000115  0.000055  ...  0.000012  7.822988e+06  1.738041e+09
3     1547.162288    0.000118  0.000048  ...  0.000012  7.853654e+06  1.738041e+09
4     1547.160836    0.000116  0.000056  ...  0.000012  7.817400e+06  1.738041e+09
...           ...         ...       ...  ...       ...           ...           ...
1587  1547.162371    0.000119  0.000048  ...  0.000012  7.844826e+06  1.738057e+09
1588  1547.160918    0.000115  0.000055  ...  0.000012  7.832322e+06  1.738057e+09
1589  1547.162292    0.000118  0.000047  ...  0.000012  7.853458e+06  1.738057e+09
1590  1547.161002    0.000124  0.000065  ...  0.000012  7.960076e+06  1.738057e+09
1591  1547.162344    0.000119  0.000048  ...  0.000012  7.847041e+06  1.738057e+09

[1592 rows x 13 columns]
CHANNEL_0_5
           cbragg  cbragg_err   credchi  ...  cdelta_n            cL     timestamp
0     1548.135304    0.000094  0.000033  ...  0.000012  7.697883e+06  1.738041e+09
1     1548.138846    0.000093  0.000048  ...  0.000012  7.644146e+06  1.738041e+09
2     1548.135351    0.000092  0.000032  ...  0.000012  7.692973e+06  1.738041e+09
3     1548.138835    0.000093  0.000049  ...  0.000012  7.635554e+06  1.738041e+09
4     1548.135330    0.000094  0.000033  ...  0.000012  7.683548e+06  1.738041e+09
...           ...         ...       ...  ...       ...           ...           ...
1587  1548.138918    0.000092  0.000047  ...  0.000012  7.636226e+06  1.738057e+09
1588  1548.135383    0.000091  0.000031  ...  0.000012  7.700778e+06  1.738057e+09
1589  1548.138984    0.000090  0.000046  ...  0.000012  7.629345e+06  1.738057e+09
1590  1548.135525    0.000092  0.000031  ...  0.000012  7.685858e+06  1.738057e+09
1591  1548.139031    0.000113  0.000073  ...  0.000012  7.835399e+06  1.738057e+09

[1592 rows x 13 columns]
CHANNEL_0_6
           cbragg  cbragg_err   credchi  ...  cdelta_n            cL     timestamp
0     1549.122287    0.000177  0.000213  ...  0.000012  7.811350e+06  1.738041e+09
1     1549.114072    0.000079  0.000024  ...  0.000012  7.523604e+06  1.738041e+09
2     1549.121751    0.000082  0.000045  ...  0.000012  7.457681e+06  1.738041e+09
3     1549.114048    0.000078  0.000024  ...  0.000012  7.524535e+06  1.738041e+09
4     1549.122057    0.000166  0.000194  ...  0.000012  7.846360e+06  1.738041e+09
...           ...         ...       ...  ...       ...           ...           ...
1587  1549.114197    0.000078  0.000024  ...  0.000012  7.524903e+06  1.738057e+09
1588  1549.121898    0.000093  0.000058  ...  0.000012  7.571177e+06  1.738057e+09
1589  1549.114111    0.000077  0.000023  ...  0.000012  7.504605e+06  1.738057e+09
1590  1549.121987    0.000088  0.000052  ...  0.000012  7.533317e+06  1.738057e+09
1591  1549.114272    0.000079  0.000024  ...  0.000012  7.516342e+06  1.738057e+09

[1592 rows x 13 columns]
CHANNEL_0_7
           cbragg  cbragg_err   credchi  ...  cdelta_n            cL     timestamp
0     1550.117192    0.000118  0.000042  ...  0.000012  7.638318e+06  1.738041e+09
1     1550.121932    0.000116  0.000047  ...  0.000012  7.655070e+06  1.738041e+09
2     1550.117167    0.000118  0.000041  ...  0.000012  7.635630e+06  1.738041e+09
3     1550.121976    0.000116  0.000047  ...  0.000012  7.651716e+06  1.738041e+09
4     1550.117185    0.000119  0.000042  ...  0.000012  7.639977e+06  1.738041e+09
...           ...         ...       ...  ...       ...           ...           ...
1587  1550.122103    0.000116  0.000047  ...  0.000012  7.656477e+06  1.738057e+09
1588  1550.117333    0.000117  0.000041  ...  0.000012  7.646454e+06  1.738057e+09
1589  1550.122155    0.000115  0.000046  ...  0.000012  7.659045e+06  1.738057e+09
1590  1550.117470    0.000119  0.000042  ...  0.000012  7.640153e+06  1.738057e+09
1591  1550.122179    0.000117  0.000047  ...  0.000012  7.656391e+06  1.738057e+09

[1592 rows x 13 columns]
CHANNEL_0_8
           cbragg  cbragg_err   credchi  ...  cdelta_n            cL     timestamp
0     1551.092323    0.000073  0.000016  ...  0.000012  7.619876e+06  1.738041e+09
1     1551.092635    0.000072  0.000018  ...  0.000012  7.594136e+06  1.738041e+09
2     1551.092314    0.000073  0.000016  ...  0.000012  7.618310e+06  1.738041e+09
3     1551.092594    0.000072  0.000019  ...  0.000012  7.598800e+06  1.738041e+09
4     1551.092294    0.000074  0.000017  ...  0.000012  7.608929e+06  1.738041e+09
...           ...         ...       ...  ...       ...           ...           ...
1587  1551.092405    0.000072  0.000018  ...  0.000012  7.603846e+06  1.738057e+09
1588  1551.092082    0.000072  0.000016  ...  0.000012  7.622444e+06  1.738057e+09
1589  1551.092423    0.000072  0.000018  ...  0.000012  7.593860e+06  1.738057e+09
1590  1551.092142    0.000072  0.000016  ...  0.000012  7.618193e+06  1.738057e+09
1591  1551.092402    0.000071  0.000018  ...  0.000012  7.604231e+06  1.738057e+09

[1592 rows x 13 columns]
CHANNEL_0_9
           cbragg  cbragg_err   credchi  ...  cdelta_n            cL     timestamp
0     1552.077700    0.000087  0.000025  ...  0.000012  7.673788e+06  1.738041e+09
1     1552.073325    0.000089  0.000018  ...  0.000012  7.693997e+06  1.738041e+09
2     1552.077636    0.000086  0.000025  ...  0.000012  7.686611e+06  1.738041e+09
3     1552.073252    0.000090  0.000019  ...  0.000012  7.690634e+06  1.738041e+09
4     1552.077711    0.000086  0.000025  ...  0.000012  7.684919e+06  1.738041e+09
...           ...         ...       ...  ...       ...           ...           ...
1587  1552.073164    0.000090  0.000019  ...  0.000012  7.695640e+06  1.738057e+09
1588  1552.077588    0.000089  0.000026  ...  0.000012  7.690471e+06  1.738057e+09
1589  1552.073176    0.000091  0.000019  ...  0.000012  7.699527e+06  1.738057e+09
1590  1552.077465    0.000087  0.000025  ...  0.000012  7.704613e+06  1.738057e+09
1591  1552.073120    0.000091  0.000019  ...  0.000012  7.707373e+06  1.738057e+09

[1592 rows x 13 columns]
CHANNEL_0_10
           cbragg  cbragg_err   credchi  ...  cdelta_n            cL     timestamp
0     1553.078419    0.000092  0.000018  ...  0.000012  7.701936e+06  1.738041e+09
1     1553.081994    0.000089  0.000020  ...  0.000012  7.702289e+06  1.738041e+09
2     1553.078343    0.000090  0.000017  ...  0.000012  7.723199e+06  1.738041e+09
3     1553.081915    0.000093  0.000022  ...  0.000012  7.681394e+06  1.738041e+09
4     1553.078359    0.000093  0.000019  ...  0.000012  7.724657e+06  1.738041e+09
...           ...         ...       ...  ...       ...           ...           ...
1587  1553.081835    0.000092  0.000021  ...  0.000012  7.714263e+06  1.738057e+09
1588  1553.078403    0.000093  0.000018  ...  0.000012  7.715620e+06  1.738057e+09
1589  1553.081829    0.000092  0.000021  ...  0.000012  7.708582e+06  1.738057e+09
1590  1553.078353    0.000094  0.000019  ...  0.000012  7.705186e+06  1.738057e+09
1591  1553.081786    0.000091  0.000021  ...  0.000012  7.715582e+06  1.738057e+09

[1592 rows x 13 columns]
CHANNEL_0_11
           cbragg  cbragg_err   credchi  ...  cdelta_n            cL     timestamp
0     1554.092998    0.000072  0.000013  ...  0.000012  7.645293e+06  1.738041e+09
1     1554.086413    0.000074  0.000010  ...  0.000012  7.650244e+06  1.738041e+09
2     1554.092854    0.000072  0.000013  ...  0.000012  7.629941e+06  1.738041e+09
3     1554.086316    0.000076  0.000011  ...  0.000012  7.646689e+06  1.738041e+09
4     1554.092947    0.000071  0.000012  ...  0.000012  7.636331e+06  1.738041e+09
...           ...         ...       ...  ...       ...           ...           ...
1587  1554.086394    0.000072  0.000009  ...  0.000012  7.643377e+06  1.738057e+09
1588  1554.092958    0.000069  0.000012  ...  0.000012  7.640569e+06  1.738057e+09
1589  1554.086314    0.000072  0.000009  ...  0.000012  7.641706e+06  1.738057e+09
1590  1554.092850    0.000070  0.000012  ...  0.000012  7.641792e+06  1.738057e+09
1591  1554.086352    0.000075  0.000010  ...  0.000012  7.643672e+06  1.738057e+09

[1592 rows x 13 columns]
CHANNEL_0_12
           cbragg  cbragg_err   credchi  ...  cdelta_n            cL     timestamp
0     1555.114247    0.000111  0.000050  ...  0.000012  7.512302e+06  1.738041e+09
1     1555.112862    0.000114  0.000042  ...  0.000012  7.545657e+06  1.738041e+09
2     1555.113991    0.000132  0.000073  ...  0.000012  7.737942e+06  1.738041e+09
3     1555.112457    0.000176  0.000095  ...  0.000012  7.168431e+06  1.738041e+09
4     1555.114252    0.000111  0.000050  ...  0.000012  7.509016e+06  1.738041e+09
...           ...         ...       ...  ...       ...           ...           ...
1587  1555.112763    0.000117  0.000043  ...  0.000012  7.543902e+06  1.738057e+09
1588  1555.114204    0.000146  0.000089  ...  0.000012  7.806220e+06  1.738057e+09
1589  1555.112842    0.000114  0.000041  ...  0.000012  7.580630e+06  1.738057e+09
1590  1555.114253    0.000113  0.000051  ...  0.000012  7.520564e+06  1.738057e+09
1591  1555.112843    0.000114  0.000042  ...  0.000012  7.551438e+06  1.738057e+09

[1592 rows x 13 columns]
CHANNEL_0_13
           cbragg  cbragg_err   credchi  ...  cdelta_n            cL     timestamp
0     1556.088112    0.000144  0.000037  ...  0.000012  7.690107e+06  1.738041e+09
1     1556.088746    0.000137  0.000044  ...  0.000012  7.641884e+06  1.738041e+09
2     1556.088020    0.000141  0.000036  ...  0.000012  7.672381e+06  1.738041e+09
3     1556.088659    0.000138  0.000045  ...  0.000012  7.640476e+06  1.738041e+09
4     1556.088022    0.000144  0.000037  ...  0.000012  7.686910e+06  1.738041e+09
...           ...         ...       ...  ...       ...           ...           ...
1587  1556.088440    0.000138  0.000045  ...  0.000012  7.648495e+06  1.738057e+09
1588  1556.087897    0.000142  0.000036  ...  0.000012  7.677184e+06  1.738057e+09
1589  1556.088564    0.000139  0.000046  ...  0.000012  7.646106e+06  1.738057e+09
1590  1556.087906    0.000144  0.000037  ...  0.000012  7.685250e+06  1.738057e+09
1591  1556.088471    0.000138  0.000045  ...  0.000012  7.651458e+06  1.738057e+09

[1592 rows x 13 columns]
CHANNEL_0_14
           cbragg  cbragg_err   credchi  ...  cdelta_n            cL     timestamp
0     1557.062635    0.000100  0.000046  ...  0.000012  7.727484e+06  1.738041e+09
1     1557.055736    0.000092  0.000021  ...  0.000012  7.718016e+06  1.738041e+09
2     1557.062556    0.000096  0.000042  ...  0.000012  7.626737e+06  1.738041e+09
3     1557.055667    0.000094  0.000022  ...  0.000012  7.672425e+06  1.738041e+09
4     1557.062572    0.000100  0.000045  ...  0.000012  7.700141e+06  1.738041e+09
...           ...         ...       ...  ...       ...           ...           ...
1587  1557.055546    0.000092  0.000021  ...  0.000012  7.717487e+06  1.738057e+09
1588  1557.062419    0.000130  0.000080  ...  0.000012  7.913695e+06  1.738057e+09
1589  1557.055580    0.000093  0.000021  ...  0.000012  7.719042e+06  1.738057e+09
1590  1557.062500    0.000095  0.000041  ...  0.000012  7.676784e+06  1.738057e+09
1591  1557.055528    0.000091  0.000020  ...  0.000012  7.723634e+06  1.738057e+09

[1592 rows x 13 columns]
CHANNEL_1_1
           cbragg  cbragg_err   credchi  ...  cdelta_n            cL     timestamp
0     1555.125021    0.001293  0.002671  ...  0.000012  3.519018e+06  1.738041e+09
1     1555.131500    0.000177  0.000026  ...  0.000012  2.663220e+06  1.738041e+09
2     1555.126895    0.000163  0.000018  ...  0.000012  2.537368e+06  1.738041e+09
3     1555.130073    0.000374  0.000089  ...  0.000012  2.434930e+06  1.738041e+09
4     1555.125109    0.001200  0.002268  ...  0.000012  3.459987e+06  1.738041e+09
...           ...         ...       ...  ...       ...           ...           ...
1587  1555.130333    0.000360  0.000084  ...  0.000012  2.441422e+06  1.738057e+09
1588  1555.126730    0.000087  0.000006  ...  0.000012  2.612918e+06  1.738057e+09
1589  1555.130219    0.000113  0.000010  ...  0.000012  2.587370e+06  1.738057e+09
1590  1555.126409    0.000811  0.000797  ...  0.000012  3.115852e+06  1.738057e+09
1591  1555.130077    0.000553  0.000184  ...  0.000012  2.377688e+06  1.738057e+09

[1592 rows x 13 columns]
CHANNEL_1_2
           cbragg  cbragg_err   credchi  ...  cdelta_n            cL     timestamp
0     1558.275504    0.000116  0.000020  ...  0.000012  2.832689e+06  1.738041e+09
1     1558.278627    0.000174  0.000042  ...  0.000012  2.764335e+06  1.738041e+09
2     1558.275536    0.000115  0.000019  ...  0.000012  2.825230e+06  1.738041e+09
3     1558.278394    0.000134  0.000026  ...  0.000012  2.855589e+06  1.738041e+09
4     1558.276605    0.000364  0.000225  ...  0.000012  3.014070e+06  1.738041e+09
...           ...         ...       ...  ...       ...           ...           ...
1587  1558.278514    0.000214  0.000073  ...  0.000012  2.928889e+06  1.738057e+09
1588  1558.275521    0.000156  0.000034  ...  0.000012  2.826810e+06  1.738057e+09
1589  1558.278589    0.000111  0.000018  ...  0.000012  2.813584e+06  1.738057e+09
1590  1558.274924    0.001365  0.005296  ...  0.000012  3.782660e+06  1.738057e+09
1591  1558.278499    0.000105  0.000015  ...  0.000012  2.828334e+06  1.738057e+09

[1592 rows x 13 columns]
CHANNEL_1_3
           cbragg  cbragg_err   credchi  ...  cdelta_n            cL     timestamp
0     1561.090547    0.000266  0.000126  ...  0.000012  3.047729e+06  1.738041e+09
1     1561.087180    0.000034  0.000002  ...  0.000012  2.927738e+06  1.738041e+09
2     1561.090564    0.000176  0.000052  ...  0.000012  2.880034e+06  1.738041e+09
3     1561.087238    0.000051  0.000004  ...  0.000012  2.904031e+06  1.738041e+09
4     1561.090608    0.000052  0.000005  ...  0.000012  2.934091e+06  1.738041e+09
...           ...         ...       ...  ...       ...           ...           ...
1587  1561.087027    0.000035  0.000002  ...  0.000012  2.928086e+06  1.738057e+09
1588  1561.090411    0.000580  0.000819  ...  0.000012  3.357749e+06  1.738057e+09
1589  1561.087175    0.000086  0.000011  ...  0.000012  2.892242e+06  1.738057e+09
1590  1561.089826    0.000868  0.002082  ...  0.000012  3.576298e+06  1.738057e+09
1591  1561.087101    0.000064  0.000006  ...  0.000012  2.947333e+06  1.738057e+09

[1592 rows x 13 columns]
CHANNEL_2_1
           cbragg  cbragg_err   credchi  ...  cdelta_n            cL     timestamp
0     1542.577867    0.000063  0.000003  ...  0.000012  2.748215e+06  1.738041e+09
1     1542.577435    0.000074  0.000004  ...  0.000012  2.748947e+06  1.738041e+09
2     1542.577981    0.000063  0.000004  ...  0.000012  2.748928e+06  1.738041e+09
3     1542.605862    0.016261  0.003942  ...  0.000012  1.071043e+06  1.738041e+09
4     1542.578007    0.000092  0.000003  ...  0.000012  2.751738e+06  1.738041e+09
...           ...         ...       ...  ...       ...           ...           ...
1587  1542.577479    0.000065  0.000004  ...  0.000012  2.747847e+06  1.738057e+09
1588  1542.577976    0.000056  0.000003  ...  0.000012  2.753594e+06  1.738057e+09
1589  1542.577542    0.000090  0.000004  ...  0.000012  2.747950e+06  1.738057e+09
1590  1542.577916    0.000063  0.000003  ...  0.000012  2.747415e+06  1.738057e+09
1591  1542.577459    0.000088  0.000004  ...  0.000012  2.747763e+06  1.738057e+09

[1592 rows x 13 columns]
CHANNEL_2_2
           cbragg  cbragg_err   credchi  ...  cdelta_n            cL     timestamp
0     1546.012781    0.000571  0.000361  ...  0.000012  3.022182e+06  1.738041e+09
1     1546.013665    0.000646  0.000559  ...  0.000012  3.102941e+06  1.738041e+09
2     1546.012557    0.000161  0.000019  ...  0.000012  2.655283e+06  1.738041e+09
3     1546.013480    0.000816  0.000916  ...  0.000012  3.190544e+06  1.738041e+09
4     1546.012542    0.000155  0.000018  ...  0.000012  2.664311e+06  1.738041e+09
...           ...         ...       ...  ...       ...           ...           ...
1587  1546.013031    0.000930  0.000436  ...  0.000012  2.262408e+06  1.738057e+09
1588  1546.012579    0.000149  0.000017  ...  0.000012  2.671972e+06  1.738057e+09
1589  1546.013603    0.000631  0.000465  ...  0.000012  3.025768e+06  1.738057e+09
1590  1546.011722    0.001262  0.002671  ...  0.000012  3.605659e+06  1.738057e+09
1591  1546.013482    0.001045  0.001824  ...  0.000012  3.426138e+06  1.738057e+09

[1592 rows x 13 columns]
CHANNEL_2_3
           cbragg  cbragg_err   credchi  ...  cdelta_n            cL     timestamp
0     1548.604000    0.000115  0.000013  ...  0.000012  2.881246e+06  1.738041e+09
1     1548.605974    0.001022  0.002032  ...  0.000012  3.653708e+06  1.738041e+09
2     1548.603986    0.000126  0.000016  ...  0.000012  2.856557e+06  1.738041e+09
3     1548.605864    0.000175  0.000035  ...  0.000012  2.978456e+06  1.738041e+09
4     1548.604197    0.000120  0.000015  ...  0.000012  2.863082e+06  1.738041e+09
...           ...         ...       ...  ...       ...           ...           ...
1587  1548.605836    0.001035  0.002128  ...  0.000012  3.679549e+06  1.738057e+09
1588  1548.604003    0.000371  0.000176  ...  0.000012  3.128565e+06  1.738057e+09
1589  1548.605942    0.000105  0.000012  ...  0.000012  2.896384e+06  1.738057e+09
1590  1548.603281    0.000291  0.000097  ...  0.000012  3.052431e+06  1.738057e+09
1591  1548.606054    0.000155  0.000025  ...  0.000012  2.833528e+06  1.738057e+09

[1592 rows x 13 columns]
CHANNEL_3_1
           cbragg  cbragg_err   credchi  ...  cdelta_n            cL     timestamp
0     1543.638033    0.000102  0.000022  ...  0.000012  7.846449e+06  1.738041e+09
1     1543.625012    0.000132  0.000014  ...  0.000012  7.909813e+06  1.738041e+09
2     1543.638108    0.000256  0.000023  ...  0.000012  7.838691e+06  1.738041e+09
3     1543.625101    0.000109  0.000014  ...  0.000012  7.909800e+06  1.738041e+09
4     1543.638128    0.000100  0.000022  ...  0.000012  7.856687e+06  1.738041e+09
...           ...         ...       ...  ...       ...           ...           ...
1587  1543.625149    0.000101  0.000014  ...  0.000012  7.916623e+06  1.738057e+09
1588  1543.638154    0.000128  0.000023  ...  0.000012  7.855232e+06  1.738057e+09
1589  1543.625053    0.000105  0.000014  ...  0.000012  7.910167e+06  1.738057e+09
1590  1543.638194    0.000102  0.000023  ...  0.000012  7.855124e+06  1.738057e+09
1591  1543.625162    0.000117  0.000013  ...  0.000012  7.915076e+06  1.738057e+09

[1592 rows x 13 columns]
CHANNEL_3_2
           cbragg  cbragg_err   credchi  ...  cdelta_n            cL     timestamp
0     1544.663579    0.000112  0.000028  ...  0.000012  7.877712e+06  1.738041e+09
1     1544.656677    0.000119  0.000033  ...  0.000012  7.829499e+06  1.738041e+09
2     1544.663604    0.000129  0.000028  ...  0.000012  7.882591e+06  1.738041e+09
3     1544.656709    0.000135  0.000033  ...  0.000012  7.828166e+06  1.738041e+09
4     1544.663638    0.000116  0.000028  ...  0.000012  7.880472e+06  1.738041e+09
...           ...         ...       ...  ...       ...           ...           ...
1587  1544.656778    0.000113  0.000034  ...  0.000012  7.822760e+06  1.738057e+09
1588  1544.663688    0.000131  0.000028  ...  0.000012  7.870578e+06  1.738057e+09
1589  1544.656843    0.000113  0.000034  ...  0.000012  7.823697e+06  1.738057e+09
1590  1544.663682    0.000111  0.000027  ...  0.000012  7.878749e+06  1.738057e+09
1591  1544.656796    0.000114  0.000033  ...  0.000012  7.834845e+06  1.738057e+09

[1592 rows x 13 columns]
CHANNEL_3_3
           cbragg  cbragg_err   credchi  ...  cdelta_n            cL     timestamp
0     1545.662175    0.000106  0.000034  ...  0.000012  7.612065e+06  1.738041e+09
1     1545.653486    0.000109  0.000024  ...  0.000012  7.625745e+06  1.738041e+09
2     1545.662214    0.000129  0.000052  ...  0.000012  7.799967e+06  1.738041e+09
3     1545.653516    0.000105  0.000022  ...  0.000012  7.631978e+06  1.738041e+09
4     1545.662172    0.000117  0.000042  ...  0.000012  7.742939e+06  1.738041e+09
...           ...         ...       ...  ...       ...           ...           ...
1587  1545.653655    0.000109  0.000023  ...  0.000012  7.609327e+06  1.738057e+09
1588  1545.662209    0.000119  0.000044  ...  0.000012  7.759735e+06  1.738057e+09
1589  1545.653511    0.000109  0.000023  ...  0.000012  7.617347e+06  1.738057e+09
1590  1545.662252    0.000111  0.000036  ...  0.000012  7.590319e+06  1.738057e+09
1591  1545.653513    0.000105  0.000022  ...  0.000012  7.620718e+06  1.738057e+09

[1592 rows x 13 columns]
CHANNEL_3_4
           cbragg  cbragg_err   credchi  ...  cdelta_n            cL     timestamp
0     1546.635769    0.000094  0.000022  ...  0.000012  7.769341e+06  1.738041e+09
1     1546.625489    0.000094  0.000020  ...  0.000012  7.775655e+06  1.738041e+09
2     1546.635821    0.000094  0.000022  ...  0.000012  7.787912e+06  1.738041e+09
3     1546.625516    0.000094  0.000020  ...  0.000012  7.780895e+06  1.738041e+09
4     1546.635830    0.000095  0.000022  ...  0.000012  7.775621e+06  1.738041e+09
...           ...         ...       ...  ...       ...           ...           ...
1587  1546.625738    0.000095  0.000020  ...  0.000012  7.770784e+06  1.738057e+09
1588  1546.635825    0.000095  0.000022  ...  0.000012  7.783383e+06  1.738057e+09
1589  1546.625614    0.000094  0.000019  ...  0.000012  7.769992e+06  1.738057e+09
1590  1546.635919    0.000093  0.000021  ...  0.000012  7.783480e+06  1.738057e+09
1591  1546.625663    0.000093  0.000019  ...  0.000012  7.773429e+06  1.738057e+09

[1592 rows x 13 columns]
CHANNEL_3_5
           cbragg  cbragg_err   credchi  ...  cdelta_n            cL     timestamp
0     1547.651089    0.000079  0.000014  ...  0.000012  7.610725e+06  1.738041e+09
1     1547.649038    0.000077  0.000015  ...  0.000012  7.599512e+06  1.738041e+09
2     1547.651109    0.000078  0.000014  ...  0.000012  7.612876e+06  1.738041e+09
3     1547.649096    0.000077  0.000015  ...  0.000012  7.634203e+06  1.738041e+09
4     1547.651102    0.000078  0.000014  ...  0.000012  7.608685e+06  1.738041e+09
...           ...         ...       ...  ...       ...           ...           ...
1587  1547.649105    0.000078  0.000015  ...  0.000012  7.586074e+06  1.738057e+09
1588  1547.651187    0.000082  0.000015  ...  0.000012  7.545303e+06  1.738057e+09
1589  1547.649140    0.000077  0.000015  ...  0.000012  7.593471e+06  1.738057e+09
1590  1547.651232    0.000081  0.000015  ...  0.000012  7.605182e+06  1.738057e+09
1591  1547.649255    0.000075  0.000014  ...  0.000012  7.597038e+06  1.738057e+09

[1592 rows x 13 columns]
CHANNEL_3_6
           cbragg  cbragg_err   credchi  ...  cdelta_n            cL     timestamp
0     1548.641440    0.000106  0.000035  ...  0.000012  7.862314e+06  1.738041e+09
1     1548.629635    0.000077  0.000011  ...  0.000012  7.817768e+06  1.738041e+09
2     1548.641377    0.000078  0.000020  ...  0.000012  7.813132e+06  1.738041e+09
3     1548.629584    0.000074  0.000010  ...  0.000012  7.897854e+06  1.738041e+09
4     1548.641374    0.000130  0.000057  ...  0.000012  8.109034e+06  1.738041e+09
...           ...         ...       ...  ...       ...           ...           ...
1587  1548.629803    0.000076  0.000011  ...  0.000012  7.893489e+06  1.738057e+09
1588  1548.641482    0.000079  0.000020  ...  0.000012  7.809632e+06  1.738057e+09
1589  1548.629655    0.000076  0.000011  ...  0.000012  7.858373e+06  1.738057e+09
1590  1548.641562    0.000078  0.000020  ...  0.000012  7.795952e+06  1.738057e+09
1591  1548.629729    0.000074  0.000010  ...  0.000012  7.893954e+06  1.738057e+09

[1592 rows x 13 columns]
CHANNEL_3_7
           cbragg  cbragg_err   credchi  ...  cdelta_n            cL     timestamp
0     1549.655284    0.000122  0.000025  ...  0.000012  7.283010e+06  1.738041e+09
1     1549.656470    0.000085  0.000020  ...  0.000012  7.523553e+06  1.738041e+09
2     1549.655279    0.000125  0.000027  ...  0.000012  7.307159e+06  1.738041e+09
3     1549.656498    0.000085  0.000020  ...  0.000012  7.524236e+06  1.738041e+09
4     1549.655072    0.000160  0.000042  ...  0.000012  7.166244e+06  1.738041e+09
...           ...         ...       ...  ...       ...           ...           ...
1587  1549.656602    0.000085  0.000020  ...  0.000012  7.540731e+06  1.738057e+09
1588  1549.655448    0.000088  0.000014  ...  0.000012  7.580187e+06  1.738057e+09
1589  1549.656725    0.000085  0.000020  ...  0.000012  7.518038e+06  1.738057e+09
1590  1549.655487    0.000087  0.000013  ...  0.000012  7.582775e+06  1.738057e+09
1591  1549.656651    0.000111  0.000034  ...  0.000012  7.617300e+06  1.738057e+09

[1592 rows x 13 columns]
CHANNEL_3_8
           cbragg  cbragg_err   credchi  ...  cdelta_n            cL     timestamp
0     1550.612085    0.000089  0.000019  ...  0.000012  7.631239e+06  1.738041e+09
1     1550.602860    0.000090  0.000011  ...  0.000012  7.720390e+06  1.738041e+09
2     1550.611904    0.000089  0.000019  ...  0.000012  7.635434e+06  1.738041e+09
3     1550.602909    0.000088  0.000011  ...  0.000012  7.715630e+06  1.738041e+09
4     1550.612041    0.000087  0.000018  ...  0.000012  7.628010e+06  1.738041e+09
...           ...         ...       ...  ...       ...           ...           ...
1587  1550.602727    0.000087  0.000010  ...  0.000012  7.703317e+06  1.738057e+09
1588  1550.611996    0.000089  0.000019  ...  0.000012  7.630254e+06  1.738057e+09
1589  1550.602760    0.000090  0.000011  ...  0.000012  7.705766e+06  1.738057e+09
1590  1550.611950    0.000088  0.000019  ...  0.000012  7.634166e+06  1.738057e+09
1591  1550.602762    0.000086  0.000010  ...  0.000012  7.710520e+06  1.738057e+09

[1592 rows x 13 columns]
CHANNEL_3_9
           cbragg  cbragg_err   credchi  ...  cdelta_n            cL     timestamp
0     1551.606564    0.000091  0.000012  ...  0.000012  7.698935e+06  1.738041e+09
1     1551.604037    0.000089  0.000016  ...  0.000012  7.669290e+06  1.738041e+09
2     1551.606410    0.000093  0.000013  ...  0.000012  7.705162e+06  1.738041e+09
3     1551.603909    0.000088  0.000016  ...  0.000012  7.671046e+06  1.738041e+09
4     1551.606567    0.000188  0.000045  ...  0.000012  7.199736e+06  1.738041e+09
...           ...         ...       ...  ...       ...           ...           ...
1587  1551.603862    0.000087  0.000015  ...  0.000012  7.678955e+06  1.738057e+09
1588  1551.606332    0.000093  0.000013  ...  0.000012  7.712415e+06  1.738057e+09
1589  1551.603835    0.000088  0.000016  ...  0.000012  7.654494e+06  1.738057e+09
1590  1551.606230    0.000094  0.000013  ...  0.000012  7.705357e+06  1.738057e+09
1591  1551.603850    0.000088  0.000016  ...  0.000012  7.668605e+06  1.738057e+09

[1592 rows x 13 columns]
CHANNEL_3_10
           cbragg  cbragg_err   credchi  ...  cdelta_n            cL     timestamp
0     1552.615049    0.000102  0.000017  ...  0.000012  7.776948e+06  1.738041e+09
1     1552.608417    0.000103  0.000015  ...  0.000012  7.802556e+06  1.738041e+09
2     1552.614991    0.000101  0.000017  ...  0.000012  7.767833e+06  1.738041e+09
3     1552.608387    0.000102  0.000014  ...  0.000012  7.802129e+06  1.738041e+09
4     1552.614942    0.000101  0.000017  ...  0.000012  7.774237e+06  1.738041e+09
...           ...         ...       ...  ...       ...           ...           ...
1587  1552.608181    0.000101  0.000014  ...  0.000012  7.814787e+06  1.738057e+09
1588  1552.614959    0.000103  0.000018  ...  0.000012  7.777274e+06  1.738057e+09
1589  1552.608445    0.000306  0.000110  ...  0.000012  7.007088e+06  1.738057e+09
1590  1552.614973    0.000102  0.000018  ...  0.000012  7.768532e+06  1.738057e+09
1591  1552.608109    0.000103  0.000015  ...  0.000012  7.798269e+06  1.738057e+09

[1592 rows x 13 columns]
CHANNEL_3_11
           cbragg  cbragg_err   credchi  ...  cdelta_n            cL     timestamp
0     1553.584246    0.000123  0.000034  ...  0.000012  7.966541e+06  1.738041e+09
1     1553.573578    0.000121  0.000026  ...  0.000012  7.959505e+06  1.738041e+09
2     1553.584115    0.000123  0.000034  ...  0.000012  7.955379e+06  1.738041e+09
3     1553.573448    0.000122  0.000027  ...  0.000012  7.902972e+06  1.738041e+09
4     1553.584169    0.000124  0.000034  ...  0.000012  7.975879e+06  1.738041e+09
...           ...         ...       ...  ...       ...           ...           ...
1587  1553.573383    0.000123  0.000027  ...  0.000012  7.955861e+06  1.738057e+09
1588  1553.584204    0.000124  0.000034  ...  0.000012  7.957724e+06  1.738057e+09
1589  1553.573493    0.000123  0.000027  ...  0.000012  7.959457e+06  1.738057e+09
1590  1553.584092    0.000124  0.000034  ...  0.000012  7.973334e+06  1.738057e+09
1591  1553.573550    0.000121  0.000026  ...  0.000012  7.978504e+06  1.738057e+09

[1592 rows x 13 columns]
CHANNEL_3_12
           cbragg  cbragg_err   credchi  ...  cdelta_n            cL     timestamp
0     1554.557539    0.000093  0.000017  ...  0.000012  7.829248e+06  1.738041e+09
1     1554.552813    0.000276  0.000095  ...  0.000012  7.073965e+06  1.738041e+09
2     1554.557435    0.000095  0.000017  ...  0.000012  7.819524e+06  1.738041e+09
3     1554.552934    0.000103  0.000016  ...  0.000012  7.895293e+06  1.738041e+09
4     1554.557549    0.000094  0.000017  ...  0.000012  7.822864e+06  1.738041e+09
...           ...         ...       ...  ...       ...           ...           ...
1587  1554.552674    0.000097  0.000014  ...  0.000012  7.845487e+06  1.738057e+09
1588  1554.557475    0.000095  0.000017  ...  0.000012  7.818577e+06  1.738057e+09
1589  1554.552798    0.000097  0.000014  ...  0.000012  7.845600e+06  1.738057e+09
1590  1554.557572    0.000095  0.000017  ...  0.000012  7.797454e+06  1.738057e+09
1591  1554.552902    0.000097  0.000014  ...  0.000012  7.851205e+06  1.738057e+09

[1592 rows x 13 columns]
CHANNEL_3_13
           cbragg  cbragg_err   credchi  ...  cdelta_n            cL     timestamp
0     1555.565485    0.000087  0.000012  ...  0.000012  7.631359e+06  1.738041e+09
1     1555.559767    0.000088  0.000013  ...  0.000012  7.593982e+06  1.738041e+09
2     1555.565391    0.000088  0.000012  ...  0.000012  7.634274e+06  1.738041e+09
3     1555.559722    0.000088  0.000013  ...  0.000012  7.587104e+06  1.738041e+09
4     1555.565424    0.000087  0.000012  ...  0.000012  7.633228e+06  1.738041e+09
...           ...         ...       ...  ...       ...           ...           ...
1587  1555.559664    0.000086  0.000013  ...  0.000012  7.581782e+06  1.738057e+09
1588  1555.565339    0.000088  0.000012  ...  0.000012  7.622229e+06  1.738057e+09
1589  1555.559627    0.000087  0.000013  ...  0.000012  7.584458e+06  1.738057e+09
1590  1555.565329    0.000088  0.000012  ...  0.000012  7.625935e+06  1.738057e+09
1591  1555.559616    0.000087  0.000013  ...  0.000012  7.584785e+06  1.738057e+09

[1592 rows x 13 columns]
CHANNEL_3_14
           cbragg  cbragg_err   credchi  ...  cdelta_n            cL     timestamp
0     1556.519701    0.000186  0.000076  ...  0.000012  7.755405e+06  1.738041e+09
1     1556.513263    0.000186  0.000049  ...  0.000012  7.802416e+06  1.738041e+09
2     1556.519674    0.000202  0.000086  ...  0.000012  7.452978e+06  1.738041e+09
3     1556.513265    0.000181  0.000046  ...  0.000012  7.800645e+06  1.738041e+09
4     1556.519776    0.000200  0.000084  ...  0.000012  7.458878e+06  1.738041e+09
...           ...         ...       ...  ...       ...           ...           ...
1587  1556.513010    0.000187  0.000049  ...  0.000012  7.795697e+06  1.738057e+09
1588  1556.519576    0.000184  0.000074  ...  0.000012  7.737595e+06  1.738057e+09
1589  1556.513020    0.000185  0.000048  ...  0.000012  7.796034e+06  1.738057e+09
1590  1556.519546    0.000187  0.000077  ...  0.000012  7.741227e+06  1.738057e+09
1591  1556.513016    0.000187  0.000049  ...  0.000012  7.800397e+06  1.738057e+09

[1592 rows x 13 columns]
