000 (11451992.427.000) 01/28 14:31:49 Job submitted from host: <188.185.114.121:9618?addrs=188.185.114.121-9618+[2001-1458-d00-a--100-273]-9618&alias=bigbird19.cern.ch&noUDP&sock=schedd_2045_4743>
...
040 (11451992.427.000) 01/28 16:19:37 Started transferring input files
	Transferring to host: <188.185.193.120:9618?addrs=188.185.193.120-9618+[2001-1458-303-20--100-74]-9618&alias=b9p19p7803.cern.ch&noUDP&sock=slot1_15_4114317_4664_56591>
...
040 (11451992.427.000) 01/28 16:19:37 Finished transferring input files
...
001 (11451992.427.000) 01/28 16:19:38 Job executing on host: <188.185.193.120:9618?addrs=188.185.193.120-9618+[2001-1458-303-20--100-74]-9618&alias=b9p19p7803.cern.ch&noUDP&sock=startd_11080_8971>
	SlotName: slot1_15@b9p19p7803.cern.ch
	CondorScratchDir = "/pool/condor/dir_1530770"
	Cpus = 1
	Disk = 3930
	GPUs = 0
	Memory = 3000
...
006 (11451992.427.000) 01/28 16:19:46 Image size of job updated: 59236
	58  -  MemoryUsage of job (MB)
	59236  -  ResidentSetSize of job (KB)
...
006 (11451992.427.000) 01/28 16:24:46 Image size of job updated: 173468
	170  -  MemoryUsage of job (MB)
	173468  -  ResidentSetSize of job (KB)
...
006 (11451992.427.000) 01/28 16:29:47 Image size of job updated: 176668
	173  -  MemoryUsage of job (MB)
	176668  -  ResidentSetSize of job (KB)
...
006 (11451992.427.000) 01/28 16:34:48 Image size of job updated: 181812
	178  -  MemoryUsage of job (MB)
	181812  -  ResidentSetSize of job (KB)
...
006 (11451992.427.000) 01/28 16:39:48 Image size of job updated: 185192
	181  -  MemoryUsage of job (MB)
	185192  -  ResidentSetSize of job (KB)
...
006 (11451992.427.000) 01/28 16:44:49 Image size of job updated: 188448
	185  -  MemoryUsage of job (MB)
	188448  -  ResidentSetSize of job (KB)
...
006 (11451992.427.000) 01/28 16:49:50 Image size of job updated: 192128
	188  -  MemoryUsage of job (MB)
	192128  -  ResidentSetSize of job (KB)
...
006 (11451992.427.000) 01/28 16:54:50 Image size of job updated: 195248
	191  -  MemoryUsage of job (MB)
	195248  -  ResidentSetSize of job (KB)
...
006 (11451992.427.000) 01/28 16:59:50 Image size of job updated: 198588
	194  -  MemoryUsage of job (MB)
	198588  -  ResidentSetSize of job (KB)
...
006 (11451992.427.000) 01/28 17:04:51 Image size of job updated: 201832
	198  -  MemoryUsage of job (MB)
	201832  -  ResidentSetSize of job (KB)
...
006 (11451992.427.000) 01/28 17:09:51 Image size of job updated: 204648
	200  -  MemoryUsage of job (MB)
	204648  -  ResidentSetSize of job (KB)
...
006 (11451992.427.000) 01/28 17:14:51 Image size of job updated: 208228
	204  -  MemoryUsage of job (MB)
	208228  -  ResidentSetSize of job (KB)
...
006 (11451992.427.000) 01/28 17:19:52 Image size of job updated: 211172
	207  -  MemoryUsage of job (MB)
	211172  -  ResidentSetSize of job (KB)
...
006 (11451992.427.000) 01/28 17:24:52 Image size of job updated: 220128
	215  -  MemoryUsage of job (MB)
	220128  -  ResidentSetSize of job (KB)
...
006 (11451992.427.000) 01/28 17:29:52 Image size of job updated: 229888
	225  -  MemoryUsage of job (MB)
	229888  -  ResidentSetSize of job (KB)
...
006 (11451992.427.000) 01/28 17:34:53 Image size of job updated: 234092
	229  -  MemoryUsage of job (MB)
	234092  -  ResidentSetSize of job (KB)
...
006 (11451992.427.000) 01/28 17:39:54 Image size of job updated: 236296
	231  -  MemoryUsage of job (MB)
	236296  -  ResidentSetSize of job (KB)
...
006 (11451992.427.000) 01/28 17:44:54 Image size of job updated: 236424
	231  -  MemoryUsage of job (MB)
	236424  -  ResidentSetSize of job (KB)
...
006 (11451992.427.000) 01/28 17:49:55 Image size of job updated: 237424
	232  -  MemoryUsage of job (MB)
	237424  -  ResidentSetSize of job (KB)
...
006 (11451992.427.000) 01/28 17:54:56 Image size of job updated: 237792
	233  -  MemoryUsage of job (MB)
	237792  -  ResidentSetSize of job (KB)
...
006 (11451992.427.000) 01/28 17:59:56 Image size of job updated: 239344
	234  -  MemoryUsage of job (MB)
	239344  -  ResidentSetSize of job (KB)
...
006 (11451992.427.000) 01/28 18:04:56 Image size of job updated: 242180
	237  -  MemoryUsage of job (MB)
	242180  -  ResidentSetSize of job (KB)
...
006 (11451992.427.000) 01/28 18:09:57 Image size of job updated: 243120
	238  -  MemoryUsage of job (MB)
	243120  -  ResidentSetSize of job (KB)
...
006 (11451992.427.000) 01/28 18:14:57 Image size of job updated: 243564
	238  -  MemoryUsage of job (MB)
	243564  -  ResidentSetSize of job (KB)
...
006 (11451992.427.000) 01/28 18:19:57 Image size of job updated: 244468
	239  -  MemoryUsage of job (MB)
	244468  -  ResidentSetSize of job (KB)
...
006 (11451992.427.000) 01/28 18:24:58 Image size of job updated: 247128
	242  -  MemoryUsage of job (MB)
	247128  -  ResidentSetSize of job (KB)
...
006 (11451992.427.000) 01/28 18:29:59 Image size of job updated: 250472
	245  -  MemoryUsage of job (MB)
	250472  -  ResidentSetSize of job (KB)
...
006 (11451992.427.000) 01/28 18:34:59 Image size of job updated: 254016
	249  -  MemoryUsage of job (MB)
	254016  -  ResidentSetSize of job (KB)
...
006 (11451992.427.000) 01/28 18:40:00 Image size of job updated: 256716
	251  -  MemoryUsage of job (MB)
	256716  -  ResidentSetSize of job (KB)
...
006 (11451992.427.000) 01/28 18:45:01 Image size of job updated: 259184
	254  -  MemoryUsage of job (MB)
	259184  -  ResidentSetSize of job (KB)
...
006 (11451992.427.000) 01/28 18:50:01 Image size of job updated: 261776
	256  -  MemoryUsage of job (MB)
	261776  -  ResidentSetSize of job (KB)
...
006 (11451992.427.000) 01/28 18:55:02 Image size of job updated: 265176
	259  -  MemoryUsage of job (MB)
	265176  -  ResidentSetSize of job (KB)
...
006 (11451992.427.000) 01/28 19:00:03 Image size of job updated: 267076
	261  -  MemoryUsage of job (MB)
	267076  -  ResidentSetSize of job (KB)
...
006 (11451992.427.000) 01/28 19:05:03 Image size of job updated: 268900
	263  -  MemoryUsage of job (MB)
	268900  -  ResidentSetSize of job (KB)
...
006 (11451992.427.000) 01/28 19:10:03 Image size of job updated: 270880
	265  -  MemoryUsage of job (MB)
	270880  -  ResidentSetSize of job (KB)
...
006 (11451992.427.000) 01/28 19:15:04 Image size of job updated: 273468
	268  -  MemoryUsage of job (MB)
	273468  -  ResidentSetSize of job (KB)
...
006 (11451992.427.000) 01/28 19:20:04 Image size of job updated: 275984
	270  -  MemoryUsage of job (MB)
	275984  -  ResidentSetSize of job (KB)
...
006 (11451992.427.000) 01/28 19:25:04 Image size of job updated: 277544
	272  -  MemoryUsage of job (MB)
	277544  -  ResidentSetSize of job (KB)
...
040 (11451992.427.000) 01/28 19:27:58 Started transferring output files
...
040 (11451992.427.000) 01/28 19:27:59 Finished transferring output files
...
005 (11451992.427.000) 01/28 19:27:59 Job terminated.
	(1) Normal termination (return value 0)
		Usr 0 03:02:33, Sys 0 00:00:57  -  Run Remote Usage
		Usr 0 00:00:00, Sys 0 00:00:00  -  Run Local Usage
		Usr 0 03:02:33, Sys 0 00:00:57  -  Total Remote Usage
		Usr 0 00:00:00, Sys 0 00:00:00  -  Total Local Usage
	40692  -  Run Bytes Sent By Job
	5797  -  Run Bytes Received By Job
	40692  -  Total Bytes Sent By Job
	5797  -  Total Bytes Received By Job
	Partitionable Resources :    Usage  Request Allocated 
	   Cpus                 :     0.96        1         1 
	   Disk (KB)            :    68          10      3930 
	   GPUs                 :                           0 
	   Memory (MB)          :   272        3000      3000 

	Job terminated of its own accord at 2025-01-28T18:27:58Z with exit-code 0.
...
