CHANNEL_0_1
           cbragg  cbragg_err   credchi  ...  cdelta_n            cL     timestamp
0     1544.199783    0.000251  0.000045  ...  0.000012  7.699225e+06  1.737168e+09
1     1544.207500    0.000146  0.000043  ...  0.000012  7.722013e+06  1.737168e+09
2     1544.199720    0.000172  0.000044  ...  0.000012  7.700854e+06  1.737168e+09
3     1544.207538    0.000100  0.000045  ...  0.000012  7.707000e+06  1.737168e+09
4     1544.199620    0.000272  0.000045  ...  0.000012  7.701136e+06  1.737168e+09
...           ...         ...       ...  ...       ...           ...           ...
1587  1544.209525    0.000098  0.000046  ...  0.000012  7.716903e+06  1.737183e+09
1588  1544.200677    0.000097  0.000043  ...  0.000012  7.725664e+06  1.737183e+09
1589  1544.209605    0.000123  0.000045  ...  0.000012  7.727283e+06  1.737183e+09
1590  1544.200800    0.000104  0.000043  ...  0.000012  7.709887e+06  1.737183e+09
1591  1544.209643    0.000186  0.000047  ...  0.000012  7.719312e+06  1.737183e+09

[1592 rows x 13 columns]
CHANNEL_0_2
           cbragg  cbragg_err   credchi  ...  cdelta_n            cL     timestamp
0     1545.154456    0.000085  0.000014  ...  0.000012  7.703870e+06  1.737168e+09
1     1545.159534    0.000082  0.000015  ...  0.000012  7.674463e+06  1.737168e+09
2     1545.154412    0.000089  0.000014  ...  0.000012  7.704084e+06  1.737168e+09
3     1545.159386    0.000109  0.000016  ...  0.000012  7.683180e+06  1.737168e+09
4     1545.154469    0.000085  0.000015  ...  0.000012  7.710548e+06  1.737168e+09
...           ...         ...       ...  ...       ...           ...           ...
1587  1545.160552    0.000083  0.000015  ...  0.000012  7.678416e+06  1.737183e+09
1588  1545.156465    0.000085  0.000015  ...  0.000012  7.685412e+06  1.737183e+09
1589  1545.160598    0.000096  0.000016  ...  0.000012  7.682318e+06  1.737183e+09
1590  1545.156616    0.000087  0.000015  ...  0.000012  7.694460e+06  1.737183e+09
1591  1545.160692    0.000084  0.000015  ...  0.000012  7.685847e+06  1.737183e+09

[1592 rows x 13 columns]
CHANNEL_0_3
           cbragg  cbragg_err   credchi  ...  cdelta_n            cL     timestamp
0     1546.136515    0.000104  0.000037  ...  0.000012  7.682776e+06  1.737168e+09
1     1546.146648    0.000107  0.000048  ...  0.000012  7.690577e+06  1.737168e+09
2     1546.136528    0.000104  0.000036  ...  0.000012  7.695046e+06  1.737168e+09
3     1546.146571    0.000109  0.000049  ...  0.000012  7.677481e+06  1.737168e+09
4     1546.136537    0.000105  0.000038  ...  0.000012  7.681470e+06  1.737168e+09
...           ...         ...       ...  ...       ...           ...           ...
1587  1546.148019    0.000108  0.000050  ...  0.000012  7.686544e+06  1.737183e+09
1588  1546.137449    0.000105  0.000036  ...  0.000012  7.769335e+06  1.737183e+09
1589  1546.148140    0.000113  0.000054  ...  0.000012  7.677131e+06  1.737183e+09
1590  1546.137493    0.000103  0.000034  ...  0.000012  7.704258e+06  1.737183e+09
1591  1546.148151    0.000107  0.000050  ...  0.000012  7.679385e+06  1.737183e+09

[1592 rows x 13 columns]
CHANNEL_0_4
           cbragg  cbragg_err   credchi  ...  cdelta_n            cL     timestamp
0     1547.132585    0.000115  0.000045  ...  0.000012  7.883682e+06  1.737168e+09
1     1547.137808    0.000114  0.000050  ...  0.000012  7.856061e+06  1.737168e+09
2     1547.132439    0.000116  0.000045  ...  0.000012  7.879062e+06  1.737168e+09
3     1547.137743    0.000200  0.000154  ...  0.000012  8.160076e+06  1.737168e+09
4     1547.132516    0.000119  0.000048  ...  0.000012  7.946915e+06  1.737168e+09
...           ...         ...       ...  ...       ...           ...           ...
1587  1547.138633    0.000116  0.000050  ...  0.000012  7.845619e+06  1.737183e+09
1588  1547.134303    0.000117  0.000047  ...  0.000012  7.884882e+06  1.737183e+09
1589  1547.138635    0.000120  0.000054  ...  0.000012  7.903867e+06  1.737183e+09
1590  1547.134363    0.000117  0.000049  ...  0.000012  7.921512e+06  1.737183e+09
1591  1547.138689    0.000116  0.000050  ...  0.000012  7.840421e+06  1.737183e+09

[1592 rows x 13 columns]
CHANNEL_0_5
           cbragg  cbragg_err   credchi  ...  cdelta_n            cL     timestamp
0     1548.107690    0.000111  0.000062  ...  0.000012  7.856474e+06  1.737168e+09
1     1548.113007    0.000123  0.000063  ...  0.000012  7.948469e+06  1.737168e+09
2     1548.107668    0.000093  0.000042  ...  0.000012  7.647285e+06  1.737168e+09
3     1548.113079    0.000093  0.000034  ...  0.000012  7.685838e+06  1.737168e+09
4     1548.107781    0.000093  0.000042  ...  0.000012  7.670049e+06  1.737168e+09
...           ...         ...       ...  ...       ...           ...           ...
1587  1548.115420    0.000093  0.000034  ...  0.000012  7.696107e+06  1.737183e+09
1588  1548.109036    0.000091  0.000039  ...  0.000012  7.673658e+06  1.737183e+09
1589  1548.115334    0.000094  0.000035  ...  0.000012  7.687152e+06  1.737183e+09
1590  1548.109065    0.000092  0.000040  ...  0.000012  7.684222e+06  1.737183e+09
1591  1548.115464    0.000093  0.000035  ...  0.000012  7.681758e+06  1.737183e+09

[1592 rows x 13 columns]
CHANNEL_0_6
           cbragg  cbragg_err   credchi  ...  cdelta_n            cL     timestamp
0     1549.084143    0.000074  0.000021  ...  0.000012  7.603948e+06  1.737168e+09
1     1549.097140    0.000082  0.000042  ...  0.000012  7.494531e+06  1.737168e+09
2     1549.084153    0.000096  0.000037  ...  0.000012  7.793182e+06  1.737168e+09
3     1549.097146    0.000083  0.000043  ...  0.000012  7.502634e+06  1.737168e+09
4     1549.084178    0.000123  0.000061  ...  0.000012  7.898363e+06  1.737168e+09
...           ...         ...       ...  ...       ...           ...           ...
1587  1549.098627    0.000081  0.000040  ...  0.000012  7.489485e+06  1.737183e+09
1588  1549.086589    0.000075  0.000022  ...  0.000012  7.579991e+06  1.737183e+09
1589  1549.098640    0.000082  0.000041  ...  0.000012  7.486597e+06  1.737183e+09
1590  1549.086813    0.000076  0.000023  ...  0.000012  7.578630e+06  1.737183e+09
1591  1549.098827    0.000081  0.000040  ...  0.000012  7.491787e+06  1.737183e+09

[1592 rows x 13 columns]
CHANNEL_0_7
           cbragg  cbragg_err   credchi  ...  cdelta_n            cL     timestamp
0     1550.090447    0.000120  0.000042  ...  0.000012  7.623417e+06  1.737168e+09
1     1550.094671    0.000120  0.000045  ...  0.000012  7.624546e+06  1.737168e+09
2     1550.090601    0.000120  0.000042  ...  0.000012  7.635569e+06  1.737168e+09
3     1550.094843    0.000119  0.000045  ...  0.000012  7.624635e+06  1.737168e+09
4     1550.090529    0.000120  0.000042  ...  0.000012  7.626409e+06  1.737168e+09
...           ...         ...       ...  ...       ...           ...           ...
1587  1550.096637    0.000125  0.000050  ...  0.000012  7.753077e+06  1.737183e+09
1588  1550.092266    0.000120  0.000043  ...  0.000012  7.621628e+06  1.737183e+09
1589  1550.096742    0.000117  0.000043  ...  0.000012  7.637019e+06  1.737183e+09
1590  1550.092466    0.000120  0.000043  ...  0.000012  7.618123e+06  1.737183e+09
1591  1550.096887    0.000118  0.000044  ...  0.000012  7.639813e+06  1.737183e+09

[1592 rows x 13 columns]
CHANNEL_0_8
           cbragg  cbragg_err   credchi  ...  cdelta_n            cL     timestamp
0     1551.064426    0.000070  0.000015  ...  0.000012  7.627121e+06  1.737168e+09
1     1551.072750    0.000106  0.000037  ...  0.000012  7.809488e+06  1.737168e+09
2     1551.064435    0.000071  0.000016  ...  0.000012  7.627033e+06  1.737168e+09
3     1551.072775    0.000076  0.000019  ...  0.000012  7.727608e+06  1.737168e+09
4     1551.064453    0.000070  0.000015  ...  0.000012  7.627392e+06  1.737168e+09
...           ...         ...       ...  ...       ...           ...           ...
1587  1551.076513    0.000071  0.000017  ...  0.000012  7.654980e+06  1.737183e+09
1588  1551.067725    0.000070  0.000015  ...  0.000012  7.640771e+06  1.737183e+09
1589  1551.076633    0.000071  0.000017  ...  0.000012  7.652117e+06  1.737183e+09
1590  1551.067938    0.000118  0.000045  ...  0.000012  7.914937e+06  1.737183e+09
1591  1551.076642    0.000073  0.000018  ...  0.000012  7.643816e+06  1.737183e+09

[1592 rows x 13 columns]
CHANNEL_0_9
           cbragg  cbragg_err   credchi  ...  cdelta_n            cL     timestamp
0     1552.045485    0.000088  0.000016  ...  0.000012  7.747908e+06  1.737168e+09
1     1552.056971    0.000084  0.000025  ...  0.000012  7.730158e+06  1.737168e+09
2     1552.045451    0.000112  0.000024  ...  0.000012  7.495966e+06  1.737168e+09
3     1552.056931    0.000084  0.000025  ...  0.000012  7.729434e+06  1.737168e+09
4     1552.045391    0.000085  0.000014  ...  0.000012  7.750833e+06  1.737168e+09
...           ...         ...       ...  ...       ...           ...           ...
1587  1552.060483    0.000079  0.000022  ...  0.000012  7.731655e+06  1.737183e+09
1588  1552.048938    0.000085  0.000014  ...  0.000012  7.772625e+06  1.737183e+09
1589  1552.060556    0.000082  0.000024  ...  0.000012  7.736619e+06  1.737183e+09
1590  1552.049092    0.000089  0.000016  ...  0.000012  7.698305e+06  1.737183e+09
1591  1552.060628    0.000085  0.000026  ...  0.000012  7.726870e+06  1.737183e+09

[1592 rows x 13 columns]
CHANNEL_0_10
           cbragg  cbragg_err   credchi  ...  cdelta_n            cL     timestamp
0     1553.055273    0.000093  0.000020  ...  0.000012  7.640384e+06  1.737168e+09
1     1553.058639    0.000090  0.000017  ...  0.000012  7.682423e+06  1.737168e+09
2     1553.055268    0.000092  0.000019  ...  0.000012  7.669216e+06  1.737168e+09
3     1553.058566    0.000091  0.000017  ...  0.000012  7.683369e+06  1.737168e+09
4     1553.055300    0.000093  0.000020  ...  0.000012  7.673145e+06  1.737168e+09
...           ...         ...       ...  ...       ...           ...           ...
1587  1553.062089    0.000095  0.000018  ...  0.000012  7.697487e+06  1.737183e+09
1588  1553.059003    0.000093  0.000020  ...  0.000012  7.688364e+06  1.737183e+09
1589  1553.062220    0.000120  0.000028  ...  0.000012  7.462130e+06  1.737183e+09
1590  1553.059205    0.000093  0.000021  ...  0.000012  7.693062e+06  1.737183e+09
1591  1553.062355    0.000155  0.000045  ...  0.000012  7.335244e+06  1.737183e+09

[1592 rows x 13 columns]
CHANNEL_0_11
           cbragg  cbragg_err   credchi  ...  cdelta_n            cL     timestamp
0     1554.059721    0.000069  0.000008  ...  0.000012  7.710242e+06  1.737168e+09
1     1554.072129    0.000069  0.000013  ...  0.000012  7.662453e+06  1.737168e+09
2     1554.059476    0.000074  0.000009  ...  0.000012  7.708989e+06  1.737168e+09
3     1554.072085    0.000069  0.000013  ...  0.000012  7.679528e+06  1.737168e+09
4     1554.059566    0.000071  0.000009  ...  0.000012  7.727638e+06  1.737168e+09
...           ...         ...       ...  ...       ...           ...           ...
1587  1554.075673    0.000075  0.000016  ...  0.000012  7.757285e+06  1.737183e+09
1588  1554.063224    0.000072  0.000008  ...  0.000012  7.720310e+06  1.737183e+09
1589  1554.075644    0.000071  0.000014  ...  0.000012  7.678998e+06  1.737183e+09
1590  1554.063390    0.000070  0.000008  ...  0.000012  7.707430e+06  1.737183e+09
1591  1554.075734    0.000067  0.000012  ...  0.000012  7.666955e+06  1.737183e+09

[1592 rows x 13 columns]
CHANNEL_0_12
           cbragg  cbragg_err   credchi  ...  cdelta_n            cL     timestamp
0     1555.086305    0.000132  0.000053  ...  0.000012  7.615670e+06  1.737168e+09
1     1555.093670    0.000111  0.000046  ...  0.000012  7.555363e+06  1.737168e+09
2     1555.086304    0.000112  0.000039  ...  0.000012  7.575592e+06  1.737168e+09
3     1555.093601    0.000113  0.000048  ...  0.000012  7.547323e+06  1.737168e+09
4     1555.086339    0.000113  0.000039  ...  0.000012  7.546240e+06  1.737168e+09
...           ...         ...       ...  ...       ...           ...           ...
1587  1555.096931    0.000111  0.000045  ...  0.000012  7.576735e+06  1.737183e+09
1588  1555.090304    0.000123  0.000050  ...  0.000012  7.690058e+06  1.737183e+09
1589  1555.096958    0.000123  0.000055  ...  0.000012  7.634611e+06  1.737183e+09
1590  1555.090430    0.000114  0.000042  ...  0.000012  7.562424e+06  1.737183e+09
1591  1555.097030    0.000114  0.000047  ...  0.000012  7.564097e+06  1.737183e+09

[1592 rows x 13 columns]
CHANNEL_0_13
           cbragg  cbragg_err   credchi  ...  cdelta_n            cL     timestamp
0     1556.062224    0.000136  0.000041  ...  0.000012  7.670391e+06  1.737168e+09
1     1556.068837    0.000137  0.000035  ...  0.000012  7.663433e+06  1.737168e+09
2     1556.062171    0.000133  0.000040  ...  0.000012  7.664048e+06  1.737168e+09
3     1556.068671    0.000134  0.000033  ...  0.000012  7.701739e+06  1.737168e+09
4     1556.062185    0.000134  0.000041  ...  0.000012  7.680545e+06  1.737168e+09
...           ...         ...       ...  ...       ...           ...           ...
1587  1556.072783    0.000135  0.000036  ...  0.000012  7.716564e+06  1.737183e+09
1588  1556.064984    0.000182  0.000067  ...  0.000012  7.324041e+06  1.737183e+09
1589  1556.072866    0.000138  0.000038  ...  0.000012  7.705125e+06  1.737183e+09
1590  1556.065149    0.000139  0.000041  ...  0.000012  7.569318e+06  1.737183e+09
1591  1556.072982    0.000137  0.000038  ...  0.000012  7.694198e+06  1.737183e+09

[1592 rows x 13 columns]
CHANNEL_0_14
           cbragg  cbragg_err   credchi  ...  cdelta_n            cL     timestamp
0     1557.029859    0.000090  0.000021  ...  0.000012  7.762232e+06  1.737168e+09
1     1557.040919    0.000095  0.000036  ...  0.000012  7.671988e+06  1.737168e+09
2     1557.029671    0.000093  0.000022  ...  0.000012  7.750240e+06  1.737168e+09
3     1557.040807    0.000096  0.000037  ...  0.000012  7.668470e+06  1.737168e+09
4     1557.029750    0.000092  0.000022  ...  0.000012  7.751658e+06  1.737168e+09
...           ...         ...       ...  ...       ...           ...           ...
1587  1557.044275    0.000097  0.000037  ...  0.000012  7.712921e+06  1.737183e+09
1588  1557.033908    0.000092  0.000023  ...  0.000012  7.772803e+06  1.737183e+09
1589  1557.044367    0.000094  0.000035  ...  0.000012  7.677318e+06  1.737183e+09
1590  1557.034059    0.000094  0.000023  ...  0.000012  7.651739e+06  1.737183e+09
1591  1557.044399    0.000161  0.000100  ...  0.000012  7.895870e+06  1.737183e+09

[1592 rows x 13 columns]
CHANNEL_1_1
           cbragg  cbragg_err   credchi  ...  cdelta_n            cL     timestamp
0     1555.117222    0.000812  0.000818  ...  0.000012  3.101514e+06  1.737168e+09
1     1555.119720    0.000115  0.000010  ...  0.000012  2.621904e+06  1.737168e+09
2     1555.117060    0.000113  0.000010  ...  0.000012  2.600189e+06  1.737168e+09
3     1555.119451    0.000138  0.000015  ...  0.000012  2.605941e+06  1.737168e+09
4     1555.117413    0.001028  0.001579  ...  0.000012  3.317790e+06  1.737168e+09
...           ...         ...       ...  ...       ...           ...           ...
1587  1555.122043    0.000133  0.000014  ...  0.000012  2.649932e+06  1.737183e+09
1588  1555.119574    0.000108  0.000009  ...  0.000012  2.602482e+06  1.737183e+09
1589  1555.122336    0.000189  0.000031  ...  0.000012  2.712147e+06  1.737183e+09
1590  1555.118987    0.000152  0.000019  ...  0.000012  2.668761e+06  1.737183e+09
1591  1555.122302    0.000117  0.000011  ...  0.000012  2.610315e+06  1.737183e+09

[1592 rows x 13 columns]
CHANNEL_1_2
           cbragg  cbragg_err   credchi  ...  cdelta_n            cL     timestamp
0     1558.266973    0.001169  0.003276  ...  0.000012  3.535075e+06  1.737168e+09
1     1558.266714    0.000910  0.002096  ...  0.000012  3.468419e+06  1.737168e+09
2     1558.266982    0.001014  0.002736  ...  0.000012  3.561730e+06  1.737168e+09
3     1558.268118    0.000112  0.000018  ...  0.000012  2.804003e+06  1.737168e+09
4     1558.267708    0.000186  0.000046  ...  0.000012  2.730485e+06  1.737168e+09
...           ...         ...       ...  ...       ...           ...           ...
1587  1558.269690    0.000115  0.000019  ...  0.000012  2.807389e+06  1.737183e+09
1588  1558.268803    0.000558  0.000645  ...  0.000012  3.188630e+06  1.737183e+09
1589  1558.269283    0.000757  0.001270  ...  0.000012  3.298283e+06  1.737183e+09
1590  1558.269314    0.000380  0.000232  ...  0.000012  2.972265e+06  1.737183e+09
1591  1558.269937    0.000344  0.000142  ...  0.000012  2.622297e+06  1.737183e+09

[1592 rows x 13 columns]
CHANNEL_1_3
           cbragg  cbragg_err   credchi  ...  cdelta_n            cL     timestamp
0     1561.085220    0.001011  0.002572  ...  0.000012  3.603101e+06  1.737168e+09
1     1561.085120    0.000073  0.000008  ...  0.000012  2.903737e+06  1.737168e+09
2     1561.084706    0.000039  0.000002  ...  0.000012  2.947197e+06  1.737168e+09
3     1561.085125    0.000136  0.000027  ...  0.000012  2.847667e+06  1.737168e+09
4     1561.084682    0.000228  0.000078  ...  0.000012  2.857168e+06  1.737168e+09
...           ...         ...       ...  ...       ...           ...           ...
1587  1561.086120    0.000204  0.000059  ...  0.000012  2.806035e+06  1.737183e+09
1588  1561.085986    0.000221  0.000071  ...  0.000012  2.813992e+06  1.737183e+09
1589  1561.086360    0.000040  0.000003  ...  0.000012  2.939090e+06  1.737183e+09
1590  1561.086178    0.000076  0.000009  ...  0.000012  2.905831e+06  1.737183e+09
1591  1561.086272    0.000128  0.000025  ...  0.000012  2.854359e+06  1.737183e+09

[1592 rows x 13 columns]
CHANNEL_2_1
           cbragg  cbragg_err   credchi  ...  cdelta_n            cL     timestamp
0     1542.569027    0.000059  0.000003  ...  0.000012  2.754657e+06  1.737168e+09
1     1542.571719    0.000053  0.000002  ...  0.000012  2.755032e+06  1.737168e+09
2     1542.568993    0.000207  0.000003  ...  0.000012  2.755204e+06  1.737168e+09
3     1542.571657    0.000062  0.000002  ...  0.000012  2.754273e+06  1.737168e+09
4     1542.568923    0.000052  0.000002  ...  0.000012  2.757414e+06  1.737168e+09
...           ...         ...       ...  ...       ...           ...           ...
1587  1542.572342    0.000053  0.000002  ...  0.000012  2.754213e+06  1.737183e+09
1588  1542.567539    0.012239  0.003844  ...  0.000012  1.080533e+06  1.737183e+09
1589  1542.572546    0.000050  0.000002  ...  0.000012  2.755026e+06  1.737183e+09
1590  1542.570286    0.000053  0.000002  ...  0.000012  2.756662e+06  1.737183e+09
1591  1542.572888    0.000050  0.000002  ...  0.000012  2.755640e+06  1.737183e+09

[1592 rows x 13 columns]
CHANNEL_2_2
           cbragg  cbragg_err   credchi  ...  cdelta_n            cL     timestamp
0     1546.006176    0.000503  0.000278  ...  0.000012  2.990273e+06  1.737168e+09
1     1546.004539    0.000145  0.000016  ...  0.000012  2.655046e+06  1.737168e+09
2     1546.004868    0.001189  0.002381  ...  0.000012  3.569419e+06  1.737168e+09
3     1546.005203    0.000841  0.000331  ...  0.000012  2.285153e+06  1.737168e+09
4     1546.006026    0.000216  0.000040  ...  0.000012  2.753471e+06  1.737168e+09
...           ...         ...       ...  ...       ...           ...           ...
1587  1546.005577    0.000190  0.000025  ...  0.000012  2.597346e+06  1.737183e+09
1588  1546.006845    0.000146  0.000017  ...  0.000012  2.673139e+06  1.737183e+09
1589  1546.006184    0.000638  0.000218  ...  0.000012  2.383507e+06  1.737183e+09
1590  1546.007613    0.000550  0.000169  ...  0.000012  2.410141e+06  1.737183e+09
1591  1546.005663    0.000152  0.000018  ...  0.000012  2.642539e+06  1.737183e+09

[1592 rows x 13 columns]
CHANNEL_2_3
           cbragg  cbragg_err   credchi  ...  cdelta_n            cL     timestamp
0     1548.595353    0.000105  0.000011  ...  0.000012  2.893958e+06  1.737168e+09
1     1548.599482    0.000329  0.000127  ...  0.000012  3.040400e+06  1.737168e+09
2     1548.595494    0.000172  0.000030  ...  0.000012  2.967754e+06  1.737168e+09
3     1548.598482    0.000103  0.000012  ...  0.000012  2.911335e+06  1.737168e+09
4     1548.595381    0.000105  0.000011  ...  0.000012  2.919527e+06  1.737168e+09
...           ...         ...       ...  ...       ...           ...           ...
1587  1548.600527    0.000204  0.000048  ...  0.000012  3.013747e+06  1.737183e+09
1588  1548.597419    0.000352  0.000149  ...  0.000012  3.113490e+06  1.737183e+09
1589  1548.600252    0.000107  0.000013  ...  0.000012  2.903069e+06  1.737183e+09
1590  1548.596671    0.000453  0.000267  ...  0.000012  3.199380e+06  1.737183e+09
1591  1548.600204    0.000106  0.000012  ...  0.000012  2.884693e+06  1.737183e+09

[1592 rows x 13 columns]
CHANNEL_3_1
           cbragg  cbragg_err   credchi  ...  cdelta_n            cL     timestamp
0     1543.617950    0.000111  0.000015  ...  0.000012  7.850724e+06  1.737168e+09
1     1543.626815    0.000205  0.000024  ...  0.000012  7.806858e+06  1.737168e+09
2     1543.617985    0.000107  0.000014  ...  0.000012  7.862083e+06  1.737168e+09
3     1543.626760    0.000108  0.000024  ...  0.000012  7.807336e+06  1.737168e+09
4     1543.617769    0.000111  0.000015  ...  0.000012  7.860095e+06  1.737168e+09
...           ...         ...       ...  ...       ...           ...           ...
1587  1543.627301    0.000103  0.000024  ...  0.000012  7.819470e+06  1.737183e+09
1588  1543.617860    0.000140  0.000014  ...  0.000012  7.871667e+06  1.737183e+09
1589  1543.627404    0.000103  0.000024  ...  0.000012  7.822958e+06  1.737183e+09
1590  1543.617935    0.000292  0.000014  ...  0.000012  7.879050e+06  1.737183e+09
1591  1543.627394    0.000162  0.000023  ...  0.000012  7.817148e+06  1.737183e+09

[1592 rows x 13 columns]
CHANNEL_3_2
           cbragg  cbragg_err   credchi  ...  cdelta_n            cL     timestamp
0     1544.652077    0.000149  0.000037  ...  0.000012  7.794989e+06  1.737168e+09
1     1544.648907    0.000143  0.000023  ...  0.000012  7.863964e+06  1.737168e+09
2     1544.651963    0.000185  0.000037  ...  0.000012  7.795002e+06  1.737168e+09
3     1544.648820    0.000116  0.000023  ...  0.000012  7.860443e+06  1.737168e+09
4     1544.651980    0.000164  0.000038  ...  0.000012  7.795097e+06  1.737168e+09
...           ...         ...       ...  ...       ...           ...           ...
1587  1544.650844    0.000134  0.000025  ...  0.000012  7.845795e+06  1.737183e+09
1588  1544.650770    0.000116  0.000037  ...  0.000012  7.799854e+06  1.737183e+09
1589  1544.650880    0.000117  0.000025  ...  0.000012  7.849361e+06  1.737183e+09
1590  1544.650807    0.000112  0.000035  ...  0.000012  7.798173e+06  1.737183e+09
1591  1544.650987    0.000114  0.000024  ...  0.000012  7.855095e+06  1.737183e+09

[1592 rows x 13 columns]
CHANNEL_3_3
           cbragg  cbragg_err   credchi  ...  cdelta_n            cL     timestamp
0     1545.648684    0.000110  0.000023  ...  0.000012  7.604176e+06  1.737168e+09
1     1545.650218    0.000106  0.000032  ...  0.000012  7.575241e+06  1.737168e+09
2     1545.648592    0.000110  0.000023  ...  0.000012  7.589595e+06  1.737168e+09
3     1545.650078    0.000106  0.000032  ...  0.000012  7.566867e+06  1.737168e+09
4     1545.648681    0.000110  0.000023  ...  0.000012  7.582715e+06  1.737168e+09
...           ...         ...       ...  ...       ...           ...           ...
1587  1545.651052    0.000107  0.000032  ...  0.000012  7.577123e+06  1.737183e+09
1588  1545.648834    0.000113  0.000025  ...  0.000012  7.577319e+06  1.737183e+09
1589  1545.651071    0.000104  0.000030  ...  0.000012  7.591646e+06  1.737183e+09
1590  1545.648955    0.000107  0.000023  ...  0.000012  7.568032e+06  1.737183e+09
1591  1545.651154    0.000105  0.000031  ...  0.000012  7.583197e+06  1.737183e+09

[1592 rows x 13 columns]
CHANNEL_3_4
           cbragg  cbragg_err   credchi  ...  cdelta_n            cL     timestamp
0     1546.621658    0.000097  0.000024  ...  0.000012  7.712020e+06  1.737168e+09
1     1546.622794    0.000100  0.000020  ...  0.000012  7.739699e+06  1.737168e+09
2     1546.621607    0.000098  0.000024  ...  0.000012  7.654498e+06  1.737168e+09
3     1546.622671    0.000097  0.000019  ...  0.000012  7.702097e+06  1.737168e+09
4     1546.621608    0.000099  0.000024  ...  0.000012  7.709918e+06  1.737168e+09
...           ...         ...       ...  ...       ...           ...           ...
1587  1546.625040    0.000096  0.000020  ...  0.000012  7.746653e+06  1.737183e+09
1588  1546.620765    0.000098  0.000023  ...  0.000012  7.707806e+06  1.737183e+09
1589  1546.625146    0.000099  0.000021  ...  0.000012  7.740656e+06  1.737183e+09
1590  1546.620774    0.000096  0.000022  ...  0.000012  7.729568e+06  1.737183e+09
1591  1546.625206    0.000096  0.000020  ...  0.000012  7.749402e+06  1.737183e+09

[1592 rows x 13 columns]
CHANNEL_3_5
           cbragg  cbragg_err   credchi  ...  cdelta_n            cL     timestamp
0     1547.644377    0.000081  0.000016  ...  0.000012  7.602631e+06  1.737168e+09
1     1547.638794    0.000082  0.000014  ...  0.000012  7.600813e+06  1.737168e+09
2     1547.644324    0.000098  0.000024  ...  0.000012  7.730094e+06  1.737168e+09
3     1547.638729    0.000080  0.000014  ...  0.000012  7.605051e+06  1.737168e+09
4     1547.644456    0.000080  0.000016  ...  0.000012  7.602782e+06  1.737168e+09
...           ...         ...       ...  ...       ...           ...           ...
1587  1547.639577    0.000081  0.000014  ...  0.000012  7.603886e+06  1.737183e+09
1588  1547.644409    0.000081  0.000017  ...  0.000012  7.585095e+06  1.737183e+09
1589  1547.639665    0.000081  0.000013  ...  0.000012  7.605538e+06  1.737183e+09
1590  1547.644435    0.000079  0.000016  ...  0.000012  7.603710e+06  1.737183e+09
1591  1547.639680    0.000081  0.000013  ...  0.000012  7.602089e+06  1.737183e+09

[1592 rows x 13 columns]
CHANNEL_3_6
           cbragg  cbragg_err   credchi  ...  cdelta_n            cL     timestamp
0     1548.626099    0.000083  0.000014  ...  0.000012  7.783195e+06  1.737168e+09
1     1548.629864    0.000083  0.000019  ...  0.000012  7.748937e+06  1.737168e+09
2     1548.626167    0.000141  0.000038  ...  0.000012  7.412139e+06  1.737168e+09
3     1548.629777    0.000084  0.000019  ...  0.000012  7.751039e+06  1.737168e+09
4     1548.626081    0.000084  0.000014  ...  0.000012  7.774745e+06  1.737168e+09
...           ...         ...       ...  ...       ...           ...           ...
1587  1548.631286    0.000113  0.000035  ...  0.000012  7.833372e+06  1.737183e+09
1588  1548.625528    0.000081  0.000013  ...  0.000012  7.807362e+06  1.737183e+09
1589  1548.631346    0.000082  0.000019  ...  0.000012  7.756816e+06  1.737183e+09
1590  1548.625646    0.000081  0.000013  ...  0.000012  7.803792e+06  1.737183e+09
1591  1548.631504    0.000082  0.000019  ...  0.000012  7.751402e+06  1.737183e+09

[1592 rows x 13 columns]
CHANNEL_3_7
           cbragg  cbragg_err   credchi  ...  cdelta_n            cL     timestamp
0     1549.651837    0.000083  0.000020  ...  0.000012  7.583077e+06  1.737168e+09
1     1549.642457    0.000081  0.000011  ...  0.000012  7.639516e+06  1.737168e+09
2     1549.651865    0.000082  0.000020  ...  0.000012  7.540402e+06  1.737168e+09
3     1549.642518    0.000082  0.000011  ...  0.000012  7.630420e+06  1.737168e+09
4     1549.651706    0.000081  0.000019  ...  0.000012  7.594190e+06  1.737168e+09
...           ...         ...       ...  ...       ...           ...           ...
1587  1549.643864    0.000083  0.000011  ...  0.000012  7.620304e+06  1.737183e+09
1588  1549.651949    0.000084  0.000021  ...  0.000012  7.570101e+06  1.737183e+09
1589  1549.643938    0.000083  0.000011  ...  0.000012  7.617741e+06  1.737183e+09
1590  1549.652022    0.000082  0.000020  ...  0.000012  7.578600e+06  1.737183e+09
1591  1549.644075    0.000082  0.000011  ...  0.000012  7.627941e+06  1.737183e+09

[1592 rows x 13 columns]
CHANNEL_3_8
           cbragg  cbragg_err   credchi  ...  cdelta_n            cL     timestamp
0     1550.597073    0.000093  0.000012  ...  0.000012  7.656806e+06  1.737168e+09
1     1550.601939    0.000089  0.000018  ...  0.000012  7.619778e+06  1.737168e+09
2     1550.597050    0.000095  0.000013  ...  0.000012  7.652462e+06  1.737168e+09
3     1550.601850    0.000088  0.000017  ...  0.000012  7.620170e+06  1.737168e+09
4     1550.597059    0.000096  0.000013  ...  0.000012  7.643934e+06  1.737168e+09
...           ...         ...       ...  ...       ...           ...           ...
1587  1550.603693    0.000085  0.000016  ...  0.000012  7.628179e+06  1.737183e+09
1588  1550.598752    0.000093  0.000012  ...  0.000012  7.659558e+06  1.737183e+09
1589  1550.603856    0.000088  0.000018  ...  0.000012  7.618142e+06  1.737183e+09
1590  1550.598853    0.000094  0.000012  ...  0.000012  7.651019e+06  1.737183e+09
1591  1550.604027    0.000088  0.000018  ...  0.000012  7.558137e+06  1.737183e+09

[1592 rows x 13 columns]
CHANNEL_3_9
           cbragg  cbragg_err   credchi  ...  cdelta_n            cL     timestamp
0     1551.599295    0.000087  0.000017  ...  0.000012  7.645606e+06  1.737168e+09
1     1551.592796    0.000092  0.000011  ...  0.000012  7.744765e+06  1.737168e+09
2     1551.599253    0.000087  0.000017  ...  0.000012  7.695767e+06  1.737168e+09
3     1551.592715    0.000091  0.000010  ...  0.000012  7.751572e+06  1.737168e+09
4     1551.599307    0.000089  0.000017  ...  0.000012  7.684339e+06  1.737168e+09
...           ...         ...       ...  ...       ...           ...           ...
1587  1551.595656    0.000278  0.000084  ...  0.000012  6.977697e+06  1.737183e+09
1588  1551.600322    0.000089  0.000017  ...  0.000012  7.678234e+06  1.737183e+09
1589  1551.595662    0.000093  0.000011  ...  0.000012  7.738629e+06  1.737183e+09
1590  1551.600416    0.000087  0.000016  ...  0.000012  7.689771e+06  1.737183e+09
1591  1551.595827    0.000093  0.000011  ...  0.000012  7.742796e+06  1.737183e+09

[1592 rows x 13 columns]
CHANNEL_3_10
           cbragg  cbragg_err   credchi  ...  cdelta_n            cL     timestamp
0     1552.600779    0.000108  0.000013  ...  0.000012  7.786376e+06  1.737168e+09
1     1552.605114    0.000103  0.000020  ...  0.000012  7.735594e+06  1.737168e+09
2     1552.600667    0.000108  0.000013  ...  0.000012  7.798764e+06  1.737168e+09
3     1552.605023    0.000101  0.000019  ...  0.000012  7.744435e+06  1.737168e+09
4     1552.600626    0.000106  0.000013  ...  0.000012  7.801921e+06  1.737168e+09
...           ...         ...       ...  ...       ...           ...           ...
1587  1552.606683    0.000099  0.000018  ...  0.000012  7.745803e+06  1.737183e+09
1588  1552.602616    0.000106  0.000014  ...  0.000012  7.796074e+06  1.737183e+09
1589  1552.606912    0.000125  0.000027  ...  0.000012  7.737926e+06  1.737183e+09
1590  1552.602758    0.000107  0.000014  ...  0.000012  7.786118e+06  1.737183e+09
1591  1552.606985    0.000100  0.000018  ...  0.000012  7.755834e+06  1.737183e+09

[1592 rows x 13 columns]
CHANNEL_3_11
           cbragg  cbragg_err   credchi  ...  cdelta_n            cL     timestamp
0     1553.569321    0.000214  0.000087  ...  0.000012  7.359363e+06  1.737168e+09
1     1553.570574    0.000131  0.000028  ...  0.000012  7.923525e+06  1.737168e+09
2     1553.569325    0.000126  0.000033  ...  0.000012  7.884473e+06  1.737168e+09
3     1553.570447    0.000130  0.000028  ...  0.000012  7.942900e+06  1.737168e+09
4     1553.569286    0.000218  0.000092  ...  0.000012  7.373438e+06  1.737168e+09
...           ...         ...       ...  ...       ...           ...           ...
1587  1553.573890    0.000127  0.000029  ...  0.000012  7.944556e+06  1.737183e+09
1588  1553.569551    0.000138  0.000037  ...  0.000012  7.968920e+06  1.737183e+09
1589  1553.573984    0.000129  0.000030  ...  0.000012  7.937286e+06  1.737183e+09
1590  1553.569570    0.000126  0.000031  ...  0.000012  7.896933e+06  1.737183e+09
1591  1553.574017    0.000129  0.000030  ...  0.000012  7.940769e+06  1.737183e+09

[1592 rows x 13 columns]
CHANNEL_3_12
           cbragg  cbragg_err   credchi  ...  cdelta_n            cL     timestamp
0     1554.545054    0.000102  0.000014  ...  0.000012  7.854164e+06  1.737168e+09
1     1554.546538    0.000095  0.000018  ...  0.000012  7.761031e+06  1.737168e+09
2     1554.545036    0.000101  0.000014  ...  0.000012  7.843594e+06  1.737168e+09
3     1554.546444    0.000096  0.000018  ...  0.000012  7.786075e+06  1.737168e+09
4     1554.544988    0.000098  0.000013  ...  0.000012  7.857574e+06  1.737168e+09
...           ...         ...       ...  ...       ...           ...           ...
1587  1554.548411    0.000117  0.000025  ...  0.000012  7.545145e+06  1.737183e+09
1588  1554.546770    0.000100  0.000014  ...  0.000012  7.835602e+06  1.737183e+09
1589  1554.548377    0.000096  0.000018  ...  0.000012  7.794092e+06  1.737183e+09
1590  1554.546863    0.000100  0.000014  ...  0.000012  7.849529e+06  1.737183e+09
1591  1554.548545    0.000095  0.000018  ...  0.000012  7.791095e+06  1.737183e+09

[1592 rows x 13 columns]
CHANNEL_3_13
           cbragg  cbragg_err   credchi  ...  cdelta_n            cL     timestamp
0     1555.554850    0.000086  0.000015  ...  0.000012  7.577769e+06  1.737168e+09
1     1555.549919    0.000090  0.000009  ...  0.000012  7.616627e+06  1.737168e+09
2     1555.554894    0.000090  0.000016  ...  0.000012  7.570952e+06  1.737168e+09
3     1555.549985    0.000092  0.000010  ...  0.000012  7.605258e+06  1.737168e+09
4     1555.554906    0.000087  0.000015  ...  0.000012  7.573666e+06  1.737168e+09
...           ...         ...       ...  ...       ...           ...           ...
1587  1555.553417    0.000128  0.000010  ...  0.000012  7.559480e+06  1.737183e+09
1588  1555.555577    0.000086  0.000014  ...  0.000012  7.569158e+06  1.737183e+09
1589  1555.553438    0.000091  0.000010  ...  0.000012  7.603603e+06  1.737183e+09
1590  1555.555573    0.000085  0.000014  ...  0.000012  7.566775e+06  1.737183e+09
1591  1555.553664    0.000092  0.000011  ...  0.000012  7.602242e+06  1.737183e+09

[1592 rows x 13 columns]
CHANNEL_3_14
           cbragg  cbragg_err   credchi  ...  cdelta_n            cL     timestamp
0     1556.504783    0.000182  0.000044  ...  0.000012  7.791065e+06  1.737168e+09
1     1556.508923    0.000188  0.000076  ...  0.000012  7.706120e+06  1.737168e+09
2     1556.504701    0.000183  0.000044  ...  0.000012  7.795023e+06  1.737168e+09
3     1556.508904    0.000187  0.000075  ...  0.000012  7.703793e+06  1.737168e+09
4     1556.504771    0.000184  0.000044  ...  0.000012  7.793145e+06  1.737168e+09
...           ...         ...       ...  ...       ...           ...           ...
1587  1556.510937    0.000185  0.000074  ...  0.000012  7.703680e+06  1.737183e+09
1588  1556.506348    0.000189  0.000047  ...  0.000012  7.805195e+06  1.737183e+09
1589  1556.511013    0.000187  0.000076  ...  0.000012  7.708559e+06  1.737183e+09
1590  1556.506417    0.000182  0.000044  ...  0.000012  7.801034e+06  1.737183e+09
1591  1556.511148    0.000187  0.000076  ...  0.000012  7.713376e+06  1.737183e+09

[1592 rows x 13 columns]
