CHANNEL_0_1
           cbragg  cbragg_err   credchi  ...  cdelta_n            cL     timestamp
0     1544.230423    0.000098  0.000040  ...  0.000012  7.711522e+06  1.737898e+09
1     1544.232231    0.000103  0.000053  ...  0.000012  7.656669e+06  1.737898e+09
2     1544.230391    0.000227  0.000040  ...  0.000012  7.714794e+06  1.737898e+09
3     1544.232199    0.000115  0.000054  ...  0.000012  7.652180e+06  1.737898e+09
4     1544.230300    0.000098  0.000040  ...  0.000012  7.707112e+06  1.737898e+09
...           ...         ...       ...  ...       ...           ...           ...
1587  1544.232334    0.000102  0.000053  ...  0.000012  7.644021e+06  1.737914e+09
1588  1544.230665    0.000099  0.000041  ...  0.000012  7.706734e+06  1.737914e+09
1589  1544.232248    0.000141  0.000055  ...  0.000012  7.637876e+06  1.737914e+09
1590  1544.230620    0.000135  0.000041  ...  0.000012  7.707179e+06  1.737914e+09
1591  1544.232287    0.000106  0.000054  ...  0.000012  7.643313e+06  1.737914e+09

[1592 rows x 13 columns]
CHANNEL_0_2
           cbragg  cbragg_err   credchi  ...  cdelta_n            cL     timestamp
0     1545.184860    0.000088  0.000018  ...  0.000012  7.673667e+06  1.737898e+09
1     1545.185880    0.000084  0.000014  ...  0.000012  7.691146e+06  1.737898e+09
2     1545.184792    0.000079  0.000017  ...  0.000012  7.702718e+06  1.737898e+09
3     1545.185772    0.000087  0.000015  ...  0.000012  7.704045e+06  1.737898e+09
4     1545.184865    0.000081  0.000017  ...  0.000012  7.681930e+06  1.737898e+09
...           ...         ...       ...  ...       ...           ...           ...
1587  1545.185834    0.000088  0.000015  ...  0.000012  7.698338e+06  1.737914e+09
1588  1545.185016    0.000081  0.000017  ...  0.000012  7.675017e+06  1.737914e+09
1589  1545.185789    0.000085  0.000014  ...  0.000012  7.681605e+06  1.737914e+09
1590  1545.184873    0.000081  0.000017  ...  0.000012  7.688288e+06  1.737914e+09
1591  1545.185875    0.000085  0.000014  ...  0.000012  7.691258e+06  1.737914e+09

[1592 rows x 13 columns]
CHANNEL_0_3
           cbragg  cbragg_err   credchi  ...  cdelta_n            cL     timestamp
0     1546.170742    0.000113  0.000049  ...  0.000012  7.654219e+06  1.737898e+09
1     1546.168895    0.000110  0.000046  ...  0.000012  7.616642e+06  1.737898e+09
2     1546.170758    0.000114  0.000050  ...  0.000012  7.605405e+06  1.737898e+09
3     1546.169074    0.000112  0.000047  ...  0.000012  7.600917e+06  1.737898e+09
4     1546.170759    0.000112  0.000048  ...  0.000012  7.652724e+06  1.737898e+09
...           ...         ...       ...  ...       ...           ...           ...
1587  1546.169155    0.000111  0.000046  ...  0.000012  7.621744e+06  1.737914e+09
1588  1546.170861    0.000112  0.000049  ...  0.000012  7.653763e+06  1.737914e+09
1589  1546.169066    0.000112  0.000047  ...  0.000012  7.616239e+06  1.737914e+09
1590  1546.170755    0.000112  0.000048  ...  0.000012  7.620344e+06  1.737914e+09
1591  1546.168904    0.000112  0.000047  ...  0.000012  7.613570e+06  1.737914e+09

[1592 rows x 13 columns]
CHANNEL_0_4
           cbragg  cbragg_err   credchi  ...  cdelta_n            cL     timestamp
0     1547.162579    0.000117  0.000057  ...  0.000012  7.832798e+06  1.737898e+09
1     1547.164223    0.000119  0.000048  ...  0.000012  7.831016e+06  1.737898e+09
2     1547.162584    0.000115  0.000055  ...  0.000012  7.843166e+06  1.737898e+09
3     1547.164155    0.000119  0.000049  ...  0.000012  7.884026e+06  1.737898e+09
4     1547.162688    0.000114  0.000054  ...  0.000012  7.823960e+06  1.737898e+09
...           ...         ...       ...  ...       ...           ...           ...
1587  1547.164286    0.000121  0.000051  ...  0.000012  7.926657e+06  1.737914e+09
1588  1547.162802    0.000115  0.000055  ...  0.000012  7.862121e+06  1.737914e+09
1589  1547.164249    0.000119  0.000049  ...  0.000012  7.844558e+06  1.737914e+09
1590  1547.162690    0.000117  0.000057  ...  0.000012  7.831797e+06  1.737914e+09
1591  1547.164274    0.000120  0.000050  ...  0.000012  7.919091e+06  1.737914e+09

[1592 rows x 13 columns]
CHANNEL_0_5
           cbragg  cbragg_err   credchi  ...  cdelta_n            cL     timestamp
0     1548.136924    0.000093  0.000032  ...  0.000012  7.690649e+06  1.737898e+09
1     1548.140407    0.000121  0.000082  ...  0.000012  7.779028e+06  1.737898e+09
2     1548.136916    0.000093  0.000033  ...  0.000012  7.704542e+06  1.737898e+09
3     1548.140559    0.000093  0.000049  ...  0.000012  7.639260e+06  1.737898e+09
4     1548.137015    0.000093  0.000032  ...  0.000012  7.702971e+06  1.737898e+09
...           ...         ...       ...  ...       ...           ...           ...
1587  1548.140588    0.000093  0.000049  ...  0.000012  7.636795e+06  1.737914e+09
1588  1548.137125    0.000092  0.000032  ...  0.000012  7.696267e+06  1.737914e+09
1589  1548.140513    0.000103  0.000061  ...  0.000012  7.748472e+06  1.737914e+09
1590  1548.137012    0.000097  0.000036  ...  0.000012  7.800859e+06  1.737914e+09
1591  1548.140452    0.000097  0.000053  ...  0.000012  7.687520e+06  1.737914e+09

[1592 rows x 13 columns]
CHANNEL_0_6
           cbragg  cbragg_err   credchi  ...  cdelta_n            cL     timestamp
0     1549.122995    0.000227  0.000370  ...  0.000012  8.040221e+06  1.737898e+09
1     1549.115597    0.000078  0.000024  ...  0.000012  7.522527e+06  1.737898e+09
2     1549.123415    0.000118  0.000089  ...  0.000012  7.502708e+06  1.737898e+09
3     1549.115730    0.000077  0.000023  ...  0.000012  7.520015e+06  1.737898e+09
4     1549.123335    0.000096  0.000062  ...  0.000012  7.599265e+06  1.737898e+09
...           ...         ...       ...  ...       ...           ...           ...
1587  1549.115797    0.000077  0.000023  ...  0.000012  7.525733e+06  1.737914e+09
1588  1549.123390    0.000084  0.000047  ...  0.000012  7.497569e+06  1.737914e+09
1589  1549.115617    0.000123  0.000060  ...  0.000012  7.735804e+06  1.737914e+09
1590  1549.123337    0.000085  0.000048  ...  0.000012  7.487401e+06  1.737914e+09
1591  1549.115588    0.000077  0.000023  ...  0.000012  7.507809e+06  1.737914e+09

[1592 rows x 13 columns]
CHANNEL_0_7
           cbragg  cbragg_err   credchi  ...  cdelta_n            cL     timestamp
0     1550.118470    0.000119  0.000042  ...  0.000012  7.635933e+06  1.737898e+09
1     1550.123209    0.000118  0.000049  ...  0.000012  7.646369e+06  1.737898e+09
2     1550.118596    0.000119  0.000042  ...  0.000012  7.632689e+06  1.737898e+09
3     1550.123327    0.000118  0.000049  ...  0.000012  7.637925e+06  1.737898e+09
4     1550.118586    0.000120  0.000043  ...  0.000012  7.622303e+06  1.737898e+09
...           ...         ...       ...  ...       ...           ...           ...
1587  1550.123410    0.000117  0.000048  ...  0.000012  7.648133e+06  1.737914e+09
1588  1550.118605    0.000119  0.000042  ...  0.000012  7.618624e+06  1.737914e+09
1589  1550.123321    0.000118  0.000049  ...  0.000012  7.641345e+06  1.737914e+09
1590  1550.118637    0.000119  0.000042  ...  0.000012  7.639235e+06  1.737914e+09
1591  1550.123393    0.000117  0.000048  ...  0.000012  7.639864e+06  1.737914e+09

[1592 rows x 13 columns]
CHANNEL_0_8
           cbragg  cbragg_err   credchi  ...  cdelta_n            cL     timestamp
0     1551.093405    0.000072  0.000016  ...  0.000012  7.615077e+06  1.737898e+09
1     1551.093688    0.000072  0.000019  ...  0.000012  7.595938e+06  1.737898e+09
2     1551.093392    0.000073  0.000016  ...  0.000012  7.605577e+06  1.737898e+09
3     1551.093632    0.000073  0.000019  ...  0.000012  7.589593e+06  1.737898e+09
4     1551.093447    0.000074  0.000017  ...  0.000012  7.610631e+06  1.737898e+09
...           ...         ...       ...  ...       ...           ...           ...
1587  1551.093724    0.000073  0.000019  ...  0.000012  7.596909e+06  1.737914e+09
1588  1551.093579    0.000073  0.000016  ...  0.000012  7.608651e+06  1.737914e+09
1589  1551.093708    0.000072  0.000018  ...  0.000012  7.593116e+06  1.737914e+09
1590  1551.093605    0.000072  0.000016  ...  0.000012  7.616888e+06  1.737914e+09
1591  1551.093780    0.000072  0.000019  ...  0.000012  7.612167e+06  1.737914e+09

[1592 rows x 13 columns]
CHANNEL_0_9
           cbragg  cbragg_err   credchi  ...  cdelta_n            cL     timestamp
0     1552.078732    0.000113  0.000044  ...  0.000012  7.888200e+06  1.737898e+09
1     1552.074342    0.000091  0.000019  ...  0.000012  7.692689e+06  1.737898e+09
2     1552.078698    0.000088  0.000026  ...  0.000012  7.672814e+06  1.737898e+09
3     1552.074307    0.000089  0.000018  ...  0.000012  7.682191e+06  1.737898e+09
4     1552.078798    0.000089  0.000026  ...  0.000012  7.731218e+06  1.737898e+09
...           ...         ...       ...  ...       ...           ...           ...
1587  1552.074464    0.000091  0.000019  ...  0.000012  7.690568e+06  1.737914e+09
1588  1552.078988    0.000087  0.000026  ...  0.000012  7.678090e+06  1.737914e+09
1589  1552.074421    0.000090  0.000019  ...  0.000012  7.696254e+06  1.737914e+09
1590  1552.078883    0.000088  0.000026  ...  0.000012  7.679362e+06  1.737914e+09
1591  1552.074445    0.000090  0.000019  ...  0.000012  7.699201e+06  1.737914e+09

[1592 rows x 13 columns]
CHANNEL_0_10
           cbragg  cbragg_err   credchi  ...  cdelta_n            cL     timestamp
0     1553.079501    0.000096  0.000020  ...  0.000012  7.586404e+06  1.737898e+09
1     1553.083003    0.000090  0.000020  ...  0.000012  7.723150e+06  1.737898e+09
2     1553.079574    0.000088  0.000017  ...  0.000012  7.725955e+06  1.737898e+09
3     1553.083114    0.000089  0.000020  ...  0.000012  7.711411e+06  1.737898e+09
4     1553.079564    0.000091  0.000018  ...  0.000012  7.731034e+06  1.737898e+09
...           ...         ...       ...  ...       ...           ...           ...
1587  1553.083217    0.000091  0.000021  ...  0.000012  7.702237e+06  1.737914e+09
1588  1553.079665    0.000091  0.000018  ...  0.000012  7.726770e+06  1.737914e+09
1589  1553.083167    0.000091  0.000021  ...  0.000012  7.718157e+06  1.737914e+09
1590  1553.079643    0.000092  0.000018  ...  0.000012  7.695263e+06  1.737914e+09
1591  1553.083193    0.000092  0.000021  ...  0.000012  7.699434e+06  1.737914e+09

[1592 rows x 13 columns]
CHANNEL_0_11
           cbragg  cbragg_err   credchi  ...  cdelta_n            cL     timestamp
0     1554.093996    0.000072  0.000013  ...  0.000012  7.637058e+06  1.737898e+09
1     1554.087449    0.000073  0.000010  ...  0.000012  7.649538e+06  1.737898e+09
2     1554.094025    0.000071  0.000012  ...  0.000012  7.633030e+06  1.737898e+09
3     1554.087497    0.000072  0.000010  ...  0.000012  7.649662e+06  1.737898e+09
4     1554.094057    0.000070  0.000012  ...  0.000012  7.648058e+06  1.737898e+09
...           ...         ...       ...  ...       ...           ...           ...
1587  1554.087613    0.000075  0.000010  ...  0.000012  7.646560e+06  1.737914e+09
1588  1554.094151    0.000073  0.000013  ...  0.000012  7.631735e+06  1.737914e+09
1589  1554.087598    0.000074  0.000010  ...  0.000012  7.663726e+06  1.737914e+09
1590  1554.094174    0.000070  0.000012  ...  0.000012  7.644346e+06  1.737914e+09
1591  1554.087601    0.000073  0.000010  ...  0.000012  7.646836e+06  1.737914e+09

[1592 rows x 13 columns]
CHANNEL_0_12
           cbragg  cbragg_err   credchi  ...  cdelta_n            cL     timestamp
0     1555.115476    0.000113  0.000051  ...  0.000012  7.520282e+06  1.737898e+09
1     1555.113942    0.000116  0.000043  ...  0.000012  7.533707e+06  1.737898e+09
2     1555.115355    0.000128  0.000068  ...  0.000012  7.701051e+06  1.737898e+09
3     1555.114058    0.000116  0.000043  ...  0.000012  7.549538e+06  1.737898e+09
4     1555.115509    0.000112  0.000050  ...  0.000012  7.512986e+06  1.737898e+09
...           ...         ...       ...  ...       ...           ...           ...
1587  1555.114098    0.000118  0.000045  ...  0.000012  7.613852e+06  1.737914e+09
1588  1555.115630    0.000111  0.000049  ...  0.000012  7.522386e+06  1.737914e+09
1589  1555.114133    0.000114  0.000041  ...  0.000012  7.538644e+06  1.737914e+09
1590  1555.115612    0.000110  0.000049  ...  0.000012  7.533867e+06  1.737914e+09
1591  1555.114101    0.000115  0.000042  ...  0.000012  7.519927e+06  1.737914e+09

[1592 rows x 13 columns]
CHANNEL_0_13
           cbragg  cbragg_err   credchi  ...  cdelta_n            cL     timestamp
0     1556.089219    0.000142  0.000036  ...  0.000012  7.678883e+06  1.737898e+09
1     1556.089985    0.000140  0.000047  ...  0.000012  7.645613e+06  1.737898e+09
2     1556.089179    0.000144  0.000037  ...  0.000012  7.683305e+06  1.737898e+09
3     1556.089959    0.000139  0.000046  ...  0.000012  7.580110e+06  1.737898e+09
4     1556.089274    0.000142  0.000036  ...  0.000012  7.679374e+06  1.737898e+09
...           ...         ...       ...  ...       ...           ...           ...
1587  1556.090070    0.000136  0.000044  ...  0.000012  7.638393e+06  1.737914e+09
1588  1556.089373    0.000143  0.000037  ...  0.000012  7.622072e+06  1.737914e+09
1589  1556.089918    0.000138  0.000045  ...  0.000012  7.656235e+06  1.737914e+09
1590  1556.089457    0.000142  0.000036  ...  0.000012  7.670379e+06  1.737914e+09
1591  1556.089963    0.000140  0.000046  ...  0.000012  7.630477e+06  1.737914e+09

[1592 rows x 13 columns]
CHANNEL_0_14
           cbragg  cbragg_err   credchi  ...  cdelta_n            cL     timestamp
0     1557.063728    0.000106  0.000052  ...  0.000012  7.741572e+06  1.737898e+09
1     1557.056979    0.000093  0.000021  ...  0.000012  7.710228e+06  1.737898e+09
2     1557.063836    0.000123  0.000068  ...  0.000012  7.794503e+06  1.737898e+09
3     1557.057015    0.000094  0.000021  ...  0.000012  7.703654e+06  1.737898e+09
4     1557.063826    0.000108  0.000052  ...  0.000012  7.723125e+06  1.737898e+09
...           ...         ...       ...  ...       ...           ...           ...
1587  1557.057038    0.000094  0.000022  ...  0.000012  7.712068e+06  1.737914e+09
1588  1557.063956    0.000098  0.000043  ...  0.000012  7.648575e+06  1.737914e+09
1589  1557.057076    0.000094  0.000022  ...  0.000012  7.711135e+06  1.737914e+09
1590  1557.063870    0.000101  0.000047  ...  0.000012  7.740361e+06  1.737914e+09
1591  1557.057033    0.000093  0.000021  ...  0.000012  7.702633e+06  1.737914e+09

[1592 rows x 13 columns]
CHANNEL_1_1
           cbragg  cbragg_err   credchi  ...  cdelta_n            cL     timestamp
0     1555.127665    0.000670  0.000528  ...  0.000012  3.046754e+06  1.737898e+09
1     1555.131689    0.000456  0.000126  ...  0.000012  2.397166e+06  1.737898e+09
2     1555.128414    0.000109  0.000009  ...  0.000012  2.583273e+06  1.737898e+09
3     1555.131831    0.000252  0.000046  ...  0.000012  2.522230e+06  1.737898e+09
4     1555.128571    0.000239  0.000038  ...  0.000012  2.495035e+06  1.737898e+09
...           ...         ...       ...  ...       ...           ...           ...
1587  1555.131913    0.000109  0.000009  ...  0.000012  2.588894e+06  1.737914e+09
1588  1555.127802    0.000513  0.000273  ...  0.000012  2.928284e+06  1.737914e+09
1589  1555.131814    0.000177  0.000025  ...  0.000012  2.593706e+06  1.737914e+09
1590  1555.128710    0.000235  0.000036  ...  0.000012  2.508168e+06  1.737914e+09
1591  1555.131819    0.000152  0.000020  ...  0.000012  2.696502e+06  1.737914e+09

[1592 rows x 13 columns]
CHANNEL_1_2
           cbragg  cbragg_err   credchi  ...  cdelta_n            cL     timestamp
0     1558.277780    0.000211  0.000058  ...  0.000012  2.694022e+06  1.737898e+09
1     1558.280600    0.000110  0.000017  ...  0.000012  2.807518e+06  1.737898e+09
2     1558.278423    0.000593  0.000366  ...  0.000012  2.514970e+06  1.737898e+09
3     1558.279025    0.001050  0.002866  ...  0.000012  3.576295e+06  1.737898e+09
4     1558.276212    0.001026  0.002760  ...  0.000012  3.542610e+06  1.737898e+09
...           ...         ...       ...  ...       ...           ...           ...
1587  1558.280803    0.000125  0.000022  ...  0.000012  2.825183e+06  1.737914e+09
1588  1558.277665    0.000115  0.000019  ...  0.000012  2.785212e+06  1.737914e+09
1589  1558.280710    0.000111  0.000018  ...  0.000012  2.795136e+06  1.737914e+09
1590  1558.277512    0.000114  0.000019  ...  0.000012  2.800798e+06  1.737914e+09
1591  1558.280625    0.000139  0.000027  ...  0.000012  2.789824e+06  1.737914e+09

[1592 rows x 13 columns]
CHANNEL_1_3
           cbragg  cbragg_err   credchi  ...  cdelta_n            cL     timestamp
0     1561.093186    0.000388  0.000329  ...  0.000012  3.210714e+06  1.737898e+09
1     1561.090271    0.000139  0.000027  ...  0.000012  2.842630e+06  1.737898e+09
2     1561.093493    0.000881  0.002259  ...  0.000012  3.615057e+06  1.737898e+09
3     1561.089582    0.000567  0.000651  ...  0.000012  3.309579e+06  1.737898e+09
4     1561.093669    0.000040  0.000003  ...  0.000012  2.934304e+06  1.737898e+09
...           ...         ...       ...  ...       ...           ...           ...
1587  1561.090521    0.000190  0.000051  ...  0.000012  2.843518e+06  1.737914e+09
1588  1561.093524    0.000041  0.000003  ...  0.000012  2.942250e+06  1.737914e+09
1589  1561.090430    0.000083  0.000010  ...  0.000012  2.885989e+06  1.737914e+09
1590  1561.093714    0.000182  0.000051  ...  0.000012  2.825583e+06  1.737914e+09
1591  1561.090132    0.000039  0.000002  ...  0.000012  2.941984e+06  1.737914e+09

[1592 rows x 13 columns]
CHANNEL_2_1
           cbragg  cbragg_err   credchi  ...  cdelta_n            cL     timestamp
0     1542.595286    0.014187  0.003990  ...  0.000012  1.070578e+06  1.737898e+09
1     1542.579144    0.000063  0.000004  ...  0.000012  2.750393e+06  1.737898e+09
2     1542.579714    0.000062  0.000003  ...  0.000012  2.750153e+06  1.737898e+09
3     1542.579327    0.000062  0.000003  ...  0.000012  2.749817e+06  1.737898e+09
4     1542.599891    0.014893  0.003979  ...  0.000012  1.071320e+06  1.737898e+09
...           ...         ...       ...  ...       ...           ...           ...
1587  1542.579317    0.000073  0.000005  ...  0.000012  2.745794e+06  1.737914e+09
1588  1542.601574    0.015167  0.003979  ...  0.000012  1.072960e+06  1.737914e+09
1589  1542.596967    0.014570  0.003981  ...  0.000012  1.071009e+06  1.737914e+09
1590  1542.597488    0.013924  0.003998  ...  0.000012  1.071726e+06  1.737914e+09
1591  1542.602694    0.015322  0.003975  ...  0.000012  1.072063e+06  1.737914e+09

[1592 rows x 13 columns]
CHANNEL_2_2
           cbragg  cbragg_err   credchi  ...  cdelta_n            cL     timestamp
0     1546.014787    0.000885  0.001073  ...  0.000012  3.274413e+06  1.737898e+09
1     1546.015334    0.001049  0.001643  ...  0.000012  3.337165e+06  1.737898e+09
2     1546.014346    0.000212  0.000031  ...  0.000012  2.575236e+06  1.737898e+09
3     1546.015204    0.000189  0.000028  ...  0.000012  2.601347e+06  1.737898e+09
4     1546.014457    0.000154  0.000018  ...  0.000012  2.656402e+06  1.737898e+09
...           ...         ...       ...  ...       ...           ...           ...
1587  1546.015577    0.001192  0.002446  ...  0.000012  3.511175e+06  1.737914e+09
1588  1546.014601    0.000188  0.000030  ...  0.000012  2.746929e+06  1.737914e+09
1589  1546.015234    0.000162  0.000022  ...  0.000012  2.660339e+06  1.737914e+09
1590  1546.014368    0.000147  0.000017  ...  0.000012  2.676048e+06  1.737914e+09
1591  1546.015132    0.000151  0.000019  ...  0.000012  2.667234e+06  1.737914e+09

[1592 rows x 13 columns]
CHANNEL_2_3
           cbragg  cbragg_err   credchi  ...  cdelta_n            cL     timestamp
0     1548.605409    0.000991  0.001708  ...  0.000012  3.585471e+06  1.737898e+09
1     1548.608948    0.000161  0.000027  ...  0.000012  2.822288e+06  1.737898e+09
2     1548.606978    0.000188  0.000037  ...  0.000012  2.961020e+06  1.737898e+09
3     1548.608434    0.000574  0.000481  ...  0.000012  3.251947e+06  1.737898e+09
4     1548.606749    0.000125  0.000016  ...  0.000012  2.845313e+06  1.737898e+09
...           ...         ...       ...  ...       ...           ...           ...
1587  1548.609116    0.000106  0.000012  ...  0.000012  2.893300e+06  1.737914e+09
1588  1548.606816    0.000108  0.000012  ...  0.000012  2.898905e+06  1.737914e+09
1589  1548.608998    0.000108  0.000013  ...  0.000012  2.890788e+06  1.737914e+09
1590  1548.606837    0.000111  0.000013  ...  0.000012  2.876030e+06  1.737914e+09
1591  1548.609276    0.000642  0.000683  ...  0.000012  3.356414e+06  1.737914e+09

[1592 rows x 13 columns]
CHANNEL_3_1
           cbragg  cbragg_err   credchi  ...  cdelta_n            cL     timestamp
0     1543.639812    0.000104  0.000023  ...  0.000012  7.847390e+06  1.737898e+09
1     1543.626890    0.000165  0.000014  ...  0.000012  7.915232e+06  1.737898e+09
2     1543.639804    0.000122  0.000023  ...  0.000012  7.849804e+06  1.737898e+09
3     1543.626792    0.000113  0.000014  ...  0.000012  7.899390e+06  1.737898e+09
4     1543.639736    0.000124  0.000023  ...  0.000012  7.845120e+06  1.737898e+09
...           ...         ...       ...  ...       ...           ...           ...
1587  1543.626987    0.000307  0.000014  ...  0.000012  7.914328e+06  1.737914e+09
1588  1543.639958    0.000107  0.000022  ...  0.000012  7.844979e+06  1.737914e+09
1589  1543.626948    0.000103  0.000014  ...  0.000012  7.908959e+06  1.737914e+09
1590  1543.639921    0.000207  0.000023  ...  0.000012  7.848567e+06  1.737914e+09
1591  1543.626863    0.000105  0.000014  ...  0.000012  7.916764e+06  1.737914e+09

[1592 rows x 13 columns]
CHANNEL_3_2
           cbragg  cbragg_err   credchi  ...  cdelta_n            cL     timestamp
0     1544.665492    0.000140  0.000028  ...  0.000012  7.864563e+06  1.737898e+09
1     1544.658334    0.000127  0.000034  ...  0.000012  7.825273e+06  1.737898e+09
2     1544.665288    0.000117  0.000029  ...  0.000012  7.868257e+06  1.737898e+09
3     1544.658221    0.000313  0.000034  ...  0.000012  7.825424e+06  1.737898e+09
4     1544.665421    0.000323  0.000028  ...  0.000012  7.877704e+06  1.737898e+09
...           ...         ...       ...  ...       ...           ...           ...
1587  1544.658337    0.000203  0.000033  ...  0.000012  7.830910e+06  1.737914e+09
1588  1544.665489    0.000113  0.000029  ...  0.000012  7.874768e+06  1.737914e+09
1589  1544.658316    0.000110  0.000032  ...  0.000012  7.838364e+06  1.737914e+09
1590  1544.665504    0.000113  0.000028  ...  0.000012  7.876673e+06  1.737914e+09
1591  1544.658293    0.000110  0.000032  ...  0.000012  7.829588e+06  1.737914e+09

[1592 rows x 13 columns]
CHANNEL_3_3
           cbragg  cbragg_err   credchi  ...  cdelta_n            cL     timestamp
0     1545.664032    0.000106  0.000034  ...  0.000012  7.611513e+06  1.737898e+09
1     1545.655197    0.000109  0.000024  ...  0.000012  7.625077e+06  1.737898e+09
2     1545.664054    0.000110  0.000036  ...  0.000012  7.604100e+06  1.737898e+09
3     1545.655261    0.000109  0.000024  ...  0.000012  7.610668e+06  1.737898e+09
4     1545.664016    0.000107  0.000034  ...  0.000012  7.605103e+06  1.737898e+09
...           ...         ...       ...  ...       ...           ...           ...
1587  1545.655369    0.000105  0.000022  ...  0.000012  7.630743e+06  1.737914e+09
1588  1545.664061    0.000107  0.000035  ...  0.000012  7.624937e+06  1.737914e+09
1589  1545.655419    0.000113  0.000025  ...  0.000012  7.633545e+06  1.737914e+09
1590  1545.664003    0.000107  0.000035  ...  0.000012  7.635941e+06  1.737914e+09
1591  1545.655310    0.000105  0.000022  ...  0.000012  7.624630e+06  1.737914e+09

[1592 rows x 13 columns]
CHANNEL_3_4
           cbragg  cbragg_err   credchi  ...  cdelta_n            cL     timestamp
0     1546.637575    0.000096  0.000023  ...  0.000012  7.781030e+06  1.737898e+09
1     1546.627116    0.000095  0.000020  ...  0.000012  7.778658e+06  1.737898e+09
2     1546.637548    0.000096  0.000023  ...  0.000012  7.757804e+06  1.737898e+09
3     1546.627117    0.000092  0.000019  ...  0.000012  7.780541e+06  1.737898e+09
4     1546.637607    0.000096  0.000023  ...  0.000012  7.776320e+06  1.737898e+09
...           ...         ...       ...  ...       ...           ...           ...
1587  1546.627216    0.000094  0.000020  ...  0.000012  7.778358e+06  1.737914e+09
1588  1546.637732    0.000094  0.000022  ...  0.000012  7.770448e+06  1.737914e+09
1589  1546.627202    0.000094  0.000020  ...  0.000012  7.780385e+06  1.737914e+09
1590  1546.637681    0.000096  0.000023  ...  0.000012  7.756856e+06  1.737914e+09
1591  1546.627236    0.000094  0.000020  ...  0.000012  7.725048e+06  1.737914e+09

[1592 rows x 13 columns]
CHANNEL_3_5
           cbragg  cbragg_err   credchi  ...  cdelta_n            cL     timestamp
0     1547.652791    0.000080  0.000014  ...  0.000012  7.607635e+06  1.737898e+09
1     1547.650624    0.000077  0.000015  ...  0.000012  7.593572e+06  1.737898e+09
2     1547.652795    0.000079  0.000014  ...  0.000012  7.610062e+06  1.737898e+09
3     1547.650616    0.000078  0.000015  ...  0.000012  7.617141e+06  1.737898e+09
4     1547.652839    0.000079  0.000014  ...  0.000012  7.574868e+06  1.737898e+09
...           ...         ...       ...  ...       ...           ...           ...
1587  1547.650821    0.000078  0.000015  ...  0.000012  7.591993e+06  1.737914e+09
1588  1547.652933    0.000081  0.000015  ...  0.000012  7.556091e+06  1.737914e+09
1589  1547.650831    0.000076  0.000014  ...  0.000012  7.598939e+06  1.737914e+09
1590  1547.652806    0.000080  0.000014  ...  0.000012  7.611273e+06  1.737914e+09
1591  1547.650695    0.000077  0.000015  ...  0.000012  7.597317e+06  1.737914e+09

[1592 rows x 13 columns]
CHANNEL_3_6
           cbragg  cbragg_err   credchi  ...  cdelta_n            cL     timestamp
0     1548.643113    0.000078  0.000020  ...  0.000012  7.805719e+06  1.737898e+09
1     1548.631259    0.000073  0.000010  ...  0.000012  7.897533e+06  1.737898e+09
2     1548.643064    0.000080  0.000020  ...  0.000012  7.803040e+06  1.737898e+09
3     1548.631234    0.000075  0.000010  ...  0.000012  7.905060e+06  1.737898e+09
4     1548.643015    0.000104  0.000036  ...  0.000012  7.994871e+06  1.737898e+09
...           ...         ...       ...  ...       ...           ...           ...
1587  1548.631457    0.000074  0.000010  ...  0.000012  7.900427e+06  1.737914e+09
1588  1548.643134    0.000079  0.000020  ...  0.000012  7.800906e+06  1.737914e+09
1589  1548.631376    0.000073  0.000010  ...  0.000012  7.896663e+06  1.737914e+09
1590  1548.643060    0.000077  0.000019  ...  0.000012  7.813043e+06  1.737914e+09
1591  1548.631310    0.000075  0.000010  ...  0.000012  7.893062e+06  1.737914e+09

[1592 rows x 13 columns]
CHANNEL_3_7
           cbragg  cbragg_err   credchi  ...  cdelta_n            cL     timestamp
0     1549.656747    0.000088  0.000014  ...  0.000012  7.569743e+06  1.737898e+09
1     1549.657908    0.000090  0.000023  ...  0.000012  7.593386e+06  1.737898e+09
2     1549.656826    0.000129  0.000028  ...  0.000012  7.255175e+06  1.737898e+09
3     1549.658067    0.000085  0.000020  ...  0.000012  7.538109e+06  1.737898e+09
4     1549.656744    0.000130  0.000028  ...  0.000012  7.260888e+06  1.737898e+09
...           ...         ...       ...  ...       ...           ...           ...
1587  1549.658209    0.000085  0.000020  ...  0.000012  7.526837e+06  1.737914e+09
1588  1549.656928    0.000129  0.000028  ...  0.000012  7.262402e+06  1.737914e+09
1589  1549.658078    0.000084  0.000020  ...  0.000012  7.529124e+06  1.737914e+09
1590  1549.656936    0.000099  0.000017  ...  0.000012  7.399045e+06  1.737914e+09
1591  1549.658142    0.000086  0.000021  ...  0.000012  7.525196e+06  1.737914e+09

[1592 rows x 13 columns]
CHANNEL_3_8
           cbragg  cbragg_err   credchi  ...  cdelta_n            cL     timestamp
0     1550.612834    0.000089  0.000019  ...  0.000012  7.629036e+06  1.737898e+09
1     1550.603898    0.000261  0.000079  ...  0.000012  6.990192e+06  1.737898e+09
2     1550.612799    0.000090  0.000019  ...  0.000012  7.627032e+06  1.737898e+09
3     1550.603768    0.000091  0.000011  ...  0.000012  7.699841e+06  1.737898e+09
4     1550.612788    0.000088  0.000018  ...  0.000012  7.618352e+06  1.737898e+09
...           ...         ...       ...  ...       ...           ...           ...
1587  1550.603879    0.000088  0.000011  ...  0.000012  7.715821e+06  1.737914e+09
1588  1550.612919    0.000089  0.000019  ...  0.000012  7.633051e+06  1.737914e+09
1589  1550.603888    0.000085  0.000010  ...  0.000012  7.700365e+06  1.737914e+09
1590  1550.612941    0.000088  0.000018  ...  0.000012  7.630428e+06  1.737914e+09
1591  1550.603861    0.000088  0.000011  ...  0.000012  7.725387e+06  1.737914e+09

[1592 rows x 13 columns]
CHANNEL_3_9
           cbragg  cbragg_err   credchi  ...  cdelta_n            cL     timestamp
0     1551.607479    0.000234  0.000070  ...  0.000012  7.066074e+06  1.737898e+09
1     1551.604955    0.000090  0.000016  ...  0.000012  7.670810e+06  1.737898e+09
2     1551.607363    0.000095  0.000013  ...  0.000012  7.695806e+06  1.737898e+09
3     1551.604860    0.000091  0.000017  ...  0.000012  7.621147e+06  1.737898e+09
4     1551.607371    0.000097  0.000014  ...  0.000012  7.685277e+06  1.737898e+09
...           ...         ...       ...  ...       ...           ...           ...
1587  1551.605072    0.000090  0.000016  ...  0.000012  7.659170e+06  1.737914e+09
1588  1551.607469    0.000095  0.000013  ...  0.000012  7.692013e+06  1.737914e+09
1589  1551.605023    0.000090  0.000016  ...  0.000012  7.656532e+06  1.737914e+09
1590  1551.607503    0.000095  0.000013  ...  0.000012  7.701036e+06  1.737914e+09
1591  1551.605054    0.000089  0.000016  ...  0.000012  7.676146e+06  1.737914e+09

[1592 rows x 13 columns]
CHANNEL_3_10
           cbragg  cbragg_err   credchi  ...  cdelta_n            cL     timestamp
0     1552.615890    0.000106  0.000019  ...  0.000012  7.744263e+06  1.737898e+09
1     1552.609426    0.000103  0.000015  ...  0.000012  7.792402e+06  1.737898e+09
2     1552.615963    0.000103  0.000018  ...  0.000012  7.767780e+06  1.737898e+09
3     1552.609544    0.000172  0.000038  ...  0.000012  7.361878e+06  1.737898e+09
4     1552.615878    0.000104  0.000018  ...  0.000012  7.760202e+06  1.737898e+09
...           ...         ...       ...  ...       ...           ...           ...
1587  1552.609650    0.000208  0.000053  ...  0.000012  7.232017e+06  1.737914e+09
1588  1552.615884    0.000103  0.000018  ...  0.000012  7.774127e+06  1.737914e+09
1589  1552.609586    0.000219  0.000059  ...  0.000012  7.209881e+06  1.737914e+09
1590  1552.615999    0.000102  0.000017  ...  0.000012  7.776502e+06  1.737914e+09
1591  1552.609592    0.000106  0.000015  ...  0.000012  7.795035e+06  1.737914e+09

[1592 rows x 13 columns]
CHANNEL_3_11
           cbragg  cbragg_err   credchi  ...  cdelta_n            cL     timestamp
0     1553.585066    0.000125  0.000035  ...  0.000012  7.959971e+06  1.737898e+09
1     1553.574438    0.000124  0.000027  ...  0.000012  7.961171e+06  1.737898e+09
2     1553.585252    0.000123  0.000034  ...  0.000012  7.969910e+06  1.737898e+09
3     1553.574460    0.000123  0.000027  ...  0.000012  7.958360e+06  1.737898e+09
4     1553.585162    0.000123  0.000034  ...  0.000012  7.982022e+06  1.737898e+09
...           ...         ...       ...  ...       ...           ...           ...
1587  1553.574400    0.000122  0.000027  ...  0.000012  7.953517e+06  1.737914e+09
1588  1553.585129    0.000123  0.000034  ...  0.000012  7.973205e+06  1.737914e+09
1589  1553.574496    0.000123  0.000027  ...  0.000012  7.950941e+06  1.737914e+09
1590  1553.585225    0.000123  0.000034  ...  0.000012  7.971919e+06  1.737914e+09
1591  1553.574629    0.000122  0.000026  ...  0.000012  7.958033e+06  1.737914e+09

[1592 rows x 13 columns]
CHANNEL_3_12
           cbragg  cbragg_err   credchi  ...  cdelta_n            cL     timestamp
0     1554.558465    0.000096  0.000018  ...  0.000012  7.816518e+06  1.737898e+09
1     1554.554117    0.000096  0.000014  ...  0.000012  7.837677e+06  1.737898e+09
2     1554.558504    0.000154  0.000044  ...  0.000012  7.440861e+06  1.737898e+09
3     1554.554121    0.000097  0.000014  ...  0.000012  7.829271e+06  1.737898e+09
4     1554.558476    0.000095  0.000017  ...  0.000012  7.815737e+06  1.737898e+09
...           ...         ...       ...  ...       ...           ...           ...
1587  1554.554230    0.000182  0.000048  ...  0.000012  7.392240e+06  1.737914e+09
1588  1554.558478    0.000171  0.000052  ...  0.000012  7.368622e+06  1.737914e+09
1589  1554.554256    0.000096  0.000014  ...  0.000012  7.837933e+06  1.737914e+09
1590  1554.558439    0.000094  0.000017  ...  0.000012  7.808003e+06  1.737914e+09
1591  1554.554218    0.000152  0.000033  ...  0.000012  7.471945e+06  1.737914e+09

[1592 rows x 13 columns]
CHANNEL_3_13
           cbragg  cbragg_err   credchi  ...  cdelta_n            cL     timestamp
0     1555.566516    0.000089  0.000013  ...  0.000012  7.626546e+06  1.737898e+09
1     1555.560639    0.000085  0.000013  ...  0.000012  7.593356e+06  1.737898e+09
2     1555.566408    0.000090  0.000013  ...  0.000012  7.622453e+06  1.737898e+09
3     1555.560486    0.000090  0.000014  ...  0.000012  7.581729e+06  1.737898e+09
4     1555.566452    0.000089  0.000013  ...  0.000012  7.631275e+06  1.737898e+09
...           ...         ...       ...  ...       ...           ...           ...
1587  1555.560691    0.000086  0.000013  ...  0.000012  7.587211e+06  1.737914e+09
1588  1555.566553    0.000088  0.000012  ...  0.000012  7.619088e+06  1.737914e+09
1589  1555.560602    0.000086  0.000013  ...  0.000012  7.589885e+06  1.737914e+09
1590  1555.566525    0.000088  0.000013  ...  0.000012  7.629301e+06  1.737914e+09
1591  1555.560657    0.000087  0.000013  ...  0.000012  7.586558e+06  1.737914e+09

[1592 rows x 13 columns]
CHANNEL_3_14
           cbragg  cbragg_err   credchi  ...  cdelta_n            cL     timestamp
0     1556.520547    0.000184  0.000075  ...  0.000012  7.708964e+06  1.737898e+09
1     1556.514241    0.000181  0.000046  ...  0.000012  7.792878e+06  1.737898e+09
2     1556.520583    0.000187  0.000077  ...  0.000012  7.752086e+06  1.737898e+09
3     1556.514284    0.000184  0.000048  ...  0.000012  7.798263e+06  1.737898e+09
4     1556.520567    0.000186  0.000076  ...  0.000012  7.721064e+06  1.737898e+09
...           ...         ...       ...  ...       ...           ...           ...
1587  1556.514404    0.000184  0.000048  ...  0.000012  7.789255e+06  1.737914e+09
1588  1556.520694    0.000185  0.000075  ...  0.000012  7.738504e+06  1.737914e+09
1589  1556.514417    0.000184  0.000048  ...  0.000012  7.795681e+06  1.737914e+09
1590  1556.520611    0.000182  0.000073  ...  0.000012  7.746482e+06  1.737914e+09
1591  1556.514366    0.000187  0.000050  ...  0.000012  7.798661e+06  1.737914e+09

[1592 rows x 13 columns]
