CHANNEL_0_1
           cbragg  cbragg_err   credchi  ...  cdelta_n            cL     timestamp
0     1544.630564    0.000106  0.000054  ...  0.000012  7.629644e+06  1.734839e+09
1     1544.633102    0.000105  0.000055  ...  0.000012  7.650132e+06  1.734839e+09
2     1544.630436    0.000106  0.000053  ...  0.000012  7.633318e+06  1.734839e+09
3     1544.633018    0.000207  0.000052  ...  0.000012  7.647014e+06  1.734839e+09
4     1544.630415    0.000156  0.000054  ...  0.000012  7.636589e+06  1.734839e+09
...           ...         ...       ...  ...       ...           ...           ...
1587  1544.630746    0.000116  0.000056  ...  0.000012  7.638196e+06  1.734855e+09
1588  1544.627499    0.000106  0.000054  ...  0.000012  7.640359e+06  1.734855e+09
1589  1544.630801    0.000103  0.000053  ...  0.000012  7.643654e+06  1.734855e+09
1590  1544.627548    0.000104  0.000052  ...  0.000012  7.640129e+06  1.734855e+09
1591  1544.630663    0.000107  0.000053  ...  0.000012  7.645973e+06  1.734855e+09

[1592 rows x 13 columns]
CHANNEL_0_2
           cbragg  cbragg_err   credchi  ...  cdelta_n            cL     timestamp
0     1545.471977    0.000095  0.000020  ...  0.000012  7.603593e+06  1.734839e+09
1     1545.468380    0.000100  0.000023  ...  0.000012  7.605762e+06  1.734839e+09
2     1545.472056    0.000089  0.000018  ...  0.000012  7.610862e+06  1.734839e+09
3     1545.468368    0.000096  0.000021  ...  0.000012  7.613981e+06  1.734839e+09
4     1545.472084    0.000092  0.000019  ...  0.000012  7.610485e+06  1.734839e+09
...           ...         ...       ...  ...       ...           ...           ...
1587  1545.466161    0.000100  0.000023  ...  0.000012  7.634620e+06  1.734855e+09
1588  1545.469306    0.000093  0.000020  ...  0.000012  7.629240e+06  1.734855e+09
1589  1545.466114    0.000101  0.000024  ...  0.000012  7.622022e+06  1.734855e+09
1590  1545.469182    0.000094  0.000020  ...  0.000012  7.613862e+06  1.734855e+09
1591  1545.466035    0.000098  0.000022  ...  0.000012  7.614747e+06  1.734855e+09

[1592 rows x 13 columns]
CHANNEL_0_3
           cbragg  cbragg_err   credchi  ...  cdelta_n            cL     timestamp
0     1546.213642    0.000108  0.000045  ...  0.000012  7.688801e+06  1.734839e+09
1     1546.216369    0.000106  0.000045  ...  0.000012  7.628870e+06  1.734839e+09
2     1546.213573    0.000170  0.000111  ...  0.000012  7.913442e+06  1.734839e+09
3     1546.216207    0.000129  0.000069  ...  0.000012  7.852083e+06  1.734839e+09
4     1546.213751    0.000106  0.000042  ...  0.000012  7.612137e+06  1.734839e+09
...           ...         ...       ...  ...       ...           ...           ...
1587  1546.214105    0.000107  0.000046  ...  0.000012  7.614421e+06  1.734855e+09
1588  1546.210837    0.000108  0.000043  ...  0.000012  7.609085e+06  1.734855e+09
1589  1546.214095    0.000108  0.000047  ...  0.000012  7.619440e+06  1.734855e+09
1590  1546.210852    0.000105  0.000041  ...  0.000012  7.620030e+06  1.734855e+09
1591  1546.214042    0.000107  0.000046  ...  0.000012  7.615599e+06  1.734855e+09

[1592 rows x 13 columns]
CHANNEL_0_4
           cbragg  cbragg_err   credchi  ...  cdelta_n            cL     timestamp
0     1547.118155    0.000114  0.000049  ...  0.000012  7.869221e+06  1.734839e+09
1     1547.114479    0.000111  0.000047  ...  0.000012  7.867542e+06  1.734839e+09
2     1547.118091    0.000113  0.000049  ...  0.000012  7.856872e+06  1.734839e+09
3     1547.114307    0.000112  0.000048  ...  0.000012  7.875824e+06  1.734839e+09
4     1547.118099    0.000112  0.000048  ...  0.000012  7.866285e+06  1.734839e+09
...           ...         ...       ...  ...       ...           ...           ...
1587  1547.113305    0.000111  0.000047  ...  0.000012  7.865962e+06  1.734855e+09
1588  1547.116525    0.000113  0.000049  ...  0.000012  7.869587e+06  1.734855e+09
1589  1547.113267    0.000110  0.000046  ...  0.000012  7.864995e+06  1.734855e+09
1590  1547.116442    0.000139  0.000075  ...  0.000012  8.073874e+06  1.734855e+09
1591  1547.113183    0.000112  0.000048  ...  0.000012  7.860972e+06  1.734855e+09

[1592 rows x 13 columns]
CHANNEL_0_5
           cbragg  cbragg_err   credchi  ...  cdelta_n            cL     timestamp
0     1548.091870    0.000088  0.000043  ...  0.000012  7.697079e+06  1.734839e+09
1     1548.089867    0.000094  0.000034  ...  0.000012  7.746102e+06  1.734839e+09
2     1548.091888    0.000088  0.000043  ...  0.000012  7.719677e+06  1.734839e+09
3     1548.089830    0.000093  0.000032  ...  0.000012  7.728300e+06  1.734839e+09
4     1548.091728    0.000090  0.000045  ...  0.000012  7.669206e+06  1.734839e+09
...           ...         ...       ...  ...       ...           ...           ...
1587  1548.088962    0.000091  0.000031  ...  0.000012  7.733809e+06  1.734855e+09
1588  1548.090455    0.000087  0.000041  ...  0.000012  7.706592e+06  1.734855e+09
1589  1548.089210    0.000092  0.000032  ...  0.000012  7.742347e+06  1.734855e+09
1590  1548.090475    0.000126  0.000091  ...  0.000012  7.965319e+06  1.734855e+09
1591  1548.089200    0.000103  0.000041  ...  0.000012  7.884839e+06  1.734855e+09

[1592 rows x 13 columns]
CHANNEL_0_6
           cbragg  cbragg_err   credchi  ...  cdelta_n            cL     timestamp
0     1549.068470    0.000078  0.000023  ...  0.000012  7.544743e+06  1.734839e+09
1     1549.074482    0.000082  0.000044  ...  0.000012  7.466853e+06  1.734839e+09
2     1549.068332    0.000081  0.000025  ...  0.000012  7.603254e+06  1.734839e+09
3     1549.074391    0.000091  0.000056  ...  0.000012  7.574688e+06  1.734839e+09
4     1549.068328    0.000078  0.000023  ...  0.000012  7.582480e+06  1.734839e+09
...           ...         ...       ...  ...       ...           ...           ...
1587  1549.073453    0.000080  0.000042  ...  0.000012  7.477300e+06  1.734855e+09
1588  1549.067197    0.000076  0.000022  ...  0.000012  7.537461e+06  1.734855e+09
1589  1549.074174    0.000207  0.000312  ...  0.000012  8.018914e+06  1.734855e+09
1590  1549.067138    0.000077  0.000022  ...  0.000012  7.554188e+06  1.734855e+09
1591  1549.073496    0.000082  0.000044  ...  0.000012  7.486337e+06  1.734855e+09

[1592 rows x 13 columns]
CHANNEL_0_7
           cbragg  cbragg_err   credchi  ...  cdelta_n            cL     timestamp
0     1550.075042    0.000128  0.000055  ...  0.000012  7.636233e+06  1.734839e+09
1     1550.069921    0.000125  0.000044  ...  0.000012  7.621951e+06  1.734839e+09
2     1550.074943    0.000135  0.000060  ...  0.000012  7.677830e+06  1.734839e+09
3     1550.069825    0.000126  0.000044  ...  0.000012  7.627820e+06  1.734839e+09
4     1550.074951    0.000126  0.000053  ...  0.000012  7.592250e+06  1.734839e+09
...           ...         ...       ...  ...       ...           ...           ...
1587  1550.069146    0.000126  0.000044  ...  0.000012  7.622979e+06  1.734855e+09
1588  1550.073719    0.000127  0.000053  ...  0.000012  7.587644e+06  1.734855e+09
1589  1550.069160    0.000126  0.000045  ...  0.000012  7.627325e+06  1.734855e+09
1590  1550.073725    0.000129  0.000055  ...  0.000012  7.631770e+06  1.734855e+09
1591  1550.069149    0.000125  0.000044  ...  0.000012  7.630339e+06  1.734855e+09

[1592 rows x 13 columns]
CHANNEL_0_8
           cbragg  cbragg_err   credchi  ...  cdelta_n            cL     timestamp
0     1551.047046    0.000076  0.000020  ...  0.000012  7.565288e+06  1.734839e+09
1     1551.046848    0.000075  0.000016  ...  0.000012  7.597331e+06  1.734839e+09
2     1551.047093    0.000076  0.000020  ...  0.000012  7.560259e+06  1.734839e+09
3     1551.046808    0.000078  0.000017  ...  0.000012  7.583496e+06  1.734839e+09
4     1551.047037    0.000076  0.000020  ...  0.000012  7.566081e+06  1.734839e+09
...           ...         ...       ...  ...       ...           ...           ...
1587  1551.046312    0.000076  0.000017  ...  0.000012  7.587009e+06  1.734855e+09
1588  1551.046078    0.000076  0.000019  ...  0.000012  7.563174e+06  1.734855e+09
1589  1551.046394    0.000076  0.000017  ...  0.000012  7.592760e+06  1.734855e+09
1590  1551.045998    0.000076  0.000020  ...  0.000012  7.569478e+06  1.734855e+09
1591  1551.046369    0.000076  0.000017  ...  0.000012  7.581134e+06  1.734855e+09

[1592 rows x 13 columns]
CHANNEL_0_9
           cbragg  cbragg_err   credchi  ...  cdelta_n            cL     timestamp
0     1552.028282    0.000099  0.000020  ...  0.000012  7.640117e+06  1.734839e+09
1     1552.031703    0.000115  0.000047  ...  0.000012  7.814598e+06  1.734839e+09
2     1552.028314    0.000098  0.000020  ...  0.000012  7.652853e+06  1.734839e+09
3     1552.031737    0.000093  0.000030  ...  0.000012  7.624501e+06  1.734839e+09
4     1552.028128    0.000119  0.000028  ...  0.000012  7.418846e+06  1.734839e+09
...           ...         ...       ...  ...       ...           ...           ...
1587  1552.031199    0.000095  0.000031  ...  0.000012  7.628417e+06  1.734855e+09
1588  1552.027284    0.000099  0.000020  ...  0.000012  7.643519e+06  1.734855e+09
1589  1552.031275    0.000092  0.000030  ...  0.000012  7.627992e+06  1.734855e+09
1590  1552.027141    0.000098  0.000020  ...  0.000012  7.602693e+06  1.734855e+09
1591  1552.031196    0.000093  0.000030  ...  0.000012  7.623987e+06  1.734855e+09

[1592 rows x 13 columns]
CHANNEL_0_10
           cbragg  cbragg_err   credchi  ...  cdelta_n            cL     timestamp
0     1553.038262    0.000086  0.000019  ...  0.000012  7.718367e+06  1.734839e+09
1     1553.031908    0.000086  0.000014  ...  0.000012  7.747262e+06  1.734839e+09
2     1553.038326    0.000083  0.000018  ...  0.000012  7.719137e+06  1.734839e+09
3     1553.031885    0.000085  0.000014  ...  0.000012  7.763976e+06  1.734839e+09
4     1553.038218    0.000084  0.000019  ...  0.000012  7.729285e+06  1.734839e+09
...           ...         ...       ...  ...       ...           ...           ...
1587  1553.031643    0.000139  0.000034  ...  0.000012  7.390806e+06  1.734855e+09
1588  1553.037415    0.000085  0.000019  ...  0.000012  7.711091e+06  1.734855e+09
1589  1553.031524    0.000085  0.000014  ...  0.000012  7.738089e+06  1.734855e+09
1590  1553.037397    0.000085  0.000019  ...  0.000012  7.687416e+06  1.734855e+09
1591  1553.031545    0.000085  0.000014  ...  0.000012  7.749297e+06  1.734855e+09

[1592 rows x 13 columns]
CHANNEL_0_11
           cbragg  cbragg_err   credchi  ...  cdelta_n            cL     timestamp
0     1554.043454    0.000076  0.000010  ...  0.000012  7.632295e+06  1.734839e+09
1     1554.046714    0.000074  0.000014  ...  0.000012  7.621016e+06  1.734839e+09
2     1554.043505    0.000072  0.000009  ...  0.000012  7.646505e+06  1.734839e+09
3     1554.046735    0.000074  0.000014  ...  0.000012  7.631187e+06  1.734839e+09
4     1554.043437    0.000072  0.000010  ...  0.000012  7.606740e+06  1.734839e+09
...           ...         ...       ...  ...       ...           ...           ...
1587  1554.046115    0.000073  0.000014  ...  0.000012  7.644856e+06  1.734855e+09
1588  1554.042510    0.000074  0.000010  ...  0.000012  7.651710e+06  1.734855e+09
1589  1554.046138    0.000073  0.000014  ...  0.000012  7.640023e+06  1.734855e+09
1590  1554.042560    0.000070  0.000009  ...  0.000012  7.614315e+06  1.734855e+09
1591  1554.046225    0.000071  0.000013  ...  0.000012  7.654900e+06  1.734855e+09

[1592 rows x 13 columns]
CHANNEL_0_12
           cbragg  cbragg_err   credchi  ...  cdelta_n            cL     timestamp
0     1555.071429    0.000120  0.000054  ...  0.000012  7.491906e+06  1.734839e+09
1     1555.066469    0.000120  0.000047  ...  0.000012  7.501636e+06  1.734839e+09
2     1555.071445    0.000118  0.000052  ...  0.000012  7.486548e+06  1.734839e+09
3     1555.066453    0.000123  0.000049  ...  0.000012  7.516056e+06  1.734839e+09
4     1555.071447    0.000133  0.000066  ...  0.000012  7.547258e+06  1.734839e+09
...           ...         ...       ...  ...       ...           ...           ...
1587  1555.065870    0.000120  0.000047  ...  0.000012  7.487852e+06  1.734855e+09
1588  1555.070515    0.000123  0.000056  ...  0.000012  7.485968e+06  1.734855e+09
1589  1555.065857    0.000123  0.000049  ...  0.000012  7.499592e+06  1.734855e+09
1590  1555.070546    0.000121  0.000054  ...  0.000012  7.471825e+06  1.734855e+09
1591  1555.066123    0.000119  0.000046  ...  0.000012  7.493858e+06  1.734855e+09

[1592 rows x 13 columns]
CHANNEL_0_13
           cbragg  cbragg_err   credchi  ...  cdelta_n            cL     timestamp
0     1556.044295    0.000142  0.000042  ...  0.000012  7.632077e+06  1.734839e+09
1     1556.045291    0.000141  0.000042  ...  0.000012  7.660547e+06  1.734839e+09
2     1556.044472    0.000143  0.000043  ...  0.000012  7.639440e+06  1.734839e+09
3     1556.045418    0.000144  0.000043  ...  0.000012  7.600549e+06  1.734839e+09
4     1556.044427    0.000143  0.000043  ...  0.000012  7.636393e+06  1.734839e+09
...           ...         ...       ...  ...       ...           ...           ...
1587  1556.044863    0.000141  0.000042  ...  0.000012  7.640361e+06  1.734855e+09
1588  1556.043314    0.000144  0.000043  ...  0.000012  7.627873e+06  1.734855e+09
1589  1556.044943    0.000142  0.000043  ...  0.000012  7.586494e+06  1.734855e+09
1590  1556.043405    0.000141  0.000042  ...  0.000012  7.631504e+06  1.734855e+09
1591  1556.044872    0.000140  0.000042  ...  0.000012  7.599451e+06  1.734855e+09

[1592 rows x 13 columns]
CHANNEL_0_14
           cbragg  cbragg_err   credchi  ...  cdelta_n            cL     timestamp
0     1557.015163    0.000102  0.000029  ...  0.000012  7.662892e+06  1.734839e+09
1     1557.015224    0.000105  0.000043  ...  0.000012  7.600477e+06  1.734839e+09
2     1557.015181    0.000102  0.000029  ...  0.000012  7.659295e+06  1.734839e+09
3     1557.015188    0.000105  0.000043  ...  0.000012  7.594391e+06  1.734839e+09
4     1557.015198    0.000102  0.000029  ...  0.000012  7.654913e+06  1.734839e+09
...           ...         ...       ...  ...       ...           ...           ...
1587  1557.014509    0.000105  0.000044  ...  0.000012  7.605223e+06  1.734855e+09
1588  1557.014358    0.000103  0.000029  ...  0.000012  7.665608e+06  1.734855e+09
1589  1557.014478    0.000106  0.000044  ...  0.000012  7.605858e+06  1.734855e+09
1590  1557.014365    0.000103  0.000030  ...  0.000012  7.653619e+06  1.734855e+09
1591  1557.014574    0.000105  0.000043  ...  0.000012  7.607801e+06  1.734855e+09

[1592 rows x 13 columns]
CHANNEL_1_1
           cbragg  cbragg_err   credchi  ...  cdelta_n            cL     timestamp
0     1556.195564    0.000158  0.000022  ...  0.000012  2.599256e+06  1.734839e+09
1     1556.196230    0.000076  0.000005  ...  0.000012  2.670629e+06  1.734839e+09
2     1556.194164    0.001157  0.002760  ...  0.000012  3.551422e+06  1.734839e+09
3     1556.195577    0.000092  0.000008  ...  0.000012  2.637482e+06  1.734839e+09
4     1556.195936    0.000562  0.000222  ...  0.000012  2.416149e+06  1.734839e+09
...           ...         ...       ...  ...       ...           ...           ...
1587  1556.193581    0.000075  0.000005  ...  0.000012  2.676751e+06  1.734855e+09
1588  1556.192701    0.000278  0.000062  ...  0.000012  2.533548e+06  1.734855e+09
1589  1556.191738    0.000669  0.000636  ...  0.000012  3.120486e+06  1.734855e+09
1590  1556.192534    0.000078  0.000006  ...  0.000012  2.672702e+06  1.734855e+09
1591  1556.191869    0.001487  0.004105  ...  0.000012  3.627264e+06  1.734855e+09

[1592 rows x 13 columns]
CHANNEL_1_2
           cbragg  cbragg_err   credchi  ...  cdelta_n            cL     timestamp
0     1558.189592    0.000920  0.002174  ...  0.000012  3.472515e+06  1.734839e+09
1     1558.192835    0.001056  0.003196  ...  0.000012  3.606880e+06  1.734839e+09
2     1558.189724    0.001311  0.004371  ...  0.000012  3.622898e+06  1.734839e+09
3     1558.193450    0.000114  0.000019  ...  0.000012  2.806979e+06  1.734839e+09
4     1558.189966    0.000969  0.002395  ...  0.000012  3.486078e+06  1.734839e+09
...           ...         ...       ...  ...       ...           ...           ...
1587  1558.191787    0.001123  0.003693  ...  0.000012  3.658625e+06  1.734855e+09
1588  1558.189295    0.000355  0.000230  ...  0.000012  3.028925e+06  1.734855e+09
1589  1558.192214    0.000486  0.000479  ...  0.000012  3.127802e+06  1.734855e+09
1590  1558.189433    0.000168  0.000039  ...  0.000012  2.735408e+06  1.734855e+09
1591  1558.192623    0.000118  0.000021  ...  0.000012  2.798126e+06  1.734855e+09

[1592 rows x 13 columns]
CHANNEL_1_3
           cbragg  cbragg_err   credchi  ...  cdelta_n            cL     timestamp
0     1561.009493    0.000050  0.000004  ...  0.000012  2.931972e+06  1.734839e+09
1     1561.005125    0.000060  0.000005  ...  0.000012  2.910603e+06  1.734839e+09
2     1561.009568    0.000175  0.000046  ...  0.000012  2.827075e+06  1.734839e+09
3     1561.005105    0.000069  0.000007  ...  0.000012  2.886017e+06  1.734839e+09
4     1561.009551    0.000058  0.000006  ...  0.000012  2.901879e+06  1.734839e+09
...           ...         ...       ...  ...       ...           ...           ...
1587  1561.004355    0.000046  0.000003  ...  0.000012  2.926774e+06  1.734855e+09
1588  1561.008534    0.000042  0.000003  ...  0.000012  2.925609e+06  1.734855e+09
1589  1561.004277    0.000337  0.000151  ...  0.000012  2.737343e+06  1.734855e+09
1590  1561.009040    0.000045  0.000003  ...  0.000012  2.931679e+06  1.734855e+09
1591  1561.004349    0.000830  0.001679  ...  0.000012  3.484942e+06  1.734855e+09

[1592 rows x 13 columns]
CHANNEL_2_1
           cbragg  cbragg_err   credchi  ...  cdelta_n            cL     timestamp
0     1543.613398    0.000080  0.000007  ...  0.000012  2.768850e+06  1.734839e+09
1     1543.611601    0.000076  0.000006  ...  0.000012  2.771010e+06  1.734839e+09
2     1543.613766    0.000079  0.000006  ...  0.000012  2.769984e+06  1.734839e+09
3     1543.612008    0.000086  0.000006  ...  0.000012  2.770817e+06  1.734839e+09
4     1543.613684    0.000079  0.000006  ...  0.000012  2.771406e+06  1.734839e+09
...           ...         ...       ...  ...       ...           ...           ...
1587  1543.608994    0.000077  0.000006  ...  0.000012  2.771625e+06  1.734855e+09
1588  1543.610485    0.000082  0.000007  ...  0.000012  2.769304e+06  1.734855e+09
1589  1543.608742    0.000121  0.000006  ...  0.000012  2.771050e+06  1.734855e+09
1590  1543.610531    0.000079  0.000006  ...  0.000012  2.769521e+06  1.734855e+09
1591  1543.608673    0.000095  0.000006  ...  0.000012  2.772180e+06  1.734855e+09

[1592 rows x 13 columns]
CHANNEL_2_2
           cbragg  cbragg_err   credchi  ...  cdelta_n            cL     timestamp
0     1545.914453    0.000544  0.000323  ...  0.000012  2.994437e+06  1.734839e+09
1     1545.917432    0.000136  0.000015  ...  0.000012  2.668456e+06  1.734839e+09
2     1545.915136    0.000138  0.000015  ...  0.000012  2.672794e+06  1.734839e+09
3     1545.916836    0.000378  0.000150  ...  0.000012  2.898327e+06  1.734839e+09
4     1545.915024    0.000136  0.000015  ...  0.000012  2.667340e+06  1.734839e+09
...           ...         ...       ...  ...       ...           ...           ...
1587  1545.916594    0.000137  0.000016  ...  0.000012  2.658553e+06  1.734855e+09
1588  1545.914492    0.000137  0.000015  ...  0.000012  2.669014e+06  1.734855e+09
1589  1545.915582    0.000695  0.000638  ...  0.000012  3.137276e+06  1.734855e+09
1590  1545.914338    0.000138  0.000015  ...  0.000012  2.667350e+06  1.734855e+09
1591  1545.916125    0.000874  0.000405  ...  0.000012  2.318030e+06  1.734855e+09

[1592 rows x 13 columns]
CHANNEL_2_3
           cbragg  cbragg_err   credchi  ...  cdelta_n            cL     timestamp
0     1548.514681    0.000885  0.001371  ...  0.000012  3.513030e+06  1.734839e+09
1     1548.513786    0.000130  0.000017  ...  0.000012  2.834473e+06  1.734839e+09
2     1548.513856    0.000487  0.000334  ...  0.000012  3.195632e+06  1.734839e+09
3     1548.513798    0.000098  0.000011  ...  0.000012  2.940425e+06  1.734839e+09
4     1548.514934    0.000655  0.000677  ...  0.000012  3.351222e+06  1.734839e+09
...           ...         ...       ...  ...       ...           ...           ...
1587  1548.512937    0.000131  0.000018  ...  0.000012  2.835767e+06  1.734855e+09
1588  1548.513273    0.000254  0.000082  ...  0.000012  3.058009e+06  1.734855e+09
1589  1548.512973    0.000092  0.000009  ...  0.000012  2.900802e+06  1.734855e+09
1590  1548.514300    0.000773  0.000904  ...  0.000012  3.363178e+06  1.734855e+09
1591  1548.514184    0.000849  0.001237  ...  0.000012  3.486551e+06  1.734855e+09

[1592 rows x 13 columns]
CHANNEL_3_1
           cbragg  cbragg_err   credchi  ...  cdelta_n            cL     timestamp
0     1544.150119    0.000122  0.000024  ...  0.000012  7.795629e+06  1.734839e+09
1     1544.144972    0.000112  0.000020  ...  0.000012  7.827298e+06  1.734839e+09
2     1544.150079    0.000113  0.000026  ...  0.000012  7.766323e+06  1.734839e+09
3     1544.145017    0.000110  0.000019  ...  0.000012  7.821918e+06  1.734839e+09
4     1544.150128    0.000109  0.000025  ...  0.000012  7.786932e+06  1.734839e+09
...           ...         ...       ...  ...       ...           ...           ...
1587  1544.142528    0.000113  0.000019  ...  0.000012  7.819126e+06  1.734855e+09
1588  1544.147986    0.000109  0.000025  ...  0.000012  7.792416e+06  1.734855e+09
1589  1544.142473    0.000146  0.000019  ...  0.000012  7.825696e+06  1.734855e+09
1590  1544.147917    0.000111  0.000026  ...  0.000012  7.790646e+06  1.734855e+09
1591  1544.142464    0.000130  0.000019  ...  0.000012  7.824397e+06  1.734855e+09

[1592 rows x 13 columns]
CHANNEL_3_2
           cbragg  cbragg_err   credchi  ...  cdelta_n            cL     timestamp
0     1545.053070    0.000122  0.000025  ...  0.000012  7.869759e+06  1.734839e+09
1     1545.062041    0.000173  0.000041  ...  0.000012  7.824132e+06  1.734839e+09
2     1545.053144    0.000140  0.000025  ...  0.000012  7.873641e+06  1.734839e+09
3     1545.062064    0.000114  0.000042  ...  0.000012  7.828176e+06  1.734839e+09
4     1545.053122    0.000292  0.000024  ...  0.000012  7.874401e+06  1.734839e+09
...           ...         ...       ...  ...       ...           ...           ...
1587  1545.059945    0.000117  0.000039  ...  0.000012  7.829205e+06  1.734855e+09
1588  1545.051146    0.000412  0.000026  ...  0.000012  7.875577e+06  1.734855e+09
1589  1545.059920    0.000115  0.000043  ...  0.000012  7.819846e+06  1.734855e+09
1590  1545.051245    0.000128  0.000027  ...  0.000012  7.875860e+06  1.734855e+09
1591  1545.060009    0.000113  0.000041  ...  0.000012  7.815503e+06  1.734855e+09

[1592 rows x 13 columns]
CHANNEL_3_3
           cbragg  cbragg_err   credchi  ...  cdelta_n            cL     timestamp
0     1545.815884    0.000105  0.000032  ...  0.000012  7.577426e+06  1.734839e+09
1     1545.811622    0.000115  0.000026  ...  0.000012  7.628983e+06  1.734839e+09
2     1545.815886    0.000106  0.000033  ...  0.000012  7.599148e+06  1.734839e+09
3     1545.811542    0.000112  0.000025  ...  0.000012  7.620106e+06  1.734839e+09
4     1545.815965    0.000110  0.000035  ...  0.000012  7.580105e+06  1.734839e+09
...           ...         ...       ...  ...       ...           ...           ...
1587  1545.809526    0.000115  0.000026  ...  0.000012  7.630699e+06  1.734855e+09
1588  1545.813896    0.000111  0.000037  ...  0.000012  7.598419e+06  1.734855e+09
1589  1545.809585    0.000113  0.000026  ...  0.000012  7.621834e+06  1.734855e+09
1590  1545.813902    0.000108  0.000034  ...  0.000012  7.576652e+06  1.734855e+09
1591  1545.809443    0.000112  0.000025  ...  0.000012  7.638080e+06  1.734855e+09

[1592 rows x 13 columns]
CHANNEL_3_4
           cbragg  cbragg_err   credchi  ...  cdelta_n            cL     timestamp
0     1546.682244    0.000108  0.000020  ...  0.000012  7.650958e+06  1.734839e+09
1     1546.689836    0.000094  0.000028  ...  0.000012  7.752350e+06  1.734839e+09
2     1546.682266    0.000196  0.000059  ...  0.000012  7.276896e+06  1.734839e+09
3     1546.689745    0.000094  0.000027  ...  0.000012  7.749373e+06  1.734839e+09
4     1546.682335    0.000096  0.000016  ...  0.000012  7.814295e+06  1.734839e+09
...           ...         ...       ...  ...       ...           ...           ...
1587  1546.688705    0.000099  0.000031  ...  0.000012  7.850061e+06  1.734855e+09
1588  1546.681267    0.000096  0.000016  ...  0.000012  7.802071e+06  1.734855e+09
1589  1546.688529    0.000096  0.000028  ...  0.000012  7.742358e+06  1.734855e+09
1590  1546.681410    0.000098  0.000016  ...  0.000012  7.795939e+06  1.734855e+09
1591  1546.688589    0.000094  0.000027  ...  0.000012  7.745752e+06  1.734855e+09

[1592 rows x 13 columns]
CHANNEL_3_5
           cbragg  cbragg_err   credchi  ...  cdelta_n            cL     timestamp
0     1547.706480    0.000079  0.000018  ...  0.000012  7.532903e+06  1.734839e+09
1     1547.705295    0.000083  0.000012  ...  0.000012  7.607842e+06  1.734839e+09
2     1547.706522    0.000078  0.000018  ...  0.000012  7.555263e+06  1.734839e+09
3     1547.705303    0.000081  0.000012  ...  0.000012  7.604777e+06  1.734839e+09
4     1547.706430    0.000077  0.000017  ...  0.000012  7.562548e+06  1.734839e+09
...           ...         ...       ...  ...       ...           ...           ...
1587  1547.704204    0.000081  0.000012  ...  0.000012  7.606756e+06  1.734855e+09
1588  1547.705235    0.000079  0.000018  ...  0.000012  7.551888e+06  1.734855e+09
1589  1547.704300    0.000084  0.000013  ...  0.000012  7.593428e+06  1.734855e+09
1590  1547.705226    0.000079  0.000018  ...  0.000012  7.556644e+06  1.734855e+09
1591  1547.704290    0.000084  0.000013  ...  0.000012  7.600519e+06  1.734855e+09

[1592 rows x 13 columns]
CHANNEL_3_6
           cbragg  cbragg_err   credchi  ...  cdelta_n            cL     timestamp
0     1548.692386    0.000082  0.000014  ...  0.000012  7.773205e+06  1.734839e+09
1     1548.692384    0.000084  0.000019  ...  0.000012  7.721645e+06  1.734839e+09
2     1548.692357    0.000082  0.000014  ...  0.000012  7.772583e+06  1.734839e+09
3     1548.692415    0.000081  0.000017  ...  0.000012  7.725308e+06  1.734839e+09
4     1548.692317    0.000081  0.000014  ...  0.000012  7.775741e+06  1.734839e+09
...           ...         ...       ...  ...       ...           ...           ...
1587  1548.691169    0.000085  0.000019  ...  0.000012  7.717882e+06  1.734855e+09
1588  1548.691506    0.000081  0.000014  ...  0.000012  7.706524e+06  1.734855e+09
1589  1548.691264    0.000082  0.000018  ...  0.000012  7.720097e+06  1.734855e+09
1590  1548.691441    0.000083  0.000015  ...  0.000012  7.766171e+06  1.734855e+09
1591  1548.691213    0.000082  0.000018  ...  0.000012  7.726902e+06  1.734855e+09

[1592 rows x 13 columns]
CHANNEL_3_7
           cbragg  cbragg_err   credchi  ...  cdelta_n            cL     timestamp
0     1549.710592    0.000090  0.000019  ...  0.000012  7.538792e+06  1.734839e+09
1     1549.713010    0.000090  0.000018  ...  0.000012  7.577101e+06  1.734839e+09
2     1549.710602    0.000089  0.000018  ...  0.000012  7.547304e+06  1.734839e+09
3     1549.712902    0.000089  0.000017  ...  0.000012  7.586081e+06  1.734839e+09
4     1549.710605    0.000089  0.000018  ...  0.000012  7.547721e+06  1.734839e+09
...           ...         ...       ...  ...       ...           ...           ...
1587  1549.712148    0.000089  0.000018  ...  0.000012  7.574395e+06  1.734855e+09
1588  1549.709398    0.000089  0.000018  ...  0.000012  7.546705e+06  1.734855e+09
1589  1549.712181    0.000089  0.000018  ...  0.000012  7.576596e+06  1.734855e+09
1590  1549.709395    0.000087  0.000017  ...  0.000012  7.557872e+06  1.734855e+09
1591  1549.712092    0.000088  0.000018  ...  0.000012  7.577458e+06  1.734855e+09

[1592 rows x 13 columns]
CHANNEL_3_8
           cbragg  cbragg_err   credchi  ...  cdelta_n            cL     timestamp
0     1550.669257    0.000088  0.000015  ...  0.000012  7.662666e+06  1.734839e+09
1     1550.661874    0.000090  0.000014  ...  0.000012  7.667894e+06  1.734839e+09
2     1550.669263    0.000087  0.000015  ...  0.000012  7.664985e+06  1.734839e+09
3     1550.661889    0.000090  0.000014  ...  0.000012  7.669521e+06  1.734839e+09
4     1550.669255    0.000087  0.000015  ...  0.000012  7.613656e+06  1.734839e+09
...           ...         ...       ...  ...       ...           ...           ...
1587  1550.660336    0.000091  0.000014  ...  0.000012  7.670140e+06  1.734855e+09
1588  1550.668072    0.000106  0.000022  ...  0.000012  7.443330e+06  1.734855e+09
1589  1550.660393    0.000091  0.000014  ...  0.000012  7.672197e+06  1.734855e+09
1590  1550.668024    0.000087  0.000015  ...  0.000012  7.669824e+06  1.734855e+09
1591  1550.660364    0.000091  0.000014  ...  0.000012  7.664578e+06  1.734855e+09

[1592 rows x 13 columns]
CHANNEL_3_9
           cbragg  cbragg_err   credchi  ...  cdelta_n            cL     timestamp
0     1551.661011    0.000095  0.000013  ...  0.000012  7.690462e+06  1.734839e+09
1     1551.663489    0.000092  0.000017  ...  0.000012  7.669729e+06  1.734839e+09
2     1551.660942    0.000095  0.000013  ...  0.000012  7.675819e+06  1.734839e+09
3     1551.663488    0.000095  0.000018  ...  0.000012  7.677335e+06  1.734839e+09
4     1551.660931    0.000094  0.000013  ...  0.000012  7.639677e+06  1.734839e+09
...           ...         ...       ...  ...       ...           ...           ...
1587  1551.662123    0.000091  0.000017  ...  0.000012  7.679780e+06  1.734855e+09
1588  1551.659536    0.000095  0.000013  ...  0.000012  7.648859e+06  1.734855e+09
1589  1551.662212    0.000096  0.000019  ...  0.000012  7.662913e+06  1.734855e+09
1590  1551.659529    0.000094  0.000013  ...  0.000012  7.676407e+06  1.734855e+09
1591  1551.662241    0.000092  0.000017  ...  0.000012  7.673481e+06  1.734855e+09

[1592 rows x 13 columns]
CHANNEL_3_10
           cbragg  cbragg_err   credchi  ...  cdelta_n            cL     timestamp
0     1552.672884    0.000103  0.000020  ...  0.000012  7.755761e+06  1.734839e+09
1     1552.664906    0.000190  0.000043  ...  0.000012  7.347764e+06  1.734839e+09
2     1552.672992    0.000102  0.000020  ...  0.000012  7.741480e+06  1.734839e+09
3     1552.664792    0.000109  0.000015  ...  0.000012  7.800635e+06  1.734839e+09
4     1552.673040    0.000102  0.000020  ...  0.000012  7.734056e+06  1.734839e+09
...           ...         ...       ...  ...       ...           ...           ...
1587  1552.663232    0.000107  0.000014  ...  0.000012  7.791354e+06  1.734855e+09
1588  1552.671684    0.000102  0.000020  ...  0.000012  7.741281e+06  1.734855e+09
1589  1552.663426    0.000110  0.000015  ...  0.000012  7.776274e+06  1.734855e+09
1590  1552.671918    0.000101  0.000020  ...  0.000012  7.730301e+06  1.734855e+09
1591  1552.663534    0.000220  0.000054  ...  0.000012  7.239949e+06  1.734855e+09

[1592 rows x 13 columns]
CHANNEL_3_11
           cbragg  cbragg_err   credchi  ...  cdelta_n            cL     timestamp
0     1553.633368    0.000135  0.000026  ...  0.000012  7.921844e+06  1.734839e+09
1     1553.637796    0.000130  0.000042  ...  0.000012  7.866997e+06  1.734839e+09
2     1553.633377    0.000132  0.000025  ...  0.000012  7.936014e+06  1.734839e+09
3     1553.637823    0.000132  0.000043  ...  0.000012  7.867188e+06  1.734839e+09
4     1553.633468    0.000133  0.000025  ...  0.000012  7.925068e+06  1.734839e+09
...           ...         ...       ...  ...       ...           ...           ...
1587  1553.636288    0.000128  0.000040  ...  0.000012  7.820192e+06  1.734855e+09
1588  1553.632230    0.000133  0.000026  ...  0.000012  7.915622e+06  1.734855e+09
1589  1553.636269    0.000132  0.000042  ...  0.000012  7.850161e+06  1.734855e+09
1590  1553.632197    0.000133  0.000026  ...  0.000012  7.920911e+06  1.734855e+09
1591  1553.636227    0.000131  0.000042  ...  0.000012  7.874186e+06  1.734855e+09

[1592 rows x 13 columns]
CHANNEL_3_12
           cbragg  cbragg_err   credchi  ...  cdelta_n            cL     timestamp
0     1554.616064    0.000096  0.000020  ...  0.000012  7.800733e+06  1.734839e+09
1     1554.607648    0.000101  0.000014  ...  0.000012  7.872183e+06  1.734839e+09
2     1554.616066    0.000133  0.000037  ...  0.000012  7.485793e+06  1.734839e+09
3     1554.607860    0.000099  0.000013  ...  0.000012  7.880121e+06  1.734839e+09
4     1554.616116    0.000094  0.000020  ...  0.000012  7.811020e+06  1.734839e+09
...           ...         ...       ...  ...       ...           ...           ...
1587  1554.606351    0.000100  0.000013  ...  0.000012  7.883327e+06  1.734855e+09
1588  1554.614801    0.000111  0.000026  ...  0.000012  7.589230e+06  1.734855e+09
1589  1554.606380    0.000097  0.000013  ...  0.000012  7.885549e+06  1.734855e+09
1590  1554.614928    0.000096  0.000021  ...  0.000012  7.804428e+06  1.734855e+09
1591  1554.606437    0.000099  0.000013  ...  0.000012  7.886550e+06  1.734855e+09

[1592 rows x 13 columns]
CHANNEL_3_13
           cbragg  cbragg_err   credchi  ...  cdelta_n            cL     timestamp
0     1555.618078    0.000091  0.000011  ...  0.000012  7.575349e+06  1.734839e+09
1     1555.622816    0.000088  0.000017  ...  0.000012  7.582210e+06  1.734839e+09
2     1555.618314    0.000091  0.000011  ...  0.000012  7.574433e+06  1.734839e+09
3     1555.622848    0.000089  0.000017  ...  0.000012  7.560233e+06  1.734839e+09
4     1555.618094    0.000092  0.000011  ...  0.000012  7.569387e+06  1.734839e+09
...           ...         ...       ...  ...       ...           ...           ...
1587  1555.621329    0.000088  0.000017  ...  0.000012  7.568355e+06  1.734855e+09
1588  1555.616758    0.000089  0.000010  ...  0.000012  7.588096e+06  1.734855e+09
1589  1555.621301    0.000087  0.000016  ...  0.000012  7.575854e+06  1.734855e+09
1590  1555.616855    0.000090  0.000010  ...  0.000012  7.575660e+06  1.734855e+09
1591  1555.621397    0.000086  0.000016  ...  0.000012  7.571641e+06  1.734855e+09

[1592 rows x 13 columns]
CHANNEL_3_14
           cbragg  cbragg_err   credchi  ...  cdelta_n            cL     timestamp
0     1556.578207    0.000189  0.000074  ...  0.000012  7.728114e+06  1.734839e+09
1     1556.569963    0.000188  0.000054  ...  0.000012  7.767023e+06  1.734839e+09
2     1556.578224    0.000191  0.000076  ...  0.000012  7.724705e+06  1.734839e+09
3     1556.569970    0.000188  0.000054  ...  0.000012  7.763438e+06  1.734839e+09
4     1556.578312    0.000190  0.000075  ...  0.000012  7.724719e+06  1.734839e+09
...           ...         ...       ...  ...       ...           ...           ...
1587  1556.568478    0.000186  0.000052  ...  0.000012  7.775672e+06  1.734855e+09
1588  1556.576963    0.000190  0.000077  ...  0.000012  7.737987e+06  1.734855e+09
1589  1556.568518    0.000187  0.000053  ...  0.000012  7.776099e+06  1.734855e+09
1590  1556.577029    0.000190  0.000077  ...  0.000012  7.733411e+06  1.734855e+09
1591  1556.568563    0.000187  0.000053  ...  0.000012  7.772747e+06  1.734855e+09

[1592 rows x 13 columns]
