CHANNEL_0_1
           cbragg  cbragg_err   credchi  ...  cdelta_n            cL     timestamp
0     1544.610697    0.000125  0.000047  ...  0.000012  7.681678e+06  1.735902e+09
1     1544.619258    0.000103  0.000058  ...  0.000012  7.679913e+06  1.735902e+09
2     1544.610685    0.000125  0.000049  ...  0.000012  7.679317e+06  1.735902e+09
3     1544.619292    0.000103  0.000057  ...  0.000012  7.688973e+06  1.735902e+09
4     1544.610654    0.000105  0.000048  ...  0.000012  7.683891e+06  1.735902e+09
...           ...         ...       ...  ...       ...           ...           ...
1587  1544.618888    0.000146  0.000055  ...  0.000012  7.681545e+06  1.735918e+09
1588  1544.610490    0.000173  0.000048  ...  0.000012  7.691514e+06  1.735918e+09
1589  1544.618871    0.000108  0.000058  ...  0.000012  7.684941e+06  1.735918e+09
1590  1544.610525    0.000174  0.000048  ...  0.000012  7.695882e+06  1.735918e+09
1591  1544.618881    0.000103  0.000058  ...  0.000012  7.684049e+06  1.735918e+09

[1592 rows x 13 columns]
CHANNEL_0_2
           cbragg  cbragg_err   credchi  ...  cdelta_n            cL     timestamp
0     1545.436245    0.000094  0.000020  ...  0.000012  7.607707e+06  1.735902e+09
1     1545.438430    0.000093  0.000021  ...  0.000012  7.657289e+06  1.735902e+09
2     1545.436115    0.000094  0.000020  ...  0.000012  7.660268e+06  1.735902e+09
3     1545.438249    0.000093  0.000021  ...  0.000012  7.648416e+06  1.735902e+09
4     1545.436083    0.000096  0.000020  ...  0.000012  7.649998e+06  1.735902e+09
...           ...         ...       ...  ...       ...           ...           ...
1587  1545.437467    0.000091  0.000021  ...  0.000012  7.675134e+06  1.735918e+09
1588  1545.435245    0.000097  0.000021  ...  0.000012  7.629858e+06  1.735918e+09
1589  1545.437323    0.000096  0.000023  ...  0.000012  7.644473e+06  1.735918e+09
1590  1545.435367    0.000093  0.000019  ...  0.000012  7.678769e+06  1.735918e+09
1591  1545.437307    0.000094  0.000022  ...  0.000012  7.660839e+06  1.735918e+09

[1592 rows x 13 columns]
CHANNEL_0_3
           cbragg  cbragg_err   credchi  ...  cdelta_n            cL     timestamp
0     1546.117948    0.000109  0.000039  ...  0.000012  7.688062e+06  1.735902e+09
1     1546.127058    0.000108  0.000053  ...  0.000012  7.679020e+06  1.735902e+09
2     1546.117951    0.000109  0.000039  ...  0.000012  7.667190e+06  1.735902e+09
3     1546.127035    0.000109  0.000054  ...  0.000012  7.668393e+06  1.735902e+09
4     1546.117989    0.000111  0.000041  ...  0.000012  7.691585e+06  1.735902e+09
...           ...         ...       ...  ...       ...           ...           ...
1587  1546.126748    0.000110  0.000055  ...  0.000012  7.673565e+06  1.735918e+09
1588  1546.117744    0.000109  0.000039  ...  0.000012  7.677952e+06  1.735918e+09
1589  1546.126771    0.000109  0.000054  ...  0.000012  7.663047e+06  1.735918e+09
1590  1546.117843    0.000108  0.000038  ...  0.000012  7.693192e+06  1.735918e+09
1591  1546.126835    0.000109  0.000054  ...  0.000012  7.671127e+06  1.735918e+09

[1592 rows x 13 columns]
CHANNEL_0_4
           cbragg  cbragg_err   credchi  ...  cdelta_n            cL     timestamp
0     1547.117918    0.000114  0.000047  ...  0.000012  7.869000e+06  1.735902e+09
1     1547.120155    0.000114  0.000052  ...  0.000012  7.864279e+06  1.735902e+09
2     1547.117672    0.000115  0.000047  ...  0.000012  7.870679e+06  1.735902e+09
3     1547.119805    0.000133  0.000074  ...  0.000012  8.075141e+06  1.735902e+09
4     1547.117776    0.000116  0.000048  ...  0.000012  7.858201e+06  1.735902e+09
...           ...         ...       ...  ...       ...           ...           ...
1587  1547.119591    0.000111  0.000050  ...  0.000012  7.877702e+06  1.735918e+09
1588  1547.117423    0.000114  0.000047  ...  0.000012  7.861161e+06  1.735918e+09
1589  1547.119518    0.000118  0.000058  ...  0.000012  8.002101e+06  1.735918e+09
1590  1547.117426    0.000114  0.000047  ...  0.000012  7.847684e+06  1.735918e+09
1591  1547.119464    0.000112  0.000051  ...  0.000012  7.904330e+06  1.735918e+09

[1592 rows x 13 columns]
CHANNEL_0_5
           cbragg  cbragg_err   credchi  ...  cdelta_n            cL     timestamp
0     1548.091659    0.000099  0.000048  ...  0.000012  7.730015e+06  1.735902e+09
1     1548.096934    0.000094  0.000038  ...  0.000012  7.707533e+06  1.735902e+09
2     1548.091832    0.000089  0.000039  ...  0.000012  7.704642e+06  1.735902e+09
3     1548.097093    0.000093  0.000036  ...  0.000012  7.705761e+06  1.735902e+09
4     1548.091569    0.000091  0.000041  ...  0.000012  7.701324e+06  1.735902e+09
...           ...         ...       ...  ...       ...           ...           ...
1587  1548.096432    0.000171  0.000127  ...  0.000012  8.054588e+06  1.735918e+09
1588  1548.091243    0.000088  0.000038  ...  0.000012  7.712755e+06  1.735918e+09
1589  1548.096264    0.000094  0.000038  ...  0.000012  7.721525e+06  1.735918e+09
1590  1548.091207    0.000088  0.000039  ...  0.000012  7.719204e+06  1.735918e+09
1591  1548.096365    0.000093  0.000037  ...  0.000012  7.721133e+06  1.735918e+09

[1592 rows x 13 columns]
CHANNEL_0_6
           cbragg  cbragg_err   credchi  ...  cdelta_n            cL     timestamp
0     1549.069621    0.000096  0.000023  ...  0.000012  7.570383e+06  1.735902e+09
1     1549.079561    0.000208  0.000305  ...  0.000012  8.015513e+06  1.735902e+09
2     1549.069660    0.000077  0.000023  ...  0.000012  7.576412e+06  1.735902e+09
3     1549.079760    0.000080  0.000042  ...  0.000012  7.485470e+06  1.735902e+09
4     1549.069693    0.000076  0.000023  ...  0.000012  7.579797e+06  1.735902e+09
...           ...         ...       ...  ...       ...           ...           ...
1587  1549.079225    0.000081  0.000044  ...  0.000012  7.483060e+06  1.735918e+09
1588  1549.069092    0.000074  0.000022  ...  0.000012  7.582945e+06  1.735918e+09
1589  1549.079169    0.000081  0.000043  ...  0.000012  7.482881e+06  1.735918e+09
1590  1549.069088    0.000077  0.000023  ...  0.000012  7.586336e+06  1.735918e+09
1591  1549.079103    0.000081  0.000044  ...  0.000012  7.494975e+06  1.735918e+09

[1592 rows x 13 columns]
CHANNEL_0_7
           cbragg  cbragg_err   credchi  ...  cdelta_n            cL     timestamp
0     1550.074803    0.000126  0.000047  ...  0.000012  7.629314e+06  1.735902e+09
1     1550.077789    0.000142  0.000065  ...  0.000012  7.784116e+06  1.735902e+09
2     1550.074681    0.000125  0.000046  ...  0.000012  7.594385e+06  1.735902e+09
3     1550.077503    0.000123  0.000048  ...  0.000012  7.618044e+06  1.735902e+09
4     1550.074818    0.000127  0.000048  ...  0.000012  7.638043e+06  1.735902e+09
...           ...         ...       ...  ...       ...           ...           ...
1587  1550.076915    0.000126  0.000050  ...  0.000012  7.582656e+06  1.735918e+09
1588  1550.074362    0.000127  0.000047  ...  0.000012  7.567824e+06  1.735918e+09
1589  1550.077021    0.000125  0.000049  ...  0.000012  7.626149e+06  1.735918e+09
1590  1550.074377    0.000131  0.000051  ...  0.000012  7.670485e+06  1.735918e+09
1591  1550.077008    0.000125  0.000049  ...  0.000012  7.613195e+06  1.735918e+09

[1592 rows x 13 columns]
CHANNEL_0_8
           cbragg  cbragg_err   credchi  ...  cdelta_n            cL     timestamp
0     1551.049895    0.000073  0.000015  ...  0.000012  7.624443e+06  1.735902e+09
1     1551.057490    0.000072  0.000018  ...  0.000012  7.613805e+06  1.735902e+09
2     1551.049877    0.000078  0.000016  ...  0.000012  7.614229e+06  1.735902e+09
3     1551.057474    0.000106  0.000041  ...  0.000012  7.875369e+06  1.735902e+09
4     1551.049849    0.000074  0.000016  ...  0.000012  7.614202e+06  1.735902e+09
...           ...         ...       ...  ...       ...           ...           ...
1587  1551.057460    0.000088  0.000028  ...  0.000012  7.765836e+06  1.735918e+09
1588  1551.050088    0.000074  0.000016  ...  0.000012  7.604194e+06  1.735918e+09
1589  1551.057461    0.000073  0.000018  ...  0.000012  7.611878e+06  1.735918e+09
1590  1551.050020    0.000074  0.000016  ...  0.000012  7.611426e+06  1.735918e+09
1591  1551.057475    0.000073  0.000019  ...  0.000012  7.622882e+06  1.735918e+09

[1592 rows x 13 columns]
CHANNEL_0_9
           cbragg  cbragg_err   credchi  ...  cdelta_n            cL     timestamp
0     1552.031365    0.000090  0.000016  ...  0.000012  7.717496e+06  1.735902e+09
1     1552.041401    0.000089  0.000029  ...  0.000012  7.663693e+06  1.735902e+09
2     1552.031384    0.000091  0.000016  ...  0.000012  7.732758e+06  1.735902e+09
3     1552.041373    0.000089  0.000029  ...  0.000012  7.669954e+06  1.735902e+09
4     1552.031290    0.000091  0.000016  ...  0.000012  7.706192e+06  1.735902e+09
...           ...         ...       ...  ...       ...           ...           ...
1587  1552.041461    0.000090  0.000030  ...  0.000012  7.653730e+06  1.735918e+09
1588  1552.031575    0.000091  0.000016  ...  0.000012  7.728403e+06  1.735918e+09
1589  1552.041441    0.000105  0.000042  ...  0.000012  7.806105e+06  1.735918e+09
1590  1552.031431    0.000092  0.000017  ...  0.000012  7.721782e+06  1.735918e+09
1591  1552.041353    0.000088  0.000028  ...  0.000012  7.657204e+06  1.735918e+09

[1592 rows x 13 columns]
CHANNEL_0_10
           cbragg  cbragg_err   credchi  ...  cdelta_n            cL     timestamp
0     1553.041432    0.000093  0.000021  ...  0.000012  7.688127e+06  1.735902e+09
1     1553.042513    0.000091  0.000017  ...  0.000012  7.734353e+06  1.735902e+09
2     1553.041482    0.000089  0.000020  ...  0.000012  7.678602e+06  1.735902e+09
3     1553.042526    0.000089  0.000016  ...  0.000012  7.737378e+06  1.735902e+09
4     1553.041526    0.000090  0.000020  ...  0.000012  7.704241e+06  1.735902e+09
...           ...         ...       ...  ...       ...           ...           ...
1587  1553.042767    0.000089  0.000016  ...  0.000012  7.695442e+06  1.735918e+09
1588  1553.041756    0.000090  0.000020  ...  0.000012  7.696015e+06  1.735918e+09
1589  1553.042650    0.000090  0.000016  ...  0.000012  7.725968e+06  1.735918e+09
1590  1553.041795    0.000092  0.000021  ...  0.000012  7.702666e+06  1.735918e+09
1591  1553.042613    0.000091  0.000016  ...  0.000012  7.717830e+06  1.735918e+09

[1592 rows x 13 columns]
CHANNEL_0_11
           cbragg  cbragg_err   credchi  ...  cdelta_n            cL     timestamp
0     1554.046351    0.000070  0.000008  ...  0.000012  7.707231e+06  1.735902e+09
1     1554.056084    0.000071  0.000014  ...  0.000012  7.645503e+06  1.735902e+09
2     1554.046185    0.000074  0.000009  ...  0.000012  7.646676e+06  1.735902e+09
3     1554.055902    0.000071  0.000015  ...  0.000012  7.649288e+06  1.735902e+09
4     1554.046327    0.000073  0.000008  ...  0.000012  7.693463e+06  1.735902e+09
...           ...         ...       ...  ...       ...           ...           ...
1587  1554.056057    0.000069  0.000014  ...  0.000012  7.656874e+06  1.735918e+09
1588  1554.046664    0.000071  0.000008  ...  0.000012  7.663832e+06  1.735918e+09
1589  1554.055977    0.000071  0.000015  ...  0.000012  7.660984e+06  1.735918e+09
1590  1554.046602    0.000069  0.000008  ...  0.000012  7.703273e+06  1.735918e+09
1591  1554.055983    0.000074  0.000016  ...  0.000012  7.654354e+06  1.735918e+09

[1592 rows x 13 columns]
CHANNEL_0_12
           cbragg  cbragg_err   credchi  ...  cdelta_n            cL     timestamp
0     1555.074634    0.000121  0.000051  ...  0.000012  7.476924e+06  1.735902e+09
1     1555.076895    0.000126  0.000055  ...  0.000012  7.560597e+06  1.735902e+09
2     1555.074673    0.000133  0.000064  ...  0.000012  7.668291e+06  1.735902e+09
3     1555.076988    0.000121  0.000051  ...  0.000012  7.510774e+06  1.735902e+09
4     1555.074722    0.000117  0.000048  ...  0.000012  7.481338e+06  1.735902e+09
...           ...         ...       ...  ...       ...           ...           ...
1587  1555.077064    0.000119  0.000050  ...  0.000012  7.481084e+06  1.735918e+09
1588  1555.074919    0.000121  0.000051  ...  0.000012  7.482908e+06  1.735918e+09
1589  1555.077155    0.000118  0.000049  ...  0.000012  7.475499e+06  1.735918e+09
1590  1555.075022    0.000121  0.000051  ...  0.000012  7.479165e+06  1.735918e+09
1591  1555.077098    0.000124  0.000055  ...  0.000012  7.593681e+06  1.735918e+09

[1592 rows x 13 columns]
CHANNEL_0_13
           cbragg  cbragg_err   credchi  ...  cdelta_n            cL     timestamp
0     1556.046926    0.000139  0.000036  ...  0.000012  7.677163e+06  1.735902e+09
1     1556.055243    0.000135  0.000045  ...  0.000012  7.690729e+06  1.735902e+09
2     1556.046813    0.000139  0.000036  ...  0.000012  7.673446e+06  1.735902e+09
3     1556.055231    0.000136  0.000045  ...  0.000012  7.684916e+06  1.735902e+09
4     1556.046967    0.000140  0.000036  ...  0.000012  7.675672e+06  1.735902e+09
...           ...         ...       ...  ...       ...           ...           ...
1587  1556.055386    0.000133  0.000043  ...  0.000012  7.683310e+06  1.735918e+09
1588  1556.047028    0.000141  0.000037  ...  0.000012  7.684793e+06  1.735918e+09
1589  1556.055386    0.000136  0.000046  ...  0.000012  7.687419e+06  1.735918e+09
1590  1556.047021    0.000142  0.000037  ...  0.000012  7.677690e+06  1.735918e+09
1591  1556.055238    0.000137  0.000046  ...  0.000012  7.697380e+06  1.735918e+09

[1592 rows x 13 columns]
CHANNEL_0_14
           cbragg  cbragg_err   credchi  ...  cdelta_n            cL     timestamp
0     1557.019612    0.000100  0.000029  ...  0.000012  7.652829e+06  1.735902e+09
1     1557.024160    0.000113  0.000048  ...  0.000012  7.748387e+06  1.735902e+09
2     1557.019526    0.000099  0.000029  ...  0.000012  7.660564e+06  1.735902e+09
3     1557.024114    0.000103  0.000039  ...  0.000012  7.598520e+06  1.735902e+09
4     1557.019582    0.000099  0.000029  ...  0.000012  7.658979e+06  1.735902e+09
...           ...         ...       ...  ...       ...           ...           ...
1587  1557.024187    0.000104  0.000040  ...  0.000012  7.593242e+06  1.735918e+09
1588  1557.019677    0.000099  0.000029  ...  0.000012  7.660961e+06  1.735918e+09
1589  1557.024192    0.000105  0.000041  ...  0.000012  7.683180e+06  1.735918e+09
1590  1557.019700    0.000100  0.000029  ...  0.000012  7.660257e+06  1.735918e+09
1591  1557.024209    0.000104  0.000040  ...  0.000012  7.594170e+06  1.735918e+09

[1592 rows x 13 columns]
CHANNEL_1_1
           cbragg  cbragg_err   credchi  ...  cdelta_n            cL     timestamp
0     1556.159912    0.000745  0.000343  ...  0.000012  2.331238e+06  1.735902e+09
1     1556.158481    0.000073  0.000005  ...  0.000012  2.666829e+06  1.735902e+09
2     1556.158657    0.000394  0.000195  ...  0.000012  2.925522e+06  1.735902e+09
3     1556.158866    0.000114  0.000012  ...  0.000012  2.706032e+06  1.735902e+09
4     1556.158344    0.000923  0.001475  ...  0.000012  3.306804e+06  1.735902e+09
...           ...         ...       ...  ...       ...           ...           ...
1587  1556.157978    0.000075  0.000005  ...  0.000012  2.662727e+06  1.735918e+09
1588  1556.158659    0.000565  0.000456  ...  0.000012  3.043917e+06  1.735918e+09
1589  1556.158070    0.000166  0.000023  ...  0.000012  2.586012e+06  1.735918e+09
1590  1556.159691    0.001309  0.003715  ...  0.000012  3.654289e+06  1.735918e+09
1591  1556.158014    0.000639  0.000538  ...  0.000012  3.068974e+06  1.735918e+09

[1592 rows x 13 columns]
CHANNEL_1_2
           cbragg  cbragg_err   credchi  ...  cdelta_n            cL     timestamp
0     1558.204083    0.000282  0.000098  ...  0.000012  2.654445e+06  1.735902e+09
1     1558.206425    0.000114  0.000019  ...  0.000012  2.821037e+06  1.735902e+09
2     1558.204102    0.000126  0.000023  ...  0.000012  2.784712e+06  1.735902e+09
3     1558.207601    0.000984  0.000819  ...  0.000012  2.346686e+06  1.735902e+09
4     1558.203752    0.000690  0.001022  ...  0.000012  3.256520e+06  1.735902e+09
...           ...         ...       ...  ...       ...           ...           ...
1587  1558.206448    0.000120  0.000021  ...  0.000012  2.801868e+06  1.735918e+09
1588  1558.203861    0.000166  0.000042  ...  0.000012  2.863314e+06  1.735918e+09
1589  1558.206476    0.000119  0.000021  ...  0.000012  2.802270e+06  1.735918e+09
1590  1558.203772    0.000140  0.000027  ...  0.000012  2.760401e+06  1.735918e+09
1591  1558.205894    0.001046  0.003067  ...  0.000012  3.574983e+06  1.735918e+09

[1592 rows x 13 columns]
CHANNEL_1_3
           cbragg  cbragg_err   credchi  ...  cdelta_n            cL     timestamp
0     1561.020996    0.000058  0.000006  ...  0.000012  2.961237e+06  1.735902e+09
1     1561.017183    0.001105  0.003568  ...  0.000012  3.754266e+06  1.735902e+09
2     1561.021057    0.000673  0.001024  ...  0.000012  3.374661e+06  1.735902e+09
3     1561.018020    0.000065  0.000007  ...  0.000012  2.923370e+06  1.735902e+09
4     1561.021158    0.000173  0.000043  ...  0.000012  2.822674e+06  1.735902e+09
...           ...         ...       ...  ...       ...           ...           ...
1587  1561.017833    0.000712  0.001234  ...  0.000012  3.431519e+06  1.735918e+09
1588  1561.021339    0.000055  0.000005  ...  0.000012  2.902542e+06  1.735918e+09
1589  1561.017840    0.000099  0.000015  ...  0.000012  2.867115e+06  1.735918e+09
1590  1561.021325    0.000048  0.000004  ...  0.000012  2.924958e+06  1.735918e+09
1591  1561.017729    0.000133  0.000028  ...  0.000012  2.889754e+06  1.735918e+09

[1592 rows x 13 columns]
CHANNEL_2_1
           cbragg  cbragg_err   credchi  ...  cdelta_n            cL     timestamp
0     1543.579358    0.000075  0.000006  ...  0.000012  2.773833e+06  1.735902e+09
1     1543.578778    0.000074  0.000006  ...  0.000012  2.775762e+06  1.735902e+09
2     1543.579367    0.000073  0.000006  ...  0.000012  2.774360e+06  1.735902e+09
3     1543.578617    0.000070  0.000005  ...  0.000012  2.774963e+06  1.735902e+09
4     1543.579236    0.000075  0.000006  ...  0.000012  2.774792e+06  1.735902e+09
...           ...         ...       ...  ...       ...           ...           ...
1587  1543.578298    0.000069  0.000005  ...  0.000012  2.777521e+06  1.735918e+09
1588  1543.579098    0.000069  0.000005  ...  0.000012  2.776522e+06  1.735918e+09
1589  1543.578393    0.000066  0.000005  ...  0.000012  2.777039e+06  1.735918e+09
1590  1543.578876    0.000072  0.000005  ...  0.000012  2.777046e+06  1.735918e+09
1591  1543.578159    0.000068  0.000005  ...  0.000012  2.777633e+06  1.735918e+09

[1592 rows x 13 columns]
CHANNEL_2_2
           cbragg  cbragg_err   credchi  ...  cdelta_n            cL     timestamp
0     1545.926867    0.000783  0.000801  ...  0.000012  3.207783e+06  1.735902e+09
1     1545.929363    0.000419  0.000182  ...  0.000012  2.942699e+06  1.735902e+09
2     1545.929101    0.000123  0.000011  ...  0.000012  2.690223e+06  1.735902e+09
3     1545.928500    0.000732  0.000644  ...  0.000012  3.133808e+06  1.735902e+09
4     1545.929536    0.000280  0.000050  ...  0.000012  2.558498e+06  1.735902e+09
...           ...         ...       ...  ...       ...           ...           ...
1587  1545.930442    0.000125  0.000012  ...  0.000012  2.673881e+06  1.735918e+09
1588  1545.926262    0.001150  0.002111  ...  0.000012  3.481882e+06  1.735918e+09
1589  1545.930506    0.000132  0.000014  ...  0.000012  2.657177e+06  1.735918e+09
1590  1545.928937    0.000130  0.000013  ...  0.000012  2.686155e+06  1.735918e+09
1591  1545.928593    0.000860  0.001062  ...  0.000012  3.282564e+06  1.735918e+09

[1592 rows x 13 columns]
CHANNEL_2_3
           cbragg  cbragg_err   credchi  ...  cdelta_n            cL     timestamp
0     1548.527999    0.000495  0.000227  ...  0.000012  2.688004e+06  1.735902e+09
1     1548.529546    0.000094  0.000010  ...  0.000012  2.887515e+06  1.735902e+09
2     1548.528114    0.000095  0.000010  ...  0.000012  2.878648e+06  1.735902e+09
3     1548.529644    0.000766  0.001003  ...  0.000012  3.445216e+06  1.735902e+09
4     1548.528698    0.000921  0.001550  ...  0.000012  3.564390e+06  1.735902e+09
...           ...         ...       ...  ...       ...           ...           ...
1587  1548.529660    0.000182  0.000033  ...  0.000012  2.798133e+06  1.735918e+09
1588  1548.528268    0.000105  0.000011  ...  0.000012  2.854106e+06  1.735918e+09
1589  1548.530272    0.000769  0.000938  ...  0.000012  3.390844e+06  1.735918e+09
1590  1548.528269    0.000088  0.000009  ...  0.000012  2.903556e+06  1.735918e+09
1591  1548.529660    0.000226  0.000049  ...  0.000012  2.768621e+06  1.735918e+09

[1592 rows x 13 columns]
CHANNEL_3_1
           cbragg  cbragg_err   credchi  ...  cdelta_n            cL     timestamp
0     1544.126780    0.000243  0.000027  ...  0.000012  7.769915e+06  1.735902e+09
1     1544.124975    0.000117  0.000019  ...  0.000012  7.821228e+06  1.735902e+09
2     1544.126827    0.000111  0.000027  ...  0.000012  7.774581e+06  1.735902e+09
3     1544.125087    0.000119  0.000020  ...  0.000012  7.799481e+06  1.735902e+09
4     1544.126858    0.000116  0.000027  ...  0.000012  7.774728e+06  1.735902e+09
...           ...         ...       ...  ...       ...           ...           ...
1587  1544.124536    0.000377  0.000021  ...  0.000012  7.801834e+06  1.735918e+09
1588  1544.126629    0.000108  0.000026  ...  0.000012  7.762939e+06  1.735918e+09
1589  1544.124760    0.000130  0.000019  ...  0.000012  7.803349e+06  1.735918e+09
1590  1544.126526    0.000192  0.000026  ...  0.000012  7.767355e+06  1.735918e+09
1591  1544.124659    0.000128  0.000019  ...  0.000012  7.797679e+06  1.735918e+09

[1592 rows x 13 columns]
CHANNEL_3_2
           cbragg  cbragg_err   credchi  ...  cdelta_n            cL     timestamp
0     1545.013819    0.000227  0.000022  ...  0.000012  7.920865e+06  1.735902e+09
1     1545.024409    0.000110  0.000039  ...  0.000012  7.822775e+06  1.735902e+09
2     1545.013663    0.000110  0.000021  ...  0.000012  7.925391e+06  1.735902e+09
3     1545.024288    0.000118  0.000040  ...  0.000012  7.828763e+06  1.735902e+09
4     1545.013760    0.000123  0.000023  ...  0.000012  7.912488e+06  1.735902e+09
...           ...         ...       ...  ...       ...           ...           ...
1587  1545.023288    0.000447  0.000038  ...  0.000012  7.842023e+06  1.735918e+09
1588  1545.012822    0.000121  0.000021  ...  0.000012  7.922702e+06  1.735918e+09
1589  1545.023191    0.000169  0.000039  ...  0.000012  7.825964e+06  1.735918e+09
1590  1545.012794    0.000129  0.000023  ...  0.000012  7.916647e+06  1.735918e+09
1591  1545.023345    0.000133  0.000040  ...  0.000012  7.836649e+06  1.735918e+09

[1592 rows x 13 columns]
CHANNEL_3_3
           cbragg  cbragg_err   credchi  ...  cdelta_n            cL     timestamp
0     1545.709307    0.000109  0.000033  ...  0.000012  7.572881e+06  1.735902e+09
1     1545.712482    0.000113  0.000027  ...  0.000012  7.605625e+06  1.735902e+09
2     1545.709245    0.000111  0.000034  ...  0.000012  7.570783e+06  1.735902e+09
3     1545.712326    0.000110  0.000025  ...  0.000012  7.623228e+06  1.735902e+09
4     1545.709161    0.000113  0.000035  ...  0.000012  7.552039e+06  1.735902e+09
...           ...         ...       ...  ...       ...           ...           ...
1587  1545.712060    0.000116  0.000028  ...  0.000012  7.608667e+06  1.735918e+09
1588  1545.708820    0.000110  0.000033  ...  0.000012  7.590163e+06  1.735918e+09
1589  1545.712049    0.000114  0.000028  ...  0.000012  7.637922e+06  1.735918e+09
1590  1545.708836    0.000109  0.000033  ...  0.000012  7.560902e+06  1.735918e+09
1591  1545.712066    0.000116  0.000028  ...  0.000012  7.606998e+06  1.735918e+09

[1592 rows x 13 columns]
CHANNEL_3_4
           cbragg  cbragg_err   credchi  ...  cdelta_n            cL     timestamp
0     1546.681433    0.000112  0.000023  ...  0.000012  7.581840e+06  1.735902e+09
1     1546.688729    0.000097  0.000026  ...  0.000012  7.746227e+06  1.735902e+09
2     1546.681247    0.000098  0.000018  ...  0.000012  7.799467e+06  1.735902e+09
3     1546.688578    0.000096  0.000026  ...  0.000012  7.747249e+06  1.735902e+09
4     1546.681352    0.000097  0.000018  ...  0.000012  7.800033e+06  1.735902e+09
...           ...         ...       ...  ...       ...           ...           ...
1587  1546.688284    0.000098  0.000027  ...  0.000012  7.751497e+06  1.735918e+09
1588  1546.681163    0.000096  0.000017  ...  0.000012  7.797606e+06  1.735918e+09
1589  1546.688268    0.000097  0.000027  ...  0.000012  7.748010e+06  1.735918e+09
1590  1546.681048    0.000095  0.000017  ...  0.000012  7.808154e+06  1.735918e+09
1591  1546.688233    0.000098  0.000027  ...  0.000012  7.748654e+06  1.735918e+09

[1592 rows x 13 columns]
CHANNEL_3_5
           cbragg  cbragg_err   credchi  ...  cdelta_n            cL     timestamp
0     1547.700410    0.000077  0.000014  ...  0.000012  7.601817e+06  1.735902e+09
1     1547.708505    0.000077  0.000014  ...  0.000012  7.628554e+06  1.735902e+09
2     1547.700578    0.000077  0.000014  ...  0.000012  7.598554e+06  1.735902e+09
3     1547.708611    0.000076  0.000013  ...  0.000012  7.637045e+06  1.735902e+09
4     1547.700439    0.000076  0.000014  ...  0.000012  7.595428e+06  1.735902e+09
...           ...         ...       ...  ...       ...           ...           ...
1587  1547.708177    0.000079  0.000014  ...  0.000012  7.628470e+06  1.735918e+09
1588  1547.699832    0.000078  0.000014  ...  0.000012  7.594882e+06  1.735918e+09
1589  1547.708011    0.000078  0.000014  ...  0.000012  7.608039e+06  1.735918e+09
1590  1547.699894    0.000077  0.000014  ...  0.000012  7.602224e+06  1.735918e+09
1591  1547.708050    0.000081  0.000015  ...  0.000012  7.628632e+06  1.735918e+09

[1592 rows x 13 columns]
CHANNEL_3_6
           cbragg  cbragg_err   credchi  ...  cdelta_n            cL     timestamp
0     1548.689404    0.000083  0.000016  ...  0.000012  7.748773e+06  1.735902e+09
1     1548.692638    0.000080  0.000016  ...  0.000012  7.765153e+06  1.735902e+09
2     1548.689534    0.000083  0.000016  ...  0.000012  7.744522e+06  1.735902e+09
3     1548.692721    0.000080  0.000016  ...  0.000012  7.765131e+06  1.735902e+09
4     1548.689487    0.000083  0.000016  ...  0.000012  7.751585e+06  1.735902e+09
...           ...         ...       ...  ...       ...           ...           ...
1587  1548.692195    0.000081  0.000016  ...  0.000012  7.765632e+06  1.735918e+09
1588  1548.688931    0.000085  0.000017  ...  0.000012  7.672875e+06  1.735918e+09
1589  1548.692215    0.000081  0.000016  ...  0.000012  7.754526e+06  1.735918e+09
1590  1548.688956    0.000083  0.000016  ...  0.000012  7.751198e+06  1.735918e+09
1591  1548.692168    0.000083  0.000017  ...  0.000012  7.758387e+06  1.735918e+09

[1592 rows x 13 columns]
CHANNEL_3_7
           cbragg  cbragg_err   credchi  ...  cdelta_n            cL     timestamp
0     1549.704258    0.000085  0.000014  ...  0.000012  7.573826e+06  1.735902e+09
1     1549.715767    0.000086  0.000020  ...  0.000012  7.597546e+06  1.735902e+09
2     1549.704044    0.000084  0.000014  ...  0.000012  7.645116e+06  1.735902e+09
3     1549.715555    0.000088  0.000021  ...  0.000012  7.600377e+06  1.735902e+09
4     1549.704205    0.000085  0.000014  ...  0.000012  7.640409e+06  1.735902e+09
...           ...         ...       ...  ...       ...           ...           ...
1587  1549.715038    0.000085  0.000020  ...  0.000012  7.594880e+06  1.735918e+09
1588  1549.703651    0.000090  0.000015  ...  0.000012  7.509037e+06  1.735918e+09
1589  1549.715154    0.000087  0.000021  ...  0.000012  7.607720e+06  1.735918e+09
1590  1549.703614    0.000083  0.000013  ...  0.000012  7.654825e+06  1.735918e+09
1591  1549.715056    0.000085  0.000020  ...  0.000012  7.611702e+06  1.735918e+09

[1592 rows x 13 columns]
CHANNEL_3_8
           cbragg  cbragg_err   credchi  ...  cdelta_n            cL     timestamp
0     1550.665839    0.000087  0.000016  ...  0.000012  7.621814e+06  1.735902e+09
1     1550.664146    0.000094  0.000014  ...  0.000012  7.655033e+06  1.735902e+09
2     1550.665881    0.000089  0.000016  ...  0.000012  7.632764e+06  1.735902e+09
3     1550.664230    0.000092  0.000013  ...  0.000012  7.656856e+06  1.735902e+09
4     1550.665666    0.000090  0.000017  ...  0.000012  7.634975e+06  1.735902e+09
...           ...         ...       ...  ...       ...           ...           ...
1587  1550.664289    0.000092  0.000014  ...  0.000012  7.659216e+06  1.735918e+09
1588  1550.665892    0.000090  0.000017  ...  0.000012  7.570235e+06  1.735918e+09
1589  1550.664198    0.000095  0.000015  ...  0.000012  7.640704e+06  1.735918e+09
1590  1550.665823    0.000090  0.000017  ...  0.000012  7.634037e+06  1.735918e+09
1591  1550.664274    0.000093  0.000014  ...  0.000012  7.641014e+06  1.735918e+09

[1592 rows x 13 columns]
CHANNEL_3_9
           cbragg  cbragg_err   credchi  ...  cdelta_n            cL     timestamp
0     1551.655933    0.000091  0.000011  ...  0.000012  7.773992e+06  1.735902e+09
1     1551.666139    0.000088  0.000018  ...  0.000012  7.684884e+06  1.735902e+09
2     1551.655948    0.000091  0.000011  ...  0.000012  7.777035e+06  1.735902e+09
3     1551.666072    0.000087  0.000017  ...  0.000012  7.689939e+06  1.735902e+09
4     1551.655868    0.000092  0.000011  ...  0.000012  7.777118e+06  1.735902e+09
...           ...         ...       ...  ...       ...           ...           ...
1587  1551.666270    0.000089  0.000018  ...  0.000012  7.704511e+06  1.735918e+09
1588  1551.656114    0.000089  0.000010  ...  0.000012  7.775165e+06  1.735918e+09
1589  1551.666157    0.000090  0.000019  ...  0.000012  7.677274e+06  1.735918e+09
1590  1551.656088    0.000089  0.000010  ...  0.000012  7.781014e+06  1.735918e+09
1591  1551.666132    0.000090  0.000019  ...  0.000012  7.701769e+06  1.735918e+09

[1592 rows x 13 columns]
CHANNEL_3_10
           cbragg  cbragg_err   credchi  ...  cdelta_n            cL     timestamp
0     1552.670038    0.000102  0.000021  ...  0.000012  7.687032e+06  1.735902e+09
1     1552.666861    0.000109  0.000013  ...  0.000012  7.769465e+06  1.735902e+09
2     1552.670109    0.000101  0.000021  ...  0.000012  7.698642e+06  1.735902e+09
3     1552.667027    0.000113  0.000014  ...  0.000012  7.755102e+06  1.735902e+09
4     1552.670132    0.000103  0.000021  ...  0.000012  7.697582e+06  1.735902e+09
...           ...         ...       ...  ...       ...           ...           ...
1587  1552.667141    0.000109  0.000013  ...  0.000012  7.777470e+06  1.735918e+09
1588  1552.670350    0.000101  0.000021  ...  0.000012  7.719028e+06  1.735918e+09
1589  1552.667206    0.000114  0.000015  ...  0.000012  7.751355e+06  1.735918e+09
1590  1552.670242    0.000104  0.000022  ...  0.000012  7.698504e+06  1.735918e+09
1591  1552.667283    0.000114  0.000015  ...  0.000012  7.753769e+06  1.735918e+09

[1592 rows x 13 columns]
CHANNEL_3_11
           cbragg  cbragg_err   credchi  ...  cdelta_n            cL     timestamp
0     1553.633136    0.000132  0.000027  ...  0.000012  7.923378e+06  1.735902e+09
1     1553.637379    0.000132  0.000040  ...  0.000012  7.859208e+06  1.735902e+09
2     1553.633100    0.000134  0.000027  ...  0.000012  7.922225e+06  1.735902e+09
3     1553.637360    0.000134  0.000041  ...  0.000012  7.842222e+06  1.735902e+09
4     1553.633124    0.000134  0.000027  ...  0.000012  7.912177e+06  1.735902e+09
...           ...         ...       ...  ...       ...           ...           ...
1587  1553.637435    0.000132  0.000040  ...  0.000012  7.808454e+06  1.735918e+09
1588  1553.633242    0.000133  0.000027  ...  0.000012  7.923224e+06  1.735918e+09
1589  1553.637355    0.000133  0.000040  ...  0.000012  7.860109e+06  1.735918e+09
1590  1553.633353    0.000135  0.000028  ...  0.000012  7.911646e+06  1.735918e+09
1591  1553.637465    0.000133  0.000041  ...  0.000012  7.797448e+06  1.735918e+09

[1592 rows x 13 columns]
CHANNEL_3_12
           cbragg  cbragg_err   credchi  ...  cdelta_n            cL     timestamp
0     1554.612384    0.000096  0.000019  ...  0.000012  7.768749e+06  1.735902e+09
1     1554.611988    0.000102  0.000014  ...  0.000012  7.832848e+06  1.735902e+09
2     1554.612510    0.000099  0.000021  ...  0.000012  7.755660e+06  1.735902e+09
3     1554.612059    0.000103  0.000015  ...  0.000012  7.829477e+06  1.735902e+09
4     1554.612454    0.000098  0.000020  ...  0.000012  7.766178e+06  1.735902e+09
...           ...         ...       ...  ...       ...           ...           ...
1587  1554.612401    0.000104  0.000015  ...  0.000012  7.826515e+06  1.735918e+09
1588  1554.612758    0.000099  0.000021  ...  0.000012  7.715131e+06  1.735918e+09
1589  1554.612270    0.000106  0.000016  ...  0.000012  7.806398e+06  1.735918e+09
1590  1554.612761    0.000097  0.000020  ...  0.000012  7.770771e+06  1.735918e+09
1591  1554.612257    0.000102  0.000015  ...  0.000012  7.819072e+06  1.735918e+09

[1592 rows x 13 columns]
CHANNEL_3_13
           cbragg  cbragg_err   credchi  ...  cdelta_n            cL     timestamp
0     1555.614953    0.000088  0.000009  ...  0.000012  7.632658e+06  1.735902e+09
1     1555.623071    0.000088  0.000017  ...  0.000012  7.578871e+06  1.735902e+09
2     1555.614994    0.000090  0.000010  ...  0.000012  7.641114e+06  1.735902e+09
3     1555.623012    0.000089  0.000017  ...  0.000012  7.571443e+06  1.735902e+09
4     1555.614911    0.000089  0.000010  ...  0.000012  7.632690e+06  1.735902e+09
...           ...         ...       ...  ...       ...           ...           ...
1587  1555.623225    0.000090  0.000017  ...  0.000012  7.570402e+06  1.735918e+09
1588  1555.615274    0.000087  0.000009  ...  0.000012  7.635754e+06  1.735918e+09
1589  1555.623259    0.000090  0.000017  ...  0.000012  7.556696e+06  1.735918e+09
1590  1555.615285    0.000087  0.000009  ...  0.000012  7.624525e+06  1.735918e+09
1591  1555.623245    0.000089  0.000017  ...  0.000012  7.560255e+06  1.735918e+09

[1592 rows x 13 columns]
CHANNEL_3_14
           cbragg  cbragg_err   credchi  ...  cdelta_n            cL     timestamp
0     1556.575366    0.000186  0.000076  ...  0.000012  7.684160e+06  1.735902e+09
1     1556.572603    0.000191  0.000051  ...  0.000012  7.741086e+06  1.735902e+09
2     1556.575471    0.000192  0.000082  ...  0.000012  7.688223e+06  1.735902e+09
3     1556.572698    0.000189  0.000050  ...  0.000012  7.751723e+06  1.735902e+09
4     1556.575305    0.000206  0.000090  ...  0.000012  7.429270e+06  1.735902e+09
...           ...         ...       ...  ...       ...           ...           ...
1587  1556.572884    0.000194  0.000053  ...  0.000012  7.747810e+06  1.735918e+09
1588  1556.575594    0.000206  0.000091  ...  0.000012  7.433171e+06  1.735918e+09
1589  1556.572858    0.000191  0.000051  ...  0.000012  7.766796e+06  1.735918e+09
1590  1556.575599    0.000189  0.000080  ...  0.000012  7.686084e+06  1.735918e+09
1591  1556.572851    0.000191  0.000051  ...  0.000012  7.742131e+06  1.735918e+09

[1592 rows x 13 columns]
