000 (11451992.577.000) 01/28 14:31:49 Job submitted from host: <188.185.114.121:9618?addrs=188.185.114.121-9618+[2001-1458-d00-a--100-273]-9618&alias=bigbird19.cern.ch&noUDP&sock=schedd_2045_4743>
...
040 (11451992.577.000) 01/28 16:57:46 Started transferring input files
	Transferring to host: <188.185.192.174:9618?addrs=188.185.192.174-9618+[2001-1458-303-1f--100-aa]-9618&alias=b9p13p7531.cern.ch&noUDP&sock=slot1_18_760072_3bb5_1422>
...
040 (11451992.577.000) 01/28 16:57:46 Finished transferring input files
...
001 (11451992.577.000) 01/28 16:57:47 Job executing on host: <188.185.192.174:9618?addrs=188.185.192.174-9618+[2001-1458-303-1f--100-aa]-9618&alias=b9p13p7531.cern.ch&noUDP&sock=startd_5456_f0cf>
	SlotName: slot1_18@b9p13p7531.cern.ch
	CondorScratchDir = "/pool/condor/dir_469067"
	Cpus = 1
	Disk = 3881
	GPUs = 0
	Memory = 3000
...
006 (11451992.577.000) 01/28 16:57:56 Image size of job updated: 1800
	2  -  MemoryUsage of job (MB)
	1800  -  ResidentSetSize of job (KB)
...
006 (11451992.577.000) 01/28 16:58:33 Image size of job updated: 5000
	5  -  MemoryUsage of job (MB)
	5000  -  ResidentSetSize of job (KB)
...
040 (11451992.577.000) 01/28 16:58:33 Started transferring output files
...
040 (11451992.577.000) 01/28 16:58:33 Finished transferring output files
...
005 (11451992.577.000) 01/28 16:58:33 Job terminated.
	(1) Normal termination (return value 0)
		Usr 0 00:00:17, Sys 0 00:00:00  -  Run Remote Usage
		Usr 0 00:00:00, Sys 0 00:00:00  -  Run Local Usage
		Usr 0 00:00:17, Sys 0 00:00:00  -  Total Remote Usage
		Usr 0 00:00:00, Sys 0 00:00:00  -  Total Local Usage
	14877  -  Run Bytes Sent By Job
	5797  -  Run Bytes Received By Job
	14877  -  Total Bytes Sent By Job
	5797  -  Total Bytes Received By Job
	Partitionable Resources :    Usage  Request Allocated 
	   Cpus                 :        0        1         1 
	   Disk (KB)            :       43       10      3881 
	   GPUs                 :                           0 
	   Memory (MB)          :        5     3000      3000 

	Job terminated of its own accord at 2025-01-28T15:58:33Z with exit-code 0.
...
