CHANNEL_0_1
        cbragg  cbragg_err   credchi  ...  cdelta_n            cL     timestamp
0  1544.216069    0.000135  0.000040  ...  0.000012  7.700104e+06  1.737517e+09
1  1544.216568    0.000113  0.000052  ...  0.000012  7.648341e+06  1.737517e+09

[2 rows x 13 columns]
CHANNEL_0_2
        cbragg  cbragg_err   credchi  ...  cdelta_n            cL     timestamp
0  1545.170843    0.000080  0.000017  ...  0.000012  7.688895e+06  1.737517e+09
1  1545.169719    0.000161  0.000014  ...  0.000012  7.694108e+06  1.737517e+09

[2 rows x 13 columns]
CHANNEL_0_3
        cbragg  cbragg_err   credchi  ...  cdelta_n            cL     timestamp
0  1546.156152    0.000111  0.000046  ...  0.000012  7.640422e+06  1.737517e+09
1  1546.152846    0.000112  0.000045  ...  0.000012  7.623936e+06  1.737517e+09

[2 rows x 13 columns]
CHANNEL_0_4
        cbragg  cbragg_err   credchi  ...  cdelta_n            cL     timestamp
0  1547.148471    0.000117  0.000057  ...  0.000012  7.825471e+06  1.737517e+09
1  1547.147529    0.000121  0.000045  ...  0.000012  7.859066e+06  1.737517e+09

[2 rows x 13 columns]
CHANNEL_0_5
        cbragg  cbragg_err   credchi  ...  cdelta_n            cL     timestamp
0  1548.121840    0.000093  0.000031  ...  0.000012  7.691757e+06  1.737517e+09
1  1548.124287    0.000091  0.000044  ...  0.000012  7.633123e+06  1.737517e+09

[2 rows x 13 columns]
CHANNEL_0_6
        cbragg  cbragg_err   credchi  ...  cdelta_n            cL     timestamp
0  1549.108352    0.000080  0.000041  ...  0.000012  7.472036e+06  1.737517e+09
1  1549.099195    0.000077  0.000022  ...  0.000012  7.537478e+06  1.737517e+09

[2 rows x 13 columns]
CHANNEL_0_7
        cbragg  cbragg_err   credchi  ...  cdelta_n            cL     timestamp
0  1550.103787    0.000118  0.000041  ...  0.000012  7.639171e+06  1.737517e+09
1  1550.107313    0.000118  0.000044  ...  0.000012  7.646286e+06  1.737517e+09

[2 rows x 13 columns]
CHANNEL_0_8
        cbragg  cbragg_err   credchi  ...  cdelta_n            cL     timestamp
0  1551.080296    0.000073  0.000016  ...  0.000012  7.616806e+06  1.737517e+09
1  1551.079797    0.000072  0.000018  ...  0.000012  7.593293e+06  1.737517e+09

[2 rows x 13 columns]
CHANNEL_0_9
        cbragg  cbragg_err   credchi  ...  cdelta_n            cL     timestamp
0  1552.065555    0.000115  0.000044  ...  0.000012  7.904158e+06  1.737517e+09
1  1552.060635    0.000090  0.000018  ...  0.000012  7.690683e+06  1.737517e+09

[2 rows x 13 columns]
CHANNEL_0_10
        cbragg  cbragg_err   credchi  ...  cdelta_n            cL     timestamp
0  1553.066919    0.000092  0.000018  ...  0.000012  7.698244e+06  1.737517e+09
1  1553.069338    0.000094  0.000020  ...  0.000012  7.668497e+06  1.737517e+09

[2 rows x 13 columns]
CHANNEL_0_11
        cbragg  cbragg_err   credchi  ...  cdelta_n            cL     timestamp
0  1554.081244    0.000069  0.000012  ...  0.000012  7.647019e+06  1.737517e+09
1  1554.074129    0.000073  0.000010  ...  0.000012  7.615971e+06  1.737517e+09

[2 rows x 13 columns]
CHANNEL_0_12
        cbragg  cbragg_err   credchi  ...  cdelta_n            cL     timestamp
0  1555.102950    0.000112  0.000051  ...  0.000012  7.529452e+06  1.737517e+09
1  1555.100205    0.000116  0.000041  ...  0.000012  7.546280e+06  1.737517e+09

[2 rows x 13 columns]
CHANNEL_0_13
        cbragg  cbragg_err   credchi  ...  cdelta_n            cL     timestamp
0  1556.075939    0.000252  0.000094  ...  0.000012  7.087977e+06  1.737517e+09
1  1556.076033    0.000138  0.000043  ...  0.000012  7.641936e+06  1.737517e+09

[2 rows x 13 columns]
CHANNEL_0_14
        cbragg  cbragg_err   credchi  ...  cdelta_n            cL     timestamp
0  1557.050697    0.000093  0.000037  ...  0.000012  7.661937e+06  1.737517e+09
1  1557.042695    0.000091  0.000020  ...  0.000012  7.735889e+06  1.737517e+09

[2 rows x 13 columns]
CHANNEL_1_1
        cbragg  cbragg_err   credchi  ...  cdelta_n            cL     timestamp
0  1555.115518    0.000137  0.000014  ...  0.000012  2.570278e+06  1.737517e+09
1  1555.118610    0.000133  0.000014  ...  0.000012  2.574509e+06  1.737517e+09

[2 rows x 13 columns]
CHANNEL_1_2
        cbragg  cbragg_err   credchi  ...  cdelta_n            cL     timestamp
0  1558.265026    0.000115  0.000019  ...  0.000012  2.792788e+06  1.737517e+09
1  1558.267633    0.000117  0.000020  ...  0.000012  2.834044e+06  1.737517e+09

[2 rows x 13 columns]
CHANNEL_1_3
        cbragg  cbragg_err   credchi  ...  cdelta_n            cL     timestamp
0  1561.083299    0.000033  0.000002  ...  0.000012  2.936972e+06  1.737517e+09
1  1561.080449    0.000103  0.000015  ...  0.000012  2.872727e+06  1.737517e+09

[2 rows x 13 columns]
CHANNEL_2_1
       cbragg  cbragg_err   credchi  ...  cdelta_n            cL     timestamp
0  1542.56893    0.000060  0.000003  ...  0.000012  2.750901e+06  1.737517e+09
1  1542.56888    0.000059  0.000003  ...  0.000012  2.750433e+06  1.737517e+09

[2 rows x 13 columns]
CHANNEL_2_2
        cbragg  cbragg_err   credchi  ...  cdelta_n            cL     timestamp
0  1546.003798    0.000145  0.000016  ...  0.000012  2.665942e+06  1.737517e+09
1  1546.004193    0.000150  0.000018  ...  0.000012  2.648737e+06  1.737517e+09

[2 rows x 13 columns]
CHANNEL_2_3
        cbragg  cbragg_err   credchi  ...  cdelta_n            cL     timestamp
0  1548.593909    0.000150  0.000021  ...  0.000012  2.821372e+06  1.737517e+09
1  1548.596150    0.000099  0.000010  ...  0.000012  2.894572e+06  1.737517e+09

[2 rows x 13 columns]
CHANNEL_3_1
        cbragg  cbragg_err   credchi  ...  cdelta_n            cL     timestamp
0  1543.626453    0.000103  0.000022  ...  0.000012  7.861208e+06  1.737517e+09
1  1543.612909    0.000176  0.000014  ...  0.000012  7.919760e+06  1.737517e+09

[2 rows x 13 columns]
CHANNEL_3_2
        cbragg  cbragg_err   credchi  ...  cdelta_n            cL     timestamp
0  1544.651669    0.000128  0.000028  ...  0.000012  7.872778e+06  1.737517e+09
1  1544.645422    0.000113  0.000034  ...  0.000012  7.815455e+06  1.737517e+09

[2 rows x 13 columns]
CHANNEL_3_3
        cbragg  cbragg_err   credchi  ...  cdelta_n            cL     timestamp
0  1545.651142    0.000107  0.000034  ...  0.000012  7.632367e+06  1.737517e+09
1  1545.640806    0.000107  0.000021  ...  0.000012  7.653057e+06  1.737517e+09

[2 rows x 13 columns]
CHANNEL_3_4
        cbragg  cbragg_err   credchi  ...  cdelta_n            cL     timestamp
0  1546.624016    0.000095  0.000021  ...  0.000012  7.777528e+06  1.737517e+09
1  1546.614634    0.000094  0.000021  ...  0.000012  7.746002e+06  1.737517e+09

[2 rows x 13 columns]
CHANNEL_3_5
        cbragg  cbragg_err   credchi  ...  cdelta_n            cL     timestamp
0  1547.639986    0.000080  0.000015  ...  0.000012  7.603309e+06  1.737517e+09
1  1547.637043    0.000076  0.000014  ...  0.000012  7.597970e+06  1.737517e+09

[2 rows x 13 columns]
CHANNEL_3_6
        cbragg  cbragg_err  credchi  ...  cdelta_n            cL     timestamp
0  1548.629861    0.000081  0.00002  ...  0.000012  7.804633e+06  1.737517e+09
1  1548.617719    0.000074  0.00001  ...  0.000012  7.884811e+06  1.737517e+09

[2 rows x 13 columns]
CHANNEL_3_7
        cbragg  cbragg_err   credchi  ...  cdelta_n            cL     timestamp
0  1549.644047    0.000086  0.000014  ...  0.000012  7.579419e+06  1.737517e+09
1  1549.644443    0.000085  0.000020  ...  0.000012  7.537927e+06  1.737517e+09

[2 rows x 13 columns]
CHANNEL_3_8
        cbragg  cbragg_err   credchi  ...  cdelta_n            cL     timestamp
0  1550.600113    0.000088  0.000018  ...  0.000012  7.650018e+06  1.737517e+09
1  1550.589411    0.000087  0.000010  ...  0.000012  7.728202e+06  1.737517e+09

[2 rows x 13 columns]
CHANNEL_3_9
        cbragg  cbragg_err   credchi  ...  cdelta_n            cL     timestamp
0  1551.593825    0.000237  0.000067  ...  0.000012  7.053622e+06  1.737517e+09
1  1551.590541    0.000087  0.000015  ...  0.000012  7.684120e+06  1.737517e+09

[2 rows x 13 columns]
CHANNEL_3_10
        cbragg  cbragg_err   credchi  ...  cdelta_n            cL     timestamp
0  1552.603085    0.000100  0.000017  ...  0.000012  7.778905e+06  1.737517e+09
1  1552.594575    0.000141  0.000025  ...  0.000012  7.477487e+06  1.737517e+09

[2 rows x 13 columns]
CHANNEL_3_11
        cbragg  cbragg_err   credchi  ...  cdelta_n            cL     timestamp
0  1553.571005    0.000214  0.000085  ...  0.000012  7.441771e+06  1.737517e+09
1  1553.560529    0.000120  0.000026  ...  0.000012  7.954732e+06  1.737517e+09

[2 rows x 13 columns]
CHANNEL_3_12
        cbragg  cbragg_err   credchi  ...  cdelta_n            cL     timestamp
0  1554.545178    0.000096  0.000018  ...  0.000012  7.809952e+06  1.737517e+09
1  1554.538097    0.000099  0.000014  ...  0.000012  7.912646e+06  1.737517e+09

[2 rows x 13 columns]
CHANNEL_3_13
        cbragg  cbragg_err   credchi  ...  cdelta_n            cL     timestamp
0  1555.551922    0.000086  0.000011  ...  0.000012  7.638875e+06  1.737517e+09
1  1555.546904    0.000088  0.000014  ...  0.000012  7.570585e+06  1.737517e+09

[2 rows x 13 columns]
CHANNEL_3_14
        cbragg  cbragg_err   credchi  ...  cdelta_n            cL     timestamp
0  1556.507016    0.000184  0.000074  ...  0.000012  7.733599e+06  1.737517e+09
1  1556.498501    0.000184  0.000045  ...  0.000012  7.818447e+06  1.737517e+09

[2 rows x 13 columns]
