000 (11451992.324.000) 01/28 14:31:49 Job submitted from host: <188.185.114.121:9618?addrs=188.185.114.121-9618+[2001-1458-d00-a--100-273]-9618&alias=bigbird19.cern.ch&noUDP&sock=schedd_2045_4743>
...
040 (11451992.324.000) 01/28 15:10:42 Started transferring input files
	Transferring to host: <188.185.205.161:9618?addrs=188.185.205.161-9618+[2001-1458-303-a--100-1e]-9618&alias=b9p04p8568.cern.ch&noUDP&sock=slot1_32_4751_425a_184377>
...
040 (11451992.324.000) 01/28 15:10:42 Finished transferring input files
...
001 (11451992.324.000) 01/28 15:10:43 Job executing on host: <188.185.205.161:9618?addrs=188.185.205.161-9618+[2001-1458-303-a--100-1e]-9618&alias=b9p04p8568.cern.ch&noUDP&sock=startd_4025_64c8>
	SlotName: slot1_32@b9p04p8568.cern.ch
	CondorScratchDir = "/pool/condor/dir_435337"
	Cpus = 1
	Disk = 2822031
	Memory = 3000
...
006 (11451992.324.000) 01/28 15:10:52 Image size of job updated: 89364
	88  -  MemoryUsage of job (MB)
	89288  -  ResidentSetSize of job (KB)
...
006 (11451992.324.000) 01/28 15:15:53 Image size of job updated: 243684
	238  -  MemoryUsage of job (MB)
	243684  -  ResidentSetSize of job (KB)
...
006 (11451992.324.000) 01/28 15:20:53 Image size of job updated: 411388
	402  -  MemoryUsage of job (MB)
	411388  -  ResidentSetSize of job (KB)
...
006 (11451992.324.000) 01/28 15:25:54 Image size of job updated: 580604
	567  -  MemoryUsage of job (MB)
	580600  -  ResidentSetSize of job (KB)
...
006 (11451992.324.000) 01/28 15:30:55 Image size of job updated: 737252
	720  -  MemoryUsage of job (MB)
	737124  -  ResidentSetSize of job (KB)
...
006 (11451992.324.000) 01/28 15:35:55 Image size of job updated: 924536
	903  -  MemoryUsage of job (MB)
	924404  -  ResidentSetSize of job (KB)
...
006 (11451992.324.000) 01/28 15:40:56 Image size of job updated: 1788616
	1747  -  MemoryUsage of job (MB)
	1788464  -  ResidentSetSize of job (KB)
...
006 (11451992.324.000) 01/28 15:45:57 Image size of job updated: 1926884
	1882  -  MemoryUsage of job (MB)
	1926884  -  ResidentSetSize of job (KB)
...
006 (11451992.324.000) 01/28 15:50:57 Image size of job updated: 1982404
	1936  -  MemoryUsage of job (MB)
	1982332  -  ResidentSetSize of job (KB)
...
006 (11451992.324.000) 01/28 15:55:57 Image size of job updated: 2019376
	1973  -  MemoryUsage of job (MB)
	2019376  -  ResidentSetSize of job (KB)
...
006 (11451992.324.000) 01/28 16:00:58 Image size of job updated: 2054756
	2007  -  MemoryUsage of job (MB)
	2054756  -  ResidentSetSize of job (KB)
...
006 (11451992.324.000) 01/28 16:05:59 Image size of job updated: 2089612
	2041  -  MemoryUsage of job (MB)
	2089612  -  ResidentSetSize of job (KB)
...
006 (11451992.324.000) 01/28 16:10:59 Image size of job updated: 2122904
	2074  -  MemoryUsage of job (MB)
	2122900  -  ResidentSetSize of job (KB)
...
006 (11451992.324.000) 01/28 16:13:12 Image size of job updated: 2153484
	2074  -  MemoryUsage of job (MB)
	2122900  -  ResidentSetSize of job (KB)
...
040 (11451992.324.000) 01/28 16:13:12 Started transferring output files
...
040 (11451992.324.000) 01/28 16:13:12 Finished transferring output files
...
005 (11451992.324.000) 01/28 16:13:12 Job terminated.
	(1) Normal termination (return value 0)
		Usr 0 00:59:36, Sys 0 00:00:04  -  Run Remote Usage
		Usr 0 00:00:00, Sys 0 00:00:00  -  Run Local Usage
		Usr 0 00:59:36, Sys 0 00:00:04  -  Total Remote Usage
		Usr 0 00:00:00, Sys 0 00:00:00  -  Total Local Usage
	40692  -  Run Bytes Sent By Job
	5797  -  Run Bytes Received By Job
	40692  -  Total Bytes Sent By Job
	5797  -  Total Bytes Received By Job
	Partitionable Resources :    Usage  Request Allocated 
	   Cpus                 :     0.96        1         1 
	   Disk (KB)            :    71          10   2822031 
	   Memory (MB)          :  2074        3000      3000 

	Job terminated of its own accord at 2025-01-28T15:13:12Z with exit-code 0.
...
