CHANNEL_0_1
        cbragg  cbragg_err   credchi  ...  cdelta_n            cL     timestamp
0  1544.203456    0.000106  0.000035  ...  0.000012  7.748893e+06  1.737247e+09
1  1544.213588    0.000104  0.000052  ...  0.000012  7.722775e+06  1.737247e+09

[2 rows x 13 columns]
CHANNEL_0_2
        cbragg  cbragg_err   credchi  ...  cdelta_n            cL     timestamp
0  1545.162675    0.000083  0.000017  ...  0.000012  7.677709e+06  1.737247e+09
1  1545.162661    0.000086  0.000014  ...  0.000012  7.693201e+06  1.737247e+09

[2 rows x 13 columns]
CHANNEL_0_3
        cbragg  cbragg_err   credchi  ...  cdelta_n            cL     timestamp
0  1546.142231    0.000110  0.000034  ...  0.000012  7.704110e+06  1.737247e+09
1  1546.151258    0.000108  0.000056  ...  0.000012  7.651985e+06  1.737247e+09

[2 rows x 13 columns]
CHANNEL_0_4
        cbragg  cbragg_err   credchi  ...  cdelta_n            cL     timestamp
0  1547.140929    0.000117  0.000054  ...  0.000012  7.824836e+06  1.737247e+09
1  1547.140863    0.000126  0.000052  ...  0.000012  7.963645e+06  1.737247e+09

[2 rows x 13 columns]
CHANNEL_0_5
        cbragg  cbragg_err   credchi  ...  cdelta_n            cL     timestamp
0  1548.112595    0.000091  0.000034  ...  0.000012  7.712805e+06  1.737247e+09
1  1548.120280    0.000093  0.000040  ...  0.000012  7.678114e+06  1.737247e+09

[2 rows x 13 columns]
CHANNEL_0_6
        cbragg  cbragg_err   credchi  ...  cdelta_n            cL     timestamp
0  1549.095128    0.000079  0.000028  ...  0.000012  7.508029e+06  1.737247e+09
1  1549.100428    0.000081  0.000035  ...  0.000012  7.454786e+06  1.737247e+09

[2 rows x 13 columns]
CHANNEL_0_7
        cbragg  cbragg_err   credchi  ...  cdelta_n            cL     timestamp
0  1550.097006    0.000118  0.000044  ...  0.000012  7.627408e+06  1.737247e+09
1  1550.101460    0.000129  0.000050  ...  0.000012  7.800243e+06  1.737247e+09

[2 rows x 13 columns]
CHANNEL_0_8
        cbragg  cbragg_err   credchi  ...  cdelta_n            cL     timestamp
0  1551.072009    0.000072  0.000014  ...  0.000012  7.644108e+06  1.737247e+09
1  1551.080096    0.000070  0.000018  ...  0.000012  7.652133e+06  1.737247e+09

[2 rows x 13 columns]
CHANNEL_0_9
        cbragg  cbragg_err   credchi  ...  cdelta_n            cL     timestamp
0  1552.054768    0.000088  0.000017  ...  0.000012  7.742734e+06  1.737247e+09
1  1552.063426    0.000084  0.000023  ...  0.000012  7.707619e+06  1.737247e+09

[2 rows x 13 columns]
CHANNEL_0_10
        cbragg  cbragg_err   credchi  ...  cdelta_n            cL     timestamp
0  1553.063347    0.000094  0.000023  ...  0.000012  7.672157e+06  1.737247e+09
1  1553.065733    0.000095  0.000016  ...  0.000012  7.718468e+06  1.737247e+09

[2 rows x 13 columns]
CHANNEL_0_11
        cbragg  cbragg_err   credchi  ...  cdelta_n            cL     timestamp
0  1554.069180    0.000074  0.000009  ...  0.000012  7.669562e+06  1.737247e+09
1  1554.077611    0.000070  0.000013  ...  0.000012  7.632305e+06  1.737247e+09

[2 rows x 13 columns]
CHANNEL_0_12
        cbragg  cbragg_err   credchi  ...  cdelta_n            cL     timestamp
0  1555.096448    0.000118  0.000051  ...  0.000012  7.527000e+06  1.737247e+09
1  1555.098778    0.000113  0.000040  ...  0.000012  7.550542e+06  1.737247e+09

[2 rows x 13 columns]
CHANNEL_0_13
        cbragg  cbragg_err   credchi  ...  cdelta_n            cL     timestamp
0  1556.067310    0.000136  0.000032  ...  0.000012  7.724825e+06  1.737247e+09
1  1556.077048    0.000132  0.000042  ...  0.000012  7.707310e+06  1.737247e+09

[2 rows x 13 columns]
CHANNEL_0_14
        cbragg  cbragg_err   credchi  ...  cdelta_n            cL     timestamp
0  1557.041128    0.000115  0.000042  ...  0.000012  7.900811e+06  1.737247e+09
1  1557.045788    0.000094  0.000029  ...  0.000012  7.654528e+06  1.737247e+09

[2 rows x 13 columns]
CHANNEL_1_1
        cbragg  cbragg_err   credchi  ...  cdelta_n            cL     timestamp
0  1555.122814    0.000859  0.000987  ...  0.000012  3.176549e+06  1.737247e+09
1  1555.125273    0.000125  0.000012  ...  0.000012  2.585070e+06  1.737247e+09

[2 rows x 13 columns]
CHANNEL_1_2
        cbragg  cbragg_err   credchi  ...  cdelta_n            cL     timestamp
0  1558.272347    0.001041  0.002750  ...  0.000012  3.536641e+06  1.737247e+09
1  1558.273005    0.000124  0.000022  ...  0.000012  2.794296e+06  1.737247e+09

[2 rows x 13 columns]
CHANNEL_1_3
        cbragg  cbragg_err   credchi  ...  cdelta_n            cL     timestamp
0  1561.083887    0.000121  0.000022  ...  0.000012  2.859554e+06  1.737247e+09
1  1561.083453    0.000639  0.000474  ...  0.000012  2.619419e+06  1.737247e+09

[2 rows x 13 columns]
CHANNEL_2_1
        cbragg  cbragg_err   credchi  ...  cdelta_n            cL     timestamp
0  1542.570294    0.000052  0.000002  ...  0.000012  2.758963e+06  1.737247e+09
1  1542.572299    0.000050  0.000002  ...  0.000012  2.755620e+06  1.737247e+09

[2 rows x 13 columns]
CHANNEL_2_2
        cbragg  cbragg_err   credchi  ...  cdelta_n            cL     timestamp
0  1546.006101    0.001300  0.002762  ...  0.000012  3.599886e+06  1.737247e+09
1  1546.005163    0.000853  0.000965  ...  0.000012  3.240777e+06  1.737247e+09

[2 rows x 13 columns]
CHANNEL_2_3
        cbragg  cbragg_err   credchi  ...  cdelta_n            cL     timestamp
0  1548.594828    0.000115  0.000013  ...  0.000012  2.875428e+06  1.737247e+09
1  1548.597743    0.000106  0.000012  ...  0.000012  2.887865e+06  1.737247e+09

[2 rows x 13 columns]
CHANNEL_3_1
        cbragg  cbragg_err   credchi  ...  cdelta_n            cL     timestamp
0  1543.618096    0.000119  0.000017  ...  0.000012  7.802607e+06  1.737247e+09
1  1543.622766    0.000108  0.000022  ...  0.000012  7.789713e+06  1.737247e+09

[2 rows x 13 columns]
CHANNEL_3_2
        cbragg  cbragg_err   credchi  ...  cdelta_n            cL     timestamp
0  1544.643984    0.000306  0.000029  ...  0.000012  7.857241e+06  1.737247e+09
1  1544.652301    0.000110  0.000028  ...  0.000012  7.858027e+06  1.737247e+09

[2 rows x 13 columns]
CHANNEL_3_3
        cbragg  cbragg_err   credchi  ...  cdelta_n            cL     timestamp
0  1545.646914    0.000107  0.000029  ...  0.000012  7.585344e+06  1.737247e+09
1  1545.647290    0.000107  0.000025  ...  0.000012  7.585402e+06  1.737247e+09

[2 rows x 13 columns]
CHANNEL_3_4
        cbragg  cbragg_err   credchi  ...  cdelta_n            cL     timestamp
0  1546.613798    0.000095  0.000017  ...  0.000012  7.814131e+06  1.737247e+09
1  1546.624691    0.000093  0.000024  ...  0.000012  7.769985e+06  1.737247e+09

[2 rows x 13 columns]
CHANNEL_3_5
        cbragg  cbragg_err   credchi  ...  cdelta_n            cL     timestamp
0  1547.639524    0.000078  0.000018  ...  0.000012  7.575353e+06  1.737247e+09
1  1547.637518    0.000082  0.000012  ...  0.000012  7.622331e+06  1.737247e+09

[2 rows x 13 columns]
CHANNEL_3_6
        cbragg  cbragg_err   credchi  ...  cdelta_n            cL     timestamp
0  1548.621208    0.000082  0.000012  ...  0.000012  7.825276e+06  1.737247e+09
1  1548.628446    0.000082  0.000021  ...  0.000012  7.753543e+06  1.737247e+09

[2 rows x 13 columns]
CHANNEL_3_7
        cbragg  cbragg_err   credchi  ...  cdelta_n            cL     timestamp
0  1549.645728    0.000086  0.000020  ...  0.000012  7.531985e+06  1.737247e+09
1  1549.644228    0.000084  0.000013  ...  0.000012  7.597412e+06  1.737247e+09

[2 rows x 13 columns]
CHANNEL_3_8
        cbragg  cbragg_err   credchi  ...  cdelta_n            cL     timestamp
0  1550.598434    0.000094  0.000013  ...  0.000012  7.622338e+06  1.737247e+09
1  1550.599188    0.000097  0.000019  ...  0.000012  7.457872e+06  1.737247e+09

[2 rows x 13 columns]
CHANNEL_3_9
        cbragg  cbragg_err   credchi  ...  cdelta_n            cL     timestamp
0  1551.594685    0.000089  0.000014  ...  0.000012  7.674677e+06  1.737247e+09
1  1551.596454    0.000090  0.000013  ...  0.000012  7.722099e+06  1.737247e+09

[2 rows x 13 columns]
CHANNEL_3_10
        cbragg  cbragg_err   credchi  ...  cdelta_n            cL     timestamp
0  1552.602249    0.000105  0.000018  ...  0.000012  7.738170e+06  1.737247e+09
1  1552.601922    0.000106  0.000015  ...  0.000012  7.758416e+06  1.737247e+09

[2 rows x 13 columns]
CHANNEL_3_11
        cbragg  cbragg_err   credchi  ...  cdelta_n            cL     timestamp
0  1553.562980    0.000124  0.000024  ...  0.000012  8.002587e+06  1.737247e+09
1  1553.573594    0.000126  0.000037  ...  0.000012  7.885252e+06  1.737247e+09

[2 rows x 13 columns]
CHANNEL_3_12
        cbragg  cbragg_err   credchi  ...  cdelta_n            cL     timestamp
0  1554.545203    0.000152  0.000038  ...  0.000012  7.437207e+06  1.737247e+09
1  1554.544561    0.000097  0.000015  ...  0.000012  7.810399e+06  1.737247e+09

[2 rows x 13 columns]
CHANNEL_3_13
        cbragg  cbragg_err   credchi  ...  cdelta_n            cL     timestamp
0  1555.548225    0.000089  0.000012  ...  0.000012  7.597611e+06  1.737247e+09
1  1555.555375    0.000087  0.000012  ...  0.000012  7.601164e+06  1.737247e+09

[2 rows x 13 columns]
CHANNEL_3_14
        cbragg  cbragg_err   credchi  ...  cdelta_n            cL     timestamp
0  1556.505073    0.000187  0.000054  ...  0.000012  7.762456e+06  1.737247e+09
1  1556.507518    0.000184  0.000065  ...  0.000012  7.719797e+06  1.737247e+09

[2 rows x 13 columns]
