000 (11451992.582.000) 01/28 14:31:49 Job submitted from host: <188.185.114.121:9618?addrs=188.185.114.121-9618+[2001-1458-d00-a--100-273]-9618&alias=bigbird19.cern.ch&noUDP&sock=schedd_2045_4743>
...
040 (11451992.582.000) 01/28 16:59:29 Started transferring input files
	Transferring to host: <188.185.193.118:9618?addrs=188.185.193.118-9618+[2001-1458-303-20--100-72]-9618&alias=b9p19p4217.cern.ch&noUDP&sock=slot1_3_3639459_db36_150777>
...
040 (11451992.582.000) 01/28 16:59:29 Finished transferring input files
...
001 (11451992.582.000) 01/28 16:59:30 Job executing on host: <188.185.193.118:9618?addrs=188.185.193.118-9618+[2001-1458-303-20--100-72]-9618&alias=b9p19p4217.cern.ch&noUDP&sock=startd_128389_c0e7>
	SlotName: slot1_3@b9p19p4217.cern.ch
	CondorScratchDir = "/pool/condor/dir_3545805"
	Cpus = 1
	Disk = 2930190
	Memory = 3000
...
006 (11451992.582.000) 01/28 16:59:39 Image size of job updated: 81684
	80  -  MemoryUsage of job (MB)
	81432  -  ResidentSetSize of job (KB)
...
006 (11451992.582.000) 01/28 17:04:40 Image size of job updated: 166020
	162  -  MemoryUsage of job (MB)
	165844  -  ResidentSetSize of job (KB)
...
006 (11451992.582.000) 01/28 17:09:40 Image size of job updated: 236160
	231  -  MemoryUsage of job (MB)
	236032  -  ResidentSetSize of job (KB)
...
006 (11451992.582.000) 01/28 17:14:40 Image size of job updated: 305200
	298  -  MemoryUsage of job (MB)
	304960  -  ResidentSetSize of job (KB)
...
006 (11451992.582.000) 01/28 17:19:41 Image size of job updated: 373384
	365  -  MemoryUsage of job (MB)
	373256  -  ResidentSetSize of job (KB)
...
006 (11451992.582.000) 01/28 17:24:41 Image size of job updated: 445748
	436  -  MemoryUsage of job (MB)
	445508  -  ResidentSetSize of job (KB)
...
006 (11451992.582.000) 01/28 17:29:41 Image size of job updated: 517108
	505  -  MemoryUsage of job (MB)
	517108  -  ResidentSetSize of job (KB)
...
006 (11451992.582.000) 01/28 17:34:42 Image size of job updated: 586528
	573  -  MemoryUsage of job (MB)
	586528  -  ResidentSetSize of job (KB)
...
006 (11451992.582.000) 01/28 17:39:43 Image size of job updated: 652976
	635  -  MemoryUsage of job (MB)
	649872  -  ResidentSetSize of job (KB)
...
006 (11451992.582.000) 01/28 17:49:44 Image size of job updated: 692848
	677  -  MemoryUsage of job (MB)
	692848  -  ResidentSetSize of job (KB)
...
006 (11451992.582.000) 01/28 17:54:45 Image size of job updated: 762344
	745  -  MemoryUsage of job (MB)
	762340  -  ResidentSetSize of job (KB)
...
006 (11451992.582.000) 01/28 17:59:45 Image size of job updated: 806272
	788  -  MemoryUsage of job (MB)
	806024  -  ResidentSetSize of job (KB)
...
006 (11451992.582.000) 01/28 18:04:45 Image size of job updated: 1270736
	1241  -  MemoryUsage of job (MB)
	1270608  -  ResidentSetSize of job (KB)
...
006 (11451992.582.000) 01/28 18:09:46 Image size of job updated: 1702312
	1663  -  MemoryUsage of job (MB)
	1702156  -  ResidentSetSize of job (KB)
...
006 (11451992.582.000) 01/28 18:14:46 Image size of job updated: 1797020
	1755  -  MemoryUsage of job (MB)
	1797020  -  ResidentSetSize of job (KB)
...
006 (11451992.582.000) 01/28 18:19:46 Image size of job updated: 1873752
	1830  -  MemoryUsage of job (MB)
	1873752  -  ResidentSetSize of job (KB)
...
006 (11451992.582.000) 01/28 18:24:47 Image size of job updated: 1912240
	1868  -  MemoryUsage of job (MB)
	1912240  -  ResidentSetSize of job (KB)
...
006 (11451992.582.000) 01/28 18:29:48 Image size of job updated: 1935732
	1891  -  MemoryUsage of job (MB)
	1935732  -  ResidentSetSize of job (KB)
...
006 (11451992.582.000) 01/28 18:34:48 Image size of job updated: 1962616
	1917  -  MemoryUsage of job (MB)
	1962532  -  ResidentSetSize of job (KB)
...
006 (11451992.582.000) 01/28 18:39:49 Image size of job updated: 1977064
	1931  -  MemoryUsage of job (MB)
	1977060  -  ResidentSetSize of job (KB)
...
006 (11451992.582.000) 01/28 18:44:50 Image size of job updated: 1993380
	1947  -  MemoryUsage of job (MB)
	1993376  -  ResidentSetSize of job (KB)
...
006 (11451992.582.000) 01/28 18:49:50 Image size of job updated: 2007720
	1961  -  MemoryUsage of job (MB)
	2007568  -  ResidentSetSize of job (KB)
...
006 (11451992.582.000) 01/28 18:54:50 Image size of job updated: 2021136
	1974  -  MemoryUsage of job (MB)
	2020980  -  ResidentSetSize of job (KB)
...
006 (11451992.582.000) 01/28 18:59:51 Image size of job updated: 2034872
	1988  -  MemoryUsage of job (MB)
	2034780  -  ResidentSetSize of job (KB)
...
006 (11451992.582.000) 01/28 19:04:51 Image size of job updated: 2048604
	2001  -  MemoryUsage of job (MB)
	2048452  -  ResidentSetSize of job (KB)
...
006 (11451992.582.000) 01/28 19:09:51 Image size of job updated: 2063656
	2016  -  MemoryUsage of job (MB)
	2063484  -  ResidentSetSize of job (KB)
...
006 (11451992.582.000) 01/28 19:14:52 Image size of job updated: 2077452
	2029  -  MemoryUsage of job (MB)
	2077300  -  ResidentSetSize of job (KB)
...
006 (11451992.582.000) 01/28 19:19:53 Image size of job updated: 2091664
	2043  -  MemoryUsage of job (MB)
	2091508  -  ResidentSetSize of job (KB)
...
006 (11451992.582.000) 01/28 19:24:53 Image size of job updated: 2106840
	2058  -  MemoryUsage of job (MB)
	2106684  -  ResidentSetSize of job (KB)
...
006 (11451992.582.000) 01/28 19:25:55 Image size of job updated: 2128396
	2058  -  MemoryUsage of job (MB)
	2106684  -  ResidentSetSize of job (KB)
...
040 (11451992.582.000) 01/28 19:25:55 Started transferring output files
...
040 (11451992.582.000) 01/28 19:25:55 Finished transferring output files
...
005 (11451992.582.000) 01/28 19:25:55 Job terminated.
	(1) Normal termination (return value 0)
		Usr 0 02:22:20, Sys 0 00:00:23  -  Run Remote Usage
		Usr 0 00:00:00, Sys 0 00:00:00  -  Run Local Usage
		Usr 0 02:22:20, Sys 0 00:00:23  -  Total Remote Usage
		Usr 0 00:00:00, Sys 0 00:00:00  -  Total Local Usage
	40692  -  Run Bytes Sent By Job
	5797  -  Run Bytes Received By Job
	40692  -  Total Bytes Sent By Job
	5797  -  Total Bytes Received By Job
	Partitionable Resources :    Usage  Request Allocated 
	   Cpus                 :     0.99        1         1 
	   Disk (KB)            :    68          10   2930190 
	   Memory (MB)          :  2058        3000      3000 

	Job terminated of its own accord at 2025-01-28T18:25:55Z with exit-code 0.
...
