000 (11451992.567.000) 01/28 14:31:49 Job submitted from host: <188.185.114.121:9618?addrs=188.185.114.121-9618+[2001-1458-d00-a--100-273]-9618&alias=bigbird19.cern.ch&noUDP&sock=schedd_2045_4743>
...
040 (11451992.567.000) 01/28 16:55:21 Started transferring input files
	Transferring to host: <128.142.33.55:9618?addrs=128.142.33.55-9618+[2001-1458-301-53--100-34]-9618&alias=b9g34p2738.cern.ch&noUDP&sock=slot1_18_2960_5671_34904>
...
040 (11451992.567.000) 01/28 16:55:21 Finished transferring input files
...
001 (11451992.567.000) 01/28 16:55:22 Job executing on host: <128.142.33.55:9618?addrs=128.142.33.55-9618+[2001-1458-301-53--100-34]-9618&alias=b9g34p2738.cern.ch&noUDP&sock=startd_2442_965d>
	SlotName: slot1_18@b9g34p2738.cern.ch
	CondorScratchDir = "/pool/condor/dir_3120269"
	Cpus = 1
	Disk = 2857743
	Memory = 3000
...
006 (11451992.567.000) 01/28 16:55:30 Image size of job updated: 98468
	96  -  MemoryUsage of job (MB)
	98252  -  ResidentSetSize of job (KB)
...
006 (11451992.567.000) 01/28 16:55:49 Image size of job updated: 196332
	105  -  MemoryUsage of job (MB)
	107168  -  ResidentSetSize of job (KB)
...
040 (11451992.567.000) 01/28 16:55:49 Started transferring output files
...
040 (11451992.567.000) 01/28 16:55:49 Finished transferring output files
...
005 (11451992.567.000) 01/28 16:55:49 Job terminated.
	(1) Normal termination (return value 0)
		Usr 0 00:00:13, Sys 0 00:00:01  -  Run Remote Usage
		Usr 0 00:00:00, Sys 0 00:00:00  -  Run Local Usage
		Usr 0 00:00:13, Sys 0 00:00:01  -  Total Remote Usage
		Usr 0 00:00:00, Sys 0 00:00:00  -  Total Local Usage
	14883  -  Run Bytes Sent By Job
	5797  -  Run Bytes Received By Job
	14883  -  Total Bytes Sent By Job
	5797  -  Total Bytes Received By Job
	Partitionable Resources :    Usage  Request Allocated 
	   Cpus                 :                 1         1 
	   Disk (KB)            :       35       10   2857743 
	   Memory (MB)          :      105     3000      3000 

	Job terminated of its own accord at 2025-01-28T15:55:49Z with exit-code 0.
...
