CHANNEL_0_1
        cbragg  cbragg_err   credchi  ...  cdelta_n            cL     timestamp
0  1544.223335    0.000102  0.000040  ...  0.000012  7.698103e+06  1.737707e+09
1  1544.224876    0.000481  0.000053  ...  0.000012  7.641302e+06  1.737707e+09

[2 rows x 13 columns]
CHANNEL_0_2
        cbragg  cbragg_err   credchi  ...  cdelta_n            cL     timestamp
0  1545.177960    0.000084  0.000018  ...  0.000012  7.692330e+06  1.737707e+09
1  1545.178005    0.000087  0.000014  ...  0.000012  7.685215e+06  1.737707e+09

[2 rows x 13 columns]
CHANNEL_0_3
        cbragg  cbragg_err   credchi  ...  cdelta_n            cL     timestamp
0  1546.163750    0.000114  0.000048  ...  0.000012  7.629277e+06  1.737707e+09
1  1546.161271    0.000112  0.000045  ...  0.000012  7.592832e+06  1.737707e+09

[2 rows x 13 columns]
CHANNEL_0_4
        cbragg  cbragg_err   credchi  ...  cdelta_n            cL     timestamp
0  1547.156441    0.000117  0.000057  ...  0.000012  7.900396e+06  1.737707e+09
1  1547.156443    0.000119  0.000044  ...  0.000012  7.834355e+06  1.737707e+09

[2 rows x 13 columns]
CHANNEL_0_5
        cbragg  cbragg_err   credchi  ...  cdelta_n            cL     timestamp
0  1548.130723    0.000091  0.000029  ...  0.000012  7.706666e+06  1.737707e+09
1  1548.133719    0.000111  0.000069  ...  0.000012  7.848594e+06  1.737707e+09

[2 rows x 13 columns]
CHANNEL_0_6
        cbragg  cbragg_err   credchi  ...  cdelta_n            cL     timestamp
0  1549.117275    0.000081  0.000041  ...  0.000012  7.470996e+06  1.737707e+09
1  1549.108757    0.000100  0.000039  ...  0.000012  7.742973e+06  1.737707e+09

[2 rows x 13 columns]
CHANNEL_0_7
        cbragg  cbragg_err   credchi  ...  cdelta_n            cL     timestamp
0  1550.112572    0.000117  0.000040  ...  0.000012  7.625854e+06  1.737707e+09
1  1550.116866    0.000115  0.000043  ...  0.000012  7.670565e+06  1.737707e+09

[2 rows x 13 columns]
CHANNEL_0_8
        cbragg  cbragg_err   credchi  ...  cdelta_n            cL     timestamp
0  1551.086188    0.000072  0.000015  ...  0.000012  7.626171e+06  1.737707e+09
1  1551.086535    0.000072  0.000018  ...  0.000012  7.598661e+06  1.737707e+09

[2 rows x 13 columns]
CHANNEL_0_9
        cbragg  cbragg_err   credchi  ...  cdelta_n            cL     timestamp
0  1552.071699    0.000087  0.000024  ...  0.000012  7.692895e+06  1.737707e+09
1  1552.067549    0.000089  0.000018  ...  0.000012  7.712920e+06  1.737707e+09

[2 rows x 13 columns]
CHANNEL_0_10
        cbragg  cbragg_err   credchi  ...  cdelta_n            cL     timestamp
0  1553.072945    0.000089  0.000017  ...  0.000012  7.672972e+06  1.737707e+09
1  1553.076305    0.000092  0.000020  ...  0.000012  7.686650e+06  1.737707e+09

[2 rows x 13 columns]
CHANNEL_0_11
        cbragg  cbragg_err   credchi  ...  cdelta_n            cL     timestamp
0  1554.087523    0.000067  0.000011  ...  0.000012  7.590215e+06  1.737707e+09
1  1554.081238    0.000073  0.000010  ...  0.000012  7.631785e+06  1.737707e+09

[2 rows x 13 columns]
CHANNEL_0_12
        cbragg  cbragg_err   credchi  ...  cdelta_n            cL     timestamp
0  1555.109056    0.000112  0.000051  ...  0.000012  7.586337e+06  1.737707e+09
1  1555.107232    0.000114  0.000041  ...  0.000012  7.561805e+06  1.737707e+09

[2 rows x 13 columns]
CHANNEL_0_13
        cbragg  cbragg_err   credchi  ...  cdelta_n            cL     timestamp
0  1556.082158    0.000145  0.000036  ...  0.000012  7.707417e+06  1.737707e+09
1  1556.082863    0.000137  0.000043  ...  0.000012  7.643237e+06  1.737707e+09

[2 rows x 13 columns]
CHANNEL_0_14
        cbragg  cbragg_err   credchi  ...  cdelta_n            cL     timestamp
0  1557.056981    0.000089  0.000035  ...  0.000012  7.689070e+06  1.737707e+09
1  1557.049686    0.000087  0.000018  ...  0.000012  7.744885e+06  1.737707e+09

[2 rows x 13 columns]
CHANNEL_1_1
        cbragg  cbragg_err   credchi  ...  cdelta_n            cL     timestamp
0  1555.122892    0.000122  0.000011  ...  0.000012  2.606512e+06  1.737707e+09
1  1555.126184    0.000190  0.000028  ...  0.000012  2.577830e+06  1.737707e+09

[2 rows x 13 columns]
CHANNEL_1_2
        cbragg  cbragg_err   credchi  ...  cdelta_n            cL     timestamp
0  1558.272160    0.000113  0.000018  ...  0.000012  2.789006e+06  1.737707e+09
1  1558.274799    0.000117  0.000019  ...  0.000012  2.786421e+06  1.737707e+09

[2 rows x 13 columns]
CHANNEL_1_3
        cbragg  cbragg_err   credchi  ...  cdelta_n            cL     timestamp
0  1561.088259    0.000036  0.000002  ...  0.000012  2.921861e+06  1.737707e+09
1  1561.085079    0.000064  0.000006  ...  0.000012  2.968425e+06  1.737707e+09

[2 rows x 13 columns]
CHANNEL_2_1
        cbragg  cbragg_err   credchi  ...  cdelta_n            cL     timestamp
0  1542.576677    0.000051  0.000002  ...  0.000012  2.777714e+06  1.737707e+09
1  1542.576556    0.000048  0.000002  ...  0.000012  2.755771e+06  1.737707e+09

[2 rows x 13 columns]
CHANNEL_2_2
        cbragg  cbragg_err   credchi  ...  cdelta_n            cL     timestamp
0  1546.010990    0.000147  0.000016  ...  0.000012  2.661349e+06  1.737707e+09
1  1546.011295    0.000165  0.000022  ...  0.000012  2.660280e+06  1.737707e+09

[2 rows x 13 columns]
CHANNEL_2_3
        cbragg  cbragg_err   credchi  ...  cdelta_n            cL     timestamp
0  1548.598481    0.000088  0.000008  ...  0.000012  2.916485e+06  1.737707e+09
1  1548.600880    0.000099  0.000010  ...  0.000012  2.898376e+06  1.737707e+09

[2 rows x 13 columns]
CHANNEL_3_1
        cbragg  cbragg_err   credchi  ...  cdelta_n            cL     timestamp
0  1543.634183    0.000123  0.000022  ...  0.000012  7.867071e+06  1.737707e+09
1  1543.620836    0.000121  0.000014  ...  0.000012  7.921338e+06  1.737707e+09

[2 rows x 13 columns]
CHANNEL_3_2
        cbragg  cbragg_err   credchi  ...  cdelta_n            cL     timestamp
0  1544.659318    0.000119  0.000026  ...  0.000012  7.861214e+06  1.737707e+09
1  1544.653281    0.000153  0.000032  ...  0.000012  7.815265e+06  1.737707e+09

[2 rows x 13 columns]
CHANNEL_3_3
        cbragg  cbragg_err   credchi  ...  cdelta_n            cL     timestamp
0  1545.658245    0.000103  0.000031  ...  0.000012  7.616880e+06  1.737707e+09
1  1545.649016    0.000105  0.000021  ...  0.000012  7.642924e+06  1.737707e+09

[2 rows x 13 columns]
CHANNEL_3_4
        cbragg  cbragg_err   credchi  ...  cdelta_n            cL     timestamp
0  1546.631356    0.000094  0.000021  ...  0.000012  7.793647e+06  1.737707e+09
1  1546.621898    0.000095  0.000020  ...  0.000012  7.760374e+06  1.737707e+09

[2 rows x 13 columns]
CHANNEL_3_5
        cbragg  cbragg_err   credchi  ...  cdelta_n            cL     timestamp
0  1547.646673    0.000083  0.000015  ...  0.000012  7.598825e+06  1.737707e+09
1  1547.644692    0.000078  0.000015  ...  0.000012  7.595480e+06  1.737707e+09

[2 rows x 13 columns]
CHANNEL_3_6
        cbragg  cbragg_err   credchi  ...  cdelta_n            cL     timestamp
0  1548.636853    0.000079  0.000019  ...  0.000012  7.801266e+06  1.737707e+09
1  1548.625141    0.000077  0.000011  ...  0.000012  7.887254e+06  1.737707e+09

[2 rows x 13 columns]
CHANNEL_3_7
        cbragg  cbragg_err   credchi  ...  cdelta_n            cL     timestamp
0  1549.650756    0.000086  0.000013  ...  0.000012  7.536826e+06  1.737707e+09
1  1549.651851    0.000083  0.000019  ...  0.000012  7.551881e+06  1.737707e+09

[2 rows x 13 columns]
CHANNEL_3_8
        cbragg  cbragg_err   credchi  ...  cdelta_n            cL     timestamp
0  1550.606131    0.000089  0.000018  ...  0.000012  7.635162e+06  1.737707e+09
1  1550.596321    0.000089  0.000011  ...  0.000012  7.710731e+06  1.737707e+09

[2 rows x 13 columns]
CHANNEL_3_9
        cbragg  cbragg_err   credchi  ...  cdelta_n            cL     timestamp
0  1551.599905    0.000095  0.000012  ...  0.000012  7.711757e+06  1.737707e+09
1  1551.597033    0.000089  0.000015  ...  0.000012  7.660452e+06  1.737707e+09

[2 rows x 13 columns]
CHANNEL_3_10
        cbragg  cbragg_err   credchi  ...  cdelta_n            cL     timestamp
0  1552.608935    0.000144  0.000033  ...  0.000012  7.459082e+06  1.737707e+09
1  1552.601350    0.000102  0.000014  ...  0.000012  7.804299e+06  1.737707e+09

[2 rows x 13 columns]
CHANNEL_3_11
        cbragg  cbragg_err   credchi  ...  cdelta_n            cL     timestamp
0  1553.577309    0.000125  0.000032  ...  0.000012  7.970544e+06  1.737707e+09
1  1553.566736    0.000123  0.000027  ...  0.000012  7.967039e+06  1.737707e+09

[2 rows x 13 columns]
CHANNEL_3_12
        cbragg  cbragg_err   credchi  ...  cdelta_n            cL     timestamp
0  1554.551037    0.000095  0.000018  ...  0.000012  7.816634e+06  1.737707e+09
1  1554.545122    0.000098  0.000014  ...  0.000012  7.865203e+06  1.737707e+09

[2 rows x 13 columns]
CHANNEL_3_13
        cbragg  cbragg_err   credchi  ...  cdelta_n            cL     timestamp
0  1555.558412    0.000089  0.000012  ...  0.000012  7.625982e+06  1.737707e+09
1  1555.553122    0.000085  0.000013  ...  0.000012  7.576367e+06  1.737707e+09

[2 rows x 13 columns]
CHANNEL_3_14
        cbragg  cbragg_err   credchi  ...  cdelta_n            cL     timestamp
0  1556.512939    0.000183  0.000072  ...  0.000012  7.729919e+06  1.737707e+09
1  1556.505393    0.000184  0.000045  ...  0.000012  7.815725e+06  1.737707e+09

[2 rows x 13 columns]
