000 (11451992.496.000) 01/28 14:31:49 Job submitted from host: <188.185.114.121:9618?addrs=188.185.114.121-9618+[2001-1458-d00-a--100-273]-9618&alias=bigbird19.cern.ch&noUDP&sock=schedd_2045_4743>
...
040 (11451992.496.000) 01/28 16:35:22 Started transferring input files
	Transferring to host: <188.185.193.97:9618?addrs=188.185.193.97-9618+[2001-1458-303-20--100-5d]-9618&alias=b9p19p4407.cern.ch&noUDP&sock=slot1_1_4021716_7e4f_65644>
...
040 (11451992.496.000) 01/28 16:35:22 Finished transferring input files
...
001 (11451992.496.000) 01/28 16:35:23 Job executing on host: <188.185.193.97:9618?addrs=188.185.193.97-9618+[2001-1458-303-20--100-5d]-9618&alias=b9p19p4407.cern.ch&noUDP&sock=startd_8776_2f3c>
	SlotName: slot1_1@b9p19p4407.cern.ch
	CondorScratchDir = "/pool/condor/dir_330522"
	Cpus = 1
	Disk = 3794
	GPUs = 0
	Memory = 3000
...
006 (11451992.496.000) 01/28 16:35:33 Image size of job updated: 89380
	88  -  MemoryUsage of job (MB)
	89380  -  ResidentSetSize of job (KB)
...
040 (11451992.496.000) 01/28 16:35:48 Started transferring output files
...
040 (11451992.496.000) 01/28 16:35:48 Finished transferring output files
...
005 (11451992.496.000) 01/28 16:35:48 Job terminated.
	(1) Normal termination (return value 0)
		Usr 0 00:00:23, Sys 0 00:00:00  -  Run Remote Usage
		Usr 0 00:00:00, Sys 0 00:00:00  -  Run Local Usage
		Usr 0 00:00:23, Sys 0 00:00:00  -  Total Remote Usage
		Usr 0 00:00:00, Sys 0 00:00:00  -  Total Local Usage
	14883  -  Run Bytes Sent By Job
	5797  -  Run Bytes Received By Job
	14883  -  Total Bytes Sent By Job
	5797  -  Total Bytes Received By Job
	Partitionable Resources :    Usage  Request Allocated 
	   Cpus                 :     0.97        1         1 
	   Disk (KB)            :    44          10      3794 
	   GPUs                 :                           0 
	   Memory (MB)          :    88        3000      3000 

	Job terminated of its own accord at 2025-01-28T15:35:48Z with exit-code 0.
...
