CHANNEL_0_1
          cbragg  cbragg_err   credchi  ...  cdelta_n            cL     timestamp
0    1544.737082    0.000118  0.000059  ...  0.000012  7.649620e+06  1.734085e+09
1    1544.737017    0.000158  0.000060  ...  0.000012  7.660617e+06  1.734085e+09
2    1544.737074    0.000112  0.000058  ...  0.000012  7.649243e+06  1.734085e+09
3    1544.736995    0.000107  0.000059  ...  0.000012  7.642135e+06  1.734085e+09
4    1544.737093    0.000136  0.000059  ...  0.000012  7.646510e+06  1.734085e+09
..           ...         ...       ...  ...       ...           ...           ...
635  1544.736131    0.000318  0.000057  ...  0.000012  7.665742e+06  1.734085e+09
636  1544.736106    0.000116  0.000059  ...  0.000012  7.646546e+06  1.734085e+09
637  1544.736109    0.000130  0.000059  ...  0.000012  7.648237e+06  1.734085e+09
638  1544.736214    0.000106  0.000058  ...  0.000012  7.653540e+06  1.734085e+09
639  1544.736120    0.000146  0.000057  ...  0.000012  7.644936e+06  1.734085e+09

[640 rows x 13 columns]
CHANNEL_0_2
          cbragg  cbragg_err   credchi  ...  cdelta_n            cL     timestamp
0    1545.560178    0.000097  0.000016  ...  0.000012  7.631793e+06  1.734085e+09
1    1545.560183    0.000092  0.000015  ...  0.000012  7.771722e+06  1.734085e+09
2    1545.560341    0.000140  0.000031  ...  0.000012  7.398245e+06  1.734085e+09
3    1545.560320    0.000087  0.000013  ...  0.000012  7.783062e+06  1.734085e+09
4    1545.560209    0.000092  0.000015  ...  0.000012  7.761236e+06  1.734085e+09
..           ...         ...       ...  ...       ...           ...           ...
635  1545.559381    0.000097  0.000016  ...  0.000012  7.800408e+06  1.734085e+09
636  1545.559350    0.000093  0.000015  ...  0.000012  7.740500e+06  1.734085e+09
637  1545.559292    0.000091  0.000014  ...  0.000012  7.779296e+06  1.734085e+09
638  1545.559439    0.000094  0.000015  ...  0.000012  7.752153e+06  1.734085e+09
639  1545.559387    0.000094  0.000015  ...  0.000012  7.759160e+06  1.734085e+09

[640 rows x 13 columns]
CHANNEL_0_3
          cbragg  cbragg_err   credchi  ...  cdelta_n            cL     timestamp
0    1546.311740    0.000109  0.000048  ...  0.000012  7.598692e+06  1.734085e+09
1    1546.311806    0.000110  0.000048  ...  0.000012  7.602561e+06  1.734085e+09
2    1546.311866    0.000108  0.000047  ...  0.000012  7.619351e+06  1.734085e+09
3    1546.311844    0.000108  0.000047  ...  0.000012  7.607680e+06  1.734085e+09
4    1546.311837    0.000111  0.000051  ...  0.000012  7.699337e+06  1.734085e+09
..           ...         ...       ...  ...       ...           ...           ...
635  1546.311510    0.000111  0.000050  ...  0.000012  7.587096e+06  1.734085e+09
636  1546.311553    0.000106  0.000045  ...  0.000012  7.602024e+06  1.734085e+09
637  1546.311561    0.000108  0.000047  ...  0.000012  7.604472e+06  1.734085e+09
638  1546.311632    0.000109  0.000048  ...  0.000012  7.610097e+06  1.734085e+09
639  1546.311518    0.000109  0.000048  ...  0.000012  7.614263e+06  1.734085e+09

[640 rows x 13 columns]
CHANNEL_0_4
          cbragg  cbragg_err   credchi  ...  cdelta_n            cL     timestamp
0    1547.109754    0.000133  0.000047  ...  0.000012  7.707812e+06  1.734085e+09
1    1547.109803    0.000109  0.000033  ...  0.000012  7.977477e+06  1.734085e+09
2    1547.109860    0.000105  0.000030  ...  0.000012  7.980376e+06  1.734085e+09
3    1547.109751    0.000134  0.000047  ...  0.000012  7.695360e+06  1.734085e+09
4    1547.109876    0.000107  0.000032  ...  0.000012  7.914929e+06  1.734085e+09
..           ...         ...       ...  ...       ...           ...           ...
635  1547.110085    0.000126  0.000043  ...  0.000012  7.737753e+06  1.734085e+09
636  1547.110045    0.000109  0.000033  ...  0.000012  7.979184e+06  1.734085e+09
637  1547.109981    0.000139  0.000051  ...  0.000012  7.678862e+06  1.734085e+09
638  1547.110171    0.000108  0.000032  ...  0.000012  7.971825e+06  1.734085e+09
639  1547.110065    0.000107  0.000032  ...  0.000012  7.976877e+06  1.734085e+09

[640 rows x 13 columns]
CHANNEL_0_5
          cbragg  cbragg_err   credchi  ...  cdelta_n            cL     timestamp
0    1548.090591    0.000101  0.000049  ...  0.000012  7.866740e+06  1.734085e+09
1    1548.090151    0.000089  0.000038  ...  0.000012  7.795454e+06  1.734085e+09
2    1548.090111    0.000098  0.000046  ...  0.000012  7.861880e+06  1.734085e+09
3    1548.090091    0.000084  0.000034  ...  0.000012  7.715192e+06  1.734085e+09
4    1548.090620    0.000108  0.000057  ...  0.000012  7.876055e+06  1.734085e+09
..           ...         ...       ...  ...       ...           ...           ...
635  1548.091884    0.000131  0.000084  ...  0.000012  7.888417e+06  1.734085e+09
636  1548.090539    0.000091  0.000040  ...  0.000012  7.805046e+06  1.734085e+09
637  1548.090777    0.000100  0.000048  ...  0.000012  7.845473e+06  1.734085e+09
638  1548.090492    0.000132  0.000088  ...  0.000012  8.036015e+06  1.734085e+09
639  1548.090625    0.000085  0.000034  ...  0.000012  7.735563e+06  1.734085e+09

[640 rows x 13 columns]
CHANNEL_0_6
          cbragg  cbragg_err   credchi  ...  cdelta_n            cL     timestamp
0    1549.066895    0.000102  0.000047  ...  0.000012  7.740218e+06  1.734085e+09
1    1549.066796    0.000118  0.000063  ...  0.000012  7.791908e+06  1.734085e+09
2    1549.066793    0.000078  0.000027  ...  0.000012  7.552422e+06  1.734085e+09
3    1549.066785    0.000079  0.000027  ...  0.000012  7.540625e+06  1.734085e+09
4    1549.066744    0.000116  0.000060  ...  0.000012  7.723821e+06  1.734085e+09
..           ...         ...       ...  ...       ...           ...           ...
635  1549.067364    0.000076  0.000026  ...  0.000012  7.552165e+06  1.734085e+09
636  1549.067396    0.000078  0.000027  ...  0.000012  7.539688e+06  1.734085e+09
637  1549.067464    0.000079  0.000027  ...  0.000012  7.542223e+06  1.734085e+09
638  1549.067400    0.000114  0.000060  ...  0.000012  7.798112e+06  1.734085e+09
639  1549.067449    0.000083  0.000030  ...  0.000012  7.630898e+06  1.734085e+09

[640 rows x 13 columns]
CHANNEL_0_7
          cbragg  cbragg_err   credchi  ...  cdelta_n            cL     timestamp
0    1550.069865    0.000128  0.000039  ...  0.000012  7.645952e+06  1.734085e+09
1    1550.069766    0.000128  0.000039  ...  0.000012  7.633260e+06  1.734085e+09
2    1550.069912    0.000128  0.000039  ...  0.000012  7.641088e+06  1.734085e+09
3    1550.069901    0.000127  0.000038  ...  0.000012  7.636076e+06  1.734085e+09
4    1550.069891    0.000128  0.000039  ...  0.000012  7.641354e+06  1.734085e+09
..           ...         ...       ...  ...       ...           ...           ...
635  1550.070564    0.000127  0.000039  ...  0.000012  7.589627e+06  1.734085e+09
636  1550.070490    0.000129  0.000039  ...  0.000012  7.632310e+06  1.734085e+09
637  1550.070520    0.000129  0.000039  ...  0.000012  7.643563e+06  1.734085e+09
638  1550.070650    0.000127  0.000038  ...  0.000012  7.635407e+06  1.734085e+09
639  1550.070637    0.000128  0.000039  ...  0.000012  7.640301e+06  1.734085e+09

[640 rows x 13 columns]
CHANNEL_0_8
          cbragg  cbragg_err   credchi  ...  cdelta_n            cL     timestamp
0    1551.045234    0.000075  0.000017  ...  0.000012  7.581795e+06  1.734085e+09
1    1551.045261    0.000076  0.000017  ...  0.000012  7.596937e+06  1.734085e+09
2    1551.045328    0.000076  0.000017  ...  0.000012  7.586022e+06  1.734085e+09
3    1551.045272    0.000076  0.000017  ...  0.000012  7.593480e+06  1.734085e+09
4    1551.045322    0.000076  0.000017  ...  0.000012  7.590462e+06  1.734085e+09
..           ...         ...       ...  ...       ...           ...           ...
635  1551.045177    0.000076  0.000017  ...  0.000012  7.598280e+06  1.734085e+09
636  1551.045191    0.000075  0.000017  ...  0.000012  7.594463e+06  1.734085e+09
637  1551.045158    0.000075  0.000017  ...  0.000012  7.585409e+06  1.734085e+09
638  1551.045132    0.000075  0.000017  ...  0.000012  7.590906e+06  1.734085e+09
639  1551.045149    0.000075  0.000017  ...  0.000012  7.593473e+06  1.734085e+09

[640 rows x 13 columns]
CHANNEL_0_9
          cbragg  cbragg_err   credchi  ...  cdelta_n            cL     timestamp
0    1552.027288    0.000097  0.000022  ...  0.000012  7.668347e+06  1.734085e+09
1    1552.027263    0.000095  0.000021  ...  0.000012  7.671661e+06  1.734085e+09
2    1552.027356    0.000095  0.000021  ...  0.000012  7.663640e+06  1.734085e+09
3    1552.027372    0.000096  0.000021  ...  0.000012  7.658334e+06  1.734085e+09
4    1552.027424    0.000095  0.000021  ...  0.000012  7.670001e+06  1.734085e+09
..           ...         ...       ...  ...       ...           ...           ...
635  1552.027162    0.000104  0.000024  ...  0.000012  7.502309e+06  1.734085e+09
636  1552.027081    0.000094  0.000021  ...  0.000012  7.674924e+06  1.734085e+09
637  1552.027142    0.000096  0.000022  ...  0.000012  7.666824e+06  1.734085e+09
638  1552.027244    0.000097  0.000022  ...  0.000012  7.661793e+06  1.734085e+09
639  1552.027230    0.000095  0.000021  ...  0.000012  7.665123e+06  1.734085e+09

[640 rows x 13 columns]
CHANNEL_0_10
          cbragg  cbragg_err   credchi  ...  cdelta_n            cL     timestamp
0    1553.032852    0.000087  0.000013  ...  0.000012  7.748113e+06  1.734085e+09
1    1553.032902    0.000089  0.000014  ...  0.000012  7.745291e+06  1.734085e+09
2    1553.032935    0.000084  0.000012  ...  0.000012  7.758210e+06  1.734085e+09
3    1553.033011    0.000085  0.000013  ...  0.000012  7.700004e+06  1.734085e+09
4    1553.032944    0.000086  0.000013  ...  0.000012  7.749155e+06  1.734085e+09
..           ...         ...       ...  ...       ...           ...           ...
635  1553.032666    0.000086  0.000013  ...  0.000012  7.747291e+06  1.734085e+09
636  1553.032487    0.000088  0.000013  ...  0.000012  7.741895e+06  1.734085e+09
637  1553.032694    0.000087  0.000013  ...  0.000012  7.747652e+06  1.734085e+09
638  1553.032667    0.000086  0.000013  ...  0.000012  7.741433e+06  1.734085e+09
639  1553.032605    0.000087  0.000013  ...  0.000012  7.758501e+06  1.734085e+09

[640 rows x 13 columns]
CHANNEL_0_11
          cbragg  cbragg_err   credchi  ...  cdelta_n            cL     timestamp
0    1554.040662    0.000066  0.000008  ...  0.000012  7.725864e+06  1.734085e+09
1    1554.040605    0.000066  0.000008  ...  0.000012  7.716757e+06  1.734085e+09
2    1554.040634    0.000066  0.000008  ...  0.000012  7.667427e+06  1.734085e+09
3    1554.040519    0.000068  0.000009  ...  0.000012  7.740008e+06  1.734085e+09
4    1554.040536    0.000070  0.000009  ...  0.000012  7.724393e+06  1.734085e+09
..           ...         ...       ...  ...       ...           ...           ...
635  1554.040421    0.000070  0.000009  ...  0.000012  7.711840e+06  1.734085e+09
636  1554.040427    0.000069  0.000009  ...  0.000012  7.723064e+06  1.734085e+09
637  1554.040521    0.000068  0.000009  ...  0.000012  7.722619e+06  1.734085e+09
638  1554.040502    0.000069  0.000009  ...  0.000012  7.723283e+06  1.734085e+09
639  1554.040596    0.000068  0.000009  ...  0.000012  7.720969e+06  1.734085e+09

[640 rows x 13 columns]
CHANNEL_0_12
          cbragg  cbragg_err   credchi  ...  cdelta_n            cL     timestamp
0    1555.062430    0.000124  0.000040  ...  0.000012  7.647975e+06  1.734085e+09
1    1555.062405    0.000121  0.000038  ...  0.000012  7.628636e+06  1.734085e+09
2    1555.062429    0.000120  0.000038  ...  0.000012  7.631907e+06  1.734085e+09
3    1555.062345    0.000121  0.000038  ...  0.000012  7.622242e+06  1.734085e+09
4    1555.062422    0.000117  0.000035  ...  0.000012  7.628574e+06  1.734085e+09
..           ...         ...       ...  ...       ...           ...           ...
635  1555.062330    0.000121  0.000038  ...  0.000012  7.625370e+06  1.734085e+09
636  1555.062276    0.000124  0.000040  ...  0.000012  7.609974e+06  1.734085e+09
637  1555.062338    0.000118  0.000036  ...  0.000012  7.624576e+06  1.734085e+09
638  1555.062305    0.000121  0.000038  ...  0.000012  7.629382e+06  1.734085e+09
639  1555.062353    0.000124  0.000040  ...  0.000012  7.653818e+06  1.734085e+09

[640 rows x 13 columns]
CHANNEL_0_13
          cbragg  cbragg_err   credchi  ...  cdelta_n            cL     timestamp
0    1556.043046    0.000142  0.000044  ...  0.000012  7.595346e+06  1.734085e+09
1    1556.043062    0.000140  0.000043  ...  0.000012  7.656806e+06  1.734085e+09
2    1556.043080    0.000139  0.000042  ...  0.000012  7.657870e+06  1.734085e+09
3    1556.043106    0.000139  0.000042  ...  0.000012  7.658647e+06  1.734085e+09
4    1556.043015    0.000142  0.000043  ...  0.000012  7.637015e+06  1.734085e+09
..           ...         ...       ...  ...       ...           ...           ...
635  1556.042771    0.000139  0.000042  ...  0.000012  7.657389e+06  1.734085e+09
636  1556.042758    0.000140  0.000043  ...  0.000012  7.635121e+06  1.734085e+09
637  1556.042797    0.000138  0.000041  ...  0.000012  7.649420e+06  1.734085e+09
638  1556.042743    0.000137  0.000041  ...  0.000012  7.649427e+06  1.734085e+09
639  1556.042831    0.000140  0.000043  ...  0.000012  7.648155e+06  1.734085e+09

[640 rows x 13 columns]
CHANNEL_0_14
          cbragg  cbragg_err   credchi  ...  cdelta_n            cL     timestamp
0    1557.009335    0.000098  0.000027  ...  0.000012  7.756743e+06  1.734085e+09
1    1557.009416    0.000098  0.000027  ...  0.000012  7.773454e+06  1.734085e+09
2    1557.009415    0.000098  0.000026  ...  0.000012  7.762389e+06  1.734085e+09
3    1557.009419    0.000097  0.000026  ...  0.000012  7.746043e+06  1.734085e+09
4    1557.009448    0.000102  0.000029  ...  0.000012  7.858365e+06  1.734085e+09
..           ...         ...       ...  ...       ...           ...           ...
635  1557.009212    0.000097  0.000026  ...  0.000012  7.761318e+06  1.734085e+09
636  1557.009157    0.000097  0.000026  ...  0.000012  7.759752e+06  1.734085e+09
637  1557.009225    0.000097  0.000026  ...  0.000012  7.768276e+06  1.734085e+09
638  1557.009207    0.000098  0.000027  ...  0.000012  7.747899e+06  1.734085e+09
639  1557.009277    0.000098  0.000027  ...  0.000012  7.780218e+06  1.734085e+09

[640 rows x 13 columns]
CHANNEL_1_1
          cbragg  cbragg_err   credchi  ...  cdelta_n            cL     timestamp
0    1556.486240    0.000380  0.000111  ...  0.000012  2.498942e+06  1.734085e+09
1    1556.485950    0.000066  0.000004  ...  0.000012  2.678564e+06  1.734085e+09
2    1556.486705    0.000982  0.000563  ...  0.000012  2.285938e+06  1.734085e+09
3    1556.485751    0.000070  0.000005  ...  0.000012  2.665367e+06  1.734085e+09
4    1556.486533    0.000562  0.000211  ...  0.000012  2.409169e+06  1.734085e+09
..           ...         ...       ...  ...       ...           ...           ...
635  1556.485487    0.000445  0.000143  ...  0.000012  2.461584e+06  1.734085e+09
636  1556.484968    0.000071  0.000005  ...  0.000012  2.701981e+06  1.734085e+09
637  1556.485151    0.000247  0.000053  ...  0.000012  2.588799e+06  1.734085e+09
638  1556.484579    0.000116  0.000014  ...  0.000012  2.753007e+06  1.734085e+09
639  1556.483470    0.000804  0.000979  ...  0.000012  3.198192e+06  1.734085e+09

[640 rows x 13 columns]
CHANNEL_1_2
          cbragg  cbragg_err   credchi  ...  cdelta_n            cL     timestamp
0    1558.223288    0.001045  0.002991  ...  0.000012  3.577214e+06  1.734085e+09
1    1558.223949    0.000308  0.000167  ...  0.000012  2.999002e+06  1.734085e+09
2    1558.224498    0.000112  0.000018  ...  0.000012  2.794373e+06  1.734085e+09
3    1558.224553    0.000119  0.000021  ...  0.000012  2.806227e+06  1.734085e+09
4    1558.223493    0.000557  0.000661  ...  0.000012  3.196147e+06  1.734085e+09
..           ...         ...       ...  ...       ...           ...           ...
635  1558.224095    0.000192  0.000060  ...  0.000012  2.907130e+06  1.734085e+09
636  1558.224479    0.000167  0.000038  ...  0.000012  2.728621e+06  1.734085e+09
637  1558.224422    0.000129  0.000024  ...  0.000012  2.808845e+06  1.734085e+09
638  1558.223453    0.000677  0.001003  ...  0.000012  3.260301e+06  1.734085e+09
639  1558.224470    0.000115  0.000019  ...  0.000012  2.801114e+06  1.734085e+09

[640 rows x 13 columns]
CHANNEL_1_3
          cbragg  cbragg_err   credchi  ...  cdelta_n            cL     timestamp
0    1561.039316    0.001045  0.002955  ...  0.000012  3.663735e+06  1.734085e+09
1    1561.039371    0.000044  0.000003  ...  0.000012  2.918108e+06  1.734085e+09
2    1561.039335    0.000047  0.000004  ...  0.000012  2.924160e+06  1.734085e+09
3    1561.039172    0.000047  0.000004  ...  0.000012  2.918318e+06  1.734085e+09
4    1561.039199    0.000047  0.000004  ...  0.000012  2.932828e+06  1.734085e+09
..           ...         ...       ...  ...       ...           ...           ...
635  1561.039098    0.000058  0.000005  ...  0.000012  2.910141e+06  1.734085e+09
636  1561.039036    0.000058  0.000005  ...  0.000012  2.942425e+06  1.734085e+09
637  1561.039027    0.000046  0.000003  ...  0.000012  2.920852e+06  1.734085e+09
638  1561.038979    0.000152  0.000041  ...  0.000012  3.025609e+06  1.734085e+09
639  1561.038461    0.000645  0.000963  ...  0.000012  3.374878e+06  1.734085e+09

[640 rows x 13 columns]
CHANNEL_2_1
          cbragg  cbragg_err   credchi  ...  cdelta_n            cL     timestamp
0    1543.912257    0.013483  0.004624  ...  0.000012  1.112145e+06  1.734085e+09
1    1543.897695    0.000075  0.000006  ...  0.000012  2.772865e+06  1.734085e+09
2    1543.897534    0.000077  0.000006  ...  0.000012  2.772758e+06  1.734085e+09
3    1543.897414    0.000078  0.000006  ...  0.000012  2.770966e+06  1.734085e+09
4    1543.897396    0.000075  0.000006  ...  0.000012  2.771887e+06  1.734085e+09
..           ...         ...       ...  ...       ...           ...           ...
635  1543.896170    0.000078  0.000006  ...  0.000012  2.772538e+06  1.734085e+09
636  1543.896034    0.000076  0.000006  ...  0.000012  2.773189e+06  1.734085e+09
637  1543.895916    0.000074  0.000006  ...  0.000012  2.776319e+06  1.734085e+09
638  1543.895850    0.000077  0.000006  ...  0.000012  2.787805e+06  1.734085e+09
639  1543.895780    0.000076  0.000006  ...  0.000012  2.773563e+06  1.734085e+09

[640 rows x 13 columns]
CHANNEL_2_2
          cbragg  cbragg_err   credchi  ...  cdelta_n            cL     timestamp
0    1545.944634    0.000660  0.000454  ...  0.000012  3.068731e+06  1.734085e+09
1    1545.946655    0.000121  0.000011  ...  0.000012  2.684783e+06  1.734085e+09
2    1545.945413    0.000404  0.000155  ...  0.000012  2.930085e+06  1.734085e+09
3    1545.946539    0.000143  0.000015  ...  0.000012  2.721898e+06  1.734085e+09
4    1545.944318    0.000780  0.000734  ...  0.000012  3.192133e+06  1.734085e+09
..           ...         ...       ...  ...       ...           ...           ...
635  1545.947151    0.000157  0.000018  ...  0.000012  2.660962e+06  1.734085e+09
636  1545.946573    0.000121  0.000011  ...  0.000012  2.687343e+06  1.734085e+09
637  1545.945750    0.000299  0.000075  ...  0.000012  2.832970e+06  1.734085e+09
638  1545.944323    0.000881  0.001067  ...  0.000012  3.309546e+06  1.734085e+09
639  1545.947058    0.000144  0.000015  ...  0.000012  2.650498e+06  1.734085e+09

[640 rows x 13 columns]
CHANNEL_2_3
          cbragg  cbragg_err   credchi  ...  cdelta_n            cL     timestamp
0    1548.543262    0.000101  0.000010  ...  0.000012  2.883886e+06  1.734085e+09
1    1548.543196    0.000101  0.000010  ...  0.000012  2.887826e+06  1.734085e+09
2    1548.543388    0.000318  0.000114  ...  0.000012  3.043281e+06  1.734085e+09
3    1548.542946    0.000143  0.000020  ...  0.000012  2.842881e+06  1.734085e+09
4    1548.542902    0.000222  0.000053  ...  0.000012  2.996694e+06  1.734085e+09
..           ...         ...       ...  ...       ...           ...           ...
635  1548.542722    0.000100  0.000010  ...  0.000012  2.875692e+06  1.734085e+09
636  1548.542764    0.000097  0.000009  ...  0.000012  2.901601e+06  1.734085e+09
637  1548.542709    0.000099  0.000010  ...  0.000012  2.883822e+06  1.734085e+09
638  1548.542871    0.000504  0.000338  ...  0.000012  3.215187e+06  1.734085e+09
639  1548.542768    0.000101  0.000010  ...  0.000012  2.884037e+06  1.734085e+09

[640 rows x 13 columns]
CHANNEL_3_1
          cbragg  cbragg_err   credchi  ...  cdelta_n            cL     timestamp
0    1544.362558    0.000188  0.000025  ...  0.000012  7.810530e+06  1.734085e+09
1    1544.362668    0.000212  0.000025  ...  0.000012  7.814180e+06  1.734085e+09
2    1544.362447    0.000111  0.000025  ...  0.000012  7.821282e+06  1.734085e+09
3    1544.362592    0.000344  0.000024  ...  0.000012  7.822324e+06  1.734085e+09
4    1544.362600    0.000110  0.000024  ...  0.000012  7.819863e+06  1.734085e+09
..           ...         ...       ...  ...       ...           ...           ...
635  1544.361536    0.000114  0.000024  ...  0.000012  7.814626e+06  1.734085e+09
636  1544.361572    0.000112  0.000024  ...  0.000012  7.815201e+06  1.734085e+09
637  1544.361502    0.000128  0.000024  ...  0.000012  7.821492e+06  1.734085e+09
638  1544.361592    0.000133  0.000023  ...  0.000012  7.821076e+06  1.734085e+09
639  1544.361588    0.000117  0.000024  ...  0.000012  7.805034e+06  1.734085e+09

[640 rows x 13 columns]
CHANNEL_3_2
          cbragg  cbragg_err   credchi  ...  cdelta_n            cL     timestamp
0    1545.257145    0.000117  0.000037  ...  0.000012  7.802204e+06  1.734085e+09
1    1545.257214    0.000123  0.000037  ...  0.000012  7.814142e+06  1.734085e+09
2    1545.257157    0.000128  0.000037  ...  0.000012  7.818278e+06  1.734085e+09
3    1545.257171    0.000114  0.000036  ...  0.000012  7.813448e+06  1.734085e+09
4    1545.257206    0.000160  0.000037  ...  0.000012  7.817017e+06  1.734085e+09
..           ...         ...       ...  ...       ...           ...           ...
635  1545.256216    0.000115  0.000035  ...  0.000012  7.826004e+06  1.734085e+09
636  1545.256165    0.000115  0.000036  ...  0.000012  7.818737e+06  1.734085e+09
637  1545.256133    0.000124  0.000038  ...  0.000012  7.824108e+06  1.734085e+09
638  1545.256077    0.000116  0.000037  ...  0.000012  7.823112e+06  1.734085e+09
639  1545.256069    0.000136  0.000037  ...  0.000012  7.812999e+06  1.734085e+09

[640 rows x 13 columns]
CHANNEL_3_3
          cbragg  cbragg_err   credchi  ...  cdelta_n            cL     timestamp
0    1546.020013    0.000106  0.000035  ...  0.000012  7.637222e+06  1.734085e+09
1    1546.020044    0.000106  0.000035  ...  0.000012  7.627705e+06  1.734085e+09
2    1546.019935    0.000110  0.000038  ...  0.000012  7.628581e+06  1.734085e+09
3    1546.019956    0.000107  0.000036  ...  0.000012  7.624578e+06  1.734085e+09
4    1546.019969    0.000113  0.000040  ...  0.000012  7.729508e+06  1.734085e+09
..           ...         ...       ...  ...       ...           ...           ...
635  1546.019338    0.000110  0.000038  ...  0.000012  7.626721e+06  1.734085e+09
636  1546.019301    0.000108  0.000036  ...  0.000012  7.615914e+06  1.734085e+09
637  1546.019359    0.000107  0.000036  ...  0.000012  7.629216e+06  1.734085e+09
638  1546.019390    0.000107  0.000036  ...  0.000012  7.635592e+06  1.734085e+09
639  1546.019325    0.000106  0.000035  ...  0.000012  7.631431e+06  1.734085e+09

[640 rows x 13 columns]
CHANNEL_3_4
          cbragg  cbragg_err   credchi  ...  cdelta_n            cL     timestamp
0    1546.785908    0.000098  0.000022  ...  0.000012  7.728125e+06  1.734085e+09
1    1546.785937    0.000098  0.000022  ...  0.000012  7.727587e+06  1.734085e+09
2    1546.785874    0.000095  0.000021  ...  0.000012  7.730065e+06  1.734085e+09
3    1546.785868    0.000098  0.000022  ...  0.000012  7.723766e+06  1.734085e+09
4    1546.785911    0.000094  0.000020  ...  0.000012  7.722917e+06  1.734085e+09
..           ...         ...       ...  ...       ...           ...           ...
635  1546.785903    0.000096  0.000022  ...  0.000012  7.737708e+06  1.734085e+09
636  1546.785904    0.000097  0.000022  ...  0.000012  7.683983e+06  1.734085e+09
637  1546.785921    0.000095  0.000021  ...  0.000012  7.689672e+06  1.734085e+09
638  1546.786008    0.000097  0.000022  ...  0.000012  7.724224e+06  1.734085e+09
639  1546.785956    0.000097  0.000022  ...  0.000012  7.725369e+06  1.734085e+09

[640 rows x 13 columns]
CHANNEL_3_5
          cbragg  cbragg_err   credchi  ...  cdelta_n            cL     timestamp
0    1547.809998    0.000077  0.000020  ...  0.000012  7.613840e+06  1.734085e+09
1    1547.809962    0.000079  0.000021  ...  0.000012  7.603059e+06  1.734085e+09
2    1547.809855    0.000077  0.000020  ...  0.000012  7.610491e+06  1.734085e+09
3    1547.809825    0.000079  0.000021  ...  0.000012  7.613711e+06  1.734085e+09
4    1547.809878    0.000079  0.000021  ...  0.000012  7.611678e+06  1.734085e+09
..           ...         ...       ...  ...       ...           ...           ...
635  1547.809770    0.000079  0.000021  ...  0.000012  7.607314e+06  1.734085e+09
636  1547.809801    0.000081  0.000022  ...  0.000012  7.595288e+06  1.734085e+09
637  1547.809926    0.000123  0.000050  ...  0.000012  7.795485e+06  1.734085e+09
638  1547.809855    0.000078  0.000020  ...  0.000012  7.613524e+06  1.734085e+09
639  1547.809883    0.000079  0.000020  ...  0.000012  7.611907e+06  1.734085e+09

[640 rows x 13 columns]
CHANNEL_3_6
          cbragg  cbragg_err   credchi  ...  cdelta_n            cL     timestamp
0    1548.793991    0.000081  0.000015  ...  0.000012  7.791116e+06  1.734085e+09
1    1548.794106    0.000081  0.000015  ...  0.000012  7.790009e+06  1.734085e+09
2    1548.794015    0.000080  0.000015  ...  0.000012  7.782724e+06  1.734085e+09
3    1548.793975    0.000081  0.000015  ...  0.000012  7.728044e+06  1.734085e+09
4    1548.793956    0.000083  0.000016  ...  0.000012  7.785738e+06  1.734085e+09
..           ...         ...       ...  ...       ...           ...           ...
635  1548.794113    0.000081  0.000015  ...  0.000012  7.787852e+06  1.734085e+09
636  1548.794098    0.000082  0.000016  ...  0.000012  7.781873e+06  1.734085e+09
637  1548.794088    0.000081  0.000015  ...  0.000012  7.785691e+06  1.734085e+09
638  1548.793991    0.000083  0.000016  ...  0.000012  7.788837e+06  1.734085e+09
639  1548.794040    0.000082  0.000016  ...  0.000012  7.781947e+06  1.734085e+09

[640 rows x 13 columns]
CHANNEL_3_7
          cbragg  cbragg_err   credchi  ...  cdelta_n            cL     timestamp
0    1549.816124    0.000085  0.000022  ...  0.000012  7.596467e+06  1.734085e+09
1    1549.816141    0.000084  0.000022  ...  0.000012  7.592781e+06  1.734085e+09
2    1549.816024    0.000083  0.000022  ...  0.000012  7.606492e+06  1.734085e+09
3    1549.816057    0.000083  0.000022  ...  0.000012  7.611994e+06  1.734085e+09
4    1549.816110    0.000084  0.000022  ...  0.000012  7.609624e+06  1.734085e+09
..           ...         ...       ...  ...       ...           ...           ...
635  1549.816067    0.000081  0.000021  ...  0.000012  7.604612e+06  1.734085e+09
636  1549.816093    0.000082  0.000021  ...  0.000012  7.603589e+06  1.734085e+09
637  1549.816141    0.000082  0.000021  ...  0.000012  7.599137e+06  1.734085e+09
638  1549.816092    0.000084  0.000022  ...  0.000012  7.597597e+06  1.734085e+09
639  1549.816152    0.000084  0.000022  ...  0.000012  7.603443e+06  1.734085e+09

[640 rows x 13 columns]
CHANNEL_3_8
          cbragg  cbragg_err   credchi  ...  cdelta_n            cL     timestamp
0    1550.769709    0.000085  0.000015  ...  0.000012  7.698163e+06  1.734085e+09
1    1550.769736    0.000089  0.000016  ...  0.000012  7.690021e+06  1.734085e+09
2    1550.769640    0.000117  0.000026  ...  0.000012  7.417618e+06  1.734085e+09
3    1550.769714    0.000087  0.000015  ...  0.000012  7.698591e+06  1.734085e+09
4    1550.769769    0.000087  0.000015  ...  0.000012  7.699809e+06  1.734085e+09
..           ...         ...       ...  ...       ...           ...           ...
635  1550.768976    0.000087  0.000015  ...  0.000012  7.699748e+06  1.734085e+09
636  1550.768994    0.000087  0.000015  ...  0.000012  7.698162e+06  1.734085e+09
637  1550.769068    0.000086  0.000015  ...  0.000012  7.695714e+06  1.734085e+09
638  1550.769005    0.000087  0.000015  ...  0.000012  7.704751e+06  1.734085e+09
639  1550.769054    0.000087  0.000015  ...  0.000012  7.699342e+06  1.734085e+09

[640 rows x 13 columns]
CHANNEL_3_9
          cbragg  cbragg_err   credchi  ...  cdelta_n            cL     timestamp
0    1551.766581    0.000088  0.000017  ...  0.000012  7.720662e+06  1.734085e+09
1    1551.766608    0.000088  0.000016  ...  0.000012  7.719555e+06  1.734085e+09
2    1551.766509    0.000089  0.000017  ...  0.000012  7.722112e+06  1.734085e+09
3    1551.766540    0.000088  0.000016  ...  0.000012  7.719912e+06  1.734085e+09
4    1551.766552    0.000087  0.000016  ...  0.000012  7.718359e+06  1.734085e+09
..           ...         ...       ...  ...       ...           ...           ...
635  1551.765800    0.000088  0.000017  ...  0.000012  7.698184e+06  1.734085e+09
636  1551.765831    0.000089  0.000017  ...  0.000012  7.713941e+06  1.734085e+09
637  1551.765877    0.000090  0.000017  ...  0.000012  7.714173e+06  1.734085e+09
638  1551.765849    0.000088  0.000017  ...  0.000012  7.674480e+06  1.734085e+09
639  1551.765884    0.000090  0.000017  ...  0.000012  7.701812e+06  1.734085e+09

[640 rows x 13 columns]
CHANNEL_3_10
          cbragg  cbragg_err   credchi  ...  cdelta_n            cL     timestamp
0    1552.773435    0.000106  0.000020  ...  0.000012  7.752690e+06  1.734085e+09
1    1552.773491    0.000108  0.000020  ...  0.000012  7.747413e+06  1.734085e+09
2    1552.773490    0.000105  0.000019  ...  0.000012  7.770325e+06  1.734085e+09
3    1552.773352    0.000105  0.000019  ...  0.000012  7.768031e+06  1.734085e+09
4    1552.773418    0.000105  0.000019  ...  0.000012  7.763613e+06  1.734085e+09
..           ...         ...       ...  ...       ...           ...           ...
635  1552.772602    0.000106  0.000019  ...  0.000012  7.762322e+06  1.734085e+09
636  1552.772621    0.000106  0.000020  ...  0.000012  7.770973e+06  1.734085e+09
637  1552.772553    0.000107  0.000020  ...  0.000012  7.768473e+06  1.734085e+09
638  1552.772662    0.000105  0.000019  ...  0.000012  7.776741e+06  1.734085e+09
639  1552.772593    0.000106  0.000020  ...  0.000012  7.764795e+06  1.734085e+09

[640 rows x 13 columns]
CHANNEL_3_11
          cbragg  cbragg_err   credchi  ...  cdelta_n            cL     timestamp
0    1553.735921    0.000129  0.000033  ...  0.000012  7.905191e+06  1.734085e+09
1    1553.735967    0.000130  0.000033  ...  0.000012  7.898168e+06  1.734085e+09
2    1553.735901    0.000130  0.000033  ...  0.000012  7.906966e+06  1.734085e+09
3    1553.735937    0.000130  0.000033  ...  0.000012  7.898456e+06  1.734085e+09
4    1553.735912    0.000130  0.000033  ...  0.000012  7.903932e+06  1.734085e+09
..           ...         ...       ...  ...       ...           ...           ...
635  1553.735385    0.000131  0.000033  ...  0.000012  7.888123e+06  1.734085e+09
636  1553.735349    0.000131  0.000033  ...  0.000012  7.910722e+06  1.734085e+09
637  1553.735359    0.000129  0.000032  ...  0.000012  7.901751e+06  1.734085e+09
638  1553.735428    0.000130  0.000033  ...  0.000012  7.899728e+06  1.734085e+09
639  1553.735472    0.000129  0.000033  ...  0.000012  7.915622e+06  1.734085e+09

[640 rows x 13 columns]
CHANNEL_3_12
          cbragg  cbragg_err   credchi  ...  cdelta_n            cL     timestamp
0    1554.717026    0.000095  0.000021  ...  0.000012  7.845637e+06  1.734085e+09
1    1554.717084    0.000095  0.000021  ...  0.000012  7.842363e+06  1.734085e+09
2    1554.717060    0.000095  0.000021  ...  0.000012  7.851068e+06  1.734085e+09
3    1554.717077    0.000096  0.000021  ...  0.000012  7.852740e+06  1.734085e+09
4    1554.717081    0.000096  0.000021  ...  0.000012  7.846692e+06  1.734085e+09
..           ...         ...       ...  ...       ...           ...           ...
635  1554.716555    0.000097  0.000021  ...  0.000012  7.845143e+06  1.734085e+09
636  1554.716559    0.000095  0.000021  ...  0.000012  7.850806e+06  1.734085e+09
637  1554.716480    0.000097  0.000021  ...  0.000012  7.806816e+06  1.734085e+09
638  1554.716524    0.000096  0.000021  ...  0.000012  7.844608e+06  1.734085e+09
639  1554.716538    0.000098  0.000022  ...  0.000012  7.843900e+06  1.734085e+09

[640 rows x 13 columns]
CHANNEL_3_13
          cbragg  cbragg_err   credchi  ...  cdelta_n            cL     timestamp
0    1555.722377    0.000088  0.000014  ...  0.000012  7.580197e+06  1.734085e+09
1    1555.722546    0.000086  0.000013  ...  0.000012  7.585646e+06  1.734085e+09
2    1555.722494    0.000085  0.000013  ...  0.000012  7.542921e+06  1.734085e+09
3    1555.722507    0.000087  0.000014  ...  0.000012  7.575492e+06  1.734085e+09
4    1555.722503    0.000086  0.000014  ...  0.000012  7.549916e+06  1.734085e+09
..           ...         ...       ...  ...       ...           ...           ...
635  1555.721839    0.000088  0.000014  ...  0.000012  7.577001e+06  1.734085e+09
636  1555.721727    0.000089  0.000014  ...  0.000012  7.574295e+06  1.734085e+09
637  1555.721730    0.000088  0.000014  ...  0.000012  7.586528e+06  1.734085e+09
638  1555.721792    0.000086  0.000013  ...  0.000012  7.579648e+06  1.734085e+09
639  1555.721722    0.000088  0.000014  ...  0.000012  7.537949e+06  1.734085e+09

[640 rows x 13 columns]
CHANNEL_3_14
          cbragg  cbragg_err   credchi  ...  cdelta_n            cL     timestamp
0    1556.677968    0.000191  0.000071  ...  0.000012  7.759222e+06  1.734085e+09
1    1556.678032    0.000196  0.000075  ...  0.000012  7.761852e+06  1.734085e+09
2    1556.677983    0.000197  0.000076  ...  0.000012  7.764693e+06  1.734085e+09
3    1556.678012    0.000193  0.000073  ...  0.000012  7.757396e+06  1.734085e+09
4    1556.678013    0.000193  0.000073  ...  0.000012  7.761161e+06  1.734085e+09
..           ...         ...       ...  ...       ...           ...           ...
635  1556.677348    0.000194  0.000073  ...  0.000012  7.759852e+06  1.734085e+09
636  1556.677397    0.000196  0.000075  ...  0.000012  7.755777e+06  1.734085e+09
637  1556.677350    0.000195  0.000073  ...  0.000012  7.760299e+06  1.734085e+09
638  1556.677335    0.000196  0.000075  ...  0.000012  7.763013e+06  1.734085e+09
639  1556.677338    0.000189  0.000069  ...  0.000012  7.763737e+06  1.734085e+09

[640 rows x 13 columns]
