000 (11451992.167.000) 01/28 14:31:49 Job submitted from host: <188.185.114.121:9618?addrs=188.185.114.121-9618+[2001-1458-d00-a--100-273]-9618&alias=bigbird19.cern.ch&noUDP&sock=schedd_2045_4743>
...
040 (11451992.167.000) 01/28 14:39:56 Started transferring input files
	Transferring to host: <188.185.194.73:9618?addrs=188.185.194.73-9618+[2001-1458-303-21--100-45]-9618&alias=b9p20p4442.cern.ch&noUDP&sock=slot1_25_3368494_804c_8379>
...
040 (11451992.167.000) 01/28 14:39:56 Finished transferring input files
...
001 (11451992.167.000) 01/28 14:39:57 Job executing on host: <188.185.194.73:9618?addrs=188.185.194.73-9618+[2001-1458-303-21--100-45]-9618&alias=b9p20p4442.cern.ch&noUDP&sock=startd_4707_305f>
	SlotName: slot1_25@b9p20p4442.cern.ch
	CondorScratchDir = "/pool/condor/dir_1489671"
	Cpus = 1
	Disk = 3854
	GPUs = 0
	Memory = 3000
...
006 (11451992.167.000) 01/28 14:40:06 Image size of job updated: 79524
	78  -  MemoryUsage of job (MB)
	79524  -  ResidentSetSize of job (KB)
...
006 (11451992.167.000) 01/28 14:45:07 Image size of job updated: 86768
	85  -  MemoryUsage of job (MB)
	86768  -  ResidentSetSize of job (KB)
...
006 (11451992.167.000) 01/28 14:50:07 Image size of job updated: 89688
	88  -  MemoryUsage of job (MB)
	89688  -  ResidentSetSize of job (KB)
...
006 (11451992.167.000) 01/28 14:55:07 Image size of job updated: 92796
	91  -  MemoryUsage of job (MB)
	92796  -  ResidentSetSize of job (KB)
...
006 (11451992.167.000) 01/28 15:00:08 Image size of job updated: 96292
	95  -  MemoryUsage of job (MB)
	96292  -  ResidentSetSize of job (KB)
...
006 (11451992.167.000) 01/28 15:05:08 Image size of job updated: 99400
	98  -  MemoryUsage of job (MB)
	99400  -  ResidentSetSize of job (KB)
...
006 (11451992.167.000) 01/28 15:10:08 Image size of job updated: 102652
	101  -  MemoryUsage of job (MB)
	102652  -  ResidentSetSize of job (KB)
...
006 (11451992.167.000) 01/28 15:15:09 Image size of job updated: 105724
	104  -  MemoryUsage of job (MB)
	105724  -  ResidentSetSize of job (KB)
...
006 (11451992.167.000) 01/28 15:20:10 Image size of job updated: 108776
	107  -  MemoryUsage of job (MB)
	108776  -  ResidentSetSize of job (KB)
...
006 (11451992.167.000) 01/28 15:25:10 Image size of job updated: 112028
	110  -  MemoryUsage of job (MB)
	112028  -  ResidentSetSize of job (KB)
...
006 (11451992.167.000) 01/28 15:30:11 Image size of job updated: 115056
	113  -  MemoryUsage of job (MB)
	115056  -  ResidentSetSize of job (KB)
...
006 (11451992.167.000) 01/28 15:35:12 Image size of job updated: 118780
	116  -  MemoryUsage of job (MB)
	118780  -  ResidentSetSize of job (KB)
...
006 (11451992.167.000) 01/28 15:40:12 Image size of job updated: 122152
	120  -  MemoryUsage of job (MB)
	122152  -  ResidentSetSize of job (KB)
...
006 (11451992.167.000) 01/28 15:45:13 Image size of job updated: 127564
	125  -  MemoryUsage of job (MB)
	127564  -  ResidentSetSize of job (KB)
...
006 (11451992.167.000) 01/28 15:50:14 Image size of job updated: 134924
	132  -  MemoryUsage of job (MB)
	134924  -  ResidentSetSize of job (KB)
...
006 (11451992.167.000) 01/28 15:55:14 Image size of job updated: 141264
	138  -  MemoryUsage of job (MB)
	141264  -  ResidentSetSize of job (KB)
...
006 (11451992.167.000) 01/28 16:00:14 Image size of job updated: 143312
	140  -  MemoryUsage of job (MB)
	143312  -  ResidentSetSize of job (KB)
...
006 (11451992.167.000) 01/28 16:05:15 Image size of job updated: 144876
	142  -  MemoryUsage of job (MB)
	144876  -  ResidentSetSize of job (KB)
...
006 (11451992.167.000) 01/28 16:10:16 Image size of job updated: 148612
	146  -  MemoryUsage of job (MB)
	148612  -  ResidentSetSize of job (KB)
...
006 (11451992.167.000) 01/28 16:15:16 Image size of job updated: 150276
	147  -  MemoryUsage of job (MB)
	150276  -  ResidentSetSize of job (KB)
...
006 (11451992.167.000) 01/28 16:20:17 Image size of job updated: 152144
	149  -  MemoryUsage of job (MB)
	152144  -  ResidentSetSize of job (KB)
...
006 (11451992.167.000) 01/28 16:25:18 Image size of job updated: 153036
	150  -  MemoryUsage of job (MB)
	153036  -  ResidentSetSize of job (KB)
...
006 (11451992.167.000) 01/28 16:30:18 Image size of job updated: 154940
	152  -  MemoryUsage of job (MB)
	154940  -  ResidentSetSize of job (KB)
...
006 (11451992.167.000) 01/28 16:35:18 Image size of job updated: 156544
	153  -  MemoryUsage of job (MB)
	156544  -  ResidentSetSize of job (KB)
...
006 (11451992.167.000) 01/28 16:40:19 Image size of job updated: 158100
	155  -  MemoryUsage of job (MB)
	158100  -  ResidentSetSize of job (KB)
...
006 (11451992.167.000) 01/28 16:45:19 Image size of job updated: 162700
	159  -  MemoryUsage of job (MB)
	162700  -  ResidentSetSize of job (KB)
...
006 (11451992.167.000) 01/28 16:50:19 Image size of job updated: 165224
	162  -  MemoryUsage of job (MB)
	165224  -  ResidentSetSize of job (KB)
...
006 (11451992.167.000) 01/28 16:55:21 Image size of job updated: 167896
	164  -  MemoryUsage of job (MB)
	167896  -  ResidentSetSize of job (KB)
...
006 (11451992.167.000) 01/28 17:00:21 Image size of job updated: 170956
	167  -  MemoryUsage of job (MB)
	170956  -  ResidentSetSize of job (KB)
...
006 (11451992.167.000) 01/28 17:05:21 Image size of job updated: 173252
	170  -  MemoryUsage of job (MB)
	173252  -  ResidentSetSize of job (KB)
...
006 (11451992.167.000) 01/28 17:10:22 Image size of job updated: 176036
	172  -  MemoryUsage of job (MB)
	176036  -  ResidentSetSize of job (KB)
...
006 (11451992.167.000) 01/28 17:15:23 Image size of job updated: 178528
	175  -  MemoryUsage of job (MB)
	178528  -  ResidentSetSize of job (KB)
...
006 (11451992.167.000) 01/28 17:20:23 Image size of job updated: 180248
	177  -  MemoryUsage of job (MB)
	180248  -  ResidentSetSize of job (KB)
...
006 (11451992.167.000) 01/28 17:25:24 Image size of job updated: 182400
	179  -  MemoryUsage of job (MB)
	182400  -  ResidentSetSize of job (KB)
...
006 (11451992.167.000) 01/28 17:30:25 Image size of job updated: 184392
	181  -  MemoryUsage of job (MB)
	184392  -  ResidentSetSize of job (KB)
...
006 (11451992.167.000) 01/28 17:35:25 Image size of job updated: 186688
	183  -  MemoryUsage of job (MB)
	186688  -  ResidentSetSize of job (KB)
...
006 (11451992.167.000) 01/28 17:40:25 Image size of job updated: 188856
	185  -  MemoryUsage of job (MB)
	188856  -  ResidentSetSize of job (KB)
...
006 (11451992.167.000) 01/28 17:45:27 Image size of job updated: 191212
	187  -  MemoryUsage of job (MB)
	191212  -  ResidentSetSize of job (KB)
...
040 (11451992.167.000) 01/28 17:48:32 Started transferring output files
...
040 (11451992.167.000) 01/28 17:48:32 Finished transferring output files
...
005 (11451992.167.000) 01/28 17:48:32 Job terminated.
	(1) Normal termination (return value 0)
		Usr 0 02:55:15, Sys 0 00:00:39  -  Run Remote Usage
		Usr 0 00:00:00, Sys 0 00:00:00  -  Run Local Usage
		Usr 0 02:55:15, Sys 0 00:00:39  -  Total Remote Usage
		Usr 0 00:00:00, Sys 0 00:00:00  -  Total Local Usage
	40692  -  Run Bytes Sent By Job
	5797  -  Run Bytes Received By Job
	40692  -  Total Bytes Sent By Job
	5797  -  Total Bytes Received By Job
	Partitionable Resources :    Usage  Request Allocated 
	   Cpus                 :     0.98        1         1 
	   Disk (KB)            :    68          10      3854 
	   GPUs                 :                           0 
	   Memory (MB)          :   187        3000      3000 

	Job terminated of its own accord at 2025-01-28T16:48:32Z with exit-code 0.
...
