CHANNEL_0_1
           cbragg  cbragg_err   credchi  ...  cdelta_n            cL     timestamp
0     1544.613256    0.000147  0.000048  ...  0.000012  7.695607e+06  1.736204e+09
1     1544.621497    0.000104  0.000058  ...  0.000012  7.686831e+06  1.736204e+09
2     1544.613331    0.000154  0.000048  ...  0.000012  7.701724e+06  1.736204e+09
3     1544.621558    0.000127  0.000056  ...  0.000012  7.696808e+06  1.736204e+09
4     1544.613344    0.000243  0.000048  ...  0.000012  7.689478e+06  1.736204e+09
...           ...         ...       ...  ...       ...           ...           ...
1587  1544.622110    0.000113  0.000058  ...  0.000012  7.689589e+06  1.736220e+09
1588  1544.613599    0.000166  0.000049  ...  0.000012  7.700693e+06  1.736220e+09
1589  1544.622102    0.000241  0.000059  ...  0.000012  7.684096e+06  1.736220e+09
1590  1544.613554    0.000104  0.000048  ...  0.000012  7.689139e+06  1.736220e+09
1591  1544.622174    0.000103  0.000058  ...  0.000012  7.692666e+06  1.736220e+09

[1592 rows x 13 columns]
CHANNEL_0_2
           cbragg  cbragg_err   credchi  ...  cdelta_n            cL     timestamp
0     1545.431783    0.000114  0.000028  ...  0.000012  7.449127e+06  1.736204e+09
1     1545.433867    0.000086  0.000019  ...  0.000012  7.679652e+06  1.736204e+09
2     1545.431921    0.000088  0.000018  ...  0.000012  7.692071e+06  1.736204e+09
3     1545.433910    0.000086  0.000019  ...  0.000012  7.701088e+06  1.736204e+09
4     1545.431930    0.000116  0.000029  ...  0.000012  7.429962e+06  1.736204e+09
...           ...         ...       ...  ...       ...           ...           ...
1587  1545.433862    0.000088  0.000020  ...  0.000012  7.694692e+06  1.736220e+09
1588  1545.431577    0.000091  0.000019  ...  0.000012  7.648320e+06  1.736220e+09
1589  1545.433863    0.000089  0.000020  ...  0.000012  7.638492e+06  1.736220e+09
1590  1545.431699    0.000107  0.000025  ...  0.000012  7.470970e+06  1.736220e+09
1591  1545.433839    0.000089  0.000020  ...  0.000012  7.687216e+06  1.736220e+09

[1592 rows x 13 columns]
CHANNEL_0_3
           cbragg  cbragg_err   credchi  ...  cdelta_n            cL     timestamp
0     1546.127407    0.000109  0.000040  ...  0.000012  7.685012e+06  1.736204e+09
1     1546.136405    0.000111  0.000056  ...  0.000012  7.666088e+06  1.736204e+09
2     1546.127523    0.000109  0.000040  ...  0.000012  7.726624e+06  1.736204e+09
3     1546.136568    0.000110  0.000055  ...  0.000012  7.672841e+06  1.736204e+09
4     1546.127437    0.000110  0.000040  ...  0.000012  7.685276e+06  1.736204e+09
...           ...         ...       ...  ...       ...           ...           ...
1587  1546.136465    0.000110  0.000056  ...  0.000012  7.682705e+06  1.736220e+09
1588  1546.127058    0.000108  0.000039  ...  0.000012  7.710859e+06  1.736220e+09
1589  1546.136305    0.000112  0.000058  ...  0.000012  7.702751e+06  1.736220e+09
1590  1546.127365    0.000111  0.000041  ...  0.000012  7.687000e+06  1.736220e+09
1591  1546.136594    0.000108  0.000054  ...  0.000012  7.677598e+06  1.736220e+09

[1592 rows x 13 columns]
CHANNEL_0_4
           cbragg  cbragg_err   credchi  ...  cdelta_n            cL     timestamp
0     1547.124565    0.000114  0.000047  ...  0.000012  7.854744e+06  1.736204e+09
1     1547.126798    0.000111  0.000051  ...  0.000012  7.879856e+06  1.736204e+09
2     1547.124611    0.000113  0.000046  ...  0.000012  7.861183e+06  1.736204e+09
3     1547.126853    0.000110  0.000051  ...  0.000012  7.882564e+06  1.736204e+09
4     1547.124459    0.000115  0.000048  ...  0.000012  7.805591e+06  1.736204e+09
...           ...         ...       ...  ...       ...           ...           ...
1587  1547.126893    0.000110  0.000050  ...  0.000012  7.873143e+06  1.736220e+09
1588  1547.124409    0.000117  0.000051  ...  0.000012  7.933560e+06  1.736220e+09
1589  1547.126830    0.000112  0.000052  ...  0.000012  7.870370e+06  1.736220e+09
1590  1547.124412    0.000115  0.000048  ...  0.000012  7.857194e+06  1.736220e+09
1591  1547.126865    0.000113  0.000052  ...  0.000012  7.866646e+06  1.736220e+09

[1592 rows x 13 columns]
CHANNEL_0_5
           cbragg  cbragg_err   credchi  ...  cdelta_n            cL     timestamp
0     1548.098384    0.000093  0.000040  ...  0.000012  7.719027e+06  1.736204e+09
1     1548.103475    0.000095  0.000039  ...  0.000012  7.720563e+06  1.736204e+09
2     1548.098407    0.000087  0.000039  ...  0.000012  7.721975e+06  1.736204e+09
3     1548.103422    0.000091  0.000036  ...  0.000012  7.727128e+06  1.736204e+09
4     1548.098774    0.000161  0.000137  ...  0.000012  8.099107e+06  1.736204e+09
...           ...         ...       ...  ...       ...           ...           ...
1587  1548.103633    0.000097  0.000040  ...  0.000012  7.707446e+06  1.736220e+09
1588  1548.098326    0.000089  0.000040  ...  0.000012  7.721308e+06  1.736220e+09
1589  1548.103632    0.000095  0.000040  ...  0.000012  7.708852e+06  1.736220e+09
1590  1548.098315    0.000089  0.000040  ...  0.000012  7.715685e+06  1.736220e+09
1591  1548.103776    0.000093  0.000038  ...  0.000012  7.707826e+06  1.736220e+09

[1592 rows x 13 columns]
CHANNEL_0_6
           cbragg  cbragg_err   credchi  ...  cdelta_n            cL     timestamp
0     1549.076224    0.000074  0.000022  ...  0.000012  7.596005e+06  1.736204e+09
1     1549.086391    0.000079  0.000042  ...  0.000012  7.485441e+06  1.736204e+09
2     1549.076108    0.000076  0.000023  ...  0.000012  7.584023e+06  1.736204e+09
3     1549.086275    0.000118  0.000100  ...  0.000012  7.740605e+06  1.736204e+09
4     1549.076187    0.000075  0.000023  ...  0.000012  7.596332e+06  1.736204e+09
...           ...         ...       ...  ...       ...           ...           ...
1587  1549.086406    0.000083  0.000046  ...  0.000012  7.488191e+06  1.736220e+09
1588  1549.076181    0.000075  0.000023  ...  0.000012  7.586854e+06  1.736220e+09
1589  1549.086362    0.000082  0.000044  ...  0.000012  7.485487e+06  1.736220e+09
1590  1549.076158    0.000075  0.000023  ...  0.000012  7.579243e+06  1.736220e+09
1591  1549.086448    0.000151  0.000146  ...  0.000012  7.145595e+06  1.736220e+09

[1592 rows x 13 columns]
CHANNEL_0_7
           cbragg  cbragg_err   credchi  ...  cdelta_n            cL     timestamp
0     1550.081424    0.000146  0.000063  ...  0.000012  7.648504e+06  1.736204e+09
1     1550.084005    0.000125  0.000050  ...  0.000012  7.604785e+06  1.736204e+09
2     1550.081556    0.000146  0.000063  ...  0.000012  7.673322e+06  1.736204e+09
3     1550.083929    0.000137  0.000061  ...  0.000012  7.754482e+06  1.736204e+09
4     1550.081504    0.000134  0.000055  ...  0.000012  7.712629e+06  1.736204e+09
...           ...         ...       ...  ...       ...           ...           ...
1587  1550.084312    0.000125  0.000050  ...  0.000012  7.656732e+06  1.736220e+09
1588  1550.081508    0.000180  0.000096  ...  0.000012  7.833763e+06  1.736220e+09
1589  1550.084229    0.000125  0.000050  ...  0.000012  7.608630e+06  1.736220e+09
1590  1550.081363    0.000141  0.000061  ...  0.000012  7.765605e+06  1.736220e+09
1591  1550.084173    0.000138  0.000063  ...  0.000012  7.760716e+06  1.736220e+09

[1592 rows x 13 columns]
CHANNEL_0_8
           cbragg  cbragg_err   credchi  ...  cdelta_n            cL     timestamp
0     1551.057314    0.000072  0.000016  ...  0.000012  7.615327e+06  1.736204e+09
1     1551.064517    0.000074  0.000019  ...  0.000012  7.620393e+06  1.736204e+09
2     1551.057383    0.000073  0.000016  ...  0.000012  7.607457e+06  1.736204e+09
3     1551.064603    0.000073  0.000019  ...  0.000012  7.616128e+06  1.736204e+09
4     1551.057328    0.000074  0.000016  ...  0.000012  7.603946e+06  1.736204e+09
...           ...         ...       ...  ...       ...           ...           ...
1587  1551.064514    0.000073  0.000019  ...  0.000012  7.624612e+06  1.736220e+09
1588  1551.057007    0.000076  0.000018  ...  0.000012  7.660934e+06  1.736220e+09
1589  1551.064458    0.000074  0.000019  ...  0.000012  7.615805e+06  1.736220e+09
1590  1551.056865    0.000075  0.000017  ...  0.000012  7.649564e+06  1.736220e+09
1591  1551.064451    0.000074  0.000019  ...  0.000012  7.616582e+06  1.736220e+09

[1592 rows x 13 columns]
CHANNEL_0_9
           cbragg  cbragg_err   credchi  ...  cdelta_n            cL     timestamp
0     1552.038784    0.000091  0.000017  ...  0.000012  7.713880e+06  1.736204e+09
1     1552.048530    0.000097  0.000036  ...  0.000012  7.747205e+06  1.736204e+09
2     1552.038808    0.000094  0.000018  ...  0.000012  7.715552e+06  1.736204e+09
3     1552.048590    0.000092  0.000031  ...  0.000012  7.659965e+06  1.736204e+09
4     1552.038748    0.000093  0.000017  ...  0.000012  7.716147e+06  1.736204e+09
...           ...         ...       ...  ...       ...           ...           ...
1587  1552.048474    0.000088  0.000029  ...  0.000012  7.674375e+06  1.736220e+09
1588  1552.038387    0.000092  0.000017  ...  0.000012  7.727824e+06  1.736220e+09
1589  1552.048354    0.000091  0.000032  ...  0.000012  7.741740e+06  1.736220e+09
1590  1552.038544    0.000093  0.000017  ...  0.000012  7.728580e+06  1.736220e+09
1591  1552.048452    0.000089  0.000030  ...  0.000012  7.674347e+06  1.736220e+09

[1592 rows x 13 columns]
CHANNEL_0_10
           cbragg  cbragg_err   credchi  ...  cdelta_n            cL     timestamp
0     1553.049299    0.000088  0.000020  ...  0.000012  7.682349e+06  1.736204e+09
1     1553.049879    0.000091  0.000017  ...  0.000012  7.694327e+06  1.736204e+09
2     1553.049251    0.000089  0.000020  ...  0.000012  7.672292e+06  1.736204e+09
3     1553.049973    0.000088  0.000016  ...  0.000012  7.683420e+06  1.736204e+09
4     1553.049200    0.000090  0.000020  ...  0.000012  7.687125e+06  1.736204e+09
...           ...         ...       ...  ...       ...           ...           ...
1587  1553.049890    0.000090  0.000017  ...  0.000012  7.716108e+06  1.736220e+09
1588  1553.048880    0.000090  0.000020  ...  0.000012  7.664695e+06  1.736220e+09
1589  1553.049768    0.000092  0.000017  ...  0.000012  7.715284e+06  1.736220e+09
1590  1553.048841    0.000091  0.000021  ...  0.000012  7.689101e+06  1.736220e+09
1591  1553.049739    0.000089  0.000016  ...  0.000012  7.742947e+06  1.736220e+09

[1592 rows x 13 columns]
CHANNEL_0_11
           cbragg  cbragg_err   credchi  ...  cdelta_n            cL     timestamp
0     1554.054097    0.000071  0.000008  ...  0.000012  7.663571e+06  1.736204e+09
1     1554.063267    0.000069  0.000014  ...  0.000012  7.663864e+06  1.736204e+09
2     1554.054146    0.000070  0.000008  ...  0.000012  7.662531e+06  1.736204e+09
3     1554.063325    0.000071  0.000015  ...  0.000012  7.659264e+06  1.736204e+09
4     1554.053981    0.000074  0.000009  ...  0.000012  7.647550e+06  1.736204e+09
...           ...         ...       ...  ...       ...           ...           ...
1587  1554.063270    0.000072  0.000015  ...  0.000012  7.627755e+06  1.736220e+09
1588  1554.053700    0.000072  0.000009  ...  0.000012  7.680437e+06  1.736220e+09
1589  1554.063131    0.000072  0.000015  ...  0.000012  7.652381e+06  1.736220e+09
1590  1554.053649    0.000075  0.000009  ...  0.000012  7.710840e+06  1.736220e+09
1591  1554.063072    0.000074  0.000016  ...  0.000012  7.638942e+06  1.736220e+09

[1592 rows x 13 columns]
CHANNEL_0_12
           cbragg  cbragg_err   credchi  ...  cdelta_n            cL     timestamp
0     1555.082212    0.000121  0.000053  ...  0.000012  7.521851e+06  1.736204e+09
1     1555.084304    0.000119  0.000050  ...  0.000012  7.486113e+06  1.736204e+09
2     1555.082334    0.000126  0.000059  ...  0.000012  7.629818e+06  1.736204e+09
3     1555.084428    0.000118  0.000050  ...  0.000012  7.500355e+06  1.736204e+09
4     1555.082435    0.000119  0.000050  ...  0.000012  7.479678e+06  1.736204e+09
...           ...         ...       ...  ...       ...           ...           ...
1587  1555.084403    0.000117  0.000049  ...  0.000012  7.488463e+06  1.736220e+09
1588  1555.082147    0.000119  0.000051  ...  0.000012  7.449806e+06  1.736220e+09
1589  1555.084436    0.000116  0.000048  ...  0.000012  7.511257e+06  1.736220e+09
1590  1555.082146    0.000120  0.000052  ...  0.000012  7.486592e+06  1.736220e+09
1591  1555.084352    0.000119  0.000051  ...  0.000012  7.500942e+06  1.736220e+09

[1592 rows x 13 columns]
CHANNEL_0_13
           cbragg  cbragg_err   credchi  ...  cdelta_n            cL     timestamp
0     1556.054097    0.000140  0.000036  ...  0.000012  7.679636e+06  1.736204e+09
1     1556.062408    0.000139  0.000048  ...  0.000012  7.690530e+06  1.736204e+09
2     1556.054034    0.000141  0.000037  ...  0.000012  7.674534e+06  1.736204e+09
3     1556.062501    0.000137  0.000047  ...  0.000012  7.687787e+06  1.736204e+09
4     1556.054139    0.000142  0.000037  ...  0.000012  7.669626e+06  1.736204e+09
...           ...         ...       ...  ...       ...           ...           ...
1587  1556.062457    0.000136  0.000046  ...  0.000012  7.690584e+06  1.736220e+09
1588  1556.053964    0.000140  0.000037  ...  0.000012  7.686746e+06  1.736220e+09
1589  1556.062440    0.000135  0.000046  ...  0.000012  7.699039e+06  1.736220e+09
1590  1556.053883    0.000143  0.000038  ...  0.000012  7.681324e+06  1.736220e+09
1591  1556.062409    0.000138  0.000048  ...  0.000012  7.692438e+06  1.736220e+09

[1592 rows x 13 columns]
CHANNEL_0_14
           cbragg  cbragg_err   credchi  ...  cdelta_n            cL     timestamp
0     1557.026824    0.000101  0.000030  ...  0.000012  7.653982e+06  1.736204e+09
1     1557.031485    0.000103  0.000041  ...  0.000012  7.610366e+06  1.736204e+09
2     1557.026830    0.000101  0.000030  ...  0.000012  7.661646e+06  1.736204e+09
3     1557.031487    0.000103  0.000040  ...  0.000012  7.614047e+06  1.736204e+09
4     1557.026795    0.000100  0.000030  ...  0.000012  7.655812e+06  1.736204e+09
...           ...         ...       ...  ...       ...           ...           ...
1587  1557.031453    0.000102  0.000039  ...  0.000012  7.612215e+06  1.736220e+09
1588  1557.026768    0.000101  0.000031  ...  0.000012  7.651748e+06  1.736220e+09
1589  1557.031459    0.000103  0.000040  ...  0.000012  7.605798e+06  1.736220e+09
1590  1557.026737    0.000101  0.000031  ...  0.000012  7.654346e+06  1.736220e+09
1591  1557.031422    0.000102  0.000039  ...  0.000012  7.608262e+06  1.736220e+09

[1592 rows x 13 columns]
CHANNEL_1_1
           cbragg  cbragg_err   credchi  ...  cdelta_n            cL     timestamp
0     1556.154180    0.000206  0.000037  ...  0.000012  2.568173e+06  1.736204e+09
1     1556.153666    0.000305  0.000074  ...  0.000012  2.543555e+06  1.736204e+09
2     1556.154037    0.000084  0.000007  ...  0.000012  2.668630e+06  1.736204e+09
3     1556.153312    0.000074  0.000005  ...  0.000012  2.665008e+06  1.736204e+09
4     1556.154414    0.000091  0.000008  ...  0.000012  2.676309e+06  1.736204e+09
...           ...         ...       ...  ...       ...           ...           ...
1587  1556.152954    0.001219  0.002857  ...  0.000012  3.575283e+06  1.736220e+09
1588  1556.155107    0.001391  0.004038  ...  0.000012  3.654418e+06  1.736220e+09
1589  1556.154303    0.000830  0.001003  ...  0.000012  3.194402e+06  1.736220e+09
1590  1556.154981    0.000108  0.000011  ...  0.000012  2.633313e+06  1.736220e+09
1591  1556.154322    0.000087  0.000007  ...  0.000012  2.679910e+06  1.736220e+09

[1592 rows x 13 columns]
CHANNEL_1_2
           cbragg  cbragg_err   credchi  ...  cdelta_n            cL     timestamp
0     1558.209897    0.000126  0.000023  ...  0.000012  2.789250e+06  1.736204e+09
1     1558.212470    0.000116  0.000020  ...  0.000012  2.788002e+06  1.736204e+09
2     1558.209762    0.000127  0.000023  ...  0.000012  2.797269e+06  1.736204e+09
3     1558.212312    0.000118  0.000021  ...  0.000012  2.789355e+06  1.736204e+09
4     1558.209922    0.000128  0.000023  ...  0.000012  2.805160e+06  1.736204e+09
...           ...         ...       ...  ...       ...           ...           ...
1587  1558.212649    0.000120  0.000021  ...  0.000012  2.796368e+06  1.736220e+09
1588  1558.210171    0.000800  0.001495  ...  0.000012  3.357401e+06  1.736220e+09
1589  1558.213019    0.000296  0.000116  ...  0.000012  2.671475e+06  1.736220e+09
1590  1558.210366    0.000329  0.000138  ...  0.000012  2.665447e+06  1.736220e+09
1591  1558.212333    0.000551  0.000620  ...  0.000012  3.148895e+06  1.736220e+09

[1592 rows x 13 columns]
CHANNEL_1_3
           cbragg  cbragg_err   credchi  ...  cdelta_n            cL     timestamp
0     1561.027060    0.000063  0.000006  ...  0.000012  2.916423e+06  1.736204e+09
1     1561.023705    0.000048  0.000004  ...  0.000012  2.910530e+06  1.736204e+09
2     1561.027446    0.000563  0.000706  ...  0.000012  3.322508e+06  1.736204e+09
3     1561.023715    0.000056  0.000005  ...  0.000012  2.940803e+06  1.736204e+09
4     1561.026942    0.000960  0.002297  ...  0.000012  3.565226e+06  1.736204e+09
...           ...         ...       ...  ...       ...           ...           ...
1587  1561.023895    0.000049  0.000004  ...  0.000012  2.919458e+06  1.736220e+09
1588  1561.027243    0.000047  0.000004  ...  0.000012  2.920022e+06  1.736220e+09
1589  1561.023810    0.000051  0.000004  ...  0.000012  2.946191e+06  1.736220e+09
1590  1561.027179    0.000067  0.000007  ...  0.000012  2.912084e+06  1.736220e+09
1591  1561.023515    0.000044  0.000003  ...  0.000012  2.930696e+06  1.736220e+09

[1592 rows x 13 columns]
CHANNEL_2_1
           cbragg  cbragg_err   credchi  ...  cdelta_n            cL     timestamp
0     1543.566091         NaN  0.003426  ...  0.000012  1.479733e+06  1.736204e+09
1     1543.574824    0.000065  0.000004  ...  0.000012  2.780771e+06  1.736204e+09
2     1543.563007    0.012646  0.004733  ...  0.000012  1.114898e+06  1.736204e+09
3     1543.560210    0.013268  0.004727  ...  0.000012  1.115408e+06  1.736204e+09
4     1543.575075    0.000065  0.000004  ...  0.000012  2.782573e+06  1.736204e+09
...           ...         ...       ...  ...       ...           ...           ...
1587  1543.575103    0.011520  0.004729  ...  0.000012  1.115458e+06  1.736220e+09
1588  1543.575654    0.000066  0.000005  ...  0.000012  2.800854e+06  1.736220e+09
1589  1543.575212    0.000062  0.000004  ...  0.000012  2.781033e+06  1.736220e+09
1590  1543.575631    0.000066  0.000005  ...  0.000012  2.779795e+06  1.736220e+09
1591  1543.575093    0.000064  0.000004  ...  0.000012  2.779966e+06  1.736220e+09

[1592 rows x 13 columns]
CHANNEL_2_2
           cbragg  cbragg_err   credchi  ...  cdelta_n            cL     timestamp
0     1545.937211    0.000138  0.000015  ...  0.000012  2.692118e+06  1.736204e+09
1     1545.938807    0.000129  0.000013  ...  0.000012  2.665185e+06  1.736204e+09
2     1545.937242    0.000153  0.000018  ...  0.000012  2.636880e+06  1.736204e+09
3     1545.938438    0.000124  0.000012  ...  0.000012  2.670802e+06  1.736204e+09
4     1545.937364    0.000133  0.000014  ...  0.000012  2.685282e+06  1.736204e+09
...           ...         ...       ...  ...       ...           ...           ...
1587  1545.938904    0.000122  0.000012  ...  0.000012  2.688746e+06  1.736220e+09
1588  1545.937492    0.000133  0.000014  ...  0.000012  2.670128e+06  1.736220e+09
1589  1545.938865    0.000138  0.000015  ...  0.000012  2.670063e+06  1.736220e+09
1590  1545.937568    0.000134  0.000014  ...  0.000012  2.695395e+06  1.736220e+09
1591  1545.937237    0.000756  0.000744  ...  0.000012  3.167700e+06  1.736220e+09

[1592 rows x 13 columns]
CHANNEL_2_3
           cbragg  cbragg_err   credchi  ...  cdelta_n            cL     timestamp
0     1548.536426    0.000088  0.000009  ...  0.000012  2.887802e+06  1.736204e+09
1     1548.537821    0.000136  0.000019  ...  0.000012  2.823836e+06  1.736204e+09
2     1548.536461    0.000277  0.000100  ...  0.000012  3.067844e+06  1.736204e+09
3     1548.537652    0.000092  0.000009  ...  0.000012  2.881486e+06  1.736204e+09
4     1548.536410    0.000091  0.000009  ...  0.000012  2.882316e+06  1.736204e+09
...           ...         ...       ...  ...       ...           ...           ...
1587  1548.537404    0.000499  0.000206  ...  0.000012  2.625513e+06  1.736220e+09
1588  1548.537303    0.000594  0.000541  ...  0.000012  3.292880e+06  1.736220e+09
1589  1548.537725    0.000101  0.000011  ...  0.000012  2.872875e+06  1.736220e+09
1590  1548.536342    0.000806  0.001185  ...  0.000012  3.488291e+06  1.736220e+09
1591  1548.537626    0.000090  0.000009  ...  0.000012  2.903246e+06  1.736220e+09

[1592 rows x 13 columns]
CHANNEL_3_1
           cbragg  cbragg_err   credchi  ...  cdelta_n            cL     timestamp
0     1544.124203    0.000122  0.000028  ...  0.000012  7.762134e+06  1.736204e+09
1     1544.122573    0.000204  0.000021  ...  0.000012  7.797231e+06  1.736204e+09
2     1544.124172    0.000196  0.000027  ...  0.000012  7.765391e+06  1.736204e+09
3     1544.122639    0.000122  0.000020  ...  0.000012  7.802009e+06  1.736204e+09
4     1544.124229    0.000108  0.000027  ...  0.000012  7.763805e+06  1.736204e+09
...           ...         ...       ...  ...       ...           ...           ...
1587  1544.122939    0.000148  0.000021  ...  0.000012  7.794197e+06  1.736220e+09
1588  1544.124598    0.000113  0.000027  ...  0.000012  7.758375e+06  1.736220e+09
1589  1544.122878    0.000119  0.000021  ...  0.000012  7.802192e+06  1.736220e+09
1590  1544.124682    0.000120  0.000026  ...  0.000012  7.766195e+06  1.736220e+09
1591  1544.122863    0.000120  0.000020  ...  0.000012  7.802215e+06  1.736220e+09

[1592 rows x 13 columns]
CHANNEL_3_2
           cbragg  cbragg_err   credchi  ...  cdelta_n            cL     timestamp
0     1545.004250    0.000279  0.000022  ...  0.000012  7.919652e+06  1.736204e+09
1     1545.014696    0.000109  0.000037  ...  0.000012  7.849441e+06  1.736204e+09
2     1545.004049    0.000113  0.000022  ...  0.000012  7.919632e+06  1.736204e+09
3     1545.014537    0.000112  0.000040  ...  0.000012  7.835899e+06  1.736204e+09
4     1545.004169    0.000116  0.000023  ...  0.000012  7.904738e+06  1.736204e+09
...           ...         ...       ...  ...       ...           ...           ...
1587  1545.014497    0.000147  0.000041  ...  0.000012  7.833930e+06  1.736220e+09
1588  1545.004031    0.000119  0.000023  ...  0.000012  7.913082e+06  1.736220e+09
1589  1545.014555    0.000114  0.000040  ...  0.000012  7.820054e+06  1.736220e+09
1590  1545.004078    0.000140  0.000022  ...  0.000012  7.925716e+06  1.736220e+09
1591  1545.014489    0.000115  0.000039  ...  0.000012  7.836026e+06  1.736220e+09

[1592 rows x 13 columns]
CHANNEL_3_3
           cbragg  cbragg_err   credchi  ...  cdelta_n            cL     timestamp
0     1545.713246    0.000109  0.000033  ...  0.000012  7.592005e+06  1.736204e+09
1     1545.717323    0.000114  0.000028  ...  0.000012  7.621545e+06  1.736204e+09
2     1545.713298    0.000109  0.000033  ...  0.000012  7.585963e+06  1.736204e+09
3     1545.717334    0.000110  0.000027  ...  0.000012  7.615035e+06  1.736204e+09
4     1545.713349    0.000112  0.000034  ...  0.000012  7.579649e+06  1.736204e+09
...           ...         ...       ...  ...       ...           ...           ...
1587  1545.717025    0.000116  0.000029  ...  0.000012  7.616153e+06  1.736220e+09
1588  1545.713270    0.000114  0.000036  ...  0.000012  7.573755e+06  1.736220e+09
1589  1545.717048    0.000122  0.000032  ...  0.000012  7.480769e+06  1.736220e+09
1590  1545.713553    0.000111  0.000034  ...  0.000012  7.588530e+06  1.736220e+09
1591  1545.717343    0.000113  0.000028  ...  0.000012  7.610293e+06  1.736220e+09

[1592 rows x 13 columns]
CHANNEL_3_4
           cbragg  cbragg_err   credchi  ...  cdelta_n            cL     timestamp
0     1546.684214    0.000095  0.000017  ...  0.000012  7.796791e+06  1.736204e+09
1     1546.691372    0.000095  0.000025  ...  0.000012  7.747850e+06  1.736204e+09
2     1546.684171    0.000098  0.000018  ...  0.000012  7.777814e+06  1.736204e+09
3     1546.691393    0.000094  0.000025  ...  0.000012  7.747395e+06  1.736204e+09
4     1546.684062    0.000119  0.000026  ...  0.000012  7.557495e+06  1.736204e+09
...           ...         ...       ...  ...       ...           ...           ...
1587  1546.691448    0.000097  0.000028  ...  0.000012  7.823506e+06  1.736220e+09
1588  1546.684117    0.000096  0.000018  ...  0.000012  7.785419e+06  1.736220e+09
1589  1546.691312    0.000098  0.000027  ...  0.000012  7.763677e+06  1.736220e+09
1590  1546.684093    0.000097  0.000018  ...  0.000012  7.793869e+06  1.736220e+09
1591  1546.691397    0.000096  0.000026  ...  0.000012  7.752180e+06  1.736220e+09

[1592 rows x 13 columns]
CHANNEL_3_5
           cbragg  cbragg_err   credchi  ...  cdelta_n            cL     timestamp
0     1547.702379    0.000079  0.000015  ...  0.000012  7.608290e+06  1.736204e+09
1     1547.711444    0.000077  0.000014  ...  0.000012  7.625292e+06  1.736204e+09
2     1547.702376    0.000079  0.000015  ...  0.000012  7.601304e+06  1.736204e+09
3     1547.711269    0.000077  0.000014  ...  0.000012  7.644578e+06  1.736204e+09
4     1547.702413    0.000078  0.000014  ...  0.000012  7.613315e+06  1.736204e+09
...           ...         ...       ...  ...       ...           ...           ...
1587  1547.711275    0.000079  0.000015  ...  0.000012  7.631889e+06  1.736220e+09
1588  1547.702569    0.000076  0.000014  ...  0.000012  7.605007e+06  1.736220e+09
1589  1547.711228    0.000078  0.000014  ...  0.000012  7.624931e+06  1.736220e+09
1590  1547.702621    0.000079  0.000015  ...  0.000012  7.601895e+06  1.736220e+09
1591  1547.711349    0.000077  0.000014  ...  0.000012  7.625718e+06  1.736220e+09

[1592 rows x 13 columns]
CHANNEL_3_6
           cbragg  cbragg_err   credchi  ...  cdelta_n            cL     timestamp
0     1548.691607    0.000084  0.000017  ...  0.000012  7.741530e+06  1.736204e+09
1     1548.695380    0.000083  0.000017  ...  0.000012  7.750594e+06  1.736204e+09
2     1548.691415    0.000085  0.000017  ...  0.000012  7.743957e+06  1.736204e+09
3     1548.695293    0.000081  0.000016  ...  0.000012  7.755163e+06  1.736204e+09
4     1548.691566    0.000084  0.000017  ...  0.000012  7.734412e+06  1.736204e+09
...           ...         ...       ...  ...       ...           ...           ...
1587  1548.695323    0.000082  0.000017  ...  0.000012  7.759690e+06  1.736220e+09
1588  1548.691654    0.000085  0.000017  ...  0.000012  7.734611e+06  1.736220e+09
1589  1548.695343    0.000083  0.000017  ...  0.000012  7.710465e+06  1.736220e+09
1590  1548.691655    0.000084  0.000017  ...  0.000012  7.740440e+06  1.736220e+09
1591  1548.695321    0.000080  0.000016  ...  0.000012  7.705980e+06  1.736220e+09

[1592 rows x 13 columns]
CHANNEL_3_7
           cbragg  cbragg_err   credchi  ...  cdelta_n            cL     timestamp
0     1549.706453    0.000085  0.000014  ...  0.000012  7.662180e+06  1.736204e+09
1     1549.718305    0.000084  0.000020  ...  0.000012  7.614581e+06  1.736204e+09
2     1549.706368    0.000082  0.000013  ...  0.000012  7.656330e+06  1.736204e+09
3     1549.718273    0.000086  0.000021  ...  0.000012  7.614859e+06  1.736204e+09
4     1549.706461    0.000085  0.000014  ...  0.000012  7.651449e+06  1.736204e+09
...           ...         ...       ...  ...       ...           ...           ...
1587  1549.718497    0.000084  0.000020  ...  0.000012  7.600314e+06  1.736220e+09
1588  1549.706574    0.000082  0.000013  ...  0.000012  7.655114e+06  1.736220e+09
1589  1549.718333    0.000084  0.000020  ...  0.000012  7.615191e+06  1.736220e+09
1590  1549.706496    0.000084  0.000014  ...  0.000012  7.654367e+06  1.736220e+09
1591  1549.718288    0.000086  0.000021  ...  0.000012  7.605979e+06  1.736220e+09

[1592 rows x 13 columns]
CHANNEL_3_8
           cbragg  cbragg_err   credchi  ...  cdelta_n            cL     timestamp
0     1550.668330    0.000088  0.000016  ...  0.000012  7.586939e+06  1.736204e+09
1     1550.667329    0.000093  0.000014  ...  0.000012  7.662660e+06  1.736204e+09
2     1550.668452    0.000089  0.000016  ...  0.000012  7.620642e+06  1.736204e+09
3     1550.667429    0.000094  0.000014  ...  0.000012  7.660667e+06  1.736204e+09
4     1550.668480    0.000089  0.000016  ...  0.000012  7.625289e+06  1.736204e+09
...           ...         ...       ...  ...       ...           ...           ...
1587  1550.667391    0.000092  0.000014  ...  0.000012  7.650681e+06  1.736220e+09
1588  1550.668481    0.000087  0.000016  ...  0.000012  7.627214e+06  1.736220e+09
1589  1550.667361    0.000090  0.000013  ...  0.000012  7.658341e+06  1.736220e+09
1590  1550.668295    0.000091  0.000017  ...  0.000012  7.624126e+06  1.736220e+09
1591  1550.667228    0.000093  0.000014  ...  0.000012  7.649821e+06  1.736220e+09

[1592 rows x 13 columns]
CHANNEL_3_9
           cbragg  cbragg_err   credchi  ...  cdelta_n            cL     timestamp
0     1551.658878    0.000088  0.000010  ...  0.000012  7.787051e+06  1.736204e+09
1     1551.669308    0.000089  0.000018  ...  0.000012  7.698024e+06  1.736204e+09
2     1551.658952    0.000090  0.000011  ...  0.000012  7.786113e+06  1.736204e+09
3     1551.669346    0.000088  0.000018  ...  0.000012  7.712512e+06  1.736204e+09
4     1551.658921    0.000088  0.000010  ...  0.000012  7.793840e+06  1.736204e+09
...           ...         ...       ...  ...       ...           ...           ...
1587  1551.669245    0.000090  0.000019  ...  0.000012  7.713640e+06  1.736220e+09
1588  1551.658804    0.000088  0.000010  ...  0.000012  7.798387e+06  1.736220e+09
1589  1551.669165    0.000088  0.000018  ...  0.000012  7.710574e+06  1.736220e+09
1590  1551.658793    0.000090  0.000011  ...  0.000012  7.777573e+06  1.736220e+09
1591  1551.669196    0.000089  0.000018  ...  0.000012  7.696821e+06  1.736220e+09

[1592 rows x 13 columns]
CHANNEL_3_10
           cbragg  cbragg_err   credchi  ...  cdelta_n            cL     timestamp
0     1552.673044    0.000103  0.000022  ...  0.000012  7.710910e+06  1.736204e+09
1     1552.670636    0.000113  0.000014  ...  0.000012  7.735446e+06  1.736204e+09
2     1552.673220    0.000106  0.000023  ...  0.000012  7.708215e+06  1.736204e+09
3     1552.670689    0.000113  0.000015  ...  0.000012  7.756260e+06  1.736204e+09
4     1552.673165    0.000103  0.000021  ...  0.000012  7.698985e+06  1.736204e+09
...           ...         ...       ...  ...       ...           ...           ...
1587  1552.670438    0.000106  0.000013  ...  0.000012  7.778133e+06  1.736220e+09
1588  1552.673060    0.000103  0.000021  ...  0.000012  7.713952e+06  1.736220e+09
1589  1552.670404    0.000113  0.000015  ...  0.000012  7.770874e+06  1.736220e+09
1590  1552.672974    0.000103  0.000021  ...  0.000012  7.714329e+06  1.736220e+09
1591  1552.670301    0.000112  0.000014  ...  0.000012  7.773203e+06  1.736220e+09

[1592 rows x 13 columns]
CHANNEL_3_11
           cbragg  cbragg_err   credchi  ...  cdelta_n            cL     timestamp
0     1553.636229    0.000134  0.000028  ...  0.000012  7.919852e+06  1.736204e+09
1     1553.640460    0.000130  0.000039  ...  0.000012  7.870091e+06  1.736204e+09
2     1553.636432    0.000133  0.000028  ...  0.000012  7.916268e+06  1.736204e+09
3     1553.640335    0.000131  0.000039  ...  0.000012  7.854494e+06  1.736204e+09
4     1553.636322    0.000133  0.000028  ...  0.000012  7.911950e+06  1.736204e+09
...           ...         ...       ...  ...       ...           ...           ...
1587  1553.640449    0.000132  0.000040  ...  0.000012  7.853459e+06  1.736220e+09
1588  1553.636130    0.000136  0.000029  ...  0.000012  7.919034e+06  1.736220e+09
1589  1553.640466    0.000130  0.000039  ...  0.000012  7.866365e+06  1.736220e+09
1590  1553.636230    0.000312  0.000127  ...  0.000012  7.098021e+06  1.736220e+09
1591  1553.640291    0.000132  0.000041  ...  0.000012  7.873133e+06  1.736220e+09

[1592 rows x 13 columns]
CHANNEL_3_12
           cbragg  cbragg_err   credchi  ...  cdelta_n            cL     timestamp
0     1554.615578    0.000098  0.000021  ...  0.000012  7.776331e+06  1.736204e+09
1     1554.615846    0.000102  0.000015  ...  0.000012  7.820196e+06  1.736204e+09
2     1554.615601    0.000098  0.000020  ...  0.000012  7.773335e+06  1.736204e+09
3     1554.615736    0.000104  0.000016  ...  0.000012  7.821632e+06  1.736204e+09
4     1554.615698    0.000129  0.000034  ...  0.000012  7.484567e+06  1.736204e+09
...           ...         ...       ...  ...       ...           ...           ...
1587  1554.615525    0.000103  0.000015  ...  0.000012  7.826512e+06  1.736220e+09
1588  1554.615591    0.000098  0.000021  ...  0.000012  7.712093e+06  1.736220e+09
1589  1554.615600    0.000099  0.000014  ...  0.000012  7.830795e+06  1.736220e+09
1590  1554.615570    0.000138  0.000038  ...  0.000012  7.442763e+06  1.736220e+09
1591  1554.615542    0.000101  0.000015  ...  0.000012  7.837192e+06  1.736220e+09

[1592 rows x 13 columns]
CHANNEL_3_13
           cbragg  cbragg_err   credchi  ...  cdelta_n            cL     timestamp
0     1555.618231    0.000090  0.000010  ...  0.000012  7.623631e+06  1.736204e+09
1     1555.626157    0.000090  0.000018  ...  0.000012  7.562522e+06  1.736204e+09
2     1555.618446    0.000089  0.000010  ...  0.000012  7.625490e+06  1.736204e+09
3     1555.626332    0.000092  0.000019  ...  0.000012  7.573848e+06  1.736204e+09
4     1555.618384    0.000087  0.000010  ...  0.000012  7.652567e+06  1.736204e+09
...           ...         ...       ...  ...       ...           ...           ...
1587  1555.626142    0.000088  0.000017  ...  0.000012  7.572006e+06  1.736220e+09
1588  1555.618329    0.000089  0.000010  ...  0.000012  7.616087e+06  1.736220e+09
1589  1555.626161    0.000090  0.000018  ...  0.000012  7.560143e+06  1.736220e+09
1590  1555.618163    0.000090  0.000010  ...  0.000012  7.622547e+06  1.736220e+09
1591  1555.626054    0.000088  0.000017  ...  0.000012  7.571209e+06  1.736220e+09

[1592 rows x 13 columns]
CHANNEL_3_14
           cbragg  cbragg_err   credchi  ...  cdelta_n            cL     timestamp
0     1556.578361    0.000192  0.000084  ...  0.000012  7.689219e+06  1.736204e+09
1     1556.576299    0.000194  0.000054  ...  0.000012  7.737807e+06  1.736204e+09
2     1556.578403    0.000193  0.000085  ...  0.000012  7.686483e+06  1.736204e+09
3     1556.576414    0.000190  0.000051  ...  0.000012  7.750726e+06  1.736204e+09
4     1556.578446    0.000191  0.000083  ...  0.000012  7.686671e+06  1.736204e+09
...           ...         ...       ...  ...       ...           ...           ...
1587  1556.576146    0.000187  0.000050  ...  0.000012  7.749223e+06  1.736220e+09
1588  1556.578296    0.000190  0.000082  ...  0.000012  7.683793e+06  1.736220e+09
1589  1556.576103    0.000195  0.000054  ...  0.000012  7.748717e+06  1.736220e+09
1590  1556.578295    0.000193  0.000085  ...  0.000012  7.684984e+06  1.736220e+09
1591  1556.576167    0.000193  0.000053  ...  0.000012  7.748123e+06  1.736220e+09

[1592 rows x 13 columns]
