000 (11451992.240.000) 01/28 14:31:49 Job submitted from host: <188.185.114.121:9618?addrs=188.185.114.121-9618+[2001-1458-d00-a--100-273]-9618&alias=bigbird19.cern.ch&noUDP&sock=schedd_2045_4743>
...
040 (11451992.240.000) 01/28 14:40:52 Started transferring input files
	Transferring to host: <188.185.193.16:9618?addrs=188.185.193.16-9618+[2001-1458-303-20--100-c]-9618&alias=b9p19p4171.cern.ch&noUDP&sock=slot1_26_501085_7672_100011>
...
040 (11451992.240.000) 01/28 14:40:52 Finished transferring input files
...
001 (11451992.240.000) 01/28 14:40:53 Job executing on host: <188.185.193.16:9618?addrs=188.185.193.16-9618+[2001-1458-303-20--100-c]-9618&alias=b9p19p4171.cern.ch&noUDP&sock=startd_128615_c54f>
	SlotName: slot1_26@b9p19p4171.cern.ch
	CondorScratchDir = "/pool/condor/dir_212322"
	Cpus = 1
	Disk = 2904639
	Memory = 3000
...
006 (11451992.240.000) 01/28 14:41:02 Image size of job updated: 81156
	80  -  MemoryUsage of job (MB)
	80912  -  ResidentSetSize of job (KB)
...
006 (11451992.240.000) 01/28 14:46:03 Image size of job updated: 147760
	145  -  MemoryUsage of job (MB)
	147508  -  ResidentSetSize of job (KB)
...
006 (11451992.240.000) 01/28 14:51:04 Image size of job updated: 210588
	206  -  MemoryUsage of job (MB)
	210472  -  ResidentSetSize of job (KB)
...
006 (11451992.240.000) 01/28 14:56:04 Image size of job updated: 272468
	266  -  MemoryUsage of job (MB)
	272344  -  ResidentSetSize of job (KB)
...
006 (11451992.240.000) 01/28 15:01:04 Image size of job updated: 337952
	330  -  MemoryUsage of job (MB)
	337712  -  ResidentSetSize of job (KB)
...
006 (11451992.240.000) 01/28 15:06:05 Image size of job updated: 635144
	621  -  MemoryUsage of job (MB)
	635140  -  ResidentSetSize of job (KB)
...
006 (11451992.240.000) 01/28 15:11:05 Image size of job updated: 682880
	667  -  MemoryUsage of job (MB)
	682628  -  ResidentSetSize of job (KB)
...
006 (11451992.240.000) 01/28 15:16:05 Image size of job updated: 708992
	693  -  MemoryUsage of job (MB)
	708796  -  ResidentSetSize of job (KB)
...
006 (11451992.240.000) 01/28 15:21:06 Image size of job updated: 734928
	718  -  MemoryUsage of job (MB)
	734828  -  ResidentSetSize of job (KB)
...
006 (11451992.240.000) 01/28 15:26:07 Image size of job updated: 760112
	743  -  MemoryUsage of job (MB)
	759860  -  ResidentSetSize of job (KB)
...
006 (11451992.240.000) 01/28 15:31:07 Image size of job updated: 786524
	768  -  MemoryUsage of job (MB)
	786368  -  ResidentSetSize of job (KB)
...
006 (11451992.240.000) 01/28 15:32:34 Image size of job updated: 798616
	768  -  MemoryUsage of job (MB)
	786368  -  ResidentSetSize of job (KB)
...
040 (11451992.240.000) 01/28 15:32:34 Started transferring output files
...
040 (11451992.240.000) 01/28 15:32:34 Finished transferring output files
...
005 (11451992.240.000) 01/28 15:32:34 Job terminated.
	(1) Normal termination (return value 0)
		Usr 0 00:49:50, Sys 0 00:00:20  -  Run Remote Usage
		Usr 0 00:00:00, Sys 0 00:00:00  -  Run Local Usage
		Usr 0 00:49:50, Sys 0 00:00:20  -  Total Remote Usage
		Usr 0 00:00:00, Sys 0 00:00:00  -  Total Local Usage
	40250  -  Run Bytes Sent By Job
	5797  -  Run Bytes Received By Job
	40250  -  Total Bytes Sent By Job
	5797  -  Total Bytes Received By Job
	Partitionable Resources :    Usage  Request Allocated 
	   Cpus                 :     0.98        1         1 
	   Disk (KB)            :    68          10   2904639 
	   Memory (MB)          :   768        3000      3000 

	Job terminated of its own accord at 2025-01-28T14:32:34Z with exit-code 0.
...
