000 (11451992.016.000) 01/28 14:31:48 Job submitted from host: <188.185.114.121:9618?addrs=188.185.114.121-9618+[2001-1458-d00-a--100-273]-9618&alias=bigbird19.cern.ch&noUDP&sock=schedd_2045_4743>
...
040 (11451992.016.000) 01/28 14:35:59 Started transferring input files
	Transferring to host: <188.185.198.185:9618?addrs=188.185.198.185-9618+[2001-1458-303-25--100-b5]-9618&alias=b9p15p2764.cern.ch&noUDP&sock=slot1_15_11104_85bd_69585>
...
040 (11451992.016.000) 01/28 14:35:59 Finished transferring input files
...
001 (11451992.016.000) 01/28 14:36:00 Job executing on host: <188.185.198.185:9618?addrs=188.185.198.185-9618+[2001-1458-303-25--100-b5]-9618&alias=b9p15p2764.cern.ch&noUDP&sock=startd_9656_ca94>
	SlotName: slot1_15@b9p15p2764.cern.ch
	CondorScratchDir = "/pool/condor/dir_2855209"
	Cpus = 1
	Disk = 3715
	GPUs = 0
	Memory = 3000
...
006 (11451992.016.000) 01/28 14:36:09 Image size of job updated: 34644
	34  -  MemoryUsage of job (MB)
	34644  -  ResidentSetSize of job (KB)
...
006 (11451992.016.000) 01/28 14:39:53 Image size of job updated: 74932
	74  -  MemoryUsage of job (MB)
	74932  -  ResidentSetSize of job (KB)
...
040 (11451992.016.000) 01/28 14:39:53 Started transferring output files
...
040 (11451992.016.000) 01/28 14:39:53 Finished transferring output files
...
005 (11451992.016.000) 01/28 14:39:53 Job terminated.
	(1) Normal termination (return value 0)
		Usr 0 00:00:13, Sys 0 00:00:01  -  Run Remote Usage
		Usr 0 00:00:00, Sys 0 00:00:00  -  Run Local Usage
		Usr 0 00:00:13, Sys 0 00:00:01  -  Total Remote Usage
		Usr 0 00:00:00, Sys 0 00:00:00  -  Total Local Usage
	14883  -  Run Bytes Sent By Job
	5797  -  Run Bytes Received By Job
	14883  -  Total Bytes Sent By Job
	5797  -  Total Bytes Received By Job
	Partitionable Resources :    Usage  Request Allocated 
	   Cpus                 :        0        1         1 
	   Disk (KB)            :       42       10      3715 
	   GPUs                 :                           0 
	   Memory (MB)          :       74     3000      3000 

	Job terminated of its own accord at 2025-01-28T13:39:53Z with exit-code 0.
...
