CHANNEL_0_1
           cbragg  cbragg_err   credchi  ...  cdelta_n            cL     timestamp
0     1547.249488    0.000107  0.000435  ...  0.000012  7.798964e+06  1.733421e+09
1     1547.246904    0.000094  0.000208  ...  0.000012  7.679298e+06  1.733421e+09
2     1547.249320    0.000268  0.002690  ...  0.000012  8.210599e+06  1.733421e+09
3     1547.246993    0.000103  0.000254  ...  0.000012  7.793646e+06  1.733421e+09
4     1547.249480    0.000187  0.001351  ...  0.000012  8.077799e+06  1.733421e+09
...           ...         ...       ...  ...       ...           ...           ...
1587  1547.251589    0.000093  0.000203  ...  0.000012  7.686347e+06  1.733436e+09
1588  1547.254114    0.000107  0.000428  ...  0.000012  7.785410e+06  1.733436e+09
1589  1547.251678    0.000270  0.001634  ...  0.000012  7.086812e+06  1.733436e+09
1590  1547.254313    0.000102  0.000394  ...  0.000012  7.772424e+06  1.733436e+09
1591  1547.252338    0.000145  0.000515  ...  0.000012  7.979954e+06  1.733436e+09

[1592 rows x 13 columns]
CHANNEL_0_2
           cbragg  cbragg_err   credchi  ...  cdelta_n            cL     timestamp
0     1548.208850    0.000496  0.003875  ...  0.000012  8.966951e+06  1.733421e+09
1     1548.213988    0.000093  0.000123  ...  0.000012  7.568735e+06  1.733421e+09
2     1548.209145    0.000074  0.000081  ...  0.000012  7.707512e+06  1.733421e+09
3     1548.213978    0.000074  0.000077  ...  0.000012  7.713111e+06  1.733421e+09
4     1548.208699    0.000075  0.000083  ...  0.000012  7.719369e+06  1.733421e+09
...           ...         ...       ...  ...       ...           ...           ...
1587  1548.218152    0.000085  0.000104  ...  0.000012  7.791897e+06  1.733436e+09
1588  1548.213292    0.000075  0.000084  ...  0.000012  7.671837e+06  1.733436e+09
1589  1548.218293    0.000133  0.000245  ...  0.000012  7.897854e+06  1.733436e+09
1590  1548.213219    0.000076  0.000086  ...  0.000012  7.707092e+06  1.733436e+09
1591  1548.218261    0.000075  0.000079  ...  0.000012  7.713281e+06  1.733436e+09

[1592 rows x 13 columns]
CHANNEL_0_3
           cbragg  cbragg_err   credchi  ...  cdelta_n            cL     timestamp
0     1549.200381    0.000100  0.000198  ...  0.000012  7.678866e+06  1.733421e+09
1     1549.206375    0.000105  0.000312  ...  0.000012  7.617064e+06  1.733421e+09
2     1549.200400    0.000100  0.000199  ...  0.000012  7.626808e+06  1.733421e+09
3     1549.206334    0.000106  0.000324  ...  0.000012  7.700091e+06  1.733421e+09
4     1549.200208    0.000099  0.000196  ...  0.000012  7.669043e+06  1.733421e+09
...           ...         ...       ...  ...       ...           ...           ...
1587  1549.210077    0.000210  0.001359  ...  0.000012  8.183771e+06  1.733436e+09
1588  1549.204745    0.000100  0.000197  ...  0.000012  7.651811e+06  1.733436e+09
1589  1549.210707    0.000128  0.000455  ...  0.000012  7.718369e+06  1.733436e+09
1590  1549.204240    0.000336  0.002540  ...  0.000012  8.653327e+06  1.733436e+09
1591  1549.210676    0.000115  0.000380  ...  0.000012  7.735864e+06  1.733436e+09

[1592 rows x 13 columns]
CHANNEL_0_4
           cbragg  cbragg_err   credchi  ...  cdelta_n            cL     timestamp
0     1550.201106    0.000114  0.000262  ...  0.000012  7.834494e+06  1.733421e+09
1     1550.203945    0.000198  0.001104  ...  0.000012  8.032160e+06  1.733421e+09
2     1550.201693    0.000129  0.000344  ...  0.000012  7.969810e+06  1.733421e+09
3     1550.203880    0.000131  0.000523  ...  0.000012  8.031242e+06  1.733421e+09
4     1550.201185    0.000118  0.000276  ...  0.000012  7.826046e+06  1.733421e+09
...           ...         ...       ...  ...       ...           ...           ...
1587  1550.208175    0.000188  0.000986  ...  0.000012  7.996168e+06  1.733436e+09
1588  1550.205520    0.000119  0.000279  ...  0.000012  7.782517e+06  1.733436e+09
1589  1550.208221    0.000132  0.000520  ...  0.000012  7.992628e+06  1.733436e+09
1590  1550.205514    0.000118  0.000278  ...  0.000012  7.808263e+06  1.733436e+09
1591  1550.208365    0.000116  0.000391  ...  0.000012  7.802906e+06  1.733436e+09

[1592 rows x 13 columns]
CHANNEL_0_5
           cbragg  cbragg_err   credchi  ...  cdelta_n            cL     timestamp
0     1551.184640    0.000129  0.000509  ...  0.000012  7.969173e+06  1.733421e+09
1     1551.184805    0.000102  0.000329  ...  0.000012  7.682879e+06  1.733421e+09
2     1551.184629    0.000136  0.000555  ...  0.000012  7.936973e+06  1.733421e+09
3     1551.184615    0.000109  0.000379  ...  0.000012  7.755543e+06  1.733421e+09
4     1551.184799    0.000138  0.000583  ...  0.000012  7.962774e+06  1.733421e+09
...           ...         ...       ...  ...       ...           ...           ...
1587  1551.189082    0.000085  0.000234  ...  0.000012  7.655625e+06  1.733436e+09
1588  1551.189098    0.000138  0.000580  ...  0.000012  7.979409e+06  1.733436e+09
1589  1551.189172    0.000125  0.000523  ...  0.000012  7.912432e+06  1.733436e+09
1590  1551.188892    0.000093  0.000253  ...  0.000012  7.779110e+06  1.733436e+09
1591  1551.188845    0.000221  0.001734  ...  0.000012  8.281772e+06  1.733436e+09

[1592 rows x 13 columns]
CHANNEL_0_6
           cbragg  cbragg_err   credchi  ...  cdelta_n            cL     timestamp
0     1552.177553    0.000104  0.000433  ...  0.000012  7.528399e+06  1.733421e+09
1     1552.172512    0.000080  0.000174  ...  0.000012  7.465771e+06  1.733421e+09
2     1552.177269    0.000128  0.000661  ...  0.000012  7.611338e+06  1.733421e+09
3     1552.172284    0.000082  0.000186  ...  0.000012  7.480187e+06  1.733421e+09
4     1552.177627    0.000099  0.000390  ...  0.000012  7.486311e+06  1.733421e+09
...           ...         ...       ...  ...       ...           ...           ...
1587  1552.176986    0.000084  0.000197  ...  0.000012  7.542986e+06  1.733436e+09
1588  1552.181705    0.000089  0.000320  ...  0.000012  7.461924e+06  1.733436e+09
1589  1552.176760    0.000079  0.000173  ...  0.000012  7.495061e+06  1.733436e+09
1590  1552.181599    0.000104  0.000443  ...  0.000012  7.604791e+06  1.733436e+09
1591  1552.176609    0.000085  0.000202  ...  0.000012  7.545551e+06  1.733436e+09

[1592 rows x 13 columns]
CHANNEL_0_7
           cbragg  cbragg_err   credchi  ...  cdelta_n            cL     timestamp
0     1553.181476    0.000140  0.000510  ...  0.000012  7.895879e+06  1.733421e+09
1     1553.181320    0.000119  0.000267  ...  0.000012  7.738975e+06  1.733421e+09
2     1553.181761    0.000113  0.000316  ...  0.000012  7.629686e+06  1.733421e+09
3     1553.182216    0.000111  0.000234  ...  0.000012  7.610541e+06  1.733421e+09
4     1553.181918    0.000151  0.000599  ...  0.000012  7.961369e+06  1.733421e+09
...           ...         ...       ...  ...       ...           ...           ...
1587  1553.186224    0.000110  0.000227  ...  0.000012  7.655632e+06  1.733436e+09
1588  1553.184948    0.000153  0.000598  ...  0.000012  7.910341e+06  1.733436e+09
1589  1553.185557    0.000113  0.000240  ...  0.000012  7.652076e+06  1.733436e+09
1590  1553.185635    0.000170  0.000754  ...  0.000012  8.006739e+06  1.733436e+09
1591  1553.186001    0.000114  0.000247  ...  0.000012  7.630302e+06  1.733436e+09

[1592 rows x 13 columns]
CHANNEL_0_8
           cbragg  cbragg_err   credchi  ...  cdelta_n            cL     timestamp
0     1554.158984    0.000083  0.000171  ...  0.000012  7.676586e+06  1.733421e+09
1     1554.160707    0.000069  0.000089  ...  0.000012  7.631365e+06  1.733421e+09
2     1554.158984    0.000069  0.000115  ...  0.000012  7.567295e+06  1.733421e+09
3     1554.160528    0.000081  0.000124  ...  0.000012  7.687618e+06  1.733421e+09
4     1554.159059    0.000069  0.000118  ...  0.000012  7.603999e+06  1.733421e+09
...           ...         ...       ...  ...       ...           ...           ...
1587  1554.165606    0.000199  0.000784  ...  0.000012  8.086399e+06  1.733436e+09
1588  1554.163863    0.000094  0.000217  ...  0.000012  7.732554e+06  1.733436e+09
1589  1554.165458    0.000088  0.000148  ...  0.000012  7.744622e+06  1.733436e+09
1590  1554.163654    0.000081  0.000164  ...  0.000012  7.696189e+06  1.733436e+09
1591  1554.165471    0.000068  0.000087  ...  0.000012  7.616453e+06  1.733436e+09

[1592 rows x 13 columns]
CHANNEL_0_9
           cbragg  cbragg_err   credchi  ...  cdelta_n            cL     timestamp
0     1555.145635    0.000086  0.000172  ...  0.000012  7.762618e+06  1.733421e+09
1     1555.143120    0.000169  0.000400  ...  0.000012  7.350189e+06  1.733421e+09
2     1555.145260    0.000153  0.000551  ...  0.000012  8.002472e+06  1.733421e+09
3     1555.143088    0.000112  0.000180  ...  0.000012  7.890444e+06  1.733421e+09
4     1555.145771    0.000128  0.000370  ...  0.000012  7.411014e+06  1.733421e+09
...           ...         ...       ...  ...       ...           ...           ...
1587  1555.147861    0.000120  0.000210  ...  0.000012  7.967736e+06  1.733436e+09
1588  1555.150091    0.000083  0.000155  ...  0.000012  7.657544e+06  1.733436e+09
1589  1555.147700    0.000081  0.000092  ...  0.000012  7.695720e+06  1.733436e+09
1590  1555.150045    0.000144  0.000486  ...  0.000012  7.983343e+06  1.733436e+09
1591  1555.147700    0.000082  0.000096  ...  0.000012  7.726861e+06  1.733436e+09

[1592 rows x 13 columns]
CHANNEL_0_10
           cbragg  cbragg_err   credchi  ...  cdelta_n            cL     timestamp
0     1556.148069    0.000080  0.000104  ...  0.000012  7.691901e+06  1.733421e+09
1     1556.148929    0.000083  0.000093  ...  0.000012  7.726404e+06  1.733421e+09
2     1556.148076    0.000079  0.000101  ...  0.000012  7.671189e+06  1.733421e+09
3     1556.148875    0.000082  0.000092  ...  0.000012  7.724951e+06  1.733421e+09
4     1556.148185    0.000080  0.000103  ...  0.000012  7.694960e+06  1.733421e+09
...           ...         ...       ...  ...       ...           ...           ...
1587  1556.153549    0.000082  0.000090  ...  0.000012  7.710362e+06  1.733436e+09
1588  1556.152646    0.000081  0.000104  ...  0.000012  7.636795e+06  1.733436e+09
1589  1556.153554    0.000083  0.000093  ...  0.000012  7.718035e+06  1.733436e+09
1590  1556.152548    0.000079  0.000101  ...  0.000012  7.658078e+06  1.733436e+09
1591  1556.153395    0.000084  0.000096  ...  0.000012  7.717157e+06  1.733436e+09

[1592 rows x 13 columns]
CHANNEL_0_11
           cbragg  cbragg_err   credchi  ...  cdelta_n            cL     timestamp
0     1557.157344    0.000070  0.000060  ...  0.000012  7.648596e+06  1.733421e+09
1     1557.160795    0.000071  0.000077  ...  0.000012  7.612565e+06  1.733421e+09
2     1557.157685    0.000146  0.000253  ...  0.000012  7.296743e+06  1.733421e+09
3     1557.161040    0.000073  0.000080  ...  0.000012  7.550192e+06  1.733421e+09
4     1557.157067    0.000409  0.001726  ...  0.000012  6.672104e+06  1.733421e+09
...           ...         ...       ...  ...       ...           ...           ...
1587  1557.165530    0.000200  0.000597  ...  0.000012  7.207670e+06  1.733436e+09
1588  1557.161991    0.000070  0.000060  ...  0.000012  7.648410e+06  1.733436e+09
1589  1557.165545    0.000070  0.000074  ...  0.000012  7.607320e+06  1.733436e+09
1590  1557.162053    0.000070  0.000060  ...  0.000012  7.649089e+06  1.733436e+09
1591  1557.165712    0.000220  0.000700  ...  0.000012  7.093896e+06  1.733436e+09

[1592 rows x 13 columns]
CHANNEL_0_12
           cbragg  cbragg_err   credchi  ...  cdelta_n            cL     timestamp
0     1558.181468    0.000132  0.000339  ...  0.000012  7.298208e+06  1.733421e+09
1     1558.181847    0.000127  0.000444  ...  0.000012  7.692638e+06  1.733421e+09
2     1558.181348    0.000126  0.000328  ...  0.000012  7.729350e+06  1.733421e+09
3     1558.181796    0.000111  0.000325  ...  0.000012  7.516265e+06  1.733421e+09
4     1558.181623    0.000214  0.000872  ...  0.000012  7.068311e+06  1.733421e+09
...           ...         ...       ...  ...       ...           ...           ...
1587  1558.186166    0.000113  0.000339  ...  0.000012  7.603223e+06  1.733436e+09
1588  1558.186048    0.000109  0.000240  ...  0.000012  7.527119e+06  1.733436e+09
1589  1558.186448    0.000117  0.000372  ...  0.000012  7.644256e+06  1.733436e+09
1590  1558.185999    0.000111  0.000251  ...  0.000012  7.543321e+06  1.733436e+09
1591  1558.186468    0.000110  0.000319  ...  0.000012  7.525646e+06  1.733436e+09

[1592 rows x 13 columns]
CHANNEL_0_13
           cbragg  cbragg_err   credchi  ...  cdelta_n            cL     timestamp
0     1559.161608    0.000136  0.000242  ...  0.000012  7.538398e+06  1.733421e+09
1     1559.160821    0.000545  0.005475  ...  0.000012  9.385700e+06  1.733421e+09
2     1559.161798    0.000134  0.000237  ...  0.000012  7.640129e+06  1.733421e+09
3     1559.161266    0.000209  0.000693  ...  0.000012  8.080048e+06  1.733421e+09
4     1559.161937    0.000153  0.000316  ...  0.000012  7.520077e+06  1.733421e+09
...           ...         ...       ...  ...       ...           ...           ...
1587  1559.165832    0.000131  0.000257  ...  0.000012  7.616028e+06  1.733436e+09
1588  1559.166406    0.000133  0.000234  ...  0.000012  7.650562e+06  1.733436e+09
1589  1559.165947    0.000131  0.000256  ...  0.000012  7.613649e+06  1.733436e+09
1590  1559.166403    0.000538  0.005135  ...  0.000012  9.618756e+06  1.733436e+09
1591  1559.165905    0.000129  0.000251  ...  0.000012  7.622199e+06  1.733436e+09

[1592 rows x 13 columns]
CHANNEL_0_14
           cbragg  cbragg_err   credchi  ...  cdelta_n            cL     timestamp
0     1560.147599    0.000091  0.000226  ...  0.000012  7.674419e+06  1.733421e+09
1     1560.145200    0.000104  0.000218  ...  0.000012  7.833532e+06  1.733421e+09
2     1560.147664    0.000246  0.001508  ...  0.000012  7.056239e+06  1.733421e+09
3     1560.145234    0.000104  0.000216  ...  0.000012  7.829063e+06  1.733421e+09
4     1560.147710    0.000096  0.000260  ...  0.000012  7.775813e+06  1.733421e+09
...           ...         ...       ...  ...       ...           ...           ...
1587  1560.149742    0.000089  0.000155  ...  0.000012  7.689219e+06  1.733436e+09
1588  1560.152228    0.000107  0.000300  ...  0.000012  7.669159e+06  1.733436e+09
1589  1560.149880    0.000091  0.000163  ...  0.000012  7.736139e+06  1.733436e+09
1590  1560.152196    0.000123  0.000421  ...  0.000012  7.892710e+06  1.733436e+09
1591  1560.149784    0.000090  0.000158  ...  0.000012  7.686059e+06  1.733436e+09

[1592 rows x 13 columns]
CHANNEL_1_1
           cbragg  cbragg_err   credchi  ...  cdelta_n            cL     timestamp
0     1560.580361    0.000092  0.000054  ...  0.000012  2.741092e+06  1.733421e+09
1     1560.580355    0.000096  0.000063  ...  0.000012  2.734331e+06  1.733421e+09
2     1560.580448    0.000093  0.000055  ...  0.000012  2.737617e+06  1.733421e+09
3     1560.580313    0.000093  0.000059  ...  0.000012  2.749278e+06  1.733421e+09
4     1560.580479    0.000095  0.000057  ...  0.000012  2.737501e+06  1.733421e+09
...           ...         ...       ...  ...       ...           ...           ...
1587  1560.583528    0.001061  0.016103  ...  0.000012  3.577817e+06  1.733436e+09
1588  1560.585304    0.000093  0.000055  ...  0.000012  2.751920e+06  1.733436e+09
1589  1560.585083    0.000093  0.000058  ...  0.000012  2.739386e+06  1.733436e+09
1590  1560.585504    0.000093  0.000055  ...  0.000012  2.736781e+06  1.733436e+09
1591  1560.584443    0.000562  0.003083  ...  0.000012  3.116308e+06  1.733436e+09

[1592 rows x 13 columns]
CHANNEL_1_2
           cbragg  cbragg_err   credchi  ...  cdelta_n            cL     timestamp
0     1563.639454    0.001925  0.081972  ...  0.000012  4.241064e+06  1.733421e+09
1     1563.643554    0.001408  0.039508  ...  0.000012  3.807424e+06  1.733421e+09
2     1563.639257    0.000884  0.013461  ...  0.000012  3.462369e+06  1.733421e+09
3     1563.643358    0.001383  0.038165  ...  0.000012  3.797986e+06  1.733421e+09
4     1563.639830    0.000623  0.005370  ...  0.000012  3.205396e+06  1.733421e+09
...           ...         ...       ...  ...       ...           ...           ...
1587  1563.647048    0.001949  0.104104  ...  0.000012  4.542805e+06  1.733436e+09
1588  1563.644626    0.000105  0.000108  ...  0.000012  2.803432e+06  1.733436e+09
1589  1563.647593    0.001466  0.046989  ...  0.000012  3.936733e+06  1.733436e+09
1590  1563.643452    0.001436  0.043605  ...  0.000012  3.911734e+06  1.733436e+09
1591  1563.649828    0.000961  0.005512  ...  0.000012  2.385604e+06  1.733436e+09

[1592 rows x 13 columns]
CHANNEL_1_3
           cbragg  cbragg_err   credchi  ...  cdelta_n            cL     timestamp
0     1566.636937    0.002528  0.160482  ...  0.000012  4.963793e+06  1.733421e+09
1     1566.632711    0.001922  0.077775  ...  0.000012  4.270036e+06  1.733421e+09
2     1566.636028    0.002402  0.149980  ...  0.000012  4.942854e+06  1.733421e+09
3     1566.633056    0.002159  0.114210  ...  0.000012  4.674971e+06  1.733421e+09
4     1566.638749    0.001076  0.022590  ...  0.000012  3.702516e+06  1.733421e+09
...           ...         ...       ...  ...       ...           ...           ...
1587  1566.639278    0.001443  0.036782  ...  0.000012  3.801586e+06  1.733436e+09
1588  1566.642915    0.002339  0.151260  ...  0.000012  5.010547e+06  1.733436e+09
1589  1566.632375    0.002614  0.155378  ...  0.000012  4.886539e+06  1.733436e+09
1590  1566.645042    0.000106  0.000111  ...  0.000012  2.830858e+06  1.733436e+09
1591  1566.627655    0.003218  0.273290  ...  0.000012  5.921045e+06  1.733436e+09

[1592 rows x 13 columns]
CHANNEL_2_1
           cbragg  cbragg_err   credchi  ...  cdelta_n            cL     timestamp
0     1547.943128    0.000268  0.000080  ...  0.000012  2.666143e+06  1.733421e+09
1     1547.942010    0.000143  0.000025  ...  0.000012  2.743277e+06  1.733421e+09
2     1547.943292    0.000076  0.000007  ...  0.000012  2.805707e+06  1.733421e+09
3     1547.941971    0.000298  0.000097  ...  0.000012  2.652252e+06  1.733421e+09
4     1547.943310    0.000079  0.000008  ...  0.000012  2.814254e+06  1.733421e+09
...           ...         ...       ...  ...       ...           ...           ...
1587  1547.946674    0.000081  0.000008  ...  0.000012  2.795997e+06  1.733436e+09
1588  1547.947809    0.000769  0.000475  ...  0.000012  2.422933e+06  1.733436e+09
1589  1547.947169    0.000777  0.001250  ...  0.000012  3.357625e+06  1.733436e+09
1590  1547.948078    0.000142  0.000024  ...  0.000012  2.727464e+06  1.733436e+09
1591  1547.947062    0.000079  0.000008  ...  0.000012  2.796679e+06  1.733436e+09

[1592 rows x 13 columns]
CHANNEL_2_2
           cbragg  cbragg_err   credchi  ...  cdelta_n            cL     timestamp
0     1551.231914    0.000621  0.000604  ...  0.000012  3.139119e+06  1.733421e+09
1     1551.232959    0.000107  0.000013  ...  0.000012  2.734590e+06  1.733421e+09
2     1551.231624    0.000856  0.001231  ...  0.000012  3.271753e+06  1.733421e+09
3     1551.232743    0.000113  0.000014  ...  0.000012  2.745404e+06  1.733421e+09
4     1551.232489    0.000105  0.000012  ...  0.000012  2.741851e+06  1.733421e+09
...           ...         ...       ...  ...       ...           ...           ...
1587  1551.236842    0.000107  0.000013  ...  0.000012  2.751509e+06  1.733436e+09
1588  1551.236681    0.000110  0.000013  ...  0.000012  2.722422e+06  1.733436e+09
1589  1551.237062    0.000107  0.000013  ...  0.000012  2.743862e+06  1.733436e+09
1590  1551.236484    0.000323  0.000093  ...  0.000012  2.563098e+06  1.733436e+09
1591  1551.236940    0.000106  0.000013  ...  0.000012  2.728399e+06  1.733436e+09

[1592 rows x 13 columns]
CHANNEL_2_3
           cbragg  cbragg_err   credchi  ...  cdelta_n            cL     timestamp
0     1554.107221    0.000103  0.000012  ...  0.000012  2.919243e+06  1.733421e+09
1     1554.108113    0.000043  0.000002  ...  0.000012  2.893708e+06  1.733421e+09
2     1554.107949    0.000153  0.000030  ...  0.000012  2.991752e+06  1.733421e+09
3     1554.108522    0.000076  0.000008  ...  0.000012  2.907010e+06  1.733421e+09
4     1554.107177    0.000776  0.001142  ...  0.000012  3.466741e+06  1.733421e+09
...           ...         ...       ...  ...       ...           ...           ...
1587  1554.112895    0.000946  0.002069  ...  0.000012  3.595675e+06  1.733436e+09
1588  1554.112319    0.000734  0.000951  ...  0.000012  3.397673e+06  1.733436e+09
1589  1554.113621    0.000280  0.000106  ...  0.000012  3.034967e+06  1.733436e+09
1590  1554.111456    0.000351  0.000175  ...  0.000012  3.109690e+06  1.733436e+09
1591  1554.112732    0.000082  0.000009  ...  0.000012  2.892380e+06  1.733436e+09

[1592 rows x 13 columns]
CHANNEL_3_1
           cbragg  cbragg_err   credchi  ...  cdelta_n            cL     timestamp
0     1547.165404    0.000105  0.000028  ...  0.000012  7.838626e+06  1.733421e+09
1     1547.154789    0.000104  0.000024  ...  0.000012  7.850499e+06  1.733421e+09
2     1547.165470    0.000102  0.000027  ...  0.000012  7.808257e+06  1.733421e+09
3     1547.154935    0.000104  0.000024  ...  0.000012  7.839535e+06  1.733421e+09
4     1547.165469    0.000105  0.000028  ...  0.000012  7.836237e+06  1.733421e+09
...           ...         ...       ...  ...       ...           ...           ...
1587  1547.159571    0.000104  0.000024  ...  0.000012  7.845644e+06  1.733436e+09
1588  1547.170169    0.000103  0.000027  ...  0.000012  7.847386e+06  1.733436e+09
1589  1547.159545    0.000104  0.000024  ...  0.000012  7.849258e+06  1.733436e+09
1590  1547.170430    0.000106  0.000028  ...  0.000012  7.813494e+06  1.733436e+09
1591  1547.159777    0.000104  0.000024  ...  0.000012  7.853647e+06  1.733436e+09

[1592 rows x 13 columns]
CHANNEL_3_2
           cbragg  cbragg_err   credchi  ...  cdelta_n            cL     timestamp
0     1548.191257    0.000114  0.000049  ...  0.000012  7.826353e+06  1.733421e+09
1     1548.179700    0.000110  0.000031  ...  0.000012  7.903240e+06  1.733421e+09
2     1548.191280    0.000112  0.000048  ...  0.000012  7.825292e+06  1.733421e+09
3     1548.179748    0.000111  0.000031  ...  0.000012  7.894920e+06  1.733421e+09
4     1548.190932    0.000112  0.000048  ...  0.000012  7.827933e+06  1.733421e+09
...           ...         ...       ...  ...       ...           ...           ...
1587  1548.183845    0.000110  0.000030  ...  0.000012  7.900988e+06  1.733436e+09
1588  1548.195589    0.000114  0.000050  ...  0.000012  7.816198e+06  1.733436e+09
1589  1548.183955    0.000136  0.000045  ...  0.000012  7.619480e+06  1.733436e+09
1590  1548.195590    0.000113  0.000048  ...  0.000012  7.808946e+06  1.733436e+09
1591  1548.184000    0.000110  0.000031  ...  0.000012  7.900739e+06  1.733436e+09

[1592 rows x 13 columns]
CHANNEL_3_3
           cbragg  cbragg_err   credchi  ...  cdelta_n            cL     timestamp
0     1549.192598    0.000113  0.000042  ...  0.000012  7.573133e+06  1.733421e+09
1     1549.184811    0.000107  0.000034  ...  0.000012  7.585867e+06  1.733421e+09
2     1549.192661    0.000111  0.000041  ...  0.000012  7.587010e+06  1.733421e+09
3     1549.184810    0.000107  0.000034  ...  0.000012  7.585104e+06  1.733421e+09
4     1549.192405    0.000112  0.000041  ...  0.000012  7.577403e+06  1.733421e+09
...           ...         ...       ...  ...       ...           ...           ...
1587  1549.188807    0.000110  0.000036  ...  0.000012  7.589178e+06  1.733436e+09
1588  1549.197111    0.000109  0.000040  ...  0.000012  7.587755e+06  1.733436e+09
1589  1549.189143    0.000108  0.000034  ...  0.000012  7.586639e+06  1.733436e+09
1590  1549.197012    0.000114  0.000043  ...  0.000012  7.579447e+06  1.733436e+09
1591  1549.189045    0.000108  0.000035  ...  0.000012  7.598401e+06  1.733436e+09

[1592 rows x 13 columns]
CHANNEL_3_4
           cbragg  cbragg_err   credchi  ...  cdelta_n            cL     timestamp
0     1550.174208    0.000094  0.000026  ...  0.000012  7.769213e+06  1.733421e+09
1     1550.164713    0.000097  0.000028  ...  0.000012  7.756970e+06  1.733421e+09
2     1550.174073    0.000093  0.000025  ...  0.000012  7.769210e+06  1.733421e+09
3     1550.164726    0.000097  0.000028  ...  0.000012  7.764213e+06  1.733421e+09
4     1550.174249    0.000093  0.000025  ...  0.000012  7.769906e+06  1.733421e+09
...           ...         ...       ...  ...       ...           ...           ...
1587  1550.169046    0.000095  0.000027  ...  0.000012  7.778802e+06  1.733436e+09
1588  1550.178538    0.000095  0.000026  ...  0.000012  7.771288e+06  1.733436e+09
1589  1550.169050    0.000095  0.000027  ...  0.000012  7.783636e+06  1.733436e+09
1590  1550.178543    0.000095  0.000027  ...  0.000012  7.770025e+06  1.733436e+09
1591  1550.169083    0.000094  0.000026  ...  0.000012  7.763044e+06  1.733436e+09

[1592 rows x 13 columns]
CHANNEL_3_5
           cbragg  cbragg_err   credchi  ...  cdelta_n            cL     timestamp
0     1551.188581    0.000077  0.000021  ...  0.000012  7.634553e+06  1.733421e+09
1     1551.176045    0.000075  0.000015  ...  0.000012  7.703167e+06  1.733421e+09
2     1551.188574    0.000080  0.000022  ...  0.000012  7.641851e+06  1.733421e+09
3     1551.176037    0.000074  0.000015  ...  0.000012  7.713747e+06  1.733421e+09
4     1551.188666    0.000076  0.000020  ...  0.000012  7.659610e+06  1.733421e+09
...           ...         ...       ...  ...       ...           ...           ...
1587  1551.180277    0.000076  0.000015  ...  0.000012  7.697863e+06  1.733436e+09
1588  1551.192915    0.000080  0.000022  ...  0.000012  7.640357e+06  1.733436e+09
1589  1551.180309    0.000076  0.000015  ...  0.000012  7.709686e+06  1.733436e+09
1590  1551.192576    0.000083  0.000024  ...  0.000012  7.626767e+06  1.733436e+09
1591  1551.180132    0.000074  0.000014  ...  0.000012  7.703506e+06  1.733436e+09

[1592 rows x 13 columns]
CHANNEL_3_6
           cbragg  cbragg_err   credchi  ...  cdelta_n            cL     timestamp
0     1552.179564    0.000080  0.000024  ...  0.000012  7.795890e+06  1.733421e+09
1     1552.168198    0.000081  0.000018  ...  0.000012  7.864459e+06  1.733421e+09
2     1552.179330    0.000079  0.000023  ...  0.000012  7.801259e+06  1.733421e+09
3     1552.167984    0.000078  0.000017  ...  0.000012  7.831094e+06  1.733421e+09
4     1552.179556    0.000081  0.000024  ...  0.000012  7.784356e+06  1.733421e+09
...           ...         ...       ...  ...       ...           ...           ...
1587  1552.172449    0.000080  0.000017  ...  0.000012  7.820983e+06  1.733436e+09
1588  1552.183716    0.000085  0.000027  ...  0.000012  7.763534e+06  1.733436e+09
1589  1552.172251    0.000080  0.000017  ...  0.000012  7.802544e+06  1.733436e+09
1590  1552.183682    0.000083  0.000026  ...  0.000012  7.774625e+06  1.733436e+09
1591  1552.172116    0.000081  0.000018  ...  0.000012  7.818140e+06  1.733436e+09

[1592 rows x 13 columns]
CHANNEL_3_7
           cbragg  cbragg_err   credchi  ...  cdelta_n            cL     timestamp
0     1553.202360    0.000086  0.000022  ...  0.000012  7.559244e+06  1.733421e+09
1     1553.194490    0.000110  0.000039  ...  0.000012  7.752007e+06  1.733421e+09
2     1553.202576    0.000088  0.000022  ...  0.000012  7.555031e+06  1.733421e+09
3     1553.194626    0.000085  0.000022  ...  0.000012  7.569815e+06  1.733421e+09
4     1553.202843    0.000087  0.000022  ...  0.000012  7.549076e+06  1.733421e+09
...           ...         ...       ...  ...       ...           ...           ...
1587  1553.198718    0.000084  0.000022  ...  0.000012  7.584137e+06  1.733436e+09
1588  1553.205924    0.000111  0.000037  ...  0.000012  7.751183e+06  1.733436e+09
1589  1553.197944    0.000086  0.000023  ...  0.000012  7.576794e+06  1.733436e+09
1590  1553.206652    0.000086  0.000021  ...  0.000012  7.549100e+06  1.733436e+09
1591  1553.198411    0.000090  0.000025  ...  0.000012  7.655635e+06  1.733436e+09

[1592 rows x 13 columns]
CHANNEL_3_8
           cbragg  cbragg_err   credchi  ...  cdelta_n            cL     timestamp
0     1554.157668    0.000090  0.000022  ...  0.000012  7.632433e+06  1.733421e+09
1     1554.145141    0.000089  0.000017  ...  0.000012  7.668406e+06  1.733421e+09
2     1554.157703    0.000089  0.000022  ...  0.000012  7.645270e+06  1.733421e+09
3     1554.145075    0.000087  0.000016  ...  0.000012  7.668257e+06  1.733421e+09
4     1554.157780    0.000090  0.000022  ...  0.000012  7.620885e+06  1.733421e+09
...           ...         ...       ...  ...       ...           ...           ...
1587  1554.150160    0.000089  0.000017  ...  0.000012  7.668180e+06  1.733436e+09
1588  1554.162550    0.000092  0.000023  ...  0.000012  7.635001e+06  1.733436e+09
1589  1554.149918    0.000087  0.000016  ...  0.000012  7.671274e+06  1.733436e+09
1590  1554.162392    0.000090  0.000021  ...  0.000012  7.647949e+06  1.733436e+09
1591  1554.149798    0.000088  0.000017  ...  0.000012  7.674752e+06  1.733436e+09

[1592 rows x 13 columns]
CHANNEL_3_9
           cbragg  cbragg_err   credchi  ...  cdelta_n            cL     timestamp
0     1555.166409    0.000083  0.000019  ...  0.000012  7.747065e+06  1.733421e+09
1     1555.154632    0.000087  0.000016  ...  0.000012  7.753492e+06  1.733421e+09
2     1555.166502    0.000083  0.000018  ...  0.000012  7.730931e+06  1.733421e+09
3     1555.154812    0.000084  0.000014  ...  0.000012  7.761554e+06  1.733421e+09
4     1555.166503    0.000084  0.000019  ...  0.000012  7.727935e+06  1.733421e+09
...           ...         ...       ...  ...       ...           ...           ...
1587  1555.159673    0.000085  0.000015  ...  0.000012  7.757173e+06  1.733436e+09
1588  1555.170953    0.000086  0.000019  ...  0.000012  7.739510e+06  1.733436e+09
1589  1555.159315    0.000085  0.000015  ...  0.000012  7.756910e+06  1.733436e+09
1590  1555.170980    0.000085  0.000019  ...  0.000012  7.731034e+06  1.733436e+09
1591  1555.159466    0.000085  0.000015  ...  0.000012  7.770273e+06  1.733436e+09

[1592 rows x 13 columns]
CHANNEL_3_10
           cbragg  cbragg_err   credchi  ...  cdelta_n            cL     timestamp
0     1556.176994    0.000102  0.000021  ...  0.000012  7.799701e+06  1.733421e+09
1     1556.168060    0.000100  0.000022  ...  0.000012  7.770572e+06  1.733421e+09
2     1556.176972    0.000104  0.000021  ...  0.000012  7.778572e+06  1.733421e+09
3     1556.167905    0.000101  0.000023  ...  0.000012  7.736500e+06  1.733421e+09
4     1556.176951    0.000103  0.000021  ...  0.000012  7.798595e+06  1.733421e+09
...           ...         ...       ...  ...       ...           ...           ...
1587  1556.172609    0.000105  0.000025  ...  0.000012  7.774865e+06  1.733436e+09
1588  1556.181502    0.000102  0.000021  ...  0.000012  7.794946e+06  1.733436e+09
1589  1556.172627    0.000104  0.000024  ...  0.000012  7.759285e+06  1.733436e+09
1590  1556.181400    0.000105  0.000022  ...  0.000012  7.738989e+06  1.733436e+09
1591  1556.172396    0.000103  0.000024  ...  0.000012  7.782645e+06  1.733436e+09

[1592 rows x 13 columns]
CHANNEL_3_11
           cbragg  cbragg_err   credchi  ...  cdelta_n            cL     timestamp
0     1557.151683    0.000121  0.000041  ...  0.000012  7.960898e+06  1.733421e+09
1     1557.139310    0.000120  0.000032  ...  0.000012  8.009801e+06  1.733421e+09
2     1557.151724    0.000121  0.000042  ...  0.000012  7.981737e+06  1.733421e+09
3     1557.139548    0.000121  0.000033  ...  0.000012  8.002888e+06  1.733421e+09
4     1557.151384    0.000122  0.000042  ...  0.000012  7.940113e+06  1.733421e+09
...           ...         ...       ...  ...       ...           ...           ...
1587  1557.143925    0.000120  0.000032  ...  0.000012  8.005540e+06  1.733436e+09
1588  1557.156193    0.000123  0.000043  ...  0.000012  7.978761e+06  1.733436e+09
1589  1557.144064    0.000181  0.000066  ...  0.000012  7.548618e+06  1.733436e+09
1590  1557.156353    0.000122  0.000043  ...  0.000012  7.965274e+06  1.733436e+09
1591  1557.144002    0.000119  0.000031  ...  0.000012  7.999681e+06  1.733436e+09

[1592 rows x 13 columns]
CHANNEL_3_12
           cbragg  cbragg_err   credchi  ...  cdelta_n            cL     timestamp
0     1558.140995    0.000090  0.000023  ...  0.000012  7.836168e+06  1.733421e+09
1     1558.129136    0.000092  0.000016  ...  0.000012  7.882637e+06  1.733421e+09
2     1558.141030    0.000090  0.000023  ...  0.000012  7.835809e+06  1.733421e+09
3     1558.129231    0.000091  0.000016  ...  0.000012  7.882360e+06  1.733421e+09
4     1558.141127    0.000091  0.000023  ...  0.000012  7.827982e+06  1.733421e+09
...           ...         ...       ...  ...       ...           ...           ...
1587  1558.133480    0.000093  0.000016  ...  0.000012  7.811941e+06  1.733436e+09
1588  1558.145532    0.000092  0.000023  ...  0.000012  7.831184e+06  1.733436e+09
1589  1558.133751    0.000093  0.000017  ...  0.000012  7.870685e+06  1.733436e+09
1590  1558.145624    0.000093  0.000024  ...  0.000012  7.826705e+06  1.733436e+09
1591  1558.133927    0.000093  0.000016  ...  0.000012  7.863427e+06  1.733436e+09

[1592 rows x 13 columns]
CHANNEL_3_13
           cbragg  cbragg_err   credchi  ...  cdelta_n            cL     timestamp
0     1559.141859    0.000094  0.000021  ...  0.000012  7.573078e+06  1.733421e+09
1     1559.131031    0.000093  0.000017  ...  0.000012  7.592356e+06  1.733421e+09
2     1559.141827    0.000091  0.000021  ...  0.000012  7.577630e+06  1.733421e+09
3     1559.131273    0.000095  0.000018  ...  0.000012  7.623783e+06  1.733421e+09
4     1559.142109    0.000092  0.000021  ...  0.000012  7.574188e+06  1.733421e+09
...           ...         ...       ...  ...       ...           ...           ...
1587  1559.135694    0.000094  0.000017  ...  0.000012  7.598238e+06  1.733436e+09
1588  1559.146579    0.000093  0.000021  ...  0.000012  7.580754e+06  1.733436e+09
1589  1559.135914    0.000093  0.000017  ...  0.000012  7.565870e+06  1.733436e+09
1590  1559.146458    0.000090  0.000020  ...  0.000012  7.578031e+06  1.733436e+09
1591  1559.135879    0.000090  0.000016  ...  0.000012  7.599997e+06  1.733436e+09

[1592 rows x 13 columns]
CHANNEL_3_14
           cbragg  cbragg_err   credchi  ...  cdelta_n            cL     timestamp
0     1560.125017    0.000114  0.000035  ...  0.000012  7.807752e+06  1.733421e+09
1     1560.114378    0.000112  0.000029  ...  0.000012  7.857855e+06  1.733421e+09
2     1560.125011    0.000112  0.000033  ...  0.000012  7.812855e+06  1.733421e+09
3     1560.114400    0.000112  0.000029  ...  0.000012  7.869579e+06  1.733421e+09
4     1560.125103    0.000112  0.000033  ...  0.000012  7.861223e+06  1.733421e+09
...           ...         ...       ...  ...       ...           ...           ...
1587  1560.118942    0.000112  0.000029  ...  0.000012  7.856841e+06  1.733436e+09
1588  1560.129659    0.000112  0.000034  ...  0.000012  7.872847e+06  1.733436e+09
1589  1560.119261    0.000140  0.000043  ...  0.000012  7.576283e+06  1.733436e+09
1590  1560.129597    0.000114  0.000034  ...  0.000012  7.865270e+06  1.733436e+09
1591  1560.119037    0.000112  0.000029  ...  0.000012  7.872316e+06  1.733436e+09

[1592 rows x 13 columns]
