000 (11451992.553.000) 01/28 14:31:49 Job submitted from host: <188.185.114.121:9618?addrs=188.185.114.121-9618+[2001-1458-d00-a--100-273]-9618&alias=bigbird19.cern.ch&noUDP&sock=schedd_2045_4743>
...
040 (11451992.553.000) 01/28 16:52:48 Started transferring input files
	Transferring to host: <188.185.196.80:9618?addrs=188.185.196.80-9618+[2001-1458-303-23--100-4c]-9618&alias=b9p16p2593.cern.ch&noUDP&sock=slot1_28_1553396_c239_50226>
...
040 (11451992.553.000) 01/28 16:52:48 Finished transferring input files
...
001 (11451992.553.000) 01/28 16:52:49 Job executing on host: <188.185.196.80:9618?addrs=188.185.196.80-9618+[2001-1458-303-23--100-4c]-9618&alias=b9p16p2593.cern.ch&noUDP&sock=startd_7118_ef36>
	SlotName: slot1_28@b9p16p2593.cern.ch
	CondorScratchDir = "/pool/condor/dir_2476555"
	Cpus = 1
	Disk = 3768
	GPUs = 0
	Memory = 3000
...
006 (11451992.553.000) 01/28 16:52:58 Image size of job updated: 87060
	86  -  MemoryUsage of job (MB)
	87060  -  ResidentSetSize of job (KB)
...
040 (11451992.553.000) 01/28 16:53:04 Started transferring output files
...
040 (11451992.553.000) 01/28 16:53:04 Finished transferring output files
...
005 (11451992.553.000) 01/28 16:53:04 Job terminated.
	(1) Normal termination (return value 0)
		Usr 0 00:00:13, Sys 0 00:00:00  -  Run Remote Usage
		Usr 0 00:00:00, Sys 0 00:00:00  -  Run Local Usage
		Usr 0 00:00:13, Sys 0 00:00:00  -  Total Remote Usage
		Usr 0 00:00:00, Sys 0 00:00:00  -  Total Local Usage
	14886  -  Run Bytes Sent By Job
	5797  -  Run Bytes Received By Job
	14886  -  Total Bytes Sent By Job
	5797  -  Total Bytes Received By Job
	Partitionable Resources :    Usage  Request Allocated 
	   Cpus                 :                 1         1 
	   Disk (KB)            :       35       10      3768 
	   GPUs                 :                           0 
	   Memory (MB)          :       86     3000      3000 

	Job terminated of its own accord at 2025-01-28T15:53:04Z with exit-code 0.
...
