000 (11451992.045.000) 01/28 14:31:48 Job submitted from host: <188.185.114.121:9618?addrs=188.185.114.121-9618+[2001-1458-d00-a--100-273]-9618&alias=bigbird19.cern.ch&noUDP&sock=schedd_2045_4743>
...
040 (11451992.045.000) 01/28 14:36:09 Started transferring input files
	Transferring to host: <188.185.193.161:9618?addrs=188.185.193.161-9618+[2001-1458-303-20--100-9d]-9618&alias=b9p19p2854.cern.ch&noUDP&sock=slot1_21_2510461_a1a0_77471>
...
040 (11451992.045.000) 01/28 14:36:09 Finished transferring input files
...
001 (11451992.045.000) 01/28 14:36:10 Job executing on host: <188.185.193.161:9618?addrs=188.185.193.161-9618+[2001-1458-303-20--100-9d]-9618&alias=b9p19p2854.cern.ch&noUDP&sock=startd_2507_2c05>
	SlotName: slot1_21@b9p19p2854.cern.ch
	CondorScratchDir = "/pool/condor/dir_2474485"
	Cpus = 1
	Disk = 3891
	GPUs = 0
	Memory = 3000
...
006 (11451992.045.000) 01/28 14:36:19 Image size of job updated: 1800
	2  -  MemoryUsage of job (MB)
	1800  -  ResidentSetSize of job (KB)
...
006 (11451992.045.000) 01/28 14:41:20 Image size of job updated: 158616
	155  -  MemoryUsage of job (MB)
	158616  -  ResidentSetSize of job (KB)
...
006 (11451992.045.000) 01/28 14:46:21 Image size of job updated: 161212
	158  -  MemoryUsage of job (MB)
	161212  -  ResidentSetSize of job (KB)
...
006 (11451992.045.000) 01/28 14:51:21 Image size of job updated: 164000
	161  -  MemoryUsage of job (MB)
	164000  -  ResidentSetSize of job (KB)
...
006 (11451992.045.000) 01/28 14:56:22 Image size of job updated: 167036
	164  -  MemoryUsage of job (MB)
	167036  -  ResidentSetSize of job (KB)
...
006 (11451992.045.000) 01/28 15:01:23 Image size of job updated: 170368
	167  -  MemoryUsage of job (MB)
	170368  -  ResidentSetSize of job (KB)
...
006 (11451992.045.000) 01/28 15:06:23 Image size of job updated: 173040
	169  -  MemoryUsage of job (MB)
	173040  -  ResidentSetSize of job (KB)
...
006 (11451992.045.000) 01/28 15:11:23 Image size of job updated: 175976
	172  -  MemoryUsage of job (MB)
	175976  -  ResidentSetSize of job (KB)
...
006 (11451992.045.000) 01/28 15:16:24 Image size of job updated: 178792
	175  -  MemoryUsage of job (MB)
	178792  -  ResidentSetSize of job (KB)
...
006 (11451992.045.000) 01/28 15:21:24 Image size of job updated: 184028
	180  -  MemoryUsage of job (MB)
	184028  -  ResidentSetSize of job (KB)
...
006 (11451992.045.000) 01/28 15:26:24 Image size of job updated: 187884
	184  -  MemoryUsage of job (MB)
	187884  -  ResidentSetSize of job (KB)
...
006 (11451992.045.000) 01/28 15:31:25 Image size of job updated: 190784
	187  -  MemoryUsage of job (MB)
	190784  -  ResidentSetSize of job (KB)
...
006 (11451992.045.000) 01/28 15:36:25 Image size of job updated: 193612
	190  -  MemoryUsage of job (MB)
	193612  -  ResidentSetSize of job (KB)
...
006 (11451992.045.000) 01/28 15:41:25 Image size of job updated: 197200
	193  -  MemoryUsage of job (MB)
	197200  -  ResidentSetSize of job (KB)
...
006 (11451992.045.000) 01/28 15:46:26 Image size of job updated: 199992
	196  -  MemoryUsage of job (MB)
	199992  -  ResidentSetSize of job (KB)
...
006 (11451992.045.000) 01/28 15:51:26 Image size of job updated: 207472
	203  -  MemoryUsage of job (MB)
	207472  -  ResidentSetSize of job (KB)
...
006 (11451992.045.000) 01/28 15:56:26 Image size of job updated: 215652
	211  -  MemoryUsage of job (MB)
	215652  -  ResidentSetSize of job (KB)
...
006 (11451992.045.000) 01/28 16:01:27 Image size of job updated: 218640
	214  -  MemoryUsage of job (MB)
	218640  -  ResidentSetSize of job (KB)
...
006 (11451992.045.000) 01/28 16:06:28 Image size of job updated: 219920
	215  -  MemoryUsage of job (MB)
	219920  -  ResidentSetSize of job (KB)
...
006 (11451992.045.000) 01/28 16:11:28 Image size of job updated: 225004
	220  -  MemoryUsage of job (MB)
	225004  -  ResidentSetSize of job (KB)
...
006 (11451992.045.000) 01/28 16:16:29 Image size of job updated: 230940
	226  -  MemoryUsage of job (MB)
	230940  -  ResidentSetSize of job (KB)
...
006 (11451992.045.000) 01/28 16:21:30 Image size of job updated: 237004
	232  -  MemoryUsage of job (MB)
	237004  -  ResidentSetSize of job (KB)
...
006 (11451992.045.000) 01/28 16:26:30 Image size of job updated: 239916
	235  -  MemoryUsage of job (MB)
	239916  -  ResidentSetSize of job (KB)
...
006 (11451992.045.000) 01/28 16:31:30 Image size of job updated: 242736
	238  -  MemoryUsage of job (MB)
	242736  -  ResidentSetSize of job (KB)
...
006 (11451992.045.000) 01/28 16:36:31 Image size of job updated: 245584
	240  -  MemoryUsage of job (MB)
	245584  -  ResidentSetSize of job (KB)
...
006 (11451992.045.000) 01/28 16:41:31 Image size of job updated: 248064
	243  -  MemoryUsage of job (MB)
	248064  -  ResidentSetSize of job (KB)
...
006 (11451992.045.000) 01/28 16:46:31 Image size of job updated: 250640
	245  -  MemoryUsage of job (MB)
	250640  -  ResidentSetSize of job (KB)
...
006 (11451992.045.000) 01/28 16:51:32 Image size of job updated: 253228
	248  -  MemoryUsage of job (MB)
	253228  -  ResidentSetSize of job (KB)
...
006 (11451992.045.000) 01/28 16:56:33 Image size of job updated: 255032
	250  -  MemoryUsage of job (MB)
	255032  -  ResidentSetSize of job (KB)
...
006 (11451992.045.000) 01/28 17:01:33 Image size of job updated: 257032
	252  -  MemoryUsage of job (MB)
	257032  -  ResidentSetSize of job (KB)
...
006 (11451992.045.000) 01/28 17:06:34 Image size of job updated: 258932
	253  -  MemoryUsage of job (MB)
	258932  -  ResidentSetSize of job (KB)
...
006 (11451992.045.000) 01/28 17:11:35 Image size of job updated: 260896
	255  -  MemoryUsage of job (MB)
	260896  -  ResidentSetSize of job (KB)
...
006 (11451992.045.000) 01/28 17:16:35 Image size of job updated: 263024
	257  -  MemoryUsage of job (MB)
	263024  -  ResidentSetSize of job (KB)
...
040 (11451992.045.000) 01/28 17:27:16 Started transferring output files
...
040 (11451992.045.000) 01/28 17:27:16 Finished transferring output files
...
005 (11451992.045.000) 01/28 17:27:16 Job terminated.
	(1) Normal termination (return value 0)
		Usr 0 02:36:37, Sys 0 00:01:21  -  Run Remote Usage
		Usr 0 00:00:00, Sys 0 00:00:00  -  Run Local Usage
		Usr 0 02:36:37, Sys 0 00:01:21  -  Total Remote Usage
		Usr 0 00:00:00, Sys 0 00:00:00  -  Total Local Usage
	40692  -  Run Bytes Sent By Job
	5797  -  Run Bytes Received By Job
	40692  -  Total Bytes Sent By Job
	5797  -  Total Bytes Received By Job
	Partitionable Resources :    Usage  Request Allocated 
	   Cpus                 :     0.99        1         1 
	   Disk (KB)            :    68          10      3891 
	   GPUs                 :                           0 
	   Memory (MB)          :   257        3000      3000 

	Job terminated of its own accord at 2025-01-28T16:27:16Z with exit-code 0.
...
