000 (11451992.468.000) 01/28 14:31:49 Job submitted from host: <188.185.114.121:9618?addrs=188.185.114.121-9618+[2001-1458-d00-a--100-273]-9618&alias=bigbird19.cern.ch&noUDP&sock=schedd_2045_4743>
...
040 (11451992.468.000) 01/28 16:26:47 Started transferring input files
	Transferring to host: <188.185.192.146:9618?addrs=188.185.192.146-9618+[2001-1458-303-1f--100-8e]-9618&alias=b9p13p0146.cern.ch&noUDP&sock=slot1_48_3276984_6d83_63146>
...
040 (11451992.468.000) 01/28 16:26:47 Finished transferring input files
...
001 (11451992.468.000) 01/28 16:26:48 Job executing on host: <188.185.192.146:9618?addrs=188.185.192.146-9618+[2001-1458-303-1f--100-8e]-9618&alias=b9p13p0146.cern.ch&noUDP&sock=startd_128097_7740>
	SlotName: slot1_48@b9p13p0146.cern.ch
	CondorScratchDir = "/pool/condor/dir_3958560"
	Cpus = 1
	Disk = 2954558
	Memory = 3000
...
006 (11451992.468.000) 01/28 16:26:57 Image size of job updated: 1
	0  -  MemoryUsage of job (MB)
	0  -  ResidentSetSize of job (KB)
...
006 (11451992.468.000) 01/28 16:27:39 Image size of job updated: 194848
	105  -  MemoryUsage of job (MB)
	107444  -  ResidentSetSize of job (KB)
...
040 (11451992.468.000) 01/28 16:27:39 Started transferring output files
...
040 (11451992.468.000) 01/28 16:27:39 Finished transferring output files
...
005 (11451992.468.000) 01/28 16:27:39 Job terminated.
	(1) Normal termination (return value 0)
		Usr 0 00:00:13, Sys 0 00:00:01  -  Run Remote Usage
		Usr 0 00:00:00, Sys 0 00:00:00  -  Run Local Usage
		Usr 0 00:00:13, Sys 0 00:00:01  -  Total Remote Usage
		Usr 0 00:00:00, Sys 0 00:00:00  -  Total Local Usage
	14886  -  Run Bytes Sent By Job
	5797  -  Run Bytes Received By Job
	14886  -  Total Bytes Sent By Job
	5797  -  Total Bytes Received By Job
	Partitionable Resources :    Usage  Request Allocated 
	   Cpus                 :     0.08        1         1 
	   Disk (KB)            :    42          10   2954558 
	   Memory (MB)          :   105        3000      3000 

	Job terminated of its own accord at 2025-01-28T15:27:39Z with exit-code 0.
...
