000 (11451992.301.000) 01/28 14:31:49 Job submitted from host: <188.185.114.121:9618?addrs=188.185.114.121-9618+[2001-1458-d00-a--100-273]-9618&alias=bigbird19.cern.ch&noUDP&sock=schedd_2045_4743>
...
040 (11451992.301.000) 01/28 14:41:44 Started transferring input files
	Transferring to host: <188.185.193.89:9618?addrs=188.185.193.89-9618+[2001-1458-303-20--100-55]-9618&alias=b9p19p9121.cern.ch&noUDP&sock=slot1_43_7401_6c86_62984>
...
040 (11451992.301.000) 01/28 14:41:44 Finished transferring input files
...
001 (11451992.301.000) 01/28 14:41:45 Job executing on host: <188.185.193.89:9618?addrs=188.185.193.89-9618+[2001-1458-303-20--100-55]-9618&alias=b9p19p9121.cern.ch&noUDP&sock=startd_128689_8751>
	SlotName: slot1_43@b9p19p9121.cern.ch
	CondorScratchDir = "/pool/condor/dir_2258584"
	Cpus = 1
	Disk = 2927453
	Memory = 3000
...
006 (11451992.301.000) 01/28 14:41:53 Image size of job updated: 1
	0  -  MemoryUsage of job (MB)
	0  -  ResidentSetSize of job (KB)
...
006 (11451992.301.000) 01/28 14:42:29 Image size of job updated: 84720
	3  -  MemoryUsage of job (MB)
	2828  -  ResidentSetSize of job (KB)
...
040 (11451992.301.000) 01/28 14:42:29 Started transferring output files
...
040 (11451992.301.000) 01/28 14:42:29 Finished transferring output files
...
005 (11451992.301.000) 01/28 14:42:29 Job terminated.
	(1) Normal termination (return value 0)
		Usr 0 00:00:17, Sys 0 00:00:00  -  Run Remote Usage
		Usr 0 00:00:00, Sys 0 00:00:00  -  Run Local Usage
		Usr 0 00:00:17, Sys 0 00:00:00  -  Total Remote Usage
		Usr 0 00:00:00, Sys 0 00:00:00  -  Total Local Usage
	14880  -  Run Bytes Sent By Job
	5797  -  Run Bytes Received By Job
	14880  -  Total Bytes Sent By Job
	5797  -  Total Bytes Received By Job
	Partitionable Resources :    Usage  Request Allocated 
	   Cpus                 :                 1         1 
	   Disk (KB)            :       35       10   2927453 
	   Memory (MB)          :        3     3000      3000 

	Job terminated of its own accord at 2025-01-28T13:42:29Z with exit-code 0.
...
