CHANNEL_0_1
        cbragg  cbragg_err   credchi  ...  cdelta_n            cL     timestamp
0  1544.231182    0.000102  0.000041  ...  0.000012  7.711541e+06  1.737882e+09
1  1544.232996    0.000123  0.000054  ...  0.000012  7.641721e+06  1.737882e+09

[2 rows x 13 columns]
CHANNEL_0_2
        cbragg  cbragg_err   credchi  ...  cdelta_n            cL     timestamp
0  1545.185635    0.000090  0.000017  ...  0.000012  7.701978e+06  1.737882e+09
1  1545.186539    0.000088  0.000015  ...  0.000012  7.685763e+06  1.737882e+09

[2 rows x 13 columns]
CHANNEL_0_3
        cbragg  cbragg_err   credchi  ...  cdelta_n            cL     timestamp
0  1546.171441    0.000125  0.000061  ...  0.000012  7.816375e+06  1.737882e+09
1  1546.169719    0.000113  0.000049  ...  0.000012  7.606987e+06  1.737882e+09

[2 rows x 13 columns]
CHANNEL_0_4
        cbragg  cbragg_err   credchi  ...  cdelta_n            cL     timestamp
0  1547.163499    0.000116  0.000056  ...  0.000012  7.840115e+06  1.737882e+09
1  1547.164860    0.000120  0.000049  ...  0.000012  7.828842e+06  1.737882e+09

[2 rows x 13 columns]
CHANNEL_0_5
        cbragg  cbragg_err   credchi  ...  cdelta_n            cL     timestamp
0  1548.137616    0.000096  0.000034  ...  0.000012  7.693089e+06  1.737882e+09
1  1548.141308    0.000092  0.000048  ...  0.000012  7.633025e+06  1.737882e+09

[2 rows x 13 columns]
CHANNEL_0_6
        cbragg  cbragg_err   credchi  ...  cdelta_n            cL     timestamp
0  1549.124098    0.000083  0.000045  ...  0.000012  7.453448e+06  1.737882e+09
1  1549.116341    0.000078  0.000024  ...  0.000012  7.529470e+06  1.737882e+09

[2 rows x 13 columns]
CHANNEL_0_7
        cbragg  cbragg_err   credchi  ...  cdelta_n            cL     timestamp
0  1550.119314    0.000119  0.000042  ...  0.000012  7.600747e+06  1.737882e+09
1  1550.124135    0.000117  0.000048  ...  0.000012  7.640544e+06  1.737882e+09

[2 rows x 13 columns]
CHANNEL_0_8
        cbragg  cbragg_err   credchi  ...  cdelta_n            cL     timestamp
0  1551.095479    0.000073  0.000016  ...  0.000012  7.603902e+06  1.737882e+09
1  1551.095758    0.000076  0.000021  ...  0.000012  7.664346e+06  1.737882e+09

[2 rows x 13 columns]
CHANNEL_0_9
        cbragg  cbragg_err   credchi  ...  cdelta_n            cL     timestamp
0  1552.080761    0.000087  0.000025  ...  0.000012  7.683189e+06  1.737882e+09
1  1552.076384    0.000090  0.000018  ...  0.000012  7.691550e+06  1.737882e+09

[2 rows x 13 columns]
CHANNEL_0_10
        cbragg  cbragg_err   credchi  ...  cdelta_n            cL     timestamp
0  1553.081620    0.000093  0.000019  ...  0.000012  7.695195e+06  1.737882e+09
1  1553.085136    0.000090  0.000020  ...  0.000012  7.717640e+06  1.737882e+09

[2 rows x 13 columns]
CHANNEL_0_11
        cbragg  cbragg_err   credchi  ...  cdelta_n            cL     timestamp
0  1554.096189    0.000068  0.000011  ...  0.000012  7.630328e+06  1.737882e+09
1  1554.089635    0.000074  0.000010  ...  0.000012  7.606609e+06  1.737882e+09

[2 rows x 13 columns]
CHANNEL_0_12
        cbragg  cbragg_err   credchi  ...  cdelta_n            cL     timestamp
0  1555.117450    0.000111  0.000049  ...  0.000012  7.532608e+06  1.737882e+09
1  1555.116055    0.000114  0.000042  ...  0.000012  7.549960e+06  1.737882e+09

[2 rows x 13 columns]
CHANNEL_0_13
        cbragg  cbragg_err   credchi  ...  cdelta_n            cL     timestamp
0  1556.091258    0.000145  0.000037  ...  0.000012  7.691562e+06  1.737882e+09
1  1556.091879    0.000136  0.000044  ...  0.000012  7.639149e+06  1.737882e+09

[2 rows x 13 columns]
CHANNEL_0_14
        cbragg  cbragg_err   credchi  ...  cdelta_n            cL     timestamp
0  1557.065812    0.000097  0.000043  ...  0.000012  7.640926e+06  1.737882e+09
1  1557.058950    0.000093  0.000021  ...  0.000012  7.717996e+06  1.737882e+09

[2 rows x 13 columns]
CHANNEL_1_1
        cbragg  cbragg_err   credchi  ...  cdelta_n            cL     timestamp
0  1555.129694    0.000697  0.000239  ...  0.000012  2.298985e+06  1.737882e+09
1  1555.132638    0.000266  0.000051  ...  0.000012  2.506635e+06  1.737882e+09

[2 rows x 13 columns]
CHANNEL_1_2
        cbragg  cbragg_err   credchi  ...  cdelta_n            cL     timestamp
0  1558.277880    0.000343  0.000204  ...  0.000012  3.007595e+06  1.737882e+09
1  1558.281308    0.000243  0.000095  ...  0.000012  2.935902e+06  1.737882e+09

[2 rows x 13 columns]
CHANNEL_1_3
        cbragg  cbragg_err   credchi  ...  cdelta_n            cL     timestamp
0  1561.095089    0.000872  0.002134  ...  0.000012  3.583706e+06  1.737882e+09
1  1561.092231    0.000038  0.000002  ...  0.000012  2.932808e+06  1.737882e+09

[2 rows x 13 columns]
CHANNEL_2_1
        cbragg  cbragg_err   credchi  ...  cdelta_n            cL     timestamp
0  1542.580325    0.000099  0.000004  ...  0.000012  2.746500e+06  1.737882e+09
1  1542.580076    0.000065  0.000004  ...  0.000012  2.749284e+06  1.737882e+09

[2 rows x 13 columns]
CHANNEL_2_2
        cbragg  cbragg_err   credchi  ...  cdelta_n            cL     timestamp
0  1546.015353    0.000147  0.000017  ...  0.000012  2.676139e+06  1.737882e+09
1  1546.016443    0.001280  0.002970  ...  0.000012  3.602463e+06  1.737882e+09

[2 rows x 13 columns]
CHANNEL_2_3
        cbragg  cbragg_err   credchi  ...  cdelta_n            cL     timestamp
0  1548.609147    0.000883  0.001343  ...  0.000012  3.532452e+06  1.737882e+09
1  1548.610547    0.000737  0.000896  ...  0.000012  3.396702e+06  1.737882e+09

[2 rows x 13 columns]
CHANNEL_3_1
        cbragg  cbragg_err   credchi  ...  cdelta_n            cL     timestamp
0  1543.640633    0.000102  0.000022  ...  0.000012  7.852638e+06  1.737882e+09
1  1543.627704    0.000102  0.000014  ...  0.000012  7.910490e+06  1.737882e+09

[2 rows x 13 columns]
CHANNEL_3_2
        cbragg  cbragg_err   credchi  ...  cdelta_n            cL     timestamp
0  1544.666162    0.000169  0.000029  ...  0.000012  7.867355e+06  1.737882e+09
1  1544.659215    0.000112  0.000033  ...  0.000012  7.820240e+06  1.737882e+09

[2 rows x 13 columns]
CHANNEL_3_3
        cbragg  cbragg_err   credchi  ...  cdelta_n            cL     timestamp
0  1545.664807    0.000109  0.000035  ...  0.000012  7.609005e+06  1.737882e+09
1  1545.656208    0.000153  0.000045  ...  0.000012  7.318087e+06  1.737882e+09

[2 rows x 13 columns]
CHANNEL_3_4
        cbragg  cbragg_err   credchi  ...  cdelta_n            cL     timestamp
0  1546.638404    0.000095  0.000023  ...  0.000012  7.783702e+06  1.737882e+09
1  1546.628086    0.000093  0.000019  ...  0.000012  7.775334e+06  1.737882e+09

[2 rows x 13 columns]
CHANNEL_3_5
        cbragg  cbragg_err   credchi  ...  cdelta_n            cL     timestamp
0  1547.653657    0.000078  0.000014  ...  0.000012  7.618939e+06  1.737882e+09
1  1547.651617    0.000078  0.000015  ...  0.000012  7.596980e+06  1.737882e+09

[2 rows x 13 columns]
CHANNEL_3_6
        cbragg  cbragg_err   credchi  ...  cdelta_n            cL     timestamp
0  1548.643939    0.000077  0.000019  ...  0.000012  7.801489e+06  1.737882e+09
1  1548.632203    0.000073  0.000010  ...  0.000012  7.900919e+06  1.737882e+09

[2 rows x 13 columns]
CHANNEL_3_7
        cbragg  cbragg_err   credchi  ...  cdelta_n            cL     timestamp
0  1549.657804    0.000087  0.000013  ...  0.000012  7.577628e+06  1.737882e+09
1  1549.659099    0.000084  0.000020  ...  0.000012  7.525049e+06  1.737882e+09

[2 rows x 13 columns]
CHANNEL_3_8
        cbragg  cbragg_err   credchi  ...  cdelta_n            cL     timestamp
0  1550.614890    0.000090  0.000019  ...  0.000012  7.586451e+06  1.737882e+09
1  1550.605825    0.000088  0.000011  ...  0.000012  7.714913e+06  1.737882e+09

[2 rows x 13 columns]
CHANNEL_3_9
        cbragg  cbragg_err   credchi  ...  cdelta_n            cL     timestamp
0  1551.609224    0.000094  0.000013  ...  0.000012  7.707554e+06  1.737882e+09
1  1551.606797    0.000088  0.000016  ...  0.000012  7.674807e+06  1.737882e+09

[2 rows x 13 columns]
CHANNEL_3_10
        cbragg  cbragg_err   credchi  ...  cdelta_n            cL     timestamp
0  1552.617872    0.000104  0.000018  ...  0.000012  7.762230e+06  1.737882e+09
1  1552.611197    0.000105  0.000015  ...  0.000012  7.786854e+06  1.737882e+09

[2 rows x 13 columns]
CHANNEL_3_11
        cbragg  cbragg_err   credchi  ...  cdelta_n            cL     timestamp
0  1553.587077    0.000123  0.000034  ...  0.000012  7.981642e+06  1.737882e+09
1  1553.576529    0.000123  0.000027  ...  0.000012  7.954449e+06  1.737882e+09

[2 rows x 13 columns]
CHANNEL_3_12
        cbragg  cbragg_err   credchi  ...  cdelta_n            cL     timestamp
0  1554.560295    0.000095  0.000017  ...  0.000012  7.822827e+06  1.737882e+09
1  1554.555952    0.000093  0.000013  ...  0.000012  7.847215e+06  1.737882e+09

[2 rows x 13 columns]
CHANNEL_3_13
        cbragg  cbragg_err   credchi  ...  cdelta_n            cL     timestamp
0  1555.568303    0.000089  0.000012  ...  0.000012  7.634722e+06  1.737882e+09
1  1555.562614    0.000087  0.000013  ...  0.000012  7.579689e+06  1.737882e+09

[2 rows x 13 columns]
CHANNEL_3_14
        cbragg  cbragg_err   credchi  ...  cdelta_n            cL     timestamp
0  1556.522471    0.000179  0.000070  ...  0.000012  7.737512e+06  1.737882e+09
1  1556.516198    0.000180  0.000045  ...  0.000012  7.805504e+06  1.737882e+09

[2 rows x 13 columns]
