000 (11451992.035.000) 01/28 14:31:48 Job submitted from host: <188.185.114.121:9618?addrs=188.185.114.121-9618+[2001-1458-d00-a--100-273]-9618&alias=bigbird19.cern.ch&noUDP&sock=schedd_2045_4743>
...
040 (11451992.035.000) 01/28 14:36:06 Started transferring input files
	Transferring to host: <128.142.248.82:9618?addrs=128.142.248.82-9618+[2001-1458-301-73--100-142]-9618&alias=b9g23p0904.cern.ch&noUDP&sock=slot1_10_4126_e3e1_85105>
...
040 (11451992.035.000) 01/28 14:36:06 Finished transferring input files
...
001 (11451992.035.000) 01/28 14:36:07 Job executing on host: <128.142.248.82:9618?addrs=128.142.248.82-9618+[2001-1458-301-73--100-142]-9618&alias=b9g23p0904.cern.ch&noUDP&sock=startd_3544_77bb>
	SlotName: slot1_10@b9g23p0904.cern.ch
	CondorScratchDir = "/pool/condor/dir_2907602"
	Cpus = 1
	Disk = 3799
	GPUs = 0
	Memory = 3000
...
006 (11451992.035.000) 01/28 14:36:16 Image size of job updated: 22132
	22  -  MemoryUsage of job (MB)
	22132  -  ResidentSetSize of job (KB)
...
006 (11451992.035.000) 01/28 14:41:17 Image size of job updated: 156984
	154  -  MemoryUsage of job (MB)
	156984  -  ResidentSetSize of job (KB)
...
006 (11451992.035.000) 01/28 14:46:18 Image size of job updated: 160332
	157  -  MemoryUsage of job (MB)
	160332  -  ResidentSetSize of job (KB)
...
006 (11451992.035.000) 01/28 14:51:18 Image size of job updated: 163132
	160  -  MemoryUsage of job (MB)
	163132  -  ResidentSetSize of job (KB)
...
006 (11451992.035.000) 01/28 14:56:18 Image size of job updated: 166496
	163  -  MemoryUsage of job (MB)
	166496  -  ResidentSetSize of job (KB)
...
006 (11451992.035.000) 01/28 15:01:19 Image size of job updated: 169324
	166  -  MemoryUsage of job (MB)
	169324  -  ResidentSetSize of job (KB)
...
006 (11451992.035.000) 01/28 15:06:19 Image size of job updated: 172776
	169  -  MemoryUsage of job (MB)
	172776  -  ResidentSetSize of job (KB)
...
006 (11451992.035.000) 01/28 15:11:19 Image size of job updated: 176404
	173  -  MemoryUsage of job (MB)
	176404  -  ResidentSetSize of job (KB)
...
006 (11451992.035.000) 01/28 15:16:20 Image size of job updated: 178976
	175  -  MemoryUsage of job (MB)
	178976  -  ResidentSetSize of job (KB)
...
006 (11451992.035.000) 01/28 15:21:21 Image size of job updated: 182640
	179  -  MemoryUsage of job (MB)
	182640  -  ResidentSetSize of job (KB)
...
006 (11451992.035.000) 01/28 15:26:21 Image size of job updated: 185896
	182  -  MemoryUsage of job (MB)
	185896  -  ResidentSetSize of job (KB)
...
006 (11451992.035.000) 01/28 15:31:22 Image size of job updated: 189060
	185  -  MemoryUsage of job (MB)
	189060  -  ResidentSetSize of job (KB)
...
006 (11451992.035.000) 01/28 15:36:23 Image size of job updated: 193124
	189  -  MemoryUsage of job (MB)
	193124  -  ResidentSetSize of job (KB)
...
006 (11451992.035.000) 01/28 15:41:23 Image size of job updated: 196920
	193  -  MemoryUsage of job (MB)
	196920  -  ResidentSetSize of job (KB)
...
006 (11451992.035.000) 01/28 15:46:23 Image size of job updated: 206372
	202  -  MemoryUsage of job (MB)
	206372  -  ResidentSetSize of job (KB)
...
006 (11451992.035.000) 01/28 15:51:24 Image size of job updated: 219004
	214  -  MemoryUsage of job (MB)
	219004  -  ResidentSetSize of job (KB)
...
006 (11451992.035.000) 01/28 15:56:24 Image size of job updated: 225080
	220  -  MemoryUsage of job (MB)
	225080  -  ResidentSetSize of job (KB)
...
006 (11451992.035.000) 01/28 16:01:24 Image size of job updated: 230328
	225  -  MemoryUsage of job (MB)
	230328  -  ResidentSetSize of job (KB)
...
006 (11451992.035.000) 01/28 16:06:25 Image size of job updated: 234176
	229  -  MemoryUsage of job (MB)
	234176  -  ResidentSetSize of job (KB)
...
006 (11451992.035.000) 01/28 16:11:25 Image size of job updated: 236640
	232  -  MemoryUsage of job (MB)
	236640  -  ResidentSetSize of job (KB)
...
006 (11451992.035.000) 01/28 16:16:25 Image size of job updated: 239428
	234  -  MemoryUsage of job (MB)
	239428  -  ResidentSetSize of job (KB)
...
006 (11451992.035.000) 01/28 16:21:26 Image size of job updated: 242544
	237  -  MemoryUsage of job (MB)
	242544  -  ResidentSetSize of job (KB)
...
006 (11451992.035.000) 01/28 16:26:27 Image size of job updated: 245180
	240  -  MemoryUsage of job (MB)
	245180  -  ResidentSetSize of job (KB)
...
006 (11451992.035.000) 01/28 16:31:27 Image size of job updated: 247652
	242  -  MemoryUsage of job (MB)
	247652  -  ResidentSetSize of job (KB)
...
006 (11451992.035.000) 01/28 16:36:28 Image size of job updated: 250156
	245  -  MemoryUsage of job (MB)
	250156  -  ResidentSetSize of job (KB)
...
006 (11451992.035.000) 01/28 16:41:29 Image size of job updated: 252428
	247  -  MemoryUsage of job (MB)
	252428  -  ResidentSetSize of job (KB)
...
006 (11451992.035.000) 01/28 16:46:29 Image size of job updated: 254408
	249  -  MemoryUsage of job (MB)
	254408  -  ResidentSetSize of job (KB)
...
006 (11451992.035.000) 01/28 16:51:29 Image size of job updated: 257224
	252  -  MemoryUsage of job (MB)
	257224  -  ResidentSetSize of job (KB)
...
006 (11451992.035.000) 01/28 16:56:30 Image size of job updated: 259476
	254  -  MemoryUsage of job (MB)
	259476  -  ResidentSetSize of job (KB)
...
006 (11451992.035.000) 01/28 17:01:30 Image size of job updated: 262032
	256  -  MemoryUsage of job (MB)
	262032  -  ResidentSetSize of job (KB)
...
040 (11451992.035.000) 01/28 17:03:57 Started transferring output files
...
040 (11451992.035.000) 01/28 17:03:57 Finished transferring output files
...
005 (11451992.035.000) 01/28 17:03:57 Job terminated.
	(1) Normal termination (return value 0)
		Usr 0 02:09:37, Sys 0 00:01:13  -  Run Remote Usage
		Usr 0 00:00:00, Sys 0 00:00:00  -  Run Local Usage
		Usr 0 02:09:37, Sys 0 00:01:13  -  Total Remote Usage
		Usr 0 00:00:00, Sys 0 00:00:00  -  Total Local Usage
	40692  -  Run Bytes Sent By Job
	5797  -  Run Bytes Received By Job
	40692  -  Total Bytes Sent By Job
	5797  -  Total Bytes Received By Job
	Partitionable Resources :    Usage  Request Allocated 
	   Cpus                 :     0.96        1         1 
	   Disk (KB)            :    68          10      3799 
	   GPUs                 :                           0 
	   Memory (MB)          :   256        3000      3000 

	Job terminated of its own accord at 2025-01-28T16:03:57Z with exit-code 0.
...
